[2023-09-28T09:26:42.917+0000] {processor.py:157} INFO - Started process (PID=51059) to work on /home/ubuntu/airflow_venv/lib/python3.10/site-packages/airflow/example_dags/plugins/listener_plugin.py
[2023-09-28T09:26:42.918+0000] {processor.py:829} INFO - Processing file /home/ubuntu/airflow_venv/lib/python3.10/site-packages/airflow/example_dags/plugins/listener_plugin.py for tasks to queue
[2023-09-28T09:26:42.919+0000] {logging_mixin.py:151} INFO - [2023-09-28T09:26:42.918+0000] {dagbag.py:539} INFO - Filling up the DagBag from /home/ubuntu/airflow_venv/lib/python3.10/site-packages/airflow/example_dags/plugins/listener_plugin.py
[2023-09-28T09:26:42.922+0000] {processor.py:841} WARNING - No viable dags retrieved from /home/ubuntu/airflow_venv/lib/python3.10/site-packages/airflow/example_dags/plugins/listener_plugin.py
[2023-09-28T09:26:42.934+0000] {processor.py:179} INFO - Processing /home/ubuntu/airflow_venv/lib/python3.10/site-packages/airflow/example_dags/plugins/listener_plugin.py took 0.020 seconds
[2023-09-28T09:28:01.871+0000] {processor.py:157} INFO - Started process (PID=51127) to work on /home/ubuntu/airflow_venv/lib/python3.10/site-packages/airflow/example_dags/plugins/listener_plugin.py
[2023-09-28T09:28:01.873+0000] {processor.py:829} INFO - Processing file /home/ubuntu/airflow_venv/lib/python3.10/site-packages/airflow/example_dags/plugins/listener_plugin.py for tasks to queue
[2023-09-28T09:28:01.876+0000] {logging_mixin.py:151} INFO - [2023-09-28T09:28:01.876+0000] {dagbag.py:539} INFO - Filling up the DagBag from /home/ubuntu/airflow_venv/lib/python3.10/site-packages/airflow/example_dags/plugins/listener_plugin.py
[2023-09-28T09:28:01.883+0000] {processor.py:841} WARNING - No viable dags retrieved from /home/ubuntu/airflow_venv/lib/python3.10/site-packages/airflow/example_dags/plugins/listener_plugin.py
[2023-09-28T09:28:01.904+0000] {processor.py:179} INFO - Processing /home/ubuntu/airflow_venv/lib/python3.10/site-packages/airflow/example_dags/plugins/listener_plugin.py took 0.041 seconds
[2023-09-28T10:47:05.224+0000] {processor.py:157} INFO - Started process (PID=1238) to work on /home/ubuntu/airflow_venv/lib/python3.10/site-packages/airflow/example_dags/plugins/listener_plugin.py
[2023-09-28T10:47:05.225+0000] {processor.py:829} INFO - Processing file /home/ubuntu/airflow_venv/lib/python3.10/site-packages/airflow/example_dags/plugins/listener_plugin.py for tasks to queue
[2023-09-28T10:47:05.226+0000] {logging_mixin.py:151} INFO - [2023-09-28T10:47:05.226+0000] {dagbag.py:539} INFO - Filling up the DagBag from /home/ubuntu/airflow_venv/lib/python3.10/site-packages/airflow/example_dags/plugins/listener_plugin.py
[2023-09-28T10:47:05.230+0000] {processor.py:841} WARNING - No viable dags retrieved from /home/ubuntu/airflow_venv/lib/python3.10/site-packages/airflow/example_dags/plugins/listener_plugin.py
[2023-09-28T10:47:05.241+0000] {processor.py:179} INFO - Processing /home/ubuntu/airflow_venv/lib/python3.10/site-packages/airflow/example_dags/plugins/listener_plugin.py took 0.021 seconds
[2023-09-28T10:47:51.954+0000] {processor.py:157} INFO - Started process (PID=1498) to work on /home/ubuntu/airflow_venv/lib/python3.10/site-packages/airflow/example_dags/plugins/listener_plugin.py
[2023-09-28T10:47:51.955+0000] {processor.py:829} INFO - Processing file /home/ubuntu/airflow_venv/lib/python3.10/site-packages/airflow/example_dags/plugins/listener_plugin.py for tasks to queue
[2023-09-28T10:47:51.956+0000] {logging_mixin.py:151} INFO - [2023-09-28T10:47:51.955+0000] {dagbag.py:539} INFO - Filling up the DagBag from /home/ubuntu/airflow_venv/lib/python3.10/site-packages/airflow/example_dags/plugins/listener_plugin.py
[2023-09-28T10:47:51.958+0000] {processor.py:841} WARNING - No viable dags retrieved from /home/ubuntu/airflow_venv/lib/python3.10/site-packages/airflow/example_dags/plugins/listener_plugin.py
[2023-09-28T10:47:51.968+0000] {processor.py:179} INFO - Processing /home/ubuntu/airflow_venv/lib/python3.10/site-packages/airflow/example_dags/plugins/listener_plugin.py took 0.017 seconds
[2023-09-28T10:48:35.790+0000] {processor.py:157} INFO - Started process (PID=1537) to work on /home/ubuntu/airflow_venv/lib/python3.10/site-packages/airflow/example_dags/plugins/listener_plugin.py
[2023-09-28T10:48:35.791+0000] {processor.py:829} INFO - Processing file /home/ubuntu/airflow_venv/lib/python3.10/site-packages/airflow/example_dags/plugins/listener_plugin.py for tasks to queue
[2023-09-28T10:48:35.791+0000] {logging_mixin.py:151} INFO - [2023-09-28T10:48:35.791+0000] {dagbag.py:539} INFO - Filling up the DagBag from /home/ubuntu/airflow_venv/lib/python3.10/site-packages/airflow/example_dags/plugins/listener_plugin.py
[2023-09-28T10:48:35.794+0000] {processor.py:841} WARNING - No viable dags retrieved from /home/ubuntu/airflow_venv/lib/python3.10/site-packages/airflow/example_dags/plugins/listener_plugin.py
[2023-09-28T10:48:35.806+0000] {processor.py:179} INFO - Processing /home/ubuntu/airflow_venv/lib/python3.10/site-packages/airflow/example_dags/plugins/listener_plugin.py took 0.020 seconds
[2023-09-28T10:49:27.857+0000] {processor.py:157} INFO - Started process (PID=1583) to work on /home/ubuntu/airflow_venv/lib/python3.10/site-packages/airflow/example_dags/plugins/listener_plugin.py
[2023-09-28T10:49:27.858+0000] {processor.py:829} INFO - Processing file /home/ubuntu/airflow_venv/lib/python3.10/site-packages/airflow/example_dags/plugins/listener_plugin.py for tasks to queue
[2023-09-28T10:49:27.859+0000] {logging_mixin.py:151} INFO - [2023-09-28T10:49:27.859+0000] {dagbag.py:539} INFO - Filling up the DagBag from /home/ubuntu/airflow_venv/lib/python3.10/site-packages/airflow/example_dags/plugins/listener_plugin.py
[2023-09-28T10:49:27.862+0000] {processor.py:841} WARNING - No viable dags retrieved from /home/ubuntu/airflow_venv/lib/python3.10/site-packages/airflow/example_dags/plugins/listener_plugin.py
[2023-09-28T10:49:27.872+0000] {processor.py:179} INFO - Processing /home/ubuntu/airflow_venv/lib/python3.10/site-packages/airflow/example_dags/plugins/listener_plugin.py took 0.018 seconds
[2023-09-28T11:05:28.716+0000] {processor.py:157} INFO - Started process (PID=2171) to work on /home/ubuntu/airflow_venv/lib/python3.10/site-packages/airflow/example_dags/plugins/listener_plugin.py
[2023-09-28T11:05:28.718+0000] {processor.py:829} INFO - Processing file /home/ubuntu/airflow_venv/lib/python3.10/site-packages/airflow/example_dags/plugins/listener_plugin.py for tasks to queue
[2023-09-28T11:05:28.719+0000] {logging_mixin.py:151} INFO - [2023-09-28T11:05:28.719+0000] {dagbag.py:539} INFO - Filling up the DagBag from /home/ubuntu/airflow_venv/lib/python3.10/site-packages/airflow/example_dags/plugins/listener_plugin.py
[2023-09-28T11:05:28.723+0000] {processor.py:841} WARNING - No viable dags retrieved from /home/ubuntu/airflow_venv/lib/python3.10/site-packages/airflow/example_dags/plugins/listener_plugin.py
[2023-09-28T11:05:28.737+0000] {processor.py:179} INFO - Processing /home/ubuntu/airflow_venv/lib/python3.10/site-packages/airflow/example_dags/plugins/listener_plugin.py took 0.025 seconds
[2023-09-28T15:00:34.724+0000] {processor.py:157} INFO - Started process (PID=1787) to work on /home/ubuntu/airflow_venv/lib/python3.10/site-packages/airflow/example_dags/plugins/listener_plugin.py
[2023-09-28T15:00:34.726+0000] {processor.py:829} INFO - Processing file /home/ubuntu/airflow_venv/lib/python3.10/site-packages/airflow/example_dags/plugins/listener_plugin.py for tasks to queue
[2023-09-28T15:00:34.727+0000] {logging_mixin.py:151} INFO - [2023-09-28T15:00:34.726+0000] {dagbag.py:539} INFO - Filling up the DagBag from /home/ubuntu/airflow_venv/lib/python3.10/site-packages/airflow/example_dags/plugins/listener_plugin.py
[2023-09-28T15:00:34.730+0000] {processor.py:841} WARNING - No viable dags retrieved from /home/ubuntu/airflow_venv/lib/python3.10/site-packages/airflow/example_dags/plugins/listener_plugin.py
[2023-09-28T15:00:34.743+0000] {processor.py:179} INFO - Processing /home/ubuntu/airflow_venv/lib/python3.10/site-packages/airflow/example_dags/plugins/listener_plugin.py took 0.023 seconds
[2023-09-28T15:01:21.477+0000] {processor.py:157} INFO - Started process (PID=1835) to work on /home/ubuntu/airflow_venv/lib/python3.10/site-packages/airflow/example_dags/plugins/listener_plugin.py
[2023-09-28T15:01:21.478+0000] {processor.py:829} INFO - Processing file /home/ubuntu/airflow_venv/lib/python3.10/site-packages/airflow/example_dags/plugins/listener_plugin.py for tasks to queue
[2023-09-28T15:01:21.478+0000] {logging_mixin.py:151} INFO - [2023-09-28T15:01:21.478+0000] {dagbag.py:539} INFO - Filling up the DagBag from /home/ubuntu/airflow_venv/lib/python3.10/site-packages/airflow/example_dags/plugins/listener_plugin.py
[2023-09-28T15:01:21.481+0000] {processor.py:841} WARNING - No viable dags retrieved from /home/ubuntu/airflow_venv/lib/python3.10/site-packages/airflow/example_dags/plugins/listener_plugin.py
[2023-09-28T15:01:21.491+0000] {processor.py:179} INFO - Processing /home/ubuntu/airflow_venv/lib/python3.10/site-packages/airflow/example_dags/plugins/listener_plugin.py took 0.018 seconds
[2023-09-28T15:02:02.427+0000] {processor.py:157} INFO - Started process (PID=1872) to work on /home/ubuntu/airflow_venv/lib/python3.10/site-packages/airflow/example_dags/plugins/listener_plugin.py
[2023-09-28T15:02:02.428+0000] {processor.py:829} INFO - Processing file /home/ubuntu/airflow_venv/lib/python3.10/site-packages/airflow/example_dags/plugins/listener_plugin.py for tasks to queue
[2023-09-28T15:02:02.429+0000] {logging_mixin.py:151} INFO - [2023-09-28T15:02:02.429+0000] {dagbag.py:539} INFO - Filling up the DagBag from /home/ubuntu/airflow_venv/lib/python3.10/site-packages/airflow/example_dags/plugins/listener_plugin.py
[2023-09-28T15:02:02.432+0000] {processor.py:841} WARNING - No viable dags retrieved from /home/ubuntu/airflow_venv/lib/python3.10/site-packages/airflow/example_dags/plugins/listener_plugin.py
[2023-09-28T15:02:02.442+0000] {processor.py:179} INFO - Processing /home/ubuntu/airflow_venv/lib/python3.10/site-packages/airflow/example_dags/plugins/listener_plugin.py took 0.018 seconds
[2023-09-28T15:17:37.995+0000] {processor.py:157} INFO - Started process (PID=3204) to work on /home/ubuntu/airflow_venv/lib/python3.10/site-packages/airflow/example_dags/plugins/listener_plugin.py
[2023-09-28T15:17:37.996+0000] {processor.py:829} INFO - Processing file /home/ubuntu/airflow_venv/lib/python3.10/site-packages/airflow/example_dags/plugins/listener_plugin.py for tasks to queue
[2023-09-28T15:17:38.001+0000] {logging_mixin.py:151} INFO - [2023-09-28T15:17:37.997+0000] {dagbag.py:539} INFO - Filling up the DagBag from /home/ubuntu/airflow_venv/lib/python3.10/site-packages/airflow/example_dags/plugins/listener_plugin.py
[2023-09-28T15:17:38.008+0000] {processor.py:841} WARNING - No viable dags retrieved from /home/ubuntu/airflow_venv/lib/python3.10/site-packages/airflow/example_dags/plugins/listener_plugin.py
[2023-09-28T15:17:38.023+0000] {processor.py:179} INFO - Processing /home/ubuntu/airflow_venv/lib/python3.10/site-packages/airflow/example_dags/plugins/listener_plugin.py took 0.032 seconds
[2023-09-28T15:23:37.497+0000] {processor.py:157} INFO - Started process (PID=3417) to work on /home/ubuntu/airflow_venv/lib/python3.10/site-packages/airflow/example_dags/plugins/listener_plugin.py
[2023-09-28T15:23:37.498+0000] {processor.py:829} INFO - Processing file /home/ubuntu/airflow_venv/lib/python3.10/site-packages/airflow/example_dags/plugins/listener_plugin.py for tasks to queue
[2023-09-28T15:23:37.500+0000] {logging_mixin.py:151} INFO - [2023-09-28T15:23:37.499+0000] {dagbag.py:539} INFO - Filling up the DagBag from /home/ubuntu/airflow_venv/lib/python3.10/site-packages/airflow/example_dags/plugins/listener_plugin.py
[2023-09-28T15:23:37.504+0000] {processor.py:841} WARNING - No viable dags retrieved from /home/ubuntu/airflow_venv/lib/python3.10/site-packages/airflow/example_dags/plugins/listener_plugin.py
[2023-09-28T15:23:37.519+0000] {processor.py:179} INFO - Processing /home/ubuntu/airflow_venv/lib/python3.10/site-packages/airflow/example_dags/plugins/listener_plugin.py took 0.028 seconds
[2023-09-28T15:24:25.102+0000] {processor.py:157} INFO - Started process (PID=3470) to work on /home/ubuntu/airflow_venv/lib/python3.10/site-packages/airflow/example_dags/plugins/listener_plugin.py
[2023-09-28T15:24:25.103+0000] {processor.py:829} INFO - Processing file /home/ubuntu/airflow_venv/lib/python3.10/site-packages/airflow/example_dags/plugins/listener_plugin.py for tasks to queue
[2023-09-28T15:24:25.104+0000] {logging_mixin.py:151} INFO - [2023-09-28T15:24:25.104+0000] {dagbag.py:539} INFO - Filling up the DagBag from /home/ubuntu/airflow_venv/lib/python3.10/site-packages/airflow/example_dags/plugins/listener_plugin.py
[2023-09-28T15:24:25.107+0000] {processor.py:841} WARNING - No viable dags retrieved from /home/ubuntu/airflow_venv/lib/python3.10/site-packages/airflow/example_dags/plugins/listener_plugin.py
[2023-09-28T15:24:25.117+0000] {processor.py:179} INFO - Processing /home/ubuntu/airflow_venv/lib/python3.10/site-packages/airflow/example_dags/plugins/listener_plugin.py took 0.018 seconds
[2023-09-28T15:28:04.864+0000] {processor.py:157} INFO - Started process (PID=3578) to work on /home/ubuntu/airflow_venv/lib/python3.10/site-packages/airflow/example_dags/plugins/listener_plugin.py
[2023-09-28T15:28:04.866+0000] {processor.py:829} INFO - Processing file /home/ubuntu/airflow_venv/lib/python3.10/site-packages/airflow/example_dags/plugins/listener_plugin.py for tasks to queue
[2023-09-28T15:28:04.874+0000] {logging_mixin.py:151} INFO - [2023-09-28T15:28:04.867+0000] {dagbag.py:539} INFO - Filling up the DagBag from /home/ubuntu/airflow_venv/lib/python3.10/site-packages/airflow/example_dags/plugins/listener_plugin.py
[2023-09-28T15:28:04.879+0000] {processor.py:841} WARNING - No viable dags retrieved from /home/ubuntu/airflow_venv/lib/python3.10/site-packages/airflow/example_dags/plugins/listener_plugin.py
[2023-09-28T15:28:04.890+0000] {processor.py:179} INFO - Processing /home/ubuntu/airflow_venv/lib/python3.10/site-packages/airflow/example_dags/plugins/listener_plugin.py took 0.029 seconds
