[2023-09-29T07:22:14.890+0000] {processor.py:157} INFO - Started process (PID=12181) to work on /home/ubuntu/airflow_venv/lib/python3.10/site-packages/airflow/example_dags/plugins/workday.py
[2023-09-29T07:22:14.891+0000] {processor.py:829} INFO - Processing file /home/ubuntu/airflow_venv/lib/python3.10/site-packages/airflow/example_dags/plugins/workday.py for tasks to queue
[2023-09-29T07:22:14.892+0000] {logging_mixin.py:151} INFO - [2023-09-29T07:22:14.892+0000] {dagbag.py:539} INFO - Filling up the DagBag from /home/ubuntu/airflow_venv/lib/python3.10/site-packages/airflow/example_dags/plugins/workday.py
[2023-09-29T07:22:15.327+0000] {processor.py:841} WARNING - No viable dags retrieved from /home/ubuntu/airflow_venv/lib/python3.10/site-packages/airflow/example_dags/plugins/workday.py
[2023-09-29T07:22:15.338+0000] {processor.py:179} INFO - Processing /home/ubuntu/airflow_venv/lib/python3.10/site-packages/airflow/example_dags/plugins/workday.py took 0.451 seconds
[2023-09-29T07:23:00.330+0000] {processor.py:157} INFO - Started process (PID=12229) to work on /home/ubuntu/airflow_venv/lib/python3.10/site-packages/airflow/example_dags/plugins/workday.py
[2023-09-29T07:23:00.332+0000] {processor.py:829} INFO - Processing file /home/ubuntu/airflow_venv/lib/python3.10/site-packages/airflow/example_dags/plugins/workday.py for tasks to queue
[2023-09-29T07:23:00.333+0000] {logging_mixin.py:151} INFO - [2023-09-29T07:23:00.333+0000] {dagbag.py:539} INFO - Filling up the DagBag from /home/ubuntu/airflow_venv/lib/python3.10/site-packages/airflow/example_dags/plugins/workday.py
[2023-09-29T07:23:00.817+0000] {processor.py:841} WARNING - No viable dags retrieved from /home/ubuntu/airflow_venv/lib/python3.10/site-packages/airflow/example_dags/plugins/workday.py
[2023-09-29T07:23:00.823+0000] {processor.py:179} INFO - Processing /home/ubuntu/airflow_venv/lib/python3.10/site-packages/airflow/example_dags/plugins/workday.py took 0.496 seconds
[2023-09-29T07:23:45.068+0000] {processor.py:157} INFO - Started process (PID=12609) to work on /home/ubuntu/airflow_venv/lib/python3.10/site-packages/airflow/example_dags/plugins/workday.py
[2023-09-29T07:23:45.072+0000] {processor.py:829} INFO - Processing file /home/ubuntu/airflow_venv/lib/python3.10/site-packages/airflow/example_dags/plugins/workday.py for tasks to queue
[2023-09-29T07:23:45.073+0000] {logging_mixin.py:151} INFO - [2023-09-29T07:23:45.073+0000] {dagbag.py:539} INFO - Filling up the DagBag from /home/ubuntu/airflow_venv/lib/python3.10/site-packages/airflow/example_dags/plugins/workday.py
[2023-09-29T07:24:58.547+0000] {logging_mixin.py:151} INFO - [2023-09-29T07:24:30.789+0000] {timeout.py:68} ERROR - Process timed out, PID: 12609
[2023-09-29T07:27:41.500+0000] {logging_mixin.py:151} INFO - [2023-09-29T07:25:51.604+0000] {dagbag.py:347} ERROR - Failed to import: /home/ubuntu/airflow_venv/lib/python3.10/site-packages/airflow/example_dags/plugins/workday.py
Traceback (most recent call last):
  File "/home/ubuntu/airflow_venv/lib/python3.10/site-packages/airflow/models/dagbag.py", line 343, in parse
    loader.exec_module(new_module)
  File "<frozen importlib._bootstrap_external>", line 883, in exec_module
  File "<frozen importlib._bootstrap>", line 241, in _call_with_frames_removed
  File "/home/ubuntu/airflow_venv/lib/python3.10/site-packages/airflow/example_dags/plugins/workday.py", line 32, in <module>
    from pandas.tseries.holiday import USFederalHolidayCalendar
  File "/home/ubuntu/airflow_venv/lib/python3.10/site-packages/pandas/__init__.py", line 46, in <module>
    from pandas.core.api import (
  File "/home/ubuntu/airflow_venv/lib/python3.10/site-packages/pandas/core/api.py", line 47, in <module>
    from pandas.core.groupby import (
  File "/home/ubuntu/airflow_venv/lib/python3.10/site-packages/pandas/core/groupby/__init__.py", line 1, in <module>
    from pandas.core.groupby.generic import (
  File "/home/ubuntu/airflow_venv/lib/python3.10/site-packages/pandas/core/groupby/generic.py", line 67, in <module>
    from pandas.core.frame import DataFrame
  File "/home/ubuntu/airflow_venv/lib/python3.10/site-packages/pandas/core/frame.py", line 142, in <module>
    from pandas.core.generic import (
  File "/home/ubuntu/airflow_venv/lib/python3.10/site-packages/pandas/core/generic.py", line 146, in <module>
    from pandas.core import (
  File "/home/ubuntu/airflow_venv/lib/python3.10/site-packages/pandas/core/indexing.py", line 70, in <module>
    from pandas.core.indexes.api import (
  File "/home/ubuntu/airflow_venv/lib/python3.10/site-packages/pandas/core/indexes/api.py", line 20, in <module>
    from pandas.core.indexes.base import (
  File "/home/ubuntu/airflow_venv/lib/python3.10/site-packages/pandas/core/indexes/base.py", line 34, in <module>
    from pandas._libs.internals import BlockValuesRefs
  File "internals.pyx", line 1, in init pandas._libs.internals
  File "<frozen importlib._bootstrap>", line 216, in _lock_unlock_module
  File "/home/ubuntu/airflow_venv/lib/python3.10/site-packages/airflow/utils/timeout.py", line 69, in handle_timeout
    raise AirflowTaskTimeout(self.error_message)
airflow.exceptions.AirflowTaskTimeout: DagBag import timeout for /home/ubuntu/airflow_venv/lib/python3.10/site-packages/airflow/example_dags/plugins/workday.py after 30.0s.
Please take a look at these docs to improve your DAG import time:
* https://airflow.apache.org/docs/apache-airflow/2.7.1/best-practices.html#top-level-python-code
* https://airflow.apache.org/docs/apache-airflow/2.7.1/best-practices.html#reducing-dag-complexity, PID: 12609
[2023-09-29T07:27:41.511+0000] {processor.py:841} WARNING - No viable dags retrieved from /home/ubuntu/airflow_venv/lib/python3.10/site-packages/airflow/example_dags/plugins/workday.py
[2023-09-29T07:27:41.722+0000] {processor.py:179} INFO - Processing /home/ubuntu/airflow_venv/lib/python3.10/site-packages/airflow/example_dags/plugins/workday.py took 236.658 seconds
[2023-09-29T07:28:44.228+0000] {processor.py:157} INFO - Started process (PID=12890) to work on /home/ubuntu/airflow_venv/lib/python3.10/site-packages/airflow/example_dags/plugins/workday.py
[2023-09-29T07:28:44.229+0000] {processor.py:829} INFO - Processing file /home/ubuntu/airflow_venv/lib/python3.10/site-packages/airflow/example_dags/plugins/workday.py for tasks to queue
[2023-09-29T07:28:44.230+0000] {logging_mixin.py:151} INFO - [2023-09-29T07:28:44.230+0000] {dagbag.py:539} INFO - Filling up the DagBag from /home/ubuntu/airflow_venv/lib/python3.10/site-packages/airflow/example_dags/plugins/workday.py
[2023-09-29T07:28:44.973+0000] {processor.py:841} WARNING - No viable dags retrieved from /home/ubuntu/airflow_venv/lib/python3.10/site-packages/airflow/example_dags/plugins/workday.py
[2023-09-29T07:28:44.987+0000] {processor.py:179} INFO - Processing /home/ubuntu/airflow_venv/lib/python3.10/site-packages/airflow/example_dags/plugins/workday.py took 0.762 seconds
[2023-09-29T07:29:23.907+0000] {processor.py:157} INFO - Started process (PID=12930) to work on /home/ubuntu/airflow_venv/lib/python3.10/site-packages/airflow/example_dags/plugins/workday.py
[2023-09-29T07:29:23.909+0000] {processor.py:829} INFO - Processing file /home/ubuntu/airflow_venv/lib/python3.10/site-packages/airflow/example_dags/plugins/workday.py for tasks to queue
[2023-09-29T07:29:23.910+0000] {logging_mixin.py:151} INFO - [2023-09-29T07:29:23.910+0000] {dagbag.py:539} INFO - Filling up the DagBag from /home/ubuntu/airflow_venv/lib/python3.10/site-packages/airflow/example_dags/plugins/workday.py
[2023-09-29T07:29:24.272+0000] {processor.py:841} WARNING - No viable dags retrieved from /home/ubuntu/airflow_venv/lib/python3.10/site-packages/airflow/example_dags/plugins/workday.py
[2023-09-29T07:29:24.281+0000] {processor.py:179} INFO - Processing /home/ubuntu/airflow_venv/lib/python3.10/site-packages/airflow/example_dags/plugins/workday.py took 0.379 seconds
[2023-09-29T07:30:01.031+0000] {processor.py:157} INFO - Started process (PID=12968) to work on /home/ubuntu/airflow_venv/lib/python3.10/site-packages/airflow/example_dags/plugins/workday.py
[2023-09-29T07:30:01.032+0000] {processor.py:829} INFO - Processing file /home/ubuntu/airflow_venv/lib/python3.10/site-packages/airflow/example_dags/plugins/workday.py for tasks to queue
[2023-09-29T07:30:01.033+0000] {logging_mixin.py:151} INFO - [2023-09-29T07:30:01.032+0000] {dagbag.py:539} INFO - Filling up the DagBag from /home/ubuntu/airflow_venv/lib/python3.10/site-packages/airflow/example_dags/plugins/workday.py
[2023-09-29T07:30:01.332+0000] {processor.py:841} WARNING - No viable dags retrieved from /home/ubuntu/airflow_venv/lib/python3.10/site-packages/airflow/example_dags/plugins/workday.py
[2023-09-29T07:30:01.342+0000] {processor.py:179} INFO - Processing /home/ubuntu/airflow_venv/lib/python3.10/site-packages/airflow/example_dags/plugins/workday.py took 0.314 seconds
[2023-09-29T07:30:39.211+0000] {processor.py:157} INFO - Started process (PID=13008) to work on /home/ubuntu/airflow_venv/lib/python3.10/site-packages/airflow/example_dags/plugins/workday.py
[2023-09-29T07:30:39.213+0000] {processor.py:829} INFO - Processing file /home/ubuntu/airflow_venv/lib/python3.10/site-packages/airflow/example_dags/plugins/workday.py for tasks to queue
[2023-09-29T07:30:39.214+0000] {logging_mixin.py:151} INFO - [2023-09-29T07:30:39.213+0000] {dagbag.py:539} INFO - Filling up the DagBag from /home/ubuntu/airflow_venv/lib/python3.10/site-packages/airflow/example_dags/plugins/workday.py
[2023-09-29T07:30:39.525+0000] {processor.py:841} WARNING - No viable dags retrieved from /home/ubuntu/airflow_venv/lib/python3.10/site-packages/airflow/example_dags/plugins/workday.py
[2023-09-29T07:30:39.536+0000] {processor.py:179} INFO - Processing /home/ubuntu/airflow_venv/lib/python3.10/site-packages/airflow/example_dags/plugins/workday.py took 0.328 seconds
[2023-09-29T07:31:14.795+0000] {processor.py:157} INFO - Started process (PID=13045) to work on /home/ubuntu/airflow_venv/lib/python3.10/site-packages/airflow/example_dags/plugins/workday.py
[2023-09-29T07:31:14.800+0000] {processor.py:829} INFO - Processing file /home/ubuntu/airflow_venv/lib/python3.10/site-packages/airflow/example_dags/plugins/workday.py for tasks to queue
[2023-09-29T07:31:14.801+0000] {logging_mixin.py:151} INFO - [2023-09-29T07:31:14.801+0000] {dagbag.py:539} INFO - Filling up the DagBag from /home/ubuntu/airflow_venv/lib/python3.10/site-packages/airflow/example_dags/plugins/workday.py
[2023-09-29T07:31:15.207+0000] {processor.py:841} WARNING - No viable dags retrieved from /home/ubuntu/airflow_venv/lib/python3.10/site-packages/airflow/example_dags/plugins/workday.py
[2023-09-29T07:31:15.252+0000] {processor.py:179} INFO - Processing /home/ubuntu/airflow_venv/lib/python3.10/site-packages/airflow/example_dags/plugins/workday.py took 0.461 seconds
[2023-09-29T07:43:05.047+0000] {processor.py:157} INFO - Started process (PID=1195) to work on /home/ubuntu/airflow_venv/lib/python3.10/site-packages/airflow/example_dags/plugins/workday.py
[2023-09-29T07:43:05.049+0000] {processor.py:829} INFO - Processing file /home/ubuntu/airflow_venv/lib/python3.10/site-packages/airflow/example_dags/plugins/workday.py for tasks to queue
[2023-09-29T07:43:05.050+0000] {logging_mixin.py:151} INFO - [2023-09-29T07:43:05.050+0000] {dagbag.py:539} INFO - Filling up the DagBag from /home/ubuntu/airflow_venv/lib/python3.10/site-packages/airflow/example_dags/plugins/workday.py
[2023-09-29T07:43:05.555+0000] {processor.py:841} WARNING - No viable dags retrieved from /home/ubuntu/airflow_venv/lib/python3.10/site-packages/airflow/example_dags/plugins/workday.py
[2023-09-29T07:43:05.562+0000] {processor.py:179} INFO - Processing /home/ubuntu/airflow_venv/lib/python3.10/site-packages/airflow/example_dags/plugins/workday.py took 0.520 seconds
[2023-09-29T07:43:52.560+0000] {processor.py:157} INFO - Started process (PID=1243) to work on /home/ubuntu/airflow_venv/lib/python3.10/site-packages/airflow/example_dags/plugins/workday.py
[2023-09-29T07:43:52.561+0000] {processor.py:829} INFO - Processing file /home/ubuntu/airflow_venv/lib/python3.10/site-packages/airflow/example_dags/plugins/workday.py for tasks to queue
[2023-09-29T07:43:52.562+0000] {logging_mixin.py:151} INFO - [2023-09-29T07:43:52.562+0000] {dagbag.py:539} INFO - Filling up the DagBag from /home/ubuntu/airflow_venv/lib/python3.10/site-packages/airflow/example_dags/plugins/workday.py
[2023-09-29T07:43:53.059+0000] {processor.py:841} WARNING - No viable dags retrieved from /home/ubuntu/airflow_venv/lib/python3.10/site-packages/airflow/example_dags/plugins/workday.py
[2023-09-29T07:43:53.065+0000] {processor.py:179} INFO - Processing /home/ubuntu/airflow_venv/lib/python3.10/site-packages/airflow/example_dags/plugins/workday.py took 0.509 seconds
[2023-09-29T07:44:38.085+0000] {processor.py:157} INFO - Started process (PID=1282) to work on /home/ubuntu/airflow_venv/lib/python3.10/site-packages/airflow/example_dags/plugins/workday.py
[2023-09-29T07:44:38.086+0000] {processor.py:829} INFO - Processing file /home/ubuntu/airflow_venv/lib/python3.10/site-packages/airflow/example_dags/plugins/workday.py for tasks to queue
[2023-09-29T07:44:38.087+0000] {logging_mixin.py:151} INFO - [2023-09-29T07:44:38.086+0000] {dagbag.py:539} INFO - Filling up the DagBag from /home/ubuntu/airflow_venv/lib/python3.10/site-packages/airflow/example_dags/plugins/workday.py
[2023-09-29T07:44:38.564+0000] {processor.py:841} WARNING - No viable dags retrieved from /home/ubuntu/airflow_venv/lib/python3.10/site-packages/airflow/example_dags/plugins/workday.py
[2023-09-29T07:44:38.570+0000] {processor.py:179} INFO - Processing /home/ubuntu/airflow_venv/lib/python3.10/site-packages/airflow/example_dags/plugins/workday.py took 0.489 seconds
[2023-09-29T07:54:59.309+0000] {processor.py:157} INFO - Started process (PID=1319) to work on /home/ubuntu/airflow_venv/lib/python3.10/site-packages/airflow/example_dags/plugins/workday.py
[2023-09-29T07:54:59.312+0000] {processor.py:829} INFO - Processing file /home/ubuntu/airflow_venv/lib/python3.10/site-packages/airflow/example_dags/plugins/workday.py for tasks to queue
[2023-09-29T07:54:59.313+0000] {logging_mixin.py:151} INFO - [2023-09-29T07:54:59.312+0000] {dagbag.py:539} INFO - Filling up the DagBag from /home/ubuntu/airflow_venv/lib/python3.10/site-packages/airflow/example_dags/plugins/workday.py
[2023-09-29T07:54:59.920+0000] {processor.py:841} WARNING - No viable dags retrieved from /home/ubuntu/airflow_venv/lib/python3.10/site-packages/airflow/example_dags/plugins/workday.py
[2023-09-29T07:54:59.928+0000] {processor.py:179} INFO - Processing /home/ubuntu/airflow_venv/lib/python3.10/site-packages/airflow/example_dags/plugins/workday.py took 0.622 seconds
[2023-09-29T07:55:51.648+0000] {processor.py:157} INFO - Started process (PID=1373) to work on /home/ubuntu/airflow_venv/lib/python3.10/site-packages/airflow/example_dags/plugins/workday.py
[2023-09-29T07:55:51.649+0000] {processor.py:829} INFO - Processing file /home/ubuntu/airflow_venv/lib/python3.10/site-packages/airflow/example_dags/plugins/workday.py for tasks to queue
[2023-09-29T07:55:51.650+0000] {logging_mixin.py:151} INFO - [2023-09-29T07:55:51.649+0000] {dagbag.py:539} INFO - Filling up the DagBag from /home/ubuntu/airflow_venv/lib/python3.10/site-packages/airflow/example_dags/plugins/workday.py
[2023-09-29T07:55:52.152+0000] {processor.py:841} WARNING - No viable dags retrieved from /home/ubuntu/airflow_venv/lib/python3.10/site-packages/airflow/example_dags/plugins/workday.py
[2023-09-29T07:55:52.159+0000] {processor.py:179} INFO - Processing /home/ubuntu/airflow_venv/lib/python3.10/site-packages/airflow/example_dags/plugins/workday.py took 0.514 seconds
[2023-09-29T07:56:40.832+0000] {processor.py:157} INFO - Started process (PID=1415) to work on /home/ubuntu/airflow_venv/lib/python3.10/site-packages/airflow/example_dags/plugins/workday.py
[2023-09-29T07:56:40.834+0000] {processor.py:829} INFO - Processing file /home/ubuntu/airflow_venv/lib/python3.10/site-packages/airflow/example_dags/plugins/workday.py for tasks to queue
[2023-09-29T07:56:40.835+0000] {logging_mixin.py:151} INFO - [2023-09-29T07:56:40.834+0000] {dagbag.py:539} INFO - Filling up the DagBag from /home/ubuntu/airflow_venv/lib/python3.10/site-packages/airflow/example_dags/plugins/workday.py
[2023-09-29T07:56:41.305+0000] {processor.py:841} WARNING - No viable dags retrieved from /home/ubuntu/airflow_venv/lib/python3.10/site-packages/airflow/example_dags/plugins/workday.py
[2023-09-29T07:56:41.312+0000] {processor.py:179} INFO - Processing /home/ubuntu/airflow_venv/lib/python3.10/site-packages/airflow/example_dags/plugins/workday.py took 0.484 seconds
[2023-09-29T07:57:34.621+0000] {processor.py:157} INFO - Started process (PID=1462) to work on /home/ubuntu/airflow_venv/lib/python3.10/site-packages/airflow/example_dags/plugins/workday.py
[2023-09-29T07:57:34.622+0000] {processor.py:829} INFO - Processing file /home/ubuntu/airflow_venv/lib/python3.10/site-packages/airflow/example_dags/plugins/workday.py for tasks to queue
[2023-09-29T07:57:34.623+0000] {logging_mixin.py:151} INFO - [2023-09-29T07:57:34.623+0000] {dagbag.py:539} INFO - Filling up the DagBag from /home/ubuntu/airflow_venv/lib/python3.10/site-packages/airflow/example_dags/plugins/workday.py
[2023-09-29T07:57:34.951+0000] {processor.py:841} WARNING - No viable dags retrieved from /home/ubuntu/airflow_venv/lib/python3.10/site-packages/airflow/example_dags/plugins/workday.py
[2023-09-29T07:57:34.962+0000] {processor.py:179} INFO - Processing /home/ubuntu/airflow_venv/lib/python3.10/site-packages/airflow/example_dags/plugins/workday.py took 0.345 seconds
[2023-09-29T07:58:15.698+0000] {processor.py:157} INFO - Started process (PID=1504) to work on /home/ubuntu/airflow_venv/lib/python3.10/site-packages/airflow/example_dags/plugins/workday.py
[2023-09-29T07:58:15.700+0000] {processor.py:829} INFO - Processing file /home/ubuntu/airflow_venv/lib/python3.10/site-packages/airflow/example_dags/plugins/workday.py for tasks to queue
[2023-09-29T07:58:15.701+0000] {logging_mixin.py:151} INFO - [2023-09-29T07:58:15.701+0000] {dagbag.py:539} INFO - Filling up the DagBag from /home/ubuntu/airflow_venv/lib/python3.10/site-packages/airflow/example_dags/plugins/workday.py
[2023-09-29T07:58:16.038+0000] {processor.py:841} WARNING - No viable dags retrieved from /home/ubuntu/airflow_venv/lib/python3.10/site-packages/airflow/example_dags/plugins/workday.py
[2023-09-29T07:58:16.048+0000] {processor.py:179} INFO - Processing /home/ubuntu/airflow_venv/lib/python3.10/site-packages/airflow/example_dags/plugins/workday.py took 0.354 seconds
[2023-09-29T07:59:02.429+0000] {processor.py:157} INFO - Started process (PID=1554) to work on /home/ubuntu/airflow_venv/lib/python3.10/site-packages/airflow/example_dags/plugins/workday.py
[2023-09-29T07:59:02.430+0000] {processor.py:829} INFO - Processing file /home/ubuntu/airflow_venv/lib/python3.10/site-packages/airflow/example_dags/plugins/workday.py for tasks to queue
[2023-09-29T07:59:02.431+0000] {logging_mixin.py:151} INFO - [2023-09-29T07:59:02.430+0000] {dagbag.py:539} INFO - Filling up the DagBag from /home/ubuntu/airflow_venv/lib/python3.10/site-packages/airflow/example_dags/plugins/workday.py
[2023-09-29T07:59:02.778+0000] {processor.py:841} WARNING - No viable dags retrieved from /home/ubuntu/airflow_venv/lib/python3.10/site-packages/airflow/example_dags/plugins/workday.py
[2023-09-29T07:59:02.789+0000] {processor.py:179} INFO - Processing /home/ubuntu/airflow_venv/lib/python3.10/site-packages/airflow/example_dags/plugins/workday.py took 0.364 seconds
[2023-09-29T07:59:38.233+0000] {processor.py:157} INFO - Started process (PID=1595) to work on /home/ubuntu/airflow_venv/lib/python3.10/site-packages/airflow/example_dags/plugins/workday.py
[2023-09-29T07:59:38.235+0000] {processor.py:829} INFO - Processing file /home/ubuntu/airflow_venv/lib/python3.10/site-packages/airflow/example_dags/plugins/workday.py for tasks to queue
[2023-09-29T07:59:38.235+0000] {logging_mixin.py:151} INFO - [2023-09-29T07:59:38.235+0000] {dagbag.py:539} INFO - Filling up the DagBag from /home/ubuntu/airflow_venv/lib/python3.10/site-packages/airflow/example_dags/plugins/workday.py
[2023-09-29T07:59:38.530+0000] {processor.py:841} WARNING - No viable dags retrieved from /home/ubuntu/airflow_venv/lib/python3.10/site-packages/airflow/example_dags/plugins/workday.py
[2023-09-29T07:59:38.540+0000] {processor.py:179} INFO - Processing /home/ubuntu/airflow_venv/lib/python3.10/site-packages/airflow/example_dags/plugins/workday.py took 0.309 seconds
[2023-09-29T08:00:27.050+0000] {processor.py:157} INFO - Started process (PID=1642) to work on /home/ubuntu/airflow_venv/lib/python3.10/site-packages/airflow/example_dags/plugins/workday.py
[2023-09-29T08:00:27.051+0000] {processor.py:829} INFO - Processing file /home/ubuntu/airflow_venv/lib/python3.10/site-packages/airflow/example_dags/plugins/workday.py for tasks to queue
[2023-09-29T08:00:27.053+0000] {logging_mixin.py:151} INFO - [2023-09-29T08:00:27.052+0000] {dagbag.py:539} INFO - Filling up the DagBag from /home/ubuntu/airflow_venv/lib/python3.10/site-packages/airflow/example_dags/plugins/workday.py
[2023-09-29T08:00:27.414+0000] {processor.py:841} WARNING - No viable dags retrieved from /home/ubuntu/airflow_venv/lib/python3.10/site-packages/airflow/example_dags/plugins/workday.py
[2023-09-29T08:00:27.424+0000] {processor.py:179} INFO - Processing /home/ubuntu/airflow_venv/lib/python3.10/site-packages/airflow/example_dags/plugins/workday.py took 0.378 seconds
[2023-09-29T08:01:22.570+0000] {processor.py:157} INFO - Started process (PID=1697) to work on /home/ubuntu/airflow_venv/lib/python3.10/site-packages/airflow/example_dags/plugins/workday.py
[2023-09-29T08:01:22.572+0000] {processor.py:829} INFO - Processing file /home/ubuntu/airflow_venv/lib/python3.10/site-packages/airflow/example_dags/plugins/workday.py for tasks to queue
[2023-09-29T08:01:22.576+0000] {logging_mixin.py:151} INFO - [2023-09-29T08:01:22.575+0000] {dagbag.py:539} INFO - Filling up the DagBag from /home/ubuntu/airflow_venv/lib/python3.10/site-packages/airflow/example_dags/plugins/workday.py
[2023-09-29T08:01:22.994+0000] {processor.py:841} WARNING - No viable dags retrieved from /home/ubuntu/airflow_venv/lib/python3.10/site-packages/airflow/example_dags/plugins/workday.py
[2023-09-29T08:01:23.009+0000] {processor.py:179} INFO - Processing /home/ubuntu/airflow_venv/lib/python3.10/site-packages/airflow/example_dags/plugins/workday.py took 0.444 seconds
[2023-09-29T08:02:02.053+0000] {processor.py:157} INFO - Started process (PID=1737) to work on /home/ubuntu/airflow_venv/lib/python3.10/site-packages/airflow/example_dags/plugins/workday.py
[2023-09-29T08:02:02.054+0000] {processor.py:829} INFO - Processing file /home/ubuntu/airflow_venv/lib/python3.10/site-packages/airflow/example_dags/plugins/workday.py for tasks to queue
[2023-09-29T08:02:02.055+0000] {logging_mixin.py:151} INFO - [2023-09-29T08:02:02.054+0000] {dagbag.py:539} INFO - Filling up the DagBag from /home/ubuntu/airflow_venv/lib/python3.10/site-packages/airflow/example_dags/plugins/workday.py
[2023-09-29T08:02:02.385+0000] {processor.py:841} WARNING - No viable dags retrieved from /home/ubuntu/airflow_venv/lib/python3.10/site-packages/airflow/example_dags/plugins/workday.py
[2023-09-29T08:02:02.395+0000] {processor.py:179} INFO - Processing /home/ubuntu/airflow_venv/lib/python3.10/site-packages/airflow/example_dags/plugins/workday.py took 0.346 seconds
[2023-09-29T08:02:39.773+0000] {processor.py:157} INFO - Started process (PID=1775) to work on /home/ubuntu/airflow_venv/lib/python3.10/site-packages/airflow/example_dags/plugins/workday.py
[2023-09-29T08:02:39.774+0000] {processor.py:829} INFO - Processing file /home/ubuntu/airflow_venv/lib/python3.10/site-packages/airflow/example_dags/plugins/workday.py for tasks to queue
[2023-09-29T08:02:39.774+0000] {logging_mixin.py:151} INFO - [2023-09-29T08:02:39.774+0000] {dagbag.py:539} INFO - Filling up the DagBag from /home/ubuntu/airflow_venv/lib/python3.10/site-packages/airflow/example_dags/plugins/workday.py
[2023-09-29T08:02:40.162+0000] {processor.py:841} WARNING - No viable dags retrieved from /home/ubuntu/airflow_venv/lib/python3.10/site-packages/airflow/example_dags/plugins/workday.py
[2023-09-29T08:02:40.172+0000] {processor.py:179} INFO - Processing /home/ubuntu/airflow_venv/lib/python3.10/site-packages/airflow/example_dags/plugins/workday.py took 0.403 seconds
[2023-09-29T08:03:28.250+0000] {processor.py:157} INFO - Started process (PID=1825) to work on /home/ubuntu/airflow_venv/lib/python3.10/site-packages/airflow/example_dags/plugins/workday.py
[2023-09-29T08:03:28.252+0000] {processor.py:829} INFO - Processing file /home/ubuntu/airflow_venv/lib/python3.10/site-packages/airflow/example_dags/plugins/workday.py for tasks to queue
[2023-09-29T08:03:28.252+0000] {logging_mixin.py:151} INFO - [2023-09-29T08:03:28.252+0000] {dagbag.py:539} INFO - Filling up the DagBag from /home/ubuntu/airflow_venv/lib/python3.10/site-packages/airflow/example_dags/plugins/workday.py
[2023-09-29T08:03:28.626+0000] {processor.py:841} WARNING - No viable dags retrieved from /home/ubuntu/airflow_venv/lib/python3.10/site-packages/airflow/example_dags/plugins/workday.py
[2023-09-29T08:03:28.637+0000] {processor.py:179} INFO - Processing /home/ubuntu/airflow_venv/lib/python3.10/site-packages/airflow/example_dags/plugins/workday.py took 0.390 seconds
[2023-09-29T08:04:02.998+0000] {processor.py:157} INFO - Started process (PID=1861) to work on /home/ubuntu/airflow_venv/lib/python3.10/site-packages/airflow/example_dags/plugins/workday.py
[2023-09-29T08:04:03.000+0000] {processor.py:829} INFO - Processing file /home/ubuntu/airflow_venv/lib/python3.10/site-packages/airflow/example_dags/plugins/workday.py for tasks to queue
[2023-09-29T08:04:03.001+0000] {logging_mixin.py:151} INFO - [2023-09-29T08:04:03.000+0000] {dagbag.py:539} INFO - Filling up the DagBag from /home/ubuntu/airflow_venv/lib/python3.10/site-packages/airflow/example_dags/plugins/workday.py
[2023-09-29T08:04:03.383+0000] {processor.py:841} WARNING - No viable dags retrieved from /home/ubuntu/airflow_venv/lib/python3.10/site-packages/airflow/example_dags/plugins/workday.py
[2023-09-29T08:04:03.394+0000] {processor.py:179} INFO - Processing /home/ubuntu/airflow_venv/lib/python3.10/site-packages/airflow/example_dags/plugins/workday.py took 0.403 seconds
[2023-09-29T08:04:38.210+0000] {processor.py:157} INFO - Started process (PID=1897) to work on /home/ubuntu/airflow_venv/lib/python3.10/site-packages/airflow/example_dags/plugins/workday.py
[2023-09-29T08:04:38.211+0000] {processor.py:829} INFO - Processing file /home/ubuntu/airflow_venv/lib/python3.10/site-packages/airflow/example_dags/plugins/workday.py for tasks to queue
[2023-09-29T08:04:38.212+0000] {logging_mixin.py:151} INFO - [2023-09-29T08:04:38.211+0000] {dagbag.py:539} INFO - Filling up the DagBag from /home/ubuntu/airflow_venv/lib/python3.10/site-packages/airflow/example_dags/plugins/workday.py
[2023-09-29T08:04:38.542+0000] {processor.py:841} WARNING - No viable dags retrieved from /home/ubuntu/airflow_venv/lib/python3.10/site-packages/airflow/example_dags/plugins/workday.py
[2023-09-29T08:04:38.552+0000] {processor.py:179} INFO - Processing /home/ubuntu/airflow_venv/lib/python3.10/site-packages/airflow/example_dags/plugins/workday.py took 0.345 seconds
[2023-09-29T08:05:11.974+0000] {processor.py:157} INFO - Started process (PID=1933) to work on /home/ubuntu/airflow_venv/lib/python3.10/site-packages/airflow/example_dags/plugins/workday.py
[2023-09-29T08:05:11.975+0000] {processor.py:829} INFO - Processing file /home/ubuntu/airflow_venv/lib/python3.10/site-packages/airflow/example_dags/plugins/workday.py for tasks to queue
[2023-09-29T08:05:11.976+0000] {logging_mixin.py:151} INFO - [2023-09-29T08:05:11.975+0000] {dagbag.py:539} INFO - Filling up the DagBag from /home/ubuntu/airflow_venv/lib/python3.10/site-packages/airflow/example_dags/plugins/workday.py
[2023-09-29T08:05:12.310+0000] {processor.py:841} WARNING - No viable dags retrieved from /home/ubuntu/airflow_venv/lib/python3.10/site-packages/airflow/example_dags/plugins/workday.py
[2023-09-29T08:05:12.324+0000] {processor.py:179} INFO - Processing /home/ubuntu/airflow_venv/lib/python3.10/site-packages/airflow/example_dags/plugins/workday.py took 0.354 seconds
[2023-09-29T08:05:48.395+0000] {processor.py:157} INFO - Started process (PID=1970) to work on /home/ubuntu/airflow_venv/lib/python3.10/site-packages/airflow/example_dags/plugins/workday.py
[2023-09-29T08:05:48.396+0000] {processor.py:829} INFO - Processing file /home/ubuntu/airflow_venv/lib/python3.10/site-packages/airflow/example_dags/plugins/workday.py for tasks to queue
[2023-09-29T08:05:48.398+0000] {logging_mixin.py:151} INFO - [2023-09-29T08:05:48.397+0000] {dagbag.py:539} INFO - Filling up the DagBag from /home/ubuntu/airflow_venv/lib/python3.10/site-packages/airflow/example_dags/plugins/workday.py
[2023-09-29T08:05:48.715+0000] {processor.py:841} WARNING - No viable dags retrieved from /home/ubuntu/airflow_venv/lib/python3.10/site-packages/airflow/example_dags/plugins/workday.py
[2023-09-29T08:05:48.724+0000] {processor.py:179} INFO - Processing /home/ubuntu/airflow_venv/lib/python3.10/site-packages/airflow/example_dags/plugins/workday.py took 0.333 seconds
[2023-09-29T08:06:25.782+0000] {processor.py:157} INFO - Started process (PID=2007) to work on /home/ubuntu/airflow_venv/lib/python3.10/site-packages/airflow/example_dags/plugins/workday.py
[2023-09-29T08:06:25.783+0000] {processor.py:829} INFO - Processing file /home/ubuntu/airflow_venv/lib/python3.10/site-packages/airflow/example_dags/plugins/workday.py for tasks to queue
[2023-09-29T08:06:25.784+0000] {logging_mixin.py:151} INFO - [2023-09-29T08:06:25.784+0000] {dagbag.py:539} INFO - Filling up the DagBag from /home/ubuntu/airflow_venv/lib/python3.10/site-packages/airflow/example_dags/plugins/workday.py
[2023-09-29T08:06:26.170+0000] {processor.py:841} WARNING - No viable dags retrieved from /home/ubuntu/airflow_venv/lib/python3.10/site-packages/airflow/example_dags/plugins/workday.py
[2023-09-29T08:06:26.181+0000] {processor.py:179} INFO - Processing /home/ubuntu/airflow_venv/lib/python3.10/site-packages/airflow/example_dags/plugins/workday.py took 0.402 seconds
[2023-09-29T08:07:13.295+0000] {processor.py:157} INFO - Started process (PID=2057) to work on /home/ubuntu/airflow_venv/lib/python3.10/site-packages/airflow/example_dags/plugins/workday.py
[2023-09-29T08:07:13.297+0000] {processor.py:829} INFO - Processing file /home/ubuntu/airflow_venv/lib/python3.10/site-packages/airflow/example_dags/plugins/workday.py for tasks to queue
[2023-09-29T08:07:13.298+0000] {logging_mixin.py:151} INFO - [2023-09-29T08:07:13.297+0000] {dagbag.py:539} INFO - Filling up the DagBag from /home/ubuntu/airflow_venv/lib/python3.10/site-packages/airflow/example_dags/plugins/workday.py
[2023-09-29T08:07:13.600+0000] {processor.py:841} WARNING - No viable dags retrieved from /home/ubuntu/airflow_venv/lib/python3.10/site-packages/airflow/example_dags/plugins/workday.py
[2023-09-29T08:07:13.609+0000] {processor.py:179} INFO - Processing /home/ubuntu/airflow_venv/lib/python3.10/site-packages/airflow/example_dags/plugins/workday.py took 0.317 seconds
[2023-09-29T08:08:02.310+0000] {processor.py:157} INFO - Started process (PID=2318) to work on /home/ubuntu/airflow_venv/lib/python3.10/site-packages/airflow/example_dags/plugins/workday.py
[2023-09-29T08:08:02.311+0000] {processor.py:829} INFO - Processing file /home/ubuntu/airflow_venv/lib/python3.10/site-packages/airflow/example_dags/plugins/workday.py for tasks to queue
[2023-09-29T08:08:02.312+0000] {logging_mixin.py:151} INFO - [2023-09-29T08:08:02.312+0000] {dagbag.py:539} INFO - Filling up the DagBag from /home/ubuntu/airflow_venv/lib/python3.10/site-packages/airflow/example_dags/plugins/workday.py
[2023-09-29T08:08:02.703+0000] {processor.py:841} WARNING - No viable dags retrieved from /home/ubuntu/airflow_venv/lib/python3.10/site-packages/airflow/example_dags/plugins/workday.py
[2023-09-29T08:08:02.718+0000] {processor.py:179} INFO - Processing /home/ubuntu/airflow_venv/lib/python3.10/site-packages/airflow/example_dags/plugins/workday.py took 0.412 seconds
[2023-09-29T08:08:38.640+0000] {processor.py:157} INFO - Started process (PID=2355) to work on /home/ubuntu/airflow_venv/lib/python3.10/site-packages/airflow/example_dags/plugins/workday.py
[2023-09-29T08:08:38.641+0000] {processor.py:829} INFO - Processing file /home/ubuntu/airflow_venv/lib/python3.10/site-packages/airflow/example_dags/plugins/workday.py for tasks to queue
[2023-09-29T08:08:38.642+0000] {logging_mixin.py:151} INFO - [2023-09-29T08:08:38.642+0000] {dagbag.py:539} INFO - Filling up the DagBag from /home/ubuntu/airflow_venv/lib/python3.10/site-packages/airflow/example_dags/plugins/workday.py
[2023-09-29T08:08:38.948+0000] {processor.py:841} WARNING - No viable dags retrieved from /home/ubuntu/airflow_venv/lib/python3.10/site-packages/airflow/example_dags/plugins/workday.py
[2023-09-29T08:08:38.957+0000] {processor.py:179} INFO - Processing /home/ubuntu/airflow_venv/lib/python3.10/site-packages/airflow/example_dags/plugins/workday.py took 0.320 seconds
[2023-09-29T08:09:13.479+0000] {processor.py:157} INFO - Started process (PID=2393) to work on /home/ubuntu/airflow_venv/lib/python3.10/site-packages/airflow/example_dags/plugins/workday.py
[2023-09-29T08:09:13.482+0000] {processor.py:829} INFO - Processing file /home/ubuntu/airflow_venv/lib/python3.10/site-packages/airflow/example_dags/plugins/workday.py for tasks to queue
[2023-09-29T08:09:13.483+0000] {logging_mixin.py:151} INFO - [2023-09-29T08:09:13.482+0000] {dagbag.py:539} INFO - Filling up the DagBag from /home/ubuntu/airflow_venv/lib/python3.10/site-packages/airflow/example_dags/plugins/workday.py
[2023-09-29T08:09:13.801+0000] {processor.py:841} WARNING - No viable dags retrieved from /home/ubuntu/airflow_venv/lib/python3.10/site-packages/airflow/example_dags/plugins/workday.py
[2023-09-29T08:09:13.810+0000] {processor.py:179} INFO - Processing /home/ubuntu/airflow_venv/lib/python3.10/site-packages/airflow/example_dags/plugins/workday.py took 0.335 seconds
