[2023-09-27T18:06:25.427+0000] {processor.py:157} INFO - Started process (PID=11567) to work on /home/ubuntu/airflow/dags/weather_dag.py
[2023-09-27T18:06:25.431+0000] {processor.py:829} INFO - Processing file /home/ubuntu/airflow/dags/weather_dag.py for tasks to queue
[2023-09-27T18:06:25.435+0000] {logging_mixin.py:151} INFO - [2023-09-27T18:06:25.435+0000] {dagbag.py:539} INFO - Filling up the DagBag from /home/ubuntu/airflow/dags/weather_dag.py
[2023-09-27T18:06:25.448+0000] {processor.py:839} INFO - DAG(s) dict_keys(['weather_dag']) retrieved from /home/ubuntu/airflow/dags/weather_dag.py
[2023-09-27T18:06:25.562+0000] {logging_mixin.py:151} INFO - [2023-09-27T18:06:25.562+0000] {manager.py:499} INFO - Created Permission View: %s
[2023-09-27T18:06:25.576+0000] {logging_mixin.py:151} INFO - [2023-09-27T18:06:25.576+0000] {manager.py:499} INFO - Created Permission View: %s
[2023-09-27T18:06:25.585+0000] {logging_mixin.py:151} INFO - [2023-09-27T18:06:25.585+0000] {manager.py:499} INFO - Created Permission View: %s
[2023-09-27T18:06:25.585+0000] {logging_mixin.py:151} INFO - [2023-09-27T18:06:25.585+0000] {security.py:708} INFO - Not syncing DAG-level permissions for DAG 'DAG:weather_dag' as access control is unset.
[2023-09-27T18:06:25.586+0000] {logging_mixin.py:151} INFO - [2023-09-27T18:06:25.585+0000] {dag.py:2915} INFO - Sync 1 DAGs
[2023-09-27T18:06:25.598+0000] {logging_mixin.py:151} INFO - [2023-09-27T18:06:25.598+0000] {dag.py:2937} INFO - Creating ORM DAG for weather_dag
[2023-09-27T18:06:25.610+0000] {logging_mixin.py:151} INFO - [2023-09-27T18:06:25.610+0000] {dag.py:3696} INFO - Setting next_dagrun for weather_dag to 2023-09-26T00:00:00+00:00, run_after=2023-09-27T00:00:00+00:00
[2023-09-27T18:06:25.632+0000] {processor.py:179} INFO - Processing /home/ubuntu/airflow/dags/weather_dag.py took 0.208 seconds
[2023-09-27T18:07:01.719+0000] {processor.py:157} INFO - Started process (PID=11604) to work on /home/ubuntu/airflow/dags/weather_dag.py
[2023-09-27T18:07:01.722+0000] {processor.py:829} INFO - Processing file /home/ubuntu/airflow/dags/weather_dag.py for tasks to queue
[2023-09-27T18:07:01.724+0000] {logging_mixin.py:151} INFO - [2023-09-27T18:07:01.723+0000] {dagbag.py:539} INFO - Filling up the DagBag from /home/ubuntu/airflow/dags/weather_dag.py
[2023-09-27T18:07:01.735+0000] {processor.py:839} INFO - DAG(s) dict_keys(['weather_dag']) retrieved from /home/ubuntu/airflow/dags/weather_dag.py
[2023-09-27T18:07:01.753+0000] {logging_mixin.py:151} INFO - [2023-09-27T18:07:01.753+0000] {dag.py:2915} INFO - Sync 1 DAGs
[2023-09-27T18:07:01.775+0000] {logging_mixin.py:151} INFO - [2023-09-27T18:07:01.775+0000] {dag.py:3696} INFO - Setting next_dagrun for weather_dag to 2023-09-26T00:00:00+00:00, run_after=2023-09-27T00:00:00+00:00
[2023-09-27T18:07:01.798+0000] {processor.py:179} INFO - Processing /home/ubuntu/airflow/dags/weather_dag.py took 0.084 seconds
[2023-09-27T18:07:36.291+0000] {processor.py:157} INFO - Started process (PID=11640) to work on /home/ubuntu/airflow/dags/weather_dag.py
[2023-09-27T18:07:36.293+0000] {processor.py:829} INFO - Processing file /home/ubuntu/airflow/dags/weather_dag.py for tasks to queue
[2023-09-27T18:07:36.293+0000] {logging_mixin.py:151} INFO - [2023-09-27T18:07:36.293+0000] {dagbag.py:539} INFO - Filling up the DagBag from /home/ubuntu/airflow/dags/weather_dag.py
[2023-09-27T18:07:36.302+0000] {processor.py:839} INFO - DAG(s) dict_keys(['weather_dag']) retrieved from /home/ubuntu/airflow/dags/weather_dag.py
[2023-09-27T18:07:36.318+0000] {logging_mixin.py:151} INFO - [2023-09-27T18:07:36.318+0000] {dag.py:2915} INFO - Sync 1 DAGs
[2023-09-27T18:07:36.339+0000] {logging_mixin.py:151} INFO - [2023-09-27T18:07:36.338+0000] {dag.py:3696} INFO - Setting next_dagrun for weather_dag to 2023-09-26T00:00:00+00:00, run_after=2023-09-27T00:00:00+00:00
[2023-09-27T18:07:36.363+0000] {processor.py:179} INFO - Processing /home/ubuntu/airflow/dags/weather_dag.py took 0.075 seconds
[2023-09-27T18:08:11.063+0000] {processor.py:157} INFO - Started process (PID=11740) to work on /home/ubuntu/airflow/dags/weather_dag.py
[2023-09-27T18:08:11.065+0000] {processor.py:829} INFO - Processing file /home/ubuntu/airflow/dags/weather_dag.py for tasks to queue
[2023-09-27T18:08:11.066+0000] {logging_mixin.py:151} INFO - [2023-09-27T18:08:11.065+0000] {dagbag.py:539} INFO - Filling up the DagBag from /home/ubuntu/airflow/dags/weather_dag.py
[2023-09-27T18:08:11.075+0000] {processor.py:839} INFO - DAG(s) dict_keys(['weather_dag']) retrieved from /home/ubuntu/airflow/dags/weather_dag.py
[2023-09-27T18:08:11.091+0000] {logging_mixin.py:151} INFO - [2023-09-27T18:08:11.091+0000] {dag.py:2915} INFO - Sync 1 DAGs
[2023-09-27T18:08:11.114+0000] {logging_mixin.py:151} INFO - [2023-09-27T18:08:11.114+0000] {dag.py:3696} INFO - Setting next_dagrun for weather_dag to 2023-09-26T00:00:00+00:00, run_after=2023-09-27T00:00:00+00:00
[2023-09-27T18:08:11.144+0000] {processor.py:179} INFO - Processing /home/ubuntu/airflow/dags/weather_dag.py took 0.085 seconds
[2023-09-27T18:08:47.191+0000] {processor.py:157} INFO - Started process (PID=11829) to work on /home/ubuntu/airflow/dags/weather_dag.py
[2023-09-27T18:08:47.192+0000] {processor.py:829} INFO - Processing file /home/ubuntu/airflow/dags/weather_dag.py for tasks to queue
[2023-09-27T18:08:47.193+0000] {logging_mixin.py:151} INFO - [2023-09-27T18:08:47.192+0000] {dagbag.py:539} INFO - Filling up the DagBag from /home/ubuntu/airflow/dags/weather_dag.py
[2023-09-27T18:08:47.206+0000] {processor.py:839} INFO - DAG(s) dict_keys(['weather_dag']) retrieved from /home/ubuntu/airflow/dags/weather_dag.py
[2023-09-27T18:08:47.225+0000] {logging_mixin.py:151} INFO - [2023-09-27T18:08:47.225+0000] {dag.py:2915} INFO - Sync 1 DAGs
[2023-09-27T18:08:47.246+0000] {logging_mixin.py:151} INFO - [2023-09-27T18:08:47.246+0000] {dag.py:3696} INFO - Setting next_dagrun for weather_dag to 2023-09-26T00:00:00+00:00, run_after=2023-09-27T00:00:00+00:00
[2023-09-27T18:08:47.270+0000] {processor.py:179} INFO - Processing /home/ubuntu/airflow/dags/weather_dag.py took 0.083 seconds
[2023-09-27T18:09:19.172+0000] {processor.py:157} INFO - Started process (PID=11871) to work on /home/ubuntu/airflow/dags/weather_dag.py
[2023-09-27T18:09:19.173+0000] {processor.py:829} INFO - Processing file /home/ubuntu/airflow/dags/weather_dag.py for tasks to queue
[2023-09-27T18:09:19.174+0000] {logging_mixin.py:151} INFO - [2023-09-27T18:09:19.174+0000] {dagbag.py:539} INFO - Filling up the DagBag from /home/ubuntu/airflow/dags/weather_dag.py
[2023-09-27T18:09:19.185+0000] {processor.py:839} INFO - DAG(s) dict_keys(['weather_dag']) retrieved from /home/ubuntu/airflow/dags/weather_dag.py
[2023-09-27T18:09:19.200+0000] {logging_mixin.py:151} INFO - [2023-09-27T18:09:19.200+0000] {dag.py:2915} INFO - Sync 1 DAGs
[2023-09-27T18:09:19.220+0000] {logging_mixin.py:151} INFO - [2023-09-27T18:09:19.220+0000] {dag.py:3696} INFO - Setting next_dagrun for weather_dag to 2023-09-26T00:00:00+00:00, run_after=2023-09-27T00:00:00+00:00
[2023-09-27T18:09:19.240+0000] {processor.py:179} INFO - Processing /home/ubuntu/airflow/dags/weather_dag.py took 0.071 seconds
[2023-09-27T18:09:53.606+0000] {processor.py:157} INFO - Started process (PID=12443) to work on /home/ubuntu/airflow/dags/weather_dag.py
[2023-09-27T18:09:53.608+0000] {processor.py:829} INFO - Processing file /home/ubuntu/airflow/dags/weather_dag.py for tasks to queue
[2023-09-27T18:09:53.609+0000] {logging_mixin.py:151} INFO - [2023-09-27T18:09:53.609+0000] {dagbag.py:539} INFO - Filling up the DagBag from /home/ubuntu/airflow/dags/weather_dag.py
[2023-09-27T18:09:53.623+0000] {processor.py:839} INFO - DAG(s) dict_keys(['weather_dag']) retrieved from /home/ubuntu/airflow/dags/weather_dag.py
[2023-09-27T18:09:53.661+0000] {logging_mixin.py:151} INFO - [2023-09-27T18:09:53.661+0000] {dag.py:2915} INFO - Sync 1 DAGs
[2023-09-27T18:09:53.696+0000] {logging_mixin.py:151} INFO - [2023-09-27T18:09:53.695+0000] {dag.py:3696} INFO - Setting next_dagrun for weather_dag to 2023-09-26T00:00:00+00:00, run_after=2023-09-27T00:00:00+00:00
[2023-09-27T18:09:53.725+0000] {processor.py:179} INFO - Processing /home/ubuntu/airflow/dags/weather_dag.py took 0.123 seconds
[2023-09-27T18:10:34.307+0000] {processor.py:157} INFO - Started process (PID=12588) to work on /home/ubuntu/airflow/dags/weather_dag.py
[2023-09-27T18:10:34.309+0000] {processor.py:829} INFO - Processing file /home/ubuntu/airflow/dags/weather_dag.py for tasks to queue
[2023-09-27T18:10:34.310+0000] {logging_mixin.py:151} INFO - [2023-09-27T18:10:34.309+0000] {dagbag.py:539} INFO - Filling up the DagBag from /home/ubuntu/airflow/dags/weather_dag.py
[2023-09-27T18:10:34.319+0000] {processor.py:839} INFO - DAG(s) dict_keys(['weather_dag']) retrieved from /home/ubuntu/airflow/dags/weather_dag.py
[2023-09-27T18:10:34.336+0000] {logging_mixin.py:151} INFO - [2023-09-27T18:10:34.336+0000] {dag.py:2915} INFO - Sync 1 DAGs
[2023-09-27T18:10:34.358+0000] {logging_mixin.py:151} INFO - [2023-09-27T18:10:34.358+0000] {dag.py:3696} INFO - Setting next_dagrun for weather_dag to 2023-09-26T00:00:00+00:00, run_after=2023-09-27T00:00:00+00:00
[2023-09-27T18:10:34.379+0000] {processor.py:179} INFO - Processing /home/ubuntu/airflow/dags/weather_dag.py took 0.075 seconds
[2023-09-27T18:11:11.564+0000] {processor.py:157} INFO - Started process (PID=12647) to work on /home/ubuntu/airflow/dags/weather_dag.py
[2023-09-27T18:11:11.565+0000] {processor.py:829} INFO - Processing file /home/ubuntu/airflow/dags/weather_dag.py for tasks to queue
[2023-09-27T18:11:11.566+0000] {logging_mixin.py:151} INFO - [2023-09-27T18:11:11.566+0000] {dagbag.py:539} INFO - Filling up the DagBag from /home/ubuntu/airflow/dags/weather_dag.py
[2023-09-27T18:11:11.579+0000] {processor.py:839} INFO - DAG(s) dict_keys(['weather_dag']) retrieved from /home/ubuntu/airflow/dags/weather_dag.py
[2023-09-27T18:11:11.598+0000] {logging_mixin.py:151} INFO - [2023-09-27T18:11:11.598+0000] {dag.py:2915} INFO - Sync 1 DAGs
[2023-09-27T18:11:11.622+0000] {logging_mixin.py:151} INFO - [2023-09-27T18:11:11.622+0000] {dag.py:3696} INFO - Setting next_dagrun for weather_dag to 2023-09-26T00:00:00+00:00, run_after=2023-09-27T00:00:00+00:00
[2023-09-27T18:11:11.641+0000] {processor.py:179} INFO - Processing /home/ubuntu/airflow/dags/weather_dag.py took 0.081 seconds
[2023-09-27T18:11:45.701+0000] {processor.py:157} INFO - Started process (PID=12723) to work on /home/ubuntu/airflow/dags/weather_dag.py
[2023-09-27T18:11:45.702+0000] {processor.py:829} INFO - Processing file /home/ubuntu/airflow/dags/weather_dag.py for tasks to queue
[2023-09-27T18:11:45.703+0000] {logging_mixin.py:151} INFO - [2023-09-27T18:11:45.703+0000] {dagbag.py:539} INFO - Filling up the DagBag from /home/ubuntu/airflow/dags/weather_dag.py
[2023-09-27T18:11:45.713+0000] {processor.py:839} INFO - DAG(s) dict_keys(['weather_dag']) retrieved from /home/ubuntu/airflow/dags/weather_dag.py
[2023-09-27T18:11:45.728+0000] {logging_mixin.py:151} INFO - [2023-09-27T18:11:45.728+0000] {dag.py:2915} INFO - Sync 1 DAGs
[2023-09-27T18:11:45.749+0000] {logging_mixin.py:151} INFO - [2023-09-27T18:11:45.748+0000] {dag.py:3696} INFO - Setting next_dagrun for weather_dag to 2023-09-26T00:00:00+00:00, run_after=2023-09-27T00:00:00+00:00
[2023-09-27T18:11:45.769+0000] {processor.py:179} INFO - Processing /home/ubuntu/airflow/dags/weather_dag.py took 0.071 seconds
[2023-09-27T18:12:17.255+0000] {processor.py:157} INFO - Started process (PID=12790) to work on /home/ubuntu/airflow/dags/weather_dag.py
[2023-09-27T18:12:17.257+0000] {processor.py:829} INFO - Processing file /home/ubuntu/airflow/dags/weather_dag.py for tasks to queue
[2023-09-27T18:12:17.258+0000] {logging_mixin.py:151} INFO - [2023-09-27T18:12:17.257+0000] {dagbag.py:539} INFO - Filling up the DagBag from /home/ubuntu/airflow/dags/weather_dag.py
[2023-09-27T18:12:17.267+0000] {processor.py:839} INFO - DAG(s) dict_keys(['weather_dag']) retrieved from /home/ubuntu/airflow/dags/weather_dag.py
[2023-09-27T18:12:17.282+0000] {logging_mixin.py:151} INFO - [2023-09-27T18:12:17.282+0000] {dag.py:2915} INFO - Sync 1 DAGs
[2023-09-27T18:12:17.316+0000] {logging_mixin.py:151} INFO - [2023-09-27T18:12:17.315+0000] {dag.py:3696} INFO - Setting next_dagrun for weather_dag to 2023-09-26T00:00:00+00:00, run_after=2023-09-27T00:00:00+00:00
[2023-09-27T18:12:17.362+0000] {processor.py:179} INFO - Processing /home/ubuntu/airflow/dags/weather_dag.py took 0.110 seconds
[2023-09-27T18:12:51.553+0000] {processor.py:157} INFO - Started process (PID=12872) to work on /home/ubuntu/airflow/dags/weather_dag.py
[2023-09-27T18:12:51.554+0000] {processor.py:829} INFO - Processing file /home/ubuntu/airflow/dags/weather_dag.py for tasks to queue
[2023-09-27T18:12:51.555+0000] {logging_mixin.py:151} INFO - [2023-09-27T18:12:51.555+0000] {dagbag.py:539} INFO - Filling up the DagBag from /home/ubuntu/airflow/dags/weather_dag.py
[2023-09-27T18:12:51.565+0000] {processor.py:839} INFO - DAG(s) dict_keys(['weather_dag']) retrieved from /home/ubuntu/airflow/dags/weather_dag.py
[2023-09-27T18:12:51.582+0000] {logging_mixin.py:151} INFO - [2023-09-27T18:12:51.582+0000] {dag.py:2915} INFO - Sync 1 DAGs
[2023-09-27T18:12:51.604+0000] {logging_mixin.py:151} INFO - [2023-09-27T18:12:51.604+0000] {dag.py:3696} INFO - Setting next_dagrun for weather_dag to 2023-09-26T00:00:00+00:00, run_after=2023-09-27T00:00:00+00:00
[2023-09-27T18:12:51.624+0000] {processor.py:179} INFO - Processing /home/ubuntu/airflow/dags/weather_dag.py took 0.075 seconds
[2023-09-27T18:13:28.581+0000] {processor.py:157} INFO - Started process (PID=13009) to work on /home/ubuntu/airflow/dags/weather_dag.py
[2023-09-27T18:13:28.582+0000] {processor.py:829} INFO - Processing file /home/ubuntu/airflow/dags/weather_dag.py for tasks to queue
[2023-09-27T18:13:28.583+0000] {logging_mixin.py:151} INFO - [2023-09-27T18:13:28.583+0000] {dagbag.py:539} INFO - Filling up the DagBag from /home/ubuntu/airflow/dags/weather_dag.py
[2023-09-27T18:13:28.594+0000] {processor.py:839} INFO - DAG(s) dict_keys(['weather_dag']) retrieved from /home/ubuntu/airflow/dags/weather_dag.py
[2023-09-27T18:13:28.615+0000] {logging_mixin.py:151} INFO - [2023-09-27T18:13:28.615+0000] {dag.py:2915} INFO - Sync 1 DAGs
[2023-09-27T18:13:28.646+0000] {logging_mixin.py:151} INFO - [2023-09-27T18:13:28.646+0000] {dag.py:3696} INFO - Setting next_dagrun for weather_dag to 2023-09-26T00:00:00+00:00, run_after=2023-09-27T00:00:00+00:00
[2023-09-27T18:13:28.670+0000] {processor.py:179} INFO - Processing /home/ubuntu/airflow/dags/weather_dag.py took 0.093 seconds
[2023-09-27T18:14:03.865+0000] {processor.py:157} INFO - Started process (PID=13261) to work on /home/ubuntu/airflow/dags/weather_dag.py
[2023-09-27T18:14:03.867+0000] {processor.py:829} INFO - Processing file /home/ubuntu/airflow/dags/weather_dag.py for tasks to queue
[2023-09-27T18:14:03.868+0000] {logging_mixin.py:151} INFO - [2023-09-27T18:14:03.867+0000] {dagbag.py:539} INFO - Filling up the DagBag from /home/ubuntu/airflow/dags/weather_dag.py
[2023-09-27T18:14:03.882+0000] {processor.py:839} INFO - DAG(s) dict_keys(['weather_dag']) retrieved from /home/ubuntu/airflow/dags/weather_dag.py
[2023-09-27T18:14:03.904+0000] {logging_mixin.py:151} INFO - [2023-09-27T18:14:03.904+0000] {dag.py:2915} INFO - Sync 1 DAGs
[2023-09-27T18:14:03.945+0000] {logging_mixin.py:151} INFO - [2023-09-27T18:14:03.945+0000] {dag.py:3696} INFO - Setting next_dagrun for weather_dag to 2023-09-26T00:00:00+00:00, run_after=2023-09-27T00:00:00+00:00
[2023-09-27T18:14:03.970+0000] {processor.py:179} INFO - Processing /home/ubuntu/airflow/dags/weather_dag.py took 0.110 seconds
