[2023-09-27T10:53:50.956+0000] {processor.py:157} INFO - Started process (PID=3920) to work on /usr/local/lib/python3.10/dist-packages/airflow/example_dags/plugins/workday.py
[2023-09-27T10:53:50.957+0000] {processor.py:829} INFO - Processing file /usr/local/lib/python3.10/dist-packages/airflow/example_dags/plugins/workday.py for tasks to queue
[2023-09-27T10:53:50.958+0000] {logging_mixin.py:151} INFO - [2023-09-27T10:53:50.958+0000] {dagbag.py:539} INFO - Filling up the DagBag from /usr/local/lib/python3.10/dist-packages/airflow/example_dags/plugins/workday.py
[2023-09-27T10:53:51.384+0000] {processor.py:841} WARNING - No viable dags retrieved from /usr/local/lib/python3.10/dist-packages/airflow/example_dags/plugins/workday.py
[2023-09-27T10:53:51.399+0000] {processor.py:179} INFO - Processing /usr/local/lib/python3.10/dist-packages/airflow/example_dags/plugins/workday.py took 0.447 seconds
[2023-09-27T10:54:43.788+0000] {processor.py:157} INFO - Started process (PID=3973) to work on /usr/local/lib/python3.10/dist-packages/airflow/example_dags/plugins/workday.py
[2023-09-27T10:54:43.789+0000] {processor.py:829} INFO - Processing file /usr/local/lib/python3.10/dist-packages/airflow/example_dags/plugins/workday.py for tasks to queue
[2023-09-27T10:54:43.790+0000] {logging_mixin.py:151} INFO - [2023-09-27T10:54:43.790+0000] {dagbag.py:539} INFO - Filling up the DagBag from /usr/local/lib/python3.10/dist-packages/airflow/example_dags/plugins/workday.py
[2023-09-27T10:54:44.392+0000] {processor.py:841} WARNING - No viable dags retrieved from /usr/local/lib/python3.10/dist-packages/airflow/example_dags/plugins/workday.py
[2023-09-27T10:54:44.403+0000] {processor.py:179} INFO - Processing /usr/local/lib/python3.10/dist-packages/airflow/example_dags/plugins/workday.py took 0.619 seconds
[2023-09-27T10:55:21.729+0000] {processor.py:157} INFO - Started process (PID=4013) to work on /usr/local/lib/python3.10/dist-packages/airflow/example_dags/plugins/workday.py
[2023-09-27T10:55:21.731+0000] {processor.py:829} INFO - Processing file /usr/local/lib/python3.10/dist-packages/airflow/example_dags/plugins/workday.py for tasks to queue
[2023-09-27T10:55:21.732+0000] {logging_mixin.py:151} INFO - [2023-09-27T10:55:21.731+0000] {dagbag.py:539} INFO - Filling up the DagBag from /usr/local/lib/python3.10/dist-packages/airflow/example_dags/plugins/workday.py
[2023-09-27T10:55:22.059+0000] {processor.py:841} WARNING - No viable dags retrieved from /usr/local/lib/python3.10/dist-packages/airflow/example_dags/plugins/workday.py
[2023-09-27T10:55:22.070+0000] {processor.py:179} INFO - Processing /usr/local/lib/python3.10/dist-packages/airflow/example_dags/plugins/workday.py took 0.344 seconds
[2023-09-27T10:56:07.195+0000] {processor.py:157} INFO - Started process (PID=4061) to work on /usr/local/lib/python3.10/dist-packages/airflow/example_dags/plugins/workday.py
[2023-09-27T10:56:07.196+0000] {processor.py:829} INFO - Processing file /usr/local/lib/python3.10/dist-packages/airflow/example_dags/plugins/workday.py for tasks to queue
[2023-09-27T10:56:07.198+0000] {logging_mixin.py:151} INFO - [2023-09-27T10:56:07.197+0000] {dagbag.py:539} INFO - Filling up the DagBag from /usr/local/lib/python3.10/dist-packages/airflow/example_dags/plugins/workday.py
[2023-09-27T10:56:07.520+0000] {processor.py:841} WARNING - No viable dags retrieved from /usr/local/lib/python3.10/dist-packages/airflow/example_dags/plugins/workday.py
[2023-09-27T10:56:07.533+0000] {processor.py:179} INFO - Processing /usr/local/lib/python3.10/dist-packages/airflow/example_dags/plugins/workday.py took 0.340 seconds
[2023-09-27T10:56:53.502+0000] {processor.py:157} INFO - Started process (PID=4079) to work on /usr/local/lib/python3.10/dist-packages/airflow/example_dags/plugins/workday.py
[2023-09-27T10:56:53.512+0000] {processor.py:829} INFO - Processing file /usr/local/lib/python3.10/dist-packages/airflow/example_dags/plugins/workday.py for tasks to queue
[2023-09-27T10:56:53.513+0000] {logging_mixin.py:151} INFO - [2023-09-27T10:56:53.513+0000] {dagbag.py:539} INFO - Filling up the DagBag from /usr/local/lib/python3.10/dist-packages/airflow/example_dags/plugins/workday.py
[2023-09-27T10:56:54.126+0000] {processor.py:841} WARNING - No viable dags retrieved from /usr/local/lib/python3.10/dist-packages/airflow/example_dags/plugins/workday.py
[2023-09-27T10:56:54.138+0000] {processor.py:179} INFO - Processing /usr/local/lib/python3.10/dist-packages/airflow/example_dags/plugins/workday.py took 0.640 seconds
[2023-09-27T10:57:38.657+0000] {processor.py:157} INFO - Started process (PID=4140) to work on /usr/local/lib/python3.10/dist-packages/airflow/example_dags/plugins/workday.py
[2023-09-27T10:57:38.658+0000] {processor.py:829} INFO - Processing file /usr/local/lib/python3.10/dist-packages/airflow/example_dags/plugins/workday.py for tasks to queue
[2023-09-27T10:57:38.659+0000] {logging_mixin.py:151} INFO - [2023-09-27T10:57:38.658+0000] {dagbag.py:539} INFO - Filling up the DagBag from /usr/local/lib/python3.10/dist-packages/airflow/example_dags/plugins/workday.py
[2023-09-27T10:57:39.025+0000] {processor.py:841} WARNING - No viable dags retrieved from /usr/local/lib/python3.10/dist-packages/airflow/example_dags/plugins/workday.py
[2023-09-27T10:57:39.035+0000] {processor.py:179} INFO - Processing /usr/local/lib/python3.10/dist-packages/airflow/example_dags/plugins/workday.py took 0.381 seconds
[2023-09-27T10:58:13.034+0000] {processor.py:157} INFO - Started process (PID=4175) to work on /usr/local/lib/python3.10/dist-packages/airflow/example_dags/plugins/workday.py
[2023-09-27T10:58:13.035+0000] {processor.py:829} INFO - Processing file /usr/local/lib/python3.10/dist-packages/airflow/example_dags/plugins/workday.py for tasks to queue
[2023-09-27T10:58:13.036+0000] {logging_mixin.py:151} INFO - [2023-09-27T10:58:13.035+0000] {dagbag.py:539} INFO - Filling up the DagBag from /usr/local/lib/python3.10/dist-packages/airflow/example_dags/plugins/workday.py
[2023-09-27T10:58:13.376+0000] {processor.py:841} WARNING - No viable dags retrieved from /usr/local/lib/python3.10/dist-packages/airflow/example_dags/plugins/workday.py
[2023-09-27T10:58:13.385+0000] {processor.py:179} INFO - Processing /usr/local/lib/python3.10/dist-packages/airflow/example_dags/plugins/workday.py took 0.354 seconds
[2023-09-27T10:58:45.976+0000] {processor.py:157} INFO - Started process (PID=4209) to work on /usr/local/lib/python3.10/dist-packages/airflow/example_dags/plugins/workday.py
[2023-09-27T10:58:45.977+0000] {processor.py:829} INFO - Processing file /usr/local/lib/python3.10/dist-packages/airflow/example_dags/plugins/workday.py for tasks to queue
[2023-09-27T10:58:45.978+0000] {logging_mixin.py:151} INFO - [2023-09-27T10:58:45.977+0000] {dagbag.py:539} INFO - Filling up the DagBag from /usr/local/lib/python3.10/dist-packages/airflow/example_dags/plugins/workday.py
[2023-09-27T10:58:46.261+0000] {processor.py:841} WARNING - No viable dags retrieved from /usr/local/lib/python3.10/dist-packages/airflow/example_dags/plugins/workday.py
[2023-09-27T10:58:46.270+0000] {processor.py:179} INFO - Processing /usr/local/lib/python3.10/dist-packages/airflow/example_dags/plugins/workday.py took 0.297 seconds
[2023-09-27T10:59:17.682+0000] {processor.py:157} INFO - Started process (PID=4244) to work on /usr/local/lib/python3.10/dist-packages/airflow/example_dags/plugins/workday.py
[2023-09-27T10:59:17.683+0000] {processor.py:829} INFO - Processing file /usr/local/lib/python3.10/dist-packages/airflow/example_dags/plugins/workday.py for tasks to queue
[2023-09-27T10:59:17.684+0000] {logging_mixin.py:151} INFO - [2023-09-27T10:59:17.684+0000] {dagbag.py:539} INFO - Filling up the DagBag from /usr/local/lib/python3.10/dist-packages/airflow/example_dags/plugins/workday.py
[2023-09-27T10:59:18.047+0000] {processor.py:841} WARNING - No viable dags retrieved from /usr/local/lib/python3.10/dist-packages/airflow/example_dags/plugins/workday.py
[2023-09-27T10:59:18.066+0000] {processor.py:179} INFO - Processing /usr/local/lib/python3.10/dist-packages/airflow/example_dags/plugins/workday.py took 0.396 seconds
[2023-09-27T10:59:50.156+0000] {processor.py:157} INFO - Started process (PID=4277) to work on /usr/local/lib/python3.10/dist-packages/airflow/example_dags/plugins/workday.py
[2023-09-27T10:59:50.158+0000] {processor.py:829} INFO - Processing file /usr/local/lib/python3.10/dist-packages/airflow/example_dags/plugins/workday.py for tasks to queue
[2023-09-27T10:59:50.158+0000] {logging_mixin.py:151} INFO - [2023-09-27T10:59:50.158+0000] {dagbag.py:539} INFO - Filling up the DagBag from /usr/local/lib/python3.10/dist-packages/airflow/example_dags/plugins/workday.py
[2023-09-27T10:59:50.652+0000] {processor.py:841} WARNING - No viable dags retrieved from /usr/local/lib/python3.10/dist-packages/airflow/example_dags/plugins/workday.py
[2023-09-27T10:59:50.658+0000] {processor.py:179} INFO - Processing /usr/local/lib/python3.10/dist-packages/airflow/example_dags/plugins/workday.py took 0.506 seconds
[2023-09-27T11:00:23.666+0000] {processor.py:157} INFO - Started process (PID=4312) to work on /usr/local/lib/python3.10/dist-packages/airflow/example_dags/plugins/workday.py
[2023-09-27T11:00:23.667+0000] {processor.py:829} INFO - Processing file /usr/local/lib/python3.10/dist-packages/airflow/example_dags/plugins/workday.py for tasks to queue
[2023-09-27T11:00:23.669+0000] {logging_mixin.py:151} INFO - [2023-09-27T11:00:23.668+0000] {dagbag.py:539} INFO - Filling up the DagBag from /usr/local/lib/python3.10/dist-packages/airflow/example_dags/plugins/workday.py
[2023-09-27T11:00:23.981+0000] {processor.py:841} WARNING - No viable dags retrieved from /usr/local/lib/python3.10/dist-packages/airflow/example_dags/plugins/workday.py
[2023-09-27T11:00:23.991+0000] {processor.py:179} INFO - Processing /usr/local/lib/python3.10/dist-packages/airflow/example_dags/plugins/workday.py took 0.330 seconds
[2023-09-27T11:01:07.211+0000] {processor.py:157} INFO - Started process (PID=4359) to work on /usr/local/lib/python3.10/dist-packages/airflow/example_dags/plugins/workday.py
[2023-09-27T11:01:07.213+0000] {processor.py:829} INFO - Processing file /usr/local/lib/python3.10/dist-packages/airflow/example_dags/plugins/workday.py for tasks to queue
[2023-09-27T11:01:07.214+0000] {logging_mixin.py:151} INFO - [2023-09-27T11:01:07.213+0000] {dagbag.py:539} INFO - Filling up the DagBag from /usr/local/lib/python3.10/dist-packages/airflow/example_dags/plugins/workday.py
[2023-09-27T11:01:07.733+0000] {processor.py:841} WARNING - No viable dags retrieved from /usr/local/lib/python3.10/dist-packages/airflow/example_dags/plugins/workday.py
[2023-09-27T11:01:07.746+0000] {processor.py:179} INFO - Processing /usr/local/lib/python3.10/dist-packages/airflow/example_dags/plugins/workday.py took 0.540 seconds
[2023-09-27T11:01:38.151+0000] {processor.py:157} INFO - Started process (PID=4393) to work on /usr/local/lib/python3.10/dist-packages/airflow/example_dags/plugins/workday.py
[2023-09-27T11:01:38.152+0000] {processor.py:829} INFO - Processing file /usr/local/lib/python3.10/dist-packages/airflow/example_dags/plugins/workday.py for tasks to queue
[2023-09-27T11:01:38.153+0000] {logging_mixin.py:151} INFO - [2023-09-27T11:01:38.152+0000] {dagbag.py:539} INFO - Filling up the DagBag from /usr/local/lib/python3.10/dist-packages/airflow/example_dags/plugins/workday.py
[2023-09-27T11:01:38.490+0000] {processor.py:841} WARNING - No viable dags retrieved from /usr/local/lib/python3.10/dist-packages/airflow/example_dags/plugins/workday.py
[2023-09-27T11:01:38.502+0000] {processor.py:179} INFO - Processing /usr/local/lib/python3.10/dist-packages/airflow/example_dags/plugins/workday.py took 0.355 seconds
[2023-09-27T11:02:24.351+0000] {processor.py:157} INFO - Started process (PID=4441) to work on /usr/local/lib/python3.10/dist-packages/airflow/example_dags/plugins/workday.py
[2023-09-27T11:02:24.353+0000] {processor.py:829} INFO - Processing file /usr/local/lib/python3.10/dist-packages/airflow/example_dags/plugins/workday.py for tasks to queue
[2023-09-27T11:02:24.353+0000] {logging_mixin.py:151} INFO - [2023-09-27T11:02:24.353+0000] {dagbag.py:539} INFO - Filling up the DagBag from /usr/local/lib/python3.10/dist-packages/airflow/example_dags/plugins/workday.py
[2023-09-27T11:02:24.800+0000] {processor.py:841} WARNING - No viable dags retrieved from /usr/local/lib/python3.10/dist-packages/airflow/example_dags/plugins/workday.py
[2023-09-27T11:02:24.807+0000] {processor.py:179} INFO - Processing /usr/local/lib/python3.10/dist-packages/airflow/example_dags/plugins/workday.py took 0.460 seconds
[2023-09-27T11:02:59.514+0000] {processor.py:157} INFO - Started process (PID=4476) to work on /usr/local/lib/python3.10/dist-packages/airflow/example_dags/plugins/workday.py
[2023-09-27T11:02:59.515+0000] {processor.py:829} INFO - Processing file /usr/local/lib/python3.10/dist-packages/airflow/example_dags/plugins/workday.py for tasks to queue
[2023-09-27T11:02:59.516+0000] {logging_mixin.py:151} INFO - [2023-09-27T11:02:59.516+0000] {dagbag.py:539} INFO - Filling up the DagBag from /usr/local/lib/python3.10/dist-packages/airflow/example_dags/plugins/workday.py
[2023-09-27T11:03:00.066+0000] {processor.py:841} WARNING - No viable dags retrieved from /usr/local/lib/python3.10/dist-packages/airflow/example_dags/plugins/workday.py
[2023-09-27T11:03:00.075+0000] {processor.py:179} INFO - Processing /usr/local/lib/python3.10/dist-packages/airflow/example_dags/plugins/workday.py took 0.565 seconds
[2023-09-27T11:03:34.161+0000] {processor.py:157} INFO - Started process (PID=4512) to work on /usr/local/lib/python3.10/dist-packages/airflow/example_dags/plugins/workday.py
[2023-09-27T11:03:34.162+0000] {processor.py:829} INFO - Processing file /usr/local/lib/python3.10/dist-packages/airflow/example_dags/plugins/workday.py for tasks to queue
[2023-09-27T11:03:34.163+0000] {logging_mixin.py:151} INFO - [2023-09-27T11:03:34.163+0000] {dagbag.py:539} INFO - Filling up the DagBag from /usr/local/lib/python3.10/dist-packages/airflow/example_dags/plugins/workday.py
[2023-09-27T11:03:34.653+0000] {processor.py:841} WARNING - No viable dags retrieved from /usr/local/lib/python3.10/dist-packages/airflow/example_dags/plugins/workday.py
[2023-09-27T11:03:34.660+0000] {processor.py:179} INFO - Processing /usr/local/lib/python3.10/dist-packages/airflow/example_dags/plugins/workday.py took 0.502 seconds
[2023-09-27T11:04:08.103+0000] {processor.py:157} INFO - Started process (PID=4546) to work on /usr/local/lib/python3.10/dist-packages/airflow/example_dags/plugins/workday.py
[2023-09-27T11:04:08.104+0000] {processor.py:829} INFO - Processing file /usr/local/lib/python3.10/dist-packages/airflow/example_dags/plugins/workday.py for tasks to queue
[2023-09-27T11:04:08.105+0000] {logging_mixin.py:151} INFO - [2023-09-27T11:04:08.104+0000] {dagbag.py:539} INFO - Filling up the DagBag from /usr/local/lib/python3.10/dist-packages/airflow/example_dags/plugins/workday.py
[2023-09-27T11:04:08.586+0000] {processor.py:841} WARNING - No viable dags retrieved from /usr/local/lib/python3.10/dist-packages/airflow/example_dags/plugins/workday.py
[2023-09-27T11:04:08.593+0000] {processor.py:179} INFO - Processing /usr/local/lib/python3.10/dist-packages/airflow/example_dags/plugins/workday.py took 0.493 seconds
[2023-09-27T11:04:41.505+0000] {processor.py:157} INFO - Started process (PID=4581) to work on /usr/local/lib/python3.10/dist-packages/airflow/example_dags/plugins/workday.py
[2023-09-27T11:04:41.505+0000] {processor.py:829} INFO - Processing file /usr/local/lib/python3.10/dist-packages/airflow/example_dags/plugins/workday.py for tasks to queue
[2023-09-27T11:04:41.506+0000] {logging_mixin.py:151} INFO - [2023-09-27T11:04:41.506+0000] {dagbag.py:539} INFO - Filling up the DagBag from /usr/local/lib/python3.10/dist-packages/airflow/example_dags/plugins/workday.py
[2023-09-27T11:04:41.970+0000] {processor.py:841} WARNING - No viable dags retrieved from /usr/local/lib/python3.10/dist-packages/airflow/example_dags/plugins/workday.py
[2023-09-27T11:04:41.977+0000] {processor.py:179} INFO - Processing /usr/local/lib/python3.10/dist-packages/airflow/example_dags/plugins/workday.py took 0.475 seconds
[2023-09-27T11:05:15.647+0000] {processor.py:157} INFO - Started process (PID=4617) to work on /usr/local/lib/python3.10/dist-packages/airflow/example_dags/plugins/workday.py
[2023-09-27T11:05:15.649+0000] {processor.py:829} INFO - Processing file /usr/local/lib/python3.10/dist-packages/airflow/example_dags/plugins/workday.py for tasks to queue
[2023-09-27T11:05:15.649+0000] {logging_mixin.py:151} INFO - [2023-09-27T11:05:15.649+0000] {dagbag.py:539} INFO - Filling up the DagBag from /usr/local/lib/python3.10/dist-packages/airflow/example_dags/plugins/workday.py
[2023-09-27T11:05:16.141+0000] {processor.py:841} WARNING - No viable dags retrieved from /usr/local/lib/python3.10/dist-packages/airflow/example_dags/plugins/workday.py
[2023-09-27T11:05:16.148+0000] {processor.py:179} INFO - Processing /usr/local/lib/python3.10/dist-packages/airflow/example_dags/plugins/workday.py took 0.504 seconds
[2023-09-27T11:05:51.764+0000] {processor.py:157} INFO - Started process (PID=4652) to work on /usr/local/lib/python3.10/dist-packages/airflow/example_dags/plugins/workday.py
[2023-09-27T11:05:51.766+0000] {processor.py:829} INFO - Processing file /usr/local/lib/python3.10/dist-packages/airflow/example_dags/plugins/workday.py for tasks to queue
[2023-09-27T11:05:51.767+0000] {logging_mixin.py:151} INFO - [2023-09-27T11:05:51.767+0000] {dagbag.py:539} INFO - Filling up the DagBag from /usr/local/lib/python3.10/dist-packages/airflow/example_dags/plugins/workday.py
[2023-09-27T11:05:52.262+0000] {processor.py:841} WARNING - No viable dags retrieved from /usr/local/lib/python3.10/dist-packages/airflow/example_dags/plugins/workday.py
[2023-09-27T11:05:52.268+0000] {processor.py:179} INFO - Processing /usr/local/lib/python3.10/dist-packages/airflow/example_dags/plugins/workday.py took 0.507 seconds
[2023-09-27T11:06:28.297+0000] {processor.py:157} INFO - Started process (PID=4699) to work on /usr/local/lib/python3.10/dist-packages/airflow/example_dags/plugins/workday.py
[2023-09-27T11:06:28.298+0000] {processor.py:829} INFO - Processing file /usr/local/lib/python3.10/dist-packages/airflow/example_dags/plugins/workday.py for tasks to queue
[2023-09-27T11:06:28.299+0000] {logging_mixin.py:151} INFO - [2023-09-27T11:06:28.298+0000] {dagbag.py:539} INFO - Filling up the DagBag from /usr/local/lib/python3.10/dist-packages/airflow/example_dags/plugins/workday.py
[2023-09-27T11:06:28.835+0000] {processor.py:841} WARNING - No viable dags retrieved from /usr/local/lib/python3.10/dist-packages/airflow/example_dags/plugins/workday.py
[2023-09-27T11:06:28.843+0000] {processor.py:179} INFO - Processing /usr/local/lib/python3.10/dist-packages/airflow/example_dags/plugins/workday.py took 0.550 seconds
[2023-09-27T11:07:02.049+0000] {processor.py:157} INFO - Started process (PID=4734) to work on /usr/local/lib/python3.10/dist-packages/airflow/example_dags/plugins/workday.py
[2023-09-27T11:07:02.050+0000] {processor.py:829} INFO - Processing file /usr/local/lib/python3.10/dist-packages/airflow/example_dags/plugins/workday.py for tasks to queue
[2023-09-27T11:07:02.051+0000] {logging_mixin.py:151} INFO - [2023-09-27T11:07:02.051+0000] {dagbag.py:539} INFO - Filling up the DagBag from /usr/local/lib/python3.10/dist-packages/airflow/example_dags/plugins/workday.py
[2023-09-27T11:07:02.532+0000] {processor.py:841} WARNING - No viable dags retrieved from /usr/local/lib/python3.10/dist-packages/airflow/example_dags/plugins/workday.py
[2023-09-27T11:07:02.539+0000] {processor.py:179} INFO - Processing /usr/local/lib/python3.10/dist-packages/airflow/example_dags/plugins/workday.py took 0.493 seconds
[2023-09-27T11:07:34.375+0000] {processor.py:157} INFO - Started process (PID=4767) to work on /usr/local/lib/python3.10/dist-packages/airflow/example_dags/plugins/workday.py
[2023-09-27T11:07:34.378+0000] {processor.py:829} INFO - Processing file /usr/local/lib/python3.10/dist-packages/airflow/example_dags/plugins/workday.py for tasks to queue
[2023-09-27T11:07:34.378+0000] {logging_mixin.py:151} INFO - [2023-09-27T11:07:34.378+0000] {dagbag.py:539} INFO - Filling up the DagBag from /usr/local/lib/python3.10/dist-packages/airflow/example_dags/plugins/workday.py
[2023-09-27T11:07:34.828+0000] {processor.py:841} WARNING - No viable dags retrieved from /usr/local/lib/python3.10/dist-packages/airflow/example_dags/plugins/workday.py
[2023-09-27T11:07:34.834+0000] {processor.py:179} INFO - Processing /usr/local/lib/python3.10/dist-packages/airflow/example_dags/plugins/workday.py took 0.465 seconds
[2023-09-27T11:08:09.293+0000] {processor.py:157} INFO - Started process (PID=4802) to work on /usr/local/lib/python3.10/dist-packages/airflow/example_dags/plugins/workday.py
[2023-09-27T11:08:09.298+0000] {processor.py:829} INFO - Processing file /usr/local/lib/python3.10/dist-packages/airflow/example_dags/plugins/workday.py for tasks to queue
[2023-09-27T11:08:09.299+0000] {logging_mixin.py:151} INFO - [2023-09-27T11:08:09.299+0000] {dagbag.py:539} INFO - Filling up the DagBag from /usr/local/lib/python3.10/dist-packages/airflow/example_dags/plugins/workday.py
[2023-09-27T11:08:09.760+0000] {processor.py:841} WARNING - No viable dags retrieved from /usr/local/lib/python3.10/dist-packages/airflow/example_dags/plugins/workday.py
[2023-09-27T11:08:09.767+0000] {processor.py:179} INFO - Processing /usr/local/lib/python3.10/dist-packages/airflow/example_dags/plugins/workday.py took 0.483 seconds
[2023-09-27T11:08:45.171+0000] {processor.py:157} INFO - Started process (PID=4838) to work on /usr/local/lib/python3.10/dist-packages/airflow/example_dags/plugins/workday.py
[2023-09-27T11:08:45.173+0000] {processor.py:829} INFO - Processing file /usr/local/lib/python3.10/dist-packages/airflow/example_dags/plugins/workday.py for tasks to queue
[2023-09-27T11:08:45.174+0000] {logging_mixin.py:151} INFO - [2023-09-27T11:08:45.173+0000] {dagbag.py:539} INFO - Filling up the DagBag from /usr/local/lib/python3.10/dist-packages/airflow/example_dags/plugins/workday.py
[2023-09-27T11:08:45.660+0000] {processor.py:841} WARNING - No viable dags retrieved from /usr/local/lib/python3.10/dist-packages/airflow/example_dags/plugins/workday.py
[2023-09-27T11:08:45.669+0000] {processor.py:179} INFO - Processing /usr/local/lib/python3.10/dist-packages/airflow/example_dags/plugins/workday.py took 0.501 seconds
[2023-09-27T11:09:18.981+0000] {processor.py:157} INFO - Started process (PID=4874) to work on /usr/local/lib/python3.10/dist-packages/airflow/example_dags/plugins/workday.py
[2023-09-27T11:09:18.982+0000] {processor.py:829} INFO - Processing file /usr/local/lib/python3.10/dist-packages/airflow/example_dags/plugins/workday.py for tasks to queue
[2023-09-27T11:09:18.983+0000] {logging_mixin.py:151} INFO - [2023-09-27T11:09:18.983+0000] {dagbag.py:539} INFO - Filling up the DagBag from /usr/local/lib/python3.10/dist-packages/airflow/example_dags/plugins/workday.py
[2023-09-27T11:09:19.474+0000] {processor.py:841} WARNING - No viable dags retrieved from /usr/local/lib/python3.10/dist-packages/airflow/example_dags/plugins/workday.py
[2023-09-27T11:09:19.485+0000] {processor.py:179} INFO - Processing /usr/local/lib/python3.10/dist-packages/airflow/example_dags/plugins/workday.py took 0.507 seconds
[2023-09-27T11:10:03.934+0000] {processor.py:157} INFO - Started process (PID=4921) to work on /usr/local/lib/python3.10/dist-packages/airflow/example_dags/plugins/workday.py
[2023-09-27T11:10:03.935+0000] {processor.py:829} INFO - Processing file /usr/local/lib/python3.10/dist-packages/airflow/example_dags/plugins/workday.py for tasks to queue
[2023-09-27T11:10:03.936+0000] {logging_mixin.py:151} INFO - [2023-09-27T11:10:03.936+0000] {dagbag.py:539} INFO - Filling up the DagBag from /usr/local/lib/python3.10/dist-packages/airflow/example_dags/plugins/workday.py
[2023-09-27T11:10:04.396+0000] {processor.py:841} WARNING - No viable dags retrieved from /usr/local/lib/python3.10/dist-packages/airflow/example_dags/plugins/workday.py
[2023-09-27T11:10:04.404+0000] {processor.py:179} INFO - Processing /usr/local/lib/python3.10/dist-packages/airflow/example_dags/plugins/workday.py took 0.474 seconds
[2023-09-27T11:10:37.191+0000] {processor.py:157} INFO - Started process (PID=4956) to work on /usr/local/lib/python3.10/dist-packages/airflow/example_dags/plugins/workday.py
[2023-09-27T11:10:37.192+0000] {processor.py:829} INFO - Processing file /usr/local/lib/python3.10/dist-packages/airflow/example_dags/plugins/workday.py for tasks to queue
[2023-09-27T11:10:37.193+0000] {logging_mixin.py:151} INFO - [2023-09-27T11:10:37.193+0000] {dagbag.py:539} INFO - Filling up the DagBag from /usr/local/lib/python3.10/dist-packages/airflow/example_dags/plugins/workday.py
[2023-09-27T11:10:37.670+0000] {processor.py:841} WARNING - No viable dags retrieved from /usr/local/lib/python3.10/dist-packages/airflow/example_dags/plugins/workday.py
[2023-09-27T11:10:37.677+0000] {processor.py:179} INFO - Processing /usr/local/lib/python3.10/dist-packages/airflow/example_dags/plugins/workday.py took 0.491 seconds
[2023-09-27T11:11:09.038+0000] {processor.py:157} INFO - Started process (PID=4992) to work on /usr/local/lib/python3.10/dist-packages/airflow/example_dags/plugins/workday.py
[2023-09-27T11:11:09.039+0000] {processor.py:829} INFO - Processing file /usr/local/lib/python3.10/dist-packages/airflow/example_dags/plugins/workday.py for tasks to queue
[2023-09-27T11:11:09.040+0000] {logging_mixin.py:151} INFO - [2023-09-27T11:11:09.040+0000] {dagbag.py:539} INFO - Filling up the DagBag from /usr/local/lib/python3.10/dist-packages/airflow/example_dags/plugins/workday.py
[2023-09-27T11:11:09.535+0000] {processor.py:841} WARNING - No viable dags retrieved from /usr/local/lib/python3.10/dist-packages/airflow/example_dags/plugins/workday.py
[2023-09-27T11:11:09.543+0000] {processor.py:179} INFO - Processing /usr/local/lib/python3.10/dist-packages/airflow/example_dags/plugins/workday.py took 0.508 seconds
[2023-09-27T11:11:42.093+0000] {processor.py:157} INFO - Started process (PID=5026) to work on /usr/local/lib/python3.10/dist-packages/airflow/example_dags/plugins/workday.py
[2023-09-27T11:11:42.094+0000] {processor.py:829} INFO - Processing file /usr/local/lib/python3.10/dist-packages/airflow/example_dags/plugins/workday.py for tasks to queue
[2023-09-27T11:11:42.095+0000] {logging_mixin.py:151} INFO - [2023-09-27T11:11:42.095+0000] {dagbag.py:539} INFO - Filling up the DagBag from /usr/local/lib/python3.10/dist-packages/airflow/example_dags/plugins/workday.py
[2023-09-27T11:11:42.633+0000] {processor.py:841} WARNING - No viable dags retrieved from /usr/local/lib/python3.10/dist-packages/airflow/example_dags/plugins/workday.py
[2023-09-27T11:11:42.640+0000] {processor.py:179} INFO - Processing /usr/local/lib/python3.10/dist-packages/airflow/example_dags/plugins/workday.py took 0.550 seconds
[2023-09-27T11:12:15.795+0000] {processor.py:157} INFO - Started process (PID=5063) to work on /usr/local/lib/python3.10/dist-packages/airflow/example_dags/plugins/workday.py
[2023-09-27T11:12:15.797+0000] {processor.py:829} INFO - Processing file /usr/local/lib/python3.10/dist-packages/airflow/example_dags/plugins/workday.py for tasks to queue
[2023-09-27T11:12:15.798+0000] {logging_mixin.py:151} INFO - [2023-09-27T11:12:15.797+0000] {dagbag.py:539} INFO - Filling up the DagBag from /usr/local/lib/python3.10/dist-packages/airflow/example_dags/plugins/workday.py
[2023-09-27T11:12:16.334+0000] {processor.py:841} WARNING - No viable dags retrieved from /usr/local/lib/python3.10/dist-packages/airflow/example_dags/plugins/workday.py
[2023-09-27T11:12:16.343+0000] {processor.py:179} INFO - Processing /usr/local/lib/python3.10/dist-packages/airflow/example_dags/plugins/workday.py took 0.555 seconds
[2023-09-27T11:12:46.690+0000] {processor.py:157} INFO - Started process (PID=5096) to work on /usr/local/lib/python3.10/dist-packages/airflow/example_dags/plugins/workday.py
[2023-09-27T11:12:46.691+0000] {processor.py:829} INFO - Processing file /usr/local/lib/python3.10/dist-packages/airflow/example_dags/plugins/workday.py for tasks to queue
[2023-09-27T11:12:46.692+0000] {logging_mixin.py:151} INFO - [2023-09-27T11:12:46.691+0000] {dagbag.py:539} INFO - Filling up the DagBag from /usr/local/lib/python3.10/dist-packages/airflow/example_dags/plugins/workday.py
[2023-09-27T11:12:47.233+0000] {processor.py:841} WARNING - No viable dags retrieved from /usr/local/lib/python3.10/dist-packages/airflow/example_dags/plugins/workday.py
[2023-09-27T11:12:47.241+0000] {processor.py:179} INFO - Processing /usr/local/lib/python3.10/dist-packages/airflow/example_dags/plugins/workday.py took 0.555 seconds
[2023-09-27T11:13:20.066+0000] {processor.py:157} INFO - Started process (PID=5133) to work on /usr/local/lib/python3.10/dist-packages/airflow/example_dags/plugins/workday.py
[2023-09-27T11:13:20.067+0000] {processor.py:829} INFO - Processing file /usr/local/lib/python3.10/dist-packages/airflow/example_dags/plugins/workday.py for tasks to queue
[2023-09-27T11:13:20.068+0000] {logging_mixin.py:151} INFO - [2023-09-27T11:13:20.068+0000] {dagbag.py:539} INFO - Filling up the DagBag from /usr/local/lib/python3.10/dist-packages/airflow/example_dags/plugins/workday.py
[2023-09-27T11:13:20.570+0000] {processor.py:841} WARNING - No viable dags retrieved from /usr/local/lib/python3.10/dist-packages/airflow/example_dags/plugins/workday.py
[2023-09-27T11:13:20.577+0000] {processor.py:179} INFO - Processing /usr/local/lib/python3.10/dist-packages/airflow/example_dags/plugins/workday.py took 0.513 seconds
[2023-09-27T11:13:52.525+0000] {processor.py:157} INFO - Started process (PID=5167) to work on /usr/local/lib/python3.10/dist-packages/airflow/example_dags/plugins/workday.py
[2023-09-27T11:13:52.526+0000] {processor.py:829} INFO - Processing file /usr/local/lib/python3.10/dist-packages/airflow/example_dags/plugins/workday.py for tasks to queue
[2023-09-27T11:13:52.527+0000] {logging_mixin.py:151} INFO - [2023-09-27T11:13:52.527+0000] {dagbag.py:539} INFO - Filling up the DagBag from /usr/local/lib/python3.10/dist-packages/airflow/example_dags/plugins/workday.py
[2023-09-27T11:13:53.000+0000] {processor.py:841} WARNING - No viable dags retrieved from /usr/local/lib/python3.10/dist-packages/airflow/example_dags/plugins/workday.py
[2023-09-27T11:13:53.025+0000] {processor.py:179} INFO - Processing /usr/local/lib/python3.10/dist-packages/airflow/example_dags/plugins/workday.py took 0.504 seconds
[2023-09-27T11:14:26.248+0000] {processor.py:157} INFO - Started process (PID=5202) to work on /usr/local/lib/python3.10/dist-packages/airflow/example_dags/plugins/workday.py
[2023-09-27T11:14:26.249+0000] {processor.py:829} INFO - Processing file /usr/local/lib/python3.10/dist-packages/airflow/example_dags/plugins/workday.py for tasks to queue
[2023-09-27T11:14:26.250+0000] {logging_mixin.py:151} INFO - [2023-09-27T11:14:26.250+0000] {dagbag.py:539} INFO - Filling up the DagBag from /usr/local/lib/python3.10/dist-packages/airflow/example_dags/plugins/workday.py
[2023-09-27T11:14:26.758+0000] {processor.py:841} WARNING - No viable dags retrieved from /usr/local/lib/python3.10/dist-packages/airflow/example_dags/plugins/workday.py
[2023-09-27T11:14:26.765+0000] {processor.py:179} INFO - Processing /usr/local/lib/python3.10/dist-packages/airflow/example_dags/plugins/workday.py took 0.520 seconds
[2023-09-27T11:14:59.878+0000] {processor.py:157} INFO - Started process (PID=5236) to work on /usr/local/lib/python3.10/dist-packages/airflow/example_dags/plugins/workday.py
[2023-09-27T11:14:59.879+0000] {processor.py:829} INFO - Processing file /usr/local/lib/python3.10/dist-packages/airflow/example_dags/plugins/workday.py for tasks to queue
[2023-09-27T11:14:59.880+0000] {logging_mixin.py:151} INFO - [2023-09-27T11:14:59.880+0000] {dagbag.py:539} INFO - Filling up the DagBag from /usr/local/lib/python3.10/dist-packages/airflow/example_dags/plugins/workday.py
[2023-09-27T11:15:00.457+0000] {processor.py:841} WARNING - No viable dags retrieved from /usr/local/lib/python3.10/dist-packages/airflow/example_dags/plugins/workday.py
[2023-09-27T11:15:00.465+0000] {processor.py:179} INFO - Processing /usr/local/lib/python3.10/dist-packages/airflow/example_dags/plugins/workday.py took 0.591 seconds
[2023-09-27T11:15:35.181+0000] {processor.py:157} INFO - Started process (PID=5272) to work on /usr/local/lib/python3.10/dist-packages/airflow/example_dags/plugins/workday.py
[2023-09-27T11:15:35.182+0000] {processor.py:829} INFO - Processing file /usr/local/lib/python3.10/dist-packages/airflow/example_dags/plugins/workday.py for tasks to queue
[2023-09-27T11:15:35.183+0000] {logging_mixin.py:151} INFO - [2023-09-27T11:15:35.182+0000] {dagbag.py:539} INFO - Filling up the DagBag from /usr/local/lib/python3.10/dist-packages/airflow/example_dags/plugins/workday.py
[2023-09-27T11:15:35.636+0000] {processor.py:841} WARNING - No viable dags retrieved from /usr/local/lib/python3.10/dist-packages/airflow/example_dags/plugins/workday.py
[2023-09-27T11:15:35.643+0000] {processor.py:179} INFO - Processing /usr/local/lib/python3.10/dist-packages/airflow/example_dags/plugins/workday.py took 0.465 seconds
[2023-09-27T11:16:09.836+0000] {processor.py:157} INFO - Started process (PID=5308) to work on /usr/local/lib/python3.10/dist-packages/airflow/example_dags/plugins/workday.py
[2023-09-27T11:16:09.838+0000] {processor.py:829} INFO - Processing file /usr/local/lib/python3.10/dist-packages/airflow/example_dags/plugins/workday.py for tasks to queue
[2023-09-27T11:16:09.839+0000] {logging_mixin.py:151} INFO - [2023-09-27T11:16:09.838+0000] {dagbag.py:539} INFO - Filling up the DagBag from /usr/local/lib/python3.10/dist-packages/airflow/example_dags/plugins/workday.py
[2023-09-27T11:16:10.274+0000] {processor.py:841} WARNING - No viable dags retrieved from /usr/local/lib/python3.10/dist-packages/airflow/example_dags/plugins/workday.py
[2023-09-27T11:16:10.282+0000] {processor.py:179} INFO - Processing /usr/local/lib/python3.10/dist-packages/airflow/example_dags/plugins/workday.py took 0.448 seconds
[2023-09-27T11:16:41.928+0000] {processor.py:157} INFO - Started process (PID=5341) to work on /usr/local/lib/python3.10/dist-packages/airflow/example_dags/plugins/workday.py
[2023-09-27T11:16:41.929+0000] {processor.py:829} INFO - Processing file /usr/local/lib/python3.10/dist-packages/airflow/example_dags/plugins/workday.py for tasks to queue
[2023-09-27T11:16:41.930+0000] {logging_mixin.py:151} INFO - [2023-09-27T11:16:41.929+0000] {dagbag.py:539} INFO - Filling up the DagBag from /usr/local/lib/python3.10/dist-packages/airflow/example_dags/plugins/workday.py
[2023-09-27T11:16:42.417+0000] {processor.py:841} WARNING - No viable dags retrieved from /usr/local/lib/python3.10/dist-packages/airflow/example_dags/plugins/workday.py
[2023-09-27T11:16:42.425+0000] {processor.py:179} INFO - Processing /usr/local/lib/python3.10/dist-packages/airflow/example_dags/plugins/workday.py took 0.501 seconds
[2023-09-27T11:17:15.385+0000] {processor.py:157} INFO - Started process (PID=5380) to work on /usr/local/lib/python3.10/dist-packages/airflow/example_dags/plugins/workday.py
[2023-09-27T11:17:15.387+0000] {processor.py:829} INFO - Processing file /usr/local/lib/python3.10/dist-packages/airflow/example_dags/plugins/workday.py for tasks to queue
[2023-09-27T11:17:15.388+0000] {logging_mixin.py:151} INFO - [2023-09-27T11:17:15.388+0000] {dagbag.py:539} INFO - Filling up the DagBag from /usr/local/lib/python3.10/dist-packages/airflow/example_dags/plugins/workday.py
[2023-09-27T11:17:15.933+0000] {processor.py:841} WARNING - No viable dags retrieved from /usr/local/lib/python3.10/dist-packages/airflow/example_dags/plugins/workday.py
[2023-09-27T11:17:15.940+0000] {processor.py:179} INFO - Processing /usr/local/lib/python3.10/dist-packages/airflow/example_dags/plugins/workday.py took 0.559 seconds
[2023-09-27T11:17:50.237+0000] {processor.py:157} INFO - Started process (PID=5419) to work on /usr/local/lib/python3.10/dist-packages/airflow/example_dags/plugins/workday.py
[2023-09-27T11:17:50.237+0000] {processor.py:829} INFO - Processing file /usr/local/lib/python3.10/dist-packages/airflow/example_dags/plugins/workday.py for tasks to queue
[2023-09-27T11:17:50.238+0000] {logging_mixin.py:151} INFO - [2023-09-27T11:17:50.238+0000] {dagbag.py:539} INFO - Filling up the DagBag from /usr/local/lib/python3.10/dist-packages/airflow/example_dags/plugins/workday.py
[2023-09-27T11:17:50.671+0000] {processor.py:841} WARNING - No viable dags retrieved from /usr/local/lib/python3.10/dist-packages/airflow/example_dags/plugins/workday.py
[2023-09-27T11:17:50.677+0000] {processor.py:179} INFO - Processing /usr/local/lib/python3.10/dist-packages/airflow/example_dags/plugins/workday.py took 0.445 seconds
[2023-09-27T11:18:24.781+0000] {processor.py:157} INFO - Started process (PID=5454) to work on /usr/local/lib/python3.10/dist-packages/airflow/example_dags/plugins/workday.py
[2023-09-27T11:18:24.783+0000] {processor.py:829} INFO - Processing file /usr/local/lib/python3.10/dist-packages/airflow/example_dags/plugins/workday.py for tasks to queue
[2023-09-27T11:18:24.784+0000] {logging_mixin.py:151} INFO - [2023-09-27T11:18:24.783+0000] {dagbag.py:539} INFO - Filling up the DagBag from /usr/local/lib/python3.10/dist-packages/airflow/example_dags/plugins/workday.py
[2023-09-27T11:18:25.270+0000] {processor.py:841} WARNING - No viable dags retrieved from /usr/local/lib/python3.10/dist-packages/airflow/example_dags/plugins/workday.py
[2023-09-27T11:18:25.277+0000] {processor.py:179} INFO - Processing /usr/local/lib/python3.10/dist-packages/airflow/example_dags/plugins/workday.py took 0.500 seconds
[2023-09-27T11:18:55.726+0000] {processor.py:157} INFO - Started process (PID=5488) to work on /usr/local/lib/python3.10/dist-packages/airflow/example_dags/plugins/workday.py
[2023-09-27T11:18:55.727+0000] {processor.py:829} INFO - Processing file /usr/local/lib/python3.10/dist-packages/airflow/example_dags/plugins/workday.py for tasks to queue
[2023-09-27T11:18:55.728+0000] {logging_mixin.py:151} INFO - [2023-09-27T11:18:55.727+0000] {dagbag.py:539} INFO - Filling up the DagBag from /usr/local/lib/python3.10/dist-packages/airflow/example_dags/plugins/workday.py
[2023-09-27T11:18:56.205+0000] {processor.py:841} WARNING - No viable dags retrieved from /usr/local/lib/python3.10/dist-packages/airflow/example_dags/plugins/workday.py
[2023-09-27T11:18:56.211+0000] {processor.py:179} INFO - Processing /usr/local/lib/python3.10/dist-packages/airflow/example_dags/plugins/workday.py took 0.488 seconds
[2023-09-27T11:19:27.816+0000] {processor.py:157} INFO - Started process (PID=5522) to work on /usr/local/lib/python3.10/dist-packages/airflow/example_dags/plugins/workday.py
[2023-09-27T11:19:27.817+0000] {processor.py:829} INFO - Processing file /usr/local/lib/python3.10/dist-packages/airflow/example_dags/plugins/workday.py for tasks to queue
[2023-09-27T11:19:27.818+0000] {logging_mixin.py:151} INFO - [2023-09-27T11:19:27.818+0000] {dagbag.py:539} INFO - Filling up the DagBag from /usr/local/lib/python3.10/dist-packages/airflow/example_dags/plugins/workday.py
[2023-09-27T11:19:28.252+0000] {processor.py:841} WARNING - No viable dags retrieved from /usr/local/lib/python3.10/dist-packages/airflow/example_dags/plugins/workday.py
[2023-09-27T11:19:28.259+0000] {processor.py:179} INFO - Processing /usr/local/lib/python3.10/dist-packages/airflow/example_dags/plugins/workday.py took 0.449 seconds
[2023-09-27T11:20:01.910+0000] {processor.py:157} INFO - Started process (PID=5558) to work on /usr/local/lib/python3.10/dist-packages/airflow/example_dags/plugins/workday.py
[2023-09-27T11:20:01.916+0000] {processor.py:829} INFO - Processing file /usr/local/lib/python3.10/dist-packages/airflow/example_dags/plugins/workday.py for tasks to queue
[2023-09-27T11:20:01.921+0000] {logging_mixin.py:151} INFO - [2023-09-27T11:20:01.921+0000] {dagbag.py:539} INFO - Filling up the DagBag from /usr/local/lib/python3.10/dist-packages/airflow/example_dags/plugins/workday.py
[2023-09-27T11:20:02.493+0000] {processor.py:841} WARNING - No viable dags retrieved from /usr/local/lib/python3.10/dist-packages/airflow/example_dags/plugins/workday.py
[2023-09-27T11:20:02.502+0000] {processor.py:179} INFO - Processing /usr/local/lib/python3.10/dist-packages/airflow/example_dags/plugins/workday.py took 0.598 seconds
[2023-09-27T11:20:38.716+0000] {processor.py:157} INFO - Started process (PID=5597) to work on /usr/local/lib/python3.10/dist-packages/airflow/example_dags/plugins/workday.py
[2023-09-27T11:20:38.717+0000] {processor.py:829} INFO - Processing file /usr/local/lib/python3.10/dist-packages/airflow/example_dags/plugins/workday.py for tasks to queue
[2023-09-27T11:20:38.717+0000] {logging_mixin.py:151} INFO - [2023-09-27T11:20:38.717+0000] {dagbag.py:539} INFO - Filling up the DagBag from /usr/local/lib/python3.10/dist-packages/airflow/example_dags/plugins/workday.py
[2023-09-27T11:20:39.179+0000] {processor.py:841} WARNING - No viable dags retrieved from /usr/local/lib/python3.10/dist-packages/airflow/example_dags/plugins/workday.py
[2023-09-27T11:20:39.186+0000] {processor.py:179} INFO - Processing /usr/local/lib/python3.10/dist-packages/airflow/example_dags/plugins/workday.py took 0.473 seconds
[2023-09-27T11:21:12.933+0000] {processor.py:157} INFO - Started process (PID=5632) to work on /usr/local/lib/python3.10/dist-packages/airflow/example_dags/plugins/workday.py
[2023-09-27T11:21:12.934+0000] {processor.py:829} INFO - Processing file /usr/local/lib/python3.10/dist-packages/airflow/example_dags/plugins/workday.py for tasks to queue
[2023-09-27T11:21:12.935+0000] {logging_mixin.py:151} INFO - [2023-09-27T11:21:12.934+0000] {dagbag.py:539} INFO - Filling up the DagBag from /usr/local/lib/python3.10/dist-packages/airflow/example_dags/plugins/workday.py
[2023-09-27T11:21:13.384+0000] {processor.py:841} WARNING - No viable dags retrieved from /usr/local/lib/python3.10/dist-packages/airflow/example_dags/plugins/workday.py
[2023-09-27T11:21:13.391+0000] {processor.py:179} INFO - Processing /usr/local/lib/python3.10/dist-packages/airflow/example_dags/plugins/workday.py took 0.462 seconds
[2023-09-27T11:21:47.989+0000] {processor.py:157} INFO - Started process (PID=5670) to work on /usr/local/lib/python3.10/dist-packages/airflow/example_dags/plugins/workday.py
[2023-09-27T11:21:47.990+0000] {processor.py:829} INFO - Processing file /usr/local/lib/python3.10/dist-packages/airflow/example_dags/plugins/workday.py for tasks to queue
[2023-09-27T11:21:47.991+0000] {logging_mixin.py:151} INFO - [2023-09-27T11:21:47.991+0000] {dagbag.py:539} INFO - Filling up the DagBag from /usr/local/lib/python3.10/dist-packages/airflow/example_dags/plugins/workday.py
[2023-09-27T11:21:48.417+0000] {processor.py:841} WARNING - No viable dags retrieved from /usr/local/lib/python3.10/dist-packages/airflow/example_dags/plugins/workday.py
[2023-09-27T11:21:48.424+0000] {processor.py:179} INFO - Processing /usr/local/lib/python3.10/dist-packages/airflow/example_dags/plugins/workday.py took 0.439 seconds
[2023-09-27T11:22:19.617+0000] {processor.py:157} INFO - Started process (PID=5706) to work on /usr/local/lib/python3.10/dist-packages/airflow/example_dags/plugins/workday.py
[2023-09-27T11:22:19.618+0000] {processor.py:829} INFO - Processing file /usr/local/lib/python3.10/dist-packages/airflow/example_dags/plugins/workday.py for tasks to queue
[2023-09-27T11:22:19.618+0000] {logging_mixin.py:151} INFO - [2023-09-27T11:22:19.618+0000] {dagbag.py:539} INFO - Filling up the DagBag from /usr/local/lib/python3.10/dist-packages/airflow/example_dags/plugins/workday.py
[2023-09-27T11:22:20.110+0000] {processor.py:841} WARNING - No viable dags retrieved from /usr/local/lib/python3.10/dist-packages/airflow/example_dags/plugins/workday.py
[2023-09-27T11:22:20.117+0000] {processor.py:179} INFO - Processing /usr/local/lib/python3.10/dist-packages/airflow/example_dags/plugins/workday.py took 0.503 seconds
[2023-09-27T11:22:51.643+0000] {processor.py:157} INFO - Started process (PID=5740) to work on /usr/local/lib/python3.10/dist-packages/airflow/example_dags/plugins/workday.py
[2023-09-27T11:22:51.645+0000] {processor.py:829} INFO - Processing file /usr/local/lib/python3.10/dist-packages/airflow/example_dags/plugins/workday.py for tasks to queue
[2023-09-27T11:22:51.646+0000] {logging_mixin.py:151} INFO - [2023-09-27T11:22:51.646+0000] {dagbag.py:539} INFO - Filling up the DagBag from /usr/local/lib/python3.10/dist-packages/airflow/example_dags/plugins/workday.py
[2023-09-27T11:22:52.162+0000] {processor.py:841} WARNING - No viable dags retrieved from /usr/local/lib/python3.10/dist-packages/airflow/example_dags/plugins/workday.py
[2023-09-27T11:22:52.169+0000] {processor.py:179} INFO - Processing /usr/local/lib/python3.10/dist-packages/airflow/example_dags/plugins/workday.py took 0.530 seconds
[2023-09-27T11:23:27.413+0000] {processor.py:157} INFO - Started process (PID=5776) to work on /usr/local/lib/python3.10/dist-packages/airflow/example_dags/plugins/workday.py
[2023-09-27T11:23:27.414+0000] {processor.py:829} INFO - Processing file /usr/local/lib/python3.10/dist-packages/airflow/example_dags/plugins/workday.py for tasks to queue
[2023-09-27T11:23:27.415+0000] {logging_mixin.py:151} INFO - [2023-09-27T11:23:27.415+0000] {dagbag.py:539} INFO - Filling up the DagBag from /usr/local/lib/python3.10/dist-packages/airflow/example_dags/plugins/workday.py
[2023-09-27T11:23:27.899+0000] {processor.py:841} WARNING - No viable dags retrieved from /usr/local/lib/python3.10/dist-packages/airflow/example_dags/plugins/workday.py
[2023-09-27T11:23:27.915+0000] {processor.py:179} INFO - Processing /usr/local/lib/python3.10/dist-packages/airflow/example_dags/plugins/workday.py took 0.505 seconds
[2023-09-27T11:24:01.254+0000] {processor.py:157} INFO - Started process (PID=5811) to work on /usr/local/lib/python3.10/dist-packages/airflow/example_dags/plugins/workday.py
[2023-09-27T11:24:01.255+0000] {processor.py:829} INFO - Processing file /usr/local/lib/python3.10/dist-packages/airflow/example_dags/plugins/workday.py for tasks to queue
[2023-09-27T11:24:01.256+0000] {logging_mixin.py:151} INFO - [2023-09-27T11:24:01.256+0000] {dagbag.py:539} INFO - Filling up the DagBag from /usr/local/lib/python3.10/dist-packages/airflow/example_dags/plugins/workday.py
[2023-09-27T11:24:01.819+0000] {processor.py:841} WARNING - No viable dags retrieved from /usr/local/lib/python3.10/dist-packages/airflow/example_dags/plugins/workday.py
[2023-09-27T11:24:01.831+0000] {processor.py:179} INFO - Processing /usr/local/lib/python3.10/dist-packages/airflow/example_dags/plugins/workday.py took 0.581 seconds
[2023-09-27T11:24:34.518+0000] {processor.py:157} INFO - Started process (PID=5846) to work on /usr/local/lib/python3.10/dist-packages/airflow/example_dags/plugins/workday.py
[2023-09-27T11:24:34.519+0000] {processor.py:829} INFO - Processing file /usr/local/lib/python3.10/dist-packages/airflow/example_dags/plugins/workday.py for tasks to queue
[2023-09-27T11:24:34.519+0000] {logging_mixin.py:151} INFO - [2023-09-27T11:24:34.519+0000] {dagbag.py:539} INFO - Filling up the DagBag from /usr/local/lib/python3.10/dist-packages/airflow/example_dags/plugins/workday.py
[2023-09-27T11:24:35.075+0000] {processor.py:841} WARNING - No viable dags retrieved from /usr/local/lib/python3.10/dist-packages/airflow/example_dags/plugins/workday.py
[2023-09-27T11:24:35.084+0000] {processor.py:179} INFO - Processing /usr/local/lib/python3.10/dist-packages/airflow/example_dags/plugins/workday.py took 0.570 seconds
[2023-09-27T11:25:10.613+0000] {processor.py:157} INFO - Started process (PID=5882) to work on /usr/local/lib/python3.10/dist-packages/airflow/example_dags/plugins/workday.py
[2023-09-27T11:25:10.614+0000] {processor.py:829} INFO - Processing file /usr/local/lib/python3.10/dist-packages/airflow/example_dags/plugins/workday.py for tasks to queue
[2023-09-27T11:25:10.615+0000] {logging_mixin.py:151} INFO - [2023-09-27T11:25:10.615+0000] {dagbag.py:539} INFO - Filling up the DagBag from /usr/local/lib/python3.10/dist-packages/airflow/example_dags/plugins/workday.py
[2023-09-27T11:25:11.027+0000] {processor.py:841} WARNING - No viable dags retrieved from /usr/local/lib/python3.10/dist-packages/airflow/example_dags/plugins/workday.py
[2023-09-27T11:25:11.034+0000] {processor.py:179} INFO - Processing /usr/local/lib/python3.10/dist-packages/airflow/example_dags/plugins/workday.py took 0.424 seconds
[2023-09-27T11:25:45.710+0000] {processor.py:157} INFO - Started process (PID=5918) to work on /usr/local/lib/python3.10/dist-packages/airflow/example_dags/plugins/workday.py
[2023-09-27T11:25:45.711+0000] {processor.py:829} INFO - Processing file /usr/local/lib/python3.10/dist-packages/airflow/example_dags/plugins/workday.py for tasks to queue
[2023-09-27T11:25:45.712+0000] {logging_mixin.py:151} INFO - [2023-09-27T11:25:45.712+0000] {dagbag.py:539} INFO - Filling up the DagBag from /usr/local/lib/python3.10/dist-packages/airflow/example_dags/plugins/workday.py
[2023-09-27T11:25:46.263+0000] {processor.py:841} WARNING - No viable dags retrieved from /usr/local/lib/python3.10/dist-packages/airflow/example_dags/plugins/workday.py
[2023-09-27T11:25:46.272+0000] {processor.py:179} INFO - Processing /usr/local/lib/python3.10/dist-packages/airflow/example_dags/plugins/workday.py took 0.565 seconds
[2023-09-27T11:26:21.929+0000] {processor.py:157} INFO - Started process (PID=5957) to work on /usr/local/lib/python3.10/dist-packages/airflow/example_dags/plugins/workday.py
[2023-09-27T11:26:21.930+0000] {processor.py:829} INFO - Processing file /usr/local/lib/python3.10/dist-packages/airflow/example_dags/plugins/workday.py for tasks to queue
[2023-09-27T11:26:21.931+0000] {logging_mixin.py:151} INFO - [2023-09-27T11:26:21.931+0000] {dagbag.py:539} INFO - Filling up the DagBag from /usr/local/lib/python3.10/dist-packages/airflow/example_dags/plugins/workday.py
[2023-09-27T11:26:22.414+0000] {processor.py:841} WARNING - No viable dags retrieved from /usr/local/lib/python3.10/dist-packages/airflow/example_dags/plugins/workday.py
[2023-09-27T11:26:22.421+0000] {processor.py:179} INFO - Processing /usr/local/lib/python3.10/dist-packages/airflow/example_dags/plugins/workday.py took 0.495 seconds
[2023-09-27T11:26:55.592+0000] {processor.py:157} INFO - Started process (PID=5994) to work on /usr/local/lib/python3.10/dist-packages/airflow/example_dags/plugins/workday.py
[2023-09-27T11:26:55.593+0000] {processor.py:829} INFO - Processing file /usr/local/lib/python3.10/dist-packages/airflow/example_dags/plugins/workday.py for tasks to queue
[2023-09-27T11:26:55.594+0000] {logging_mixin.py:151} INFO - [2023-09-27T11:26:55.594+0000] {dagbag.py:539} INFO - Filling up the DagBag from /usr/local/lib/python3.10/dist-packages/airflow/example_dags/plugins/workday.py
[2023-09-27T11:26:56.061+0000] {processor.py:841} WARNING - No viable dags retrieved from /usr/local/lib/python3.10/dist-packages/airflow/example_dags/plugins/workday.py
[2023-09-27T11:26:56.067+0000] {processor.py:179} INFO - Processing /usr/local/lib/python3.10/dist-packages/airflow/example_dags/plugins/workday.py took 0.487 seconds
[2023-09-27T11:27:27.144+0000] {processor.py:157} INFO - Started process (PID=6030) to work on /usr/local/lib/python3.10/dist-packages/airflow/example_dags/plugins/workday.py
[2023-09-27T11:27:27.145+0000] {processor.py:829} INFO - Processing file /usr/local/lib/python3.10/dist-packages/airflow/example_dags/plugins/workday.py for tasks to queue
[2023-09-27T11:27:27.146+0000] {logging_mixin.py:151} INFO - [2023-09-27T11:27:27.146+0000] {dagbag.py:539} INFO - Filling up the DagBag from /usr/local/lib/python3.10/dist-packages/airflow/example_dags/plugins/workday.py
[2023-09-27T11:27:27.603+0000] {processor.py:841} WARNING - No viable dags retrieved from /usr/local/lib/python3.10/dist-packages/airflow/example_dags/plugins/workday.py
[2023-09-27T11:27:27.613+0000] {processor.py:179} INFO - Processing /usr/local/lib/python3.10/dist-packages/airflow/example_dags/plugins/workday.py took 0.472 seconds
[2023-09-27T11:27:59.871+0000] {processor.py:157} INFO - Started process (PID=6067) to work on /usr/local/lib/python3.10/dist-packages/airflow/example_dags/plugins/workday.py
[2023-09-27T11:27:59.873+0000] {processor.py:829} INFO - Processing file /usr/local/lib/python3.10/dist-packages/airflow/example_dags/plugins/workday.py for tasks to queue
[2023-09-27T11:27:59.873+0000] {logging_mixin.py:151} INFO - [2023-09-27T11:27:59.873+0000] {dagbag.py:539} INFO - Filling up the DagBag from /usr/local/lib/python3.10/dist-packages/airflow/example_dags/plugins/workday.py
[2023-09-27T11:28:00.467+0000] {processor.py:841} WARNING - No viable dags retrieved from /usr/local/lib/python3.10/dist-packages/airflow/example_dags/plugins/workday.py
[2023-09-27T11:28:00.474+0000] {processor.py:179} INFO - Processing /usr/local/lib/python3.10/dist-packages/airflow/example_dags/plugins/workday.py took 0.606 seconds
[2023-09-27T11:28:31.310+0000] {processor.py:157} INFO - Started process (PID=6102) to work on /usr/local/lib/python3.10/dist-packages/airflow/example_dags/plugins/workday.py
[2023-09-27T11:28:31.311+0000] {processor.py:829} INFO - Processing file /usr/local/lib/python3.10/dist-packages/airflow/example_dags/plugins/workday.py for tasks to queue
[2023-09-27T11:28:31.312+0000] {logging_mixin.py:151} INFO - [2023-09-27T11:28:31.312+0000] {dagbag.py:539} INFO - Filling up the DagBag from /usr/local/lib/python3.10/dist-packages/airflow/example_dags/plugins/workday.py
[2023-09-27T11:28:31.773+0000] {processor.py:841} WARNING - No viable dags retrieved from /usr/local/lib/python3.10/dist-packages/airflow/example_dags/plugins/workday.py
[2023-09-27T11:28:31.780+0000] {processor.py:179} INFO - Processing /usr/local/lib/python3.10/dist-packages/airflow/example_dags/plugins/workday.py took 0.473 seconds
[2023-09-27T11:29:05.203+0000] {processor.py:157} INFO - Started process (PID=6136) to work on /usr/local/lib/python3.10/dist-packages/airflow/example_dags/plugins/workday.py
[2023-09-27T11:29:05.204+0000] {processor.py:829} INFO - Processing file /usr/local/lib/python3.10/dist-packages/airflow/example_dags/plugins/workday.py for tasks to queue
[2023-09-27T11:29:05.205+0000] {logging_mixin.py:151} INFO - [2023-09-27T11:29:05.205+0000] {dagbag.py:539} INFO - Filling up the DagBag from /usr/local/lib/python3.10/dist-packages/airflow/example_dags/plugins/workday.py
[2023-09-27T11:29:05.699+0000] {processor.py:841} WARNING - No viable dags retrieved from /usr/local/lib/python3.10/dist-packages/airflow/example_dags/plugins/workday.py
[2023-09-27T11:29:05.705+0000] {processor.py:179} INFO - Processing /usr/local/lib/python3.10/dist-packages/airflow/example_dags/plugins/workday.py took 0.506 seconds
[2023-09-27T11:29:39.165+0000] {processor.py:157} INFO - Started process (PID=6174) to work on /usr/local/lib/python3.10/dist-packages/airflow/example_dags/plugins/workday.py
[2023-09-27T11:29:39.166+0000] {processor.py:829} INFO - Processing file /usr/local/lib/python3.10/dist-packages/airflow/example_dags/plugins/workday.py for tasks to queue
[2023-09-27T11:29:39.167+0000] {logging_mixin.py:151} INFO - [2023-09-27T11:29:39.167+0000] {dagbag.py:539} INFO - Filling up the DagBag from /usr/local/lib/python3.10/dist-packages/airflow/example_dags/plugins/workday.py
[2023-09-27T11:29:39.615+0000] {processor.py:841} WARNING - No viable dags retrieved from /usr/local/lib/python3.10/dist-packages/airflow/example_dags/plugins/workday.py
[2023-09-27T11:29:39.621+0000] {processor.py:179} INFO - Processing /usr/local/lib/python3.10/dist-packages/airflow/example_dags/plugins/workday.py took 0.459 seconds
[2023-09-27T11:30:14.247+0000] {processor.py:157} INFO - Started process (PID=6209) to work on /usr/local/lib/python3.10/dist-packages/airflow/example_dags/plugins/workday.py
[2023-09-27T11:30:14.247+0000] {processor.py:829} INFO - Processing file /usr/local/lib/python3.10/dist-packages/airflow/example_dags/plugins/workday.py for tasks to queue
[2023-09-27T11:30:14.248+0000] {logging_mixin.py:151} INFO - [2023-09-27T11:30:14.248+0000] {dagbag.py:539} INFO - Filling up the DagBag from /usr/local/lib/python3.10/dist-packages/airflow/example_dags/plugins/workday.py
[2023-09-27T11:30:14.729+0000] {processor.py:841} WARNING - No viable dags retrieved from /usr/local/lib/python3.10/dist-packages/airflow/example_dags/plugins/workday.py
[2023-09-27T11:30:14.736+0000] {processor.py:179} INFO - Processing /usr/local/lib/python3.10/dist-packages/airflow/example_dags/plugins/workday.py took 0.493 seconds
[2023-09-27T11:30:45.503+0000] {processor.py:157} INFO - Started process (PID=6243) to work on /usr/local/lib/python3.10/dist-packages/airflow/example_dags/plugins/workday.py
[2023-09-27T11:30:45.505+0000] {processor.py:829} INFO - Processing file /usr/local/lib/python3.10/dist-packages/airflow/example_dags/plugins/workday.py for tasks to queue
[2023-09-27T11:30:45.506+0000] {logging_mixin.py:151} INFO - [2023-09-27T11:30:45.505+0000] {dagbag.py:539} INFO - Filling up the DagBag from /usr/local/lib/python3.10/dist-packages/airflow/example_dags/plugins/workday.py
[2023-09-27T11:30:46.049+0000] {processor.py:841} WARNING - No viable dags retrieved from /usr/local/lib/python3.10/dist-packages/airflow/example_dags/plugins/workday.py
[2023-09-27T11:30:46.058+0000] {processor.py:179} INFO - Processing /usr/local/lib/python3.10/dist-packages/airflow/example_dags/plugins/workday.py took 0.558 seconds
[2023-09-27T11:31:18.301+0000] {processor.py:157} INFO - Started process (PID=6278) to work on /usr/local/lib/python3.10/dist-packages/airflow/example_dags/plugins/workday.py
[2023-09-27T11:31:18.302+0000] {processor.py:829} INFO - Processing file /usr/local/lib/python3.10/dist-packages/airflow/example_dags/plugins/workday.py for tasks to queue
[2023-09-27T11:31:18.303+0000] {logging_mixin.py:151} INFO - [2023-09-27T11:31:18.303+0000] {dagbag.py:539} INFO - Filling up the DagBag from /usr/local/lib/python3.10/dist-packages/airflow/example_dags/plugins/workday.py
[2023-09-27T11:31:18.773+0000] {processor.py:841} WARNING - No viable dags retrieved from /usr/local/lib/python3.10/dist-packages/airflow/example_dags/plugins/workday.py
[2023-09-27T11:31:18.781+0000] {processor.py:179} INFO - Processing /usr/local/lib/python3.10/dist-packages/airflow/example_dags/plugins/workday.py took 0.483 seconds
[2023-09-27T11:31:49.255+0000] {processor.py:157} INFO - Started process (PID=6315) to work on /usr/local/lib/python3.10/dist-packages/airflow/example_dags/plugins/workday.py
[2023-09-27T11:31:49.256+0000] {processor.py:829} INFO - Processing file /usr/local/lib/python3.10/dist-packages/airflow/example_dags/plugins/workday.py for tasks to queue
[2023-09-27T11:31:49.257+0000] {logging_mixin.py:151} INFO - [2023-09-27T11:31:49.256+0000] {dagbag.py:539} INFO - Filling up the DagBag from /usr/local/lib/python3.10/dist-packages/airflow/example_dags/plugins/workday.py
[2023-09-27T11:31:49.723+0000] {processor.py:841} WARNING - No viable dags retrieved from /usr/local/lib/python3.10/dist-packages/airflow/example_dags/plugins/workday.py
[2023-09-27T11:31:49.731+0000] {processor.py:179} INFO - Processing /usr/local/lib/python3.10/dist-packages/airflow/example_dags/plugins/workday.py took 0.478 seconds
[2023-09-27T11:32:20.087+0000] {processor.py:157} INFO - Started process (PID=6348) to work on /usr/local/lib/python3.10/dist-packages/airflow/example_dags/plugins/workday.py
[2023-09-27T11:32:20.088+0000] {processor.py:829} INFO - Processing file /usr/local/lib/python3.10/dist-packages/airflow/example_dags/plugins/workday.py for tasks to queue
[2023-09-27T11:32:20.089+0000] {logging_mixin.py:151} INFO - [2023-09-27T11:32:20.089+0000] {dagbag.py:539} INFO - Filling up the DagBag from /usr/local/lib/python3.10/dist-packages/airflow/example_dags/plugins/workday.py
[2023-09-27T11:32:20.559+0000] {processor.py:841} WARNING - No viable dags retrieved from /usr/local/lib/python3.10/dist-packages/airflow/example_dags/plugins/workday.py
[2023-09-27T11:32:20.573+0000] {processor.py:179} INFO - Processing /usr/local/lib/python3.10/dist-packages/airflow/example_dags/plugins/workday.py took 0.491 seconds
[2023-09-27T11:33:04.997+0000] {processor.py:157} INFO - Started process (PID=6397) to work on /usr/local/lib/python3.10/dist-packages/airflow/example_dags/plugins/workday.py
[2023-09-27T11:33:04.999+0000] {processor.py:829} INFO - Processing file /usr/local/lib/python3.10/dist-packages/airflow/example_dags/plugins/workday.py for tasks to queue
[2023-09-27T11:33:05.000+0000] {logging_mixin.py:151} INFO - [2023-09-27T11:33:04.999+0000] {dagbag.py:539} INFO - Filling up the DagBag from /usr/local/lib/python3.10/dist-packages/airflow/example_dags/plugins/workday.py
[2023-09-27T11:33:05.477+0000] {processor.py:841} WARNING - No viable dags retrieved from /usr/local/lib/python3.10/dist-packages/airflow/example_dags/plugins/workday.py
[2023-09-27T11:33:05.485+0000] {processor.py:179} INFO - Processing /usr/local/lib/python3.10/dist-packages/airflow/example_dags/plugins/workday.py took 0.492 seconds
[2023-09-27T11:33:39.738+0000] {processor.py:157} INFO - Started process (PID=6431) to work on /usr/local/lib/python3.10/dist-packages/airflow/example_dags/plugins/workday.py
[2023-09-27T11:33:39.739+0000] {processor.py:829} INFO - Processing file /usr/local/lib/python3.10/dist-packages/airflow/example_dags/plugins/workday.py for tasks to queue
[2023-09-27T11:33:39.740+0000] {logging_mixin.py:151} INFO - [2023-09-27T11:33:39.740+0000] {dagbag.py:539} INFO - Filling up the DagBag from /usr/local/lib/python3.10/dist-packages/airflow/example_dags/plugins/workday.py
[2023-09-27T11:33:40.286+0000] {processor.py:841} WARNING - No viable dags retrieved from /usr/local/lib/python3.10/dist-packages/airflow/example_dags/plugins/workday.py
[2023-09-27T11:33:40.293+0000] {processor.py:179} INFO - Processing /usr/local/lib/python3.10/dist-packages/airflow/example_dags/plugins/workday.py took 0.559 seconds
[2023-09-27T11:34:12.149+0000] {processor.py:157} INFO - Started process (PID=6466) to work on /usr/local/lib/python3.10/dist-packages/airflow/example_dags/plugins/workday.py
[2023-09-27T11:34:12.150+0000] {processor.py:829} INFO - Processing file /usr/local/lib/python3.10/dist-packages/airflow/example_dags/plugins/workday.py for tasks to queue
[2023-09-27T11:34:12.151+0000] {logging_mixin.py:151} INFO - [2023-09-27T11:34:12.150+0000] {dagbag.py:539} INFO - Filling up the DagBag from /usr/local/lib/python3.10/dist-packages/airflow/example_dags/plugins/workday.py
[2023-09-27T11:34:12.598+0000] {processor.py:841} WARNING - No viable dags retrieved from /usr/local/lib/python3.10/dist-packages/airflow/example_dags/plugins/workday.py
[2023-09-27T11:34:12.605+0000] {processor.py:179} INFO - Processing /usr/local/lib/python3.10/dist-packages/airflow/example_dags/plugins/workday.py took 0.460 seconds
[2023-09-27T11:34:45.737+0000] {processor.py:157} INFO - Started process (PID=6503) to work on /usr/local/lib/python3.10/dist-packages/airflow/example_dags/plugins/workday.py
[2023-09-27T11:34:45.739+0000] {processor.py:829} INFO - Processing file /usr/local/lib/python3.10/dist-packages/airflow/example_dags/plugins/workday.py for tasks to queue
[2023-09-27T11:34:45.740+0000] {logging_mixin.py:151} INFO - [2023-09-27T11:34:45.739+0000] {dagbag.py:539} INFO - Filling up the DagBag from /usr/local/lib/python3.10/dist-packages/airflow/example_dags/plugins/workday.py
[2023-09-27T11:34:46.221+0000] {processor.py:841} WARNING - No viable dags retrieved from /usr/local/lib/python3.10/dist-packages/airflow/example_dags/plugins/workday.py
[2023-09-27T11:34:46.228+0000] {processor.py:179} INFO - Processing /usr/local/lib/python3.10/dist-packages/airflow/example_dags/plugins/workday.py took 0.494 seconds
[2023-09-27T11:35:18.114+0000] {processor.py:157} INFO - Started process (PID=6538) to work on /usr/local/lib/python3.10/dist-packages/airflow/example_dags/plugins/workday.py
[2023-09-27T11:35:18.116+0000] {processor.py:829} INFO - Processing file /usr/local/lib/python3.10/dist-packages/airflow/example_dags/plugins/workday.py for tasks to queue
[2023-09-27T11:35:18.117+0000] {logging_mixin.py:151} INFO - [2023-09-27T11:35:18.116+0000] {dagbag.py:539} INFO - Filling up the DagBag from /usr/local/lib/python3.10/dist-packages/airflow/example_dags/plugins/workday.py
[2023-09-27T11:35:18.577+0000] {processor.py:841} WARNING - No viable dags retrieved from /usr/local/lib/python3.10/dist-packages/airflow/example_dags/plugins/workday.py
[2023-09-27T11:35:18.583+0000] {processor.py:179} INFO - Processing /usr/local/lib/python3.10/dist-packages/airflow/example_dags/plugins/workday.py took 0.473 seconds
[2023-09-27T11:35:51.295+0000] {processor.py:157} INFO - Started process (PID=6577) to work on /usr/local/lib/python3.10/dist-packages/airflow/example_dags/plugins/workday.py
[2023-09-27T11:35:51.297+0000] {processor.py:829} INFO - Processing file /usr/local/lib/python3.10/dist-packages/airflow/example_dags/plugins/workday.py for tasks to queue
[2023-09-27T11:35:51.298+0000] {logging_mixin.py:151} INFO - [2023-09-27T11:35:51.297+0000] {dagbag.py:539} INFO - Filling up the DagBag from /usr/local/lib/python3.10/dist-packages/airflow/example_dags/plugins/workday.py
[2023-09-27T11:35:51.780+0000] {processor.py:841} WARNING - No viable dags retrieved from /usr/local/lib/python3.10/dist-packages/airflow/example_dags/plugins/workday.py
[2023-09-27T11:35:51.786+0000] {processor.py:179} INFO - Processing /usr/local/lib/python3.10/dist-packages/airflow/example_dags/plugins/workday.py took 0.494 seconds
[2023-09-27T11:36:25.517+0000] {processor.py:157} INFO - Started process (PID=6670) to work on /usr/local/lib/python3.10/dist-packages/airflow/example_dags/plugins/workday.py
[2023-09-27T11:36:25.518+0000] {processor.py:829} INFO - Processing file /usr/local/lib/python3.10/dist-packages/airflow/example_dags/plugins/workday.py for tasks to queue
[2023-09-27T11:36:25.519+0000] {logging_mixin.py:151} INFO - [2023-09-27T11:36:25.519+0000] {dagbag.py:539} INFO - Filling up the DagBag from /usr/local/lib/python3.10/dist-packages/airflow/example_dags/plugins/workday.py
[2023-09-27T11:36:26.122+0000] {processor.py:841} WARNING - No viable dags retrieved from /usr/local/lib/python3.10/dist-packages/airflow/example_dags/plugins/workday.py
[2023-09-27T11:36:26.132+0000] {processor.py:179} INFO - Processing /usr/local/lib/python3.10/dist-packages/airflow/example_dags/plugins/workday.py took 0.618 seconds
[2023-09-27T11:36:56.788+0000] {processor.py:157} INFO - Started process (PID=6714) to work on /usr/local/lib/python3.10/dist-packages/airflow/example_dags/plugins/workday.py
[2023-09-27T11:36:56.789+0000] {processor.py:829} INFO - Processing file /usr/local/lib/python3.10/dist-packages/airflow/example_dags/plugins/workday.py for tasks to queue
[2023-09-27T11:36:56.789+0000] {logging_mixin.py:151} INFO - [2023-09-27T11:36:56.789+0000] {dagbag.py:539} INFO - Filling up the DagBag from /usr/local/lib/python3.10/dist-packages/airflow/example_dags/plugins/workday.py
[2023-09-27T11:36:57.241+0000] {processor.py:841} WARNING - No viable dags retrieved from /usr/local/lib/python3.10/dist-packages/airflow/example_dags/plugins/workday.py
[2023-09-27T11:36:57.247+0000] {processor.py:179} INFO - Processing /usr/local/lib/python3.10/dist-packages/airflow/example_dags/plugins/workday.py took 0.462 seconds
[2023-09-27T11:37:28.747+0000] {processor.py:157} INFO - Started process (PID=6746) to work on /usr/local/lib/python3.10/dist-packages/airflow/example_dags/plugins/workday.py
[2023-09-27T11:37:28.748+0000] {processor.py:829} INFO - Processing file /usr/local/lib/python3.10/dist-packages/airflow/example_dags/plugins/workday.py for tasks to queue
[2023-09-27T11:37:28.749+0000] {logging_mixin.py:151} INFO - [2023-09-27T11:37:28.749+0000] {dagbag.py:539} INFO - Filling up the DagBag from /usr/local/lib/python3.10/dist-packages/airflow/example_dags/plugins/workday.py
[2023-09-27T11:37:29.189+0000] {processor.py:841} WARNING - No viable dags retrieved from /usr/local/lib/python3.10/dist-packages/airflow/example_dags/plugins/workday.py
[2023-09-27T11:37:29.196+0000] {processor.py:179} INFO - Processing /usr/local/lib/python3.10/dist-packages/airflow/example_dags/plugins/workday.py took 0.451 seconds
[2023-09-27T17:56:32.721+0000] {processor.py:157} INFO - Started process (PID=10595) to work on /home/ubuntu/airflow_venv/lib/python3.10/site-packages/airflow/example_dags/plugins/workday.py
[2023-09-27T17:56:32.722+0000] {processor.py:829} INFO - Processing file /home/ubuntu/airflow_venv/lib/python3.10/site-packages/airflow/example_dags/plugins/workday.py for tasks to queue
[2023-09-27T17:56:32.726+0000] {logging_mixin.py:151} INFO - [2023-09-27T17:56:32.723+0000] {dagbag.py:539} INFO - Filling up the DagBag from /home/ubuntu/airflow_venv/lib/python3.10/site-packages/airflow/example_dags/plugins/workday.py
[2023-09-27T17:56:32.732+0000] {logging_mixin.py:151} INFO - [2023-09-27T17:56:32.732+0000] {workday.py:36} WARNING - Could not import pandas. Holidays will not be considered.
[2023-09-27T17:56:32.733+0000] {processor.py:841} WARNING - No viable dags retrieved from /home/ubuntu/airflow_venv/lib/python3.10/site-packages/airflow/example_dags/plugins/workday.py
[2023-09-27T17:56:32.745+0000] {processor.py:179} INFO - Processing /home/ubuntu/airflow_venv/lib/python3.10/site-packages/airflow/example_dags/plugins/workday.py took 0.028 seconds
[2023-09-27T17:57:28.620+0000] {processor.py:157} INFO - Started process (PID=10643) to work on /home/ubuntu/airflow_venv/lib/python3.10/site-packages/airflow/example_dags/plugins/workday.py
[2023-09-27T17:57:28.622+0000] {processor.py:829} INFO - Processing file /home/ubuntu/airflow_venv/lib/python3.10/site-packages/airflow/example_dags/plugins/workday.py for tasks to queue
[2023-09-27T17:57:28.623+0000] {logging_mixin.py:151} INFO - [2023-09-27T17:57:28.622+0000] {dagbag.py:539} INFO - Filling up the DagBag from /home/ubuntu/airflow_venv/lib/python3.10/site-packages/airflow/example_dags/plugins/workday.py
[2023-09-27T17:57:28.627+0000] {logging_mixin.py:151} INFO - [2023-09-27T17:57:28.627+0000] {workday.py:36} WARNING - Could not import pandas. Holidays will not be considered.
[2023-09-27T17:57:28.627+0000] {processor.py:841} WARNING - No viable dags retrieved from /home/ubuntu/airflow_venv/lib/python3.10/site-packages/airflow/example_dags/plugins/workday.py
[2023-09-27T17:57:28.638+0000] {processor.py:179} INFO - Processing /home/ubuntu/airflow_venv/lib/python3.10/site-packages/airflow/example_dags/plugins/workday.py took 0.021 seconds
[2023-09-27T17:58:21.932+0000] {processor.py:157} INFO - Started process (PID=10694) to work on /home/ubuntu/airflow_venv/lib/python3.10/site-packages/airflow/example_dags/plugins/workday.py
[2023-09-27T17:58:21.933+0000] {processor.py:829} INFO - Processing file /home/ubuntu/airflow_venv/lib/python3.10/site-packages/airflow/example_dags/plugins/workday.py for tasks to queue
[2023-09-27T17:58:21.934+0000] {logging_mixin.py:151} INFO - [2023-09-27T17:58:21.934+0000] {dagbag.py:539} INFO - Filling up the DagBag from /home/ubuntu/airflow_venv/lib/python3.10/site-packages/airflow/example_dags/plugins/workday.py
[2023-09-27T17:58:21.938+0000] {logging_mixin.py:151} INFO - [2023-09-27T17:58:21.938+0000] {workday.py:36} WARNING - Could not import pandas. Holidays will not be considered.
[2023-09-27T17:58:21.938+0000] {processor.py:841} WARNING - No viable dags retrieved from /home/ubuntu/airflow_venv/lib/python3.10/site-packages/airflow/example_dags/plugins/workday.py
[2023-09-27T17:58:21.949+0000] {processor.py:179} INFO - Processing /home/ubuntu/airflow_venv/lib/python3.10/site-packages/airflow/example_dags/plugins/workday.py took 0.020 seconds
[2023-09-27T17:59:05.690+0000] {processor.py:157} INFO - Started process (PID=10747) to work on /home/ubuntu/airflow_venv/lib/python3.10/site-packages/airflow/example_dags/plugins/workday.py
[2023-09-27T17:59:05.691+0000] {processor.py:829} INFO - Processing file /home/ubuntu/airflow_venv/lib/python3.10/site-packages/airflow/example_dags/plugins/workday.py for tasks to queue
[2023-09-27T17:59:05.693+0000] {logging_mixin.py:151} INFO - [2023-09-27T17:59:05.692+0000] {dagbag.py:539} INFO - Filling up the DagBag from /home/ubuntu/airflow_venv/lib/python3.10/site-packages/airflow/example_dags/plugins/workday.py
[2023-09-27T17:59:05.696+0000] {logging_mixin.py:151} INFO - [2023-09-27T17:59:05.696+0000] {workday.py:36} WARNING - Could not import pandas. Holidays will not be considered.
[2023-09-27T17:59:05.697+0000] {processor.py:841} WARNING - No viable dags retrieved from /home/ubuntu/airflow_venv/lib/python3.10/site-packages/airflow/example_dags/plugins/workday.py
[2023-09-27T17:59:05.711+0000] {processor.py:179} INFO - Processing /home/ubuntu/airflow_venv/lib/python3.10/site-packages/airflow/example_dags/plugins/workday.py took 0.025 seconds
[2023-09-27T17:59:52.066+0000] {processor.py:157} INFO - Started process (PID=10801) to work on /home/ubuntu/airflow_venv/lib/python3.10/site-packages/airflow/example_dags/plugins/workday.py
[2023-09-27T17:59:52.067+0000] {processor.py:829} INFO - Processing file /home/ubuntu/airflow_venv/lib/python3.10/site-packages/airflow/example_dags/plugins/workday.py for tasks to queue
[2023-09-27T17:59:52.068+0000] {logging_mixin.py:151} INFO - [2023-09-27T17:59:52.067+0000] {dagbag.py:539} INFO - Filling up the DagBag from /home/ubuntu/airflow_venv/lib/python3.10/site-packages/airflow/example_dags/plugins/workday.py
[2023-09-27T17:59:52.070+0000] {logging_mixin.py:151} INFO - [2023-09-27T17:59:52.070+0000] {workday.py:36} WARNING - Could not import pandas. Holidays will not be considered.
[2023-09-27T17:59:52.071+0000] {processor.py:841} WARNING - No viable dags retrieved from /home/ubuntu/airflow_venv/lib/python3.10/site-packages/airflow/example_dags/plugins/workday.py
[2023-09-27T17:59:52.082+0000] {processor.py:179} INFO - Processing /home/ubuntu/airflow_venv/lib/python3.10/site-packages/airflow/example_dags/plugins/workday.py took 0.020 seconds
[2023-09-27T18:00:25.090+0000] {processor.py:157} INFO - Started process (PID=10835) to work on /home/ubuntu/airflow_venv/lib/python3.10/site-packages/airflow/example_dags/plugins/workday.py
[2023-09-27T18:00:25.091+0000] {processor.py:829} INFO - Processing file /home/ubuntu/airflow_venv/lib/python3.10/site-packages/airflow/example_dags/plugins/workday.py for tasks to queue
[2023-09-27T18:00:25.092+0000] {logging_mixin.py:151} INFO - [2023-09-27T18:00:25.092+0000] {dagbag.py:539} INFO - Filling up the DagBag from /home/ubuntu/airflow_venv/lib/python3.10/site-packages/airflow/example_dags/plugins/workday.py
[2023-09-27T18:00:25.095+0000] {logging_mixin.py:151} INFO - [2023-09-27T18:00:25.095+0000] {workday.py:36} WARNING - Could not import pandas. Holidays will not be considered.
[2023-09-27T18:00:25.096+0000] {processor.py:841} WARNING - No viable dags retrieved from /home/ubuntu/airflow_venv/lib/python3.10/site-packages/airflow/example_dags/plugins/workday.py
[2023-09-27T18:00:25.106+0000] {processor.py:179} INFO - Processing /home/ubuntu/airflow_venv/lib/python3.10/site-packages/airflow/example_dags/plugins/workday.py took 0.020 seconds
[2023-09-27T18:00:58.338+0000] {processor.py:157} INFO - Started process (PID=10868) to work on /home/ubuntu/airflow_venv/lib/python3.10/site-packages/airflow/example_dags/plugins/workday.py
[2023-09-27T18:00:58.339+0000] {processor.py:829} INFO - Processing file /home/ubuntu/airflow_venv/lib/python3.10/site-packages/airflow/example_dags/plugins/workday.py for tasks to queue
[2023-09-27T18:00:58.340+0000] {logging_mixin.py:151} INFO - [2023-09-27T18:00:58.339+0000] {dagbag.py:539} INFO - Filling up the DagBag from /home/ubuntu/airflow_venv/lib/python3.10/site-packages/airflow/example_dags/plugins/workday.py
[2023-09-27T18:00:58.343+0000] {logging_mixin.py:151} INFO - [2023-09-27T18:00:58.342+0000] {workday.py:36} WARNING - Could not import pandas. Holidays will not be considered.
[2023-09-27T18:00:58.343+0000] {processor.py:841} WARNING - No viable dags retrieved from /home/ubuntu/airflow_venv/lib/python3.10/site-packages/airflow/example_dags/plugins/workday.py
[2023-09-27T18:00:58.354+0000] {processor.py:179} INFO - Processing /home/ubuntu/airflow_venv/lib/python3.10/site-packages/airflow/example_dags/plugins/workday.py took 0.019 seconds
[2023-09-27T18:01:43.645+0000] {processor.py:157} INFO - Started process (PID=10916) to work on /home/ubuntu/airflow_venv/lib/python3.10/site-packages/airflow/example_dags/plugins/workday.py
[2023-09-27T18:01:43.646+0000] {processor.py:829} INFO - Processing file /home/ubuntu/airflow_venv/lib/python3.10/site-packages/airflow/example_dags/plugins/workday.py for tasks to queue
[2023-09-27T18:01:43.647+0000] {logging_mixin.py:151} INFO - [2023-09-27T18:01:43.647+0000] {dagbag.py:539} INFO - Filling up the DagBag from /home/ubuntu/airflow_venv/lib/python3.10/site-packages/airflow/example_dags/plugins/workday.py
[2023-09-27T18:01:43.650+0000] {logging_mixin.py:151} INFO - [2023-09-27T18:01:43.650+0000] {workday.py:36} WARNING - Could not import pandas. Holidays will not be considered.
[2023-09-27T18:01:43.650+0000] {processor.py:841} WARNING - No viable dags retrieved from /home/ubuntu/airflow_venv/lib/python3.10/site-packages/airflow/example_dags/plugins/workday.py
[2023-09-27T18:01:43.661+0000] {processor.py:179} INFO - Processing /home/ubuntu/airflow_venv/lib/python3.10/site-packages/airflow/example_dags/plugins/workday.py took 0.019 seconds
[2023-09-27T18:02:19.493+0000] {processor.py:157} INFO - Started process (PID=10953) to work on /home/ubuntu/airflow_venv/lib/python3.10/site-packages/airflow/example_dags/plugins/workday.py
[2023-09-27T18:02:19.495+0000] {processor.py:829} INFO - Processing file /home/ubuntu/airflow_venv/lib/python3.10/site-packages/airflow/example_dags/plugins/workday.py for tasks to queue
[2023-09-27T18:02:19.496+0000] {logging_mixin.py:151} INFO - [2023-09-27T18:02:19.495+0000] {dagbag.py:539} INFO - Filling up the DagBag from /home/ubuntu/airflow_venv/lib/python3.10/site-packages/airflow/example_dags/plugins/workday.py
[2023-09-27T18:02:19.500+0000] {logging_mixin.py:151} INFO - [2023-09-27T18:02:19.499+0000] {workday.py:36} WARNING - Could not import pandas. Holidays will not be considered.
[2023-09-27T18:02:19.500+0000] {processor.py:841} WARNING - No viable dags retrieved from /home/ubuntu/airflow_venv/lib/python3.10/site-packages/airflow/example_dags/plugins/workday.py
[2023-09-27T18:02:19.517+0000] {processor.py:179} INFO - Processing /home/ubuntu/airflow_venv/lib/python3.10/site-packages/airflow/example_dags/plugins/workday.py took 0.027 seconds
[2023-09-27T18:03:04.595+0000] {processor.py:157} INFO - Started process (PID=11006) to work on /home/ubuntu/airflow_venv/lib/python3.10/site-packages/airflow/example_dags/plugins/workday.py
[2023-09-27T18:03:04.596+0000] {processor.py:829} INFO - Processing file /home/ubuntu/airflow_venv/lib/python3.10/site-packages/airflow/example_dags/plugins/workday.py for tasks to queue
[2023-09-27T18:03:04.597+0000] {logging_mixin.py:151} INFO - [2023-09-27T18:03:04.596+0000] {dagbag.py:539} INFO - Filling up the DagBag from /home/ubuntu/airflow_venv/lib/python3.10/site-packages/airflow/example_dags/plugins/workday.py
[2023-09-27T18:03:04.599+0000] {logging_mixin.py:151} INFO - [2023-09-27T18:03:04.599+0000] {workday.py:36} WARNING - Could not import pandas. Holidays will not be considered.
[2023-09-27T18:03:04.600+0000] {processor.py:841} WARNING - No viable dags retrieved from /home/ubuntu/airflow_venv/lib/python3.10/site-packages/airflow/example_dags/plugins/workday.py
[2023-09-27T18:03:04.610+0000] {processor.py:179} INFO - Processing /home/ubuntu/airflow_venv/lib/python3.10/site-packages/airflow/example_dags/plugins/workday.py took 0.020 seconds
[2023-09-27T18:03:52.325+0000] {processor.py:157} INFO - Started process (PID=11119) to work on /home/ubuntu/airflow_venv/lib/python3.10/site-packages/airflow/example_dags/plugins/workday.py
[2023-09-27T18:03:52.327+0000] {processor.py:829} INFO - Processing file /home/ubuntu/airflow_venv/lib/python3.10/site-packages/airflow/example_dags/plugins/workday.py for tasks to queue
[2023-09-27T18:03:52.328+0000] {logging_mixin.py:151} INFO - [2023-09-27T18:03:52.328+0000] {dagbag.py:539} INFO - Filling up the DagBag from /home/ubuntu/airflow_venv/lib/python3.10/site-packages/airflow/example_dags/plugins/workday.py
[2023-09-27T18:03:52.331+0000] {logging_mixin.py:151} INFO - [2023-09-27T18:03:52.331+0000] {workday.py:36} WARNING - Could not import pandas. Holidays will not be considered.
[2023-09-27T18:03:52.332+0000] {processor.py:841} WARNING - No viable dags retrieved from /home/ubuntu/airflow_venv/lib/python3.10/site-packages/airflow/example_dags/plugins/workday.py
[2023-09-27T18:03:52.346+0000] {processor.py:179} INFO - Processing /home/ubuntu/airflow_venv/lib/python3.10/site-packages/airflow/example_dags/plugins/workday.py took 0.024 seconds
[2023-09-27T18:04:36.212+0000] {processor.py:157} INFO - Started process (PID=11247) to work on /home/ubuntu/airflow_venv/lib/python3.10/site-packages/airflow/example_dags/plugins/workday.py
[2023-09-27T18:04:36.215+0000] {processor.py:829} INFO - Processing file /home/ubuntu/airflow_venv/lib/python3.10/site-packages/airflow/example_dags/plugins/workday.py for tasks to queue
[2023-09-27T18:04:36.217+0000] {logging_mixin.py:151} INFO - [2023-09-27T18:04:36.216+0000] {dagbag.py:539} INFO - Filling up the DagBag from /home/ubuntu/airflow_venv/lib/python3.10/site-packages/airflow/example_dags/plugins/workday.py
[2023-09-27T18:04:36.220+0000] {logging_mixin.py:151} INFO - [2023-09-27T18:04:36.220+0000] {workday.py:36} WARNING - Could not import pandas. Holidays will not be considered.
[2023-09-27T18:04:36.221+0000] {processor.py:841} WARNING - No viable dags retrieved from /home/ubuntu/airflow_venv/lib/python3.10/site-packages/airflow/example_dags/plugins/workday.py
[2023-09-27T18:04:36.235+0000] {processor.py:179} INFO - Processing /home/ubuntu/airflow_venv/lib/python3.10/site-packages/airflow/example_dags/plugins/workday.py took 0.027 seconds
[2023-09-27T18:05:24.097+0000] {processor.py:157} INFO - Started process (PID=11416) to work on /home/ubuntu/airflow_venv/lib/python3.10/site-packages/airflow/example_dags/plugins/workday.py
[2023-09-27T18:05:24.098+0000] {processor.py:829} INFO - Processing file /home/ubuntu/airflow_venv/lib/python3.10/site-packages/airflow/example_dags/plugins/workday.py for tasks to queue
[2023-09-27T18:05:24.099+0000] {logging_mixin.py:151} INFO - [2023-09-27T18:05:24.099+0000] {dagbag.py:539} INFO - Filling up the DagBag from /home/ubuntu/airflow_venv/lib/python3.10/site-packages/airflow/example_dags/plugins/workday.py
[2023-09-27T18:05:24.102+0000] {logging_mixin.py:151} INFO - [2023-09-27T18:05:24.102+0000] {workday.py:36} WARNING - Could not import pandas. Holidays will not be considered.
[2023-09-27T18:05:24.103+0000] {processor.py:841} WARNING - No viable dags retrieved from /home/ubuntu/airflow_venv/lib/python3.10/site-packages/airflow/example_dags/plugins/workday.py
[2023-09-27T18:05:24.113+0000] {processor.py:179} INFO - Processing /home/ubuntu/airflow_venv/lib/python3.10/site-packages/airflow/example_dags/plugins/workday.py took 0.020 seconds
[2023-09-27T18:05:58.131+0000] {processor.py:157} INFO - Started process (PID=11523) to work on /home/ubuntu/airflow_venv/lib/python3.10/site-packages/airflow/example_dags/plugins/workday.py
[2023-09-27T18:05:58.132+0000] {processor.py:829} INFO - Processing file /home/ubuntu/airflow_venv/lib/python3.10/site-packages/airflow/example_dags/plugins/workday.py for tasks to queue
[2023-09-27T18:05:58.133+0000] {logging_mixin.py:151} INFO - [2023-09-27T18:05:58.133+0000] {dagbag.py:539} INFO - Filling up the DagBag from /home/ubuntu/airflow_venv/lib/python3.10/site-packages/airflow/example_dags/plugins/workday.py
[2023-09-27T18:05:58.136+0000] {logging_mixin.py:151} INFO - [2023-09-27T18:05:58.136+0000] {workday.py:36} WARNING - Could not import pandas. Holidays will not be considered.
[2023-09-27T18:05:58.136+0000] {processor.py:841} WARNING - No viable dags retrieved from /home/ubuntu/airflow_venv/lib/python3.10/site-packages/airflow/example_dags/plugins/workday.py
[2023-09-27T18:05:58.146+0000] {processor.py:179} INFO - Processing /home/ubuntu/airflow_venv/lib/python3.10/site-packages/airflow/example_dags/plugins/workday.py took 0.018 seconds
[2023-09-27T18:06:33.086+0000] {processor.py:157} INFO - Started process (PID=11576) to work on /home/ubuntu/airflow_venv/lib/python3.10/site-packages/airflow/example_dags/plugins/workday.py
[2023-09-27T18:06:33.088+0000] {processor.py:829} INFO - Processing file /home/ubuntu/airflow_venv/lib/python3.10/site-packages/airflow/example_dags/plugins/workday.py for tasks to queue
[2023-09-27T18:06:33.089+0000] {logging_mixin.py:151} INFO - [2023-09-27T18:06:33.089+0000] {dagbag.py:539} INFO - Filling up the DagBag from /home/ubuntu/airflow_venv/lib/python3.10/site-packages/airflow/example_dags/plugins/workday.py
[2023-09-27T18:06:33.093+0000] {logging_mixin.py:151} INFO - [2023-09-27T18:06:33.093+0000] {workday.py:36} WARNING - Could not import pandas. Holidays will not be considered.
[2023-09-27T18:06:33.094+0000] {processor.py:841} WARNING - No viable dags retrieved from /home/ubuntu/airflow_venv/lib/python3.10/site-packages/airflow/example_dags/plugins/workday.py
[2023-09-27T18:06:33.111+0000] {processor.py:179} INFO - Processing /home/ubuntu/airflow_venv/lib/python3.10/site-packages/airflow/example_dags/plugins/workday.py took 0.028 seconds
[2023-09-27T18:07:23.071+0000] {processor.py:157} INFO - Started process (PID=11626) to work on /home/ubuntu/airflow_venv/lib/python3.10/site-packages/airflow/example_dags/plugins/workday.py
[2023-09-27T18:07:23.072+0000] {processor.py:829} INFO - Processing file /home/ubuntu/airflow_venv/lib/python3.10/site-packages/airflow/example_dags/plugins/workday.py for tasks to queue
[2023-09-27T18:07:23.073+0000] {logging_mixin.py:151} INFO - [2023-09-27T18:07:23.073+0000] {dagbag.py:539} INFO - Filling up the DagBag from /home/ubuntu/airflow_venv/lib/python3.10/site-packages/airflow/example_dags/plugins/workday.py
[2023-09-27T18:07:23.076+0000] {logging_mixin.py:151} INFO - [2023-09-27T18:07:23.076+0000] {workday.py:36} WARNING - Could not import pandas. Holidays will not be considered.
[2023-09-27T18:07:23.076+0000] {processor.py:841} WARNING - No viable dags retrieved from /home/ubuntu/airflow_venv/lib/python3.10/site-packages/airflow/example_dags/plugins/workday.py
[2023-09-27T18:07:23.087+0000] {processor.py:179} INFO - Processing /home/ubuntu/airflow_venv/lib/python3.10/site-packages/airflow/example_dags/plugins/workday.py took 0.019 seconds
[2023-09-27T18:07:56.851+0000] {processor.py:157} INFO - Started process (PID=11693) to work on /home/ubuntu/airflow_venv/lib/python3.10/site-packages/airflow/example_dags/plugins/workday.py
[2023-09-27T18:07:56.852+0000] {processor.py:829} INFO - Processing file /home/ubuntu/airflow_venv/lib/python3.10/site-packages/airflow/example_dags/plugins/workday.py for tasks to queue
[2023-09-27T18:07:56.853+0000] {logging_mixin.py:151} INFO - [2023-09-27T18:07:56.852+0000] {dagbag.py:539} INFO - Filling up the DagBag from /home/ubuntu/airflow_venv/lib/python3.10/site-packages/airflow/example_dags/plugins/workday.py
[2023-09-27T18:07:56.856+0000] {logging_mixin.py:151} INFO - [2023-09-27T18:07:56.855+0000] {workday.py:36} WARNING - Could not import pandas. Holidays will not be considered.
[2023-09-27T18:07:56.856+0000] {processor.py:841} WARNING - No viable dags retrieved from /home/ubuntu/airflow_venv/lib/python3.10/site-packages/airflow/example_dags/plugins/workday.py
[2023-09-27T18:07:56.866+0000] {processor.py:179} INFO - Processing /home/ubuntu/airflow_venv/lib/python3.10/site-packages/airflow/example_dags/plugins/workday.py took 0.019 seconds
[2023-09-27T18:08:32.332+0000] {processor.py:157} INFO - Started process (PID=11814) to work on /home/ubuntu/airflow_venv/lib/python3.10/site-packages/airflow/example_dags/plugins/workday.py
[2023-09-27T18:08:32.333+0000] {processor.py:829} INFO - Processing file /home/ubuntu/airflow_venv/lib/python3.10/site-packages/airflow/example_dags/plugins/workday.py for tasks to queue
[2023-09-27T18:08:32.334+0000] {logging_mixin.py:151} INFO - [2023-09-27T18:08:32.334+0000] {dagbag.py:539} INFO - Filling up the DagBag from /home/ubuntu/airflow_venv/lib/python3.10/site-packages/airflow/example_dags/plugins/workday.py
[2023-09-27T18:08:32.338+0000] {logging_mixin.py:151} INFO - [2023-09-27T18:08:32.338+0000] {workday.py:36} WARNING - Could not import pandas. Holidays will not be considered.
[2023-09-27T18:08:32.338+0000] {processor.py:841} WARNING - No viable dags retrieved from /home/ubuntu/airflow_venv/lib/python3.10/site-packages/airflow/example_dags/plugins/workday.py
[2023-09-27T18:08:32.350+0000] {processor.py:179} INFO - Processing /home/ubuntu/airflow_venv/lib/python3.10/site-packages/airflow/example_dags/plugins/workday.py took 0.022 seconds
[2023-09-27T18:09:06.321+0000] {processor.py:157} INFO - Started process (PID=11852) to work on /home/ubuntu/airflow_venv/lib/python3.10/site-packages/airflow/example_dags/plugins/workday.py
[2023-09-27T18:09:06.328+0000] {processor.py:829} INFO - Processing file /home/ubuntu/airflow_venv/lib/python3.10/site-packages/airflow/example_dags/plugins/workday.py for tasks to queue
[2023-09-27T18:09:06.330+0000] {logging_mixin.py:151} INFO - [2023-09-27T18:09:06.330+0000] {dagbag.py:539} INFO - Filling up the DagBag from /home/ubuntu/airflow_venv/lib/python3.10/site-packages/airflow/example_dags/plugins/workday.py
[2023-09-27T18:09:06.333+0000] {logging_mixin.py:151} INFO - [2023-09-27T18:09:06.333+0000] {workday.py:36} WARNING - Could not import pandas. Holidays will not be considered.
[2023-09-27T18:09:06.334+0000] {processor.py:841} WARNING - No viable dags retrieved from /home/ubuntu/airflow_venv/lib/python3.10/site-packages/airflow/example_dags/plugins/workday.py
[2023-09-27T18:09:06.345+0000] {processor.py:179} INFO - Processing /home/ubuntu/airflow_venv/lib/python3.10/site-packages/airflow/example_dags/plugins/workday.py took 0.026 seconds
