[2023-09-28T10:47:41.231+0000] {processor.py:157} INFO - Started process (PID=1486) to work on /home/ubuntu/airflow_venv/lib/python3.10/site-packages/airflow/example_dags/example_branch_day_of_week_operator.py
[2023-09-28T10:47:41.232+0000] {processor.py:829} INFO - Processing file /home/ubuntu/airflow_venv/lib/python3.10/site-packages/airflow/example_dags/example_branch_day_of_week_operator.py for tasks to queue
[2023-09-28T10:47:41.233+0000] {logging_mixin.py:151} INFO - [2023-09-28T10:47:41.232+0000] {dagbag.py:539} INFO - Filling up the DagBag from /home/ubuntu/airflow_venv/lib/python3.10/site-packages/airflow/example_dags/example_branch_day_of_week_operator.py
[2023-09-28T10:47:41.241+0000] {processor.py:839} INFO - DAG(s) dict_keys(['example_weekday_branch_operator']) retrieved from /home/ubuntu/airflow_venv/lib/python3.10/site-packages/airflow/example_dags/example_branch_day_of_week_operator.py
[2023-09-28T10:47:41.258+0000] {logging_mixin.py:151} INFO - [2023-09-28T10:47:41.258+0000] {dag.py:2915} INFO - Sync 1 DAGs
[2023-09-28T10:47:41.287+0000] {logging_mixin.py:151} INFO - [2023-09-28T10:47:41.287+0000] {dag.py:3696} INFO - Setting next_dagrun for example_weekday_branch_operator to 2023-09-27T00:00:00+00:00, run_after=2023-09-28T00:00:00+00:00
[2023-09-28T10:47:41.315+0000] {processor.py:179} INFO - Processing /home/ubuntu/airflow_venv/lib/python3.10/site-packages/airflow/example_dags/example_branch_day_of_week_operator.py took 0.087 seconds
[2023-09-28T10:48:49.653+0000] {processor.py:157} INFO - Started process (PID=1550) to work on /home/ubuntu/airflow_venv/lib/python3.10/site-packages/airflow/example_dags/example_branch_day_of_week_operator.py
[2023-09-28T10:48:49.655+0000] {processor.py:829} INFO - Processing file /home/ubuntu/airflow_venv/lib/python3.10/site-packages/airflow/example_dags/example_branch_day_of_week_operator.py for tasks to queue
[2023-09-28T10:48:49.656+0000] {logging_mixin.py:151} INFO - [2023-09-28T10:48:49.656+0000] {dagbag.py:539} INFO - Filling up the DagBag from /home/ubuntu/airflow_venv/lib/python3.10/site-packages/airflow/example_dags/example_branch_day_of_week_operator.py
[2023-09-28T10:48:49.664+0000] {processor.py:839} INFO - DAG(s) dict_keys(['example_weekday_branch_operator']) retrieved from /home/ubuntu/airflow_venv/lib/python3.10/site-packages/airflow/example_dags/example_branch_day_of_week_operator.py
[2023-09-28T10:48:49.681+0000] {logging_mixin.py:151} INFO - [2023-09-28T10:48:49.680+0000] {dag.py:2915} INFO - Sync 1 DAGs
[2023-09-28T10:48:49.859+0000] {logging_mixin.py:151} INFO - [2023-09-28T10:48:49.859+0000] {dag.py:3696} INFO - Setting next_dagrun for example_weekday_branch_operator to 2023-09-27T00:00:00+00:00, run_after=2023-09-28T00:00:00+00:00
[2023-09-28T10:48:49.880+0000] {processor.py:179} INFO - Processing /home/ubuntu/airflow_venv/lib/python3.10/site-packages/airflow/example_dags/example_branch_day_of_week_operator.py took 0.230 seconds
[2023-09-28T11:06:05.460+0000] {processor.py:157} INFO - Started process (PID=2211) to work on /home/ubuntu/airflow_venv/lib/python3.10/site-packages/airflow/example_dags/example_branch_day_of_week_operator.py
[2023-09-28T11:06:05.462+0000] {processor.py:829} INFO - Processing file /home/ubuntu/airflow_venv/lib/python3.10/site-packages/airflow/example_dags/example_branch_day_of_week_operator.py for tasks to queue
[2023-09-28T11:06:05.463+0000] {logging_mixin.py:151} INFO - [2023-09-28T11:06:05.462+0000] {dagbag.py:539} INFO - Filling up the DagBag from /home/ubuntu/airflow_venv/lib/python3.10/site-packages/airflow/example_dags/example_branch_day_of_week_operator.py
[2023-09-28T11:06:05.471+0000] {processor.py:839} INFO - DAG(s) dict_keys(['example_weekday_branch_operator']) retrieved from /home/ubuntu/airflow_venv/lib/python3.10/site-packages/airflow/example_dags/example_branch_day_of_week_operator.py
[2023-09-28T11:06:05.490+0000] {logging_mixin.py:151} INFO - [2023-09-28T11:06:05.489+0000] {dag.py:2915} INFO - Sync 1 DAGs
[2023-09-28T11:06:05.510+0000] {logging_mixin.py:151} INFO - [2023-09-28T11:06:05.510+0000] {dag.py:3696} INFO - Setting next_dagrun for example_weekday_branch_operator to 2023-09-27T00:00:00+00:00, run_after=2023-09-28T00:00:00+00:00
[2023-09-28T11:06:05.541+0000] {processor.py:179} INFO - Processing /home/ubuntu/airflow_venv/lib/python3.10/site-packages/airflow/example_dags/example_branch_day_of_week_operator.py took 0.084 seconds
[2023-09-28T15:01:10.058+0000] {processor.py:157} INFO - Started process (PID=1824) to work on /home/ubuntu/airflow_venv/lib/python3.10/site-packages/airflow/example_dags/example_branch_day_of_week_operator.py
[2023-09-28T15:01:10.059+0000] {processor.py:829} INFO - Processing file /home/ubuntu/airflow_venv/lib/python3.10/site-packages/airflow/example_dags/example_branch_day_of_week_operator.py for tasks to queue
[2023-09-28T15:01:10.060+0000] {logging_mixin.py:151} INFO - [2023-09-28T15:01:10.060+0000] {dagbag.py:539} INFO - Filling up the DagBag from /home/ubuntu/airflow_venv/lib/python3.10/site-packages/airflow/example_dags/example_branch_day_of_week_operator.py
[2023-09-28T15:01:10.068+0000] {processor.py:839} INFO - DAG(s) dict_keys(['example_weekday_branch_operator']) retrieved from /home/ubuntu/airflow_venv/lib/python3.10/site-packages/airflow/example_dags/example_branch_day_of_week_operator.py
[2023-09-28T15:01:10.085+0000] {logging_mixin.py:151} INFO - [2023-09-28T15:01:10.085+0000] {dag.py:2915} INFO - Sync 1 DAGs
[2023-09-28T15:01:10.107+0000] {logging_mixin.py:151} INFO - [2023-09-28T15:01:10.107+0000] {dag.py:3696} INFO - Setting next_dagrun for example_weekday_branch_operator to 2023-09-27T00:00:00+00:00, run_after=2023-09-28T00:00:00+00:00
[2023-09-28T15:01:10.127+0000] {processor.py:179} INFO - Processing /home/ubuntu/airflow_venv/lib/python3.10/site-packages/airflow/example_dags/example_branch_day_of_week_operator.py took 0.071 seconds
[2023-09-28T15:18:14.328+0000] {processor.py:157} INFO - Started process (PID=3244) to work on /home/ubuntu/airflow_venv/lib/python3.10/site-packages/airflow/example_dags/example_branch_day_of_week_operator.py
[2023-09-28T15:18:14.329+0000] {processor.py:829} INFO - Processing file /home/ubuntu/airflow_venv/lib/python3.10/site-packages/airflow/example_dags/example_branch_day_of_week_operator.py for tasks to queue
[2023-09-28T15:18:14.330+0000] {logging_mixin.py:151} INFO - [2023-09-28T15:18:14.330+0000] {dagbag.py:539} INFO - Filling up the DagBag from /home/ubuntu/airflow_venv/lib/python3.10/site-packages/airflow/example_dags/example_branch_day_of_week_operator.py
[2023-09-28T15:18:14.339+0000] {processor.py:839} INFO - DAG(s) dict_keys(['example_weekday_branch_operator']) retrieved from /home/ubuntu/airflow_venv/lib/python3.10/site-packages/airflow/example_dags/example_branch_day_of_week_operator.py
[2023-09-28T15:18:14.358+0000] {logging_mixin.py:151} INFO - [2023-09-28T15:18:14.357+0000] {dag.py:2915} INFO - Sync 1 DAGs
[2023-09-28T15:18:14.381+0000] {logging_mixin.py:151} INFO - [2023-09-28T15:18:14.381+0000] {dag.py:3696} INFO - Setting next_dagrun for example_weekday_branch_operator to 2023-09-27T00:00:00+00:00, run_after=2023-09-28T00:00:00+00:00
[2023-09-28T15:18:14.403+0000] {processor.py:179} INFO - Processing /home/ubuntu/airflow_venv/lib/python3.10/site-packages/airflow/example_dags/example_branch_day_of_week_operator.py took 0.079 seconds
[2023-09-28T15:24:13.749+0000] {processor.py:157} INFO - Started process (PID=3459) to work on /home/ubuntu/airflow_venv/lib/python3.10/site-packages/airflow/example_dags/example_branch_day_of_week_operator.py
[2023-09-28T15:24:13.751+0000] {processor.py:829} INFO - Processing file /home/ubuntu/airflow_venv/lib/python3.10/site-packages/airflow/example_dags/example_branch_day_of_week_operator.py for tasks to queue
[2023-09-28T15:24:13.752+0000] {logging_mixin.py:151} INFO - [2023-09-28T15:24:13.752+0000] {dagbag.py:539} INFO - Filling up the DagBag from /home/ubuntu/airflow_venv/lib/python3.10/site-packages/airflow/example_dags/example_branch_day_of_week_operator.py
[2023-09-28T15:24:13.760+0000] {processor.py:839} INFO - DAG(s) dict_keys(['example_weekday_branch_operator']) retrieved from /home/ubuntu/airflow_venv/lib/python3.10/site-packages/airflow/example_dags/example_branch_day_of_week_operator.py
[2023-09-28T15:24:13.780+0000] {logging_mixin.py:151} INFO - [2023-09-28T15:24:13.780+0000] {dag.py:2915} INFO - Sync 1 DAGs
[2023-09-28T15:24:13.800+0000] {logging_mixin.py:151} INFO - [2023-09-28T15:24:13.800+0000] {dag.py:3696} INFO - Setting next_dagrun for example_weekday_branch_operator to 2023-09-27T00:00:00+00:00, run_after=2023-09-28T00:00:00+00:00
[2023-09-28T15:24:13.820+0000] {processor.py:179} INFO - Processing /home/ubuntu/airflow_venv/lib/python3.10/site-packages/airflow/example_dags/example_branch_day_of_week_operator.py took 0.077 seconds
[2023-09-28T15:25:18.124+0000] {processor.py:157} INFO - Started process (PID=3560) to work on /home/ubuntu/airflow_venv/lib/python3.10/site-packages/airflow/example_dags/example_branch_day_of_week_operator.py
[2023-09-28T15:25:18.125+0000] {processor.py:829} INFO - Processing file /home/ubuntu/airflow_venv/lib/python3.10/site-packages/airflow/example_dags/example_branch_day_of_week_operator.py for tasks to queue
[2023-09-28T15:25:18.127+0000] {logging_mixin.py:151} INFO - [2023-09-28T15:25:18.126+0000] {dagbag.py:539} INFO - Filling up the DagBag from /home/ubuntu/airflow_venv/lib/python3.10/site-packages/airflow/example_dags/example_branch_day_of_week_operator.py
[2023-09-28T15:25:18.138+0000] {processor.py:839} INFO - DAG(s) dict_keys(['example_weekday_branch_operator']) retrieved from /home/ubuntu/airflow_venv/lib/python3.10/site-packages/airflow/example_dags/example_branch_day_of_week_operator.py
[2023-09-28T15:25:18.189+0000] {logging_mixin.py:151} INFO - [2023-09-28T15:25:18.189+0000] {dag.py:2915} INFO - Sync 1 DAGs
[2023-09-28T15:25:18.615+0000] {logging_mixin.py:151} INFO - [2023-09-28T15:25:18.609+0000] {dag.py:3696} INFO - Setting next_dagrun for example_weekday_branch_operator to 2023-09-27T00:00:00+00:00, run_after=2023-09-28T00:00:00+00:00
[2023-09-28T15:25:38.267+0000] {processor.py:179} INFO - Processing /home/ubuntu/airflow_venv/lib/python3.10/site-packages/airflow/example_dags/example_branch_day_of_week_operator.py took 20.148 seconds
