[2023-09-28T09:26:59.440+0000] {processor.py:157} INFO - Started process (PID=51076) to work on /home/ubuntu/airflow_venv/lib/python3.10/site-packages/airflow/example_dags/example_setup_teardown.py
[2023-09-28T09:26:59.441+0000] {processor.py:829} INFO - Processing file /home/ubuntu/airflow_venv/lib/python3.10/site-packages/airflow/example_dags/example_setup_teardown.py for tasks to queue
[2023-09-28T09:26:59.442+0000] {logging_mixin.py:151} INFO - [2023-09-28T09:26:59.442+0000] {dagbag.py:539} INFO - Filling up the DagBag from /home/ubuntu/airflow_venv/lib/python3.10/site-packages/airflow/example_dags/example_setup_teardown.py
[2023-09-28T09:26:59.450+0000] {processor.py:839} INFO - DAG(s) dict_keys(['example_setup_teardown']) retrieved from /home/ubuntu/airflow_venv/lib/python3.10/site-packages/airflow/example_dags/example_setup_teardown.py
[2023-09-28T09:26:59.472+0000] {logging_mixin.py:151} INFO - [2023-09-28T09:26:59.472+0000] {dag.py:2915} INFO - Sync 1 DAGs
[2023-09-28T09:26:59.501+0000] {logging_mixin.py:151} INFO - [2023-09-28T09:26:59.501+0000] {dag.py:3696} INFO - Setting next_dagrun for example_setup_teardown to 2023-09-27T09:26:59.501504+00:00, run_after=2023-09-28T09:26:59.501504+00:00
[2023-09-28T09:26:59.523+0000] {processor.py:179} INFO - Processing /home/ubuntu/airflow_venv/lib/python3.10/site-packages/airflow/example_dags/example_setup_teardown.py took 0.086 seconds
[2023-09-28T09:28:18.852+0000] {processor.py:157} INFO - Started process (PID=51143) to work on /home/ubuntu/airflow_venv/lib/python3.10/site-packages/airflow/example_dags/example_setup_teardown.py
[2023-09-28T09:28:18.853+0000] {processor.py:829} INFO - Processing file /home/ubuntu/airflow_venv/lib/python3.10/site-packages/airflow/example_dags/example_setup_teardown.py for tasks to queue
[2023-09-28T09:28:18.854+0000] {logging_mixin.py:151} INFO - [2023-09-28T09:28:18.854+0000] {dagbag.py:539} INFO - Filling up the DagBag from /home/ubuntu/airflow_venv/lib/python3.10/site-packages/airflow/example_dags/example_setup_teardown.py
[2023-09-28T09:28:18.862+0000] {processor.py:839} INFO - DAG(s) dict_keys(['example_setup_teardown']) retrieved from /home/ubuntu/airflow_venv/lib/python3.10/site-packages/airflow/example_dags/example_setup_teardown.py
[2023-09-28T09:28:18.880+0000] {logging_mixin.py:151} INFO - [2023-09-28T09:28:18.880+0000] {dag.py:2915} INFO - Sync 1 DAGs
[2023-09-28T09:28:18.900+0000] {logging_mixin.py:151} INFO - [2023-09-28T09:28:18.899+0000] {dag.py:3696} INFO - Setting next_dagrun for example_setup_teardown to 2023-09-27T09:28:18.899718+00:00, run_after=2023-09-28T09:28:18.899718+00:00
[2023-09-28T09:28:18.924+0000] {processor.py:179} INFO - Processing /home/ubuntu/airflow_venv/lib/python3.10/site-packages/airflow/example_dags/example_setup_teardown.py took 0.075 seconds
[2023-09-28T10:47:20.312+0000] {processor.py:157} INFO - Started process (PID=1256) to work on /home/ubuntu/airflow_venv/lib/python3.10/site-packages/airflow/example_dags/example_setup_teardown.py
[2023-09-28T10:47:20.313+0000] {processor.py:829} INFO - Processing file /home/ubuntu/airflow_venv/lib/python3.10/site-packages/airflow/example_dags/example_setup_teardown.py for tasks to queue
[2023-09-28T10:47:20.314+0000] {logging_mixin.py:151} INFO - [2023-09-28T10:47:20.314+0000] {dagbag.py:539} INFO - Filling up the DagBag from /home/ubuntu/airflow_venv/lib/python3.10/site-packages/airflow/example_dags/example_setup_teardown.py
[2023-09-28T10:47:20.325+0000] {processor.py:839} INFO - DAG(s) dict_keys(['example_setup_teardown']) retrieved from /home/ubuntu/airflow_venv/lib/python3.10/site-packages/airflow/example_dags/example_setup_teardown.py
[2023-09-28T10:47:20.358+0000] {logging_mixin.py:151} INFO - [2023-09-28T10:47:20.358+0000] {dag.py:2915} INFO - Sync 1 DAGs
[2023-09-28T10:47:20.393+0000] {logging_mixin.py:151} INFO - [2023-09-28T10:47:20.392+0000] {dag.py:3696} INFO - Setting next_dagrun for example_setup_teardown to 2023-09-27T10:47:20.392584+00:00, run_after=2023-09-28T10:47:20.392584+00:00
[2023-09-28T10:47:20.432+0000] {processor.py:179} INFO - Processing /home/ubuntu/airflow_venv/lib/python3.10/site-packages/airflow/example_dags/example_setup_teardown.py took 0.125 seconds
[2023-09-28T10:48:09.789+0000] {processor.py:157} INFO - Started process (PID=1514) to work on /home/ubuntu/airflow_venv/lib/python3.10/site-packages/airflow/example_dags/example_setup_teardown.py
[2023-09-28T10:48:09.791+0000] {processor.py:829} INFO - Processing file /home/ubuntu/airflow_venv/lib/python3.10/site-packages/airflow/example_dags/example_setup_teardown.py for tasks to queue
[2023-09-28T10:48:09.791+0000] {logging_mixin.py:151} INFO - [2023-09-28T10:48:09.791+0000] {dagbag.py:539} INFO - Filling up the DagBag from /home/ubuntu/airflow_venv/lib/python3.10/site-packages/airflow/example_dags/example_setup_teardown.py
[2023-09-28T10:48:09.799+0000] {processor.py:839} INFO - DAG(s) dict_keys(['example_setup_teardown']) retrieved from /home/ubuntu/airflow_venv/lib/python3.10/site-packages/airflow/example_dags/example_setup_teardown.py
[2023-09-28T10:48:09.815+0000] {logging_mixin.py:151} INFO - [2023-09-28T10:48:09.815+0000] {dag.py:2915} INFO - Sync 1 DAGs
[2023-09-28T10:48:09.834+0000] {logging_mixin.py:151} INFO - [2023-09-28T10:48:09.834+0000] {dag.py:3696} INFO - Setting next_dagrun for example_setup_teardown to 2023-09-27T10:48:09.834458+00:00, run_after=2023-09-28T10:48:09.834458+00:00
[2023-09-28T10:48:10.020+0000] {processor.py:179} INFO - Processing /home/ubuntu/airflow_venv/lib/python3.10/site-packages/airflow/example_dags/example_setup_teardown.py took 0.234 seconds
[2023-09-28T10:49:05.493+0000] {processor.py:157} INFO - Started process (PID=1564) to work on /home/ubuntu/airflow_venv/lib/python3.10/site-packages/airflow/example_dags/example_setup_teardown.py
[2023-09-28T10:49:05.494+0000] {processor.py:829} INFO - Processing file /home/ubuntu/airflow_venv/lib/python3.10/site-packages/airflow/example_dags/example_setup_teardown.py for tasks to queue
[2023-09-28T10:49:05.495+0000] {logging_mixin.py:151} INFO - [2023-09-28T10:49:05.495+0000] {dagbag.py:539} INFO - Filling up the DagBag from /home/ubuntu/airflow_venv/lib/python3.10/site-packages/airflow/example_dags/example_setup_teardown.py
[2023-09-28T10:49:05.503+0000] {processor.py:839} INFO - DAG(s) dict_keys(['example_setup_teardown']) retrieved from /home/ubuntu/airflow_venv/lib/python3.10/site-packages/airflow/example_dags/example_setup_teardown.py
[2023-09-28T10:49:05.684+0000] {logging_mixin.py:151} INFO - [2023-09-28T10:49:05.684+0000] {dag.py:2915} INFO - Sync 1 DAGs
[2023-09-28T10:49:05.711+0000] {logging_mixin.py:151} INFO - [2023-09-28T10:49:05.711+0000] {dag.py:3696} INFO - Setting next_dagrun for example_setup_teardown to 2023-09-27T10:49:05.710898+00:00, run_after=2023-09-28T10:49:05.710898+00:00
[2023-09-28T10:49:05.738+0000] {processor.py:179} INFO - Processing /home/ubuntu/airflow_venv/lib/python3.10/site-packages/airflow/example_dags/example_setup_teardown.py took 0.248 seconds
[2023-09-28T10:53:58.263+0000] {processor.py:157} INFO - Started process (PID=2007) to work on /home/ubuntu/airflow_venv/lib/python3.10/site-packages/airflow/example_dags/example_setup_teardown.py
[2023-09-28T10:53:58.265+0000] {processor.py:829} INFO - Processing file /home/ubuntu/airflow_venv/lib/python3.10/site-packages/airflow/example_dags/example_setup_teardown.py for tasks to queue
[2023-09-28T10:53:58.281+0000] {logging_mixin.py:151} INFO - [2023-09-28T10:53:58.266+0000] {dagbag.py:539} INFO - Filling up the DagBag from /home/ubuntu/airflow_venv/lib/python3.10/site-packages/airflow/example_dags/example_setup_teardown.py
[2023-09-28T10:53:58.334+0000] {processor.py:839} INFO - DAG(s) dict_keys(['example_setup_teardown']) retrieved from /home/ubuntu/airflow_venv/lib/python3.10/site-packages/airflow/example_dags/example_setup_teardown.py
[2023-09-28T10:53:58.412+0000] {logging_mixin.py:151} INFO - [2023-09-28T10:53:58.412+0000] {dag.py:2915} INFO - Sync 1 DAGs
[2023-09-28T10:53:58.665+0000] {logging_mixin.py:151} INFO - [2023-09-28T10:53:58.658+0000] {dag.py:3696} INFO - Setting next_dagrun for example_setup_teardown to 2023-09-27T10:53:58.651447+00:00, run_after=2023-09-28T10:53:58.651447+00:00
[2023-09-28T10:53:58.949+0000] {processor.py:179} INFO - Processing /home/ubuntu/airflow_venv/lib/python3.10/site-packages/airflow/example_dags/example_setup_teardown.py took 0.702 seconds
[2023-09-28T11:05:44.623+0000] {processor.py:157} INFO - Started process (PID=2187) to work on /home/ubuntu/airflow_venv/lib/python3.10/site-packages/airflow/example_dags/example_setup_teardown.py
[2023-09-28T11:05:44.624+0000] {processor.py:829} INFO - Processing file /home/ubuntu/airflow_venv/lib/python3.10/site-packages/airflow/example_dags/example_setup_teardown.py for tasks to queue
[2023-09-28T11:05:44.625+0000] {logging_mixin.py:151} INFO - [2023-09-28T11:05:44.625+0000] {dagbag.py:539} INFO - Filling up the DagBag from /home/ubuntu/airflow_venv/lib/python3.10/site-packages/airflow/example_dags/example_setup_teardown.py
[2023-09-28T11:05:44.634+0000] {processor.py:839} INFO - DAG(s) dict_keys(['example_setup_teardown']) retrieved from /home/ubuntu/airflow_venv/lib/python3.10/site-packages/airflow/example_dags/example_setup_teardown.py
[2023-09-28T11:05:44.654+0000] {logging_mixin.py:151} INFO - [2023-09-28T11:05:44.654+0000] {dag.py:2915} INFO - Sync 1 DAGs
[2023-09-28T11:05:44.676+0000] {logging_mixin.py:151} INFO - [2023-09-28T11:05:44.675+0000] {dag.py:3696} INFO - Setting next_dagrun for example_setup_teardown to 2023-09-27T11:05:44.675518+00:00, run_after=2023-09-28T11:05:44.675518+00:00
[2023-09-28T11:05:44.699+0000] {processor.py:179} INFO - Processing /home/ubuntu/airflow_venv/lib/python3.10/site-packages/airflow/example_dags/example_setup_teardown.py took 0.080 seconds
[2023-09-28T15:00:48.624+0000] {processor.py:157} INFO - Started process (PID=1803) to work on /home/ubuntu/airflow_venv/lib/python3.10/site-packages/airflow/example_dags/example_setup_teardown.py
[2023-09-28T15:00:48.625+0000] {processor.py:829} INFO - Processing file /home/ubuntu/airflow_venv/lib/python3.10/site-packages/airflow/example_dags/example_setup_teardown.py for tasks to queue
[2023-09-28T15:00:48.626+0000] {logging_mixin.py:151} INFO - [2023-09-28T15:00:48.625+0000] {dagbag.py:539} INFO - Filling up the DagBag from /home/ubuntu/airflow_venv/lib/python3.10/site-packages/airflow/example_dags/example_setup_teardown.py
[2023-09-28T15:00:48.634+0000] {processor.py:839} INFO - DAG(s) dict_keys(['example_setup_teardown']) retrieved from /home/ubuntu/airflow_venv/lib/python3.10/site-packages/airflow/example_dags/example_setup_teardown.py
[2023-09-28T15:00:48.644+0000] {logging_mixin.py:151} INFO - [2023-09-28T15:00:48.644+0000] {dag.py:2915} INFO - Sync 1 DAGs
[2023-09-28T15:00:48.664+0000] {logging_mixin.py:151} INFO - [2023-09-28T15:00:48.664+0000] {dag.py:3696} INFO - Setting next_dagrun for example_setup_teardown to 2023-09-27T15:00:48.663822+00:00, run_after=2023-09-28T15:00:48.663822+00:00
[2023-09-28T15:00:48.683+0000] {processor.py:179} INFO - Processing /home/ubuntu/airflow_venv/lib/python3.10/site-packages/airflow/example_dags/example_setup_teardown.py took 0.062 seconds
[2023-09-28T15:01:39.488+0000] {processor.py:157} INFO - Started process (PID=1851) to work on /home/ubuntu/airflow_venv/lib/python3.10/site-packages/airflow/example_dags/example_setup_teardown.py
[2023-09-28T15:01:39.489+0000] {processor.py:829} INFO - Processing file /home/ubuntu/airflow_venv/lib/python3.10/site-packages/airflow/example_dags/example_setup_teardown.py for tasks to queue
[2023-09-28T15:01:39.490+0000] {logging_mixin.py:151} INFO - [2023-09-28T15:01:39.489+0000] {dagbag.py:539} INFO - Filling up the DagBag from /home/ubuntu/airflow_venv/lib/python3.10/site-packages/airflow/example_dags/example_setup_teardown.py
[2023-09-28T15:01:39.497+0000] {processor.py:839} INFO - DAG(s) dict_keys(['example_setup_teardown']) retrieved from /home/ubuntu/airflow_venv/lib/python3.10/site-packages/airflow/example_dags/example_setup_teardown.py
[2023-09-28T15:01:39.512+0000] {logging_mixin.py:151} INFO - [2023-09-28T15:01:39.512+0000] {dag.py:2915} INFO - Sync 1 DAGs
[2023-09-28T15:01:39.531+0000] {logging_mixin.py:151} INFO - [2023-09-28T15:01:39.531+0000] {dag.py:3696} INFO - Setting next_dagrun for example_setup_teardown to 2023-09-27T15:01:39.531094+00:00, run_after=2023-09-28T15:01:39.531094+00:00
[2023-09-28T15:01:39.690+0000] {processor.py:179} INFO - Processing /home/ubuntu/airflow_venv/lib/python3.10/site-packages/airflow/example_dags/example_setup_teardown.py took 0.207 seconds
[2023-09-28T15:17:53.087+0000] {processor.py:157} INFO - Started process (PID=3220) to work on /home/ubuntu/airflow_venv/lib/python3.10/site-packages/airflow/example_dags/example_setup_teardown.py
[2023-09-28T15:17:53.088+0000] {processor.py:829} INFO - Processing file /home/ubuntu/airflow_venv/lib/python3.10/site-packages/airflow/example_dags/example_setup_teardown.py for tasks to queue
[2023-09-28T15:17:53.089+0000] {logging_mixin.py:151} INFO - [2023-09-28T15:17:53.088+0000] {dagbag.py:539} INFO - Filling up the DagBag from /home/ubuntu/airflow_venv/lib/python3.10/site-packages/airflow/example_dags/example_setup_teardown.py
[2023-09-28T15:17:53.099+0000] {processor.py:839} INFO - DAG(s) dict_keys(['example_setup_teardown']) retrieved from /home/ubuntu/airflow_venv/lib/python3.10/site-packages/airflow/example_dags/example_setup_teardown.py
[2023-09-28T15:17:53.129+0000] {logging_mixin.py:151} INFO - [2023-09-28T15:17:53.129+0000] {dag.py:2915} INFO - Sync 1 DAGs
[2023-09-28T15:17:53.149+0000] {logging_mixin.py:151} INFO - [2023-09-28T15:17:53.149+0000] {dag.py:3696} INFO - Setting next_dagrun for example_setup_teardown to 2023-09-27T15:17:53.149304+00:00, run_after=2023-09-28T15:17:53.149304+00:00
[2023-09-28T15:17:53.170+0000] {processor.py:179} INFO - Processing /home/ubuntu/airflow_venv/lib/python3.10/site-packages/airflow/example_dags/example_setup_teardown.py took 0.088 seconds
[2023-09-28T15:23:53.472+0000] {processor.py:157} INFO - Started process (PID=3435) to work on /home/ubuntu/airflow_venv/lib/python3.10/site-packages/airflow/example_dags/example_setup_teardown.py
[2023-09-28T15:23:53.473+0000] {processor.py:829} INFO - Processing file /home/ubuntu/airflow_venv/lib/python3.10/site-packages/airflow/example_dags/example_setup_teardown.py for tasks to queue
[2023-09-28T15:23:53.474+0000] {logging_mixin.py:151} INFO - [2023-09-28T15:23:53.473+0000] {dagbag.py:539} INFO - Filling up the DagBag from /home/ubuntu/airflow_venv/lib/python3.10/site-packages/airflow/example_dags/example_setup_teardown.py
[2023-09-28T15:23:53.481+0000] {processor.py:839} INFO - DAG(s) dict_keys(['example_setup_teardown']) retrieved from /home/ubuntu/airflow_venv/lib/python3.10/site-packages/airflow/example_dags/example_setup_teardown.py
[2023-09-28T15:23:53.498+0000] {logging_mixin.py:151} INFO - [2023-09-28T15:23:53.498+0000] {dag.py:2915} INFO - Sync 1 DAGs
[2023-09-28T15:23:53.517+0000] {logging_mixin.py:151} INFO - [2023-09-28T15:23:53.517+0000] {dag.py:3696} INFO - Setting next_dagrun for example_setup_teardown to 2023-09-27T15:23:53.517269+00:00, run_after=2023-09-28T15:23:53.517269+00:00
[2023-09-28T15:23:53.537+0000] {processor.py:179} INFO - Processing /home/ubuntu/airflow_venv/lib/python3.10/site-packages/airflow/example_dags/example_setup_teardown.py took 0.069 seconds
[2023-09-28T15:24:42.061+0000] {processor.py:157} INFO - Started process (PID=3486) to work on /home/ubuntu/airflow_venv/lib/python3.10/site-packages/airflow/example_dags/example_setup_teardown.py
[2023-09-28T15:24:42.062+0000] {processor.py:829} INFO - Processing file /home/ubuntu/airflow_venv/lib/python3.10/site-packages/airflow/example_dags/example_setup_teardown.py for tasks to queue
[2023-09-28T15:24:42.063+0000] {logging_mixin.py:151} INFO - [2023-09-28T15:24:42.063+0000] {dagbag.py:539} INFO - Filling up the DagBag from /home/ubuntu/airflow_venv/lib/python3.10/site-packages/airflow/example_dags/example_setup_teardown.py
[2023-09-28T15:24:42.073+0000] {processor.py:839} INFO - DAG(s) dict_keys(['example_setup_teardown']) retrieved from /home/ubuntu/airflow_venv/lib/python3.10/site-packages/airflow/example_dags/example_setup_teardown.py
[2023-09-28T15:24:42.091+0000] {logging_mixin.py:151} INFO - [2023-09-28T15:24:42.091+0000] {dag.py:2915} INFO - Sync 1 DAGs
[2023-09-28T15:24:42.112+0000] {logging_mixin.py:151} INFO - [2023-09-28T15:24:42.112+0000] {dag.py:3696} INFO - Setting next_dagrun for example_setup_teardown to 2023-09-27T15:24:42.111707+00:00, run_after=2023-09-28T15:24:42.111707+00:00
[2023-09-28T15:24:42.286+0000] {processor.py:179} INFO - Processing /home/ubuntu/airflow_venv/lib/python3.10/site-packages/airflow/example_dags/example_setup_teardown.py took 0.230 seconds
[2023-09-28T15:28:24.202+0000] {processor.py:157} INFO - Started process (PID=3595) to work on /home/ubuntu/airflow_venv/lib/python3.10/site-packages/airflow/example_dags/example_setup_teardown.py
[2023-09-28T15:28:24.203+0000] {processor.py:829} INFO - Processing file /home/ubuntu/airflow_venv/lib/python3.10/site-packages/airflow/example_dags/example_setup_teardown.py for tasks to queue
[2023-09-28T15:28:24.204+0000] {logging_mixin.py:151} INFO - [2023-09-28T15:28:24.204+0000] {dagbag.py:539} INFO - Filling up the DagBag from /home/ubuntu/airflow_venv/lib/python3.10/site-packages/airflow/example_dags/example_setup_teardown.py
[2023-09-28T15:28:24.213+0000] {processor.py:839} INFO - DAG(s) dict_keys(['example_setup_teardown']) retrieved from /home/ubuntu/airflow_venv/lib/python3.10/site-packages/airflow/example_dags/example_setup_teardown.py
[2023-09-28T15:28:24.370+0000] {logging_mixin.py:151} INFO - [2023-09-28T15:28:24.370+0000] {dag.py:2915} INFO - Sync 1 DAGs
[2023-09-28T15:28:24.386+0000] {logging_mixin.py:151} INFO - [2023-09-28T15:28:24.386+0000] {dag.py:3696} INFO - Setting next_dagrun for example_setup_teardown to 2023-09-27T15:28:24.386262+00:00, run_after=2023-09-28T15:28:24.386262+00:00
[2023-09-28T15:28:24.407+0000] {processor.py:179} INFO - Processing /home/ubuntu/airflow_venv/lib/python3.10/site-packages/airflow/example_dags/example_setup_teardown.py took 0.208 seconds
