[2023-09-28T09:28:24.152+0000] {processor.py:157} INFO - Started process (PID=51149) to work on /home/ubuntu/airflow_venv/lib/python3.10/site-packages/airflow/example_dags/example_branch_operator_decorator.py
[2023-09-28T09:28:24.153+0000] {processor.py:829} INFO - Processing file /home/ubuntu/airflow_venv/lib/python3.10/site-packages/airflow/example_dags/example_branch_operator_decorator.py for tasks to queue
[2023-09-28T09:28:24.154+0000] {logging_mixin.py:151} INFO - [2023-09-28T09:28:24.153+0000] {dagbag.py:539} INFO - Filling up the DagBag from /home/ubuntu/airflow_venv/lib/python3.10/site-packages/airflow/example_dags/example_branch_operator_decorator.py
[2023-09-28T09:28:24.167+0000] {processor.py:839} INFO - DAG(s) dict_keys(['example_branch_python_operator_decorator']) retrieved from /home/ubuntu/airflow_venv/lib/python3.10/site-packages/airflow/example_dags/example_branch_operator_decorator.py
[2023-09-28T09:28:24.192+0000] {logging_mixin.py:151} INFO - [2023-09-28T09:28:24.192+0000] {dag.py:2915} INFO - Sync 1 DAGs
[2023-09-28T09:28:24.226+0000] {logging_mixin.py:151} INFO - [2023-09-28T09:28:24.226+0000] {dag.py:3696} INFO - Setting next_dagrun for example_branch_python_operator_decorator to 2023-09-27T00:00:00+00:00, run_after=2023-09-28T00:00:00+00:00
[2023-09-28T09:28:24.253+0000] {processor.py:179} INFO - Processing /home/ubuntu/airflow_venv/lib/python3.10/site-packages/airflow/example_dags/example_branch_operator_decorator.py took 0.106 seconds
[2023-09-28T10:47:25.659+0000] {processor.py:157} INFO - Started process (PID=1471) to work on /home/ubuntu/airflow_venv/lib/python3.10/site-packages/airflow/example_dags/example_branch_operator_decorator.py
[2023-09-28T10:47:25.661+0000] {processor.py:829} INFO - Processing file /home/ubuntu/airflow_venv/lib/python3.10/site-packages/airflow/example_dags/example_branch_operator_decorator.py for tasks to queue
[2023-09-28T10:47:25.662+0000] {logging_mixin.py:151} INFO - [2023-09-28T10:47:25.662+0000] {dagbag.py:539} INFO - Filling up the DagBag from /home/ubuntu/airflow_venv/lib/python3.10/site-packages/airflow/example_dags/example_branch_operator_decorator.py
[2023-09-28T10:47:25.676+0000] {processor.py:839} INFO - DAG(s) dict_keys(['example_branch_python_operator_decorator']) retrieved from /home/ubuntu/airflow_venv/lib/python3.10/site-packages/airflow/example_dags/example_branch_operator_decorator.py
[2023-09-28T10:47:25.712+0000] {logging_mixin.py:151} INFO - [2023-09-28T10:47:25.712+0000] {dag.py:2915} INFO - Sync 1 DAGs
[2023-09-28T10:47:25.737+0000] {logging_mixin.py:151} INFO - [2023-09-28T10:47:25.736+0000] {dag.py:3696} INFO - Setting next_dagrun for example_branch_python_operator_decorator to 2023-09-27T00:00:00+00:00, run_after=2023-09-28T00:00:00+00:00
[2023-09-28T10:47:25.768+0000] {processor.py:179} INFO - Processing /home/ubuntu/airflow_venv/lib/python3.10/site-packages/airflow/example_dags/example_branch_operator_decorator.py took 0.114 seconds
[2023-09-28T10:48:17.681+0000] {processor.py:157} INFO - Started process (PID=1520) to work on /home/ubuntu/airflow_venv/lib/python3.10/site-packages/airflow/example_dags/example_branch_operator_decorator.py
[2023-09-28T10:48:17.682+0000] {processor.py:829} INFO - Processing file /home/ubuntu/airflow_venv/lib/python3.10/site-packages/airflow/example_dags/example_branch_operator_decorator.py for tasks to queue
[2023-09-28T10:48:17.684+0000] {logging_mixin.py:151} INFO - [2023-09-28T10:48:17.683+0000] {dagbag.py:539} INFO - Filling up the DagBag from /home/ubuntu/airflow_venv/lib/python3.10/site-packages/airflow/example_dags/example_branch_operator_decorator.py
[2023-09-28T10:48:17.707+0000] {processor.py:839} INFO - DAG(s) dict_keys(['example_branch_python_operator_decorator']) retrieved from /home/ubuntu/airflow_venv/lib/python3.10/site-packages/airflow/example_dags/example_branch_operator_decorator.py
[2023-09-28T10:48:17.736+0000] {logging_mixin.py:151} INFO - [2023-09-28T10:48:17.736+0000] {dag.py:2915} INFO - Sync 1 DAGs
[2023-09-28T10:48:17.990+0000] {logging_mixin.py:151} INFO - [2023-09-28T10:48:17.990+0000] {dag.py:3696} INFO - Setting next_dagrun for example_branch_python_operator_decorator to 2023-09-27T00:00:00+00:00, run_after=2023-09-28T00:00:00+00:00
[2023-09-28T10:48:18.021+0000] {processor.py:179} INFO - Processing /home/ubuntu/airflow_venv/lib/python3.10/site-packages/airflow/example_dags/example_branch_operator_decorator.py took 0.343 seconds
[2023-09-28T10:49:13.557+0000] {processor.py:157} INFO - Started process (PID=1570) to work on /home/ubuntu/airflow_venv/lib/python3.10/site-packages/airflow/example_dags/example_branch_operator_decorator.py
[2023-09-28T10:49:13.558+0000] {processor.py:829} INFO - Processing file /home/ubuntu/airflow_venv/lib/python3.10/site-packages/airflow/example_dags/example_branch_operator_decorator.py for tasks to queue
[2023-09-28T10:49:13.559+0000] {logging_mixin.py:151} INFO - [2023-09-28T10:49:13.558+0000] {dagbag.py:539} INFO - Filling up the DagBag from /home/ubuntu/airflow_venv/lib/python3.10/site-packages/airflow/example_dags/example_branch_operator_decorator.py
[2023-09-28T10:49:13.569+0000] {processor.py:839} INFO - DAG(s) dict_keys(['example_branch_python_operator_decorator']) retrieved from /home/ubuntu/airflow_venv/lib/python3.10/site-packages/airflow/example_dags/example_branch_operator_decorator.py
[2023-09-28T10:49:13.788+0000] {logging_mixin.py:151} INFO - [2023-09-28T10:49:13.788+0000] {dag.py:2915} INFO - Sync 1 DAGs
[2023-09-28T10:49:13.807+0000] {logging_mixin.py:151} INFO - [2023-09-28T10:49:13.806+0000] {dag.py:3696} INFO - Setting next_dagrun for example_branch_python_operator_decorator to 2023-09-27T00:00:00+00:00, run_after=2023-09-28T00:00:00+00:00
[2023-09-28T10:49:13.836+0000] {processor.py:179} INFO - Processing /home/ubuntu/airflow_venv/lib/python3.10/site-packages/airflow/example_dags/example_branch_operator_decorator.py took 0.283 seconds
[2023-09-28T11:05:49.784+0000] {processor.py:157} INFO - Started process (PID=2193) to work on /home/ubuntu/airflow_venv/lib/python3.10/site-packages/airflow/example_dags/example_branch_operator_decorator.py
[2023-09-28T11:05:49.786+0000] {processor.py:829} INFO - Processing file /home/ubuntu/airflow_venv/lib/python3.10/site-packages/airflow/example_dags/example_branch_operator_decorator.py for tasks to queue
[2023-09-28T11:05:49.787+0000] {logging_mixin.py:151} INFO - [2023-09-28T11:05:49.786+0000] {dagbag.py:539} INFO - Filling up the DagBag from /home/ubuntu/airflow_venv/lib/python3.10/site-packages/airflow/example_dags/example_branch_operator_decorator.py
[2023-09-28T11:05:49.798+0000] {processor.py:839} INFO - DAG(s) dict_keys(['example_branch_python_operator_decorator']) retrieved from /home/ubuntu/airflow_venv/lib/python3.10/site-packages/airflow/example_dags/example_branch_operator_decorator.py
[2023-09-28T11:05:49.831+0000] {logging_mixin.py:151} INFO - [2023-09-28T11:05:49.830+0000] {dag.py:2915} INFO - Sync 1 DAGs
[2023-09-28T11:05:49.858+0000] {logging_mixin.py:151} INFO - [2023-09-28T11:05:49.858+0000] {dag.py:3696} INFO - Setting next_dagrun for example_branch_python_operator_decorator to 2023-09-27T00:00:00+00:00, run_after=2023-09-28T00:00:00+00:00
[2023-09-28T11:05:49.891+0000] {processor.py:179} INFO - Processing /home/ubuntu/airflow_venv/lib/python3.10/site-packages/airflow/example_dags/example_branch_operator_decorator.py took 0.110 seconds
[2023-09-28T15:00:54.913+0000] {processor.py:157} INFO - Started process (PID=1809) to work on /home/ubuntu/airflow_venv/lib/python3.10/site-packages/airflow/example_dags/example_branch_operator_decorator.py
[2023-09-28T15:00:54.914+0000] {processor.py:829} INFO - Processing file /home/ubuntu/airflow_venv/lib/python3.10/site-packages/airflow/example_dags/example_branch_operator_decorator.py for tasks to queue
[2023-09-28T15:00:54.915+0000] {logging_mixin.py:151} INFO - [2023-09-28T15:00:54.915+0000] {dagbag.py:539} INFO - Filling up the DagBag from /home/ubuntu/airflow_venv/lib/python3.10/site-packages/airflow/example_dags/example_branch_operator_decorator.py
[2023-09-28T15:00:54.926+0000] {processor.py:839} INFO - DAG(s) dict_keys(['example_branch_python_operator_decorator']) retrieved from /home/ubuntu/airflow_venv/lib/python3.10/site-packages/airflow/example_dags/example_branch_operator_decorator.py
[2023-09-28T15:00:54.949+0000] {logging_mixin.py:151} INFO - [2023-09-28T15:00:54.948+0000] {dag.py:2915} INFO - Sync 1 DAGs
[2023-09-28T15:00:54.975+0000] {logging_mixin.py:151} INFO - [2023-09-28T15:00:54.975+0000] {dag.py:3696} INFO - Setting next_dagrun for example_branch_python_operator_decorator to 2023-09-27T00:00:00+00:00, run_after=2023-09-28T00:00:00+00:00
[2023-09-28T15:00:54.994+0000] {processor.py:179} INFO - Processing /home/ubuntu/airflow_venv/lib/python3.10/site-packages/airflow/example_dags/example_branch_operator_decorator.py took 0.085 seconds
[2023-09-28T15:01:45.790+0000] {processor.py:157} INFO - Started process (PID=1857) to work on /home/ubuntu/airflow_venv/lib/python3.10/site-packages/airflow/example_dags/example_branch_operator_decorator.py
[2023-09-28T15:01:45.791+0000] {processor.py:829} INFO - Processing file /home/ubuntu/airflow_venv/lib/python3.10/site-packages/airflow/example_dags/example_branch_operator_decorator.py for tasks to queue
[2023-09-28T15:01:45.792+0000] {logging_mixin.py:151} INFO - [2023-09-28T15:01:45.791+0000] {dagbag.py:539} INFO - Filling up the DagBag from /home/ubuntu/airflow_venv/lib/python3.10/site-packages/airflow/example_dags/example_branch_operator_decorator.py
[2023-09-28T15:01:45.805+0000] {processor.py:839} INFO - DAG(s) dict_keys(['example_branch_python_operator_decorator']) retrieved from /home/ubuntu/airflow_venv/lib/python3.10/site-packages/airflow/example_dags/example_branch_operator_decorator.py
[2023-09-28T15:01:45.829+0000] {logging_mixin.py:151} INFO - [2023-09-28T15:01:45.829+0000] {dag.py:2915} INFO - Sync 1 DAGs
[2023-09-28T15:01:46.031+0000] {logging_mixin.py:151} INFO - [2023-09-28T15:01:46.031+0000] {dag.py:3696} INFO - Setting next_dagrun for example_branch_python_operator_decorator to 2023-09-27T00:00:00+00:00, run_after=2023-09-28T00:00:00+00:00
[2023-09-28T15:01:46.053+0000] {processor.py:179} INFO - Processing /home/ubuntu/airflow_venv/lib/python3.10/site-packages/airflow/example_dags/example_branch_operator_decorator.py took 0.267 seconds
[2023-09-28T15:17:58.499+0000] {processor.py:157} INFO - Started process (PID=3226) to work on /home/ubuntu/airflow_venv/lib/python3.10/site-packages/airflow/example_dags/example_branch_operator_decorator.py
[2023-09-28T15:17:58.501+0000] {processor.py:829} INFO - Processing file /home/ubuntu/airflow_venv/lib/python3.10/site-packages/airflow/example_dags/example_branch_operator_decorator.py for tasks to queue
[2023-09-28T15:17:58.502+0000] {logging_mixin.py:151} INFO - [2023-09-28T15:17:58.501+0000] {dagbag.py:539} INFO - Filling up the DagBag from /home/ubuntu/airflow_venv/lib/python3.10/site-packages/airflow/example_dags/example_branch_operator_decorator.py
[2023-09-28T15:17:58.517+0000] {processor.py:839} INFO - DAG(s) dict_keys(['example_branch_python_operator_decorator']) retrieved from /home/ubuntu/airflow_venv/lib/python3.10/site-packages/airflow/example_dags/example_branch_operator_decorator.py
[2023-09-28T15:17:58.563+0000] {logging_mixin.py:151} INFO - [2023-09-28T15:17:58.563+0000] {dag.py:2915} INFO - Sync 1 DAGs
[2023-09-28T15:17:58.586+0000] {logging_mixin.py:151} INFO - [2023-09-28T15:17:58.585+0000] {dag.py:3696} INFO - Setting next_dagrun for example_branch_python_operator_decorator to 2023-09-27T00:00:00+00:00, run_after=2023-09-28T00:00:00+00:00
[2023-09-28T15:17:58.607+0000] {processor.py:179} INFO - Processing /home/ubuntu/airflow_venv/lib/python3.10/site-packages/airflow/example_dags/example_branch_operator_decorator.py took 0.111 seconds
[2023-09-28T15:23:58.876+0000] {processor.py:157} INFO - Started process (PID=3441) to work on /home/ubuntu/airflow_venv/lib/python3.10/site-packages/airflow/example_dags/example_branch_operator_decorator.py
[2023-09-28T15:23:58.877+0000] {processor.py:829} INFO - Processing file /home/ubuntu/airflow_venv/lib/python3.10/site-packages/airflow/example_dags/example_branch_operator_decorator.py for tasks to queue
[2023-09-28T15:23:58.878+0000] {logging_mixin.py:151} INFO - [2023-09-28T15:23:58.877+0000] {dagbag.py:539} INFO - Filling up the DagBag from /home/ubuntu/airflow_venv/lib/python3.10/site-packages/airflow/example_dags/example_branch_operator_decorator.py
[2023-09-28T15:23:58.890+0000] {processor.py:839} INFO - DAG(s) dict_keys(['example_branch_python_operator_decorator']) retrieved from /home/ubuntu/airflow_venv/lib/python3.10/site-packages/airflow/example_dags/example_branch_operator_decorator.py
[2023-09-28T15:23:58.912+0000] {logging_mixin.py:151} INFO - [2023-09-28T15:23:58.911+0000] {dag.py:2915} INFO - Sync 1 DAGs
[2023-09-28T15:23:58.935+0000] {logging_mixin.py:151} INFO - [2023-09-28T15:23:58.934+0000] {dag.py:3696} INFO - Setting next_dagrun for example_branch_python_operator_decorator to 2023-09-27T00:00:00+00:00, run_after=2023-09-28T00:00:00+00:00
[2023-09-28T15:23:58.965+0000] {processor.py:179} INFO - Processing /home/ubuntu/airflow_venv/lib/python3.10/site-packages/airflow/example_dags/example_branch_operator_decorator.py took 0.093 seconds
[2023-09-28T15:24:48.872+0000] {processor.py:157} INFO - Started process (PID=3492) to work on /home/ubuntu/airflow_venv/lib/python3.10/site-packages/airflow/example_dags/example_branch_operator_decorator.py
[2023-09-28T15:24:48.876+0000] {processor.py:829} INFO - Processing file /home/ubuntu/airflow_venv/lib/python3.10/site-packages/airflow/example_dags/example_branch_operator_decorator.py for tasks to queue
[2023-09-28T15:24:48.878+0000] {logging_mixin.py:151} INFO - [2023-09-28T15:24:48.877+0000] {dagbag.py:539} INFO - Filling up the DagBag from /home/ubuntu/airflow_venv/lib/python3.10/site-packages/airflow/example_dags/example_branch_operator_decorator.py
[2023-09-28T15:24:48.904+0000] {processor.py:839} INFO - DAG(s) dict_keys(['example_branch_python_operator_decorator']) retrieved from /home/ubuntu/airflow_venv/lib/python3.10/site-packages/airflow/example_dags/example_branch_operator_decorator.py
[2023-09-28T15:24:48.927+0000] {logging_mixin.py:151} INFO - [2023-09-28T15:24:48.927+0000] {dag.py:2915} INFO - Sync 1 DAGs
[2023-09-28T15:24:49.095+0000] {logging_mixin.py:151} INFO - [2023-09-28T15:24:49.095+0000] {dag.py:3696} INFO - Setting next_dagrun for example_branch_python_operator_decorator to 2023-09-27T00:00:00+00:00, run_after=2023-09-28T00:00:00+00:00
[2023-09-28T15:24:49.116+0000] {processor.py:179} INFO - Processing /home/ubuntu/airflow_venv/lib/python3.10/site-packages/airflow/example_dags/example_branch_operator_decorator.py took 0.249 seconds
[2023-09-28T15:28:31.262+0000] {processor.py:157} INFO - Started process (PID=3601) to work on /home/ubuntu/airflow_venv/lib/python3.10/site-packages/airflow/example_dags/example_branch_operator_decorator.py
[2023-09-28T15:28:31.264+0000] {processor.py:829} INFO - Processing file /home/ubuntu/airflow_venv/lib/python3.10/site-packages/airflow/example_dags/example_branch_operator_decorator.py for tasks to queue
[2023-09-28T15:28:31.265+0000] {logging_mixin.py:151} INFO - [2023-09-28T15:28:31.264+0000] {dagbag.py:539} INFO - Filling up the DagBag from /home/ubuntu/airflow_venv/lib/python3.10/site-packages/airflow/example_dags/example_branch_operator_decorator.py
[2023-09-28T15:28:31.277+0000] {processor.py:839} INFO - DAG(s) dict_keys(['example_branch_python_operator_decorator']) retrieved from /home/ubuntu/airflow_venv/lib/python3.10/site-packages/airflow/example_dags/example_branch_operator_decorator.py
[2023-09-28T15:28:31.307+0000] {logging_mixin.py:151} INFO - [2023-09-28T15:28:31.307+0000] {dag.py:2915} INFO - Sync 1 DAGs
[2023-09-28T15:28:31.353+0000] {logging_mixin.py:151} INFO - [2023-09-28T15:28:31.352+0000] {dag.py:3696} INFO - Setting next_dagrun for example_branch_python_operator_decorator to 2023-09-27T00:00:00+00:00, run_after=2023-09-28T00:00:00+00:00
[2023-09-28T15:28:31.385+0000] {processor.py:179} INFO - Processing /home/ubuntu/airflow_venv/lib/python3.10/site-packages/airflow/example_dags/example_branch_operator_decorator.py took 0.127 seconds
