[2023-09-28T09:26:38.962+0000] {processor.py:157} INFO - Started process (PID=51055) to work on /home/ubuntu/airflow_venv/lib/python3.10/site-packages/airflow/example_dags/example_xcom.py
[2023-09-28T09:26:38.963+0000] {processor.py:829} INFO - Processing file /home/ubuntu/airflow_venv/lib/python3.10/site-packages/airflow/example_dags/example_xcom.py for tasks to queue
[2023-09-28T09:26:38.964+0000] {logging_mixin.py:151} INFO - [2023-09-28T09:26:38.964+0000] {dagbag.py:539} INFO - Filling up the DagBag from /home/ubuntu/airflow_venv/lib/python3.10/site-packages/airflow/example_dags/example_xcom.py
[2023-09-28T09:26:38.975+0000] {processor.py:839} INFO - DAG(s) dict_keys(['example_xcom']) retrieved from /home/ubuntu/airflow_venv/lib/python3.10/site-packages/airflow/example_dags/example_xcom.py
[2023-09-28T09:26:38.984+0000] {logging_mixin.py:151} INFO - [2023-09-28T09:26:38.983+0000] {dag.py:2915} INFO - Sync 1 DAGs
[2023-09-28T09:26:39.005+0000] {logging_mixin.py:151} INFO - [2023-09-28T09:26:39.005+0000] {dag.py:3696} INFO - Setting next_dagrun for example_xcom to 2021-01-01T00:00:00+00:00, run_after=2021-01-01T00:00:00+00:00
[2023-09-28T09:26:39.030+0000] {processor.py:179} INFO - Processing /home/ubuntu/airflow_venv/lib/python3.10/site-packages/airflow/example_dags/example_xcom.py took 0.071 seconds
[2023-09-28T09:27:56.854+0000] {processor.py:157} INFO - Started process (PID=51122) to work on /home/ubuntu/airflow_venv/lib/python3.10/site-packages/airflow/example_dags/example_xcom.py
[2023-09-28T09:27:56.856+0000] {processor.py:829} INFO - Processing file /home/ubuntu/airflow_venv/lib/python3.10/site-packages/airflow/example_dags/example_xcom.py for tasks to queue
[2023-09-28T09:27:56.857+0000] {logging_mixin.py:151} INFO - [2023-09-28T09:27:56.857+0000] {dagbag.py:539} INFO - Filling up the DagBag from /home/ubuntu/airflow_venv/lib/python3.10/site-packages/airflow/example_dags/example_xcom.py
[2023-09-28T09:27:56.867+0000] {processor.py:839} INFO - DAG(s) dict_keys(['example_xcom']) retrieved from /home/ubuntu/airflow_venv/lib/python3.10/site-packages/airflow/example_dags/example_xcom.py
[2023-09-28T09:27:56.875+0000] {logging_mixin.py:151} INFO - [2023-09-28T09:27:56.875+0000] {dag.py:2915} INFO - Sync 1 DAGs
[2023-09-28T09:27:56.897+0000] {logging_mixin.py:151} INFO - [2023-09-28T09:27:56.897+0000] {dag.py:3696} INFO - Setting next_dagrun for example_xcom to 2021-01-01T00:00:00+00:00, run_after=2021-01-01T00:00:00+00:00
[2023-09-28T09:27:56.923+0000] {processor.py:179} INFO - Processing /home/ubuntu/airflow_venv/lib/python3.10/site-packages/airflow/example_dags/example_xcom.py took 0.072 seconds
[2023-09-28T10:47:01.139+0000] {processor.py:157} INFO - Started process (PID=1233) to work on /home/ubuntu/airflow_venv/lib/python3.10/site-packages/airflow/example_dags/example_xcom.py
[2023-09-28T10:47:01.140+0000] {processor.py:829} INFO - Processing file /home/ubuntu/airflow_venv/lib/python3.10/site-packages/airflow/example_dags/example_xcom.py for tasks to queue
[2023-09-28T10:47:01.141+0000] {logging_mixin.py:151} INFO - [2023-09-28T10:47:01.141+0000] {dagbag.py:539} INFO - Filling up the DagBag from /home/ubuntu/airflow_venv/lib/python3.10/site-packages/airflow/example_dags/example_xcom.py
[2023-09-28T10:47:01.154+0000] {processor.py:839} INFO - DAG(s) dict_keys(['example_xcom']) retrieved from /home/ubuntu/airflow_venv/lib/python3.10/site-packages/airflow/example_dags/example_xcom.py
[2023-09-28T10:47:01.183+0000] {logging_mixin.py:151} INFO - [2023-09-28T10:47:01.182+0000] {dag.py:2915} INFO - Sync 1 DAGs
[2023-09-28T10:47:01.222+0000] {logging_mixin.py:151} INFO - [2023-09-28T10:47:01.221+0000] {dag.py:3696} INFO - Setting next_dagrun for example_xcom to 2021-01-01T00:00:00+00:00, run_after=2021-01-01T00:00:00+00:00
[2023-09-28T10:47:01.251+0000] {processor.py:179} INFO - Processing /home/ubuntu/airflow_venv/lib/python3.10/site-packages/airflow/example_dags/example_xcom.py took 0.116 seconds
[2023-09-28T10:47:47.452+0000] {processor.py:157} INFO - Started process (PID=1492) to work on /home/ubuntu/airflow_venv/lib/python3.10/site-packages/airflow/example_dags/example_xcom.py
[2023-09-28T10:47:47.453+0000] {processor.py:829} INFO - Processing file /home/ubuntu/airflow_venv/lib/python3.10/site-packages/airflow/example_dags/example_xcom.py for tasks to queue
[2023-09-28T10:47:47.454+0000] {logging_mixin.py:151} INFO - [2023-09-28T10:47:47.454+0000] {dagbag.py:539} INFO - Filling up the DagBag from /home/ubuntu/airflow_venv/lib/python3.10/site-packages/airflow/example_dags/example_xcom.py
[2023-09-28T10:47:47.462+0000] {processor.py:839} INFO - DAG(s) dict_keys(['example_xcom']) retrieved from /home/ubuntu/airflow_venv/lib/python3.10/site-packages/airflow/example_dags/example_xcom.py
[2023-09-28T10:47:47.488+0000] {logging_mixin.py:151} INFO - [2023-09-28T10:47:47.488+0000] {dag.py:2915} INFO - Sync 1 DAGs
[2023-09-28T10:47:47.509+0000] {logging_mixin.py:151} INFO - [2023-09-28T10:47:47.508+0000] {dag.py:3696} INFO - Setting next_dagrun for example_xcom to 2021-01-01T00:00:00+00:00, run_after=2021-01-01T00:00:00+00:00
[2023-09-28T10:47:47.529+0000] {processor.py:179} INFO - Processing /home/ubuntu/airflow_venv/lib/python3.10/site-packages/airflow/example_dags/example_xcom.py took 0.081 seconds
[2023-09-28T10:48:30.883+0000] {processor.py:157} INFO - Started process (PID=1531) to work on /home/ubuntu/airflow_venv/lib/python3.10/site-packages/airflow/example_dags/example_xcom.py
[2023-09-28T10:48:30.884+0000] {processor.py:829} INFO - Processing file /home/ubuntu/airflow_venv/lib/python3.10/site-packages/airflow/example_dags/example_xcom.py for tasks to queue
[2023-09-28T10:48:30.885+0000] {logging_mixin.py:151} INFO - [2023-09-28T10:48:30.884+0000] {dagbag.py:539} INFO - Filling up the DagBag from /home/ubuntu/airflow_venv/lib/python3.10/site-packages/airflow/example_dags/example_xcom.py
[2023-09-28T10:48:30.896+0000] {processor.py:839} INFO - DAG(s) dict_keys(['example_xcom']) retrieved from /home/ubuntu/airflow_venv/lib/python3.10/site-packages/airflow/example_dags/example_xcom.py
[2023-09-28T10:48:30.916+0000] {logging_mixin.py:151} INFO - [2023-09-28T10:48:30.916+0000] {dag.py:2915} INFO - Sync 1 DAGs
[2023-09-28T10:48:31.155+0000] {logging_mixin.py:151} INFO - [2023-09-28T10:48:31.155+0000] {dag.py:3696} INFO - Setting next_dagrun for example_xcom to 2021-01-01T00:00:00+00:00, run_after=2021-01-01T00:00:00+00:00
[2023-09-28T10:48:31.174+0000] {processor.py:179} INFO - Processing /home/ubuntu/airflow_venv/lib/python3.10/site-packages/airflow/example_dags/example_xcom.py took 0.297 seconds
[2023-09-28T10:49:22.824+0000] {processor.py:157} INFO - Started process (PID=1578) to work on /home/ubuntu/airflow_venv/lib/python3.10/site-packages/airflow/example_dags/example_xcom.py
[2023-09-28T10:49:22.825+0000] {processor.py:829} INFO - Processing file /home/ubuntu/airflow_venv/lib/python3.10/site-packages/airflow/example_dags/example_xcom.py for tasks to queue
[2023-09-28T10:49:22.826+0000] {logging_mixin.py:151} INFO - [2023-09-28T10:49:22.826+0000] {dagbag.py:539} INFO - Filling up the DagBag from /home/ubuntu/airflow_venv/lib/python3.10/site-packages/airflow/example_dags/example_xcom.py
[2023-09-28T10:49:22.836+0000] {processor.py:839} INFO - DAG(s) dict_keys(['example_xcom']) retrieved from /home/ubuntu/airflow_venv/lib/python3.10/site-packages/airflow/example_dags/example_xcom.py
[2023-09-28T10:49:23.007+0000] {logging_mixin.py:151} INFO - [2023-09-28T10:49:23.007+0000] {dag.py:2915} INFO - Sync 1 DAGs
[2023-09-28T10:49:23.023+0000] {logging_mixin.py:151} INFO - [2023-09-28T10:49:23.023+0000] {dag.py:3696} INFO - Setting next_dagrun for example_xcom to 2021-01-01T00:00:00+00:00, run_after=2021-01-01T00:00:00+00:00
[2023-09-28T10:49:23.052+0000] {processor.py:179} INFO - Processing /home/ubuntu/airflow_venv/lib/python3.10/site-packages/airflow/example_dags/example_xcom.py took 0.233 seconds
[2023-09-28T11:05:23.644+0000] {processor.py:157} INFO - Started process (PID=2166) to work on /home/ubuntu/airflow_venv/lib/python3.10/site-packages/airflow/example_dags/example_xcom.py
[2023-09-28T11:05:23.645+0000] {processor.py:829} INFO - Processing file /home/ubuntu/airflow_venv/lib/python3.10/site-packages/airflow/example_dags/example_xcom.py for tasks to queue
[2023-09-28T11:05:23.646+0000] {logging_mixin.py:151} INFO - [2023-09-28T11:05:23.646+0000] {dagbag.py:539} INFO - Filling up the DagBag from /home/ubuntu/airflow_venv/lib/python3.10/site-packages/airflow/example_dags/example_xcom.py
[2023-09-28T11:05:23.659+0000] {processor.py:839} INFO - DAG(s) dict_keys(['example_xcom']) retrieved from /home/ubuntu/airflow_venv/lib/python3.10/site-packages/airflow/example_dags/example_xcom.py
[2023-09-28T11:05:23.680+0000] {logging_mixin.py:151} INFO - [2023-09-28T11:05:23.680+0000] {dag.py:2915} INFO - Sync 1 DAGs
[2023-09-28T11:05:23.711+0000] {logging_mixin.py:151} INFO - [2023-09-28T11:05:23.711+0000] {dag.py:3696} INFO - Setting next_dagrun for example_xcom to 2021-01-01T00:00:00+00:00, run_after=2021-01-01T00:00:00+00:00
[2023-09-28T11:05:23.747+0000] {processor.py:179} INFO - Processing /home/ubuntu/airflow_venv/lib/python3.10/site-packages/airflow/example_dags/example_xcom.py took 0.108 seconds
[2023-09-28T11:06:11.783+0000] {processor.py:157} INFO - Started process (PID=2217) to work on /home/ubuntu/airflow_venv/lib/python3.10/site-packages/airflow/example_dags/example_xcom.py
[2023-09-28T11:06:11.784+0000] {processor.py:829} INFO - Processing file /home/ubuntu/airflow_venv/lib/python3.10/site-packages/airflow/example_dags/example_xcom.py for tasks to queue
[2023-09-28T11:06:11.785+0000] {logging_mixin.py:151} INFO - [2023-09-28T11:06:11.785+0000] {dagbag.py:539} INFO - Filling up the DagBag from /home/ubuntu/airflow_venv/lib/python3.10/site-packages/airflow/example_dags/example_xcom.py
[2023-09-28T11:06:11.793+0000] {processor.py:839} INFO - DAG(s) dict_keys(['example_xcom']) retrieved from /home/ubuntu/airflow_venv/lib/python3.10/site-packages/airflow/example_dags/example_xcom.py
[2023-09-28T11:06:11.811+0000] {logging_mixin.py:151} INFO - [2023-09-28T11:06:11.810+0000] {dag.py:2915} INFO - Sync 1 DAGs
[2023-09-28T11:06:11.830+0000] {logging_mixin.py:151} INFO - [2023-09-28T11:06:11.830+0000] {dag.py:3696} INFO - Setting next_dagrun for example_xcom to 2021-01-01T00:00:00+00:00, run_after=2021-01-01T00:00:00+00:00
[2023-09-28T11:06:11.850+0000] {processor.py:179} INFO - Processing /home/ubuntu/airflow_venv/lib/python3.10/site-packages/airflow/example_dags/example_xcom.py took 0.070 seconds
[2023-09-28T15:00:29.624+0000] {processor.py:157} INFO - Started process (PID=1782) to work on /home/ubuntu/airflow_venv/lib/python3.10/site-packages/airflow/example_dags/example_xcom.py
[2023-09-28T15:00:29.626+0000] {processor.py:829} INFO - Processing file /home/ubuntu/airflow_venv/lib/python3.10/site-packages/airflow/example_dags/example_xcom.py for tasks to queue
[2023-09-28T15:00:29.627+0000] {logging_mixin.py:151} INFO - [2023-09-28T15:00:29.626+0000] {dagbag.py:539} INFO - Filling up the DagBag from /home/ubuntu/airflow_venv/lib/python3.10/site-packages/airflow/example_dags/example_xcom.py
[2023-09-28T15:00:29.643+0000] {processor.py:839} INFO - DAG(s) dict_keys(['example_xcom']) retrieved from /home/ubuntu/airflow_venv/lib/python3.10/site-packages/airflow/example_dags/example_xcom.py
[2023-09-28T15:00:29.659+0000] {logging_mixin.py:151} INFO - [2023-09-28T15:00:29.659+0000] {dag.py:2915} INFO - Sync 1 DAGs
[2023-09-28T15:00:29.691+0000] {logging_mixin.py:151} INFO - [2023-09-28T15:00:29.690+0000] {dag.py:3696} INFO - Setting next_dagrun for example_xcom to 2021-01-01T00:00:00+00:00, run_after=2021-01-01T00:00:00+00:00
[2023-09-28T15:00:29.720+0000] {processor.py:179} INFO - Processing /home/ubuntu/airflow_venv/lib/python3.10/site-packages/airflow/example_dags/example_xcom.py took 0.100 seconds
[2023-09-28T15:01:16.364+0000] {processor.py:157} INFO - Started process (PID=1830) to work on /home/ubuntu/airflow_venv/lib/python3.10/site-packages/airflow/example_dags/example_xcom.py
[2023-09-28T15:01:16.365+0000] {processor.py:829} INFO - Processing file /home/ubuntu/airflow_venv/lib/python3.10/site-packages/airflow/example_dags/example_xcom.py for tasks to queue
[2023-09-28T15:01:16.366+0000] {logging_mixin.py:151} INFO - [2023-09-28T15:01:16.365+0000] {dagbag.py:539} INFO - Filling up the DagBag from /home/ubuntu/airflow_venv/lib/python3.10/site-packages/airflow/example_dags/example_xcom.py
[2023-09-28T15:01:16.374+0000] {processor.py:839} INFO - DAG(s) dict_keys(['example_xcom']) retrieved from /home/ubuntu/airflow_venv/lib/python3.10/site-packages/airflow/example_dags/example_xcom.py
[2023-09-28T15:01:16.391+0000] {logging_mixin.py:151} INFO - [2023-09-28T15:01:16.390+0000] {dag.py:2915} INFO - Sync 1 DAGs
[2023-09-28T15:01:16.412+0000] {logging_mixin.py:151} INFO - [2023-09-28T15:01:16.411+0000] {dag.py:3696} INFO - Setting next_dagrun for example_xcom to 2021-01-01T00:00:00+00:00, run_after=2021-01-01T00:00:00+00:00
[2023-09-28T15:01:16.439+0000] {processor.py:179} INFO - Processing /home/ubuntu/airflow_venv/lib/python3.10/site-packages/airflow/example_dags/example_xcom.py took 0.079 seconds
[2023-09-28T15:01:57.281+0000] {processor.py:157} INFO - Started process (PID=1867) to work on /home/ubuntu/airflow_venv/lib/python3.10/site-packages/airflow/example_dags/example_xcom.py
[2023-09-28T15:01:57.283+0000] {processor.py:829} INFO - Processing file /home/ubuntu/airflow_venv/lib/python3.10/site-packages/airflow/example_dags/example_xcom.py for tasks to queue
[2023-09-28T15:01:57.284+0000] {logging_mixin.py:151} INFO - [2023-09-28T15:01:57.283+0000] {dagbag.py:539} INFO - Filling up the DagBag from /home/ubuntu/airflow_venv/lib/python3.10/site-packages/airflow/example_dags/example_xcom.py
[2023-09-28T15:01:57.295+0000] {processor.py:839} INFO - DAG(s) dict_keys(['example_xcom']) retrieved from /home/ubuntu/airflow_venv/lib/python3.10/site-packages/airflow/example_dags/example_xcom.py
[2023-09-28T15:01:57.320+0000] {logging_mixin.py:151} INFO - [2023-09-28T15:01:57.319+0000] {dag.py:2915} INFO - Sync 1 DAGs
[2023-09-28T15:01:57.536+0000] {logging_mixin.py:151} INFO - [2023-09-28T15:01:57.535+0000] {dag.py:3696} INFO - Setting next_dagrun for example_xcom to 2021-01-01T00:00:00+00:00, run_after=2021-01-01T00:00:00+00:00
[2023-09-28T15:01:57.557+0000] {processor.py:179} INFO - Processing /home/ubuntu/airflow_venv/lib/python3.10/site-packages/airflow/example_dags/example_xcom.py took 0.280 seconds
[2023-09-28T15:17:33.044+0000] {processor.py:157} INFO - Started process (PID=3199) to work on /home/ubuntu/airflow_venv/lib/python3.10/site-packages/airflow/example_dags/example_xcom.py
[2023-09-28T15:17:33.045+0000] {processor.py:829} INFO - Processing file /home/ubuntu/airflow_venv/lib/python3.10/site-packages/airflow/example_dags/example_xcom.py for tasks to queue
[2023-09-28T15:17:33.046+0000] {logging_mixin.py:151} INFO - [2023-09-28T15:17:33.046+0000] {dagbag.py:539} INFO - Filling up the DagBag from /home/ubuntu/airflow_venv/lib/python3.10/site-packages/airflow/example_dags/example_xcom.py
[2023-09-28T15:17:33.057+0000] {processor.py:839} INFO - DAG(s) dict_keys(['example_xcom']) retrieved from /home/ubuntu/airflow_venv/lib/python3.10/site-packages/airflow/example_dags/example_xcom.py
[2023-09-28T15:17:33.083+0000] {logging_mixin.py:151} INFO - [2023-09-28T15:17:33.083+0000] {dag.py:2915} INFO - Sync 1 DAGs
[2023-09-28T15:17:33.106+0000] {logging_mixin.py:151} INFO - [2023-09-28T15:17:33.106+0000] {dag.py:3696} INFO - Setting next_dagrun for example_xcom to 2021-01-01T00:00:00+00:00, run_after=2021-01-01T00:00:00+00:00
[2023-09-28T15:17:33.130+0000] {processor.py:179} INFO - Processing /home/ubuntu/airflow_venv/lib/python3.10/site-packages/airflow/example_dags/example_xcom.py took 0.088 seconds
[2023-09-28T15:18:20.637+0000] {processor.py:157} INFO - Started process (PID=3250) to work on /home/ubuntu/airflow_venv/lib/python3.10/site-packages/airflow/example_dags/example_xcom.py
[2023-09-28T15:18:20.638+0000] {processor.py:829} INFO - Processing file /home/ubuntu/airflow_venv/lib/python3.10/site-packages/airflow/example_dags/example_xcom.py for tasks to queue
[2023-09-28T15:18:20.640+0000] {logging_mixin.py:151} INFO - [2023-09-28T15:18:20.639+0000] {dagbag.py:539} INFO - Filling up the DagBag from /home/ubuntu/airflow_venv/lib/python3.10/site-packages/airflow/example_dags/example_xcom.py
[2023-09-28T15:18:20.649+0000] {processor.py:839} INFO - DAG(s) dict_keys(['example_xcom']) retrieved from /home/ubuntu/airflow_venv/lib/python3.10/site-packages/airflow/example_dags/example_xcom.py
[2023-09-28T15:18:20.669+0000] {logging_mixin.py:151} INFO - [2023-09-28T15:18:20.668+0000] {dag.py:2915} INFO - Sync 1 DAGs
[2023-09-28T15:18:20.689+0000] {logging_mixin.py:151} INFO - [2023-09-28T15:18:20.689+0000] {dag.py:3696} INFO - Setting next_dagrun for example_xcom to 2021-01-01T00:00:00+00:00, run_after=2021-01-01T00:00:00+00:00
[2023-09-28T15:18:20.711+0000] {processor.py:179} INFO - Processing /home/ubuntu/airflow_venv/lib/python3.10/site-packages/airflow/example_dags/example_xcom.py took 0.080 seconds
[2023-09-28T15:23:33.215+0000] {processor.py:157} INFO - Started process (PID=3412) to work on /home/ubuntu/airflow_venv/lib/python3.10/site-packages/airflow/example_dags/example_xcom.py
[2023-09-28T15:23:33.217+0000] {processor.py:829} INFO - Processing file /home/ubuntu/airflow_venv/lib/python3.10/site-packages/airflow/example_dags/example_xcom.py for tasks to queue
[2023-09-28T15:23:33.218+0000] {logging_mixin.py:151} INFO - [2023-09-28T15:23:33.218+0000] {dagbag.py:539} INFO - Filling up the DagBag from /home/ubuntu/airflow_venv/lib/python3.10/site-packages/airflow/example_dags/example_xcom.py
[2023-09-28T15:23:33.229+0000] {processor.py:839} INFO - DAG(s) dict_keys(['example_xcom']) retrieved from /home/ubuntu/airflow_venv/lib/python3.10/site-packages/airflow/example_dags/example_xcom.py
[2023-09-28T15:23:33.238+0000] {logging_mixin.py:151} INFO - [2023-09-28T15:23:33.238+0000] {dag.py:2915} INFO - Sync 1 DAGs
[2023-09-28T15:23:33.259+0000] {logging_mixin.py:151} INFO - [2023-09-28T15:23:33.259+0000] {dag.py:3696} INFO - Setting next_dagrun for example_xcom to 2021-01-01T00:00:00+00:00, run_after=2021-01-01T00:00:00+00:00
[2023-09-28T15:23:33.281+0000] {processor.py:179} INFO - Processing /home/ubuntu/airflow_venv/lib/python3.10/site-packages/airflow/example_dags/example_xcom.py took 0.071 seconds
[2023-09-28T15:24:19.953+0000] {processor.py:157} INFO - Started process (PID=3465) to work on /home/ubuntu/airflow_venv/lib/python3.10/site-packages/airflow/example_dags/example_xcom.py
[2023-09-28T15:24:19.955+0000] {processor.py:829} INFO - Processing file /home/ubuntu/airflow_venv/lib/python3.10/site-packages/airflow/example_dags/example_xcom.py for tasks to queue
[2023-09-28T15:24:19.956+0000] {logging_mixin.py:151} INFO - [2023-09-28T15:24:19.956+0000] {dagbag.py:539} INFO - Filling up the DagBag from /home/ubuntu/airflow_venv/lib/python3.10/site-packages/airflow/example_dags/example_xcom.py
[2023-09-28T15:24:19.974+0000] {processor.py:839} INFO - DAG(s) dict_keys(['example_xcom']) retrieved from /home/ubuntu/airflow_venv/lib/python3.10/site-packages/airflow/example_dags/example_xcom.py
[2023-09-28T15:24:19.994+0000] {logging_mixin.py:151} INFO - [2023-09-28T15:24:19.994+0000] {dag.py:2915} INFO - Sync 1 DAGs
[2023-09-28T15:24:20.015+0000] {logging_mixin.py:151} INFO - [2023-09-28T15:24:20.015+0000] {dag.py:3696} INFO - Setting next_dagrun for example_xcom to 2021-01-01T00:00:00+00:00, run_after=2021-01-01T00:00:00+00:00
[2023-09-28T15:24:20.038+0000] {processor.py:179} INFO - Processing /home/ubuntu/airflow_venv/lib/python3.10/site-packages/airflow/example_dags/example_xcom.py took 0.089 seconds
[2023-09-28T15:24:59.239+0000] {processor.py:157} INFO - Started process (PID=3500) to work on /home/ubuntu/airflow_venv/lib/python3.10/site-packages/airflow/example_dags/example_xcom.py
[2023-09-28T15:24:59.241+0000] {processor.py:829} INFO - Processing file /home/ubuntu/airflow_venv/lib/python3.10/site-packages/airflow/example_dags/example_xcom.py for tasks to queue
[2023-09-28T15:24:59.242+0000] {logging_mixin.py:151} INFO - [2023-09-28T15:24:59.241+0000] {dagbag.py:539} INFO - Filling up the DagBag from /home/ubuntu/airflow_venv/lib/python3.10/site-packages/airflow/example_dags/example_xcom.py
[2023-09-28T15:24:59.250+0000] {processor.py:839} INFO - DAG(s) dict_keys(['example_xcom']) retrieved from /home/ubuntu/airflow_venv/lib/python3.10/site-packages/airflow/example_dags/example_xcom.py
[2023-09-28T15:24:59.270+0000] {logging_mixin.py:151} INFO - [2023-09-28T15:24:59.270+0000] {dag.py:2915} INFO - Sync 1 DAGs
[2023-09-28T15:24:59.492+0000] {logging_mixin.py:151} INFO - [2023-09-28T15:24:59.492+0000] {dag.py:3696} INFO - Setting next_dagrun for example_xcom to 2021-01-01T00:00:00+00:00, run_after=2021-01-01T00:00:00+00:00
[2023-09-28T15:24:59.512+0000] {processor.py:179} INFO - Processing /home/ubuntu/airflow_venv/lib/python3.10/site-packages/airflow/example_dags/example_xcom.py took 0.276 seconds
[2023-09-28T15:25:45.953+0000] {processor.py:157} INFO - Started process (PID=3568) to work on /home/ubuntu/airflow_venv/lib/python3.10/site-packages/airflow/example_dags/example_xcom.py
[2023-09-28T15:25:45.955+0000] {processor.py:829} INFO - Processing file /home/ubuntu/airflow_venv/lib/python3.10/site-packages/airflow/example_dags/example_xcom.py for tasks to queue
[2023-09-28T15:25:45.956+0000] {logging_mixin.py:151} INFO - [2023-09-28T15:25:45.955+0000] {dagbag.py:539} INFO - Filling up the DagBag from /home/ubuntu/airflow_venv/lib/python3.10/site-packages/airflow/example_dags/example_xcom.py
[2023-09-28T15:25:45.968+0000] {processor.py:839} INFO - DAG(s) dict_keys(['example_xcom']) retrieved from /home/ubuntu/airflow_venv/lib/python3.10/site-packages/airflow/example_dags/example_xcom.py
[2023-09-28T15:25:45.994+0000] {logging_mixin.py:151} INFO - [2023-09-28T15:25:45.993+0000] {dag.py:2915} INFO - Sync 1 DAGs
[2023-09-28T15:25:46.183+0000] {logging_mixin.py:151} INFO - [2023-09-28T15:25:46.183+0000] {dag.py:3696} INFO - Setting next_dagrun for example_xcom to 2021-01-01T00:00:00+00:00, run_after=2021-01-01T00:00:00+00:00
[2023-09-28T15:25:46.203+0000] {processor.py:179} INFO - Processing /home/ubuntu/airflow_venv/lib/python3.10/site-packages/airflow/example_dags/example_xcom.py took 0.253 seconds
