[2023-09-28T09:26:46.393+0000] {processor.py:157} INFO - Started process (PID=51062) to work on /home/ubuntu/airflow_venv/lib/python3.10/site-packages/airflow/example_dags/example_trigger_controller_dag.py
[2023-09-28T09:26:46.394+0000] {processor.py:829} INFO - Processing file /home/ubuntu/airflow_venv/lib/python3.10/site-packages/airflow/example_dags/example_trigger_controller_dag.py for tasks to queue
[2023-09-28T09:26:46.395+0000] {logging_mixin.py:151} INFO - [2023-09-28T09:26:46.394+0000] {dagbag.py:539} INFO - Filling up the DagBag from /home/ubuntu/airflow_venv/lib/python3.10/site-packages/airflow/example_dags/example_trigger_controller_dag.py
[2023-09-28T09:26:46.402+0000] {processor.py:839} INFO - DAG(s) dict_keys(['example_trigger_controller_dag']) retrieved from /home/ubuntu/airflow_venv/lib/python3.10/site-packages/airflow/example_dags/example_trigger_controller_dag.py
[2023-09-28T09:26:46.415+0000] {logging_mixin.py:151} INFO - [2023-09-28T09:26:46.415+0000] {dag.py:2915} INFO - Sync 1 DAGs
[2023-09-28T09:26:46.450+0000] {logging_mixin.py:151} INFO - [2023-09-28T09:26:46.450+0000] {dag.py:3696} INFO - Setting next_dagrun for example_trigger_controller_dag to 2021-01-01T00:00:00+00:00, run_after=2021-01-01T00:00:00+00:00
[2023-09-28T09:26:46.485+0000] {processor.py:179} INFO - Processing /home/ubuntu/airflow_venv/lib/python3.10/site-packages/airflow/example_dags/example_trigger_controller_dag.py took 0.096 seconds
[2023-09-28T09:28:05.433+0000] {processor.py:157} INFO - Started process (PID=51130) to work on /home/ubuntu/airflow_venv/lib/python3.10/site-packages/airflow/example_dags/example_trigger_controller_dag.py
[2023-09-28T09:28:05.434+0000] {processor.py:829} INFO - Processing file /home/ubuntu/airflow_venv/lib/python3.10/site-packages/airflow/example_dags/example_trigger_controller_dag.py for tasks to queue
[2023-09-28T09:28:05.435+0000] {logging_mixin.py:151} INFO - [2023-09-28T09:28:05.434+0000] {dagbag.py:539} INFO - Filling up the DagBag from /home/ubuntu/airflow_venv/lib/python3.10/site-packages/airflow/example_dags/example_trigger_controller_dag.py
[2023-09-28T09:28:05.447+0000] {processor.py:839} INFO - DAG(s) dict_keys(['example_trigger_controller_dag']) retrieved from /home/ubuntu/airflow_venv/lib/python3.10/site-packages/airflow/example_dags/example_trigger_controller_dag.py
[2023-09-28T09:28:05.465+0000] {logging_mixin.py:151} INFO - [2023-09-28T09:28:05.464+0000] {dag.py:2915} INFO - Sync 1 DAGs
[2023-09-28T09:28:05.502+0000] {logging_mixin.py:151} INFO - [2023-09-28T09:28:05.502+0000] {dag.py:3696} INFO - Setting next_dagrun for example_trigger_controller_dag to 2021-01-01T00:00:00+00:00, run_after=2021-01-01T00:00:00+00:00
[2023-09-28T09:28:05.533+0000] {processor.py:179} INFO - Processing /home/ubuntu/airflow_venv/lib/python3.10/site-packages/airflow/example_dags/example_trigger_controller_dag.py took 0.106 seconds
[2023-09-28T10:47:07.695+0000] {processor.py:157} INFO - Started process (PID=1241) to work on /home/ubuntu/airflow_venv/lib/python3.10/site-packages/airflow/example_dags/example_trigger_controller_dag.py
[2023-09-28T10:47:07.696+0000] {processor.py:829} INFO - Processing file /home/ubuntu/airflow_venv/lib/python3.10/site-packages/airflow/example_dags/example_trigger_controller_dag.py for tasks to queue
[2023-09-28T10:47:07.697+0000] {logging_mixin.py:151} INFO - [2023-09-28T10:47:07.697+0000] {dagbag.py:539} INFO - Filling up the DagBag from /home/ubuntu/airflow_venv/lib/python3.10/site-packages/airflow/example_dags/example_trigger_controller_dag.py
[2023-09-28T10:47:07.708+0000] {processor.py:839} INFO - DAG(s) dict_keys(['example_trigger_controller_dag']) retrieved from /home/ubuntu/airflow_venv/lib/python3.10/site-packages/airflow/example_dags/example_trigger_controller_dag.py
[2023-09-28T10:47:07.719+0000] {logging_mixin.py:151} INFO - [2023-09-28T10:47:07.719+0000] {dag.py:2915} INFO - Sync 1 DAGs
[2023-09-28T10:47:07.748+0000] {logging_mixin.py:151} INFO - [2023-09-28T10:47:07.748+0000] {dag.py:3696} INFO - Setting next_dagrun for example_trigger_controller_dag to 2021-01-01T00:00:00+00:00, run_after=2021-01-01T00:00:00+00:00
[2023-09-28T10:47:07.773+0000] {processor.py:179} INFO - Processing /home/ubuntu/airflow_venv/lib/python3.10/site-packages/airflow/example_dags/example_trigger_controller_dag.py took 0.082 seconds
[2023-09-28T10:47:54.309+0000] {processor.py:157} INFO - Started process (PID=1501) to work on /home/ubuntu/airflow_venv/lib/python3.10/site-packages/airflow/example_dags/example_trigger_controller_dag.py
[2023-09-28T10:47:54.310+0000] {processor.py:829} INFO - Processing file /home/ubuntu/airflow_venv/lib/python3.10/site-packages/airflow/example_dags/example_trigger_controller_dag.py for tasks to queue
[2023-09-28T10:47:54.311+0000] {logging_mixin.py:151} INFO - [2023-09-28T10:47:54.311+0000] {dagbag.py:539} INFO - Filling up the DagBag from /home/ubuntu/airflow_venv/lib/python3.10/site-packages/airflow/example_dags/example_trigger_controller_dag.py
[2023-09-28T10:47:54.318+0000] {processor.py:839} INFO - DAG(s) dict_keys(['example_trigger_controller_dag']) retrieved from /home/ubuntu/airflow_venv/lib/python3.10/site-packages/airflow/example_dags/example_trigger_controller_dag.py
[2023-09-28T10:47:54.344+0000] {logging_mixin.py:151} INFO - [2023-09-28T10:47:54.344+0000] {dag.py:2915} INFO - Sync 1 DAGs
[2023-09-28T10:47:54.366+0000] {logging_mixin.py:151} INFO - [2023-09-28T10:47:54.366+0000] {dag.py:3696} INFO - Setting next_dagrun for example_trigger_controller_dag to 2021-01-01T00:00:00+00:00, run_after=2021-01-01T00:00:00+00:00
[2023-09-28T10:47:54.388+0000] {processor.py:179} INFO - Processing /home/ubuntu/airflow_venv/lib/python3.10/site-packages/airflow/example_dags/example_trigger_controller_dag.py took 0.082 seconds
[2023-09-28T10:48:38.630+0000] {processor.py:157} INFO - Started process (PID=1540) to work on /home/ubuntu/airflow_venv/lib/python3.10/site-packages/airflow/example_dags/example_trigger_controller_dag.py
[2023-09-28T10:48:38.632+0000] {processor.py:829} INFO - Processing file /home/ubuntu/airflow_venv/lib/python3.10/site-packages/airflow/example_dags/example_trigger_controller_dag.py for tasks to queue
[2023-09-28T10:48:38.633+0000] {logging_mixin.py:151} INFO - [2023-09-28T10:48:38.632+0000] {dagbag.py:539} INFO - Filling up the DagBag from /home/ubuntu/airflow_venv/lib/python3.10/site-packages/airflow/example_dags/example_trigger_controller_dag.py
[2023-09-28T10:48:38.638+0000] {processor.py:839} INFO - DAG(s) dict_keys(['example_trigger_controller_dag']) retrieved from /home/ubuntu/airflow_venv/lib/python3.10/site-packages/airflow/example_dags/example_trigger_controller_dag.py
[2023-09-28T10:48:38.660+0000] {logging_mixin.py:151} INFO - [2023-09-28T10:48:38.660+0000] {dag.py:2915} INFO - Sync 1 DAGs
[2023-09-28T10:48:38.866+0000] {logging_mixin.py:151} INFO - [2023-09-28T10:48:38.865+0000] {dag.py:3696} INFO - Setting next_dagrun for example_trigger_controller_dag to 2021-01-01T00:00:00+00:00, run_after=2021-01-01T00:00:00+00:00
[2023-09-28T10:48:38.889+0000] {processor.py:179} INFO - Processing /home/ubuntu/airflow_venv/lib/python3.10/site-packages/airflow/example_dags/example_trigger_controller_dag.py took 0.266 seconds
[2023-09-28T10:49:30.666+0000] {processor.py:157} INFO - Started process (PID=1586) to work on /home/ubuntu/airflow_venv/lib/python3.10/site-packages/airflow/example_dags/example_trigger_controller_dag.py
[2023-09-28T10:49:30.667+0000] {processor.py:829} INFO - Processing file /home/ubuntu/airflow_venv/lib/python3.10/site-packages/airflow/example_dags/example_trigger_controller_dag.py for tasks to queue
[2023-09-28T10:49:30.668+0000] {logging_mixin.py:151} INFO - [2023-09-28T10:49:30.668+0000] {dagbag.py:539} INFO - Filling up the DagBag from /home/ubuntu/airflow_venv/lib/python3.10/site-packages/airflow/example_dags/example_trigger_controller_dag.py
[2023-09-28T10:49:30.825+0000] {processor.py:839} INFO - DAG(s) dict_keys(['example_trigger_controller_dag']) retrieved from /home/ubuntu/airflow_venv/lib/python3.10/site-packages/airflow/example_dags/example_trigger_controller_dag.py
[2023-09-28T10:49:30.835+0000] {logging_mixin.py:151} INFO - [2023-09-28T10:49:30.835+0000] {dag.py:2915} INFO - Sync 1 DAGs
[2023-09-28T10:49:30.850+0000] {logging_mixin.py:151} INFO - [2023-09-28T10:49:30.850+0000] {dag.py:3696} INFO - Setting next_dagrun for example_trigger_controller_dag to 2021-01-01T00:00:00+00:00, run_after=2021-01-01T00:00:00+00:00
[2023-09-28T10:49:30.869+0000] {processor.py:179} INFO - Processing /home/ubuntu/airflow_venv/lib/python3.10/site-packages/airflow/example_dags/example_trigger_controller_dag.py took 0.205 seconds
[2023-09-28T11:05:31.231+0000] {processor.py:157} INFO - Started process (PID=2174) to work on /home/ubuntu/airflow_venv/lib/python3.10/site-packages/airflow/example_dags/example_trigger_controller_dag.py
[2023-09-28T11:05:31.233+0000] {processor.py:829} INFO - Processing file /home/ubuntu/airflow_venv/lib/python3.10/site-packages/airflow/example_dags/example_trigger_controller_dag.py for tasks to queue
[2023-09-28T11:05:31.234+0000] {logging_mixin.py:151} INFO - [2023-09-28T11:05:31.233+0000] {dagbag.py:539} INFO - Filling up the DagBag from /home/ubuntu/airflow_venv/lib/python3.10/site-packages/airflow/example_dags/example_trigger_controller_dag.py
[2023-09-28T11:05:31.245+0000] {processor.py:839} INFO - DAG(s) dict_keys(['example_trigger_controller_dag']) retrieved from /home/ubuntu/airflow_venv/lib/python3.10/site-packages/airflow/example_dags/example_trigger_controller_dag.py
[2023-09-28T11:05:31.275+0000] {logging_mixin.py:151} INFO - [2023-09-28T11:05:31.274+0000] {dag.py:2915} INFO - Sync 1 DAGs
[2023-09-28T11:05:31.297+0000] {logging_mixin.py:151} INFO - [2023-09-28T11:05:31.297+0000] {dag.py:3696} INFO - Setting next_dagrun for example_trigger_controller_dag to 2021-01-01T00:00:00+00:00, run_after=2021-01-01T00:00:00+00:00
[2023-09-28T11:05:31.320+0000] {processor.py:179} INFO - Processing /home/ubuntu/airflow_venv/lib/python3.10/site-packages/airflow/example_dags/example_trigger_controller_dag.py took 0.095 seconds
[2023-09-28T15:00:37.204+0000] {processor.py:157} INFO - Started process (PID=1790) to work on /home/ubuntu/airflow_venv/lib/python3.10/site-packages/airflow/example_dags/example_trigger_controller_dag.py
[2023-09-28T15:00:37.206+0000] {processor.py:829} INFO - Processing file /home/ubuntu/airflow_venv/lib/python3.10/site-packages/airflow/example_dags/example_trigger_controller_dag.py for tasks to queue
[2023-09-28T15:00:37.207+0000] {logging_mixin.py:151} INFO - [2023-09-28T15:00:37.206+0000] {dagbag.py:539} INFO - Filling up the DagBag from /home/ubuntu/airflow_venv/lib/python3.10/site-packages/airflow/example_dags/example_trigger_controller_dag.py
[2023-09-28T15:00:37.218+0000] {processor.py:839} INFO - DAG(s) dict_keys(['example_trigger_controller_dag']) retrieved from /home/ubuntu/airflow_venv/lib/python3.10/site-packages/airflow/example_dags/example_trigger_controller_dag.py
[2023-09-28T15:00:37.232+0000] {logging_mixin.py:151} INFO - [2023-09-28T15:00:37.232+0000] {dag.py:2915} INFO - Sync 1 DAGs
[2023-09-28T15:00:37.268+0000] {logging_mixin.py:151} INFO - [2023-09-28T15:00:37.268+0000] {dag.py:3696} INFO - Setting next_dagrun for example_trigger_controller_dag to 2021-01-01T00:00:00+00:00, run_after=2021-01-01T00:00:00+00:00
[2023-09-28T15:00:37.311+0000] {processor.py:179} INFO - Processing /home/ubuntu/airflow_venv/lib/python3.10/site-packages/airflow/example_dags/example_trigger_controller_dag.py took 0.110 seconds
[2023-09-28T15:01:24.845+0000] {processor.py:157} INFO - Started process (PID=1838) to work on /home/ubuntu/airflow_venv/lib/python3.10/site-packages/airflow/example_dags/example_trigger_controller_dag.py
[2023-09-28T15:01:24.846+0000] {processor.py:829} INFO - Processing file /home/ubuntu/airflow_venv/lib/python3.10/site-packages/airflow/example_dags/example_trigger_controller_dag.py for tasks to queue
[2023-09-28T15:01:24.847+0000] {logging_mixin.py:151} INFO - [2023-09-28T15:01:24.846+0000] {dagbag.py:539} INFO - Filling up the DagBag from /home/ubuntu/airflow_venv/lib/python3.10/site-packages/airflow/example_dags/example_trigger_controller_dag.py
[2023-09-28T15:01:24.852+0000] {processor.py:839} INFO - DAG(s) dict_keys(['example_trigger_controller_dag']) retrieved from /home/ubuntu/airflow_venv/lib/python3.10/site-packages/airflow/example_dags/example_trigger_controller_dag.py
[2023-09-28T15:01:24.868+0000] {logging_mixin.py:151} INFO - [2023-09-28T15:01:24.868+0000] {dag.py:2915} INFO - Sync 1 DAGs
[2023-09-28T15:01:24.886+0000] {logging_mixin.py:151} INFO - [2023-09-28T15:01:24.886+0000] {dag.py:3696} INFO - Setting next_dagrun for example_trigger_controller_dag to 2021-01-01T00:00:00+00:00, run_after=2021-01-01T00:00:00+00:00
[2023-09-28T15:01:24.907+0000] {processor.py:179} INFO - Processing /home/ubuntu/airflow_venv/lib/python3.10/site-packages/airflow/example_dags/example_trigger_controller_dag.py took 0.066 seconds
[2023-09-28T15:17:40.660+0000] {processor.py:157} INFO - Started process (PID=3207) to work on /home/ubuntu/airflow_venv/lib/python3.10/site-packages/airflow/example_dags/example_trigger_controller_dag.py
[2023-09-28T15:17:40.661+0000] {processor.py:829} INFO - Processing file /home/ubuntu/airflow_venv/lib/python3.10/site-packages/airflow/example_dags/example_trigger_controller_dag.py for tasks to queue
[2023-09-28T15:17:40.662+0000] {logging_mixin.py:151} INFO - [2023-09-28T15:17:40.662+0000] {dagbag.py:539} INFO - Filling up the DagBag from /home/ubuntu/airflow_venv/lib/python3.10/site-packages/airflow/example_dags/example_trigger_controller_dag.py
[2023-09-28T15:17:40.674+0000] {processor.py:839} INFO - DAG(s) dict_keys(['example_trigger_controller_dag']) retrieved from /home/ubuntu/airflow_venv/lib/python3.10/site-packages/airflow/example_dags/example_trigger_controller_dag.py
[2023-09-28T15:17:40.698+0000] {logging_mixin.py:151} INFO - [2023-09-28T15:17:40.698+0000] {dag.py:2915} INFO - Sync 1 DAGs
[2023-09-28T15:17:40.721+0000] {logging_mixin.py:151} INFO - [2023-09-28T15:17:40.720+0000] {dag.py:3696} INFO - Setting next_dagrun for example_trigger_controller_dag to 2021-01-01T00:00:00+00:00, run_after=2021-01-01T00:00:00+00:00
[2023-09-28T15:17:40.748+0000] {processor.py:179} INFO - Processing /home/ubuntu/airflow_venv/lib/python3.10/site-packages/airflow/example_dags/example_trigger_controller_dag.py took 0.093 seconds
[2023-09-28T15:23:40.911+0000] {processor.py:157} INFO - Started process (PID=3420) to work on /home/ubuntu/airflow_venv/lib/python3.10/site-packages/airflow/example_dags/example_trigger_controller_dag.py
[2023-09-28T15:23:40.913+0000] {processor.py:829} INFO - Processing file /home/ubuntu/airflow_venv/lib/python3.10/site-packages/airflow/example_dags/example_trigger_controller_dag.py for tasks to queue
[2023-09-28T15:23:40.915+0000] {logging_mixin.py:151} INFO - [2023-09-28T15:23:40.914+0000] {dagbag.py:539} INFO - Filling up the DagBag from /home/ubuntu/airflow_venv/lib/python3.10/site-packages/airflow/example_dags/example_trigger_controller_dag.py
[2023-09-28T15:23:40.924+0000] {processor.py:839} INFO - DAG(s) dict_keys(['example_trigger_controller_dag']) retrieved from /home/ubuntu/airflow_venv/lib/python3.10/site-packages/airflow/example_dags/example_trigger_controller_dag.py
[2023-09-28T15:23:40.934+0000] {logging_mixin.py:151} INFO - [2023-09-28T15:23:40.934+0000] {dag.py:2915} INFO - Sync 1 DAGs
[2023-09-28T15:23:40.957+0000] {logging_mixin.py:151} INFO - [2023-09-28T15:23:40.957+0000] {dag.py:3696} INFO - Setting next_dagrun for example_trigger_controller_dag to 2021-01-01T00:00:00+00:00, run_after=2021-01-01T00:00:00+00:00
[2023-09-28T15:23:40.984+0000] {processor.py:179} INFO - Processing /home/ubuntu/airflow_venv/lib/python3.10/site-packages/airflow/example_dags/example_trigger_controller_dag.py took 0.079 seconds
[2023-09-28T15:24:28.551+0000] {processor.py:157} INFO - Started process (PID=3473) to work on /home/ubuntu/airflow_venv/lib/python3.10/site-packages/airflow/example_dags/example_trigger_controller_dag.py
[2023-09-28T15:24:28.552+0000] {processor.py:829} INFO - Processing file /home/ubuntu/airflow_venv/lib/python3.10/site-packages/airflow/example_dags/example_trigger_controller_dag.py for tasks to queue
[2023-09-28T15:24:28.553+0000] {logging_mixin.py:151} INFO - [2023-09-28T15:24:28.553+0000] {dagbag.py:539} INFO - Filling up the DagBag from /home/ubuntu/airflow_venv/lib/python3.10/site-packages/airflow/example_dags/example_trigger_controller_dag.py
[2023-09-28T15:24:28.559+0000] {processor.py:839} INFO - DAG(s) dict_keys(['example_trigger_controller_dag']) retrieved from /home/ubuntu/airflow_venv/lib/python3.10/site-packages/airflow/example_dags/example_trigger_controller_dag.py
[2023-09-28T15:24:28.579+0000] {logging_mixin.py:151} INFO - [2023-09-28T15:24:28.579+0000] {dag.py:2915} INFO - Sync 1 DAGs
[2023-09-28T15:24:28.598+0000] {logging_mixin.py:151} INFO - [2023-09-28T15:24:28.598+0000] {dag.py:3696} INFO - Setting next_dagrun for example_trigger_controller_dag to 2021-01-01T00:00:00+00:00, run_after=2021-01-01T00:00:00+00:00
[2023-09-28T15:24:28.619+0000] {processor.py:179} INFO - Processing /home/ubuntu/airflow_venv/lib/python3.10/site-packages/airflow/example_dags/example_trigger_controller_dag.py took 0.072 seconds
[2023-09-28T15:28:08.291+0000] {processor.py:157} INFO - Started process (PID=3582) to work on /home/ubuntu/airflow_venv/lib/python3.10/site-packages/airflow/example_dags/example_trigger_controller_dag.py
[2023-09-28T15:28:08.293+0000] {processor.py:829} INFO - Processing file /home/ubuntu/airflow_venv/lib/python3.10/site-packages/airflow/example_dags/example_trigger_controller_dag.py for tasks to queue
[2023-09-28T15:28:08.295+0000] {logging_mixin.py:151} INFO - [2023-09-28T15:28:08.294+0000] {dagbag.py:539} INFO - Filling up the DagBag from /home/ubuntu/airflow_venv/lib/python3.10/site-packages/airflow/example_dags/example_trigger_controller_dag.py
[2023-09-28T15:28:08.313+0000] {processor.py:839} INFO - DAG(s) dict_keys(['example_trigger_controller_dag']) retrieved from /home/ubuntu/airflow_venv/lib/python3.10/site-packages/airflow/example_dags/example_trigger_controller_dag.py
[2023-09-28T15:28:08.384+0000] {logging_mixin.py:151} INFO - [2023-09-28T15:28:08.383+0000] {dag.py:2915} INFO - Sync 1 DAGs
[2023-09-28T15:28:08.677+0000] {logging_mixin.py:151} INFO - [2023-09-28T15:28:08.676+0000] {dag.py:3696} INFO - Setting next_dagrun for example_trigger_controller_dag to 2021-01-01T00:00:00+00:00, run_after=2021-01-01T00:00:00+00:00
[2023-09-28T15:28:08.761+0000] {processor.py:179} INFO - Processing /home/ubuntu/airflow_venv/lib/python3.10/site-packages/airflow/example_dags/example_trigger_controller_dag.py took 0.474 seconds
