[2023-09-28T09:26:55.308+0000] {processor.py:157} INFO - Started process (PID=51072) to work on /home/ubuntu/airflow_venv/lib/python3.10/site-packages/airflow/example_dags/example_task_group.py
[2023-09-28T09:26:55.309+0000] {processor.py:829} INFO - Processing file /home/ubuntu/airflow_venv/lib/python3.10/site-packages/airflow/example_dags/example_task_group.py for tasks to queue
[2023-09-28T09:26:55.310+0000] {logging_mixin.py:151} INFO - [2023-09-28T09:26:55.309+0000] {dagbag.py:539} INFO - Filling up the DagBag from /home/ubuntu/airflow_venv/lib/python3.10/site-packages/airflow/example_dags/example_task_group.py
[2023-09-28T09:26:55.326+0000] {processor.py:839} INFO - DAG(s) dict_keys(['example_task_group']) retrieved from /home/ubuntu/airflow_venv/lib/python3.10/site-packages/airflow/example_dags/example_task_group.py
[2023-09-28T09:26:55.352+0000] {logging_mixin.py:151} INFO - [2023-09-28T09:26:55.351+0000] {dag.py:2915} INFO - Sync 1 DAGs
[2023-09-28T09:26:55.374+0000] {logging_mixin.py:151} INFO - [2023-09-28T09:26:55.373+0000] {dag.py:3696} INFO - Setting next_dagrun for example_task_group to 2023-09-27T09:26:55.373496+00:00, run_after=2023-09-28T09:26:55.373496+00:00
[2023-09-28T09:26:55.396+0000] {processor.py:179} INFO - Processing /home/ubuntu/airflow_venv/lib/python3.10/site-packages/airflow/example_dags/example_task_group.py took 0.094 seconds
[2023-09-28T09:28:14.715+0000] {processor.py:157} INFO - Started process (PID=51139) to work on /home/ubuntu/airflow_venv/lib/python3.10/site-packages/airflow/example_dags/example_task_group.py
[2023-09-28T09:28:14.716+0000] {processor.py:829} INFO - Processing file /home/ubuntu/airflow_venv/lib/python3.10/site-packages/airflow/example_dags/example_task_group.py for tasks to queue
[2023-09-28T09:28:14.717+0000] {logging_mixin.py:151} INFO - [2023-09-28T09:28:14.716+0000] {dagbag.py:539} INFO - Filling up the DagBag from /home/ubuntu/airflow_venv/lib/python3.10/site-packages/airflow/example_dags/example_task_group.py
[2023-09-28T09:28:14.725+0000] {processor.py:839} INFO - DAG(s) dict_keys(['example_task_group']) retrieved from /home/ubuntu/airflow_venv/lib/python3.10/site-packages/airflow/example_dags/example_task_group.py
[2023-09-28T09:28:14.733+0000] {logging_mixin.py:151} INFO - [2023-09-28T09:28:14.733+0000] {dag.py:2915} INFO - Sync 1 DAGs
[2023-09-28T09:28:14.765+0000] {logging_mixin.py:151} INFO - [2023-09-28T09:28:14.764+0000] {dag.py:3696} INFO - Setting next_dagrun for example_task_group to 2023-09-27T09:28:14.764610+00:00, run_after=2023-09-28T09:28:14.764610+00:00
[2023-09-28T09:28:14.791+0000] {processor.py:179} INFO - Processing /home/ubuntu/airflow_venv/lib/python3.10/site-packages/airflow/example_dags/example_task_group.py took 0.080 seconds
[2023-09-28T10:47:16.457+0000] {processor.py:157} INFO - Started process (PID=1250) to work on /home/ubuntu/airflow_venv/lib/python3.10/site-packages/airflow/example_dags/example_task_group.py
[2023-09-28T10:47:16.458+0000] {processor.py:829} INFO - Processing file /home/ubuntu/airflow_venv/lib/python3.10/site-packages/airflow/example_dags/example_task_group.py for tasks to queue
[2023-09-28T10:47:16.459+0000] {logging_mixin.py:151} INFO - [2023-09-28T10:47:16.459+0000] {dagbag.py:539} INFO - Filling up the DagBag from /home/ubuntu/airflow_venv/lib/python3.10/site-packages/airflow/example_dags/example_task_group.py
[2023-09-28T10:47:16.467+0000] {processor.py:839} INFO - DAG(s) dict_keys(['example_task_group']) retrieved from /home/ubuntu/airflow_venv/lib/python3.10/site-packages/airflow/example_dags/example_task_group.py
[2023-09-28T10:47:16.475+0000] {logging_mixin.py:151} INFO - [2023-09-28T10:47:16.475+0000] {dag.py:2915} INFO - Sync 1 DAGs
[2023-09-28T10:47:16.496+0000] {logging_mixin.py:151} INFO - [2023-09-28T10:47:16.495+0000] {dag.py:3696} INFO - Setting next_dagrun for example_task_group to 2023-09-27T10:47:16.495675+00:00, run_after=2023-09-28T10:47:16.495675+00:00
[2023-09-28T10:47:16.516+0000] {processor.py:179} INFO - Processing /home/ubuntu/airflow_venv/lib/python3.10/site-packages/airflow/example_dags/example_task_group.py took 0.063 seconds
[2023-09-28T10:48:04.625+0000] {processor.py:157} INFO - Started process (PID=1510) to work on /home/ubuntu/airflow_venv/lib/python3.10/site-packages/airflow/example_dags/example_task_group.py
[2023-09-28T10:48:04.627+0000] {processor.py:829} INFO - Processing file /home/ubuntu/airflow_venv/lib/python3.10/site-packages/airflow/example_dags/example_task_group.py for tasks to queue
[2023-09-28T10:48:04.628+0000] {logging_mixin.py:151} INFO - [2023-09-28T10:48:04.627+0000] {dagbag.py:539} INFO - Filling up the DagBag from /home/ubuntu/airflow_venv/lib/python3.10/site-packages/airflow/example_dags/example_task_group.py
[2023-09-28T10:48:04.637+0000] {processor.py:839} INFO - DAG(s) dict_keys(['example_task_group']) retrieved from /home/ubuntu/airflow_venv/lib/python3.10/site-packages/airflow/example_dags/example_task_group.py
[2023-09-28T10:48:04.665+0000] {logging_mixin.py:151} INFO - [2023-09-28T10:48:04.664+0000] {dag.py:2915} INFO - Sync 1 DAGs
[2023-09-28T10:48:04.688+0000] {logging_mixin.py:151} INFO - [2023-09-28T10:48:04.688+0000] {dag.py:3696} INFO - Setting next_dagrun for example_task_group to 2023-09-27T10:48:04.688199+00:00, run_after=2023-09-28T10:48:04.688199+00:00
[2023-09-28T10:48:04.885+0000] {processor.py:179} INFO - Processing /home/ubuntu/airflow_venv/lib/python3.10/site-packages/airflow/example_dags/example_task_group.py took 0.263 seconds
[2023-09-28T10:49:00.456+0000] {processor.py:157} INFO - Started process (PID=1560) to work on /home/ubuntu/airflow_venv/lib/python3.10/site-packages/airflow/example_dags/example_task_group.py
[2023-09-28T10:49:00.457+0000] {processor.py:829} INFO - Processing file /home/ubuntu/airflow_venv/lib/python3.10/site-packages/airflow/example_dags/example_task_group.py for tasks to queue
[2023-09-28T10:49:00.458+0000] {logging_mixin.py:151} INFO - [2023-09-28T10:49:00.457+0000] {dagbag.py:539} INFO - Filling up the DagBag from /home/ubuntu/airflow_venv/lib/python3.10/site-packages/airflow/example_dags/example_task_group.py
[2023-09-28T10:49:00.466+0000] {processor.py:839} INFO - DAG(s) dict_keys(['example_task_group']) retrieved from /home/ubuntu/airflow_venv/lib/python3.10/site-packages/airflow/example_dags/example_task_group.py
[2023-09-28T10:49:00.638+0000] {logging_mixin.py:151} INFO - [2023-09-28T10:49:00.638+0000] {dag.py:2915} INFO - Sync 1 DAGs
[2023-09-28T10:49:00.660+0000] {logging_mixin.py:151} INFO - [2023-09-28T10:49:00.659+0000] {dag.py:3696} INFO - Setting next_dagrun for example_task_group to 2023-09-27T10:49:00.659763+00:00, run_after=2023-09-28T10:49:00.659763+00:00
[2023-09-28T10:49:00.680+0000] {processor.py:179} INFO - Processing /home/ubuntu/airflow_venv/lib/python3.10/site-packages/airflow/example_dags/example_task_group.py took 0.227 seconds
[2023-09-28T10:49:54.458+0000] {processor.py:157} INFO - Started process (PID=1853) to work on /home/ubuntu/airflow_venv/lib/python3.10/site-packages/airflow/example_dags/example_task_group.py
[2023-09-28T10:49:54.460+0000] {processor.py:829} INFO - Processing file /home/ubuntu/airflow_venv/lib/python3.10/site-packages/airflow/example_dags/example_task_group.py for tasks to queue
[2023-09-28T10:49:54.468+0000] {logging_mixin.py:151} INFO - [2023-09-28T10:49:54.461+0000] {dagbag.py:539} INFO - Filling up the DagBag from /home/ubuntu/airflow_venv/lib/python3.10/site-packages/airflow/example_dags/example_task_group.py
[2023-09-28T10:49:54.499+0000] {processor.py:839} INFO - DAG(s) dict_keys(['example_task_group']) retrieved from /home/ubuntu/airflow_venv/lib/python3.10/site-packages/airflow/example_dags/example_task_group.py
[2023-09-28T10:49:54.547+0000] {logging_mixin.py:151} INFO - [2023-09-28T10:49:54.547+0000] {dag.py:2915} INFO - Sync 1 DAGs
[2023-09-28T10:49:54.640+0000] {logging_mixin.py:151} INFO - [2023-09-28T10:49:54.628+0000] {dag.py:3696} INFO - Setting next_dagrun for example_task_group to 2023-09-27T10:49:54.614677+00:00, run_after=2023-09-28T10:49:54.614677+00:00
[2023-09-28T10:49:54.839+0000] {processor.py:179} INFO - Processing /home/ubuntu/airflow_venv/lib/python3.10/site-packages/airflow/example_dags/example_task_group.py took 0.396 seconds
[2023-09-28T11:05:40.645+0000] {processor.py:157} INFO - Started process (PID=2183) to work on /home/ubuntu/airflow_venv/lib/python3.10/site-packages/airflow/example_dags/example_task_group.py
[2023-09-28T11:05:40.646+0000] {processor.py:829} INFO - Processing file /home/ubuntu/airflow_venv/lib/python3.10/site-packages/airflow/example_dags/example_task_group.py for tasks to queue
[2023-09-28T11:05:40.647+0000] {logging_mixin.py:151} INFO - [2023-09-28T11:05:40.647+0000] {dagbag.py:539} INFO - Filling up the DagBag from /home/ubuntu/airflow_venv/lib/python3.10/site-packages/airflow/example_dags/example_task_group.py
[2023-09-28T11:05:40.658+0000] {processor.py:839} INFO - DAG(s) dict_keys(['example_task_group']) retrieved from /home/ubuntu/airflow_venv/lib/python3.10/site-packages/airflow/example_dags/example_task_group.py
[2023-09-28T11:05:40.686+0000] {logging_mixin.py:151} INFO - [2023-09-28T11:05:40.686+0000] {dag.py:2915} INFO - Sync 1 DAGs
[2023-09-28T11:05:40.707+0000] {logging_mixin.py:151} INFO - [2023-09-28T11:05:40.707+0000] {dag.py:3696} INFO - Setting next_dagrun for example_task_group to 2023-09-27T11:05:40.706966+00:00, run_after=2023-09-28T11:05:40.706966+00:00
[2023-09-28T11:05:40.728+0000] {processor.py:179} INFO - Processing /home/ubuntu/airflow_venv/lib/python3.10/site-packages/airflow/example_dags/example_task_group.py took 0.088 seconds
[2023-09-28T15:00:44.866+0000] {processor.py:157} INFO - Started process (PID=1799) to work on /home/ubuntu/airflow_venv/lib/python3.10/site-packages/airflow/example_dags/example_task_group.py
[2023-09-28T15:00:44.867+0000] {processor.py:829} INFO - Processing file /home/ubuntu/airflow_venv/lib/python3.10/site-packages/airflow/example_dags/example_task_group.py for tasks to queue
[2023-09-28T15:00:44.868+0000] {logging_mixin.py:151} INFO - [2023-09-28T15:00:44.868+0000] {dagbag.py:539} INFO - Filling up the DagBag from /home/ubuntu/airflow_venv/lib/python3.10/site-packages/airflow/example_dags/example_task_group.py
[2023-09-28T15:00:44.875+0000] {processor.py:839} INFO - DAG(s) dict_keys(['example_task_group']) retrieved from /home/ubuntu/airflow_venv/lib/python3.10/site-packages/airflow/example_dags/example_task_group.py
[2023-09-28T15:00:44.885+0000] {logging_mixin.py:151} INFO - [2023-09-28T15:00:44.885+0000] {dag.py:2915} INFO - Sync 1 DAGs
[2023-09-28T15:00:44.910+0000] {logging_mixin.py:151} INFO - [2023-09-28T15:00:44.910+0000] {dag.py:3696} INFO - Setting next_dagrun for example_task_group to 2023-09-27T15:00:44.909688+00:00, run_after=2023-09-28T15:00:44.909688+00:00
[2023-09-28T15:00:44.939+0000] {processor.py:179} INFO - Processing /home/ubuntu/airflow_venv/lib/python3.10/site-packages/airflow/example_dags/example_task_group.py took 0.076 seconds
[2023-09-28T15:01:34.326+0000] {processor.py:157} INFO - Started process (PID=1847) to work on /home/ubuntu/airflow_venv/lib/python3.10/site-packages/airflow/example_dags/example_task_group.py
[2023-09-28T15:01:34.327+0000] {processor.py:829} INFO - Processing file /home/ubuntu/airflow_venv/lib/python3.10/site-packages/airflow/example_dags/example_task_group.py for tasks to queue
[2023-09-28T15:01:34.327+0000] {logging_mixin.py:151} INFO - [2023-09-28T15:01:34.327+0000] {dagbag.py:539} INFO - Filling up the DagBag from /home/ubuntu/airflow_venv/lib/python3.10/site-packages/airflow/example_dags/example_task_group.py
[2023-09-28T15:01:34.335+0000] {processor.py:839} INFO - DAG(s) dict_keys(['example_task_group']) retrieved from /home/ubuntu/airflow_venv/lib/python3.10/site-packages/airflow/example_dags/example_task_group.py
[2023-09-28T15:01:34.352+0000] {logging_mixin.py:151} INFO - [2023-09-28T15:01:34.351+0000] {dag.py:2915} INFO - Sync 1 DAGs
[2023-09-28T15:01:34.371+0000] {logging_mixin.py:151} INFO - [2023-09-28T15:01:34.371+0000] {dag.py:3696} INFO - Setting next_dagrun for example_task_group to 2023-09-27T15:01:34.371514+00:00, run_after=2023-09-28T15:01:34.371514+00:00
[2023-09-28T15:01:34.526+0000] {processor.py:179} INFO - Processing /home/ubuntu/airflow_venv/lib/python3.10/site-packages/airflow/example_dags/example_task_group.py took 0.204 seconds
[2023-09-28T15:17:48.501+0000] {processor.py:157} INFO - Started process (PID=3216) to work on /home/ubuntu/airflow_venv/lib/python3.10/site-packages/airflow/example_dags/example_task_group.py
[2023-09-28T15:17:48.502+0000] {processor.py:829} INFO - Processing file /home/ubuntu/airflow_venv/lib/python3.10/site-packages/airflow/example_dags/example_task_group.py for tasks to queue
[2023-09-28T15:17:48.503+0000] {logging_mixin.py:151} INFO - [2023-09-28T15:17:48.503+0000] {dagbag.py:539} INFO - Filling up the DagBag from /home/ubuntu/airflow_venv/lib/python3.10/site-packages/airflow/example_dags/example_task_group.py
[2023-09-28T15:17:48.512+0000] {processor.py:839} INFO - DAG(s) dict_keys(['example_task_group']) retrieved from /home/ubuntu/airflow_venv/lib/python3.10/site-packages/airflow/example_dags/example_task_group.py
[2023-09-28T15:17:48.533+0000] {logging_mixin.py:151} INFO - [2023-09-28T15:17:48.533+0000] {dag.py:2915} INFO - Sync 1 DAGs
[2023-09-28T15:17:48.553+0000] {logging_mixin.py:151} INFO - [2023-09-28T15:17:48.553+0000] {dag.py:3696} INFO - Setting next_dagrun for example_task_group to 2023-09-27T15:17:48.553424+00:00, run_after=2023-09-28T15:17:48.553424+00:00
[2023-09-28T15:17:48.576+0000] {processor.py:179} INFO - Processing /home/ubuntu/airflow_venv/lib/python3.10/site-packages/airflow/example_dags/example_task_group.py took 0.078 seconds
[2023-09-28T15:23:48.900+0000] {processor.py:157} INFO - Started process (PID=3431) to work on /home/ubuntu/airflow_venv/lib/python3.10/site-packages/airflow/example_dags/example_task_group.py
[2023-09-28T15:23:48.909+0000] {processor.py:829} INFO - Processing file /home/ubuntu/airflow_venv/lib/python3.10/site-packages/airflow/example_dags/example_task_group.py for tasks to queue
[2023-09-28T15:23:48.910+0000] {logging_mixin.py:151} INFO - [2023-09-28T15:23:48.909+0000] {dagbag.py:539} INFO - Filling up the DagBag from /home/ubuntu/airflow_venv/lib/python3.10/site-packages/airflow/example_dags/example_task_group.py
[2023-09-28T15:23:48.922+0000] {processor.py:839} INFO - DAG(s) dict_keys(['example_task_group']) retrieved from /home/ubuntu/airflow_venv/lib/python3.10/site-packages/airflow/example_dags/example_task_group.py
[2023-09-28T15:23:48.932+0000] {logging_mixin.py:151} INFO - [2023-09-28T15:23:48.931+0000] {dag.py:2915} INFO - Sync 1 DAGs
[2023-09-28T15:23:48.954+0000] {logging_mixin.py:151} INFO - [2023-09-28T15:23:48.954+0000] {dag.py:3696} INFO - Setting next_dagrun for example_task_group to 2023-09-27T15:23:48.953875+00:00, run_after=2023-09-28T15:23:48.953875+00:00
[2023-09-28T15:23:48.976+0000] {processor.py:179} INFO - Processing /home/ubuntu/airflow_venv/lib/python3.10/site-packages/airflow/example_dags/example_task_group.py took 0.079 seconds
[2023-09-28T15:24:38.051+0000] {processor.py:157} INFO - Started process (PID=3482) to work on /home/ubuntu/airflow_venv/lib/python3.10/site-packages/airflow/example_dags/example_task_group.py
[2023-09-28T15:24:38.052+0000] {processor.py:829} INFO - Processing file /home/ubuntu/airflow_venv/lib/python3.10/site-packages/airflow/example_dags/example_task_group.py for tasks to queue
[2023-09-28T15:24:38.053+0000] {logging_mixin.py:151} INFO - [2023-09-28T15:24:38.053+0000] {dagbag.py:539} INFO - Filling up the DagBag from /home/ubuntu/airflow_venv/lib/python3.10/site-packages/airflow/example_dags/example_task_group.py
[2023-09-28T15:24:38.062+0000] {processor.py:839} INFO - DAG(s) dict_keys(['example_task_group']) retrieved from /home/ubuntu/airflow_venv/lib/python3.10/site-packages/airflow/example_dags/example_task_group.py
[2023-09-28T15:24:38.079+0000] {logging_mixin.py:151} INFO - [2023-09-28T15:24:38.079+0000] {dag.py:2915} INFO - Sync 1 DAGs
[2023-09-28T15:24:38.104+0000] {logging_mixin.py:151} INFO - [2023-09-28T15:24:38.104+0000] {dag.py:3696} INFO - Setting next_dagrun for example_task_group to 2023-09-27T15:24:38.104001+00:00, run_after=2023-09-28T15:24:38.104001+00:00
[2023-09-28T15:24:38.279+0000] {processor.py:179} INFO - Processing /home/ubuntu/airflow_venv/lib/python3.10/site-packages/airflow/example_dags/example_task_group.py took 0.231 seconds
[2023-09-28T15:28:19.203+0000] {processor.py:157} INFO - Started process (PID=3591) to work on /home/ubuntu/airflow_venv/lib/python3.10/site-packages/airflow/example_dags/example_task_group.py
[2023-09-28T15:28:19.205+0000] {processor.py:829} INFO - Processing file /home/ubuntu/airflow_venv/lib/python3.10/site-packages/airflow/example_dags/example_task_group.py for tasks to queue
[2023-09-28T15:28:19.206+0000] {logging_mixin.py:151} INFO - [2023-09-28T15:28:19.206+0000] {dagbag.py:539} INFO - Filling up the DagBag from /home/ubuntu/airflow_venv/lib/python3.10/site-packages/airflow/example_dags/example_task_group.py
[2023-09-28T15:28:19.215+0000] {processor.py:839} INFO - DAG(s) dict_keys(['example_task_group']) retrieved from /home/ubuntu/airflow_venv/lib/python3.10/site-packages/airflow/example_dags/example_task_group.py
[2023-09-28T15:28:19.372+0000] {logging_mixin.py:151} INFO - [2023-09-28T15:28:19.372+0000] {dag.py:2915} INFO - Sync 1 DAGs
[2023-09-28T15:28:19.388+0000] {logging_mixin.py:151} INFO - [2023-09-28T15:28:19.388+0000] {dag.py:3696} INFO - Setting next_dagrun for example_task_group to 2023-09-27T15:28:19.388214+00:00, run_after=2023-09-28T15:28:19.388214+00:00
[2023-09-28T15:28:19.419+0000] {processor.py:179} INFO - Processing /home/ubuntu/airflow_venv/lib/python3.10/site-packages/airflow/example_dags/example_task_group.py took 0.218 seconds
