[2023-09-28T09:28:22.854+0000] {processor.py:157} INFO - Started process (PID=51148) to work on /home/ubuntu/airflow_venv/lib/python3.10/site-packages/airflow/example_dags/example_datasets.py
[2023-09-28T09:28:22.855+0000] {processor.py:829} INFO - Processing file /home/ubuntu/airflow_venv/lib/python3.10/site-packages/airflow/example_dags/example_datasets.py for tasks to queue
[2023-09-28T09:28:22.855+0000] {logging_mixin.py:151} INFO - [2023-09-28T09:28:22.855+0000] {dagbag.py:539} INFO - Filling up the DagBag from /home/ubuntu/airflow_venv/lib/python3.10/site-packages/airflow/example_dags/example_datasets.py
[2023-09-28T09:28:22.872+0000] {processor.py:839} INFO - DAG(s) dict_keys(['dataset_consumes_1_never_scheduled', 'dataset_produces_2', 'dataset_consumes_1', 'dataset_consumes_unknown_never_scheduled', 'dataset_produces_1', 'dataset_consumes_1_and_2']) retrieved from /home/ubuntu/airflow_venv/lib/python3.10/site-packages/airflow/example_dags/example_datasets.py
[2023-09-28T09:28:22.907+0000] {logging_mixin.py:151} INFO - [2023-09-28T09:28:22.907+0000] {dag.py:2915} INFO - Sync 6 DAGs
[2023-09-28T09:28:22.936+0000] {logging_mixin.py:151} INFO - [2023-09-28T09:28:22.935+0000] {dag.py:3696} INFO - Setting next_dagrun for dataset_consumes_1 to None, run_after=None
[2023-09-28T09:28:22.939+0000] {logging_mixin.py:151} INFO - [2023-09-28T09:28:22.938+0000] {dag.py:3696} INFO - Setting next_dagrun for dataset_consumes_1_and_2 to None, run_after=None
[2023-09-28T09:28:22.940+0000] {logging_mixin.py:151} INFO - [2023-09-28T09:28:22.939+0000] {dag.py:3696} INFO - Setting next_dagrun for dataset_consumes_1_never_scheduled to None, run_after=None
[2023-09-28T09:28:22.940+0000] {logging_mixin.py:151} INFO - [2023-09-28T09:28:22.940+0000] {dag.py:3696} INFO - Setting next_dagrun for dataset_consumes_unknown_never_scheduled to None, run_after=None
[2023-09-28T09:28:22.943+0000] {logging_mixin.py:151} INFO - [2023-09-28T09:28:22.943+0000] {dag.py:3696} INFO - Setting next_dagrun for dataset_produces_1 to 2023-09-27T00:00:00+00:00, run_after=2023-09-28T00:00:00+00:00
[2023-09-28T09:28:22.944+0000] {logging_mixin.py:151} INFO - [2023-09-28T09:28:22.943+0000] {dag.py:3696} INFO - Setting next_dagrun for dataset_produces_2 to None, run_after=None
[2023-09-28T09:28:22.972+0000] {processor.py:179} INFO - Processing /home/ubuntu/airflow_venv/lib/python3.10/site-packages/airflow/example_dags/example_datasets.py took 0.121 seconds
[2023-09-28T10:47:24.414+0000] {processor.py:157} INFO - Started process (PID=1470) to work on /home/ubuntu/airflow_venv/lib/python3.10/site-packages/airflow/example_dags/example_datasets.py
[2023-09-28T10:47:24.416+0000] {processor.py:829} INFO - Processing file /home/ubuntu/airflow_venv/lib/python3.10/site-packages/airflow/example_dags/example_datasets.py for tasks to queue
[2023-09-28T10:47:24.417+0000] {logging_mixin.py:151} INFO - [2023-09-28T10:47:24.417+0000] {dagbag.py:539} INFO - Filling up the DagBag from /home/ubuntu/airflow_venv/lib/python3.10/site-packages/airflow/example_dags/example_datasets.py
[2023-09-28T10:47:24.431+0000] {processor.py:839} INFO - DAG(s) dict_keys(['dataset_consumes_unknown_never_scheduled', 'dataset_produces_2', 'dataset_consumes_1', 'dataset_consumes_1_and_2', 'dataset_consumes_1_never_scheduled', 'dataset_produces_1']) retrieved from /home/ubuntu/airflow_venv/lib/python3.10/site-packages/airflow/example_dags/example_datasets.py
[2023-09-28T10:47:24.473+0000] {logging_mixin.py:151} INFO - [2023-09-28T10:47:24.472+0000] {dag.py:2915} INFO - Sync 6 DAGs
[2023-09-28T10:47:24.504+0000] {logging_mixin.py:151} INFO - [2023-09-28T10:47:24.504+0000] {dag.py:3696} INFO - Setting next_dagrun for dataset_consumes_1 to None, run_after=None
[2023-09-28T10:47:24.508+0000] {logging_mixin.py:151} INFO - [2023-09-28T10:47:24.508+0000] {dag.py:3696} INFO - Setting next_dagrun for dataset_consumes_1_and_2 to None, run_after=None
[2023-09-28T10:47:24.509+0000] {logging_mixin.py:151} INFO - [2023-09-28T10:47:24.509+0000] {dag.py:3696} INFO - Setting next_dagrun for dataset_consumes_1_never_scheduled to None, run_after=None
[2023-09-28T10:47:24.510+0000] {logging_mixin.py:151} INFO - [2023-09-28T10:47:24.510+0000] {dag.py:3696} INFO - Setting next_dagrun for dataset_consumes_unknown_never_scheduled to None, run_after=None
[2023-09-28T10:47:24.512+0000] {logging_mixin.py:151} INFO - [2023-09-28T10:47:24.512+0000] {dag.py:3696} INFO - Setting next_dagrun for dataset_produces_1 to 2023-09-27T00:00:00+00:00, run_after=2023-09-28T00:00:00+00:00
[2023-09-28T10:47:24.514+0000] {logging_mixin.py:151} INFO - [2023-09-28T10:47:24.513+0000] {dag.py:3696} INFO - Setting next_dagrun for dataset_produces_2 to None, run_after=None
[2023-09-28T10:47:24.548+0000] {processor.py:179} INFO - Processing /home/ubuntu/airflow_venv/lib/python3.10/site-packages/airflow/example_dags/example_datasets.py took 0.138 seconds
[2023-09-28T10:48:16.339+0000] {processor.py:157} INFO - Started process (PID=1519) to work on /home/ubuntu/airflow_venv/lib/python3.10/site-packages/airflow/example_dags/example_datasets.py
[2023-09-28T10:48:16.341+0000] {processor.py:829} INFO - Processing file /home/ubuntu/airflow_venv/lib/python3.10/site-packages/airflow/example_dags/example_datasets.py for tasks to queue
[2023-09-28T10:48:16.342+0000] {logging_mixin.py:151} INFO - [2023-09-28T10:48:16.342+0000] {dagbag.py:539} INFO - Filling up the DagBag from /home/ubuntu/airflow_venv/lib/python3.10/site-packages/airflow/example_dags/example_datasets.py
[2023-09-28T10:48:16.353+0000] {processor.py:839} INFO - DAG(s) dict_keys(['dataset_produces_2', 'dataset_consumes_unknown_never_scheduled', 'dataset_produces_1', 'dataset_consumes_1_and_2', 'dataset_consumes_1', 'dataset_consumes_1_never_scheduled']) retrieved from /home/ubuntu/airflow_venv/lib/python3.10/site-packages/airflow/example_dags/example_datasets.py
[2023-09-28T10:48:16.384+0000] {logging_mixin.py:151} INFO - [2023-09-28T10:48:16.384+0000] {dag.py:2915} INFO - Sync 6 DAGs
[2023-09-28T10:48:16.561+0000] {logging_mixin.py:151} INFO - [2023-09-28T10:48:16.561+0000] {dag.py:3696} INFO - Setting next_dagrun for dataset_consumes_1 to None, run_after=None
[2023-09-28T10:48:16.563+0000] {logging_mixin.py:151} INFO - [2023-09-28T10:48:16.563+0000] {dag.py:3696} INFO - Setting next_dagrun for dataset_consumes_1_and_2 to None, run_after=None
[2023-09-28T10:48:16.564+0000] {logging_mixin.py:151} INFO - [2023-09-28T10:48:16.564+0000] {dag.py:3696} INFO - Setting next_dagrun for dataset_consumes_1_never_scheduled to None, run_after=None
[2023-09-28T10:48:16.565+0000] {logging_mixin.py:151} INFO - [2023-09-28T10:48:16.565+0000] {dag.py:3696} INFO - Setting next_dagrun for dataset_consumes_unknown_never_scheduled to None, run_after=None
[2023-09-28T10:48:16.567+0000] {logging_mixin.py:151} INFO - [2023-09-28T10:48:16.567+0000] {dag.py:3696} INFO - Setting next_dagrun for dataset_produces_1 to 2023-09-27T00:00:00+00:00, run_after=2023-09-28T00:00:00+00:00
[2023-09-28T10:48:16.568+0000] {logging_mixin.py:151} INFO - [2023-09-28T10:48:16.567+0000] {dag.py:3696} INFO - Setting next_dagrun for dataset_produces_2 to None, run_after=None
[2023-09-28T10:48:16.592+0000] {processor.py:179} INFO - Processing /home/ubuntu/airflow_venv/lib/python3.10/site-packages/airflow/example_dags/example_datasets.py took 0.257 seconds
[2023-09-28T10:49:12.249+0000] {processor.py:157} INFO - Started process (PID=1569) to work on /home/ubuntu/airflow_venv/lib/python3.10/site-packages/airflow/example_dags/example_datasets.py
[2023-09-28T10:49:12.250+0000] {processor.py:829} INFO - Processing file /home/ubuntu/airflow_venv/lib/python3.10/site-packages/airflow/example_dags/example_datasets.py for tasks to queue
[2023-09-28T10:49:12.250+0000] {logging_mixin.py:151} INFO - [2023-09-28T10:49:12.250+0000] {dagbag.py:539} INFO - Filling up the DagBag from /home/ubuntu/airflow_venv/lib/python3.10/site-packages/airflow/example_dags/example_datasets.py
[2023-09-28T10:49:12.260+0000] {processor.py:839} INFO - DAG(s) dict_keys(['dataset_consumes_1_never_scheduled', 'dataset_produces_1', 'dataset_consumes_1', 'dataset_consumes_unknown_never_scheduled', 'dataset_produces_2', 'dataset_consumes_1_and_2']) retrieved from /home/ubuntu/airflow_venv/lib/python3.10/site-packages/airflow/example_dags/example_datasets.py
[2023-09-28T10:49:12.440+0000] {logging_mixin.py:151} INFO - [2023-09-28T10:49:12.440+0000] {dag.py:2915} INFO - Sync 6 DAGs
[2023-09-28T10:49:12.466+0000] {logging_mixin.py:151} INFO - [2023-09-28T10:49:12.466+0000] {dag.py:3696} INFO - Setting next_dagrun for dataset_consumes_1 to None, run_after=None
[2023-09-28T10:49:12.470+0000] {logging_mixin.py:151} INFO - [2023-09-28T10:49:12.469+0000] {dag.py:3696} INFO - Setting next_dagrun for dataset_consumes_1_and_2 to None, run_after=None
[2023-09-28T10:49:12.471+0000] {logging_mixin.py:151} INFO - [2023-09-28T10:49:12.471+0000] {dag.py:3696} INFO - Setting next_dagrun for dataset_consumes_1_never_scheduled to None, run_after=None
[2023-09-28T10:49:12.471+0000] {logging_mixin.py:151} INFO - [2023-09-28T10:49:12.471+0000] {dag.py:3696} INFO - Setting next_dagrun for dataset_consumes_unknown_never_scheduled to None, run_after=None
[2023-09-28T10:49:12.474+0000] {logging_mixin.py:151} INFO - [2023-09-28T10:49:12.474+0000] {dag.py:3696} INFO - Setting next_dagrun for dataset_produces_1 to 2023-09-27T00:00:00+00:00, run_after=2023-09-28T00:00:00+00:00
[2023-09-28T10:49:12.475+0000] {logging_mixin.py:151} INFO - [2023-09-28T10:49:12.475+0000] {dag.py:3696} INFO - Setting next_dagrun for dataset_produces_2 to None, run_after=None
[2023-09-28T10:49:12.520+0000] {processor.py:179} INFO - Processing /home/ubuntu/airflow_venv/lib/python3.10/site-packages/airflow/example_dags/example_datasets.py took 0.275 seconds
[2023-09-28T11:05:49.131+0000] {processor.py:157} INFO - Started process (PID=2192) to work on /home/ubuntu/airflow_venv/lib/python3.10/site-packages/airflow/example_dags/example_datasets.py
[2023-09-28T11:05:49.133+0000] {processor.py:829} INFO - Processing file /home/ubuntu/airflow_venv/lib/python3.10/site-packages/airflow/example_dags/example_datasets.py for tasks to queue
[2023-09-28T11:05:49.135+0000] {logging_mixin.py:151} INFO - [2023-09-28T11:05:49.134+0000] {dagbag.py:539} INFO - Filling up the DagBag from /home/ubuntu/airflow_venv/lib/python3.10/site-packages/airflow/example_dags/example_datasets.py
[2023-09-28T11:05:49.146+0000] {processor.py:839} INFO - DAG(s) dict_keys(['dataset_produces_2', 'dataset_consumes_1', 'dataset_consumes_1_and_2', 'dataset_consumes_1_never_scheduled', 'dataset_consumes_unknown_never_scheduled', 'dataset_produces_1']) retrieved from /home/ubuntu/airflow_venv/lib/python3.10/site-packages/airflow/example_dags/example_datasets.py
[2023-09-28T11:05:49.187+0000] {logging_mixin.py:151} INFO - [2023-09-28T11:05:49.187+0000] {dag.py:2915} INFO - Sync 6 DAGs
[2023-09-28T11:05:49.227+0000] {logging_mixin.py:151} INFO - [2023-09-28T11:05:49.227+0000] {dag.py:3696} INFO - Setting next_dagrun for dataset_consumes_1 to None, run_after=None
[2023-09-28T11:05:49.233+0000] {logging_mixin.py:151} INFO - [2023-09-28T11:05:49.233+0000] {dag.py:3696} INFO - Setting next_dagrun for dataset_consumes_1_and_2 to None, run_after=None
[2023-09-28T11:05:49.234+0000] {logging_mixin.py:151} INFO - [2023-09-28T11:05:49.234+0000] {dag.py:3696} INFO - Setting next_dagrun for dataset_consumes_1_never_scheduled to None, run_after=None
[2023-09-28T11:05:49.236+0000] {logging_mixin.py:151} INFO - [2023-09-28T11:05:49.236+0000] {dag.py:3696} INFO - Setting next_dagrun for dataset_consumes_unknown_never_scheduled to None, run_after=None
[2023-09-28T11:05:49.239+0000] {logging_mixin.py:151} INFO - [2023-09-28T11:05:49.238+0000] {dag.py:3696} INFO - Setting next_dagrun for dataset_produces_1 to 2023-09-27T00:00:00+00:00, run_after=2023-09-28T00:00:00+00:00
[2023-09-28T11:05:49.241+0000] {logging_mixin.py:151} INFO - [2023-09-28T11:05:49.241+0000] {dag.py:3696} INFO - Setting next_dagrun for dataset_produces_2 to None, run_after=None
[2023-09-28T11:05:49.270+0000] {processor.py:179} INFO - Processing /home/ubuntu/airflow_venv/lib/python3.10/site-packages/airflow/example_dags/example_datasets.py took 0.144 seconds
[2023-09-28T15:00:53.775+0000] {processor.py:157} INFO - Started process (PID=1808) to work on /home/ubuntu/airflow_venv/lib/python3.10/site-packages/airflow/example_dags/example_datasets.py
[2023-09-28T15:00:53.776+0000] {processor.py:829} INFO - Processing file /home/ubuntu/airflow_venv/lib/python3.10/site-packages/airflow/example_dags/example_datasets.py for tasks to queue
[2023-09-28T15:00:53.777+0000] {logging_mixin.py:151} INFO - [2023-09-28T15:00:53.776+0000] {dagbag.py:539} INFO - Filling up the DagBag from /home/ubuntu/airflow_venv/lib/python3.10/site-packages/airflow/example_dags/example_datasets.py
[2023-09-28T15:00:53.785+0000] {processor.py:839} INFO - DAG(s) dict_keys(['dataset_produces_2', 'dataset_consumes_unknown_never_scheduled', 'dataset_consumes_1_and_2', 'dataset_consumes_1', 'dataset_produces_1', 'dataset_consumes_1_never_scheduled']) retrieved from /home/ubuntu/airflow_venv/lib/python3.10/site-packages/airflow/example_dags/example_datasets.py
[2023-09-28T15:00:53.813+0000] {logging_mixin.py:151} INFO - [2023-09-28T15:00:53.812+0000] {dag.py:2915} INFO - Sync 6 DAGs
[2023-09-28T15:00:53.830+0000] {logging_mixin.py:151} INFO - [2023-09-28T15:00:53.830+0000] {dag.py:3696} INFO - Setting next_dagrun for dataset_consumes_1 to None, run_after=None
[2023-09-28T15:00:53.832+0000] {logging_mixin.py:151} INFO - [2023-09-28T15:00:53.832+0000] {dag.py:3696} INFO - Setting next_dagrun for dataset_consumes_1_and_2 to None, run_after=None
[2023-09-28T15:00:53.833+0000] {logging_mixin.py:151} INFO - [2023-09-28T15:00:53.833+0000] {dag.py:3696} INFO - Setting next_dagrun for dataset_consumes_1_never_scheduled to None, run_after=None
[2023-09-28T15:00:53.834+0000] {logging_mixin.py:151} INFO - [2023-09-28T15:00:53.834+0000] {dag.py:3696} INFO - Setting next_dagrun for dataset_consumes_unknown_never_scheduled to None, run_after=None
[2023-09-28T15:00:53.836+0000] {logging_mixin.py:151} INFO - [2023-09-28T15:00:53.836+0000] {dag.py:3696} INFO - Setting next_dagrun for dataset_produces_1 to 2023-09-27T00:00:00+00:00, run_after=2023-09-28T00:00:00+00:00
[2023-09-28T15:00:53.837+0000] {logging_mixin.py:151} INFO - [2023-09-28T15:00:53.837+0000] {dag.py:3696} INFO - Setting next_dagrun for dataset_produces_2 to None, run_after=None
[2023-09-28T15:00:53.862+0000] {processor.py:179} INFO - Processing /home/ubuntu/airflow_venv/lib/python3.10/site-packages/airflow/example_dags/example_datasets.py took 0.090 seconds
[2023-09-28T15:01:44.827+0000] {processor.py:157} INFO - Started process (PID=1856) to work on /home/ubuntu/airflow_venv/lib/python3.10/site-packages/airflow/example_dags/example_datasets.py
[2023-09-28T15:01:44.828+0000] {processor.py:829} INFO - Processing file /home/ubuntu/airflow_venv/lib/python3.10/site-packages/airflow/example_dags/example_datasets.py for tasks to queue
[2023-09-28T15:01:44.829+0000] {logging_mixin.py:151} INFO - [2023-09-28T15:01:44.828+0000] {dagbag.py:539} INFO - Filling up the DagBag from /home/ubuntu/airflow_venv/lib/python3.10/site-packages/airflow/example_dags/example_datasets.py
[2023-09-28T15:01:44.838+0000] {processor.py:839} INFO - DAG(s) dict_keys(['dataset_consumes_1_never_scheduled', 'dataset_consumes_1_and_2', 'dataset_produces_2', 'dataset_produces_1', 'dataset_consumes_unknown_never_scheduled', 'dataset_consumes_1']) retrieved from /home/ubuntu/airflow_venv/lib/python3.10/site-packages/airflow/example_dags/example_datasets.py
[2023-09-28T15:01:44.867+0000] {logging_mixin.py:151} INFO - [2023-09-28T15:01:44.867+0000] {dag.py:2915} INFO - Sync 6 DAGs
[2023-09-28T15:01:45.036+0000] {logging_mixin.py:151} INFO - [2023-09-28T15:01:45.036+0000] {dag.py:3696} INFO - Setting next_dagrun for dataset_consumes_1 to None, run_after=None
[2023-09-28T15:01:45.039+0000] {logging_mixin.py:151} INFO - [2023-09-28T15:01:45.039+0000] {dag.py:3696} INFO - Setting next_dagrun for dataset_consumes_1_and_2 to None, run_after=None
[2023-09-28T15:01:45.040+0000] {logging_mixin.py:151} INFO - [2023-09-28T15:01:45.040+0000] {dag.py:3696} INFO - Setting next_dagrun for dataset_consumes_1_never_scheduled to None, run_after=None
[2023-09-28T15:01:45.041+0000] {logging_mixin.py:151} INFO - [2023-09-28T15:01:45.041+0000] {dag.py:3696} INFO - Setting next_dagrun for dataset_consumes_unknown_never_scheduled to None, run_after=None
[2023-09-28T15:01:45.043+0000] {logging_mixin.py:151} INFO - [2023-09-28T15:01:45.043+0000] {dag.py:3696} INFO - Setting next_dagrun for dataset_produces_1 to 2023-09-27T00:00:00+00:00, run_after=2023-09-28T00:00:00+00:00
[2023-09-28T15:01:45.044+0000] {logging_mixin.py:151} INFO - [2023-09-28T15:01:45.044+0000] {dag.py:3696} INFO - Setting next_dagrun for dataset_produces_2 to None, run_after=None
[2023-09-28T15:01:45.070+0000] {processor.py:179} INFO - Processing /home/ubuntu/airflow_venv/lib/python3.10/site-packages/airflow/example_dags/example_datasets.py took 0.247 seconds
[2023-09-28T15:17:58.232+0000] {processor.py:157} INFO - Started process (PID=3225) to work on /home/ubuntu/airflow_venv/lib/python3.10/site-packages/airflow/example_dags/example_datasets.py
[2023-09-28T15:17:58.234+0000] {processor.py:829} INFO - Processing file /home/ubuntu/airflow_venv/lib/python3.10/site-packages/airflow/example_dags/example_datasets.py for tasks to queue
[2023-09-28T15:17:58.235+0000] {logging_mixin.py:151} INFO - [2023-09-28T15:17:58.235+0000] {dagbag.py:539} INFO - Filling up the DagBag from /home/ubuntu/airflow_venv/lib/python3.10/site-packages/airflow/example_dags/example_datasets.py
[2023-09-28T15:17:58.246+0000] {processor.py:839} INFO - DAG(s) dict_keys(['dataset_produces_1', 'dataset_produces_2', 'dataset_consumes_1_never_scheduled', 'dataset_consumes_unknown_never_scheduled', 'dataset_consumes_1_and_2', 'dataset_consumes_1']) retrieved from /home/ubuntu/airflow_venv/lib/python3.10/site-packages/airflow/example_dags/example_datasets.py
[2023-09-28T15:17:58.276+0000] {logging_mixin.py:151} INFO - [2023-09-28T15:17:58.276+0000] {dag.py:2915} INFO - Sync 6 DAGs
[2023-09-28T15:17:58.297+0000] {logging_mixin.py:151} INFO - [2023-09-28T15:17:58.297+0000] {dag.py:3696} INFO - Setting next_dagrun for dataset_consumes_1 to None, run_after=None
[2023-09-28T15:17:58.300+0000] {logging_mixin.py:151} INFO - [2023-09-28T15:17:58.299+0000] {dag.py:3696} INFO - Setting next_dagrun for dataset_consumes_1_and_2 to None, run_after=None
[2023-09-28T15:17:58.301+0000] {logging_mixin.py:151} INFO - [2023-09-28T15:17:58.300+0000] {dag.py:3696} INFO - Setting next_dagrun for dataset_consumes_1_never_scheduled to None, run_after=None
[2023-09-28T15:17:58.301+0000] {logging_mixin.py:151} INFO - [2023-09-28T15:17:58.301+0000] {dag.py:3696} INFO - Setting next_dagrun for dataset_consumes_unknown_never_scheduled to None, run_after=None
[2023-09-28T15:17:58.304+0000] {logging_mixin.py:151} INFO - [2023-09-28T15:17:58.304+0000] {dag.py:3696} INFO - Setting next_dagrun for dataset_produces_1 to 2023-09-27T00:00:00+00:00, run_after=2023-09-28T00:00:00+00:00
[2023-09-28T15:17:58.305+0000] {logging_mixin.py:151} INFO - [2023-09-28T15:17:58.304+0000] {dag.py:3696} INFO - Setting next_dagrun for dataset_produces_2 to None, run_after=None
[2023-09-28T15:17:58.334+0000] {processor.py:179} INFO - Processing /home/ubuntu/airflow_venv/lib/python3.10/site-packages/airflow/example_dags/example_datasets.py took 0.104 seconds
[2023-09-28T15:23:58.588+0000] {processor.py:157} INFO - Started process (PID=3440) to work on /home/ubuntu/airflow_venv/lib/python3.10/site-packages/airflow/example_dags/example_datasets.py
[2023-09-28T15:23:58.589+0000] {processor.py:829} INFO - Processing file /home/ubuntu/airflow_venv/lib/python3.10/site-packages/airflow/example_dags/example_datasets.py for tasks to queue
[2023-09-28T15:23:58.590+0000] {logging_mixin.py:151} INFO - [2023-09-28T15:23:58.590+0000] {dagbag.py:539} INFO - Filling up the DagBag from /home/ubuntu/airflow_venv/lib/python3.10/site-packages/airflow/example_dags/example_datasets.py
[2023-09-28T15:23:58.600+0000] {processor.py:839} INFO - DAG(s) dict_keys(['dataset_consumes_1_and_2', 'dataset_consumes_unknown_never_scheduled', 'dataset_consumes_1_never_scheduled', 'dataset_consumes_1', 'dataset_produces_1', 'dataset_produces_2']) retrieved from /home/ubuntu/airflow_venv/lib/python3.10/site-packages/airflow/example_dags/example_datasets.py
[2023-09-28T15:23:58.628+0000] {logging_mixin.py:151} INFO - [2023-09-28T15:23:58.628+0000] {dag.py:2915} INFO - Sync 6 DAGs
[2023-09-28T15:23:58.647+0000] {logging_mixin.py:151} INFO - [2023-09-28T15:23:58.647+0000] {dag.py:3696} INFO - Setting next_dagrun for dataset_consumes_1 to None, run_after=None
[2023-09-28T15:23:58.649+0000] {logging_mixin.py:151} INFO - [2023-09-28T15:23:58.649+0000] {dag.py:3696} INFO - Setting next_dagrun for dataset_consumes_1_and_2 to None, run_after=None
[2023-09-28T15:23:58.650+0000] {logging_mixin.py:151} INFO - [2023-09-28T15:23:58.650+0000] {dag.py:3696} INFO - Setting next_dagrun for dataset_consumes_1_never_scheduled to None, run_after=None
[2023-09-28T15:23:58.651+0000] {logging_mixin.py:151} INFO - [2023-09-28T15:23:58.651+0000] {dag.py:3696} INFO - Setting next_dagrun for dataset_consumes_unknown_never_scheduled to None, run_after=None
[2023-09-28T15:23:58.653+0000] {logging_mixin.py:151} INFO - [2023-09-28T15:23:58.653+0000] {dag.py:3696} INFO - Setting next_dagrun for dataset_produces_1 to 2023-09-27T00:00:00+00:00, run_after=2023-09-28T00:00:00+00:00
[2023-09-28T15:23:58.654+0000] {logging_mixin.py:151} INFO - [2023-09-28T15:23:58.654+0000] {dag.py:3696} INFO - Setting next_dagrun for dataset_produces_2 to None, run_after=None
[2023-09-28T15:23:58.682+0000] {processor.py:179} INFO - Processing /home/ubuntu/airflow_venv/lib/python3.10/site-packages/airflow/example_dags/example_datasets.py took 0.097 seconds
[2023-09-28T15:24:47.420+0000] {processor.py:157} INFO - Started process (PID=3491) to work on /home/ubuntu/airflow_venv/lib/python3.10/site-packages/airflow/example_dags/example_datasets.py
[2023-09-28T15:24:47.421+0000] {processor.py:829} INFO - Processing file /home/ubuntu/airflow_venv/lib/python3.10/site-packages/airflow/example_dags/example_datasets.py for tasks to queue
[2023-09-28T15:24:47.423+0000] {logging_mixin.py:151} INFO - [2023-09-28T15:24:47.422+0000] {dagbag.py:539} INFO - Filling up the DagBag from /home/ubuntu/airflow_venv/lib/python3.10/site-packages/airflow/example_dags/example_datasets.py
[2023-09-28T15:24:47.437+0000] {processor.py:839} INFO - DAG(s) dict_keys(['dataset_consumes_unknown_never_scheduled', 'dataset_consumes_1_and_2', 'dataset_consumes_1', 'dataset_consumes_1_never_scheduled', 'dataset_produces_2', 'dataset_produces_1']) retrieved from /home/ubuntu/airflow_venv/lib/python3.10/site-packages/airflow/example_dags/example_datasets.py
[2023-09-28T15:24:47.479+0000] {logging_mixin.py:151} INFO - [2023-09-28T15:24:47.477+0000] {dag.py:2915} INFO - Sync 6 DAGs
[2023-09-28T15:24:47.708+0000] {logging_mixin.py:151} INFO - [2023-09-28T15:24:47.708+0000] {dag.py:3696} INFO - Setting next_dagrun for dataset_consumes_1 to None, run_after=None
[2023-09-28T15:24:47.711+0000] {logging_mixin.py:151} INFO - [2023-09-28T15:24:47.711+0000] {dag.py:3696} INFO - Setting next_dagrun for dataset_consumes_1_and_2 to None, run_after=None
[2023-09-28T15:24:47.717+0000] {logging_mixin.py:151} INFO - [2023-09-28T15:24:47.717+0000] {dag.py:3696} INFO - Setting next_dagrun for dataset_consumes_1_never_scheduled to None, run_after=None
[2023-09-28T15:24:47.719+0000] {logging_mixin.py:151} INFO - [2023-09-28T15:24:47.718+0000] {dag.py:3696} INFO - Setting next_dagrun for dataset_consumes_unknown_never_scheduled to None, run_after=None
[2023-09-28T15:24:47.722+0000] {logging_mixin.py:151} INFO - [2023-09-28T15:24:47.722+0000] {dag.py:3696} INFO - Setting next_dagrun for dataset_produces_1 to 2023-09-27T00:00:00+00:00, run_after=2023-09-28T00:00:00+00:00
[2023-09-28T15:24:47.723+0000] {logging_mixin.py:151} INFO - [2023-09-28T15:24:47.723+0000] {dag.py:3696} INFO - Setting next_dagrun for dataset_produces_2 to None, run_after=None
[2023-09-28T15:24:47.758+0000] {processor.py:179} INFO - Processing /home/ubuntu/airflow_venv/lib/python3.10/site-packages/airflow/example_dags/example_datasets.py took 0.342 seconds
[2023-09-28T15:28:30.010+0000] {processor.py:157} INFO - Started process (PID=3600) to work on /home/ubuntu/airflow_venv/lib/python3.10/site-packages/airflow/example_dags/example_datasets.py
[2023-09-28T15:28:30.011+0000] {processor.py:829} INFO - Processing file /home/ubuntu/airflow_venv/lib/python3.10/site-packages/airflow/example_dags/example_datasets.py for tasks to queue
[2023-09-28T15:28:30.012+0000] {logging_mixin.py:151} INFO - [2023-09-28T15:28:30.012+0000] {dagbag.py:539} INFO - Filling up the DagBag from /home/ubuntu/airflow_venv/lib/python3.10/site-packages/airflow/example_dags/example_datasets.py
[2023-09-28T15:28:30.022+0000] {processor.py:839} INFO - DAG(s) dict_keys(['dataset_consumes_1', 'dataset_consumes_1_and_2', 'dataset_consumes_unknown_never_scheduled', 'dataset_consumes_1_never_scheduled', 'dataset_produces_2', 'dataset_produces_1']) retrieved from /home/ubuntu/airflow_venv/lib/python3.10/site-packages/airflow/example_dags/example_datasets.py
[2023-09-28T15:28:30.051+0000] {logging_mixin.py:151} INFO - [2023-09-28T15:28:30.051+0000] {dag.py:2915} INFO - Sync 6 DAGs
[2023-09-28T15:28:30.070+0000] {logging_mixin.py:151} INFO - [2023-09-28T15:28:30.070+0000] {dag.py:3696} INFO - Setting next_dagrun for dataset_consumes_1 to None, run_after=None
[2023-09-28T15:28:30.072+0000] {logging_mixin.py:151} INFO - [2023-09-28T15:28:30.072+0000] {dag.py:3696} INFO - Setting next_dagrun for dataset_consumes_1_and_2 to None, run_after=None
[2023-09-28T15:28:30.073+0000] {logging_mixin.py:151} INFO - [2023-09-28T15:28:30.073+0000] {dag.py:3696} INFO - Setting next_dagrun for dataset_consumes_1_never_scheduled to None, run_after=None
[2023-09-28T15:28:30.075+0000] {logging_mixin.py:151} INFO - [2023-09-28T15:28:30.074+0000] {dag.py:3696} INFO - Setting next_dagrun for dataset_consumes_unknown_never_scheduled to None, run_after=None
[2023-09-28T15:28:30.077+0000] {logging_mixin.py:151} INFO - [2023-09-28T15:28:30.077+0000] {dag.py:3696} INFO - Setting next_dagrun for dataset_produces_1 to 2023-09-27T00:00:00+00:00, run_after=2023-09-28T00:00:00+00:00
[2023-09-28T15:28:30.078+0000] {logging_mixin.py:151} INFO - [2023-09-28T15:28:30.078+0000] {dag.py:3696} INFO - Setting next_dagrun for dataset_produces_2 to None, run_after=None
[2023-09-28T15:28:30.107+0000] {processor.py:179} INFO - Processing /home/ubuntu/airflow_venv/lib/python3.10/site-packages/airflow/example_dags/example_datasets.py took 0.101 seconds
