[2023-09-28T10:47:39.989+0000] {processor.py:157} INFO - Started process (PID=1485) to work on /home/ubuntu/airflow_venv/lib/python3.10/site-packages/airflow/example_dags/example_bash_operator.py
[2023-09-28T10:47:39.990+0000] {processor.py:829} INFO - Processing file /home/ubuntu/airflow_venv/lib/python3.10/site-packages/airflow/example_dags/example_bash_operator.py for tasks to queue
[2023-09-28T10:47:39.991+0000] {logging_mixin.py:151} INFO - [2023-09-28T10:47:39.991+0000] {dagbag.py:539} INFO - Filling up the DagBag from /home/ubuntu/airflow_venv/lib/python3.10/site-packages/airflow/example_dags/example_bash_operator.py
[2023-09-28T10:47:40.003+0000] {processor.py:839} INFO - DAG(s) dict_keys(['example_bash_operator']) retrieved from /home/ubuntu/airflow_venv/lib/python3.10/site-packages/airflow/example_dags/example_bash_operator.py
[2023-09-28T10:47:40.036+0000] {logging_mixin.py:151} INFO - [2023-09-28T10:47:40.036+0000] {dag.py:2915} INFO - Sync 1 DAGs
[2023-09-28T10:47:40.060+0000] {logging_mixin.py:151} INFO - [2023-09-28T10:47:40.060+0000] {dag.py:3696} INFO - Setting next_dagrun for example_bash_operator to 2023-09-27T00:00:00+00:00, run_after=2023-09-28T00:00:00+00:00
[2023-09-28T10:47:40.083+0000] {processor.py:179} INFO - Processing /home/ubuntu/airflow_venv/lib/python3.10/site-packages/airflow/example_dags/example_bash_operator.py took 0.098 seconds
[2023-09-28T10:48:48.286+0000] {processor.py:157} INFO - Started process (PID=1549) to work on /home/ubuntu/airflow_venv/lib/python3.10/site-packages/airflow/example_dags/example_bash_operator.py
[2023-09-28T10:48:48.287+0000] {processor.py:829} INFO - Processing file /home/ubuntu/airflow_venv/lib/python3.10/site-packages/airflow/example_dags/example_bash_operator.py for tasks to queue
[2023-09-28T10:48:48.288+0000] {logging_mixin.py:151} INFO - [2023-09-28T10:48:48.288+0000] {dagbag.py:539} INFO - Filling up the DagBag from /home/ubuntu/airflow_venv/lib/python3.10/site-packages/airflow/example_dags/example_bash_operator.py
[2023-09-28T10:48:48.300+0000] {processor.py:839} INFO - DAG(s) dict_keys(['example_bash_operator']) retrieved from /home/ubuntu/airflow_venv/lib/python3.10/site-packages/airflow/example_dags/example_bash_operator.py
[2023-09-28T10:48:48.325+0000] {logging_mixin.py:151} INFO - [2023-09-28T10:48:48.325+0000] {dag.py:2915} INFO - Sync 1 DAGs
[2023-09-28T10:48:48.519+0000] {logging_mixin.py:151} INFO - [2023-09-28T10:48:48.518+0000] {dag.py:3696} INFO - Setting next_dagrun for example_bash_operator to 2023-09-27T00:00:00+00:00, run_after=2023-09-28T00:00:00+00:00
[2023-09-28T10:48:48.540+0000] {processor.py:179} INFO - Processing /home/ubuntu/airflow_venv/lib/python3.10/site-packages/airflow/example_dags/example_bash_operator.py took 0.257 seconds
[2023-09-28T11:06:05.294+0000] {processor.py:157} INFO - Started process (PID=2210) to work on /home/ubuntu/airflow_venv/lib/python3.10/site-packages/airflow/example_dags/example_bash_operator.py
[2023-09-28T11:06:05.295+0000] {processor.py:829} INFO - Processing file /home/ubuntu/airflow_venv/lib/python3.10/site-packages/airflow/example_dags/example_bash_operator.py for tasks to queue
[2023-09-28T11:06:05.296+0000] {logging_mixin.py:151} INFO - [2023-09-28T11:06:05.296+0000] {dagbag.py:539} INFO - Filling up the DagBag from /home/ubuntu/airflow_venv/lib/python3.10/site-packages/airflow/example_dags/example_bash_operator.py
[2023-09-28T11:06:05.309+0000] {processor.py:839} INFO - DAG(s) dict_keys(['example_bash_operator']) retrieved from /home/ubuntu/airflow_venv/lib/python3.10/site-packages/airflow/example_dags/example_bash_operator.py
[2023-09-28T11:06:05.333+0000] {logging_mixin.py:151} INFO - [2023-09-28T11:06:05.332+0000] {dag.py:2915} INFO - Sync 1 DAGs
[2023-09-28T11:06:05.356+0000] {logging_mixin.py:151} INFO - [2023-09-28T11:06:05.355+0000] {dag.py:3696} INFO - Setting next_dagrun for example_bash_operator to 2023-09-27T00:00:00+00:00, run_after=2023-09-28T00:00:00+00:00
[2023-09-28T11:06:05.377+0000] {processor.py:179} INFO - Processing /home/ubuntu/airflow_venv/lib/python3.10/site-packages/airflow/example_dags/example_bash_operator.py took 0.086 seconds
[2023-09-28T15:01:09.708+0000] {processor.py:157} INFO - Started process (PID=1823) to work on /home/ubuntu/airflow_venv/lib/python3.10/site-packages/airflow/example_dags/example_bash_operator.py
[2023-09-28T15:01:09.709+0000] {processor.py:829} INFO - Processing file /home/ubuntu/airflow_venv/lib/python3.10/site-packages/airflow/example_dags/example_bash_operator.py for tasks to queue
[2023-09-28T15:01:09.710+0000] {logging_mixin.py:151} INFO - [2023-09-28T15:01:09.709+0000] {dagbag.py:539} INFO - Filling up the DagBag from /home/ubuntu/airflow_venv/lib/python3.10/site-packages/airflow/example_dags/example_bash_operator.py
[2023-09-28T15:01:09.721+0000] {processor.py:839} INFO - DAG(s) dict_keys(['example_bash_operator']) retrieved from /home/ubuntu/airflow_venv/lib/python3.10/site-packages/airflow/example_dags/example_bash_operator.py
[2023-09-28T15:01:09.744+0000] {logging_mixin.py:151} INFO - [2023-09-28T15:01:09.744+0000] {dag.py:2915} INFO - Sync 1 DAGs
[2023-09-28T15:01:09.764+0000] {logging_mixin.py:151} INFO - [2023-09-28T15:01:09.763+0000] {dag.py:3696} INFO - Setting next_dagrun for example_bash_operator to 2023-09-27T00:00:00+00:00, run_after=2023-09-28T00:00:00+00:00
[2023-09-28T15:01:09.784+0000] {processor.py:179} INFO - Processing /home/ubuntu/airflow_venv/lib/python3.10/site-packages/airflow/example_dags/example_bash_operator.py took 0.079 seconds
[2023-09-28T15:18:13.741+0000] {processor.py:157} INFO - Started process (PID=3243) to work on /home/ubuntu/airflow_venv/lib/python3.10/site-packages/airflow/example_dags/example_bash_operator.py
[2023-09-28T15:18:13.742+0000] {processor.py:829} INFO - Processing file /home/ubuntu/airflow_venv/lib/python3.10/site-packages/airflow/example_dags/example_bash_operator.py for tasks to queue
[2023-09-28T15:18:13.743+0000] {logging_mixin.py:151} INFO - [2023-09-28T15:18:13.743+0000] {dagbag.py:539} INFO - Filling up the DagBag from /home/ubuntu/airflow_venv/lib/python3.10/site-packages/airflow/example_dags/example_bash_operator.py
[2023-09-28T15:18:13.756+0000] {processor.py:839} INFO - DAG(s) dict_keys(['example_bash_operator']) retrieved from /home/ubuntu/airflow_venv/lib/python3.10/site-packages/airflow/example_dags/example_bash_operator.py
[2023-09-28T15:18:13.784+0000] {logging_mixin.py:151} INFO - [2023-09-28T15:18:13.784+0000] {dag.py:2915} INFO - Sync 1 DAGs
[2023-09-28T15:18:13.804+0000] {logging_mixin.py:151} INFO - [2023-09-28T15:18:13.804+0000] {dag.py:3696} INFO - Setting next_dagrun for example_bash_operator to 2023-09-27T00:00:00+00:00, run_after=2023-09-28T00:00:00+00:00
[2023-09-28T15:18:13.824+0000] {processor.py:179} INFO - Processing /home/ubuntu/airflow_venv/lib/python3.10/site-packages/airflow/example_dags/example_bash_operator.py took 0.086 seconds
[2023-09-28T15:24:13.167+0000] {processor.py:157} INFO - Started process (PID=3458) to work on /home/ubuntu/airflow_venv/lib/python3.10/site-packages/airflow/example_dags/example_bash_operator.py
[2023-09-28T15:24:13.169+0000] {processor.py:829} INFO - Processing file /home/ubuntu/airflow_venv/lib/python3.10/site-packages/airflow/example_dags/example_bash_operator.py for tasks to queue
[2023-09-28T15:24:13.170+0000] {logging_mixin.py:151} INFO - [2023-09-28T15:24:13.169+0000] {dagbag.py:539} INFO - Filling up the DagBag from /home/ubuntu/airflow_venv/lib/python3.10/site-packages/airflow/example_dags/example_bash_operator.py
[2023-09-28T15:24:13.192+0000] {processor.py:839} INFO - DAG(s) dict_keys(['example_bash_operator']) retrieved from /home/ubuntu/airflow_venv/lib/python3.10/site-packages/airflow/example_dags/example_bash_operator.py
[2023-09-28T15:24:13.218+0000] {logging_mixin.py:151} INFO - [2023-09-28T15:24:13.218+0000] {dag.py:2915} INFO - Sync 1 DAGs
[2023-09-28T15:24:13.238+0000] {logging_mixin.py:151} INFO - [2023-09-28T15:24:13.238+0000] {dag.py:3696} INFO - Setting next_dagrun for example_bash_operator to 2023-09-27T00:00:00+00:00, run_after=2023-09-28T00:00:00+00:00
[2023-09-28T15:24:13.261+0000] {processor.py:179} INFO - Processing /home/ubuntu/airflow_venv/lib/python3.10/site-packages/airflow/example_dags/example_bash_operator.py took 0.097 seconds
[2023-09-28T15:25:16.568+0000] {processor.py:157} INFO - Started process (PID=3535) to work on /home/ubuntu/airflow_venv/lib/python3.10/site-packages/airflow/example_dags/example_bash_operator.py
[2023-09-28T15:25:16.569+0000] {processor.py:829} INFO - Processing file /home/ubuntu/airflow_venv/lib/python3.10/site-packages/airflow/example_dags/example_bash_operator.py for tasks to queue
[2023-09-28T15:25:16.571+0000] {logging_mixin.py:151} INFO - [2023-09-28T15:25:16.570+0000] {dagbag.py:539} INFO - Filling up the DagBag from /home/ubuntu/airflow_venv/lib/python3.10/site-packages/airflow/example_dags/example_bash_operator.py
[2023-09-28T15:25:16.586+0000] {processor.py:839} INFO - DAG(s) dict_keys(['example_bash_operator']) retrieved from /home/ubuntu/airflow_venv/lib/python3.10/site-packages/airflow/example_dags/example_bash_operator.py
[2023-09-28T15:25:16.653+0000] {logging_mixin.py:151} INFO - [2023-09-28T15:25:16.653+0000] {dag.py:2915} INFO - Sync 1 DAGs
[2023-09-28T15:25:16.949+0000] {logging_mixin.py:151} INFO - [2023-09-28T15:25:16.948+0000] {dag.py:3696} INFO - Setting next_dagrun for example_bash_operator to 2023-09-27T00:00:00+00:00, run_after=2023-09-28T00:00:00+00:00
[2023-09-28T15:25:16.998+0000] {processor.py:179} INFO - Processing /home/ubuntu/airflow_venv/lib/python3.10/site-packages/airflow/example_dags/example_bash_operator.py took 0.434 seconds
