[2023-09-28T09:28:25.406+0000] {processor.py:157} INFO - Started process (PID=51150) to work on /home/ubuntu/airflow_venv/lib/python3.10/site-packages/airflow/example_dags/example_dynamic_task_mapping.py
[2023-09-28T09:28:25.407+0000] {processor.py:829} INFO - Processing file /home/ubuntu/airflow_venv/lib/python3.10/site-packages/airflow/example_dags/example_dynamic_task_mapping.py for tasks to queue
[2023-09-28T09:28:25.407+0000] {logging_mixin.py:151} INFO - [2023-09-28T09:28:25.407+0000] {dagbag.py:539} INFO - Filling up the DagBag from /home/ubuntu/airflow_venv/lib/python3.10/site-packages/airflow/example_dags/example_dynamic_task_mapping.py
[2023-09-28T09:28:25.416+0000] {processor.py:839} INFO - DAG(s) dict_keys(['example_dynamic_task_mapping']) retrieved from /home/ubuntu/airflow_venv/lib/python3.10/site-packages/airflow/example_dags/example_dynamic_task_mapping.py
[2023-09-28T09:28:25.436+0000] {logging_mixin.py:151} INFO - [2023-09-28T09:28:25.436+0000] {dag.py:2915} INFO - Sync 1 DAGs
[2023-09-28T09:28:25.455+0000] {logging_mixin.py:151} INFO - [2023-09-28T09:28:25.455+0000] {dag.py:3696} INFO - Setting next_dagrun for example_dynamic_task_mapping to 2022-03-04T00:00:00+00:00, run_after=2022-03-05T00:00:00+00:00
[2023-09-28T09:28:25.476+0000] {processor.py:179} INFO - Processing /home/ubuntu/airflow_venv/lib/python3.10/site-packages/airflow/example_dags/example_dynamic_task_mapping.py took 0.073 seconds
[2023-09-28T10:47:26.917+0000] {processor.py:157} INFO - Started process (PID=1472) to work on /home/ubuntu/airflow_venv/lib/python3.10/site-packages/airflow/example_dags/example_dynamic_task_mapping.py
[2023-09-28T10:47:26.918+0000] {processor.py:829} INFO - Processing file /home/ubuntu/airflow_venv/lib/python3.10/site-packages/airflow/example_dags/example_dynamic_task_mapping.py for tasks to queue
[2023-09-28T10:47:26.920+0000] {logging_mixin.py:151} INFO - [2023-09-28T10:47:26.919+0000] {dagbag.py:539} INFO - Filling up the DagBag from /home/ubuntu/airflow_venv/lib/python3.10/site-packages/airflow/example_dags/example_dynamic_task_mapping.py
[2023-09-28T10:47:26.938+0000] {processor.py:839} INFO - DAG(s) dict_keys(['example_dynamic_task_mapping']) retrieved from /home/ubuntu/airflow_venv/lib/python3.10/site-packages/airflow/example_dags/example_dynamic_task_mapping.py
[2023-09-28T10:47:26.959+0000] {logging_mixin.py:151} INFO - [2023-09-28T10:47:26.959+0000] {dag.py:2915} INFO - Sync 1 DAGs
[2023-09-28T10:47:26.978+0000] {logging_mixin.py:151} INFO - [2023-09-28T10:47:26.978+0000] {dag.py:3696} INFO - Setting next_dagrun for example_dynamic_task_mapping to 2022-03-04T00:00:00+00:00, run_after=2022-03-05T00:00:00+00:00
[2023-09-28T10:47:27.003+0000] {processor.py:179} INFO - Processing /home/ubuntu/airflow_venv/lib/python3.10/site-packages/airflow/example_dags/example_dynamic_task_mapping.py took 0.090 seconds
[2023-09-28T10:48:19.127+0000] {processor.py:157} INFO - Started process (PID=1521) to work on /home/ubuntu/airflow_venv/lib/python3.10/site-packages/airflow/example_dags/example_dynamic_task_mapping.py
[2023-09-28T10:48:19.129+0000] {processor.py:829} INFO - Processing file /home/ubuntu/airflow_venv/lib/python3.10/site-packages/airflow/example_dags/example_dynamic_task_mapping.py for tasks to queue
[2023-09-28T10:48:19.129+0000] {logging_mixin.py:151} INFO - [2023-09-28T10:48:19.129+0000] {dagbag.py:539} INFO - Filling up the DagBag from /home/ubuntu/airflow_venv/lib/python3.10/site-packages/airflow/example_dags/example_dynamic_task_mapping.py
[2023-09-28T10:48:19.137+0000] {processor.py:839} INFO - DAG(s) dict_keys(['example_dynamic_task_mapping']) retrieved from /home/ubuntu/airflow_venv/lib/python3.10/site-packages/airflow/example_dags/example_dynamic_task_mapping.py
[2023-09-28T10:48:19.152+0000] {logging_mixin.py:151} INFO - [2023-09-28T10:48:19.152+0000] {dag.py:2915} INFO - Sync 1 DAGs
[2023-09-28T10:48:19.325+0000] {logging_mixin.py:151} INFO - [2023-09-28T10:48:19.325+0000] {dag.py:3696} INFO - Setting next_dagrun for example_dynamic_task_mapping to 2022-03-04T00:00:00+00:00, run_after=2022-03-05T00:00:00+00:00
[2023-09-28T10:48:19.344+0000] {processor.py:179} INFO - Processing /home/ubuntu/airflow_venv/lib/python3.10/site-packages/airflow/example_dags/example_dynamic_task_mapping.py took 0.220 seconds
[2023-09-28T10:49:14.914+0000] {processor.py:157} INFO - Started process (PID=1571) to work on /home/ubuntu/airflow_venv/lib/python3.10/site-packages/airflow/example_dags/example_dynamic_task_mapping.py
[2023-09-28T10:49:14.915+0000] {processor.py:829} INFO - Processing file /home/ubuntu/airflow_venv/lib/python3.10/site-packages/airflow/example_dags/example_dynamic_task_mapping.py for tasks to queue
[2023-09-28T10:49:14.916+0000] {logging_mixin.py:151} INFO - [2023-09-28T10:49:14.916+0000] {dagbag.py:539} INFO - Filling up the DagBag from /home/ubuntu/airflow_venv/lib/python3.10/site-packages/airflow/example_dags/example_dynamic_task_mapping.py
[2023-09-28T10:49:15.096+0000] {processor.py:839} INFO - DAG(s) dict_keys(['example_dynamic_task_mapping']) retrieved from /home/ubuntu/airflow_venv/lib/python3.10/site-packages/airflow/example_dags/example_dynamic_task_mapping.py
[2023-09-28T10:49:15.107+0000] {logging_mixin.py:151} INFO - [2023-09-28T10:49:15.107+0000] {dag.py:2915} INFO - Sync 1 DAGs
[2023-09-28T10:49:15.124+0000] {logging_mixin.py:151} INFO - [2023-09-28T10:49:15.123+0000] {dag.py:3696} INFO - Setting next_dagrun for example_dynamic_task_mapping to 2022-03-04T00:00:00+00:00, run_after=2022-03-05T00:00:00+00:00
[2023-09-28T10:49:15.143+0000] {processor.py:179} INFO - Processing /home/ubuntu/airflow_venv/lib/python3.10/site-packages/airflow/example_dags/example_dynamic_task_mapping.py took 0.232 seconds
[2023-09-28T11:05:51.055+0000] {processor.py:157} INFO - Started process (PID=2194) to work on /home/ubuntu/airflow_venv/lib/python3.10/site-packages/airflow/example_dags/example_dynamic_task_mapping.py
[2023-09-28T11:05:51.057+0000] {processor.py:829} INFO - Processing file /home/ubuntu/airflow_venv/lib/python3.10/site-packages/airflow/example_dags/example_dynamic_task_mapping.py for tasks to queue
[2023-09-28T11:05:51.058+0000] {logging_mixin.py:151} INFO - [2023-09-28T11:05:51.057+0000] {dagbag.py:539} INFO - Filling up the DagBag from /home/ubuntu/airflow_venv/lib/python3.10/site-packages/airflow/example_dags/example_dynamic_task_mapping.py
[2023-09-28T11:05:51.067+0000] {processor.py:839} INFO - DAG(s) dict_keys(['example_dynamic_task_mapping']) retrieved from /home/ubuntu/airflow_venv/lib/python3.10/site-packages/airflow/example_dags/example_dynamic_task_mapping.py
[2023-09-28T11:05:51.090+0000] {logging_mixin.py:151} INFO - [2023-09-28T11:05:51.090+0000] {dag.py:2915} INFO - Sync 1 DAGs
[2023-09-28T11:05:51.110+0000] {logging_mixin.py:151} INFO - [2023-09-28T11:05:51.110+0000] {dag.py:3696} INFO - Setting next_dagrun for example_dynamic_task_mapping to 2022-03-04T00:00:00+00:00, run_after=2022-03-05T00:00:00+00:00
[2023-09-28T11:05:51.133+0000] {processor.py:179} INFO - Processing /home/ubuntu/airflow_venv/lib/python3.10/site-packages/airflow/example_dags/example_dynamic_task_mapping.py took 0.084 seconds
[2023-09-28T15:00:55.496+0000] {processor.py:157} INFO - Started process (PID=1810) to work on /home/ubuntu/airflow_venv/lib/python3.10/site-packages/airflow/example_dags/example_dynamic_task_mapping.py
[2023-09-28T15:00:55.497+0000] {processor.py:829} INFO - Processing file /home/ubuntu/airflow_venv/lib/python3.10/site-packages/airflow/example_dags/example_dynamic_task_mapping.py for tasks to queue
[2023-09-28T15:00:55.498+0000] {logging_mixin.py:151} INFO - [2023-09-28T15:00:55.498+0000] {dagbag.py:539} INFO - Filling up the DagBag from /home/ubuntu/airflow_venv/lib/python3.10/site-packages/airflow/example_dags/example_dynamic_task_mapping.py
[2023-09-28T15:00:55.506+0000] {processor.py:839} INFO - DAG(s) dict_keys(['example_dynamic_task_mapping']) retrieved from /home/ubuntu/airflow_venv/lib/python3.10/site-packages/airflow/example_dags/example_dynamic_task_mapping.py
[2023-09-28T15:00:55.523+0000] {logging_mixin.py:151} INFO - [2023-09-28T15:00:55.523+0000] {dag.py:2915} INFO - Sync 1 DAGs
[2023-09-28T15:00:55.542+0000] {logging_mixin.py:151} INFO - [2023-09-28T15:00:55.542+0000] {dag.py:3696} INFO - Setting next_dagrun for example_dynamic_task_mapping to 2022-03-04T00:00:00+00:00, run_after=2022-03-05T00:00:00+00:00
[2023-09-28T15:00:55.561+0000] {processor.py:179} INFO - Processing /home/ubuntu/airflow_venv/lib/python3.10/site-packages/airflow/example_dags/example_dynamic_task_mapping.py took 0.068 seconds
[2023-09-28T15:01:47.135+0000] {processor.py:157} INFO - Started process (PID=1858) to work on /home/ubuntu/airflow_venv/lib/python3.10/site-packages/airflow/example_dags/example_dynamic_task_mapping.py
[2023-09-28T15:01:47.136+0000] {processor.py:829} INFO - Processing file /home/ubuntu/airflow_venv/lib/python3.10/site-packages/airflow/example_dags/example_dynamic_task_mapping.py for tasks to queue
[2023-09-28T15:01:47.137+0000] {logging_mixin.py:151} INFO - [2023-09-28T15:01:47.136+0000] {dagbag.py:539} INFO - Filling up the DagBag from /home/ubuntu/airflow_venv/lib/python3.10/site-packages/airflow/example_dags/example_dynamic_task_mapping.py
[2023-09-28T15:01:47.145+0000] {processor.py:839} INFO - DAG(s) dict_keys(['example_dynamic_task_mapping']) retrieved from /home/ubuntu/airflow_venv/lib/python3.10/site-packages/airflow/example_dags/example_dynamic_task_mapping.py
[2023-09-28T15:01:47.161+0000] {logging_mixin.py:151} INFO - [2023-09-28T15:01:47.160+0000] {dag.py:2915} INFO - Sync 1 DAGs
[2023-09-28T15:01:47.317+0000] {logging_mixin.py:151} INFO - [2023-09-28T15:01:47.317+0000] {dag.py:3696} INFO - Setting next_dagrun for example_dynamic_task_mapping to 2022-03-04T00:00:00+00:00, run_after=2022-03-05T00:00:00+00:00
[2023-09-28T15:01:47.336+0000] {processor.py:179} INFO - Processing /home/ubuntu/airflow_venv/lib/python3.10/site-packages/airflow/example_dags/example_dynamic_task_mapping.py took 0.204 seconds
[2023-09-28T15:17:58.802+0000] {processor.py:157} INFO - Started process (PID=3227) to work on /home/ubuntu/airflow_venv/lib/python3.10/site-packages/airflow/example_dags/example_dynamic_task_mapping.py
[2023-09-28T15:17:58.805+0000] {processor.py:829} INFO - Processing file /home/ubuntu/airflow_venv/lib/python3.10/site-packages/airflow/example_dags/example_dynamic_task_mapping.py for tasks to queue
[2023-09-28T15:17:58.806+0000] {logging_mixin.py:151} INFO - [2023-09-28T15:17:58.805+0000] {dagbag.py:539} INFO - Filling up the DagBag from /home/ubuntu/airflow_venv/lib/python3.10/site-packages/airflow/example_dags/example_dynamic_task_mapping.py
[2023-09-28T15:17:58.815+0000] {processor.py:839} INFO - DAG(s) dict_keys(['example_dynamic_task_mapping']) retrieved from /home/ubuntu/airflow_venv/lib/python3.10/site-packages/airflow/example_dags/example_dynamic_task_mapping.py
[2023-09-28T15:17:58.833+0000] {logging_mixin.py:151} INFO - [2023-09-28T15:17:58.833+0000] {dag.py:2915} INFO - Sync 1 DAGs
[2023-09-28T15:17:58.851+0000] {logging_mixin.py:151} INFO - [2023-09-28T15:17:58.851+0000] {dag.py:3696} INFO - Setting next_dagrun for example_dynamic_task_mapping to 2022-03-04T00:00:00+00:00, run_after=2022-03-05T00:00:00+00:00
[2023-09-28T15:17:58.871+0000] {processor.py:179} INFO - Processing /home/ubuntu/airflow_venv/lib/python3.10/site-packages/airflow/example_dags/example_dynamic_task_mapping.py took 0.072 seconds
[2023-09-28T15:23:59.219+0000] {processor.py:157} INFO - Started process (PID=3442) to work on /home/ubuntu/airflow_venv/lib/python3.10/site-packages/airflow/example_dags/example_dynamic_task_mapping.py
[2023-09-28T15:23:59.221+0000] {processor.py:829} INFO - Processing file /home/ubuntu/airflow_venv/lib/python3.10/site-packages/airflow/example_dags/example_dynamic_task_mapping.py for tasks to queue
[2023-09-28T15:23:59.222+0000] {logging_mixin.py:151} INFO - [2023-09-28T15:23:59.221+0000] {dagbag.py:539} INFO - Filling up the DagBag from /home/ubuntu/airflow_venv/lib/python3.10/site-packages/airflow/example_dags/example_dynamic_task_mapping.py
[2023-09-28T15:23:59.232+0000] {processor.py:839} INFO - DAG(s) dict_keys(['example_dynamic_task_mapping']) retrieved from /home/ubuntu/airflow_venv/lib/python3.10/site-packages/airflow/example_dags/example_dynamic_task_mapping.py
[2023-09-28T15:23:59.253+0000] {logging_mixin.py:151} INFO - [2023-09-28T15:23:59.253+0000] {dag.py:2915} INFO - Sync 1 DAGs
[2023-09-28T15:23:59.274+0000] {logging_mixin.py:151} INFO - [2023-09-28T15:23:59.273+0000] {dag.py:3696} INFO - Setting next_dagrun for example_dynamic_task_mapping to 2022-03-04T00:00:00+00:00, run_after=2022-03-05T00:00:00+00:00
[2023-09-28T15:23:59.295+0000] {processor.py:179} INFO - Processing /home/ubuntu/airflow_venv/lib/python3.10/site-packages/airflow/example_dags/example_dynamic_task_mapping.py took 0.080 seconds
[2023-09-28T15:24:50.015+0000] {processor.py:157} INFO - Started process (PID=3493) to work on /home/ubuntu/airflow_venv/lib/python3.10/site-packages/airflow/example_dags/example_dynamic_task_mapping.py
[2023-09-28T15:24:50.016+0000] {processor.py:829} INFO - Processing file /home/ubuntu/airflow_venv/lib/python3.10/site-packages/airflow/example_dags/example_dynamic_task_mapping.py for tasks to queue
[2023-09-28T15:24:50.017+0000] {logging_mixin.py:151} INFO - [2023-09-28T15:24:50.016+0000] {dagbag.py:539} INFO - Filling up the DagBag from /home/ubuntu/airflow_venv/lib/python3.10/site-packages/airflow/example_dags/example_dynamic_task_mapping.py
[2023-09-28T15:24:50.024+0000] {processor.py:839} INFO - DAG(s) dict_keys(['example_dynamic_task_mapping']) retrieved from /home/ubuntu/airflow_venv/lib/python3.10/site-packages/airflow/example_dags/example_dynamic_task_mapping.py
[2023-09-28T15:24:50.039+0000] {logging_mixin.py:151} INFO - [2023-09-28T15:24:50.038+0000] {dag.py:2915} INFO - Sync 1 DAGs
[2023-09-28T15:24:50.203+0000] {logging_mixin.py:151} INFO - [2023-09-28T15:24:50.202+0000] {dag.py:3696} INFO - Setting next_dagrun for example_dynamic_task_mapping to 2022-03-04T00:00:00+00:00, run_after=2022-03-05T00:00:00+00:00
[2023-09-28T15:24:50.223+0000] {processor.py:179} INFO - Processing /home/ubuntu/airflow_venv/lib/python3.10/site-packages/airflow/example_dags/example_dynamic_task_mapping.py took 0.211 seconds
[2023-09-28T15:28:32.504+0000] {processor.py:157} INFO - Started process (PID=3602) to work on /home/ubuntu/airflow_venv/lib/python3.10/site-packages/airflow/example_dags/example_dynamic_task_mapping.py
[2023-09-28T15:28:32.506+0000] {processor.py:829} INFO - Processing file /home/ubuntu/airflow_venv/lib/python3.10/site-packages/airflow/example_dags/example_dynamic_task_mapping.py for tasks to queue
[2023-09-28T15:28:32.507+0000] {logging_mixin.py:151} INFO - [2023-09-28T15:28:32.507+0000] {dagbag.py:539} INFO - Filling up the DagBag from /home/ubuntu/airflow_venv/lib/python3.10/site-packages/airflow/example_dags/example_dynamic_task_mapping.py
[2023-09-28T15:28:32.516+0000] {processor.py:839} INFO - DAG(s) dict_keys(['example_dynamic_task_mapping']) retrieved from /home/ubuntu/airflow_venv/lib/python3.10/site-packages/airflow/example_dags/example_dynamic_task_mapping.py
[2023-09-28T15:28:32.532+0000] {logging_mixin.py:151} INFO - [2023-09-28T15:28:32.532+0000] {dag.py:2915} INFO - Sync 1 DAGs
[2023-09-28T15:28:32.551+0000] {logging_mixin.py:151} INFO - [2023-09-28T15:28:32.551+0000] {dag.py:3696} INFO - Setting next_dagrun for example_dynamic_task_mapping to 2022-03-04T00:00:00+00:00, run_after=2022-03-05T00:00:00+00:00
[2023-09-28T15:28:32.574+0000] {processor.py:179} INFO - Processing /home/ubuntu/airflow_venv/lib/python3.10/site-packages/airflow/example_dags/example_dynamic_task_mapping.py took 0.073 seconds
