[2023-09-28T10:47:38.732+0000] {processor.py:157} INFO - Started process (PID=1484) to work on /home/ubuntu/airflow_venv/lib/python3.10/site-packages/airflow/example_dags/example_local_kubernetes_executor.py
[2023-09-28T10:47:38.733+0000] {processor.py:829} INFO - Processing file /home/ubuntu/airflow_venv/lib/python3.10/site-packages/airflow/example_dags/example_local_kubernetes_executor.py for tasks to queue
[2023-09-28T10:47:38.734+0000] {logging_mixin.py:151} INFO - [2023-09-28T10:47:38.734+0000] {dagbag.py:539} INFO - Filling up the DagBag from /home/ubuntu/airflow_venv/lib/python3.10/site-packages/airflow/example_dags/example_local_kubernetes_executor.py
[2023-09-28T10:47:38.744+0000] {processor.py:839} INFO - DAG(s) dict_keys(['example_local_kubernetes_executor']) retrieved from /home/ubuntu/airflow_venv/lib/python3.10/site-packages/airflow/example_dags/example_local_kubernetes_executor.py
[2023-09-28T10:47:38.792+0000] {logging_mixin.py:151} INFO - [2023-09-28T10:47:38.791+0000] {dag.py:2915} INFO - Sync 1 DAGs
[2023-09-28T10:47:38.803+0000] {logging_mixin.py:151} INFO - [2023-09-28T10:47:38.802+0000] {dag.py:3696} INFO - Setting next_dagrun for example_local_kubernetes_executor to None, run_after=None
[2023-09-28T10:47:38.824+0000] {processor.py:179} INFO - Processing /home/ubuntu/airflow_venv/lib/python3.10/site-packages/airflow/example_dags/example_local_kubernetes_executor.py took 0.096 seconds
[2023-09-28T10:48:46.936+0000] {processor.py:157} INFO - Started process (PID=1548) to work on /home/ubuntu/airflow_venv/lib/python3.10/site-packages/airflow/example_dags/example_local_kubernetes_executor.py
[2023-09-28T10:48:46.937+0000] {processor.py:829} INFO - Processing file /home/ubuntu/airflow_venv/lib/python3.10/site-packages/airflow/example_dags/example_local_kubernetes_executor.py for tasks to queue
[2023-09-28T10:48:46.938+0000] {logging_mixin.py:151} INFO - [2023-09-28T10:48:46.938+0000] {dagbag.py:539} INFO - Filling up the DagBag from /home/ubuntu/airflow_venv/lib/python3.10/site-packages/airflow/example_dags/example_local_kubernetes_executor.py
[2023-09-28T10:48:46.946+0000] {processor.py:839} INFO - DAG(s) dict_keys(['example_local_kubernetes_executor']) retrieved from /home/ubuntu/airflow_venv/lib/python3.10/site-packages/airflow/example_dags/example_local_kubernetes_executor.py
[2023-09-28T10:48:47.124+0000] {logging_mixin.py:151} INFO - [2023-09-28T10:48:47.124+0000] {dag.py:2915} INFO - Sync 1 DAGs
[2023-09-28T10:48:47.134+0000] {logging_mixin.py:151} INFO - [2023-09-28T10:48:47.134+0000] {dag.py:3696} INFO - Setting next_dagrun for example_local_kubernetes_executor to None, run_after=None
[2023-09-28T10:48:47.152+0000] {processor.py:179} INFO - Processing /home/ubuntu/airflow_venv/lib/python3.10/site-packages/airflow/example_dags/example_local_kubernetes_executor.py took 0.219 seconds
[2023-09-28T10:49:43.726+0000] {processor.py:157} INFO - Started process (PID=1727) to work on /home/ubuntu/airflow_venv/lib/python3.10/site-packages/airflow/example_dags/example_local_kubernetes_executor.py
[2023-09-28T10:49:43.727+0000] {processor.py:829} INFO - Processing file /home/ubuntu/airflow_venv/lib/python3.10/site-packages/airflow/example_dags/example_local_kubernetes_executor.py for tasks to queue
[2023-09-28T10:49:43.728+0000] {logging_mixin.py:151} INFO - [2023-09-28T10:49:43.728+0000] {dagbag.py:539} INFO - Filling up the DagBag from /home/ubuntu/airflow_venv/lib/python3.10/site-packages/airflow/example_dags/example_local_kubernetes_executor.py
[2023-09-28T10:49:43.754+0000] {processor.py:839} INFO - DAG(s) dict_keys(['example_local_kubernetes_executor']) retrieved from /home/ubuntu/airflow_venv/lib/python3.10/site-packages/airflow/example_dags/example_local_kubernetes_executor.py
[2023-09-28T10:49:43.799+0000] {logging_mixin.py:151} INFO - [2023-09-28T10:49:43.798+0000] {dag.py:2915} INFO - Sync 1 DAGs
[2023-09-28T10:49:43.817+0000] {logging_mixin.py:151} INFO - [2023-09-28T10:49:43.817+0000] {dag.py:3696} INFO - Setting next_dagrun for example_local_kubernetes_executor to None, run_after=None
[2023-09-28T10:49:43.884+0000] {processor.py:179} INFO - Processing /home/ubuntu/airflow_venv/lib/python3.10/site-packages/airflow/example_dags/example_local_kubernetes_executor.py took 0.177 seconds
[2023-09-28T11:06:04.047+0000] {processor.py:157} INFO - Started process (PID=2209) to work on /home/ubuntu/airflow_venv/lib/python3.10/site-packages/airflow/example_dags/example_local_kubernetes_executor.py
[2023-09-28T11:06:04.049+0000] {processor.py:829} INFO - Processing file /home/ubuntu/airflow_venv/lib/python3.10/site-packages/airflow/example_dags/example_local_kubernetes_executor.py for tasks to queue
[2023-09-28T11:06:04.050+0000] {logging_mixin.py:151} INFO - [2023-09-28T11:06:04.049+0000] {dagbag.py:539} INFO - Filling up the DagBag from /home/ubuntu/airflow_venv/lib/python3.10/site-packages/airflow/example_dags/example_local_kubernetes_executor.py
[2023-09-28T11:06:04.059+0000] {processor.py:839} INFO - DAG(s) dict_keys(['example_local_kubernetes_executor']) retrieved from /home/ubuntu/airflow_venv/lib/python3.10/site-packages/airflow/example_dags/example_local_kubernetes_executor.py
[2023-09-28T11:06:04.097+0000] {logging_mixin.py:151} INFO - [2023-09-28T11:06:04.097+0000] {dag.py:2915} INFO - Sync 1 DAGs
[2023-09-28T11:06:04.139+0000] {logging_mixin.py:151} INFO - [2023-09-28T11:06:04.139+0000] {dag.py:3696} INFO - Setting next_dagrun for example_local_kubernetes_executor to None, run_after=None
[2023-09-28T11:06:04.165+0000] {processor.py:179} INFO - Processing /home/ubuntu/airflow_venv/lib/python3.10/site-packages/airflow/example_dags/example_local_kubernetes_executor.py took 0.124 seconds
[2023-09-28T15:01:08.556+0000] {processor.py:157} INFO - Started process (PID=1822) to work on /home/ubuntu/airflow_venv/lib/python3.10/site-packages/airflow/example_dags/example_local_kubernetes_executor.py
[2023-09-28T15:01:08.557+0000] {processor.py:829} INFO - Processing file /home/ubuntu/airflow_venv/lib/python3.10/site-packages/airflow/example_dags/example_local_kubernetes_executor.py for tasks to queue
[2023-09-28T15:01:08.558+0000] {logging_mixin.py:151} INFO - [2023-09-28T15:01:08.557+0000] {dagbag.py:539} INFO - Filling up the DagBag from /home/ubuntu/airflow_venv/lib/python3.10/site-packages/airflow/example_dags/example_local_kubernetes_executor.py
[2023-09-28T15:01:08.565+0000] {processor.py:839} INFO - DAG(s) dict_keys(['example_local_kubernetes_executor']) retrieved from /home/ubuntu/airflow_venv/lib/python3.10/site-packages/airflow/example_dags/example_local_kubernetes_executor.py
[2023-09-28T15:01:08.594+0000] {logging_mixin.py:151} INFO - [2023-09-28T15:01:08.594+0000] {dag.py:2915} INFO - Sync 1 DAGs
[2023-09-28T15:01:08.604+0000] {logging_mixin.py:151} INFO - [2023-09-28T15:01:08.604+0000] {dag.py:3696} INFO - Setting next_dagrun for example_local_kubernetes_executor to None, run_after=None
[2023-09-28T15:01:08.624+0000] {processor.py:179} INFO - Processing /home/ubuntu/airflow_venv/lib/python3.10/site-packages/airflow/example_dags/example_local_kubernetes_executor.py took 0.071 seconds
[2023-09-28T15:18:13.085+0000] {processor.py:157} INFO - Started process (PID=3242) to work on /home/ubuntu/airflow_venv/lib/python3.10/site-packages/airflow/example_dags/example_local_kubernetes_executor.py
[2023-09-28T15:18:13.086+0000] {processor.py:829} INFO - Processing file /home/ubuntu/airflow_venv/lib/python3.10/site-packages/airflow/example_dags/example_local_kubernetes_executor.py for tasks to queue
[2023-09-28T15:18:13.088+0000] {logging_mixin.py:151} INFO - [2023-09-28T15:18:13.087+0000] {dagbag.py:539} INFO - Filling up the DagBag from /home/ubuntu/airflow_venv/lib/python3.10/site-packages/airflow/example_dags/example_local_kubernetes_executor.py
[2023-09-28T15:18:13.099+0000] {processor.py:839} INFO - DAG(s) dict_keys(['example_local_kubernetes_executor']) retrieved from /home/ubuntu/airflow_venv/lib/python3.10/site-packages/airflow/example_dags/example_local_kubernetes_executor.py
[2023-09-28T15:18:13.162+0000] {logging_mixin.py:151} INFO - [2023-09-28T15:18:13.161+0000] {dag.py:2915} INFO - Sync 1 DAGs
[2023-09-28T15:18:13.180+0000] {logging_mixin.py:151} INFO - [2023-09-28T15:18:13.180+0000] {dag.py:3696} INFO - Setting next_dagrun for example_local_kubernetes_executor to None, run_after=None
[2023-09-28T15:18:13.210+0000] {processor.py:179} INFO - Processing /home/ubuntu/airflow_venv/lib/python3.10/site-packages/airflow/example_dags/example_local_kubernetes_executor.py took 0.131 seconds
[2023-09-28T15:24:12.031+0000] {processor.py:157} INFO - Started process (PID=3457) to work on /home/ubuntu/airflow_venv/lib/python3.10/site-packages/airflow/example_dags/example_local_kubernetes_executor.py
[2023-09-28T15:24:12.032+0000] {processor.py:829} INFO - Processing file /home/ubuntu/airflow_venv/lib/python3.10/site-packages/airflow/example_dags/example_local_kubernetes_executor.py for tasks to queue
[2023-09-28T15:24:12.033+0000] {logging_mixin.py:151} INFO - [2023-09-28T15:24:12.033+0000] {dagbag.py:539} INFO - Filling up the DagBag from /home/ubuntu/airflow_venv/lib/python3.10/site-packages/airflow/example_dags/example_local_kubernetes_executor.py
[2023-09-28T15:24:12.045+0000] {processor.py:839} INFO - DAG(s) dict_keys(['example_local_kubernetes_executor']) retrieved from /home/ubuntu/airflow_venv/lib/python3.10/site-packages/airflow/example_dags/example_local_kubernetes_executor.py
[2023-09-28T15:24:12.076+0000] {logging_mixin.py:151} INFO - [2023-09-28T15:24:12.075+0000] {dag.py:2915} INFO - Sync 1 DAGs
[2023-09-28T15:24:12.087+0000] {logging_mixin.py:151} INFO - [2023-09-28T15:24:12.087+0000] {dag.py:3696} INFO - Setting next_dagrun for example_local_kubernetes_executor to None, run_after=None
[2023-09-28T15:24:12.109+0000] {processor.py:179} INFO - Processing /home/ubuntu/airflow_venv/lib/python3.10/site-packages/airflow/example_dags/example_local_kubernetes_executor.py took 0.081 seconds
[2023-09-28T15:25:15.015+0000] {processor.py:157} INFO - Started process (PID=3526) to work on /home/ubuntu/airflow_venv/lib/python3.10/site-packages/airflow/example_dags/example_local_kubernetes_executor.py
[2023-09-28T15:25:15.017+0000] {processor.py:829} INFO - Processing file /home/ubuntu/airflow_venv/lib/python3.10/site-packages/airflow/example_dags/example_local_kubernetes_executor.py for tasks to queue
[2023-09-28T15:25:15.018+0000] {logging_mixin.py:151} INFO - [2023-09-28T15:25:15.017+0000] {dagbag.py:539} INFO - Filling up the DagBag from /home/ubuntu/airflow_venv/lib/python3.10/site-packages/airflow/example_dags/example_local_kubernetes_executor.py
[2023-09-28T15:25:15.043+0000] {processor.py:839} INFO - DAG(s) dict_keys(['example_local_kubernetes_executor']) retrieved from /home/ubuntu/airflow_venv/lib/python3.10/site-packages/airflow/example_dags/example_local_kubernetes_executor.py
[2023-09-28T15:25:15.389+0000] {logging_mixin.py:151} INFO - [2023-09-28T15:25:15.389+0000] {dag.py:2915} INFO - Sync 1 DAGs
[2023-09-28T15:25:15.404+0000] {logging_mixin.py:151} INFO - [2023-09-28T15:25:15.404+0000] {dag.py:3696} INFO - Setting next_dagrun for example_local_kubernetes_executor to None, run_after=None
[2023-09-28T15:25:15.463+0000] {processor.py:179} INFO - Processing /home/ubuntu/airflow_venv/lib/python3.10/site-packages/airflow/example_dags/example_local_kubernetes_executor.py took 0.452 seconds
