[2023-09-28T09:28:31.629+0000] {processor.py:157} INFO - Started process (PID=51156) to work on /home/ubuntu/airflow_venv/lib/python3.10/site-packages/airflow/example_dags/example_branch_python_dop_operator_3.py
[2023-09-28T09:28:31.630+0000] {processor.py:829} INFO - Processing file /home/ubuntu/airflow_venv/lib/python3.10/site-packages/airflow/example_dags/example_branch_python_dop_operator_3.py for tasks to queue
[2023-09-28T09:28:31.632+0000] {logging_mixin.py:151} INFO - [2023-09-28T09:28:31.631+0000] {dagbag.py:539} INFO - Filling up the DagBag from /home/ubuntu/airflow_venv/lib/python3.10/site-packages/airflow/example_dags/example_branch_python_dop_operator_3.py
[2023-09-28T09:28:31.644+0000] {processor.py:839} INFO - DAG(s) dict_keys(['example_branch_dop_operator_v3']) retrieved from /home/ubuntu/airflow_venv/lib/python3.10/site-packages/airflow/example_dags/example_branch_python_dop_operator_3.py
[2023-09-28T09:28:31.664+0000] {logging_mixin.py:151} INFO - [2023-09-28T09:28:31.664+0000] {dag.py:2915} INFO - Sync 1 DAGs
[2023-09-28T09:28:31.696+0000] {logging_mixin.py:151} INFO - [2023-09-28T09:28:31.696+0000] {dag.py:3696} INFO - Setting next_dagrun for example_branch_dop_operator_v3 to 2023-09-28T09:27:00+00:00, run_after=2023-09-28T09:28:00+00:00
[2023-09-28T09:28:31.724+0000] {processor.py:179} INFO - Processing /home/ubuntu/airflow_venv/lib/python3.10/site-packages/airflow/example_dags/example_branch_python_dop_operator_3.py took 0.099 seconds
[2023-09-28T10:47:32.974+0000] {processor.py:157} INFO - Started process (PID=1478) to work on /home/ubuntu/airflow_venv/lib/python3.10/site-packages/airflow/example_dags/example_branch_python_dop_operator_3.py
[2023-09-28T10:47:32.975+0000] {processor.py:829} INFO - Processing file /home/ubuntu/airflow_venv/lib/python3.10/site-packages/airflow/example_dags/example_branch_python_dop_operator_3.py for tasks to queue
[2023-09-28T10:47:32.976+0000] {logging_mixin.py:151} INFO - [2023-09-28T10:47:32.976+0000] {dagbag.py:539} INFO - Filling up the DagBag from /home/ubuntu/airflow_venv/lib/python3.10/site-packages/airflow/example_dags/example_branch_python_dop_operator_3.py
[2023-09-28T10:47:32.986+0000] {processor.py:839} INFO - DAG(s) dict_keys(['example_branch_dop_operator_v3']) retrieved from /home/ubuntu/airflow_venv/lib/python3.10/site-packages/airflow/example_dags/example_branch_python_dop_operator_3.py
[2023-09-28T10:47:33.010+0000] {logging_mixin.py:151} INFO - [2023-09-28T10:47:33.009+0000] {dag.py:2915} INFO - Sync 1 DAGs
[2023-09-28T10:47:33.035+0000] {logging_mixin.py:151} INFO - [2023-09-28T10:47:33.035+0000] {dag.py:3696} INFO - Setting next_dagrun for example_branch_dop_operator_v3 to 2023-09-28T10:46:00+00:00, run_after=2023-09-28T10:47:00+00:00
[2023-09-28T10:47:33.060+0000] {processor.py:179} INFO - Processing /home/ubuntu/airflow_venv/lib/python3.10/site-packages/airflow/example_dags/example_branch_python_dop_operator_3.py took 0.090 seconds
[2023-09-28T10:48:40.491+0000] {processor.py:157} INFO - Started process (PID=1542) to work on /home/ubuntu/airflow_venv/lib/python3.10/site-packages/airflow/example_dags/example_branch_python_dop_operator_3.py
[2023-09-28T10:48:40.492+0000] {processor.py:829} INFO - Processing file /home/ubuntu/airflow_venv/lib/python3.10/site-packages/airflow/example_dags/example_branch_python_dop_operator_3.py for tasks to queue
[2023-09-28T10:48:40.493+0000] {logging_mixin.py:151} INFO - [2023-09-28T10:48:40.493+0000] {dagbag.py:539} INFO - Filling up the DagBag from /home/ubuntu/airflow_venv/lib/python3.10/site-packages/airflow/example_dags/example_branch_python_dop_operator_3.py
[2023-09-28T10:48:40.503+0000] {processor.py:839} INFO - DAG(s) dict_keys(['example_branch_dop_operator_v3']) retrieved from /home/ubuntu/airflow_venv/lib/python3.10/site-packages/airflow/example_dags/example_branch_python_dop_operator_3.py
[2023-09-28T10:48:40.519+0000] {logging_mixin.py:151} INFO - [2023-09-28T10:48:40.519+0000] {dag.py:2915} INFO - Sync 1 DAGs
[2023-09-28T10:48:40.707+0000] {logging_mixin.py:151} INFO - [2023-09-28T10:48:40.706+0000] {dag.py:3696} INFO - Setting next_dagrun for example_branch_dop_operator_v3 to 2023-09-28T10:47:00+00:00, run_after=2023-09-28T10:48:00+00:00
[2023-09-28T10:48:40.732+0000] {processor.py:179} INFO - Processing /home/ubuntu/airflow_venv/lib/python3.10/site-packages/airflow/example_dags/example_branch_python_dop_operator_3.py took 0.244 seconds
[2023-09-28T10:49:36.858+0000] {processor.py:157} INFO - Started process (PID=1591) to work on /home/ubuntu/airflow_venv/lib/python3.10/site-packages/airflow/example_dags/example_branch_python_dop_operator_3.py
[2023-09-28T10:49:36.859+0000] {processor.py:829} INFO - Processing file /home/ubuntu/airflow_venv/lib/python3.10/site-packages/airflow/example_dags/example_branch_python_dop_operator_3.py for tasks to queue
[2023-09-28T10:49:36.860+0000] {logging_mixin.py:151} INFO - [2023-09-28T10:49:36.859+0000] {dagbag.py:539} INFO - Filling up the DagBag from /home/ubuntu/airflow_venv/lib/python3.10/site-packages/airflow/example_dags/example_branch_python_dop_operator_3.py
[2023-09-28T10:49:36.869+0000] {processor.py:839} INFO - DAG(s) dict_keys(['example_branch_dop_operator_v3']) retrieved from /home/ubuntu/airflow_venv/lib/python3.10/site-packages/airflow/example_dags/example_branch_python_dop_operator_3.py
[2023-09-28T10:49:36.887+0000] {logging_mixin.py:151} INFO - [2023-09-28T10:49:36.887+0000] {dag.py:2915} INFO - Sync 1 DAGs
[2023-09-28T10:49:36.913+0000] {logging_mixin.py:151} INFO - [2023-09-28T10:49:36.913+0000] {dag.py:3696} INFO - Setting next_dagrun for example_branch_dop_operator_v3 to 2023-09-28T10:48:00+00:00, run_after=2023-09-28T10:49:00+00:00
[2023-09-28T10:49:36.934+0000] {processor.py:179} INFO - Processing /home/ubuntu/airflow_venv/lib/python3.10/site-packages/airflow/example_dags/example_branch_python_dop_operator_3.py took 0.079 seconds
[2023-09-28T11:05:57.350+0000] {processor.py:157} INFO - Started process (PID=2200) to work on /home/ubuntu/airflow_venv/lib/python3.10/site-packages/airflow/example_dags/example_branch_python_dop_operator_3.py
[2023-09-28T11:05:57.351+0000] {processor.py:829} INFO - Processing file /home/ubuntu/airflow_venv/lib/python3.10/site-packages/airflow/example_dags/example_branch_python_dop_operator_3.py for tasks to queue
[2023-09-28T11:05:57.352+0000] {logging_mixin.py:151} INFO - [2023-09-28T11:05:57.352+0000] {dagbag.py:539} INFO - Filling up the DagBag from /home/ubuntu/airflow_venv/lib/python3.10/site-packages/airflow/example_dags/example_branch_python_dop_operator_3.py
[2023-09-28T11:05:57.372+0000] {processor.py:839} INFO - DAG(s) dict_keys(['example_branch_dop_operator_v3']) retrieved from /home/ubuntu/airflow_venv/lib/python3.10/site-packages/airflow/example_dags/example_branch_python_dop_operator_3.py
[2023-09-28T11:05:57.393+0000] {logging_mixin.py:151} INFO - [2023-09-28T11:05:57.392+0000] {dag.py:2915} INFO - Sync 1 DAGs
[2023-09-28T11:05:57.424+0000] {logging_mixin.py:151} INFO - [2023-09-28T11:05:57.424+0000] {dag.py:3696} INFO - Setting next_dagrun for example_branch_dop_operator_v3 to 2023-09-28T11:04:00+00:00, run_after=2023-09-28T11:05:00+00:00
[2023-09-28T11:05:57.448+0000] {processor.py:179} INFO - Processing /home/ubuntu/airflow_venv/lib/python3.10/site-packages/airflow/example_dags/example_branch_python_dop_operator_3.py took 0.101 seconds
[2023-09-28T15:01:01.843+0000] {processor.py:157} INFO - Started process (PID=1816) to work on /home/ubuntu/airflow_venv/lib/python3.10/site-packages/airflow/example_dags/example_branch_python_dop_operator_3.py
[2023-09-28T15:01:01.849+0000] {processor.py:829} INFO - Processing file /home/ubuntu/airflow_venv/lib/python3.10/site-packages/airflow/example_dags/example_branch_python_dop_operator_3.py for tasks to queue
[2023-09-28T15:01:01.850+0000] {logging_mixin.py:151} INFO - [2023-09-28T15:01:01.849+0000] {dagbag.py:539} INFO - Filling up the DagBag from /home/ubuntu/airflow_venv/lib/python3.10/site-packages/airflow/example_dags/example_branch_python_dop_operator_3.py
[2023-09-28T15:01:01.860+0000] {processor.py:839} INFO - DAG(s) dict_keys(['example_branch_dop_operator_v3']) retrieved from /home/ubuntu/airflow_venv/lib/python3.10/site-packages/airflow/example_dags/example_branch_python_dop_operator_3.py
[2023-09-28T15:01:01.880+0000] {logging_mixin.py:151} INFO - [2023-09-28T15:01:01.880+0000] {dag.py:2915} INFO - Sync 1 DAGs
[2023-09-28T15:01:01.911+0000] {logging_mixin.py:151} INFO - [2023-09-28T15:01:01.911+0000] {dag.py:3696} INFO - Setting next_dagrun for example_branch_dop_operator_v3 to 2023-09-28T15:00:00+00:00, run_after=2023-09-28T15:01:00+00:00
[2023-09-28T15:01:01.937+0000] {processor.py:179} INFO - Processing /home/ubuntu/airflow_venv/lib/python3.10/site-packages/airflow/example_dags/example_branch_python_dop_operator_3.py took 0.124 seconds
[2023-09-28T15:18:06.226+0000] {processor.py:157} INFO - Started process (PID=3236) to work on /home/ubuntu/airflow_venv/lib/python3.10/site-packages/airflow/example_dags/example_branch_python_dop_operator_3.py
[2023-09-28T15:18:06.227+0000] {processor.py:829} INFO - Processing file /home/ubuntu/airflow_venv/lib/python3.10/site-packages/airflow/example_dags/example_branch_python_dop_operator_3.py for tasks to queue
[2023-09-28T15:18:06.228+0000] {logging_mixin.py:151} INFO - [2023-09-28T15:18:06.227+0000] {dagbag.py:539} INFO - Filling up the DagBag from /home/ubuntu/airflow_venv/lib/python3.10/site-packages/airflow/example_dags/example_branch_python_dop_operator_3.py
[2023-09-28T15:18:06.241+0000] {processor.py:839} INFO - DAG(s) dict_keys(['example_branch_dop_operator_v3']) retrieved from /home/ubuntu/airflow_venv/lib/python3.10/site-packages/airflow/example_dags/example_branch_python_dop_operator_3.py
[2023-09-28T15:18:06.262+0000] {logging_mixin.py:151} INFO - [2023-09-28T15:18:06.262+0000] {dag.py:2915} INFO - Sync 1 DAGs
[2023-09-28T15:18:06.292+0000] {logging_mixin.py:151} INFO - [2023-09-28T15:18:06.292+0000] {dag.py:3696} INFO - Setting next_dagrun for example_branch_dop_operator_v3 to 2023-09-28T15:17:00+00:00, run_after=2023-09-28T15:18:00+00:00
[2023-09-28T15:18:06.318+0000] {processor.py:179} INFO - Processing /home/ubuntu/airflow_venv/lib/python3.10/site-packages/airflow/example_dags/example_branch_python_dop_operator_3.py took 0.096 seconds
[2023-09-28T15:24:05.537+0000] {processor.py:157} INFO - Started process (PID=3448) to work on /home/ubuntu/airflow_venv/lib/python3.10/site-packages/airflow/example_dags/example_branch_python_dop_operator_3.py
[2023-09-28T15:24:05.538+0000] {processor.py:829} INFO - Processing file /home/ubuntu/airflow_venv/lib/python3.10/site-packages/airflow/example_dags/example_branch_python_dop_operator_3.py for tasks to queue
[2023-09-28T15:24:05.539+0000] {logging_mixin.py:151} INFO - [2023-09-28T15:24:05.539+0000] {dagbag.py:539} INFO - Filling up the DagBag from /home/ubuntu/airflow_venv/lib/python3.10/site-packages/airflow/example_dags/example_branch_python_dop_operator_3.py
[2023-09-28T15:24:05.550+0000] {processor.py:839} INFO - DAG(s) dict_keys(['example_branch_dop_operator_v3']) retrieved from /home/ubuntu/airflow_venv/lib/python3.10/site-packages/airflow/example_dags/example_branch_python_dop_operator_3.py
[2023-09-28T15:24:05.569+0000] {logging_mixin.py:151} INFO - [2023-09-28T15:24:05.569+0000] {dag.py:2915} INFO - Sync 1 DAGs
[2023-09-28T15:24:05.595+0000] {logging_mixin.py:151} INFO - [2023-09-28T15:24:05.594+0000] {dag.py:3696} INFO - Setting next_dagrun for example_branch_dop_operator_v3 to 2023-09-28T15:23:00+00:00, run_after=2023-09-28T15:24:00+00:00
[2023-09-28T15:24:05.626+0000] {processor.py:179} INFO - Processing /home/ubuntu/airflow_venv/lib/python3.10/site-packages/airflow/example_dags/example_branch_python_dop_operator_3.py took 0.093 seconds
[2023-09-28T15:25:07.179+0000] {processor.py:157} INFO - Started process (PID=3508) to work on /home/ubuntu/airflow_venv/lib/python3.10/site-packages/airflow/example_dags/example_branch_python_dop_operator_3.py
[2023-09-28T15:25:07.180+0000] {processor.py:829} INFO - Processing file /home/ubuntu/airflow_venv/lib/python3.10/site-packages/airflow/example_dags/example_branch_python_dop_operator_3.py for tasks to queue
[2023-09-28T15:25:07.181+0000] {logging_mixin.py:151} INFO - [2023-09-28T15:25:07.181+0000] {dagbag.py:539} INFO - Filling up the DagBag from /home/ubuntu/airflow_venv/lib/python3.10/site-packages/airflow/example_dags/example_branch_python_dop_operator_3.py
[2023-09-28T15:25:07.190+0000] {processor.py:839} INFO - DAG(s) dict_keys(['example_branch_dop_operator_v3']) retrieved from /home/ubuntu/airflow_venv/lib/python3.10/site-packages/airflow/example_dags/example_branch_python_dop_operator_3.py
[2023-09-28T15:25:07.207+0000] {logging_mixin.py:151} INFO - [2023-09-28T15:25:07.207+0000] {dag.py:2915} INFO - Sync 1 DAGs
[2023-09-28T15:25:07.385+0000] {logging_mixin.py:151} INFO - [2023-09-28T15:25:07.384+0000] {dag.py:3696} INFO - Setting next_dagrun for example_branch_dop_operator_v3 to 2023-09-28T15:24:00+00:00, run_after=2023-09-28T15:25:00+00:00
[2023-09-28T15:25:07.406+0000] {processor.py:179} INFO - Processing /home/ubuntu/airflow_venv/lib/python3.10/site-packages/airflow/example_dags/example_branch_python_dop_operator_3.py took 0.230 seconds
[2023-09-28T15:31:25.834+0000] {processor.py:157} INFO - Started process (PID=3649) to work on /home/ubuntu/airflow_venv/lib/python3.10/site-packages/airflow/example_dags/example_branch_python_dop_operator_3.py
[2023-09-28T15:31:42.777+0000] {processor.py:829} INFO - Processing file /home/ubuntu/airflow_venv/lib/python3.10/site-packages/airflow/example_dags/example_branch_python_dop_operator_3.py for tasks to queue
[2023-09-28T15:31:47.451+0000] {logging_mixin.py:151} INFO - [2023-09-28T15:31:43.030+0000] {dagbag.py:539} INFO - Filling up the DagBag from /home/ubuntu/airflow_venv/lib/python3.10/site-packages/airflow/example_dags/example_branch_python_dop_operator_3.py
[2023-09-28T15:33:49.532+0000] {logging_mixin.py:151} INFO - [2023-09-28T15:33:22.096+0000] {timeout.py:68} ERROR - Process timed out, PID: 3649
[2023-09-28T15:33:49.778+0000] {logging_mixin.py:151} INFO - [2023-09-28T15:33:49.620+0000] {dagbag.py:347} ERROR - Failed to import: /home/ubuntu/airflow_venv/lib/python3.10/site-packages/airflow/example_dags/example_branch_python_dop_operator_3.py
Traceback (most recent call last):
  File "/home/ubuntu/airflow_venv/lib/python3.10/site-packages/airflow/models/dagbag.py", line 343, in parse
    loader.exec_module(new_module)
  File "<frozen importlib._bootstrap_external>", line 883, in exec_module
  File "<frozen importlib._bootstrap>", line 241, in _call_with_frames_removed
  File "/home/ubuntu/airflow_venv/lib/python3.10/site-packages/airflow/example_dags/example_branch_python_dop_operator_3.py", line 48, in <module>
    with DAG(
  File "/home/ubuntu/airflow_venv/lib/python3.10/site-packages/airflow/models/dag.py", line 579, in __init__
    self.last_loaded: datetime = timezone.utcnow()
  File "/home/ubuntu/airflow_venv/lib/python3.10/site-packages/airflow/utils/timezone.py", line 61, in utcnow
    result = result.replace(tzinfo=utc)
  File "/home/ubuntu/airflow_venv/lib/python3.10/site-packages/airflow/utils/timeout.py", line 69, in handle_timeout
    raise AirflowTaskTimeout(self.error_message)
airflow.exceptions.AirflowTaskTimeout: DagBag import timeout for /home/ubuntu/airflow_venv/lib/python3.10/site-packages/airflow/example_dags/example_branch_python_dop_operator_3.py after 30.0s.
Please take a look at these docs to improve your DAG import time:
* https://airflow.apache.org/docs/apache-airflow/2.7.1/best-practices.html#top-level-python-code
* https://airflow.apache.org/docs/apache-airflow/2.7.1/best-practices.html#reducing-dag-complexity, PID: 3649
[2023-09-28T15:33:49.809+0000] {processor.py:841} WARNING - No viable dags retrieved from /home/ubuntu/airflow_venv/lib/python3.10/site-packages/airflow/example_dags/example_branch_python_dop_operator_3.py
[2023-09-28T15:33:50.087+0000] {processor.py:179} INFO - Processing /home/ubuntu/airflow_venv/lib/python3.10/site-packages/airflow/example_dags/example_branch_python_dop_operator_3.py took 144.406 seconds
