[2023-09-28T09:26:48.015+0000] {processor.py:157} INFO - Started process (PID=51064) to work on /home/ubuntu/airflow_venv/lib/python3.10/site-packages/airflow/example_dags/example_params_ui_tutorial.py
[2023-09-28T09:26:48.016+0000] {processor.py:829} INFO - Processing file /home/ubuntu/airflow_venv/lib/python3.10/site-packages/airflow/example_dags/example_params_ui_tutorial.py for tasks to queue
[2023-09-28T09:26:48.017+0000] {logging_mixin.py:151} INFO - [2023-09-28T09:26:48.016+0000] {dagbag.py:539} INFO - Filling up the DagBag from /home/ubuntu/airflow_venv/lib/python3.10/site-packages/airflow/example_dags/example_params_ui_tutorial.py
[2023-09-28T09:26:48.046+0000] {processor.py:839} INFO - DAG(s) dict_keys(['example_params_ui_tutorial']) retrieved from /home/ubuntu/airflow_venv/lib/python3.10/site-packages/airflow/example_dags/example_params_ui_tutorial.py
[2023-09-28T09:26:48.055+0000] {logging_mixin.py:151} INFO - [2023-09-28T09:26:48.055+0000] {dag.py:2915} INFO - Sync 1 DAGs
[2023-09-28T09:26:48.068+0000] {logging_mixin.py:151} INFO - [2023-09-28T09:26:48.068+0000] {dag.py:3696} INFO - Setting next_dagrun for example_params_ui_tutorial to None, run_after=None
[2023-09-28T09:26:48.130+0000] {processor.py:179} INFO - Processing /home/ubuntu/airflow_venv/lib/python3.10/site-packages/airflow/example_dags/example_params_ui_tutorial.py took 0.120 seconds
[2023-09-28T09:28:07.090+0000] {processor.py:157} INFO - Started process (PID=51132) to work on /home/ubuntu/airflow_venv/lib/python3.10/site-packages/airflow/example_dags/example_params_ui_tutorial.py
[2023-09-28T09:28:07.092+0000] {processor.py:829} INFO - Processing file /home/ubuntu/airflow_venv/lib/python3.10/site-packages/airflow/example_dags/example_params_ui_tutorial.py for tasks to queue
[2023-09-28T09:28:07.094+0000] {logging_mixin.py:151} INFO - [2023-09-28T09:28:07.092+0000] {dagbag.py:539} INFO - Filling up the DagBag from /home/ubuntu/airflow_venv/lib/python3.10/site-packages/airflow/example_dags/example_params_ui_tutorial.py
[2023-09-28T09:28:07.137+0000] {processor.py:839} INFO - DAG(s) dict_keys(['example_params_ui_tutorial']) retrieved from /home/ubuntu/airflow_venv/lib/python3.10/site-packages/airflow/example_dags/example_params_ui_tutorial.py
[2023-09-28T09:28:07.150+0000] {logging_mixin.py:151} INFO - [2023-09-28T09:28:07.150+0000] {dag.py:2915} INFO - Sync 1 DAGs
[2023-09-28T09:28:07.166+0000] {logging_mixin.py:151} INFO - [2023-09-28T09:28:07.166+0000] {dag.py:3696} INFO - Setting next_dagrun for example_params_ui_tutorial to None, run_after=None
[2023-09-28T09:28:07.190+0000] {processor.py:179} INFO - Processing /home/ubuntu/airflow_venv/lib/python3.10/site-packages/airflow/example_dags/example_params_ui_tutorial.py took 0.103 seconds
[2023-09-28T10:47:10.115+0000] {processor.py:157} INFO - Started process (PID=1243) to work on /home/ubuntu/airflow_venv/lib/python3.10/site-packages/airflow/example_dags/example_params_ui_tutorial.py
[2023-09-28T10:47:10.116+0000] {processor.py:829} INFO - Processing file /home/ubuntu/airflow_venv/lib/python3.10/site-packages/airflow/example_dags/example_params_ui_tutorial.py for tasks to queue
[2023-09-28T10:47:10.117+0000] {logging_mixin.py:151} INFO - [2023-09-28T10:47:10.116+0000] {dagbag.py:539} INFO - Filling up the DagBag from /home/ubuntu/airflow_venv/lib/python3.10/site-packages/airflow/example_dags/example_params_ui_tutorial.py
[2023-09-28T10:47:10.143+0000] {processor.py:839} INFO - DAG(s) dict_keys(['example_params_ui_tutorial']) retrieved from /home/ubuntu/airflow_venv/lib/python3.10/site-packages/airflow/example_dags/example_params_ui_tutorial.py
[2023-09-28T10:47:10.151+0000] {logging_mixin.py:151} INFO - [2023-09-28T10:47:10.150+0000] {dag.py:2915} INFO - Sync 1 DAGs
[2023-09-28T10:47:10.164+0000] {logging_mixin.py:151} INFO - [2023-09-28T10:47:10.164+0000] {dag.py:3696} INFO - Setting next_dagrun for example_params_ui_tutorial to None, run_after=None
[2023-09-28T10:47:10.187+0000] {processor.py:179} INFO - Processing /home/ubuntu/airflow_venv/lib/python3.10/site-packages/airflow/example_dags/example_params_ui_tutorial.py took 0.076 seconds
[2023-09-28T10:47:56.632+0000] {processor.py:157} INFO - Started process (PID=1503) to work on /home/ubuntu/airflow_venv/lib/python3.10/site-packages/airflow/example_dags/example_params_ui_tutorial.py
[2023-09-28T10:47:56.633+0000] {processor.py:829} INFO - Processing file /home/ubuntu/airflow_venv/lib/python3.10/site-packages/airflow/example_dags/example_params_ui_tutorial.py for tasks to queue
[2023-09-28T10:47:56.635+0000] {logging_mixin.py:151} INFO - [2023-09-28T10:47:56.634+0000] {dagbag.py:539} INFO - Filling up the DagBag from /home/ubuntu/airflow_venv/lib/python3.10/site-packages/airflow/example_dags/example_params_ui_tutorial.py
[2023-09-28T10:47:56.672+0000] {processor.py:839} INFO - DAG(s) dict_keys(['example_params_ui_tutorial']) retrieved from /home/ubuntu/airflow_venv/lib/python3.10/site-packages/airflow/example_dags/example_params_ui_tutorial.py
[2023-09-28T10:47:56.718+0000] {logging_mixin.py:151} INFO - [2023-09-28T10:47:56.718+0000] {dag.py:2915} INFO - Sync 1 DAGs
[2023-09-28T10:47:56.735+0000] {logging_mixin.py:151} INFO - [2023-09-28T10:47:56.734+0000] {dag.py:3696} INFO - Setting next_dagrun for example_params_ui_tutorial to None, run_after=None
[2023-09-28T10:47:56.768+0000] {processor.py:179} INFO - Processing /home/ubuntu/airflow_venv/lib/python3.10/site-packages/airflow/example_dags/example_params_ui_tutorial.py took 0.140 seconds
[2023-09-28T10:48:52.294+0000] {processor.py:157} INFO - Started process (PID=1552) to work on /home/ubuntu/airflow_venv/lib/python3.10/site-packages/airflow/example_dags/example_params_ui_tutorial.py
[2023-09-28T10:48:52.295+0000] {processor.py:829} INFO - Processing file /home/ubuntu/airflow_venv/lib/python3.10/site-packages/airflow/example_dags/example_params_ui_tutorial.py for tasks to queue
[2023-09-28T10:48:52.296+0000] {logging_mixin.py:151} INFO - [2023-09-28T10:48:52.296+0000] {dagbag.py:539} INFO - Filling up the DagBag from /home/ubuntu/airflow_venv/lib/python3.10/site-packages/airflow/example_dags/example_params_ui_tutorial.py
[2023-09-28T10:48:52.341+0000] {processor.py:839} INFO - DAG(s) dict_keys(['example_params_ui_tutorial']) retrieved from /home/ubuntu/airflow_venv/lib/python3.10/site-packages/airflow/example_dags/example_params_ui_tutorial.py
[2023-09-28T10:48:52.560+0000] {logging_mixin.py:151} INFO - [2023-09-28T10:48:52.560+0000] {dag.py:2915} INFO - Sync 1 DAGs
[2023-09-28T10:48:52.571+0000] {logging_mixin.py:151} INFO - [2023-09-28T10:48:52.571+0000] {dag.py:3696} INFO - Setting next_dagrun for example_params_ui_tutorial to None, run_after=None
[2023-09-28T10:48:52.600+0000] {processor.py:179} INFO - Processing /home/ubuntu/airflow_venv/lib/python3.10/site-packages/airflow/example_dags/example_params_ui_tutorial.py took 0.310 seconds
[2023-09-28T10:49:45.014+0000] {processor.py:157} INFO - Started process (PID=1731) to work on /home/ubuntu/airflow_venv/lib/python3.10/site-packages/airflow/example_dags/example_params_ui_tutorial.py
[2023-09-28T10:49:45.022+0000] {processor.py:829} INFO - Processing file /home/ubuntu/airflow_venv/lib/python3.10/site-packages/airflow/example_dags/example_params_ui_tutorial.py for tasks to queue
[2023-09-28T10:49:45.023+0000] {logging_mixin.py:151} INFO - [2023-09-28T10:49:45.023+0000] {dagbag.py:539} INFO - Filling up the DagBag from /home/ubuntu/airflow_venv/lib/python3.10/site-packages/airflow/example_dags/example_params_ui_tutorial.py
[2023-09-28T10:49:45.234+0000] {processor.py:839} INFO - DAG(s) dict_keys(['example_params_ui_tutorial']) retrieved from /home/ubuntu/airflow_venv/lib/python3.10/site-packages/airflow/example_dags/example_params_ui_tutorial.py
[2023-09-28T10:49:45.564+0000] {logging_mixin.py:151} INFO - [2023-09-28T10:49:45.564+0000] {dag.py:2915} INFO - Sync 1 DAGs
[2023-09-28T10:49:45.623+0000] {logging_mixin.py:151} INFO - [2023-09-28T10:49:45.623+0000] {dag.py:3696} INFO - Setting next_dagrun for example_params_ui_tutorial to None, run_after=None
[2023-09-28T10:49:45.779+0000] {processor.py:179} INFO - Processing /home/ubuntu/airflow_venv/lib/python3.10/site-packages/airflow/example_dags/example_params_ui_tutorial.py took 0.778 seconds
[2023-09-28T11:05:33.638+0000] {processor.py:157} INFO - Started process (PID=2176) to work on /home/ubuntu/airflow_venv/lib/python3.10/site-packages/airflow/example_dags/example_params_ui_tutorial.py
[2023-09-28T11:05:33.640+0000] {processor.py:829} INFO - Processing file /home/ubuntu/airflow_venv/lib/python3.10/site-packages/airflow/example_dags/example_params_ui_tutorial.py for tasks to queue
[2023-09-28T11:05:33.641+0000] {logging_mixin.py:151} INFO - [2023-09-28T11:05:33.640+0000] {dagbag.py:539} INFO - Filling up the DagBag from /home/ubuntu/airflow_venv/lib/python3.10/site-packages/airflow/example_dags/example_params_ui_tutorial.py
[2023-09-28T11:05:33.672+0000] {processor.py:839} INFO - DAG(s) dict_keys(['example_params_ui_tutorial']) retrieved from /home/ubuntu/airflow_venv/lib/python3.10/site-packages/airflow/example_dags/example_params_ui_tutorial.py
[2023-09-28T11:05:33.727+0000] {logging_mixin.py:151} INFO - [2023-09-28T11:05:33.727+0000] {dag.py:2915} INFO - Sync 1 DAGs
[2023-09-28T11:05:33.739+0000] {logging_mixin.py:151} INFO - [2023-09-28T11:05:33.739+0000] {dag.py:3696} INFO - Setting next_dagrun for example_params_ui_tutorial to None, run_after=None
[2023-09-28T11:05:33.762+0000] {processor.py:179} INFO - Processing /home/ubuntu/airflow_venv/lib/python3.10/site-packages/airflow/example_dags/example_params_ui_tutorial.py took 0.126 seconds
[2023-09-28T15:00:39.607+0000] {processor.py:157} INFO - Started process (PID=1792) to work on /home/ubuntu/airflow_venv/lib/python3.10/site-packages/airflow/example_dags/example_params_ui_tutorial.py
[2023-09-28T15:00:39.608+0000] {processor.py:829} INFO - Processing file /home/ubuntu/airflow_venv/lib/python3.10/site-packages/airflow/example_dags/example_params_ui_tutorial.py for tasks to queue
[2023-09-28T15:00:39.609+0000] {logging_mixin.py:151} INFO - [2023-09-28T15:00:39.609+0000] {dagbag.py:539} INFO - Filling up the DagBag from /home/ubuntu/airflow_venv/lib/python3.10/site-packages/airflow/example_dags/example_params_ui_tutorial.py
[2023-09-28T15:00:39.639+0000] {processor.py:839} INFO - DAG(s) dict_keys(['example_params_ui_tutorial']) retrieved from /home/ubuntu/airflow_venv/lib/python3.10/site-packages/airflow/example_dags/example_params_ui_tutorial.py
[2023-09-28T15:00:39.648+0000] {logging_mixin.py:151} INFO - [2023-09-28T15:00:39.647+0000] {dag.py:2915} INFO - Sync 1 DAGs
[2023-09-28T15:00:39.661+0000] {logging_mixin.py:151} INFO - [2023-09-28T15:00:39.661+0000] {dag.py:3696} INFO - Setting next_dagrun for example_params_ui_tutorial to None, run_after=None
[2023-09-28T15:00:39.681+0000] {processor.py:179} INFO - Processing /home/ubuntu/airflow_venv/lib/python3.10/site-packages/airflow/example_dags/example_params_ui_tutorial.py took 0.080 seconds
[2023-09-28T15:01:25.362+0000] {processor.py:157} INFO - Started process (PID=1840) to work on /home/ubuntu/airflow_venv/lib/python3.10/site-packages/airflow/example_dags/example_params_ui_tutorial.py
[2023-09-28T15:01:25.364+0000] {processor.py:829} INFO - Processing file /home/ubuntu/airflow_venv/lib/python3.10/site-packages/airflow/example_dags/example_params_ui_tutorial.py for tasks to queue
[2023-09-28T15:01:25.364+0000] {logging_mixin.py:151} INFO - [2023-09-28T15:01:25.364+0000] {dagbag.py:539} INFO - Filling up the DagBag from /home/ubuntu/airflow_venv/lib/python3.10/site-packages/airflow/example_dags/example_params_ui_tutorial.py
[2023-09-28T15:01:25.392+0000] {processor.py:839} INFO - DAG(s) dict_keys(['example_params_ui_tutorial']) retrieved from /home/ubuntu/airflow_venv/lib/python3.10/site-packages/airflow/example_dags/example_params_ui_tutorial.py
[2023-09-28T15:01:25.434+0000] {logging_mixin.py:151} INFO - [2023-09-28T15:01:25.434+0000] {dag.py:2915} INFO - Sync 1 DAGs
[2023-09-28T15:01:25.447+0000] {logging_mixin.py:151} INFO - [2023-09-28T15:01:25.446+0000] {dag.py:3696} INFO - Setting next_dagrun for example_params_ui_tutorial to None, run_after=None
[2023-09-28T15:01:25.468+0000] {processor.py:179} INFO - Processing /home/ubuntu/airflow_venv/lib/python3.10/site-packages/airflow/example_dags/example_params_ui_tutorial.py took 0.109 seconds
[2023-09-28T15:17:43.067+0000] {processor.py:157} INFO - Started process (PID=3209) to work on /home/ubuntu/airflow_venv/lib/python3.10/site-packages/airflow/example_dags/example_params_ui_tutorial.py
[2023-09-28T15:17:43.069+0000] {processor.py:829} INFO - Processing file /home/ubuntu/airflow_venv/lib/python3.10/site-packages/airflow/example_dags/example_params_ui_tutorial.py for tasks to queue
[2023-09-28T15:17:43.069+0000] {logging_mixin.py:151} INFO - [2023-09-28T15:17:43.069+0000] {dagbag.py:539} INFO - Filling up the DagBag from /home/ubuntu/airflow_venv/lib/python3.10/site-packages/airflow/example_dags/example_params_ui_tutorial.py
[2023-09-28T15:17:43.116+0000] {processor.py:839} INFO - DAG(s) dict_keys(['example_params_ui_tutorial']) retrieved from /home/ubuntu/airflow_venv/lib/python3.10/site-packages/airflow/example_dags/example_params_ui_tutorial.py
[2023-09-28T15:17:43.170+0000] {logging_mixin.py:151} INFO - [2023-09-28T15:17:43.170+0000] {dag.py:2915} INFO - Sync 1 DAGs
[2023-09-28T15:17:43.183+0000] {logging_mixin.py:151} INFO - [2023-09-28T15:17:43.182+0000] {dag.py:3696} INFO - Setting next_dagrun for example_params_ui_tutorial to None, run_after=None
[2023-09-28T15:17:43.205+0000] {processor.py:179} INFO - Processing /home/ubuntu/airflow_venv/lib/python3.10/site-packages/airflow/example_dags/example_params_ui_tutorial.py took 0.142 seconds
[2023-09-28T15:23:43.339+0000] {processor.py:157} INFO - Started process (PID=3424) to work on /home/ubuntu/airflow_venv/lib/python3.10/site-packages/airflow/example_dags/example_params_ui_tutorial.py
[2023-09-28T15:23:43.341+0000] {processor.py:829} INFO - Processing file /home/ubuntu/airflow_venv/lib/python3.10/site-packages/airflow/example_dags/example_params_ui_tutorial.py for tasks to queue
[2023-09-28T15:23:43.342+0000] {logging_mixin.py:151} INFO - [2023-09-28T15:23:43.342+0000] {dagbag.py:539} INFO - Filling up the DagBag from /home/ubuntu/airflow_venv/lib/python3.10/site-packages/airflow/example_dags/example_params_ui_tutorial.py
[2023-09-28T15:23:43.374+0000] {processor.py:839} INFO - DAG(s) dict_keys(['example_params_ui_tutorial']) retrieved from /home/ubuntu/airflow_venv/lib/python3.10/site-packages/airflow/example_dags/example_params_ui_tutorial.py
[2023-09-28T15:23:43.382+0000] {logging_mixin.py:151} INFO - [2023-09-28T15:23:43.382+0000] {dag.py:2915} INFO - Sync 1 DAGs
[2023-09-28T15:23:43.404+0000] {logging_mixin.py:151} INFO - [2023-09-28T15:23:43.404+0000] {dag.py:3696} INFO - Setting next_dagrun for example_params_ui_tutorial to None, run_after=None
[2023-09-28T15:23:43.442+0000] {processor.py:179} INFO - Processing /home/ubuntu/airflow_venv/lib/python3.10/site-packages/airflow/example_dags/example_params_ui_tutorial.py took 0.107 seconds
[2023-09-28T15:24:29.422+0000] {processor.py:157} INFO - Started process (PID=3475) to work on /home/ubuntu/airflow_venv/lib/python3.10/site-packages/airflow/example_dags/example_params_ui_tutorial.py
[2023-09-28T15:24:29.424+0000] {processor.py:829} INFO - Processing file /home/ubuntu/airflow_venv/lib/python3.10/site-packages/airflow/example_dags/example_params_ui_tutorial.py for tasks to queue
[2023-09-28T15:24:29.425+0000] {logging_mixin.py:151} INFO - [2023-09-28T15:24:29.424+0000] {dagbag.py:539} INFO - Filling up the DagBag from /home/ubuntu/airflow_venv/lib/python3.10/site-packages/airflow/example_dags/example_params_ui_tutorial.py
[2023-09-28T15:24:29.461+0000] {processor.py:839} INFO - DAG(s) dict_keys(['example_params_ui_tutorial']) retrieved from /home/ubuntu/airflow_venv/lib/python3.10/site-packages/airflow/example_dags/example_params_ui_tutorial.py
[2023-09-28T15:24:29.509+0000] {logging_mixin.py:151} INFO - [2023-09-28T15:24:29.508+0000] {dag.py:2915} INFO - Sync 1 DAGs
[2023-09-28T15:24:29.525+0000] {logging_mixin.py:151} INFO - [2023-09-28T15:24:29.524+0000] {dag.py:3696} INFO - Setting next_dagrun for example_params_ui_tutorial to None, run_after=None
[2023-09-28T15:24:29.566+0000] {processor.py:179} INFO - Processing /home/ubuntu/airflow_venv/lib/python3.10/site-packages/airflow/example_dags/example_params_ui_tutorial.py took 0.148 seconds
[2023-09-28T15:28:11.211+0000] {processor.py:157} INFO - Started process (PID=3584) to work on /home/ubuntu/airflow_venv/lib/python3.10/site-packages/airflow/example_dags/example_params_ui_tutorial.py
[2023-09-28T15:28:11.212+0000] {processor.py:829} INFO - Processing file /home/ubuntu/airflow_venv/lib/python3.10/site-packages/airflow/example_dags/example_params_ui_tutorial.py for tasks to queue
[2023-09-28T15:28:11.213+0000] {logging_mixin.py:151} INFO - [2023-09-28T15:28:11.213+0000] {dagbag.py:539} INFO - Filling up the DagBag from /home/ubuntu/airflow_venv/lib/python3.10/site-packages/airflow/example_dags/example_params_ui_tutorial.py
[2023-09-28T15:28:11.257+0000] {processor.py:839} INFO - DAG(s) dict_keys(['example_params_ui_tutorial']) retrieved from /home/ubuntu/airflow_venv/lib/python3.10/site-packages/airflow/example_dags/example_params_ui_tutorial.py
[2023-09-28T15:28:11.468+0000] {logging_mixin.py:151} INFO - [2023-09-28T15:28:11.468+0000] {dag.py:2915} INFO - Sync 1 DAGs
[2023-09-28T15:28:11.478+0000] {logging_mixin.py:151} INFO - [2023-09-28T15:28:11.478+0000] {dag.py:3696} INFO - Setting next_dagrun for example_params_ui_tutorial to None, run_after=None
[2023-09-28T15:28:11.501+0000] {processor.py:179} INFO - Processing /home/ubuntu/airflow_venv/lib/python3.10/site-packages/airflow/example_dags/example_params_ui_tutorial.py took 0.294 seconds
