[2023-09-28T09:28:33.314+0000] {processor.py:157} INFO - Started process (PID=51158) to work on /home/ubuntu/airflow_venv/lib/python3.10/site-packages/airflow/example_dags/example_nested_branch_dag.py
[2023-09-28T09:28:33.314+0000] {processor.py:829} INFO - Processing file /home/ubuntu/airflow_venv/lib/python3.10/site-packages/airflow/example_dags/example_nested_branch_dag.py for tasks to queue
[2023-09-28T09:28:33.325+0000] {logging_mixin.py:151} INFO - [2023-09-28T09:28:33.323+0000] {dagbag.py:539} INFO - Filling up the DagBag from /home/ubuntu/airflow_venv/lib/python3.10/site-packages/airflow/example_dags/example_nested_branch_dag.py
[2023-09-28T09:28:33.352+0000] {processor.py:839} INFO - DAG(s) dict_keys(['example_nested_branch_dag']) retrieved from /home/ubuntu/airflow_venv/lib/python3.10/site-packages/airflow/example_dags/example_nested_branch_dag.py
[2023-09-28T09:28:33.391+0000] {logging_mixin.py:151} INFO - [2023-09-28T09:28:33.391+0000] {dag.py:2915} INFO - Sync 1 DAGs
[2023-09-28T09:28:33.418+0000] {logging_mixin.py:151} INFO - [2023-09-28T09:28:33.418+0000] {dag.py:3696} INFO - Setting next_dagrun for example_nested_branch_dag to 2023-09-27T00:00:00+00:00, run_after=2023-09-28T00:00:00+00:00
[2023-09-28T09:28:33.451+0000] {processor.py:179} INFO - Processing /home/ubuntu/airflow_venv/lib/python3.10/site-packages/airflow/example_dags/example_nested_branch_dag.py took 0.140 seconds
[2023-09-28T10:47:34.734+0000] {processor.py:157} INFO - Started process (PID=1480) to work on /home/ubuntu/airflow_venv/lib/python3.10/site-packages/airflow/example_dags/example_nested_branch_dag.py
[2023-09-28T10:47:34.736+0000] {processor.py:829} INFO - Processing file /home/ubuntu/airflow_venv/lib/python3.10/site-packages/airflow/example_dags/example_nested_branch_dag.py for tasks to queue
[2023-09-28T10:47:34.738+0000] {logging_mixin.py:151} INFO - [2023-09-28T10:47:34.737+0000] {dagbag.py:539} INFO - Filling up the DagBag from /home/ubuntu/airflow_venv/lib/python3.10/site-packages/airflow/example_dags/example_nested_branch_dag.py
[2023-09-28T10:47:34.755+0000] {processor.py:839} INFO - DAG(s) dict_keys(['example_nested_branch_dag']) retrieved from /home/ubuntu/airflow_venv/lib/python3.10/site-packages/airflow/example_dags/example_nested_branch_dag.py
[2023-09-28T10:47:34.784+0000] {logging_mixin.py:151} INFO - [2023-09-28T10:47:34.784+0000] {dag.py:2915} INFO - Sync 1 DAGs
[2023-09-28T10:47:34.809+0000] {logging_mixin.py:151} INFO - [2023-09-28T10:47:34.808+0000] {dag.py:3696} INFO - Setting next_dagrun for example_nested_branch_dag to 2023-09-27T00:00:00+00:00, run_after=2023-09-28T00:00:00+00:00
[2023-09-28T10:47:34.860+0000] {processor.py:179} INFO - Processing /home/ubuntu/airflow_venv/lib/python3.10/site-packages/airflow/example_dags/example_nested_branch_dag.py took 0.131 seconds
[2023-09-28T10:48:42.936+0000] {processor.py:157} INFO - Started process (PID=1544) to work on /home/ubuntu/airflow_venv/lib/python3.10/site-packages/airflow/example_dags/example_nested_branch_dag.py
[2023-09-28T10:48:42.938+0000] {processor.py:829} INFO - Processing file /home/ubuntu/airflow_venv/lib/python3.10/site-packages/airflow/example_dags/example_nested_branch_dag.py for tasks to queue
[2023-09-28T10:48:42.938+0000] {logging_mixin.py:151} INFO - [2023-09-28T10:48:42.938+0000] {dagbag.py:539} INFO - Filling up the DagBag from /home/ubuntu/airflow_venv/lib/python3.10/site-packages/airflow/example_dags/example_nested_branch_dag.py
[2023-09-28T10:48:42.948+0000] {processor.py:839} INFO - DAG(s) dict_keys(['example_nested_branch_dag']) retrieved from /home/ubuntu/airflow_venv/lib/python3.10/site-packages/airflow/example_dags/example_nested_branch_dag.py
[2023-09-28T10:48:42.967+0000] {logging_mixin.py:151} INFO - [2023-09-28T10:48:42.967+0000] {dag.py:2915} INFO - Sync 1 DAGs
[2023-09-28T10:48:43.152+0000] {logging_mixin.py:151} INFO - [2023-09-28T10:48:43.150+0000] {dag.py:3696} INFO - Setting next_dagrun for example_nested_branch_dag to 2023-09-27T00:00:00+00:00, run_after=2023-09-28T00:00:00+00:00
[2023-09-28T10:48:43.180+0000] {processor.py:179} INFO - Processing /home/ubuntu/airflow_venv/lib/python3.10/site-packages/airflow/example_dags/example_nested_branch_dag.py took 0.246 seconds
[2023-09-28T10:49:39.152+0000] {processor.py:157} INFO - Started process (PID=1593) to work on /home/ubuntu/airflow_venv/lib/python3.10/site-packages/airflow/example_dags/example_nested_branch_dag.py
[2023-09-28T10:49:39.155+0000] {processor.py:829} INFO - Processing file /home/ubuntu/airflow_venv/lib/python3.10/site-packages/airflow/example_dags/example_nested_branch_dag.py for tasks to queue
[2023-09-28T10:49:39.156+0000] {logging_mixin.py:151} INFO - [2023-09-28T10:49:39.156+0000] {dagbag.py:539} INFO - Filling up the DagBag from /home/ubuntu/airflow_venv/lib/python3.10/site-packages/airflow/example_dags/example_nested_branch_dag.py
[2023-09-28T10:49:39.167+0000] {processor.py:839} INFO - DAG(s) dict_keys(['example_nested_branch_dag']) retrieved from /home/ubuntu/airflow_venv/lib/python3.10/site-packages/airflow/example_dags/example_nested_branch_dag.py
[2023-09-28T10:49:39.185+0000] {logging_mixin.py:151} INFO - [2023-09-28T10:49:39.185+0000] {dag.py:2915} INFO - Sync 1 DAGs
[2023-09-28T10:49:39.206+0000] {logging_mixin.py:151} INFO - [2023-09-28T10:49:39.206+0000] {dag.py:3696} INFO - Setting next_dagrun for example_nested_branch_dag to 2023-09-27T00:00:00+00:00, run_after=2023-09-28T00:00:00+00:00
[2023-09-28T10:49:39.227+0000] {processor.py:179} INFO - Processing /home/ubuntu/airflow_venv/lib/python3.10/site-packages/airflow/example_dags/example_nested_branch_dag.py took 0.084 seconds
[2023-09-28T11:05:59.389+0000] {processor.py:157} INFO - Started process (PID=2205) to work on /home/ubuntu/airflow_venv/lib/python3.10/site-packages/airflow/example_dags/example_nested_branch_dag.py
[2023-09-28T11:05:59.391+0000] {processor.py:829} INFO - Processing file /home/ubuntu/airflow_venv/lib/python3.10/site-packages/airflow/example_dags/example_nested_branch_dag.py for tasks to queue
[2023-09-28T11:05:59.392+0000] {logging_mixin.py:151} INFO - [2023-09-28T11:05:59.391+0000] {dagbag.py:539} INFO - Filling up the DagBag from /home/ubuntu/airflow_venv/lib/python3.10/site-packages/airflow/example_dags/example_nested_branch_dag.py
[2023-09-28T11:05:59.405+0000] {processor.py:839} INFO - DAG(s) dict_keys(['example_nested_branch_dag']) retrieved from /home/ubuntu/airflow_venv/lib/python3.10/site-packages/airflow/example_dags/example_nested_branch_dag.py
[2023-09-28T11:05:59.433+0000] {logging_mixin.py:151} INFO - [2023-09-28T11:05:59.433+0000] {dag.py:2915} INFO - Sync 1 DAGs
[2023-09-28T11:05:59.453+0000] {logging_mixin.py:151} INFO - [2023-09-28T11:05:59.453+0000] {dag.py:3696} INFO - Setting next_dagrun for example_nested_branch_dag to 2023-09-27T00:00:00+00:00, run_after=2023-09-28T00:00:00+00:00
[2023-09-28T11:05:59.475+0000] {processor.py:179} INFO - Processing /home/ubuntu/airflow_venv/lib/python3.10/site-packages/airflow/example_dags/example_nested_branch_dag.py took 0.089 seconds
[2023-09-28T15:01:04.232+0000] {processor.py:157} INFO - Started process (PID=1818) to work on /home/ubuntu/airflow_venv/lib/python3.10/site-packages/airflow/example_dags/example_nested_branch_dag.py
[2023-09-28T15:01:04.233+0000] {processor.py:829} INFO - Processing file /home/ubuntu/airflow_venv/lib/python3.10/site-packages/airflow/example_dags/example_nested_branch_dag.py for tasks to queue
[2023-09-28T15:01:04.234+0000] {logging_mixin.py:151} INFO - [2023-09-28T15:01:04.233+0000] {dagbag.py:539} INFO - Filling up the DagBag from /home/ubuntu/airflow_venv/lib/python3.10/site-packages/airflow/example_dags/example_nested_branch_dag.py
[2023-09-28T15:01:04.244+0000] {processor.py:839} INFO - DAG(s) dict_keys(['example_nested_branch_dag']) retrieved from /home/ubuntu/airflow_venv/lib/python3.10/site-packages/airflow/example_dags/example_nested_branch_dag.py
[2023-09-28T15:01:04.263+0000] {logging_mixin.py:151} INFO - [2023-09-28T15:01:04.263+0000] {dag.py:2915} INFO - Sync 1 DAGs
[2023-09-28T15:01:04.282+0000] {logging_mixin.py:151} INFO - [2023-09-28T15:01:04.282+0000] {dag.py:3696} INFO - Setting next_dagrun for example_nested_branch_dag to 2023-09-27T00:00:00+00:00, run_after=2023-09-28T00:00:00+00:00
[2023-09-28T15:01:04.303+0000] {processor.py:179} INFO - Processing /home/ubuntu/airflow_venv/lib/python3.10/site-packages/airflow/example_dags/example_nested_branch_dag.py took 0.074 seconds
[2023-09-28T15:18:08.633+0000] {processor.py:157} INFO - Started process (PID=3238) to work on /home/ubuntu/airflow_venv/lib/python3.10/site-packages/airflow/example_dags/example_nested_branch_dag.py
[2023-09-28T15:18:08.636+0000] {processor.py:829} INFO - Processing file /home/ubuntu/airflow_venv/lib/python3.10/site-packages/airflow/example_dags/example_nested_branch_dag.py for tasks to queue
[2023-09-28T15:18:08.637+0000] {logging_mixin.py:151} INFO - [2023-09-28T15:18:08.637+0000] {dagbag.py:539} INFO - Filling up the DagBag from /home/ubuntu/airflow_venv/lib/python3.10/site-packages/airflow/example_dags/example_nested_branch_dag.py
[2023-09-28T15:18:08.657+0000] {processor.py:839} INFO - DAG(s) dict_keys(['example_nested_branch_dag']) retrieved from /home/ubuntu/airflow_venv/lib/python3.10/site-packages/airflow/example_dags/example_nested_branch_dag.py
[2023-09-28T15:18:08.685+0000] {logging_mixin.py:151} INFO - [2023-09-28T15:18:08.685+0000] {dag.py:2915} INFO - Sync 1 DAGs
[2023-09-28T15:18:08.712+0000] {logging_mixin.py:151} INFO - [2023-09-28T15:18:08.711+0000] {dag.py:3696} INFO - Setting next_dagrun for example_nested_branch_dag to 2023-09-27T00:00:00+00:00, run_after=2023-09-28T00:00:00+00:00
[2023-09-28T15:18:08.736+0000] {processor.py:179} INFO - Processing /home/ubuntu/airflow_venv/lib/python3.10/site-packages/airflow/example_dags/example_nested_branch_dag.py took 0.108 seconds
[2023-09-28T15:24:07.838+0000] {processor.py:157} INFO - Started process (PID=3453) to work on /home/ubuntu/airflow_venv/lib/python3.10/site-packages/airflow/example_dags/example_nested_branch_dag.py
[2023-09-28T15:24:07.839+0000] {processor.py:829} INFO - Processing file /home/ubuntu/airflow_venv/lib/python3.10/site-packages/airflow/example_dags/example_nested_branch_dag.py for tasks to queue
[2023-09-28T15:24:07.840+0000] {logging_mixin.py:151} INFO - [2023-09-28T15:24:07.840+0000] {dagbag.py:539} INFO - Filling up the DagBag from /home/ubuntu/airflow_venv/lib/python3.10/site-packages/airflow/example_dags/example_nested_branch_dag.py
[2023-09-28T15:24:07.851+0000] {processor.py:839} INFO - DAG(s) dict_keys(['example_nested_branch_dag']) retrieved from /home/ubuntu/airflow_venv/lib/python3.10/site-packages/airflow/example_dags/example_nested_branch_dag.py
[2023-09-28T15:24:07.872+0000] {logging_mixin.py:151} INFO - [2023-09-28T15:24:07.872+0000] {dag.py:2915} INFO - Sync 1 DAGs
[2023-09-28T15:24:07.895+0000] {logging_mixin.py:151} INFO - [2023-09-28T15:24:07.895+0000] {dag.py:3696} INFO - Setting next_dagrun for example_nested_branch_dag to 2023-09-27T00:00:00+00:00, run_after=2023-09-28T00:00:00+00:00
[2023-09-28T15:24:07.918+0000] {processor.py:179} INFO - Processing /home/ubuntu/airflow_venv/lib/python3.10/site-packages/airflow/example_dags/example_nested_branch_dag.py took 0.085 seconds
[2023-09-28T15:25:09.876+0000] {processor.py:157} INFO - Started process (PID=3510) to work on /home/ubuntu/airflow_venv/lib/python3.10/site-packages/airflow/example_dags/example_nested_branch_dag.py
[2023-09-28T15:25:09.877+0000] {processor.py:829} INFO - Processing file /home/ubuntu/airflow_venv/lib/python3.10/site-packages/airflow/example_dags/example_nested_branch_dag.py for tasks to queue
[2023-09-28T15:25:09.878+0000] {logging_mixin.py:151} INFO - [2023-09-28T15:25:09.878+0000] {dagbag.py:539} INFO - Filling up the DagBag from /home/ubuntu/airflow_venv/lib/python3.10/site-packages/airflow/example_dags/example_nested_branch_dag.py
[2023-09-28T15:25:09.889+0000] {processor.py:839} INFO - DAG(s) dict_keys(['example_nested_branch_dag']) retrieved from /home/ubuntu/airflow_venv/lib/python3.10/site-packages/airflow/example_dags/example_nested_branch_dag.py
[2023-09-28T15:25:09.909+0000] {logging_mixin.py:151} INFO - [2023-09-28T15:25:09.909+0000] {dag.py:2915} INFO - Sync 1 DAGs
[2023-09-28T15:25:10.090+0000] {logging_mixin.py:151} INFO - [2023-09-28T15:25:10.090+0000] {dag.py:3696} INFO - Setting next_dagrun for example_nested_branch_dag to 2023-09-27T00:00:00+00:00, run_after=2023-09-28T00:00:00+00:00
[2023-09-28T15:25:10.109+0000] {processor.py:179} INFO - Processing /home/ubuntu/airflow_venv/lib/python3.10/site-packages/airflow/example_dags/example_nested_branch_dag.py took 0.236 seconds
[2023-09-28T15:33:54.219+0000] {processor.py:157} INFO - Started process (PID=3813) to work on /home/ubuntu/airflow_venv/lib/python3.10/site-packages/airflow/example_dags/example_nested_branch_dag.py
[2023-09-28T15:33:54.225+0000] {processor.py:829} INFO - Processing file /home/ubuntu/airflow_venv/lib/python3.10/site-packages/airflow/example_dags/example_nested_branch_dag.py for tasks to queue
[2023-09-28T15:33:54.228+0000] {logging_mixin.py:151} INFO - [2023-09-28T15:33:54.226+0000] {dagbag.py:539} INFO - Filling up the DagBag from /home/ubuntu/airflow_venv/lib/python3.10/site-packages/airflow/example_dags/example_nested_branch_dag.py
[2023-09-28T15:33:54.265+0000] {processor.py:839} INFO - DAG(s) dict_keys(['example_nested_branch_dag']) retrieved from /home/ubuntu/airflow_venv/lib/python3.10/site-packages/airflow/example_dags/example_nested_branch_dag.py
[2023-09-28T15:33:54.353+0000] {logging_mixin.py:151} INFO - [2023-09-28T15:33:54.353+0000] {dag.py:2915} INFO - Sync 1 DAGs
[2023-09-28T15:33:54.490+0000] {logging_mixin.py:151} INFO - [2023-09-28T15:33:54.489+0000] {dag.py:3696} INFO - Setting next_dagrun for example_nested_branch_dag to 2023-09-27T00:00:00+00:00, run_after=2023-09-28T00:00:00+00:00
[2023-09-28T15:33:54.561+0000] {processor.py:179} INFO - Processing /home/ubuntu/airflow_venv/lib/python3.10/site-packages/airflow/example_dags/example_nested_branch_dag.py took 0.347 seconds
