[2023-09-28T09:28:21.890+0000] {processor.py:157} INFO - Started process (PID=51146) to work on /home/ubuntu/airflow_venv/lib/python3.10/site-packages/airflow/example_dags/example_sensors.py
[2023-09-28T09:28:21.890+0000] {processor.py:829} INFO - Processing file /home/ubuntu/airflow_venv/lib/python3.10/site-packages/airflow/example_dags/example_sensors.py for tasks to queue
[2023-09-28T09:28:21.891+0000] {logging_mixin.py:151} INFO - [2023-09-28T09:28:21.891+0000] {dagbag.py:539} INFO - Filling up the DagBag from /home/ubuntu/airflow_venv/lib/python3.10/site-packages/airflow/example_dags/example_sensors.py
[2023-09-28T09:28:21.909+0000] {processor.py:839} INFO - DAG(s) dict_keys(['example_sensors']) retrieved from /home/ubuntu/airflow_venv/lib/python3.10/site-packages/airflow/example_dags/example_sensors.py
[2023-09-28T09:28:21.939+0000] {logging_mixin.py:151} INFO - [2023-09-28T09:28:21.939+0000] {dag.py:2915} INFO - Sync 1 DAGs
[2023-09-28T09:28:21.955+0000] {logging_mixin.py:151} INFO - [2023-09-28T09:28:21.955+0000] {dag.py:3696} INFO - Setting next_dagrun for example_sensors to None, run_after=None
[2023-09-28T09:28:21.990+0000] {processor.py:179} INFO - Processing /home/ubuntu/airflow_venv/lib/python3.10/site-packages/airflow/example_dags/example_sensors.py took 0.104 seconds
[2023-09-28T10:47:22.826+0000] {processor.py:157} INFO - Started process (PID=1453) to work on /home/ubuntu/airflow_venv/lib/python3.10/site-packages/airflow/example_dags/example_sensors.py
[2023-09-28T10:47:22.827+0000] {processor.py:829} INFO - Processing file /home/ubuntu/airflow_venv/lib/python3.10/site-packages/airflow/example_dags/example_sensors.py for tasks to queue
[2023-09-28T10:47:22.827+0000] {logging_mixin.py:151} INFO - [2023-09-28T10:47:22.827+0000] {dagbag.py:539} INFO - Filling up the DagBag from /home/ubuntu/airflow_venv/lib/python3.10/site-packages/airflow/example_dags/example_sensors.py
[2023-09-28T10:47:22.837+0000] {processor.py:839} INFO - DAG(s) dict_keys(['example_sensors']) retrieved from /home/ubuntu/airflow_venv/lib/python3.10/site-packages/airflow/example_dags/example_sensors.py
[2023-09-28T10:47:22.862+0000] {logging_mixin.py:151} INFO - [2023-09-28T10:47:22.862+0000] {dag.py:2915} INFO - Sync 1 DAGs
[2023-09-28T10:47:22.874+0000] {logging_mixin.py:151} INFO - [2023-09-28T10:47:22.873+0000] {dag.py:3696} INFO - Setting next_dagrun for example_sensors to None, run_after=None
[2023-09-28T10:47:22.896+0000] {processor.py:179} INFO - Processing /home/ubuntu/airflow_venv/lib/python3.10/site-packages/airflow/example_dags/example_sensors.py took 0.074 seconds
[2023-09-28T10:48:13.630+0000] {processor.py:157} INFO - Started process (PID=1517) to work on /home/ubuntu/airflow_venv/lib/python3.10/site-packages/airflow/example_dags/example_sensors.py
[2023-09-28T10:48:13.631+0000] {processor.py:829} INFO - Processing file /home/ubuntu/airflow_venv/lib/python3.10/site-packages/airflow/example_dags/example_sensors.py for tasks to queue
[2023-09-28T10:48:13.632+0000] {logging_mixin.py:151} INFO - [2023-09-28T10:48:13.632+0000] {dagbag.py:539} INFO - Filling up the DagBag from /home/ubuntu/airflow_venv/lib/python3.10/site-packages/airflow/example_dags/example_sensors.py
[2023-09-28T10:48:13.644+0000] {processor.py:839} INFO - DAG(s) dict_keys(['example_sensors']) retrieved from /home/ubuntu/airflow_venv/lib/python3.10/site-packages/airflow/example_dags/example_sensors.py
[2023-09-28T10:48:13.672+0000] {logging_mixin.py:151} INFO - [2023-09-28T10:48:13.671+0000] {dag.py:2915} INFO - Sync 1 DAGs
[2023-09-28T10:48:13.690+0000] {logging_mixin.py:151} INFO - [2023-09-28T10:48:13.689+0000] {dag.py:3696} INFO - Setting next_dagrun for example_sensors to None, run_after=None
[2023-09-28T10:48:13.864+0000] {processor.py:179} INFO - Processing /home/ubuntu/airflow_venv/lib/python3.10/site-packages/airflow/example_dags/example_sensors.py took 0.237 seconds
[2023-09-28T10:49:09.556+0000] {processor.py:157} INFO - Started process (PID=1567) to work on /home/ubuntu/airflow_venv/lib/python3.10/site-packages/airflow/example_dags/example_sensors.py
[2023-09-28T10:49:09.557+0000] {processor.py:829} INFO - Processing file /home/ubuntu/airflow_venv/lib/python3.10/site-packages/airflow/example_dags/example_sensors.py for tasks to queue
[2023-09-28T10:49:09.558+0000] {logging_mixin.py:151} INFO - [2023-09-28T10:49:09.558+0000] {dagbag.py:539} INFO - Filling up the DagBag from /home/ubuntu/airflow_venv/lib/python3.10/site-packages/airflow/example_dags/example_sensors.py
[2023-09-28T10:49:09.568+0000] {processor.py:839} INFO - DAG(s) dict_keys(['example_sensors']) retrieved from /home/ubuntu/airflow_venv/lib/python3.10/site-packages/airflow/example_dags/example_sensors.py
[2023-09-28T10:49:09.734+0000] {logging_mixin.py:151} INFO - [2023-09-28T10:49:09.733+0000] {dag.py:2915} INFO - Sync 1 DAGs
[2023-09-28T10:49:09.744+0000] {logging_mixin.py:151} INFO - [2023-09-28T10:49:09.743+0000] {dag.py:3696} INFO - Setting next_dagrun for example_sensors to None, run_after=None
[2023-09-28T10:49:09.762+0000] {processor.py:179} INFO - Processing /home/ubuntu/airflow_venv/lib/python3.10/site-packages/airflow/example_dags/example_sensors.py took 0.209 seconds
[2023-09-28T11:05:48.096+0000] {processor.py:157} INFO - Started process (PID=2190) to work on /home/ubuntu/airflow_venv/lib/python3.10/site-packages/airflow/example_dags/example_sensors.py
[2023-09-28T11:05:48.097+0000] {processor.py:829} INFO - Processing file /home/ubuntu/airflow_venv/lib/python3.10/site-packages/airflow/example_dags/example_sensors.py for tasks to queue
[2023-09-28T11:05:48.099+0000] {logging_mixin.py:151} INFO - [2023-09-28T11:05:48.098+0000] {dagbag.py:539} INFO - Filling up the DagBag from /home/ubuntu/airflow_venv/lib/python3.10/site-packages/airflow/example_dags/example_sensors.py
[2023-09-28T11:05:48.110+0000] {processor.py:839} INFO - DAG(s) dict_keys(['example_sensors']) retrieved from /home/ubuntu/airflow_venv/lib/python3.10/site-packages/airflow/example_dags/example_sensors.py
[2023-09-28T11:05:48.142+0000] {logging_mixin.py:151} INFO - [2023-09-28T11:05:48.141+0000] {dag.py:2915} INFO - Sync 1 DAGs
[2023-09-28T11:05:48.154+0000] {logging_mixin.py:151} INFO - [2023-09-28T11:05:48.154+0000] {dag.py:3696} INFO - Setting next_dagrun for example_sensors to None, run_after=None
[2023-09-28T11:05:48.177+0000] {processor.py:179} INFO - Processing /home/ubuntu/airflow_venv/lib/python3.10/site-packages/airflow/example_dags/example_sensors.py took 0.084 seconds
[2023-09-28T15:00:51.504+0000] {processor.py:157} INFO - Started process (PID=1806) to work on /home/ubuntu/airflow_venv/lib/python3.10/site-packages/airflow/example_dags/example_sensors.py
[2023-09-28T15:00:51.505+0000] {processor.py:829} INFO - Processing file /home/ubuntu/airflow_venv/lib/python3.10/site-packages/airflow/example_dags/example_sensors.py for tasks to queue
[2023-09-28T15:00:51.506+0000] {logging_mixin.py:151} INFO - [2023-09-28T15:00:51.506+0000] {dagbag.py:539} INFO - Filling up the DagBag from /home/ubuntu/airflow_venv/lib/python3.10/site-packages/airflow/example_dags/example_sensors.py
[2023-09-28T15:00:51.519+0000] {processor.py:839} INFO - DAG(s) dict_keys(['example_sensors']) retrieved from /home/ubuntu/airflow_venv/lib/python3.10/site-packages/airflow/example_dags/example_sensors.py
[2023-09-28T15:00:51.544+0000] {logging_mixin.py:151} INFO - [2023-09-28T15:00:51.543+0000] {dag.py:2915} INFO - Sync 1 DAGs
[2023-09-28T15:00:51.554+0000] {logging_mixin.py:151} INFO - [2023-09-28T15:00:51.554+0000] {dag.py:3696} INFO - Setting next_dagrun for example_sensors to None, run_after=None
[2023-09-28T15:00:51.579+0000] {processor.py:179} INFO - Processing /home/ubuntu/airflow_venv/lib/python3.10/site-packages/airflow/example_dags/example_sensors.py took 0.083 seconds
[2023-09-28T15:01:42.141+0000] {processor.py:157} INFO - Started process (PID=1854) to work on /home/ubuntu/airflow_venv/lib/python3.10/site-packages/airflow/example_dags/example_sensors.py
[2023-09-28T15:01:42.142+0000] {processor.py:829} INFO - Processing file /home/ubuntu/airflow_venv/lib/python3.10/site-packages/airflow/example_dags/example_sensors.py for tasks to queue
[2023-09-28T15:01:42.143+0000] {logging_mixin.py:151} INFO - [2023-09-28T15:01:42.143+0000] {dagbag.py:539} INFO - Filling up the DagBag from /home/ubuntu/airflow_venv/lib/python3.10/site-packages/airflow/example_dags/example_sensors.py
[2023-09-28T15:01:42.153+0000] {processor.py:839} INFO - DAG(s) dict_keys(['example_sensors']) retrieved from /home/ubuntu/airflow_venv/lib/python3.10/site-packages/airflow/example_dags/example_sensors.py
[2023-09-28T15:01:42.173+0000] {logging_mixin.py:151} INFO - [2023-09-28T15:01:42.173+0000] {dag.py:2915} INFO - Sync 1 DAGs
[2023-09-28T15:01:42.184+0000] {logging_mixin.py:151} INFO - [2023-09-28T15:01:42.184+0000] {dag.py:3696} INFO - Setting next_dagrun for example_sensors to None, run_after=None
[2023-09-28T15:01:42.340+0000] {processor.py:179} INFO - Processing /home/ubuntu/airflow_venv/lib/python3.10/site-packages/airflow/example_dags/example_sensors.py took 0.206 seconds
[2023-09-28T15:17:55.948+0000] {processor.py:157} INFO - Started process (PID=3223) to work on /home/ubuntu/airflow_venv/lib/python3.10/site-packages/airflow/example_dags/example_sensors.py
[2023-09-28T15:17:55.950+0000] {processor.py:829} INFO - Processing file /home/ubuntu/airflow_venv/lib/python3.10/site-packages/airflow/example_dags/example_sensors.py for tasks to queue
[2023-09-28T15:17:55.951+0000] {logging_mixin.py:151} INFO - [2023-09-28T15:17:55.950+0000] {dagbag.py:539} INFO - Filling up the DagBag from /home/ubuntu/airflow_venv/lib/python3.10/site-packages/airflow/example_dags/example_sensors.py
[2023-09-28T15:17:55.961+0000] {processor.py:839} INFO - DAG(s) dict_keys(['example_sensors']) retrieved from /home/ubuntu/airflow_venv/lib/python3.10/site-packages/airflow/example_dags/example_sensors.py
[2023-09-28T15:17:55.984+0000] {logging_mixin.py:151} INFO - [2023-09-28T15:17:55.983+0000] {dag.py:2915} INFO - Sync 1 DAGs
[2023-09-28T15:17:55.994+0000] {logging_mixin.py:151} INFO - [2023-09-28T15:17:55.994+0000] {dag.py:3696} INFO - Setting next_dagrun for example_sensors to None, run_after=None
[2023-09-28T15:17:56.015+0000] {processor.py:179} INFO - Processing /home/ubuntu/airflow_venv/lib/python3.10/site-packages/airflow/example_dags/example_sensors.py took 0.069 seconds
[2023-09-28T15:23:56.383+0000] {processor.py:157} INFO - Started process (PID=3438) to work on /home/ubuntu/airflow_venv/lib/python3.10/site-packages/airflow/example_dags/example_sensors.py
[2023-09-28T15:23:56.384+0000] {processor.py:829} INFO - Processing file /home/ubuntu/airflow_venv/lib/python3.10/site-packages/airflow/example_dags/example_sensors.py for tasks to queue
[2023-09-28T15:23:56.386+0000] {logging_mixin.py:151} INFO - [2023-09-28T15:23:56.386+0000] {dagbag.py:539} INFO - Filling up the DagBag from /home/ubuntu/airflow_venv/lib/python3.10/site-packages/airflow/example_dags/example_sensors.py
[2023-09-28T15:23:56.400+0000] {processor.py:839} INFO - DAG(s) dict_keys(['example_sensors']) retrieved from /home/ubuntu/airflow_venv/lib/python3.10/site-packages/airflow/example_dags/example_sensors.py
[2023-09-28T15:23:56.427+0000] {logging_mixin.py:151} INFO - [2023-09-28T15:23:56.427+0000] {dag.py:2915} INFO - Sync 1 DAGs
[2023-09-28T15:23:56.443+0000] {logging_mixin.py:151} INFO - [2023-09-28T15:23:56.443+0000] {dag.py:3696} INFO - Setting next_dagrun for example_sensors to None, run_after=None
[2023-09-28T15:23:56.469+0000] {processor.py:179} INFO - Processing /home/ubuntu/airflow_venv/lib/python3.10/site-packages/airflow/example_dags/example_sensors.py took 0.092 seconds
[2023-09-28T15:24:45.484+0000] {processor.py:157} INFO - Started process (PID=3489) to work on /home/ubuntu/airflow_venv/lib/python3.10/site-packages/airflow/example_dags/example_sensors.py
[2023-09-28T15:24:45.485+0000] {processor.py:829} INFO - Processing file /home/ubuntu/airflow_venv/lib/python3.10/site-packages/airflow/example_dags/example_sensors.py for tasks to queue
[2023-09-28T15:24:45.486+0000] {logging_mixin.py:151} INFO - [2023-09-28T15:24:45.485+0000] {dagbag.py:539} INFO - Filling up the DagBag from /home/ubuntu/airflow_venv/lib/python3.10/site-packages/airflow/example_dags/example_sensors.py
[2023-09-28T15:24:45.497+0000] {processor.py:839} INFO - DAG(s) dict_keys(['example_sensors']) retrieved from /home/ubuntu/airflow_venv/lib/python3.10/site-packages/airflow/example_dags/example_sensors.py
[2023-09-28T15:24:45.517+0000] {logging_mixin.py:151} INFO - [2023-09-28T15:24:45.517+0000] {dag.py:2915} INFO - Sync 1 DAGs
[2023-09-28T15:24:45.530+0000] {logging_mixin.py:151} INFO - [2023-09-28T15:24:45.529+0000] {dag.py:3696} INFO - Setting next_dagrun for example_sensors to None, run_after=None
[2023-09-28T15:24:45.709+0000] {processor.py:179} INFO - Processing /home/ubuntu/airflow_venv/lib/python3.10/site-packages/airflow/example_dags/example_sensors.py took 0.229 seconds
[2023-09-28T15:28:27.150+0000] {processor.py:157} INFO - Started process (PID=3598) to work on /home/ubuntu/airflow_venv/lib/python3.10/site-packages/airflow/example_dags/example_sensors.py
[2023-09-28T15:28:27.152+0000] {processor.py:829} INFO - Processing file /home/ubuntu/airflow_venv/lib/python3.10/site-packages/airflow/example_dags/example_sensors.py for tasks to queue
[2023-09-28T15:28:27.153+0000] {logging_mixin.py:151} INFO - [2023-09-28T15:28:27.153+0000] {dagbag.py:539} INFO - Filling up the DagBag from /home/ubuntu/airflow_venv/lib/python3.10/site-packages/airflow/example_dags/example_sensors.py
[2023-09-28T15:28:27.312+0000] {processor.py:839} INFO - DAG(s) dict_keys(['example_sensors']) retrieved from /home/ubuntu/airflow_venv/lib/python3.10/site-packages/airflow/example_dags/example_sensors.py
[2023-09-28T15:28:27.328+0000] {logging_mixin.py:151} INFO - [2023-09-28T15:28:27.328+0000] {dag.py:2915} INFO - Sync 1 DAGs
[2023-09-28T15:28:27.338+0000] {logging_mixin.py:151} INFO - [2023-09-28T15:28:27.338+0000] {dag.py:3696} INFO - Setting next_dagrun for example_sensors to None, run_after=None
[2023-09-28T15:28:27.357+0000] {processor.py:179} INFO - Processing /home/ubuntu/airflow_venv/lib/python3.10/site-packages/airflow/example_dags/example_sensors.py took 0.210 seconds
