[2023-09-28T09:28:22.266+0000] {processor.py:157} INFO - Started process (PID=51147) to work on /home/ubuntu/airflow_venv/lib/python3.10/site-packages/airflow/example_dags/example_setup_teardown_taskflow.py
[2023-09-28T09:28:22.267+0000] {processor.py:829} INFO - Processing file /home/ubuntu/airflow_venv/lib/python3.10/site-packages/airflow/example_dags/example_setup_teardown_taskflow.py for tasks to queue
[2023-09-28T09:28:22.268+0000] {logging_mixin.py:151} INFO - [2023-09-28T09:28:22.268+0000] {dagbag.py:539} INFO - Filling up the DagBag from /home/ubuntu/airflow_venv/lib/python3.10/site-packages/airflow/example_dags/example_setup_teardown_taskflow.py
[2023-09-28T09:28:22.283+0000] {processor.py:839} INFO - DAG(s) dict_keys(['example_setup_teardown_taskflow']) retrieved from /home/ubuntu/airflow_venv/lib/python3.10/site-packages/airflow/example_dags/example_setup_teardown_taskflow.py
[2023-09-28T09:28:22.315+0000] {logging_mixin.py:151} INFO - [2023-09-28T09:28:22.315+0000] {dag.py:2915} INFO - Sync 1 DAGs
[2023-09-28T09:28:22.339+0000] {logging_mixin.py:151} INFO - [2023-09-28T09:28:22.338+0000] {dag.py:3696} INFO - Setting next_dagrun for example_setup_teardown_taskflow to 2023-09-27T09:28:22.338649+00:00, run_after=2023-09-28T09:28:22.338649+00:00
[2023-09-28T09:28:22.364+0000] {processor.py:179} INFO - Processing /home/ubuntu/airflow_venv/lib/python3.10/site-packages/airflow/example_dags/example_setup_teardown_taskflow.py took 0.103 seconds
[2023-09-28T10:47:23.162+0000] {processor.py:157} INFO - Started process (PID=1454) to work on /home/ubuntu/airflow_venv/lib/python3.10/site-packages/airflow/example_dags/example_setup_teardown_taskflow.py
[2023-09-28T10:47:23.163+0000] {processor.py:829} INFO - Processing file /home/ubuntu/airflow_venv/lib/python3.10/site-packages/airflow/example_dags/example_setup_teardown_taskflow.py for tasks to queue
[2023-09-28T10:47:23.164+0000] {logging_mixin.py:151} INFO - [2023-09-28T10:47:23.164+0000] {dagbag.py:539} INFO - Filling up the DagBag from /home/ubuntu/airflow_venv/lib/python3.10/site-packages/airflow/example_dags/example_setup_teardown_taskflow.py
[2023-09-28T10:47:23.178+0000] {processor.py:839} INFO - DAG(s) dict_keys(['example_setup_teardown_taskflow']) retrieved from /home/ubuntu/airflow_venv/lib/python3.10/site-packages/airflow/example_dags/example_setup_teardown_taskflow.py
[2023-09-28T10:47:23.202+0000] {logging_mixin.py:151} INFO - [2023-09-28T10:47:23.202+0000] {dag.py:2915} INFO - Sync 1 DAGs
[2023-09-28T10:47:23.241+0000] {logging_mixin.py:151} INFO - [2023-09-28T10:47:23.241+0000] {dag.py:3696} INFO - Setting next_dagrun for example_setup_teardown_taskflow to 2023-09-27T10:47:23.241195+00:00, run_after=2023-09-28T10:47:23.241195+00:00
[2023-09-28T10:47:23.273+0000] {processor.py:179} INFO - Processing /home/ubuntu/airflow_venv/lib/python3.10/site-packages/airflow/example_dags/example_setup_teardown_taskflow.py took 0.116 seconds
[2023-09-28T10:48:14.973+0000] {processor.py:157} INFO - Started process (PID=1518) to work on /home/ubuntu/airflow_venv/lib/python3.10/site-packages/airflow/example_dags/example_setup_teardown_taskflow.py
[2023-09-28T10:48:14.975+0000] {processor.py:829} INFO - Processing file /home/ubuntu/airflow_venv/lib/python3.10/site-packages/airflow/example_dags/example_setup_teardown_taskflow.py for tasks to queue
[2023-09-28T10:48:14.975+0000] {logging_mixin.py:151} INFO - [2023-09-28T10:48:14.975+0000] {dagbag.py:539} INFO - Filling up the DagBag from /home/ubuntu/airflow_venv/lib/python3.10/site-packages/airflow/example_dags/example_setup_teardown_taskflow.py
[2023-09-28T10:48:14.986+0000] {processor.py:839} INFO - DAG(s) dict_keys(['example_setup_teardown_taskflow']) retrieved from /home/ubuntu/airflow_venv/lib/python3.10/site-packages/airflow/example_dags/example_setup_teardown_taskflow.py
[2023-09-28T10:48:15.005+0000] {logging_mixin.py:151} INFO - [2023-09-28T10:48:15.004+0000] {dag.py:2915} INFO - Sync 1 DAGs
[2023-09-28T10:48:15.027+0000] {logging_mixin.py:151} INFO - [2023-09-28T10:48:15.027+0000] {dag.py:3696} INFO - Setting next_dagrun for example_setup_teardown_taskflow to 2023-09-27T10:48:15.027495+00:00, run_after=2023-09-28T10:48:15.027495+00:00
[2023-09-28T10:48:15.210+0000] {processor.py:179} INFO - Processing /home/ubuntu/airflow_venv/lib/python3.10/site-packages/airflow/example_dags/example_setup_teardown_taskflow.py took 0.239 seconds
[2023-09-28T10:49:10.906+0000] {processor.py:157} INFO - Started process (PID=1568) to work on /home/ubuntu/airflow_venv/lib/python3.10/site-packages/airflow/example_dags/example_setup_teardown_taskflow.py
[2023-09-28T10:49:10.908+0000] {processor.py:829} INFO - Processing file /home/ubuntu/airflow_venv/lib/python3.10/site-packages/airflow/example_dags/example_setup_teardown_taskflow.py for tasks to queue
[2023-09-28T10:49:10.908+0000] {logging_mixin.py:151} INFO - [2023-09-28T10:49:10.908+0000] {dagbag.py:539} INFO - Filling up the DagBag from /home/ubuntu/airflow_venv/lib/python3.10/site-packages/airflow/example_dags/example_setup_teardown_taskflow.py
[2023-09-28T10:49:10.919+0000] {processor.py:839} INFO - DAG(s) dict_keys(['example_setup_teardown_taskflow']) retrieved from /home/ubuntu/airflow_venv/lib/python3.10/site-packages/airflow/example_dags/example_setup_teardown_taskflow.py
[2023-09-28T10:49:11.086+0000] {logging_mixin.py:151} INFO - [2023-09-28T10:49:11.086+0000] {dag.py:2915} INFO - Sync 1 DAGs
[2023-09-28T10:49:11.103+0000] {logging_mixin.py:151} INFO - [2023-09-28T10:49:11.103+0000] {dag.py:3696} INFO - Setting next_dagrun for example_setup_teardown_taskflow to 2023-09-27T10:49:11.103008+00:00, run_after=2023-09-28T10:49:11.103008+00:00
[2023-09-28T10:49:11.123+0000] {processor.py:179} INFO - Processing /home/ubuntu/airflow_venv/lib/python3.10/site-packages/airflow/example_dags/example_setup_teardown_taskflow.py took 0.220 seconds
[2023-09-28T11:05:48.902+0000] {processor.py:157} INFO - Started process (PID=2191) to work on /home/ubuntu/airflow_venv/lib/python3.10/site-packages/airflow/example_dags/example_setup_teardown_taskflow.py
[2023-09-28T11:05:48.903+0000] {processor.py:829} INFO - Processing file /home/ubuntu/airflow_venv/lib/python3.10/site-packages/airflow/example_dags/example_setup_teardown_taskflow.py for tasks to queue
[2023-09-28T11:05:48.904+0000] {logging_mixin.py:151} INFO - [2023-09-28T11:05:48.904+0000] {dagbag.py:539} INFO - Filling up the DagBag from /home/ubuntu/airflow_venv/lib/python3.10/site-packages/airflow/example_dags/example_setup_teardown_taskflow.py
[2023-09-28T11:05:48.914+0000] {processor.py:839} INFO - DAG(s) dict_keys(['example_setup_teardown_taskflow']) retrieved from /home/ubuntu/airflow_venv/lib/python3.10/site-packages/airflow/example_dags/example_setup_teardown_taskflow.py
[2023-09-28T11:05:48.934+0000] {logging_mixin.py:151} INFO - [2023-09-28T11:05:48.933+0000] {dag.py:2915} INFO - Sync 1 DAGs
[2023-09-28T11:05:48.952+0000] {logging_mixin.py:151} INFO - [2023-09-28T11:05:48.952+0000] {dag.py:3696} INFO - Setting next_dagrun for example_setup_teardown_taskflow to 2023-09-27T11:05:48.952538+00:00, run_after=2023-09-28T11:05:48.952538+00:00
[2023-09-28T11:05:48.973+0000] {processor.py:179} INFO - Processing /home/ubuntu/airflow_venv/lib/python3.10/site-packages/airflow/example_dags/example_setup_teardown_taskflow.py took 0.075 seconds
[2023-09-28T15:00:52.637+0000] {processor.py:157} INFO - Started process (PID=1807) to work on /home/ubuntu/airflow_venv/lib/python3.10/site-packages/airflow/example_dags/example_setup_teardown_taskflow.py
[2023-09-28T15:00:52.639+0000] {processor.py:829} INFO - Processing file /home/ubuntu/airflow_venv/lib/python3.10/site-packages/airflow/example_dags/example_setup_teardown_taskflow.py for tasks to queue
[2023-09-28T15:00:52.640+0000] {logging_mixin.py:151} INFO - [2023-09-28T15:00:52.639+0000] {dagbag.py:539} INFO - Filling up the DagBag from /home/ubuntu/airflow_venv/lib/python3.10/site-packages/airflow/example_dags/example_setup_teardown_taskflow.py
[2023-09-28T15:00:52.653+0000] {processor.py:839} INFO - DAG(s) dict_keys(['example_setup_teardown_taskflow']) retrieved from /home/ubuntu/airflow_venv/lib/python3.10/site-packages/airflow/example_dags/example_setup_teardown_taskflow.py
[2023-09-28T15:00:52.673+0000] {logging_mixin.py:151} INFO - [2023-09-28T15:00:52.673+0000] {dag.py:2915} INFO - Sync 1 DAGs
[2023-09-28T15:00:52.692+0000] {logging_mixin.py:151} INFO - [2023-09-28T15:00:52.692+0000] {dag.py:3696} INFO - Setting next_dagrun for example_setup_teardown_taskflow to 2023-09-27T15:00:52.691924+00:00, run_after=2023-09-28T15:00:52.691924+00:00
[2023-09-28T15:00:52.714+0000] {processor.py:179} INFO - Processing /home/ubuntu/airflow_venv/lib/python3.10/site-packages/airflow/example_dags/example_setup_teardown_taskflow.py took 0.079 seconds
[2023-09-28T15:01:43.486+0000] {processor.py:157} INFO - Started process (PID=1855) to work on /home/ubuntu/airflow_venv/lib/python3.10/site-packages/airflow/example_dags/example_setup_teardown_taskflow.py
[2023-09-28T15:01:43.488+0000] {processor.py:829} INFO - Processing file /home/ubuntu/airflow_venv/lib/python3.10/site-packages/airflow/example_dags/example_setup_teardown_taskflow.py for tasks to queue
[2023-09-28T15:01:43.489+0000] {logging_mixin.py:151} INFO - [2023-09-28T15:01:43.488+0000] {dagbag.py:539} INFO - Filling up the DagBag from /home/ubuntu/airflow_venv/lib/python3.10/site-packages/airflow/example_dags/example_setup_teardown_taskflow.py
[2023-09-28T15:01:43.502+0000] {processor.py:839} INFO - DAG(s) dict_keys(['example_setup_teardown_taskflow']) retrieved from /home/ubuntu/airflow_venv/lib/python3.10/site-packages/airflow/example_dags/example_setup_teardown_taskflow.py
[2023-09-28T15:01:43.522+0000] {logging_mixin.py:151} INFO - [2023-09-28T15:01:43.521+0000] {dag.py:2915} INFO - Sync 1 DAGs
[2023-09-28T15:01:43.550+0000] {logging_mixin.py:151} INFO - [2023-09-28T15:01:43.550+0000] {dag.py:3696} INFO - Setting next_dagrun for example_setup_teardown_taskflow to 2023-09-27T15:01:43.550051+00:00, run_after=2023-09-28T15:01:43.550051+00:00
[2023-09-28T15:01:43.727+0000] {processor.py:179} INFO - Processing /home/ubuntu/airflow_venv/lib/python3.10/site-packages/airflow/example_dags/example_setup_teardown_taskflow.py took 0.243 seconds
[2023-09-28T15:17:57.093+0000] {processor.py:157} INFO - Started process (PID=3224) to work on /home/ubuntu/airflow_venv/lib/python3.10/site-packages/airflow/example_dags/example_setup_teardown_taskflow.py
[2023-09-28T15:17:57.095+0000] {processor.py:829} INFO - Processing file /home/ubuntu/airflow_venv/lib/python3.10/site-packages/airflow/example_dags/example_setup_teardown_taskflow.py for tasks to queue
[2023-09-28T15:17:57.096+0000] {logging_mixin.py:151} INFO - [2023-09-28T15:17:57.095+0000] {dagbag.py:539} INFO - Filling up the DagBag from /home/ubuntu/airflow_venv/lib/python3.10/site-packages/airflow/example_dags/example_setup_teardown_taskflow.py
[2023-09-28T15:17:57.107+0000] {processor.py:839} INFO - DAG(s) dict_keys(['example_setup_teardown_taskflow']) retrieved from /home/ubuntu/airflow_venv/lib/python3.10/site-packages/airflow/example_dags/example_setup_teardown_taskflow.py
[2023-09-28T15:17:57.132+0000] {logging_mixin.py:151} INFO - [2023-09-28T15:17:57.132+0000] {dag.py:2915} INFO - Sync 1 DAGs
[2023-09-28T15:17:57.151+0000] {logging_mixin.py:151} INFO - [2023-09-28T15:17:57.150+0000] {dag.py:3696} INFO - Setting next_dagrun for example_setup_teardown_taskflow to 2023-09-27T15:17:57.150592+00:00, run_after=2023-09-28T15:17:57.150592+00:00
[2023-09-28T15:17:57.171+0000] {processor.py:179} INFO - Processing /home/ubuntu/airflow_venv/lib/python3.10/site-packages/airflow/example_dags/example_setup_teardown_taskflow.py took 0.081 seconds
[2023-09-28T15:23:57.618+0000] {processor.py:157} INFO - Started process (PID=3439) to work on /home/ubuntu/airflow_venv/lib/python3.10/site-packages/airflow/example_dags/example_setup_teardown_taskflow.py
[2023-09-28T15:23:57.622+0000] {processor.py:829} INFO - Processing file /home/ubuntu/airflow_venv/lib/python3.10/site-packages/airflow/example_dags/example_setup_teardown_taskflow.py for tasks to queue
[2023-09-28T15:23:57.623+0000] {logging_mixin.py:151} INFO - [2023-09-28T15:23:57.622+0000] {dagbag.py:539} INFO - Filling up the DagBag from /home/ubuntu/airflow_venv/lib/python3.10/site-packages/airflow/example_dags/example_setup_teardown_taskflow.py
[2023-09-28T15:23:57.633+0000] {processor.py:839} INFO - DAG(s) dict_keys(['example_setup_teardown_taskflow']) retrieved from /home/ubuntu/airflow_venv/lib/python3.10/site-packages/airflow/example_dags/example_setup_teardown_taskflow.py
[2023-09-28T15:23:57.654+0000] {logging_mixin.py:151} INFO - [2023-09-28T15:23:57.654+0000] {dag.py:2915} INFO - Sync 1 DAGs
[2023-09-28T15:23:57.672+0000] {logging_mixin.py:151} INFO - [2023-09-28T15:23:57.671+0000] {dag.py:3696} INFO - Setting next_dagrun for example_setup_teardown_taskflow to 2023-09-27T15:23:57.671614+00:00, run_after=2023-09-28T15:23:57.671614+00:00
[2023-09-28T15:23:57.692+0000] {processor.py:179} INFO - Processing /home/ubuntu/airflow_venv/lib/python3.10/site-packages/airflow/example_dags/example_setup_teardown_taskflow.py took 0.078 seconds
[2023-09-28T15:24:46.067+0000] {processor.py:157} INFO - Started process (PID=3490) to work on /home/ubuntu/airflow_venv/lib/python3.10/site-packages/airflow/example_dags/example_setup_teardown_taskflow.py
[2023-09-28T15:24:46.068+0000] {processor.py:829} INFO - Processing file /home/ubuntu/airflow_venv/lib/python3.10/site-packages/airflow/example_dags/example_setup_teardown_taskflow.py for tasks to queue
[2023-09-28T15:24:46.069+0000] {logging_mixin.py:151} INFO - [2023-09-28T15:24:46.069+0000] {dagbag.py:539} INFO - Filling up the DagBag from /home/ubuntu/airflow_venv/lib/python3.10/site-packages/airflow/example_dags/example_setup_teardown_taskflow.py
[2023-09-28T15:24:46.079+0000] {processor.py:839} INFO - DAG(s) dict_keys(['example_setup_teardown_taskflow']) retrieved from /home/ubuntu/airflow_venv/lib/python3.10/site-packages/airflow/example_dags/example_setup_teardown_taskflow.py
[2023-09-28T15:24:46.096+0000] {logging_mixin.py:151} INFO - [2023-09-28T15:24:46.096+0000] {dag.py:2915} INFO - Sync 1 DAGs
[2023-09-28T15:24:46.115+0000] {logging_mixin.py:151} INFO - [2023-09-28T15:24:46.115+0000] {dag.py:3696} INFO - Setting next_dagrun for example_setup_teardown_taskflow to 2023-09-27T15:24:46.114981+00:00, run_after=2023-09-28T15:24:46.114981+00:00
[2023-09-28T15:24:46.278+0000] {processor.py:179} INFO - Processing /home/ubuntu/airflow_venv/lib/python3.10/site-packages/airflow/example_dags/example_setup_teardown_taskflow.py took 0.214 seconds
[2023-09-28T15:28:28.490+0000] {processor.py:157} INFO - Started process (PID=3599) to work on /home/ubuntu/airflow_venv/lib/python3.10/site-packages/airflow/example_dags/example_setup_teardown_taskflow.py
[2023-09-28T15:28:28.491+0000] {processor.py:829} INFO - Processing file /home/ubuntu/airflow_venv/lib/python3.10/site-packages/airflow/example_dags/example_setup_teardown_taskflow.py for tasks to queue
[2023-09-28T15:28:28.492+0000] {logging_mixin.py:151} INFO - [2023-09-28T15:28:28.492+0000] {dagbag.py:539} INFO - Filling up the DagBag from /home/ubuntu/airflow_venv/lib/python3.10/site-packages/airflow/example_dags/example_setup_teardown_taskflow.py
[2023-09-28T15:28:28.647+0000] {processor.py:839} INFO - DAG(s) dict_keys(['example_setup_teardown_taskflow']) retrieved from /home/ubuntu/airflow_venv/lib/python3.10/site-packages/airflow/example_dags/example_setup_teardown_taskflow.py
[2023-09-28T15:28:28.659+0000] {logging_mixin.py:151} INFO - [2023-09-28T15:28:28.659+0000] {dag.py:2915} INFO - Sync 1 DAGs
[2023-09-28T15:28:28.675+0000] {logging_mixin.py:151} INFO - [2023-09-28T15:28:28.675+0000] {dag.py:3696} INFO - Setting next_dagrun for example_setup_teardown_taskflow to 2023-09-27T15:28:28.675093+00:00, run_after=2023-09-28T15:28:28.675093+00:00
[2023-09-28T15:28:28.694+0000] {processor.py:179} INFO - Processing /home/ubuntu/airflow_venv/lib/python3.10/site-packages/airflow/example_dags/example_setup_teardown_taskflow.py took 0.208 seconds
