[2023-09-28T10:47:37.807+0000] {processor.py:157} INFO - Started process (PID=1483) to work on /home/ubuntu/airflow_venv/lib/python3.10/site-packages/airflow/example_dags/example_dag_decorator.py
[2023-09-28T10:47:37.808+0000] {processor.py:829} INFO - Processing file /home/ubuntu/airflow_venv/lib/python3.10/site-packages/airflow/example_dags/example_dag_decorator.py for tasks to queue
[2023-09-28T10:47:37.809+0000] {logging_mixin.py:151} INFO - [2023-09-28T10:47:37.809+0000] {dagbag.py:539} INFO - Filling up the DagBag from /home/ubuntu/airflow_venv/lib/python3.10/site-packages/airflow/example_dags/example_dag_decorator.py
[2023-09-28T10:47:37.825+0000] {processor.py:839} INFO - DAG(s) dict_keys(['example_dag_decorator']) retrieved from /home/ubuntu/airflow_venv/lib/python3.10/site-packages/airflow/example_dags/example_dag_decorator.py
[2023-09-28T10:47:38.200+0000] {logging_mixin.py:151} INFO - [2023-09-28T10:47:38.199+0000] {security.py:708} INFO - Not syncing DAG-level permissions for DAG 'DAG:example_dag_decorator' as access control is unset.
[2023-09-28T10:47:38.200+0000] {logging_mixin.py:151} INFO - [2023-09-28T10:47:38.200+0000] {dag.py:2915} INFO - Sync 1 DAGs
[2023-09-28T10:47:38.222+0000] {logging_mixin.py:151} INFO - [2023-09-28T10:47:38.221+0000] {dag.py:3696} INFO - Setting next_dagrun for example_dag_decorator to None, run_after=None
[2023-09-28T10:47:38.249+0000] {processor.py:179} INFO - Processing /home/ubuntu/airflow_venv/lib/python3.10/site-packages/airflow/example_dags/example_dag_decorator.py took 0.446 seconds
[2023-09-28T10:48:46.140+0000] {processor.py:157} INFO - Started process (PID=1547) to work on /home/ubuntu/airflow_venv/lib/python3.10/site-packages/airflow/example_dags/example_dag_decorator.py
[2023-09-28T10:48:46.141+0000] {processor.py:829} INFO - Processing file /home/ubuntu/airflow_venv/lib/python3.10/site-packages/airflow/example_dags/example_dag_decorator.py for tasks to queue
[2023-09-28T10:48:46.148+0000] {logging_mixin.py:151} INFO - [2023-09-28T10:48:46.145+0000] {dagbag.py:539} INFO - Filling up the DagBag from /home/ubuntu/airflow_venv/lib/python3.10/site-packages/airflow/example_dags/example_dag_decorator.py
[2023-09-28T10:48:46.162+0000] {processor.py:839} INFO - DAG(s) dict_keys(['example_dag_decorator']) retrieved from /home/ubuntu/airflow_venv/lib/python3.10/site-packages/airflow/example_dags/example_dag_decorator.py
[2023-09-28T10:48:46.400+0000] {logging_mixin.py:151} INFO - [2023-09-28T10:48:46.400+0000] {security.py:708} INFO - Not syncing DAG-level permissions for DAG 'DAG:example_dag_decorator' as access control is unset.
[2023-09-28T10:48:46.400+0000] {logging_mixin.py:151} INFO - [2023-09-28T10:48:46.400+0000] {dag.py:2915} INFO - Sync 1 DAGs
[2023-09-28T10:48:46.408+0000] {logging_mixin.py:151} INFO - [2023-09-28T10:48:46.407+0000] {dag.py:3696} INFO - Setting next_dagrun for example_dag_decorator to None, run_after=None
[2023-09-28T10:48:46.426+0000] {processor.py:179} INFO - Processing /home/ubuntu/airflow_venv/lib/python3.10/site-packages/airflow/example_dags/example_dag_decorator.py took 0.289 seconds
[2023-09-28T10:49:42.446+0000] {processor.py:157} INFO - Started process (PID=1702) to work on /home/ubuntu/airflow_venv/lib/python3.10/site-packages/airflow/example_dags/example_dag_decorator.py
[2023-09-28T10:49:42.448+0000] {processor.py:829} INFO - Processing file /home/ubuntu/airflow_venv/lib/python3.10/site-packages/airflow/example_dags/example_dag_decorator.py for tasks to queue
[2023-09-28T10:49:42.449+0000] {logging_mixin.py:151} INFO - [2023-09-28T10:49:42.448+0000] {dagbag.py:539} INFO - Filling up the DagBag from /home/ubuntu/airflow_venv/lib/python3.10/site-packages/airflow/example_dags/example_dag_decorator.py
[2023-09-28T10:49:42.463+0000] {processor.py:839} INFO - DAG(s) dict_keys(['example_dag_decorator']) retrieved from /home/ubuntu/airflow_venv/lib/python3.10/site-packages/airflow/example_dags/example_dag_decorator.py
[2023-09-28T10:49:42.572+0000] {logging_mixin.py:151} INFO - [2023-09-28T10:49:42.571+0000] {security.py:708} INFO - Not syncing DAG-level permissions for DAG 'DAG:example_dag_decorator' as access control is unset.
[2023-09-28T10:49:42.572+0000] {logging_mixin.py:151} INFO - [2023-09-28T10:49:42.572+0000] {dag.py:2915} INFO - Sync 1 DAGs
[2023-09-28T10:49:42.580+0000] {logging_mixin.py:151} INFO - [2023-09-28T10:49:42.580+0000] {dag.py:3696} INFO - Setting next_dagrun for example_dag_decorator to None, run_after=None
[2023-09-28T10:49:42.603+0000] {processor.py:179} INFO - Processing /home/ubuntu/airflow_venv/lib/python3.10/site-packages/airflow/example_dags/example_dag_decorator.py took 0.160 seconds
[2023-09-28T11:06:02.708+0000] {processor.py:157} INFO - Started process (PID=2208) to work on /home/ubuntu/airflow_venv/lib/python3.10/site-packages/airflow/example_dags/example_dag_decorator.py
[2023-09-28T11:06:02.709+0000] {processor.py:829} INFO - Processing file /home/ubuntu/airflow_venv/lib/python3.10/site-packages/airflow/example_dags/example_dag_decorator.py for tasks to queue
[2023-09-28T11:06:02.710+0000] {logging_mixin.py:151} INFO - [2023-09-28T11:06:02.710+0000] {dagbag.py:539} INFO - Filling up the DagBag from /home/ubuntu/airflow_venv/lib/python3.10/site-packages/airflow/example_dags/example_dag_decorator.py
[2023-09-28T11:06:02.730+0000] {processor.py:839} INFO - DAG(s) dict_keys(['example_dag_decorator']) retrieved from /home/ubuntu/airflow_venv/lib/python3.10/site-packages/airflow/example_dags/example_dag_decorator.py
[2023-09-28T11:06:03.132+0000] {logging_mixin.py:151} INFO - [2023-09-28T11:06:03.131+0000] {security.py:708} INFO - Not syncing DAG-level permissions for DAG 'DAG:example_dag_decorator' as access control is unset.
[2023-09-28T11:06:03.132+0000] {logging_mixin.py:151} INFO - [2023-09-28T11:06:03.132+0000] {dag.py:2915} INFO - Sync 1 DAGs
[2023-09-28T11:06:03.141+0000] {logging_mixin.py:151} INFO - [2023-09-28T11:06:03.141+0000] {dag.py:3696} INFO - Setting next_dagrun for example_dag_decorator to None, run_after=None
[2023-09-28T11:06:03.165+0000] {processor.py:179} INFO - Processing /home/ubuntu/airflow_venv/lib/python3.10/site-packages/airflow/example_dags/example_dag_decorator.py took 0.461 seconds
[2023-09-28T15:01:07.106+0000] {processor.py:157} INFO - Started process (PID=1821) to work on /home/ubuntu/airflow_venv/lib/python3.10/site-packages/airflow/example_dags/example_dag_decorator.py
[2023-09-28T15:01:07.107+0000] {processor.py:829} INFO - Processing file /home/ubuntu/airflow_venv/lib/python3.10/site-packages/airflow/example_dags/example_dag_decorator.py for tasks to queue
[2023-09-28T15:01:07.109+0000] {logging_mixin.py:151} INFO - [2023-09-28T15:01:07.108+0000] {dagbag.py:539} INFO - Filling up the DagBag from /home/ubuntu/airflow_venv/lib/python3.10/site-packages/airflow/example_dags/example_dag_decorator.py
[2023-09-28T15:01:07.129+0000] {processor.py:839} INFO - DAG(s) dict_keys(['example_dag_decorator']) retrieved from /home/ubuntu/airflow_venv/lib/python3.10/site-packages/airflow/example_dags/example_dag_decorator.py
[2023-09-28T15:01:07.458+0000] {logging_mixin.py:151} INFO - [2023-09-28T15:01:07.458+0000] {security.py:708} INFO - Not syncing DAG-level permissions for DAG 'DAG:example_dag_decorator' as access control is unset.
[2023-09-28T15:01:07.458+0000] {logging_mixin.py:151} INFO - [2023-09-28T15:01:07.458+0000] {dag.py:2915} INFO - Sync 1 DAGs
[2023-09-28T15:01:07.467+0000] {logging_mixin.py:151} INFO - [2023-09-28T15:01:07.467+0000] {dag.py:3696} INFO - Setting next_dagrun for example_dag_decorator to None, run_after=None
[2023-09-28T15:01:07.500+0000] {processor.py:179} INFO - Processing /home/ubuntu/airflow_venv/lib/python3.10/site-packages/airflow/example_dags/example_dag_decorator.py took 0.398 seconds
[2023-09-28T15:18:11.493+0000] {processor.py:157} INFO - Started process (PID=3241) to work on /home/ubuntu/airflow_venv/lib/python3.10/site-packages/airflow/example_dags/example_dag_decorator.py
[2023-09-28T15:18:11.496+0000] {processor.py:829} INFO - Processing file /home/ubuntu/airflow_venv/lib/python3.10/site-packages/airflow/example_dags/example_dag_decorator.py for tasks to queue
[2023-09-28T15:18:11.498+0000] {logging_mixin.py:151} INFO - [2023-09-28T15:18:11.498+0000] {dagbag.py:539} INFO - Filling up the DagBag from /home/ubuntu/airflow_venv/lib/python3.10/site-packages/airflow/example_dags/example_dag_decorator.py
[2023-09-28T15:18:11.529+0000] {processor.py:839} INFO - DAG(s) dict_keys(['example_dag_decorator']) retrieved from /home/ubuntu/airflow_venv/lib/python3.10/site-packages/airflow/example_dags/example_dag_decorator.py
[2023-09-28T15:18:11.904+0000] {logging_mixin.py:151} INFO - [2023-09-28T15:18:11.903+0000] {security.py:708} INFO - Not syncing DAG-level permissions for DAG 'DAG:example_dag_decorator' as access control is unset.
[2023-09-28T15:18:11.904+0000] {logging_mixin.py:151} INFO - [2023-09-28T15:18:11.904+0000] {dag.py:2915} INFO - Sync 1 DAGs
[2023-09-28T15:18:11.917+0000] {logging_mixin.py:151} INFO - [2023-09-28T15:18:11.917+0000] {dag.py:3696} INFO - Setting next_dagrun for example_dag_decorator to None, run_after=None
[2023-09-28T15:18:11.956+0000] {processor.py:179} INFO - Processing /home/ubuntu/airflow_venv/lib/python3.10/site-packages/airflow/example_dags/example_dag_decorator.py took 0.474 seconds
[2023-09-28T15:24:10.687+0000] {processor.py:157} INFO - Started process (PID=3456) to work on /home/ubuntu/airflow_venv/lib/python3.10/site-packages/airflow/example_dags/example_dag_decorator.py
[2023-09-28T15:24:10.688+0000] {processor.py:829} INFO - Processing file /home/ubuntu/airflow_venv/lib/python3.10/site-packages/airflow/example_dags/example_dag_decorator.py for tasks to queue
[2023-09-28T15:24:10.689+0000] {logging_mixin.py:151} INFO - [2023-09-28T15:24:10.689+0000] {dagbag.py:539} INFO - Filling up the DagBag from /home/ubuntu/airflow_venv/lib/python3.10/site-packages/airflow/example_dags/example_dag_decorator.py
[2023-09-28T15:24:10.702+0000] {processor.py:839} INFO - DAG(s) dict_keys(['example_dag_decorator']) retrieved from /home/ubuntu/airflow_venv/lib/python3.10/site-packages/airflow/example_dags/example_dag_decorator.py
[2023-09-28T15:24:10.931+0000] {logging_mixin.py:151} INFO - [2023-09-28T15:24:10.931+0000] {security.py:708} INFO - Not syncing DAG-level permissions for DAG 'DAG:example_dag_decorator' as access control is unset.
[2023-09-28T15:24:10.931+0000] {logging_mixin.py:151} INFO - [2023-09-28T15:24:10.931+0000] {dag.py:2915} INFO - Sync 1 DAGs
[2023-09-28T15:24:10.939+0000] {logging_mixin.py:151} INFO - [2023-09-28T15:24:10.939+0000] {dag.py:3696} INFO - Setting next_dagrun for example_dag_decorator to None, run_after=None
[2023-09-28T15:24:10.959+0000] {processor.py:179} INFO - Processing /home/ubuntu/airflow_venv/lib/python3.10/site-packages/airflow/example_dags/example_dag_decorator.py took 0.275 seconds
[2023-09-28T15:25:12.528+0000] {processor.py:157} INFO - Started process (PID=3513) to work on /home/ubuntu/airflow_venv/lib/python3.10/site-packages/airflow/example_dags/example_dag_decorator.py
[2023-09-28T15:25:12.530+0000] {processor.py:829} INFO - Processing file /home/ubuntu/airflow_venv/lib/python3.10/site-packages/airflow/example_dags/example_dag_decorator.py for tasks to queue
[2023-09-28T15:25:12.531+0000] {logging_mixin.py:151} INFO - [2023-09-28T15:25:12.530+0000] {dagbag.py:539} INFO - Filling up the DagBag from /home/ubuntu/airflow_venv/lib/python3.10/site-packages/airflow/example_dags/example_dag_decorator.py
[2023-09-28T15:25:12.545+0000] {processor.py:839} INFO - DAG(s) dict_keys(['example_dag_decorator']) retrieved from /home/ubuntu/airflow_venv/lib/python3.10/site-packages/airflow/example_dags/example_dag_decorator.py
[2023-09-28T15:25:13.410+0000] {logging_mixin.py:151} INFO - [2023-09-28T15:25:13.397+0000] {security.py:708} INFO - Not syncing DAG-level permissions for DAG 'DAG:example_dag_decorator' as access control is unset.
[2023-09-28T15:25:13.411+0000] {logging_mixin.py:151} INFO - [2023-09-28T15:25:13.411+0000] {dag.py:2915} INFO - Sync 1 DAGs
[2023-09-28T15:25:13.431+0000] {logging_mixin.py:151} INFO - [2023-09-28T15:25:13.430+0000] {dag.py:3696} INFO - Setting next_dagrun for example_dag_decorator to None, run_after=None
[2023-09-28T15:25:13.462+0000] {processor.py:179} INFO - Processing /home/ubuntu/airflow_venv/lib/python3.10/site-packages/airflow/example_dags/example_dag_decorator.py took 0.938 seconds
