[2023-09-28T09:28:20.026+0000] {processor.py:157} INFO - Started process (PID=51144) to work on /home/ubuntu/airflow_venv/lib/python3.10/site-packages/airflow/example_dags/example_trigger_target_dag.py
[2023-09-28T09:28:20.027+0000] {processor.py:829} INFO - Processing file /home/ubuntu/airflow_venv/lib/python3.10/site-packages/airflow/example_dags/example_trigger_target_dag.py for tasks to queue
[2023-09-28T09:28:20.028+0000] {logging_mixin.py:151} INFO - [2023-09-28T09:28:20.028+0000] {dagbag.py:539} INFO - Filling up the DagBag from /home/ubuntu/airflow_venv/lib/python3.10/site-packages/airflow/example_dags/example_trigger_target_dag.py
[2023-09-28T09:28:20.038+0000] {processor.py:839} INFO - DAG(s) dict_keys(['example_trigger_target_dag']) retrieved from /home/ubuntu/airflow_venv/lib/python3.10/site-packages/airflow/example_dags/example_trigger_target_dag.py
[2023-09-28T09:28:20.069+0000] {logging_mixin.py:151} INFO - [2023-09-28T09:28:20.069+0000] {dag.py:2915} INFO - Sync 1 DAGs
[2023-09-28T09:28:20.082+0000] {logging_mixin.py:151} INFO - [2023-09-28T09:28:20.082+0000] {dag.py:3696} INFO - Setting next_dagrun for example_trigger_target_dag to None, run_after=None
[2023-09-28T09:28:20.106+0000] {processor.py:179} INFO - Processing /home/ubuntu/airflow_venv/lib/python3.10/site-packages/airflow/example_dags/example_trigger_target_dag.py took 0.084 seconds
[2023-09-28T10:47:21.618+0000] {processor.py:157} INFO - Started process (PID=1390) to work on /home/ubuntu/airflow_venv/lib/python3.10/site-packages/airflow/example_dags/example_trigger_target_dag.py
[2023-09-28T10:47:21.621+0000] {processor.py:829} INFO - Processing file /home/ubuntu/airflow_venv/lib/python3.10/site-packages/airflow/example_dags/example_trigger_target_dag.py for tasks to queue
[2023-09-28T10:47:21.625+0000] {logging_mixin.py:151} INFO - [2023-09-28T10:47:21.624+0000] {dagbag.py:539} INFO - Filling up the DagBag from /home/ubuntu/airflow_venv/lib/python3.10/site-packages/airflow/example_dags/example_trigger_target_dag.py
[2023-09-28T10:47:21.640+0000] {processor.py:839} INFO - DAG(s) dict_keys(['example_trigger_target_dag']) retrieved from /home/ubuntu/airflow_venv/lib/python3.10/site-packages/airflow/example_dags/example_trigger_target_dag.py
[2023-09-28T10:47:21.727+0000] {logging_mixin.py:151} INFO - [2023-09-28T10:47:21.727+0000] {dag.py:2915} INFO - Sync 1 DAGs
[2023-09-28T10:47:21.781+0000] {logging_mixin.py:151} INFO - [2023-09-28T10:47:21.781+0000] {dag.py:3696} INFO - Setting next_dagrun for example_trigger_target_dag to None, run_after=None
[2023-09-28T10:47:21.835+0000] {processor.py:179} INFO - Processing /home/ubuntu/airflow_venv/lib/python3.10/site-packages/airflow/example_dags/example_trigger_target_dag.py took 0.238 seconds
[2023-09-28T10:48:11.150+0000] {processor.py:157} INFO - Started process (PID=1515) to work on /home/ubuntu/airflow_venv/lib/python3.10/site-packages/airflow/example_dags/example_trigger_target_dag.py
[2023-09-28T10:48:11.151+0000] {processor.py:829} INFO - Processing file /home/ubuntu/airflow_venv/lib/python3.10/site-packages/airflow/example_dags/example_trigger_target_dag.py for tasks to queue
[2023-09-28T10:48:11.152+0000] {logging_mixin.py:151} INFO - [2023-09-28T10:48:11.152+0000] {dagbag.py:539} INFO - Filling up the DagBag from /home/ubuntu/airflow_venv/lib/python3.10/site-packages/airflow/example_dags/example_trigger_target_dag.py
[2023-09-28T10:48:11.160+0000] {processor.py:839} INFO - DAG(s) dict_keys(['example_trigger_target_dag']) retrieved from /home/ubuntu/airflow_venv/lib/python3.10/site-packages/airflow/example_dags/example_trigger_target_dag.py
[2023-09-28T10:48:11.180+0000] {logging_mixin.py:151} INFO - [2023-09-28T10:48:11.180+0000] {dag.py:2915} INFO - Sync 1 DAGs
[2023-09-28T10:48:11.191+0000] {logging_mixin.py:151} INFO - [2023-09-28T10:48:11.191+0000] {dag.py:3696} INFO - Setting next_dagrun for example_trigger_target_dag to None, run_after=None
[2023-09-28T10:48:11.213+0000] {processor.py:179} INFO - Processing /home/ubuntu/airflow_venv/lib/python3.10/site-packages/airflow/example_dags/example_trigger_target_dag.py took 0.066 seconds
[2023-09-28T10:49:06.860+0000] {processor.py:157} INFO - Started process (PID=1565) to work on /home/ubuntu/airflow_venv/lib/python3.10/site-packages/airflow/example_dags/example_trigger_target_dag.py
[2023-09-28T10:49:06.862+0000] {processor.py:829} INFO - Processing file /home/ubuntu/airflow_venv/lib/python3.10/site-packages/airflow/example_dags/example_trigger_target_dag.py for tasks to queue
[2023-09-28T10:49:06.862+0000] {logging_mixin.py:151} INFO - [2023-09-28T10:49:06.862+0000] {dagbag.py:539} INFO - Filling up the DagBag from /home/ubuntu/airflow_venv/lib/python3.10/site-packages/airflow/example_dags/example_trigger_target_dag.py
[2023-09-28T10:49:06.869+0000] {processor.py:839} INFO - DAG(s) dict_keys(['example_trigger_target_dag']) retrieved from /home/ubuntu/airflow_venv/lib/python3.10/site-packages/airflow/example_dags/example_trigger_target_dag.py
[2023-09-28T10:49:07.030+0000] {logging_mixin.py:151} INFO - [2023-09-28T10:49:07.029+0000] {dag.py:2915} INFO - Sync 1 DAGs
[2023-09-28T10:49:07.039+0000] {logging_mixin.py:151} INFO - [2023-09-28T10:49:07.039+0000] {dag.py:3696} INFO - Setting next_dagrun for example_trigger_target_dag to None, run_after=None
[2023-09-28T10:49:07.057+0000] {processor.py:179} INFO - Processing /home/ubuntu/airflow_venv/lib/python3.10/site-packages/airflow/example_dags/example_trigger_target_dag.py took 0.204 seconds
[2023-09-28T10:54:18.473+0000] {processor.py:157} INFO - Started process (PID=2008) to work on /home/ubuntu/airflow_venv/lib/python3.10/site-packages/airflow/example_dags/example_trigger_target_dag.py
[2023-09-28T10:54:19.223+0000] {processor.py:829} INFO - Processing file /home/ubuntu/airflow_venv/lib/python3.10/site-packages/airflow/example_dags/example_trigger_target_dag.py for tasks to queue
[2023-09-28T10:54:45.448+0000] {logging_mixin.py:151} INFO - [2023-09-28T10:54:19.804+0000] {dagbag.py:539} INFO - Filling up the DagBag from /home/ubuntu/airflow_venv/lib/python3.10/site-packages/airflow/example_dags/example_trigger_target_dag.py
[2023-09-28T10:57:43.625+0000] {logging_mixin.py:151} INFO - [2023-09-28T10:57:22.071+0000] {timeout.py:68} ERROR - Process timed out, PID: 2008
[2023-09-28T10:57:43.693+0000] {logging_mixin.py:151} INFO - [2023-09-28T10:57:43.639+0000] {dagbag.py:347} ERROR - Failed to import: /home/ubuntu/airflow_venv/lib/python3.10/site-packages/airflow/example_dags/example_trigger_target_dag.py
Traceback (most recent call last):
  File "/home/ubuntu/airflow_venv/lib/python3.10/site-packages/airflow/models/dagbag.py", line 343, in parse
    loader.exec_module(new_module)
  File "<frozen importlib._bootstrap_external>", line 879, in exec_module
  File "<frozen importlib._bootstrap_external>", line 964, in get_code
  File "<frozen importlib._bootstrap_external>", line 418, in cache_from_source
  File "/home/ubuntu/airflow_venv/lib/python3.10/site-packages/airflow/utils/timeout.py", line 69, in handle_timeout
    raise AirflowTaskTimeout(self.error_message)
airflow.exceptions.AirflowTaskTimeout: DagBag import timeout for /home/ubuntu/airflow_venv/lib/python3.10/site-packages/airflow/example_dags/example_trigger_target_dag.py after 30.0s.
Please take a look at these docs to improve your DAG import time:
* https://airflow.apache.org/docs/apache-airflow/2.7.1/best-practices.html#top-level-python-code
* https://airflow.apache.org/docs/apache-airflow/2.7.1/best-practices.html#reducing-dag-complexity, PID: 2008
[2023-09-28T10:57:43.708+0000] {processor.py:841} WARNING - No viable dags retrieved from /home/ubuntu/airflow_venv/lib/python3.10/site-packages/airflow/example_dags/example_trigger_target_dag.py
[2023-09-28T10:57:44.010+0000] {processor.py:179} INFO - Processing /home/ubuntu/airflow_venv/lib/python3.10/site-packages/airflow/example_dags/example_trigger_target_dag.py took 205.574 seconds
[2023-09-28T11:05:45.811+0000] {processor.py:157} INFO - Started process (PID=2188) to work on /home/ubuntu/airflow_venv/lib/python3.10/site-packages/airflow/example_dags/example_trigger_target_dag.py
[2023-09-28T11:05:45.813+0000] {processor.py:829} INFO - Processing file /home/ubuntu/airflow_venv/lib/python3.10/site-packages/airflow/example_dags/example_trigger_target_dag.py for tasks to queue
[2023-09-28T11:05:45.815+0000] {logging_mixin.py:151} INFO - [2023-09-28T11:05:45.814+0000] {dagbag.py:539} INFO - Filling up the DagBag from /home/ubuntu/airflow_venv/lib/python3.10/site-packages/airflow/example_dags/example_trigger_target_dag.py
[2023-09-28T11:05:45.822+0000] {processor.py:839} INFO - DAG(s) dict_keys(['example_trigger_target_dag']) retrieved from /home/ubuntu/airflow_venv/lib/python3.10/site-packages/airflow/example_dags/example_trigger_target_dag.py
[2023-09-28T11:05:45.840+0000] {logging_mixin.py:151} INFO - [2023-09-28T11:05:45.840+0000] {dag.py:2915} INFO - Sync 1 DAGs
[2023-09-28T11:05:45.856+0000] {logging_mixin.py:151} INFO - [2023-09-28T11:05:45.856+0000] {dag.py:3696} INFO - Setting next_dagrun for example_trigger_target_dag to None, run_after=None
[2023-09-28T11:05:45.884+0000] {processor.py:179} INFO - Processing /home/ubuntu/airflow_venv/lib/python3.10/site-packages/airflow/example_dags/example_trigger_target_dag.py took 0.083 seconds
[2023-09-28T15:00:49.760+0000] {processor.py:157} INFO - Started process (PID=1804) to work on /home/ubuntu/airflow_venv/lib/python3.10/site-packages/airflow/example_dags/example_trigger_target_dag.py
[2023-09-28T15:00:49.761+0000] {processor.py:829} INFO - Processing file /home/ubuntu/airflow_venv/lib/python3.10/site-packages/airflow/example_dags/example_trigger_target_dag.py for tasks to queue
[2023-09-28T15:00:49.762+0000] {logging_mixin.py:151} INFO - [2023-09-28T15:00:49.761+0000] {dagbag.py:539} INFO - Filling up the DagBag from /home/ubuntu/airflow_venv/lib/python3.10/site-packages/airflow/example_dags/example_trigger_target_dag.py
[2023-09-28T15:00:49.767+0000] {processor.py:839} INFO - DAG(s) dict_keys(['example_trigger_target_dag']) retrieved from /home/ubuntu/airflow_venv/lib/python3.10/site-packages/airflow/example_dags/example_trigger_target_dag.py
[2023-09-28T15:00:49.784+0000] {logging_mixin.py:151} INFO - [2023-09-28T15:00:49.784+0000] {dag.py:2915} INFO - Sync 1 DAGs
[2023-09-28T15:00:49.796+0000] {logging_mixin.py:151} INFO - [2023-09-28T15:00:49.796+0000] {dag.py:3696} INFO - Setting next_dagrun for example_trigger_target_dag to None, run_after=None
[2023-09-28T15:00:49.815+0000] {processor.py:179} INFO - Processing /home/ubuntu/airflow_venv/lib/python3.10/site-packages/airflow/example_dags/example_trigger_target_dag.py took 0.058 seconds
[2023-09-28T15:01:40.344+0000] {processor.py:157} INFO - Started process (PID=1852) to work on /home/ubuntu/airflow_venv/lib/python3.10/site-packages/airflow/example_dags/example_trigger_target_dag.py
[2023-09-28T15:01:40.345+0000] {processor.py:829} INFO - Processing file /home/ubuntu/airflow_venv/lib/python3.10/site-packages/airflow/example_dags/example_trigger_target_dag.py for tasks to queue
[2023-09-28T15:01:40.346+0000] {logging_mixin.py:151} INFO - [2023-09-28T15:01:40.346+0000] {dagbag.py:539} INFO - Filling up the DagBag from /home/ubuntu/airflow_venv/lib/python3.10/site-packages/airflow/example_dags/example_trigger_target_dag.py
[2023-09-28T15:01:40.353+0000] {processor.py:839} INFO - DAG(s) dict_keys(['example_trigger_target_dag']) retrieved from /home/ubuntu/airflow_venv/lib/python3.10/site-packages/airflow/example_dags/example_trigger_target_dag.py
[2023-09-28T15:01:40.369+0000] {logging_mixin.py:151} INFO - [2023-09-28T15:01:40.369+0000] {dag.py:2915} INFO - Sync 1 DAGs
[2023-09-28T15:01:40.382+0000] {logging_mixin.py:151} INFO - [2023-09-28T15:01:40.381+0000] {dag.py:3696} INFO - Setting next_dagrun for example_trigger_target_dag to None, run_after=None
[2023-09-28T15:01:40.402+0000] {processor.py:179} INFO - Processing /home/ubuntu/airflow_venv/lib/python3.10/site-packages/airflow/example_dags/example_trigger_target_dag.py took 0.061 seconds
[2023-09-28T15:17:53.654+0000] {processor.py:157} INFO - Started process (PID=3221) to work on /home/ubuntu/airflow_venv/lib/python3.10/site-packages/airflow/example_dags/example_trigger_target_dag.py
[2023-09-28T15:17:53.656+0000] {processor.py:829} INFO - Processing file /home/ubuntu/airflow_venv/lib/python3.10/site-packages/airflow/example_dags/example_trigger_target_dag.py for tasks to queue
[2023-09-28T15:17:53.656+0000] {logging_mixin.py:151} INFO - [2023-09-28T15:17:53.656+0000] {dagbag.py:539} INFO - Filling up the DagBag from /home/ubuntu/airflow_venv/lib/python3.10/site-packages/airflow/example_dags/example_trigger_target_dag.py
[2023-09-28T15:17:53.663+0000] {processor.py:839} INFO - DAG(s) dict_keys(['example_trigger_target_dag']) retrieved from /home/ubuntu/airflow_venv/lib/python3.10/site-packages/airflow/example_dags/example_trigger_target_dag.py
[2023-09-28T15:17:53.681+0000] {logging_mixin.py:151} INFO - [2023-09-28T15:17:53.681+0000] {dag.py:2915} INFO - Sync 1 DAGs
[2023-09-28T15:17:53.694+0000] {logging_mixin.py:151} INFO - [2023-09-28T15:17:53.693+0000] {dag.py:3696} INFO - Setting next_dagrun for example_trigger_target_dag to None, run_after=None
[2023-09-28T15:17:53.715+0000] {processor.py:179} INFO - Processing /home/ubuntu/airflow_venv/lib/python3.10/site-packages/airflow/example_dags/example_trigger_target_dag.py took 0.065 seconds
[2023-09-28T15:23:54.048+0000] {processor.py:157} INFO - Started process (PID=3436) to work on /home/ubuntu/airflow_venv/lib/python3.10/site-packages/airflow/example_dags/example_trigger_target_dag.py
[2023-09-28T15:23:54.050+0000] {processor.py:829} INFO - Processing file /home/ubuntu/airflow_venv/lib/python3.10/site-packages/airflow/example_dags/example_trigger_target_dag.py for tasks to queue
[2023-09-28T15:23:54.051+0000] {logging_mixin.py:151} INFO - [2023-09-28T15:23:54.050+0000] {dagbag.py:539} INFO - Filling up the DagBag from /home/ubuntu/airflow_venv/lib/python3.10/site-packages/airflow/example_dags/example_trigger_target_dag.py
[2023-09-28T15:23:54.057+0000] {processor.py:839} INFO - DAG(s) dict_keys(['example_trigger_target_dag']) retrieved from /home/ubuntu/airflow_venv/lib/python3.10/site-packages/airflow/example_dags/example_trigger_target_dag.py
[2023-09-28T15:23:54.079+0000] {logging_mixin.py:151} INFO - [2023-09-28T15:23:54.078+0000] {dag.py:2915} INFO - Sync 1 DAGs
[2023-09-28T15:23:54.094+0000] {logging_mixin.py:151} INFO - [2023-09-28T15:23:54.093+0000] {dag.py:3696} INFO - Setting next_dagrun for example_trigger_target_dag to None, run_after=None
[2023-09-28T15:23:54.115+0000] {processor.py:179} INFO - Processing /home/ubuntu/airflow_venv/lib/python3.10/site-packages/airflow/example_dags/example_trigger_target_dag.py took 0.069 seconds
[2023-09-28T15:24:43.420+0000] {processor.py:157} INFO - Started process (PID=3487) to work on /home/ubuntu/airflow_venv/lib/python3.10/site-packages/airflow/example_dags/example_trigger_target_dag.py
[2023-09-28T15:24:43.422+0000] {processor.py:829} INFO - Processing file /home/ubuntu/airflow_venv/lib/python3.10/site-packages/airflow/example_dags/example_trigger_target_dag.py for tasks to queue
[2023-09-28T15:24:43.425+0000] {logging_mixin.py:151} INFO - [2023-09-28T15:24:43.424+0000] {dagbag.py:539} INFO - Filling up the DagBag from /home/ubuntu/airflow_venv/lib/python3.10/site-packages/airflow/example_dags/example_trigger_target_dag.py
[2023-09-28T15:24:43.438+0000] {processor.py:839} INFO - DAG(s) dict_keys(['example_trigger_target_dag']) retrieved from /home/ubuntu/airflow_venv/lib/python3.10/site-packages/airflow/example_dags/example_trigger_target_dag.py
[2023-09-28T15:24:43.466+0000] {logging_mixin.py:151} INFO - [2023-09-28T15:24:43.466+0000] {dag.py:2915} INFO - Sync 1 DAGs
[2023-09-28T15:24:43.486+0000] {logging_mixin.py:151} INFO - [2023-09-28T15:24:43.483+0000] {dag.py:3696} INFO - Setting next_dagrun for example_trigger_target_dag to None, run_after=None
[2023-09-28T15:24:43.539+0000] {processor.py:179} INFO - Processing /home/ubuntu/airflow_venv/lib/python3.10/site-packages/airflow/example_dags/example_trigger_target_dag.py took 0.124 seconds
[2023-09-28T15:28:24.553+0000] {processor.py:157} INFO - Started process (PID=3596) to work on /home/ubuntu/airflow_venv/lib/python3.10/site-packages/airflow/example_dags/example_trigger_target_dag.py
[2023-09-28T15:28:24.554+0000] {processor.py:829} INFO - Processing file /home/ubuntu/airflow_venv/lib/python3.10/site-packages/airflow/example_dags/example_trigger_target_dag.py for tasks to queue
[2023-09-28T15:28:24.555+0000] {logging_mixin.py:151} INFO - [2023-09-28T15:28:24.555+0000] {dagbag.py:539} INFO - Filling up the DagBag from /home/ubuntu/airflow_venv/lib/python3.10/site-packages/airflow/example_dags/example_trigger_target_dag.py
[2023-09-28T15:28:24.562+0000] {processor.py:839} INFO - DAG(s) dict_keys(['example_trigger_target_dag']) retrieved from /home/ubuntu/airflow_venv/lib/python3.10/site-packages/airflow/example_dags/example_trigger_target_dag.py
[2023-09-28T15:28:24.718+0000] {logging_mixin.py:151} INFO - [2023-09-28T15:28:24.718+0000] {dag.py:2915} INFO - Sync 1 DAGs
[2023-09-28T15:28:24.727+0000] {logging_mixin.py:151} INFO - [2023-09-28T15:28:24.727+0000] {dag.py:3696} INFO - Setting next_dagrun for example_trigger_target_dag to None, run_after=None
[2023-09-28T15:28:24.746+0000] {processor.py:179} INFO - Processing /home/ubuntu/airflow_venv/lib/python3.10/site-packages/airflow/example_dags/example_trigger_target_dag.py took 0.196 seconds
