[2023-09-28T09:28:41.485+0000] {processor.py:157} INFO - Started process (PID=51365) to work on /home/ubuntu/airflow_venv/lib/python3.10/site-packages/airflow/example_dags/example_external_task_marker_dag.py
[2023-09-28T09:28:41.487+0000] {processor.py:829} INFO - Processing file /home/ubuntu/airflow_venv/lib/python3.10/site-packages/airflow/example_dags/example_external_task_marker_dag.py for tasks to queue
[2023-09-28T09:28:41.498+0000] {logging_mixin.py:151} INFO - [2023-09-28T09:28:41.487+0000] {dagbag.py:539} INFO - Filling up the DagBag from /home/ubuntu/airflow_venv/lib/python3.10/site-packages/airflow/example_dags/example_external_task_marker_dag.py
[2023-09-28T09:28:41.512+0000] {processor.py:839} INFO - DAG(s) dict_keys(['example_external_task_marker_child', 'example_external_task_marker_parent']) retrieved from /home/ubuntu/airflow_venv/lib/python3.10/site-packages/airflow/example_dags/example_external_task_marker_dag.py
[2023-09-28T09:28:41.555+0000] {logging_mixin.py:151} INFO - [2023-09-28T09:28:41.555+0000] {dag.py:2915} INFO - Sync 2 DAGs
[2023-09-28T09:28:41.571+0000] {logging_mixin.py:151} INFO - [2023-09-28T09:28:41.570+0000] {dag.py:3696} INFO - Setting next_dagrun for example_external_task_marker_child to None, run_after=None
[2023-09-28T09:28:41.577+0000] {logging_mixin.py:151} INFO - [2023-09-28T09:28:41.576+0000] {dag.py:3696} INFO - Setting next_dagrun for example_external_task_marker_parent to None, run_after=None
[2023-09-28T09:28:41.603+0000] {processor.py:179} INFO - Processing /home/ubuntu/airflow_venv/lib/python3.10/site-packages/airflow/example_dags/example_external_task_marker_dag.py took 0.122 seconds
[2023-09-28T10:47:37.233+0000] {processor.py:157} INFO - Started process (PID=1482) to work on /home/ubuntu/airflow_venv/lib/python3.10/site-packages/airflow/example_dags/example_external_task_marker_dag.py
[2023-09-28T10:47:37.235+0000] {processor.py:829} INFO - Processing file /home/ubuntu/airflow_venv/lib/python3.10/site-packages/airflow/example_dags/example_external_task_marker_dag.py for tasks to queue
[2023-09-28T10:47:37.235+0000] {logging_mixin.py:151} INFO - [2023-09-28T10:47:37.235+0000] {dagbag.py:539} INFO - Filling up the DagBag from /home/ubuntu/airflow_venv/lib/python3.10/site-packages/airflow/example_dags/example_external_task_marker_dag.py
[2023-09-28T10:47:37.243+0000] {processor.py:839} INFO - DAG(s) dict_keys(['example_external_task_marker_child', 'example_external_task_marker_parent']) retrieved from /home/ubuntu/airflow_venv/lib/python3.10/site-packages/airflow/example_dags/example_external_task_marker_dag.py
[2023-09-28T10:47:37.271+0000] {logging_mixin.py:151} INFO - [2023-09-28T10:47:37.271+0000] {dag.py:2915} INFO - Sync 2 DAGs
[2023-09-28T10:47:37.286+0000] {logging_mixin.py:151} INFO - [2023-09-28T10:47:37.286+0000] {dag.py:3696} INFO - Setting next_dagrun for example_external_task_marker_child to None, run_after=None
[2023-09-28T10:47:37.291+0000] {logging_mixin.py:151} INFO - [2023-09-28T10:47:37.291+0000] {dag.py:3696} INFO - Setting next_dagrun for example_external_task_marker_parent to None, run_after=None
[2023-09-28T10:47:37.313+0000] {processor.py:179} INFO - Processing /home/ubuntu/airflow_venv/lib/python3.10/site-packages/airflow/example_dags/example_external_task_marker_dag.py took 0.084 seconds
[2023-09-28T10:48:44.793+0000] {processor.py:157} INFO - Started process (PID=1546) to work on /home/ubuntu/airflow_venv/lib/python3.10/site-packages/airflow/example_dags/example_external_task_marker_dag.py
[2023-09-28T10:48:44.794+0000] {processor.py:829} INFO - Processing file /home/ubuntu/airflow_venv/lib/python3.10/site-packages/airflow/example_dags/example_external_task_marker_dag.py for tasks to queue
[2023-09-28T10:48:44.795+0000] {logging_mixin.py:151} INFO - [2023-09-28T10:48:44.795+0000] {dagbag.py:539} INFO - Filling up the DagBag from /home/ubuntu/airflow_venv/lib/python3.10/site-packages/airflow/example_dags/example_external_task_marker_dag.py
[2023-09-28T10:48:44.801+0000] {processor.py:839} INFO - DAG(s) dict_keys(['example_external_task_marker_parent', 'example_external_task_marker_child']) retrieved from /home/ubuntu/airflow_venv/lib/python3.10/site-packages/airflow/example_dags/example_external_task_marker_dag.py
[2023-09-28T10:48:44.825+0000] {logging_mixin.py:151} INFO - [2023-09-28T10:48:44.825+0000] {dag.py:2915} INFO - Sync 2 DAGs
[2023-09-28T10:48:44.989+0000] {logging_mixin.py:151} INFO - [2023-09-28T10:48:44.989+0000] {dag.py:3696} INFO - Setting next_dagrun for example_external_task_marker_child to None, run_after=None
[2023-09-28T10:48:44.992+0000] {logging_mixin.py:151} INFO - [2023-09-28T10:48:44.992+0000] {dag.py:3696} INFO - Setting next_dagrun for example_external_task_marker_parent to None, run_after=None
[2023-09-28T10:48:45.014+0000] {processor.py:179} INFO - Processing /home/ubuntu/airflow_venv/lib/python3.10/site-packages/airflow/example_dags/example_external_task_marker_dag.py took 0.224 seconds
[2023-09-28T10:49:41.302+0000] {processor.py:157} INFO - Started process (PID=1597) to work on /home/ubuntu/airflow_venv/lib/python3.10/site-packages/airflow/example_dags/example_external_task_marker_dag.py
[2023-09-28T10:49:41.304+0000] {processor.py:829} INFO - Processing file /home/ubuntu/airflow_venv/lib/python3.10/site-packages/airflow/example_dags/example_external_task_marker_dag.py for tasks to queue
[2023-09-28T10:49:41.305+0000] {logging_mixin.py:151} INFO - [2023-09-28T10:49:41.304+0000] {dagbag.py:539} INFO - Filling up the DagBag from /home/ubuntu/airflow_venv/lib/python3.10/site-packages/airflow/example_dags/example_external_task_marker_dag.py
[2023-09-28T10:49:41.312+0000] {processor.py:839} INFO - DAG(s) dict_keys(['example_external_task_marker_parent', 'example_external_task_marker_child']) retrieved from /home/ubuntu/airflow_venv/lib/python3.10/site-packages/airflow/example_dags/example_external_task_marker_dag.py
[2023-09-28T10:49:41.332+0000] {logging_mixin.py:151} INFO - [2023-09-28T10:49:41.332+0000] {dag.py:2915} INFO - Sync 2 DAGs
[2023-09-28T10:49:41.344+0000] {logging_mixin.py:151} INFO - [2023-09-28T10:49:41.343+0000] {dag.py:3696} INFO - Setting next_dagrun for example_external_task_marker_child to None, run_after=None
[2023-09-28T10:49:41.346+0000] {logging_mixin.py:151} INFO - [2023-09-28T10:49:41.346+0000] {dag.py:3696} INFO - Setting next_dagrun for example_external_task_marker_parent to None, run_after=None
[2023-09-28T10:49:41.365+0000] {processor.py:179} INFO - Processing /home/ubuntu/airflow_venv/lib/python3.10/site-packages/airflow/example_dags/example_external_task_marker_dag.py took 0.069 seconds
[2023-09-28T11:06:01.461+0000] {processor.py:157} INFO - Started process (PID=2207) to work on /home/ubuntu/airflow_venv/lib/python3.10/site-packages/airflow/example_dags/example_external_task_marker_dag.py
[2023-09-28T11:06:01.463+0000] {processor.py:829} INFO - Processing file /home/ubuntu/airflow_venv/lib/python3.10/site-packages/airflow/example_dags/example_external_task_marker_dag.py for tasks to queue
[2023-09-28T11:06:01.464+0000] {logging_mixin.py:151} INFO - [2023-09-28T11:06:01.463+0000] {dagbag.py:539} INFO - Filling up the DagBag from /home/ubuntu/airflow_venv/lib/python3.10/site-packages/airflow/example_dags/example_external_task_marker_dag.py
[2023-09-28T11:06:01.471+0000] {processor.py:839} INFO - DAG(s) dict_keys(['example_external_task_marker_parent', 'example_external_task_marker_child']) retrieved from /home/ubuntu/airflow_venv/lib/python3.10/site-packages/airflow/example_dags/example_external_task_marker_dag.py
[2023-09-28T11:06:01.518+0000] {logging_mixin.py:151} INFO - [2023-09-28T11:06:01.517+0000] {dag.py:2915} INFO - Sync 2 DAGs
[2023-09-28T11:06:01.546+0000] {logging_mixin.py:151} INFO - [2023-09-28T11:06:01.546+0000] {dag.py:3696} INFO - Setting next_dagrun for example_external_task_marker_child to None, run_after=None
[2023-09-28T11:06:01.554+0000] {logging_mixin.py:151} INFO - [2023-09-28T11:06:01.553+0000] {dag.py:3696} INFO - Setting next_dagrun for example_external_task_marker_parent to None, run_after=None
[2023-09-28T11:06:01.595+0000] {processor.py:179} INFO - Processing /home/ubuntu/airflow_venv/lib/python3.10/site-packages/airflow/example_dags/example_external_task_marker_dag.py took 0.137 seconds
[2023-09-28T15:01:05.804+0000] {processor.py:157} INFO - Started process (PID=1820) to work on /home/ubuntu/airflow_venv/lib/python3.10/site-packages/airflow/example_dags/example_external_task_marker_dag.py
[2023-09-28T15:01:05.805+0000] {processor.py:829} INFO - Processing file /home/ubuntu/airflow_venv/lib/python3.10/site-packages/airflow/example_dags/example_external_task_marker_dag.py for tasks to queue
[2023-09-28T15:01:05.806+0000] {logging_mixin.py:151} INFO - [2023-09-28T15:01:05.806+0000] {dagbag.py:539} INFO - Filling up the DagBag from /home/ubuntu/airflow_venv/lib/python3.10/site-packages/airflow/example_dags/example_external_task_marker_dag.py
[2023-09-28T15:01:05.812+0000] {processor.py:839} INFO - DAG(s) dict_keys(['example_external_task_marker_child', 'example_external_task_marker_parent']) retrieved from /home/ubuntu/airflow_venv/lib/python3.10/site-packages/airflow/example_dags/example_external_task_marker_dag.py
[2023-09-28T15:01:05.834+0000] {logging_mixin.py:151} INFO - [2023-09-28T15:01:05.834+0000] {dag.py:2915} INFO - Sync 2 DAGs
[2023-09-28T15:01:05.846+0000] {logging_mixin.py:151} INFO - [2023-09-28T15:01:05.846+0000] {dag.py:3696} INFO - Setting next_dagrun for example_external_task_marker_child to None, run_after=None
[2023-09-28T15:01:05.849+0000] {logging_mixin.py:151} INFO - [2023-09-28T15:01:05.849+0000] {dag.py:3696} INFO - Setting next_dagrun for example_external_task_marker_parent to None, run_after=None
[2023-09-28T15:01:05.871+0000] {processor.py:179} INFO - Processing /home/ubuntu/airflow_venv/lib/python3.10/site-packages/airflow/example_dags/example_external_task_marker_dag.py took 0.070 seconds
[2023-09-28T15:18:10.340+0000] {processor.py:157} INFO - Started process (PID=3240) to work on /home/ubuntu/airflow_venv/lib/python3.10/site-packages/airflow/example_dags/example_external_task_marker_dag.py
[2023-09-28T15:18:10.341+0000] {processor.py:829} INFO - Processing file /home/ubuntu/airflow_venv/lib/python3.10/site-packages/airflow/example_dags/example_external_task_marker_dag.py for tasks to queue
[2023-09-28T15:18:10.342+0000] {logging_mixin.py:151} INFO - [2023-09-28T15:18:10.342+0000] {dagbag.py:539} INFO - Filling up the DagBag from /home/ubuntu/airflow_venv/lib/python3.10/site-packages/airflow/example_dags/example_external_task_marker_dag.py
[2023-09-28T15:18:10.352+0000] {processor.py:839} INFO - DAG(s) dict_keys(['example_external_task_marker_parent', 'example_external_task_marker_child']) retrieved from /home/ubuntu/airflow_venv/lib/python3.10/site-packages/airflow/example_dags/example_external_task_marker_dag.py
[2023-09-28T15:18:10.375+0000] {logging_mixin.py:151} INFO - [2023-09-28T15:18:10.375+0000] {dag.py:2915} INFO - Sync 2 DAGs
[2023-09-28T15:18:10.388+0000] {logging_mixin.py:151} INFO - [2023-09-28T15:18:10.387+0000] {dag.py:3696} INFO - Setting next_dagrun for example_external_task_marker_child to None, run_after=None
[2023-09-28T15:18:10.391+0000] {logging_mixin.py:151} INFO - [2023-09-28T15:18:10.391+0000] {dag.py:3696} INFO - Setting next_dagrun for example_external_task_marker_parent to None, run_after=None
[2023-09-28T15:18:10.413+0000] {processor.py:179} INFO - Processing /home/ubuntu/airflow_venv/lib/python3.10/site-packages/airflow/example_dags/example_external_task_marker_dag.py took 0.080 seconds
[2023-09-28T15:24:09.539+0000] {processor.py:157} INFO - Started process (PID=3455) to work on /home/ubuntu/airflow_venv/lib/python3.10/site-packages/airflow/example_dags/example_external_task_marker_dag.py
[2023-09-28T15:24:09.540+0000] {processor.py:829} INFO - Processing file /home/ubuntu/airflow_venv/lib/python3.10/site-packages/airflow/example_dags/example_external_task_marker_dag.py for tasks to queue
[2023-09-28T15:24:09.541+0000] {logging_mixin.py:151} INFO - [2023-09-28T15:24:09.541+0000] {dagbag.py:539} INFO - Filling up the DagBag from /home/ubuntu/airflow_venv/lib/python3.10/site-packages/airflow/example_dags/example_external_task_marker_dag.py
[2023-09-28T15:24:09.548+0000] {processor.py:839} INFO - DAG(s) dict_keys(['example_external_task_marker_child', 'example_external_task_marker_parent']) retrieved from /home/ubuntu/airflow_venv/lib/python3.10/site-packages/airflow/example_dags/example_external_task_marker_dag.py
[2023-09-28T15:24:09.567+0000] {logging_mixin.py:151} INFO - [2023-09-28T15:24:09.567+0000] {dag.py:2915} INFO - Sync 2 DAGs
[2023-09-28T15:24:09.580+0000] {logging_mixin.py:151} INFO - [2023-09-28T15:24:09.580+0000] {dag.py:3696} INFO - Setting next_dagrun for example_external_task_marker_child to None, run_after=None
[2023-09-28T15:24:09.583+0000] {logging_mixin.py:151} INFO - [2023-09-28T15:24:09.583+0000] {dag.py:3696} INFO - Setting next_dagrun for example_external_task_marker_parent to None, run_after=None
[2023-09-28T15:24:09.603+0000] {processor.py:179} INFO - Processing /home/ubuntu/airflow_venv/lib/python3.10/site-packages/airflow/example_dags/example_external_task_marker_dag.py took 0.067 seconds
[2023-09-28T15:25:12.175+0000] {processor.py:157} INFO - Started process (PID=3512) to work on /home/ubuntu/airflow_venv/lib/python3.10/site-packages/airflow/example_dags/example_external_task_marker_dag.py
[2023-09-28T15:25:12.176+0000] {processor.py:829} INFO - Processing file /home/ubuntu/airflow_venv/lib/python3.10/site-packages/airflow/example_dags/example_external_task_marker_dag.py for tasks to queue
[2023-09-28T15:25:12.177+0000] {logging_mixin.py:151} INFO - [2023-09-28T15:25:12.177+0000] {dagbag.py:539} INFO - Filling up the DagBag from /home/ubuntu/airflow_venv/lib/python3.10/site-packages/airflow/example_dags/example_external_task_marker_dag.py
[2023-09-28T15:25:12.185+0000] {processor.py:839} INFO - DAG(s) dict_keys(['example_external_task_marker_child', 'example_external_task_marker_parent']) retrieved from /home/ubuntu/airflow_venv/lib/python3.10/site-packages/airflow/example_dags/example_external_task_marker_dag.py
[2023-09-28T15:25:12.215+0000] {logging_mixin.py:151} INFO - [2023-09-28T15:25:12.215+0000] {dag.py:2915} INFO - Sync 2 DAGs
[2023-09-28T15:25:12.409+0000] {logging_mixin.py:151} INFO - [2023-09-28T15:25:12.409+0000] {dag.py:3696} INFO - Setting next_dagrun for example_external_task_marker_child to None, run_after=None
[2023-09-28T15:25:12.412+0000] {logging_mixin.py:151} INFO - [2023-09-28T15:25:12.412+0000] {dag.py:3696} INFO - Setting next_dagrun for example_external_task_marker_parent to None, run_after=None
[2023-09-28T15:25:12.431+0000] {processor.py:179} INFO - Processing /home/ubuntu/airflow_venv/lib/python3.10/site-packages/airflow/example_dags/example_external_task_marker_dag.py took 0.261 seconds
