[2023-09-28T09:28:26.568+0000] {processor.py:157} INFO - Started process (PID=51151) to work on /home/ubuntu/airflow_venv/lib/python3.10/site-packages/airflow/example_dags/example_latest_only_with_trigger.py
[2023-09-28T09:28:26.569+0000] {processor.py:829} INFO - Processing file /home/ubuntu/airflow_venv/lib/python3.10/site-packages/airflow/example_dags/example_latest_only_with_trigger.py for tasks to queue
[2023-09-28T09:28:26.570+0000] {logging_mixin.py:151} INFO - [2023-09-28T09:28:26.570+0000] {dagbag.py:539} INFO - Filling up the DagBag from /home/ubuntu/airflow_venv/lib/python3.10/site-packages/airflow/example_dags/example_latest_only_with_trigger.py
[2023-09-28T09:28:26.578+0000] {processor.py:839} INFO - DAG(s) dict_keys(['latest_only_with_trigger']) retrieved from /home/ubuntu/airflow_venv/lib/python3.10/site-packages/airflow/example_dags/example_latest_only_with_trigger.py
[2023-09-28T09:28:26.600+0000] {logging_mixin.py:151} INFO - [2023-09-28T09:28:26.600+0000] {dag.py:2915} INFO - Sync 1 DAGs
[2023-09-28T09:28:26.628+0000] {logging_mixin.py:151} INFO - [2023-09-28T09:28:26.628+0000] {dag.py:3696} INFO - Setting next_dagrun for latest_only_with_trigger to 2023-09-28T05:28:26.627452+00:00, run_after=2023-09-28T09:28:26.627452+00:00
[2023-09-28T09:28:26.663+0000] {processor.py:179} INFO - Processing /home/ubuntu/airflow_venv/lib/python3.10/site-packages/airflow/example_dags/example_latest_only_with_trigger.py took 0.098 seconds
[2023-09-28T10:47:28.058+0000] {processor.py:157} INFO - Started process (PID=1473) to work on /home/ubuntu/airflow_venv/lib/python3.10/site-packages/airflow/example_dags/example_latest_only_with_trigger.py
[2023-09-28T10:47:28.059+0000] {processor.py:829} INFO - Processing file /home/ubuntu/airflow_venv/lib/python3.10/site-packages/airflow/example_dags/example_latest_only_with_trigger.py for tasks to queue
[2023-09-28T10:47:28.059+0000] {logging_mixin.py:151} INFO - [2023-09-28T10:47:28.059+0000] {dagbag.py:539} INFO - Filling up the DagBag from /home/ubuntu/airflow_venv/lib/python3.10/site-packages/airflow/example_dags/example_latest_only_with_trigger.py
[2023-09-28T10:47:28.067+0000] {processor.py:839} INFO - DAG(s) dict_keys(['latest_only_with_trigger']) retrieved from /home/ubuntu/airflow_venv/lib/python3.10/site-packages/airflow/example_dags/example_latest_only_with_trigger.py
[2023-09-28T10:47:28.087+0000] {logging_mixin.py:151} INFO - [2023-09-28T10:47:28.087+0000] {dag.py:2915} INFO - Sync 1 DAGs
[2023-09-28T10:47:28.105+0000] {logging_mixin.py:151} INFO - [2023-09-28T10:47:28.104+0000] {dag.py:3696} INFO - Setting next_dagrun for latest_only_with_trigger to 2023-09-28T06:47:28.104687+00:00, run_after=2023-09-28T10:47:28.104687+00:00
[2023-09-28T10:47:28.124+0000] {processor.py:179} INFO - Processing /home/ubuntu/airflow_venv/lib/python3.10/site-packages/airflow/example_dags/example_latest_only_with_trigger.py took 0.069 seconds
[2023-09-28T10:48:20.342+0000] {processor.py:157} INFO - Started process (PID=1522) to work on /home/ubuntu/airflow_venv/lib/python3.10/site-packages/airflow/example_dags/example_latest_only_with_trigger.py
[2023-09-28T10:48:20.343+0000] {processor.py:829} INFO - Processing file /home/ubuntu/airflow_venv/lib/python3.10/site-packages/airflow/example_dags/example_latest_only_with_trigger.py for tasks to queue
[2023-09-28T10:48:20.344+0000] {logging_mixin.py:151} INFO - [2023-09-28T10:48:20.344+0000] {dagbag.py:539} INFO - Filling up the DagBag from /home/ubuntu/airflow_venv/lib/python3.10/site-packages/airflow/example_dags/example_latest_only_with_trigger.py
[2023-09-28T10:48:20.351+0000] {processor.py:839} INFO - DAG(s) dict_keys(['latest_only_with_trigger']) retrieved from /home/ubuntu/airflow_venv/lib/python3.10/site-packages/airflow/example_dags/example_latest_only_with_trigger.py
[2023-09-28T10:48:20.368+0000] {logging_mixin.py:151} INFO - [2023-09-28T10:48:20.368+0000] {dag.py:2915} INFO - Sync 1 DAGs
[2023-09-28T10:48:20.542+0000] {logging_mixin.py:151} INFO - [2023-09-28T10:48:20.388+0000] {dag.py:3696} INFO - Setting next_dagrun for latest_only_with_trigger to 2023-09-28T06:48:20.388276+00:00, run_after=2023-09-28T10:48:20.388276+00:00
[2023-09-28T10:48:20.564+0000] {processor.py:179} INFO - Processing /home/ubuntu/airflow_venv/lib/python3.10/site-packages/airflow/example_dags/example_latest_only_with_trigger.py took 0.225 seconds
[2023-09-28T10:49:15.863+0000] {processor.py:157} INFO - Started process (PID=1572) to work on /home/ubuntu/airflow_venv/lib/python3.10/site-packages/airflow/example_dags/example_latest_only_with_trigger.py
[2023-09-28T10:49:15.864+0000] {processor.py:829} INFO - Processing file /home/ubuntu/airflow_venv/lib/python3.10/site-packages/airflow/example_dags/example_latest_only_with_trigger.py for tasks to queue
[2023-09-28T10:49:15.865+0000] {logging_mixin.py:151} INFO - [2023-09-28T10:49:15.865+0000] {dagbag.py:539} INFO - Filling up the DagBag from /home/ubuntu/airflow_venv/lib/python3.10/site-packages/airflow/example_dags/example_latest_only_with_trigger.py
[2023-09-28T10:49:15.873+0000] {processor.py:839} INFO - DAG(s) dict_keys(['latest_only_with_trigger']) retrieved from /home/ubuntu/airflow_venv/lib/python3.10/site-packages/airflow/example_dags/example_latest_only_with_trigger.py
[2023-09-28T10:49:16.070+0000] {logging_mixin.py:151} INFO - [2023-09-28T10:49:16.069+0000] {dag.py:2915} INFO - Sync 1 DAGs
[2023-09-28T10:49:16.092+0000] {logging_mixin.py:151} INFO - [2023-09-28T10:49:16.092+0000] {dag.py:3696} INFO - Setting next_dagrun for latest_only_with_trigger to 2023-09-28T06:49:16.091930+00:00, run_after=2023-09-28T10:49:16.091930+00:00
[2023-09-28T10:49:16.115+0000] {processor.py:179} INFO - Processing /home/ubuntu/airflow_venv/lib/python3.10/site-packages/airflow/example_dags/example_latest_only_with_trigger.py took 0.258 seconds
[2023-09-28T11:05:52.202+0000] {processor.py:157} INFO - Started process (PID=2195) to work on /home/ubuntu/airflow_venv/lib/python3.10/site-packages/airflow/example_dags/example_latest_only_with_trigger.py
[2023-09-28T11:05:52.204+0000] {processor.py:829} INFO - Processing file /home/ubuntu/airflow_venv/lib/python3.10/site-packages/airflow/example_dags/example_latest_only_with_trigger.py for tasks to queue
[2023-09-28T11:05:52.205+0000] {logging_mixin.py:151} INFO - [2023-09-28T11:05:52.205+0000] {dagbag.py:539} INFO - Filling up the DagBag from /home/ubuntu/airflow_venv/lib/python3.10/site-packages/airflow/example_dags/example_latest_only_with_trigger.py
[2023-09-28T11:05:52.216+0000] {processor.py:839} INFO - DAG(s) dict_keys(['latest_only_with_trigger']) retrieved from /home/ubuntu/airflow_venv/lib/python3.10/site-packages/airflow/example_dags/example_latest_only_with_trigger.py
[2023-09-28T11:05:52.237+0000] {logging_mixin.py:151} INFO - [2023-09-28T11:05:52.237+0000] {dag.py:2915} INFO - Sync 1 DAGs
[2023-09-28T11:05:52.256+0000] {logging_mixin.py:151} INFO - [2023-09-28T11:05:52.256+0000] {dag.py:3696} INFO - Setting next_dagrun for latest_only_with_trigger to 2023-09-28T07:05:52.256399+00:00, run_after=2023-09-28T11:05:52.256399+00:00
[2023-09-28T11:05:52.277+0000] {processor.py:179} INFO - Processing /home/ubuntu/airflow_venv/lib/python3.10/site-packages/airflow/example_dags/example_latest_only_with_trigger.py took 0.078 seconds
[2023-09-28T15:00:56.650+0000] {processor.py:157} INFO - Started process (PID=1811) to work on /home/ubuntu/airflow_venv/lib/python3.10/site-packages/airflow/example_dags/example_latest_only_with_trigger.py
[2023-09-28T15:00:56.651+0000] {processor.py:829} INFO - Processing file /home/ubuntu/airflow_venv/lib/python3.10/site-packages/airflow/example_dags/example_latest_only_with_trigger.py for tasks to queue
[2023-09-28T15:00:56.652+0000] {logging_mixin.py:151} INFO - [2023-09-28T15:00:56.652+0000] {dagbag.py:539} INFO - Filling up the DagBag from /home/ubuntu/airflow_venv/lib/python3.10/site-packages/airflow/example_dags/example_latest_only_with_trigger.py
[2023-09-28T15:00:56.660+0000] {processor.py:839} INFO - DAG(s) dict_keys(['latest_only_with_trigger']) retrieved from /home/ubuntu/airflow_venv/lib/python3.10/site-packages/airflow/example_dags/example_latest_only_with_trigger.py
[2023-09-28T15:00:56.681+0000] {logging_mixin.py:151} INFO - [2023-09-28T15:00:56.681+0000] {dag.py:2915} INFO - Sync 1 DAGs
[2023-09-28T15:00:56.700+0000] {logging_mixin.py:151} INFO - [2023-09-28T15:00:56.700+0000] {dag.py:3696} INFO - Setting next_dagrun for latest_only_with_trigger to 2023-09-28T11:00:56.700103+00:00, run_after=2023-09-28T15:00:56.700103+00:00
[2023-09-28T15:00:56.720+0000] {processor.py:179} INFO - Processing /home/ubuntu/airflow_venv/lib/python3.10/site-packages/airflow/example_dags/example_latest_only_with_trigger.py took 0.073 seconds
[2023-09-28T15:01:47.484+0000] {processor.py:157} INFO - Started process (PID=1859) to work on /home/ubuntu/airflow_venv/lib/python3.10/site-packages/airflow/example_dags/example_latest_only_with_trigger.py
[2023-09-28T15:01:47.485+0000] {processor.py:829} INFO - Processing file /home/ubuntu/airflow_venv/lib/python3.10/site-packages/airflow/example_dags/example_latest_only_with_trigger.py for tasks to queue
[2023-09-28T15:01:47.486+0000] {logging_mixin.py:151} INFO - [2023-09-28T15:01:47.486+0000] {dagbag.py:539} INFO - Filling up the DagBag from /home/ubuntu/airflow_venv/lib/python3.10/site-packages/airflow/example_dags/example_latest_only_with_trigger.py
[2023-09-28T15:01:47.493+0000] {processor.py:839} INFO - DAG(s) dict_keys(['latest_only_with_trigger']) retrieved from /home/ubuntu/airflow_venv/lib/python3.10/site-packages/airflow/example_dags/example_latest_only_with_trigger.py
[2023-09-28T15:01:47.510+0000] {logging_mixin.py:151} INFO - [2023-09-28T15:01:47.510+0000] {dag.py:2915} INFO - Sync 1 DAGs
[2023-09-28T15:01:47.684+0000] {logging_mixin.py:151} INFO - [2023-09-28T15:01:47.536+0000] {dag.py:3696} INFO - Setting next_dagrun for latest_only_with_trigger to 2023-09-28T11:01:47.536075+00:00, run_after=2023-09-28T15:01:47.536075+00:00
[2023-09-28T15:01:47.703+0000] {processor.py:179} INFO - Processing /home/ubuntu/airflow_venv/lib/python3.10/site-packages/airflow/example_dags/example_latest_only_with_trigger.py took 0.222 seconds
[2023-09-28T15:17:59.968+0000] {processor.py:157} INFO - Started process (PID=3228) to work on /home/ubuntu/airflow_venv/lib/python3.10/site-packages/airflow/example_dags/example_latest_only_with_trigger.py
[2023-09-28T15:17:59.973+0000] {processor.py:829} INFO - Processing file /home/ubuntu/airflow_venv/lib/python3.10/site-packages/airflow/example_dags/example_latest_only_with_trigger.py for tasks to queue
[2023-09-28T15:17:59.975+0000] {logging_mixin.py:151} INFO - [2023-09-28T15:17:59.974+0000] {dagbag.py:539} INFO - Filling up the DagBag from /home/ubuntu/airflow_venv/lib/python3.10/site-packages/airflow/example_dags/example_latest_only_with_trigger.py
[2023-09-28T15:17:59.985+0000] {processor.py:839} INFO - DAG(s) dict_keys(['latest_only_with_trigger']) retrieved from /home/ubuntu/airflow_venv/lib/python3.10/site-packages/airflow/example_dags/example_latest_only_with_trigger.py
[2023-09-28T15:18:00.011+0000] {logging_mixin.py:151} INFO - [2023-09-28T15:18:00.010+0000] {dag.py:2915} INFO - Sync 1 DAGs
[2023-09-28T15:18:00.032+0000] {logging_mixin.py:151} INFO - [2023-09-28T15:18:00.031+0000] {dag.py:3696} INFO - Setting next_dagrun for latest_only_with_trigger to 2023-09-28T11:18:00.031696+00:00, run_after=2023-09-28T15:18:00.031696+00:00
[2023-09-28T15:18:00.054+0000] {processor.py:179} INFO - Processing /home/ubuntu/airflow_venv/lib/python3.10/site-packages/airflow/example_dags/example_latest_only_with_trigger.py took 0.098 seconds
[2023-09-28T15:24:00.381+0000] {processor.py:157} INFO - Started process (PID=3443) to work on /home/ubuntu/airflow_venv/lib/python3.10/site-packages/airflow/example_dags/example_latest_only_with_trigger.py
[2023-09-28T15:24:00.383+0000] {processor.py:829} INFO - Processing file /home/ubuntu/airflow_venv/lib/python3.10/site-packages/airflow/example_dags/example_latest_only_with_trigger.py for tasks to queue
[2023-09-28T15:24:00.384+0000] {logging_mixin.py:151} INFO - [2023-09-28T15:24:00.383+0000] {dagbag.py:539} INFO - Filling up the DagBag from /home/ubuntu/airflow_venv/lib/python3.10/site-packages/airflow/example_dags/example_latest_only_with_trigger.py
[2023-09-28T15:24:00.391+0000] {processor.py:839} INFO - DAG(s) dict_keys(['latest_only_with_trigger']) retrieved from /home/ubuntu/airflow_venv/lib/python3.10/site-packages/airflow/example_dags/example_latest_only_with_trigger.py
[2023-09-28T15:24:00.410+0000] {logging_mixin.py:151} INFO - [2023-09-28T15:24:00.409+0000] {dag.py:2915} INFO - Sync 1 DAGs
[2023-09-28T15:24:00.429+0000] {logging_mixin.py:151} INFO - [2023-09-28T15:24:00.428+0000] {dag.py:3696} INFO - Setting next_dagrun for latest_only_with_trigger to 2023-09-28T11:24:00.428356+00:00, run_after=2023-09-28T15:24:00.428356+00:00
[2023-09-28T15:24:00.494+0000] {processor.py:179} INFO - Processing /home/ubuntu/airflow_venv/lib/python3.10/site-packages/airflow/example_dags/example_latest_only_with_trigger.py took 0.115 seconds
[2023-09-28T15:24:51.377+0000] {processor.py:157} INFO - Started process (PID=3494) to work on /home/ubuntu/airflow_venv/lib/python3.10/site-packages/airflow/example_dags/example_latest_only_with_trigger.py
[2023-09-28T15:24:51.379+0000] {processor.py:829} INFO - Processing file /home/ubuntu/airflow_venv/lib/python3.10/site-packages/airflow/example_dags/example_latest_only_with_trigger.py for tasks to queue
[2023-09-28T15:24:51.380+0000] {logging_mixin.py:151} INFO - [2023-09-28T15:24:51.379+0000] {dagbag.py:539} INFO - Filling up the DagBag from /home/ubuntu/airflow_venv/lib/python3.10/site-packages/airflow/example_dags/example_latest_only_with_trigger.py
[2023-09-28T15:24:51.388+0000] {processor.py:839} INFO - DAG(s) dict_keys(['latest_only_with_trigger']) retrieved from /home/ubuntu/airflow_venv/lib/python3.10/site-packages/airflow/example_dags/example_latest_only_with_trigger.py
[2023-09-28T15:24:51.408+0000] {logging_mixin.py:151} INFO - [2023-09-28T15:24:51.408+0000] {dag.py:2915} INFO - Sync 1 DAGs
[2023-09-28T15:24:51.574+0000] {logging_mixin.py:151} INFO - [2023-09-28T15:24:51.428+0000] {dag.py:3696} INFO - Setting next_dagrun for latest_only_with_trigger to 2023-09-28T11:24:51.428136+00:00, run_after=2023-09-28T15:24:51.428136+00:00
[2023-09-28T15:24:51.605+0000] {processor.py:179} INFO - Processing /home/ubuntu/airflow_venv/lib/python3.10/site-packages/airflow/example_dags/example_latest_only_with_trigger.py took 0.233 seconds
[2023-09-28T15:28:33.653+0000] {processor.py:157} INFO - Started process (PID=3604) to work on /home/ubuntu/airflow_venv/lib/python3.10/site-packages/airflow/example_dags/example_latest_only_with_trigger.py
[2023-09-28T15:28:33.655+0000] {processor.py:829} INFO - Processing file /home/ubuntu/airflow_venv/lib/python3.10/site-packages/airflow/example_dags/example_latest_only_with_trigger.py for tasks to queue
[2023-09-28T15:28:33.657+0000] {logging_mixin.py:151} INFO - [2023-09-28T15:28:33.656+0000] {dagbag.py:539} INFO - Filling up the DagBag from /home/ubuntu/airflow_venv/lib/python3.10/site-packages/airflow/example_dags/example_latest_only_with_trigger.py
[2023-09-28T15:28:33.666+0000] {processor.py:839} INFO - DAG(s) dict_keys(['latest_only_with_trigger']) retrieved from /home/ubuntu/airflow_venv/lib/python3.10/site-packages/airflow/example_dags/example_latest_only_with_trigger.py
[2023-09-28T15:28:33.692+0000] {logging_mixin.py:151} INFO - [2023-09-28T15:28:33.692+0000] {dag.py:2915} INFO - Sync 1 DAGs
[2023-09-28T15:28:33.712+0000] {logging_mixin.py:151} INFO - [2023-09-28T15:28:33.712+0000] {dag.py:3696} INFO - Setting next_dagrun for latest_only_with_trigger to 2023-09-28T11:28:33.711955+00:00, run_after=2023-09-28T15:28:33.711955+00:00
[2023-09-28T15:28:33.735+0000] {processor.py:179} INFO - Processing /home/ubuntu/airflow_venv/lib/python3.10/site-packages/airflow/example_dags/example_latest_only_with_trigger.py took 0.086 seconds
