[2023-09-28T09:26:51.594+0000] {processor.py:157} INFO - Started process (PID=51068) to work on /home/ubuntu/airflow_venv/lib/python3.10/site-packages/airflow/example_dags/example_sensor_decorator.py
[2023-09-28T09:26:51.595+0000] {processor.py:829} INFO - Processing file /home/ubuntu/airflow_venv/lib/python3.10/site-packages/airflow/example_dags/example_sensor_decorator.py for tasks to queue
[2023-09-28T09:26:51.596+0000] {logging_mixin.py:151} INFO - [2023-09-28T09:26:51.595+0000] {dagbag.py:539} INFO - Filling up the DagBag from /home/ubuntu/airflow_venv/lib/python3.10/site-packages/airflow/example_dags/example_sensor_decorator.py
[2023-09-28T09:26:51.604+0000] {processor.py:839} INFO - DAG(s) dict_keys(['example_sensor_decorator']) retrieved from /home/ubuntu/airflow_venv/lib/python3.10/site-packages/airflow/example_dags/example_sensor_decorator.py
[2023-09-28T09:26:51.629+0000] {logging_mixin.py:151} INFO - [2023-09-28T09:26:51.629+0000] {dag.py:2915} INFO - Sync 1 DAGs
[2023-09-28T09:26:51.648+0000] {logging_mixin.py:151} INFO - [2023-09-28T09:26:51.648+0000] {dag.py:3696} INFO - Setting next_dagrun for example_sensor_decorator to None, run_after=None
[2023-09-28T09:26:51.686+0000] {processor.py:179} INFO - Processing /home/ubuntu/airflow_venv/lib/python3.10/site-packages/airflow/example_dags/example_sensor_decorator.py took 0.099 seconds
[2023-09-28T09:28:10.991+0000] {processor.py:157} INFO - Started process (PID=51135) to work on /home/ubuntu/airflow_venv/lib/python3.10/site-packages/airflow/example_dags/example_sensor_decorator.py
[2023-09-28T09:28:10.992+0000] {processor.py:829} INFO - Processing file /home/ubuntu/airflow_venv/lib/python3.10/site-packages/airflow/example_dags/example_sensor_decorator.py for tasks to queue
[2023-09-28T09:28:10.993+0000] {logging_mixin.py:151} INFO - [2023-09-28T09:28:10.993+0000] {dagbag.py:539} INFO - Filling up the DagBag from /home/ubuntu/airflow_venv/lib/python3.10/site-packages/airflow/example_dags/example_sensor_decorator.py
[2023-09-28T09:28:10.999+0000] {processor.py:839} INFO - DAG(s) dict_keys(['example_sensor_decorator']) retrieved from /home/ubuntu/airflow_venv/lib/python3.10/site-packages/airflow/example_dags/example_sensor_decorator.py
[2023-09-28T09:28:11.011+0000] {logging_mixin.py:151} INFO - [2023-09-28T09:28:11.010+0000] {dag.py:2915} INFO - Sync 1 DAGs
[2023-09-28T09:28:11.032+0000] {logging_mixin.py:151} INFO - [2023-09-28T09:28:11.031+0000] {dag.py:3696} INFO - Setting next_dagrun for example_sensor_decorator to None, run_after=None
[2023-09-28T09:28:11.061+0000] {processor.py:179} INFO - Processing /home/ubuntu/airflow_venv/lib/python3.10/site-packages/airflow/example_dags/example_sensor_decorator.py took 0.073 seconds
[2023-09-28T10:47:12.679+0000] {processor.py:157} INFO - Started process (PID=1246) to work on /home/ubuntu/airflow_venv/lib/python3.10/site-packages/airflow/example_dags/example_sensor_decorator.py
[2023-09-28T10:47:12.680+0000] {processor.py:829} INFO - Processing file /home/ubuntu/airflow_venv/lib/python3.10/site-packages/airflow/example_dags/example_sensor_decorator.py for tasks to queue
[2023-09-28T10:47:12.681+0000] {logging_mixin.py:151} INFO - [2023-09-28T10:47:12.681+0000] {dagbag.py:539} INFO - Filling up the DagBag from /home/ubuntu/airflow_venv/lib/python3.10/site-packages/airflow/example_dags/example_sensor_decorator.py
[2023-09-28T10:47:12.688+0000] {processor.py:839} INFO - DAG(s) dict_keys(['example_sensor_decorator']) retrieved from /home/ubuntu/airflow_venv/lib/python3.10/site-packages/airflow/example_dags/example_sensor_decorator.py
[2023-09-28T10:47:12.695+0000] {logging_mixin.py:151} INFO - [2023-09-28T10:47:12.695+0000] {dag.py:2915} INFO - Sync 1 DAGs
[2023-09-28T10:47:12.710+0000] {logging_mixin.py:151} INFO - [2023-09-28T10:47:12.709+0000] {dag.py:3696} INFO - Setting next_dagrun for example_sensor_decorator to None, run_after=None
[2023-09-28T10:47:12.743+0000] {processor.py:179} INFO - Processing /home/ubuntu/airflow_venv/lib/python3.10/site-packages/airflow/example_dags/example_sensor_decorator.py took 0.067 seconds
[2023-09-28T10:47:59.481+0000] {processor.py:157} INFO - Started process (PID=1506) to work on /home/ubuntu/airflow_venv/lib/python3.10/site-packages/airflow/example_dags/example_sensor_decorator.py
[2023-09-28T10:47:59.482+0000] {processor.py:829} INFO - Processing file /home/ubuntu/airflow_venv/lib/python3.10/site-packages/airflow/example_dags/example_sensor_decorator.py for tasks to queue
[2023-09-28T10:47:59.483+0000] {logging_mixin.py:151} INFO - [2023-09-28T10:47:59.483+0000] {dagbag.py:539} INFO - Filling up the DagBag from /home/ubuntu/airflow_venv/lib/python3.10/site-packages/airflow/example_dags/example_sensor_decorator.py
[2023-09-28T10:47:59.489+0000] {processor.py:839} INFO - DAG(s) dict_keys(['example_sensor_decorator']) retrieved from /home/ubuntu/airflow_venv/lib/python3.10/site-packages/airflow/example_dags/example_sensor_decorator.py
[2023-09-28T10:47:59.505+0000] {logging_mixin.py:151} INFO - [2023-09-28T10:47:59.504+0000] {dag.py:2915} INFO - Sync 1 DAGs
[2023-09-28T10:47:59.515+0000] {logging_mixin.py:151} INFO - [2023-09-28T10:47:59.515+0000] {dag.py:3696} INFO - Setting next_dagrun for example_sensor_decorator to None, run_after=None
[2023-09-28T10:47:59.535+0000] {processor.py:179} INFO - Processing /home/ubuntu/airflow_venv/lib/python3.10/site-packages/airflow/example_dags/example_sensor_decorator.py took 0.057 seconds
[2023-09-28T10:48:55.146+0000] {processor.py:157} INFO - Started process (PID=1556) to work on /home/ubuntu/airflow_venv/lib/python3.10/site-packages/airflow/example_dags/example_sensor_decorator.py
[2023-09-28T10:48:55.147+0000] {processor.py:829} INFO - Processing file /home/ubuntu/airflow_venv/lib/python3.10/site-packages/airflow/example_dags/example_sensor_decorator.py for tasks to queue
[2023-09-28T10:48:55.150+0000] {logging_mixin.py:151} INFO - [2023-09-28T10:48:55.150+0000] {dagbag.py:539} INFO - Filling up the DagBag from /home/ubuntu/airflow_venv/lib/python3.10/site-packages/airflow/example_dags/example_sensor_decorator.py
[2023-09-28T10:48:55.161+0000] {processor.py:839} INFO - DAG(s) dict_keys(['example_sensor_decorator']) retrieved from /home/ubuntu/airflow_venv/lib/python3.10/site-packages/airflow/example_dags/example_sensor_decorator.py
[2023-09-28T10:48:55.178+0000] {logging_mixin.py:151} INFO - [2023-09-28T10:48:55.178+0000] {dag.py:2915} INFO - Sync 1 DAGs
[2023-09-28T10:48:55.347+0000] {logging_mixin.py:151} INFO - [2023-09-28T10:48:55.347+0000] {dag.py:3696} INFO - Setting next_dagrun for example_sensor_decorator to None, run_after=None
[2023-09-28T10:48:55.372+0000] {processor.py:179} INFO - Processing /home/ubuntu/airflow_venv/lib/python3.10/site-packages/airflow/example_dags/example_sensor_decorator.py took 0.230 seconds
[2023-09-28T10:49:49.871+0000] {processor.py:157} INFO - Started process (PID=1804) to work on /home/ubuntu/airflow_venv/lib/python3.10/site-packages/airflow/example_dags/example_sensor_decorator.py
[2023-09-28T10:49:49.877+0000] {processor.py:829} INFO - Processing file /home/ubuntu/airflow_venv/lib/python3.10/site-packages/airflow/example_dags/example_sensor_decorator.py for tasks to queue
[2023-09-28T10:49:49.878+0000] {logging_mixin.py:151} INFO - [2023-09-28T10:49:49.878+0000] {dagbag.py:539} INFO - Filling up the DagBag from /home/ubuntu/airflow_venv/lib/python3.10/site-packages/airflow/example_dags/example_sensor_decorator.py
[2023-09-28T10:49:49.917+0000] {processor.py:839} INFO - DAG(s) dict_keys(['example_sensor_decorator']) retrieved from /home/ubuntu/airflow_venv/lib/python3.10/site-packages/airflow/example_dags/example_sensor_decorator.py
[2023-09-28T10:49:50.046+0000] {logging_mixin.py:151} INFO - [2023-09-28T10:49:50.045+0000] {dag.py:2915} INFO - Sync 1 DAGs
[2023-09-28T10:49:50.092+0000] {logging_mixin.py:151} INFO - [2023-09-28T10:49:50.091+0000] {dag.py:3696} INFO - Setting next_dagrun for example_sensor_decorator to None, run_after=None
[2023-09-28T10:49:50.195+0000] {processor.py:179} INFO - Processing /home/ubuntu/airflow_venv/lib/python3.10/site-packages/airflow/example_dags/example_sensor_decorator.py took 0.333 seconds
[2023-09-28T11:05:36.602+0000] {processor.py:157} INFO - Started process (PID=2179) to work on /home/ubuntu/airflow_venv/lib/python3.10/site-packages/airflow/example_dags/example_sensor_decorator.py
[2023-09-28T11:05:36.603+0000] {processor.py:829} INFO - Processing file /home/ubuntu/airflow_venv/lib/python3.10/site-packages/airflow/example_dags/example_sensor_decorator.py for tasks to queue
[2023-09-28T11:05:36.604+0000] {logging_mixin.py:151} INFO - [2023-09-28T11:05:36.603+0000] {dagbag.py:539} INFO - Filling up the DagBag from /home/ubuntu/airflow_venv/lib/python3.10/site-packages/airflow/example_dags/example_sensor_decorator.py
[2023-09-28T11:05:36.611+0000] {processor.py:839} INFO - DAG(s) dict_keys(['example_sensor_decorator']) retrieved from /home/ubuntu/airflow_venv/lib/python3.10/site-packages/airflow/example_dags/example_sensor_decorator.py
[2023-09-28T11:05:36.652+0000] {logging_mixin.py:151} INFO - [2023-09-28T11:05:36.651+0000] {dag.py:2915} INFO - Sync 1 DAGs
[2023-09-28T11:05:36.696+0000] {logging_mixin.py:151} INFO - [2023-09-28T11:05:36.695+0000] {dag.py:3696} INFO - Setting next_dagrun for example_sensor_decorator to None, run_after=None
[2023-09-28T11:05:36.740+0000] {processor.py:179} INFO - Processing /home/ubuntu/airflow_venv/lib/python3.10/site-packages/airflow/example_dags/example_sensor_decorator.py took 0.142 seconds
[2023-09-28T15:00:41.207+0000] {processor.py:157} INFO - Started process (PID=1795) to work on /home/ubuntu/airflow_venv/lib/python3.10/site-packages/airflow/example_dags/example_sensor_decorator.py
[2023-09-28T15:00:41.214+0000] {processor.py:829} INFO - Processing file /home/ubuntu/airflow_venv/lib/python3.10/site-packages/airflow/example_dags/example_sensor_decorator.py for tasks to queue
[2023-09-28T15:00:41.215+0000] {logging_mixin.py:151} INFO - [2023-09-28T15:00:41.215+0000] {dagbag.py:539} INFO - Filling up the DagBag from /home/ubuntu/airflow_venv/lib/python3.10/site-packages/airflow/example_dags/example_sensor_decorator.py
[2023-09-28T15:00:41.222+0000] {processor.py:839} INFO - DAG(s) dict_keys(['example_sensor_decorator']) retrieved from /home/ubuntu/airflow_venv/lib/python3.10/site-packages/airflow/example_dags/example_sensor_decorator.py
[2023-09-28T15:00:41.243+0000] {logging_mixin.py:151} INFO - [2023-09-28T15:00:41.243+0000] {dag.py:2915} INFO - Sync 1 DAGs
[2023-09-28T15:00:41.255+0000] {logging_mixin.py:151} INFO - [2023-09-28T15:00:41.255+0000] {dag.py:3696} INFO - Setting next_dagrun for example_sensor_decorator to None, run_after=None
[2023-09-28T15:00:41.311+0000] {processor.py:179} INFO - Processing /home/ubuntu/airflow_venv/lib/python3.10/site-packages/airflow/example_dags/example_sensor_decorator.py took 0.117 seconds
[2023-09-28T15:01:29.131+0000] {processor.py:157} INFO - Started process (PID=1843) to work on /home/ubuntu/airflow_venv/lib/python3.10/site-packages/airflow/example_dags/example_sensor_decorator.py
[2023-09-28T15:01:29.132+0000] {processor.py:829} INFO - Processing file /home/ubuntu/airflow_venv/lib/python3.10/site-packages/airflow/example_dags/example_sensor_decorator.py for tasks to queue
[2023-09-28T15:01:29.133+0000] {logging_mixin.py:151} INFO - [2023-09-28T15:01:29.133+0000] {dagbag.py:539} INFO - Filling up the DagBag from /home/ubuntu/airflow_venv/lib/python3.10/site-packages/airflow/example_dags/example_sensor_decorator.py
[2023-09-28T15:01:29.141+0000] {processor.py:839} INFO - DAG(s) dict_keys(['example_sensor_decorator']) retrieved from /home/ubuntu/airflow_venv/lib/python3.10/site-packages/airflow/example_dags/example_sensor_decorator.py
[2023-09-28T15:01:29.162+0000] {logging_mixin.py:151} INFO - [2023-09-28T15:01:29.162+0000] {dag.py:2915} INFO - Sync 1 DAGs
[2023-09-28T15:01:29.176+0000] {logging_mixin.py:151} INFO - [2023-09-28T15:01:29.176+0000] {dag.py:3696} INFO - Setting next_dagrun for example_sensor_decorator to None, run_after=None
[2023-09-28T15:01:29.203+0000] {processor.py:179} INFO - Processing /home/ubuntu/airflow_venv/lib/python3.10/site-packages/airflow/example_dags/example_sensor_decorator.py took 0.076 seconds
[2023-09-28T15:17:44.651+0000] {processor.py:157} INFO - Started process (PID=3212) to work on /home/ubuntu/airflow_venv/lib/python3.10/site-packages/airflow/example_dags/example_sensor_decorator.py
[2023-09-28T15:17:44.653+0000] {processor.py:829} INFO - Processing file /home/ubuntu/airflow_venv/lib/python3.10/site-packages/airflow/example_dags/example_sensor_decorator.py for tasks to queue
[2023-09-28T15:17:44.654+0000] {logging_mixin.py:151} INFO - [2023-09-28T15:17:44.653+0000] {dagbag.py:539} INFO - Filling up the DagBag from /home/ubuntu/airflow_venv/lib/python3.10/site-packages/airflow/example_dags/example_sensor_decorator.py
[2023-09-28T15:17:44.663+0000] {processor.py:839} INFO - DAG(s) dict_keys(['example_sensor_decorator']) retrieved from /home/ubuntu/airflow_venv/lib/python3.10/site-packages/airflow/example_dags/example_sensor_decorator.py
[2023-09-28T15:17:44.686+0000] {logging_mixin.py:151} INFO - [2023-09-28T15:17:44.686+0000] {dag.py:2915} INFO - Sync 1 DAGs
[2023-09-28T15:17:44.708+0000] {logging_mixin.py:151} INFO - [2023-09-28T15:17:44.708+0000] {dag.py:3696} INFO - Setting next_dagrun for example_sensor_decorator to None, run_after=None
[2023-09-28T15:17:44.737+0000] {processor.py:179} INFO - Processing /home/ubuntu/airflow_venv/lib/python3.10/site-packages/airflow/example_dags/example_sensor_decorator.py took 0.090 seconds
[2023-09-28T15:23:46.058+0000] {processor.py:157} INFO - Started process (PID=3427) to work on /home/ubuntu/airflow_venv/lib/python3.10/site-packages/airflow/example_dags/example_sensor_decorator.py
[2023-09-28T15:23:46.060+0000] {processor.py:829} INFO - Processing file /home/ubuntu/airflow_venv/lib/python3.10/site-packages/airflow/example_dags/example_sensor_decorator.py for tasks to queue
[2023-09-28T15:23:46.061+0000] {logging_mixin.py:151} INFO - [2023-09-28T15:23:46.060+0000] {dagbag.py:539} INFO - Filling up the DagBag from /home/ubuntu/airflow_venv/lib/python3.10/site-packages/airflow/example_dags/example_sensor_decorator.py
[2023-09-28T15:23:46.067+0000] {processor.py:839} INFO - DAG(s) dict_keys(['example_sensor_decorator']) retrieved from /home/ubuntu/airflow_venv/lib/python3.10/site-packages/airflow/example_dags/example_sensor_decorator.py
[2023-09-28T15:23:46.076+0000] {logging_mixin.py:151} INFO - [2023-09-28T15:23:46.076+0000] {dag.py:2915} INFO - Sync 1 DAGs
[2023-09-28T15:23:46.089+0000] {logging_mixin.py:151} INFO - [2023-09-28T15:23:46.089+0000] {dag.py:3696} INFO - Setting next_dagrun for example_sensor_decorator to None, run_after=None
[2023-09-28T15:23:46.112+0000] {processor.py:179} INFO - Processing /home/ubuntu/airflow_venv/lib/python3.10/site-packages/airflow/example_dags/example_sensor_decorator.py took 0.057 seconds
[2023-09-28T15:24:32.766+0000] {processor.py:157} INFO - Started process (PID=3478) to work on /home/ubuntu/airflow_venv/lib/python3.10/site-packages/airflow/example_dags/example_sensor_decorator.py
[2023-09-28T15:24:32.768+0000] {processor.py:829} INFO - Processing file /home/ubuntu/airflow_venv/lib/python3.10/site-packages/airflow/example_dags/example_sensor_decorator.py for tasks to queue
[2023-09-28T15:24:32.769+0000] {logging_mixin.py:151} INFO - [2023-09-28T15:24:32.768+0000] {dagbag.py:539} INFO - Filling up the DagBag from /home/ubuntu/airflow_venv/lib/python3.10/site-packages/airflow/example_dags/example_sensor_decorator.py
[2023-09-28T15:24:32.776+0000] {processor.py:839} INFO - DAG(s) dict_keys(['example_sensor_decorator']) retrieved from /home/ubuntu/airflow_venv/lib/python3.10/site-packages/airflow/example_dags/example_sensor_decorator.py
[2023-09-28T15:24:32.792+0000] {logging_mixin.py:151} INFO - [2023-09-28T15:24:32.792+0000] {dag.py:2915} INFO - Sync 1 DAGs
[2023-09-28T15:24:32.803+0000] {logging_mixin.py:151} INFO - [2023-09-28T15:24:32.803+0000] {dag.py:3696} INFO - Setting next_dagrun for example_sensor_decorator to None, run_after=None
[2023-09-28T15:24:32.825+0000] {processor.py:179} INFO - Processing /home/ubuntu/airflow_venv/lib/python3.10/site-packages/airflow/example_dags/example_sensor_decorator.py took 0.062 seconds
[2023-09-28T15:28:15.204+0000] {processor.py:157} INFO - Started process (PID=3587) to work on /home/ubuntu/airflow_venv/lib/python3.10/site-packages/airflow/example_dags/example_sensor_decorator.py
[2023-09-28T15:28:15.206+0000] {processor.py:829} INFO - Processing file /home/ubuntu/airflow_venv/lib/python3.10/site-packages/airflow/example_dags/example_sensor_decorator.py for tasks to queue
[2023-09-28T15:28:15.207+0000] {logging_mixin.py:151} INFO - [2023-09-28T15:28:15.207+0000] {dagbag.py:539} INFO - Filling up the DagBag from /home/ubuntu/airflow_venv/lib/python3.10/site-packages/airflow/example_dags/example_sensor_decorator.py
[2023-09-28T15:28:15.213+0000] {processor.py:839} INFO - DAG(s) dict_keys(['example_sensor_decorator']) retrieved from /home/ubuntu/airflow_venv/lib/python3.10/site-packages/airflow/example_dags/example_sensor_decorator.py
[2023-09-28T15:28:15.373+0000] {logging_mixin.py:151} INFO - [2023-09-28T15:28:15.373+0000] {dag.py:2915} INFO - Sync 1 DAGs
[2023-09-28T15:28:15.383+0000] {logging_mixin.py:151} INFO - [2023-09-28T15:28:15.383+0000] {dag.py:3696} INFO - Setting next_dagrun for example_sensor_decorator to None, run_after=None
[2023-09-28T15:28:15.402+0000] {processor.py:179} INFO - Processing /home/ubuntu/airflow_venv/lib/python3.10/site-packages/airflow/example_dags/example_sensor_decorator.py took 0.201 seconds
