[2023-09-28T09:26:58.285+0000] {processor.py:157} INFO - Started process (PID=51075) to work on /home/ubuntu/airflow_venv/lib/python3.10/site-packages/airflow/example_dags/example_sla_dag.py
[2023-09-28T09:26:58.286+0000] {processor.py:829} INFO - Processing file /home/ubuntu/airflow_venv/lib/python3.10/site-packages/airflow/example_dags/example_sla_dag.py for tasks to queue
[2023-09-28T09:26:58.287+0000] {logging_mixin.py:151} INFO - [2023-09-28T09:26:58.287+0000] {dagbag.py:539} INFO - Filling up the DagBag from /home/ubuntu/airflow_venv/lib/python3.10/site-packages/airflow/example_dags/example_sla_dag.py
[2023-09-28T09:26:58.297+0000] {processor.py:839} INFO - DAG(s) dict_keys(['example_sla_dag']) retrieved from /home/ubuntu/airflow_venv/lib/python3.10/site-packages/airflow/example_dags/example_sla_dag.py
[2023-09-28T09:26:58.317+0000] {logging_mixin.py:151} INFO - [2023-09-28T09:26:58.317+0000] {dag.py:2915} INFO - Sync 1 DAGs
[2023-09-28T09:26:58.345+0000] {logging_mixin.py:151} INFO - [2023-09-28T09:26:58.345+0000] {dag.py:3696} INFO - Setting next_dagrun for example_sla_dag to 2023-09-28T09:24:00+00:00, run_after=2023-09-28T09:26:00+00:00
[2023-09-28T09:26:58.366+0000] {processor.py:179} INFO - Processing /home/ubuntu/airflow_venv/lib/python3.10/site-packages/airflow/example_dags/example_sla_dag.py took 0.084 seconds
[2023-09-28T09:28:17.557+0000] {processor.py:157} INFO - Started process (PID=51142) to work on /home/ubuntu/airflow_venv/lib/python3.10/site-packages/airflow/example_dags/example_sla_dag.py
[2023-09-28T09:28:17.558+0000] {processor.py:829} INFO - Processing file /home/ubuntu/airflow_venv/lib/python3.10/site-packages/airflow/example_dags/example_sla_dag.py for tasks to queue
[2023-09-28T09:28:17.559+0000] {logging_mixin.py:151} INFO - [2023-09-28T09:28:17.559+0000] {dagbag.py:539} INFO - Filling up the DagBag from /home/ubuntu/airflow_venv/lib/python3.10/site-packages/airflow/example_dags/example_sla_dag.py
[2023-09-28T09:28:17.569+0000] {processor.py:839} INFO - DAG(s) dict_keys(['example_sla_dag']) retrieved from /home/ubuntu/airflow_venv/lib/python3.10/site-packages/airflow/example_dags/example_sla_dag.py
[2023-09-28T09:28:17.595+0000] {logging_mixin.py:151} INFO - [2023-09-28T09:28:17.595+0000] {dag.py:2915} INFO - Sync 1 DAGs
[2023-09-28T09:28:17.621+0000] {logging_mixin.py:151} INFO - [2023-09-28T09:28:17.621+0000] {dag.py:3696} INFO - Setting next_dagrun for example_sla_dag to 2023-09-28T09:26:00+00:00, run_after=2023-09-28T09:28:00+00:00
[2023-09-28T09:28:17.650+0000] {processor.py:179} INFO - Processing /home/ubuntu/airflow_venv/lib/python3.10/site-packages/airflow/example_dags/example_sla_dag.py took 0.098 seconds
[2023-09-28T10:47:19.161+0000] {processor.py:157} INFO - Started process (PID=1253) to work on /home/ubuntu/airflow_venv/lib/python3.10/site-packages/airflow/example_dags/example_sla_dag.py
[2023-09-28T10:47:19.162+0000] {processor.py:829} INFO - Processing file /home/ubuntu/airflow_venv/lib/python3.10/site-packages/airflow/example_dags/example_sla_dag.py for tasks to queue
[2023-09-28T10:47:19.163+0000] {logging_mixin.py:151} INFO - [2023-09-28T10:47:19.163+0000] {dagbag.py:539} INFO - Filling up the DagBag from /home/ubuntu/airflow_venv/lib/python3.10/site-packages/airflow/example_dags/example_sla_dag.py
[2023-09-28T10:47:19.172+0000] {processor.py:839} INFO - DAG(s) dict_keys(['example_sla_dag']) retrieved from /home/ubuntu/airflow_venv/lib/python3.10/site-packages/airflow/example_dags/example_sla_dag.py
[2023-09-28T10:47:19.189+0000] {logging_mixin.py:151} INFO - [2023-09-28T10:47:19.189+0000] {dag.py:2915} INFO - Sync 1 DAGs
[2023-09-28T10:47:19.213+0000] {logging_mixin.py:151} INFO - [2023-09-28T10:47:19.213+0000] {dag.py:3696} INFO - Setting next_dagrun for example_sla_dag to 2023-09-28T10:44:00+00:00, run_after=2023-09-28T10:46:00+00:00
[2023-09-28T10:47:19.248+0000] {processor.py:179} INFO - Processing /home/ubuntu/airflow_venv/lib/python3.10/site-packages/airflow/example_dags/example_sla_dag.py took 0.090 seconds
[2023-09-28T10:48:08.422+0000] {processor.py:157} INFO - Started process (PID=1513) to work on /home/ubuntu/airflow_venv/lib/python3.10/site-packages/airflow/example_dags/example_sla_dag.py
[2023-09-28T10:48:08.423+0000] {processor.py:829} INFO - Processing file /home/ubuntu/airflow_venv/lib/python3.10/site-packages/airflow/example_dags/example_sla_dag.py for tasks to queue
[2023-09-28T10:48:08.424+0000] {logging_mixin.py:151} INFO - [2023-09-28T10:48:08.424+0000] {dagbag.py:539} INFO - Filling up the DagBag from /home/ubuntu/airflow_venv/lib/python3.10/site-packages/airflow/example_dags/example_sla_dag.py
[2023-09-28T10:48:08.435+0000] {processor.py:839} INFO - DAG(s) dict_keys(['example_sla_dag']) retrieved from /home/ubuntu/airflow_venv/lib/python3.10/site-packages/airflow/example_dags/example_sla_dag.py
[2023-09-28T10:48:08.462+0000] {logging_mixin.py:151} INFO - [2023-09-28T10:48:08.462+0000] {dag.py:2915} INFO - Sync 1 DAGs
[2023-09-28T10:48:08.488+0000] {logging_mixin.py:151} INFO - [2023-09-28T10:48:08.488+0000] {dag.py:3696} INFO - Setting next_dagrun for example_sla_dag to 2023-09-28T10:46:00+00:00, run_after=2023-09-28T10:48:00+00:00
[2023-09-28T10:48:08.717+0000] {processor.py:179} INFO - Processing /home/ubuntu/airflow_venv/lib/python3.10/site-packages/airflow/example_dags/example_sla_dag.py took 0.299 seconds
[2023-09-28T10:49:04.453+0000] {processor.py:157} INFO - Started process (PID=1563) to work on /home/ubuntu/airflow_venv/lib/python3.10/site-packages/airflow/example_dags/example_sla_dag.py
[2023-09-28T10:49:04.455+0000] {processor.py:829} INFO - Processing file /home/ubuntu/airflow_venv/lib/python3.10/site-packages/airflow/example_dags/example_sla_dag.py for tasks to queue
[2023-09-28T10:49:04.455+0000] {logging_mixin.py:151} INFO - [2023-09-28T10:49:04.455+0000] {dagbag.py:539} INFO - Filling up the DagBag from /home/ubuntu/airflow_venv/lib/python3.10/site-packages/airflow/example_dags/example_sla_dag.py
[2023-09-28T10:49:04.468+0000] {processor.py:839} INFO - DAG(s) dict_keys(['example_sla_dag']) retrieved from /home/ubuntu/airflow_venv/lib/python3.10/site-packages/airflow/example_dags/example_sla_dag.py
[2023-09-28T10:49:04.651+0000] {logging_mixin.py:151} INFO - [2023-09-28T10:49:04.651+0000] {dag.py:2915} INFO - Sync 1 DAGs
[2023-09-28T10:49:04.670+0000] {logging_mixin.py:151} INFO - [2023-09-28T10:49:04.670+0000] {dag.py:3696} INFO - Setting next_dagrun for example_sla_dag to 2023-09-28T10:46:00+00:00, run_after=2023-09-28T10:48:00+00:00
[2023-09-28T10:49:04.689+0000] {processor.py:179} INFO - Processing /home/ubuntu/airflow_venv/lib/python3.10/site-packages/airflow/example_dags/example_sla_dag.py took 0.240 seconds
[2023-09-28T10:53:10.243+0000] {processor.py:157} INFO - Started process (PID=2005) to work on /home/ubuntu/airflow_venv/lib/python3.10/site-packages/airflow/example_dags/example_sla_dag.py
[2023-09-28T10:53:10.250+0000] {processor.py:829} INFO - Processing file /home/ubuntu/airflow_venv/lib/python3.10/site-packages/airflow/example_dags/example_sla_dag.py for tasks to queue
[2023-09-28T10:53:10.255+0000] {logging_mixin.py:151} INFO - [2023-09-28T10:53:10.251+0000] {dagbag.py:539} INFO - Filling up the DagBag from /home/ubuntu/airflow_venv/lib/python3.10/site-packages/airflow/example_dags/example_sla_dag.py
[2023-09-28T10:53:10.290+0000] {processor.py:839} INFO - DAG(s) dict_keys(['example_sla_dag']) retrieved from /home/ubuntu/airflow_venv/lib/python3.10/site-packages/airflow/example_dags/example_sla_dag.py
[2023-09-28T10:53:10.841+0000] {logging_mixin.py:151} INFO - [2023-09-28T10:53:10.652+0000] {dag.py:2915} INFO - Sync 1 DAGs
[2023-09-28T10:53:14.699+0000] {logging_mixin.py:151} INFO - [2023-09-28T10:53:12.843+0000] {dag.py:3696} INFO - Setting next_dagrun for example_sla_dag to 2023-09-28T10:50:00+00:00, run_after=2023-09-28T10:52:00+00:00
[2023-09-28T10:53:56.720+0000] {processor.py:179} INFO - Processing /home/ubuntu/airflow_venv/lib/python3.10/site-packages/airflow/example_dags/example_sla_dag.py took 46.482 seconds
[2023-09-28T11:05:44.180+0000] {processor.py:157} INFO - Started process (PID=2186) to work on /home/ubuntu/airflow_venv/lib/python3.10/site-packages/airflow/example_dags/example_sla_dag.py
[2023-09-28T11:05:44.181+0000] {processor.py:829} INFO - Processing file /home/ubuntu/airflow_venv/lib/python3.10/site-packages/airflow/example_dags/example_sla_dag.py for tasks to queue
[2023-09-28T11:05:44.182+0000] {logging_mixin.py:151} INFO - [2023-09-28T11:05:44.182+0000] {dagbag.py:539} INFO - Filling up the DagBag from /home/ubuntu/airflow_venv/lib/python3.10/site-packages/airflow/example_dags/example_sla_dag.py
[2023-09-28T11:05:44.192+0000] {processor.py:839} INFO - DAG(s) dict_keys(['example_sla_dag']) retrieved from /home/ubuntu/airflow_venv/lib/python3.10/site-packages/airflow/example_dags/example_sla_dag.py
[2023-09-28T11:05:44.212+0000] {logging_mixin.py:151} INFO - [2023-09-28T11:05:44.212+0000] {dag.py:2915} INFO - Sync 1 DAGs
[2023-09-28T11:05:44.236+0000] {logging_mixin.py:151} INFO - [2023-09-28T11:05:44.236+0000] {dag.py:3696} INFO - Setting next_dagrun for example_sla_dag to 2023-09-28T11:02:00+00:00, run_after=2023-09-28T11:04:00+00:00
[2023-09-28T11:05:44.260+0000] {processor.py:179} INFO - Processing /home/ubuntu/airflow_venv/lib/python3.10/site-packages/airflow/example_dags/example_sla_dag.py took 0.085 seconds
[2023-09-28T15:00:47.484+0000] {processor.py:157} INFO - Started process (PID=1802) to work on /home/ubuntu/airflow_venv/lib/python3.10/site-packages/airflow/example_dags/example_sla_dag.py
[2023-09-28T15:00:47.485+0000] {processor.py:829} INFO - Processing file /home/ubuntu/airflow_venv/lib/python3.10/site-packages/airflow/example_dags/example_sla_dag.py for tasks to queue
[2023-09-28T15:00:47.486+0000] {logging_mixin.py:151} INFO - [2023-09-28T15:00:47.486+0000] {dagbag.py:539} INFO - Filling up the DagBag from /home/ubuntu/airflow_venv/lib/python3.10/site-packages/airflow/example_dags/example_sla_dag.py
[2023-09-28T15:00:47.496+0000] {processor.py:839} INFO - DAG(s) dict_keys(['example_sla_dag']) retrieved from /home/ubuntu/airflow_venv/lib/python3.10/site-packages/airflow/example_dags/example_sla_dag.py
[2023-09-28T15:00:47.505+0000] {logging_mixin.py:151} INFO - [2023-09-28T15:00:47.505+0000] {dag.py:2915} INFO - Sync 1 DAGs
[2023-09-28T15:00:47.535+0000] {logging_mixin.py:151} INFO - [2023-09-28T15:00:47.535+0000] {dag.py:3696} INFO - Setting next_dagrun for example_sla_dag to 2023-09-28T14:58:00+00:00, run_after=2023-09-28T15:00:00+00:00
[2023-09-28T15:00:47.556+0000] {processor.py:179} INFO - Processing /home/ubuntu/airflow_venv/lib/python3.10/site-packages/airflow/example_dags/example_sla_dag.py took 0.075 seconds
[2023-09-28T15:01:38.140+0000] {processor.py:157} INFO - Started process (PID=1850) to work on /home/ubuntu/airflow_venv/lib/python3.10/site-packages/airflow/example_dags/example_sla_dag.py
[2023-09-28T15:01:38.142+0000] {processor.py:829} INFO - Processing file /home/ubuntu/airflow_venv/lib/python3.10/site-packages/airflow/example_dags/example_sla_dag.py for tasks to queue
[2023-09-28T15:01:38.143+0000] {logging_mixin.py:151} INFO - [2023-09-28T15:01:38.142+0000] {dagbag.py:539} INFO - Filling up the DagBag from /home/ubuntu/airflow_venv/lib/python3.10/site-packages/airflow/example_dags/example_sla_dag.py
[2023-09-28T15:01:38.152+0000] {processor.py:839} INFO - DAG(s) dict_keys(['example_sla_dag']) retrieved from /home/ubuntu/airflow_venv/lib/python3.10/site-packages/airflow/example_dags/example_sla_dag.py
[2023-09-28T15:01:38.169+0000] {logging_mixin.py:151} INFO - [2023-09-28T15:01:38.169+0000] {dag.py:2915} INFO - Sync 1 DAGs
[2023-09-28T15:01:38.192+0000] {logging_mixin.py:151} INFO - [2023-09-28T15:01:38.192+0000] {dag.py:3696} INFO - Setting next_dagrun for example_sla_dag to 2023-09-28T14:58:00+00:00, run_after=2023-09-28T15:00:00+00:00
[2023-09-28T15:01:38.401+0000] {processor.py:179} INFO - Processing /home/ubuntu/airflow_venv/lib/python3.10/site-packages/airflow/example_dags/example_sla_dag.py took 0.264 seconds
[2023-09-28T15:17:51.936+0000] {processor.py:157} INFO - Started process (PID=3219) to work on /home/ubuntu/airflow_venv/lib/python3.10/site-packages/airflow/example_dags/example_sla_dag.py
[2023-09-28T15:17:51.938+0000] {processor.py:829} INFO - Processing file /home/ubuntu/airflow_venv/lib/python3.10/site-packages/airflow/example_dags/example_sla_dag.py for tasks to queue
[2023-09-28T15:17:51.938+0000] {logging_mixin.py:151} INFO - [2023-09-28T15:17:51.938+0000] {dagbag.py:539} INFO - Filling up the DagBag from /home/ubuntu/airflow_venv/lib/python3.10/site-packages/airflow/example_dags/example_sla_dag.py
[2023-09-28T15:17:51.948+0000] {processor.py:839} INFO - DAG(s) dict_keys(['example_sla_dag']) retrieved from /home/ubuntu/airflow_venv/lib/python3.10/site-packages/airflow/example_dags/example_sla_dag.py
[2023-09-28T15:17:51.965+0000] {logging_mixin.py:151} INFO - [2023-09-28T15:17:51.965+0000] {dag.py:2915} INFO - Sync 1 DAGs
[2023-09-28T15:17:51.988+0000] {logging_mixin.py:151} INFO - [2023-09-28T15:17:51.988+0000] {dag.py:3696} INFO - Setting next_dagrun for example_sla_dag to 2023-09-28T15:14:00+00:00, run_after=2023-09-28T15:16:00+00:00
[2023-09-28T15:17:52.007+0000] {processor.py:179} INFO - Processing /home/ubuntu/airflow_venv/lib/python3.10/site-packages/airflow/example_dags/example_sla_dag.py took 0.074 seconds
[2023-09-28T15:23:52.334+0000] {processor.py:157} INFO - Started process (PID=3434) to work on /home/ubuntu/airflow_venv/lib/python3.10/site-packages/airflow/example_dags/example_sla_dag.py
[2023-09-28T15:23:52.335+0000] {processor.py:829} INFO - Processing file /home/ubuntu/airflow_venv/lib/python3.10/site-packages/airflow/example_dags/example_sla_dag.py for tasks to queue
[2023-09-28T15:23:52.336+0000] {logging_mixin.py:151} INFO - [2023-09-28T15:23:52.336+0000] {dagbag.py:539} INFO - Filling up the DagBag from /home/ubuntu/airflow_venv/lib/python3.10/site-packages/airflow/example_dags/example_sla_dag.py
[2023-09-28T15:23:52.345+0000] {processor.py:839} INFO - DAG(s) dict_keys(['example_sla_dag']) retrieved from /home/ubuntu/airflow_venv/lib/python3.10/site-packages/airflow/example_dags/example_sla_dag.py
[2023-09-28T15:23:52.353+0000] {logging_mixin.py:151} INFO - [2023-09-28T15:23:52.353+0000] {dag.py:2915} INFO - Sync 1 DAGs
[2023-09-28T15:23:52.378+0000] {logging_mixin.py:151} INFO - [2023-09-28T15:23:52.377+0000] {dag.py:3696} INFO - Setting next_dagrun for example_sla_dag to 2023-09-28T15:20:00+00:00, run_after=2023-09-28T15:22:00+00:00
[2023-09-28T15:23:52.400+0000] {processor.py:179} INFO - Processing /home/ubuntu/airflow_venv/lib/python3.10/site-packages/airflow/example_dags/example_sla_dag.py took 0.069 seconds
[2023-09-28T15:24:40.712+0000] {processor.py:157} INFO - Started process (PID=3485) to work on /home/ubuntu/airflow_venv/lib/python3.10/site-packages/airflow/example_dags/example_sla_dag.py
[2023-09-28T15:24:40.713+0000] {processor.py:829} INFO - Processing file /home/ubuntu/airflow_venv/lib/python3.10/site-packages/airflow/example_dags/example_sla_dag.py for tasks to queue
[2023-09-28T15:24:40.714+0000] {logging_mixin.py:151} INFO - [2023-09-28T15:24:40.713+0000] {dagbag.py:539} INFO - Filling up the DagBag from /home/ubuntu/airflow_venv/lib/python3.10/site-packages/airflow/example_dags/example_sla_dag.py
[2023-09-28T15:24:40.722+0000] {processor.py:839} INFO - DAG(s) dict_keys(['example_sla_dag']) retrieved from /home/ubuntu/airflow_venv/lib/python3.10/site-packages/airflow/example_dags/example_sla_dag.py
[2023-09-28T15:24:40.740+0000] {logging_mixin.py:151} INFO - [2023-09-28T15:24:40.739+0000] {dag.py:2915} INFO - Sync 1 DAGs
[2023-09-28T15:24:40.762+0000] {logging_mixin.py:151} INFO - [2023-09-28T15:24:40.762+0000] {dag.py:3696} INFO - Setting next_dagrun for example_sla_dag to 2023-09-28T15:22:00+00:00, run_after=2023-09-28T15:24:00+00:00
[2023-09-28T15:24:40.915+0000] {processor.py:179} INFO - Processing /home/ubuntu/airflow_venv/lib/python3.10/site-packages/airflow/example_dags/example_sla_dag.py took 0.206 seconds
[2023-09-28T15:28:23.241+0000] {processor.py:157} INFO - Started process (PID=3594) to work on /home/ubuntu/airflow_venv/lib/python3.10/site-packages/airflow/example_dags/example_sla_dag.py
[2023-09-28T15:28:23.242+0000] {processor.py:829} INFO - Processing file /home/ubuntu/airflow_venv/lib/python3.10/site-packages/airflow/example_dags/example_sla_dag.py for tasks to queue
[2023-09-28T15:28:23.243+0000] {logging_mixin.py:151} INFO - [2023-09-28T15:28:23.243+0000] {dagbag.py:539} INFO - Filling up the DagBag from /home/ubuntu/airflow_venv/lib/python3.10/site-packages/airflow/example_dags/example_sla_dag.py
[2023-09-28T15:28:23.254+0000] {processor.py:839} INFO - DAG(s) dict_keys(['example_sla_dag']) retrieved from /home/ubuntu/airflow_venv/lib/python3.10/site-packages/airflow/example_dags/example_sla_dag.py
[2023-09-28T15:28:23.488+0000] {logging_mixin.py:151} INFO - [2023-09-28T15:28:23.488+0000] {dag.py:2915} INFO - Sync 1 DAGs
[2023-09-28T15:28:23.521+0000] {logging_mixin.py:151} INFO - [2023-09-28T15:28:23.521+0000] {dag.py:3696} INFO - Setting next_dagrun for example_sla_dag to 2023-09-28T15:26:00+00:00, run_after=2023-09-28T15:28:00+00:00
[2023-09-28T15:28:23.571+0000] {processor.py:179} INFO - Processing /home/ubuntu/airflow_venv/lib/python3.10/site-packages/airflow/example_dags/example_sla_dag.py took 0.334 seconds
