[2023-09-28T10:47:42.410+0000] {processor.py:157} INFO - Started process (PID=1487) to work on /home/ubuntu/airflow_venv/lib/python3.10/site-packages/airflow/example_dags/example_branch_datetime_operator.py
[2023-09-28T10:47:42.411+0000] {processor.py:829} INFO - Processing file /home/ubuntu/airflow_venv/lib/python3.10/site-packages/airflow/example_dags/example_branch_datetime_operator.py for tasks to queue
[2023-09-28T10:47:42.412+0000] {logging_mixin.py:151} INFO - [2023-09-28T10:47:42.412+0000] {dagbag.py:539} INFO - Filling up the DagBag from /home/ubuntu/airflow_venv/lib/python3.10/site-packages/airflow/example_dags/example_branch_datetime_operator.py
[2023-09-28T10:47:42.427+0000] {processor.py:839} INFO - DAG(s) dict_keys(['example_branch_datetime_operator', 'example_branch_datetime_operator_2', 'example_branch_datetime_operator_3']) retrieved from /home/ubuntu/airflow_venv/lib/python3.10/site-packages/airflow/example_dags/example_branch_datetime_operator.py
[2023-09-28T10:47:42.460+0000] {logging_mixin.py:151} INFO - [2023-09-28T10:47:42.460+0000] {dag.py:2915} INFO - Sync 3 DAGs
[2023-09-28T10:47:42.488+0000] {logging_mixin.py:151} INFO - [2023-09-28T10:47:42.487+0000] {dag.py:3696} INFO - Setting next_dagrun for example_branch_datetime_operator to 2023-09-27T00:00:00+00:00, run_after=2023-09-28T00:00:00+00:00
[2023-09-28T10:47:42.494+0000] {logging_mixin.py:151} INFO - [2023-09-28T10:47:42.494+0000] {dag.py:3696} INFO - Setting next_dagrun for example_branch_datetime_operator_2 to 2023-09-27T00:00:00+00:00, run_after=2023-09-28T00:00:00+00:00
[2023-09-28T10:47:42.497+0000] {logging_mixin.py:151} INFO - [2023-09-28T10:47:42.497+0000] {dag.py:3696} INFO - Setting next_dagrun for example_branch_datetime_operator_3 to 2023-09-27T00:00:00+00:00, run_after=2023-09-28T00:00:00+00:00
[2023-09-28T10:47:42.527+0000] {processor.py:179} INFO - Processing /home/ubuntu/airflow_venv/lib/python3.10/site-packages/airflow/example_dags/example_branch_datetime_operator.py took 0.120 seconds
[2023-09-28T10:48:50.997+0000] {processor.py:157} INFO - Started process (PID=1551) to work on /home/ubuntu/airflow_venv/lib/python3.10/site-packages/airflow/example_dags/example_branch_datetime_operator.py
[2023-09-28T10:48:50.998+0000] {processor.py:829} INFO - Processing file /home/ubuntu/airflow_venv/lib/python3.10/site-packages/airflow/example_dags/example_branch_datetime_operator.py for tasks to queue
[2023-09-28T10:48:50.999+0000] {logging_mixin.py:151} INFO - [2023-09-28T10:48:50.999+0000] {dagbag.py:539} INFO - Filling up the DagBag from /home/ubuntu/airflow_venv/lib/python3.10/site-packages/airflow/example_dags/example_branch_datetime_operator.py
[2023-09-28T10:48:51.011+0000] {processor.py:839} INFO - DAG(s) dict_keys(['example_branch_datetime_operator_2', 'example_branch_datetime_operator', 'example_branch_datetime_operator_3']) retrieved from /home/ubuntu/airflow_venv/lib/python3.10/site-packages/airflow/example_dags/example_branch_datetime_operator.py
[2023-09-28T10:48:51.035+0000] {logging_mixin.py:151} INFO - [2023-09-28T10:48:51.035+0000] {dag.py:2915} INFO - Sync 3 DAGs
[2023-09-28T10:48:51.209+0000] {logging_mixin.py:151} INFO - [2023-09-28T10:48:51.209+0000] {dag.py:3696} INFO - Setting next_dagrun for example_branch_datetime_operator to 2023-09-27T00:00:00+00:00, run_after=2023-09-28T00:00:00+00:00
[2023-09-28T10:48:51.213+0000] {logging_mixin.py:151} INFO - [2023-09-28T10:48:51.213+0000] {dag.py:3696} INFO - Setting next_dagrun for example_branch_datetime_operator_2 to 2023-09-27T00:00:00+00:00, run_after=2023-09-28T00:00:00+00:00
[2023-09-28T10:48:51.215+0000] {logging_mixin.py:151} INFO - [2023-09-28T10:48:51.215+0000] {dag.py:3696} INFO - Setting next_dagrun for example_branch_datetime_operator_3 to 2023-09-27T00:00:00+00:00, run_after=2023-09-28T00:00:00+00:00
[2023-09-28T10:48:51.232+0000] {processor.py:179} INFO - Processing /home/ubuntu/airflow_venv/lib/python3.10/site-packages/airflow/example_dags/example_branch_datetime_operator.py took 0.240 seconds
[2023-09-28T11:06:06.631+0000] {processor.py:157} INFO - Started process (PID=2212) to work on /home/ubuntu/airflow_venv/lib/python3.10/site-packages/airflow/example_dags/example_branch_datetime_operator.py
[2023-09-28T11:06:06.634+0000] {processor.py:829} INFO - Processing file /home/ubuntu/airflow_venv/lib/python3.10/site-packages/airflow/example_dags/example_branch_datetime_operator.py for tasks to queue
[2023-09-28T11:06:06.635+0000] {logging_mixin.py:151} INFO - [2023-09-28T11:06:06.635+0000] {dagbag.py:539} INFO - Filling up the DagBag from /home/ubuntu/airflow_venv/lib/python3.10/site-packages/airflow/example_dags/example_branch_datetime_operator.py
[2023-09-28T11:06:06.652+0000] {processor.py:839} INFO - DAG(s) dict_keys(['example_branch_datetime_operator_3', 'example_branch_datetime_operator_2', 'example_branch_datetime_operator']) retrieved from /home/ubuntu/airflow_venv/lib/python3.10/site-packages/airflow/example_dags/example_branch_datetime_operator.py
[2023-09-28T11:06:06.718+0000] {logging_mixin.py:151} INFO - [2023-09-28T11:06:06.717+0000] {dag.py:2915} INFO - Sync 3 DAGs
[2023-09-28T11:06:06.758+0000] {logging_mixin.py:151} INFO - [2023-09-28T11:06:06.758+0000] {dag.py:3696} INFO - Setting next_dagrun for example_branch_datetime_operator to 2023-09-27T00:00:00+00:00, run_after=2023-09-28T00:00:00+00:00
[2023-09-28T11:06:06.763+0000] {logging_mixin.py:151} INFO - [2023-09-28T11:06:06.763+0000] {dag.py:3696} INFO - Setting next_dagrun for example_branch_datetime_operator_2 to 2023-09-27T00:00:00+00:00, run_after=2023-09-28T00:00:00+00:00
[2023-09-28T11:06:06.770+0000] {logging_mixin.py:151} INFO - [2023-09-28T11:06:06.770+0000] {dag.py:3696} INFO - Setting next_dagrun for example_branch_datetime_operator_3 to 2023-09-27T00:00:00+00:00, run_after=2023-09-28T00:00:00+00:00
[2023-09-28T11:06:06.797+0000] {processor.py:179} INFO - Processing /home/ubuntu/airflow_venv/lib/python3.10/site-packages/airflow/example_dags/example_branch_datetime_operator.py took 0.171 seconds
[2023-09-28T15:01:11.124+0000] {processor.py:157} INFO - Started process (PID=1825) to work on /home/ubuntu/airflow_venv/lib/python3.10/site-packages/airflow/example_dags/example_branch_datetime_operator.py
[2023-09-28T15:01:11.126+0000] {processor.py:829} INFO - Processing file /home/ubuntu/airflow_venv/lib/python3.10/site-packages/airflow/example_dags/example_branch_datetime_operator.py for tasks to queue
[2023-09-28T15:01:11.130+0000] {logging_mixin.py:151} INFO - [2023-09-28T15:01:11.127+0000] {dagbag.py:539} INFO - Filling up the DagBag from /home/ubuntu/airflow_venv/lib/python3.10/site-packages/airflow/example_dags/example_branch_datetime_operator.py
[2023-09-28T15:01:11.158+0000] {processor.py:839} INFO - DAG(s) dict_keys(['example_branch_datetime_operator_3', 'example_branch_datetime_operator_2', 'example_branch_datetime_operator']) retrieved from /home/ubuntu/airflow_venv/lib/python3.10/site-packages/airflow/example_dags/example_branch_datetime_operator.py
[2023-09-28T15:01:11.186+0000] {logging_mixin.py:151} INFO - [2023-09-28T15:01:11.186+0000] {dag.py:2915} INFO - Sync 3 DAGs
[2023-09-28T15:01:11.213+0000] {logging_mixin.py:151} INFO - [2023-09-28T15:01:11.213+0000] {dag.py:3696} INFO - Setting next_dagrun for example_branch_datetime_operator to 2023-09-27T00:00:00+00:00, run_after=2023-09-28T00:00:00+00:00
[2023-09-28T15:01:11.221+0000] {logging_mixin.py:151} INFO - [2023-09-28T15:01:11.220+0000] {dag.py:3696} INFO - Setting next_dagrun for example_branch_datetime_operator_2 to 2023-09-27T00:00:00+00:00, run_after=2023-09-28T00:00:00+00:00
[2023-09-28T15:01:11.226+0000] {logging_mixin.py:151} INFO - [2023-09-28T15:01:11.226+0000] {dag.py:3696} INFO - Setting next_dagrun for example_branch_datetime_operator_3 to 2023-09-27T00:00:00+00:00, run_after=2023-09-28T00:00:00+00:00
[2023-09-28T15:01:11.255+0000] {processor.py:179} INFO - Processing /home/ubuntu/airflow_venv/lib/python3.10/site-packages/airflow/example_dags/example_branch_datetime_operator.py took 0.136 seconds
[2023-09-28T15:18:15.481+0000] {processor.py:157} INFO - Started process (PID=3245) to work on /home/ubuntu/airflow_venv/lib/python3.10/site-packages/airflow/example_dags/example_branch_datetime_operator.py
[2023-09-28T15:18:15.482+0000] {processor.py:829} INFO - Processing file /home/ubuntu/airflow_venv/lib/python3.10/site-packages/airflow/example_dags/example_branch_datetime_operator.py for tasks to queue
[2023-09-28T15:18:15.483+0000] {logging_mixin.py:151} INFO - [2023-09-28T15:18:15.483+0000] {dagbag.py:539} INFO - Filling up the DagBag from /home/ubuntu/airflow_venv/lib/python3.10/site-packages/airflow/example_dags/example_branch_datetime_operator.py
[2023-09-28T15:18:15.493+0000] {processor.py:839} INFO - DAG(s) dict_keys(['example_branch_datetime_operator', 'example_branch_datetime_operator_3', 'example_branch_datetime_operator_2']) retrieved from /home/ubuntu/airflow_venv/lib/python3.10/site-packages/airflow/example_dags/example_branch_datetime_operator.py
[2023-09-28T15:18:15.515+0000] {logging_mixin.py:151} INFO - [2023-09-28T15:18:15.515+0000] {dag.py:2915} INFO - Sync 3 DAGs
[2023-09-28T15:18:15.535+0000] {logging_mixin.py:151} INFO - [2023-09-28T15:18:15.535+0000] {dag.py:3696} INFO - Setting next_dagrun for example_branch_datetime_operator to 2023-09-27T00:00:00+00:00, run_after=2023-09-28T00:00:00+00:00
[2023-09-28T15:18:15.539+0000] {logging_mixin.py:151} INFO - [2023-09-28T15:18:15.539+0000] {dag.py:3696} INFO - Setting next_dagrun for example_branch_datetime_operator_2 to 2023-09-27T00:00:00+00:00, run_after=2023-09-28T00:00:00+00:00
[2023-09-28T15:18:15.542+0000] {logging_mixin.py:151} INFO - [2023-09-28T15:18:15.541+0000] {dag.py:3696} INFO - Setting next_dagrun for example_branch_datetime_operator_3 to 2023-09-27T00:00:00+00:00, run_after=2023-09-28T00:00:00+00:00
[2023-09-28T15:18:15.561+0000] {processor.py:179} INFO - Processing /home/ubuntu/airflow_venv/lib/python3.10/site-packages/airflow/example_dags/example_branch_datetime_operator.py took 0.083 seconds
[2023-09-28T15:24:14.695+0000] {processor.py:157} INFO - Started process (PID=3460) to work on /home/ubuntu/airflow_venv/lib/python3.10/site-packages/airflow/example_dags/example_branch_datetime_operator.py
[2023-09-28T15:24:14.697+0000] {processor.py:829} INFO - Processing file /home/ubuntu/airflow_venv/lib/python3.10/site-packages/airflow/example_dags/example_branch_datetime_operator.py for tasks to queue
[2023-09-28T15:24:14.697+0000] {logging_mixin.py:151} INFO - [2023-09-28T15:24:14.697+0000] {dagbag.py:539} INFO - Filling up the DagBag from /home/ubuntu/airflow_venv/lib/python3.10/site-packages/airflow/example_dags/example_branch_datetime_operator.py
[2023-09-28T15:24:14.708+0000] {processor.py:839} INFO - DAG(s) dict_keys(['example_branch_datetime_operator', 'example_branch_datetime_operator_2', 'example_branch_datetime_operator_3']) retrieved from /home/ubuntu/airflow_venv/lib/python3.10/site-packages/airflow/example_dags/example_branch_datetime_operator.py
[2023-09-28T15:24:14.742+0000] {logging_mixin.py:151} INFO - [2023-09-28T15:24:14.742+0000] {dag.py:2915} INFO - Sync 3 DAGs
[2023-09-28T15:24:14.770+0000] {logging_mixin.py:151} INFO - [2023-09-28T15:24:14.770+0000] {dag.py:3696} INFO - Setting next_dagrun for example_branch_datetime_operator to 2023-09-27T00:00:00+00:00, run_after=2023-09-28T00:00:00+00:00
[2023-09-28T15:24:14.775+0000] {logging_mixin.py:151} INFO - [2023-09-28T15:24:14.775+0000] {dag.py:3696} INFO - Setting next_dagrun for example_branch_datetime_operator_2 to 2023-09-27T00:00:00+00:00, run_after=2023-09-28T00:00:00+00:00
[2023-09-28T15:24:14.777+0000] {logging_mixin.py:151} INFO - [2023-09-28T15:24:14.777+0000] {dag.py:3696} INFO - Setting next_dagrun for example_branch_datetime_operator_3 to 2023-09-27T00:00:00+00:00, run_after=2023-09-28T00:00:00+00:00
[2023-09-28T15:24:14.797+0000] {processor.py:179} INFO - Processing /home/ubuntu/airflow_venv/lib/python3.10/site-packages/airflow/example_dags/example_branch_datetime_operator.py took 0.105 seconds
[2023-09-28T15:25:39.561+0000] {processor.py:157} INFO - Started process (PID=3563) to work on /home/ubuntu/airflow_venv/lib/python3.10/site-packages/airflow/example_dags/example_branch_datetime_operator.py
[2023-09-28T15:25:39.563+0000] {processor.py:829} INFO - Processing file /home/ubuntu/airflow_venv/lib/python3.10/site-packages/airflow/example_dags/example_branch_datetime_operator.py for tasks to queue
[2023-09-28T15:25:39.575+0000] {logging_mixin.py:151} INFO - [2023-09-28T15:25:39.564+0000] {dagbag.py:539} INFO - Filling up the DagBag from /home/ubuntu/airflow_venv/lib/python3.10/site-packages/airflow/example_dags/example_branch_datetime_operator.py
[2023-09-28T15:25:39.601+0000] {processor.py:839} INFO - DAG(s) dict_keys(['example_branch_datetime_operator_3', 'example_branch_datetime_operator_2', 'example_branch_datetime_operator']) retrieved from /home/ubuntu/airflow_venv/lib/python3.10/site-packages/airflow/example_dags/example_branch_datetime_operator.py
[2023-09-28T15:25:39.690+0000] {logging_mixin.py:151} INFO - [2023-09-28T15:25:39.690+0000] {dag.py:2915} INFO - Sync 3 DAGs
[2023-09-28T15:25:39.969+0000] {logging_mixin.py:151} INFO - [2023-09-28T15:25:39.966+0000] {dag.py:3696} INFO - Setting next_dagrun for example_branch_datetime_operator to 2023-09-27T00:00:00+00:00, run_after=2023-09-28T00:00:00+00:00
[2023-09-28T15:25:39.974+0000] {logging_mixin.py:151} INFO - [2023-09-28T15:25:39.974+0000] {dag.py:3696} INFO - Setting next_dagrun for example_branch_datetime_operator_2 to 2023-09-27T00:00:00+00:00, run_after=2023-09-28T00:00:00+00:00
[2023-09-28T15:25:39.976+0000] {logging_mixin.py:151} INFO - [2023-09-28T15:25:39.976+0000] {dag.py:3696} INFO - Setting next_dagrun for example_branch_datetime_operator_3 to 2023-09-27T00:00:00+00:00, run_after=2023-09-28T00:00:00+00:00
[2023-09-28T15:25:39.998+0000] {processor.py:179} INFO - Processing /home/ubuntu/airflow_venv/lib/python3.10/site-packages/airflow/example_dags/example_branch_datetime_operator.py took 0.440 seconds
