[2023-09-28T09:26:31.282+0000] {processor.py:157} INFO - Started process (PID=51048) to work on /home/ubuntu/airflow_venv/lib/python3.10/site-packages/airflow/example_dags/tutorial_taskflow_api.py
[2023-09-28T09:26:31.282+0000] {processor.py:829} INFO - Processing file /home/ubuntu/airflow_venv/lib/python3.10/site-packages/airflow/example_dags/tutorial_taskflow_api.py for tasks to queue
[2023-09-28T09:26:31.283+0000] {logging_mixin.py:151} INFO - [2023-09-28T09:26:31.283+0000] {dagbag.py:539} INFO - Filling up the DagBag from /home/ubuntu/airflow_venv/lib/python3.10/site-packages/airflow/example_dags/tutorial_taskflow_api.py
[2023-09-28T09:26:31.292+0000] {processor.py:839} INFO - DAG(s) dict_keys(['tutorial_taskflow_api']) retrieved from /home/ubuntu/airflow_venv/lib/python3.10/site-packages/airflow/example_dags/tutorial_taskflow_api.py
[2023-09-28T09:26:31.300+0000] {logging_mixin.py:151} INFO - [2023-09-28T09:26:31.300+0000] {dag.py:2915} INFO - Sync 1 DAGs
[2023-09-28T09:26:31.313+0000] {logging_mixin.py:151} INFO - [2023-09-28T09:26:31.313+0000] {dag.py:3696} INFO - Setting next_dagrun for tutorial_taskflow_api to None, run_after=None
[2023-09-28T09:26:31.340+0000] {processor.py:179} INFO - Processing /home/ubuntu/airflow_venv/lib/python3.10/site-packages/airflow/example_dags/tutorial_taskflow_api.py took 0.061 seconds
[2023-09-28T09:27:53.327+0000] {processor.py:157} INFO - Started process (PID=51114) to work on /home/ubuntu/airflow_venv/lib/python3.10/site-packages/airflow/example_dags/tutorial_taskflow_api.py
[2023-09-28T09:27:53.329+0000] {processor.py:829} INFO - Processing file /home/ubuntu/airflow_venv/lib/python3.10/site-packages/airflow/example_dags/tutorial_taskflow_api.py for tasks to queue
[2023-09-28T09:27:53.330+0000] {logging_mixin.py:151} INFO - [2023-09-28T09:27:53.330+0000] {dagbag.py:539} INFO - Filling up the DagBag from /home/ubuntu/airflow_venv/lib/python3.10/site-packages/airflow/example_dags/tutorial_taskflow_api.py
[2023-09-28T09:27:53.345+0000] {processor.py:839} INFO - DAG(s) dict_keys(['tutorial_taskflow_api']) retrieved from /home/ubuntu/airflow_venv/lib/python3.10/site-packages/airflow/example_dags/tutorial_taskflow_api.py
[2023-09-28T09:27:53.355+0000] {logging_mixin.py:151} INFO - [2023-09-28T09:27:53.354+0000] {dag.py:2915} INFO - Sync 1 DAGs
[2023-09-28T09:27:53.371+0000] {logging_mixin.py:151} INFO - [2023-09-28T09:27:53.370+0000] {dag.py:3696} INFO - Setting next_dagrun for tutorial_taskflow_api to None, run_after=None
[2023-09-28T09:27:53.408+0000] {processor.py:179} INFO - Processing /home/ubuntu/airflow_venv/lib/python3.10/site-packages/airflow/example_dags/tutorial_taskflow_api.py took 0.085 seconds
[2023-09-28T10:46:57.649+0000] {processor.py:157} INFO - Started process (PID=1226) to work on /home/ubuntu/airflow_venv/lib/python3.10/site-packages/airflow/example_dags/tutorial_taskflow_api.py
[2023-09-28T10:46:57.650+0000] {processor.py:829} INFO - Processing file /home/ubuntu/airflow_venv/lib/python3.10/site-packages/airflow/example_dags/tutorial_taskflow_api.py for tasks to queue
[2023-09-28T10:46:57.651+0000] {logging_mixin.py:151} INFO - [2023-09-28T10:46:57.650+0000] {dagbag.py:539} INFO - Filling up the DagBag from /home/ubuntu/airflow_venv/lib/python3.10/site-packages/airflow/example_dags/tutorial_taskflow_api.py
[2023-09-28T10:46:57.660+0000] {processor.py:839} INFO - DAG(s) dict_keys(['tutorial_taskflow_api']) retrieved from /home/ubuntu/airflow_venv/lib/python3.10/site-packages/airflow/example_dags/tutorial_taskflow_api.py
[2023-09-28T10:46:57.676+0000] {logging_mixin.py:151} INFO - [2023-09-28T10:46:57.675+0000] {dag.py:2915} INFO - Sync 1 DAGs
[2023-09-28T10:46:57.696+0000] {logging_mixin.py:151} INFO - [2023-09-28T10:46:57.695+0000] {dag.py:3696} INFO - Setting next_dagrun for tutorial_taskflow_api to None, run_after=None
[2023-09-28T10:46:57.723+0000] {processor.py:179} INFO - Processing /home/ubuntu/airflow_venv/lib/python3.10/site-packages/airflow/example_dags/tutorial_taskflow_api.py took 0.077 seconds
[2023-09-28T10:47:43.993+0000] {processor.py:157} INFO - Started process (PID=1489) to work on /home/ubuntu/airflow_venv/lib/python3.10/site-packages/airflow/example_dags/tutorial_taskflow_api.py
[2023-09-28T10:47:43.994+0000] {processor.py:829} INFO - Processing file /home/ubuntu/airflow_venv/lib/python3.10/site-packages/airflow/example_dags/tutorial_taskflow_api.py for tasks to queue
[2023-09-28T10:47:43.995+0000] {logging_mixin.py:151} INFO - [2023-09-28T10:47:43.994+0000] {dagbag.py:539} INFO - Filling up the DagBag from /home/ubuntu/airflow_venv/lib/python3.10/site-packages/airflow/example_dags/tutorial_taskflow_api.py
[2023-09-28T10:47:44.003+0000] {processor.py:839} INFO - DAG(s) dict_keys(['tutorial_taskflow_api']) retrieved from /home/ubuntu/airflow_venv/lib/python3.10/site-packages/airflow/example_dags/tutorial_taskflow_api.py
[2023-09-28T10:47:44.022+0000] {logging_mixin.py:151} INFO - [2023-09-28T10:47:44.022+0000] {dag.py:2915} INFO - Sync 1 DAGs
[2023-09-28T10:47:44.042+0000] {logging_mixin.py:151} INFO - [2023-09-28T10:47:44.042+0000] {dag.py:3696} INFO - Setting next_dagrun for tutorial_taskflow_api to None, run_after=None
[2023-09-28T10:47:44.064+0000] {processor.py:179} INFO - Processing /home/ubuntu/airflow_venv/lib/python3.10/site-packages/airflow/example_dags/tutorial_taskflow_api.py took 0.075 seconds
[2023-09-28T10:48:27.046+0000] {processor.py:157} INFO - Started process (PID=1528) to work on /home/ubuntu/airflow_venv/lib/python3.10/site-packages/airflow/example_dags/tutorial_taskflow_api.py
[2023-09-28T10:48:27.047+0000] {processor.py:829} INFO - Processing file /home/ubuntu/airflow_venv/lib/python3.10/site-packages/airflow/example_dags/tutorial_taskflow_api.py for tasks to queue
[2023-09-28T10:48:27.048+0000] {logging_mixin.py:151} INFO - [2023-09-28T10:48:27.048+0000] {dagbag.py:539} INFO - Filling up the DagBag from /home/ubuntu/airflow_venv/lib/python3.10/site-packages/airflow/example_dags/tutorial_taskflow_api.py
[2023-09-28T10:48:27.057+0000] {processor.py:839} INFO - DAG(s) dict_keys(['tutorial_taskflow_api']) retrieved from /home/ubuntu/airflow_venv/lib/python3.10/site-packages/airflow/example_dags/tutorial_taskflow_api.py
[2023-09-28T10:48:27.079+0000] {logging_mixin.py:151} INFO - [2023-09-28T10:48:27.079+0000] {dag.py:2915} INFO - Sync 1 DAGs
[2023-09-28T10:48:27.091+0000] {logging_mixin.py:151} INFO - [2023-09-28T10:48:27.091+0000] {dag.py:3696} INFO - Setting next_dagrun for tutorial_taskflow_api to None, run_after=None
[2023-09-28T10:48:27.258+0000] {processor.py:179} INFO - Processing /home/ubuntu/airflow_venv/lib/python3.10/site-packages/airflow/example_dags/tutorial_taskflow_api.py took 0.215 seconds
[2023-09-28T10:49:18.909+0000] {processor.py:157} INFO - Started process (PID=1575) to work on /home/ubuntu/airflow_venv/lib/python3.10/site-packages/airflow/example_dags/tutorial_taskflow_api.py
[2023-09-28T10:49:18.911+0000] {processor.py:829} INFO - Processing file /home/ubuntu/airflow_venv/lib/python3.10/site-packages/airflow/example_dags/tutorial_taskflow_api.py for tasks to queue
[2023-09-28T10:49:18.912+0000] {logging_mixin.py:151} INFO - [2023-09-28T10:49:18.911+0000] {dagbag.py:539} INFO - Filling up the DagBag from /home/ubuntu/airflow_venv/lib/python3.10/site-packages/airflow/example_dags/tutorial_taskflow_api.py
[2023-09-28T10:49:18.918+0000] {processor.py:839} INFO - DAG(s) dict_keys(['tutorial_taskflow_api']) retrieved from /home/ubuntu/airflow_venv/lib/python3.10/site-packages/airflow/example_dags/tutorial_taskflow_api.py
[2023-09-28T10:49:19.094+0000] {logging_mixin.py:151} INFO - [2023-09-28T10:49:19.094+0000] {dag.py:2915} INFO - Sync 1 DAGs
[2023-09-28T10:49:19.104+0000] {logging_mixin.py:151} INFO - [2023-09-28T10:49:19.103+0000] {dag.py:3696} INFO - Setting next_dagrun for tutorial_taskflow_api to None, run_after=None
[2023-09-28T10:49:19.125+0000] {processor.py:179} INFO - Processing /home/ubuntu/airflow_venv/lib/python3.10/site-packages/airflow/example_dags/tutorial_taskflow_api.py took 0.219 seconds
[2023-09-28T11:05:20.208+0000] {processor.py:157} INFO - Started process (PID=2163) to work on /home/ubuntu/airflow_venv/lib/python3.10/site-packages/airflow/example_dags/tutorial_taskflow_api.py
[2023-09-28T11:05:20.210+0000] {processor.py:829} INFO - Processing file /home/ubuntu/airflow_venv/lib/python3.10/site-packages/airflow/example_dags/tutorial_taskflow_api.py for tasks to queue
[2023-09-28T11:05:20.210+0000] {logging_mixin.py:151} INFO - [2023-09-28T11:05:20.210+0000] {dagbag.py:539} INFO - Filling up the DagBag from /home/ubuntu/airflow_venv/lib/python3.10/site-packages/airflow/example_dags/tutorial_taskflow_api.py
[2023-09-28T11:05:20.220+0000] {processor.py:839} INFO - DAG(s) dict_keys(['tutorial_taskflow_api']) retrieved from /home/ubuntu/airflow_venv/lib/python3.10/site-packages/airflow/example_dags/tutorial_taskflow_api.py
[2023-09-28T11:05:20.243+0000] {logging_mixin.py:151} INFO - [2023-09-28T11:05:20.243+0000] {dag.py:2915} INFO - Sync 1 DAGs
[2023-09-28T11:05:20.256+0000] {logging_mixin.py:151} INFO - [2023-09-28T11:05:20.256+0000] {dag.py:3696} INFO - Setting next_dagrun for tutorial_taskflow_api to None, run_after=None
[2023-09-28T11:05:20.280+0000] {processor.py:179} INFO - Processing /home/ubuntu/airflow_venv/lib/python3.10/site-packages/airflow/example_dags/tutorial_taskflow_api.py took 0.075 seconds
[2023-09-28T11:06:09.030+0000] {processor.py:157} INFO - Started process (PID=2214) to work on /home/ubuntu/airflow_venv/lib/python3.10/site-packages/airflow/example_dags/tutorial_taskflow_api.py
[2023-09-28T11:06:09.033+0000] {processor.py:829} INFO - Processing file /home/ubuntu/airflow_venv/lib/python3.10/site-packages/airflow/example_dags/tutorial_taskflow_api.py for tasks to queue
[2023-09-28T11:06:09.034+0000] {logging_mixin.py:151} INFO - [2023-09-28T11:06:09.033+0000] {dagbag.py:539} INFO - Filling up the DagBag from /home/ubuntu/airflow_venv/lib/python3.10/site-packages/airflow/example_dags/tutorial_taskflow_api.py
[2023-09-28T11:06:09.043+0000] {processor.py:839} INFO - DAG(s) dict_keys(['tutorial_taskflow_api']) retrieved from /home/ubuntu/airflow_venv/lib/python3.10/site-packages/airflow/example_dags/tutorial_taskflow_api.py
[2023-09-28T11:06:09.061+0000] {logging_mixin.py:151} INFO - [2023-09-28T11:06:09.061+0000] {dag.py:2915} INFO - Sync 1 DAGs
[2023-09-28T11:06:09.077+0000] {logging_mixin.py:151} INFO - [2023-09-28T11:06:09.077+0000] {dag.py:3696} INFO - Setting next_dagrun for tutorial_taskflow_api to None, run_after=None
[2023-09-28T11:06:09.109+0000] {processor.py:179} INFO - Processing /home/ubuntu/airflow_venv/lib/python3.10/site-packages/airflow/example_dags/tutorial_taskflow_api.py took 0.085 seconds
[2023-09-28T15:00:26.157+0000] {processor.py:157} INFO - Started process (PID=1775) to work on /home/ubuntu/airflow_venv/lib/python3.10/site-packages/airflow/example_dags/tutorial_taskflow_api.py
[2023-09-28T15:00:26.158+0000] {processor.py:829} INFO - Processing file /home/ubuntu/airflow_venv/lib/python3.10/site-packages/airflow/example_dags/tutorial_taskflow_api.py for tasks to queue
[2023-09-28T15:00:26.159+0000] {logging_mixin.py:151} INFO - [2023-09-28T15:00:26.159+0000] {dagbag.py:539} INFO - Filling up the DagBag from /home/ubuntu/airflow_venv/lib/python3.10/site-packages/airflow/example_dags/tutorial_taskflow_api.py
[2023-09-28T15:00:26.170+0000] {processor.py:839} INFO - DAG(s) dict_keys(['tutorial_taskflow_api']) retrieved from /home/ubuntu/airflow_venv/lib/python3.10/site-packages/airflow/example_dags/tutorial_taskflow_api.py
[2023-09-28T15:00:26.180+0000] {logging_mixin.py:151} INFO - [2023-09-28T15:00:26.180+0000] {dag.py:2915} INFO - Sync 1 DAGs
[2023-09-28T15:00:26.197+0000] {logging_mixin.py:151} INFO - [2023-09-28T15:00:26.197+0000] {dag.py:3696} INFO - Setting next_dagrun for tutorial_taskflow_api to None, run_after=None
[2023-09-28T15:00:26.226+0000] {processor.py:179} INFO - Processing /home/ubuntu/airflow_venv/lib/python3.10/site-packages/airflow/example_dags/tutorial_taskflow_api.py took 0.073 seconds
[2023-09-28T15:01:13.543+0000] {processor.py:157} INFO - Started process (PID=1827) to work on /home/ubuntu/airflow_venv/lib/python3.10/site-packages/airflow/example_dags/tutorial_taskflow_api.py
[2023-09-28T15:01:13.544+0000] {processor.py:829} INFO - Processing file /home/ubuntu/airflow_venv/lib/python3.10/site-packages/airflow/example_dags/tutorial_taskflow_api.py for tasks to queue
[2023-09-28T15:01:13.545+0000] {logging_mixin.py:151} INFO - [2023-09-28T15:01:13.545+0000] {dagbag.py:539} INFO - Filling up the DagBag from /home/ubuntu/airflow_venv/lib/python3.10/site-packages/airflow/example_dags/tutorial_taskflow_api.py
[2023-09-28T15:01:13.554+0000] {processor.py:839} INFO - DAG(s) dict_keys(['tutorial_taskflow_api']) retrieved from /home/ubuntu/airflow_venv/lib/python3.10/site-packages/airflow/example_dags/tutorial_taskflow_api.py
[2023-09-28T15:01:13.569+0000] {logging_mixin.py:151} INFO - [2023-09-28T15:01:13.569+0000] {dag.py:2915} INFO - Sync 1 DAGs
[2023-09-28T15:01:13.580+0000] {logging_mixin.py:151} INFO - [2023-09-28T15:01:13.580+0000] {dag.py:3696} INFO - Setting next_dagrun for tutorial_taskflow_api to None, run_after=None
[2023-09-28T15:01:13.615+0000] {processor.py:179} INFO - Processing /home/ubuntu/airflow_venv/lib/python3.10/site-packages/airflow/example_dags/tutorial_taskflow_api.py took 0.075 seconds
[2023-09-28T15:01:54.202+0000] {processor.py:157} INFO - Started process (PID=1864) to work on /home/ubuntu/airflow_venv/lib/python3.10/site-packages/airflow/example_dags/tutorial_taskflow_api.py
[2023-09-28T15:01:54.203+0000] {processor.py:829} INFO - Processing file /home/ubuntu/airflow_venv/lib/python3.10/site-packages/airflow/example_dags/tutorial_taskflow_api.py for tasks to queue
[2023-09-28T15:01:54.204+0000] {logging_mixin.py:151} INFO - [2023-09-28T15:01:54.204+0000] {dagbag.py:539} INFO - Filling up the DagBag from /home/ubuntu/airflow_venv/lib/python3.10/site-packages/airflow/example_dags/tutorial_taskflow_api.py
[2023-09-28T15:01:54.210+0000] {processor.py:839} INFO - DAG(s) dict_keys(['tutorial_taskflow_api']) retrieved from /home/ubuntu/airflow_venv/lib/python3.10/site-packages/airflow/example_dags/tutorial_taskflow_api.py
[2023-09-28T15:01:54.244+0000] {logging_mixin.py:151} INFO - [2023-09-28T15:01:54.243+0000] {dag.py:2915} INFO - Sync 1 DAGs
[2023-09-28T15:01:54.259+0000] {logging_mixin.py:151} INFO - [2023-09-28T15:01:54.259+0000] {dag.py:3696} INFO - Setting next_dagrun for tutorial_taskflow_api to None, run_after=None
[2023-09-28T15:01:54.434+0000] {processor.py:179} INFO - Processing /home/ubuntu/airflow_venv/lib/python3.10/site-packages/airflow/example_dags/tutorial_taskflow_api.py took 0.236 seconds
[2023-09-28T15:17:29.401+0000] {processor.py:157} INFO - Started process (PID=3135) to work on /home/ubuntu/airflow_venv/lib/python3.10/site-packages/airflow/example_dags/tutorial_taskflow_api.py
[2023-09-28T15:17:29.403+0000] {processor.py:829} INFO - Processing file /home/ubuntu/airflow_venv/lib/python3.10/site-packages/airflow/example_dags/tutorial_taskflow_api.py for tasks to queue
[2023-09-28T15:17:29.409+0000] {logging_mixin.py:151} INFO - [2023-09-28T15:17:29.404+0000] {dagbag.py:539} INFO - Filling up the DagBag from /home/ubuntu/airflow_venv/lib/python3.10/site-packages/airflow/example_dags/tutorial_taskflow_api.py
[2023-09-28T15:17:29.421+0000] {processor.py:839} INFO - DAG(s) dict_keys(['tutorial_taskflow_api']) retrieved from /home/ubuntu/airflow_venv/lib/python3.10/site-packages/airflow/example_dags/tutorial_taskflow_api.py
[2023-09-28T15:17:29.447+0000] {logging_mixin.py:151} INFO - [2023-09-28T15:17:29.446+0000] {dag.py:2915} INFO - Sync 1 DAGs
[2023-09-28T15:17:29.462+0000] {logging_mixin.py:151} INFO - [2023-09-28T15:17:29.462+0000] {dag.py:3696} INFO - Setting next_dagrun for tutorial_taskflow_api to None, run_after=None
[2023-09-28T15:17:29.494+0000] {processor.py:179} INFO - Processing /home/ubuntu/airflow_venv/lib/python3.10/site-packages/airflow/example_dags/tutorial_taskflow_api.py took 0.097 seconds
[2023-09-28T15:18:17.896+0000] {processor.py:157} INFO - Started process (PID=3247) to work on /home/ubuntu/airflow_venv/lib/python3.10/site-packages/airflow/example_dags/tutorial_taskflow_api.py
[2023-09-28T15:18:17.898+0000] {processor.py:829} INFO - Processing file /home/ubuntu/airflow_venv/lib/python3.10/site-packages/airflow/example_dags/tutorial_taskflow_api.py for tasks to queue
[2023-09-28T15:18:17.901+0000] {logging_mixin.py:151} INFO - [2023-09-28T15:18:17.901+0000] {dagbag.py:539} INFO - Filling up the DagBag from /home/ubuntu/airflow_venv/lib/python3.10/site-packages/airflow/example_dags/tutorial_taskflow_api.py
[2023-09-28T15:18:17.919+0000] {processor.py:839} INFO - DAG(s) dict_keys(['tutorial_taskflow_api']) retrieved from /home/ubuntu/airflow_venv/lib/python3.10/site-packages/airflow/example_dags/tutorial_taskflow_api.py
[2023-09-28T15:18:17.954+0000] {logging_mixin.py:151} INFO - [2023-09-28T15:18:17.954+0000] {dag.py:2915} INFO - Sync 1 DAGs
[2023-09-28T15:18:17.993+0000] {logging_mixin.py:151} INFO - [2023-09-28T15:18:17.992+0000] {dag.py:3696} INFO - Setting next_dagrun for tutorial_taskflow_api to None, run_after=None
[2023-09-28T15:18:18.037+0000] {processor.py:179} INFO - Processing /home/ubuntu/airflow_venv/lib/python3.10/site-packages/airflow/example_dags/tutorial_taskflow_api.py took 0.151 seconds
[2023-09-28T15:23:29.788+0000] {processor.py:157} INFO - Started process (PID=3409) to work on /home/ubuntu/airflow_venv/lib/python3.10/site-packages/airflow/example_dags/tutorial_taskflow_api.py
[2023-09-28T15:23:29.790+0000] {processor.py:829} INFO - Processing file /home/ubuntu/airflow_venv/lib/python3.10/site-packages/airflow/example_dags/tutorial_taskflow_api.py for tasks to queue
[2023-09-28T15:23:29.791+0000] {logging_mixin.py:151} INFO - [2023-09-28T15:23:29.790+0000] {dagbag.py:539} INFO - Filling up the DagBag from /home/ubuntu/airflow_venv/lib/python3.10/site-packages/airflow/example_dags/tutorial_taskflow_api.py
[2023-09-28T15:23:29.799+0000] {processor.py:839} INFO - DAG(s) dict_keys(['tutorial_taskflow_api']) retrieved from /home/ubuntu/airflow_venv/lib/python3.10/site-packages/airflow/example_dags/tutorial_taskflow_api.py
[2023-09-28T15:23:29.807+0000] {logging_mixin.py:151} INFO - [2023-09-28T15:23:29.806+0000] {dag.py:2915} INFO - Sync 1 DAGs
[2023-09-28T15:23:29.819+0000] {logging_mixin.py:151} INFO - [2023-09-28T15:23:29.818+0000] {dag.py:3696} INFO - Setting next_dagrun for tutorial_taskflow_api to None, run_after=None
[2023-09-28T15:23:29.840+0000] {processor.py:179} INFO - Processing /home/ubuntu/airflow_venv/lib/python3.10/site-packages/airflow/example_dags/tutorial_taskflow_api.py took 0.055 seconds
[2023-09-28T15:24:17.084+0000] {processor.py:157} INFO - Started process (PID=3462) to work on /home/ubuntu/airflow_venv/lib/python3.10/site-packages/airflow/example_dags/tutorial_taskflow_api.py
[2023-09-28T15:24:17.086+0000] {processor.py:829} INFO - Processing file /home/ubuntu/airflow_venv/lib/python3.10/site-packages/airflow/example_dags/tutorial_taskflow_api.py for tasks to queue
[2023-09-28T15:24:17.087+0000] {logging_mixin.py:151} INFO - [2023-09-28T15:24:17.086+0000] {dagbag.py:539} INFO - Filling up the DagBag from /home/ubuntu/airflow_venv/lib/python3.10/site-packages/airflow/example_dags/tutorial_taskflow_api.py
[2023-09-28T15:24:17.093+0000] {processor.py:839} INFO - DAG(s) dict_keys(['tutorial_taskflow_api']) retrieved from /home/ubuntu/airflow_venv/lib/python3.10/site-packages/airflow/example_dags/tutorial_taskflow_api.py
[2023-09-28T15:24:17.108+0000] {logging_mixin.py:151} INFO - [2023-09-28T15:24:17.108+0000] {dag.py:2915} INFO - Sync 1 DAGs
[2023-09-28T15:24:17.119+0000] {logging_mixin.py:151} INFO - [2023-09-28T15:24:17.119+0000] {dag.py:3696} INFO - Setting next_dagrun for tutorial_taskflow_api to None, run_after=None
[2023-09-28T15:24:17.140+0000] {processor.py:179} INFO - Processing /home/ubuntu/airflow_venv/lib/python3.10/site-packages/airflow/example_dags/tutorial_taskflow_api.py took 0.058 seconds
[2023-09-28T15:24:55.428+0000] {processor.py:157} INFO - Started process (PID=3497) to work on /home/ubuntu/airflow_venv/lib/python3.10/site-packages/airflow/example_dags/tutorial_taskflow_api.py
[2023-09-28T15:24:55.430+0000] {processor.py:829} INFO - Processing file /home/ubuntu/airflow_venv/lib/python3.10/site-packages/airflow/example_dags/tutorial_taskflow_api.py for tasks to queue
[2023-09-28T15:24:55.431+0000] {logging_mixin.py:151} INFO - [2023-09-28T15:24:55.430+0000] {dagbag.py:539} INFO - Filling up the DagBag from /home/ubuntu/airflow_venv/lib/python3.10/site-packages/airflow/example_dags/tutorial_taskflow_api.py
[2023-09-28T15:24:55.438+0000] {processor.py:839} INFO - DAG(s) dict_keys(['tutorial_taskflow_api']) retrieved from /home/ubuntu/airflow_venv/lib/python3.10/site-packages/airflow/example_dags/tutorial_taskflow_api.py
[2023-09-28T15:24:55.455+0000] {logging_mixin.py:151} INFO - [2023-09-28T15:24:55.455+0000] {dag.py:2915} INFO - Sync 1 DAGs
[2023-09-28T15:24:55.469+0000] {logging_mixin.py:151} INFO - [2023-09-28T15:24:55.469+0000] {dag.py:3696} INFO - Setting next_dagrun for tutorial_taskflow_api to None, run_after=None
[2023-09-28T15:24:55.698+0000] {processor.py:179} INFO - Processing /home/ubuntu/airflow_venv/lib/python3.10/site-packages/airflow/example_dags/tutorial_taskflow_api.py took 0.272 seconds
[2023-09-28T15:25:42.460+0000] {processor.py:157} INFO - Started process (PID=3565) to work on /home/ubuntu/airflow_venv/lib/python3.10/site-packages/airflow/example_dags/tutorial_taskflow_api.py
[2023-09-28T15:25:42.462+0000] {processor.py:829} INFO - Processing file /home/ubuntu/airflow_venv/lib/python3.10/site-packages/airflow/example_dags/tutorial_taskflow_api.py for tasks to queue
[2023-09-28T15:25:42.464+0000] {logging_mixin.py:151} INFO - [2023-09-28T15:25:42.464+0000] {dagbag.py:539} INFO - Filling up the DagBag from /home/ubuntu/airflow_venv/lib/python3.10/site-packages/airflow/example_dags/tutorial_taskflow_api.py
[2023-09-28T15:25:42.478+0000] {processor.py:839} INFO - DAG(s) dict_keys(['tutorial_taskflow_api']) retrieved from /home/ubuntu/airflow_venv/lib/python3.10/site-packages/airflow/example_dags/tutorial_taskflow_api.py
[2023-09-28T15:25:42.500+0000] {logging_mixin.py:151} INFO - [2023-09-28T15:25:42.500+0000] {dag.py:2915} INFO - Sync 1 DAGs
[2023-09-28T15:25:42.662+0000] {logging_mixin.py:151} INFO - [2023-09-28T15:25:42.662+0000] {dag.py:3696} INFO - Setting next_dagrun for tutorial_taskflow_api to None, run_after=None
[2023-09-28T15:25:42.685+0000] {processor.py:179} INFO - Processing /home/ubuntu/airflow_venv/lib/python3.10/site-packages/airflow/example_dags/tutorial_taskflow_api.py took 0.233 seconds
[2023-09-28T15:36:08.958+0000] {processor.py:157} INFO - Started process (PID=3874) to work on /home/ubuntu/airflow_venv/lib/python3.10/site-packages/airflow/example_dags/tutorial_taskflow_api.py
[2023-09-28T15:36:08.973+0000] {processor.py:829} INFO - Processing file /home/ubuntu/airflow_venv/lib/python3.10/site-packages/airflow/example_dags/tutorial_taskflow_api.py for tasks to queue
[2023-09-28T15:36:08.982+0000] {logging_mixin.py:151} INFO - [2023-09-28T15:36:08.974+0000] {dagbag.py:539} INFO - Filling up the DagBag from /home/ubuntu/airflow_venv/lib/python3.10/site-packages/airflow/example_dags/tutorial_taskflow_api.py
[2023-09-28T15:36:09.017+0000] {processor.py:839} INFO - DAG(s) dict_keys(['tutorial_taskflow_api']) retrieved from /home/ubuntu/airflow_venv/lib/python3.10/site-packages/airflow/example_dags/tutorial_taskflow_api.py
[2023-09-28T15:36:09.207+0000] {logging_mixin.py:151} INFO - [2023-09-28T15:36:09.196+0000] {dag.py:2915} INFO - Sync 1 DAGs
[2023-09-28T15:36:16.091+0000] {logging_mixin.py:151} INFO - [2023-09-28T15:36:16.034+0000] {dag.py:3696} INFO - Setting next_dagrun for tutorial_taskflow_api to None, run_after=None
