[2023-09-28T09:26:36.736+0000] {processor.py:157} INFO - Started process (PID=51053) to work on /home/ubuntu/airflow_venv/lib/python3.10/site-packages/airflow/example_dags/tutorial_dag.py
[2023-09-28T09:26:36.737+0000] {processor.py:829} INFO - Processing file /home/ubuntu/airflow_venv/lib/python3.10/site-packages/airflow/example_dags/tutorial_dag.py for tasks to queue
[2023-09-28T09:26:36.737+0000] {logging_mixin.py:151} INFO - [2023-09-28T09:26:36.737+0000] {dagbag.py:539} INFO - Filling up the DagBag from /home/ubuntu/airflow_venv/lib/python3.10/site-packages/airflow/example_dags/tutorial_dag.py
[2023-09-28T09:26:36.746+0000] {processor.py:839} INFO - DAG(s) dict_keys(['tutorial_dag']) retrieved from /home/ubuntu/airflow_venv/lib/python3.10/site-packages/airflow/example_dags/tutorial_dag.py
[2023-09-28T09:26:36.755+0000] {logging_mixin.py:151} INFO - [2023-09-28T09:26:36.755+0000] {dag.py:2915} INFO - Sync 1 DAGs
[2023-09-28T09:26:36.768+0000] {logging_mixin.py:151} INFO - [2023-09-28T09:26:36.768+0000] {dag.py:3696} INFO - Setting next_dagrun for tutorial_dag to None, run_after=None
[2023-09-28T09:26:36.789+0000] {processor.py:179} INFO - Processing /home/ubuntu/airflow_venv/lib/python3.10/site-packages/airflow/example_dags/tutorial_dag.py took 0.056 seconds
[2023-09-28T09:27:54.510+0000] {processor.py:157} INFO - Started process (PID=51116) to work on /home/ubuntu/airflow_venv/lib/python3.10/site-packages/airflow/example_dags/tutorial_dag.py
[2023-09-28T09:27:54.511+0000] {processor.py:829} INFO - Processing file /home/ubuntu/airflow_venv/lib/python3.10/site-packages/airflow/example_dags/tutorial_dag.py for tasks to queue
[2023-09-28T09:27:54.512+0000] {logging_mixin.py:151} INFO - [2023-09-28T09:27:54.512+0000] {dagbag.py:539} INFO - Filling up the DagBag from /home/ubuntu/airflow_venv/lib/python3.10/site-packages/airflow/example_dags/tutorial_dag.py
[2023-09-28T09:27:54.524+0000] {processor.py:839} INFO - DAG(s) dict_keys(['tutorial_dag']) retrieved from /home/ubuntu/airflow_venv/lib/python3.10/site-packages/airflow/example_dags/tutorial_dag.py
[2023-09-28T09:27:54.542+0000] {logging_mixin.py:151} INFO - [2023-09-28T09:27:54.541+0000] {dag.py:2915} INFO - Sync 1 DAGs
[2023-09-28T09:27:54.569+0000] {logging_mixin.py:151} INFO - [2023-09-28T09:27:54.568+0000] {dag.py:3696} INFO - Setting next_dagrun for tutorial_dag to None, run_after=None
[2023-09-28T09:27:54.606+0000] {processor.py:179} INFO - Processing /home/ubuntu/airflow_venv/lib/python3.10/site-packages/airflow/example_dags/tutorial_dag.py took 0.100 seconds
[2023-09-28T10:46:58.811+0000] {processor.py:157} INFO - Started process (PID=1231) to work on /home/ubuntu/airflow_venv/lib/python3.10/site-packages/airflow/example_dags/tutorial_dag.py
[2023-09-28T10:46:58.812+0000] {processor.py:829} INFO - Processing file /home/ubuntu/airflow_venv/lib/python3.10/site-packages/airflow/example_dags/tutorial_dag.py for tasks to queue
[2023-09-28T10:46:58.813+0000] {logging_mixin.py:151} INFO - [2023-09-28T10:46:58.813+0000] {dagbag.py:539} INFO - Filling up the DagBag from /home/ubuntu/airflow_venv/lib/python3.10/site-packages/airflow/example_dags/tutorial_dag.py
[2023-09-28T10:46:58.821+0000] {processor.py:839} INFO - DAG(s) dict_keys(['tutorial_dag']) retrieved from /home/ubuntu/airflow_venv/lib/python3.10/site-packages/airflow/example_dags/tutorial_dag.py
[2023-09-28T10:46:58.829+0000] {logging_mixin.py:151} INFO - [2023-09-28T10:46:58.828+0000] {dag.py:2915} INFO - Sync 1 DAGs
[2023-09-28T10:46:58.847+0000] {logging_mixin.py:151} INFO - [2023-09-28T10:46:58.847+0000] {dag.py:3696} INFO - Setting next_dagrun for tutorial_dag to None, run_after=None
[2023-09-28T10:46:58.871+0000] {processor.py:179} INFO - Processing /home/ubuntu/airflow_venv/lib/python3.10/site-packages/airflow/example_dags/tutorial_dag.py took 0.064 seconds
[2023-09-28T10:47:45.154+0000] {processor.py:157} INFO - Started process (PID=1490) to work on /home/ubuntu/airflow_venv/lib/python3.10/site-packages/airflow/example_dags/tutorial_dag.py
[2023-09-28T10:47:45.155+0000] {processor.py:829} INFO - Processing file /home/ubuntu/airflow_venv/lib/python3.10/site-packages/airflow/example_dags/tutorial_dag.py for tasks to queue
[2023-09-28T10:47:45.156+0000] {logging_mixin.py:151} INFO - [2023-09-28T10:47:45.156+0000] {dagbag.py:539} INFO - Filling up the DagBag from /home/ubuntu/airflow_venv/lib/python3.10/site-packages/airflow/example_dags/tutorial_dag.py
[2023-09-28T10:47:45.162+0000] {processor.py:839} INFO - DAG(s) dict_keys(['tutorial_dag']) retrieved from /home/ubuntu/airflow_venv/lib/python3.10/site-packages/airflow/example_dags/tutorial_dag.py
[2023-09-28T10:47:45.178+0000] {logging_mixin.py:151} INFO - [2023-09-28T10:47:45.178+0000] {dag.py:2915} INFO - Sync 1 DAGs
[2023-09-28T10:47:45.190+0000] {logging_mixin.py:151} INFO - [2023-09-28T10:47:45.190+0000] {dag.py:3696} INFO - Setting next_dagrun for tutorial_dag to None, run_after=None
[2023-09-28T10:47:45.211+0000] {processor.py:179} INFO - Processing /home/ubuntu/airflow_venv/lib/python3.10/site-packages/airflow/example_dags/tutorial_dag.py took 0.060 seconds
[2023-09-28T10:48:28.384+0000] {processor.py:157} INFO - Started process (PID=1529) to work on /home/ubuntu/airflow_venv/lib/python3.10/site-packages/airflow/example_dags/tutorial_dag.py
[2023-09-28T10:48:28.385+0000] {processor.py:829} INFO - Processing file /home/ubuntu/airflow_venv/lib/python3.10/site-packages/airflow/example_dags/tutorial_dag.py for tasks to queue
[2023-09-28T10:48:28.386+0000] {logging_mixin.py:151} INFO - [2023-09-28T10:48:28.386+0000] {dagbag.py:539} INFO - Filling up the DagBag from /home/ubuntu/airflow_venv/lib/python3.10/site-packages/airflow/example_dags/tutorial_dag.py
[2023-09-28T10:48:28.391+0000] {processor.py:839} INFO - DAG(s) dict_keys(['tutorial_dag']) retrieved from /home/ubuntu/airflow_venv/lib/python3.10/site-packages/airflow/example_dags/tutorial_dag.py
[2023-09-28T10:48:28.407+0000] {logging_mixin.py:151} INFO - [2023-09-28T10:48:28.407+0000] {dag.py:2915} INFO - Sync 1 DAGs
[2023-09-28T10:48:28.418+0000] {logging_mixin.py:151} INFO - [2023-09-28T10:48:28.418+0000] {dag.py:3696} INFO - Setting next_dagrun for tutorial_dag to None, run_after=None
[2023-09-28T10:48:28.617+0000] {processor.py:179} INFO - Processing /home/ubuntu/airflow_venv/lib/python3.10/site-packages/airflow/example_dags/tutorial_dag.py took 0.236 seconds
[2023-09-28T10:49:20.258+0000] {processor.py:157} INFO - Started process (PID=1576) to work on /home/ubuntu/airflow_venv/lib/python3.10/site-packages/airflow/example_dags/tutorial_dag.py
[2023-09-28T10:49:20.259+0000] {processor.py:829} INFO - Processing file /home/ubuntu/airflow_venv/lib/python3.10/site-packages/airflow/example_dags/tutorial_dag.py for tasks to queue
[2023-09-28T10:49:20.260+0000] {logging_mixin.py:151} INFO - [2023-09-28T10:49:20.259+0000] {dagbag.py:539} INFO - Filling up the DagBag from /home/ubuntu/airflow_venv/lib/python3.10/site-packages/airflow/example_dags/tutorial_dag.py
[2023-09-28T10:49:20.274+0000] {processor.py:839} INFO - DAG(s) dict_keys(['tutorial_dag']) retrieved from /home/ubuntu/airflow_venv/lib/python3.10/site-packages/airflow/example_dags/tutorial_dag.py
[2023-09-28T10:49:20.466+0000] {logging_mixin.py:151} INFO - [2023-09-28T10:49:20.466+0000] {dag.py:2915} INFO - Sync 1 DAGs
[2023-09-28T10:49:20.477+0000] {logging_mixin.py:151} INFO - [2023-09-28T10:49:20.477+0000] {dag.py:3696} INFO - Setting next_dagrun for tutorial_dag to None, run_after=None
[2023-09-28T10:49:20.502+0000] {processor.py:179} INFO - Processing /home/ubuntu/airflow_venv/lib/python3.10/site-packages/airflow/example_dags/tutorial_dag.py took 0.248 seconds
[2023-09-28T11:05:21.351+0000] {processor.py:157} INFO - Started process (PID=2164) to work on /home/ubuntu/airflow_venv/lib/python3.10/site-packages/airflow/example_dags/tutorial_dag.py
[2023-09-28T11:05:21.352+0000] {processor.py:829} INFO - Processing file /home/ubuntu/airflow_venv/lib/python3.10/site-packages/airflow/example_dags/tutorial_dag.py for tasks to queue
[2023-09-28T11:05:21.353+0000] {logging_mixin.py:151} INFO - [2023-09-28T11:05:21.352+0000] {dagbag.py:539} INFO - Filling up the DagBag from /home/ubuntu/airflow_venv/lib/python3.10/site-packages/airflow/example_dags/tutorial_dag.py
[2023-09-28T11:05:21.362+0000] {processor.py:839} INFO - DAG(s) dict_keys(['tutorial_dag']) retrieved from /home/ubuntu/airflow_venv/lib/python3.10/site-packages/airflow/example_dags/tutorial_dag.py
[2023-09-28T11:05:21.385+0000] {logging_mixin.py:151} INFO - [2023-09-28T11:05:21.385+0000] {dag.py:2915} INFO - Sync 1 DAGs
[2023-09-28T11:05:21.399+0000] {logging_mixin.py:151} INFO - [2023-09-28T11:05:21.399+0000] {dag.py:3696} INFO - Setting next_dagrun for tutorial_dag to None, run_after=None
[2023-09-28T11:05:21.421+0000] {processor.py:179} INFO - Processing /home/ubuntu/airflow_venv/lib/python3.10/site-packages/airflow/example_dags/tutorial_dag.py took 0.074 seconds
[2023-09-28T11:06:09.629+0000] {processor.py:157} INFO - Started process (PID=2215) to work on /home/ubuntu/airflow_venv/lib/python3.10/site-packages/airflow/example_dags/tutorial_dag.py
[2023-09-28T11:06:09.630+0000] {processor.py:829} INFO - Processing file /home/ubuntu/airflow_venv/lib/python3.10/site-packages/airflow/example_dags/tutorial_dag.py for tasks to queue
[2023-09-28T11:06:09.631+0000] {logging_mixin.py:151} INFO - [2023-09-28T11:06:09.631+0000] {dagbag.py:539} INFO - Filling up the DagBag from /home/ubuntu/airflow_venv/lib/python3.10/site-packages/airflow/example_dags/tutorial_dag.py
[2023-09-28T11:06:09.637+0000] {processor.py:839} INFO - DAG(s) dict_keys(['tutorial_dag']) retrieved from /home/ubuntu/airflow_venv/lib/python3.10/site-packages/airflow/example_dags/tutorial_dag.py
[2023-09-28T11:06:09.654+0000] {logging_mixin.py:151} INFO - [2023-09-28T11:06:09.654+0000] {dag.py:2915} INFO - Sync 1 DAGs
[2023-09-28T11:06:09.666+0000] {logging_mixin.py:151} INFO - [2023-09-28T11:06:09.666+0000] {dag.py:3696} INFO - Setting next_dagrun for tutorial_dag to None, run_after=None
[2023-09-28T11:06:09.688+0000] {processor.py:179} INFO - Processing /home/ubuntu/airflow_venv/lib/python3.10/site-packages/airflow/example_dags/tutorial_dag.py took 0.063 seconds
[2023-09-28T15:00:27.316+0000] {processor.py:157} INFO - Started process (PID=1776) to work on /home/ubuntu/airflow_venv/lib/python3.10/site-packages/airflow/example_dags/tutorial_dag.py
[2023-09-28T15:00:27.318+0000] {processor.py:829} INFO - Processing file /home/ubuntu/airflow_venv/lib/python3.10/site-packages/airflow/example_dags/tutorial_dag.py for tasks to queue
[2023-09-28T15:00:27.319+0000] {logging_mixin.py:151} INFO - [2023-09-28T15:00:27.319+0000] {dagbag.py:539} INFO - Filling up the DagBag from /home/ubuntu/airflow_venv/lib/python3.10/site-packages/airflow/example_dags/tutorial_dag.py
[2023-09-28T15:00:27.335+0000] {processor.py:839} INFO - DAG(s) dict_keys(['tutorial_dag']) retrieved from /home/ubuntu/airflow_venv/lib/python3.10/site-packages/airflow/example_dags/tutorial_dag.py
[2023-09-28T15:00:27.349+0000] {logging_mixin.py:151} INFO - [2023-09-28T15:00:27.349+0000] {dag.py:2915} INFO - Sync 1 DAGs
[2023-09-28T15:00:27.370+0000] {logging_mixin.py:151} INFO - [2023-09-28T15:00:27.370+0000] {dag.py:3696} INFO - Setting next_dagrun for tutorial_dag to None, run_after=None
[2023-09-28T15:00:27.401+0000] {processor.py:179} INFO - Processing /home/ubuntu/airflow_venv/lib/python3.10/site-packages/airflow/example_dags/tutorial_dag.py took 0.090 seconds
[2023-09-28T15:01:14.709+0000] {processor.py:157} INFO - Started process (PID=1828) to work on /home/ubuntu/airflow_venv/lib/python3.10/site-packages/airflow/example_dags/tutorial_dag.py
[2023-09-28T15:01:14.710+0000] {processor.py:829} INFO - Processing file /home/ubuntu/airflow_venv/lib/python3.10/site-packages/airflow/example_dags/tutorial_dag.py for tasks to queue
[2023-09-28T15:01:14.711+0000] {logging_mixin.py:151} INFO - [2023-09-28T15:01:14.711+0000] {dagbag.py:539} INFO - Filling up the DagBag from /home/ubuntu/airflow_venv/lib/python3.10/site-packages/airflow/example_dags/tutorial_dag.py
[2023-09-28T15:01:14.718+0000] {processor.py:839} INFO - DAG(s) dict_keys(['tutorial_dag']) retrieved from /home/ubuntu/airflow_venv/lib/python3.10/site-packages/airflow/example_dags/tutorial_dag.py
[2023-09-28T15:01:14.763+0000] {logging_mixin.py:151} INFO - [2023-09-28T15:01:14.762+0000] {dag.py:2915} INFO - Sync 1 DAGs
[2023-09-28T15:01:14.786+0000] {logging_mixin.py:151} INFO - [2023-09-28T15:01:14.786+0000] {dag.py:3696} INFO - Setting next_dagrun for tutorial_dag to None, run_after=None
[2023-09-28T15:01:14.812+0000] {processor.py:179} INFO - Processing /home/ubuntu/airflow_venv/lib/python3.10/site-packages/airflow/example_dags/tutorial_dag.py took 0.112 seconds
[2023-09-28T15:01:55.488+0000] {processor.py:157} INFO - Started process (PID=1865) to work on /home/ubuntu/airflow_venv/lib/python3.10/site-packages/airflow/example_dags/tutorial_dag.py
[2023-09-28T15:01:55.489+0000] {processor.py:829} INFO - Processing file /home/ubuntu/airflow_venv/lib/python3.10/site-packages/airflow/example_dags/tutorial_dag.py for tasks to queue
[2023-09-28T15:01:55.490+0000] {logging_mixin.py:151} INFO - [2023-09-28T15:01:55.489+0000] {dagbag.py:539} INFO - Filling up the DagBag from /home/ubuntu/airflow_venv/lib/python3.10/site-packages/airflow/example_dags/tutorial_dag.py
[2023-09-28T15:01:55.495+0000] {processor.py:839} INFO - DAG(s) dict_keys(['tutorial_dag']) retrieved from /home/ubuntu/airflow_venv/lib/python3.10/site-packages/airflow/example_dags/tutorial_dag.py
[2023-09-28T15:01:55.513+0000] {logging_mixin.py:151} INFO - [2023-09-28T15:01:55.513+0000] {dag.py:2915} INFO - Sync 1 DAGs
[2023-09-28T15:01:55.525+0000] {logging_mixin.py:151} INFO - [2023-09-28T15:01:55.525+0000] {dag.py:3696} INFO - Setting next_dagrun for tutorial_dag to None, run_after=None
[2023-09-28T15:01:55.700+0000] {processor.py:179} INFO - Processing /home/ubuntu/airflow_venv/lib/python3.10/site-packages/airflow/example_dags/tutorial_dag.py took 0.216 seconds
[2023-09-28T15:17:30.652+0000] {processor.py:157} INFO - Started process (PID=3195) to work on /home/ubuntu/airflow_venv/lib/python3.10/site-packages/airflow/example_dags/tutorial_dag.py
[2023-09-28T15:17:30.654+0000] {processor.py:829} INFO - Processing file /home/ubuntu/airflow_venv/lib/python3.10/site-packages/airflow/example_dags/tutorial_dag.py for tasks to queue
[2023-09-28T15:17:30.655+0000] {logging_mixin.py:151} INFO - [2023-09-28T15:17:30.655+0000] {dagbag.py:539} INFO - Filling up the DagBag from /home/ubuntu/airflow_venv/lib/python3.10/site-packages/airflow/example_dags/tutorial_dag.py
[2023-09-28T15:17:30.667+0000] {processor.py:839} INFO - DAG(s) dict_keys(['tutorial_dag']) retrieved from /home/ubuntu/airflow_venv/lib/python3.10/site-packages/airflow/example_dags/tutorial_dag.py
[2023-09-28T15:17:30.720+0000] {logging_mixin.py:151} INFO - [2023-09-28T15:17:30.720+0000] {dag.py:2915} INFO - Sync 1 DAGs
[2023-09-28T15:17:30.736+0000] {logging_mixin.py:151} INFO - [2023-09-28T15:17:30.736+0000] {dag.py:3696} INFO - Setting next_dagrun for tutorial_dag to None, run_after=None
[2023-09-28T15:17:30.764+0000] {processor.py:179} INFO - Processing /home/ubuntu/airflow_venv/lib/python3.10/site-packages/airflow/example_dags/tutorial_dag.py took 0.116 seconds
[2023-09-28T15:18:18.887+0000] {processor.py:157} INFO - Started process (PID=3248) to work on /home/ubuntu/airflow_venv/lib/python3.10/site-packages/airflow/example_dags/tutorial_dag.py
[2023-09-28T15:18:18.888+0000] {processor.py:829} INFO - Processing file /home/ubuntu/airflow_venv/lib/python3.10/site-packages/airflow/example_dags/tutorial_dag.py for tasks to queue
[2023-09-28T15:18:18.889+0000] {logging_mixin.py:151} INFO - [2023-09-28T15:18:18.888+0000] {dagbag.py:539} INFO - Filling up the DagBag from /home/ubuntu/airflow_venv/lib/python3.10/site-packages/airflow/example_dags/tutorial_dag.py
[2023-09-28T15:18:18.895+0000] {processor.py:839} INFO - DAG(s) dict_keys(['tutorial_dag']) retrieved from /home/ubuntu/airflow_venv/lib/python3.10/site-packages/airflow/example_dags/tutorial_dag.py
[2023-09-28T15:18:18.914+0000] {logging_mixin.py:151} INFO - [2023-09-28T15:18:18.914+0000] {dag.py:2915} INFO - Sync 1 DAGs
[2023-09-28T15:18:18.936+0000] {logging_mixin.py:151} INFO - [2023-09-28T15:18:18.935+0000] {dag.py:3696} INFO - Setting next_dagrun for tutorial_dag to None, run_after=None
[2023-09-28T15:18:18.964+0000] {processor.py:179} INFO - Processing /home/ubuntu/airflow_venv/lib/python3.10/site-packages/airflow/example_dags/tutorial_dag.py took 0.081 seconds
[2023-09-28T15:23:30.928+0000] {processor.py:157} INFO - Started process (PID=3410) to work on /home/ubuntu/airflow_venv/lib/python3.10/site-packages/airflow/example_dags/tutorial_dag.py
[2023-09-28T15:23:30.930+0000] {processor.py:829} INFO - Processing file /home/ubuntu/airflow_venv/lib/python3.10/site-packages/airflow/example_dags/tutorial_dag.py for tasks to queue
[2023-09-28T15:23:30.931+0000] {logging_mixin.py:151} INFO - [2023-09-28T15:23:30.930+0000] {dagbag.py:539} INFO - Filling up the DagBag from /home/ubuntu/airflow_venv/lib/python3.10/site-packages/airflow/example_dags/tutorial_dag.py
[2023-09-28T15:23:30.938+0000] {processor.py:839} INFO - DAG(s) dict_keys(['tutorial_dag']) retrieved from /home/ubuntu/airflow_venv/lib/python3.10/site-packages/airflow/example_dags/tutorial_dag.py
[2023-09-28T15:23:30.946+0000] {logging_mixin.py:151} INFO - [2023-09-28T15:23:30.946+0000] {dag.py:2915} INFO - Sync 1 DAGs
[2023-09-28T15:23:30.958+0000] {logging_mixin.py:151} INFO - [2023-09-28T15:23:30.958+0000] {dag.py:3696} INFO - Setting next_dagrun for tutorial_dag to None, run_after=None
[2023-09-28T15:23:30.980+0000] {processor.py:179} INFO - Processing /home/ubuntu/airflow_venv/lib/python3.10/site-packages/airflow/example_dags/tutorial_dag.py took 0.055 seconds
[2023-09-28T15:24:18.225+0000] {processor.py:157} INFO - Started process (PID=3463) to work on /home/ubuntu/airflow_venv/lib/python3.10/site-packages/airflow/example_dags/tutorial_dag.py
[2023-09-28T15:24:18.226+0000] {processor.py:829} INFO - Processing file /home/ubuntu/airflow_venv/lib/python3.10/site-packages/airflow/example_dags/tutorial_dag.py for tasks to queue
[2023-09-28T15:24:18.227+0000] {logging_mixin.py:151} INFO - [2023-09-28T15:24:18.227+0000] {dagbag.py:539} INFO - Filling up the DagBag from /home/ubuntu/airflow_venv/lib/python3.10/site-packages/airflow/example_dags/tutorial_dag.py
[2023-09-28T15:24:18.232+0000] {processor.py:839} INFO - DAG(s) dict_keys(['tutorial_dag']) retrieved from /home/ubuntu/airflow_venv/lib/python3.10/site-packages/airflow/example_dags/tutorial_dag.py
[2023-09-28T15:24:18.249+0000] {logging_mixin.py:151} INFO - [2023-09-28T15:24:18.249+0000] {dag.py:2915} INFO - Sync 1 DAGs
[2023-09-28T15:24:18.260+0000] {logging_mixin.py:151} INFO - [2023-09-28T15:24:18.259+0000] {dag.py:3696} INFO - Setting next_dagrun for tutorial_dag to None, run_after=None
[2023-09-28T15:24:18.279+0000] {processor.py:179} INFO - Processing /home/ubuntu/airflow_venv/lib/python3.10/site-packages/airflow/example_dags/tutorial_dag.py took 0.057 seconds
[2023-09-28T15:24:56.725+0000] {processor.py:157} INFO - Started process (PID=3498) to work on /home/ubuntu/airflow_venv/lib/python3.10/site-packages/airflow/example_dags/tutorial_dag.py
[2023-09-28T15:24:56.726+0000] {processor.py:829} INFO - Processing file /home/ubuntu/airflow_venv/lib/python3.10/site-packages/airflow/example_dags/tutorial_dag.py for tasks to queue
[2023-09-28T15:24:56.727+0000] {logging_mixin.py:151} INFO - [2023-09-28T15:24:56.727+0000] {dagbag.py:539} INFO - Filling up the DagBag from /home/ubuntu/airflow_venv/lib/python3.10/site-packages/airflow/example_dags/tutorial_dag.py
[2023-09-28T15:24:56.734+0000] {processor.py:839} INFO - DAG(s) dict_keys(['tutorial_dag']) retrieved from /home/ubuntu/airflow_venv/lib/python3.10/site-packages/airflow/example_dags/tutorial_dag.py
[2023-09-28T15:24:56.755+0000] {logging_mixin.py:151} INFO - [2023-09-28T15:24:56.754+0000] {dag.py:2915} INFO - Sync 1 DAGs
[2023-09-28T15:24:56.767+0000] {logging_mixin.py:151} INFO - [2023-09-28T15:24:56.767+0000] {dag.py:3696} INFO - Setting next_dagrun for tutorial_dag to None, run_after=None
[2023-09-28T15:24:56.956+0000] {processor.py:179} INFO - Processing /home/ubuntu/airflow_venv/lib/python3.10/site-packages/airflow/example_dags/tutorial_dag.py took 0.235 seconds
[2023-09-28T15:25:43.457+0000] {processor.py:157} INFO - Started process (PID=3566) to work on /home/ubuntu/airflow_venv/lib/python3.10/site-packages/airflow/example_dags/tutorial_dag.py
[2023-09-28T15:25:43.459+0000] {processor.py:829} INFO - Processing file /home/ubuntu/airflow_venv/lib/python3.10/site-packages/airflow/example_dags/tutorial_dag.py for tasks to queue
[2023-09-28T15:25:43.460+0000] {logging_mixin.py:151} INFO - [2023-09-28T15:25:43.460+0000] {dagbag.py:539} INFO - Filling up the DagBag from /home/ubuntu/airflow_venv/lib/python3.10/site-packages/airflow/example_dags/tutorial_dag.py
[2023-09-28T15:25:43.468+0000] {processor.py:839} INFO - DAG(s) dict_keys(['tutorial_dag']) retrieved from /home/ubuntu/airflow_venv/lib/python3.10/site-packages/airflow/example_dags/tutorial_dag.py
[2023-09-28T15:25:43.494+0000] {logging_mixin.py:151} INFO - [2023-09-28T15:25:43.494+0000] {dag.py:2915} INFO - Sync 1 DAGs
[2023-09-28T15:25:43.668+0000] {logging_mixin.py:151} INFO - [2023-09-28T15:25:43.668+0000] {dag.py:3696} INFO - Setting next_dagrun for tutorial_dag to None, run_after=None
[2023-09-28T15:25:43.701+0000] {processor.py:179} INFO - Processing /home/ubuntu/airflow_venv/lib/python3.10/site-packages/airflow/example_dags/tutorial_dag.py took 0.248 seconds
