[2023-09-28T09:26:40.152+0000] {processor.py:157} INFO - Started process (PID=51056) to work on /home/ubuntu/airflow_venv/lib/python3.10/site-packages/airflow/example_dags/tutorial.py
[2023-09-28T09:26:40.154+0000] {processor.py:829} INFO - Processing file /home/ubuntu/airflow_venv/lib/python3.10/site-packages/airflow/example_dags/tutorial.py for tasks to queue
[2023-09-28T09:26:40.155+0000] {logging_mixin.py:151} INFO - [2023-09-28T09:26:40.154+0000] {dagbag.py:539} INFO - Filling up the DagBag from /home/ubuntu/airflow_venv/lib/python3.10/site-packages/airflow/example_dags/tutorial.py
[2023-09-28T09:26:40.168+0000] {processor.py:839} INFO - DAG(s) dict_keys(['tutorial']) retrieved from /home/ubuntu/airflow_venv/lib/python3.10/site-packages/airflow/example_dags/tutorial.py
[2023-09-28T09:26:40.178+0000] {logging_mixin.py:151} INFO - [2023-09-28T09:26:40.178+0000] {dag.py:2915} INFO - Sync 1 DAGs
[2023-09-28T09:26:40.205+0000] {logging_mixin.py:151} INFO - [2023-09-28T09:26:40.204+0000] {dag.py:3696} INFO - Setting next_dagrun for tutorial to 2023-09-27T09:26:40.204747+00:00, run_after=2023-09-28T09:26:40.204747+00:00
[2023-09-28T09:26:40.230+0000] {processor.py:179} INFO - Processing /home/ubuntu/airflow_venv/lib/python3.10/site-packages/airflow/example_dags/tutorial.py took 0.081 seconds
[2023-09-28T09:27:58.028+0000] {processor.py:157} INFO - Started process (PID=51123) to work on /home/ubuntu/airflow_venv/lib/python3.10/site-packages/airflow/example_dags/tutorial.py
[2023-09-28T09:27:58.029+0000] {processor.py:829} INFO - Processing file /home/ubuntu/airflow_venv/lib/python3.10/site-packages/airflow/example_dags/tutorial.py for tasks to queue
[2023-09-28T09:27:58.030+0000] {logging_mixin.py:151} INFO - [2023-09-28T09:27:58.030+0000] {dagbag.py:539} INFO - Filling up the DagBag from /home/ubuntu/airflow_venv/lib/python3.10/site-packages/airflow/example_dags/tutorial.py
[2023-09-28T09:27:58.046+0000] {processor.py:839} INFO - DAG(s) dict_keys(['tutorial']) retrieved from /home/ubuntu/airflow_venv/lib/python3.10/site-packages/airflow/example_dags/tutorial.py
[2023-09-28T09:27:58.056+0000] {logging_mixin.py:151} INFO - [2023-09-28T09:27:58.055+0000] {dag.py:2915} INFO - Sync 1 DAGs
[2023-09-28T09:27:58.077+0000] {logging_mixin.py:151} INFO - [2023-09-28T09:27:58.076+0000] {dag.py:3696} INFO - Setting next_dagrun for tutorial to 2023-09-27T09:27:58.076601+00:00, run_after=2023-09-28T09:27:58.076601+00:00
[2023-09-28T09:27:58.103+0000] {processor.py:179} INFO - Processing /home/ubuntu/airflow_venv/lib/python3.10/site-packages/airflow/example_dags/tutorial.py took 0.079 seconds
[2023-09-28T10:47:02.381+0000] {processor.py:157} INFO - Started process (PID=1234) to work on /home/ubuntu/airflow_venv/lib/python3.10/site-packages/airflow/example_dags/tutorial.py
[2023-09-28T10:47:02.383+0000] {processor.py:829} INFO - Processing file /home/ubuntu/airflow_venv/lib/python3.10/site-packages/airflow/example_dags/tutorial.py for tasks to queue
[2023-09-28T10:47:02.384+0000] {logging_mixin.py:151} INFO - [2023-09-28T10:47:02.384+0000] {dagbag.py:539} INFO - Filling up the DagBag from /home/ubuntu/airflow_venv/lib/python3.10/site-packages/airflow/example_dags/tutorial.py
[2023-09-28T10:47:02.399+0000] {processor.py:839} INFO - DAG(s) dict_keys(['tutorial']) retrieved from /home/ubuntu/airflow_venv/lib/python3.10/site-packages/airflow/example_dags/tutorial.py
[2023-09-28T10:47:02.408+0000] {logging_mixin.py:151} INFO - [2023-09-28T10:47:02.408+0000] {dag.py:2915} INFO - Sync 1 DAGs
[2023-09-28T10:47:02.432+0000] {logging_mixin.py:151} INFO - [2023-09-28T10:47:02.431+0000] {dag.py:3696} INFO - Setting next_dagrun for tutorial to 2023-09-27T10:47:02.431526+00:00, run_after=2023-09-28T10:47:02.431526+00:00
[2023-09-28T10:47:02.461+0000] {processor.py:179} INFO - Processing /home/ubuntu/airflow_venv/lib/python3.10/site-packages/airflow/example_dags/tutorial.py took 0.084 seconds
[2023-09-28T10:47:48.592+0000] {processor.py:157} INFO - Started process (PID=1493) to work on /home/ubuntu/airflow_venv/lib/python3.10/site-packages/airflow/example_dags/tutorial.py
[2023-09-28T10:47:48.593+0000] {processor.py:829} INFO - Processing file /home/ubuntu/airflow_venv/lib/python3.10/site-packages/airflow/example_dags/tutorial.py for tasks to queue
[2023-09-28T10:47:48.594+0000] {logging_mixin.py:151} INFO - [2023-09-28T10:47:48.594+0000] {dagbag.py:539} INFO - Filling up the DagBag from /home/ubuntu/airflow_venv/lib/python3.10/site-packages/airflow/example_dags/tutorial.py
[2023-09-28T10:47:48.602+0000] {processor.py:839} INFO - DAG(s) dict_keys(['tutorial']) retrieved from /home/ubuntu/airflow_venv/lib/python3.10/site-packages/airflow/example_dags/tutorial.py
[2023-09-28T10:47:48.620+0000] {logging_mixin.py:151} INFO - [2023-09-28T10:47:48.619+0000] {dag.py:2915} INFO - Sync 1 DAGs
[2023-09-28T10:47:48.639+0000] {logging_mixin.py:151} INFO - [2023-09-28T10:47:48.639+0000] {dag.py:3696} INFO - Setting next_dagrun for tutorial to 2023-09-27T10:47:48.639282+00:00, run_after=2023-09-28T10:47:48.639282+00:00
[2023-09-28T10:47:48.662+0000] {processor.py:179} INFO - Processing /home/ubuntu/airflow_venv/lib/python3.10/site-packages/airflow/example_dags/tutorial.py took 0.073 seconds
[2023-09-28T10:48:32.329+0000] {processor.py:157} INFO - Started process (PID=1532) to work on /home/ubuntu/airflow_venv/lib/python3.10/site-packages/airflow/example_dags/tutorial.py
[2023-09-28T10:48:32.330+0000] {processor.py:829} INFO - Processing file /home/ubuntu/airflow_venv/lib/python3.10/site-packages/airflow/example_dags/tutorial.py for tasks to queue
[2023-09-28T10:48:32.331+0000] {logging_mixin.py:151} INFO - [2023-09-28T10:48:32.331+0000] {dagbag.py:539} INFO - Filling up the DagBag from /home/ubuntu/airflow_venv/lib/python3.10/site-packages/airflow/example_dags/tutorial.py
[2023-09-28T10:48:32.339+0000] {processor.py:839} INFO - DAG(s) dict_keys(['tutorial']) retrieved from /home/ubuntu/airflow_venv/lib/python3.10/site-packages/airflow/example_dags/tutorial.py
[2023-09-28T10:48:32.355+0000] {logging_mixin.py:151} INFO - [2023-09-28T10:48:32.355+0000] {dag.py:2915} INFO - Sync 1 DAGs
[2023-09-28T10:48:32.538+0000] {logging_mixin.py:151} INFO - [2023-09-28T10:48:32.537+0000] {dag.py:3696} INFO - Setting next_dagrun for tutorial to 2023-09-27T10:48:32.537684+00:00, run_after=2023-09-28T10:48:32.537684+00:00
[2023-09-28T10:48:32.558+0000] {processor.py:179} INFO - Processing /home/ubuntu/airflow_venv/lib/python3.10/site-packages/airflow/example_dags/tutorial.py took 0.233 seconds
[2023-09-28T10:49:24.169+0000] {processor.py:157} INFO - Started process (PID=1579) to work on /home/ubuntu/airflow_venv/lib/python3.10/site-packages/airflow/example_dags/tutorial.py
[2023-09-28T10:49:24.171+0000] {processor.py:829} INFO - Processing file /home/ubuntu/airflow_venv/lib/python3.10/site-packages/airflow/example_dags/tutorial.py for tasks to queue
[2023-09-28T10:49:24.172+0000] {logging_mixin.py:151} INFO - [2023-09-28T10:49:24.172+0000] {dagbag.py:539} INFO - Filling up the DagBag from /home/ubuntu/airflow_venv/lib/python3.10/site-packages/airflow/example_dags/tutorial.py
[2023-09-28T10:49:24.180+0000] {processor.py:839} INFO - DAG(s) dict_keys(['tutorial']) retrieved from /home/ubuntu/airflow_venv/lib/python3.10/site-packages/airflow/example_dags/tutorial.py
[2023-09-28T10:49:24.337+0000] {logging_mixin.py:151} INFO - [2023-09-28T10:49:24.337+0000] {dag.py:2915} INFO - Sync 1 DAGs
[2023-09-28T10:49:24.368+0000] {logging_mixin.py:151} INFO - [2023-09-28T10:49:24.368+0000] {dag.py:3696} INFO - Setting next_dagrun for tutorial to 2023-09-27T10:49:24.368381+00:00, run_after=2023-09-28T10:49:24.368381+00:00
[2023-09-28T10:49:24.401+0000] {processor.py:179} INFO - Processing /home/ubuntu/airflow_venv/lib/python3.10/site-packages/airflow/example_dags/tutorial.py took 0.236 seconds
[2023-09-28T11:05:24.903+0000] {processor.py:157} INFO - Started process (PID=2167) to work on /home/ubuntu/airflow_venv/lib/python3.10/site-packages/airflow/example_dags/tutorial.py
[2023-09-28T11:05:24.906+0000] {processor.py:829} INFO - Processing file /home/ubuntu/airflow_venv/lib/python3.10/site-packages/airflow/example_dags/tutorial.py for tasks to queue
[2023-09-28T11:05:24.908+0000] {logging_mixin.py:151} INFO - [2023-09-28T11:05:24.907+0000] {dagbag.py:539} INFO - Filling up the DagBag from /home/ubuntu/airflow_venv/lib/python3.10/site-packages/airflow/example_dags/tutorial.py
[2023-09-28T11:05:24.921+0000] {processor.py:839} INFO - DAG(s) dict_keys(['tutorial']) retrieved from /home/ubuntu/airflow_venv/lib/python3.10/site-packages/airflow/example_dags/tutorial.py
[2023-09-28T11:05:24.943+0000] {logging_mixin.py:151} INFO - [2023-09-28T11:05:24.943+0000] {dag.py:2915} INFO - Sync 1 DAGs
[2023-09-28T11:05:24.967+0000] {logging_mixin.py:151} INFO - [2023-09-28T11:05:24.967+0000] {dag.py:3696} INFO - Setting next_dagrun for tutorial to 2023-09-27T11:05:24.966778+00:00, run_after=2023-09-28T11:05:24.966778+00:00
[2023-09-28T11:05:24.991+0000] {processor.py:179} INFO - Processing /home/ubuntu/airflow_venv/lib/python3.10/site-packages/airflow/example_dags/tutorial.py took 0.092 seconds
[2023-09-28T11:06:12.963+0000] {processor.py:157} INFO - Started process (PID=2218) to work on /home/ubuntu/airflow_venv/lib/python3.10/site-packages/airflow/example_dags/tutorial.py
[2023-09-28T11:06:12.965+0000] {processor.py:829} INFO - Processing file /home/ubuntu/airflow_venv/lib/python3.10/site-packages/airflow/example_dags/tutorial.py for tasks to queue
[2023-09-28T11:06:12.983+0000] {logging_mixin.py:151} INFO - [2023-09-28T11:06:12.973+0000] {dagbag.py:539} INFO - Filling up the DagBag from /home/ubuntu/airflow_venv/lib/python3.10/site-packages/airflow/example_dags/tutorial.py
[2023-09-28T11:06:13.019+0000] {processor.py:839} INFO - DAG(s) dict_keys(['tutorial']) retrieved from /home/ubuntu/airflow_venv/lib/python3.10/site-packages/airflow/example_dags/tutorial.py
[2023-09-28T11:07:30.160+0000] {logging_mixin.py:151} INFO - [2023-09-28T11:07:28.815+0000] {dag.py:2915} INFO - Sync 1 DAGs
[2023-09-28T11:08:20.344+0000] {logging_mixin.py:151} INFO - [2023-09-28T11:08:20.303+0000] {dag.py:3696} INFO - Setting next_dagrun for tutorial to 2023-09-27T11:08:20.302928+00:00, run_after=2023-09-28T11:08:20.302928+00:00
[2023-09-28T11:08:20.482+0000] {processor.py:179} INFO - Processing /home/ubuntu/airflow_venv/lib/python3.10/site-packages/airflow/example_dags/tutorial.py took 127.525 seconds
[2023-09-28T15:00:30.902+0000] {processor.py:157} INFO - Started process (PID=1783) to work on /home/ubuntu/airflow_venv/lib/python3.10/site-packages/airflow/example_dags/tutorial.py
[2023-09-28T15:00:30.905+0000] {processor.py:829} INFO - Processing file /home/ubuntu/airflow_venv/lib/python3.10/site-packages/airflow/example_dags/tutorial.py for tasks to queue
[2023-09-28T15:00:30.906+0000] {logging_mixin.py:151} INFO - [2023-09-28T15:00:30.906+0000] {dagbag.py:539} INFO - Filling up the DagBag from /home/ubuntu/airflow_venv/lib/python3.10/site-packages/airflow/example_dags/tutorial.py
[2023-09-28T15:00:30.915+0000] {processor.py:839} INFO - DAG(s) dict_keys(['tutorial']) retrieved from /home/ubuntu/airflow_venv/lib/python3.10/site-packages/airflow/example_dags/tutorial.py
[2023-09-28T15:00:30.923+0000] {logging_mixin.py:151} INFO - [2023-09-28T15:00:30.923+0000] {dag.py:2915} INFO - Sync 1 DAGs
[2023-09-28T15:00:30.942+0000] {logging_mixin.py:151} INFO - [2023-09-28T15:00:30.942+0000] {dag.py:3696} INFO - Setting next_dagrun for tutorial to 2023-09-27T15:00:30.942184+00:00, run_after=2023-09-28T15:00:30.942184+00:00
[2023-09-28T15:00:30.963+0000] {processor.py:179} INFO - Processing /home/ubuntu/airflow_venv/lib/python3.10/site-packages/airflow/example_dags/tutorial.py took 0.071 seconds
[2023-09-28T15:01:17.512+0000] {processor.py:157} INFO - Started process (PID=1831) to work on /home/ubuntu/airflow_venv/lib/python3.10/site-packages/airflow/example_dags/tutorial.py
[2023-09-28T15:01:17.514+0000] {processor.py:829} INFO - Processing file /home/ubuntu/airflow_venv/lib/python3.10/site-packages/airflow/example_dags/tutorial.py for tasks to queue
[2023-09-28T15:01:17.514+0000] {logging_mixin.py:151} INFO - [2023-09-28T15:01:17.514+0000] {dagbag.py:539} INFO - Filling up the DagBag from /home/ubuntu/airflow_venv/lib/python3.10/site-packages/airflow/example_dags/tutorial.py
[2023-09-28T15:01:17.522+0000] {processor.py:839} INFO - DAG(s) dict_keys(['tutorial']) retrieved from /home/ubuntu/airflow_venv/lib/python3.10/site-packages/airflow/example_dags/tutorial.py
[2023-09-28T15:01:17.539+0000] {logging_mixin.py:151} INFO - [2023-09-28T15:01:17.539+0000] {dag.py:2915} INFO - Sync 1 DAGs
[2023-09-28T15:01:17.558+0000] {logging_mixin.py:151} INFO - [2023-09-28T15:01:17.558+0000] {dag.py:3696} INFO - Setting next_dagrun for tutorial to 2023-09-27T15:01:17.557870+00:00, run_after=2023-09-28T15:01:17.557870+00:00
[2023-09-28T15:01:17.578+0000] {processor.py:179} INFO - Processing /home/ubuntu/airflow_venv/lib/python3.10/site-packages/airflow/example_dags/tutorial.py took 0.068 seconds
[2023-09-28T15:01:58.189+0000] {processor.py:157} INFO - Started process (PID=1868) to work on /home/ubuntu/airflow_venv/lib/python3.10/site-packages/airflow/example_dags/tutorial.py
[2023-09-28T15:01:58.190+0000] {processor.py:829} INFO - Processing file /home/ubuntu/airflow_venv/lib/python3.10/site-packages/airflow/example_dags/tutorial.py for tasks to queue
[2023-09-28T15:01:58.191+0000] {logging_mixin.py:151} INFO - [2023-09-28T15:01:58.190+0000] {dagbag.py:539} INFO - Filling up the DagBag from /home/ubuntu/airflow_venv/lib/python3.10/site-packages/airflow/example_dags/tutorial.py
[2023-09-28T15:01:58.199+0000] {processor.py:839} INFO - DAG(s) dict_keys(['tutorial']) retrieved from /home/ubuntu/airflow_venv/lib/python3.10/site-packages/airflow/example_dags/tutorial.py
[2023-09-28T15:01:58.223+0000] {logging_mixin.py:151} INFO - [2023-09-28T15:01:58.223+0000] {dag.py:2915} INFO - Sync 1 DAGs
[2023-09-28T15:01:58.390+0000] {logging_mixin.py:151} INFO - [2023-09-28T15:01:58.390+0000] {dag.py:3696} INFO - Setting next_dagrun for tutorial to 2023-09-27T15:01:58.390030+00:00, run_after=2023-09-28T15:01:58.390030+00:00
[2023-09-28T15:01:58.409+0000] {processor.py:179} INFO - Processing /home/ubuntu/airflow_venv/lib/python3.10/site-packages/airflow/example_dags/tutorial.py took 0.224 seconds
[2023-09-28T15:17:33.337+0000] {processor.py:157} INFO - Started process (PID=3200) to work on /home/ubuntu/airflow_venv/lib/python3.10/site-packages/airflow/example_dags/tutorial.py
[2023-09-28T15:17:33.338+0000] {processor.py:829} INFO - Processing file /home/ubuntu/airflow_venv/lib/python3.10/site-packages/airflow/example_dags/tutorial.py for tasks to queue
[2023-09-28T15:17:33.339+0000] {logging_mixin.py:151} INFO - [2023-09-28T15:17:33.339+0000] {dagbag.py:539} INFO - Filling up the DagBag from /home/ubuntu/airflow_venv/lib/python3.10/site-packages/airflow/example_dags/tutorial.py
[2023-09-28T15:17:33.351+0000] {processor.py:839} INFO - DAG(s) dict_keys(['tutorial']) retrieved from /home/ubuntu/airflow_venv/lib/python3.10/site-packages/airflow/example_dags/tutorial.py
[2023-09-28T15:17:33.371+0000] {logging_mixin.py:151} INFO - [2023-09-28T15:17:33.371+0000] {dag.py:2915} INFO - Sync 1 DAGs
[2023-09-28T15:17:33.395+0000] {logging_mixin.py:151} INFO - [2023-09-28T15:17:33.395+0000] {dag.py:3696} INFO - Setting next_dagrun for tutorial to 2023-09-27T15:17:33.394791+00:00, run_after=2023-09-28T15:17:33.394791+00:00
[2023-09-28T15:17:33.417+0000] {processor.py:179} INFO - Processing /home/ubuntu/airflow_venv/lib/python3.10/site-packages/airflow/example_dags/tutorial.py took 0.084 seconds
[2023-09-28T15:18:21.785+0000] {processor.py:157} INFO - Started process (PID=3251) to work on /home/ubuntu/airflow_venv/lib/python3.10/site-packages/airflow/example_dags/tutorial.py
[2023-09-28T15:18:21.787+0000] {processor.py:829} INFO - Processing file /home/ubuntu/airflow_venv/lib/python3.10/site-packages/airflow/example_dags/tutorial.py for tasks to queue
[2023-09-28T15:18:21.789+0000] {logging_mixin.py:151} INFO - [2023-09-28T15:18:21.788+0000] {dagbag.py:539} INFO - Filling up the DagBag from /home/ubuntu/airflow_venv/lib/python3.10/site-packages/airflow/example_dags/tutorial.py
[2023-09-28T15:18:21.797+0000] {processor.py:839} INFO - DAG(s) dict_keys(['tutorial']) retrieved from /home/ubuntu/airflow_venv/lib/python3.10/site-packages/airflow/example_dags/tutorial.py
[2023-09-28T15:18:21.815+0000] {logging_mixin.py:151} INFO - [2023-09-28T15:18:21.814+0000] {dag.py:2915} INFO - Sync 1 DAGs
[2023-09-28T15:18:21.835+0000] {logging_mixin.py:151} INFO - [2023-09-28T15:18:21.834+0000] {dag.py:3696} INFO - Setting next_dagrun for tutorial to 2023-09-27T15:18:21.834698+00:00, run_after=2023-09-28T15:18:21.834698+00:00
[2023-09-28T15:18:21.865+0000] {processor.py:179} INFO - Processing /home/ubuntu/airflow_venv/lib/python3.10/site-packages/airflow/example_dags/tutorial.py took 0.085 seconds
[2023-09-28T15:23:33.549+0000] {processor.py:157} INFO - Started process (PID=3413) to work on /home/ubuntu/airflow_venv/lib/python3.10/site-packages/airflow/example_dags/tutorial.py
[2023-09-28T15:23:33.551+0000] {processor.py:829} INFO - Processing file /home/ubuntu/airflow_venv/lib/python3.10/site-packages/airflow/example_dags/tutorial.py for tasks to queue
[2023-09-28T15:23:33.552+0000] {logging_mixin.py:151} INFO - [2023-09-28T15:23:33.551+0000] {dagbag.py:539} INFO - Filling up the DagBag from /home/ubuntu/airflow_venv/lib/python3.10/site-packages/airflow/example_dags/tutorial.py
[2023-09-28T15:23:33.562+0000] {processor.py:839} INFO - DAG(s) dict_keys(['tutorial']) retrieved from /home/ubuntu/airflow_venv/lib/python3.10/site-packages/airflow/example_dags/tutorial.py
[2023-09-28T15:23:33.571+0000] {logging_mixin.py:151} INFO - [2023-09-28T15:23:33.571+0000] {dag.py:2915} INFO - Sync 1 DAGs
[2023-09-28T15:23:33.606+0000] {logging_mixin.py:151} INFO - [2023-09-28T15:23:33.605+0000] {dag.py:3696} INFO - Setting next_dagrun for tutorial to 2023-09-27T15:23:33.605440+00:00, run_after=2023-09-28T15:23:33.605440+00:00
[2023-09-28T15:23:33.632+0000] {processor.py:179} INFO - Processing /home/ubuntu/airflow_venv/lib/python3.10/site-packages/airflow/example_dags/tutorial.py took 0.086 seconds
[2023-09-28T15:24:21.113+0000] {processor.py:157} INFO - Started process (PID=3466) to work on /home/ubuntu/airflow_venv/lib/python3.10/site-packages/airflow/example_dags/tutorial.py
[2023-09-28T15:24:21.115+0000] {processor.py:829} INFO - Processing file /home/ubuntu/airflow_venv/lib/python3.10/site-packages/airflow/example_dags/tutorial.py for tasks to queue
[2023-09-28T15:24:21.119+0000] {logging_mixin.py:151} INFO - [2023-09-28T15:24:21.119+0000] {dagbag.py:539} INFO - Filling up the DagBag from /home/ubuntu/airflow_venv/lib/python3.10/site-packages/airflow/example_dags/tutorial.py
[2023-09-28T15:24:21.129+0000] {processor.py:839} INFO - DAG(s) dict_keys(['tutorial']) retrieved from /home/ubuntu/airflow_venv/lib/python3.10/site-packages/airflow/example_dags/tutorial.py
[2023-09-28T15:24:21.151+0000] {logging_mixin.py:151} INFO - [2023-09-28T15:24:21.151+0000] {dag.py:2915} INFO - Sync 1 DAGs
[2023-09-28T15:24:21.180+0000] {logging_mixin.py:151} INFO - [2023-09-28T15:24:21.179+0000] {dag.py:3696} INFO - Setting next_dagrun for tutorial to 2023-09-27T15:24:21.179660+00:00, run_after=2023-09-28T15:24:21.179660+00:00
[2023-09-28T15:24:21.206+0000] {processor.py:179} INFO - Processing /home/ubuntu/airflow_venv/lib/python3.10/site-packages/airflow/example_dags/tutorial.py took 0.100 seconds
[2023-09-28T15:25:00.359+0000] {processor.py:157} INFO - Started process (PID=3501) to work on /home/ubuntu/airflow_venv/lib/python3.10/site-packages/airflow/example_dags/tutorial.py
[2023-09-28T15:25:00.361+0000] {processor.py:829} INFO - Processing file /home/ubuntu/airflow_venv/lib/python3.10/site-packages/airflow/example_dags/tutorial.py for tasks to queue
[2023-09-28T15:25:00.362+0000] {logging_mixin.py:151} INFO - [2023-09-28T15:25:00.361+0000] {dagbag.py:539} INFO - Filling up the DagBag from /home/ubuntu/airflow_venv/lib/python3.10/site-packages/airflow/example_dags/tutorial.py
[2023-09-28T15:25:00.370+0000] {processor.py:839} INFO - DAG(s) dict_keys(['tutorial']) retrieved from /home/ubuntu/airflow_venv/lib/python3.10/site-packages/airflow/example_dags/tutorial.py
[2023-09-28T15:25:00.387+0000] {logging_mixin.py:151} INFO - [2023-09-28T15:25:00.386+0000] {dag.py:2915} INFO - Sync 1 DAGs
[2023-09-28T15:25:00.601+0000] {logging_mixin.py:151} INFO - [2023-09-28T15:25:00.601+0000] {dag.py:3696} INFO - Setting next_dagrun for tutorial to 2023-09-27T15:25:00.600945+00:00, run_after=2023-09-28T15:25:00.600945+00:00
[2023-09-28T15:25:00.630+0000] {processor.py:179} INFO - Processing /home/ubuntu/airflow_venv/lib/python3.10/site-packages/airflow/example_dags/tutorial.py took 0.274 seconds
[2023-09-28T15:25:47.294+0000] {processor.py:157} INFO - Started process (PID=3569) to work on /home/ubuntu/airflow_venv/lib/python3.10/site-packages/airflow/example_dags/tutorial.py
[2023-09-28T15:25:47.296+0000] {processor.py:829} INFO - Processing file /home/ubuntu/airflow_venv/lib/python3.10/site-packages/airflow/example_dags/tutorial.py for tasks to queue
[2023-09-28T15:25:47.297+0000] {logging_mixin.py:151} INFO - [2023-09-28T15:25:47.297+0000] {dagbag.py:539} INFO - Filling up the DagBag from /home/ubuntu/airflow_venv/lib/python3.10/site-packages/airflow/example_dags/tutorial.py
[2023-09-28T15:25:47.305+0000] {processor.py:839} INFO - DAG(s) dict_keys(['tutorial']) retrieved from /home/ubuntu/airflow_venv/lib/python3.10/site-packages/airflow/example_dags/tutorial.py
[2023-09-28T15:25:47.321+0000] {logging_mixin.py:151} INFO - [2023-09-28T15:25:47.321+0000] {dag.py:2915} INFO - Sync 1 DAGs
[2023-09-28T15:25:47.525+0000] {logging_mixin.py:151} INFO - [2023-09-28T15:25:47.525+0000] {dag.py:3696} INFO - Setting next_dagrun for tutorial to 2023-09-27T15:25:47.525181+00:00, run_after=2023-09-28T15:25:47.525181+00:00
[2023-09-28T15:25:47.546+0000] {processor.py:179} INFO - Processing /home/ubuntu/airflow_venv/lib/python3.10/site-packages/airflow/example_dags/tutorial.py took 0.254 seconds
