[2023-09-27T10:54:00.070+0000] {processor.py:157} INFO - Started process (PID=3933) to work on /usr/local/lib/python3.10/dist-packages/airflow/example_dags/example_python_operator.py
[2023-09-27T10:54:00.071+0000] {processor.py:829} INFO - Processing file /usr/local/lib/python3.10/dist-packages/airflow/example_dags/example_python_operator.py for tasks to queue
[2023-09-27T10:54:00.071+0000] {logging_mixin.py:151} INFO - [2023-09-27T10:54:00.071+0000] {dagbag.py:539} INFO - Filling up the DagBag from /usr/local/lib/python3.10/dist-packages/airflow/example_dags/example_python_operator.py
[2023-09-27T10:54:00.080+0000] {logging_mixin.py:151} INFO - [2023-09-27T10:54:00.080+0000] {example_python_operator.py:89} WARNING - The virtalenv_python example task requires virtualenv, please install it.
[2023-09-27T10:54:00.080+0000] {processor.py:839} INFO - DAG(s) dict_keys(['example_python_operator']) retrieved from /usr/local/lib/python3.10/dist-packages/airflow/example_dags/example_python_operator.py
[2023-09-27T10:54:00.190+0000] {logging_mixin.py:151} INFO - [2023-09-27T10:54:00.190+0000] {manager.py:499} INFO - Created Permission View: %s
[2023-09-27T10:54:00.204+0000] {logging_mixin.py:151} INFO - [2023-09-27T10:54:00.203+0000] {manager.py:499} INFO - Created Permission View: %s
[2023-09-27T10:54:00.214+0000] {logging_mixin.py:151} INFO - [2023-09-27T10:54:00.214+0000] {manager.py:499} INFO - Created Permission View: %s
[2023-09-27T10:54:00.214+0000] {logging_mixin.py:151} INFO - [2023-09-27T10:54:00.214+0000] {security.py:708} INFO - Not syncing DAG-level permissions for DAG 'DAG:example_python_operator' as access control is unset.
[2023-09-27T10:54:00.214+0000] {logging_mixin.py:151} INFO - [2023-09-27T10:54:00.214+0000] {dag.py:2915} INFO - Sync 1 DAGs
[2023-09-27T10:54:00.226+0000] {logging_mixin.py:151} INFO - [2023-09-27T10:54:00.226+0000] {dag.py:2937} INFO - Creating ORM DAG for example_python_operator
[2023-09-27T10:54:00.226+0000] {logging_mixin.py:151} INFO - [2023-09-27T10:54:00.226+0000] {dag.py:3696} INFO - Setting next_dagrun for example_python_operator to None, run_after=None
[2023-09-27T10:54:00.252+0000] {processor.py:179} INFO - Processing /usr/local/lib/python3.10/dist-packages/airflow/example_dags/example_python_operator.py took 0.187 seconds
[2023-09-27T10:54:50.876+0000] {processor.py:157} INFO - Started process (PID=3981) to work on /usr/local/lib/python3.10/dist-packages/airflow/example_dags/example_python_operator.py
[2023-09-27T10:54:50.877+0000] {processor.py:829} INFO - Processing file /usr/local/lib/python3.10/dist-packages/airflow/example_dags/example_python_operator.py for tasks to queue
[2023-09-27T10:54:50.878+0000] {logging_mixin.py:151} INFO - [2023-09-27T10:54:50.877+0000] {dagbag.py:539} INFO - Filling up the DagBag from /usr/local/lib/python3.10/dist-packages/airflow/example_dags/example_python_operator.py
[2023-09-27T10:54:50.887+0000] {logging_mixin.py:151} INFO - [2023-09-27T10:54:50.887+0000] {example_python_operator.py:89} WARNING - The virtalenv_python example task requires virtualenv, please install it.
[2023-09-27T10:54:50.888+0000] {processor.py:839} INFO - DAG(s) dict_keys(['example_python_operator']) retrieved from /usr/local/lib/python3.10/dist-packages/airflow/example_dags/example_python_operator.py
[2023-09-27T10:54:50.906+0000] {logging_mixin.py:151} INFO - [2023-09-27T10:54:50.905+0000] {dag.py:2915} INFO - Sync 1 DAGs
[2023-09-27T10:54:50.918+0000] {logging_mixin.py:151} INFO - [2023-09-27T10:54:50.918+0000] {dag.py:3696} INFO - Setting next_dagrun for example_python_operator to None, run_after=None
[2023-09-27T10:54:50.952+0000] {processor.py:179} INFO - Processing /usr/local/lib/python3.10/dist-packages/airflow/example_dags/example_python_operator.py took 0.079 seconds
[2023-09-27T10:55:28.030+0000] {processor.py:157} INFO - Started process (PID=4021) to work on /usr/local/lib/python3.10/dist-packages/airflow/example_dags/example_python_operator.py
[2023-09-27T10:55:28.032+0000] {processor.py:829} INFO - Processing file /usr/local/lib/python3.10/dist-packages/airflow/example_dags/example_python_operator.py for tasks to queue
[2023-09-27T10:55:28.032+0000] {logging_mixin.py:151} INFO - [2023-09-27T10:55:28.032+0000] {dagbag.py:539} INFO - Filling up the DagBag from /usr/local/lib/python3.10/dist-packages/airflow/example_dags/example_python_operator.py
[2023-09-27T10:55:28.041+0000] {logging_mixin.py:151} INFO - [2023-09-27T10:55:28.041+0000] {example_python_operator.py:89} WARNING - The virtalenv_python example task requires virtualenv, please install it.
[2023-09-27T10:55:28.041+0000] {processor.py:839} INFO - DAG(s) dict_keys(['example_python_operator']) retrieved from /usr/local/lib/python3.10/dist-packages/airflow/example_dags/example_python_operator.py
[2023-09-27T10:55:28.059+0000] {logging_mixin.py:151} INFO - [2023-09-27T10:55:28.059+0000] {dag.py:2915} INFO - Sync 1 DAGs
[2023-09-27T10:55:28.072+0000] {logging_mixin.py:151} INFO - [2023-09-27T10:55:28.072+0000] {dag.py:3696} INFO - Setting next_dagrun for example_python_operator to None, run_after=None
[2023-09-27T10:55:28.098+0000] {processor.py:179} INFO - Processing /usr/local/lib/python3.10/dist-packages/airflow/example_dags/example_python_operator.py took 0.071 seconds
[2023-09-27T10:57:01.851+0000] {processor.py:157} INFO - Started process (PID=4097) to work on /usr/local/lib/python3.10/dist-packages/airflow/example_dags/example_python_operator.py
[2023-09-27T10:57:01.852+0000] {processor.py:829} INFO - Processing file /usr/local/lib/python3.10/dist-packages/airflow/example_dags/example_python_operator.py for tasks to queue
[2023-09-27T10:57:01.853+0000] {logging_mixin.py:151} INFO - [2023-09-27T10:57:01.852+0000] {dagbag.py:539} INFO - Filling up the DagBag from /usr/local/lib/python3.10/dist-packages/airflow/example_dags/example_python_operator.py
[2023-09-27T10:57:01.861+0000] {logging_mixin.py:151} INFO - [2023-09-27T10:57:01.861+0000] {example_python_operator.py:89} WARNING - The virtalenv_python example task requires virtualenv, please install it.
[2023-09-27T10:57:01.862+0000] {processor.py:839} INFO - DAG(s) dict_keys(['example_python_operator']) retrieved from /usr/local/lib/python3.10/dist-packages/airflow/example_dags/example_python_operator.py
[2023-09-27T10:57:01.882+0000] {logging_mixin.py:151} INFO - [2023-09-27T10:57:01.881+0000] {dag.py:2915} INFO - Sync 1 DAGs
[2023-09-27T10:57:01.895+0000] {logging_mixin.py:151} INFO - [2023-09-27T10:57:01.895+0000] {dag.py:3696} INFO - Setting next_dagrun for example_python_operator to None, run_after=None
[2023-09-27T10:57:01.920+0000] {processor.py:179} INFO - Processing /usr/local/lib/python3.10/dist-packages/airflow/example_dags/example_python_operator.py took 0.072 seconds
[2023-09-27T10:57:45.892+0000] {processor.py:157} INFO - Started process (PID=4148) to work on /usr/local/lib/python3.10/dist-packages/airflow/example_dags/example_python_operator.py
[2023-09-27T10:57:45.894+0000] {processor.py:829} INFO - Processing file /usr/local/lib/python3.10/dist-packages/airflow/example_dags/example_python_operator.py for tasks to queue
[2023-09-27T10:57:45.895+0000] {logging_mixin.py:151} INFO - [2023-09-27T10:57:45.894+0000] {dagbag.py:539} INFO - Filling up the DagBag from /usr/local/lib/python3.10/dist-packages/airflow/example_dags/example_python_operator.py
[2023-09-27T10:57:45.915+0000] {logging_mixin.py:151} INFO - [2023-09-27T10:57:45.915+0000] {example_python_operator.py:89} WARNING - The virtalenv_python example task requires virtualenv, please install it.
[2023-09-27T10:57:45.916+0000] {processor.py:839} INFO - DAG(s) dict_keys(['example_python_operator']) retrieved from /usr/local/lib/python3.10/dist-packages/airflow/example_dags/example_python_operator.py
[2023-09-27T10:57:45.937+0000] {logging_mixin.py:151} INFO - [2023-09-27T10:57:45.936+0000] {dag.py:2915} INFO - Sync 1 DAGs
[2023-09-27T10:57:45.949+0000] {logging_mixin.py:151} INFO - [2023-09-27T10:57:45.949+0000] {dag.py:3696} INFO - Setting next_dagrun for example_python_operator to None, run_after=None
[2023-09-27T10:57:45.969+0000] {processor.py:179} INFO - Processing /usr/local/lib/python3.10/dist-packages/airflow/example_dags/example_python_operator.py took 0.086 seconds
[2023-09-27T10:58:32.407+0000] {processor.py:157} INFO - Started process (PID=4196) to work on /usr/local/lib/python3.10/dist-packages/airflow/example_dags/example_python_operator.py
[2023-09-27T10:58:32.409+0000] {processor.py:829} INFO - Processing file /usr/local/lib/python3.10/dist-packages/airflow/example_dags/example_python_operator.py for tasks to queue
[2023-09-27T10:58:32.410+0000] {logging_mixin.py:151} INFO - [2023-09-27T10:58:32.410+0000] {dagbag.py:539} INFO - Filling up the DagBag from /usr/local/lib/python3.10/dist-packages/airflow/example_dags/example_python_operator.py
[2023-09-27T10:58:32.441+0000] {logging_mixin.py:151} INFO - [2023-09-27T10:58:32.440+0000] {example_python_operator.py:89} WARNING - The virtalenv_python example task requires virtualenv, please install it.
[2023-09-27T10:58:32.441+0000] {processor.py:839} INFO - DAG(s) dict_keys(['example_python_operator']) retrieved from /usr/local/lib/python3.10/dist-packages/airflow/example_dags/example_python_operator.py
[2023-09-27T10:58:32.460+0000] {logging_mixin.py:151} INFO - [2023-09-27T10:58:32.460+0000] {dag.py:2915} INFO - Sync 1 DAGs
[2023-09-27T10:58:32.471+0000] {logging_mixin.py:151} INFO - [2023-09-27T10:58:32.471+0000] {dag.py:3696} INFO - Setting next_dagrun for example_python_operator to None, run_after=None
[2023-09-27T10:58:32.492+0000] {processor.py:179} INFO - Processing /usr/local/lib/python3.10/dist-packages/airflow/example_dags/example_python_operator.py took 0.092 seconds
[2023-09-27T10:59:20.271+0000] {processor.py:157} INFO - Started process (PID=4247) to work on /usr/local/lib/python3.10/dist-packages/airflow/example_dags/example_python_operator.py
[2023-09-27T10:59:20.272+0000] {processor.py:829} INFO - Processing file /usr/local/lib/python3.10/dist-packages/airflow/example_dags/example_python_operator.py for tasks to queue
[2023-09-27T10:59:20.273+0000] {logging_mixin.py:151} INFO - [2023-09-27T10:59:20.273+0000] {dagbag.py:539} INFO - Filling up the DagBag from /usr/local/lib/python3.10/dist-packages/airflow/example_dags/example_python_operator.py
[2023-09-27T10:59:20.282+0000] {logging_mixin.py:151} INFO - [2023-09-27T10:59:20.282+0000] {example_python_operator.py:89} WARNING - The virtalenv_python example task requires virtualenv, please install it.
[2023-09-27T10:59:20.283+0000] {processor.py:839} INFO - DAG(s) dict_keys(['example_python_operator']) retrieved from /usr/local/lib/python3.10/dist-packages/airflow/example_dags/example_python_operator.py
[2023-09-27T10:59:20.308+0000] {logging_mixin.py:151} INFO - [2023-09-27T10:59:20.308+0000] {dag.py:2915} INFO - Sync 1 DAGs
[2023-09-27T10:59:20.319+0000] {logging_mixin.py:151} INFO - [2023-09-27T10:59:20.319+0000] {dag.py:3696} INFO - Setting next_dagrun for example_python_operator to None, run_after=None
[2023-09-27T10:59:20.348+0000] {processor.py:179} INFO - Processing /usr/local/lib/python3.10/dist-packages/airflow/example_dags/example_python_operator.py took 0.080 seconds
[2023-09-27T11:00:10.461+0000] {processor.py:157} INFO - Started process (PID=4299) to work on /usr/local/lib/python3.10/dist-packages/airflow/example_dags/example_python_operator.py
[2023-09-27T11:00:10.462+0000] {processor.py:829} INFO - Processing file /usr/local/lib/python3.10/dist-packages/airflow/example_dags/example_python_operator.py for tasks to queue
[2023-09-27T11:00:10.463+0000] {logging_mixin.py:151} INFO - [2023-09-27T11:00:10.463+0000] {dagbag.py:539} INFO - Filling up the DagBag from /usr/local/lib/python3.10/dist-packages/airflow/example_dags/example_python_operator.py
[2023-09-27T11:00:10.473+0000] {logging_mixin.py:151} INFO - [2023-09-27T11:00:10.473+0000] {example_python_operator.py:89} WARNING - The virtalenv_python example task requires virtualenv, please install it.
[2023-09-27T11:00:10.474+0000] {processor.py:839} INFO - DAG(s) dict_keys(['example_python_operator']) retrieved from /usr/local/lib/python3.10/dist-packages/airflow/example_dags/example_python_operator.py
[2023-09-27T11:00:10.497+0000] {logging_mixin.py:151} INFO - [2023-09-27T11:00:10.497+0000] {dag.py:2915} INFO - Sync 1 DAGs
[2023-09-27T11:00:10.509+0000] {logging_mixin.py:151} INFO - [2023-09-27T11:00:10.509+0000] {dag.py:3696} INFO - Setting next_dagrun for example_python_operator to None, run_after=None
[2023-09-27T11:00:10.533+0000] {processor.py:179} INFO - Processing /usr/local/lib/python3.10/dist-packages/airflow/example_dags/example_python_operator.py took 0.075 seconds
[2023-09-27T11:00:55.160+0000] {processor.py:157} INFO - Started process (PID=4346) to work on /usr/local/lib/python3.10/dist-packages/airflow/example_dags/example_python_operator.py
[2023-09-27T11:00:55.161+0000] {processor.py:829} INFO - Processing file /usr/local/lib/python3.10/dist-packages/airflow/example_dags/example_python_operator.py for tasks to queue
[2023-09-27T11:00:55.162+0000] {logging_mixin.py:151} INFO - [2023-09-27T11:00:55.162+0000] {dagbag.py:539} INFO - Filling up the DagBag from /usr/local/lib/python3.10/dist-packages/airflow/example_dags/example_python_operator.py
[2023-09-27T11:00:55.177+0000] {logging_mixin.py:151} INFO - [2023-09-27T11:00:55.177+0000] {example_python_operator.py:89} WARNING - The virtalenv_python example task requires virtualenv, please install it.
[2023-09-27T11:00:55.178+0000] {processor.py:839} INFO - DAG(s) dict_keys(['example_python_operator']) retrieved from /usr/local/lib/python3.10/dist-packages/airflow/example_dags/example_python_operator.py
[2023-09-27T11:00:55.204+0000] {logging_mixin.py:151} INFO - [2023-09-27T11:00:55.203+0000] {dag.py:2915} INFO - Sync 1 DAGs
[2023-09-27T11:00:55.217+0000] {logging_mixin.py:151} INFO - [2023-09-27T11:00:55.216+0000] {dag.py:3696} INFO - Setting next_dagrun for example_python_operator to None, run_after=None
[2023-09-27T11:00:55.247+0000] {processor.py:179} INFO - Processing /usr/local/lib/python3.10/dist-packages/airflow/example_dags/example_python_operator.py took 0.090 seconds
[2023-09-27T11:01:40.841+0000] {processor.py:157} INFO - Started process (PID=4396) to work on /usr/local/lib/python3.10/dist-packages/airflow/example_dags/example_python_operator.py
[2023-09-27T11:01:40.842+0000] {processor.py:829} INFO - Processing file /usr/local/lib/python3.10/dist-packages/airflow/example_dags/example_python_operator.py for tasks to queue
[2023-09-27T11:01:40.843+0000] {logging_mixin.py:151} INFO - [2023-09-27T11:01:40.843+0000] {dagbag.py:539} INFO - Filling up the DagBag from /usr/local/lib/python3.10/dist-packages/airflow/example_dags/example_python_operator.py
[2023-09-27T11:01:40.855+0000] {logging_mixin.py:151} INFO - [2023-09-27T11:01:40.855+0000] {example_python_operator.py:89} WARNING - The virtalenv_python example task requires virtualenv, please install it.
[2023-09-27T11:01:40.855+0000] {processor.py:839} INFO - DAG(s) dict_keys(['example_python_operator']) retrieved from /usr/local/lib/python3.10/dist-packages/airflow/example_dags/example_python_operator.py
[2023-09-27T11:01:40.874+0000] {logging_mixin.py:151} INFO - [2023-09-27T11:01:40.874+0000] {dag.py:2915} INFO - Sync 1 DAGs
[2023-09-27T11:01:40.885+0000] {logging_mixin.py:151} INFO - [2023-09-27T11:01:40.885+0000] {dag.py:3696} INFO - Setting next_dagrun for example_python_operator to None, run_after=None
[2023-09-27T11:01:40.907+0000] {processor.py:179} INFO - Processing /usr/local/lib/python3.10/dist-packages/airflow/example_dags/example_python_operator.py took 0.069 seconds
[2023-09-27T11:02:29.169+0000] {processor.py:157} INFO - Started process (PID=4446) to work on /usr/local/lib/python3.10/dist-packages/airflow/example_dags/example_python_operator.py
[2023-09-27T11:02:29.170+0000] {processor.py:829} INFO - Processing file /usr/local/lib/python3.10/dist-packages/airflow/example_dags/example_python_operator.py for tasks to queue
[2023-09-27T11:02:29.171+0000] {logging_mixin.py:151} INFO - [2023-09-27T11:02:29.170+0000] {dagbag.py:539} INFO - Filling up the DagBag from /usr/local/lib/python3.10/dist-packages/airflow/example_dags/example_python_operator.py
[2023-09-27T11:02:29.179+0000] {logging_mixin.py:151} INFO - [2023-09-27T11:02:29.179+0000] {example_python_operator.py:89} WARNING - The virtalenv_python example task requires virtualenv, please install it.
[2023-09-27T11:02:29.179+0000] {processor.py:839} INFO - DAG(s) dict_keys(['example_python_operator']) retrieved from /usr/local/lib/python3.10/dist-packages/airflow/example_dags/example_python_operator.py
[2023-09-27T11:02:29.197+0000] {logging_mixin.py:151} INFO - [2023-09-27T11:02:29.197+0000] {dag.py:2915} INFO - Sync 1 DAGs
[2023-09-27T11:02:29.208+0000] {logging_mixin.py:151} INFO - [2023-09-27T11:02:29.208+0000] {dag.py:3696} INFO - Setting next_dagrun for example_python_operator to None, run_after=None
[2023-09-27T11:02:29.230+0000] {processor.py:179} INFO - Processing /usr/local/lib/python3.10/dist-packages/airflow/example_dags/example_python_operator.py took 0.064 seconds
[2023-09-27T11:03:04.400+0000] {processor.py:157} INFO - Started process (PID=4481) to work on /usr/local/lib/python3.10/dist-packages/airflow/example_dags/example_python_operator.py
[2023-09-27T11:03:04.401+0000] {processor.py:829} INFO - Processing file /usr/local/lib/python3.10/dist-packages/airflow/example_dags/example_python_operator.py for tasks to queue
[2023-09-27T11:03:04.402+0000] {logging_mixin.py:151} INFO - [2023-09-27T11:03:04.402+0000] {dagbag.py:539} INFO - Filling up the DagBag from /usr/local/lib/python3.10/dist-packages/airflow/example_dags/example_python_operator.py
[2023-09-27T11:03:04.411+0000] {logging_mixin.py:151} INFO - [2023-09-27T11:03:04.411+0000] {example_python_operator.py:89} WARNING - The virtalenv_python example task requires virtualenv, please install it.
[2023-09-27T11:03:04.412+0000] {processor.py:839} INFO - DAG(s) dict_keys(['example_python_operator']) retrieved from /usr/local/lib/python3.10/dist-packages/airflow/example_dags/example_python_operator.py
[2023-09-27T11:03:04.442+0000] {logging_mixin.py:151} INFO - [2023-09-27T11:03:04.442+0000] {dag.py:2915} INFO - Sync 1 DAGs
[2023-09-27T11:03:04.473+0000] {logging_mixin.py:151} INFO - [2023-09-27T11:03:04.472+0000] {dag.py:3696} INFO - Setting next_dagrun for example_python_operator to None, run_after=None
[2023-09-27T11:03:04.500+0000] {processor.py:179} INFO - Processing /usr/local/lib/python3.10/dist-packages/airflow/example_dags/example_python_operator.py took 0.106 seconds
[2023-09-27T11:03:53.686+0000] {processor.py:157} INFO - Started process (PID=4532) to work on /usr/local/lib/python3.10/dist-packages/airflow/example_dags/example_python_operator.py
[2023-09-27T11:03:53.687+0000] {processor.py:829} INFO - Processing file /usr/local/lib/python3.10/dist-packages/airflow/example_dags/example_python_operator.py for tasks to queue
[2023-09-27T11:03:53.688+0000] {logging_mixin.py:151} INFO - [2023-09-27T11:03:53.687+0000] {dagbag.py:539} INFO - Filling up the DagBag from /usr/local/lib/python3.10/dist-packages/airflow/example_dags/example_python_operator.py
[2023-09-27T11:03:53.696+0000] {logging_mixin.py:151} INFO - [2023-09-27T11:03:53.696+0000] {example_python_operator.py:89} WARNING - The virtalenv_python example task requires virtualenv, please install it.
[2023-09-27T11:03:53.696+0000] {processor.py:839} INFO - DAG(s) dict_keys(['example_python_operator']) retrieved from /usr/local/lib/python3.10/dist-packages/airflow/example_dags/example_python_operator.py
[2023-09-27T11:03:53.713+0000] {logging_mixin.py:151} INFO - [2023-09-27T11:03:53.713+0000] {dag.py:2915} INFO - Sync 1 DAGs
[2023-09-27T11:03:53.724+0000] {logging_mixin.py:151} INFO - [2023-09-27T11:03:53.723+0000] {dag.py:3696} INFO - Setting next_dagrun for example_python_operator to None, run_after=None
[2023-09-27T11:03:53.744+0000] {processor.py:179} INFO - Processing /usr/local/lib/python3.10/dist-packages/airflow/example_dags/example_python_operator.py took 0.066 seconds
[2023-09-27T11:04:27.983+0000] {processor.py:157} INFO - Started process (PID=4568) to work on /usr/local/lib/python3.10/dist-packages/airflow/example_dags/example_python_operator.py
[2023-09-27T11:04:27.985+0000] {processor.py:829} INFO - Processing file /usr/local/lib/python3.10/dist-packages/airflow/example_dags/example_python_operator.py for tasks to queue
[2023-09-27T11:04:27.986+0000] {logging_mixin.py:151} INFO - [2023-09-27T11:04:27.985+0000] {dagbag.py:539} INFO - Filling up the DagBag from /usr/local/lib/python3.10/dist-packages/airflow/example_dags/example_python_operator.py
[2023-09-27T11:04:27.998+0000] {logging_mixin.py:151} INFO - [2023-09-27T11:04:27.997+0000] {example_python_operator.py:89} WARNING - The virtalenv_python example task requires virtualenv, please install it.
[2023-09-27T11:04:27.998+0000] {processor.py:839} INFO - DAG(s) dict_keys(['example_python_operator']) retrieved from /usr/local/lib/python3.10/dist-packages/airflow/example_dags/example_python_operator.py
[2023-09-27T11:04:28.024+0000] {logging_mixin.py:151} INFO - [2023-09-27T11:04:28.024+0000] {dag.py:2915} INFO - Sync 1 DAGs
[2023-09-27T11:04:28.037+0000] {logging_mixin.py:151} INFO - [2023-09-27T11:04:28.037+0000] {dag.py:3696} INFO - Setting next_dagrun for example_python_operator to None, run_after=None
[2023-09-27T11:04:28.064+0000] {processor.py:179} INFO - Processing /usr/local/lib/python3.10/dist-packages/airflow/example_dags/example_python_operator.py took 0.086 seconds
[2023-09-27T11:05:02.224+0000] {processor.py:157} INFO - Started process (PID=4603) to work on /usr/local/lib/python3.10/dist-packages/airflow/example_dags/example_python_operator.py
[2023-09-27T11:05:02.225+0000] {processor.py:829} INFO - Processing file /usr/local/lib/python3.10/dist-packages/airflow/example_dags/example_python_operator.py for tasks to queue
[2023-09-27T11:05:02.227+0000] {logging_mixin.py:151} INFO - [2023-09-27T11:05:02.227+0000] {dagbag.py:539} INFO - Filling up the DagBag from /usr/local/lib/python3.10/dist-packages/airflow/example_dags/example_python_operator.py
[2023-09-27T11:05:02.249+0000] {logging_mixin.py:151} INFO - [2023-09-27T11:05:02.249+0000] {example_python_operator.py:89} WARNING - The virtalenv_python example task requires virtualenv, please install it.
[2023-09-27T11:05:02.250+0000] {processor.py:839} INFO - DAG(s) dict_keys(['example_python_operator']) retrieved from /usr/local/lib/python3.10/dist-packages/airflow/example_dags/example_python_operator.py
[2023-09-27T11:05:02.286+0000] {logging_mixin.py:151} INFO - [2023-09-27T11:05:02.286+0000] {dag.py:2915} INFO - Sync 1 DAGs
[2023-09-27T11:05:02.306+0000] {logging_mixin.py:151} INFO - [2023-09-27T11:05:02.306+0000] {dag.py:3696} INFO - Setting next_dagrun for example_python_operator to None, run_after=None
[2023-09-27T11:05:02.343+0000] {processor.py:179} INFO - Processing /usr/local/lib/python3.10/dist-packages/airflow/example_dags/example_python_operator.py took 0.128 seconds
[2023-09-27T11:05:36.670+0000] {processor.py:157} INFO - Started process (PID=4638) to work on /usr/local/lib/python3.10/dist-packages/airflow/example_dags/example_python_operator.py
[2023-09-27T11:05:36.672+0000] {processor.py:829} INFO - Processing file /usr/local/lib/python3.10/dist-packages/airflow/example_dags/example_python_operator.py for tasks to queue
[2023-09-27T11:05:36.672+0000] {logging_mixin.py:151} INFO - [2023-09-27T11:05:36.672+0000] {dagbag.py:539} INFO - Filling up the DagBag from /usr/local/lib/python3.10/dist-packages/airflow/example_dags/example_python_operator.py
[2023-09-27T11:05:36.682+0000] {logging_mixin.py:151} INFO - [2023-09-27T11:05:36.682+0000] {example_python_operator.py:89} WARNING - The virtalenv_python example task requires virtualenv, please install it.
[2023-09-27T11:05:36.682+0000] {processor.py:839} INFO - DAG(s) dict_keys(['example_python_operator']) retrieved from /usr/local/lib/python3.10/dist-packages/airflow/example_dags/example_python_operator.py
[2023-09-27T11:05:36.706+0000] {logging_mixin.py:151} INFO - [2023-09-27T11:05:36.706+0000] {dag.py:2915} INFO - Sync 1 DAGs
[2023-09-27T11:05:36.722+0000] {logging_mixin.py:151} INFO - [2023-09-27T11:05:36.722+0000] {dag.py:3696} INFO - Setting next_dagrun for example_python_operator to None, run_after=None
[2023-09-27T11:05:36.743+0000] {processor.py:179} INFO - Processing /usr/local/lib/python3.10/dist-packages/airflow/example_dags/example_python_operator.py took 0.077 seconds
[2023-09-27T11:06:14.032+0000] {processor.py:157} INFO - Started process (PID=4678) to work on /usr/local/lib/python3.10/dist-packages/airflow/example_dags/example_python_operator.py
[2023-09-27T11:06:14.033+0000] {processor.py:829} INFO - Processing file /usr/local/lib/python3.10/dist-packages/airflow/example_dags/example_python_operator.py for tasks to queue
[2023-09-27T11:06:14.034+0000] {logging_mixin.py:151} INFO - [2023-09-27T11:06:14.034+0000] {dagbag.py:539} INFO - Filling up the DagBag from /usr/local/lib/python3.10/dist-packages/airflow/example_dags/example_python_operator.py
[2023-09-27T11:06:14.042+0000] {logging_mixin.py:151} INFO - [2023-09-27T11:06:14.042+0000] {example_python_operator.py:89} WARNING - The virtalenv_python example task requires virtualenv, please install it.
[2023-09-27T11:06:14.043+0000] {processor.py:839} INFO - DAG(s) dict_keys(['example_python_operator']) retrieved from /usr/local/lib/python3.10/dist-packages/airflow/example_dags/example_python_operator.py
[2023-09-27T11:06:14.069+0000] {logging_mixin.py:151} INFO - [2023-09-27T11:06:14.068+0000] {dag.py:2915} INFO - Sync 1 DAGs
[2023-09-27T11:06:14.081+0000] {logging_mixin.py:151} INFO - [2023-09-27T11:06:14.081+0000] {dag.py:3696} INFO - Setting next_dagrun for example_python_operator to None, run_after=None
[2023-09-27T11:06:14.106+0000] {processor.py:179} INFO - Processing /usr/local/lib/python3.10/dist-packages/airflow/example_dags/example_python_operator.py took 0.077 seconds
[2023-09-27T11:06:49.332+0000] {processor.py:157} INFO - Started process (PID=4720) to work on /usr/local/lib/python3.10/dist-packages/airflow/example_dags/example_python_operator.py
[2023-09-27T11:06:49.339+0000] {processor.py:829} INFO - Processing file /usr/local/lib/python3.10/dist-packages/airflow/example_dags/example_python_operator.py for tasks to queue
[2023-09-27T11:06:49.347+0000] {logging_mixin.py:151} INFO - [2023-09-27T11:06:49.343+0000] {dagbag.py:539} INFO - Filling up the DagBag from /usr/local/lib/python3.10/dist-packages/airflow/example_dags/example_python_operator.py
[2023-09-27T11:06:49.375+0000] {logging_mixin.py:151} INFO - [2023-09-27T11:06:49.375+0000] {example_python_operator.py:89} WARNING - The virtalenv_python example task requires virtualenv, please install it.
[2023-09-27T11:06:49.376+0000] {processor.py:839} INFO - DAG(s) dict_keys(['example_python_operator']) retrieved from /usr/local/lib/python3.10/dist-packages/airflow/example_dags/example_python_operator.py
[2023-09-27T11:06:49.409+0000] {logging_mixin.py:151} INFO - [2023-09-27T11:06:49.409+0000] {dag.py:2915} INFO - Sync 1 DAGs
[2023-09-27T11:06:49.426+0000] {logging_mixin.py:151} INFO - [2023-09-27T11:06:49.426+0000] {dag.py:3696} INFO - Setting next_dagrun for example_python_operator to None, run_after=None
[2023-09-27T11:06:49.451+0000] {processor.py:179} INFO - Processing /usr/local/lib/python3.10/dist-packages/airflow/example_dags/example_python_operator.py took 0.124 seconds
[2023-09-27T11:07:38.216+0000] {processor.py:157} INFO - Started process (PID=4771) to work on /usr/local/lib/python3.10/dist-packages/airflow/example_dags/example_python_operator.py
[2023-09-27T11:07:38.225+0000] {processor.py:829} INFO - Processing file /usr/local/lib/python3.10/dist-packages/airflow/example_dags/example_python_operator.py for tasks to queue
[2023-09-27T11:07:38.227+0000] {logging_mixin.py:151} INFO - [2023-09-27T11:07:38.227+0000] {dagbag.py:539} INFO - Filling up the DagBag from /usr/local/lib/python3.10/dist-packages/airflow/example_dags/example_python_operator.py
[2023-09-27T11:07:38.250+0000] {logging_mixin.py:151} INFO - [2023-09-27T11:07:38.249+0000] {example_python_operator.py:89} WARNING - The virtalenv_python example task requires virtualenv, please install it.
[2023-09-27T11:07:38.251+0000] {processor.py:839} INFO - DAG(s) dict_keys(['example_python_operator']) retrieved from /usr/local/lib/python3.10/dist-packages/airflow/example_dags/example_python_operator.py
[2023-09-27T11:07:38.278+0000] {logging_mixin.py:151} INFO - [2023-09-27T11:07:38.278+0000] {dag.py:2915} INFO - Sync 1 DAGs
[2023-09-27T11:07:38.290+0000] {logging_mixin.py:151} INFO - [2023-09-27T11:07:38.290+0000] {dag.py:3696} INFO - Setting next_dagrun for example_python_operator to None, run_after=None
[2023-09-27T11:07:38.313+0000] {processor.py:179} INFO - Processing /usr/local/lib/python3.10/dist-packages/airflow/example_dags/example_python_operator.py took 0.100 seconds
[2023-09-27T11:08:13.123+0000] {processor.py:157} INFO - Started process (PID=4806) to work on /usr/local/lib/python3.10/dist-packages/airflow/example_dags/example_python_operator.py
[2023-09-27T11:08:13.125+0000] {processor.py:829} INFO - Processing file /usr/local/lib/python3.10/dist-packages/airflow/example_dags/example_python_operator.py for tasks to queue
[2023-09-27T11:08:13.126+0000] {logging_mixin.py:151} INFO - [2023-09-27T11:08:13.126+0000] {dagbag.py:539} INFO - Filling up the DagBag from /usr/local/lib/python3.10/dist-packages/airflow/example_dags/example_python_operator.py
[2023-09-27T11:08:13.135+0000] {logging_mixin.py:151} INFO - [2023-09-27T11:08:13.135+0000] {example_python_operator.py:89} WARNING - The virtalenv_python example task requires virtualenv, please install it.
[2023-09-27T11:08:13.136+0000] {processor.py:839} INFO - DAG(s) dict_keys(['example_python_operator']) retrieved from /usr/local/lib/python3.10/dist-packages/airflow/example_dags/example_python_operator.py
[2023-09-27T11:08:13.155+0000] {logging_mixin.py:151} INFO - [2023-09-27T11:08:13.154+0000] {dag.py:2915} INFO - Sync 1 DAGs
[2023-09-27T11:08:13.166+0000] {logging_mixin.py:151} INFO - [2023-09-27T11:08:13.166+0000] {dag.py:3696} INFO - Setting next_dagrun for example_python_operator to None, run_after=None
[2023-09-27T11:08:13.187+0000] {processor.py:179} INFO - Processing /usr/local/lib/python3.10/dist-packages/airflow/example_dags/example_python_operator.py took 0.067 seconds
[2023-09-27T11:08:49.111+0000] {processor.py:157} INFO - Started process (PID=4842) to work on /usr/local/lib/python3.10/dist-packages/airflow/example_dags/example_python_operator.py
[2023-09-27T11:08:49.112+0000] {processor.py:829} INFO - Processing file /usr/local/lib/python3.10/dist-packages/airflow/example_dags/example_python_operator.py for tasks to queue
[2023-09-27T11:08:49.113+0000] {logging_mixin.py:151} INFO - [2023-09-27T11:08:49.113+0000] {dagbag.py:539} INFO - Filling up the DagBag from /usr/local/lib/python3.10/dist-packages/airflow/example_dags/example_python_operator.py
[2023-09-27T11:08:49.123+0000] {logging_mixin.py:151} INFO - [2023-09-27T11:08:49.122+0000] {example_python_operator.py:89} WARNING - The virtalenv_python example task requires virtualenv, please install it.
[2023-09-27T11:08:49.123+0000] {processor.py:839} INFO - DAG(s) dict_keys(['example_python_operator']) retrieved from /usr/local/lib/python3.10/dist-packages/airflow/example_dags/example_python_operator.py
[2023-09-27T11:08:49.143+0000] {logging_mixin.py:151} INFO - [2023-09-27T11:08:49.143+0000] {dag.py:2915} INFO - Sync 1 DAGs
[2023-09-27T11:08:49.157+0000] {logging_mixin.py:151} INFO - [2023-09-27T11:08:49.157+0000] {dag.py:3696} INFO - Setting next_dagrun for example_python_operator to None, run_after=None
[2023-09-27T11:08:49.192+0000] {processor.py:179} INFO - Processing /usr/local/lib/python3.10/dist-packages/airflow/example_dags/example_python_operator.py took 0.084 seconds
[2023-09-27T11:09:34.942+0000] {processor.py:157} INFO - Started process (PID=4892) to work on /usr/local/lib/python3.10/dist-packages/airflow/example_dags/example_python_operator.py
[2023-09-27T11:09:34.943+0000] {processor.py:829} INFO - Processing file /usr/local/lib/python3.10/dist-packages/airflow/example_dags/example_python_operator.py for tasks to queue
[2023-09-27T11:09:34.944+0000] {logging_mixin.py:151} INFO - [2023-09-27T11:09:34.944+0000] {dagbag.py:539} INFO - Filling up the DagBag from /usr/local/lib/python3.10/dist-packages/airflow/example_dags/example_python_operator.py
[2023-09-27T11:09:34.953+0000] {logging_mixin.py:151} INFO - [2023-09-27T11:09:34.953+0000] {example_python_operator.py:89} WARNING - The virtalenv_python example task requires virtualenv, please install it.
[2023-09-27T11:09:34.954+0000] {processor.py:839} INFO - DAG(s) dict_keys(['example_python_operator']) retrieved from /usr/local/lib/python3.10/dist-packages/airflow/example_dags/example_python_operator.py
[2023-09-27T11:09:34.972+0000] {logging_mixin.py:151} INFO - [2023-09-27T11:09:34.972+0000] {dag.py:2915} INFO - Sync 1 DAGs
[2023-09-27T11:09:34.989+0000] {logging_mixin.py:151} INFO - [2023-09-27T11:09:34.989+0000] {dag.py:3696} INFO - Setting next_dagrun for example_python_operator to None, run_after=None
[2023-09-27T11:09:35.013+0000] {processor.py:179} INFO - Processing /usr/local/lib/python3.10/dist-packages/airflow/example_dags/example_python_operator.py took 0.075 seconds
[2023-09-27T11:10:23.694+0000] {processor.py:157} INFO - Started process (PID=4942) to work on /usr/local/lib/python3.10/dist-packages/airflow/example_dags/example_python_operator.py
[2023-09-27T11:10:23.695+0000] {processor.py:829} INFO - Processing file /usr/local/lib/python3.10/dist-packages/airflow/example_dags/example_python_operator.py for tasks to queue
[2023-09-27T11:10:23.696+0000] {logging_mixin.py:151} INFO - [2023-09-27T11:10:23.696+0000] {dagbag.py:539} INFO - Filling up the DagBag from /usr/local/lib/python3.10/dist-packages/airflow/example_dags/example_python_operator.py
[2023-09-27T11:10:23.704+0000] {logging_mixin.py:151} INFO - [2023-09-27T11:10:23.704+0000] {example_python_operator.py:89} WARNING - The virtalenv_python example task requires virtualenv, please install it.
[2023-09-27T11:10:23.704+0000] {processor.py:839} INFO - DAG(s) dict_keys(['example_python_operator']) retrieved from /usr/local/lib/python3.10/dist-packages/airflow/example_dags/example_python_operator.py
[2023-09-27T11:10:23.723+0000] {logging_mixin.py:151} INFO - [2023-09-27T11:10:23.722+0000] {dag.py:2915} INFO - Sync 1 DAGs
[2023-09-27T11:10:23.738+0000] {logging_mixin.py:151} INFO - [2023-09-27T11:10:23.738+0000] {dag.py:3696} INFO - Setting next_dagrun for example_python_operator to None, run_after=None
[2023-09-27T11:10:23.760+0000] {processor.py:179} INFO - Processing /usr/local/lib/python3.10/dist-packages/airflow/example_dags/example_python_operator.py took 0.070 seconds
[2023-09-27T11:10:57.006+0000] {processor.py:157} INFO - Started process (PID=4977) to work on /usr/local/lib/python3.10/dist-packages/airflow/example_dags/example_python_operator.py
[2023-09-27T11:10:57.007+0000] {processor.py:829} INFO - Processing file /usr/local/lib/python3.10/dist-packages/airflow/example_dags/example_python_operator.py for tasks to queue
[2023-09-27T11:10:57.008+0000] {logging_mixin.py:151} INFO - [2023-09-27T11:10:57.007+0000] {dagbag.py:539} INFO - Filling up the DagBag from /usr/local/lib/python3.10/dist-packages/airflow/example_dags/example_python_operator.py
[2023-09-27T11:10:57.016+0000] {logging_mixin.py:151} INFO - [2023-09-27T11:10:57.016+0000] {example_python_operator.py:89} WARNING - The virtalenv_python example task requires virtualenv, please install it.
[2023-09-27T11:10:57.017+0000] {processor.py:839} INFO - DAG(s) dict_keys(['example_python_operator']) retrieved from /usr/local/lib/python3.10/dist-packages/airflow/example_dags/example_python_operator.py
[2023-09-27T11:10:57.036+0000] {logging_mixin.py:151} INFO - [2023-09-27T11:10:57.036+0000] {dag.py:2915} INFO - Sync 1 DAGs
[2023-09-27T11:10:57.049+0000] {logging_mixin.py:151} INFO - [2023-09-27T11:10:57.049+0000] {dag.py:3696} INFO - Setting next_dagrun for example_python_operator to None, run_after=None
[2023-09-27T11:10:57.072+0000] {processor.py:179} INFO - Processing /usr/local/lib/python3.10/dist-packages/airflow/example_dags/example_python_operator.py took 0.070 seconds
[2023-09-27T11:11:47.151+0000] {processor.py:157} INFO - Started process (PID=5031) to work on /usr/local/lib/python3.10/dist-packages/airflow/example_dags/example_python_operator.py
[2023-09-27T11:11:47.152+0000] {processor.py:829} INFO - Processing file /usr/local/lib/python3.10/dist-packages/airflow/example_dags/example_python_operator.py for tasks to queue
[2023-09-27T11:11:47.153+0000] {logging_mixin.py:151} INFO - [2023-09-27T11:11:47.153+0000] {dagbag.py:539} INFO - Filling up the DagBag from /usr/local/lib/python3.10/dist-packages/airflow/example_dags/example_python_operator.py
[2023-09-27T11:11:47.162+0000] {logging_mixin.py:151} INFO - [2023-09-27T11:11:47.162+0000] {example_python_operator.py:89} WARNING - The virtalenv_python example task requires virtualenv, please install it.
[2023-09-27T11:11:47.162+0000] {processor.py:839} INFO - DAG(s) dict_keys(['example_python_operator']) retrieved from /usr/local/lib/python3.10/dist-packages/airflow/example_dags/example_python_operator.py
[2023-09-27T11:11:47.182+0000] {logging_mixin.py:151} INFO - [2023-09-27T11:11:47.182+0000] {dag.py:2915} INFO - Sync 1 DAGs
[2023-09-27T11:11:47.194+0000] {logging_mixin.py:151} INFO - [2023-09-27T11:11:47.193+0000] {dag.py:3696} INFO - Setting next_dagrun for example_python_operator to None, run_after=None
[2023-09-27T11:11:47.217+0000] {processor.py:179} INFO - Processing /usr/local/lib/python3.10/dist-packages/airflow/example_dags/example_python_operator.py took 0.069 seconds
[2023-09-27T11:12:32.478+0000] {processor.py:157} INFO - Started process (PID=5082) to work on /usr/local/lib/python3.10/dist-packages/airflow/example_dags/example_python_operator.py
[2023-09-27T11:12:32.480+0000] {processor.py:829} INFO - Processing file /usr/local/lib/python3.10/dist-packages/airflow/example_dags/example_python_operator.py for tasks to queue
[2023-09-27T11:12:32.480+0000] {logging_mixin.py:151} INFO - [2023-09-27T11:12:32.480+0000] {dagbag.py:539} INFO - Filling up the DagBag from /usr/local/lib/python3.10/dist-packages/airflow/example_dags/example_python_operator.py
[2023-09-27T11:12:32.490+0000] {logging_mixin.py:151} INFO - [2023-09-27T11:12:32.489+0000] {example_python_operator.py:89} WARNING - The virtalenv_python example task requires virtualenv, please install it.
[2023-09-27T11:12:32.490+0000] {processor.py:839} INFO - DAG(s) dict_keys(['example_python_operator']) retrieved from /usr/local/lib/python3.10/dist-packages/airflow/example_dags/example_python_operator.py
[2023-09-27T11:12:32.511+0000] {logging_mixin.py:151} INFO - [2023-09-27T11:12:32.510+0000] {dag.py:2915} INFO - Sync 1 DAGs
[2023-09-27T11:12:32.523+0000] {logging_mixin.py:151} INFO - [2023-09-27T11:12:32.523+0000] {dag.py:3696} INFO - Setting next_dagrun for example_python_operator to None, run_after=None
[2023-09-27T11:12:32.544+0000] {processor.py:179} INFO - Processing /usr/local/lib/python3.10/dist-packages/airflow/example_dags/example_python_operator.py took 0.069 seconds
[2023-09-27T11:13:07.342+0000] {processor.py:157} INFO - Started process (PID=5117) to work on /usr/local/lib/python3.10/dist-packages/airflow/example_dags/example_python_operator.py
[2023-09-27T11:13:07.343+0000] {processor.py:829} INFO - Processing file /usr/local/lib/python3.10/dist-packages/airflow/example_dags/example_python_operator.py for tasks to queue
[2023-09-27T11:13:07.344+0000] {logging_mixin.py:151} INFO - [2023-09-27T11:13:07.343+0000] {dagbag.py:539} INFO - Filling up the DagBag from /usr/local/lib/python3.10/dist-packages/airflow/example_dags/example_python_operator.py
[2023-09-27T11:13:07.352+0000] {logging_mixin.py:151} INFO - [2023-09-27T11:13:07.352+0000] {example_python_operator.py:89} WARNING - The virtalenv_python example task requires virtualenv, please install it.
[2023-09-27T11:13:07.353+0000] {processor.py:839} INFO - DAG(s) dict_keys(['example_python_operator']) retrieved from /usr/local/lib/python3.10/dist-packages/airflow/example_dags/example_python_operator.py
[2023-09-27T11:13:07.374+0000] {logging_mixin.py:151} INFO - [2023-09-27T11:13:07.374+0000] {dag.py:2915} INFO - Sync 1 DAGs
[2023-09-27T11:13:07.389+0000] {logging_mixin.py:151} INFO - [2023-09-27T11:13:07.388+0000] {dag.py:3696} INFO - Setting next_dagrun for example_python_operator to None, run_after=None
[2023-09-27T11:13:07.412+0000] {processor.py:179} INFO - Processing /usr/local/lib/python3.10/dist-packages/airflow/example_dags/example_python_operator.py took 0.073 seconds
[2023-09-27T11:13:55.330+0000] {processor.py:157} INFO - Started process (PID=5170) to work on /usr/local/lib/python3.10/dist-packages/airflow/example_dags/example_python_operator.py
[2023-09-27T11:13:55.332+0000] {processor.py:829} INFO - Processing file /usr/local/lib/python3.10/dist-packages/airflow/example_dags/example_python_operator.py for tasks to queue
[2023-09-27T11:13:55.332+0000] {logging_mixin.py:151} INFO - [2023-09-27T11:13:55.332+0000] {dagbag.py:539} INFO - Filling up the DagBag from /usr/local/lib/python3.10/dist-packages/airflow/example_dags/example_python_operator.py
[2023-09-27T11:13:55.341+0000] {logging_mixin.py:151} INFO - [2023-09-27T11:13:55.341+0000] {example_python_operator.py:89} WARNING - The virtalenv_python example task requires virtualenv, please install it.
[2023-09-27T11:13:55.342+0000] {processor.py:839} INFO - DAG(s) dict_keys(['example_python_operator']) retrieved from /usr/local/lib/python3.10/dist-packages/airflow/example_dags/example_python_operator.py
[2023-09-27T11:13:55.362+0000] {logging_mixin.py:151} INFO - [2023-09-27T11:13:55.361+0000] {dag.py:2915} INFO - Sync 1 DAGs
[2023-09-27T11:13:55.374+0000] {logging_mixin.py:151} INFO - [2023-09-27T11:13:55.374+0000] {dag.py:3696} INFO - Setting next_dagrun for example_python_operator to None, run_after=None
[2023-09-27T11:13:55.395+0000] {processor.py:179} INFO - Processing /usr/local/lib/python3.10/dist-packages/airflow/example_dags/example_python_operator.py took 0.071 seconds
[2023-09-27T11:14:30.198+0000] {processor.py:157} INFO - Started process (PID=5206) to work on /usr/local/lib/python3.10/dist-packages/airflow/example_dags/example_python_operator.py
[2023-09-27T11:14:30.199+0000] {processor.py:829} INFO - Processing file /usr/local/lib/python3.10/dist-packages/airflow/example_dags/example_python_operator.py for tasks to queue
[2023-09-27T11:14:30.200+0000] {logging_mixin.py:151} INFO - [2023-09-27T11:14:30.199+0000] {dagbag.py:539} INFO - Filling up the DagBag from /usr/local/lib/python3.10/dist-packages/airflow/example_dags/example_python_operator.py
[2023-09-27T11:14:30.209+0000] {logging_mixin.py:151} INFO - [2023-09-27T11:14:30.209+0000] {example_python_operator.py:89} WARNING - The virtalenv_python example task requires virtualenv, please install it.
[2023-09-27T11:14:30.209+0000] {processor.py:839} INFO - DAG(s) dict_keys(['example_python_operator']) retrieved from /usr/local/lib/python3.10/dist-packages/airflow/example_dags/example_python_operator.py
[2023-09-27T11:14:30.227+0000] {logging_mixin.py:151} INFO - [2023-09-27T11:14:30.227+0000] {dag.py:2915} INFO - Sync 1 DAGs
[2023-09-27T11:14:30.238+0000] {logging_mixin.py:151} INFO - [2023-09-27T11:14:30.237+0000] {dag.py:3696} INFO - Setting next_dagrun for example_python_operator to None, run_after=None
[2023-09-27T11:14:30.259+0000] {processor.py:179} INFO - Processing /usr/local/lib/python3.10/dist-packages/airflow/example_dags/example_python_operator.py took 0.064 seconds
[2023-09-27T11:15:21.118+0000] {processor.py:157} INFO - Started process (PID=5257) to work on /usr/local/lib/python3.10/dist-packages/airflow/example_dags/example_python_operator.py
[2023-09-27T11:15:21.119+0000] {processor.py:829} INFO - Processing file /usr/local/lib/python3.10/dist-packages/airflow/example_dags/example_python_operator.py for tasks to queue
[2023-09-27T11:15:21.120+0000] {logging_mixin.py:151} INFO - [2023-09-27T11:15:21.120+0000] {dagbag.py:539} INFO - Filling up the DagBag from /usr/local/lib/python3.10/dist-packages/airflow/example_dags/example_python_operator.py
[2023-09-27T11:15:21.130+0000] {logging_mixin.py:151} INFO - [2023-09-27T11:15:21.130+0000] {example_python_operator.py:89} WARNING - The virtalenv_python example task requires virtualenv, please install it.
[2023-09-27T11:15:21.131+0000] {processor.py:839} INFO - DAG(s) dict_keys(['example_python_operator']) retrieved from /usr/local/lib/python3.10/dist-packages/airflow/example_dags/example_python_operator.py
[2023-09-27T11:15:21.150+0000] {logging_mixin.py:151} INFO - [2023-09-27T11:15:21.149+0000] {dag.py:2915} INFO - Sync 1 DAGs
[2023-09-27T11:15:21.162+0000] {logging_mixin.py:151} INFO - [2023-09-27T11:15:21.161+0000] {dag.py:3696} INFO - Setting next_dagrun for example_python_operator to None, run_after=None
[2023-09-27T11:15:21.186+0000] {processor.py:179} INFO - Processing /usr/local/lib/python3.10/dist-packages/airflow/example_dags/example_python_operator.py took 0.072 seconds
[2023-09-27T11:15:56.676+0000] {processor.py:157} INFO - Started process (PID=5294) to work on /usr/local/lib/python3.10/dist-packages/airflow/example_dags/example_python_operator.py
[2023-09-27T11:15:56.677+0000] {processor.py:829} INFO - Processing file /usr/local/lib/python3.10/dist-packages/airflow/example_dags/example_python_operator.py for tasks to queue
[2023-09-27T11:15:56.678+0000] {logging_mixin.py:151} INFO - [2023-09-27T11:15:56.677+0000] {dagbag.py:539} INFO - Filling up the DagBag from /usr/local/lib/python3.10/dist-packages/airflow/example_dags/example_python_operator.py
[2023-09-27T11:15:56.686+0000] {logging_mixin.py:151} INFO - [2023-09-27T11:15:56.686+0000] {example_python_operator.py:89} WARNING - The virtalenv_python example task requires virtualenv, please install it.
[2023-09-27T11:15:56.687+0000] {processor.py:839} INFO - DAG(s) dict_keys(['example_python_operator']) retrieved from /usr/local/lib/python3.10/dist-packages/airflow/example_dags/example_python_operator.py
[2023-09-27T11:15:56.706+0000] {logging_mixin.py:151} INFO - [2023-09-27T11:15:56.706+0000] {dag.py:2915} INFO - Sync 1 DAGs
[2023-09-27T11:15:56.718+0000] {logging_mixin.py:151} INFO - [2023-09-27T11:15:56.718+0000] {dag.py:3696} INFO - Setting next_dagrun for example_python_operator to None, run_after=None
[2023-09-27T11:15:56.739+0000] {processor.py:179} INFO - Processing /usr/local/lib/python3.10/dist-packages/airflow/example_dags/example_python_operator.py took 0.066 seconds
[2023-09-27T11:16:44.939+0000] {processor.py:157} INFO - Started process (PID=5345) to work on /usr/local/lib/python3.10/dist-packages/airflow/example_dags/example_python_operator.py
[2023-09-27T11:16:44.941+0000] {processor.py:829} INFO - Processing file /usr/local/lib/python3.10/dist-packages/airflow/example_dags/example_python_operator.py for tasks to queue
[2023-09-27T11:16:44.942+0000] {logging_mixin.py:151} INFO - [2023-09-27T11:16:44.941+0000] {dagbag.py:539} INFO - Filling up the DagBag from /usr/local/lib/python3.10/dist-packages/airflow/example_dags/example_python_operator.py
[2023-09-27T11:16:44.951+0000] {logging_mixin.py:151} INFO - [2023-09-27T11:16:44.951+0000] {example_python_operator.py:89} WARNING - The virtalenv_python example task requires virtualenv, please install it.
[2023-09-27T11:16:44.952+0000] {processor.py:839} INFO - DAG(s) dict_keys(['example_python_operator']) retrieved from /usr/local/lib/python3.10/dist-packages/airflow/example_dags/example_python_operator.py
[2023-09-27T11:16:44.974+0000] {logging_mixin.py:151} INFO - [2023-09-27T11:16:44.974+0000] {dag.py:2915} INFO - Sync 1 DAGs
[2023-09-27T11:16:44.989+0000] {logging_mixin.py:151} INFO - [2023-09-27T11:16:44.988+0000] {dag.py:3696} INFO - Setting next_dagrun for example_python_operator to None, run_after=None
[2023-09-27T11:16:45.013+0000] {processor.py:179} INFO - Processing /usr/local/lib/python3.10/dist-packages/airflow/example_dags/example_python_operator.py took 0.078 seconds
[2023-09-27T11:17:19.309+0000] {processor.py:157} INFO - Started process (PID=5385) to work on /usr/local/lib/python3.10/dist-packages/airflow/example_dags/example_python_operator.py
[2023-09-27T11:17:19.309+0000] {processor.py:829} INFO - Processing file /usr/local/lib/python3.10/dist-packages/airflow/example_dags/example_python_operator.py for tasks to queue
[2023-09-27T11:17:19.310+0000] {logging_mixin.py:151} INFO - [2023-09-27T11:17:19.310+0000] {dagbag.py:539} INFO - Filling up the DagBag from /usr/local/lib/python3.10/dist-packages/airflow/example_dags/example_python_operator.py
[2023-09-27T11:17:19.320+0000] {logging_mixin.py:151} INFO - [2023-09-27T11:17:19.320+0000] {example_python_operator.py:89} WARNING - The virtalenv_python example task requires virtualenv, please install it.
[2023-09-27T11:17:19.320+0000] {processor.py:839} INFO - DAG(s) dict_keys(['example_python_operator']) retrieved from /usr/local/lib/python3.10/dist-packages/airflow/example_dags/example_python_operator.py
[2023-09-27T11:17:19.340+0000] {logging_mixin.py:151} INFO - [2023-09-27T11:17:19.340+0000] {dag.py:2915} INFO - Sync 1 DAGs
[2023-09-27T11:17:19.352+0000] {logging_mixin.py:151} INFO - [2023-09-27T11:17:19.352+0000] {dag.py:3696} INFO - Setting next_dagrun for example_python_operator to None, run_after=None
[2023-09-27T11:17:19.374+0000] {processor.py:179} INFO - Processing /usr/local/lib/python3.10/dist-packages/airflow/example_dags/example_python_operator.py took 0.069 seconds
[2023-09-27T11:17:53.351+0000] {processor.py:157} INFO - Started process (PID=5423) to work on /usr/local/lib/python3.10/dist-packages/airflow/example_dags/example_python_operator.py
[2023-09-27T11:17:53.352+0000] {processor.py:829} INFO - Processing file /usr/local/lib/python3.10/dist-packages/airflow/example_dags/example_python_operator.py for tasks to queue
[2023-09-27T11:17:53.353+0000] {logging_mixin.py:151} INFO - [2023-09-27T11:17:53.353+0000] {dagbag.py:539} INFO - Filling up the DagBag from /usr/local/lib/python3.10/dist-packages/airflow/example_dags/example_python_operator.py
[2023-09-27T11:17:53.362+0000] {logging_mixin.py:151} INFO - [2023-09-27T11:17:53.362+0000] {example_python_operator.py:89} WARNING - The virtalenv_python example task requires virtualenv, please install it.
[2023-09-27T11:17:53.362+0000] {processor.py:839} INFO - DAG(s) dict_keys(['example_python_operator']) retrieved from /usr/local/lib/python3.10/dist-packages/airflow/example_dags/example_python_operator.py
[2023-09-27T11:17:53.381+0000] {logging_mixin.py:151} INFO - [2023-09-27T11:17:53.380+0000] {dag.py:2915} INFO - Sync 1 DAGs
[2023-09-27T11:17:53.401+0000] {logging_mixin.py:151} INFO - [2023-09-27T11:17:53.401+0000] {dag.py:3696} INFO - Setting next_dagrun for example_python_operator to None, run_after=None
[2023-09-27T11:17:53.434+0000] {processor.py:179} INFO - Processing /usr/local/lib/python3.10/dist-packages/airflow/example_dags/example_python_operator.py took 0.086 seconds
[2023-09-27T11:18:27.843+0000] {processor.py:157} INFO - Started process (PID=5459) to work on /usr/local/lib/python3.10/dist-packages/airflow/example_dags/example_python_operator.py
[2023-09-27T11:18:27.844+0000] {processor.py:829} INFO - Processing file /usr/local/lib/python3.10/dist-packages/airflow/example_dags/example_python_operator.py for tasks to queue
[2023-09-27T11:18:27.845+0000] {logging_mixin.py:151} INFO - [2023-09-27T11:18:27.844+0000] {dagbag.py:539} INFO - Filling up the DagBag from /usr/local/lib/python3.10/dist-packages/airflow/example_dags/example_python_operator.py
[2023-09-27T11:18:27.854+0000] {logging_mixin.py:151} INFO - [2023-09-27T11:18:27.854+0000] {example_python_operator.py:89} WARNING - The virtalenv_python example task requires virtualenv, please install it.
[2023-09-27T11:18:27.855+0000] {processor.py:839} INFO - DAG(s) dict_keys(['example_python_operator']) retrieved from /usr/local/lib/python3.10/dist-packages/airflow/example_dags/example_python_operator.py
[2023-09-27T11:18:27.874+0000] {logging_mixin.py:151} INFO - [2023-09-27T11:18:27.873+0000] {dag.py:2915} INFO - Sync 1 DAGs
[2023-09-27T11:18:27.885+0000] {logging_mixin.py:151} INFO - [2023-09-27T11:18:27.885+0000] {dag.py:3696} INFO - Setting next_dagrun for example_python_operator to None, run_after=None
[2023-09-27T11:18:27.907+0000] {processor.py:179} INFO - Processing /usr/local/lib/python3.10/dist-packages/airflow/example_dags/example_python_operator.py took 0.067 seconds
[2023-09-27T11:19:14.215+0000] {processor.py:157} INFO - Started process (PID=5507) to work on /usr/local/lib/python3.10/dist-packages/airflow/example_dags/example_python_operator.py
[2023-09-27T11:19:14.216+0000] {processor.py:829} INFO - Processing file /usr/local/lib/python3.10/dist-packages/airflow/example_dags/example_python_operator.py for tasks to queue
[2023-09-27T11:19:14.217+0000] {logging_mixin.py:151} INFO - [2023-09-27T11:19:14.217+0000] {dagbag.py:539} INFO - Filling up the DagBag from /usr/local/lib/python3.10/dist-packages/airflow/example_dags/example_python_operator.py
[2023-09-27T11:19:14.227+0000] {logging_mixin.py:151} INFO - [2023-09-27T11:19:14.226+0000] {example_python_operator.py:89} WARNING - The virtalenv_python example task requires virtualenv, please install it.
[2023-09-27T11:19:14.227+0000] {processor.py:839} INFO - DAG(s) dict_keys(['example_python_operator']) retrieved from /usr/local/lib/python3.10/dist-packages/airflow/example_dags/example_python_operator.py
[2023-09-27T11:19:14.256+0000] {logging_mixin.py:151} INFO - [2023-09-27T11:19:14.255+0000] {dag.py:2915} INFO - Sync 1 DAGs
[2023-09-27T11:19:14.271+0000] {logging_mixin.py:151} INFO - [2023-09-27T11:19:14.270+0000] {dag.py:3696} INFO - Setting next_dagrun for example_python_operator to None, run_after=None
[2023-09-27T11:19:14.295+0000] {processor.py:179} INFO - Processing /usr/local/lib/python3.10/dist-packages/airflow/example_dags/example_python_operator.py took 0.083 seconds
[2023-09-27T11:19:48.206+0000] {processor.py:157} INFO - Started process (PID=5543) to work on /usr/local/lib/python3.10/dist-packages/airflow/example_dags/example_python_operator.py
[2023-09-27T11:19:48.207+0000] {processor.py:829} INFO - Processing file /usr/local/lib/python3.10/dist-packages/airflow/example_dags/example_python_operator.py for tasks to queue
[2023-09-27T11:19:48.207+0000] {logging_mixin.py:151} INFO - [2023-09-27T11:19:48.207+0000] {dagbag.py:539} INFO - Filling up the DagBag from /usr/local/lib/python3.10/dist-packages/airflow/example_dags/example_python_operator.py
[2023-09-27T11:19:48.217+0000] {logging_mixin.py:151} INFO - [2023-09-27T11:19:48.217+0000] {example_python_operator.py:89} WARNING - The virtalenv_python example task requires virtualenv, please install it.
[2023-09-27T11:19:48.218+0000] {processor.py:839} INFO - DAG(s) dict_keys(['example_python_operator']) retrieved from /usr/local/lib/python3.10/dist-packages/airflow/example_dags/example_python_operator.py
[2023-09-27T11:19:48.239+0000] {logging_mixin.py:151} INFO - [2023-09-27T11:19:48.239+0000] {dag.py:2915} INFO - Sync 1 DAGs
[2023-09-27T11:19:48.255+0000] {logging_mixin.py:151} INFO - [2023-09-27T11:19:48.254+0000] {dag.py:3696} INFO - Setting next_dagrun for example_python_operator to None, run_after=None
[2023-09-27T11:19:48.287+0000] {processor.py:179} INFO - Processing /usr/local/lib/python3.10/dist-packages/airflow/example_dags/example_python_operator.py took 0.085 seconds
[2023-09-27T11:20:23.567+0000] {processor.py:157} INFO - Started process (PID=5581) to work on /usr/local/lib/python3.10/dist-packages/airflow/example_dags/example_python_operator.py
[2023-09-27T11:20:23.568+0000] {processor.py:829} INFO - Processing file /usr/local/lib/python3.10/dist-packages/airflow/example_dags/example_python_operator.py for tasks to queue
[2023-09-27T11:20:23.569+0000] {logging_mixin.py:151} INFO - [2023-09-27T11:20:23.569+0000] {dagbag.py:539} INFO - Filling up the DagBag from /usr/local/lib/python3.10/dist-packages/airflow/example_dags/example_python_operator.py
[2023-09-27T11:20:23.579+0000] {logging_mixin.py:151} INFO - [2023-09-27T11:20:23.579+0000] {example_python_operator.py:89} WARNING - The virtalenv_python example task requires virtualenv, please install it.
[2023-09-27T11:20:23.580+0000] {processor.py:839} INFO - DAG(s) dict_keys(['example_python_operator']) retrieved from /usr/local/lib/python3.10/dist-packages/airflow/example_dags/example_python_operator.py
[2023-09-27T11:20:23.598+0000] {logging_mixin.py:151} INFO - [2023-09-27T11:20:23.598+0000] {dag.py:2915} INFO - Sync 1 DAGs
[2023-09-27T11:20:23.611+0000] {logging_mixin.py:151} INFO - [2023-09-27T11:20:23.611+0000] {dag.py:3696} INFO - Setting next_dagrun for example_python_operator to None, run_after=None
[2023-09-27T11:20:23.634+0000] {processor.py:179} INFO - Processing /usr/local/lib/python3.10/dist-packages/airflow/example_dags/example_python_operator.py took 0.072 seconds
[2023-09-27T11:20:58.097+0000] {processor.py:157} INFO - Started process (PID=5618) to work on /usr/local/lib/python3.10/dist-packages/airflow/example_dags/example_python_operator.py
[2023-09-27T11:20:58.098+0000] {processor.py:829} INFO - Processing file /usr/local/lib/python3.10/dist-packages/airflow/example_dags/example_python_operator.py for tasks to queue
[2023-09-27T11:20:58.100+0000] {logging_mixin.py:151} INFO - [2023-09-27T11:20:58.099+0000] {dagbag.py:539} INFO - Filling up the DagBag from /usr/local/lib/python3.10/dist-packages/airflow/example_dags/example_python_operator.py
[2023-09-27T11:20:58.108+0000] {logging_mixin.py:151} INFO - [2023-09-27T11:20:58.108+0000] {example_python_operator.py:89} WARNING - The virtalenv_python example task requires virtualenv, please install it.
[2023-09-27T11:20:58.108+0000] {processor.py:839} INFO - DAG(s) dict_keys(['example_python_operator']) retrieved from /usr/local/lib/python3.10/dist-packages/airflow/example_dags/example_python_operator.py
[2023-09-27T11:20:58.129+0000] {logging_mixin.py:151} INFO - [2023-09-27T11:20:58.128+0000] {dag.py:2915} INFO - Sync 1 DAGs
[2023-09-27T11:20:58.146+0000] {logging_mixin.py:151} INFO - [2023-09-27T11:20:58.146+0000] {dag.py:3696} INFO - Setting next_dagrun for example_python_operator to None, run_after=None
[2023-09-27T11:20:58.171+0000] {processor.py:179} INFO - Processing /usr/local/lib/python3.10/dist-packages/airflow/example_dags/example_python_operator.py took 0.078 seconds
[2023-09-27T11:21:32.415+0000] {processor.py:157} INFO - Started process (PID=5655) to work on /usr/local/lib/python3.10/dist-packages/airflow/example_dags/example_python_operator.py
[2023-09-27T11:21:32.416+0000] {processor.py:829} INFO - Processing file /usr/local/lib/python3.10/dist-packages/airflow/example_dags/example_python_operator.py for tasks to queue
[2023-09-27T11:21:32.417+0000] {logging_mixin.py:151} INFO - [2023-09-27T11:21:32.417+0000] {dagbag.py:539} INFO - Filling up the DagBag from /usr/local/lib/python3.10/dist-packages/airflow/example_dags/example_python_operator.py
[2023-09-27T11:21:32.427+0000] {logging_mixin.py:151} INFO - [2023-09-27T11:21:32.427+0000] {example_python_operator.py:89} WARNING - The virtalenv_python example task requires virtualenv, please install it.
[2023-09-27T11:21:32.427+0000] {processor.py:839} INFO - DAG(s) dict_keys(['example_python_operator']) retrieved from /usr/local/lib/python3.10/dist-packages/airflow/example_dags/example_python_operator.py
[2023-09-27T11:21:32.446+0000] {logging_mixin.py:151} INFO - [2023-09-27T11:21:32.445+0000] {dag.py:2915} INFO - Sync 1 DAGs
[2023-09-27T11:21:32.458+0000] {logging_mixin.py:151} INFO - [2023-09-27T11:21:32.457+0000] {dag.py:3696} INFO - Setting next_dagrun for example_python_operator to None, run_after=None
[2023-09-27T11:21:32.480+0000] {processor.py:179} INFO - Processing /usr/local/lib/python3.10/dist-packages/airflow/example_dags/example_python_operator.py took 0.069 seconds
[2023-09-27T11:22:07.251+0000] {processor.py:157} INFO - Started process (PID=5692) to work on /usr/local/lib/python3.10/dist-packages/airflow/example_dags/example_python_operator.py
[2023-09-27T11:22:07.252+0000] {processor.py:829} INFO - Processing file /usr/local/lib/python3.10/dist-packages/airflow/example_dags/example_python_operator.py for tasks to queue
[2023-09-27T11:22:07.253+0000] {logging_mixin.py:151} INFO - [2023-09-27T11:22:07.252+0000] {dagbag.py:539} INFO - Filling up the DagBag from /usr/local/lib/python3.10/dist-packages/airflow/example_dags/example_python_operator.py
[2023-09-27T11:22:07.261+0000] {logging_mixin.py:151} INFO - [2023-09-27T11:22:07.260+0000] {example_python_operator.py:89} WARNING - The virtalenv_python example task requires virtualenv, please install it.
[2023-09-27T11:22:07.261+0000] {processor.py:839} INFO - DAG(s) dict_keys(['example_python_operator']) retrieved from /usr/local/lib/python3.10/dist-packages/airflow/example_dags/example_python_operator.py
[2023-09-27T11:22:07.278+0000] {logging_mixin.py:151} INFO - [2023-09-27T11:22:07.277+0000] {dag.py:2915} INFO - Sync 1 DAGs
[2023-09-27T11:22:07.288+0000] {logging_mixin.py:151} INFO - [2023-09-27T11:22:07.288+0000] {dag.py:3696} INFO - Setting next_dagrun for example_python_operator to None, run_after=None
[2023-09-27T11:22:07.310+0000] {processor.py:179} INFO - Processing /usr/local/lib/python3.10/dist-packages/airflow/example_dags/example_python_operator.py took 0.062 seconds
[2023-09-27T11:22:55.340+0000] {processor.py:157} INFO - Started process (PID=5744) to work on /usr/local/lib/python3.10/dist-packages/airflow/example_dags/example_python_operator.py
[2023-09-27T11:22:55.345+0000] {processor.py:829} INFO - Processing file /usr/local/lib/python3.10/dist-packages/airflow/example_dags/example_python_operator.py for tasks to queue
[2023-09-27T11:22:55.346+0000] {logging_mixin.py:151} INFO - [2023-09-27T11:22:55.345+0000] {dagbag.py:539} INFO - Filling up the DagBag from /usr/local/lib/python3.10/dist-packages/airflow/example_dags/example_python_operator.py
[2023-09-27T11:22:55.356+0000] {logging_mixin.py:151} INFO - [2023-09-27T11:22:55.355+0000] {example_python_operator.py:89} WARNING - The virtalenv_python example task requires virtualenv, please install it.
[2023-09-27T11:22:55.356+0000] {processor.py:839} INFO - DAG(s) dict_keys(['example_python_operator']) retrieved from /usr/local/lib/python3.10/dist-packages/airflow/example_dags/example_python_operator.py
[2023-09-27T11:22:55.375+0000] {logging_mixin.py:151} INFO - [2023-09-27T11:22:55.374+0000] {dag.py:2915} INFO - Sync 1 DAGs
[2023-09-27T11:22:55.387+0000] {logging_mixin.py:151} INFO - [2023-09-27T11:22:55.386+0000] {dag.py:3696} INFO - Setting next_dagrun for example_python_operator to None, run_after=None
[2023-09-27T11:22:55.411+0000] {processor.py:179} INFO - Processing /usr/local/lib/python3.10/dist-packages/airflow/example_dags/example_python_operator.py took 0.078 seconds
[2023-09-27T11:23:30.801+0000] {processor.py:157} INFO - Started process (PID=5780) to work on /usr/local/lib/python3.10/dist-packages/airflow/example_dags/example_python_operator.py
[2023-09-27T11:23:30.802+0000] {processor.py:829} INFO - Processing file /usr/local/lib/python3.10/dist-packages/airflow/example_dags/example_python_operator.py for tasks to queue
[2023-09-27T11:23:30.803+0000] {logging_mixin.py:151} INFO - [2023-09-27T11:23:30.803+0000] {dagbag.py:539} INFO - Filling up the DagBag from /usr/local/lib/python3.10/dist-packages/airflow/example_dags/example_python_operator.py
[2023-09-27T11:23:30.813+0000] {logging_mixin.py:151} INFO - [2023-09-27T11:23:30.813+0000] {example_python_operator.py:89} WARNING - The virtalenv_python example task requires virtualenv, please install it.
[2023-09-27T11:23:30.813+0000] {processor.py:839} INFO - DAG(s) dict_keys(['example_python_operator']) retrieved from /usr/local/lib/python3.10/dist-packages/airflow/example_dags/example_python_operator.py
[2023-09-27T11:23:30.830+0000] {logging_mixin.py:151} INFO - [2023-09-27T11:23:30.830+0000] {dag.py:2915} INFO - Sync 1 DAGs
[2023-09-27T11:23:30.842+0000] {logging_mixin.py:151} INFO - [2023-09-27T11:23:30.842+0000] {dag.py:3696} INFO - Setting next_dagrun for example_python_operator to None, run_after=None
[2023-09-27T11:23:30.870+0000] {processor.py:179} INFO - Processing /usr/local/lib/python3.10/dist-packages/airflow/example_dags/example_python_operator.py took 0.072 seconds
[2023-09-27T11:24:04.747+0000] {processor.py:157} INFO - Started process (PID=5815) to work on /usr/local/lib/python3.10/dist-packages/airflow/example_dags/example_python_operator.py
[2023-09-27T11:24:04.748+0000] {processor.py:829} INFO - Processing file /usr/local/lib/python3.10/dist-packages/airflow/example_dags/example_python_operator.py for tasks to queue
[2023-09-27T11:24:04.749+0000] {logging_mixin.py:151} INFO - [2023-09-27T11:24:04.749+0000] {dagbag.py:539} INFO - Filling up the DagBag from /usr/local/lib/python3.10/dist-packages/airflow/example_dags/example_python_operator.py
[2023-09-27T11:24:04.759+0000] {logging_mixin.py:151} INFO - [2023-09-27T11:24:04.759+0000] {example_python_operator.py:89} WARNING - The virtalenv_python example task requires virtualenv, please install it.
[2023-09-27T11:24:04.759+0000] {processor.py:839} INFO - DAG(s) dict_keys(['example_python_operator']) retrieved from /usr/local/lib/python3.10/dist-packages/airflow/example_dags/example_python_operator.py
[2023-09-27T11:24:04.777+0000] {logging_mixin.py:151} INFO - [2023-09-27T11:24:04.777+0000] {dag.py:2915} INFO - Sync 1 DAGs
[2023-09-27T11:24:04.788+0000] {logging_mixin.py:151} INFO - [2023-09-27T11:24:04.788+0000] {dag.py:3696} INFO - Setting next_dagrun for example_python_operator to None, run_after=None
[2023-09-27T11:24:04.813+0000] {processor.py:179} INFO - Processing /usr/local/lib/python3.10/dist-packages/airflow/example_dags/example_python_operator.py took 0.069 seconds
[2023-09-27T11:24:55.062+0000] {processor.py:157} INFO - Started process (PID=5867) to work on /usr/local/lib/python3.10/dist-packages/airflow/example_dags/example_python_operator.py
[2023-09-27T11:24:55.064+0000] {processor.py:829} INFO - Processing file /usr/local/lib/python3.10/dist-packages/airflow/example_dags/example_python_operator.py for tasks to queue
[2023-09-27T11:24:55.065+0000] {logging_mixin.py:151} INFO - [2023-09-27T11:24:55.065+0000] {dagbag.py:539} INFO - Filling up the DagBag from /usr/local/lib/python3.10/dist-packages/airflow/example_dags/example_python_operator.py
[2023-09-27T11:24:55.075+0000] {logging_mixin.py:151} INFO - [2023-09-27T11:24:55.075+0000] {example_python_operator.py:89} WARNING - The virtalenv_python example task requires virtualenv, please install it.
[2023-09-27T11:24:55.076+0000] {processor.py:839} INFO - DAG(s) dict_keys(['example_python_operator']) retrieved from /usr/local/lib/python3.10/dist-packages/airflow/example_dags/example_python_operator.py
[2023-09-27T11:24:55.095+0000] {logging_mixin.py:151} INFO - [2023-09-27T11:24:55.095+0000] {dag.py:2915} INFO - Sync 1 DAGs
[2023-09-27T11:24:55.109+0000] {logging_mixin.py:151} INFO - [2023-09-27T11:24:55.109+0000] {dag.py:3696} INFO - Setting next_dagrun for example_python_operator to None, run_after=None
[2023-09-27T11:24:55.140+0000] {processor.py:179} INFO - Processing /usr/local/lib/python3.10/dist-packages/airflow/example_dags/example_python_operator.py took 0.082 seconds
[2023-09-27T11:25:31.342+0000] {processor.py:157} INFO - Started process (PID=5903) to work on /usr/local/lib/python3.10/dist-packages/airflow/example_dags/example_python_operator.py
[2023-09-27T11:25:31.343+0000] {processor.py:829} INFO - Processing file /usr/local/lib/python3.10/dist-packages/airflow/example_dags/example_python_operator.py for tasks to queue
[2023-09-27T11:25:31.344+0000] {logging_mixin.py:151} INFO - [2023-09-27T11:25:31.344+0000] {dagbag.py:539} INFO - Filling up the DagBag from /usr/local/lib/python3.10/dist-packages/airflow/example_dags/example_python_operator.py
[2023-09-27T11:25:31.358+0000] {logging_mixin.py:151} INFO - [2023-09-27T11:25:31.357+0000] {example_python_operator.py:89} WARNING - The virtalenv_python example task requires virtualenv, please install it.
[2023-09-27T11:25:31.358+0000] {processor.py:839} INFO - DAG(s) dict_keys(['example_python_operator']) retrieved from /usr/local/lib/python3.10/dist-packages/airflow/example_dags/example_python_operator.py
[2023-09-27T11:25:31.377+0000] {logging_mixin.py:151} INFO - [2023-09-27T11:25:31.377+0000] {dag.py:2915} INFO - Sync 1 DAGs
[2023-09-27T11:25:31.390+0000] {logging_mixin.py:151} INFO - [2023-09-27T11:25:31.389+0000] {dag.py:3696} INFO - Setting next_dagrun for example_python_operator to None, run_after=None
[2023-09-27T11:25:31.414+0000] {processor.py:179} INFO - Processing /usr/local/lib/python3.10/dist-packages/airflow/example_dags/example_python_operator.py took 0.077 seconds
[2023-09-27T11:26:08.013+0000] {processor.py:157} INFO - Started process (PID=5942) to work on /usr/local/lib/python3.10/dist-packages/airflow/example_dags/example_python_operator.py
[2023-09-27T11:26:08.015+0000] {processor.py:829} INFO - Processing file /usr/local/lib/python3.10/dist-packages/airflow/example_dags/example_python_operator.py for tasks to queue
[2023-09-27T11:26:08.016+0000] {logging_mixin.py:151} INFO - [2023-09-27T11:26:08.015+0000] {dagbag.py:539} INFO - Filling up the DagBag from /usr/local/lib/python3.10/dist-packages/airflow/example_dags/example_python_operator.py
[2023-09-27T11:26:08.024+0000] {logging_mixin.py:151} INFO - [2023-09-27T11:26:08.024+0000] {example_python_operator.py:89} WARNING - The virtalenv_python example task requires virtualenv, please install it.
[2023-09-27T11:26:08.025+0000] {processor.py:839} INFO - DAG(s) dict_keys(['example_python_operator']) retrieved from /usr/local/lib/python3.10/dist-packages/airflow/example_dags/example_python_operator.py
[2023-09-27T11:26:08.043+0000] {logging_mixin.py:151} INFO - [2023-09-27T11:26:08.043+0000] {dag.py:2915} INFO - Sync 1 DAGs
[2023-09-27T11:26:08.055+0000] {logging_mixin.py:151} INFO - [2023-09-27T11:26:08.055+0000] {dag.py:3696} INFO - Setting next_dagrun for example_python_operator to None, run_after=None
[2023-09-27T11:26:08.081+0000] {processor.py:179} INFO - Processing /usr/local/lib/python3.10/dist-packages/airflow/example_dags/example_python_operator.py took 0.071 seconds
[2023-09-27T11:26:44.111+0000] {processor.py:157} INFO - Started process (PID=5981) to work on /usr/local/lib/python3.10/dist-packages/airflow/example_dags/example_python_operator.py
[2023-09-27T11:26:44.112+0000] {processor.py:829} INFO - Processing file /usr/local/lib/python3.10/dist-packages/airflow/example_dags/example_python_operator.py for tasks to queue
[2023-09-27T11:26:44.113+0000] {logging_mixin.py:151} INFO - [2023-09-27T11:26:44.112+0000] {dagbag.py:539} INFO - Filling up the DagBag from /usr/local/lib/python3.10/dist-packages/airflow/example_dags/example_python_operator.py
[2023-09-27T11:26:44.122+0000] {logging_mixin.py:151} INFO - [2023-09-27T11:26:44.122+0000] {example_python_operator.py:89} WARNING - The virtalenv_python example task requires virtualenv, please install it.
[2023-09-27T11:26:44.122+0000] {processor.py:839} INFO - DAG(s) dict_keys(['example_python_operator']) retrieved from /usr/local/lib/python3.10/dist-packages/airflow/example_dags/example_python_operator.py
[2023-09-27T11:26:44.147+0000] {logging_mixin.py:151} INFO - [2023-09-27T11:26:44.146+0000] {dag.py:2915} INFO - Sync 1 DAGs
[2023-09-27T11:26:44.161+0000] {logging_mixin.py:151} INFO - [2023-09-27T11:26:44.161+0000] {dag.py:3696} INFO - Setting next_dagrun for example_python_operator to None, run_after=None
[2023-09-27T11:26:44.183+0000] {processor.py:179} INFO - Processing /usr/local/lib/python3.10/dist-packages/airflow/example_dags/example_python_operator.py took 0.076 seconds
[2023-09-27T11:27:30.604+0000] {processor.py:157} INFO - Started process (PID=6034) to work on /usr/local/lib/python3.10/dist-packages/airflow/example_dags/example_python_operator.py
[2023-09-27T11:27:30.605+0000] {processor.py:829} INFO - Processing file /usr/local/lib/python3.10/dist-packages/airflow/example_dags/example_python_operator.py for tasks to queue
[2023-09-27T11:27:30.606+0000] {logging_mixin.py:151} INFO - [2023-09-27T11:27:30.606+0000] {dagbag.py:539} INFO - Filling up the DagBag from /usr/local/lib/python3.10/dist-packages/airflow/example_dags/example_python_operator.py
[2023-09-27T11:27:30.614+0000] {logging_mixin.py:151} INFO - [2023-09-27T11:27:30.614+0000] {example_python_operator.py:89} WARNING - The virtalenv_python example task requires virtualenv, please install it.
[2023-09-27T11:27:30.614+0000] {processor.py:839} INFO - DAG(s) dict_keys(['example_python_operator']) retrieved from /usr/local/lib/python3.10/dist-packages/airflow/example_dags/example_python_operator.py
[2023-09-27T11:27:30.631+0000] {logging_mixin.py:151} INFO - [2023-09-27T11:27:30.631+0000] {dag.py:2915} INFO - Sync 1 DAGs
[2023-09-27T11:27:30.642+0000] {logging_mixin.py:151} INFO - [2023-09-27T11:27:30.642+0000] {dag.py:3696} INFO - Setting next_dagrun for example_python_operator to None, run_after=None
[2023-09-27T11:27:30.667+0000] {processor.py:179} INFO - Processing /usr/local/lib/python3.10/dist-packages/airflow/example_dags/example_python_operator.py took 0.066 seconds
[2023-09-27T11:28:19.306+0000] {processor.py:157} INFO - Started process (PID=6087) to work on /usr/local/lib/python3.10/dist-packages/airflow/example_dags/example_python_operator.py
[2023-09-27T11:28:19.307+0000] {processor.py:829} INFO - Processing file /usr/local/lib/python3.10/dist-packages/airflow/example_dags/example_python_operator.py for tasks to queue
[2023-09-27T11:28:19.308+0000] {logging_mixin.py:151} INFO - [2023-09-27T11:28:19.307+0000] {dagbag.py:539} INFO - Filling up the DagBag from /usr/local/lib/python3.10/dist-packages/airflow/example_dags/example_python_operator.py
[2023-09-27T11:28:19.317+0000] {logging_mixin.py:151} INFO - [2023-09-27T11:28:19.317+0000] {example_python_operator.py:89} WARNING - The virtalenv_python example task requires virtualenv, please install it.
[2023-09-27T11:28:19.318+0000] {processor.py:839} INFO - DAG(s) dict_keys(['example_python_operator']) retrieved from /usr/local/lib/python3.10/dist-packages/airflow/example_dags/example_python_operator.py
[2023-09-27T11:28:19.340+0000] {logging_mixin.py:151} INFO - [2023-09-27T11:28:19.340+0000] {dag.py:2915} INFO - Sync 1 DAGs
[2023-09-27T11:28:19.351+0000] {logging_mixin.py:151} INFO - [2023-09-27T11:28:19.351+0000] {dag.py:3696} INFO - Setting next_dagrun for example_python_operator to None, run_after=None
[2023-09-27T11:28:19.376+0000] {processor.py:179} INFO - Processing /usr/local/lib/python3.10/dist-packages/airflow/example_dags/example_python_operator.py took 0.075 seconds
[2023-09-27T11:29:08.051+0000] {processor.py:157} INFO - Started process (PID=6140) to work on /usr/local/lib/python3.10/dist-packages/airflow/example_dags/example_python_operator.py
[2023-09-27T11:29:08.052+0000] {processor.py:829} INFO - Processing file /usr/local/lib/python3.10/dist-packages/airflow/example_dags/example_python_operator.py for tasks to queue
[2023-09-27T11:29:08.053+0000] {logging_mixin.py:151} INFO - [2023-09-27T11:29:08.053+0000] {dagbag.py:539} INFO - Filling up the DagBag from /usr/local/lib/python3.10/dist-packages/airflow/example_dags/example_python_operator.py
[2023-09-27T11:29:08.061+0000] {logging_mixin.py:151} INFO - [2023-09-27T11:29:08.061+0000] {example_python_operator.py:89} WARNING - The virtalenv_python example task requires virtualenv, please install it.
[2023-09-27T11:29:08.062+0000] {processor.py:839} INFO - DAG(s) dict_keys(['example_python_operator']) retrieved from /usr/local/lib/python3.10/dist-packages/airflow/example_dags/example_python_operator.py
[2023-09-27T11:29:08.080+0000] {logging_mixin.py:151} INFO - [2023-09-27T11:29:08.079+0000] {dag.py:2915} INFO - Sync 1 DAGs
[2023-09-27T11:29:08.090+0000] {logging_mixin.py:151} INFO - [2023-09-27T11:29:08.090+0000] {dag.py:3696} INFO - Setting next_dagrun for example_python_operator to None, run_after=None
[2023-09-27T11:29:08.119+0000] {processor.py:179} INFO - Processing /usr/local/lib/python3.10/dist-packages/airflow/example_dags/example_python_operator.py took 0.071 seconds
[2023-09-27T11:29:43.003+0000] {processor.py:157} INFO - Started process (PID=6178) to work on /usr/local/lib/python3.10/dist-packages/airflow/example_dags/example_python_operator.py
[2023-09-27T11:29:43.007+0000] {processor.py:829} INFO - Processing file /usr/local/lib/python3.10/dist-packages/airflow/example_dags/example_python_operator.py for tasks to queue
[2023-09-27T11:29:43.009+0000] {logging_mixin.py:151} INFO - [2023-09-27T11:29:43.009+0000] {dagbag.py:539} INFO - Filling up the DagBag from /usr/local/lib/python3.10/dist-packages/airflow/example_dags/example_python_operator.py
[2023-09-27T11:29:43.027+0000] {logging_mixin.py:151} INFO - [2023-09-27T11:29:43.027+0000] {example_python_operator.py:89} WARNING - The virtalenv_python example task requires virtualenv, please install it.
[2023-09-27T11:29:43.028+0000] {processor.py:839} INFO - DAG(s) dict_keys(['example_python_operator']) retrieved from /usr/local/lib/python3.10/dist-packages/airflow/example_dags/example_python_operator.py
[2023-09-27T11:29:43.048+0000] {logging_mixin.py:151} INFO - [2023-09-27T11:29:43.048+0000] {dag.py:2915} INFO - Sync 1 DAGs
[2023-09-27T11:29:43.059+0000] {logging_mixin.py:151} INFO - [2023-09-27T11:29:43.059+0000] {dag.py:3696} INFO - Setting next_dagrun for example_python_operator to None, run_after=None
[2023-09-27T11:29:43.079+0000] {processor.py:179} INFO - Processing /usr/local/lib/python3.10/dist-packages/airflow/example_dags/example_python_operator.py took 0.086 seconds
[2023-09-27T11:30:17.015+0000] {processor.py:157} INFO - Started process (PID=6213) to work on /usr/local/lib/python3.10/dist-packages/airflow/example_dags/example_python_operator.py
[2023-09-27T11:30:17.016+0000] {processor.py:829} INFO - Processing file /usr/local/lib/python3.10/dist-packages/airflow/example_dags/example_python_operator.py for tasks to queue
[2023-09-27T11:30:17.017+0000] {logging_mixin.py:151} INFO - [2023-09-27T11:30:17.016+0000] {dagbag.py:539} INFO - Filling up the DagBag from /usr/local/lib/python3.10/dist-packages/airflow/example_dags/example_python_operator.py
[2023-09-27T11:30:17.027+0000] {logging_mixin.py:151} INFO - [2023-09-27T11:30:17.027+0000] {example_python_operator.py:89} WARNING - The virtalenv_python example task requires virtualenv, please install it.
[2023-09-27T11:30:17.027+0000] {processor.py:839} INFO - DAG(s) dict_keys(['example_python_operator']) retrieved from /usr/local/lib/python3.10/dist-packages/airflow/example_dags/example_python_operator.py
[2023-09-27T11:30:17.050+0000] {logging_mixin.py:151} INFO - [2023-09-27T11:30:17.050+0000] {dag.py:2915} INFO - Sync 1 DAGs
[2023-09-27T11:30:17.062+0000] {logging_mixin.py:151} INFO - [2023-09-27T11:30:17.062+0000] {dag.py:3696} INFO - Setting next_dagrun for example_python_operator to None, run_after=None
[2023-09-27T11:30:17.086+0000] {processor.py:179} INFO - Processing /usr/local/lib/python3.10/dist-packages/airflow/example_dags/example_python_operator.py took 0.075 seconds
[2023-09-27T11:31:06.943+0000] {processor.py:157} INFO - Started process (PID=6264) to work on /usr/local/lib/python3.10/dist-packages/airflow/example_dags/example_python_operator.py
[2023-09-27T11:31:06.945+0000] {processor.py:829} INFO - Processing file /usr/local/lib/python3.10/dist-packages/airflow/example_dags/example_python_operator.py for tasks to queue
[2023-09-27T11:31:06.946+0000] {logging_mixin.py:151} INFO - [2023-09-27T11:31:06.945+0000] {dagbag.py:539} INFO - Filling up the DagBag from /usr/local/lib/python3.10/dist-packages/airflow/example_dags/example_python_operator.py
[2023-09-27T11:31:06.955+0000] {logging_mixin.py:151} INFO - [2023-09-27T11:31:06.955+0000] {example_python_operator.py:89} WARNING - The virtalenv_python example task requires virtualenv, please install it.
[2023-09-27T11:31:06.955+0000] {processor.py:839} INFO - DAG(s) dict_keys(['example_python_operator']) retrieved from /usr/local/lib/python3.10/dist-packages/airflow/example_dags/example_python_operator.py
[2023-09-27T11:31:06.984+0000] {logging_mixin.py:151} INFO - [2023-09-27T11:31:06.983+0000] {dag.py:2915} INFO - Sync 1 DAGs
[2023-09-27T11:31:06.999+0000] {logging_mixin.py:151} INFO - [2023-09-27T11:31:06.999+0000] {dag.py:3696} INFO - Setting next_dagrun for example_python_operator to None, run_after=None
[2023-09-27T11:31:07.027+0000] {processor.py:179} INFO - Processing /usr/local/lib/python3.10/dist-packages/airflow/example_dags/example_python_operator.py took 0.087 seconds
[2023-09-27T11:31:53.086+0000] {processor.py:157} INFO - Started process (PID=6319) to work on /usr/local/lib/python3.10/dist-packages/airflow/example_dags/example_python_operator.py
[2023-09-27T11:31:53.087+0000] {processor.py:829} INFO - Processing file /usr/local/lib/python3.10/dist-packages/airflow/example_dags/example_python_operator.py for tasks to queue
[2023-09-27T11:31:53.088+0000] {logging_mixin.py:151} INFO - [2023-09-27T11:31:53.087+0000] {dagbag.py:539} INFO - Filling up the DagBag from /usr/local/lib/python3.10/dist-packages/airflow/example_dags/example_python_operator.py
[2023-09-27T11:31:53.096+0000] {logging_mixin.py:151} INFO - [2023-09-27T11:31:53.096+0000] {example_python_operator.py:89} WARNING - The virtalenv_python example task requires virtualenv, please install it.
[2023-09-27T11:31:53.097+0000] {processor.py:839} INFO - DAG(s) dict_keys(['example_python_operator']) retrieved from /usr/local/lib/python3.10/dist-packages/airflow/example_dags/example_python_operator.py
[2023-09-27T11:31:53.115+0000] {logging_mixin.py:151} INFO - [2023-09-27T11:31:53.115+0000] {dag.py:2915} INFO - Sync 1 DAGs
[2023-09-27T11:31:53.129+0000] {logging_mixin.py:151} INFO - [2023-09-27T11:31:53.129+0000] {dag.py:3696} INFO - Setting next_dagrun for example_python_operator to None, run_after=None
[2023-09-27T11:31:53.155+0000] {processor.py:179} INFO - Processing /usr/local/lib/python3.10/dist-packages/airflow/example_dags/example_python_operator.py took 0.072 seconds
[2023-09-27T11:32:37.763+0000] {processor.py:157} INFO - Started process (PID=6366) to work on /usr/local/lib/python3.10/dist-packages/airflow/example_dags/example_python_operator.py
[2023-09-27T11:32:37.764+0000] {processor.py:829} INFO - Processing file /usr/local/lib/python3.10/dist-packages/airflow/example_dags/example_python_operator.py for tasks to queue
[2023-09-27T11:32:37.765+0000] {logging_mixin.py:151} INFO - [2023-09-27T11:32:37.764+0000] {dagbag.py:539} INFO - Filling up the DagBag from /usr/local/lib/python3.10/dist-packages/airflow/example_dags/example_python_operator.py
[2023-09-27T11:32:37.773+0000] {logging_mixin.py:151} INFO - [2023-09-27T11:32:37.773+0000] {example_python_operator.py:89} WARNING - The virtalenv_python example task requires virtualenv, please install it.
[2023-09-27T11:32:37.774+0000] {processor.py:839} INFO - DAG(s) dict_keys(['example_python_operator']) retrieved from /usr/local/lib/python3.10/dist-packages/airflow/example_dags/example_python_operator.py
[2023-09-27T11:32:37.797+0000] {logging_mixin.py:151} INFO - [2023-09-27T11:32:37.796+0000] {dag.py:2915} INFO - Sync 1 DAGs
[2023-09-27T11:32:37.811+0000] {logging_mixin.py:151} INFO - [2023-09-27T11:32:37.811+0000] {dag.py:3696} INFO - Setting next_dagrun for example_python_operator to None, run_after=None
[2023-09-27T11:32:37.834+0000] {processor.py:179} INFO - Processing /usr/local/lib/python3.10/dist-packages/airflow/example_dags/example_python_operator.py took 0.074 seconds
[2023-09-27T11:33:26.588+0000] {processor.py:157} INFO - Started process (PID=6418) to work on /usr/local/lib/python3.10/dist-packages/airflow/example_dags/example_python_operator.py
[2023-09-27T11:33:26.590+0000] {processor.py:829} INFO - Processing file /usr/local/lib/python3.10/dist-packages/airflow/example_dags/example_python_operator.py for tasks to queue
[2023-09-27T11:33:26.591+0000] {logging_mixin.py:151} INFO - [2023-09-27T11:33:26.591+0000] {dagbag.py:539} INFO - Filling up the DagBag from /usr/local/lib/python3.10/dist-packages/airflow/example_dags/example_python_operator.py
[2023-09-27T11:33:26.601+0000] {logging_mixin.py:151} INFO - [2023-09-27T11:33:26.601+0000] {example_python_operator.py:89} WARNING - The virtalenv_python example task requires virtualenv, please install it.
[2023-09-27T11:33:26.601+0000] {processor.py:839} INFO - DAG(s) dict_keys(['example_python_operator']) retrieved from /usr/local/lib/python3.10/dist-packages/airflow/example_dags/example_python_operator.py
[2023-09-27T11:33:26.618+0000] {logging_mixin.py:151} INFO - [2023-09-27T11:33:26.618+0000] {dag.py:2915} INFO - Sync 1 DAGs
[2023-09-27T11:33:26.629+0000] {logging_mixin.py:151} INFO - [2023-09-27T11:33:26.629+0000] {dag.py:3696} INFO - Setting next_dagrun for example_python_operator to None, run_after=None
[2023-09-27T11:33:26.653+0000] {processor.py:179} INFO - Processing /usr/local/lib/python3.10/dist-packages/airflow/example_dags/example_python_operator.py took 0.069 seconds
[2023-09-27T11:34:15.998+0000] {processor.py:157} INFO - Started process (PID=6470) to work on /usr/local/lib/python3.10/dist-packages/airflow/example_dags/example_python_operator.py
[2023-09-27T11:34:15.999+0000] {processor.py:829} INFO - Processing file /usr/local/lib/python3.10/dist-packages/airflow/example_dags/example_python_operator.py for tasks to queue
[2023-09-27T11:34:16.000+0000] {logging_mixin.py:151} INFO - [2023-09-27T11:34:16.000+0000] {dagbag.py:539} INFO - Filling up the DagBag from /usr/local/lib/python3.10/dist-packages/airflow/example_dags/example_python_operator.py
[2023-09-27T11:34:16.009+0000] {logging_mixin.py:151} INFO - [2023-09-27T11:34:16.009+0000] {example_python_operator.py:89} WARNING - The virtalenv_python example task requires virtualenv, please install it.
[2023-09-27T11:34:16.010+0000] {processor.py:839} INFO - DAG(s) dict_keys(['example_python_operator']) retrieved from /usr/local/lib/python3.10/dist-packages/airflow/example_dags/example_python_operator.py
[2023-09-27T11:34:16.030+0000] {logging_mixin.py:151} INFO - [2023-09-27T11:34:16.029+0000] {dag.py:2915} INFO - Sync 1 DAGs
[2023-09-27T11:34:16.045+0000] {logging_mixin.py:151} INFO - [2023-09-27T11:34:16.045+0000] {dag.py:3696} INFO - Setting next_dagrun for example_python_operator to None, run_after=None
[2023-09-27T11:34:16.068+0000] {processor.py:179} INFO - Processing /usr/local/lib/python3.10/dist-packages/airflow/example_dags/example_python_operator.py took 0.073 seconds
[2023-09-27T11:35:04.751+0000] {processor.py:157} INFO - Started process (PID=6523) to work on /usr/local/lib/python3.10/dist-packages/airflow/example_dags/example_python_operator.py
[2023-09-27T11:35:04.753+0000] {processor.py:829} INFO - Processing file /usr/local/lib/python3.10/dist-packages/airflow/example_dags/example_python_operator.py for tasks to queue
[2023-09-27T11:35:04.754+0000] {logging_mixin.py:151} INFO - [2023-09-27T11:35:04.754+0000] {dagbag.py:539} INFO - Filling up the DagBag from /usr/local/lib/python3.10/dist-packages/airflow/example_dags/example_python_operator.py
[2023-09-27T11:35:04.763+0000] {logging_mixin.py:151} INFO - [2023-09-27T11:35:04.762+0000] {example_python_operator.py:89} WARNING - The virtalenv_python example task requires virtualenv, please install it.
[2023-09-27T11:35:04.763+0000] {processor.py:839} INFO - DAG(s) dict_keys(['example_python_operator']) retrieved from /usr/local/lib/python3.10/dist-packages/airflow/example_dags/example_python_operator.py
[2023-09-27T11:35:04.781+0000] {logging_mixin.py:151} INFO - [2023-09-27T11:35:04.781+0000] {dag.py:2915} INFO - Sync 1 DAGs
[2023-09-27T11:35:04.793+0000] {logging_mixin.py:151} INFO - [2023-09-27T11:35:04.793+0000] {dag.py:3696} INFO - Setting next_dagrun for example_python_operator to None, run_after=None
[2023-09-27T11:35:04.815+0000] {processor.py:179} INFO - Processing /usr/local/lib/python3.10/dist-packages/airflow/example_dags/example_python_operator.py took 0.067 seconds
[2023-09-27T11:35:53.924+0000] {processor.py:157} INFO - Started process (PID=6580) to work on /usr/local/lib/python3.10/dist-packages/airflow/example_dags/example_python_operator.py
[2023-09-27T11:35:53.925+0000] {processor.py:829} INFO - Processing file /usr/local/lib/python3.10/dist-packages/airflow/example_dags/example_python_operator.py for tasks to queue
[2023-09-27T11:35:53.925+0000] {logging_mixin.py:151} INFO - [2023-09-27T11:35:53.925+0000] {dagbag.py:539} INFO - Filling up the DagBag from /usr/local/lib/python3.10/dist-packages/airflow/example_dags/example_python_operator.py
[2023-09-27T11:35:53.934+0000] {logging_mixin.py:151} INFO - [2023-09-27T11:35:53.933+0000] {example_python_operator.py:89} WARNING - The virtalenv_python example task requires virtualenv, please install it.
[2023-09-27T11:35:53.934+0000] {processor.py:839} INFO - DAG(s) dict_keys(['example_python_operator']) retrieved from /usr/local/lib/python3.10/dist-packages/airflow/example_dags/example_python_operator.py
[2023-09-27T11:35:53.951+0000] {logging_mixin.py:151} INFO - [2023-09-27T11:35:53.950+0000] {dag.py:2915} INFO - Sync 1 DAGs
[2023-09-27T11:35:53.962+0000] {logging_mixin.py:151} INFO - [2023-09-27T11:35:53.961+0000] {dag.py:3696} INFO - Setting next_dagrun for example_python_operator to None, run_after=None
[2023-09-27T11:35:53.983+0000] {processor.py:179} INFO - Processing /usr/local/lib/python3.10/dist-packages/airflow/example_dags/example_python_operator.py took 0.062 seconds
[2023-09-27T11:36:27.885+0000] {processor.py:157} INFO - Started process (PID=6682) to work on /usr/local/lib/python3.10/dist-packages/airflow/example_dags/example_python_operator.py
[2023-09-27T11:36:27.886+0000] {processor.py:829} INFO - Processing file /usr/local/lib/python3.10/dist-packages/airflow/example_dags/example_python_operator.py for tasks to queue
[2023-09-27T11:36:27.887+0000] {logging_mixin.py:151} INFO - [2023-09-27T11:36:27.886+0000] {dagbag.py:539} INFO - Filling up the DagBag from /usr/local/lib/python3.10/dist-packages/airflow/example_dags/example_python_operator.py
[2023-09-27T11:36:27.895+0000] {logging_mixin.py:151} INFO - [2023-09-27T11:36:27.894+0000] {example_python_operator.py:89} WARNING - The virtalenv_python example task requires virtualenv, please install it.
[2023-09-27T11:36:27.895+0000] {processor.py:839} INFO - DAG(s) dict_keys(['example_python_operator']) retrieved from /usr/local/lib/python3.10/dist-packages/airflow/example_dags/example_python_operator.py
[2023-09-27T11:36:27.912+0000] {logging_mixin.py:151} INFO - [2023-09-27T11:36:27.912+0000] {dag.py:2915} INFO - Sync 1 DAGs
[2023-09-27T11:36:27.922+0000] {logging_mixin.py:151} INFO - [2023-09-27T11:36:27.922+0000] {dag.py:3696} INFO - Setting next_dagrun for example_python_operator to None, run_after=None
[2023-09-27T11:36:27.944+0000] {processor.py:179} INFO - Processing /usr/local/lib/python3.10/dist-packages/airflow/example_dags/example_python_operator.py took 0.062 seconds
[2023-09-27T11:37:14.408+0000] {processor.py:157} INFO - Started process (PID=6732) to work on /usr/local/lib/python3.10/dist-packages/airflow/example_dags/example_python_operator.py
[2023-09-27T11:37:14.409+0000] {processor.py:829} INFO - Processing file /usr/local/lib/python3.10/dist-packages/airflow/example_dags/example_python_operator.py for tasks to queue
[2023-09-27T11:37:14.410+0000] {logging_mixin.py:151} INFO - [2023-09-27T11:37:14.410+0000] {dagbag.py:539} INFO - Filling up the DagBag from /usr/local/lib/python3.10/dist-packages/airflow/example_dags/example_python_operator.py
[2023-09-27T11:37:14.422+0000] {logging_mixin.py:151} INFO - [2023-09-27T11:37:14.422+0000] {example_python_operator.py:89} WARNING - The virtalenv_python example task requires virtualenv, please install it.
[2023-09-27T11:37:14.423+0000] {processor.py:839} INFO - DAG(s) dict_keys(['example_python_operator']) retrieved from /usr/local/lib/python3.10/dist-packages/airflow/example_dags/example_python_operator.py
[2023-09-27T11:37:14.442+0000] {logging_mixin.py:151} INFO - [2023-09-27T11:37:14.442+0000] {dag.py:2915} INFO - Sync 1 DAGs
[2023-09-27T11:37:14.453+0000] {logging_mixin.py:151} INFO - [2023-09-27T11:37:14.453+0000] {dag.py:3696} INFO - Setting next_dagrun for example_python_operator to None, run_after=None
[2023-09-27T11:37:14.478+0000] {processor.py:179} INFO - Processing /usr/local/lib/python3.10/dist-packages/airflow/example_dags/example_python_operator.py took 0.075 seconds
