[2023-09-27T10:54:21.598+0000] {processor.py:157} INFO - Started process (PID=3954) to work on /usr/local/lib/python3.10/dist-packages/airflow/example_dags/example_branch_day_of_week_operator.py
[2023-09-27T10:54:21.598+0000] {processor.py:829} INFO - Processing file /usr/local/lib/python3.10/dist-packages/airflow/example_dags/example_branch_day_of_week_operator.py for tasks to queue
[2023-09-27T10:54:21.599+0000] {logging_mixin.py:151} INFO - [2023-09-27T10:54:21.599+0000] {dagbag.py:539} INFO - Filling up the DagBag from /usr/local/lib/python3.10/dist-packages/airflow/example_dags/example_branch_day_of_week_operator.py
[2023-09-27T10:54:21.609+0000] {processor.py:839} INFO - DAG(s) dict_keys(['example_weekday_branch_operator']) retrieved from /usr/local/lib/python3.10/dist-packages/airflow/example_dags/example_branch_day_of_week_operator.py
[2023-09-27T10:54:21.738+0000] {logging_mixin.py:151} INFO - [2023-09-27T10:54:21.737+0000] {manager.py:499} INFO - Created Permission View: %s
[2023-09-27T10:54:21.749+0000] {logging_mixin.py:151} INFO - [2023-09-27T10:54:21.749+0000] {manager.py:499} INFO - Created Permission View: %s
[2023-09-27T10:54:21.759+0000] {logging_mixin.py:151} INFO - [2023-09-27T10:54:21.759+0000] {manager.py:499} INFO - Created Permission View: %s
[2023-09-27T10:54:21.759+0000] {logging_mixin.py:151} INFO - [2023-09-27T10:54:21.759+0000] {security.py:708} INFO - Not syncing DAG-level permissions for DAG 'DAG:example_weekday_branch_operator' as access control is unset.
[2023-09-27T10:54:21.760+0000] {logging_mixin.py:151} INFO - [2023-09-27T10:54:21.760+0000] {dag.py:2915} INFO - Sync 1 DAGs
[2023-09-27T10:54:21.774+0000] {logging_mixin.py:151} INFO - [2023-09-27T10:54:21.774+0000] {dag.py:2937} INFO - Creating ORM DAG for example_weekday_branch_operator
[2023-09-27T10:54:21.786+0000] {logging_mixin.py:151} INFO - [2023-09-27T10:54:21.786+0000] {dag.py:3696} INFO - Setting next_dagrun for example_weekday_branch_operator to 2023-09-26T00:00:00+00:00, run_after=2023-09-27T00:00:00+00:00
[2023-09-27T10:54:21.813+0000] {processor.py:179} INFO - Processing /usr/local/lib/python3.10/dist-packages/airflow/example_dags/example_branch_day_of_week_operator.py took 0.219 seconds
[2023-09-27T10:55:11.408+0000] {processor.py:157} INFO - Started process (PID=4002) to work on /usr/local/lib/python3.10/dist-packages/airflow/example_dags/example_branch_day_of_week_operator.py
[2023-09-27T10:55:11.410+0000] {processor.py:829} INFO - Processing file /usr/local/lib/python3.10/dist-packages/airflow/example_dags/example_branch_day_of_week_operator.py for tasks to queue
[2023-09-27T10:55:11.410+0000] {logging_mixin.py:151} INFO - [2023-09-27T10:55:11.410+0000] {dagbag.py:539} INFO - Filling up the DagBag from /usr/local/lib/python3.10/dist-packages/airflow/example_dags/example_branch_day_of_week_operator.py
[2023-09-27T10:55:11.419+0000] {processor.py:839} INFO - DAG(s) dict_keys(['example_weekday_branch_operator']) retrieved from /usr/local/lib/python3.10/dist-packages/airflow/example_dags/example_branch_day_of_week_operator.py
[2023-09-27T10:55:11.441+0000] {logging_mixin.py:151} INFO - [2023-09-27T10:55:11.441+0000] {dag.py:2915} INFO - Sync 1 DAGs
[2023-09-27T10:55:11.466+0000] {logging_mixin.py:151} INFO - [2023-09-27T10:55:11.465+0000] {dag.py:3696} INFO - Setting next_dagrun for example_weekday_branch_operator to 2023-09-26T00:00:00+00:00, run_after=2023-09-27T00:00:00+00:00
[2023-09-27T10:55:11.500+0000] {processor.py:179} INFO - Processing /usr/local/lib/python3.10/dist-packages/airflow/example_dags/example_branch_day_of_week_operator.py took 0.094 seconds
[2023-09-27T10:55:55.956+0000] {processor.py:157} INFO - Started process (PID=4049) to work on /usr/local/lib/python3.10/dist-packages/airflow/example_dags/example_branch_day_of_week_operator.py
[2023-09-27T10:55:55.957+0000] {processor.py:829} INFO - Processing file /usr/local/lib/python3.10/dist-packages/airflow/example_dags/example_branch_day_of_week_operator.py for tasks to queue
[2023-09-27T10:55:55.958+0000] {logging_mixin.py:151} INFO - [2023-09-27T10:55:55.958+0000] {dagbag.py:539} INFO - Filling up the DagBag from /usr/local/lib/python3.10/dist-packages/airflow/example_dags/example_branch_day_of_week_operator.py
[2023-09-27T10:55:55.966+0000] {processor.py:839} INFO - DAG(s) dict_keys(['example_weekday_branch_operator']) retrieved from /usr/local/lib/python3.10/dist-packages/airflow/example_dags/example_branch_day_of_week_operator.py
[2023-09-27T10:55:55.984+0000] {logging_mixin.py:151} INFO - [2023-09-27T10:55:55.984+0000] {dag.py:2915} INFO - Sync 1 DAGs
[2023-09-27T10:55:56.006+0000] {logging_mixin.py:151} INFO - [2023-09-27T10:55:56.006+0000] {dag.py:3696} INFO - Setting next_dagrun for example_weekday_branch_operator to 2023-09-26T00:00:00+00:00, run_after=2023-09-27T00:00:00+00:00
[2023-09-27T10:55:56.030+0000] {processor.py:179} INFO - Processing /usr/local/lib/python3.10/dist-packages/airflow/example_dags/example_branch_day_of_week_operator.py took 0.077 seconds
[2023-09-27T10:57:20.118+0000] {processor.py:157} INFO - Started process (PID=4120) to work on /usr/local/lib/python3.10/dist-packages/airflow/example_dags/example_branch_day_of_week_operator.py
[2023-09-27T10:57:20.120+0000] {processor.py:829} INFO - Processing file /usr/local/lib/python3.10/dist-packages/airflow/example_dags/example_branch_day_of_week_operator.py for tasks to queue
[2023-09-27T10:57:20.121+0000] {logging_mixin.py:151} INFO - [2023-09-27T10:57:20.120+0000] {dagbag.py:539} INFO - Filling up the DagBag from /usr/local/lib/python3.10/dist-packages/airflow/example_dags/example_branch_day_of_week_operator.py
[2023-09-27T10:57:20.129+0000] {processor.py:839} INFO - DAG(s) dict_keys(['example_weekday_branch_operator']) retrieved from /usr/local/lib/python3.10/dist-packages/airflow/example_dags/example_branch_day_of_week_operator.py
[2023-09-27T10:57:20.150+0000] {logging_mixin.py:151} INFO - [2023-09-27T10:57:20.149+0000] {dag.py:2915} INFO - Sync 1 DAGs
[2023-09-27T10:57:20.169+0000] {logging_mixin.py:151} INFO - [2023-09-27T10:57:20.169+0000] {dag.py:3696} INFO - Setting next_dagrun for example_weekday_branch_operator to 2023-09-26T00:00:00+00:00, run_after=2023-09-27T00:00:00+00:00
[2023-09-27T10:57:20.189+0000] {processor.py:179} INFO - Processing /usr/local/lib/python3.10/dist-packages/airflow/example_dags/example_branch_day_of_week_operator.py took 0.076 seconds
[2023-09-27T10:58:06.656+0000] {processor.py:157} INFO - Started process (PID=4169) to work on /usr/local/lib/python3.10/dist-packages/airflow/example_dags/example_branch_day_of_week_operator.py
[2023-09-27T10:58:06.657+0000] {processor.py:829} INFO - Processing file /usr/local/lib/python3.10/dist-packages/airflow/example_dags/example_branch_day_of_week_operator.py for tasks to queue
[2023-09-27T10:58:06.658+0000] {logging_mixin.py:151} INFO - [2023-09-27T10:58:06.658+0000] {dagbag.py:539} INFO - Filling up the DagBag from /usr/local/lib/python3.10/dist-packages/airflow/example_dags/example_branch_day_of_week_operator.py
[2023-09-27T10:58:06.666+0000] {processor.py:839} INFO - DAG(s) dict_keys(['example_weekday_branch_operator']) retrieved from /usr/local/lib/python3.10/dist-packages/airflow/example_dags/example_branch_day_of_week_operator.py
[2023-09-27T10:58:06.683+0000] {logging_mixin.py:151} INFO - [2023-09-27T10:58:06.683+0000] {dag.py:2915} INFO - Sync 1 DAGs
[2023-09-27T10:58:06.705+0000] {logging_mixin.py:151} INFO - [2023-09-27T10:58:06.705+0000] {dag.py:3696} INFO - Setting next_dagrun for example_weekday_branch_operator to 2023-09-26T00:00:00+00:00, run_after=2023-09-27T00:00:00+00:00
[2023-09-27T10:58:06.727+0000] {processor.py:179} INFO - Processing /usr/local/lib/python3.10/dist-packages/airflow/example_dags/example_branch_day_of_week_operator.py took 0.074 seconds
[2023-09-27T10:58:54.982+0000] {processor.py:157} INFO - Started process (PID=4221) to work on /usr/local/lib/python3.10/dist-packages/airflow/example_dags/example_branch_day_of_week_operator.py
[2023-09-27T10:58:54.983+0000] {processor.py:829} INFO - Processing file /usr/local/lib/python3.10/dist-packages/airflow/example_dags/example_branch_day_of_week_operator.py for tasks to queue
[2023-09-27T10:58:54.983+0000] {logging_mixin.py:151} INFO - [2023-09-27T10:58:54.983+0000] {dagbag.py:539} INFO - Filling up the DagBag from /usr/local/lib/python3.10/dist-packages/airflow/example_dags/example_branch_day_of_week_operator.py
[2023-09-27T10:58:54.992+0000] {processor.py:839} INFO - DAG(s) dict_keys(['example_weekday_branch_operator']) retrieved from /usr/local/lib/python3.10/dist-packages/airflow/example_dags/example_branch_day_of_week_operator.py
[2023-09-27T10:58:55.015+0000] {logging_mixin.py:151} INFO - [2023-09-27T10:58:55.014+0000] {dag.py:2915} INFO - Sync 1 DAGs
[2023-09-27T10:58:55.044+0000] {logging_mixin.py:151} INFO - [2023-09-27T10:58:55.044+0000] {dag.py:3696} INFO - Setting next_dagrun for example_weekday_branch_operator to 2023-09-26T00:00:00+00:00, run_after=2023-09-27T00:00:00+00:00
[2023-09-27T10:58:55.074+0000] {processor.py:179} INFO - Processing /usr/local/lib/python3.10/dist-packages/airflow/example_dags/example_branch_day_of_week_operator.py took 0.095 seconds
[2023-09-27T10:59:43.750+0000] {processor.py:157} INFO - Started process (PID=4271) to work on /usr/local/lib/python3.10/dist-packages/airflow/example_dags/example_branch_day_of_week_operator.py
[2023-09-27T10:59:43.751+0000] {processor.py:829} INFO - Processing file /usr/local/lib/python3.10/dist-packages/airflow/example_dags/example_branch_day_of_week_operator.py for tasks to queue
[2023-09-27T10:59:43.752+0000] {logging_mixin.py:151} INFO - [2023-09-27T10:59:43.752+0000] {dagbag.py:539} INFO - Filling up the DagBag from /usr/local/lib/python3.10/dist-packages/airflow/example_dags/example_branch_day_of_week_operator.py
[2023-09-27T10:59:43.760+0000] {processor.py:839} INFO - DAG(s) dict_keys(['example_weekday_branch_operator']) retrieved from /usr/local/lib/python3.10/dist-packages/airflow/example_dags/example_branch_day_of_week_operator.py
[2023-09-27T10:59:43.779+0000] {logging_mixin.py:151} INFO - [2023-09-27T10:59:43.778+0000] {dag.py:2915} INFO - Sync 1 DAGs
[2023-09-27T10:59:43.804+0000] {logging_mixin.py:151} INFO - [2023-09-27T10:59:43.804+0000] {dag.py:3696} INFO - Setting next_dagrun for example_weekday_branch_operator to 2023-09-26T00:00:00+00:00, run_after=2023-09-27T00:00:00+00:00
[2023-09-27T10:59:43.825+0000] {processor.py:179} INFO - Processing /usr/local/lib/python3.10/dist-packages/airflow/example_dags/example_branch_day_of_week_operator.py took 0.078 seconds
[2023-09-27T11:00:33.042+0000] {processor.py:157} INFO - Started process (PID=4323) to work on /usr/local/lib/python3.10/dist-packages/airflow/example_dags/example_branch_day_of_week_operator.py
[2023-09-27T11:00:33.043+0000] {processor.py:829} INFO - Processing file /usr/local/lib/python3.10/dist-packages/airflow/example_dags/example_branch_day_of_week_operator.py for tasks to queue
[2023-09-27T11:00:33.044+0000] {logging_mixin.py:151} INFO - [2023-09-27T11:00:33.043+0000] {dagbag.py:539} INFO - Filling up the DagBag from /usr/local/lib/python3.10/dist-packages/airflow/example_dags/example_branch_day_of_week_operator.py
[2023-09-27T11:00:33.052+0000] {processor.py:839} INFO - DAG(s) dict_keys(['example_weekday_branch_operator']) retrieved from /usr/local/lib/python3.10/dist-packages/airflow/example_dags/example_branch_day_of_week_operator.py
[2023-09-27T11:00:33.071+0000] {logging_mixin.py:151} INFO - [2023-09-27T11:00:33.070+0000] {dag.py:2915} INFO - Sync 1 DAGs
[2023-09-27T11:00:33.092+0000] {logging_mixin.py:151} INFO - [2023-09-27T11:00:33.092+0000] {dag.py:3696} INFO - Setting next_dagrun for example_weekday_branch_operator to 2023-09-26T00:00:00+00:00, run_after=2023-09-27T00:00:00+00:00
[2023-09-27T11:00:33.114+0000] {processor.py:179} INFO - Processing /usr/local/lib/python3.10/dist-packages/airflow/example_dags/example_branch_day_of_week_operator.py took 0.078 seconds
[2023-09-27T11:01:17.852+0000] {processor.py:157} INFO - Started process (PID=4371) to work on /usr/local/lib/python3.10/dist-packages/airflow/example_dags/example_branch_day_of_week_operator.py
[2023-09-27T11:01:17.853+0000] {processor.py:829} INFO - Processing file /usr/local/lib/python3.10/dist-packages/airflow/example_dags/example_branch_day_of_week_operator.py for tasks to queue
[2023-09-27T11:01:17.854+0000] {logging_mixin.py:151} INFO - [2023-09-27T11:01:17.853+0000] {dagbag.py:539} INFO - Filling up the DagBag from /usr/local/lib/python3.10/dist-packages/airflow/example_dags/example_branch_day_of_week_operator.py
[2023-09-27T11:01:17.861+0000] {processor.py:839} INFO - DAG(s) dict_keys(['example_weekday_branch_operator']) retrieved from /usr/local/lib/python3.10/dist-packages/airflow/example_dags/example_branch_day_of_week_operator.py
[2023-09-27T11:01:17.879+0000] {logging_mixin.py:151} INFO - [2023-09-27T11:01:17.879+0000] {dag.py:2915} INFO - Sync 1 DAGs
[2023-09-27T11:01:17.898+0000] {logging_mixin.py:151} INFO - [2023-09-27T11:01:17.898+0000] {dag.py:3696} INFO - Setting next_dagrun for example_weekday_branch_operator to 2023-09-26T00:00:00+00:00, run_after=2023-09-27T00:00:00+00:00
[2023-09-27T11:01:17.919+0000] {processor.py:179} INFO - Processing /usr/local/lib/python3.10/dist-packages/airflow/example_dags/example_branch_day_of_week_operator.py took 0.071 seconds
[2023-09-27T11:02:02.509+0000] {processor.py:157} INFO - Started process (PID=4418) to work on /usr/local/lib/python3.10/dist-packages/airflow/example_dags/example_branch_day_of_week_operator.py
[2023-09-27T11:02:02.510+0000] {processor.py:829} INFO - Processing file /usr/local/lib/python3.10/dist-packages/airflow/example_dags/example_branch_day_of_week_operator.py for tasks to queue
[2023-09-27T11:02:02.511+0000] {logging_mixin.py:151} INFO - [2023-09-27T11:02:02.511+0000] {dagbag.py:539} INFO - Filling up the DagBag from /usr/local/lib/python3.10/dist-packages/airflow/example_dags/example_branch_day_of_week_operator.py
[2023-09-27T11:02:02.524+0000] {processor.py:839} INFO - DAG(s) dict_keys(['example_weekday_branch_operator']) retrieved from /usr/local/lib/python3.10/dist-packages/airflow/example_dags/example_branch_day_of_week_operator.py
[2023-09-27T11:02:02.548+0000] {logging_mixin.py:151} INFO - [2023-09-27T11:02:02.548+0000] {dag.py:2915} INFO - Sync 1 DAGs
[2023-09-27T11:02:02.581+0000] {logging_mixin.py:151} INFO - [2023-09-27T11:02:02.580+0000] {dag.py:3696} INFO - Setting next_dagrun for example_weekday_branch_operator to 2023-09-26T00:00:00+00:00, run_after=2023-09-27T00:00:00+00:00
[2023-09-27T11:02:02.623+0000] {processor.py:179} INFO - Processing /usr/local/lib/python3.10/dist-packages/airflow/example_dags/example_branch_day_of_week_operator.py took 0.117 seconds
[2023-09-27T11:02:53.042+0000] {processor.py:157} INFO - Started process (PID=4469) to work on /usr/local/lib/python3.10/dist-packages/airflow/example_dags/example_branch_day_of_week_operator.py
[2023-09-27T11:02:53.043+0000] {processor.py:829} INFO - Processing file /usr/local/lib/python3.10/dist-packages/airflow/example_dags/example_branch_day_of_week_operator.py for tasks to queue
[2023-09-27T11:02:53.044+0000] {logging_mixin.py:151} INFO - [2023-09-27T11:02:53.044+0000] {dagbag.py:539} INFO - Filling up the DagBag from /usr/local/lib/python3.10/dist-packages/airflow/example_dags/example_branch_day_of_week_operator.py
[2023-09-27T11:02:53.055+0000] {processor.py:839} INFO - DAG(s) dict_keys(['example_weekday_branch_operator']) retrieved from /usr/local/lib/python3.10/dist-packages/airflow/example_dags/example_branch_day_of_week_operator.py
[2023-09-27T11:02:53.075+0000] {logging_mixin.py:151} INFO - [2023-09-27T11:02:53.075+0000] {dag.py:2915} INFO - Sync 1 DAGs
[2023-09-27T11:02:53.096+0000] {logging_mixin.py:151} INFO - [2023-09-27T11:02:53.096+0000] {dag.py:3696} INFO - Setting next_dagrun for example_weekday_branch_operator to 2023-09-26T00:00:00+00:00, run_after=2023-09-27T00:00:00+00:00
[2023-09-27T11:02:53.117+0000] {processor.py:179} INFO - Processing /usr/local/lib/python3.10/dist-packages/airflow/example_dags/example_branch_day_of_week_operator.py took 0.081 seconds
[2023-09-27T11:03:42.592+0000] {processor.py:157} INFO - Started process (PID=4522) to work on /usr/local/lib/python3.10/dist-packages/airflow/example_dags/example_branch_day_of_week_operator.py
[2023-09-27T11:03:42.593+0000] {processor.py:829} INFO - Processing file /usr/local/lib/python3.10/dist-packages/airflow/example_dags/example_branch_day_of_week_operator.py for tasks to queue
[2023-09-27T11:03:42.594+0000] {logging_mixin.py:151} INFO - [2023-09-27T11:03:42.593+0000] {dagbag.py:539} INFO - Filling up the DagBag from /usr/local/lib/python3.10/dist-packages/airflow/example_dags/example_branch_day_of_week_operator.py
[2023-09-27T11:03:42.604+0000] {processor.py:839} INFO - DAG(s) dict_keys(['example_weekday_branch_operator']) retrieved from /usr/local/lib/python3.10/dist-packages/airflow/example_dags/example_branch_day_of_week_operator.py
[2023-09-27T11:03:42.623+0000] {logging_mixin.py:151} INFO - [2023-09-27T11:03:42.623+0000] {dag.py:2915} INFO - Sync 1 DAGs
[2023-09-27T11:03:42.646+0000] {logging_mixin.py:151} INFO - [2023-09-27T11:03:42.646+0000] {dag.py:3696} INFO - Setting next_dagrun for example_weekday_branch_operator to 2023-09-26T00:00:00+00:00, run_after=2023-09-27T00:00:00+00:00
[2023-09-27T11:03:42.668+0000] {processor.py:179} INFO - Processing /usr/local/lib/python3.10/dist-packages/airflow/example_dags/example_branch_day_of_week_operator.py took 0.080 seconds
[2023-09-27T11:04:34.373+0000] {processor.py:157} INFO - Started process (PID=4574) to work on /usr/local/lib/python3.10/dist-packages/airflow/example_dags/example_branch_day_of_week_operator.py
[2023-09-27T11:04:34.374+0000] {processor.py:829} INFO - Processing file /usr/local/lib/python3.10/dist-packages/airflow/example_dags/example_branch_day_of_week_operator.py for tasks to queue
[2023-09-27T11:04:34.375+0000] {logging_mixin.py:151} INFO - [2023-09-27T11:04:34.375+0000] {dagbag.py:539} INFO - Filling up the DagBag from /usr/local/lib/python3.10/dist-packages/airflow/example_dags/example_branch_day_of_week_operator.py
[2023-09-27T11:04:34.384+0000] {processor.py:839} INFO - DAG(s) dict_keys(['example_weekday_branch_operator']) retrieved from /usr/local/lib/python3.10/dist-packages/airflow/example_dags/example_branch_day_of_week_operator.py
[2023-09-27T11:04:34.405+0000] {logging_mixin.py:151} INFO - [2023-09-27T11:04:34.405+0000] {dag.py:2915} INFO - Sync 1 DAGs
[2023-09-27T11:04:34.427+0000] {logging_mixin.py:151} INFO - [2023-09-27T11:04:34.426+0000] {dag.py:3696} INFO - Setting next_dagrun for example_weekday_branch_operator to 2023-09-26T00:00:00+00:00, run_after=2023-09-27T00:00:00+00:00
[2023-09-27T11:04:34.448+0000] {processor.py:179} INFO - Processing /usr/local/lib/python3.10/dist-packages/airflow/example_dags/example_branch_day_of_week_operator.py took 0.078 seconds
[2023-09-27T11:05:25.024+0000] {processor.py:157} INFO - Started process (PID=4627) to work on /usr/local/lib/python3.10/dist-packages/airflow/example_dags/example_branch_day_of_week_operator.py
[2023-09-27T11:05:25.026+0000] {processor.py:829} INFO - Processing file /usr/local/lib/python3.10/dist-packages/airflow/example_dags/example_branch_day_of_week_operator.py for tasks to queue
[2023-09-27T11:05:25.027+0000] {logging_mixin.py:151} INFO - [2023-09-27T11:05:25.026+0000] {dagbag.py:539} INFO - Filling up the DagBag from /usr/local/lib/python3.10/dist-packages/airflow/example_dags/example_branch_day_of_week_operator.py
[2023-09-27T11:05:25.034+0000] {processor.py:839} INFO - DAG(s) dict_keys(['example_weekday_branch_operator']) retrieved from /usr/local/lib/python3.10/dist-packages/airflow/example_dags/example_branch_day_of_week_operator.py
[2023-09-27T11:05:25.052+0000] {logging_mixin.py:151} INFO - [2023-09-27T11:05:25.052+0000] {dag.py:2915} INFO - Sync 1 DAGs
[2023-09-27T11:05:25.105+0000] {logging_mixin.py:151} INFO - [2023-09-27T11:05:25.103+0000] {dag.py:3696} INFO - Setting next_dagrun for example_weekday_branch_operator to 2023-09-26T00:00:00+00:00, run_after=2023-09-27T00:00:00+00:00
[2023-09-27T11:05:25.131+0000] {processor.py:179} INFO - Processing /usr/local/lib/python3.10/dist-packages/airflow/example_dags/example_branch_day_of_week_operator.py took 0.110 seconds
[2023-09-27T11:06:19.187+0000] {processor.py:157} INFO - Started process (PID=4688) to work on /usr/local/lib/python3.10/dist-packages/airflow/example_dags/example_branch_day_of_week_operator.py
[2023-09-27T11:06:19.188+0000] {processor.py:829} INFO - Processing file /usr/local/lib/python3.10/dist-packages/airflow/example_dags/example_branch_day_of_week_operator.py for tasks to queue
[2023-09-27T11:06:19.188+0000] {logging_mixin.py:151} INFO - [2023-09-27T11:06:19.188+0000] {dagbag.py:539} INFO - Filling up the DagBag from /usr/local/lib/python3.10/dist-packages/airflow/example_dags/example_branch_day_of_week_operator.py
[2023-09-27T11:06:19.196+0000] {processor.py:839} INFO - DAG(s) dict_keys(['example_weekday_branch_operator']) retrieved from /usr/local/lib/python3.10/dist-packages/airflow/example_dags/example_branch_day_of_week_operator.py
[2023-09-27T11:06:19.212+0000] {logging_mixin.py:151} INFO - [2023-09-27T11:06:19.212+0000] {dag.py:2915} INFO - Sync 1 DAGs
[2023-09-27T11:06:19.233+0000] {logging_mixin.py:151} INFO - [2023-09-27T11:06:19.233+0000] {dag.py:3696} INFO - Setting next_dagrun for example_weekday_branch_operator to 2023-09-26T00:00:00+00:00, run_after=2023-09-27T00:00:00+00:00
[2023-09-27T11:06:19.253+0000] {processor.py:179} INFO - Processing /usr/local/lib/python3.10/dist-packages/airflow/example_dags/example_branch_day_of_week_operator.py took 0.069 seconds
[2023-09-27T11:07:09.608+0000] {processor.py:157} INFO - Started process (PID=4742) to work on /usr/local/lib/python3.10/dist-packages/airflow/example_dags/example_branch_day_of_week_operator.py
[2023-09-27T11:07:09.613+0000] {processor.py:829} INFO - Processing file /usr/local/lib/python3.10/dist-packages/airflow/example_dags/example_branch_day_of_week_operator.py for tasks to queue
[2023-09-27T11:07:09.614+0000] {logging_mixin.py:151} INFO - [2023-09-27T11:07:09.614+0000] {dagbag.py:539} INFO - Filling up the DagBag from /usr/local/lib/python3.10/dist-packages/airflow/example_dags/example_branch_day_of_week_operator.py
[2023-09-27T11:07:09.622+0000] {processor.py:839} INFO - DAG(s) dict_keys(['example_weekday_branch_operator']) retrieved from /usr/local/lib/python3.10/dist-packages/airflow/example_dags/example_branch_day_of_week_operator.py
[2023-09-27T11:07:09.639+0000] {logging_mixin.py:151} INFO - [2023-09-27T11:07:09.638+0000] {dag.py:2915} INFO - Sync 1 DAGs
[2023-09-27T11:07:09.658+0000] {logging_mixin.py:151} INFO - [2023-09-27T11:07:09.658+0000] {dag.py:3696} INFO - Setting next_dagrun for example_weekday_branch_operator to 2023-09-26T00:00:00+00:00, run_after=2023-09-27T00:00:00+00:00
[2023-09-27T11:07:09.678+0000] {processor.py:179} INFO - Processing /usr/local/lib/python3.10/dist-packages/airflow/example_dags/example_branch_day_of_week_operator.py took 0.075 seconds
[2023-09-27T11:07:59.988+0000] {processor.py:157} INFO - Started process (PID=4793) to work on /usr/local/lib/python3.10/dist-packages/airflow/example_dags/example_branch_day_of_week_operator.py
[2023-09-27T11:07:59.990+0000] {processor.py:829} INFO - Processing file /usr/local/lib/python3.10/dist-packages/airflow/example_dags/example_branch_day_of_week_operator.py for tasks to queue
[2023-09-27T11:07:59.990+0000] {logging_mixin.py:151} INFO - [2023-09-27T11:07:59.990+0000] {dagbag.py:539} INFO - Filling up the DagBag from /usr/local/lib/python3.10/dist-packages/airflow/example_dags/example_branch_day_of_week_operator.py
[2023-09-27T11:07:59.998+0000] {processor.py:839} INFO - DAG(s) dict_keys(['example_weekday_branch_operator']) retrieved from /usr/local/lib/python3.10/dist-packages/airflow/example_dags/example_branch_day_of_week_operator.py
[2023-09-27T11:08:00.022+0000] {logging_mixin.py:151} INFO - [2023-09-27T11:08:00.022+0000] {dag.py:2915} INFO - Sync 1 DAGs
[2023-09-27T11:08:00.051+0000] {logging_mixin.py:151} INFO - [2023-09-27T11:08:00.050+0000] {dag.py:3696} INFO - Setting next_dagrun for example_weekday_branch_operator to 2023-09-26T00:00:00+00:00, run_after=2023-09-27T00:00:00+00:00
[2023-09-27T11:08:00.076+0000] {processor.py:179} INFO - Processing /usr/local/lib/python3.10/dist-packages/airflow/example_dags/example_branch_day_of_week_operator.py took 0.092 seconds
[2023-09-27T11:08:54.203+0000] {processor.py:157} INFO - Started process (PID=4847) to work on /usr/local/lib/python3.10/dist-packages/airflow/example_dags/example_branch_day_of_week_operator.py
[2023-09-27T11:08:54.204+0000] {processor.py:829} INFO - Processing file /usr/local/lib/python3.10/dist-packages/airflow/example_dags/example_branch_day_of_week_operator.py for tasks to queue
[2023-09-27T11:08:54.205+0000] {logging_mixin.py:151} INFO - [2023-09-27T11:08:54.204+0000] {dagbag.py:539} INFO - Filling up the DagBag from /usr/local/lib/python3.10/dist-packages/airflow/example_dags/example_branch_day_of_week_operator.py
[2023-09-27T11:08:54.213+0000] {processor.py:839} INFO - DAG(s) dict_keys(['example_weekday_branch_operator']) retrieved from /usr/local/lib/python3.10/dist-packages/airflow/example_dags/example_branch_day_of_week_operator.py
[2023-09-27T11:08:54.237+0000] {logging_mixin.py:151} INFO - [2023-09-27T11:08:54.236+0000] {dag.py:2915} INFO - Sync 1 DAGs
[2023-09-27T11:08:54.263+0000] {logging_mixin.py:151} INFO - [2023-09-27T11:08:54.263+0000] {dag.py:3696} INFO - Setting next_dagrun for example_weekday_branch_operator to 2023-09-26T00:00:00+00:00, run_after=2023-09-27T00:00:00+00:00
[2023-09-27T11:08:54.286+0000] {processor.py:179} INFO - Processing /usr/local/lib/python3.10/dist-packages/airflow/example_dags/example_branch_day_of_week_operator.py took 0.087 seconds
[2023-09-27T11:09:39.803+0000] {processor.py:157} INFO - Started process (PID=4897) to work on /usr/local/lib/python3.10/dist-packages/airflow/example_dags/example_branch_day_of_week_operator.py
[2023-09-27T11:09:39.805+0000] {processor.py:829} INFO - Processing file /usr/local/lib/python3.10/dist-packages/airflow/example_dags/example_branch_day_of_week_operator.py for tasks to queue
[2023-09-27T11:09:39.806+0000] {logging_mixin.py:151} INFO - [2023-09-27T11:09:39.805+0000] {dagbag.py:539} INFO - Filling up the DagBag from /usr/local/lib/python3.10/dist-packages/airflow/example_dags/example_branch_day_of_week_operator.py
[2023-09-27T11:09:39.817+0000] {processor.py:839} INFO - DAG(s) dict_keys(['example_weekday_branch_operator']) retrieved from /usr/local/lib/python3.10/dist-packages/airflow/example_dags/example_branch_day_of_week_operator.py
[2023-09-27T11:09:39.843+0000] {logging_mixin.py:151} INFO - [2023-09-27T11:09:39.842+0000] {dag.py:2915} INFO - Sync 1 DAGs
[2023-09-27T11:09:39.866+0000] {logging_mixin.py:151} INFO - [2023-09-27T11:09:39.866+0000] {dag.py:3696} INFO - Setting next_dagrun for example_weekday_branch_operator to 2023-09-26T00:00:00+00:00, run_after=2023-09-27T00:00:00+00:00
[2023-09-27T11:09:39.888+0000] {processor.py:179} INFO - Processing /usr/local/lib/python3.10/dist-packages/airflow/example_dags/example_branch_day_of_week_operator.py took 0.091 seconds
[2023-09-27T11:10:28.196+0000] {processor.py:157} INFO - Started process (PID=4947) to work on /usr/local/lib/python3.10/dist-packages/airflow/example_dags/example_branch_day_of_week_operator.py
[2023-09-27T11:10:28.197+0000] {processor.py:829} INFO - Processing file /usr/local/lib/python3.10/dist-packages/airflow/example_dags/example_branch_day_of_week_operator.py for tasks to queue
[2023-09-27T11:10:28.198+0000] {logging_mixin.py:151} INFO - [2023-09-27T11:10:28.198+0000] {dagbag.py:539} INFO - Filling up the DagBag from /usr/local/lib/python3.10/dist-packages/airflow/example_dags/example_branch_day_of_week_operator.py
[2023-09-27T11:10:28.207+0000] {processor.py:839} INFO - DAG(s) dict_keys(['example_weekday_branch_operator']) retrieved from /usr/local/lib/python3.10/dist-packages/airflow/example_dags/example_branch_day_of_week_operator.py
[2023-09-27T11:10:28.229+0000] {logging_mixin.py:151} INFO - [2023-09-27T11:10:28.229+0000] {dag.py:2915} INFO - Sync 1 DAGs
[2023-09-27T11:10:28.262+0000] {logging_mixin.py:151} INFO - [2023-09-27T11:10:28.261+0000] {dag.py:3696} INFO - Setting next_dagrun for example_weekday_branch_operator to 2023-09-26T00:00:00+00:00, run_after=2023-09-27T00:00:00+00:00
[2023-09-27T11:10:28.282+0000] {processor.py:179} INFO - Processing /usr/local/lib/python3.10/dist-packages/airflow/example_dags/example_branch_day_of_week_operator.py took 0.090 seconds
[2023-09-27T11:11:16.624+0000] {processor.py:157} INFO - Started process (PID=5000) to work on /usr/local/lib/python3.10/dist-packages/airflow/example_dags/example_branch_day_of_week_operator.py
[2023-09-27T11:11:16.626+0000] {processor.py:829} INFO - Processing file /usr/local/lib/python3.10/dist-packages/airflow/example_dags/example_branch_day_of_week_operator.py for tasks to queue
[2023-09-27T11:11:16.626+0000] {logging_mixin.py:151} INFO - [2023-09-27T11:11:16.626+0000] {dagbag.py:539} INFO - Filling up the DagBag from /usr/local/lib/python3.10/dist-packages/airflow/example_dags/example_branch_day_of_week_operator.py
[2023-09-27T11:11:16.634+0000] {processor.py:839} INFO - DAG(s) dict_keys(['example_weekday_branch_operator']) retrieved from /usr/local/lib/python3.10/dist-packages/airflow/example_dags/example_branch_day_of_week_operator.py
[2023-09-27T11:11:16.652+0000] {logging_mixin.py:151} INFO - [2023-09-27T11:11:16.652+0000] {dag.py:2915} INFO - Sync 1 DAGs
[2023-09-27T11:11:16.674+0000] {logging_mixin.py:151} INFO - [2023-09-27T11:11:16.674+0000] {dag.py:3696} INFO - Setting next_dagrun for example_weekday_branch_operator to 2023-09-26T00:00:00+00:00, run_after=2023-09-27T00:00:00+00:00
[2023-09-27T11:11:16.696+0000] {processor.py:179} INFO - Processing /usr/local/lib/python3.10/dist-packages/airflow/example_dags/example_branch_day_of_week_operator.py took 0.075 seconds
[2023-09-27T11:12:06.724+0000] {processor.py:157} INFO - Started process (PID=5052) to work on /usr/local/lib/python3.10/dist-packages/airflow/example_dags/example_branch_day_of_week_operator.py
[2023-09-27T11:12:06.725+0000] {processor.py:829} INFO - Processing file /usr/local/lib/python3.10/dist-packages/airflow/example_dags/example_branch_day_of_week_operator.py for tasks to queue
[2023-09-27T11:12:06.726+0000] {logging_mixin.py:151} INFO - [2023-09-27T11:12:06.726+0000] {dagbag.py:539} INFO - Filling up the DagBag from /usr/local/lib/python3.10/dist-packages/airflow/example_dags/example_branch_day_of_week_operator.py
[2023-09-27T11:12:06.733+0000] {processor.py:839} INFO - DAG(s) dict_keys(['example_weekday_branch_operator']) retrieved from /usr/local/lib/python3.10/dist-packages/airflow/example_dags/example_branch_day_of_week_operator.py
[2023-09-27T11:12:06.750+0000] {logging_mixin.py:151} INFO - [2023-09-27T11:12:06.750+0000] {dag.py:2915} INFO - Sync 1 DAGs
[2023-09-27T11:12:06.770+0000] {logging_mixin.py:151} INFO - [2023-09-27T11:12:06.770+0000] {dag.py:3696} INFO - Setting next_dagrun for example_weekday_branch_operator to 2023-09-26T00:00:00+00:00, run_after=2023-09-27T00:00:00+00:00
[2023-09-27T11:12:06.791+0000] {processor.py:179} INFO - Processing /usr/local/lib/python3.10/dist-packages/airflow/example_dags/example_branch_day_of_week_operator.py took 0.069 seconds
[2023-09-27T11:12:54.241+0000] {processor.py:157} INFO - Started process (PID=5104) to work on /usr/local/lib/python3.10/dist-packages/airflow/example_dags/example_branch_day_of_week_operator.py
[2023-09-27T11:12:54.242+0000] {processor.py:829} INFO - Processing file /usr/local/lib/python3.10/dist-packages/airflow/example_dags/example_branch_day_of_week_operator.py for tasks to queue
[2023-09-27T11:12:54.243+0000] {logging_mixin.py:151} INFO - [2023-09-27T11:12:54.242+0000] {dagbag.py:539} INFO - Filling up the DagBag from /usr/local/lib/python3.10/dist-packages/airflow/example_dags/example_branch_day_of_week_operator.py
[2023-09-27T11:12:54.251+0000] {processor.py:839} INFO - DAG(s) dict_keys(['example_weekday_branch_operator']) retrieved from /usr/local/lib/python3.10/dist-packages/airflow/example_dags/example_branch_day_of_week_operator.py
[2023-09-27T11:12:54.270+0000] {logging_mixin.py:151} INFO - [2023-09-27T11:12:54.270+0000] {dag.py:2915} INFO - Sync 1 DAGs
[2023-09-27T11:12:54.296+0000] {logging_mixin.py:151} INFO - [2023-09-27T11:12:54.295+0000] {dag.py:3696} INFO - Setting next_dagrun for example_weekday_branch_operator to 2023-09-26T00:00:00+00:00, run_after=2023-09-27T00:00:00+00:00
[2023-09-27T11:12:54.320+0000] {processor.py:179} INFO - Processing /usr/local/lib/python3.10/dist-packages/airflow/example_dags/example_branch_day_of_week_operator.py took 0.082 seconds
[2023-09-27T11:13:44.615+0000] {processor.py:157} INFO - Started process (PID=5158) to work on /usr/local/lib/python3.10/dist-packages/airflow/example_dags/example_branch_day_of_week_operator.py
[2023-09-27T11:13:44.617+0000] {processor.py:829} INFO - Processing file /usr/local/lib/python3.10/dist-packages/airflow/example_dags/example_branch_day_of_week_operator.py for tasks to queue
[2023-09-27T11:13:44.618+0000] {logging_mixin.py:151} INFO - [2023-09-27T11:13:44.617+0000] {dagbag.py:539} INFO - Filling up the DagBag from /usr/local/lib/python3.10/dist-packages/airflow/example_dags/example_branch_day_of_week_operator.py
[2023-09-27T11:13:44.627+0000] {processor.py:839} INFO - DAG(s) dict_keys(['example_weekday_branch_operator']) retrieved from /usr/local/lib/python3.10/dist-packages/airflow/example_dags/example_branch_day_of_week_operator.py
[2023-09-27T11:13:44.644+0000] {logging_mixin.py:151} INFO - [2023-09-27T11:13:44.644+0000] {dag.py:2915} INFO - Sync 1 DAGs
[2023-09-27T11:13:44.664+0000] {logging_mixin.py:151} INFO - [2023-09-27T11:13:44.663+0000] {dag.py:3696} INFO - Setting next_dagrun for example_weekday_branch_operator to 2023-09-26T00:00:00+00:00, run_after=2023-09-27T00:00:00+00:00
[2023-09-27T11:13:44.684+0000] {processor.py:179} INFO - Processing /usr/local/lib/python3.10/dist-packages/airflow/example_dags/example_branch_day_of_week_operator.py took 0.072 seconds
[2023-09-27T11:14:34.197+0000] {processor.py:157} INFO - Started process (PID=5210) to work on /usr/local/lib/python3.10/dist-packages/airflow/example_dags/example_branch_day_of_week_operator.py
[2023-09-27T11:14:34.198+0000] {processor.py:829} INFO - Processing file /usr/local/lib/python3.10/dist-packages/airflow/example_dags/example_branch_day_of_week_operator.py for tasks to queue
[2023-09-27T11:14:34.199+0000] {logging_mixin.py:151} INFO - [2023-09-27T11:14:34.199+0000] {dagbag.py:539} INFO - Filling up the DagBag from /usr/local/lib/python3.10/dist-packages/airflow/example_dags/example_branch_day_of_week_operator.py
[2023-09-27T11:14:34.207+0000] {processor.py:839} INFO - DAG(s) dict_keys(['example_weekday_branch_operator']) retrieved from /usr/local/lib/python3.10/dist-packages/airflow/example_dags/example_branch_day_of_week_operator.py
[2023-09-27T11:14:34.226+0000] {logging_mixin.py:151} INFO - [2023-09-27T11:14:34.225+0000] {dag.py:2915} INFO - Sync 1 DAGs
[2023-09-27T11:14:34.250+0000] {logging_mixin.py:151} INFO - [2023-09-27T11:14:34.250+0000] {dag.py:3696} INFO - Setting next_dagrun for example_weekday_branch_operator to 2023-09-26T00:00:00+00:00, run_after=2023-09-27T00:00:00+00:00
[2023-09-27T11:14:34.273+0000] {processor.py:179} INFO - Processing /usr/local/lib/python3.10/dist-packages/airflow/example_dags/example_branch_day_of_week_operator.py took 0.079 seconds
[2023-09-27T11:15:26.277+0000] {processor.py:157} INFO - Started process (PID=5263) to work on /usr/local/lib/python3.10/dist-packages/airflow/example_dags/example_branch_day_of_week_operator.py
[2023-09-27T11:15:26.278+0000] {processor.py:829} INFO - Processing file /usr/local/lib/python3.10/dist-packages/airflow/example_dags/example_branch_day_of_week_operator.py for tasks to queue
[2023-09-27T11:15:26.279+0000] {logging_mixin.py:151} INFO - [2023-09-27T11:15:26.278+0000] {dagbag.py:539} INFO - Filling up the DagBag from /usr/local/lib/python3.10/dist-packages/airflow/example_dags/example_branch_day_of_week_operator.py
[2023-09-27T11:15:26.287+0000] {processor.py:839} INFO - DAG(s) dict_keys(['example_weekday_branch_operator']) retrieved from /usr/local/lib/python3.10/dist-packages/airflow/example_dags/example_branch_day_of_week_operator.py
[2023-09-27T11:15:26.305+0000] {logging_mixin.py:151} INFO - [2023-09-27T11:15:26.304+0000] {dag.py:2915} INFO - Sync 1 DAGs
[2023-09-27T11:15:26.325+0000] {logging_mixin.py:151} INFO - [2023-09-27T11:15:26.325+0000] {dag.py:3696} INFO - Setting next_dagrun for example_weekday_branch_operator to 2023-09-26T00:00:00+00:00, run_after=2023-09-27T00:00:00+00:00
[2023-09-27T11:15:26.351+0000] {processor.py:179} INFO - Processing /usr/local/lib/python3.10/dist-packages/airflow/example_dags/example_branch_day_of_week_operator.py took 0.077 seconds
[2023-09-27T11:16:16.978+0000] {processor.py:157} INFO - Started process (PID=5315) to work on /usr/local/lib/python3.10/dist-packages/airflow/example_dags/example_branch_day_of_week_operator.py
[2023-09-27T11:16:16.979+0000] {processor.py:829} INFO - Processing file /usr/local/lib/python3.10/dist-packages/airflow/example_dags/example_branch_day_of_week_operator.py for tasks to queue
[2023-09-27T11:16:16.981+0000] {logging_mixin.py:151} INFO - [2023-09-27T11:16:16.980+0000] {dagbag.py:539} INFO - Filling up the DagBag from /usr/local/lib/python3.10/dist-packages/airflow/example_dags/example_branch_day_of_week_operator.py
[2023-09-27T11:16:16.991+0000] {processor.py:839} INFO - DAG(s) dict_keys(['example_weekday_branch_operator']) retrieved from /usr/local/lib/python3.10/dist-packages/airflow/example_dags/example_branch_day_of_week_operator.py
[2023-09-27T11:16:17.013+0000] {logging_mixin.py:151} INFO - [2023-09-27T11:16:17.012+0000] {dag.py:2915} INFO - Sync 1 DAGs
[2023-09-27T11:16:17.036+0000] {logging_mixin.py:151} INFO - [2023-09-27T11:16:17.035+0000] {dag.py:3696} INFO - Setting next_dagrun for example_weekday_branch_operator to 2023-09-26T00:00:00+00:00, run_after=2023-09-27T00:00:00+00:00
[2023-09-27T11:16:17.063+0000] {processor.py:179} INFO - Processing /usr/local/lib/python3.10/dist-packages/airflow/example_dags/example_branch_day_of_week_operator.py took 0.089 seconds
[2023-09-27T11:17:06.470+0000] {processor.py:157} INFO - Started process (PID=5371) to work on /usr/local/lib/python3.10/dist-packages/airflow/example_dags/example_branch_day_of_week_operator.py
[2023-09-27T11:17:06.471+0000] {processor.py:829} INFO - Processing file /usr/local/lib/python3.10/dist-packages/airflow/example_dags/example_branch_day_of_week_operator.py for tasks to queue
[2023-09-27T11:17:06.472+0000] {logging_mixin.py:151} INFO - [2023-09-27T11:17:06.472+0000] {dagbag.py:539} INFO - Filling up the DagBag from /usr/local/lib/python3.10/dist-packages/airflow/example_dags/example_branch_day_of_week_operator.py
[2023-09-27T11:17:06.481+0000] {processor.py:839} INFO - DAG(s) dict_keys(['example_weekday_branch_operator']) retrieved from /usr/local/lib/python3.10/dist-packages/airflow/example_dags/example_branch_day_of_week_operator.py
[2023-09-27T11:17:06.502+0000] {logging_mixin.py:151} INFO - [2023-09-27T11:17:06.502+0000] {dag.py:2915} INFO - Sync 1 DAGs
[2023-09-27T11:17:06.526+0000] {logging_mixin.py:151} INFO - [2023-09-27T11:17:06.521+0000] {dag.py:3696} INFO - Setting next_dagrun for example_weekday_branch_operator to 2023-09-26T00:00:00+00:00, run_after=2023-09-27T00:00:00+00:00
[2023-09-27T11:17:06.546+0000] {processor.py:179} INFO - Processing /usr/local/lib/python3.10/dist-packages/airflow/example_dags/example_branch_day_of_week_operator.py took 0.080 seconds
[2023-09-27T11:17:58.139+0000] {processor.py:157} INFO - Started process (PID=5427) to work on /usr/local/lib/python3.10/dist-packages/airflow/example_dags/example_branch_day_of_week_operator.py
[2023-09-27T11:17:58.140+0000] {processor.py:829} INFO - Processing file /usr/local/lib/python3.10/dist-packages/airflow/example_dags/example_branch_day_of_week_operator.py for tasks to queue
[2023-09-27T11:17:58.141+0000] {logging_mixin.py:151} INFO - [2023-09-27T11:17:58.141+0000] {dagbag.py:539} INFO - Filling up the DagBag from /usr/local/lib/python3.10/dist-packages/airflow/example_dags/example_branch_day_of_week_operator.py
[2023-09-27T11:17:58.149+0000] {processor.py:839} INFO - DAG(s) dict_keys(['example_weekday_branch_operator']) retrieved from /usr/local/lib/python3.10/dist-packages/airflow/example_dags/example_branch_day_of_week_operator.py
[2023-09-27T11:17:58.167+0000] {logging_mixin.py:151} INFO - [2023-09-27T11:17:58.167+0000] {dag.py:2915} INFO - Sync 1 DAGs
[2023-09-27T11:17:58.192+0000] {logging_mixin.py:151} INFO - [2023-09-27T11:17:58.192+0000] {dag.py:3696} INFO - Setting next_dagrun for example_weekday_branch_operator to 2023-09-26T00:00:00+00:00, run_after=2023-09-27T00:00:00+00:00
[2023-09-27T11:17:58.223+0000] {processor.py:179} INFO - Processing /usr/local/lib/python3.10/dist-packages/airflow/example_dags/example_branch_day_of_week_operator.py took 0.087 seconds
[2023-09-27T11:18:47.305+0000] {processor.py:157} INFO - Started process (PID=5479) to work on /usr/local/lib/python3.10/dist-packages/airflow/example_dags/example_branch_day_of_week_operator.py
[2023-09-27T11:18:47.306+0000] {processor.py:829} INFO - Processing file /usr/local/lib/python3.10/dist-packages/airflow/example_dags/example_branch_day_of_week_operator.py for tasks to queue
[2023-09-27T11:18:47.307+0000] {logging_mixin.py:151} INFO - [2023-09-27T11:18:47.306+0000] {dagbag.py:539} INFO - Filling up the DagBag from /usr/local/lib/python3.10/dist-packages/airflow/example_dags/example_branch_day_of_week_operator.py
[2023-09-27T11:18:47.316+0000] {processor.py:839} INFO - DAG(s) dict_keys(['example_weekday_branch_operator']) retrieved from /usr/local/lib/python3.10/dist-packages/airflow/example_dags/example_branch_day_of_week_operator.py
[2023-09-27T11:18:47.339+0000] {logging_mixin.py:151} INFO - [2023-09-27T11:18:47.338+0000] {dag.py:2915} INFO - Sync 1 DAGs
[2023-09-27T11:18:47.364+0000] {logging_mixin.py:151} INFO - [2023-09-27T11:18:47.364+0000] {dag.py:3696} INFO - Setting next_dagrun for example_weekday_branch_operator to 2023-09-26T00:00:00+00:00, run_after=2023-09-27T00:00:00+00:00
[2023-09-27T11:18:47.391+0000] {processor.py:179} INFO - Processing /usr/local/lib/python3.10/dist-packages/airflow/example_dags/example_branch_day_of_week_operator.py took 0.089 seconds
[2023-09-27T11:19:36.082+0000] {processor.py:157} INFO - Started process (PID=5531) to work on /usr/local/lib/python3.10/dist-packages/airflow/example_dags/example_branch_day_of_week_operator.py
[2023-09-27T11:19:36.083+0000] {processor.py:829} INFO - Processing file /usr/local/lib/python3.10/dist-packages/airflow/example_dags/example_branch_day_of_week_operator.py for tasks to queue
[2023-09-27T11:19:36.084+0000] {logging_mixin.py:151} INFO - [2023-09-27T11:19:36.084+0000] {dagbag.py:539} INFO - Filling up the DagBag from /usr/local/lib/python3.10/dist-packages/airflow/example_dags/example_branch_day_of_week_operator.py
[2023-09-27T11:19:36.100+0000] {processor.py:839} INFO - DAG(s) dict_keys(['example_weekday_branch_operator']) retrieved from /usr/local/lib/python3.10/dist-packages/airflow/example_dags/example_branch_day_of_week_operator.py
[2023-09-27T11:19:36.120+0000] {logging_mixin.py:151} INFO - [2023-09-27T11:19:36.120+0000] {dag.py:2915} INFO - Sync 1 DAGs
[2023-09-27T11:19:36.144+0000] {logging_mixin.py:151} INFO - [2023-09-27T11:19:36.143+0000] {dag.py:3696} INFO - Setting next_dagrun for example_weekday_branch_operator to 2023-09-26T00:00:00+00:00, run_after=2023-09-27T00:00:00+00:00
[2023-09-27T11:19:36.164+0000] {processor.py:179} INFO - Processing /usr/local/lib/python3.10/dist-packages/airflow/example_dags/example_branch_day_of_week_operator.py took 0.086 seconds
[2023-09-27T11:20:30.029+0000] {processor.py:157} INFO - Started process (PID=5588) to work on /usr/local/lib/python3.10/dist-packages/airflow/example_dags/example_branch_day_of_week_operator.py
[2023-09-27T11:20:30.031+0000] {processor.py:829} INFO - Processing file /usr/local/lib/python3.10/dist-packages/airflow/example_dags/example_branch_day_of_week_operator.py for tasks to queue
[2023-09-27T11:20:30.032+0000] {logging_mixin.py:151} INFO - [2023-09-27T11:20:30.031+0000] {dagbag.py:539} INFO - Filling up the DagBag from /usr/local/lib/python3.10/dist-packages/airflow/example_dags/example_branch_day_of_week_operator.py
[2023-09-27T11:20:30.041+0000] {processor.py:839} INFO - DAG(s) dict_keys(['example_weekday_branch_operator']) retrieved from /usr/local/lib/python3.10/dist-packages/airflow/example_dags/example_branch_day_of_week_operator.py
[2023-09-27T11:20:30.064+0000] {logging_mixin.py:151} INFO - [2023-09-27T11:20:30.064+0000] {dag.py:2915} INFO - Sync 1 DAGs
[2023-09-27T11:20:30.089+0000] {logging_mixin.py:151} INFO - [2023-09-27T11:20:30.089+0000] {dag.py:3696} INFO - Setting next_dagrun for example_weekday_branch_operator to 2023-09-26T00:00:00+00:00, run_after=2023-09-27T00:00:00+00:00
[2023-09-27T11:20:30.115+0000] {processor.py:179} INFO - Processing /usr/local/lib/python3.10/dist-packages/airflow/example_dags/example_branch_day_of_week_operator.py took 0.089 seconds
[2023-09-27T11:21:20.968+0000] {processor.py:157} INFO - Started process (PID=5640) to work on /usr/local/lib/python3.10/dist-packages/airflow/example_dags/example_branch_day_of_week_operator.py
[2023-09-27T11:21:20.969+0000] {processor.py:829} INFO - Processing file /usr/local/lib/python3.10/dist-packages/airflow/example_dags/example_branch_day_of_week_operator.py for tasks to queue
[2023-09-27T11:21:20.970+0000] {logging_mixin.py:151} INFO - [2023-09-27T11:21:20.969+0000] {dagbag.py:539} INFO - Filling up the DagBag from /usr/local/lib/python3.10/dist-packages/airflow/example_dags/example_branch_day_of_week_operator.py
[2023-09-27T11:21:20.978+0000] {processor.py:839} INFO - DAG(s) dict_keys(['example_weekday_branch_operator']) retrieved from /usr/local/lib/python3.10/dist-packages/airflow/example_dags/example_branch_day_of_week_operator.py
[2023-09-27T11:21:20.996+0000] {logging_mixin.py:151} INFO - [2023-09-27T11:21:20.995+0000] {dag.py:2915} INFO - Sync 1 DAGs
[2023-09-27T11:21:21.015+0000] {logging_mixin.py:151} INFO - [2023-09-27T11:21:21.015+0000] {dag.py:3696} INFO - Setting next_dagrun for example_weekday_branch_operator to 2023-09-26T00:00:00+00:00, run_after=2023-09-27T00:00:00+00:00
[2023-09-27T11:21:21.036+0000] {processor.py:179} INFO - Processing /usr/local/lib/python3.10/dist-packages/airflow/example_dags/example_branch_day_of_week_operator.py took 0.072 seconds
[2023-09-27T11:22:11.204+0000] {processor.py:157} INFO - Started process (PID=5697) to work on /usr/local/lib/python3.10/dist-packages/airflow/example_dags/example_branch_day_of_week_operator.py
[2023-09-27T11:22:11.205+0000] {processor.py:829} INFO - Processing file /usr/local/lib/python3.10/dist-packages/airflow/example_dags/example_branch_day_of_week_operator.py for tasks to queue
[2023-09-27T11:22:11.206+0000] {logging_mixin.py:151} INFO - [2023-09-27T11:22:11.205+0000] {dagbag.py:539} INFO - Filling up the DagBag from /usr/local/lib/python3.10/dist-packages/airflow/example_dags/example_branch_day_of_week_operator.py
[2023-09-27T11:22:11.214+0000] {processor.py:839} INFO - DAG(s) dict_keys(['example_weekday_branch_operator']) retrieved from /usr/local/lib/python3.10/dist-packages/airflow/example_dags/example_branch_day_of_week_operator.py
[2023-09-27T11:22:11.236+0000] {logging_mixin.py:151} INFO - [2023-09-27T11:22:11.236+0000] {dag.py:2915} INFO - Sync 1 DAGs
[2023-09-27T11:22:11.265+0000] {logging_mixin.py:151} INFO - [2023-09-27T11:22:11.265+0000] {dag.py:3696} INFO - Setting next_dagrun for example_weekday_branch_operator to 2023-09-26T00:00:00+00:00, run_after=2023-09-27T00:00:00+00:00
[2023-09-27T11:22:11.290+0000] {processor.py:179} INFO - Processing /usr/local/lib/python3.10/dist-packages/airflow/example_dags/example_branch_day_of_week_operator.py took 0.090 seconds
[2023-09-27T11:23:00.497+0000] {processor.py:157} INFO - Started process (PID=5749) to work on /usr/local/lib/python3.10/dist-packages/airflow/example_dags/example_branch_day_of_week_operator.py
[2023-09-27T11:23:00.498+0000] {processor.py:829} INFO - Processing file /usr/local/lib/python3.10/dist-packages/airflow/example_dags/example_branch_day_of_week_operator.py for tasks to queue
[2023-09-27T11:23:00.499+0000] {logging_mixin.py:151} INFO - [2023-09-27T11:23:00.499+0000] {dagbag.py:539} INFO - Filling up the DagBag from /usr/local/lib/python3.10/dist-packages/airflow/example_dags/example_branch_day_of_week_operator.py
[2023-09-27T11:23:00.506+0000] {processor.py:839} INFO - DAG(s) dict_keys(['example_weekday_branch_operator']) retrieved from /usr/local/lib/python3.10/dist-packages/airflow/example_dags/example_branch_day_of_week_operator.py
[2023-09-27T11:23:00.523+0000] {logging_mixin.py:151} INFO - [2023-09-27T11:23:00.523+0000] {dag.py:2915} INFO - Sync 1 DAGs
[2023-09-27T11:23:00.543+0000] {logging_mixin.py:151} INFO - [2023-09-27T11:23:00.543+0000] {dag.py:3696} INFO - Setting next_dagrun for example_weekday_branch_operator to 2023-09-26T00:00:00+00:00, run_after=2023-09-27T00:00:00+00:00
[2023-09-27T11:23:00.567+0000] {processor.py:179} INFO - Processing /usr/local/lib/python3.10/dist-packages/airflow/example_dags/example_branch_day_of_week_operator.py took 0.073 seconds
[2023-09-27T11:23:52.137+0000] {processor.py:157} INFO - Started process (PID=5802) to work on /usr/local/lib/python3.10/dist-packages/airflow/example_dags/example_branch_day_of_week_operator.py
[2023-09-27T11:23:52.138+0000] {processor.py:829} INFO - Processing file /usr/local/lib/python3.10/dist-packages/airflow/example_dags/example_branch_day_of_week_operator.py for tasks to queue
[2023-09-27T11:23:52.139+0000] {logging_mixin.py:151} INFO - [2023-09-27T11:23:52.139+0000] {dagbag.py:539} INFO - Filling up the DagBag from /usr/local/lib/python3.10/dist-packages/airflow/example_dags/example_branch_day_of_week_operator.py
[2023-09-27T11:23:52.147+0000] {processor.py:839} INFO - DAG(s) dict_keys(['example_weekday_branch_operator']) retrieved from /usr/local/lib/python3.10/dist-packages/airflow/example_dags/example_branch_day_of_week_operator.py
[2023-09-27T11:23:52.168+0000] {logging_mixin.py:151} INFO - [2023-09-27T11:23:52.168+0000] {dag.py:2915} INFO - Sync 1 DAGs
[2023-09-27T11:23:52.190+0000] {logging_mixin.py:151} INFO - [2023-09-27T11:23:52.189+0000] {dag.py:3696} INFO - Setting next_dagrun for example_weekday_branch_operator to 2023-09-26T00:00:00+00:00, run_after=2023-09-27T00:00:00+00:00
[2023-09-27T11:23:52.213+0000] {processor.py:179} INFO - Processing /usr/local/lib/python3.10/dist-packages/airflow/example_dags/example_branch_day_of_week_operator.py took 0.081 seconds
[2023-09-27T11:24:42.363+0000] {processor.py:157} INFO - Started process (PID=5854) to work on /usr/local/lib/python3.10/dist-packages/airflow/example_dags/example_branch_day_of_week_operator.py
[2023-09-27T11:24:42.364+0000] {processor.py:829} INFO - Processing file /usr/local/lib/python3.10/dist-packages/airflow/example_dags/example_branch_day_of_week_operator.py for tasks to queue
[2023-09-27T11:24:42.365+0000] {logging_mixin.py:151} INFO - [2023-09-27T11:24:42.365+0000] {dagbag.py:539} INFO - Filling up the DagBag from /usr/local/lib/python3.10/dist-packages/airflow/example_dags/example_branch_day_of_week_operator.py
[2023-09-27T11:24:42.372+0000] {processor.py:839} INFO - DAG(s) dict_keys(['example_weekday_branch_operator']) retrieved from /usr/local/lib/python3.10/dist-packages/airflow/example_dags/example_branch_day_of_week_operator.py
[2023-09-27T11:24:42.389+0000] {logging_mixin.py:151} INFO - [2023-09-27T11:24:42.389+0000] {dag.py:2915} INFO - Sync 1 DAGs
[2023-09-27T11:24:42.409+0000] {logging_mixin.py:151} INFO - [2023-09-27T11:24:42.409+0000] {dag.py:3696} INFO - Setting next_dagrun for example_weekday_branch_operator to 2023-09-26T00:00:00+00:00, run_after=2023-09-27T00:00:00+00:00
[2023-09-27T11:24:42.429+0000] {processor.py:179} INFO - Processing /usr/local/lib/python3.10/dist-packages/airflow/example_dags/example_branch_day_of_week_operator.py took 0.069 seconds
[2023-09-27T11:25:36.584+0000] {processor.py:157} INFO - Started process (PID=5909) to work on /usr/local/lib/python3.10/dist-packages/airflow/example_dags/example_branch_day_of_week_operator.py
[2023-09-27T11:25:36.586+0000] {processor.py:829} INFO - Processing file /usr/local/lib/python3.10/dist-packages/airflow/example_dags/example_branch_day_of_week_operator.py for tasks to queue
[2023-09-27T11:25:36.587+0000] {logging_mixin.py:151} INFO - [2023-09-27T11:25:36.586+0000] {dagbag.py:539} INFO - Filling up the DagBag from /usr/local/lib/python3.10/dist-packages/airflow/example_dags/example_branch_day_of_week_operator.py
[2023-09-27T11:25:36.596+0000] {processor.py:839} INFO - DAG(s) dict_keys(['example_weekday_branch_operator']) retrieved from /usr/local/lib/python3.10/dist-packages/airflow/example_dags/example_branch_day_of_week_operator.py
[2023-09-27T11:25:36.629+0000] {logging_mixin.py:151} INFO - [2023-09-27T11:25:36.629+0000] {dag.py:2915} INFO - Sync 1 DAGs
[2023-09-27T11:25:36.653+0000] {logging_mixin.py:151} INFO - [2023-09-27T11:25:36.652+0000] {dag.py:3696} INFO - Setting next_dagrun for example_weekday_branch_operator to 2023-09-26T00:00:00+00:00, run_after=2023-09-27T00:00:00+00:00
[2023-09-27T11:25:36.677+0000] {processor.py:179} INFO - Processing /usr/local/lib/python3.10/dist-packages/airflow/example_dags/example_branch_day_of_week_operator.py took 0.094 seconds
[2023-09-27T11:26:30.133+0000] {processor.py:157} INFO - Started process (PID=5966) to work on /usr/local/lib/python3.10/dist-packages/airflow/example_dags/example_branch_day_of_week_operator.py
[2023-09-27T11:26:30.135+0000] {processor.py:829} INFO - Processing file /usr/local/lib/python3.10/dist-packages/airflow/example_dags/example_branch_day_of_week_operator.py for tasks to queue
[2023-09-27T11:26:30.135+0000] {logging_mixin.py:151} INFO - [2023-09-27T11:26:30.135+0000] {dagbag.py:539} INFO - Filling up the DagBag from /usr/local/lib/python3.10/dist-packages/airflow/example_dags/example_branch_day_of_week_operator.py
[2023-09-27T11:26:30.148+0000] {processor.py:839} INFO - DAG(s) dict_keys(['example_weekday_branch_operator']) retrieved from /usr/local/lib/python3.10/dist-packages/airflow/example_dags/example_branch_day_of_week_operator.py
[2023-09-27T11:26:30.164+0000] {logging_mixin.py:151} INFO - [2023-09-27T11:26:30.164+0000] {dag.py:2915} INFO - Sync 1 DAGs
[2023-09-27T11:26:30.183+0000] {logging_mixin.py:151} INFO - [2023-09-27T11:26:30.183+0000] {dag.py:3696} INFO - Setting next_dagrun for example_weekday_branch_operator to 2023-09-26T00:00:00+00:00, run_after=2023-09-27T00:00:00+00:00
[2023-09-27T11:26:30.202+0000] {processor.py:179} INFO - Processing /usr/local/lib/python3.10/dist-packages/airflow/example_dags/example_branch_day_of_week_operator.py took 0.076 seconds
[2023-09-27T11:27:18.252+0000] {processor.py:157} INFO - Started process (PID=6019) to work on /usr/local/lib/python3.10/dist-packages/airflow/example_dags/example_branch_day_of_week_operator.py
[2023-09-27T11:27:18.254+0000] {processor.py:829} INFO - Processing file /usr/local/lib/python3.10/dist-packages/airflow/example_dags/example_branch_day_of_week_operator.py for tasks to queue
[2023-09-27T11:27:18.255+0000] {logging_mixin.py:151} INFO - [2023-09-27T11:27:18.254+0000] {dagbag.py:539} INFO - Filling up the DagBag from /usr/local/lib/python3.10/dist-packages/airflow/example_dags/example_branch_day_of_week_operator.py
[2023-09-27T11:27:18.262+0000] {processor.py:839} INFO - DAG(s) dict_keys(['example_weekday_branch_operator']) retrieved from /usr/local/lib/python3.10/dist-packages/airflow/example_dags/example_branch_day_of_week_operator.py
[2023-09-27T11:27:18.297+0000] {logging_mixin.py:151} INFO - [2023-09-27T11:27:18.297+0000] {dag.py:2915} INFO - Sync 1 DAGs
[2023-09-27T11:27:18.326+0000] {logging_mixin.py:151} INFO - [2023-09-27T11:27:18.325+0000] {dag.py:3696} INFO - Setting next_dagrun for example_weekday_branch_operator to 2023-09-26T00:00:00+00:00, run_after=2023-09-27T00:00:00+00:00
[2023-09-27T11:27:18.351+0000] {processor.py:179} INFO - Processing /usr/local/lib/python3.10/dist-packages/airflow/example_dags/example_branch_day_of_week_operator.py took 0.108 seconds
[2023-09-27T11:28:07.953+0000] {processor.py:157} INFO - Started process (PID=6075) to work on /usr/local/lib/python3.10/dist-packages/airflow/example_dags/example_branch_day_of_week_operator.py
[2023-09-27T11:28:07.954+0000] {processor.py:829} INFO - Processing file /usr/local/lib/python3.10/dist-packages/airflow/example_dags/example_branch_day_of_week_operator.py for tasks to queue
[2023-09-27T11:28:07.955+0000] {logging_mixin.py:151} INFO - [2023-09-27T11:28:07.954+0000] {dagbag.py:539} INFO - Filling up the DagBag from /usr/local/lib/python3.10/dist-packages/airflow/example_dags/example_branch_day_of_week_operator.py
[2023-09-27T11:28:07.963+0000] {processor.py:839} INFO - DAG(s) dict_keys(['example_weekday_branch_operator']) retrieved from /usr/local/lib/python3.10/dist-packages/airflow/example_dags/example_branch_day_of_week_operator.py
[2023-09-27T11:28:07.986+0000] {logging_mixin.py:151} INFO - [2023-09-27T11:28:07.986+0000] {dag.py:2915} INFO - Sync 1 DAGs
[2023-09-27T11:28:08.018+0000] {logging_mixin.py:151} INFO - [2023-09-27T11:28:08.018+0000] {dag.py:3696} INFO - Setting next_dagrun for example_weekday_branch_operator to 2023-09-26T00:00:00+00:00, run_after=2023-09-27T00:00:00+00:00
[2023-09-27T11:28:08.041+0000] {processor.py:179} INFO - Processing /usr/local/lib/python3.10/dist-packages/airflow/example_dags/example_branch_day_of_week_operator.py took 0.091 seconds
[2023-09-27T11:28:56.094+0000] {processor.py:157} INFO - Started process (PID=6127) to work on /usr/local/lib/python3.10/dist-packages/airflow/example_dags/example_branch_day_of_week_operator.py
[2023-09-27T11:28:56.096+0000] {processor.py:829} INFO - Processing file /usr/local/lib/python3.10/dist-packages/airflow/example_dags/example_branch_day_of_week_operator.py for tasks to queue
[2023-09-27T11:28:56.097+0000] {logging_mixin.py:151} INFO - [2023-09-27T11:28:56.096+0000] {dagbag.py:539} INFO - Filling up the DagBag from /usr/local/lib/python3.10/dist-packages/airflow/example_dags/example_branch_day_of_week_operator.py
[2023-09-27T11:28:56.110+0000] {processor.py:839} INFO - DAG(s) dict_keys(['example_weekday_branch_operator']) retrieved from /usr/local/lib/python3.10/dist-packages/airflow/example_dags/example_branch_day_of_week_operator.py
[2023-09-27T11:28:56.135+0000] {logging_mixin.py:151} INFO - [2023-09-27T11:28:56.135+0000] {dag.py:2915} INFO - Sync 1 DAGs
[2023-09-27T11:28:56.157+0000] {logging_mixin.py:151} INFO - [2023-09-27T11:28:56.157+0000] {dag.py:3696} INFO - Setting next_dagrun for example_weekday_branch_operator to 2023-09-26T00:00:00+00:00, run_after=2023-09-27T00:00:00+00:00
[2023-09-27T11:28:56.183+0000] {processor.py:179} INFO - Processing /usr/local/lib/python3.10/dist-packages/airflow/example_dags/example_branch_day_of_week_operator.py took 0.093 seconds
[2023-09-27T11:29:47.111+0000] {processor.py:157} INFO - Started process (PID=6182) to work on /usr/local/lib/python3.10/dist-packages/airflow/example_dags/example_branch_day_of_week_operator.py
[2023-09-27T11:29:47.112+0000] {processor.py:829} INFO - Processing file /usr/local/lib/python3.10/dist-packages/airflow/example_dags/example_branch_day_of_week_operator.py for tasks to queue
[2023-09-27T11:29:47.113+0000] {logging_mixin.py:151} INFO - [2023-09-27T11:29:47.112+0000] {dagbag.py:539} INFO - Filling up the DagBag from /usr/local/lib/python3.10/dist-packages/airflow/example_dags/example_branch_day_of_week_operator.py
[2023-09-27T11:29:47.121+0000] {processor.py:839} INFO - DAG(s) dict_keys(['example_weekday_branch_operator']) retrieved from /usr/local/lib/python3.10/dist-packages/airflow/example_dags/example_branch_day_of_week_operator.py
[2023-09-27T11:29:47.140+0000] {logging_mixin.py:151} INFO - [2023-09-27T11:29:47.140+0000] {dag.py:2915} INFO - Sync 1 DAGs
[2023-09-27T11:29:47.159+0000] {logging_mixin.py:151} INFO - [2023-09-27T11:29:47.159+0000] {dag.py:3696} INFO - Setting next_dagrun for example_weekday_branch_operator to 2023-09-26T00:00:00+00:00, run_after=2023-09-27T00:00:00+00:00
[2023-09-27T11:29:47.180+0000] {processor.py:179} INFO - Processing /usr/local/lib/python3.10/dist-packages/airflow/example_dags/example_branch_day_of_week_operator.py took 0.072 seconds
[2023-09-27T11:30:36.463+0000] {processor.py:157} INFO - Started process (PID=6233) to work on /usr/local/lib/python3.10/dist-packages/airflow/example_dags/example_branch_day_of_week_operator.py
[2023-09-27T11:30:36.464+0000] {processor.py:829} INFO - Processing file /usr/local/lib/python3.10/dist-packages/airflow/example_dags/example_branch_day_of_week_operator.py for tasks to queue
[2023-09-27T11:30:36.465+0000] {logging_mixin.py:151} INFO - [2023-09-27T11:30:36.464+0000] {dagbag.py:539} INFO - Filling up the DagBag from /usr/local/lib/python3.10/dist-packages/airflow/example_dags/example_branch_day_of_week_operator.py
[2023-09-27T11:30:36.473+0000] {processor.py:839} INFO - DAG(s) dict_keys(['example_weekday_branch_operator']) retrieved from /usr/local/lib/python3.10/dist-packages/airflow/example_dags/example_branch_day_of_week_operator.py
[2023-09-27T11:30:36.491+0000] {logging_mixin.py:151} INFO - [2023-09-27T11:30:36.491+0000] {dag.py:2915} INFO - Sync 1 DAGs
[2023-09-27T11:30:36.525+0000] {logging_mixin.py:151} INFO - [2023-09-27T11:30:36.525+0000] {dag.py:3696} INFO - Setting next_dagrun for example_weekday_branch_operator to 2023-09-26T00:00:00+00:00, run_after=2023-09-27T00:00:00+00:00
[2023-09-27T11:30:36.551+0000] {processor.py:179} INFO - Processing /usr/local/lib/python3.10/dist-packages/airflow/example_dags/example_branch_day_of_week_operator.py took 0.091 seconds
[2023-09-27T11:31:26.513+0000] {processor.py:157} INFO - Started process (PID=6286) to work on /usr/local/lib/python3.10/dist-packages/airflow/example_dags/example_branch_day_of_week_operator.py
[2023-09-27T11:31:26.515+0000] {processor.py:829} INFO - Processing file /usr/local/lib/python3.10/dist-packages/airflow/example_dags/example_branch_day_of_week_operator.py for tasks to queue
[2023-09-27T11:31:26.516+0000] {logging_mixin.py:151} INFO - [2023-09-27T11:31:26.515+0000] {dagbag.py:539} INFO - Filling up the DagBag from /usr/local/lib/python3.10/dist-packages/airflow/example_dags/example_branch_day_of_week_operator.py
[2023-09-27T11:31:26.524+0000] {processor.py:839} INFO - DAG(s) dict_keys(['example_weekday_branch_operator']) retrieved from /usr/local/lib/python3.10/dist-packages/airflow/example_dags/example_branch_day_of_week_operator.py
[2023-09-27T11:31:26.558+0000] {logging_mixin.py:151} INFO - [2023-09-27T11:31:26.558+0000] {dag.py:2915} INFO - Sync 1 DAGs
[2023-09-27T11:31:26.580+0000] {logging_mixin.py:151} INFO - [2023-09-27T11:31:26.580+0000] {dag.py:3696} INFO - Setting next_dagrun for example_weekday_branch_operator to 2023-09-26T00:00:00+00:00, run_after=2023-09-27T00:00:00+00:00
[2023-09-27T11:31:26.621+0000] {processor.py:179} INFO - Processing /usr/local/lib/python3.10/dist-packages/airflow/example_dags/example_branch_day_of_week_operator.py took 0.111 seconds
[2023-09-27T11:32:12.338+0000] {processor.py:157} INFO - Started process (PID=6339) to work on /usr/local/lib/python3.10/dist-packages/airflow/example_dags/example_branch_day_of_week_operator.py
[2023-09-27T11:32:12.339+0000] {processor.py:829} INFO - Processing file /usr/local/lib/python3.10/dist-packages/airflow/example_dags/example_branch_day_of_week_operator.py for tasks to queue
[2023-09-27T11:32:12.340+0000] {logging_mixin.py:151} INFO - [2023-09-27T11:32:12.339+0000] {dagbag.py:539} INFO - Filling up the DagBag from /usr/local/lib/python3.10/dist-packages/airflow/example_dags/example_branch_day_of_week_operator.py
[2023-09-27T11:32:12.347+0000] {processor.py:839} INFO - DAG(s) dict_keys(['example_weekday_branch_operator']) retrieved from /usr/local/lib/python3.10/dist-packages/airflow/example_dags/example_branch_day_of_week_operator.py
[2023-09-27T11:32:12.364+0000] {logging_mixin.py:151} INFO - [2023-09-27T11:32:12.363+0000] {dag.py:2915} INFO - Sync 1 DAGs
[2023-09-27T11:32:12.386+0000] {logging_mixin.py:151} INFO - [2023-09-27T11:32:12.386+0000] {dag.py:3696} INFO - Setting next_dagrun for example_weekday_branch_operator to 2023-09-26T00:00:00+00:00, run_after=2023-09-27T00:00:00+00:00
[2023-09-27T11:32:12.408+0000] {processor.py:179} INFO - Processing /usr/local/lib/python3.10/dist-packages/airflow/example_dags/example_branch_day_of_week_operator.py took 0.073 seconds
[2023-09-27T11:32:56.493+0000] {processor.py:157} INFO - Started process (PID=6389) to work on /usr/local/lib/python3.10/dist-packages/airflow/example_dags/example_branch_day_of_week_operator.py
[2023-09-27T11:32:56.494+0000] {processor.py:829} INFO - Processing file /usr/local/lib/python3.10/dist-packages/airflow/example_dags/example_branch_day_of_week_operator.py for tasks to queue
[2023-09-27T11:32:56.495+0000] {logging_mixin.py:151} INFO - [2023-09-27T11:32:56.495+0000] {dagbag.py:539} INFO - Filling up the DagBag from /usr/local/lib/python3.10/dist-packages/airflow/example_dags/example_branch_day_of_week_operator.py
[2023-09-27T11:32:56.503+0000] {processor.py:839} INFO - DAG(s) dict_keys(['example_weekday_branch_operator']) retrieved from /usr/local/lib/python3.10/dist-packages/airflow/example_dags/example_branch_day_of_week_operator.py
[2023-09-27T11:32:56.521+0000] {logging_mixin.py:151} INFO - [2023-09-27T11:32:56.520+0000] {dag.py:2915} INFO - Sync 1 DAGs
[2023-09-27T11:32:56.542+0000] {logging_mixin.py:151} INFO - [2023-09-27T11:32:56.542+0000] {dag.py:3696} INFO - Setting next_dagrun for example_weekday_branch_operator to 2023-09-26T00:00:00+00:00, run_after=2023-09-27T00:00:00+00:00
[2023-09-27T11:32:56.568+0000] {processor.py:179} INFO - Processing /usr/local/lib/python3.10/dist-packages/airflow/example_dags/example_branch_day_of_week_operator.py took 0.078 seconds
[2023-09-27T11:33:48.026+0000] {processor.py:157} INFO - Started process (PID=6442) to work on /usr/local/lib/python3.10/dist-packages/airflow/example_dags/example_branch_day_of_week_operator.py
[2023-09-27T11:33:48.028+0000] {processor.py:829} INFO - Processing file /usr/local/lib/python3.10/dist-packages/airflow/example_dags/example_branch_day_of_week_operator.py for tasks to queue
[2023-09-27T11:33:48.029+0000] {logging_mixin.py:151} INFO - [2023-09-27T11:33:48.029+0000] {dagbag.py:539} INFO - Filling up the DagBag from /usr/local/lib/python3.10/dist-packages/airflow/example_dags/example_branch_day_of_week_operator.py
[2023-09-27T11:33:48.041+0000] {processor.py:839} INFO - DAG(s) dict_keys(['example_weekday_branch_operator']) retrieved from /usr/local/lib/python3.10/dist-packages/airflow/example_dags/example_branch_day_of_week_operator.py
[2023-09-27T11:33:48.064+0000] {logging_mixin.py:151} INFO - [2023-09-27T11:33:48.064+0000] {dag.py:2915} INFO - Sync 1 DAGs
[2023-09-27T11:33:48.084+0000] {logging_mixin.py:151} INFO - [2023-09-27T11:33:48.084+0000] {dag.py:3696} INFO - Setting next_dagrun for example_weekday_branch_operator to 2023-09-26T00:00:00+00:00, run_after=2023-09-27T00:00:00+00:00
[2023-09-27T11:33:48.109+0000] {processor.py:179} INFO - Processing /usr/local/lib/python3.10/dist-packages/airflow/example_dags/example_branch_day_of_week_operator.py took 0.086 seconds
[2023-09-27T11:34:37.720+0000] {processor.py:157} INFO - Started process (PID=6492) to work on /usr/local/lib/python3.10/dist-packages/airflow/example_dags/example_branch_day_of_week_operator.py
[2023-09-27T11:34:37.721+0000] {processor.py:829} INFO - Processing file /usr/local/lib/python3.10/dist-packages/airflow/example_dags/example_branch_day_of_week_operator.py for tasks to queue
[2023-09-27T11:34:37.722+0000] {logging_mixin.py:151} INFO - [2023-09-27T11:34:37.722+0000] {dagbag.py:539} INFO - Filling up the DagBag from /usr/local/lib/python3.10/dist-packages/airflow/example_dags/example_branch_day_of_week_operator.py
[2023-09-27T11:34:37.734+0000] {processor.py:839} INFO - DAG(s) dict_keys(['example_weekday_branch_operator']) retrieved from /usr/local/lib/python3.10/dist-packages/airflow/example_dags/example_branch_day_of_week_operator.py
[2023-09-27T11:34:37.758+0000] {logging_mixin.py:151} INFO - [2023-09-27T11:34:37.758+0000] {dag.py:2915} INFO - Sync 1 DAGs
[2023-09-27T11:34:37.790+0000] {logging_mixin.py:151} INFO - [2023-09-27T11:34:37.790+0000] {dag.py:3696} INFO - Setting next_dagrun for example_weekday_branch_operator to 2023-09-26T00:00:00+00:00, run_after=2023-09-27T00:00:00+00:00
[2023-09-27T11:34:37.825+0000] {processor.py:179} INFO - Processing /usr/local/lib/python3.10/dist-packages/airflow/example_dags/example_branch_day_of_week_operator.py took 0.116 seconds
[2023-09-27T11:35:25.981+0000] {processor.py:157} INFO - Started process (PID=6547) to work on /usr/local/lib/python3.10/dist-packages/airflow/example_dags/example_branch_day_of_week_operator.py
[2023-09-27T11:35:25.982+0000] {processor.py:829} INFO - Processing file /usr/local/lib/python3.10/dist-packages/airflow/example_dags/example_branch_day_of_week_operator.py for tasks to queue
[2023-09-27T11:35:25.983+0000] {logging_mixin.py:151} INFO - [2023-09-27T11:35:25.982+0000] {dagbag.py:539} INFO - Filling up the DagBag from /usr/local/lib/python3.10/dist-packages/airflow/example_dags/example_branch_day_of_week_operator.py
[2023-09-27T11:35:25.992+0000] {processor.py:839} INFO - DAG(s) dict_keys(['example_weekday_branch_operator']) retrieved from /usr/local/lib/python3.10/dist-packages/airflow/example_dags/example_branch_day_of_week_operator.py
[2023-09-27T11:35:26.012+0000] {logging_mixin.py:151} INFO - [2023-09-27T11:35:26.012+0000] {dag.py:2915} INFO - Sync 1 DAGs
[2023-09-27T11:35:26.038+0000] {logging_mixin.py:151} INFO - [2023-09-27T11:35:26.038+0000] {dag.py:3696} INFO - Setting next_dagrun for example_weekday_branch_operator to 2023-09-26T00:00:00+00:00, run_after=2023-09-27T00:00:00+00:00
[2023-09-27T11:35:26.071+0000] {processor.py:179} INFO - Processing /usr/local/lib/python3.10/dist-packages/airflow/example_dags/example_branch_day_of_week_operator.py took 0.094 seconds
[2023-09-27T11:36:17.578+0000] {processor.py:157} INFO - Started process (PID=6606) to work on /usr/local/lib/python3.10/dist-packages/airflow/example_dags/example_branch_day_of_week_operator.py
[2023-09-27T11:36:17.579+0000] {processor.py:829} INFO - Processing file /usr/local/lib/python3.10/dist-packages/airflow/example_dags/example_branch_day_of_week_operator.py for tasks to queue
[2023-09-27T11:36:17.580+0000] {logging_mixin.py:151} INFO - [2023-09-27T11:36:17.580+0000] {dagbag.py:539} INFO - Filling up the DagBag from /usr/local/lib/python3.10/dist-packages/airflow/example_dags/example_branch_day_of_week_operator.py
[2023-09-27T11:36:17.587+0000] {processor.py:839} INFO - DAG(s) dict_keys(['example_weekday_branch_operator']) retrieved from /usr/local/lib/python3.10/dist-packages/airflow/example_dags/example_branch_day_of_week_operator.py
[2023-09-27T11:36:17.604+0000] {logging_mixin.py:151} INFO - [2023-09-27T11:36:17.603+0000] {dag.py:2915} INFO - Sync 1 DAGs
[2023-09-27T11:36:17.623+0000] {logging_mixin.py:151} INFO - [2023-09-27T11:36:17.622+0000] {dag.py:3696} INFO - Setting next_dagrun for example_weekday_branch_operator to 2023-09-26T00:00:00+00:00, run_after=2023-09-27T00:00:00+00:00
[2023-09-27T11:36:17.642+0000] {processor.py:179} INFO - Processing /usr/local/lib/python3.10/dist-packages/airflow/example_dags/example_branch_day_of_week_operator.py took 0.066 seconds
[2023-09-27T11:37:03.977+0000] {processor.py:157} INFO - Started process (PID=6722) to work on /usr/local/lib/python3.10/dist-packages/airflow/example_dags/example_branch_day_of_week_operator.py
[2023-09-27T11:37:03.978+0000] {processor.py:829} INFO - Processing file /usr/local/lib/python3.10/dist-packages/airflow/example_dags/example_branch_day_of_week_operator.py for tasks to queue
[2023-09-27T11:37:03.978+0000] {logging_mixin.py:151} INFO - [2023-09-27T11:37:03.978+0000] {dagbag.py:539} INFO - Filling up the DagBag from /usr/local/lib/python3.10/dist-packages/airflow/example_dags/example_branch_day_of_week_operator.py
[2023-09-27T11:37:03.987+0000] {processor.py:839} INFO - DAG(s) dict_keys(['example_weekday_branch_operator']) retrieved from /usr/local/lib/python3.10/dist-packages/airflow/example_dags/example_branch_day_of_week_operator.py
[2023-09-27T11:37:04.012+0000] {logging_mixin.py:151} INFO - [2023-09-27T11:37:04.012+0000] {dag.py:2915} INFO - Sync 1 DAGs
[2023-09-27T11:37:04.035+0000] {logging_mixin.py:151} INFO - [2023-09-27T11:37:04.035+0000] {dag.py:3696} INFO - Setting next_dagrun for example_weekday_branch_operator to 2023-09-26T00:00:00+00:00, run_after=2023-09-27T00:00:00+00:00
[2023-09-27T11:37:04.064+0000] {processor.py:179} INFO - Processing /usr/local/lib/python3.10/dist-packages/airflow/example_dags/example_branch_day_of_week_operator.py took 0.091 seconds
