[2023-09-27T10:54:38.039+0000] {processor.py:157} INFO - Started process (PID=3967) to work on /usr/local/lib/python3.10/dist-packages/airflow/example_dags/example_latest_only.py
[2023-09-27T10:54:38.040+0000] {processor.py:829} INFO - Processing file /usr/local/lib/python3.10/dist-packages/airflow/example_dags/example_latest_only.py for tasks to queue
[2023-09-27T10:54:38.041+0000] {logging_mixin.py:151} INFO - [2023-09-27T10:54:38.041+0000] {dagbag.py:539} INFO - Filling up the DagBag from /usr/local/lib/python3.10/dist-packages/airflow/example_dags/example_latest_only.py
[2023-09-27T10:54:38.049+0000] {processor.py:839} INFO - DAG(s) dict_keys(['latest_only']) retrieved from /usr/local/lib/python3.10/dist-packages/airflow/example_dags/example_latest_only.py
[2023-09-27T10:54:38.149+0000] {logging_mixin.py:151} INFO - [2023-09-27T10:54:38.149+0000] {manager.py:499} INFO - Created Permission View: %s
[2023-09-27T10:54:38.162+0000] {logging_mixin.py:151} INFO - [2023-09-27T10:54:38.161+0000] {manager.py:499} INFO - Created Permission View: %s
[2023-09-27T10:54:38.171+0000] {logging_mixin.py:151} INFO - [2023-09-27T10:54:38.171+0000] {manager.py:499} INFO - Created Permission View: %s
[2023-09-27T10:54:38.172+0000] {logging_mixin.py:151} INFO - [2023-09-27T10:54:38.172+0000] {security.py:708} INFO - Not syncing DAG-level permissions for DAG 'DAG:latest_only' as access control is unset.
[2023-09-27T10:54:38.172+0000] {logging_mixin.py:151} INFO - [2023-09-27T10:54:38.172+0000] {dag.py:2915} INFO - Sync 1 DAGs
[2023-09-27T10:54:38.182+0000] {logging_mixin.py:151} INFO - [2023-09-27T10:54:38.182+0000] {dag.py:2937} INFO - Creating ORM DAG for latest_only
[2023-09-27T10:54:38.191+0000] {logging_mixin.py:151} INFO - [2023-09-27T10:54:38.191+0000] {dag.py:3696} INFO - Setting next_dagrun for latest_only to 2023-09-27T06:54:38.190881+00:00, run_after=2023-09-27T10:54:38.190881+00:00
[2023-09-27T10:54:38.213+0000] {processor.py:179} INFO - Processing /usr/local/lib/python3.10/dist-packages/airflow/example_dags/example_latest_only.py took 0.177 seconds
[2023-09-27T10:55:30.876+0000] {processor.py:157} INFO - Started process (PID=4024) to work on /usr/local/lib/python3.10/dist-packages/airflow/example_dags/example_latest_only.py
[2023-09-27T10:55:30.878+0000] {processor.py:829} INFO - Processing file /usr/local/lib/python3.10/dist-packages/airflow/example_dags/example_latest_only.py for tasks to queue
[2023-09-27T10:55:30.880+0000] {logging_mixin.py:151} INFO - [2023-09-27T10:55:30.879+0000] {dagbag.py:539} INFO - Filling up the DagBag from /usr/local/lib/python3.10/dist-packages/airflow/example_dags/example_latest_only.py
[2023-09-27T10:55:30.887+0000] {processor.py:839} INFO - DAG(s) dict_keys(['latest_only']) retrieved from /usr/local/lib/python3.10/dist-packages/airflow/example_dags/example_latest_only.py
[2023-09-27T10:55:30.907+0000] {logging_mixin.py:151} INFO - [2023-09-27T10:55:30.907+0000] {dag.py:2915} INFO - Sync 1 DAGs
[2023-09-27T10:55:30.937+0000] {logging_mixin.py:151} INFO - [2023-09-27T10:55:30.937+0000] {dag.py:3696} INFO - Setting next_dagrun for latest_only to 2023-09-27T06:55:30.937367+00:00, run_after=2023-09-27T10:55:30.937367+00:00
[2023-09-27T10:55:30.965+0000] {processor.py:179} INFO - Processing /usr/local/lib/python3.10/dist-packages/airflow/example_dags/example_latest_only.py took 0.093 seconds
[2023-09-27T10:57:32.830+0000] {processor.py:157} INFO - Started process (PID=4134) to work on /usr/local/lib/python3.10/dist-packages/airflow/example_dags/example_latest_only.py
[2023-09-27T10:57:32.831+0000] {processor.py:829} INFO - Processing file /usr/local/lib/python3.10/dist-packages/airflow/example_dags/example_latest_only.py for tasks to queue
[2023-09-27T10:57:32.832+0000] {logging_mixin.py:151} INFO - [2023-09-27T10:57:32.831+0000] {dagbag.py:539} INFO - Filling up the DagBag from /usr/local/lib/python3.10/dist-packages/airflow/example_dags/example_latest_only.py
[2023-09-27T10:57:32.839+0000] {processor.py:839} INFO - DAG(s) dict_keys(['latest_only']) retrieved from /usr/local/lib/python3.10/dist-packages/airflow/example_dags/example_latest_only.py
[2023-09-27T10:57:32.855+0000] {logging_mixin.py:151} INFO - [2023-09-27T10:57:32.855+0000] {dag.py:2915} INFO - Sync 1 DAGs
[2023-09-27T10:57:32.876+0000] {logging_mixin.py:151} INFO - [2023-09-27T10:57:32.876+0000] {dag.py:3696} INFO - Setting next_dagrun for latest_only to 2023-09-27T06:57:32.876141+00:00, run_after=2023-09-27T10:57:32.876141+00:00
[2023-09-27T10:57:32.900+0000] {processor.py:179} INFO - Processing /usr/local/lib/python3.10/dist-packages/airflow/example_dags/example_latest_only.py took 0.073 seconds
[2023-09-27T10:58:24.292+0000] {processor.py:157} INFO - Started process (PID=4187) to work on /usr/local/lib/python3.10/dist-packages/airflow/example_dags/example_latest_only.py
[2023-09-27T10:58:24.293+0000] {processor.py:829} INFO - Processing file /usr/local/lib/python3.10/dist-packages/airflow/example_dags/example_latest_only.py for tasks to queue
[2023-09-27T10:58:24.294+0000] {logging_mixin.py:151} INFO - [2023-09-27T10:58:24.293+0000] {dagbag.py:539} INFO - Filling up the DagBag from /usr/local/lib/python3.10/dist-packages/airflow/example_dags/example_latest_only.py
[2023-09-27T10:58:24.302+0000] {processor.py:839} INFO - DAG(s) dict_keys(['latest_only']) retrieved from /usr/local/lib/python3.10/dist-packages/airflow/example_dags/example_latest_only.py
[2023-09-27T10:58:24.317+0000] {logging_mixin.py:151} INFO - [2023-09-27T10:58:24.316+0000] {dag.py:2915} INFO - Sync 1 DAGs
[2023-09-27T10:58:24.340+0000] {logging_mixin.py:151} INFO - [2023-09-27T10:58:24.339+0000] {dag.py:3696} INFO - Setting next_dagrun for latest_only to 2023-09-27T06:58:24.339531+00:00, run_after=2023-09-27T10:58:24.339531+00:00
[2023-09-27T10:58:24.360+0000] {processor.py:179} INFO - Processing /usr/local/lib/python3.10/dist-packages/airflow/example_dags/example_latest_only.py took 0.071 seconds
[2023-09-27T10:59:12.128+0000] {processor.py:157} INFO - Started process (PID=4238) to work on /usr/local/lib/python3.10/dist-packages/airflow/example_dags/example_latest_only.py
[2023-09-27T10:59:12.132+0000] {processor.py:829} INFO - Processing file /usr/local/lib/python3.10/dist-packages/airflow/example_dags/example_latest_only.py for tasks to queue
[2023-09-27T10:59:12.133+0000] {logging_mixin.py:151} INFO - [2023-09-27T10:59:12.133+0000] {dagbag.py:539} INFO - Filling up the DagBag from /usr/local/lib/python3.10/dist-packages/airflow/example_dags/example_latest_only.py
[2023-09-27T10:59:12.148+0000] {processor.py:839} INFO - DAG(s) dict_keys(['latest_only']) retrieved from /usr/local/lib/python3.10/dist-packages/airflow/example_dags/example_latest_only.py
[2023-09-27T10:59:12.165+0000] {logging_mixin.py:151} INFO - [2023-09-27T10:59:12.165+0000] {dag.py:2915} INFO - Sync 1 DAGs
[2023-09-27T10:59:12.186+0000] {logging_mixin.py:151} INFO - [2023-09-27T10:59:12.185+0000] {dag.py:3696} INFO - Setting next_dagrun for latest_only to 2023-09-27T06:59:12.185732+00:00, run_after=2023-09-27T10:59:12.185732+00:00
[2023-09-27T10:59:12.222+0000] {processor.py:179} INFO - Processing /usr/local/lib/python3.10/dist-packages/airflow/example_dags/example_latest_only.py took 0.097 seconds
[2023-09-27T11:00:00.473+0000] {processor.py:157} INFO - Started process (PID=4288) to work on /usr/local/lib/python3.10/dist-packages/airflow/example_dags/example_latest_only.py
[2023-09-27T11:00:00.475+0000] {processor.py:829} INFO - Processing file /usr/local/lib/python3.10/dist-packages/airflow/example_dags/example_latest_only.py for tasks to queue
[2023-09-27T11:00:00.477+0000] {logging_mixin.py:151} INFO - [2023-09-27T11:00:00.476+0000] {dagbag.py:539} INFO - Filling up the DagBag from /usr/local/lib/python3.10/dist-packages/airflow/example_dags/example_latest_only.py
[2023-09-27T11:00:00.485+0000] {processor.py:839} INFO - DAG(s) dict_keys(['latest_only']) retrieved from /usr/local/lib/python3.10/dist-packages/airflow/example_dags/example_latest_only.py
[2023-09-27T11:00:00.515+0000] {logging_mixin.py:151} INFO - [2023-09-27T11:00:00.515+0000] {dag.py:2915} INFO - Sync 1 DAGs
[2023-09-27T11:00:00.544+0000] {logging_mixin.py:151} INFO - [2023-09-27T11:00:00.544+0000] {dag.py:3696} INFO - Setting next_dagrun for latest_only to 2023-09-27T07:00:00.543736+00:00, run_after=2023-09-27T11:00:00.543736+00:00
[2023-09-27T11:00:00.581+0000] {processor.py:179} INFO - Processing /usr/local/lib/python3.10/dist-packages/airflow/example_dags/example_latest_only.py took 0.115 seconds
[2023-09-27T11:00:48.053+0000] {processor.py:157} INFO - Started process (PID=4339) to work on /usr/local/lib/python3.10/dist-packages/airflow/example_dags/example_latest_only.py
[2023-09-27T11:00:48.054+0000] {processor.py:829} INFO - Processing file /usr/local/lib/python3.10/dist-packages/airflow/example_dags/example_latest_only.py for tasks to queue
[2023-09-27T11:00:48.055+0000] {logging_mixin.py:151} INFO - [2023-09-27T11:00:48.055+0000] {dagbag.py:539} INFO - Filling up the DagBag from /usr/local/lib/python3.10/dist-packages/airflow/example_dags/example_latest_only.py
[2023-09-27T11:00:48.061+0000] {processor.py:839} INFO - DAG(s) dict_keys(['latest_only']) retrieved from /usr/local/lib/python3.10/dist-packages/airflow/example_dags/example_latest_only.py
[2023-09-27T11:00:48.077+0000] {logging_mixin.py:151} INFO - [2023-09-27T11:00:48.076+0000] {dag.py:2915} INFO - Sync 1 DAGs
[2023-09-27T11:00:48.095+0000] {logging_mixin.py:151} INFO - [2023-09-27T11:00:48.095+0000] {dag.py:3696} INFO - Setting next_dagrun for latest_only to 2023-09-27T07:00:48.095348+00:00, run_after=2023-09-27T11:00:48.095348+00:00
[2023-09-27T11:00:48.118+0000] {processor.py:179} INFO - Processing /usr/local/lib/python3.10/dist-packages/airflow/example_dags/example_latest_only.py took 0.068 seconds
[2023-09-27T11:01:32.830+0000] {processor.py:157} INFO - Started process (PID=4387) to work on /usr/local/lib/python3.10/dist-packages/airflow/example_dags/example_latest_only.py
[2023-09-27T11:01:32.831+0000] {processor.py:829} INFO - Processing file /usr/local/lib/python3.10/dist-packages/airflow/example_dags/example_latest_only.py for tasks to queue
[2023-09-27T11:01:32.832+0000] {logging_mixin.py:151} INFO - [2023-09-27T11:01:32.832+0000] {dagbag.py:539} INFO - Filling up the DagBag from /usr/local/lib/python3.10/dist-packages/airflow/example_dags/example_latest_only.py
[2023-09-27T11:01:32.838+0000] {processor.py:839} INFO - DAG(s) dict_keys(['latest_only']) retrieved from /usr/local/lib/python3.10/dist-packages/airflow/example_dags/example_latest_only.py
[2023-09-27T11:01:32.853+0000] {logging_mixin.py:151} INFO - [2023-09-27T11:01:32.853+0000] {dag.py:2915} INFO - Sync 1 DAGs
[2023-09-27T11:01:32.873+0000] {logging_mixin.py:151} INFO - [2023-09-27T11:01:32.873+0000] {dag.py:3696} INFO - Setting next_dagrun for latest_only to 2023-09-27T07:01:32.873169+00:00, run_after=2023-09-27T11:01:32.873169+00:00
[2023-09-27T11:01:32.895+0000] {processor.py:179} INFO - Processing /usr/local/lib/python3.10/dist-packages/airflow/example_dags/example_latest_only.py took 0.068 seconds
[2023-09-27T11:02:19.018+0000] {processor.py:157} INFO - Started process (PID=4435) to work on /usr/local/lib/python3.10/dist-packages/airflow/example_dags/example_latest_only.py
[2023-09-27T11:02:19.019+0000] {processor.py:829} INFO - Processing file /usr/local/lib/python3.10/dist-packages/airflow/example_dags/example_latest_only.py for tasks to queue
[2023-09-27T11:02:19.021+0000] {logging_mixin.py:151} INFO - [2023-09-27T11:02:19.020+0000] {dagbag.py:539} INFO - Filling up the DagBag from /usr/local/lib/python3.10/dist-packages/airflow/example_dags/example_latest_only.py
[2023-09-27T11:02:19.029+0000] {processor.py:839} INFO - DAG(s) dict_keys(['latest_only']) retrieved from /usr/local/lib/python3.10/dist-packages/airflow/example_dags/example_latest_only.py
[2023-09-27T11:02:19.047+0000] {logging_mixin.py:151} INFO - [2023-09-27T11:02:19.046+0000] {dag.py:2915} INFO - Sync 1 DAGs
[2023-09-27T11:02:19.075+0000] {logging_mixin.py:151} INFO - [2023-09-27T11:02:19.075+0000] {dag.py:3696} INFO - Setting next_dagrun for latest_only to 2023-09-27T07:02:19.075146+00:00, run_after=2023-09-27T11:02:19.075146+00:00
[2023-09-27T11:02:19.109+0000] {processor.py:179} INFO - Processing /usr/local/lib/python3.10/dist-packages/airflow/example_dags/example_latest_only.py took 0.094 seconds
[2023-09-27T11:03:11.149+0000] {processor.py:157} INFO - Started process (PID=4489) to work on /usr/local/lib/python3.10/dist-packages/airflow/example_dags/example_latest_only.py
[2023-09-27T11:03:11.150+0000] {processor.py:829} INFO - Processing file /usr/local/lib/python3.10/dist-packages/airflow/example_dags/example_latest_only.py for tasks to queue
[2023-09-27T11:03:11.151+0000] {logging_mixin.py:151} INFO - [2023-09-27T11:03:11.150+0000] {dagbag.py:539} INFO - Filling up the DagBag from /usr/local/lib/python3.10/dist-packages/airflow/example_dags/example_latest_only.py
[2023-09-27T11:03:11.158+0000] {processor.py:839} INFO - DAG(s) dict_keys(['latest_only']) retrieved from /usr/local/lib/python3.10/dist-packages/airflow/example_dags/example_latest_only.py
[2023-09-27T11:03:11.173+0000] {logging_mixin.py:151} INFO - [2023-09-27T11:03:11.173+0000] {dag.py:2915} INFO - Sync 1 DAGs
[2023-09-27T11:03:11.196+0000] {logging_mixin.py:151} INFO - [2023-09-27T11:03:11.196+0000] {dag.py:3696} INFO - Setting next_dagrun for latest_only to 2023-09-27T07:03:11.196385+00:00, run_after=2023-09-27T11:03:11.196385+00:00
[2023-09-27T11:03:11.227+0000] {processor.py:179} INFO - Processing /usr/local/lib/python3.10/dist-packages/airflow/example_dags/example_latest_only.py took 0.081 seconds
[2023-09-27T11:04:02.114+0000] {processor.py:157} INFO - Started process (PID=4540) to work on /usr/local/lib/python3.10/dist-packages/airflow/example_dags/example_latest_only.py
[2023-09-27T11:04:02.115+0000] {processor.py:829} INFO - Processing file /usr/local/lib/python3.10/dist-packages/airflow/example_dags/example_latest_only.py for tasks to queue
[2023-09-27T11:04:02.116+0000] {logging_mixin.py:151} INFO - [2023-09-27T11:04:02.115+0000] {dagbag.py:539} INFO - Filling up the DagBag from /usr/local/lib/python3.10/dist-packages/airflow/example_dags/example_latest_only.py
[2023-09-27T11:04:02.123+0000] {processor.py:839} INFO - DAG(s) dict_keys(['latest_only']) retrieved from /usr/local/lib/python3.10/dist-packages/airflow/example_dags/example_latest_only.py
[2023-09-27T11:04:02.152+0000] {logging_mixin.py:151} INFO - [2023-09-27T11:04:02.152+0000] {dag.py:2915} INFO - Sync 1 DAGs
[2023-09-27T11:04:02.193+0000] {logging_mixin.py:151} INFO - [2023-09-27T11:04:02.193+0000] {dag.py:3696} INFO - Setting next_dagrun for latest_only to 2023-09-27T07:04:02.193197+00:00, run_after=2023-09-27T11:04:02.193197+00:00
[2023-09-27T11:04:02.221+0000] {processor.py:179} INFO - Processing /usr/local/lib/python3.10/dist-packages/airflow/example_dags/example_latest_only.py took 0.119 seconds
[2023-09-27T11:04:53.204+0000] {processor.py:157} INFO - Started process (PID=4593) to work on /usr/local/lib/python3.10/dist-packages/airflow/example_dags/example_latest_only.py
[2023-09-27T11:04:53.205+0000] {processor.py:829} INFO - Processing file /usr/local/lib/python3.10/dist-packages/airflow/example_dags/example_latest_only.py for tasks to queue
[2023-09-27T11:04:53.206+0000] {logging_mixin.py:151} INFO - [2023-09-27T11:04:53.205+0000] {dagbag.py:539} INFO - Filling up the DagBag from /usr/local/lib/python3.10/dist-packages/airflow/example_dags/example_latest_only.py
[2023-09-27T11:04:53.213+0000] {processor.py:839} INFO - DAG(s) dict_keys(['latest_only']) retrieved from /usr/local/lib/python3.10/dist-packages/airflow/example_dags/example_latest_only.py
[2023-09-27T11:04:53.230+0000] {logging_mixin.py:151} INFO - [2023-09-27T11:04:53.229+0000] {dag.py:2915} INFO - Sync 1 DAGs
[2023-09-27T11:04:53.249+0000] {logging_mixin.py:151} INFO - [2023-09-27T11:04:53.249+0000] {dag.py:3696} INFO - Setting next_dagrun for latest_only to 2023-09-27T07:04:53.249013+00:00, run_after=2023-09-27T11:04:53.249013+00:00
[2023-09-27T11:04:53.272+0000] {processor.py:179} INFO - Processing /usr/local/lib/python3.10/dist-packages/airflow/example_dags/example_latest_only.py took 0.073 seconds
[2023-09-27T11:05:44.892+0000] {processor.py:157} INFO - Started process (PID=4646) to work on /usr/local/lib/python3.10/dist-packages/airflow/example_dags/example_latest_only.py
[2023-09-27T11:05:44.893+0000] {processor.py:829} INFO - Processing file /usr/local/lib/python3.10/dist-packages/airflow/example_dags/example_latest_only.py for tasks to queue
[2023-09-27T11:05:44.894+0000] {logging_mixin.py:151} INFO - [2023-09-27T11:05:44.894+0000] {dagbag.py:539} INFO - Filling up the DagBag from /usr/local/lib/python3.10/dist-packages/airflow/example_dags/example_latest_only.py
[2023-09-27T11:05:44.903+0000] {processor.py:839} INFO - DAG(s) dict_keys(['latest_only']) retrieved from /usr/local/lib/python3.10/dist-packages/airflow/example_dags/example_latest_only.py
[2023-09-27T11:05:44.920+0000] {logging_mixin.py:151} INFO - [2023-09-27T11:05:44.920+0000] {dag.py:2915} INFO - Sync 1 DAGs
[2023-09-27T11:05:44.938+0000] {logging_mixin.py:151} INFO - [2023-09-27T11:05:44.938+0000] {dag.py:3696} INFO - Setting next_dagrun for latest_only to 2023-09-27T07:05:44.938246+00:00, run_after=2023-09-27T11:05:44.938246+00:00
[2023-09-27T11:05:44.958+0000] {processor.py:179} INFO - Processing /usr/local/lib/python3.10/dist-packages/airflow/example_dags/example_latest_only.py took 0.069 seconds
[2023-09-27T11:06:39.026+0000] {processor.py:157} INFO - Started process (PID=4710) to work on /usr/local/lib/python3.10/dist-packages/airflow/example_dags/example_latest_only.py
[2023-09-27T11:06:39.028+0000] {processor.py:829} INFO - Processing file /usr/local/lib/python3.10/dist-packages/airflow/example_dags/example_latest_only.py for tasks to queue
[2023-09-27T11:06:39.029+0000] {logging_mixin.py:151} INFO - [2023-09-27T11:06:39.028+0000] {dagbag.py:539} INFO - Filling up the DagBag from /usr/local/lib/python3.10/dist-packages/airflow/example_dags/example_latest_only.py
[2023-09-27T11:06:39.038+0000] {processor.py:839} INFO - DAG(s) dict_keys(['latest_only']) retrieved from /usr/local/lib/python3.10/dist-packages/airflow/example_dags/example_latest_only.py
[2023-09-27T11:06:39.055+0000] {logging_mixin.py:151} INFO - [2023-09-27T11:06:39.055+0000] {dag.py:2915} INFO - Sync 1 DAGs
[2023-09-27T11:06:39.076+0000] {logging_mixin.py:151} INFO - [2023-09-27T11:06:39.076+0000] {dag.py:3696} INFO - Setting next_dagrun for latest_only to 2023-09-27T07:06:39.076106+00:00, run_after=2023-09-27T11:06:39.076106+00:00
[2023-09-27T11:06:39.099+0000] {processor.py:179} INFO - Processing /usr/local/lib/python3.10/dist-packages/airflow/example_dags/example_latest_only.py took 0.076 seconds
[2023-09-27T11:07:28.147+0000] {processor.py:157} INFO - Started process (PID=4761) to work on /usr/local/lib/python3.10/dist-packages/airflow/example_dags/example_latest_only.py
[2023-09-27T11:07:28.148+0000] {processor.py:829} INFO - Processing file /usr/local/lib/python3.10/dist-packages/airflow/example_dags/example_latest_only.py for tasks to queue
[2023-09-27T11:07:28.149+0000] {logging_mixin.py:151} INFO - [2023-09-27T11:07:28.149+0000] {dagbag.py:539} INFO - Filling up the DagBag from /usr/local/lib/python3.10/dist-packages/airflow/example_dags/example_latest_only.py
[2023-09-27T11:07:28.155+0000] {processor.py:839} INFO - DAG(s) dict_keys(['latest_only']) retrieved from /usr/local/lib/python3.10/dist-packages/airflow/example_dags/example_latest_only.py
[2023-09-27T11:07:28.171+0000] {logging_mixin.py:151} INFO - [2023-09-27T11:07:28.171+0000] {dag.py:2915} INFO - Sync 1 DAGs
[2023-09-27T11:07:28.200+0000] {logging_mixin.py:151} INFO - [2023-09-27T11:07:28.200+0000] {dag.py:3696} INFO - Setting next_dagrun for latest_only to 2023-09-27T07:07:28.200322+00:00, run_after=2023-09-27T11:07:28.200322+00:00
[2023-09-27T11:07:28.223+0000] {processor.py:179} INFO - Processing /usr/local/lib/python3.10/dist-packages/airflow/example_dags/example_latest_only.py took 0.079 seconds
[2023-09-27T11:08:20.558+0000] {processor.py:157} INFO - Started process (PID=4814) to work on /usr/local/lib/python3.10/dist-packages/airflow/example_dags/example_latest_only.py
[2023-09-27T11:08:20.560+0000] {processor.py:829} INFO - Processing file /usr/local/lib/python3.10/dist-packages/airflow/example_dags/example_latest_only.py for tasks to queue
[2023-09-27T11:08:20.561+0000] {logging_mixin.py:151} INFO - [2023-09-27T11:08:20.560+0000] {dagbag.py:539} INFO - Filling up the DagBag from /usr/local/lib/python3.10/dist-packages/airflow/example_dags/example_latest_only.py
[2023-09-27T11:08:20.570+0000] {processor.py:839} INFO - DAG(s) dict_keys(['latest_only']) retrieved from /usr/local/lib/python3.10/dist-packages/airflow/example_dags/example_latest_only.py
[2023-09-27T11:08:20.600+0000] {logging_mixin.py:151} INFO - [2023-09-27T11:08:20.599+0000] {dag.py:2915} INFO - Sync 1 DAGs
[2023-09-27T11:08:20.620+0000] {logging_mixin.py:151} INFO - [2023-09-27T11:08:20.620+0000] {dag.py:3696} INFO - Setting next_dagrun for latest_only to 2023-09-27T07:08:20.619827+00:00, run_after=2023-09-27T11:08:20.619827+00:00
[2023-09-27T11:08:20.642+0000] {processor.py:179} INFO - Processing /usr/local/lib/python3.10/dist-packages/airflow/example_dags/example_latest_only.py took 0.090 seconds
[2023-09-27T11:09:13.268+0000] {processor.py:157} INFO - Started process (PID=4867) to work on /usr/local/lib/python3.10/dist-packages/airflow/example_dags/example_latest_only.py
[2023-09-27T11:09:13.272+0000] {processor.py:829} INFO - Processing file /usr/local/lib/python3.10/dist-packages/airflow/example_dags/example_latest_only.py for tasks to queue
[2023-09-27T11:09:13.273+0000] {logging_mixin.py:151} INFO - [2023-09-27T11:09:13.273+0000] {dagbag.py:539} INFO - Filling up the DagBag from /usr/local/lib/python3.10/dist-packages/airflow/example_dags/example_latest_only.py
[2023-09-27T11:09:13.281+0000] {processor.py:839} INFO - DAG(s) dict_keys(['latest_only']) retrieved from /usr/local/lib/python3.10/dist-packages/airflow/example_dags/example_latest_only.py
[2023-09-27T11:09:13.298+0000] {logging_mixin.py:151} INFO - [2023-09-27T11:09:13.298+0000] {dag.py:2915} INFO - Sync 1 DAGs
[2023-09-27T11:09:13.318+0000] {logging_mixin.py:151} INFO - [2023-09-27T11:09:13.318+0000] {dag.py:3696} INFO - Setting next_dagrun for latest_only to 2023-09-27T07:09:13.317964+00:00, run_after=2023-09-27T11:09:13.317964+00:00
[2023-09-27T11:09:13.342+0000] {processor.py:179} INFO - Processing /usr/local/lib/python3.10/dist-packages/airflow/example_dags/example_latest_only.py took 0.088 seconds
[2023-09-27T11:09:57.679+0000] {processor.py:157} INFO - Started process (PID=4915) to work on /usr/local/lib/python3.10/dist-packages/airflow/example_dags/example_latest_only.py
[2023-09-27T11:09:57.681+0000] {processor.py:829} INFO - Processing file /usr/local/lib/python3.10/dist-packages/airflow/example_dags/example_latest_only.py for tasks to queue
[2023-09-27T11:09:57.682+0000] {logging_mixin.py:151} INFO - [2023-09-27T11:09:57.681+0000] {dagbag.py:539} INFO - Filling up the DagBag from /usr/local/lib/python3.10/dist-packages/airflow/example_dags/example_latest_only.py
[2023-09-27T11:09:57.688+0000] {processor.py:839} INFO - DAG(s) dict_keys(['latest_only']) retrieved from /usr/local/lib/python3.10/dist-packages/airflow/example_dags/example_latest_only.py
[2023-09-27T11:09:57.705+0000] {logging_mixin.py:151} INFO - [2023-09-27T11:09:57.705+0000] {dag.py:2915} INFO - Sync 1 DAGs
[2023-09-27T11:09:57.726+0000] {logging_mixin.py:151} INFO - [2023-09-27T11:09:57.726+0000] {dag.py:3696} INFO - Setting next_dagrun for latest_only to 2023-09-27T07:09:57.725856+00:00, run_after=2023-09-27T11:09:57.725856+00:00
[2023-09-27T11:09:57.755+0000] {processor.py:179} INFO - Processing /usr/local/lib/python3.10/dist-packages/airflow/example_dags/example_latest_only.py took 0.079 seconds
[2023-09-27T11:10:47.737+0000] {processor.py:157} INFO - Started process (PID=4968) to work on /usr/local/lib/python3.10/dist-packages/airflow/example_dags/example_latest_only.py
[2023-09-27T11:10:47.738+0000] {processor.py:829} INFO - Processing file /usr/local/lib/python3.10/dist-packages/airflow/example_dags/example_latest_only.py for tasks to queue
[2023-09-27T11:10:47.739+0000] {logging_mixin.py:151} INFO - [2023-09-27T11:10:47.739+0000] {dagbag.py:539} INFO - Filling up the DagBag from /usr/local/lib/python3.10/dist-packages/airflow/example_dags/example_latest_only.py
[2023-09-27T11:10:47.745+0000] {processor.py:839} INFO - DAG(s) dict_keys(['latest_only']) retrieved from /usr/local/lib/python3.10/dist-packages/airflow/example_dags/example_latest_only.py
[2023-09-27T11:10:47.759+0000] {logging_mixin.py:151} INFO - [2023-09-27T11:10:47.759+0000] {dag.py:2915} INFO - Sync 1 DAGs
[2023-09-27T11:10:47.780+0000] {logging_mixin.py:151} INFO - [2023-09-27T11:10:47.780+0000] {dag.py:3696} INFO - Setting next_dagrun for latest_only to 2023-09-27T07:10:47.780183+00:00, run_after=2023-09-27T11:10:47.780183+00:00
[2023-09-27T11:10:47.806+0000] {processor.py:179} INFO - Processing /usr/local/lib/python3.10/dist-packages/airflow/example_dags/example_latest_only.py took 0.071 seconds
[2023-09-27T11:11:35.938+0000] {processor.py:157} INFO - Started process (PID=5020) to work on /usr/local/lib/python3.10/dist-packages/airflow/example_dags/example_latest_only.py
[2023-09-27T11:11:35.939+0000] {processor.py:829} INFO - Processing file /usr/local/lib/python3.10/dist-packages/airflow/example_dags/example_latest_only.py for tasks to queue
[2023-09-27T11:11:35.940+0000] {logging_mixin.py:151} INFO - [2023-09-27T11:11:35.940+0000] {dagbag.py:539} INFO - Filling up the DagBag from /usr/local/lib/python3.10/dist-packages/airflow/example_dags/example_latest_only.py
[2023-09-27T11:11:35.947+0000] {processor.py:839} INFO - DAG(s) dict_keys(['latest_only']) retrieved from /usr/local/lib/python3.10/dist-packages/airflow/example_dags/example_latest_only.py
[2023-09-27T11:11:35.966+0000] {logging_mixin.py:151} INFO - [2023-09-27T11:11:35.966+0000] {dag.py:2915} INFO - Sync 1 DAGs
[2023-09-27T11:11:35.985+0000] {logging_mixin.py:151} INFO - [2023-09-27T11:11:35.985+0000] {dag.py:3696} INFO - Setting next_dagrun for latest_only to 2023-09-27T07:11:35.985065+00:00, run_after=2023-09-27T11:11:35.985065+00:00
[2023-09-27T11:11:36.005+0000] {processor.py:179} INFO - Processing /usr/local/lib/python3.10/dist-packages/airflow/example_dags/example_latest_only.py took 0.071 seconds
[2023-09-27T11:12:24.479+0000] {processor.py:157} INFO - Started process (PID=5074) to work on /usr/local/lib/python3.10/dist-packages/airflow/example_dags/example_latest_only.py
[2023-09-27T11:12:24.481+0000] {processor.py:829} INFO - Processing file /usr/local/lib/python3.10/dist-packages/airflow/example_dags/example_latest_only.py for tasks to queue
[2023-09-27T11:12:24.481+0000] {logging_mixin.py:151} INFO - [2023-09-27T11:12:24.481+0000] {dagbag.py:539} INFO - Filling up the DagBag from /usr/local/lib/python3.10/dist-packages/airflow/example_dags/example_latest_only.py
[2023-09-27T11:12:24.487+0000] {processor.py:839} INFO - DAG(s) dict_keys(['latest_only']) retrieved from /usr/local/lib/python3.10/dist-packages/airflow/example_dags/example_latest_only.py
[2023-09-27T11:12:24.506+0000] {logging_mixin.py:151} INFO - [2023-09-27T11:12:24.505+0000] {dag.py:2915} INFO - Sync 1 DAGs
[2023-09-27T11:12:24.526+0000] {logging_mixin.py:151} INFO - [2023-09-27T11:12:24.525+0000] {dag.py:3696} INFO - Setting next_dagrun for latest_only to 2023-09-27T07:12:24.525661+00:00, run_after=2023-09-27T11:12:24.525661+00:00
[2023-09-27T11:12:24.548+0000] {processor.py:179} INFO - Processing /usr/local/lib/python3.10/dist-packages/airflow/example_dags/example_latest_only.py took 0.072 seconds
[2023-09-27T11:13:14.884+0000] {processor.py:157} INFO - Started process (PID=5125) to work on /usr/local/lib/python3.10/dist-packages/airflow/example_dags/example_latest_only.py
[2023-09-27T11:13:14.885+0000] {processor.py:829} INFO - Processing file /usr/local/lib/python3.10/dist-packages/airflow/example_dags/example_latest_only.py for tasks to queue
[2023-09-27T11:13:14.886+0000] {logging_mixin.py:151} INFO - [2023-09-27T11:13:14.885+0000] {dagbag.py:539} INFO - Filling up the DagBag from /usr/local/lib/python3.10/dist-packages/airflow/example_dags/example_latest_only.py
[2023-09-27T11:13:14.894+0000] {processor.py:839} INFO - DAG(s) dict_keys(['latest_only']) retrieved from /usr/local/lib/python3.10/dist-packages/airflow/example_dags/example_latest_only.py
[2023-09-27T11:13:14.911+0000] {logging_mixin.py:151} INFO - [2023-09-27T11:13:14.910+0000] {dag.py:2915} INFO - Sync 1 DAGs
[2023-09-27T11:13:14.933+0000] {logging_mixin.py:151} INFO - [2023-09-27T11:13:14.932+0000] {dag.py:3696} INFO - Setting next_dagrun for latest_only to 2023-09-27T07:13:14.931734+00:00, run_after=2023-09-27T11:13:14.931734+00:00
[2023-09-27T11:13:14.957+0000] {processor.py:179} INFO - Processing /usr/local/lib/python3.10/dist-packages/airflow/example_dags/example_latest_only.py took 0.077 seconds
[2023-09-27T11:14:03.340+0000] {processor.py:157} INFO - Started process (PID=5178) to work on /usr/local/lib/python3.10/dist-packages/airflow/example_dags/example_latest_only.py
[2023-09-27T11:14:03.341+0000] {processor.py:829} INFO - Processing file /usr/local/lib/python3.10/dist-packages/airflow/example_dags/example_latest_only.py for tasks to queue
[2023-09-27T11:14:03.342+0000] {logging_mixin.py:151} INFO - [2023-09-27T11:14:03.342+0000] {dagbag.py:539} INFO - Filling up the DagBag from /usr/local/lib/python3.10/dist-packages/airflow/example_dags/example_latest_only.py
[2023-09-27T11:14:03.348+0000] {processor.py:839} INFO - DAG(s) dict_keys(['latest_only']) retrieved from /usr/local/lib/python3.10/dist-packages/airflow/example_dags/example_latest_only.py
[2023-09-27T11:14:03.375+0000] {logging_mixin.py:151} INFO - [2023-09-27T11:14:03.375+0000] {dag.py:2915} INFO - Sync 1 DAGs
[2023-09-27T11:14:03.397+0000] {logging_mixin.py:151} INFO - [2023-09-27T11:14:03.396+0000] {dag.py:3696} INFO - Setting next_dagrun for latest_only to 2023-09-27T07:14:03.396654+00:00, run_after=2023-09-27T11:14:03.396654+00:00
[2023-09-27T11:14:03.422+0000] {processor.py:179} INFO - Processing /usr/local/lib/python3.10/dist-packages/airflow/example_dags/example_latest_only.py took 0.086 seconds
[2023-09-27T11:14:53.457+0000] {processor.py:157} INFO - Started process (PID=5230) to work on /usr/local/lib/python3.10/dist-packages/airflow/example_dags/example_latest_only.py
[2023-09-27T11:14:53.458+0000] {processor.py:829} INFO - Processing file /usr/local/lib/python3.10/dist-packages/airflow/example_dags/example_latest_only.py for tasks to queue
[2023-09-27T11:14:53.459+0000] {logging_mixin.py:151} INFO - [2023-09-27T11:14:53.458+0000] {dagbag.py:539} INFO - Filling up the DagBag from /usr/local/lib/python3.10/dist-packages/airflow/example_dags/example_latest_only.py
[2023-09-27T11:14:53.465+0000] {processor.py:839} INFO - DAG(s) dict_keys(['latest_only']) retrieved from /usr/local/lib/python3.10/dist-packages/airflow/example_dags/example_latest_only.py
[2023-09-27T11:14:53.494+0000] {logging_mixin.py:151} INFO - [2023-09-27T11:14:53.494+0000] {dag.py:2915} INFO - Sync 1 DAGs
[2023-09-27T11:14:53.518+0000] {logging_mixin.py:151} INFO - [2023-09-27T11:14:53.518+0000] {dag.py:3696} INFO - Setting next_dagrun for latest_only to 2023-09-27T07:14:53.518285+00:00, run_after=2023-09-27T11:14:53.518285+00:00
[2023-09-27T11:14:53.541+0000] {processor.py:179} INFO - Processing /usr/local/lib/python3.10/dist-packages/airflow/example_dags/example_latest_only.py took 0.088 seconds
[2023-09-27T11:15:46.914+0000] {processor.py:157} INFO - Started process (PID=5284) to work on /usr/local/lib/python3.10/dist-packages/airflow/example_dags/example_latest_only.py
[2023-09-27T11:15:46.915+0000] {processor.py:829} INFO - Processing file /usr/local/lib/python3.10/dist-packages/airflow/example_dags/example_latest_only.py for tasks to queue
[2023-09-27T11:15:46.916+0000] {logging_mixin.py:151} INFO - [2023-09-27T11:15:46.916+0000] {dagbag.py:539} INFO - Filling up the DagBag from /usr/local/lib/python3.10/dist-packages/airflow/example_dags/example_latest_only.py
[2023-09-27T11:15:46.923+0000] {processor.py:839} INFO - DAG(s) dict_keys(['latest_only']) retrieved from /usr/local/lib/python3.10/dist-packages/airflow/example_dags/example_latest_only.py
[2023-09-27T11:15:46.939+0000] {logging_mixin.py:151} INFO - [2023-09-27T11:15:46.938+0000] {dag.py:2915} INFO - Sync 1 DAGs
[2023-09-27T11:15:46.966+0000] {logging_mixin.py:151} INFO - [2023-09-27T11:15:46.966+0000] {dag.py:3696} INFO - Setting next_dagrun for latest_only to 2023-09-27T07:15:46.966197+00:00, run_after=2023-09-27T11:15:46.966197+00:00
[2023-09-27T11:15:46.986+0000] {processor.py:179} INFO - Processing /usr/local/lib/python3.10/dist-packages/airflow/example_dags/example_latest_only.py took 0.075 seconds
[2023-09-27T11:16:36.051+0000] {processor.py:157} INFO - Started process (PID=5335) to work on /usr/local/lib/python3.10/dist-packages/airflow/example_dags/example_latest_only.py
[2023-09-27T11:16:36.052+0000] {processor.py:829} INFO - Processing file /usr/local/lib/python3.10/dist-packages/airflow/example_dags/example_latest_only.py for tasks to queue
[2023-09-27T11:16:36.053+0000] {logging_mixin.py:151} INFO - [2023-09-27T11:16:36.053+0000] {dagbag.py:539} INFO - Filling up the DagBag from /usr/local/lib/python3.10/dist-packages/airflow/example_dags/example_latest_only.py
[2023-09-27T11:16:36.061+0000] {processor.py:839} INFO - DAG(s) dict_keys(['latest_only']) retrieved from /usr/local/lib/python3.10/dist-packages/airflow/example_dags/example_latest_only.py
[2023-09-27T11:16:36.082+0000] {logging_mixin.py:151} INFO - [2023-09-27T11:16:36.082+0000] {dag.py:2915} INFO - Sync 1 DAGs
[2023-09-27T11:16:36.124+0000] {logging_mixin.py:151} INFO - [2023-09-27T11:16:36.124+0000] {dag.py:3696} INFO - Setting next_dagrun for latest_only to 2023-09-27T07:16:36.124501+00:00, run_after=2023-09-27T11:16:36.124501+00:00
[2023-09-27T11:16:36.154+0000] {processor.py:179} INFO - Processing /usr/local/lib/python3.10/dist-packages/airflow/example_dags/example_latest_only.py took 0.108 seconds
[2023-09-27T11:17:26.895+0000] {processor.py:157} INFO - Started process (PID=5394) to work on /usr/local/lib/python3.10/dist-packages/airflow/example_dags/example_latest_only.py
[2023-09-27T11:17:26.896+0000] {processor.py:829} INFO - Processing file /usr/local/lib/python3.10/dist-packages/airflow/example_dags/example_latest_only.py for tasks to queue
[2023-09-27T11:17:26.897+0000] {logging_mixin.py:151} INFO - [2023-09-27T11:17:26.897+0000] {dagbag.py:539} INFO - Filling up the DagBag from /usr/local/lib/python3.10/dist-packages/airflow/example_dags/example_latest_only.py
[2023-09-27T11:17:26.904+0000] {processor.py:839} INFO - DAG(s) dict_keys(['latest_only']) retrieved from /usr/local/lib/python3.10/dist-packages/airflow/example_dags/example_latest_only.py
[2023-09-27T11:17:26.920+0000] {logging_mixin.py:151} INFO - [2023-09-27T11:17:26.920+0000] {dag.py:2915} INFO - Sync 1 DAGs
[2023-09-27T11:17:26.941+0000] {logging_mixin.py:151} INFO - [2023-09-27T11:17:26.941+0000] {dag.py:3696} INFO - Setting next_dagrun for latest_only to 2023-09-27T07:17:26.941083+00:00, run_after=2023-09-27T11:17:26.941083+00:00
[2023-09-27T11:17:26.965+0000] {processor.py:179} INFO - Processing /usr/local/lib/python3.10/dist-packages/airflow/example_dags/example_latest_only.py took 0.075 seconds
[2023-09-27T11:18:18.775+0000] {processor.py:157} INFO - Started process (PID=5448) to work on /usr/local/lib/python3.10/dist-packages/airflow/example_dags/example_latest_only.py
[2023-09-27T11:18:18.776+0000] {processor.py:829} INFO - Processing file /usr/local/lib/python3.10/dist-packages/airflow/example_dags/example_latest_only.py for tasks to queue
[2023-09-27T11:18:18.777+0000] {logging_mixin.py:151} INFO - [2023-09-27T11:18:18.776+0000] {dagbag.py:539} INFO - Filling up the DagBag from /usr/local/lib/python3.10/dist-packages/airflow/example_dags/example_latest_only.py
[2023-09-27T11:18:18.783+0000] {processor.py:839} INFO - DAG(s) dict_keys(['latest_only']) retrieved from /usr/local/lib/python3.10/dist-packages/airflow/example_dags/example_latest_only.py
[2023-09-27T11:18:18.800+0000] {logging_mixin.py:151} INFO - [2023-09-27T11:18:18.800+0000] {dag.py:2915} INFO - Sync 1 DAGs
[2023-09-27T11:18:18.820+0000] {logging_mixin.py:151} INFO - [2023-09-27T11:18:18.819+0000] {dag.py:3696} INFO - Setting next_dagrun for latest_only to 2023-09-27T07:18:18.819612+00:00, run_after=2023-09-27T11:18:18.819612+00:00
[2023-09-27T11:18:18.844+0000] {processor.py:179} INFO - Processing /usr/local/lib/python3.10/dist-packages/airflow/example_dags/example_latest_only.py took 0.072 seconds
[2023-09-27T11:19:05.179+0000] {processor.py:157} INFO - Started process (PID=5498) to work on /usr/local/lib/python3.10/dist-packages/airflow/example_dags/example_latest_only.py
[2023-09-27T11:19:05.180+0000] {processor.py:829} INFO - Processing file /usr/local/lib/python3.10/dist-packages/airflow/example_dags/example_latest_only.py for tasks to queue
[2023-09-27T11:19:05.181+0000] {logging_mixin.py:151} INFO - [2023-09-27T11:19:05.181+0000] {dagbag.py:539} INFO - Filling up the DagBag from /usr/local/lib/python3.10/dist-packages/airflow/example_dags/example_latest_only.py
[2023-09-27T11:19:05.187+0000] {processor.py:839} INFO - DAG(s) dict_keys(['latest_only']) retrieved from /usr/local/lib/python3.10/dist-packages/airflow/example_dags/example_latest_only.py
[2023-09-27T11:19:05.204+0000] {logging_mixin.py:151} INFO - [2023-09-27T11:19:05.204+0000] {dag.py:2915} INFO - Sync 1 DAGs
[2023-09-27T11:19:05.224+0000] {logging_mixin.py:151} INFO - [2023-09-27T11:19:05.223+0000] {dag.py:3696} INFO - Setting next_dagrun for latest_only to 2023-09-27T07:19:05.223512+00:00, run_after=2023-09-27T11:19:05.223512+00:00
[2023-09-27T11:19:05.243+0000] {processor.py:179} INFO - Processing /usr/local/lib/python3.10/dist-packages/airflow/example_dags/example_latest_only.py took 0.068 seconds
[2023-09-27T11:19:55.554+0000] {processor.py:157} INFO - Started process (PID=5550) to work on /usr/local/lib/python3.10/dist-packages/airflow/example_dags/example_latest_only.py
[2023-09-27T11:19:55.555+0000] {processor.py:829} INFO - Processing file /usr/local/lib/python3.10/dist-packages/airflow/example_dags/example_latest_only.py for tasks to queue
[2023-09-27T11:19:55.556+0000] {logging_mixin.py:151} INFO - [2023-09-27T11:19:55.555+0000] {dagbag.py:539} INFO - Filling up the DagBag from /usr/local/lib/python3.10/dist-packages/airflow/example_dags/example_latest_only.py
[2023-09-27T11:19:55.562+0000] {processor.py:839} INFO - DAG(s) dict_keys(['latest_only']) retrieved from /usr/local/lib/python3.10/dist-packages/airflow/example_dags/example_latest_only.py
[2023-09-27T11:19:55.579+0000] {logging_mixin.py:151} INFO - [2023-09-27T11:19:55.579+0000] {dag.py:2915} INFO - Sync 1 DAGs
[2023-09-27T11:19:55.601+0000] {logging_mixin.py:151} INFO - [2023-09-27T11:19:55.600+0000] {dag.py:3696} INFO - Setting next_dagrun for latest_only to 2023-09-27T07:19:55.600719+00:00, run_after=2023-09-27T11:19:55.600719+00:00
[2023-09-27T11:19:55.626+0000] {processor.py:179} INFO - Processing /usr/local/lib/python3.10/dist-packages/airflow/example_dags/example_latest_only.py took 0.076 seconds
[2023-09-27T11:20:50.239+0000] {processor.py:157} INFO - Started process (PID=5609) to work on /usr/local/lib/python3.10/dist-packages/airflow/example_dags/example_latest_only.py
[2023-09-27T11:20:50.240+0000] {processor.py:829} INFO - Processing file /usr/local/lib/python3.10/dist-packages/airflow/example_dags/example_latest_only.py for tasks to queue
[2023-09-27T11:20:50.241+0000] {logging_mixin.py:151} INFO - [2023-09-27T11:20:50.241+0000] {dagbag.py:539} INFO - Filling up the DagBag from /usr/local/lib/python3.10/dist-packages/airflow/example_dags/example_latest_only.py
[2023-09-27T11:20:50.247+0000] {processor.py:839} INFO - DAG(s) dict_keys(['latest_only']) retrieved from /usr/local/lib/python3.10/dist-packages/airflow/example_dags/example_latest_only.py
[2023-09-27T11:20:50.262+0000] {logging_mixin.py:151} INFO - [2023-09-27T11:20:50.262+0000] {dag.py:2915} INFO - Sync 1 DAGs
[2023-09-27T11:20:50.282+0000] {logging_mixin.py:151} INFO - [2023-09-27T11:20:50.282+0000] {dag.py:3696} INFO - Setting next_dagrun for latest_only to 2023-09-27T07:20:50.282446+00:00, run_after=2023-09-27T11:20:50.282446+00:00
[2023-09-27T11:20:50.308+0000] {processor.py:179} INFO - Processing /usr/local/lib/python3.10/dist-packages/airflow/example_dags/example_latest_only.py took 0.072 seconds
[2023-09-27T11:21:42.056+0000] {processor.py:157} INFO - Started process (PID=5664) to work on /usr/local/lib/python3.10/dist-packages/airflow/example_dags/example_latest_only.py
[2023-09-27T11:21:42.057+0000] {processor.py:829} INFO - Processing file /usr/local/lib/python3.10/dist-packages/airflow/example_dags/example_latest_only.py for tasks to queue
[2023-09-27T11:21:42.058+0000] {logging_mixin.py:151} INFO - [2023-09-27T11:21:42.058+0000] {dagbag.py:539} INFO - Filling up the DagBag from /usr/local/lib/python3.10/dist-packages/airflow/example_dags/example_latest_only.py
[2023-09-27T11:21:42.065+0000] {processor.py:839} INFO - DAG(s) dict_keys(['latest_only']) retrieved from /usr/local/lib/python3.10/dist-packages/airflow/example_dags/example_latest_only.py
[2023-09-27T11:21:42.084+0000] {logging_mixin.py:151} INFO - [2023-09-27T11:21:42.084+0000] {dag.py:2915} INFO - Sync 1 DAGs
[2023-09-27T11:21:42.108+0000] {logging_mixin.py:151} INFO - [2023-09-27T11:21:42.107+0000] {dag.py:3696} INFO - Setting next_dagrun for latest_only to 2023-09-27T07:21:42.107454+00:00, run_after=2023-09-27T11:21:42.107454+00:00
[2023-09-27T11:21:42.138+0000] {processor.py:179} INFO - Processing /usr/local/lib/python3.10/dist-packages/airflow/example_dags/example_latest_only.py took 0.086 seconds
[2023-09-27T11:22:29.685+0000] {processor.py:157} INFO - Started process (PID=5716) to work on /usr/local/lib/python3.10/dist-packages/airflow/example_dags/example_latest_only.py
[2023-09-27T11:22:29.686+0000] {processor.py:829} INFO - Processing file /usr/local/lib/python3.10/dist-packages/airflow/example_dags/example_latest_only.py for tasks to queue
[2023-09-27T11:22:29.687+0000] {logging_mixin.py:151} INFO - [2023-09-27T11:22:29.687+0000] {dagbag.py:539} INFO - Filling up the DagBag from /usr/local/lib/python3.10/dist-packages/airflow/example_dags/example_latest_only.py
[2023-09-27T11:22:29.693+0000] {processor.py:839} INFO - DAG(s) dict_keys(['latest_only']) retrieved from /usr/local/lib/python3.10/dist-packages/airflow/example_dags/example_latest_only.py
[2023-09-27T11:22:29.713+0000] {logging_mixin.py:151} INFO - [2023-09-27T11:22:29.713+0000] {dag.py:2915} INFO - Sync 1 DAGs
[2023-09-27T11:22:29.733+0000] {logging_mixin.py:151} INFO - [2023-09-27T11:22:29.733+0000] {dag.py:3696} INFO - Setting next_dagrun for latest_only to 2023-09-27T07:22:29.733107+00:00, run_after=2023-09-27T11:22:29.733107+00:00
[2023-09-27T11:22:29.753+0000] {processor.py:179} INFO - Processing /usr/local/lib/python3.10/dist-packages/airflow/example_dags/example_latest_only.py took 0.071 seconds
[2023-09-27T11:23:21.094+0000] {processor.py:157} INFO - Started process (PID=5770) to work on /usr/local/lib/python3.10/dist-packages/airflow/example_dags/example_latest_only.py
[2023-09-27T11:23:21.095+0000] {processor.py:829} INFO - Processing file /usr/local/lib/python3.10/dist-packages/airflow/example_dags/example_latest_only.py for tasks to queue
[2023-09-27T11:23:21.095+0000] {logging_mixin.py:151} INFO - [2023-09-27T11:23:21.095+0000] {dagbag.py:539} INFO - Filling up the DagBag from /usr/local/lib/python3.10/dist-packages/airflow/example_dags/example_latest_only.py
[2023-09-27T11:23:21.101+0000] {processor.py:839} INFO - DAG(s) dict_keys(['latest_only']) retrieved from /usr/local/lib/python3.10/dist-packages/airflow/example_dags/example_latest_only.py
[2023-09-27T11:23:21.116+0000] {logging_mixin.py:151} INFO - [2023-09-27T11:23:21.115+0000] {dag.py:2915} INFO - Sync 1 DAGs
[2023-09-27T11:23:21.135+0000] {logging_mixin.py:151} INFO - [2023-09-27T11:23:21.135+0000] {dag.py:3696} INFO - Setting next_dagrun for latest_only to 2023-09-27T07:23:21.134912+00:00, run_after=2023-09-27T11:23:21.134912+00:00
[2023-09-27T11:23:21.155+0000] {processor.py:179} INFO - Processing /usr/local/lib/python3.10/dist-packages/airflow/example_dags/example_latest_only.py took 0.064 seconds
[2023-09-27T11:24:11.904+0000] {processor.py:157} INFO - Started process (PID=5823) to work on /usr/local/lib/python3.10/dist-packages/airflow/example_dags/example_latest_only.py
[2023-09-27T11:24:11.906+0000] {processor.py:829} INFO - Processing file /usr/local/lib/python3.10/dist-packages/airflow/example_dags/example_latest_only.py for tasks to queue
[2023-09-27T11:24:11.907+0000] {logging_mixin.py:151} INFO - [2023-09-27T11:24:11.906+0000] {dagbag.py:539} INFO - Filling up the DagBag from /usr/local/lib/python3.10/dist-packages/airflow/example_dags/example_latest_only.py
[2023-09-27T11:24:11.913+0000] {processor.py:839} INFO - DAG(s) dict_keys(['latest_only']) retrieved from /usr/local/lib/python3.10/dist-packages/airflow/example_dags/example_latest_only.py
[2023-09-27T11:24:11.930+0000] {logging_mixin.py:151} INFO - [2023-09-27T11:24:11.930+0000] {dag.py:2915} INFO - Sync 1 DAGs
[2023-09-27T11:24:11.950+0000] {logging_mixin.py:151} INFO - [2023-09-27T11:24:11.949+0000] {dag.py:3696} INFO - Setting next_dagrun for latest_only to 2023-09-27T07:24:11.949665+00:00, run_after=2023-09-27T11:24:11.949665+00:00
[2023-09-27T11:24:11.978+0000] {processor.py:179} INFO - Processing /usr/local/lib/python3.10/dist-packages/airflow/example_dags/example_latest_only.py took 0.077 seconds
[2023-09-27T11:25:04.179+0000] {processor.py:157} INFO - Started process (PID=5876) to work on /usr/local/lib/python3.10/dist-packages/airflow/example_dags/example_latest_only.py
[2023-09-27T11:25:04.181+0000] {processor.py:829} INFO - Processing file /usr/local/lib/python3.10/dist-packages/airflow/example_dags/example_latest_only.py for tasks to queue
[2023-09-27T11:25:04.181+0000] {logging_mixin.py:151} INFO - [2023-09-27T11:25:04.181+0000] {dagbag.py:539} INFO - Filling up the DagBag from /usr/local/lib/python3.10/dist-packages/airflow/example_dags/example_latest_only.py
[2023-09-27T11:25:04.189+0000] {processor.py:839} INFO - DAG(s) dict_keys(['latest_only']) retrieved from /usr/local/lib/python3.10/dist-packages/airflow/example_dags/example_latest_only.py
[2023-09-27T11:25:04.217+0000] {logging_mixin.py:151} INFO - [2023-09-27T11:25:04.216+0000] {dag.py:2915} INFO - Sync 1 DAGs
[2023-09-27T11:25:04.244+0000] {logging_mixin.py:151} INFO - [2023-09-27T11:25:04.244+0000] {dag.py:3696} INFO - Setting next_dagrun for latest_only to 2023-09-27T07:25:04.243659+00:00, run_after=2023-09-27T11:25:04.243659+00:00
[2023-09-27T11:25:04.291+0000] {processor.py:179} INFO - Processing /usr/local/lib/python3.10/dist-packages/airflow/example_dags/example_latest_only.py took 0.114 seconds
[2023-09-27T11:25:57.327+0000] {processor.py:157} INFO - Started process (PID=5930) to work on /usr/local/lib/python3.10/dist-packages/airflow/example_dags/example_latest_only.py
[2023-09-27T11:25:57.329+0000] {processor.py:829} INFO - Processing file /usr/local/lib/python3.10/dist-packages/airflow/example_dags/example_latest_only.py for tasks to queue
[2023-09-27T11:25:57.330+0000] {logging_mixin.py:151} INFO - [2023-09-27T11:25:57.330+0000] {dagbag.py:539} INFO - Filling up the DagBag from /usr/local/lib/python3.10/dist-packages/airflow/example_dags/example_latest_only.py
[2023-09-27T11:25:57.338+0000] {processor.py:839} INFO - DAG(s) dict_keys(['latest_only']) retrieved from /usr/local/lib/python3.10/dist-packages/airflow/example_dags/example_latest_only.py
[2023-09-27T11:25:57.361+0000] {logging_mixin.py:151} INFO - [2023-09-27T11:25:57.361+0000] {dag.py:2915} INFO - Sync 1 DAGs
[2023-09-27T11:25:57.382+0000] {logging_mixin.py:151} INFO - [2023-09-27T11:25:57.381+0000] {dag.py:3696} INFO - Setting next_dagrun for latest_only to 2023-09-27T07:25:57.381628+00:00, run_after=2023-09-27T11:25:57.381628+00:00
[2023-09-27T11:25:57.411+0000] {processor.py:179} INFO - Processing /usr/local/lib/python3.10/dist-packages/airflow/example_dags/example_latest_only.py took 0.087 seconds
[2023-09-27T11:26:50.506+0000] {processor.py:157} INFO - Started process (PID=5988) to work on /usr/local/lib/python3.10/dist-packages/airflow/example_dags/example_latest_only.py
[2023-09-27T11:26:50.508+0000] {processor.py:829} INFO - Processing file /usr/local/lib/python3.10/dist-packages/airflow/example_dags/example_latest_only.py for tasks to queue
[2023-09-27T11:26:50.512+0000] {logging_mixin.py:151} INFO - [2023-09-27T11:26:50.510+0000] {dagbag.py:539} INFO - Filling up the DagBag from /usr/local/lib/python3.10/dist-packages/airflow/example_dags/example_latest_only.py
[2023-09-27T11:26:50.523+0000] {processor.py:839} INFO - DAG(s) dict_keys(['latest_only']) retrieved from /usr/local/lib/python3.10/dist-packages/airflow/example_dags/example_latest_only.py
[2023-09-27T11:26:50.541+0000] {logging_mixin.py:151} INFO - [2023-09-27T11:26:50.540+0000] {dag.py:2915} INFO - Sync 1 DAGs
[2023-09-27T11:26:50.570+0000] {logging_mixin.py:151} INFO - [2023-09-27T11:26:50.566+0000] {dag.py:3696} INFO - Setting next_dagrun for latest_only to 2023-09-27T07:26:50.566365+00:00, run_after=2023-09-27T11:26:50.566365+00:00
[2023-09-27T11:26:50.617+0000] {processor.py:179} INFO - Processing /usr/local/lib/python3.10/dist-packages/airflow/example_dags/example_latest_only.py took 0.118 seconds
[2023-09-27T11:27:37.414+0000] {processor.py:157} INFO - Started process (PID=6042) to work on /usr/local/lib/python3.10/dist-packages/airflow/example_dags/example_latest_only.py
[2023-09-27T11:27:37.415+0000] {processor.py:829} INFO - Processing file /usr/local/lib/python3.10/dist-packages/airflow/example_dags/example_latest_only.py for tasks to queue
[2023-09-27T11:27:37.416+0000] {logging_mixin.py:151} INFO - [2023-09-27T11:27:37.415+0000] {dagbag.py:539} INFO - Filling up the DagBag from /usr/local/lib/python3.10/dist-packages/airflow/example_dags/example_latest_only.py
[2023-09-27T11:27:37.424+0000] {processor.py:839} INFO - DAG(s) dict_keys(['latest_only']) retrieved from /usr/local/lib/python3.10/dist-packages/airflow/example_dags/example_latest_only.py
[2023-09-27T11:27:37.443+0000] {logging_mixin.py:151} INFO - [2023-09-27T11:27:37.443+0000] {dag.py:2915} INFO - Sync 1 DAGs
[2023-09-27T11:27:37.467+0000] {logging_mixin.py:151} INFO - [2023-09-27T11:27:37.467+0000] {dag.py:3696} INFO - Setting next_dagrun for latest_only to 2023-09-27T07:27:37.467090+00:00, run_after=2023-09-27T11:27:37.467090+00:00
[2023-09-27T11:27:37.492+0000] {processor.py:179} INFO - Processing /usr/local/lib/python3.10/dist-packages/airflow/example_dags/example_latest_only.py took 0.082 seconds
[2023-09-27T11:28:25.848+0000] {processor.py:157} INFO - Started process (PID=6096) to work on /usr/local/lib/python3.10/dist-packages/airflow/example_dags/example_latest_only.py
[2023-09-27T11:28:25.849+0000] {processor.py:829} INFO - Processing file /usr/local/lib/python3.10/dist-packages/airflow/example_dags/example_latest_only.py for tasks to queue
[2023-09-27T11:28:25.850+0000] {logging_mixin.py:151} INFO - [2023-09-27T11:28:25.849+0000] {dagbag.py:539} INFO - Filling up the DagBag from /usr/local/lib/python3.10/dist-packages/airflow/example_dags/example_latest_only.py
[2023-09-27T11:28:25.856+0000] {processor.py:839} INFO - DAG(s) dict_keys(['latest_only']) retrieved from /usr/local/lib/python3.10/dist-packages/airflow/example_dags/example_latest_only.py
[2023-09-27T11:28:25.877+0000] {logging_mixin.py:151} INFO - [2023-09-27T11:28:25.877+0000] {dag.py:2915} INFO - Sync 1 DAGs
[2023-09-27T11:28:25.900+0000] {logging_mixin.py:151} INFO - [2023-09-27T11:28:25.899+0000] {dag.py:3696} INFO - Setting next_dagrun for latest_only to 2023-09-27T07:28:25.899558+00:00, run_after=2023-09-27T11:28:25.899558+00:00
[2023-09-27T11:28:25.922+0000] {processor.py:179} INFO - Processing /usr/local/lib/python3.10/dist-packages/airflow/example_dags/example_latest_only.py took 0.078 seconds
[2023-09-27T11:29:15.752+0000] {processor.py:157} INFO - Started process (PID=6148) to work on /usr/local/lib/python3.10/dist-packages/airflow/example_dags/example_latest_only.py
[2023-09-27T11:29:15.753+0000] {processor.py:829} INFO - Processing file /usr/local/lib/python3.10/dist-packages/airflow/example_dags/example_latest_only.py for tasks to queue
[2023-09-27T11:29:15.754+0000] {logging_mixin.py:151} INFO - [2023-09-27T11:29:15.754+0000] {dagbag.py:539} INFO - Filling up the DagBag from /usr/local/lib/python3.10/dist-packages/airflow/example_dags/example_latest_only.py
[2023-09-27T11:29:15.760+0000] {processor.py:839} INFO - DAG(s) dict_keys(['latest_only']) retrieved from /usr/local/lib/python3.10/dist-packages/airflow/example_dags/example_latest_only.py
[2023-09-27T11:29:15.778+0000] {logging_mixin.py:151} INFO - [2023-09-27T11:29:15.778+0000] {dag.py:2915} INFO - Sync 1 DAGs
[2023-09-27T11:29:15.798+0000] {logging_mixin.py:151} INFO - [2023-09-27T11:29:15.798+0000] {dag.py:3696} INFO - Setting next_dagrun for latest_only to 2023-09-27T07:29:15.798409+00:00, run_after=2023-09-27T11:29:15.798409+00:00
[2023-09-27T11:29:15.833+0000] {processor.py:179} INFO - Processing /usr/local/lib/python3.10/dist-packages/airflow/example_dags/example_latest_only.py took 0.084 seconds
[2023-09-27T11:30:07.403+0000] {processor.py:157} INFO - Started process (PID=6203) to work on /usr/local/lib/python3.10/dist-packages/airflow/example_dags/example_latest_only.py
[2023-09-27T11:30:07.404+0000] {processor.py:829} INFO - Processing file /usr/local/lib/python3.10/dist-packages/airflow/example_dags/example_latest_only.py for tasks to queue
[2023-09-27T11:30:07.405+0000] {logging_mixin.py:151} INFO - [2023-09-27T11:30:07.405+0000] {dagbag.py:539} INFO - Filling up the DagBag from /usr/local/lib/python3.10/dist-packages/airflow/example_dags/example_latest_only.py
[2023-09-27T11:30:07.411+0000] {processor.py:839} INFO - DAG(s) dict_keys(['latest_only']) retrieved from /usr/local/lib/python3.10/dist-packages/airflow/example_dags/example_latest_only.py
[2023-09-27T11:30:07.427+0000] {logging_mixin.py:151} INFO - [2023-09-27T11:30:07.427+0000] {dag.py:2915} INFO - Sync 1 DAGs
[2023-09-27T11:30:07.447+0000] {logging_mixin.py:151} INFO - [2023-09-27T11:30:07.447+0000] {dag.py:3696} INFO - Setting next_dagrun for latest_only to 2023-09-27T07:30:07.447142+00:00, run_after=2023-09-27T11:30:07.447142+00:00
[2023-09-27T11:30:07.471+0000] {processor.py:179} INFO - Processing /usr/local/lib/python3.10/dist-packages/airflow/example_dags/example_latest_only.py took 0.071 seconds
[2023-09-27T11:30:56.254+0000] {processor.py:157} INFO - Started process (PID=6254) to work on /usr/local/lib/python3.10/dist-packages/airflow/example_dags/example_latest_only.py
[2023-09-27T11:30:56.255+0000] {processor.py:829} INFO - Processing file /usr/local/lib/python3.10/dist-packages/airflow/example_dags/example_latest_only.py for tasks to queue
[2023-09-27T11:30:56.256+0000] {logging_mixin.py:151} INFO - [2023-09-27T11:30:56.256+0000] {dagbag.py:539} INFO - Filling up the DagBag from /usr/local/lib/python3.10/dist-packages/airflow/example_dags/example_latest_only.py
[2023-09-27T11:30:56.264+0000] {processor.py:839} INFO - DAG(s) dict_keys(['latest_only']) retrieved from /usr/local/lib/python3.10/dist-packages/airflow/example_dags/example_latest_only.py
[2023-09-27T11:30:56.287+0000] {logging_mixin.py:151} INFO - [2023-09-27T11:30:56.287+0000] {dag.py:2915} INFO - Sync 1 DAGs
[2023-09-27T11:30:56.311+0000] {logging_mixin.py:151} INFO - [2023-09-27T11:30:56.311+0000] {dag.py:3696} INFO - Setting next_dagrun for latest_only to 2023-09-27T07:30:56.311130+00:00, run_after=2023-09-27T11:30:56.311130+00:00
[2023-09-27T11:30:56.342+0000] {processor.py:179} INFO - Processing /usr/local/lib/python3.10/dist-packages/airflow/example_dags/example_latest_only.py took 0.095 seconds
[2023-09-27T11:31:43.665+0000] {processor.py:157} INFO - Started process (PID=6309) to work on /usr/local/lib/python3.10/dist-packages/airflow/example_dags/example_latest_only.py
[2023-09-27T11:31:43.666+0000] {processor.py:829} INFO - Processing file /usr/local/lib/python3.10/dist-packages/airflow/example_dags/example_latest_only.py for tasks to queue
[2023-09-27T11:31:43.666+0000] {logging_mixin.py:151} INFO - [2023-09-27T11:31:43.666+0000] {dagbag.py:539} INFO - Filling up the DagBag from /usr/local/lib/python3.10/dist-packages/airflow/example_dags/example_latest_only.py
[2023-09-27T11:31:43.672+0000] {processor.py:839} INFO - DAG(s) dict_keys(['latest_only']) retrieved from /usr/local/lib/python3.10/dist-packages/airflow/example_dags/example_latest_only.py
[2023-09-27T11:31:43.687+0000] {logging_mixin.py:151} INFO - [2023-09-27T11:31:43.687+0000] {dag.py:2915} INFO - Sync 1 DAGs
[2023-09-27T11:31:43.707+0000] {logging_mixin.py:151} INFO - [2023-09-27T11:31:43.707+0000] {dag.py:3696} INFO - Setting next_dagrun for latest_only to 2023-09-27T07:31:43.706838+00:00, run_after=2023-09-27T11:31:43.706838+00:00
[2023-09-27T11:31:43.728+0000] {processor.py:179} INFO - Processing /usr/local/lib/python3.10/dist-packages/airflow/example_dags/example_latest_only.py took 0.067 seconds
[2023-09-27T11:32:30.119+0000] {processor.py:157} INFO - Started process (PID=6358) to work on /usr/local/lib/python3.10/dist-packages/airflow/example_dags/example_latest_only.py
[2023-09-27T11:32:30.120+0000] {processor.py:829} INFO - Processing file /usr/local/lib/python3.10/dist-packages/airflow/example_dags/example_latest_only.py for tasks to queue
[2023-09-27T11:32:30.121+0000] {logging_mixin.py:151} INFO - [2023-09-27T11:32:30.121+0000] {dagbag.py:539} INFO - Filling up the DagBag from /usr/local/lib/python3.10/dist-packages/airflow/example_dags/example_latest_only.py
[2023-09-27T11:32:30.139+0000] {processor.py:839} INFO - DAG(s) dict_keys(['latest_only']) retrieved from /usr/local/lib/python3.10/dist-packages/airflow/example_dags/example_latest_only.py
[2023-09-27T11:32:30.163+0000] {logging_mixin.py:151} INFO - [2023-09-27T11:32:30.162+0000] {dag.py:2915} INFO - Sync 1 DAGs
[2023-09-27T11:32:30.186+0000] {logging_mixin.py:151} INFO - [2023-09-27T11:32:30.185+0000] {dag.py:3696} INFO - Setting next_dagrun for latest_only to 2023-09-27T07:32:30.185688+00:00, run_after=2023-09-27T11:32:30.185688+00:00
[2023-09-27T11:32:30.215+0000] {processor.py:179} INFO - Processing /usr/local/lib/python3.10/dist-packages/airflow/example_dags/example_latest_only.py took 0.104 seconds
[2023-09-27T11:33:16.288+0000] {processor.py:157} INFO - Started process (PID=6408) to work on /usr/local/lib/python3.10/dist-packages/airflow/example_dags/example_latest_only.py
[2023-09-27T11:33:16.289+0000] {processor.py:829} INFO - Processing file /usr/local/lib/python3.10/dist-packages/airflow/example_dags/example_latest_only.py for tasks to queue
[2023-09-27T11:33:16.290+0000] {logging_mixin.py:151} INFO - [2023-09-27T11:33:16.290+0000] {dagbag.py:539} INFO - Filling up the DagBag from /usr/local/lib/python3.10/dist-packages/airflow/example_dags/example_latest_only.py
[2023-09-27T11:33:16.298+0000] {processor.py:839} INFO - DAG(s) dict_keys(['latest_only']) retrieved from /usr/local/lib/python3.10/dist-packages/airflow/example_dags/example_latest_only.py
[2023-09-27T11:33:16.316+0000] {logging_mixin.py:151} INFO - [2023-09-27T11:33:16.315+0000] {dag.py:2915} INFO - Sync 1 DAGs
[2023-09-27T11:33:16.338+0000] {logging_mixin.py:151} INFO - [2023-09-27T11:33:16.338+0000] {dag.py:3696} INFO - Setting next_dagrun for latest_only to 2023-09-27T07:33:16.337816+00:00, run_after=2023-09-27T11:33:16.337816+00:00
[2023-09-27T11:33:16.359+0000] {processor.py:179} INFO - Processing /usr/local/lib/python3.10/dist-packages/airflow/example_dags/example_latest_only.py took 0.074 seconds
[2023-09-27T11:34:05.851+0000] {processor.py:157} INFO - Started process (PID=6460) to work on /usr/local/lib/python3.10/dist-packages/airflow/example_dags/example_latest_only.py
[2023-09-27T11:34:05.852+0000] {processor.py:829} INFO - Processing file /usr/local/lib/python3.10/dist-packages/airflow/example_dags/example_latest_only.py for tasks to queue
[2023-09-27T11:34:05.853+0000] {logging_mixin.py:151} INFO - [2023-09-27T11:34:05.853+0000] {dagbag.py:539} INFO - Filling up the DagBag from /usr/local/lib/python3.10/dist-packages/airflow/example_dags/example_latest_only.py
[2023-09-27T11:34:05.859+0000] {processor.py:839} INFO - DAG(s) dict_keys(['latest_only']) retrieved from /usr/local/lib/python3.10/dist-packages/airflow/example_dags/example_latest_only.py
[2023-09-27T11:34:05.874+0000] {logging_mixin.py:151} INFO - [2023-09-27T11:34:05.874+0000] {dag.py:2915} INFO - Sync 1 DAGs
[2023-09-27T11:34:05.893+0000] {logging_mixin.py:151} INFO - [2023-09-27T11:34:05.893+0000] {dag.py:3696} INFO - Setting next_dagrun for latest_only to 2023-09-27T07:34:05.893006+00:00, run_after=2023-09-27T11:34:05.893006+00:00
[2023-09-27T11:34:05.914+0000] {processor.py:179} INFO - Processing /usr/local/lib/python3.10/dist-packages/airflow/example_dags/example_latest_only.py took 0.066 seconds
[2023-09-27T11:34:56.646+0000] {processor.py:157} INFO - Started process (PID=6514) to work on /usr/local/lib/python3.10/dist-packages/airflow/example_dags/example_latest_only.py
[2023-09-27T11:34:56.647+0000] {processor.py:829} INFO - Processing file /usr/local/lib/python3.10/dist-packages/airflow/example_dags/example_latest_only.py for tasks to queue
[2023-09-27T11:34:56.649+0000] {logging_mixin.py:151} INFO - [2023-09-27T11:34:56.648+0000] {dagbag.py:539} INFO - Filling up the DagBag from /usr/local/lib/python3.10/dist-packages/airflow/example_dags/example_latest_only.py
[2023-09-27T11:34:56.655+0000] {processor.py:839} INFO - DAG(s) dict_keys(['latest_only']) retrieved from /usr/local/lib/python3.10/dist-packages/airflow/example_dags/example_latest_only.py
[2023-09-27T11:34:56.675+0000] {logging_mixin.py:151} INFO - [2023-09-27T11:34:56.675+0000] {dag.py:2915} INFO - Sync 1 DAGs
[2023-09-27T11:34:56.697+0000] {logging_mixin.py:151} INFO - [2023-09-27T11:34:56.697+0000] {dag.py:3696} INFO - Setting next_dagrun for latest_only to 2023-09-27T07:34:56.696886+00:00, run_after=2023-09-27T11:34:56.696886+00:00
[2023-09-27T11:34:56.723+0000] {processor.py:179} INFO - Processing /usr/local/lib/python3.10/dist-packages/airflow/example_dags/example_latest_only.py took 0.081 seconds
[2023-09-27T11:35:44.931+0000] {processor.py:157} INFO - Started process (PID=6571) to work on /usr/local/lib/python3.10/dist-packages/airflow/example_dags/example_latest_only.py
[2023-09-27T11:35:44.932+0000] {processor.py:829} INFO - Processing file /usr/local/lib/python3.10/dist-packages/airflow/example_dags/example_latest_only.py for tasks to queue
[2023-09-27T11:35:44.933+0000] {logging_mixin.py:151} INFO - [2023-09-27T11:35:44.933+0000] {dagbag.py:539} INFO - Filling up the DagBag from /usr/local/lib/python3.10/dist-packages/airflow/example_dags/example_latest_only.py
[2023-09-27T11:35:44.943+0000] {processor.py:839} INFO - DAG(s) dict_keys(['latest_only']) retrieved from /usr/local/lib/python3.10/dist-packages/airflow/example_dags/example_latest_only.py
[2023-09-27T11:35:44.962+0000] {logging_mixin.py:151} INFO - [2023-09-27T11:35:44.962+0000] {dag.py:2915} INFO - Sync 1 DAGs
[2023-09-27T11:35:44.981+0000] {logging_mixin.py:151} INFO - [2023-09-27T11:35:44.981+0000] {dag.py:3696} INFO - Setting next_dagrun for latest_only to 2023-09-27T07:35:44.981502+00:00, run_after=2023-09-27T11:35:44.981502+00:00
[2023-09-27T11:35:45.016+0000] {processor.py:179} INFO - Processing /usr/local/lib/python3.10/dist-packages/airflow/example_dags/example_latest_only.py took 0.089 seconds
[2023-09-27T11:36:35.617+0000] {processor.py:157} INFO - Started process (PID=6691) to work on /usr/local/lib/python3.10/dist-packages/airflow/example_dags/example_latest_only.py
[2023-09-27T11:36:35.618+0000] {processor.py:829} INFO - Processing file /usr/local/lib/python3.10/dist-packages/airflow/example_dags/example_latest_only.py for tasks to queue
[2023-09-27T11:36:35.619+0000] {logging_mixin.py:151} INFO - [2023-09-27T11:36:35.618+0000] {dagbag.py:539} INFO - Filling up the DagBag from /usr/local/lib/python3.10/dist-packages/airflow/example_dags/example_latest_only.py
[2023-09-27T11:36:35.625+0000] {processor.py:839} INFO - DAG(s) dict_keys(['latest_only']) retrieved from /usr/local/lib/python3.10/dist-packages/airflow/example_dags/example_latest_only.py
[2023-09-27T11:36:35.648+0000] {logging_mixin.py:151} INFO - [2023-09-27T11:36:35.647+0000] {dag.py:2915} INFO - Sync 1 DAGs
[2023-09-27T11:36:35.673+0000] {logging_mixin.py:151} INFO - [2023-09-27T11:36:35.673+0000] {dag.py:3696} INFO - Setting next_dagrun for latest_only to 2023-09-27T07:36:35.672706+00:00, run_after=2023-09-27T11:36:35.672706+00:00
[2023-09-27T11:36:35.697+0000] {processor.py:179} INFO - Processing /usr/local/lib/python3.10/dist-packages/airflow/example_dags/example_latest_only.py took 0.084 seconds
[2023-09-27T11:37:22.447+0000] {processor.py:157} INFO - Started process (PID=6740) to work on /usr/local/lib/python3.10/dist-packages/airflow/example_dags/example_latest_only.py
[2023-09-27T11:37:22.448+0000] {processor.py:829} INFO - Processing file /usr/local/lib/python3.10/dist-packages/airflow/example_dags/example_latest_only.py for tasks to queue
[2023-09-27T11:37:22.450+0000] {logging_mixin.py:151} INFO - [2023-09-27T11:37:22.449+0000] {dagbag.py:539} INFO - Filling up the DagBag from /usr/local/lib/python3.10/dist-packages/airflow/example_dags/example_latest_only.py
[2023-09-27T11:37:22.458+0000] {processor.py:839} INFO - DAG(s) dict_keys(['latest_only']) retrieved from /usr/local/lib/python3.10/dist-packages/airflow/example_dags/example_latest_only.py
[2023-09-27T11:37:22.476+0000] {logging_mixin.py:151} INFO - [2023-09-27T11:37:22.476+0000] {dag.py:2915} INFO - Sync 1 DAGs
[2023-09-27T11:37:22.503+0000] {logging_mixin.py:151} INFO - [2023-09-27T11:37:22.503+0000] {dag.py:3696} INFO - Setting next_dagrun for latest_only to 2023-09-27T07:37:22.503462+00:00, run_after=2023-09-27T11:37:22.503462+00:00
[2023-09-27T11:37:22.525+0000] {processor.py:179} INFO - Processing /usr/local/lib/python3.10/dist-packages/airflow/example_dags/example_latest_only.py took 0.083 seconds
