[2023-09-27T10:54:05.328+0000] {processor.py:157} INFO - Started process (PID=3939) to work on /usr/local/lib/python3.10/dist-packages/airflow/example_dags/example_skip_dag.py
[2023-09-27T10:54:05.329+0000] {processor.py:829} INFO - Processing file /usr/local/lib/python3.10/dist-packages/airflow/example_dags/example_skip_dag.py for tasks to queue
[2023-09-27T10:54:05.330+0000] {logging_mixin.py:151} INFO - [2023-09-27T10:54:05.329+0000] {dagbag.py:539} INFO - Filling up the DagBag from /usr/local/lib/python3.10/dist-packages/airflow/example_dags/example_skip_dag.py
[2023-09-27T10:54:05.339+0000] {processor.py:839} INFO - DAG(s) dict_keys(['example_skip_dag']) retrieved from /usr/local/lib/python3.10/dist-packages/airflow/example_dags/example_skip_dag.py
[2023-09-27T10:54:05.484+0000] {logging_mixin.py:151} INFO - [2023-09-27T10:54:05.483+0000] {manager.py:499} INFO - Created Permission View: %s
[2023-09-27T10:54:05.496+0000] {logging_mixin.py:151} INFO - [2023-09-27T10:54:05.495+0000] {manager.py:499} INFO - Created Permission View: %s
[2023-09-27T10:54:05.507+0000] {logging_mixin.py:151} INFO - [2023-09-27T10:54:05.507+0000] {manager.py:499} INFO - Created Permission View: %s
[2023-09-27T10:54:05.507+0000] {logging_mixin.py:151} INFO - [2023-09-27T10:54:05.507+0000] {security.py:708} INFO - Not syncing DAG-level permissions for DAG 'DAG:example_skip_dag' as access control is unset.
[2023-09-27T10:54:05.508+0000] {logging_mixin.py:151} INFO - [2023-09-27T10:54:05.507+0000] {dag.py:2915} INFO - Sync 1 DAGs
[2023-09-27T10:54:05.522+0000] {logging_mixin.py:151} INFO - [2023-09-27T10:54:05.521+0000] {dag.py:2937} INFO - Creating ORM DAG for example_skip_dag
[2023-09-27T10:54:05.530+0000] {logging_mixin.py:151} INFO - [2023-09-27T10:54:05.529+0000] {dag.py:3696} INFO - Setting next_dagrun for example_skip_dag to 2023-09-26T10:54:05.529669+00:00, run_after=2023-09-27T10:54:05.529669+00:00
[2023-09-27T10:54:05.560+0000] {processor.py:179} INFO - Processing /usr/local/lib/python3.10/dist-packages/airflow/example_dags/example_skip_dag.py took 0.238 seconds
[2023-09-27T10:54:55.849+0000] {processor.py:157} INFO - Started process (PID=3986) to work on /usr/local/lib/python3.10/dist-packages/airflow/example_dags/example_skip_dag.py
[2023-09-27T10:54:55.850+0000] {processor.py:829} INFO - Processing file /usr/local/lib/python3.10/dist-packages/airflow/example_dags/example_skip_dag.py for tasks to queue
[2023-09-27T10:54:55.851+0000] {logging_mixin.py:151} INFO - [2023-09-27T10:54:55.850+0000] {dagbag.py:539} INFO - Filling up the DagBag from /usr/local/lib/python3.10/dist-packages/airflow/example_dags/example_skip_dag.py
[2023-09-27T10:54:55.858+0000] {processor.py:839} INFO - DAG(s) dict_keys(['example_skip_dag']) retrieved from /usr/local/lib/python3.10/dist-packages/airflow/example_dags/example_skip_dag.py
[2023-09-27T10:54:55.875+0000] {logging_mixin.py:151} INFO - [2023-09-27T10:54:55.875+0000] {dag.py:2915} INFO - Sync 1 DAGs
[2023-09-27T10:54:55.894+0000] {logging_mixin.py:151} INFO - [2023-09-27T10:54:55.894+0000] {dag.py:3696} INFO - Setting next_dagrun for example_skip_dag to 2023-09-26T10:54:55.894322+00:00, run_after=2023-09-27T10:54:55.894322+00:00
[2023-09-27T10:54:55.917+0000] {processor.py:179} INFO - Processing /usr/local/lib/python3.10/dist-packages/airflow/example_dags/example_skip_dag.py took 0.071 seconds
[2023-09-27T10:55:41.129+0000] {processor.py:157} INFO - Started process (PID=4034) to work on /usr/local/lib/python3.10/dist-packages/airflow/example_dags/example_skip_dag.py
[2023-09-27T10:55:41.130+0000] {processor.py:829} INFO - Processing file /usr/local/lib/python3.10/dist-packages/airflow/example_dags/example_skip_dag.py for tasks to queue
[2023-09-27T10:55:41.131+0000] {logging_mixin.py:151} INFO - [2023-09-27T10:55:41.130+0000] {dagbag.py:539} INFO - Filling up the DagBag from /usr/local/lib/python3.10/dist-packages/airflow/example_dags/example_skip_dag.py
[2023-09-27T10:55:41.138+0000] {processor.py:839} INFO - DAG(s) dict_keys(['example_skip_dag']) retrieved from /usr/local/lib/python3.10/dist-packages/airflow/example_dags/example_skip_dag.py
[2023-09-27T10:55:41.156+0000] {logging_mixin.py:151} INFO - [2023-09-27T10:55:41.156+0000] {dag.py:2915} INFO - Sync 1 DAGs
[2023-09-27T10:55:41.176+0000] {logging_mixin.py:151} INFO - [2023-09-27T10:55:41.176+0000] {dag.py:3696} INFO - Setting next_dagrun for example_skip_dag to 2023-09-26T10:55:41.176095+00:00, run_after=2023-09-27T10:55:41.176095+00:00
[2023-09-27T10:55:41.207+0000] {processor.py:179} INFO - Processing /usr/local/lib/python3.10/dist-packages/airflow/example_dags/example_skip_dag.py took 0.082 seconds
[2023-09-27T10:57:06.845+0000] {processor.py:157} INFO - Started process (PID=4103) to work on /usr/local/lib/python3.10/dist-packages/airflow/example_dags/example_skip_dag.py
[2023-09-27T10:57:06.846+0000] {processor.py:829} INFO - Processing file /usr/local/lib/python3.10/dist-packages/airflow/example_dags/example_skip_dag.py for tasks to queue
[2023-09-27T10:57:06.847+0000] {logging_mixin.py:151} INFO - [2023-09-27T10:57:06.847+0000] {dagbag.py:539} INFO - Filling up the DagBag from /usr/local/lib/python3.10/dist-packages/airflow/example_dags/example_skip_dag.py
[2023-09-27T10:57:06.855+0000] {processor.py:839} INFO - DAG(s) dict_keys(['example_skip_dag']) retrieved from /usr/local/lib/python3.10/dist-packages/airflow/example_dags/example_skip_dag.py
[2023-09-27T10:57:06.864+0000] {logging_mixin.py:151} INFO - [2023-09-27T10:57:06.864+0000] {dag.py:2915} INFO - Sync 1 DAGs
[2023-09-27T10:57:06.885+0000] {logging_mixin.py:151} INFO - [2023-09-27T10:57:06.885+0000] {dag.py:3696} INFO - Setting next_dagrun for example_skip_dag to 2023-09-26T10:57:06.885074+00:00, run_after=2023-09-27T10:57:06.885074+00:00
[2023-09-27T10:57:06.910+0000] {processor.py:179} INFO - Processing /usr/local/lib/python3.10/dist-packages/airflow/example_dags/example_skip_dag.py took 0.068 seconds
[2023-09-27T10:57:51.040+0000] {processor.py:157} INFO - Started process (PID=4153) to work on /usr/local/lib/python3.10/dist-packages/airflow/example_dags/example_skip_dag.py
[2023-09-27T10:57:51.041+0000] {processor.py:829} INFO - Processing file /usr/local/lib/python3.10/dist-packages/airflow/example_dags/example_skip_dag.py for tasks to queue
[2023-09-27T10:57:51.042+0000] {logging_mixin.py:151} INFO - [2023-09-27T10:57:51.042+0000] {dagbag.py:539} INFO - Filling up the DagBag from /usr/local/lib/python3.10/dist-packages/airflow/example_dags/example_skip_dag.py
[2023-09-27T10:57:51.051+0000] {processor.py:839} INFO - DAG(s) dict_keys(['example_skip_dag']) retrieved from /usr/local/lib/python3.10/dist-packages/airflow/example_dags/example_skip_dag.py
[2023-09-27T10:57:51.072+0000] {logging_mixin.py:151} INFO - [2023-09-27T10:57:51.072+0000] {dag.py:2915} INFO - Sync 1 DAGs
[2023-09-27T10:57:51.112+0000] {logging_mixin.py:151} INFO - [2023-09-27T10:57:51.111+0000] {dag.py:3696} INFO - Setting next_dagrun for example_skip_dag to 2023-09-26T10:57:51.111552+00:00, run_after=2023-09-27T10:57:51.111552+00:00
[2023-09-27T10:57:51.149+0000] {processor.py:179} INFO - Processing /usr/local/lib/python3.10/dist-packages/airflow/example_dags/example_skip_dag.py took 0.113 seconds
[2023-09-27T10:58:37.543+0000] {processor.py:157} INFO - Started process (PID=4201) to work on /usr/local/lib/python3.10/dist-packages/airflow/example_dags/example_skip_dag.py
[2023-09-27T10:58:37.546+0000] {processor.py:829} INFO - Processing file /usr/local/lib/python3.10/dist-packages/airflow/example_dags/example_skip_dag.py for tasks to queue
[2023-09-27T10:58:37.547+0000] {logging_mixin.py:151} INFO - [2023-09-27T10:58:37.547+0000] {dagbag.py:539} INFO - Filling up the DagBag from /usr/local/lib/python3.10/dist-packages/airflow/example_dags/example_skip_dag.py
[2023-09-27T10:58:37.554+0000] {processor.py:839} INFO - DAG(s) dict_keys(['example_skip_dag']) retrieved from /usr/local/lib/python3.10/dist-packages/airflow/example_dags/example_skip_dag.py
[2023-09-27T10:58:37.571+0000] {logging_mixin.py:151} INFO - [2023-09-27T10:58:37.571+0000] {dag.py:2915} INFO - Sync 1 DAGs
[2023-09-27T10:58:37.589+0000] {logging_mixin.py:151} INFO - [2023-09-27T10:58:37.588+0000] {dag.py:3696} INFO - Setting next_dagrun for example_skip_dag to 2023-09-26T10:58:37.588638+00:00, run_after=2023-09-27T10:58:37.588638+00:00
[2023-09-27T10:58:37.609+0000] {processor.py:179} INFO - Processing /usr/local/lib/python3.10/dist-packages/airflow/example_dags/example_skip_dag.py took 0.070 seconds
[2023-09-27T10:59:24.977+0000] {processor.py:157} INFO - Started process (PID=4252) to work on /usr/local/lib/python3.10/dist-packages/airflow/example_dags/example_skip_dag.py
[2023-09-27T10:59:24.978+0000] {processor.py:829} INFO - Processing file /usr/local/lib/python3.10/dist-packages/airflow/example_dags/example_skip_dag.py for tasks to queue
[2023-09-27T10:59:24.978+0000] {logging_mixin.py:151} INFO - [2023-09-27T10:59:24.978+0000] {dagbag.py:539} INFO - Filling up the DagBag from /usr/local/lib/python3.10/dist-packages/airflow/example_dags/example_skip_dag.py
[2023-09-27T10:59:24.986+0000] {processor.py:839} INFO - DAG(s) dict_keys(['example_skip_dag']) retrieved from /usr/local/lib/python3.10/dist-packages/airflow/example_dags/example_skip_dag.py
[2023-09-27T10:59:25.007+0000] {logging_mixin.py:151} INFO - [2023-09-27T10:59:25.006+0000] {dag.py:2915} INFO - Sync 1 DAGs
[2023-09-27T10:59:25.033+0000] {logging_mixin.py:151} INFO - [2023-09-27T10:59:25.033+0000] {dag.py:3696} INFO - Setting next_dagrun for example_skip_dag to 2023-09-26T10:59:25.032857+00:00, run_after=2023-09-27T10:59:25.032857+00:00
[2023-09-27T10:59:25.068+0000] {processor.py:179} INFO - Processing /usr/local/lib/python3.10/dist-packages/airflow/example_dags/example_skip_dag.py took 0.094 seconds
[2023-09-27T11:00:16.229+0000] {processor.py:157} INFO - Started process (PID=4304) to work on /usr/local/lib/python3.10/dist-packages/airflow/example_dags/example_skip_dag.py
[2023-09-27T11:00:16.231+0000] {processor.py:829} INFO - Processing file /usr/local/lib/python3.10/dist-packages/airflow/example_dags/example_skip_dag.py for tasks to queue
[2023-09-27T11:00:16.231+0000] {logging_mixin.py:151} INFO - [2023-09-27T11:00:16.231+0000] {dagbag.py:539} INFO - Filling up the DagBag from /usr/local/lib/python3.10/dist-packages/airflow/example_dags/example_skip_dag.py
[2023-09-27T11:00:16.239+0000] {processor.py:839} INFO - DAG(s) dict_keys(['example_skip_dag']) retrieved from /usr/local/lib/python3.10/dist-packages/airflow/example_dags/example_skip_dag.py
[2023-09-27T11:00:16.258+0000] {logging_mixin.py:151} INFO - [2023-09-27T11:00:16.257+0000] {dag.py:2915} INFO - Sync 1 DAGs
[2023-09-27T11:00:16.278+0000] {logging_mixin.py:151} INFO - [2023-09-27T11:00:16.277+0000] {dag.py:3696} INFO - Setting next_dagrun for example_skip_dag to 2023-09-26T11:00:16.277612+00:00, run_after=2023-09-27T11:00:16.277612+00:00
[2023-09-27T11:00:16.301+0000] {processor.py:179} INFO - Processing /usr/local/lib/python3.10/dist-packages/airflow/example_dags/example_skip_dag.py took 0.076 seconds
[2023-09-27T11:00:59.361+0000] {processor.py:157} INFO - Started process (PID=4351) to work on /usr/local/lib/python3.10/dist-packages/airflow/example_dags/example_skip_dag.py
[2023-09-27T11:00:59.362+0000] {processor.py:829} INFO - Processing file /usr/local/lib/python3.10/dist-packages/airflow/example_dags/example_skip_dag.py for tasks to queue
[2023-09-27T11:00:59.363+0000] {logging_mixin.py:151} INFO - [2023-09-27T11:00:59.362+0000] {dagbag.py:539} INFO - Filling up the DagBag from /usr/local/lib/python3.10/dist-packages/airflow/example_dags/example_skip_dag.py
[2023-09-27T11:00:59.370+0000] {processor.py:839} INFO - DAG(s) dict_keys(['example_skip_dag']) retrieved from /usr/local/lib/python3.10/dist-packages/airflow/example_dags/example_skip_dag.py
[2023-09-27T11:00:59.387+0000] {logging_mixin.py:151} INFO - [2023-09-27T11:00:59.386+0000] {dag.py:2915} INFO - Sync 1 DAGs
[2023-09-27T11:00:59.407+0000] {logging_mixin.py:151} INFO - [2023-09-27T11:00:59.407+0000] {dag.py:3696} INFO - Setting next_dagrun for example_skip_dag to 2023-09-26T11:00:59.406971+00:00, run_after=2023-09-27T11:00:59.406971+00:00
[2023-09-27T11:00:59.427+0000] {processor.py:179} INFO - Processing /usr/local/lib/python3.10/dist-packages/airflow/example_dags/example_skip_dag.py took 0.069 seconds
[2023-09-27T11:01:45.439+0000] {processor.py:157} INFO - Started process (PID=4401) to work on /usr/local/lib/python3.10/dist-packages/airflow/example_dags/example_skip_dag.py
[2023-09-27T11:01:45.442+0000] {processor.py:829} INFO - Processing file /usr/local/lib/python3.10/dist-packages/airflow/example_dags/example_skip_dag.py for tasks to queue
[2023-09-27T11:01:45.444+0000] {logging_mixin.py:151} INFO - [2023-09-27T11:01:45.442+0000] {dagbag.py:539} INFO - Filling up the DagBag from /usr/local/lib/python3.10/dist-packages/airflow/example_dags/example_skip_dag.py
[2023-09-27T11:01:45.458+0000] {processor.py:839} INFO - DAG(s) dict_keys(['example_skip_dag']) retrieved from /usr/local/lib/python3.10/dist-packages/airflow/example_dags/example_skip_dag.py
[2023-09-27T11:01:45.483+0000] {logging_mixin.py:151} INFO - [2023-09-27T11:01:45.483+0000] {dag.py:2915} INFO - Sync 1 DAGs
[2023-09-27T11:01:45.523+0000] {logging_mixin.py:151} INFO - [2023-09-27T11:01:45.523+0000] {dag.py:3696} INFO - Setting next_dagrun for example_skip_dag to 2023-09-26T11:01:45.522713+00:00, run_after=2023-09-27T11:01:45.522713+00:00
[2023-09-27T11:01:45.549+0000] {processor.py:179} INFO - Processing /usr/local/lib/python3.10/dist-packages/airflow/example_dags/example_skip_dag.py took 0.119 seconds
[2023-09-27T11:02:34.611+0000] {processor.py:157} INFO - Started process (PID=4451) to work on /usr/local/lib/python3.10/dist-packages/airflow/example_dags/example_skip_dag.py
[2023-09-27T11:02:34.612+0000] {processor.py:829} INFO - Processing file /usr/local/lib/python3.10/dist-packages/airflow/example_dags/example_skip_dag.py for tasks to queue
[2023-09-27T11:02:34.612+0000] {logging_mixin.py:151} INFO - [2023-09-27T11:02:34.612+0000] {dagbag.py:539} INFO - Filling up the DagBag from /usr/local/lib/python3.10/dist-packages/airflow/example_dags/example_skip_dag.py
[2023-09-27T11:02:34.620+0000] {processor.py:839} INFO - DAG(s) dict_keys(['example_skip_dag']) retrieved from /usr/local/lib/python3.10/dist-packages/airflow/example_dags/example_skip_dag.py
[2023-09-27T11:02:34.637+0000] {logging_mixin.py:151} INFO - [2023-09-27T11:02:34.637+0000] {dag.py:2915} INFO - Sync 1 DAGs
[2023-09-27T11:02:34.668+0000] {logging_mixin.py:151} INFO - [2023-09-27T11:02:34.667+0000] {dag.py:3696} INFO - Setting next_dagrun for example_skip_dag to 2023-09-26T11:02:34.667345+00:00, run_after=2023-09-27T11:02:34.667345+00:00
[2023-09-27T11:02:34.696+0000] {processor.py:179} INFO - Processing /usr/local/lib/python3.10/dist-packages/airflow/example_dags/example_skip_dag.py took 0.089 seconds
[2023-09-27T11:03:24.906+0000] {processor.py:157} INFO - Started process (PID=4502) to work on /usr/local/lib/python3.10/dist-packages/airflow/example_dags/example_skip_dag.py
[2023-09-27T11:03:24.907+0000] {processor.py:829} INFO - Processing file /usr/local/lib/python3.10/dist-packages/airflow/example_dags/example_skip_dag.py for tasks to queue
[2023-09-27T11:03:24.907+0000] {logging_mixin.py:151} INFO - [2023-09-27T11:03:24.907+0000] {dagbag.py:539} INFO - Filling up the DagBag from /usr/local/lib/python3.10/dist-packages/airflow/example_dags/example_skip_dag.py
[2023-09-27T11:03:24.915+0000] {processor.py:839} INFO - DAG(s) dict_keys(['example_skip_dag']) retrieved from /usr/local/lib/python3.10/dist-packages/airflow/example_dags/example_skip_dag.py
[2023-09-27T11:03:24.933+0000] {logging_mixin.py:151} INFO - [2023-09-27T11:03:24.933+0000] {dag.py:2915} INFO - Sync 1 DAGs
[2023-09-27T11:03:24.954+0000] {logging_mixin.py:151} INFO - [2023-09-27T11:03:24.954+0000] {dag.py:3696} INFO - Setting next_dagrun for example_skip_dag to 2023-09-26T11:03:24.954450+00:00, run_after=2023-09-27T11:03:24.954450+00:00
[2023-09-27T11:03:24.977+0000] {processor.py:179} INFO - Processing /usr/local/lib/python3.10/dist-packages/airflow/example_dags/example_skip_dag.py took 0.075 seconds
[2023-09-27T11:04:13.659+0000] {processor.py:157} INFO - Started process (PID=4554) to work on /usr/local/lib/python3.10/dist-packages/airflow/example_dags/example_skip_dag.py
[2023-09-27T11:04:13.660+0000] {processor.py:829} INFO - Processing file /usr/local/lib/python3.10/dist-packages/airflow/example_dags/example_skip_dag.py for tasks to queue
[2023-09-27T11:04:13.661+0000] {logging_mixin.py:151} INFO - [2023-09-27T11:04:13.661+0000] {dagbag.py:539} INFO - Filling up the DagBag from /usr/local/lib/python3.10/dist-packages/airflow/example_dags/example_skip_dag.py
[2023-09-27T11:04:13.669+0000] {processor.py:839} INFO - DAG(s) dict_keys(['example_skip_dag']) retrieved from /usr/local/lib/python3.10/dist-packages/airflow/example_dags/example_skip_dag.py
[2023-09-27T11:04:13.687+0000] {logging_mixin.py:151} INFO - [2023-09-27T11:04:13.686+0000] {dag.py:2915} INFO - Sync 1 DAGs
[2023-09-27T11:04:13.709+0000] {logging_mixin.py:151} INFO - [2023-09-27T11:04:13.708+0000] {dag.py:3696} INFO - Setting next_dagrun for example_skip_dag to 2023-09-26T11:04:13.708498+00:00, run_after=2023-09-27T11:04:13.708498+00:00
[2023-09-27T11:04:13.733+0000] {processor.py:179} INFO - Processing /usr/local/lib/python3.10/dist-packages/airflow/example_dags/example_skip_dag.py took 0.077 seconds
[2023-09-27T11:05:05.402+0000] {processor.py:157} INFO - Started process (PID=4606) to work on /usr/local/lib/python3.10/dist-packages/airflow/example_dags/example_skip_dag.py
[2023-09-27T11:05:05.403+0000] {processor.py:829} INFO - Processing file /usr/local/lib/python3.10/dist-packages/airflow/example_dags/example_skip_dag.py for tasks to queue
[2023-09-27T11:05:05.404+0000] {logging_mixin.py:151} INFO - [2023-09-27T11:05:05.404+0000] {dagbag.py:539} INFO - Filling up the DagBag from /usr/local/lib/python3.10/dist-packages/airflow/example_dags/example_skip_dag.py
[2023-09-27T11:05:05.411+0000] {processor.py:839} INFO - DAG(s) dict_keys(['example_skip_dag']) retrieved from /usr/local/lib/python3.10/dist-packages/airflow/example_dags/example_skip_dag.py
[2023-09-27T11:05:05.428+0000] {logging_mixin.py:151} INFO - [2023-09-27T11:05:05.428+0000] {dag.py:2915} INFO - Sync 1 DAGs
[2023-09-27T11:05:05.448+0000] {logging_mixin.py:151} INFO - [2023-09-27T11:05:05.448+0000] {dag.py:3696} INFO - Setting next_dagrun for example_skip_dag to 2023-09-26T11:05:05.447695+00:00, run_after=2023-09-27T11:05:05.447695+00:00
[2023-09-27T11:05:05.470+0000] {processor.py:179} INFO - Processing /usr/local/lib/python3.10/dist-packages/airflow/example_dags/example_skip_dag.py took 0.071 seconds
[2023-09-27T11:05:58.545+0000] {processor.py:157} INFO - Started process (PID=4659) to work on /usr/local/lib/python3.10/dist-packages/airflow/example_dags/example_skip_dag.py
[2023-09-27T11:05:58.546+0000] {processor.py:829} INFO - Processing file /usr/local/lib/python3.10/dist-packages/airflow/example_dags/example_skip_dag.py for tasks to queue
[2023-09-27T11:05:58.547+0000] {logging_mixin.py:151} INFO - [2023-09-27T11:05:58.546+0000] {dagbag.py:539} INFO - Filling up the DagBag from /usr/local/lib/python3.10/dist-packages/airflow/example_dags/example_skip_dag.py
[2023-09-27T11:05:58.554+0000] {processor.py:839} INFO - DAG(s) dict_keys(['example_skip_dag']) retrieved from /usr/local/lib/python3.10/dist-packages/airflow/example_dags/example_skip_dag.py
[2023-09-27T11:05:58.577+0000] {logging_mixin.py:151} INFO - [2023-09-27T11:05:58.576+0000] {dag.py:2915} INFO - Sync 1 DAGs
[2023-09-27T11:05:58.600+0000] {logging_mixin.py:151} INFO - [2023-09-27T11:05:58.599+0000] {dag.py:3696} INFO - Setting next_dagrun for example_skip_dag to 2023-09-26T11:05:58.599710+00:00, run_after=2023-09-27T11:05:58.599710+00:00
[2023-09-27T11:05:58.621+0000] {processor.py:179} INFO - Processing /usr/local/lib/python3.10/dist-packages/airflow/example_dags/example_skip_dag.py took 0.079 seconds
[2023-09-27T11:06:51.726+0000] {processor.py:157} INFO - Started process (PID=4722) to work on /usr/local/lib/python3.10/dist-packages/airflow/example_dags/example_skip_dag.py
[2023-09-27T11:06:51.727+0000] {processor.py:829} INFO - Processing file /usr/local/lib/python3.10/dist-packages/airflow/example_dags/example_skip_dag.py for tasks to queue
[2023-09-27T11:06:51.728+0000] {logging_mixin.py:151} INFO - [2023-09-27T11:06:51.728+0000] {dagbag.py:539} INFO - Filling up the DagBag from /usr/local/lib/python3.10/dist-packages/airflow/example_dags/example_skip_dag.py
[2023-09-27T11:06:51.736+0000] {processor.py:839} INFO - DAG(s) dict_keys(['example_skip_dag']) retrieved from /usr/local/lib/python3.10/dist-packages/airflow/example_dags/example_skip_dag.py
[2023-09-27T11:06:51.755+0000] {logging_mixin.py:151} INFO - [2023-09-27T11:06:51.754+0000] {dag.py:2915} INFO - Sync 1 DAGs
[2023-09-27T11:06:51.774+0000] {logging_mixin.py:151} INFO - [2023-09-27T11:06:51.774+0000] {dag.py:3696} INFO - Setting next_dagrun for example_skip_dag to 2023-09-26T11:06:51.773663+00:00, run_after=2023-09-27T11:06:51.773663+00:00
[2023-09-27T11:06:51.797+0000] {processor.py:179} INFO - Processing /usr/local/lib/python3.10/dist-packages/airflow/example_dags/example_skip_dag.py took 0.075 seconds
[2023-09-27T11:07:40.597+0000] {processor.py:157} INFO - Started process (PID=4773) to work on /usr/local/lib/python3.10/dist-packages/airflow/example_dags/example_skip_dag.py
[2023-09-27T11:07:40.598+0000] {processor.py:829} INFO - Processing file /usr/local/lib/python3.10/dist-packages/airflow/example_dags/example_skip_dag.py for tasks to queue
[2023-09-27T11:07:40.599+0000] {logging_mixin.py:151} INFO - [2023-09-27T11:07:40.599+0000] {dagbag.py:539} INFO - Filling up the DagBag from /usr/local/lib/python3.10/dist-packages/airflow/example_dags/example_skip_dag.py
[2023-09-27T11:07:40.610+0000] {processor.py:839} INFO - DAG(s) dict_keys(['example_skip_dag']) retrieved from /usr/local/lib/python3.10/dist-packages/airflow/example_dags/example_skip_dag.py
[2023-09-27T11:07:40.628+0000] {logging_mixin.py:151} INFO - [2023-09-27T11:07:40.628+0000] {dag.py:2915} INFO - Sync 1 DAGs
[2023-09-27T11:07:40.656+0000] {logging_mixin.py:151} INFO - [2023-09-27T11:07:40.656+0000] {dag.py:3696} INFO - Setting next_dagrun for example_skip_dag to 2023-09-26T11:07:40.655964+00:00, run_after=2023-09-27T11:07:40.655964+00:00
[2023-09-27T11:07:40.680+0000] {processor.py:179} INFO - Processing /usr/local/lib/python3.10/dist-packages/airflow/example_dags/example_skip_dag.py took 0.086 seconds
[2023-09-27T11:08:32.570+0000] {processor.py:157} INFO - Started process (PID=4826) to work on /usr/local/lib/python3.10/dist-packages/airflow/example_dags/example_skip_dag.py
[2023-09-27T11:08:32.571+0000] {processor.py:829} INFO - Processing file /usr/local/lib/python3.10/dist-packages/airflow/example_dags/example_skip_dag.py for tasks to queue
[2023-09-27T11:08:32.572+0000] {logging_mixin.py:151} INFO - [2023-09-27T11:08:32.572+0000] {dagbag.py:539} INFO - Filling up the DagBag from /usr/local/lib/python3.10/dist-packages/airflow/example_dags/example_skip_dag.py
[2023-09-27T11:08:32.580+0000] {processor.py:839} INFO - DAG(s) dict_keys(['example_skip_dag']) retrieved from /usr/local/lib/python3.10/dist-packages/airflow/example_dags/example_skip_dag.py
[2023-09-27T11:08:32.597+0000] {logging_mixin.py:151} INFO - [2023-09-27T11:08:32.597+0000] {dag.py:2915} INFO - Sync 1 DAGs
[2023-09-27T11:08:32.620+0000] {logging_mixin.py:151} INFO - [2023-09-27T11:08:32.620+0000] {dag.py:3696} INFO - Setting next_dagrun for example_skip_dag to 2023-09-26T11:08:32.619785+00:00, run_after=2023-09-27T11:08:32.619785+00:00
[2023-09-27T11:08:32.647+0000] {processor.py:179} INFO - Processing /usr/local/lib/python3.10/dist-packages/airflow/example_dags/example_skip_dag.py took 0.080 seconds
[2023-09-27T11:09:22.921+0000] {processor.py:157} INFO - Started process (PID=4878) to work on /usr/local/lib/python3.10/dist-packages/airflow/example_dags/example_skip_dag.py
[2023-09-27T11:09:22.923+0000] {processor.py:829} INFO - Processing file /usr/local/lib/python3.10/dist-packages/airflow/example_dags/example_skip_dag.py for tasks to queue
[2023-09-27T11:09:22.924+0000] {logging_mixin.py:151} INFO - [2023-09-27T11:09:22.923+0000] {dagbag.py:539} INFO - Filling up the DagBag from /usr/local/lib/python3.10/dist-packages/airflow/example_dags/example_skip_dag.py
[2023-09-27T11:09:22.933+0000] {processor.py:839} INFO - DAG(s) dict_keys(['example_skip_dag']) retrieved from /usr/local/lib/python3.10/dist-packages/airflow/example_dags/example_skip_dag.py
[2023-09-27T11:09:22.954+0000] {logging_mixin.py:151} INFO - [2023-09-27T11:09:22.954+0000] {dag.py:2915} INFO - Sync 1 DAGs
[2023-09-27T11:09:22.988+0000] {logging_mixin.py:151} INFO - [2023-09-27T11:09:22.987+0000] {dag.py:3696} INFO - Setting next_dagrun for example_skip_dag to 2023-09-26T11:09:22.986999+00:00, run_after=2023-09-27T11:09:22.986999+00:00
[2023-09-27T11:09:23.022+0000] {processor.py:179} INFO - Processing /usr/local/lib/python3.10/dist-packages/airflow/example_dags/example_skip_dag.py took 0.106 seconds
[2023-09-27T11:10:07.825+0000] {processor.py:157} INFO - Started process (PID=4926) to work on /usr/local/lib/python3.10/dist-packages/airflow/example_dags/example_skip_dag.py
[2023-09-27T11:10:07.826+0000] {processor.py:829} INFO - Processing file /usr/local/lib/python3.10/dist-packages/airflow/example_dags/example_skip_dag.py for tasks to queue
[2023-09-27T11:10:07.827+0000] {logging_mixin.py:151} INFO - [2023-09-27T11:10:07.827+0000] {dagbag.py:539} INFO - Filling up the DagBag from /usr/local/lib/python3.10/dist-packages/airflow/example_dags/example_skip_dag.py
[2023-09-27T11:10:07.835+0000] {processor.py:839} INFO - DAG(s) dict_keys(['example_skip_dag']) retrieved from /usr/local/lib/python3.10/dist-packages/airflow/example_dags/example_skip_dag.py
[2023-09-27T11:10:07.854+0000] {logging_mixin.py:151} INFO - [2023-09-27T11:10:07.854+0000] {dag.py:2915} INFO - Sync 1 DAGs
[2023-09-27T11:10:07.877+0000] {logging_mixin.py:151} INFO - [2023-09-27T11:10:07.876+0000] {dag.py:3696} INFO - Setting next_dagrun for example_skip_dag to 2023-09-26T11:10:07.876660+00:00, run_after=2023-09-27T11:10:07.876660+00:00
[2023-09-27T11:10:07.899+0000] {processor.py:179} INFO - Processing /usr/local/lib/python3.10/dist-packages/airflow/example_dags/example_skip_dag.py took 0.078 seconds
[2023-09-27T11:10:57.572+0000] {processor.py:157} INFO - Started process (PID=4978) to work on /usr/local/lib/python3.10/dist-packages/airflow/example_dags/example_skip_dag.py
[2023-09-27T11:10:57.574+0000] {processor.py:829} INFO - Processing file /usr/local/lib/python3.10/dist-packages/airflow/example_dags/example_skip_dag.py for tasks to queue
[2023-09-27T11:10:57.574+0000] {logging_mixin.py:151} INFO - [2023-09-27T11:10:57.574+0000] {dagbag.py:539} INFO - Filling up the DagBag from /usr/local/lib/python3.10/dist-packages/airflow/example_dags/example_skip_dag.py
[2023-09-27T11:10:57.582+0000] {processor.py:839} INFO - DAG(s) dict_keys(['example_skip_dag']) retrieved from /usr/local/lib/python3.10/dist-packages/airflow/example_dags/example_skip_dag.py
[2023-09-27T11:10:57.598+0000] {logging_mixin.py:151} INFO - [2023-09-27T11:10:57.597+0000] {dag.py:2915} INFO - Sync 1 DAGs
[2023-09-27T11:10:57.615+0000] {logging_mixin.py:151} INFO - [2023-09-27T11:10:57.615+0000] {dag.py:3696} INFO - Setting next_dagrun for example_skip_dag to 2023-09-26T11:10:57.615074+00:00, run_after=2023-09-27T11:10:57.615074+00:00
[2023-09-27T11:10:57.635+0000] {processor.py:179} INFO - Processing /usr/local/lib/python3.10/dist-packages/airflow/example_dags/example_skip_dag.py took 0.067 seconds
[2023-09-27T11:11:48.683+0000] {processor.py:157} INFO - Started process (PID=5033) to work on /usr/local/lib/python3.10/dist-packages/airflow/example_dags/example_skip_dag.py
[2023-09-27T11:11:48.684+0000] {processor.py:829} INFO - Processing file /usr/local/lib/python3.10/dist-packages/airflow/example_dags/example_skip_dag.py for tasks to queue
[2023-09-27T11:11:48.685+0000] {logging_mixin.py:151} INFO - [2023-09-27T11:11:48.685+0000] {dagbag.py:539} INFO - Filling up the DagBag from /usr/local/lib/python3.10/dist-packages/airflow/example_dags/example_skip_dag.py
[2023-09-27T11:11:48.692+0000] {processor.py:839} INFO - DAG(s) dict_keys(['example_skip_dag']) retrieved from /usr/local/lib/python3.10/dist-packages/airflow/example_dags/example_skip_dag.py
[2023-09-27T11:11:48.709+0000] {logging_mixin.py:151} INFO - [2023-09-27T11:11:48.708+0000] {dag.py:2915} INFO - Sync 1 DAGs
[2023-09-27T11:11:48.727+0000] {logging_mixin.py:151} INFO - [2023-09-27T11:11:48.727+0000] {dag.py:3696} INFO - Setting next_dagrun for example_skip_dag to 2023-09-26T11:11:48.727222+00:00, run_after=2023-09-27T11:11:48.727222+00:00
[2023-09-27T11:11:48.748+0000] {processor.py:179} INFO - Processing /usr/local/lib/python3.10/dist-packages/airflow/example_dags/example_skip_dag.py took 0.068 seconds
[2023-09-27T11:12:34.122+0000] {processor.py:157} INFO - Started process (PID=5084) to work on /usr/local/lib/python3.10/dist-packages/airflow/example_dags/example_skip_dag.py
[2023-09-27T11:12:34.124+0000] {processor.py:829} INFO - Processing file /usr/local/lib/python3.10/dist-packages/airflow/example_dags/example_skip_dag.py for tasks to queue
[2023-09-27T11:12:34.125+0000] {logging_mixin.py:151} INFO - [2023-09-27T11:12:34.125+0000] {dagbag.py:539} INFO - Filling up the DagBag from /usr/local/lib/python3.10/dist-packages/airflow/example_dags/example_skip_dag.py
[2023-09-27T11:12:34.134+0000] {processor.py:839} INFO - DAG(s) dict_keys(['example_skip_dag']) retrieved from /usr/local/lib/python3.10/dist-packages/airflow/example_dags/example_skip_dag.py
[2023-09-27T11:12:34.153+0000] {logging_mixin.py:151} INFO - [2023-09-27T11:12:34.152+0000] {dag.py:2915} INFO - Sync 1 DAGs
[2023-09-27T11:12:34.175+0000] {logging_mixin.py:151} INFO - [2023-09-27T11:12:34.175+0000] {dag.py:3696} INFO - Setting next_dagrun for example_skip_dag to 2023-09-26T11:12:34.175461+00:00, run_after=2023-09-27T11:12:34.175461+00:00
[2023-09-27T11:12:34.204+0000] {processor.py:179} INFO - Processing /usr/local/lib/python3.10/dist-packages/airflow/example_dags/example_skip_dag.py took 0.085 seconds
[2023-09-27T11:13:25.091+0000] {processor.py:157} INFO - Started process (PID=5139) to work on /usr/local/lib/python3.10/dist-packages/airflow/example_dags/example_skip_dag.py
[2023-09-27T11:13:25.092+0000] {processor.py:829} INFO - Processing file /usr/local/lib/python3.10/dist-packages/airflow/example_dags/example_skip_dag.py for tasks to queue
[2023-09-27T11:13:25.093+0000] {logging_mixin.py:151} INFO - [2023-09-27T11:13:25.093+0000] {dagbag.py:539} INFO - Filling up the DagBag from /usr/local/lib/python3.10/dist-packages/airflow/example_dags/example_skip_dag.py
[2023-09-27T11:13:25.104+0000] {processor.py:839} INFO - DAG(s) dict_keys(['example_skip_dag']) retrieved from /usr/local/lib/python3.10/dist-packages/airflow/example_dags/example_skip_dag.py
[2023-09-27T11:13:25.124+0000] {logging_mixin.py:151} INFO - [2023-09-27T11:13:25.124+0000] {dag.py:2915} INFO - Sync 1 DAGs
[2023-09-27T11:13:25.149+0000] {logging_mixin.py:151} INFO - [2023-09-27T11:13:25.149+0000] {dag.py:3696} INFO - Setting next_dagrun for example_skip_dag to 2023-09-26T11:13:25.148789+00:00, run_after=2023-09-27T11:13:25.148789+00:00
[2023-09-27T11:13:25.172+0000] {processor.py:179} INFO - Processing /usr/local/lib/python3.10/dist-packages/airflow/example_dags/example_skip_dag.py took 0.089 seconds
[2023-09-27T11:14:14.794+0000] {processor.py:157} INFO - Started process (PID=5189) to work on /usr/local/lib/python3.10/dist-packages/airflow/example_dags/example_skip_dag.py
[2023-09-27T11:14:14.795+0000] {processor.py:829} INFO - Processing file /usr/local/lib/python3.10/dist-packages/airflow/example_dags/example_skip_dag.py for tasks to queue
[2023-09-27T11:14:14.796+0000] {logging_mixin.py:151} INFO - [2023-09-27T11:14:14.796+0000] {dagbag.py:539} INFO - Filling up the DagBag from /usr/local/lib/python3.10/dist-packages/airflow/example_dags/example_skip_dag.py
[2023-09-27T11:14:14.803+0000] {processor.py:839} INFO - DAG(s) dict_keys(['example_skip_dag']) retrieved from /usr/local/lib/python3.10/dist-packages/airflow/example_dags/example_skip_dag.py
[2023-09-27T11:14:14.823+0000] {logging_mixin.py:151} INFO - [2023-09-27T11:14:14.822+0000] {dag.py:2915} INFO - Sync 1 DAGs
[2023-09-27T11:14:14.843+0000] {logging_mixin.py:151} INFO - [2023-09-27T11:14:14.842+0000] {dag.py:3696} INFO - Setting next_dagrun for example_skip_dag to 2023-09-26T11:14:14.842618+00:00, run_after=2023-09-27T11:14:14.842618+00:00
[2023-09-27T11:14:14.867+0000] {processor.py:179} INFO - Processing /usr/local/lib/python3.10/dist-packages/airflow/example_dags/example_skip_dag.py took 0.076 seconds
[2023-09-27T11:15:04.748+0000] {processor.py:157} INFO - Started process (PID=5241) to work on /usr/local/lib/python3.10/dist-packages/airflow/example_dags/example_skip_dag.py
[2023-09-27T11:15:04.749+0000] {processor.py:829} INFO - Processing file /usr/local/lib/python3.10/dist-packages/airflow/example_dags/example_skip_dag.py for tasks to queue
[2023-09-27T11:15:04.751+0000] {logging_mixin.py:151} INFO - [2023-09-27T11:15:04.751+0000] {dagbag.py:539} INFO - Filling up the DagBag from /usr/local/lib/python3.10/dist-packages/airflow/example_dags/example_skip_dag.py
[2023-09-27T11:15:04.762+0000] {processor.py:839} INFO - DAG(s) dict_keys(['example_skip_dag']) retrieved from /usr/local/lib/python3.10/dist-packages/airflow/example_dags/example_skip_dag.py
[2023-09-27T11:15:04.811+0000] {logging_mixin.py:151} INFO - [2023-09-27T11:15:04.811+0000] {dag.py:2915} INFO - Sync 1 DAGs
[2023-09-27T11:15:04.840+0000] {logging_mixin.py:151} INFO - [2023-09-27T11:15:04.840+0000] {dag.py:3696} INFO - Setting next_dagrun for example_skip_dag to 2023-09-26T11:15:04.840381+00:00, run_after=2023-09-27T11:15:04.840381+00:00
[2023-09-27T11:15:04.890+0000] {processor.py:179} INFO - Processing /usr/local/lib/python3.10/dist-packages/airflow/example_dags/example_skip_dag.py took 0.148 seconds
[2023-09-27T11:15:41.758+0000] {processor.py:157} INFO - Started process (PID=5279) to work on /usr/local/lib/python3.10/dist-packages/airflow/example_dags/example_skip_dag.py
[2023-09-27T11:15:41.759+0000] {processor.py:829} INFO - Processing file /usr/local/lib/python3.10/dist-packages/airflow/example_dags/example_skip_dag.py for tasks to queue
[2023-09-27T11:15:41.760+0000] {logging_mixin.py:151} INFO - [2023-09-27T11:15:41.760+0000] {dagbag.py:539} INFO - Filling up the DagBag from /usr/local/lib/python3.10/dist-packages/airflow/example_dags/example_skip_dag.py
[2023-09-27T11:15:41.769+0000] {processor.py:839} INFO - DAG(s) dict_keys(['example_skip_dag']) retrieved from /usr/local/lib/python3.10/dist-packages/airflow/example_dags/example_skip_dag.py
[2023-09-27T11:15:41.785+0000] {logging_mixin.py:151} INFO - [2023-09-27T11:15:41.784+0000] {dag.py:2915} INFO - Sync 1 DAGs
[2023-09-27T11:15:41.808+0000] {logging_mixin.py:151} INFO - [2023-09-27T11:15:41.808+0000] {dag.py:3696} INFO - Setting next_dagrun for example_skip_dag to 2023-09-26T11:15:41.807871+00:00, run_after=2023-09-27T11:15:41.807871+00:00
[2023-09-27T11:15:41.830+0000] {processor.py:179} INFO - Processing /usr/local/lib/python3.10/dist-packages/airflow/example_dags/example_skip_dag.py took 0.075 seconds
[2023-09-27T11:16:31.504+0000] {processor.py:157} INFO - Started process (PID=5330) to work on /usr/local/lib/python3.10/dist-packages/airflow/example_dags/example_skip_dag.py
[2023-09-27T11:16:31.505+0000] {processor.py:829} INFO - Processing file /usr/local/lib/python3.10/dist-packages/airflow/example_dags/example_skip_dag.py for tasks to queue
[2023-09-27T11:16:31.505+0000] {logging_mixin.py:151} INFO - [2023-09-27T11:16:31.505+0000] {dagbag.py:539} INFO - Filling up the DagBag from /usr/local/lib/python3.10/dist-packages/airflow/example_dags/example_skip_dag.py
[2023-09-27T11:16:31.513+0000] {processor.py:839} INFO - DAG(s) dict_keys(['example_skip_dag']) retrieved from /usr/local/lib/python3.10/dist-packages/airflow/example_dags/example_skip_dag.py
[2023-09-27T11:16:31.529+0000] {logging_mixin.py:151} INFO - [2023-09-27T11:16:31.529+0000] {dag.py:2915} INFO - Sync 1 DAGs
[2023-09-27T11:16:31.554+0000] {logging_mixin.py:151} INFO - [2023-09-27T11:16:31.554+0000] {dag.py:3696} INFO - Setting next_dagrun for example_skip_dag to 2023-09-26T11:16:31.554253+00:00, run_after=2023-09-27T11:16:31.554253+00:00
[2023-09-27T11:16:31.577+0000] {processor.py:179} INFO - Processing /usr/local/lib/python3.10/dist-packages/airflow/example_dags/example_skip_dag.py took 0.076 seconds
[2023-09-27T11:17:21.897+0000] {processor.py:157} INFO - Started process (PID=5388) to work on /usr/local/lib/python3.10/dist-packages/airflow/example_dags/example_skip_dag.py
[2023-09-27T11:17:21.898+0000] {processor.py:829} INFO - Processing file /usr/local/lib/python3.10/dist-packages/airflow/example_dags/example_skip_dag.py for tasks to queue
[2023-09-27T11:17:21.899+0000] {logging_mixin.py:151} INFO - [2023-09-27T11:17:21.899+0000] {dagbag.py:539} INFO - Filling up the DagBag from /usr/local/lib/python3.10/dist-packages/airflow/example_dags/example_skip_dag.py
[2023-09-27T11:17:21.909+0000] {processor.py:839} INFO - DAG(s) dict_keys(['example_skip_dag']) retrieved from /usr/local/lib/python3.10/dist-packages/airflow/example_dags/example_skip_dag.py
[2023-09-27T11:17:21.928+0000] {logging_mixin.py:151} INFO - [2023-09-27T11:17:21.928+0000] {dag.py:2915} INFO - Sync 1 DAGs
[2023-09-27T11:17:21.951+0000] {logging_mixin.py:151} INFO - [2023-09-27T11:17:21.951+0000] {dag.py:3696} INFO - Setting next_dagrun for example_skip_dag to 2023-09-26T11:17:21.951198+00:00, run_after=2023-09-27T11:17:21.951198+00:00
[2023-09-27T11:17:21.980+0000] {processor.py:179} INFO - Processing /usr/local/lib/python3.10/dist-packages/airflow/example_dags/example_skip_dag.py took 0.087 seconds
[2023-09-27T11:18:14.666+0000] {processor.py:157} INFO - Started process (PID=5443) to work on /usr/local/lib/python3.10/dist-packages/airflow/example_dags/example_skip_dag.py
[2023-09-27T11:18:14.668+0000] {processor.py:829} INFO - Processing file /usr/local/lib/python3.10/dist-packages/airflow/example_dags/example_skip_dag.py for tasks to queue
[2023-09-27T11:18:14.668+0000] {logging_mixin.py:151} INFO - [2023-09-27T11:18:14.668+0000] {dagbag.py:539} INFO - Filling up the DagBag from /usr/local/lib/python3.10/dist-packages/airflow/example_dags/example_skip_dag.py
[2023-09-27T11:18:14.675+0000] {processor.py:839} INFO - DAG(s) dict_keys(['example_skip_dag']) retrieved from /usr/local/lib/python3.10/dist-packages/airflow/example_dags/example_skip_dag.py
[2023-09-27T11:18:14.693+0000] {logging_mixin.py:151} INFO - [2023-09-27T11:18:14.692+0000] {dag.py:2915} INFO - Sync 1 DAGs
[2023-09-27T11:18:14.711+0000] {logging_mixin.py:151} INFO - [2023-09-27T11:18:14.711+0000] {dag.py:3696} INFO - Setting next_dagrun for example_skip_dag to 2023-09-26T11:18:14.711503+00:00, run_after=2023-09-27T11:18:14.711503+00:00
[2023-09-27T11:18:14.732+0000] {processor.py:179} INFO - Processing /usr/local/lib/python3.10/dist-packages/airflow/example_dags/example_skip_dag.py took 0.068 seconds
[2023-09-27T11:18:59.906+0000] {processor.py:157} INFO - Started process (PID=5493) to work on /usr/local/lib/python3.10/dist-packages/airflow/example_dags/example_skip_dag.py
[2023-09-27T11:18:59.907+0000] {processor.py:829} INFO - Processing file /usr/local/lib/python3.10/dist-packages/airflow/example_dags/example_skip_dag.py for tasks to queue
[2023-09-27T11:18:59.908+0000] {logging_mixin.py:151} INFO - [2023-09-27T11:18:59.908+0000] {dagbag.py:539} INFO - Filling up the DagBag from /usr/local/lib/python3.10/dist-packages/airflow/example_dags/example_skip_dag.py
[2023-09-27T11:18:59.916+0000] {processor.py:839} INFO - DAG(s) dict_keys(['example_skip_dag']) retrieved from /usr/local/lib/python3.10/dist-packages/airflow/example_dags/example_skip_dag.py
[2023-09-27T11:18:59.934+0000] {logging_mixin.py:151} INFO - [2023-09-27T11:18:59.934+0000] {dag.py:2915} INFO - Sync 1 DAGs
[2023-09-27T11:18:59.954+0000] {logging_mixin.py:151} INFO - [2023-09-27T11:18:59.954+0000] {dag.py:3696} INFO - Setting next_dagrun for example_skip_dag to 2023-09-26T11:18:59.953717+00:00, run_after=2023-09-27T11:18:59.953717+00:00
[2023-09-27T11:18:59.975+0000] {processor.py:179} INFO - Processing /usr/local/lib/python3.10/dist-packages/airflow/example_dags/example_skip_dag.py took 0.072 seconds
[2023-09-27T11:19:50.318+0000] {processor.py:157} INFO - Started process (PID=5545) to work on /usr/local/lib/python3.10/dist-packages/airflow/example_dags/example_skip_dag.py
[2023-09-27T11:19:50.319+0000] {processor.py:829} INFO - Processing file /usr/local/lib/python3.10/dist-packages/airflow/example_dags/example_skip_dag.py for tasks to queue
[2023-09-27T11:19:50.320+0000] {logging_mixin.py:151} INFO - [2023-09-27T11:19:50.319+0000] {dagbag.py:539} INFO - Filling up the DagBag from /usr/local/lib/python3.10/dist-packages/airflow/example_dags/example_skip_dag.py
[2023-09-27T11:19:50.327+0000] {processor.py:839} INFO - DAG(s) dict_keys(['example_skip_dag']) retrieved from /usr/local/lib/python3.10/dist-packages/airflow/example_dags/example_skip_dag.py
[2023-09-27T11:19:50.345+0000] {logging_mixin.py:151} INFO - [2023-09-27T11:19:50.345+0000] {dag.py:2915} INFO - Sync 1 DAGs
[2023-09-27T11:19:50.365+0000] {logging_mixin.py:151} INFO - [2023-09-27T11:19:50.365+0000] {dag.py:3696} INFO - Setting next_dagrun for example_skip_dag to 2023-09-26T11:19:50.365471+00:00, run_after=2023-09-27T11:19:50.365471+00:00
[2023-09-27T11:19:50.404+0000] {processor.py:179} INFO - Processing /usr/local/lib/python3.10/dist-packages/airflow/example_dags/example_skip_dag.py took 0.089 seconds
[2023-09-27T11:20:44.587+0000] {processor.py:157} INFO - Started process (PID=5603) to work on /usr/local/lib/python3.10/dist-packages/airflow/example_dags/example_skip_dag.py
[2023-09-27T11:20:44.590+0000] {processor.py:829} INFO - Processing file /usr/local/lib/python3.10/dist-packages/airflow/example_dags/example_skip_dag.py for tasks to queue
[2023-09-27T11:20:44.590+0000] {logging_mixin.py:151} INFO - [2023-09-27T11:20:44.590+0000] {dagbag.py:539} INFO - Filling up the DagBag from /usr/local/lib/python3.10/dist-packages/airflow/example_dags/example_skip_dag.py
[2023-09-27T11:20:44.598+0000] {processor.py:839} INFO - DAG(s) dict_keys(['example_skip_dag']) retrieved from /usr/local/lib/python3.10/dist-packages/airflow/example_dags/example_skip_dag.py
[2023-09-27T11:20:44.626+0000] {logging_mixin.py:151} INFO - [2023-09-27T11:20:44.626+0000] {dag.py:2915} INFO - Sync 1 DAGs
[2023-09-27T11:20:44.650+0000] {logging_mixin.py:151} INFO - [2023-09-27T11:20:44.650+0000] {dag.py:3696} INFO - Setting next_dagrun for example_skip_dag to 2023-09-26T11:20:44.649854+00:00, run_after=2023-09-27T11:20:44.649854+00:00
[2023-09-27T11:20:44.673+0000] {processor.py:179} INFO - Processing /usr/local/lib/python3.10/dist-packages/airflow/example_dags/example_skip_dag.py took 0.089 seconds
[2023-09-27T11:21:35.865+0000] {processor.py:157} INFO - Started process (PID=5658) to work on /usr/local/lib/python3.10/dist-packages/airflow/example_dags/example_skip_dag.py
[2023-09-27T11:21:35.867+0000] {processor.py:829} INFO - Processing file /usr/local/lib/python3.10/dist-packages/airflow/example_dags/example_skip_dag.py for tasks to queue
[2023-09-27T11:21:35.867+0000] {logging_mixin.py:151} INFO - [2023-09-27T11:21:35.867+0000] {dagbag.py:539} INFO - Filling up the DagBag from /usr/local/lib/python3.10/dist-packages/airflow/example_dags/example_skip_dag.py
[2023-09-27T11:21:35.876+0000] {processor.py:839} INFO - DAG(s) dict_keys(['example_skip_dag']) retrieved from /usr/local/lib/python3.10/dist-packages/airflow/example_dags/example_skip_dag.py
[2023-09-27T11:21:35.896+0000] {logging_mixin.py:151} INFO - [2023-09-27T11:21:35.896+0000] {dag.py:2915} INFO - Sync 1 DAGs
[2023-09-27T11:21:35.918+0000] {logging_mixin.py:151} INFO - [2023-09-27T11:21:35.918+0000] {dag.py:3696} INFO - Setting next_dagrun for example_skip_dag to 2023-09-26T11:21:35.917894+00:00, run_after=2023-09-27T11:21:35.917894+00:00
[2023-09-27T11:21:35.946+0000] {processor.py:179} INFO - Processing /usr/local/lib/python3.10/dist-packages/airflow/example_dags/example_skip_dag.py took 0.084 seconds
[2023-09-27T11:22:23.556+0000] {processor.py:157} INFO - Started process (PID=5710) to work on /usr/local/lib/python3.10/dist-packages/airflow/example_dags/example_skip_dag.py
[2023-09-27T11:22:23.557+0000] {processor.py:829} INFO - Processing file /usr/local/lib/python3.10/dist-packages/airflow/example_dags/example_skip_dag.py for tasks to queue
[2023-09-27T11:22:23.558+0000] {logging_mixin.py:151} INFO - [2023-09-27T11:22:23.558+0000] {dagbag.py:539} INFO - Filling up the DagBag from /usr/local/lib/python3.10/dist-packages/airflow/example_dags/example_skip_dag.py
[2023-09-27T11:22:23.572+0000] {processor.py:839} INFO - DAG(s) dict_keys(['example_skip_dag']) retrieved from /usr/local/lib/python3.10/dist-packages/airflow/example_dags/example_skip_dag.py
[2023-09-27T11:22:23.600+0000] {logging_mixin.py:151} INFO - [2023-09-27T11:22:23.600+0000] {dag.py:2915} INFO - Sync 1 DAGs
[2023-09-27T11:22:23.626+0000] {logging_mixin.py:151} INFO - [2023-09-27T11:22:23.626+0000] {dag.py:3696} INFO - Setting next_dagrun for example_skip_dag to 2023-09-26T11:22:23.625848+00:00, run_after=2023-09-27T11:22:23.625848+00:00
[2023-09-27T11:22:23.654+0000] {processor.py:179} INFO - Processing /usr/local/lib/python3.10/dist-packages/airflow/example_dags/example_skip_dag.py took 0.101 seconds
[2023-09-27T11:23:15.586+0000] {processor.py:157} INFO - Started process (PID=5764) to work on /usr/local/lib/python3.10/dist-packages/airflow/example_dags/example_skip_dag.py
[2023-09-27T11:23:15.587+0000] {processor.py:829} INFO - Processing file /usr/local/lib/python3.10/dist-packages/airflow/example_dags/example_skip_dag.py for tasks to queue
[2023-09-27T11:23:15.588+0000] {logging_mixin.py:151} INFO - [2023-09-27T11:23:15.587+0000] {dagbag.py:539} INFO - Filling up the DagBag from /usr/local/lib/python3.10/dist-packages/airflow/example_dags/example_skip_dag.py
[2023-09-27T11:23:15.595+0000] {processor.py:839} INFO - DAG(s) dict_keys(['example_skip_dag']) retrieved from /usr/local/lib/python3.10/dist-packages/airflow/example_dags/example_skip_dag.py
[2023-09-27T11:23:15.612+0000] {logging_mixin.py:151} INFO - [2023-09-27T11:23:15.612+0000] {dag.py:2915} INFO - Sync 1 DAGs
[2023-09-27T11:23:15.630+0000] {logging_mixin.py:151} INFO - [2023-09-27T11:23:15.630+0000] {dag.py:3696} INFO - Setting next_dagrun for example_skip_dag to 2023-09-26T11:23:15.629840+00:00, run_after=2023-09-27T11:23:15.629840+00:00
[2023-09-27T11:23:15.651+0000] {processor.py:179} INFO - Processing /usr/local/lib/python3.10/dist-packages/airflow/example_dags/example_skip_dag.py took 0.069 seconds
[2023-09-27T11:24:07.034+0000] {processor.py:157} INFO - Started process (PID=5817) to work on /usr/local/lib/python3.10/dist-packages/airflow/example_dags/example_skip_dag.py
[2023-09-27T11:24:07.035+0000] {processor.py:829} INFO - Processing file /usr/local/lib/python3.10/dist-packages/airflow/example_dags/example_skip_dag.py for tasks to queue
[2023-09-27T11:24:07.036+0000] {logging_mixin.py:151} INFO - [2023-09-27T11:24:07.035+0000] {dagbag.py:539} INFO - Filling up the DagBag from /usr/local/lib/python3.10/dist-packages/airflow/example_dags/example_skip_dag.py
[2023-09-27T11:24:07.046+0000] {processor.py:839} INFO - DAG(s) dict_keys(['example_skip_dag']) retrieved from /usr/local/lib/python3.10/dist-packages/airflow/example_dags/example_skip_dag.py
[2023-09-27T11:24:07.063+0000] {logging_mixin.py:151} INFO - [2023-09-27T11:24:07.063+0000] {dag.py:2915} INFO - Sync 1 DAGs
[2023-09-27T11:24:07.081+0000] {logging_mixin.py:151} INFO - [2023-09-27T11:24:07.081+0000] {dag.py:3696} INFO - Setting next_dagrun for example_skip_dag to 2023-09-26T11:24:07.081408+00:00, run_after=2023-09-27T11:24:07.081408+00:00
[2023-09-27T11:24:07.104+0000] {processor.py:179} INFO - Processing /usr/local/lib/python3.10/dist-packages/airflow/example_dags/example_skip_dag.py took 0.073 seconds
[2023-09-27T11:24:57.881+0000] {processor.py:157} INFO - Started process (PID=5870) to work on /usr/local/lib/python3.10/dist-packages/airflow/example_dags/example_skip_dag.py
[2023-09-27T11:24:57.882+0000] {processor.py:829} INFO - Processing file /usr/local/lib/python3.10/dist-packages/airflow/example_dags/example_skip_dag.py for tasks to queue
[2023-09-27T11:24:57.883+0000] {logging_mixin.py:151} INFO - [2023-09-27T11:24:57.882+0000] {dagbag.py:539} INFO - Filling up the DagBag from /usr/local/lib/python3.10/dist-packages/airflow/example_dags/example_skip_dag.py
[2023-09-27T11:24:57.890+0000] {processor.py:839} INFO - DAG(s) dict_keys(['example_skip_dag']) retrieved from /usr/local/lib/python3.10/dist-packages/airflow/example_dags/example_skip_dag.py
[2023-09-27T11:24:57.907+0000] {logging_mixin.py:151} INFO - [2023-09-27T11:24:57.907+0000] {dag.py:2915} INFO - Sync 1 DAGs
[2023-09-27T11:24:57.925+0000] {logging_mixin.py:151} INFO - [2023-09-27T11:24:57.925+0000] {dag.py:3696} INFO - Setting next_dagrun for example_skip_dag to 2023-09-26T11:24:57.925123+00:00, run_after=2023-09-27T11:24:57.925123+00:00
[2023-09-27T11:24:57.946+0000] {processor.py:179} INFO - Processing /usr/local/lib/python3.10/dist-packages/airflow/example_dags/example_skip_dag.py took 0.068 seconds
[2023-09-27T11:25:51.367+0000] {processor.py:157} INFO - Started process (PID=5924) to work on /usr/local/lib/python3.10/dist-packages/airflow/example_dags/example_skip_dag.py
[2023-09-27T11:25:51.368+0000] {processor.py:829} INFO - Processing file /usr/local/lib/python3.10/dist-packages/airflow/example_dags/example_skip_dag.py for tasks to queue
[2023-09-27T11:25:51.369+0000] {logging_mixin.py:151} INFO - [2023-09-27T11:25:51.368+0000] {dagbag.py:539} INFO - Filling up the DagBag from /usr/local/lib/python3.10/dist-packages/airflow/example_dags/example_skip_dag.py
[2023-09-27T11:25:51.376+0000] {processor.py:839} INFO - DAG(s) dict_keys(['example_skip_dag']) retrieved from /usr/local/lib/python3.10/dist-packages/airflow/example_dags/example_skip_dag.py
[2023-09-27T11:25:51.397+0000] {logging_mixin.py:151} INFO - [2023-09-27T11:25:51.396+0000] {dag.py:2915} INFO - Sync 1 DAGs
[2023-09-27T11:25:51.416+0000] {logging_mixin.py:151} INFO - [2023-09-27T11:25:51.416+0000] {dag.py:3696} INFO - Setting next_dagrun for example_skip_dag to 2023-09-26T11:25:51.416204+00:00, run_after=2023-09-27T11:25:51.416204+00:00
[2023-09-27T11:25:51.446+0000] {processor.py:179} INFO - Processing /usr/local/lib/python3.10/dist-packages/airflow/example_dags/example_skip_dag.py took 0.082 seconds
[2023-09-27T11:26:27.457+0000] {processor.py:157} INFO - Started process (PID=5963) to work on /usr/local/lib/python3.10/dist-packages/airflow/example_dags/example_skip_dag.py
[2023-09-27T11:26:27.458+0000] {processor.py:829} INFO - Processing file /usr/local/lib/python3.10/dist-packages/airflow/example_dags/example_skip_dag.py for tasks to queue
[2023-09-27T11:26:27.459+0000] {logging_mixin.py:151} INFO - [2023-09-27T11:26:27.458+0000] {dagbag.py:539} INFO - Filling up the DagBag from /usr/local/lib/python3.10/dist-packages/airflow/example_dags/example_skip_dag.py
[2023-09-27T11:26:27.466+0000] {processor.py:839} INFO - DAG(s) dict_keys(['example_skip_dag']) retrieved from /usr/local/lib/python3.10/dist-packages/airflow/example_dags/example_skip_dag.py
[2023-09-27T11:26:27.484+0000] {logging_mixin.py:151} INFO - [2023-09-27T11:26:27.483+0000] {dag.py:2915} INFO - Sync 1 DAGs
[2023-09-27T11:26:27.503+0000] {logging_mixin.py:151} INFO - [2023-09-27T11:26:27.503+0000] {dag.py:3696} INFO - Setting next_dagrun for example_skip_dag to 2023-09-26T11:26:27.503237+00:00, run_after=2023-09-27T11:26:27.503237+00:00
[2023-09-27T11:26:27.523+0000] {processor.py:179} INFO - Processing /usr/local/lib/python3.10/dist-packages/airflow/example_dags/example_skip_dag.py took 0.070 seconds
[2023-09-27T11:27:14.716+0000] {processor.py:157} INFO - Started process (PID=6016) to work on /usr/local/lib/python3.10/dist-packages/airflow/example_dags/example_skip_dag.py
[2023-09-27T11:27:14.717+0000] {processor.py:829} INFO - Processing file /usr/local/lib/python3.10/dist-packages/airflow/example_dags/example_skip_dag.py for tasks to queue
[2023-09-27T11:27:14.718+0000] {logging_mixin.py:151} INFO - [2023-09-27T11:27:14.718+0000] {dagbag.py:539} INFO - Filling up the DagBag from /usr/local/lib/python3.10/dist-packages/airflow/example_dags/example_skip_dag.py
[2023-09-27T11:27:14.727+0000] {processor.py:839} INFO - DAG(s) dict_keys(['example_skip_dag']) retrieved from /usr/local/lib/python3.10/dist-packages/airflow/example_dags/example_skip_dag.py
[2023-09-27T11:27:14.745+0000] {logging_mixin.py:151} INFO - [2023-09-27T11:27:14.744+0000] {dag.py:2915} INFO - Sync 1 DAGs
[2023-09-27T11:27:14.769+0000] {logging_mixin.py:151} INFO - [2023-09-27T11:27:14.769+0000] {dag.py:3696} INFO - Setting next_dagrun for example_skip_dag to 2023-09-26T11:27:14.769204+00:00, run_after=2023-09-27T11:27:14.769204+00:00
[2023-09-27T11:27:14.792+0000] {processor.py:179} INFO - Processing /usr/local/lib/python3.10/dist-packages/airflow/example_dags/example_skip_dag.py took 0.079 seconds
[2023-09-27T11:28:05.159+0000] {processor.py:157} INFO - Started process (PID=6072) to work on /usr/local/lib/python3.10/dist-packages/airflow/example_dags/example_skip_dag.py
[2023-09-27T11:28:05.162+0000] {processor.py:829} INFO - Processing file /usr/local/lib/python3.10/dist-packages/airflow/example_dags/example_skip_dag.py for tasks to queue
[2023-09-27T11:28:05.163+0000] {logging_mixin.py:151} INFO - [2023-09-27T11:28:05.163+0000] {dagbag.py:539} INFO - Filling up the DagBag from /usr/local/lib/python3.10/dist-packages/airflow/example_dags/example_skip_dag.py
[2023-09-27T11:28:05.172+0000] {processor.py:839} INFO - DAG(s) dict_keys(['example_skip_dag']) retrieved from /usr/local/lib/python3.10/dist-packages/airflow/example_dags/example_skip_dag.py
[2023-09-27T11:28:05.191+0000] {logging_mixin.py:151} INFO - [2023-09-27T11:28:05.191+0000] {dag.py:2915} INFO - Sync 1 DAGs
[2023-09-27T11:28:05.213+0000] {logging_mixin.py:151} INFO - [2023-09-27T11:28:05.213+0000] {dag.py:3696} INFO - Setting next_dagrun for example_skip_dag to 2023-09-26T11:28:05.212527+00:00, run_after=2023-09-27T11:28:05.212527+00:00
[2023-09-27T11:28:05.276+0000] {processor.py:179} INFO - Processing /usr/local/lib/python3.10/dist-packages/airflow/example_dags/example_skip_dag.py took 0.122 seconds
[2023-09-27T11:28:52.345+0000] {processor.py:157} INFO - Started process (PID=6124) to work on /usr/local/lib/python3.10/dist-packages/airflow/example_dags/example_skip_dag.py
[2023-09-27T11:28:52.347+0000] {processor.py:829} INFO - Processing file /usr/local/lib/python3.10/dist-packages/airflow/example_dags/example_skip_dag.py for tasks to queue
[2023-09-27T11:28:52.349+0000] {logging_mixin.py:151} INFO - [2023-09-27T11:28:52.348+0000] {dagbag.py:539} INFO - Filling up the DagBag from /usr/local/lib/python3.10/dist-packages/airflow/example_dags/example_skip_dag.py
[2023-09-27T11:28:52.368+0000] {processor.py:839} INFO - DAG(s) dict_keys(['example_skip_dag']) retrieved from /usr/local/lib/python3.10/dist-packages/airflow/example_dags/example_skip_dag.py
[2023-09-27T11:28:52.393+0000] {logging_mixin.py:151} INFO - [2023-09-27T11:28:52.393+0000] {dag.py:2915} INFO - Sync 1 DAGs
[2023-09-27T11:28:52.420+0000] {logging_mixin.py:151} INFO - [2023-09-27T11:28:52.419+0000] {dag.py:3696} INFO - Setting next_dagrun for example_skip_dag to 2023-09-26T11:28:52.419675+00:00, run_after=2023-09-27T11:28:52.419675+00:00
[2023-09-27T11:28:52.442+0000] {processor.py:179} INFO - Processing /usr/local/lib/python3.10/dist-packages/airflow/example_dags/example_skip_dag.py took 0.108 seconds
[2023-09-27T11:29:44.138+0000] {processor.py:157} INFO - Started process (PID=6179) to work on /usr/local/lib/python3.10/dist-packages/airflow/example_dags/example_skip_dag.py
[2023-09-27T11:29:44.139+0000] {processor.py:829} INFO - Processing file /usr/local/lib/python3.10/dist-packages/airflow/example_dags/example_skip_dag.py for tasks to queue
[2023-09-27T11:29:44.140+0000] {logging_mixin.py:151} INFO - [2023-09-27T11:29:44.140+0000] {dagbag.py:539} INFO - Filling up the DagBag from /usr/local/lib/python3.10/dist-packages/airflow/example_dags/example_skip_dag.py
[2023-09-27T11:29:44.149+0000] {processor.py:839} INFO - DAG(s) dict_keys(['example_skip_dag']) retrieved from /usr/local/lib/python3.10/dist-packages/airflow/example_dags/example_skip_dag.py
[2023-09-27T11:29:44.181+0000] {logging_mixin.py:151} INFO - [2023-09-27T11:29:44.181+0000] {dag.py:2915} INFO - Sync 1 DAGs
[2023-09-27T11:29:44.202+0000] {logging_mixin.py:151} INFO - [2023-09-27T11:29:44.202+0000] {dag.py:3696} INFO - Setting next_dagrun for example_skip_dag to 2023-09-26T11:29:44.202053+00:00, run_after=2023-09-27T11:29:44.202053+00:00
[2023-09-27T11:29:44.225+0000] {processor.py:179} INFO - Processing /usr/local/lib/python3.10/dist-packages/airflow/example_dags/example_skip_dag.py took 0.091 seconds
[2023-09-27T11:30:33.608+0000] {processor.py:157} INFO - Started process (PID=6230) to work on /usr/local/lib/python3.10/dist-packages/airflow/example_dags/example_skip_dag.py
[2023-09-27T11:30:33.609+0000] {processor.py:829} INFO - Processing file /usr/local/lib/python3.10/dist-packages/airflow/example_dags/example_skip_dag.py for tasks to queue
[2023-09-27T11:30:33.610+0000] {logging_mixin.py:151} INFO - [2023-09-27T11:30:33.609+0000] {dagbag.py:539} INFO - Filling up the DagBag from /usr/local/lib/python3.10/dist-packages/airflow/example_dags/example_skip_dag.py
[2023-09-27T11:30:33.619+0000] {processor.py:839} INFO - DAG(s) dict_keys(['example_skip_dag']) retrieved from /usr/local/lib/python3.10/dist-packages/airflow/example_dags/example_skip_dag.py
[2023-09-27T11:30:33.641+0000] {logging_mixin.py:151} INFO - [2023-09-27T11:30:33.641+0000] {dag.py:2915} INFO - Sync 1 DAGs
[2023-09-27T11:30:33.668+0000] {logging_mixin.py:151} INFO - [2023-09-27T11:30:33.667+0000] {dag.py:3696} INFO - Setting next_dagrun for example_skip_dag to 2023-09-26T11:30:33.667599+00:00, run_after=2023-09-27T11:30:33.667599+00:00
[2023-09-27T11:30:33.693+0000] {processor.py:179} INFO - Processing /usr/local/lib/python3.10/dist-packages/airflow/example_dags/example_skip_dag.py took 0.088 seconds
[2023-09-27T11:31:22.953+0000] {processor.py:157} INFO - Started process (PID=6283) to work on /usr/local/lib/python3.10/dist-packages/airflow/example_dags/example_skip_dag.py
[2023-09-27T11:31:22.954+0000] {processor.py:829} INFO - Processing file /usr/local/lib/python3.10/dist-packages/airflow/example_dags/example_skip_dag.py for tasks to queue
[2023-09-27T11:31:22.955+0000] {logging_mixin.py:151} INFO - [2023-09-27T11:31:22.954+0000] {dagbag.py:539} INFO - Filling up the DagBag from /usr/local/lib/python3.10/dist-packages/airflow/example_dags/example_skip_dag.py
[2023-09-27T11:31:22.962+0000] {processor.py:839} INFO - DAG(s) dict_keys(['example_skip_dag']) retrieved from /usr/local/lib/python3.10/dist-packages/airflow/example_dags/example_skip_dag.py
[2023-09-27T11:31:22.978+0000] {logging_mixin.py:151} INFO - [2023-09-27T11:31:22.978+0000] {dag.py:2915} INFO - Sync 1 DAGs
[2023-09-27T11:31:22.996+0000] {logging_mixin.py:151} INFO - [2023-09-27T11:31:22.996+0000] {dag.py:3696} INFO - Setting next_dagrun for example_skip_dag to 2023-09-26T11:31:22.996576+00:00, run_after=2023-09-27T11:31:22.996576+00:00
[2023-09-27T11:31:23.018+0000] {processor.py:179} INFO - Processing /usr/local/lib/python3.10/dist-packages/airflow/example_dags/example_skip_dag.py took 0.069 seconds
[2023-09-27T11:32:09.396+0000] {processor.py:157} INFO - Started process (PID=6336) to work on /usr/local/lib/python3.10/dist-packages/airflow/example_dags/example_skip_dag.py
[2023-09-27T11:32:09.397+0000] {processor.py:829} INFO - Processing file /usr/local/lib/python3.10/dist-packages/airflow/example_dags/example_skip_dag.py for tasks to queue
[2023-09-27T11:32:09.398+0000] {logging_mixin.py:151} INFO - [2023-09-27T11:32:09.397+0000] {dagbag.py:539} INFO - Filling up the DagBag from /usr/local/lib/python3.10/dist-packages/airflow/example_dags/example_skip_dag.py
[2023-09-27T11:32:09.405+0000] {processor.py:839} INFO - DAG(s) dict_keys(['example_skip_dag']) retrieved from /usr/local/lib/python3.10/dist-packages/airflow/example_dags/example_skip_dag.py
[2023-09-27T11:32:09.422+0000] {logging_mixin.py:151} INFO - [2023-09-27T11:32:09.422+0000] {dag.py:2915} INFO - Sync 1 DAGs
[2023-09-27T11:32:09.441+0000] {logging_mixin.py:151} INFO - [2023-09-27T11:32:09.441+0000] {dag.py:3696} INFO - Setting next_dagrun for example_skip_dag to 2023-09-26T11:32:09.441273+00:00, run_after=2023-09-27T11:32:09.441273+00:00
[2023-09-27T11:32:09.462+0000] {processor.py:179} INFO - Processing /usr/local/lib/python3.10/dist-packages/airflow/example_dags/example_skip_dag.py took 0.070 seconds
[2023-09-27T11:32:54.371+0000] {processor.py:157} INFO - Started process (PID=6386) to work on /usr/local/lib/python3.10/dist-packages/airflow/example_dags/example_skip_dag.py
[2023-09-27T11:32:54.373+0000] {processor.py:829} INFO - Processing file /usr/local/lib/python3.10/dist-packages/airflow/example_dags/example_skip_dag.py for tasks to queue
[2023-09-27T11:32:54.373+0000] {logging_mixin.py:151} INFO - [2023-09-27T11:32:54.373+0000] {dagbag.py:539} INFO - Filling up the DagBag from /usr/local/lib/python3.10/dist-packages/airflow/example_dags/example_skip_dag.py
[2023-09-27T11:32:54.381+0000] {processor.py:839} INFO - DAG(s) dict_keys(['example_skip_dag']) retrieved from /usr/local/lib/python3.10/dist-packages/airflow/example_dags/example_skip_dag.py
[2023-09-27T11:32:54.397+0000] {logging_mixin.py:151} INFO - [2023-09-27T11:32:54.397+0000] {dag.py:2915} INFO - Sync 1 DAGs
[2023-09-27T11:32:54.422+0000] {logging_mixin.py:151} INFO - [2023-09-27T11:32:54.421+0000] {dag.py:3696} INFO - Setting next_dagrun for example_skip_dag to 2023-09-26T11:32:54.421772+00:00, run_after=2023-09-27T11:32:54.421772+00:00
[2023-09-27T11:32:54.445+0000] {processor.py:179} INFO - Processing /usr/local/lib/python3.10/dist-packages/airflow/example_dags/example_skip_dag.py took 0.077 seconds
[2023-09-27T11:33:46.024+0000] {processor.py:157} INFO - Started process (PID=6439) to work on /usr/local/lib/python3.10/dist-packages/airflow/example_dags/example_skip_dag.py
[2023-09-27T11:33:46.025+0000] {processor.py:829} INFO - Processing file /usr/local/lib/python3.10/dist-packages/airflow/example_dags/example_skip_dag.py for tasks to queue
[2023-09-27T11:33:46.026+0000] {logging_mixin.py:151} INFO - [2023-09-27T11:33:46.025+0000] {dagbag.py:539} INFO - Filling up the DagBag from /usr/local/lib/python3.10/dist-packages/airflow/example_dags/example_skip_dag.py
[2023-09-27T11:33:46.034+0000] {processor.py:839} INFO - DAG(s) dict_keys(['example_skip_dag']) retrieved from /usr/local/lib/python3.10/dist-packages/airflow/example_dags/example_skip_dag.py
[2023-09-27T11:33:46.050+0000] {logging_mixin.py:151} INFO - [2023-09-27T11:33:46.050+0000] {dag.py:2915} INFO - Sync 1 DAGs
[2023-09-27T11:33:46.069+0000] {logging_mixin.py:151} INFO - [2023-09-27T11:33:46.069+0000] {dag.py:3696} INFO - Setting next_dagrun for example_skip_dag to 2023-09-26T11:33:46.068792+00:00, run_after=2023-09-27T11:33:46.068792+00:00
[2023-09-27T11:33:46.093+0000] {processor.py:179} INFO - Processing /usr/local/lib/python3.10/dist-packages/airflow/example_dags/example_skip_dag.py took 0.072 seconds
[2023-09-27T11:34:34.162+0000] {processor.py:157} INFO - Started process (PID=6489) to work on /usr/local/lib/python3.10/dist-packages/airflow/example_dags/example_skip_dag.py
[2023-09-27T11:34:34.163+0000] {processor.py:829} INFO - Processing file /usr/local/lib/python3.10/dist-packages/airflow/example_dags/example_skip_dag.py for tasks to queue
[2023-09-27T11:34:34.164+0000] {logging_mixin.py:151} INFO - [2023-09-27T11:34:34.163+0000] {dagbag.py:539} INFO - Filling up the DagBag from /usr/local/lib/python3.10/dist-packages/airflow/example_dags/example_skip_dag.py
[2023-09-27T11:34:34.172+0000] {processor.py:839} INFO - DAG(s) dict_keys(['example_skip_dag']) retrieved from /usr/local/lib/python3.10/dist-packages/airflow/example_dags/example_skip_dag.py
[2023-09-27T11:34:34.189+0000] {logging_mixin.py:151} INFO - [2023-09-27T11:34:34.189+0000] {dag.py:2915} INFO - Sync 1 DAGs
[2023-09-27T11:34:34.210+0000] {logging_mixin.py:151} INFO - [2023-09-27T11:34:34.210+0000] {dag.py:3696} INFO - Setting next_dagrun for example_skip_dag to 2023-09-26T11:34:34.210405+00:00, run_after=2023-09-27T11:34:34.210405+00:00
[2023-09-27T11:34:34.232+0000] {processor.py:179} INFO - Processing /usr/local/lib/python3.10/dist-packages/airflow/example_dags/example_skip_dag.py took 0.073 seconds
[2023-09-27T11:35:23.266+0000] {processor.py:157} INFO - Started process (PID=6544) to work on /usr/local/lib/python3.10/dist-packages/airflow/example_dags/example_skip_dag.py
[2023-09-27T11:35:23.268+0000] {processor.py:829} INFO - Processing file /usr/local/lib/python3.10/dist-packages/airflow/example_dags/example_skip_dag.py for tasks to queue
[2023-09-27T11:35:23.269+0000] {logging_mixin.py:151} INFO - [2023-09-27T11:35:23.268+0000] {dagbag.py:539} INFO - Filling up the DagBag from /usr/local/lib/python3.10/dist-packages/airflow/example_dags/example_skip_dag.py
[2023-09-27T11:35:23.276+0000] {processor.py:839} INFO - DAG(s) dict_keys(['example_skip_dag']) retrieved from /usr/local/lib/python3.10/dist-packages/airflow/example_dags/example_skip_dag.py
[2023-09-27T11:35:23.292+0000] {logging_mixin.py:151} INFO - [2023-09-27T11:35:23.292+0000] {dag.py:2915} INFO - Sync 1 DAGs
[2023-09-27T11:35:23.310+0000] {logging_mixin.py:151} INFO - [2023-09-27T11:35:23.310+0000] {dag.py:3696} INFO - Setting next_dagrun for example_skip_dag to 2023-09-26T11:35:23.310422+00:00, run_after=2023-09-27T11:35:23.310422+00:00
[2023-09-27T11:35:23.334+0000] {processor.py:179} INFO - Processing /usr/local/lib/python3.10/dist-packages/airflow/example_dags/example_skip_dag.py took 0.071 seconds
[2023-09-27T11:36:14.220+0000] {processor.py:157} INFO - Started process (PID=6603) to work on /usr/local/lib/python3.10/dist-packages/airflow/example_dags/example_skip_dag.py
[2023-09-27T11:36:14.226+0000] {processor.py:829} INFO - Processing file /usr/local/lib/python3.10/dist-packages/airflow/example_dags/example_skip_dag.py for tasks to queue
[2023-09-27T11:36:14.228+0000] {logging_mixin.py:151} INFO - [2023-09-27T11:36:14.226+0000] {dagbag.py:539} INFO - Filling up the DagBag from /usr/local/lib/python3.10/dist-packages/airflow/example_dags/example_skip_dag.py
[2023-09-27T11:36:14.242+0000] {processor.py:839} INFO - DAG(s) dict_keys(['example_skip_dag']) retrieved from /usr/local/lib/python3.10/dist-packages/airflow/example_dags/example_skip_dag.py
[2023-09-27T11:36:14.261+0000] {logging_mixin.py:151} INFO - [2023-09-27T11:36:14.261+0000] {dag.py:2915} INFO - Sync 1 DAGs
[2023-09-27T11:36:14.283+0000] {logging_mixin.py:151} INFO - [2023-09-27T11:36:14.283+0000] {dag.py:3696} INFO - Setting next_dagrun for example_skip_dag to 2023-09-26T11:36:14.282839+00:00, run_after=2023-09-27T11:36:14.282839+00:00
[2023-09-27T11:36:14.303+0000] {processor.py:179} INFO - Processing /usr/local/lib/python3.10/dist-packages/airflow/example_dags/example_skip_dag.py took 0.088 seconds
[2023-09-27T11:37:00.732+0000] {processor.py:157} INFO - Started process (PID=6719) to work on /usr/local/lib/python3.10/dist-packages/airflow/example_dags/example_skip_dag.py
[2023-09-27T11:37:00.733+0000] {processor.py:829} INFO - Processing file /usr/local/lib/python3.10/dist-packages/airflow/example_dags/example_skip_dag.py for tasks to queue
[2023-09-27T11:37:00.734+0000] {logging_mixin.py:151} INFO - [2023-09-27T11:37:00.733+0000] {dagbag.py:539} INFO - Filling up the DagBag from /usr/local/lib/python3.10/dist-packages/airflow/example_dags/example_skip_dag.py
[2023-09-27T11:37:00.741+0000] {processor.py:839} INFO - DAG(s) dict_keys(['example_skip_dag']) retrieved from /usr/local/lib/python3.10/dist-packages/airflow/example_dags/example_skip_dag.py
[2023-09-27T11:37:00.758+0000] {logging_mixin.py:151} INFO - [2023-09-27T11:37:00.758+0000] {dag.py:2915} INFO - Sync 1 DAGs
[2023-09-27T11:37:00.778+0000] {logging_mixin.py:151} INFO - [2023-09-27T11:37:00.778+0000] {dag.py:3696} INFO - Setting next_dagrun for example_skip_dag to 2023-09-26T11:37:00.778407+00:00, run_after=2023-09-27T11:37:00.778407+00:00
[2023-09-27T11:37:00.803+0000] {processor.py:179} INFO - Processing /usr/local/lib/python3.10/dist-packages/airflow/example_dags/example_skip_dag.py took 0.074 seconds
