[2023-09-27T10:54:26.879+0000] {processor.py:157} INFO - Started process (PID=3958) to work on /usr/local/lib/python3.10/dist-packages/airflow/example_dags/example_dynamic_task_mapping.py
[2023-09-27T10:54:26.880+0000] {processor.py:829} INFO - Processing file /usr/local/lib/python3.10/dist-packages/airflow/example_dags/example_dynamic_task_mapping.py for tasks to queue
[2023-09-27T10:54:26.881+0000] {logging_mixin.py:151} INFO - [2023-09-27T10:54:26.880+0000] {dagbag.py:539} INFO - Filling up the DagBag from /usr/local/lib/python3.10/dist-packages/airflow/example_dags/example_dynamic_task_mapping.py
[2023-09-27T10:54:26.889+0000] {processor.py:839} INFO - DAG(s) dict_keys(['example_dynamic_task_mapping']) retrieved from /usr/local/lib/python3.10/dist-packages/airflow/example_dags/example_dynamic_task_mapping.py
[2023-09-27T10:54:27.054+0000] {logging_mixin.py:151} INFO - [2023-09-27T10:54:27.053+0000] {manager.py:499} INFO - Created Permission View: %s
[2023-09-27T10:54:27.073+0000] {logging_mixin.py:151} INFO - [2023-09-27T10:54:27.073+0000] {manager.py:499} INFO - Created Permission View: %s
[2023-09-27T10:54:27.083+0000] {logging_mixin.py:151} INFO - [2023-09-27T10:54:27.083+0000] {manager.py:499} INFO - Created Permission View: %s
[2023-09-27T10:54:27.083+0000] {logging_mixin.py:151} INFO - [2023-09-27T10:54:27.083+0000] {security.py:708} INFO - Not syncing DAG-level permissions for DAG 'DAG:example_dynamic_task_mapping' as access control is unset.
[2023-09-27T10:54:27.083+0000] {logging_mixin.py:151} INFO - [2023-09-27T10:54:27.083+0000] {dag.py:2915} INFO - Sync 1 DAGs
[2023-09-27T10:54:27.096+0000] {logging_mixin.py:151} INFO - [2023-09-27T10:54:27.096+0000] {dag.py:2937} INFO - Creating ORM DAG for example_dynamic_task_mapping
[2023-09-27T10:54:27.105+0000] {logging_mixin.py:151} INFO - [2023-09-27T10:54:27.105+0000] {dag.py:3696} INFO - Setting next_dagrun for example_dynamic_task_mapping to 2022-03-04T00:00:00+00:00, run_after=2022-03-05T00:00:00+00:00
[2023-09-27T10:54:27.123+0000] {processor.py:179} INFO - Processing /usr/local/lib/python3.10/dist-packages/airflow/example_dags/example_dynamic_task_mapping.py took 0.254 seconds
[2023-09-27T10:55:15.224+0000] {processor.py:157} INFO - Started process (PID=4006) to work on /usr/local/lib/python3.10/dist-packages/airflow/example_dags/example_dynamic_task_mapping.py
[2023-09-27T10:55:15.225+0000] {processor.py:829} INFO - Processing file /usr/local/lib/python3.10/dist-packages/airflow/example_dags/example_dynamic_task_mapping.py for tasks to queue
[2023-09-27T10:55:15.225+0000] {logging_mixin.py:151} INFO - [2023-09-27T10:55:15.225+0000] {dagbag.py:539} INFO - Filling up the DagBag from /usr/local/lib/python3.10/dist-packages/airflow/example_dags/example_dynamic_task_mapping.py
[2023-09-27T10:55:15.233+0000] {processor.py:839} INFO - DAG(s) dict_keys(['example_dynamic_task_mapping']) retrieved from /usr/local/lib/python3.10/dist-packages/airflow/example_dags/example_dynamic_task_mapping.py
[2023-09-27T10:55:15.247+0000] {logging_mixin.py:151} INFO - [2023-09-27T10:55:15.247+0000] {dag.py:2915} INFO - Sync 1 DAGs
[2023-09-27T10:55:15.267+0000] {logging_mixin.py:151} INFO - [2023-09-27T10:55:15.267+0000] {dag.py:3696} INFO - Setting next_dagrun for example_dynamic_task_mapping to 2022-03-04T00:00:00+00:00, run_after=2022-03-05T00:00:00+00:00
[2023-09-27T10:55:15.287+0000] {processor.py:179} INFO - Processing /usr/local/lib/python3.10/dist-packages/airflow/example_dags/example_dynamic_task_mapping.py took 0.066 seconds
[2023-09-27T10:56:00.425+0000] {processor.py:157} INFO - Started process (PID=4053) to work on /usr/local/lib/python3.10/dist-packages/airflow/example_dags/example_dynamic_task_mapping.py
[2023-09-27T10:56:00.426+0000] {processor.py:829} INFO - Processing file /usr/local/lib/python3.10/dist-packages/airflow/example_dags/example_dynamic_task_mapping.py for tasks to queue
[2023-09-27T10:56:00.427+0000] {logging_mixin.py:151} INFO - [2023-09-27T10:56:00.426+0000] {dagbag.py:539} INFO - Filling up the DagBag from /usr/local/lib/python3.10/dist-packages/airflow/example_dags/example_dynamic_task_mapping.py
[2023-09-27T10:56:00.439+0000] {processor.py:839} INFO - DAG(s) dict_keys(['example_dynamic_task_mapping']) retrieved from /usr/local/lib/python3.10/dist-packages/airflow/example_dags/example_dynamic_task_mapping.py
[2023-09-27T10:56:00.456+0000] {logging_mixin.py:151} INFO - [2023-09-27T10:56:00.456+0000] {dag.py:2915} INFO - Sync 1 DAGs
[2023-09-27T10:56:00.487+0000] {logging_mixin.py:151} INFO - [2023-09-27T10:56:00.486+0000] {dag.py:3696} INFO - Setting next_dagrun for example_dynamic_task_mapping to 2022-03-04T00:00:00+00:00, run_after=2022-03-05T00:00:00+00:00
[2023-09-27T10:56:00.521+0000] {processor.py:179} INFO - Processing /usr/local/lib/python3.10/dist-packages/airflow/example_dags/example_dynamic_task_mapping.py took 0.099 seconds
[2023-09-27T10:57:23.683+0000] {processor.py:157} INFO - Started process (PID=4124) to work on /usr/local/lib/python3.10/dist-packages/airflow/example_dags/example_dynamic_task_mapping.py
[2023-09-27T10:57:23.685+0000] {processor.py:829} INFO - Processing file /usr/local/lib/python3.10/dist-packages/airflow/example_dags/example_dynamic_task_mapping.py for tasks to queue
[2023-09-27T10:57:23.685+0000] {logging_mixin.py:151} INFO - [2023-09-27T10:57:23.685+0000] {dagbag.py:539} INFO - Filling up the DagBag from /usr/local/lib/python3.10/dist-packages/airflow/example_dags/example_dynamic_task_mapping.py
[2023-09-27T10:57:23.693+0000] {processor.py:839} INFO - DAG(s) dict_keys(['example_dynamic_task_mapping']) retrieved from /usr/local/lib/python3.10/dist-packages/airflow/example_dags/example_dynamic_task_mapping.py
[2023-09-27T10:57:23.712+0000] {logging_mixin.py:151} INFO - [2023-09-27T10:57:23.712+0000] {dag.py:2915} INFO - Sync 1 DAGs
[2023-09-27T10:57:23.733+0000] {logging_mixin.py:151} INFO - [2023-09-27T10:57:23.733+0000] {dag.py:3696} INFO - Setting next_dagrun for example_dynamic_task_mapping to 2022-03-04T00:00:00+00:00, run_after=2022-03-05T00:00:00+00:00
[2023-09-27T10:57:23.754+0000] {processor.py:179} INFO - Processing /usr/local/lib/python3.10/dist-packages/airflow/example_dags/example_dynamic_task_mapping.py took 0.075 seconds
[2023-09-27T10:58:10.646+0000] {processor.py:157} INFO - Started process (PID=4173) to work on /usr/local/lib/python3.10/dist-packages/airflow/example_dags/example_dynamic_task_mapping.py
[2023-09-27T10:58:10.647+0000] {processor.py:829} INFO - Processing file /usr/local/lib/python3.10/dist-packages/airflow/example_dags/example_dynamic_task_mapping.py for tasks to queue
[2023-09-27T10:58:10.648+0000] {logging_mixin.py:151} INFO - [2023-09-27T10:58:10.648+0000] {dagbag.py:539} INFO - Filling up the DagBag from /usr/local/lib/python3.10/dist-packages/airflow/example_dags/example_dynamic_task_mapping.py
[2023-09-27T10:58:10.656+0000] {processor.py:839} INFO - DAG(s) dict_keys(['example_dynamic_task_mapping']) retrieved from /usr/local/lib/python3.10/dist-packages/airflow/example_dags/example_dynamic_task_mapping.py
[2023-09-27T10:58:10.671+0000] {logging_mixin.py:151} INFO - [2023-09-27T10:58:10.671+0000] {dag.py:2915} INFO - Sync 1 DAGs
[2023-09-27T10:58:10.698+0000] {logging_mixin.py:151} INFO - [2023-09-27T10:58:10.698+0000] {dag.py:3696} INFO - Setting next_dagrun for example_dynamic_task_mapping to 2022-03-04T00:00:00+00:00, run_after=2022-03-05T00:00:00+00:00
[2023-09-27T10:58:10.718+0000] {processor.py:179} INFO - Processing /usr/local/lib/python3.10/dist-packages/airflow/example_dags/example_dynamic_task_mapping.py took 0.075 seconds
[2023-09-27T10:58:59.434+0000] {processor.py:157} INFO - Started process (PID=4225) to work on /usr/local/lib/python3.10/dist-packages/airflow/example_dags/example_dynamic_task_mapping.py
[2023-09-27T10:58:59.435+0000] {processor.py:829} INFO - Processing file /usr/local/lib/python3.10/dist-packages/airflow/example_dags/example_dynamic_task_mapping.py for tasks to queue
[2023-09-27T10:58:59.436+0000] {logging_mixin.py:151} INFO - [2023-09-27T10:58:59.435+0000] {dagbag.py:539} INFO - Filling up the DagBag from /usr/local/lib/python3.10/dist-packages/airflow/example_dags/example_dynamic_task_mapping.py
[2023-09-27T10:58:59.443+0000] {processor.py:839} INFO - DAG(s) dict_keys(['example_dynamic_task_mapping']) retrieved from /usr/local/lib/python3.10/dist-packages/airflow/example_dags/example_dynamic_task_mapping.py
[2023-09-27T10:58:59.457+0000] {logging_mixin.py:151} INFO - [2023-09-27T10:58:59.457+0000] {dag.py:2915} INFO - Sync 1 DAGs
[2023-09-27T10:58:59.474+0000] {logging_mixin.py:151} INFO - [2023-09-27T10:58:59.474+0000] {dag.py:3696} INFO - Setting next_dagrun for example_dynamic_task_mapping to 2022-03-04T00:00:00+00:00, run_after=2022-03-05T00:00:00+00:00
[2023-09-27T10:58:59.495+0000] {processor.py:179} INFO - Processing /usr/local/lib/python3.10/dist-packages/airflow/example_dags/example_dynamic_task_mapping.py took 0.064 seconds
[2023-09-27T10:59:48.214+0000] {processor.py:157} INFO - Started process (PID=4275) to work on /usr/local/lib/python3.10/dist-packages/airflow/example_dags/example_dynamic_task_mapping.py
[2023-09-27T10:59:48.215+0000] {processor.py:829} INFO - Processing file /usr/local/lib/python3.10/dist-packages/airflow/example_dags/example_dynamic_task_mapping.py for tasks to queue
[2023-09-27T10:59:48.216+0000] {logging_mixin.py:151} INFO - [2023-09-27T10:59:48.215+0000] {dagbag.py:539} INFO - Filling up the DagBag from /usr/local/lib/python3.10/dist-packages/airflow/example_dags/example_dynamic_task_mapping.py
[2023-09-27T10:59:48.223+0000] {processor.py:839} INFO - DAG(s) dict_keys(['example_dynamic_task_mapping']) retrieved from /usr/local/lib/python3.10/dist-packages/airflow/example_dags/example_dynamic_task_mapping.py
[2023-09-27T10:59:48.239+0000] {logging_mixin.py:151} INFO - [2023-09-27T10:59:48.239+0000] {dag.py:2915} INFO - Sync 1 DAGs
[2023-09-27T10:59:48.261+0000] {logging_mixin.py:151} INFO - [2023-09-27T10:59:48.261+0000] {dag.py:3696} INFO - Setting next_dagrun for example_dynamic_task_mapping to 2022-03-04T00:00:00+00:00, run_after=2022-03-05T00:00:00+00:00
[2023-09-27T10:59:48.282+0000] {processor.py:179} INFO - Processing /usr/local/lib/python3.10/dist-packages/airflow/example_dags/example_dynamic_task_mapping.py took 0.071 seconds
[2023-09-27T11:00:36.758+0000] {processor.py:157} INFO - Started process (PID=4327) to work on /usr/local/lib/python3.10/dist-packages/airflow/example_dags/example_dynamic_task_mapping.py
[2023-09-27T11:00:36.759+0000] {processor.py:829} INFO - Processing file /usr/local/lib/python3.10/dist-packages/airflow/example_dags/example_dynamic_task_mapping.py for tasks to queue
[2023-09-27T11:00:36.760+0000] {logging_mixin.py:151} INFO - [2023-09-27T11:00:36.759+0000] {dagbag.py:539} INFO - Filling up the DagBag from /usr/local/lib/python3.10/dist-packages/airflow/example_dags/example_dynamic_task_mapping.py
[2023-09-27T11:00:36.767+0000] {processor.py:839} INFO - DAG(s) dict_keys(['example_dynamic_task_mapping']) retrieved from /usr/local/lib/python3.10/dist-packages/airflow/example_dags/example_dynamic_task_mapping.py
[2023-09-27T11:00:36.782+0000] {logging_mixin.py:151} INFO - [2023-09-27T11:00:36.782+0000] {dag.py:2915} INFO - Sync 1 DAGs
[2023-09-27T11:00:36.801+0000] {logging_mixin.py:151} INFO - [2023-09-27T11:00:36.801+0000] {dag.py:3696} INFO - Setting next_dagrun for example_dynamic_task_mapping to 2022-03-04T00:00:00+00:00, run_after=2022-03-05T00:00:00+00:00
[2023-09-27T11:00:36.820+0000] {processor.py:179} INFO - Processing /usr/local/lib/python3.10/dist-packages/airflow/example_dags/example_dynamic_task_mapping.py took 0.066 seconds
[2023-09-27T11:01:22.517+0000] {processor.py:157} INFO - Started process (PID=4375) to work on /usr/local/lib/python3.10/dist-packages/airflow/example_dags/example_dynamic_task_mapping.py
[2023-09-27T11:01:22.518+0000] {processor.py:829} INFO - Processing file /usr/local/lib/python3.10/dist-packages/airflow/example_dags/example_dynamic_task_mapping.py for tasks to queue
[2023-09-27T11:01:22.518+0000] {logging_mixin.py:151} INFO - [2023-09-27T11:01:22.518+0000] {dagbag.py:539} INFO - Filling up the DagBag from /usr/local/lib/python3.10/dist-packages/airflow/example_dags/example_dynamic_task_mapping.py
[2023-09-27T11:01:22.527+0000] {processor.py:839} INFO - DAG(s) dict_keys(['example_dynamic_task_mapping']) retrieved from /usr/local/lib/python3.10/dist-packages/airflow/example_dags/example_dynamic_task_mapping.py
[2023-09-27T11:01:22.545+0000] {logging_mixin.py:151} INFO - [2023-09-27T11:01:22.545+0000] {dag.py:2915} INFO - Sync 1 DAGs
[2023-09-27T11:01:22.575+0000] {logging_mixin.py:151} INFO - [2023-09-27T11:01:22.575+0000] {dag.py:3696} INFO - Setting next_dagrun for example_dynamic_task_mapping to 2022-03-04T00:00:00+00:00, run_after=2022-03-05T00:00:00+00:00
[2023-09-27T11:01:22.599+0000] {processor.py:179} INFO - Processing /usr/local/lib/python3.10/dist-packages/airflow/example_dags/example_dynamic_task_mapping.py took 0.085 seconds
[2023-09-27T11:02:07.140+0000] {processor.py:157} INFO - Started process (PID=4422) to work on /usr/local/lib/python3.10/dist-packages/airflow/example_dags/example_dynamic_task_mapping.py
[2023-09-27T11:02:07.141+0000] {processor.py:829} INFO - Processing file /usr/local/lib/python3.10/dist-packages/airflow/example_dags/example_dynamic_task_mapping.py for tasks to queue
[2023-09-27T11:02:07.142+0000] {logging_mixin.py:151} INFO - [2023-09-27T11:02:07.141+0000] {dagbag.py:539} INFO - Filling up the DagBag from /usr/local/lib/python3.10/dist-packages/airflow/example_dags/example_dynamic_task_mapping.py
[2023-09-27T11:02:07.150+0000] {processor.py:839} INFO - DAG(s) dict_keys(['example_dynamic_task_mapping']) retrieved from /usr/local/lib/python3.10/dist-packages/airflow/example_dags/example_dynamic_task_mapping.py
[2023-09-27T11:02:07.166+0000] {logging_mixin.py:151} INFO - [2023-09-27T11:02:07.165+0000] {dag.py:2915} INFO - Sync 1 DAGs
[2023-09-27T11:02:07.187+0000] {logging_mixin.py:151} INFO - [2023-09-27T11:02:07.187+0000] {dag.py:3696} INFO - Setting next_dagrun for example_dynamic_task_mapping to 2022-03-04T00:00:00+00:00, run_after=2022-03-05T00:00:00+00:00
[2023-09-27T11:02:07.217+0000] {processor.py:179} INFO - Processing /usr/local/lib/python3.10/dist-packages/airflow/example_dags/example_dynamic_task_mapping.py took 0.080 seconds
[2023-09-27T11:02:56.854+0000] {processor.py:157} INFO - Started process (PID=4473) to work on /usr/local/lib/python3.10/dist-packages/airflow/example_dags/example_dynamic_task_mapping.py
[2023-09-27T11:02:56.855+0000] {processor.py:829} INFO - Processing file /usr/local/lib/python3.10/dist-packages/airflow/example_dags/example_dynamic_task_mapping.py for tasks to queue
[2023-09-27T11:02:56.855+0000] {logging_mixin.py:151} INFO - [2023-09-27T11:02:56.855+0000] {dagbag.py:539} INFO - Filling up the DagBag from /usr/local/lib/python3.10/dist-packages/airflow/example_dags/example_dynamic_task_mapping.py
[2023-09-27T11:02:56.864+0000] {processor.py:839} INFO - DAG(s) dict_keys(['example_dynamic_task_mapping']) retrieved from /usr/local/lib/python3.10/dist-packages/airflow/example_dags/example_dynamic_task_mapping.py
[2023-09-27T11:02:56.884+0000] {logging_mixin.py:151} INFO - [2023-09-27T11:02:56.883+0000] {dag.py:2915} INFO - Sync 1 DAGs
[2023-09-27T11:02:56.904+0000] {logging_mixin.py:151} INFO - [2023-09-27T11:02:56.904+0000] {dag.py:3696} INFO - Setting next_dagrun for example_dynamic_task_mapping to 2022-03-04T00:00:00+00:00, run_after=2022-03-05T00:00:00+00:00
[2023-09-27T11:02:56.924+0000] {processor.py:179} INFO - Processing /usr/local/lib/python3.10/dist-packages/airflow/example_dags/example_dynamic_task_mapping.py took 0.074 seconds
[2023-09-27T11:03:47.383+0000] {processor.py:157} INFO - Started process (PID=4526) to work on /usr/local/lib/python3.10/dist-packages/airflow/example_dags/example_dynamic_task_mapping.py
[2023-09-27T11:03:47.384+0000] {processor.py:829} INFO - Processing file /usr/local/lib/python3.10/dist-packages/airflow/example_dags/example_dynamic_task_mapping.py for tasks to queue
[2023-09-27T11:03:47.385+0000] {logging_mixin.py:151} INFO - [2023-09-27T11:03:47.384+0000] {dagbag.py:539} INFO - Filling up the DagBag from /usr/local/lib/python3.10/dist-packages/airflow/example_dags/example_dynamic_task_mapping.py
[2023-09-27T11:03:47.392+0000] {processor.py:839} INFO - DAG(s) dict_keys(['example_dynamic_task_mapping']) retrieved from /usr/local/lib/python3.10/dist-packages/airflow/example_dags/example_dynamic_task_mapping.py
[2023-09-27T11:03:47.408+0000] {logging_mixin.py:151} INFO - [2023-09-27T11:03:47.408+0000] {dag.py:2915} INFO - Sync 1 DAGs
[2023-09-27T11:03:47.427+0000] {logging_mixin.py:151} INFO - [2023-09-27T11:03:47.427+0000] {dag.py:3696} INFO - Setting next_dagrun for example_dynamic_task_mapping to 2022-03-04T00:00:00+00:00, run_after=2022-03-05T00:00:00+00:00
[2023-09-27T11:03:47.448+0000] {processor.py:179} INFO - Processing /usr/local/lib/python3.10/dist-packages/airflow/example_dags/example_dynamic_task_mapping.py took 0.068 seconds
[2023-09-27T11:04:39.159+0000] {processor.py:157} INFO - Started process (PID=4578) to work on /usr/local/lib/python3.10/dist-packages/airflow/example_dags/example_dynamic_task_mapping.py
[2023-09-27T11:04:39.161+0000] {processor.py:829} INFO - Processing file /usr/local/lib/python3.10/dist-packages/airflow/example_dags/example_dynamic_task_mapping.py for tasks to queue
[2023-09-27T11:04:39.162+0000] {logging_mixin.py:151} INFO - [2023-09-27T11:04:39.161+0000] {dagbag.py:539} INFO - Filling up the DagBag from /usr/local/lib/python3.10/dist-packages/airflow/example_dags/example_dynamic_task_mapping.py
[2023-09-27T11:04:39.172+0000] {processor.py:839} INFO - DAG(s) dict_keys(['example_dynamic_task_mapping']) retrieved from /usr/local/lib/python3.10/dist-packages/airflow/example_dags/example_dynamic_task_mapping.py
[2023-09-27T11:04:39.198+0000] {logging_mixin.py:151} INFO - [2023-09-27T11:04:39.198+0000] {dag.py:2915} INFO - Sync 1 DAGs
[2023-09-27T11:04:39.219+0000] {logging_mixin.py:151} INFO - [2023-09-27T11:04:39.219+0000] {dag.py:3696} INFO - Setting next_dagrun for example_dynamic_task_mapping to 2022-03-04T00:00:00+00:00, run_after=2022-03-05T00:00:00+00:00
[2023-09-27T11:04:39.249+0000] {processor.py:179} INFO - Processing /usr/local/lib/python3.10/dist-packages/airflow/example_dags/example_dynamic_task_mapping.py took 0.093 seconds
[2023-09-27T11:05:29.638+0000] {processor.py:157} INFO - Started process (PID=4631) to work on /usr/local/lib/python3.10/dist-packages/airflow/example_dags/example_dynamic_task_mapping.py
[2023-09-27T11:05:29.639+0000] {processor.py:829} INFO - Processing file /usr/local/lib/python3.10/dist-packages/airflow/example_dags/example_dynamic_task_mapping.py for tasks to queue
[2023-09-27T11:05:29.639+0000] {logging_mixin.py:151} INFO - [2023-09-27T11:05:29.639+0000] {dagbag.py:539} INFO - Filling up the DagBag from /usr/local/lib/python3.10/dist-packages/airflow/example_dags/example_dynamic_task_mapping.py
[2023-09-27T11:05:29.647+0000] {processor.py:839} INFO - DAG(s) dict_keys(['example_dynamic_task_mapping']) retrieved from /usr/local/lib/python3.10/dist-packages/airflow/example_dags/example_dynamic_task_mapping.py
[2023-09-27T11:05:29.664+0000] {logging_mixin.py:151} INFO - [2023-09-27T11:05:29.664+0000] {dag.py:2915} INFO - Sync 1 DAGs
[2023-09-27T11:05:29.693+0000] {logging_mixin.py:151} INFO - [2023-09-27T11:05:29.693+0000] {dag.py:3696} INFO - Setting next_dagrun for example_dynamic_task_mapping to 2022-03-04T00:00:00+00:00, run_after=2022-03-05T00:00:00+00:00
[2023-09-27T11:05:29.717+0000] {processor.py:179} INFO - Processing /usr/local/lib/python3.10/dist-packages/airflow/example_dags/example_dynamic_task_mapping.py took 0.082 seconds
[2023-09-27T11:06:23.187+0000] {processor.py:157} INFO - Started process (PID=4694) to work on /usr/local/lib/python3.10/dist-packages/airflow/example_dags/example_dynamic_task_mapping.py
[2023-09-27T11:06:23.188+0000] {processor.py:829} INFO - Processing file /usr/local/lib/python3.10/dist-packages/airflow/example_dags/example_dynamic_task_mapping.py for tasks to queue
[2023-09-27T11:06:23.189+0000] {logging_mixin.py:151} INFO - [2023-09-27T11:06:23.189+0000] {dagbag.py:539} INFO - Filling up the DagBag from /usr/local/lib/python3.10/dist-packages/airflow/example_dags/example_dynamic_task_mapping.py
[2023-09-27T11:06:23.197+0000] {processor.py:839} INFO - DAG(s) dict_keys(['example_dynamic_task_mapping']) retrieved from /usr/local/lib/python3.10/dist-packages/airflow/example_dags/example_dynamic_task_mapping.py
[2023-09-27T11:06:23.214+0000] {logging_mixin.py:151} INFO - [2023-09-27T11:06:23.214+0000] {dag.py:2915} INFO - Sync 1 DAGs
[2023-09-27T11:06:23.235+0000] {logging_mixin.py:151} INFO - [2023-09-27T11:06:23.235+0000] {dag.py:3696} INFO - Setting next_dagrun for example_dynamic_task_mapping to 2022-03-04T00:00:00+00:00, run_after=2022-03-05T00:00:00+00:00
[2023-09-27T11:06:23.257+0000] {processor.py:179} INFO - Processing /usr/local/lib/python3.10/dist-packages/airflow/example_dags/example_dynamic_task_mapping.py took 0.074 seconds
[2023-09-27T11:07:13.812+0000] {processor.py:157} INFO - Started process (PID=4746) to work on /usr/local/lib/python3.10/dist-packages/airflow/example_dags/example_dynamic_task_mapping.py
[2023-09-27T11:07:13.813+0000] {processor.py:829} INFO - Processing file /usr/local/lib/python3.10/dist-packages/airflow/example_dags/example_dynamic_task_mapping.py for tasks to queue
[2023-09-27T11:07:13.814+0000] {logging_mixin.py:151} INFO - [2023-09-27T11:07:13.813+0000] {dagbag.py:539} INFO - Filling up the DagBag from /usr/local/lib/python3.10/dist-packages/airflow/example_dags/example_dynamic_task_mapping.py
[2023-09-27T11:07:13.826+0000] {processor.py:839} INFO - DAG(s) dict_keys(['example_dynamic_task_mapping']) retrieved from /usr/local/lib/python3.10/dist-packages/airflow/example_dags/example_dynamic_task_mapping.py
[2023-09-27T11:07:13.842+0000] {logging_mixin.py:151} INFO - [2023-09-27T11:07:13.842+0000] {dag.py:2915} INFO - Sync 1 DAGs
[2023-09-27T11:07:13.865+0000] {logging_mixin.py:151} INFO - [2023-09-27T11:07:13.865+0000] {dag.py:3696} INFO - Setting next_dagrun for example_dynamic_task_mapping to 2022-03-04T00:00:00+00:00, run_after=2022-03-05T00:00:00+00:00
[2023-09-27T11:07:13.895+0000] {processor.py:179} INFO - Processing /usr/local/lib/python3.10/dist-packages/airflow/example_dags/example_dynamic_task_mapping.py took 0.087 seconds
[2023-09-27T11:08:04.106+0000] {processor.py:157} INFO - Started process (PID=4797) to work on /usr/local/lib/python3.10/dist-packages/airflow/example_dags/example_dynamic_task_mapping.py
[2023-09-27T11:08:04.107+0000] {processor.py:829} INFO - Processing file /usr/local/lib/python3.10/dist-packages/airflow/example_dags/example_dynamic_task_mapping.py for tasks to queue
[2023-09-27T11:08:04.108+0000] {logging_mixin.py:151} INFO - [2023-09-27T11:08:04.108+0000] {dagbag.py:539} INFO - Filling up the DagBag from /usr/local/lib/python3.10/dist-packages/airflow/example_dags/example_dynamic_task_mapping.py
[2023-09-27T11:08:04.116+0000] {processor.py:839} INFO - DAG(s) dict_keys(['example_dynamic_task_mapping']) retrieved from /usr/local/lib/python3.10/dist-packages/airflow/example_dags/example_dynamic_task_mapping.py
[2023-09-27T11:08:04.131+0000] {logging_mixin.py:151} INFO - [2023-09-27T11:08:04.130+0000] {dag.py:2915} INFO - Sync 1 DAGs
[2023-09-27T11:08:04.151+0000] {logging_mixin.py:151} INFO - [2023-09-27T11:08:04.151+0000] {dag.py:3696} INFO - Setting next_dagrun for example_dynamic_task_mapping to 2022-03-04T00:00:00+00:00, run_after=2022-03-05T00:00:00+00:00
[2023-09-27T11:08:04.172+0000] {processor.py:179} INFO - Processing /usr/local/lib/python3.10/dist-packages/airflow/example_dags/example_dynamic_task_mapping.py took 0.069 seconds
[2023-09-27T11:08:58.097+0000] {processor.py:157} INFO - Started process (PID=4851) to work on /usr/local/lib/python3.10/dist-packages/airflow/example_dags/example_dynamic_task_mapping.py
[2023-09-27T11:08:58.099+0000] {processor.py:829} INFO - Processing file /usr/local/lib/python3.10/dist-packages/airflow/example_dags/example_dynamic_task_mapping.py for tasks to queue
[2023-09-27T11:08:58.099+0000] {logging_mixin.py:151} INFO - [2023-09-27T11:08:58.099+0000] {dagbag.py:539} INFO - Filling up the DagBag from /usr/local/lib/python3.10/dist-packages/airflow/example_dags/example_dynamic_task_mapping.py
[2023-09-27T11:08:58.107+0000] {processor.py:839} INFO - DAG(s) dict_keys(['example_dynamic_task_mapping']) retrieved from /usr/local/lib/python3.10/dist-packages/airflow/example_dags/example_dynamic_task_mapping.py
[2023-09-27T11:08:58.122+0000] {logging_mixin.py:151} INFO - [2023-09-27T11:08:58.122+0000] {dag.py:2915} INFO - Sync 1 DAGs
[2023-09-27T11:08:58.141+0000] {logging_mixin.py:151} INFO - [2023-09-27T11:08:58.140+0000] {dag.py:3696} INFO - Setting next_dagrun for example_dynamic_task_mapping to 2022-03-04T00:00:00+00:00, run_after=2022-03-05T00:00:00+00:00
[2023-09-27T11:08:58.165+0000] {processor.py:179} INFO - Processing /usr/local/lib/python3.10/dist-packages/airflow/example_dags/example_dynamic_task_mapping.py took 0.070 seconds
[2023-09-27T11:09:43.723+0000] {processor.py:157} INFO - Started process (PID=4901) to work on /usr/local/lib/python3.10/dist-packages/airflow/example_dags/example_dynamic_task_mapping.py
[2023-09-27T11:09:43.724+0000] {processor.py:829} INFO - Processing file /usr/local/lib/python3.10/dist-packages/airflow/example_dags/example_dynamic_task_mapping.py for tasks to queue
[2023-09-27T11:09:43.725+0000] {logging_mixin.py:151} INFO - [2023-09-27T11:09:43.725+0000] {dagbag.py:539} INFO - Filling up the DagBag from /usr/local/lib/python3.10/dist-packages/airflow/example_dags/example_dynamic_task_mapping.py
[2023-09-27T11:09:43.735+0000] {processor.py:839} INFO - DAG(s) dict_keys(['example_dynamic_task_mapping']) retrieved from /usr/local/lib/python3.10/dist-packages/airflow/example_dags/example_dynamic_task_mapping.py
[2023-09-27T11:09:43.751+0000] {logging_mixin.py:151} INFO - [2023-09-27T11:09:43.750+0000] {dag.py:2915} INFO - Sync 1 DAGs
[2023-09-27T11:09:43.770+0000] {logging_mixin.py:151} INFO - [2023-09-27T11:09:43.770+0000] {dag.py:3696} INFO - Setting next_dagrun for example_dynamic_task_mapping to 2022-03-04T00:00:00+00:00, run_after=2022-03-05T00:00:00+00:00
[2023-09-27T11:09:43.791+0000] {processor.py:179} INFO - Processing /usr/local/lib/python3.10/dist-packages/airflow/example_dags/example_dynamic_task_mapping.py took 0.072 seconds
[2023-09-27T11:10:32.964+0000] {processor.py:157} INFO - Started process (PID=4951) to work on /usr/local/lib/python3.10/dist-packages/airflow/example_dags/example_dynamic_task_mapping.py
[2023-09-27T11:10:32.965+0000] {processor.py:829} INFO - Processing file /usr/local/lib/python3.10/dist-packages/airflow/example_dags/example_dynamic_task_mapping.py for tasks to queue
[2023-09-27T11:10:32.966+0000] {logging_mixin.py:151} INFO - [2023-09-27T11:10:32.965+0000] {dagbag.py:539} INFO - Filling up the DagBag from /usr/local/lib/python3.10/dist-packages/airflow/example_dags/example_dynamic_task_mapping.py
[2023-09-27T11:10:32.974+0000] {processor.py:839} INFO - DAG(s) dict_keys(['example_dynamic_task_mapping']) retrieved from /usr/local/lib/python3.10/dist-packages/airflow/example_dags/example_dynamic_task_mapping.py
[2023-09-27T11:10:32.991+0000] {logging_mixin.py:151} INFO - [2023-09-27T11:10:32.990+0000] {dag.py:2915} INFO - Sync 1 DAGs
[2023-09-27T11:10:33.014+0000] {logging_mixin.py:151} INFO - [2023-09-27T11:10:33.013+0000] {dag.py:3696} INFO - Setting next_dagrun for example_dynamic_task_mapping to 2022-03-04T00:00:00+00:00, run_after=2022-03-05T00:00:00+00:00
[2023-09-27T11:10:33.044+0000] {processor.py:179} INFO - Processing /usr/local/lib/python3.10/dist-packages/airflow/example_dags/example_dynamic_task_mapping.py took 0.083 seconds
[2023-09-27T11:11:20.456+0000] {processor.py:157} INFO - Started process (PID=5005) to work on /usr/local/lib/python3.10/dist-packages/airflow/example_dags/example_dynamic_task_mapping.py
[2023-09-27T11:11:20.458+0000] {processor.py:829} INFO - Processing file /usr/local/lib/python3.10/dist-packages/airflow/example_dags/example_dynamic_task_mapping.py for tasks to queue
[2023-09-27T11:11:20.459+0000] {logging_mixin.py:151} INFO - [2023-09-27T11:11:20.458+0000] {dagbag.py:539} INFO - Filling up the DagBag from /usr/local/lib/python3.10/dist-packages/airflow/example_dags/example_dynamic_task_mapping.py
[2023-09-27T11:11:20.468+0000] {processor.py:839} INFO - DAG(s) dict_keys(['example_dynamic_task_mapping']) retrieved from /usr/local/lib/python3.10/dist-packages/airflow/example_dags/example_dynamic_task_mapping.py
[2023-09-27T11:11:20.483+0000] {logging_mixin.py:151} INFO - [2023-09-27T11:11:20.482+0000] {dag.py:2915} INFO - Sync 1 DAGs
[2023-09-27T11:11:20.525+0000] {logging_mixin.py:151} INFO - [2023-09-27T11:11:20.525+0000] {dag.py:3696} INFO - Setting next_dagrun for example_dynamic_task_mapping to 2022-03-04T00:00:00+00:00, run_after=2022-03-05T00:00:00+00:00
[2023-09-27T11:11:20.553+0000] {processor.py:179} INFO - Processing /usr/local/lib/python3.10/dist-packages/airflow/example_dags/example_dynamic_task_mapping.py took 0.103 seconds
[2023-09-27T11:12:10.631+0000] {processor.py:157} INFO - Started process (PID=5056) to work on /usr/local/lib/python3.10/dist-packages/airflow/example_dags/example_dynamic_task_mapping.py
[2023-09-27T11:12:10.632+0000] {processor.py:829} INFO - Processing file /usr/local/lib/python3.10/dist-packages/airflow/example_dags/example_dynamic_task_mapping.py for tasks to queue
[2023-09-27T11:12:10.633+0000] {logging_mixin.py:151} INFO - [2023-09-27T11:12:10.633+0000] {dagbag.py:539} INFO - Filling up the DagBag from /usr/local/lib/python3.10/dist-packages/airflow/example_dags/example_dynamic_task_mapping.py
[2023-09-27T11:12:10.640+0000] {processor.py:839} INFO - DAG(s) dict_keys(['example_dynamic_task_mapping']) retrieved from /usr/local/lib/python3.10/dist-packages/airflow/example_dags/example_dynamic_task_mapping.py
[2023-09-27T11:12:10.655+0000] {logging_mixin.py:151} INFO - [2023-09-27T11:12:10.654+0000] {dag.py:2915} INFO - Sync 1 DAGs
[2023-09-27T11:12:10.673+0000] {logging_mixin.py:151} INFO - [2023-09-27T11:12:10.673+0000] {dag.py:3696} INFO - Setting next_dagrun for example_dynamic_task_mapping to 2022-03-04T00:00:00+00:00, run_after=2022-03-05T00:00:00+00:00
[2023-09-27T11:12:10.696+0000] {processor.py:179} INFO - Processing /usr/local/lib/python3.10/dist-packages/airflow/example_dags/example_dynamic_task_mapping.py took 0.068 seconds
[2023-09-27T11:12:57.395+0000] {processor.py:157} INFO - Started process (PID=5108) to work on /usr/local/lib/python3.10/dist-packages/airflow/example_dags/example_dynamic_task_mapping.py
[2023-09-27T11:12:57.396+0000] {processor.py:829} INFO - Processing file /usr/local/lib/python3.10/dist-packages/airflow/example_dags/example_dynamic_task_mapping.py for tasks to queue
[2023-09-27T11:12:57.397+0000] {logging_mixin.py:151} INFO - [2023-09-27T11:12:57.397+0000] {dagbag.py:539} INFO - Filling up the DagBag from /usr/local/lib/python3.10/dist-packages/airflow/example_dags/example_dynamic_task_mapping.py
[2023-09-27T11:12:57.413+0000] {processor.py:839} INFO - DAG(s) dict_keys(['example_dynamic_task_mapping']) retrieved from /usr/local/lib/python3.10/dist-packages/airflow/example_dags/example_dynamic_task_mapping.py
[2023-09-27T11:12:57.432+0000] {logging_mixin.py:151} INFO - [2023-09-27T11:12:57.432+0000] {dag.py:2915} INFO - Sync 1 DAGs
[2023-09-27T11:12:57.459+0000] {logging_mixin.py:151} INFO - [2023-09-27T11:12:57.458+0000] {dag.py:3696} INFO - Setting next_dagrun for example_dynamic_task_mapping to 2022-03-04T00:00:00+00:00, run_after=2022-03-05T00:00:00+00:00
[2023-09-27T11:12:57.512+0000] {processor.py:179} INFO - Processing /usr/local/lib/python3.10/dist-packages/airflow/example_dags/example_dynamic_task_mapping.py took 0.121 seconds
[2023-09-27T11:13:48.524+0000] {processor.py:157} INFO - Started process (PID=5162) to work on /usr/local/lib/python3.10/dist-packages/airflow/example_dags/example_dynamic_task_mapping.py
[2023-09-27T11:13:48.525+0000] {processor.py:829} INFO - Processing file /usr/local/lib/python3.10/dist-packages/airflow/example_dags/example_dynamic_task_mapping.py for tasks to queue
[2023-09-27T11:13:48.526+0000] {logging_mixin.py:151} INFO - [2023-09-27T11:13:48.526+0000] {dagbag.py:539} INFO - Filling up the DagBag from /usr/local/lib/python3.10/dist-packages/airflow/example_dags/example_dynamic_task_mapping.py
[2023-09-27T11:13:48.534+0000] {processor.py:839} INFO - DAG(s) dict_keys(['example_dynamic_task_mapping']) retrieved from /usr/local/lib/python3.10/dist-packages/airflow/example_dags/example_dynamic_task_mapping.py
[2023-09-27T11:13:48.551+0000] {logging_mixin.py:151} INFO - [2023-09-27T11:13:48.551+0000] {dag.py:2915} INFO - Sync 1 DAGs
[2023-09-27T11:13:48.574+0000] {logging_mixin.py:151} INFO - [2023-09-27T11:13:48.574+0000] {dag.py:3696} INFO - Setting next_dagrun for example_dynamic_task_mapping to 2022-03-04T00:00:00+00:00, run_after=2022-03-05T00:00:00+00:00
[2023-09-27T11:13:48.597+0000] {processor.py:179} INFO - Processing /usr/local/lib/python3.10/dist-packages/airflow/example_dags/example_dynamic_task_mapping.py took 0.076 seconds
[2023-09-27T11:14:38.024+0000] {processor.py:157} INFO - Started process (PID=5214) to work on /usr/local/lib/python3.10/dist-packages/airflow/example_dags/example_dynamic_task_mapping.py
[2023-09-27T11:14:38.025+0000] {processor.py:829} INFO - Processing file /usr/local/lib/python3.10/dist-packages/airflow/example_dags/example_dynamic_task_mapping.py for tasks to queue
[2023-09-27T11:14:38.026+0000] {logging_mixin.py:151} INFO - [2023-09-27T11:14:38.026+0000] {dagbag.py:539} INFO - Filling up the DagBag from /usr/local/lib/python3.10/dist-packages/airflow/example_dags/example_dynamic_task_mapping.py
[2023-09-27T11:14:38.036+0000] {processor.py:839} INFO - DAG(s) dict_keys(['example_dynamic_task_mapping']) retrieved from /usr/local/lib/python3.10/dist-packages/airflow/example_dags/example_dynamic_task_mapping.py
[2023-09-27T11:14:38.057+0000] {logging_mixin.py:151} INFO - [2023-09-27T11:14:38.057+0000] {dag.py:2915} INFO - Sync 1 DAGs
[2023-09-27T11:14:38.089+0000] {logging_mixin.py:151} INFO - [2023-09-27T11:14:38.088+0000] {dag.py:3696} INFO - Setting next_dagrun for example_dynamic_task_mapping to 2022-03-04T00:00:00+00:00, run_after=2022-03-05T00:00:00+00:00
[2023-09-27T11:14:38.113+0000] {processor.py:179} INFO - Processing /usr/local/lib/python3.10/dist-packages/airflow/example_dags/example_dynamic_task_mapping.py took 0.094 seconds
[2023-09-27T11:15:31.073+0000] {processor.py:157} INFO - Started process (PID=5267) to work on /usr/local/lib/python3.10/dist-packages/airflow/example_dags/example_dynamic_task_mapping.py
[2023-09-27T11:15:31.076+0000] {processor.py:829} INFO - Processing file /usr/local/lib/python3.10/dist-packages/airflow/example_dags/example_dynamic_task_mapping.py for tasks to queue
[2023-09-27T11:15:31.077+0000] {logging_mixin.py:151} INFO - [2023-09-27T11:15:31.077+0000] {dagbag.py:539} INFO - Filling up the DagBag from /usr/local/lib/python3.10/dist-packages/airflow/example_dags/example_dynamic_task_mapping.py
[2023-09-27T11:15:31.087+0000] {processor.py:839} INFO - DAG(s) dict_keys(['example_dynamic_task_mapping']) retrieved from /usr/local/lib/python3.10/dist-packages/airflow/example_dags/example_dynamic_task_mapping.py
[2023-09-27T11:15:31.102+0000] {logging_mixin.py:151} INFO - [2023-09-27T11:15:31.102+0000] {dag.py:2915} INFO - Sync 1 DAGs
[2023-09-27T11:15:31.122+0000] {logging_mixin.py:151} INFO - [2023-09-27T11:15:31.122+0000] {dag.py:3696} INFO - Setting next_dagrun for example_dynamic_task_mapping to 2022-03-04T00:00:00+00:00, run_after=2022-03-05T00:00:00+00:00
[2023-09-27T11:15:31.147+0000] {processor.py:179} INFO - Processing /usr/local/lib/python3.10/dist-packages/airflow/example_dags/example_dynamic_task_mapping.py took 0.077 seconds
[2023-09-27T11:16:21.125+0000] {processor.py:157} INFO - Started process (PID=5319) to work on /usr/local/lib/python3.10/dist-packages/airflow/example_dags/example_dynamic_task_mapping.py
[2023-09-27T11:16:21.127+0000] {processor.py:829} INFO - Processing file /usr/local/lib/python3.10/dist-packages/airflow/example_dags/example_dynamic_task_mapping.py for tasks to queue
[2023-09-27T11:16:21.128+0000] {logging_mixin.py:151} INFO - [2023-09-27T11:16:21.128+0000] {dagbag.py:539} INFO - Filling up the DagBag from /usr/local/lib/python3.10/dist-packages/airflow/example_dags/example_dynamic_task_mapping.py
[2023-09-27T11:16:21.138+0000] {processor.py:839} INFO - DAG(s) dict_keys(['example_dynamic_task_mapping']) retrieved from /usr/local/lib/python3.10/dist-packages/airflow/example_dags/example_dynamic_task_mapping.py
[2023-09-27T11:16:21.169+0000] {logging_mixin.py:151} INFO - [2023-09-27T11:16:21.169+0000] {dag.py:2915} INFO - Sync 1 DAGs
[2023-09-27T11:16:21.195+0000] {logging_mixin.py:151} INFO - [2023-09-27T11:16:21.194+0000] {dag.py:3696} INFO - Setting next_dagrun for example_dynamic_task_mapping to 2022-03-04T00:00:00+00:00, run_after=2022-03-05T00:00:00+00:00
[2023-09-27T11:16:21.218+0000] {processor.py:179} INFO - Processing /usr/local/lib/python3.10/dist-packages/airflow/example_dags/example_dynamic_task_mapping.py took 0.096 seconds
[2023-09-27T11:17:10.298+0000] {processor.py:157} INFO - Started process (PID=5375) to work on /usr/local/lib/python3.10/dist-packages/airflow/example_dags/example_dynamic_task_mapping.py
[2023-09-27T11:17:10.300+0000] {processor.py:829} INFO - Processing file /usr/local/lib/python3.10/dist-packages/airflow/example_dags/example_dynamic_task_mapping.py for tasks to queue
[2023-09-27T11:17:10.300+0000] {logging_mixin.py:151} INFO - [2023-09-27T11:17:10.300+0000] {dagbag.py:539} INFO - Filling up the DagBag from /usr/local/lib/python3.10/dist-packages/airflow/example_dags/example_dynamic_task_mapping.py
[2023-09-27T11:17:10.310+0000] {processor.py:839} INFO - DAG(s) dict_keys(['example_dynamic_task_mapping']) retrieved from /usr/local/lib/python3.10/dist-packages/airflow/example_dags/example_dynamic_task_mapping.py
[2023-09-27T11:17:10.330+0000] {logging_mixin.py:151} INFO - [2023-09-27T11:17:10.330+0000] {dag.py:2915} INFO - Sync 1 DAGs
[2023-09-27T11:17:10.361+0000] {logging_mixin.py:151} INFO - [2023-09-27T11:17:10.361+0000] {dag.py:3696} INFO - Setting next_dagrun for example_dynamic_task_mapping to 2022-03-04T00:00:00+00:00, run_after=2022-03-05T00:00:00+00:00
[2023-09-27T11:17:10.387+0000] {processor.py:179} INFO - Processing /usr/local/lib/python3.10/dist-packages/airflow/example_dags/example_dynamic_task_mapping.py took 0.092 seconds
[2023-09-27T11:18:02.047+0000] {processor.py:157} INFO - Started process (PID=5431) to work on /usr/local/lib/python3.10/dist-packages/airflow/example_dags/example_dynamic_task_mapping.py
[2023-09-27T11:18:02.049+0000] {processor.py:829} INFO - Processing file /usr/local/lib/python3.10/dist-packages/airflow/example_dags/example_dynamic_task_mapping.py for tasks to queue
[2023-09-27T11:18:02.050+0000] {logging_mixin.py:151} INFO - [2023-09-27T11:18:02.049+0000] {dagbag.py:539} INFO - Filling up the DagBag from /usr/local/lib/python3.10/dist-packages/airflow/example_dags/example_dynamic_task_mapping.py
[2023-09-27T11:18:02.057+0000] {processor.py:839} INFO - DAG(s) dict_keys(['example_dynamic_task_mapping']) retrieved from /usr/local/lib/python3.10/dist-packages/airflow/example_dags/example_dynamic_task_mapping.py
[2023-09-27T11:18:02.081+0000] {logging_mixin.py:151} INFO - [2023-09-27T11:18:02.081+0000] {dag.py:2915} INFO - Sync 1 DAGs
[2023-09-27T11:18:02.121+0000] {logging_mixin.py:151} INFO - [2023-09-27T11:18:02.115+0000] {dag.py:3696} INFO - Setting next_dagrun for example_dynamic_task_mapping to 2022-03-04T00:00:00+00:00, run_after=2022-03-05T00:00:00+00:00
[2023-09-27T11:18:02.183+0000] {processor.py:179} INFO - Processing /usr/local/lib/python3.10/dist-packages/airflow/example_dags/example_dynamic_task_mapping.py took 0.141 seconds
[2023-09-27T11:18:52.093+0000] {processor.py:157} INFO - Started process (PID=5483) to work on /usr/local/lib/python3.10/dist-packages/airflow/example_dags/example_dynamic_task_mapping.py
[2023-09-27T11:18:52.095+0000] {processor.py:829} INFO - Processing file /usr/local/lib/python3.10/dist-packages/airflow/example_dags/example_dynamic_task_mapping.py for tasks to queue
[2023-09-27T11:18:52.095+0000] {logging_mixin.py:151} INFO - [2023-09-27T11:18:52.095+0000] {dagbag.py:539} INFO - Filling up the DagBag from /usr/local/lib/python3.10/dist-packages/airflow/example_dags/example_dynamic_task_mapping.py
[2023-09-27T11:18:52.104+0000] {processor.py:839} INFO - DAG(s) dict_keys(['example_dynamic_task_mapping']) retrieved from /usr/local/lib/python3.10/dist-packages/airflow/example_dags/example_dynamic_task_mapping.py
[2023-09-27T11:18:52.121+0000] {logging_mixin.py:151} INFO - [2023-09-27T11:18:52.120+0000] {dag.py:2915} INFO - Sync 1 DAGs
[2023-09-27T11:18:52.140+0000] {logging_mixin.py:151} INFO - [2023-09-27T11:18:52.139+0000] {dag.py:3696} INFO - Setting next_dagrun for example_dynamic_task_mapping to 2022-03-04T00:00:00+00:00, run_after=2022-03-05T00:00:00+00:00
[2023-09-27T11:18:52.161+0000] {processor.py:179} INFO - Processing /usr/local/lib/python3.10/dist-packages/airflow/example_dags/example_dynamic_task_mapping.py took 0.070 seconds
[2023-09-27T11:19:40.010+0000] {processor.py:157} INFO - Started process (PID=5535) to work on /usr/local/lib/python3.10/dist-packages/airflow/example_dags/example_dynamic_task_mapping.py
[2023-09-27T11:19:40.012+0000] {processor.py:829} INFO - Processing file /usr/local/lib/python3.10/dist-packages/airflow/example_dags/example_dynamic_task_mapping.py for tasks to queue
[2023-09-27T11:19:40.013+0000] {logging_mixin.py:151} INFO - [2023-09-27T11:19:40.012+0000] {dagbag.py:539} INFO - Filling up the DagBag from /usr/local/lib/python3.10/dist-packages/airflow/example_dags/example_dynamic_task_mapping.py
[2023-09-27T11:19:40.022+0000] {processor.py:839} INFO - DAG(s) dict_keys(['example_dynamic_task_mapping']) retrieved from /usr/local/lib/python3.10/dist-packages/airflow/example_dags/example_dynamic_task_mapping.py
[2023-09-27T11:19:40.039+0000] {logging_mixin.py:151} INFO - [2023-09-27T11:19:40.038+0000] {dag.py:2915} INFO - Sync 1 DAGs
[2023-09-27T11:19:40.061+0000] {logging_mixin.py:151} INFO - [2023-09-27T11:19:40.060+0000] {dag.py:3696} INFO - Setting next_dagrun for example_dynamic_task_mapping to 2022-03-04T00:00:00+00:00, run_after=2022-03-05T00:00:00+00:00
[2023-09-27T11:19:40.083+0000] {processor.py:179} INFO - Processing /usr/local/lib/python3.10/dist-packages/airflow/example_dags/example_dynamic_task_mapping.py took 0.082 seconds
[2023-09-27T11:20:34.076+0000] {processor.py:157} INFO - Started process (PID=5592) to work on /usr/local/lib/python3.10/dist-packages/airflow/example_dags/example_dynamic_task_mapping.py
[2023-09-27T11:20:34.077+0000] {processor.py:829} INFO - Processing file /usr/local/lib/python3.10/dist-packages/airflow/example_dags/example_dynamic_task_mapping.py for tasks to queue
[2023-09-27T11:20:34.078+0000] {logging_mixin.py:151} INFO - [2023-09-27T11:20:34.078+0000] {dagbag.py:539} INFO - Filling up the DagBag from /usr/local/lib/python3.10/dist-packages/airflow/example_dags/example_dynamic_task_mapping.py
[2023-09-27T11:20:34.086+0000] {processor.py:839} INFO - DAG(s) dict_keys(['example_dynamic_task_mapping']) retrieved from /usr/local/lib/python3.10/dist-packages/airflow/example_dags/example_dynamic_task_mapping.py
[2023-09-27T11:20:34.101+0000] {logging_mixin.py:151} INFO - [2023-09-27T11:20:34.101+0000] {dag.py:2915} INFO - Sync 1 DAGs
[2023-09-27T11:20:34.122+0000] {logging_mixin.py:151} INFO - [2023-09-27T11:20:34.121+0000] {dag.py:3696} INFO - Setting next_dagrun for example_dynamic_task_mapping to 2022-03-04T00:00:00+00:00, run_after=2022-03-05T00:00:00+00:00
[2023-09-27T11:20:34.142+0000] {processor.py:179} INFO - Processing /usr/local/lib/python3.10/dist-packages/airflow/example_dags/example_dynamic_task_mapping.py took 0.069 seconds
[2023-09-27T11:21:25.679+0000] {processor.py:157} INFO - Started process (PID=5646) to work on /usr/local/lib/python3.10/dist-packages/airflow/example_dags/example_dynamic_task_mapping.py
[2023-09-27T11:21:25.680+0000] {processor.py:829} INFO - Processing file /usr/local/lib/python3.10/dist-packages/airflow/example_dags/example_dynamic_task_mapping.py for tasks to queue
[2023-09-27T11:21:25.682+0000] {logging_mixin.py:151} INFO - [2023-09-27T11:21:25.681+0000] {dagbag.py:539} INFO - Filling up the DagBag from /usr/local/lib/python3.10/dist-packages/airflow/example_dags/example_dynamic_task_mapping.py
[2023-09-27T11:21:25.690+0000] {processor.py:839} INFO - DAG(s) dict_keys(['example_dynamic_task_mapping']) retrieved from /usr/local/lib/python3.10/dist-packages/airflow/example_dags/example_dynamic_task_mapping.py
[2023-09-27T11:21:25.716+0000] {logging_mixin.py:151} INFO - [2023-09-27T11:21:25.716+0000] {dag.py:2915} INFO - Sync 1 DAGs
[2023-09-27T11:21:25.747+0000] {logging_mixin.py:151} INFO - [2023-09-27T11:21:25.747+0000] {dag.py:3696} INFO - Setting next_dagrun for example_dynamic_task_mapping to 2022-03-04T00:00:00+00:00, run_after=2022-03-05T00:00:00+00:00
[2023-09-27T11:21:25.773+0000] {processor.py:179} INFO - Processing /usr/local/lib/python3.10/dist-packages/airflow/example_dags/example_dynamic_task_mapping.py took 0.101 seconds
[2023-09-27T11:22:15.284+0000] {processor.py:157} INFO - Started process (PID=5701) to work on /usr/local/lib/python3.10/dist-packages/airflow/example_dags/example_dynamic_task_mapping.py
[2023-09-27T11:22:15.286+0000] {processor.py:829} INFO - Processing file /usr/local/lib/python3.10/dist-packages/airflow/example_dags/example_dynamic_task_mapping.py for tasks to queue
[2023-09-27T11:22:15.287+0000] {logging_mixin.py:151} INFO - [2023-09-27T11:22:15.287+0000] {dagbag.py:539} INFO - Filling up the DagBag from /usr/local/lib/python3.10/dist-packages/airflow/example_dags/example_dynamic_task_mapping.py
[2023-09-27T11:22:15.295+0000] {processor.py:839} INFO - DAG(s) dict_keys(['example_dynamic_task_mapping']) retrieved from /usr/local/lib/python3.10/dist-packages/airflow/example_dags/example_dynamic_task_mapping.py
[2023-09-27T11:22:15.310+0000] {logging_mixin.py:151} INFO - [2023-09-27T11:22:15.310+0000] {dag.py:2915} INFO - Sync 1 DAGs
[2023-09-27T11:22:15.327+0000] {logging_mixin.py:151} INFO - [2023-09-27T11:22:15.327+0000] {dag.py:3696} INFO - Setting next_dagrun for example_dynamic_task_mapping to 2022-03-04T00:00:00+00:00, run_after=2022-03-05T00:00:00+00:00
[2023-09-27T11:22:15.348+0000] {processor.py:179} INFO - Processing /usr/local/lib/python3.10/dist-packages/airflow/example_dags/example_dynamic_task_mapping.py took 0.070 seconds
[2023-09-27T11:23:05.389+0000] {processor.py:157} INFO - Started process (PID=5753) to work on /usr/local/lib/python3.10/dist-packages/airflow/example_dags/example_dynamic_task_mapping.py
[2023-09-27T11:23:05.390+0000] {processor.py:829} INFO - Processing file /usr/local/lib/python3.10/dist-packages/airflow/example_dags/example_dynamic_task_mapping.py for tasks to queue
[2023-09-27T11:23:05.391+0000] {logging_mixin.py:151} INFO - [2023-09-27T11:23:05.391+0000] {dagbag.py:539} INFO - Filling up the DagBag from /usr/local/lib/python3.10/dist-packages/airflow/example_dags/example_dynamic_task_mapping.py
[2023-09-27T11:23:05.398+0000] {processor.py:839} INFO - DAG(s) dict_keys(['example_dynamic_task_mapping']) retrieved from /usr/local/lib/python3.10/dist-packages/airflow/example_dags/example_dynamic_task_mapping.py
[2023-09-27T11:23:05.416+0000] {logging_mixin.py:151} INFO - [2023-09-27T11:23:05.416+0000] {dag.py:2915} INFO - Sync 1 DAGs
[2023-09-27T11:23:05.436+0000] {logging_mixin.py:151} INFO - [2023-09-27T11:23:05.436+0000] {dag.py:3696} INFO - Setting next_dagrun for example_dynamic_task_mapping to 2022-03-04T00:00:00+00:00, run_after=2022-03-05T00:00:00+00:00
[2023-09-27T11:23:05.457+0000] {processor.py:179} INFO - Processing /usr/local/lib/python3.10/dist-packages/airflow/example_dags/example_dynamic_task_mapping.py took 0.071 seconds
[2023-09-27T11:23:56.049+0000] {processor.py:157} INFO - Started process (PID=5806) to work on /usr/local/lib/python3.10/dist-packages/airflow/example_dags/example_dynamic_task_mapping.py
[2023-09-27T11:23:56.050+0000] {processor.py:829} INFO - Processing file /usr/local/lib/python3.10/dist-packages/airflow/example_dags/example_dynamic_task_mapping.py for tasks to queue
[2023-09-27T11:23:56.051+0000] {logging_mixin.py:151} INFO - [2023-09-27T11:23:56.051+0000] {dagbag.py:539} INFO - Filling up the DagBag from /usr/local/lib/python3.10/dist-packages/airflow/example_dags/example_dynamic_task_mapping.py
[2023-09-27T11:23:56.059+0000] {processor.py:839} INFO - DAG(s) dict_keys(['example_dynamic_task_mapping']) retrieved from /usr/local/lib/python3.10/dist-packages/airflow/example_dags/example_dynamic_task_mapping.py
[2023-09-27T11:23:56.085+0000] {logging_mixin.py:151} INFO - [2023-09-27T11:23:56.084+0000] {dag.py:2915} INFO - Sync 1 DAGs
[2023-09-27T11:23:56.116+0000] {logging_mixin.py:151} INFO - [2023-09-27T11:23:56.116+0000] {dag.py:3696} INFO - Setting next_dagrun for example_dynamic_task_mapping to 2022-03-04T00:00:00+00:00, run_after=2022-03-05T00:00:00+00:00
[2023-09-27T11:23:56.143+0000] {processor.py:179} INFO - Processing /usr/local/lib/python3.10/dist-packages/airflow/example_dags/example_dynamic_task_mapping.py took 0.105 seconds
[2023-09-27T11:24:47.147+0000] {processor.py:157} INFO - Started process (PID=5858) to work on /usr/local/lib/python3.10/dist-packages/airflow/example_dags/example_dynamic_task_mapping.py
[2023-09-27T11:24:47.148+0000] {processor.py:829} INFO - Processing file /usr/local/lib/python3.10/dist-packages/airflow/example_dags/example_dynamic_task_mapping.py for tasks to queue
[2023-09-27T11:24:47.149+0000] {logging_mixin.py:151} INFO - [2023-09-27T11:24:47.148+0000] {dagbag.py:539} INFO - Filling up the DagBag from /usr/local/lib/python3.10/dist-packages/airflow/example_dags/example_dynamic_task_mapping.py
[2023-09-27T11:24:47.156+0000] {processor.py:839} INFO - DAG(s) dict_keys(['example_dynamic_task_mapping']) retrieved from /usr/local/lib/python3.10/dist-packages/airflow/example_dags/example_dynamic_task_mapping.py
[2023-09-27T11:24:47.171+0000] {logging_mixin.py:151} INFO - [2023-09-27T11:24:47.171+0000] {dag.py:2915} INFO - Sync 1 DAGs
[2023-09-27T11:24:47.190+0000] {logging_mixin.py:151} INFO - [2023-09-27T11:24:47.189+0000] {dag.py:3696} INFO - Setting next_dagrun for example_dynamic_task_mapping to 2022-03-04T00:00:00+00:00, run_after=2022-03-05T00:00:00+00:00
[2023-09-27T11:24:47.211+0000] {processor.py:179} INFO - Processing /usr/local/lib/python3.10/dist-packages/airflow/example_dags/example_dynamic_task_mapping.py took 0.067 seconds
[2023-09-27T11:25:40.583+0000] {processor.py:157} INFO - Started process (PID=5913) to work on /usr/local/lib/python3.10/dist-packages/airflow/example_dags/example_dynamic_task_mapping.py
[2023-09-27T11:25:40.584+0000] {processor.py:829} INFO - Processing file /usr/local/lib/python3.10/dist-packages/airflow/example_dags/example_dynamic_task_mapping.py for tasks to queue
[2023-09-27T11:25:40.585+0000] {logging_mixin.py:151} INFO - [2023-09-27T11:25:40.584+0000] {dagbag.py:539} INFO - Filling up the DagBag from /usr/local/lib/python3.10/dist-packages/airflow/example_dags/example_dynamic_task_mapping.py
[2023-09-27T11:25:40.592+0000] {processor.py:839} INFO - DAG(s) dict_keys(['example_dynamic_task_mapping']) retrieved from /usr/local/lib/python3.10/dist-packages/airflow/example_dags/example_dynamic_task_mapping.py
[2023-09-27T11:25:40.607+0000] {logging_mixin.py:151} INFO - [2023-09-27T11:25:40.607+0000] {dag.py:2915} INFO - Sync 1 DAGs
[2023-09-27T11:25:40.627+0000] {logging_mixin.py:151} INFO - [2023-09-27T11:25:40.627+0000] {dag.py:3696} INFO - Setting next_dagrun for example_dynamic_task_mapping to 2022-03-04T00:00:00+00:00, run_after=2022-03-05T00:00:00+00:00
[2023-09-27T11:25:40.651+0000] {processor.py:179} INFO - Processing /usr/local/lib/python3.10/dist-packages/airflow/example_dags/example_dynamic_task_mapping.py took 0.071 seconds
[2023-09-27T11:26:34.145+0000] {processor.py:157} INFO - Started process (PID=5971) to work on /usr/local/lib/python3.10/dist-packages/airflow/example_dags/example_dynamic_task_mapping.py
[2023-09-27T11:26:34.147+0000] {processor.py:829} INFO - Processing file /usr/local/lib/python3.10/dist-packages/airflow/example_dags/example_dynamic_task_mapping.py for tasks to queue
[2023-09-27T11:26:34.147+0000] {logging_mixin.py:151} INFO - [2023-09-27T11:26:34.147+0000] {dagbag.py:539} INFO - Filling up the DagBag from /usr/local/lib/python3.10/dist-packages/airflow/example_dags/example_dynamic_task_mapping.py
[2023-09-27T11:26:34.155+0000] {processor.py:839} INFO - DAG(s) dict_keys(['example_dynamic_task_mapping']) retrieved from /usr/local/lib/python3.10/dist-packages/airflow/example_dags/example_dynamic_task_mapping.py
[2023-09-27T11:26:34.169+0000] {logging_mixin.py:151} INFO - [2023-09-27T11:26:34.168+0000] {dag.py:2915} INFO - Sync 1 DAGs
[2023-09-27T11:26:34.186+0000] {logging_mixin.py:151} INFO - [2023-09-27T11:26:34.185+0000] {dag.py:3696} INFO - Setting next_dagrun for example_dynamic_task_mapping to 2022-03-04T00:00:00+00:00, run_after=2022-03-05T00:00:00+00:00
[2023-09-27T11:26:34.210+0000] {processor.py:179} INFO - Processing /usr/local/lib/python3.10/dist-packages/airflow/example_dags/example_dynamic_task_mapping.py took 0.068 seconds
[2023-09-27T11:27:22.681+0000] {processor.py:157} INFO - Started process (PID=6025) to work on /usr/local/lib/python3.10/dist-packages/airflow/example_dags/example_dynamic_task_mapping.py
[2023-09-27T11:27:22.682+0000] {processor.py:829} INFO - Processing file /usr/local/lib/python3.10/dist-packages/airflow/example_dags/example_dynamic_task_mapping.py for tasks to queue
[2023-09-27T11:27:22.683+0000] {logging_mixin.py:151} INFO - [2023-09-27T11:27:22.683+0000] {dagbag.py:539} INFO - Filling up the DagBag from /usr/local/lib/python3.10/dist-packages/airflow/example_dags/example_dynamic_task_mapping.py
[2023-09-27T11:27:22.691+0000] {processor.py:839} INFO - DAG(s) dict_keys(['example_dynamic_task_mapping']) retrieved from /usr/local/lib/python3.10/dist-packages/airflow/example_dags/example_dynamic_task_mapping.py
[2023-09-27T11:27:22.707+0000] {logging_mixin.py:151} INFO - [2023-09-27T11:27:22.707+0000] {dag.py:2915} INFO - Sync 1 DAGs
[2023-09-27T11:27:22.727+0000] {logging_mixin.py:151} INFO - [2023-09-27T11:27:22.727+0000] {dag.py:3696} INFO - Setting next_dagrun for example_dynamic_task_mapping to 2022-03-04T00:00:00+00:00, run_after=2022-03-05T00:00:00+00:00
[2023-09-27T11:27:22.748+0000] {processor.py:179} INFO - Processing /usr/local/lib/python3.10/dist-packages/airflow/example_dags/example_dynamic_task_mapping.py took 0.071 seconds
[2023-09-27T11:28:11.856+0000] {processor.py:157} INFO - Started process (PID=6079) to work on /usr/local/lib/python3.10/dist-packages/airflow/example_dags/example_dynamic_task_mapping.py
[2023-09-27T11:28:11.857+0000] {processor.py:829} INFO - Processing file /usr/local/lib/python3.10/dist-packages/airflow/example_dags/example_dynamic_task_mapping.py for tasks to queue
[2023-09-27T11:28:11.858+0000] {logging_mixin.py:151} INFO - [2023-09-27T11:28:11.858+0000] {dagbag.py:539} INFO - Filling up the DagBag from /usr/local/lib/python3.10/dist-packages/airflow/example_dags/example_dynamic_task_mapping.py
[2023-09-27T11:28:11.867+0000] {processor.py:839} INFO - DAG(s) dict_keys(['example_dynamic_task_mapping']) retrieved from /usr/local/lib/python3.10/dist-packages/airflow/example_dags/example_dynamic_task_mapping.py
[2023-09-27T11:28:11.886+0000] {logging_mixin.py:151} INFO - [2023-09-27T11:28:11.886+0000] {dag.py:2915} INFO - Sync 1 DAGs
[2023-09-27T11:28:11.913+0000] {logging_mixin.py:151} INFO - [2023-09-27T11:28:11.913+0000] {dag.py:3696} INFO - Setting next_dagrun for example_dynamic_task_mapping to 2022-03-04T00:00:00+00:00, run_after=2022-03-05T00:00:00+00:00
[2023-09-27T11:28:11.940+0000] {processor.py:179} INFO - Processing /usr/local/lib/python3.10/dist-packages/airflow/example_dags/example_dynamic_task_mapping.py took 0.088 seconds
[2023-09-27T11:28:59.465+0000] {processor.py:157} INFO - Started process (PID=6131) to work on /usr/local/lib/python3.10/dist-packages/airflow/example_dags/example_dynamic_task_mapping.py
[2023-09-27T11:28:59.466+0000] {processor.py:829} INFO - Processing file /usr/local/lib/python3.10/dist-packages/airflow/example_dags/example_dynamic_task_mapping.py for tasks to queue
[2023-09-27T11:28:59.467+0000] {logging_mixin.py:151} INFO - [2023-09-27T11:28:59.467+0000] {dagbag.py:539} INFO - Filling up the DagBag from /usr/local/lib/python3.10/dist-packages/airflow/example_dags/example_dynamic_task_mapping.py
[2023-09-27T11:28:59.475+0000] {processor.py:839} INFO - DAG(s) dict_keys(['example_dynamic_task_mapping']) retrieved from /usr/local/lib/python3.10/dist-packages/airflow/example_dags/example_dynamic_task_mapping.py
[2023-09-27T11:28:59.493+0000] {logging_mixin.py:151} INFO - [2023-09-27T11:28:59.493+0000] {dag.py:2915} INFO - Sync 1 DAGs
[2023-09-27T11:28:59.519+0000] {logging_mixin.py:151} INFO - [2023-09-27T11:28:59.519+0000] {dag.py:3696} INFO - Setting next_dagrun for example_dynamic_task_mapping to 2022-03-04T00:00:00+00:00, run_after=2022-03-05T00:00:00+00:00
[2023-09-27T11:28:59.544+0000] {processor.py:179} INFO - Processing /usr/local/lib/python3.10/dist-packages/airflow/example_dags/example_dynamic_task_mapping.py took 0.083 seconds
[2023-09-27T11:29:51.229+0000] {processor.py:157} INFO - Started process (PID=6186) to work on /usr/local/lib/python3.10/dist-packages/airflow/example_dags/example_dynamic_task_mapping.py
[2023-09-27T11:29:51.231+0000] {processor.py:829} INFO - Processing file /usr/local/lib/python3.10/dist-packages/airflow/example_dags/example_dynamic_task_mapping.py for tasks to queue
[2023-09-27T11:29:51.232+0000] {logging_mixin.py:151} INFO - [2023-09-27T11:29:51.231+0000] {dagbag.py:539} INFO - Filling up the DagBag from /usr/local/lib/python3.10/dist-packages/airflow/example_dags/example_dynamic_task_mapping.py
[2023-09-27T11:29:51.240+0000] {processor.py:839} INFO - DAG(s) dict_keys(['example_dynamic_task_mapping']) retrieved from /usr/local/lib/python3.10/dist-packages/airflow/example_dags/example_dynamic_task_mapping.py
[2023-09-27T11:29:51.260+0000] {logging_mixin.py:151} INFO - [2023-09-27T11:29:51.260+0000] {dag.py:2915} INFO - Sync 1 DAGs
[2023-09-27T11:29:51.286+0000] {logging_mixin.py:151} INFO - [2023-09-27T11:29:51.286+0000] {dag.py:3696} INFO - Setting next_dagrun for example_dynamic_task_mapping to 2022-03-04T00:00:00+00:00, run_after=2022-03-05T00:00:00+00:00
[2023-09-27T11:29:51.305+0000] {processor.py:179} INFO - Processing /usr/local/lib/python3.10/dist-packages/airflow/example_dags/example_dynamic_task_mapping.py took 0.080 seconds
[2023-09-27T11:30:41.247+0000] {processor.py:157} INFO - Started process (PID=6238) to work on /usr/local/lib/python3.10/dist-packages/airflow/example_dags/example_dynamic_task_mapping.py
[2023-09-27T11:30:41.248+0000] {processor.py:829} INFO - Processing file /usr/local/lib/python3.10/dist-packages/airflow/example_dags/example_dynamic_task_mapping.py for tasks to queue
[2023-09-27T11:30:41.249+0000] {logging_mixin.py:151} INFO - [2023-09-27T11:30:41.248+0000] {dagbag.py:539} INFO - Filling up the DagBag from /usr/local/lib/python3.10/dist-packages/airflow/example_dags/example_dynamic_task_mapping.py
[2023-09-27T11:30:41.256+0000] {processor.py:839} INFO - DAG(s) dict_keys(['example_dynamic_task_mapping']) retrieved from /usr/local/lib/python3.10/dist-packages/airflow/example_dags/example_dynamic_task_mapping.py
[2023-09-27T11:30:41.278+0000] {logging_mixin.py:151} INFO - [2023-09-27T11:30:41.278+0000] {dag.py:2915} INFO - Sync 1 DAGs
[2023-09-27T11:30:41.303+0000] {logging_mixin.py:151} INFO - [2023-09-27T11:30:41.303+0000] {dag.py:3696} INFO - Setting next_dagrun for example_dynamic_task_mapping to 2022-03-04T00:00:00+00:00, run_after=2022-03-05T00:00:00+00:00
[2023-09-27T11:30:41.323+0000] {processor.py:179} INFO - Processing /usr/local/lib/python3.10/dist-packages/airflow/example_dags/example_dynamic_task_mapping.py took 0.080 seconds
[2023-09-27T11:31:29.995+0000] {processor.py:157} INFO - Started process (PID=6292) to work on /usr/local/lib/python3.10/dist-packages/airflow/example_dags/example_dynamic_task_mapping.py
[2023-09-27T11:31:29.996+0000] {processor.py:829} INFO - Processing file /usr/local/lib/python3.10/dist-packages/airflow/example_dags/example_dynamic_task_mapping.py for tasks to queue
[2023-09-27T11:31:29.997+0000] {logging_mixin.py:151} INFO - [2023-09-27T11:31:29.997+0000] {dagbag.py:539} INFO - Filling up the DagBag from /usr/local/lib/python3.10/dist-packages/airflow/example_dags/example_dynamic_task_mapping.py
[2023-09-27T11:31:30.006+0000] {processor.py:839} INFO - DAG(s) dict_keys(['example_dynamic_task_mapping']) retrieved from /usr/local/lib/python3.10/dist-packages/airflow/example_dags/example_dynamic_task_mapping.py
[2023-09-27T11:31:30.022+0000] {logging_mixin.py:151} INFO - [2023-09-27T11:31:30.022+0000] {dag.py:2915} INFO - Sync 1 DAGs
[2023-09-27T11:31:30.041+0000] {logging_mixin.py:151} INFO - [2023-09-27T11:31:30.041+0000] {dag.py:3696} INFO - Setting next_dagrun for example_dynamic_task_mapping to 2022-03-04T00:00:00+00:00, run_after=2022-03-05T00:00:00+00:00
[2023-09-27T11:31:30.066+0000] {processor.py:179} INFO - Processing /usr/local/lib/python3.10/dist-packages/airflow/example_dags/example_dynamic_task_mapping.py took 0.073 seconds
[2023-09-27T11:32:16.948+0000] {processor.py:157} INFO - Started process (PID=6343) to work on /usr/local/lib/python3.10/dist-packages/airflow/example_dags/example_dynamic_task_mapping.py
[2023-09-27T11:32:16.949+0000] {processor.py:829} INFO - Processing file /usr/local/lib/python3.10/dist-packages/airflow/example_dags/example_dynamic_task_mapping.py for tasks to queue
[2023-09-27T11:32:16.950+0000] {logging_mixin.py:151} INFO - [2023-09-27T11:32:16.950+0000] {dagbag.py:539} INFO - Filling up the DagBag from /usr/local/lib/python3.10/dist-packages/airflow/example_dags/example_dynamic_task_mapping.py
[2023-09-27T11:32:16.959+0000] {processor.py:839} INFO - DAG(s) dict_keys(['example_dynamic_task_mapping']) retrieved from /usr/local/lib/python3.10/dist-packages/airflow/example_dags/example_dynamic_task_mapping.py
[2023-09-27T11:32:16.974+0000] {logging_mixin.py:151} INFO - [2023-09-27T11:32:16.974+0000] {dag.py:2915} INFO - Sync 1 DAGs
[2023-09-27T11:32:17.006+0000] {logging_mixin.py:151} INFO - [2023-09-27T11:32:17.006+0000] {dag.py:3696} INFO - Setting next_dagrun for example_dynamic_task_mapping to 2022-03-04T00:00:00+00:00, run_after=2022-03-05T00:00:00+00:00
[2023-09-27T11:32:17.035+0000] {processor.py:179} INFO - Processing /usr/local/lib/python3.10/dist-packages/airflow/example_dags/example_dynamic_task_mapping.py took 0.090 seconds
[2023-09-27T11:33:01.075+0000] {processor.py:157} INFO - Started process (PID=6393) to work on /usr/local/lib/python3.10/dist-packages/airflow/example_dags/example_dynamic_task_mapping.py
[2023-09-27T11:33:01.076+0000] {processor.py:829} INFO - Processing file /usr/local/lib/python3.10/dist-packages/airflow/example_dags/example_dynamic_task_mapping.py for tasks to queue
[2023-09-27T11:33:01.077+0000] {logging_mixin.py:151} INFO - [2023-09-27T11:33:01.076+0000] {dagbag.py:539} INFO - Filling up the DagBag from /usr/local/lib/python3.10/dist-packages/airflow/example_dags/example_dynamic_task_mapping.py
[2023-09-27T11:33:01.087+0000] {processor.py:839} INFO - DAG(s) dict_keys(['example_dynamic_task_mapping']) retrieved from /usr/local/lib/python3.10/dist-packages/airflow/example_dags/example_dynamic_task_mapping.py
[2023-09-27T11:33:01.103+0000] {logging_mixin.py:151} INFO - [2023-09-27T11:33:01.103+0000] {dag.py:2915} INFO - Sync 1 DAGs
[2023-09-27T11:33:01.124+0000] {logging_mixin.py:151} INFO - [2023-09-27T11:33:01.124+0000] {dag.py:3696} INFO - Setting next_dagrun for example_dynamic_task_mapping to 2022-03-04T00:00:00+00:00, run_after=2022-03-05T00:00:00+00:00
[2023-09-27T11:33:01.149+0000] {processor.py:179} INFO - Processing /usr/local/lib/python3.10/dist-packages/airflow/example_dags/example_dynamic_task_mapping.py took 0.078 seconds
[2023-09-27T11:33:51.804+0000] {processor.py:157} INFO - Started process (PID=6446) to work on /usr/local/lib/python3.10/dist-packages/airflow/example_dags/example_dynamic_task_mapping.py
[2023-09-27T11:33:51.805+0000] {processor.py:829} INFO - Processing file /usr/local/lib/python3.10/dist-packages/airflow/example_dags/example_dynamic_task_mapping.py for tasks to queue
[2023-09-27T11:33:51.806+0000] {logging_mixin.py:151} INFO - [2023-09-27T11:33:51.806+0000] {dagbag.py:539} INFO - Filling up the DagBag from /usr/local/lib/python3.10/dist-packages/airflow/example_dags/example_dynamic_task_mapping.py
[2023-09-27T11:33:51.814+0000] {processor.py:839} INFO - DAG(s) dict_keys(['example_dynamic_task_mapping']) retrieved from /usr/local/lib/python3.10/dist-packages/airflow/example_dags/example_dynamic_task_mapping.py
[2023-09-27T11:33:51.835+0000] {logging_mixin.py:151} INFO - [2023-09-27T11:33:51.834+0000] {dag.py:2915} INFO - Sync 1 DAGs
[2023-09-27T11:33:51.855+0000] {logging_mixin.py:151} INFO - [2023-09-27T11:33:51.855+0000] {dag.py:3696} INFO - Setting next_dagrun for example_dynamic_task_mapping to 2022-03-04T00:00:00+00:00, run_after=2022-03-05T00:00:00+00:00
[2023-09-27T11:33:51.880+0000] {processor.py:179} INFO - Processing /usr/local/lib/python3.10/dist-packages/airflow/example_dags/example_dynamic_task_mapping.py took 0.080 seconds
[2023-09-27T11:34:41.719+0000] {processor.py:157} INFO - Started process (PID=6496) to work on /usr/local/lib/python3.10/dist-packages/airflow/example_dags/example_dynamic_task_mapping.py
[2023-09-27T11:34:41.722+0000] {processor.py:829} INFO - Processing file /usr/local/lib/python3.10/dist-packages/airflow/example_dags/example_dynamic_task_mapping.py for tasks to queue
[2023-09-27T11:34:41.723+0000] {logging_mixin.py:151} INFO - [2023-09-27T11:34:41.723+0000] {dagbag.py:539} INFO - Filling up the DagBag from /usr/local/lib/python3.10/dist-packages/airflow/example_dags/example_dynamic_task_mapping.py
[2023-09-27T11:34:41.731+0000] {processor.py:839} INFO - DAG(s) dict_keys(['example_dynamic_task_mapping']) retrieved from /usr/local/lib/python3.10/dist-packages/airflow/example_dags/example_dynamic_task_mapping.py
[2023-09-27T11:34:41.747+0000] {logging_mixin.py:151} INFO - [2023-09-27T11:34:41.746+0000] {dag.py:2915} INFO - Sync 1 DAGs
[2023-09-27T11:34:41.764+0000] {logging_mixin.py:151} INFO - [2023-09-27T11:34:41.764+0000] {dag.py:3696} INFO - Setting next_dagrun for example_dynamic_task_mapping to 2022-03-04T00:00:00+00:00, run_after=2022-03-05T00:00:00+00:00
[2023-09-27T11:34:41.783+0000] {processor.py:179} INFO - Processing /usr/local/lib/python3.10/dist-packages/airflow/example_dags/example_dynamic_task_mapping.py took 0.068 seconds
[2023-09-27T11:35:30.751+0000] {processor.py:157} INFO - Started process (PID=6551) to work on /usr/local/lib/python3.10/dist-packages/airflow/example_dags/example_dynamic_task_mapping.py
[2023-09-27T11:35:30.752+0000] {processor.py:829} INFO - Processing file /usr/local/lib/python3.10/dist-packages/airflow/example_dags/example_dynamic_task_mapping.py for tasks to queue
[2023-09-27T11:35:30.753+0000] {logging_mixin.py:151} INFO - [2023-09-27T11:35:30.752+0000] {dagbag.py:539} INFO - Filling up the DagBag from /usr/local/lib/python3.10/dist-packages/airflow/example_dags/example_dynamic_task_mapping.py
[2023-09-27T11:35:30.760+0000] {processor.py:839} INFO - DAG(s) dict_keys(['example_dynamic_task_mapping']) retrieved from /usr/local/lib/python3.10/dist-packages/airflow/example_dags/example_dynamic_task_mapping.py
[2023-09-27T11:35:30.774+0000] {logging_mixin.py:151} INFO - [2023-09-27T11:35:30.774+0000] {dag.py:2915} INFO - Sync 1 DAGs
[2023-09-27T11:35:30.792+0000] {logging_mixin.py:151} INFO - [2023-09-27T11:35:30.792+0000] {dag.py:3696} INFO - Setting next_dagrun for example_dynamic_task_mapping to 2022-03-04T00:00:00+00:00, run_after=2022-03-05T00:00:00+00:00
[2023-09-27T11:35:30.811+0000] {processor.py:179} INFO - Processing /usr/local/lib/python3.10/dist-packages/airflow/example_dags/example_dynamic_task_mapping.py took 0.063 seconds
[2023-09-27T11:36:21.600+0000] {processor.py:157} INFO - Started process (PID=6610) to work on /usr/local/lib/python3.10/dist-packages/airflow/example_dags/example_dynamic_task_mapping.py
[2023-09-27T11:36:21.601+0000] {processor.py:829} INFO - Processing file /usr/local/lib/python3.10/dist-packages/airflow/example_dags/example_dynamic_task_mapping.py for tasks to queue
[2023-09-27T11:36:21.602+0000] {logging_mixin.py:151} INFO - [2023-09-27T11:36:21.602+0000] {dagbag.py:539} INFO - Filling up the DagBag from /usr/local/lib/python3.10/dist-packages/airflow/example_dags/example_dynamic_task_mapping.py
[2023-09-27T11:36:21.610+0000] {processor.py:839} INFO - DAG(s) dict_keys(['example_dynamic_task_mapping']) retrieved from /usr/local/lib/python3.10/dist-packages/airflow/example_dags/example_dynamic_task_mapping.py
[2023-09-27T11:36:21.626+0000] {logging_mixin.py:151} INFO - [2023-09-27T11:36:21.626+0000] {dag.py:2915} INFO - Sync 1 DAGs
[2023-09-27T11:36:21.650+0000] {logging_mixin.py:151} INFO - [2023-09-27T11:36:21.650+0000] {dag.py:3696} INFO - Setting next_dagrun for example_dynamic_task_mapping to 2022-03-04T00:00:00+00:00, run_after=2022-03-05T00:00:00+00:00
[2023-09-27T11:36:21.674+0000] {processor.py:179} INFO - Processing /usr/local/lib/python3.10/dist-packages/airflow/example_dags/example_dynamic_task_mapping.py took 0.077 seconds
[2023-09-27T11:37:08.450+0000] {processor.py:157} INFO - Started process (PID=6726) to work on /usr/local/lib/python3.10/dist-packages/airflow/example_dags/example_dynamic_task_mapping.py
[2023-09-27T11:37:08.452+0000] {processor.py:829} INFO - Processing file /usr/local/lib/python3.10/dist-packages/airflow/example_dags/example_dynamic_task_mapping.py for tasks to queue
[2023-09-27T11:37:08.454+0000] {logging_mixin.py:151} INFO - [2023-09-27T11:37:08.453+0000] {dagbag.py:539} INFO - Filling up the DagBag from /usr/local/lib/python3.10/dist-packages/airflow/example_dags/example_dynamic_task_mapping.py
[2023-09-27T11:37:08.463+0000] {processor.py:839} INFO - DAG(s) dict_keys(['example_dynamic_task_mapping']) retrieved from /usr/local/lib/python3.10/dist-packages/airflow/example_dags/example_dynamic_task_mapping.py
[2023-09-27T11:37:08.479+0000] {logging_mixin.py:151} INFO - [2023-09-27T11:37:08.479+0000] {dag.py:2915} INFO - Sync 1 DAGs
[2023-09-27T11:37:08.508+0000] {logging_mixin.py:151} INFO - [2023-09-27T11:37:08.508+0000] {dag.py:3696} INFO - Setting next_dagrun for example_dynamic_task_mapping to 2022-03-04T00:00:00+00:00, run_after=2022-03-05T00:00:00+00:00
[2023-09-27T11:37:08.531+0000] {processor.py:179} INFO - Processing /usr/local/lib/python3.10/dist-packages/airflow/example_dags/example_dynamic_task_mapping.py took 0.084 seconds
[2023-09-27T17:57:01.882+0000] {processor.py:157} INFO - Started process (PID=10620) to work on /home/ubuntu/airflow_venv/lib/python3.10/site-packages/airflow/example_dags/example_dynamic_task_mapping.py
[2023-09-27T17:57:01.884+0000] {processor.py:829} INFO - Processing file /home/ubuntu/airflow_venv/lib/python3.10/site-packages/airflow/example_dags/example_dynamic_task_mapping.py for tasks to queue
[2023-09-27T17:57:01.889+0000] {logging_mixin.py:151} INFO - [2023-09-27T17:57:01.885+0000] {dagbag.py:539} INFO - Filling up the DagBag from /home/ubuntu/airflow_venv/lib/python3.10/site-packages/airflow/example_dags/example_dynamic_task_mapping.py
[2023-09-27T17:57:01.903+0000] {processor.py:839} INFO - DAG(s) dict_keys(['example_dynamic_task_mapping']) retrieved from /home/ubuntu/airflow_venv/lib/python3.10/site-packages/airflow/example_dags/example_dynamic_task_mapping.py
[2023-09-27T17:57:02.084+0000] {logging_mixin.py:151} INFO - [2023-09-27T17:57:02.074+0000] {security.py:708} INFO - Not syncing DAG-level permissions for DAG 'DAG:example_dynamic_task_mapping' as access control is unset.
[2023-09-27T17:57:02.084+0000] {logging_mixin.py:151} INFO - [2023-09-27T17:57:02.084+0000] {dag.py:2915} INFO - Sync 1 DAGs
[2023-09-27T17:57:02.113+0000] {logging_mixin.py:151} INFO - [2023-09-27T17:57:02.112+0000] {dag.py:3696} INFO - Setting next_dagrun for example_dynamic_task_mapping to 2022-03-04T00:00:00+00:00, run_after=2022-03-05T00:00:00+00:00
[2023-09-27T17:57:02.147+0000] {processor.py:179} INFO - Processing /home/ubuntu/airflow_venv/lib/python3.10/site-packages/airflow/example_dags/example_dynamic_task_mapping.py took 0.274 seconds
[2023-09-27T17:57:53.339+0000] {processor.py:157} INFO - Started process (PID=10667) to work on /home/ubuntu/airflow_venv/lib/python3.10/site-packages/airflow/example_dags/example_dynamic_task_mapping.py
[2023-09-27T17:57:53.341+0000] {processor.py:829} INFO - Processing file /home/ubuntu/airflow_venv/lib/python3.10/site-packages/airflow/example_dags/example_dynamic_task_mapping.py for tasks to queue
[2023-09-27T17:57:53.342+0000] {logging_mixin.py:151} INFO - [2023-09-27T17:57:53.342+0000] {dagbag.py:539} INFO - Filling up the DagBag from /home/ubuntu/airflow_venv/lib/python3.10/site-packages/airflow/example_dags/example_dynamic_task_mapping.py
[2023-09-27T17:57:53.354+0000] {processor.py:839} INFO - DAG(s) dict_keys(['example_dynamic_task_mapping']) retrieved from /home/ubuntu/airflow_venv/lib/python3.10/site-packages/airflow/example_dags/example_dynamic_task_mapping.py
[2023-09-27T17:57:53.375+0000] {logging_mixin.py:151} INFO - [2023-09-27T17:57:53.375+0000] {dag.py:2915} INFO - Sync 1 DAGs
[2023-09-27T17:57:53.399+0000] {logging_mixin.py:151} INFO - [2023-09-27T17:57:53.399+0000] {dag.py:3696} INFO - Setting next_dagrun for example_dynamic_task_mapping to 2022-03-04T00:00:00+00:00, run_after=2022-03-05T00:00:00+00:00
[2023-09-27T17:57:53.421+0000] {processor.py:179} INFO - Processing /home/ubuntu/airflow_venv/lib/python3.10/site-packages/airflow/example_dags/example_dynamic_task_mapping.py took 0.086 seconds
[2023-09-27T17:58:48.991+0000] {processor.py:157} INFO - Started process (PID=10722) to work on /home/ubuntu/airflow_venv/lib/python3.10/site-packages/airflow/example_dags/example_dynamic_task_mapping.py
[2023-09-27T17:58:48.993+0000] {processor.py:829} INFO - Processing file /home/ubuntu/airflow_venv/lib/python3.10/site-packages/airflow/example_dags/example_dynamic_task_mapping.py for tasks to queue
[2023-09-27T17:58:48.994+0000] {logging_mixin.py:151} INFO - [2023-09-27T17:58:48.993+0000] {dagbag.py:539} INFO - Filling up the DagBag from /home/ubuntu/airflow_venv/lib/python3.10/site-packages/airflow/example_dags/example_dynamic_task_mapping.py
[2023-09-27T17:58:49.004+0000] {processor.py:839} INFO - DAG(s) dict_keys(['example_dynamic_task_mapping']) retrieved from /home/ubuntu/airflow_venv/lib/python3.10/site-packages/airflow/example_dags/example_dynamic_task_mapping.py
[2023-09-27T17:58:49.019+0000] {logging_mixin.py:151} INFO - [2023-09-27T17:58:49.018+0000] {dag.py:2915} INFO - Sync 1 DAGs
[2023-09-27T17:58:49.045+0000] {logging_mixin.py:151} INFO - [2023-09-27T17:58:49.045+0000] {dag.py:3696} INFO - Setting next_dagrun for example_dynamic_task_mapping to 2022-03-04T00:00:00+00:00, run_after=2022-03-05T00:00:00+00:00
[2023-09-27T17:58:49.065+0000] {processor.py:179} INFO - Processing /home/ubuntu/airflow_venv/lib/python3.10/site-packages/airflow/example_dags/example_dynamic_task_mapping.py took 0.078 seconds
[2023-09-27T17:59:40.520+0000] {processor.py:157} INFO - Started process (PID=10789) to work on /home/ubuntu/airflow_venv/lib/python3.10/site-packages/airflow/example_dags/example_dynamic_task_mapping.py
[2023-09-27T17:59:40.521+0000] {processor.py:829} INFO - Processing file /home/ubuntu/airflow_venv/lib/python3.10/site-packages/airflow/example_dags/example_dynamic_task_mapping.py for tasks to queue
[2023-09-27T17:59:40.523+0000] {logging_mixin.py:151} INFO - [2023-09-27T17:59:40.522+0000] {dagbag.py:539} INFO - Filling up the DagBag from /home/ubuntu/airflow_venv/lib/python3.10/site-packages/airflow/example_dags/example_dynamic_task_mapping.py
[2023-09-27T17:59:40.532+0000] {processor.py:839} INFO - DAG(s) dict_keys(['example_dynamic_task_mapping']) retrieved from /home/ubuntu/airflow_venv/lib/python3.10/site-packages/airflow/example_dags/example_dynamic_task_mapping.py
[2023-09-27T17:59:40.549+0000] {logging_mixin.py:151} INFO - [2023-09-27T17:59:40.549+0000] {dag.py:2915} INFO - Sync 1 DAGs
[2023-09-27T17:59:40.571+0000] {logging_mixin.py:151} INFO - [2023-09-27T17:59:40.570+0000] {dag.py:3696} INFO - Setting next_dagrun for example_dynamic_task_mapping to 2022-03-04T00:00:00+00:00, run_after=2022-03-05T00:00:00+00:00
[2023-09-27T17:59:40.598+0000] {processor.py:179} INFO - Processing /home/ubuntu/airflow_venv/lib/python3.10/site-packages/airflow/example_dags/example_dynamic_task_mapping.py took 0.082 seconds
[2023-09-27T18:00:31.116+0000] {processor.py:157} INFO - Started process (PID=10841) to work on /home/ubuntu/airflow_venv/lib/python3.10/site-packages/airflow/example_dags/example_dynamic_task_mapping.py
[2023-09-27T18:00:31.118+0000] {processor.py:829} INFO - Processing file /home/ubuntu/airflow_venv/lib/python3.10/site-packages/airflow/example_dags/example_dynamic_task_mapping.py for tasks to queue
[2023-09-27T18:00:31.119+0000] {logging_mixin.py:151} INFO - [2023-09-27T18:00:31.118+0000] {dagbag.py:539} INFO - Filling up the DagBag from /home/ubuntu/airflow_venv/lib/python3.10/site-packages/airflow/example_dags/example_dynamic_task_mapping.py
[2023-09-27T18:00:31.127+0000] {processor.py:839} INFO - DAG(s) dict_keys(['example_dynamic_task_mapping']) retrieved from /home/ubuntu/airflow_venv/lib/python3.10/site-packages/airflow/example_dags/example_dynamic_task_mapping.py
[2023-09-27T18:00:31.144+0000] {logging_mixin.py:151} INFO - [2023-09-27T18:00:31.144+0000] {dag.py:2915} INFO - Sync 1 DAGs
[2023-09-27T18:00:31.163+0000] {logging_mixin.py:151} INFO - [2023-09-27T18:00:31.163+0000] {dag.py:3696} INFO - Setting next_dagrun for example_dynamic_task_mapping to 2022-03-04T00:00:00+00:00, run_after=2022-03-05T00:00:00+00:00
[2023-09-27T18:00:31.202+0000] {processor.py:179} INFO - Processing /home/ubuntu/airflow_venv/lib/python3.10/site-packages/airflow/example_dags/example_dynamic_task_mapping.py took 0.090 seconds
[2023-09-27T18:01:18.837+0000] {processor.py:157} INFO - Started process (PID=10889) to work on /home/ubuntu/airflow_venv/lib/python3.10/site-packages/airflow/example_dags/example_dynamic_task_mapping.py
[2023-09-27T18:01:18.838+0000] {processor.py:829} INFO - Processing file /home/ubuntu/airflow_venv/lib/python3.10/site-packages/airflow/example_dags/example_dynamic_task_mapping.py for tasks to queue
[2023-09-27T18:01:18.839+0000] {logging_mixin.py:151} INFO - [2023-09-27T18:01:18.839+0000] {dagbag.py:539} INFO - Filling up the DagBag from /home/ubuntu/airflow_venv/lib/python3.10/site-packages/airflow/example_dags/example_dynamic_task_mapping.py
[2023-09-27T18:01:18.848+0000] {processor.py:839} INFO - DAG(s) dict_keys(['example_dynamic_task_mapping']) retrieved from /home/ubuntu/airflow_venv/lib/python3.10/site-packages/airflow/example_dags/example_dynamic_task_mapping.py
[2023-09-27T18:01:18.865+0000] {logging_mixin.py:151} INFO - [2023-09-27T18:01:18.865+0000] {dag.py:2915} INFO - Sync 1 DAGs
[2023-09-27T18:01:18.889+0000] {logging_mixin.py:151} INFO - [2023-09-27T18:01:18.889+0000] {dag.py:3696} INFO - Setting next_dagrun for example_dynamic_task_mapping to 2022-03-04T00:00:00+00:00, run_after=2022-03-05T00:00:00+00:00
[2023-09-27T18:01:18.912+0000] {processor.py:179} INFO - Processing /home/ubuntu/airflow_venv/lib/python3.10/site-packages/airflow/example_dags/example_dynamic_task_mapping.py took 0.079 seconds
[2023-09-27T18:02:05.408+0000] {processor.py:157} INFO - Started process (PID=10937) to work on /home/ubuntu/airflow_venv/lib/python3.10/site-packages/airflow/example_dags/example_dynamic_task_mapping.py
[2023-09-27T18:02:05.409+0000] {processor.py:829} INFO - Processing file /home/ubuntu/airflow_venv/lib/python3.10/site-packages/airflow/example_dags/example_dynamic_task_mapping.py for tasks to queue
[2023-09-27T18:02:05.410+0000] {logging_mixin.py:151} INFO - [2023-09-27T18:02:05.410+0000] {dagbag.py:539} INFO - Filling up the DagBag from /home/ubuntu/airflow_venv/lib/python3.10/site-packages/airflow/example_dags/example_dynamic_task_mapping.py
[2023-09-27T18:02:05.424+0000] {processor.py:839} INFO - DAG(s) dict_keys(['example_dynamic_task_mapping']) retrieved from /home/ubuntu/airflow_venv/lib/python3.10/site-packages/airflow/example_dags/example_dynamic_task_mapping.py
[2023-09-27T18:02:05.447+0000] {logging_mixin.py:151} INFO - [2023-09-27T18:02:05.447+0000] {dag.py:2915} INFO - Sync 1 DAGs
[2023-09-27T18:02:05.468+0000] {logging_mixin.py:151} INFO - [2023-09-27T18:02:05.468+0000] {dag.py:3696} INFO - Setting next_dagrun for example_dynamic_task_mapping to 2022-03-04T00:00:00+00:00, run_after=2022-03-05T00:00:00+00:00
[2023-09-27T18:02:05.493+0000] {processor.py:179} INFO - Processing /home/ubuntu/airflow_venv/lib/python3.10/site-packages/airflow/example_dags/example_dynamic_task_mapping.py took 0.091 seconds
[2023-09-27T18:02:50.233+0000] {processor.py:157} INFO - Started process (PID=10989) to work on /home/ubuntu/airflow_venv/lib/python3.10/site-packages/airflow/example_dags/example_dynamic_task_mapping.py
[2023-09-27T18:02:50.234+0000] {processor.py:829} INFO - Processing file /home/ubuntu/airflow_venv/lib/python3.10/site-packages/airflow/example_dags/example_dynamic_task_mapping.py for tasks to queue
[2023-09-27T18:02:50.235+0000] {logging_mixin.py:151} INFO - [2023-09-27T18:02:50.234+0000] {dagbag.py:539} INFO - Filling up the DagBag from /home/ubuntu/airflow_venv/lib/python3.10/site-packages/airflow/example_dags/example_dynamic_task_mapping.py
[2023-09-27T18:02:50.243+0000] {processor.py:839} INFO - DAG(s) dict_keys(['example_dynamic_task_mapping']) retrieved from /home/ubuntu/airflow_venv/lib/python3.10/site-packages/airflow/example_dags/example_dynamic_task_mapping.py
[2023-09-27T18:02:50.259+0000] {logging_mixin.py:151} INFO - [2023-09-27T18:02:50.259+0000] {dag.py:2915} INFO - Sync 1 DAGs
[2023-09-27T18:02:50.282+0000] {logging_mixin.py:151} INFO - [2023-09-27T18:02:50.282+0000] {dag.py:3696} INFO - Setting next_dagrun for example_dynamic_task_mapping to 2022-03-04T00:00:00+00:00, run_after=2022-03-05T00:00:00+00:00
[2023-09-27T18:02:50.303+0000] {processor.py:179} INFO - Processing /home/ubuntu/airflow_venv/lib/python3.10/site-packages/airflow/example_dags/example_dynamic_task_mapping.py took 0.074 seconds
[2023-09-27T18:03:39.803+0000] {processor.py:157} INFO - Started process (PID=11107) to work on /home/ubuntu/airflow_venv/lib/python3.10/site-packages/airflow/example_dags/example_dynamic_task_mapping.py
[2023-09-27T18:03:39.804+0000] {processor.py:829} INFO - Processing file /home/ubuntu/airflow_venv/lib/python3.10/site-packages/airflow/example_dags/example_dynamic_task_mapping.py for tasks to queue
[2023-09-27T18:03:39.806+0000] {logging_mixin.py:151} INFO - [2023-09-27T18:03:39.805+0000] {dagbag.py:539} INFO - Filling up the DagBag from /home/ubuntu/airflow_venv/lib/python3.10/site-packages/airflow/example_dags/example_dynamic_task_mapping.py
[2023-09-27T18:03:39.813+0000] {processor.py:839} INFO - DAG(s) dict_keys(['example_dynamic_task_mapping']) retrieved from /home/ubuntu/airflow_venv/lib/python3.10/site-packages/airflow/example_dags/example_dynamic_task_mapping.py
[2023-09-27T18:03:39.829+0000] {logging_mixin.py:151} INFO - [2023-09-27T18:03:39.829+0000] {dag.py:2915} INFO - Sync 1 DAGs
[2023-09-27T18:03:39.848+0000] {logging_mixin.py:151} INFO - [2023-09-27T18:03:39.848+0000] {dag.py:3696} INFO - Setting next_dagrun for example_dynamic_task_mapping to 2022-03-04T00:00:00+00:00, run_after=2022-03-05T00:00:00+00:00
[2023-09-27T18:03:39.868+0000] {processor.py:179} INFO - Processing /home/ubuntu/airflow_venv/lib/python3.10/site-packages/airflow/example_dags/example_dynamic_task_mapping.py took 0.068 seconds
[2023-09-27T18:04:24.765+0000] {processor.py:157} INFO - Started process (PID=11172) to work on /home/ubuntu/airflow_venv/lib/python3.10/site-packages/airflow/example_dags/example_dynamic_task_mapping.py
[2023-09-27T18:04:24.766+0000] {processor.py:829} INFO - Processing file /home/ubuntu/airflow_venv/lib/python3.10/site-packages/airflow/example_dags/example_dynamic_task_mapping.py for tasks to queue
[2023-09-27T18:04:24.767+0000] {logging_mixin.py:151} INFO - [2023-09-27T18:04:24.767+0000] {dagbag.py:539} INFO - Filling up the DagBag from /home/ubuntu/airflow_venv/lib/python3.10/site-packages/airflow/example_dags/example_dynamic_task_mapping.py
[2023-09-27T18:04:24.777+0000] {processor.py:839} INFO - DAG(s) dict_keys(['example_dynamic_task_mapping']) retrieved from /home/ubuntu/airflow_venv/lib/python3.10/site-packages/airflow/example_dags/example_dynamic_task_mapping.py
[2023-09-27T18:04:24.795+0000] {logging_mixin.py:151} INFO - [2023-09-27T18:04:24.794+0000] {dag.py:2915} INFO - Sync 1 DAGs
[2023-09-27T18:04:24.815+0000] {logging_mixin.py:151} INFO - [2023-09-27T18:04:24.814+0000] {dag.py:3696} INFO - Setting next_dagrun for example_dynamic_task_mapping to 2022-03-04T00:00:00+00:00, run_after=2022-03-05T00:00:00+00:00
[2023-09-27T18:04:24.836+0000] {processor.py:179} INFO - Processing /home/ubuntu/airflow_venv/lib/python3.10/site-packages/airflow/example_dags/example_dynamic_task_mapping.py took 0.075 seconds
[2023-09-27T18:05:12.646+0000] {processor.py:157} INFO - Started process (PID=11397) to work on /home/ubuntu/airflow_venv/lib/python3.10/site-packages/airflow/example_dags/example_dynamic_task_mapping.py
[2023-09-27T18:05:12.648+0000] {processor.py:829} INFO - Processing file /home/ubuntu/airflow_venv/lib/python3.10/site-packages/airflow/example_dags/example_dynamic_task_mapping.py for tasks to queue
[2023-09-27T18:05:12.649+0000] {logging_mixin.py:151} INFO - [2023-09-27T18:05:12.649+0000] {dagbag.py:539} INFO - Filling up the DagBag from /home/ubuntu/airflow_venv/lib/python3.10/site-packages/airflow/example_dags/example_dynamic_task_mapping.py
[2023-09-27T18:05:12.660+0000] {processor.py:839} INFO - DAG(s) dict_keys(['example_dynamic_task_mapping']) retrieved from /home/ubuntu/airflow_venv/lib/python3.10/site-packages/airflow/example_dags/example_dynamic_task_mapping.py
[2023-09-27T18:05:12.676+0000] {logging_mixin.py:151} INFO - [2023-09-27T18:05:12.676+0000] {dag.py:2915} INFO - Sync 1 DAGs
[2023-09-27T18:05:12.697+0000] {logging_mixin.py:151} INFO - [2023-09-27T18:05:12.696+0000] {dag.py:3696} INFO - Setting next_dagrun for example_dynamic_task_mapping to 2022-03-04T00:00:00+00:00, run_after=2022-03-05T00:00:00+00:00
[2023-09-27T18:05:12.716+0000] {processor.py:179} INFO - Processing /home/ubuntu/airflow_venv/lib/python3.10/site-packages/airflow/example_dags/example_dynamic_task_mapping.py took 0.074 seconds
[2023-09-27T18:06:00.830+0000] {processor.py:157} INFO - Started process (PID=11529) to work on /home/ubuntu/airflow_venv/lib/python3.10/site-packages/airflow/example_dags/example_dynamic_task_mapping.py
[2023-09-27T18:06:00.831+0000] {processor.py:829} INFO - Processing file /home/ubuntu/airflow_venv/lib/python3.10/site-packages/airflow/example_dags/example_dynamic_task_mapping.py for tasks to queue
[2023-09-27T18:06:00.833+0000] {logging_mixin.py:151} INFO - [2023-09-27T18:06:00.832+0000] {dagbag.py:539} INFO - Filling up the DagBag from /home/ubuntu/airflow_venv/lib/python3.10/site-packages/airflow/example_dags/example_dynamic_task_mapping.py
[2023-09-27T18:06:00.842+0000] {processor.py:839} INFO - DAG(s) dict_keys(['example_dynamic_task_mapping']) retrieved from /home/ubuntu/airflow_venv/lib/python3.10/site-packages/airflow/example_dags/example_dynamic_task_mapping.py
[2023-09-27T18:06:00.859+0000] {logging_mixin.py:151} INFO - [2023-09-27T18:06:00.859+0000] {dag.py:2915} INFO - Sync 1 DAGs
[2023-09-27T18:06:00.884+0000] {logging_mixin.py:151} INFO - [2023-09-27T18:06:00.884+0000] {dag.py:3696} INFO - Setting next_dagrun for example_dynamic_task_mapping to 2022-03-04T00:00:00+00:00, run_after=2022-03-05T00:00:00+00:00
[2023-09-27T18:06:00.907+0000] {processor.py:179} INFO - Processing /home/ubuntu/airflow_venv/lib/python3.10/site-packages/airflow/example_dags/example_dynamic_task_mapping.py took 0.082 seconds
[2023-09-27T18:06:51.553+0000] {processor.py:157} INFO - Started process (PID=11594) to work on /home/ubuntu/airflow_venv/lib/python3.10/site-packages/airflow/example_dags/example_dynamic_task_mapping.py
[2023-09-27T18:06:51.554+0000] {processor.py:829} INFO - Processing file /home/ubuntu/airflow_venv/lib/python3.10/site-packages/airflow/example_dags/example_dynamic_task_mapping.py for tasks to queue
[2023-09-27T18:06:51.555+0000] {logging_mixin.py:151} INFO - [2023-09-27T18:06:51.555+0000] {dagbag.py:539} INFO - Filling up the DagBag from /home/ubuntu/airflow_venv/lib/python3.10/site-packages/airflow/example_dags/example_dynamic_task_mapping.py
[2023-09-27T18:06:51.564+0000] {processor.py:839} INFO - DAG(s) dict_keys(['example_dynamic_task_mapping']) retrieved from /home/ubuntu/airflow_venv/lib/python3.10/site-packages/airflow/example_dags/example_dynamic_task_mapping.py
[2023-09-27T18:06:51.581+0000] {logging_mixin.py:151} INFO - [2023-09-27T18:06:51.581+0000] {dag.py:2915} INFO - Sync 1 DAGs
[2023-09-27T18:06:51.605+0000] {logging_mixin.py:151} INFO - [2023-09-27T18:06:51.605+0000] {dag.py:3696} INFO - Setting next_dagrun for example_dynamic_task_mapping to 2022-03-04T00:00:00+00:00, run_after=2022-03-05T00:00:00+00:00
[2023-09-27T18:06:51.633+0000] {processor.py:179} INFO - Processing /home/ubuntu/airflow_venv/lib/python3.10/site-packages/airflow/example_dags/example_dynamic_task_mapping.py took 0.084 seconds
[2023-09-27T18:07:43.699+0000] {processor.py:157} INFO - Started process (PID=11650) to work on /home/ubuntu/airflow_venv/lib/python3.10/site-packages/airflow/example_dags/example_dynamic_task_mapping.py
[2023-09-27T18:07:43.700+0000] {processor.py:829} INFO - Processing file /home/ubuntu/airflow_venv/lib/python3.10/site-packages/airflow/example_dags/example_dynamic_task_mapping.py for tasks to queue
[2023-09-27T18:07:43.702+0000] {logging_mixin.py:151} INFO - [2023-09-27T18:07:43.701+0000] {dagbag.py:539} INFO - Filling up the DagBag from /home/ubuntu/airflow_venv/lib/python3.10/site-packages/airflow/example_dags/example_dynamic_task_mapping.py
[2023-09-27T18:07:43.712+0000] {processor.py:839} INFO - DAG(s) dict_keys(['example_dynamic_task_mapping']) retrieved from /home/ubuntu/airflow_venv/lib/python3.10/site-packages/airflow/example_dags/example_dynamic_task_mapping.py
[2023-09-27T18:07:43.733+0000] {logging_mixin.py:151} INFO - [2023-09-27T18:07:43.733+0000] {dag.py:2915} INFO - Sync 1 DAGs
[2023-09-27T18:07:43.754+0000] {logging_mixin.py:151} INFO - [2023-09-27T18:07:43.754+0000] {dag.py:3696} INFO - Setting next_dagrun for example_dynamic_task_mapping to 2022-03-04T00:00:00+00:00, run_after=2022-03-05T00:00:00+00:00
[2023-09-27T18:07:43.778+0000] {processor.py:179} INFO - Processing /home/ubuntu/airflow_venv/lib/python3.10/site-packages/airflow/example_dags/example_dynamic_task_mapping.py took 0.084 seconds
[2023-09-27T18:08:36.906+0000] {processor.py:157} INFO - Started process (PID=11819) to work on /home/ubuntu/airflow_venv/lib/python3.10/site-packages/airflow/example_dags/example_dynamic_task_mapping.py
[2023-09-27T18:08:36.907+0000] {processor.py:829} INFO - Processing file /home/ubuntu/airflow_venv/lib/python3.10/site-packages/airflow/example_dags/example_dynamic_task_mapping.py for tasks to queue
[2023-09-27T18:08:36.908+0000] {logging_mixin.py:151} INFO - [2023-09-27T18:08:36.908+0000] {dagbag.py:539} INFO - Filling up the DagBag from /home/ubuntu/airflow_venv/lib/python3.10/site-packages/airflow/example_dags/example_dynamic_task_mapping.py
[2023-09-27T18:08:36.916+0000] {processor.py:839} INFO - DAG(s) dict_keys(['example_dynamic_task_mapping']) retrieved from /home/ubuntu/airflow_venv/lib/python3.10/site-packages/airflow/example_dags/example_dynamic_task_mapping.py
[2023-09-27T18:08:36.930+0000] {logging_mixin.py:151} INFO - [2023-09-27T18:08:36.930+0000] {dag.py:2915} INFO - Sync 1 DAGs
[2023-09-27T18:08:36.951+0000] {logging_mixin.py:151} INFO - [2023-09-27T18:08:36.951+0000] {dag.py:3696} INFO - Setting next_dagrun for example_dynamic_task_mapping to 2022-03-04T00:00:00+00:00, run_after=2022-03-05T00:00:00+00:00
[2023-09-27T18:08:36.978+0000] {processor.py:179} INFO - Processing /home/ubuntu/airflow_venv/lib/python3.10/site-packages/airflow/example_dags/example_dynamic_task_mapping.py took 0.075 seconds
