[2023-09-27T10:54:21.221+0000] {processor.py:157} INFO - Started process (PID=3953) to work on /usr/local/lib/python3.10/dist-packages/airflow/example_dags/example_params_ui_tutorial.py
[2023-09-27T10:54:21.223+0000] {processor.py:829} INFO - Processing file /usr/local/lib/python3.10/dist-packages/airflow/example_dags/example_params_ui_tutorial.py for tasks to queue
[2023-09-27T10:54:21.224+0000] {logging_mixin.py:151} INFO - [2023-09-27T10:54:21.223+0000] {dagbag.py:539} INFO - Filling up the DagBag from /usr/local/lib/python3.10/dist-packages/airflow/example_dags/example_params_ui_tutorial.py
[2023-09-27T10:54:21.277+0000] {processor.py:839} INFO - DAG(s) dict_keys(['example_params_ui_tutorial']) retrieved from /usr/local/lib/python3.10/dist-packages/airflow/example_dags/example_params_ui_tutorial.py
[2023-09-27T10:54:21.434+0000] {logging_mixin.py:151} INFO - [2023-09-27T10:54:21.433+0000] {manager.py:499} INFO - Created Permission View: %s
[2023-09-27T10:54:21.447+0000] {logging_mixin.py:151} INFO - [2023-09-27T10:54:21.447+0000] {manager.py:499} INFO - Created Permission View: %s
[2023-09-27T10:54:21.456+0000] {logging_mixin.py:151} INFO - [2023-09-27T10:54:21.456+0000] {manager.py:499} INFO - Created Permission View: %s
[2023-09-27T10:54:21.456+0000] {logging_mixin.py:151} INFO - [2023-09-27T10:54:21.456+0000] {security.py:708} INFO - Not syncing DAG-level permissions for DAG 'DAG:example_params_ui_tutorial' as access control is unset.
[2023-09-27T10:54:21.456+0000] {logging_mixin.py:151} INFO - [2023-09-27T10:54:21.456+0000] {dag.py:2915} INFO - Sync 1 DAGs
[2023-09-27T10:54:21.467+0000] {logging_mixin.py:151} INFO - [2023-09-27T10:54:21.467+0000] {dag.py:2937} INFO - Creating ORM DAG for example_params_ui_tutorial
[2023-09-27T10:54:21.467+0000] {logging_mixin.py:151} INFO - [2023-09-27T10:54:21.467+0000] {dag.py:3696} INFO - Setting next_dagrun for example_params_ui_tutorial to None, run_after=None
[2023-09-27T10:54:21.495+0000] {processor.py:179} INFO - Processing /usr/local/lib/python3.10/dist-packages/airflow/example_dags/example_params_ui_tutorial.py took 0.277 seconds
[2023-09-27T10:55:10.156+0000] {processor.py:157} INFO - Started process (PID=4001) to work on /usr/local/lib/python3.10/dist-packages/airflow/example_dags/example_params_ui_tutorial.py
[2023-09-27T10:55:10.158+0000] {processor.py:829} INFO - Processing file /usr/local/lib/python3.10/dist-packages/airflow/example_dags/example_params_ui_tutorial.py for tasks to queue
[2023-09-27T10:55:10.158+0000] {logging_mixin.py:151} INFO - [2023-09-27T10:55:10.158+0000] {dagbag.py:539} INFO - Filling up the DagBag from /usr/local/lib/python3.10/dist-packages/airflow/example_dags/example_params_ui_tutorial.py
[2023-09-27T10:55:10.192+0000] {processor.py:839} INFO - DAG(s) dict_keys(['example_params_ui_tutorial']) retrieved from /usr/local/lib/python3.10/dist-packages/airflow/example_dags/example_params_ui_tutorial.py
[2023-09-27T10:55:10.254+0000] {logging_mixin.py:151} INFO - [2023-09-27T10:55:10.254+0000] {dag.py:2915} INFO - Sync 1 DAGs
[2023-09-27T10:55:10.266+0000] {logging_mixin.py:151} INFO - [2023-09-27T10:55:10.266+0000] {dag.py:3696} INFO - Setting next_dagrun for example_params_ui_tutorial to None, run_after=None
[2023-09-27T10:55:10.299+0000] {processor.py:179} INFO - Processing /usr/local/lib/python3.10/dist-packages/airflow/example_dags/example_params_ui_tutorial.py took 0.147 seconds
[2023-09-27T10:55:54.717+0000] {processor.py:157} INFO - Started process (PID=4048) to work on /usr/local/lib/python3.10/dist-packages/airflow/example_dags/example_params_ui_tutorial.py
[2023-09-27T10:55:54.718+0000] {processor.py:829} INFO - Processing file /usr/local/lib/python3.10/dist-packages/airflow/example_dags/example_params_ui_tutorial.py for tasks to queue
[2023-09-27T10:55:54.719+0000] {logging_mixin.py:151} INFO - [2023-09-27T10:55:54.719+0000] {dagbag.py:539} INFO - Filling up the DagBag from /usr/local/lib/python3.10/dist-packages/airflow/example_dags/example_params_ui_tutorial.py
[2023-09-27T10:55:54.748+0000] {processor.py:839} INFO - DAG(s) dict_keys(['example_params_ui_tutorial']) retrieved from /usr/local/lib/python3.10/dist-packages/airflow/example_dags/example_params_ui_tutorial.py
[2023-09-27T10:55:54.792+0000] {logging_mixin.py:151} INFO - [2023-09-27T10:55:54.792+0000] {dag.py:2915} INFO - Sync 1 DAGs
[2023-09-27T10:55:54.804+0000] {logging_mixin.py:151} INFO - [2023-09-27T10:55:54.804+0000] {dag.py:3696} INFO - Setting next_dagrun for example_params_ui_tutorial to None, run_after=None
[2023-09-27T10:55:54.826+0000] {processor.py:179} INFO - Processing /usr/local/lib/python3.10/dist-packages/airflow/example_dags/example_params_ui_tutorial.py took 0.112 seconds
[2023-09-27T10:57:18.856+0000] {processor.py:157} INFO - Started process (PID=4119) to work on /usr/local/lib/python3.10/dist-packages/airflow/example_dags/example_params_ui_tutorial.py
[2023-09-27T10:57:18.858+0000] {processor.py:829} INFO - Processing file /usr/local/lib/python3.10/dist-packages/airflow/example_dags/example_params_ui_tutorial.py for tasks to queue
[2023-09-27T10:57:18.859+0000] {logging_mixin.py:151} INFO - [2023-09-27T10:57:18.858+0000] {dagbag.py:539} INFO - Filling up the DagBag from /usr/local/lib/python3.10/dist-packages/airflow/example_dags/example_params_ui_tutorial.py
[2023-09-27T10:57:18.905+0000] {processor.py:839} INFO - DAG(s) dict_keys(['example_params_ui_tutorial']) retrieved from /usr/local/lib/python3.10/dist-packages/airflow/example_dags/example_params_ui_tutorial.py
[2023-09-27T10:57:18.955+0000] {logging_mixin.py:151} INFO - [2023-09-27T10:57:18.955+0000] {dag.py:2915} INFO - Sync 1 DAGs
[2023-09-27T10:57:18.968+0000] {logging_mixin.py:151} INFO - [2023-09-27T10:57:18.968+0000] {dag.py:3696} INFO - Setting next_dagrun for example_params_ui_tutorial to None, run_after=None
[2023-09-27T10:57:18.994+0000] {processor.py:179} INFO - Processing /usr/local/lib/python3.10/dist-packages/airflow/example_dags/example_params_ui_tutorial.py took 0.141 seconds
[2023-09-27T10:58:05.398+0000] {processor.py:157} INFO - Started process (PID=4167) to work on /usr/local/lib/python3.10/dist-packages/airflow/example_dags/example_params_ui_tutorial.py
[2023-09-27T10:58:05.400+0000] {processor.py:829} INFO - Processing file /usr/local/lib/python3.10/dist-packages/airflow/example_dags/example_params_ui_tutorial.py for tasks to queue
[2023-09-27T10:58:05.401+0000] {logging_mixin.py:151} INFO - [2023-09-27T10:58:05.400+0000] {dagbag.py:539} INFO - Filling up the DagBag from /usr/local/lib/python3.10/dist-packages/airflow/example_dags/example_params_ui_tutorial.py
[2023-09-27T10:58:05.434+0000] {processor.py:839} INFO - DAG(s) dict_keys(['example_params_ui_tutorial']) retrieved from /usr/local/lib/python3.10/dist-packages/airflow/example_dags/example_params_ui_tutorial.py
[2023-09-27T10:58:05.482+0000] {logging_mixin.py:151} INFO - [2023-09-27T10:58:05.481+0000] {dag.py:2915} INFO - Sync 1 DAGs
[2023-09-27T10:58:05.493+0000] {logging_mixin.py:151} INFO - [2023-09-27T10:58:05.493+0000] {dag.py:3696} INFO - Setting next_dagrun for example_params_ui_tutorial to None, run_after=None
[2023-09-27T10:58:05.522+0000] {processor.py:179} INFO - Processing /usr/local/lib/python3.10/dist-packages/airflow/example_dags/example_params_ui_tutorial.py took 0.129 seconds
[2023-09-27T10:58:54.583+0000] {processor.py:157} INFO - Started process (PID=4220) to work on /usr/local/lib/python3.10/dist-packages/airflow/example_dags/example_params_ui_tutorial.py
[2023-09-27T10:58:54.584+0000] {processor.py:829} INFO - Processing file /usr/local/lib/python3.10/dist-packages/airflow/example_dags/example_params_ui_tutorial.py for tasks to queue
[2023-09-27T10:58:54.584+0000] {logging_mixin.py:151} INFO - [2023-09-27T10:58:54.584+0000] {dagbag.py:539} INFO - Filling up the DagBag from /usr/local/lib/python3.10/dist-packages/airflow/example_dags/example_params_ui_tutorial.py
[2023-09-27T10:58:54.612+0000] {processor.py:839} INFO - DAG(s) dict_keys(['example_params_ui_tutorial']) retrieved from /usr/local/lib/python3.10/dist-packages/airflow/example_dags/example_params_ui_tutorial.py
[2023-09-27T10:58:54.656+0000] {logging_mixin.py:151} INFO - [2023-09-27T10:58:54.655+0000] {dag.py:2915} INFO - Sync 1 DAGs
[2023-09-27T10:58:54.666+0000] {logging_mixin.py:151} INFO - [2023-09-27T10:58:54.666+0000] {dag.py:3696} INFO - Setting next_dagrun for example_params_ui_tutorial to None, run_after=None
[2023-09-27T10:58:54.687+0000] {processor.py:179} INFO - Processing /usr/local/lib/python3.10/dist-packages/airflow/example_dags/example_params_ui_tutorial.py took 0.108 seconds
[2023-09-27T10:59:42.510+0000] {processor.py:157} INFO - Started process (PID=4270) to work on /usr/local/lib/python3.10/dist-packages/airflow/example_dags/example_params_ui_tutorial.py
[2023-09-27T10:59:42.513+0000] {processor.py:829} INFO - Processing file /usr/local/lib/python3.10/dist-packages/airflow/example_dags/example_params_ui_tutorial.py for tasks to queue
[2023-09-27T10:59:42.514+0000] {logging_mixin.py:151} INFO - [2023-09-27T10:59:42.514+0000] {dagbag.py:539} INFO - Filling up the DagBag from /usr/local/lib/python3.10/dist-packages/airflow/example_dags/example_params_ui_tutorial.py
[2023-09-27T10:59:42.549+0000] {processor.py:839} INFO - DAG(s) dict_keys(['example_params_ui_tutorial']) retrieved from /usr/local/lib/python3.10/dist-packages/airflow/example_dags/example_params_ui_tutorial.py
[2023-09-27T10:59:42.608+0000] {logging_mixin.py:151} INFO - [2023-09-27T10:59:42.608+0000] {dag.py:2915} INFO - Sync 1 DAGs
[2023-09-27T10:59:42.623+0000] {logging_mixin.py:151} INFO - [2023-09-27T10:59:42.623+0000] {dag.py:3696} INFO - Setting next_dagrun for example_params_ui_tutorial to None, run_after=None
[2023-09-27T10:59:42.646+0000] {processor.py:179} INFO - Processing /usr/local/lib/python3.10/dist-packages/airflow/example_dags/example_params_ui_tutorial.py took 0.139 seconds
[2023-09-27T11:00:31.783+0000] {processor.py:157} INFO - Started process (PID=4322) to work on /usr/local/lib/python3.10/dist-packages/airflow/example_dags/example_params_ui_tutorial.py
[2023-09-27T11:00:31.784+0000] {processor.py:829} INFO - Processing file /usr/local/lib/python3.10/dist-packages/airflow/example_dags/example_params_ui_tutorial.py for tasks to queue
[2023-09-27T11:00:31.785+0000] {logging_mixin.py:151} INFO - [2023-09-27T11:00:31.784+0000] {dagbag.py:539} INFO - Filling up the DagBag from /usr/local/lib/python3.10/dist-packages/airflow/example_dags/example_params_ui_tutorial.py
[2023-09-27T11:00:31.816+0000] {processor.py:839} INFO - DAG(s) dict_keys(['example_params_ui_tutorial']) retrieved from /usr/local/lib/python3.10/dist-packages/airflow/example_dags/example_params_ui_tutorial.py
[2023-09-27T11:00:31.862+0000] {logging_mixin.py:151} INFO - [2023-09-27T11:00:31.861+0000] {dag.py:2915} INFO - Sync 1 DAGs
[2023-09-27T11:00:31.872+0000] {logging_mixin.py:151} INFO - [2023-09-27T11:00:31.872+0000] {dag.py:3696} INFO - Setting next_dagrun for example_params_ui_tutorial to None, run_after=None
[2023-09-27T11:00:31.908+0000] {processor.py:179} INFO - Processing /usr/local/lib/python3.10/dist-packages/airflow/example_dags/example_params_ui_tutorial.py took 0.129 seconds
[2023-09-27T11:01:17.347+0000] {processor.py:157} INFO - Started process (PID=4370) to work on /usr/local/lib/python3.10/dist-packages/airflow/example_dags/example_params_ui_tutorial.py
[2023-09-27T11:01:17.348+0000] {processor.py:829} INFO - Processing file /usr/local/lib/python3.10/dist-packages/airflow/example_dags/example_params_ui_tutorial.py for tasks to queue
[2023-09-27T11:01:17.349+0000] {logging_mixin.py:151} INFO - [2023-09-27T11:01:17.349+0000] {dagbag.py:539} INFO - Filling up the DagBag from /usr/local/lib/python3.10/dist-packages/airflow/example_dags/example_params_ui_tutorial.py
[2023-09-27T11:01:17.380+0000] {processor.py:839} INFO - DAG(s) dict_keys(['example_params_ui_tutorial']) retrieved from /usr/local/lib/python3.10/dist-packages/airflow/example_dags/example_params_ui_tutorial.py
[2023-09-27T11:01:17.421+0000] {logging_mixin.py:151} INFO - [2023-09-27T11:01:17.421+0000] {dag.py:2915} INFO - Sync 1 DAGs
[2023-09-27T11:01:17.431+0000] {logging_mixin.py:151} INFO - [2023-09-27T11:01:17.431+0000] {dag.py:3696} INFO - Setting next_dagrun for example_params_ui_tutorial to None, run_after=None
[2023-09-27T11:01:17.453+0000] {processor.py:179} INFO - Processing /usr/local/lib/python3.10/dist-packages/airflow/example_dags/example_params_ui_tutorial.py took 0.114 seconds
[2023-09-27T11:02:01.151+0000] {processor.py:157} INFO - Started process (PID=4417) to work on /usr/local/lib/python3.10/dist-packages/airflow/example_dags/example_params_ui_tutorial.py
[2023-09-27T11:02:01.162+0000] {processor.py:829} INFO - Processing file /usr/local/lib/python3.10/dist-packages/airflow/example_dags/example_params_ui_tutorial.py for tasks to queue
[2023-09-27T11:02:01.164+0000] {logging_mixin.py:151} INFO - [2023-09-27T11:02:01.163+0000] {dagbag.py:539} INFO - Filling up the DagBag from /usr/local/lib/python3.10/dist-packages/airflow/example_dags/example_params_ui_tutorial.py
[2023-09-27T11:02:01.207+0000] {processor.py:839} INFO - DAG(s) dict_keys(['example_params_ui_tutorial']) retrieved from /usr/local/lib/python3.10/dist-packages/airflow/example_dags/example_params_ui_tutorial.py
[2023-09-27T11:02:01.289+0000] {logging_mixin.py:151} INFO - [2023-09-27T11:02:01.289+0000] {dag.py:2915} INFO - Sync 1 DAGs
[2023-09-27T11:02:01.301+0000] {logging_mixin.py:151} INFO - [2023-09-27T11:02:01.300+0000] {dag.py:3696} INFO - Setting next_dagrun for example_params_ui_tutorial to None, run_after=None
[2023-09-27T11:02:01.363+0000] {processor.py:179} INFO - Processing /usr/local/lib/python3.10/dist-packages/airflow/example_dags/example_params_ui_tutorial.py took 0.217 seconds
[2023-09-27T11:02:51.782+0000] {processor.py:157} INFO - Started process (PID=4468) to work on /usr/local/lib/python3.10/dist-packages/airflow/example_dags/example_params_ui_tutorial.py
[2023-09-27T11:02:51.783+0000] {processor.py:829} INFO - Processing file /usr/local/lib/python3.10/dist-packages/airflow/example_dags/example_params_ui_tutorial.py for tasks to queue
[2023-09-27T11:02:51.784+0000] {logging_mixin.py:151} INFO - [2023-09-27T11:02:51.784+0000] {dagbag.py:539} INFO - Filling up the DagBag from /usr/local/lib/python3.10/dist-packages/airflow/example_dags/example_params_ui_tutorial.py
[2023-09-27T11:02:51.811+0000] {processor.py:839} INFO - DAG(s) dict_keys(['example_params_ui_tutorial']) retrieved from /usr/local/lib/python3.10/dist-packages/airflow/example_dags/example_params_ui_tutorial.py
[2023-09-27T11:02:51.855+0000] {logging_mixin.py:151} INFO - [2023-09-27T11:02:51.855+0000] {dag.py:2915} INFO - Sync 1 DAGs
[2023-09-27T11:02:51.867+0000] {logging_mixin.py:151} INFO - [2023-09-27T11:02:51.866+0000] {dag.py:3696} INFO - Setting next_dagrun for example_params_ui_tutorial to None, run_after=None
[2023-09-27T11:02:51.887+0000] {processor.py:179} INFO - Processing /usr/local/lib/python3.10/dist-packages/airflow/example_dags/example_params_ui_tutorial.py took 0.108 seconds
[2023-09-27T11:03:42.235+0000] {processor.py:157} INFO - Started process (PID=4521) to work on /usr/local/lib/python3.10/dist-packages/airflow/example_dags/example_params_ui_tutorial.py
[2023-09-27T11:03:42.241+0000] {processor.py:829} INFO - Processing file /usr/local/lib/python3.10/dist-packages/airflow/example_dags/example_params_ui_tutorial.py for tasks to queue
[2023-09-27T11:03:42.243+0000] {logging_mixin.py:151} INFO - [2023-09-27T11:03:42.242+0000] {dagbag.py:539} INFO - Filling up the DagBag from /usr/local/lib/python3.10/dist-packages/airflow/example_dags/example_params_ui_tutorial.py
[2023-09-27T11:03:42.293+0000] {processor.py:839} INFO - DAG(s) dict_keys(['example_params_ui_tutorial']) retrieved from /usr/local/lib/python3.10/dist-packages/airflow/example_dags/example_params_ui_tutorial.py
[2023-09-27T11:03:42.349+0000] {logging_mixin.py:151} INFO - [2023-09-27T11:03:42.349+0000] {dag.py:2915} INFO - Sync 1 DAGs
[2023-09-27T11:03:42.371+0000] {logging_mixin.py:151} INFO - [2023-09-27T11:03:42.371+0000] {dag.py:3696} INFO - Setting next_dagrun for example_params_ui_tutorial to None, run_after=None
[2023-09-27T11:03:42.403+0000] {processor.py:179} INFO - Processing /usr/local/lib/python3.10/dist-packages/airflow/example_dags/example_params_ui_tutorial.py took 0.174 seconds
[2023-09-27T11:04:33.662+0000] {processor.py:157} INFO - Started process (PID=4573) to work on /usr/local/lib/python3.10/dist-packages/airflow/example_dags/example_params_ui_tutorial.py
[2023-09-27T11:04:33.664+0000] {processor.py:829} INFO - Processing file /usr/local/lib/python3.10/dist-packages/airflow/example_dags/example_params_ui_tutorial.py for tasks to queue
[2023-09-27T11:04:33.664+0000] {logging_mixin.py:151} INFO - [2023-09-27T11:04:33.664+0000] {dagbag.py:539} INFO - Filling up the DagBag from /usr/local/lib/python3.10/dist-packages/airflow/example_dags/example_params_ui_tutorial.py
[2023-09-27T11:04:33.700+0000] {processor.py:839} INFO - DAG(s) dict_keys(['example_params_ui_tutorial']) retrieved from /usr/local/lib/python3.10/dist-packages/airflow/example_dags/example_params_ui_tutorial.py
[2023-09-27T11:04:33.768+0000] {logging_mixin.py:151} INFO - [2023-09-27T11:04:33.768+0000] {dag.py:2915} INFO - Sync 1 DAGs
[2023-09-27T11:04:33.779+0000] {logging_mixin.py:151} INFO - [2023-09-27T11:04:33.779+0000] {dag.py:3696} INFO - Setting next_dagrun for example_params_ui_tutorial to None, run_after=None
[2023-09-27T11:04:33.805+0000] {processor.py:179} INFO - Processing /usr/local/lib/python3.10/dist-packages/airflow/example_dags/example_params_ui_tutorial.py took 0.146 seconds
[2023-09-27T11:05:23.786+0000] {processor.py:157} INFO - Started process (PID=4626) to work on /usr/local/lib/python3.10/dist-packages/airflow/example_dags/example_params_ui_tutorial.py
[2023-09-27T11:05:23.788+0000] {processor.py:829} INFO - Processing file /usr/local/lib/python3.10/dist-packages/airflow/example_dags/example_params_ui_tutorial.py for tasks to queue
[2023-09-27T11:05:23.789+0000] {logging_mixin.py:151} INFO - [2023-09-27T11:05:23.789+0000] {dagbag.py:539} INFO - Filling up the DagBag from /usr/local/lib/python3.10/dist-packages/airflow/example_dags/example_params_ui_tutorial.py
[2023-09-27T11:05:23.844+0000] {processor.py:839} INFO - DAG(s) dict_keys(['example_params_ui_tutorial']) retrieved from /usr/local/lib/python3.10/dist-packages/airflow/example_dags/example_params_ui_tutorial.py
[2023-09-27T11:05:23.905+0000] {logging_mixin.py:151} INFO - [2023-09-27T11:05:23.904+0000] {dag.py:2915} INFO - Sync 1 DAGs
[2023-09-27T11:05:23.920+0000] {logging_mixin.py:151} INFO - [2023-09-27T11:05:23.920+0000] {dag.py:3696} INFO - Setting next_dagrun for example_params_ui_tutorial to None, run_after=None
[2023-09-27T11:05:23.943+0000] {processor.py:179} INFO - Processing /usr/local/lib/python3.10/dist-packages/airflow/example_dags/example_params_ui_tutorial.py took 0.162 seconds
[2023-09-27T11:06:17.929+0000] {processor.py:157} INFO - Started process (PID=4687) to work on /usr/local/lib/python3.10/dist-packages/airflow/example_dags/example_params_ui_tutorial.py
[2023-09-27T11:06:17.930+0000] {processor.py:829} INFO - Processing file /usr/local/lib/python3.10/dist-packages/airflow/example_dags/example_params_ui_tutorial.py for tasks to queue
[2023-09-27T11:06:17.931+0000] {logging_mixin.py:151} INFO - [2023-09-27T11:06:17.931+0000] {dagbag.py:539} INFO - Filling up the DagBag from /usr/local/lib/python3.10/dist-packages/airflow/example_dags/example_params_ui_tutorial.py
[2023-09-27T11:06:17.963+0000] {processor.py:839} INFO - DAG(s) dict_keys(['example_params_ui_tutorial']) retrieved from /usr/local/lib/python3.10/dist-packages/airflow/example_dags/example_params_ui_tutorial.py
[2023-09-27T11:06:18.006+0000] {logging_mixin.py:151} INFO - [2023-09-27T11:06:18.005+0000] {dag.py:2915} INFO - Sync 1 DAGs
[2023-09-27T11:06:18.017+0000] {logging_mixin.py:151} INFO - [2023-09-27T11:06:18.017+0000] {dag.py:3696} INFO - Setting next_dagrun for example_params_ui_tutorial to None, run_after=None
[2023-09-27T11:06:18.042+0000] {processor.py:179} INFO - Processing /usr/local/lib/python3.10/dist-packages/airflow/example_dags/example_params_ui_tutorial.py took 0.116 seconds
[2023-09-27T11:07:08.368+0000] {processor.py:157} INFO - Started process (PID=4741) to work on /usr/local/lib/python3.10/dist-packages/airflow/example_dags/example_params_ui_tutorial.py
[2023-09-27T11:07:08.370+0000] {processor.py:829} INFO - Processing file /usr/local/lib/python3.10/dist-packages/airflow/example_dags/example_params_ui_tutorial.py for tasks to queue
[2023-09-27T11:07:08.371+0000] {logging_mixin.py:151} INFO - [2023-09-27T11:07:08.371+0000] {dagbag.py:539} INFO - Filling up the DagBag from /usr/local/lib/python3.10/dist-packages/airflow/example_dags/example_params_ui_tutorial.py
[2023-09-27T11:07:08.423+0000] {processor.py:839} INFO - DAG(s) dict_keys(['example_params_ui_tutorial']) retrieved from /usr/local/lib/python3.10/dist-packages/airflow/example_dags/example_params_ui_tutorial.py
[2023-09-27T11:07:08.508+0000] {logging_mixin.py:151} INFO - [2023-09-27T11:07:08.508+0000] {dag.py:2915} INFO - Sync 1 DAGs
[2023-09-27T11:07:08.521+0000] {logging_mixin.py:151} INFO - [2023-09-27T11:07:08.520+0000] {dag.py:3696} INFO - Setting next_dagrun for example_params_ui_tutorial to None, run_after=None
[2023-09-27T11:07:08.543+0000] {processor.py:179} INFO - Processing /usr/local/lib/python3.10/dist-packages/airflow/example_dags/example_params_ui_tutorial.py took 0.181 seconds
[2023-09-27T11:07:58.847+0000] {processor.py:157} INFO - Started process (PID=4792) to work on /usr/local/lib/python3.10/dist-packages/airflow/example_dags/example_params_ui_tutorial.py
[2023-09-27T11:07:58.848+0000] {processor.py:829} INFO - Processing file /usr/local/lib/python3.10/dist-packages/airflow/example_dags/example_params_ui_tutorial.py for tasks to queue
[2023-09-27T11:07:58.849+0000] {logging_mixin.py:151} INFO - [2023-09-27T11:07:58.849+0000] {dagbag.py:539} INFO - Filling up the DagBag from /usr/local/lib/python3.10/dist-packages/airflow/example_dags/example_params_ui_tutorial.py
[2023-09-27T11:07:58.877+0000] {processor.py:839} INFO - DAG(s) dict_keys(['example_params_ui_tutorial']) retrieved from /usr/local/lib/python3.10/dist-packages/airflow/example_dags/example_params_ui_tutorial.py
[2023-09-27T11:07:58.922+0000] {logging_mixin.py:151} INFO - [2023-09-27T11:07:58.922+0000] {dag.py:2915} INFO - Sync 1 DAGs
[2023-09-27T11:07:58.935+0000] {logging_mixin.py:151} INFO - [2023-09-27T11:07:58.935+0000] {dag.py:3696} INFO - Setting next_dagrun for example_params_ui_tutorial to None, run_after=None
[2023-09-27T11:07:58.955+0000] {processor.py:179} INFO - Processing /usr/local/lib/python3.10/dist-packages/airflow/example_dags/example_params_ui_tutorial.py took 0.111 seconds
[2023-09-27T11:08:53.110+0000] {processor.py:157} INFO - Started process (PID=4846) to work on /usr/local/lib/python3.10/dist-packages/airflow/example_dags/example_params_ui_tutorial.py
[2023-09-27T11:08:53.111+0000] {processor.py:829} INFO - Processing file /usr/local/lib/python3.10/dist-packages/airflow/example_dags/example_params_ui_tutorial.py for tasks to queue
[2023-09-27T11:08:53.112+0000] {logging_mixin.py:151} INFO - [2023-09-27T11:08:53.111+0000] {dagbag.py:539} INFO - Filling up the DagBag from /usr/local/lib/python3.10/dist-packages/airflow/example_dags/example_params_ui_tutorial.py
[2023-09-27T11:08:53.142+0000] {processor.py:839} INFO - DAG(s) dict_keys(['example_params_ui_tutorial']) retrieved from /usr/local/lib/python3.10/dist-packages/airflow/example_dags/example_params_ui_tutorial.py
[2023-09-27T11:08:53.189+0000] {logging_mixin.py:151} INFO - [2023-09-27T11:08:53.189+0000] {dag.py:2915} INFO - Sync 1 DAGs
[2023-09-27T11:08:53.201+0000] {logging_mixin.py:151} INFO - [2023-09-27T11:08:53.201+0000] {dag.py:3696} INFO - Setting next_dagrun for example_params_ui_tutorial to None, run_after=None
[2023-09-27T11:08:53.221+0000] {processor.py:179} INFO - Processing /usr/local/lib/python3.10/dist-packages/airflow/example_dags/example_params_ui_tutorial.py took 0.115 seconds
[2023-09-27T11:09:38.560+0000] {processor.py:157} INFO - Started process (PID=4896) to work on /usr/local/lib/python3.10/dist-packages/airflow/example_dags/example_params_ui_tutorial.py
[2023-09-27T11:09:38.561+0000] {processor.py:829} INFO - Processing file /usr/local/lib/python3.10/dist-packages/airflow/example_dags/example_params_ui_tutorial.py for tasks to queue
[2023-09-27T11:09:38.562+0000] {logging_mixin.py:151} INFO - [2023-09-27T11:09:38.562+0000] {dagbag.py:539} INFO - Filling up the DagBag from /usr/local/lib/python3.10/dist-packages/airflow/example_dags/example_params_ui_tutorial.py
[2023-09-27T11:09:38.591+0000] {processor.py:839} INFO - DAG(s) dict_keys(['example_params_ui_tutorial']) retrieved from /usr/local/lib/python3.10/dist-packages/airflow/example_dags/example_params_ui_tutorial.py
[2023-09-27T11:09:38.630+0000] {logging_mixin.py:151} INFO - [2023-09-27T11:09:38.630+0000] {dag.py:2915} INFO - Sync 1 DAGs
[2023-09-27T11:09:38.643+0000] {logging_mixin.py:151} INFO - [2023-09-27T11:09:38.642+0000] {dag.py:3696} INFO - Setting next_dagrun for example_params_ui_tutorial to None, run_after=None
[2023-09-27T11:09:38.671+0000] {processor.py:179} INFO - Processing /usr/local/lib/python3.10/dist-packages/airflow/example_dags/example_params_ui_tutorial.py took 0.113 seconds
[2023-09-27T11:10:26.940+0000] {processor.py:157} INFO - Started process (PID=4946) to work on /usr/local/lib/python3.10/dist-packages/airflow/example_dags/example_params_ui_tutorial.py
[2023-09-27T11:10:26.942+0000] {processor.py:829} INFO - Processing file /usr/local/lib/python3.10/dist-packages/airflow/example_dags/example_params_ui_tutorial.py for tasks to queue
[2023-09-27T11:10:26.942+0000] {logging_mixin.py:151} INFO - [2023-09-27T11:10:26.942+0000] {dagbag.py:539} INFO - Filling up the DagBag from /usr/local/lib/python3.10/dist-packages/airflow/example_dags/example_params_ui_tutorial.py
[2023-09-27T11:10:26.978+0000] {processor.py:839} INFO - DAG(s) dict_keys(['example_params_ui_tutorial']) retrieved from /usr/local/lib/python3.10/dist-packages/airflow/example_dags/example_params_ui_tutorial.py
[2023-09-27T11:10:27.022+0000] {logging_mixin.py:151} INFO - [2023-09-27T11:10:27.022+0000] {dag.py:2915} INFO - Sync 1 DAGs
[2023-09-27T11:10:27.033+0000] {logging_mixin.py:151} INFO - [2023-09-27T11:10:27.033+0000] {dag.py:3696} INFO - Setting next_dagrun for example_params_ui_tutorial to None, run_after=None
[2023-09-27T11:10:27.063+0000] {processor.py:179} INFO - Processing /usr/local/lib/python3.10/dist-packages/airflow/example_dags/example_params_ui_tutorial.py took 0.128 seconds
[2023-09-27T11:11:15.384+0000] {processor.py:157} INFO - Started process (PID=4999) to work on /usr/local/lib/python3.10/dist-packages/airflow/example_dags/example_params_ui_tutorial.py
[2023-09-27T11:11:15.385+0000] {processor.py:829} INFO - Processing file /usr/local/lib/python3.10/dist-packages/airflow/example_dags/example_params_ui_tutorial.py for tasks to queue
[2023-09-27T11:11:15.386+0000] {logging_mixin.py:151} INFO - [2023-09-27T11:11:15.386+0000] {dagbag.py:539} INFO - Filling up the DagBag from /usr/local/lib/python3.10/dist-packages/airflow/example_dags/example_params_ui_tutorial.py
[2023-09-27T11:11:15.415+0000] {processor.py:839} INFO - DAG(s) dict_keys(['example_params_ui_tutorial']) retrieved from /usr/local/lib/python3.10/dist-packages/airflow/example_dags/example_params_ui_tutorial.py
[2023-09-27T11:11:15.456+0000] {logging_mixin.py:151} INFO - [2023-09-27T11:11:15.456+0000] {dag.py:2915} INFO - Sync 1 DAGs
[2023-09-27T11:11:15.467+0000] {logging_mixin.py:151} INFO - [2023-09-27T11:11:15.466+0000] {dag.py:3696} INFO - Setting next_dagrun for example_params_ui_tutorial to None, run_after=None
[2023-09-27T11:11:15.489+0000] {processor.py:179} INFO - Processing /usr/local/lib/python3.10/dist-packages/airflow/example_dags/example_params_ui_tutorial.py took 0.109 seconds
[2023-09-27T11:12:05.484+0000] {processor.py:157} INFO - Started process (PID=5051) to work on /usr/local/lib/python3.10/dist-packages/airflow/example_dags/example_params_ui_tutorial.py
[2023-09-27T11:12:05.485+0000] {processor.py:829} INFO - Processing file /usr/local/lib/python3.10/dist-packages/airflow/example_dags/example_params_ui_tutorial.py for tasks to queue
[2023-09-27T11:12:05.486+0000] {logging_mixin.py:151} INFO - [2023-09-27T11:12:05.485+0000] {dagbag.py:539} INFO - Filling up the DagBag from /usr/local/lib/python3.10/dist-packages/airflow/example_dags/example_params_ui_tutorial.py
[2023-09-27T11:12:05.514+0000] {processor.py:839} INFO - DAG(s) dict_keys(['example_params_ui_tutorial']) retrieved from /usr/local/lib/python3.10/dist-packages/airflow/example_dags/example_params_ui_tutorial.py
[2023-09-27T11:12:05.557+0000] {logging_mixin.py:151} INFO - [2023-09-27T11:12:05.557+0000] {dag.py:2915} INFO - Sync 1 DAGs
[2023-09-27T11:12:05.567+0000] {logging_mixin.py:151} INFO - [2023-09-27T11:12:05.567+0000] {dag.py:3696} INFO - Setting next_dagrun for example_params_ui_tutorial to None, run_after=None
[2023-09-27T11:12:05.589+0000] {processor.py:179} INFO - Processing /usr/local/lib/python3.10/dist-packages/airflow/example_dags/example_params_ui_tutorial.py took 0.108 seconds
[2023-09-27T11:12:52.998+0000] {processor.py:157} INFO - Started process (PID=5103) to work on /usr/local/lib/python3.10/dist-packages/airflow/example_dags/example_params_ui_tutorial.py
[2023-09-27T11:12:52.999+0000] {processor.py:829} INFO - Processing file /usr/local/lib/python3.10/dist-packages/airflow/example_dags/example_params_ui_tutorial.py for tasks to queue
[2023-09-27T11:12:53.007+0000] {logging_mixin.py:151} INFO - [2023-09-27T11:12:53.007+0000] {dagbag.py:539} INFO - Filling up the DagBag from /usr/local/lib/python3.10/dist-packages/airflow/example_dags/example_params_ui_tutorial.py
[2023-09-27T11:12:53.053+0000] {processor.py:839} INFO - DAG(s) dict_keys(['example_params_ui_tutorial']) retrieved from /usr/local/lib/python3.10/dist-packages/airflow/example_dags/example_params_ui_tutorial.py
[2023-09-27T11:12:53.123+0000] {logging_mixin.py:151} INFO - [2023-09-27T11:12:53.123+0000] {dag.py:2915} INFO - Sync 1 DAGs
[2023-09-27T11:12:53.136+0000] {logging_mixin.py:151} INFO - [2023-09-27T11:12:53.136+0000] {dag.py:3696} INFO - Setting next_dagrun for example_params_ui_tutorial to None, run_after=None
[2023-09-27T11:12:53.160+0000] {processor.py:179} INFO - Processing /usr/local/lib/python3.10/dist-packages/airflow/example_dags/example_params_ui_tutorial.py took 0.165 seconds
[2023-09-27T11:13:43.377+0000] {processor.py:157} INFO - Started process (PID=5157) to work on /usr/local/lib/python3.10/dist-packages/airflow/example_dags/example_params_ui_tutorial.py
[2023-09-27T11:13:43.378+0000] {processor.py:829} INFO - Processing file /usr/local/lib/python3.10/dist-packages/airflow/example_dags/example_params_ui_tutorial.py for tasks to queue
[2023-09-27T11:13:43.379+0000] {logging_mixin.py:151} INFO - [2023-09-27T11:13:43.379+0000] {dagbag.py:539} INFO - Filling up the DagBag from /usr/local/lib/python3.10/dist-packages/airflow/example_dags/example_params_ui_tutorial.py
[2023-09-27T11:13:43.410+0000] {processor.py:839} INFO - DAG(s) dict_keys(['example_params_ui_tutorial']) retrieved from /usr/local/lib/python3.10/dist-packages/airflow/example_dags/example_params_ui_tutorial.py
[2023-09-27T11:13:43.456+0000] {logging_mixin.py:151} INFO - [2023-09-27T11:13:43.456+0000] {dag.py:2915} INFO - Sync 1 DAGs
[2023-09-27T11:13:43.471+0000] {logging_mixin.py:151} INFO - [2023-09-27T11:13:43.470+0000] {dag.py:3696} INFO - Setting next_dagrun for example_params_ui_tutorial to None, run_after=None
[2023-09-27T11:13:43.493+0000] {processor.py:179} INFO - Processing /usr/local/lib/python3.10/dist-packages/airflow/example_dags/example_params_ui_tutorial.py took 0.120 seconds
[2023-09-27T11:14:33.047+0000] {processor.py:157} INFO - Started process (PID=5209) to work on /usr/local/lib/python3.10/dist-packages/airflow/example_dags/example_params_ui_tutorial.py
[2023-09-27T11:14:33.048+0000] {processor.py:829} INFO - Processing file /usr/local/lib/python3.10/dist-packages/airflow/example_dags/example_params_ui_tutorial.py for tasks to queue
[2023-09-27T11:14:33.051+0000] {logging_mixin.py:151} INFO - [2023-09-27T11:14:33.049+0000] {dagbag.py:539} INFO - Filling up the DagBag from /usr/local/lib/python3.10/dist-packages/airflow/example_dags/example_params_ui_tutorial.py
[2023-09-27T11:14:33.085+0000] {processor.py:839} INFO - DAG(s) dict_keys(['example_params_ui_tutorial']) retrieved from /usr/local/lib/python3.10/dist-packages/airflow/example_dags/example_params_ui_tutorial.py
[2023-09-27T11:14:33.157+0000] {logging_mixin.py:151} INFO - [2023-09-27T11:14:33.157+0000] {dag.py:2915} INFO - Sync 1 DAGs
[2023-09-27T11:14:33.172+0000] {logging_mixin.py:151} INFO - [2023-09-27T11:14:33.172+0000] {dag.py:3696} INFO - Setting next_dagrun for example_params_ui_tutorial to None, run_after=None
[2023-09-27T11:14:33.198+0000] {processor.py:179} INFO - Processing /usr/local/lib/python3.10/dist-packages/airflow/example_dags/example_params_ui_tutorial.py took 0.154 seconds
[2023-09-27T11:15:25.039+0000] {processor.py:157} INFO - Started process (PID=5262) to work on /usr/local/lib/python3.10/dist-packages/airflow/example_dags/example_params_ui_tutorial.py
[2023-09-27T11:15:25.040+0000] {processor.py:829} INFO - Processing file /usr/local/lib/python3.10/dist-packages/airflow/example_dags/example_params_ui_tutorial.py for tasks to queue
[2023-09-27T11:15:25.041+0000] {logging_mixin.py:151} INFO - [2023-09-27T11:15:25.041+0000] {dagbag.py:539} INFO - Filling up the DagBag from /usr/local/lib/python3.10/dist-packages/airflow/example_dags/example_params_ui_tutorial.py
[2023-09-27T11:15:25.071+0000] {processor.py:839} INFO - DAG(s) dict_keys(['example_params_ui_tutorial']) retrieved from /usr/local/lib/python3.10/dist-packages/airflow/example_dags/example_params_ui_tutorial.py
[2023-09-27T11:15:25.115+0000] {logging_mixin.py:151} INFO - [2023-09-27T11:15:25.115+0000] {dag.py:2915} INFO - Sync 1 DAGs
[2023-09-27T11:15:25.126+0000] {logging_mixin.py:151} INFO - [2023-09-27T11:15:25.126+0000] {dag.py:3696} INFO - Setting next_dagrun for example_params_ui_tutorial to None, run_after=None
[2023-09-27T11:15:25.149+0000] {processor.py:179} INFO - Processing /usr/local/lib/python3.10/dist-packages/airflow/example_dags/example_params_ui_tutorial.py took 0.113 seconds
[2023-09-27T11:16:15.738+0000] {processor.py:157} INFO - Started process (PID=5314) to work on /usr/local/lib/python3.10/dist-packages/airflow/example_dags/example_params_ui_tutorial.py
[2023-09-27T11:16:15.739+0000] {processor.py:829} INFO - Processing file /usr/local/lib/python3.10/dist-packages/airflow/example_dags/example_params_ui_tutorial.py for tasks to queue
[2023-09-27T11:16:15.740+0000] {logging_mixin.py:151} INFO - [2023-09-27T11:16:15.739+0000] {dagbag.py:539} INFO - Filling up the DagBag from /usr/local/lib/python3.10/dist-packages/airflow/example_dags/example_params_ui_tutorial.py
[2023-09-27T11:16:15.768+0000] {processor.py:839} INFO - DAG(s) dict_keys(['example_params_ui_tutorial']) retrieved from /usr/local/lib/python3.10/dist-packages/airflow/example_dags/example_params_ui_tutorial.py
[2023-09-27T11:16:15.819+0000] {logging_mixin.py:151} INFO - [2023-09-27T11:16:15.819+0000] {dag.py:2915} INFO - Sync 1 DAGs
[2023-09-27T11:16:15.833+0000] {logging_mixin.py:151} INFO - [2023-09-27T11:16:15.832+0000] {dag.py:3696} INFO - Setting next_dagrun for example_params_ui_tutorial to None, run_after=None
[2023-09-27T11:16:15.858+0000] {processor.py:179} INFO - Processing /usr/local/lib/python3.10/dist-packages/airflow/example_dags/example_params_ui_tutorial.py took 0.123 seconds
[2023-09-27T11:17:05.224+0000] {processor.py:157} INFO - Started process (PID=5370) to work on /usr/local/lib/python3.10/dist-packages/airflow/example_dags/example_params_ui_tutorial.py
[2023-09-27T11:17:05.225+0000] {processor.py:829} INFO - Processing file /usr/local/lib/python3.10/dist-packages/airflow/example_dags/example_params_ui_tutorial.py for tasks to queue
[2023-09-27T11:17:05.228+0000] {logging_mixin.py:151} INFO - [2023-09-27T11:17:05.226+0000] {dagbag.py:539} INFO - Filling up the DagBag from /usr/local/lib/python3.10/dist-packages/airflow/example_dags/example_params_ui_tutorial.py
[2023-09-27T11:17:05.279+0000] {processor.py:839} INFO - DAG(s) dict_keys(['example_params_ui_tutorial']) retrieved from /usr/local/lib/python3.10/dist-packages/airflow/example_dags/example_params_ui_tutorial.py
[2023-09-27T11:17:05.353+0000] {logging_mixin.py:151} INFO - [2023-09-27T11:17:05.353+0000] {dag.py:2915} INFO - Sync 1 DAGs
[2023-09-27T11:17:05.371+0000] {logging_mixin.py:151} INFO - [2023-09-27T11:17:05.370+0000] {dag.py:3696} INFO - Setting next_dagrun for example_params_ui_tutorial to None, run_after=None
[2023-09-27T11:17:05.408+0000] {processor.py:179} INFO - Processing /usr/local/lib/python3.10/dist-packages/airflow/example_dags/example_params_ui_tutorial.py took 0.188 seconds
[2023-09-27T11:17:56.892+0000] {processor.py:157} INFO - Started process (PID=5426) to work on /usr/local/lib/python3.10/dist-packages/airflow/example_dags/example_params_ui_tutorial.py
[2023-09-27T11:17:56.894+0000] {processor.py:829} INFO - Processing file /usr/local/lib/python3.10/dist-packages/airflow/example_dags/example_params_ui_tutorial.py for tasks to queue
[2023-09-27T11:17:56.895+0000] {logging_mixin.py:151} INFO - [2023-09-27T11:17:56.894+0000] {dagbag.py:539} INFO - Filling up the DagBag from /usr/local/lib/python3.10/dist-packages/airflow/example_dags/example_params_ui_tutorial.py
[2023-09-27T11:17:56.921+0000] {processor.py:839} INFO - DAG(s) dict_keys(['example_params_ui_tutorial']) retrieved from /usr/local/lib/python3.10/dist-packages/airflow/example_dags/example_params_ui_tutorial.py
[2023-09-27T11:17:56.961+0000] {logging_mixin.py:151} INFO - [2023-09-27T11:17:56.961+0000] {dag.py:2915} INFO - Sync 1 DAGs
[2023-09-27T11:17:56.971+0000] {logging_mixin.py:151} INFO - [2023-09-27T11:17:56.971+0000] {dag.py:3696} INFO - Setting next_dagrun for example_params_ui_tutorial to None, run_after=None
[2023-09-27T11:17:57.007+0000] {processor.py:179} INFO - Processing /usr/local/lib/python3.10/dist-packages/airflow/example_dags/example_params_ui_tutorial.py took 0.117 seconds
[2023-09-27T11:18:46.730+0000] {processor.py:157} INFO - Started process (PID=5478) to work on /usr/local/lib/python3.10/dist-packages/airflow/example_dags/example_params_ui_tutorial.py
[2023-09-27T11:18:46.732+0000] {processor.py:829} INFO - Processing file /usr/local/lib/python3.10/dist-packages/airflow/example_dags/example_params_ui_tutorial.py for tasks to queue
[2023-09-27T11:18:46.732+0000] {logging_mixin.py:151} INFO - [2023-09-27T11:18:46.732+0000] {dagbag.py:539} INFO - Filling up the DagBag from /usr/local/lib/python3.10/dist-packages/airflow/example_dags/example_params_ui_tutorial.py
[2023-09-27T11:18:46.760+0000] {processor.py:839} INFO - DAG(s) dict_keys(['example_params_ui_tutorial']) retrieved from /usr/local/lib/python3.10/dist-packages/airflow/example_dags/example_params_ui_tutorial.py
[2023-09-27T11:18:46.802+0000] {logging_mixin.py:151} INFO - [2023-09-27T11:18:46.801+0000] {dag.py:2915} INFO - Sync 1 DAGs
[2023-09-27T11:18:46.812+0000] {logging_mixin.py:151} INFO - [2023-09-27T11:18:46.812+0000] {dag.py:3696} INFO - Setting next_dagrun for example_params_ui_tutorial to None, run_after=None
[2023-09-27T11:18:46.832+0000] {processor.py:179} INFO - Processing /usr/local/lib/python3.10/dist-packages/airflow/example_dags/example_params_ui_tutorial.py took 0.104 seconds
[2023-09-27T11:19:34.838+0000] {processor.py:157} INFO - Started process (PID=5530) to work on /usr/local/lib/python3.10/dist-packages/airflow/example_dags/example_params_ui_tutorial.py
[2023-09-27T11:19:34.839+0000] {processor.py:829} INFO - Processing file /usr/local/lib/python3.10/dist-packages/airflow/example_dags/example_params_ui_tutorial.py for tasks to queue
[2023-09-27T11:19:34.840+0000] {logging_mixin.py:151} INFO - [2023-09-27T11:19:34.840+0000] {dagbag.py:539} INFO - Filling up the DagBag from /usr/local/lib/python3.10/dist-packages/airflow/example_dags/example_params_ui_tutorial.py
[2023-09-27T11:19:34.885+0000] {processor.py:839} INFO - DAG(s) dict_keys(['example_params_ui_tutorial']) retrieved from /usr/local/lib/python3.10/dist-packages/airflow/example_dags/example_params_ui_tutorial.py
[2023-09-27T11:19:34.942+0000] {logging_mixin.py:151} INFO - [2023-09-27T11:19:34.942+0000] {dag.py:2915} INFO - Sync 1 DAGs
[2023-09-27T11:19:34.954+0000] {logging_mixin.py:151} INFO - [2023-09-27T11:19:34.954+0000] {dag.py:3696} INFO - Setting next_dagrun for example_params_ui_tutorial to None, run_after=None
[2023-09-27T11:19:34.978+0000] {processor.py:179} INFO - Processing /usr/local/lib/python3.10/dist-packages/airflow/example_dags/example_params_ui_tutorial.py took 0.143 seconds
[2023-09-27T11:20:28.790+0000] {processor.py:157} INFO - Started process (PID=5587) to work on /usr/local/lib/python3.10/dist-packages/airflow/example_dags/example_params_ui_tutorial.py
[2023-09-27T11:20:28.799+0000] {processor.py:829} INFO - Processing file /usr/local/lib/python3.10/dist-packages/airflow/example_dags/example_params_ui_tutorial.py for tasks to queue
[2023-09-27T11:20:28.800+0000] {logging_mixin.py:151} INFO - [2023-09-27T11:20:28.799+0000] {dagbag.py:539} INFO - Filling up the DagBag from /usr/local/lib/python3.10/dist-packages/airflow/example_dags/example_params_ui_tutorial.py
[2023-09-27T11:20:28.842+0000] {processor.py:839} INFO - DAG(s) dict_keys(['example_params_ui_tutorial']) retrieved from /usr/local/lib/python3.10/dist-packages/airflow/example_dags/example_params_ui_tutorial.py
[2023-09-27T11:20:28.894+0000] {logging_mixin.py:151} INFO - [2023-09-27T11:20:28.893+0000] {dag.py:2915} INFO - Sync 1 DAGs
[2023-09-27T11:20:28.909+0000] {logging_mixin.py:151} INFO - [2023-09-27T11:20:28.908+0000] {dag.py:3696} INFO - Setting next_dagrun for example_params_ui_tutorial to None, run_after=None
[2023-09-27T11:20:28.938+0000] {processor.py:179} INFO - Processing /usr/local/lib/python3.10/dist-packages/airflow/example_dags/example_params_ui_tutorial.py took 0.153 seconds
[2023-09-27T11:21:19.729+0000] {processor.py:157} INFO - Started process (PID=5639) to work on /usr/local/lib/python3.10/dist-packages/airflow/example_dags/example_params_ui_tutorial.py
[2023-09-27T11:21:19.730+0000] {processor.py:829} INFO - Processing file /usr/local/lib/python3.10/dist-packages/airflow/example_dags/example_params_ui_tutorial.py for tasks to queue
[2023-09-27T11:21:19.731+0000] {logging_mixin.py:151} INFO - [2023-09-27T11:21:19.731+0000] {dagbag.py:539} INFO - Filling up the DagBag from /usr/local/lib/python3.10/dist-packages/airflow/example_dags/example_params_ui_tutorial.py
[2023-09-27T11:21:19.761+0000] {processor.py:839} INFO - DAG(s) dict_keys(['example_params_ui_tutorial']) retrieved from /usr/local/lib/python3.10/dist-packages/airflow/example_dags/example_params_ui_tutorial.py
[2023-09-27T11:21:19.815+0000] {logging_mixin.py:151} INFO - [2023-09-27T11:21:19.815+0000] {dag.py:2915} INFO - Sync 1 DAGs
[2023-09-27T11:21:19.828+0000] {logging_mixin.py:151} INFO - [2023-09-27T11:21:19.828+0000] {dag.py:3696} INFO - Setting next_dagrun for example_params_ui_tutorial to None, run_after=None
[2023-09-27T11:21:19.854+0000] {processor.py:179} INFO - Processing /usr/local/lib/python3.10/dist-packages/airflow/example_dags/example_params_ui_tutorial.py took 0.128 seconds
[2023-09-27T11:22:09.958+0000] {processor.py:157} INFO - Started process (PID=5696) to work on /usr/local/lib/python3.10/dist-packages/airflow/example_dags/example_params_ui_tutorial.py
[2023-09-27T11:22:09.959+0000] {processor.py:829} INFO - Processing file /usr/local/lib/python3.10/dist-packages/airflow/example_dags/example_params_ui_tutorial.py for tasks to queue
[2023-09-27T11:22:09.960+0000] {logging_mixin.py:151} INFO - [2023-09-27T11:22:09.959+0000] {dagbag.py:539} INFO - Filling up the DagBag from /usr/local/lib/python3.10/dist-packages/airflow/example_dags/example_params_ui_tutorial.py
[2023-09-27T11:22:09.992+0000] {processor.py:839} INFO - DAG(s) dict_keys(['example_params_ui_tutorial']) retrieved from /usr/local/lib/python3.10/dist-packages/airflow/example_dags/example_params_ui_tutorial.py
[2023-09-27T11:22:10.043+0000] {logging_mixin.py:151} INFO - [2023-09-27T11:22:10.043+0000] {dag.py:2915} INFO - Sync 1 DAGs
[2023-09-27T11:22:10.062+0000] {logging_mixin.py:151} INFO - [2023-09-27T11:22:10.062+0000] {dag.py:3696} INFO - Setting next_dagrun for example_params_ui_tutorial to None, run_after=None
[2023-09-27T11:22:10.089+0000] {processor.py:179} INFO - Processing /usr/local/lib/python3.10/dist-packages/airflow/example_dags/example_params_ui_tutorial.py took 0.135 seconds
[2023-09-27T11:22:59.940+0000] {processor.py:157} INFO - Started process (PID=5748) to work on /usr/local/lib/python3.10/dist-packages/airflow/example_dags/example_params_ui_tutorial.py
[2023-09-27T11:22:59.941+0000] {processor.py:829} INFO - Processing file /usr/local/lib/python3.10/dist-packages/airflow/example_dags/example_params_ui_tutorial.py for tasks to queue
[2023-09-27T11:22:59.942+0000] {logging_mixin.py:151} INFO - [2023-09-27T11:22:59.942+0000] {dagbag.py:539} INFO - Filling up the DagBag from /usr/local/lib/python3.10/dist-packages/airflow/example_dags/example_params_ui_tutorial.py
[2023-09-27T11:22:59.976+0000] {processor.py:839} INFO - DAG(s) dict_keys(['example_params_ui_tutorial']) retrieved from /usr/local/lib/python3.10/dist-packages/airflow/example_dags/example_params_ui_tutorial.py
[2023-09-27T11:23:00.045+0000] {logging_mixin.py:151} INFO - [2023-09-27T11:23:00.045+0000] {dag.py:2915} INFO - Sync 1 DAGs
[2023-09-27T11:23:00.058+0000] {logging_mixin.py:151} INFO - [2023-09-27T11:23:00.057+0000] {dag.py:3696} INFO - Setting next_dagrun for example_params_ui_tutorial to None, run_after=None
[2023-09-27T11:23:00.083+0000] {processor.py:179} INFO - Processing /usr/local/lib/python3.10/dist-packages/airflow/example_dags/example_params_ui_tutorial.py took 0.146 seconds
[2023-09-27T11:23:51.044+0000] {processor.py:157} INFO - Started process (PID=5801) to work on /usr/local/lib/python3.10/dist-packages/airflow/example_dags/example_params_ui_tutorial.py
[2023-09-27T11:23:51.045+0000] {processor.py:829} INFO - Processing file /usr/local/lib/python3.10/dist-packages/airflow/example_dags/example_params_ui_tutorial.py for tasks to queue
[2023-09-27T11:23:51.046+0000] {logging_mixin.py:151} INFO - [2023-09-27T11:23:51.046+0000] {dagbag.py:539} INFO - Filling up the DagBag from /usr/local/lib/python3.10/dist-packages/airflow/example_dags/example_params_ui_tutorial.py
[2023-09-27T11:23:51.082+0000] {processor.py:839} INFO - DAG(s) dict_keys(['example_params_ui_tutorial']) retrieved from /usr/local/lib/python3.10/dist-packages/airflow/example_dags/example_params_ui_tutorial.py
[2023-09-27T11:23:51.123+0000] {logging_mixin.py:151} INFO - [2023-09-27T11:23:51.123+0000] {dag.py:2915} INFO - Sync 1 DAGs
[2023-09-27T11:23:51.141+0000] {logging_mixin.py:151} INFO - [2023-09-27T11:23:51.141+0000] {dag.py:3696} INFO - Setting next_dagrun for example_params_ui_tutorial to None, run_after=None
[2023-09-27T11:23:51.162+0000] {processor.py:179} INFO - Processing /usr/local/lib/python3.10/dist-packages/airflow/example_dags/example_params_ui_tutorial.py took 0.121 seconds
[2023-09-27T11:24:41.609+0000] {processor.py:157} INFO - Started process (PID=5853) to work on /usr/local/lib/python3.10/dist-packages/airflow/example_dags/example_params_ui_tutorial.py
[2023-09-27T11:24:41.611+0000] {processor.py:829} INFO - Processing file /usr/local/lib/python3.10/dist-packages/airflow/example_dags/example_params_ui_tutorial.py for tasks to queue
[2023-09-27T11:24:41.614+0000] {logging_mixin.py:151} INFO - [2023-09-27T11:24:41.612+0000] {dagbag.py:539} INFO - Filling up the DagBag from /usr/local/lib/python3.10/dist-packages/airflow/example_dags/example_params_ui_tutorial.py
[2023-09-27T11:24:41.652+0000] {processor.py:839} INFO - DAG(s) dict_keys(['example_params_ui_tutorial']) retrieved from /usr/local/lib/python3.10/dist-packages/airflow/example_dags/example_params_ui_tutorial.py
[2023-09-27T11:24:41.696+0000] {logging_mixin.py:151} INFO - [2023-09-27T11:24:41.696+0000] {dag.py:2915} INFO - Sync 1 DAGs
[2023-09-27T11:24:41.713+0000] {logging_mixin.py:151} INFO - [2023-09-27T11:24:41.713+0000] {dag.py:3696} INFO - Setting next_dagrun for example_params_ui_tutorial to None, run_after=None
[2023-09-27T11:24:41.737+0000] {processor.py:179} INFO - Processing /usr/local/lib/python3.10/dist-packages/airflow/example_dags/example_params_ui_tutorial.py took 0.132 seconds
[2023-09-27T11:25:35.340+0000] {processor.py:157} INFO - Started process (PID=5908) to work on /usr/local/lib/python3.10/dist-packages/airflow/example_dags/example_params_ui_tutorial.py
[2023-09-27T11:25:35.342+0000] {processor.py:829} INFO - Processing file /usr/local/lib/python3.10/dist-packages/airflow/example_dags/example_params_ui_tutorial.py for tasks to queue
[2023-09-27T11:25:35.342+0000] {logging_mixin.py:151} INFO - [2023-09-27T11:25:35.342+0000] {dagbag.py:539} INFO - Filling up the DagBag from /usr/local/lib/python3.10/dist-packages/airflow/example_dags/example_params_ui_tutorial.py
[2023-09-27T11:25:35.376+0000] {processor.py:839} INFO - DAG(s) dict_keys(['example_params_ui_tutorial']) retrieved from /usr/local/lib/python3.10/dist-packages/airflow/example_dags/example_params_ui_tutorial.py
[2023-09-27T11:25:35.425+0000] {logging_mixin.py:151} INFO - [2023-09-27T11:25:35.425+0000] {dag.py:2915} INFO - Sync 1 DAGs
[2023-09-27T11:25:35.439+0000] {logging_mixin.py:151} INFO - [2023-09-27T11:25:35.438+0000] {dag.py:3696} INFO - Setting next_dagrun for example_params_ui_tutorial to None, run_after=None
[2023-09-27T11:25:35.460+0000] {processor.py:179} INFO - Processing /usr/local/lib/python3.10/dist-packages/airflow/example_dags/example_params_ui_tutorial.py took 0.125 seconds
[2023-09-27T11:26:28.880+0000] {processor.py:157} INFO - Started process (PID=5965) to work on /usr/local/lib/python3.10/dist-packages/airflow/example_dags/example_params_ui_tutorial.py
[2023-09-27T11:26:28.881+0000] {processor.py:829} INFO - Processing file /usr/local/lib/python3.10/dist-packages/airflow/example_dags/example_params_ui_tutorial.py for tasks to queue
[2023-09-27T11:26:28.882+0000] {logging_mixin.py:151} INFO - [2023-09-27T11:26:28.882+0000] {dagbag.py:539} INFO - Filling up the DagBag from /usr/local/lib/python3.10/dist-packages/airflow/example_dags/example_params_ui_tutorial.py
[2023-09-27T11:26:28.911+0000] {processor.py:839} INFO - DAG(s) dict_keys(['example_params_ui_tutorial']) retrieved from /usr/local/lib/python3.10/dist-packages/airflow/example_dags/example_params_ui_tutorial.py
[2023-09-27T11:26:28.955+0000] {logging_mixin.py:151} INFO - [2023-09-27T11:26:28.955+0000] {dag.py:2915} INFO - Sync 1 DAGs
[2023-09-27T11:26:28.965+0000] {logging_mixin.py:151} INFO - [2023-09-27T11:26:28.965+0000] {dag.py:3696} INFO - Setting next_dagrun for example_params_ui_tutorial to None, run_after=None
[2023-09-27T11:26:28.988+0000] {processor.py:179} INFO - Processing /usr/local/lib/python3.10/dist-packages/airflow/example_dags/example_params_ui_tutorial.py took 0.111 seconds
[2023-09-27T11:27:17.011+0000] {processor.py:157} INFO - Started process (PID=6018) to work on /usr/local/lib/python3.10/dist-packages/airflow/example_dags/example_params_ui_tutorial.py
[2023-09-27T11:27:17.012+0000] {processor.py:829} INFO - Processing file /usr/local/lib/python3.10/dist-packages/airflow/example_dags/example_params_ui_tutorial.py for tasks to queue
[2023-09-27T11:27:17.013+0000] {logging_mixin.py:151} INFO - [2023-09-27T11:27:17.013+0000] {dagbag.py:539} INFO - Filling up the DagBag from /usr/local/lib/python3.10/dist-packages/airflow/example_dags/example_params_ui_tutorial.py
[2023-09-27T11:27:17.044+0000] {processor.py:839} INFO - DAG(s) dict_keys(['example_params_ui_tutorial']) retrieved from /usr/local/lib/python3.10/dist-packages/airflow/example_dags/example_params_ui_tutorial.py
[2023-09-27T11:27:17.086+0000] {logging_mixin.py:151} INFO - [2023-09-27T11:27:17.086+0000] {dag.py:2915} INFO - Sync 1 DAGs
[2023-09-27T11:27:17.097+0000] {logging_mixin.py:151} INFO - [2023-09-27T11:27:17.096+0000] {dag.py:3696} INFO - Setting next_dagrun for example_params_ui_tutorial to None, run_after=None
[2023-09-27T11:27:17.116+0000] {processor.py:179} INFO - Processing /usr/local/lib/python3.10/dist-packages/airflow/example_dags/example_params_ui_tutorial.py took 0.110 seconds
[2023-09-27T11:28:06.715+0000] {processor.py:157} INFO - Started process (PID=6074) to work on /usr/local/lib/python3.10/dist-packages/airflow/example_dags/example_params_ui_tutorial.py
[2023-09-27T11:28:06.717+0000] {processor.py:829} INFO - Processing file /usr/local/lib/python3.10/dist-packages/airflow/example_dags/example_params_ui_tutorial.py for tasks to queue
[2023-09-27T11:28:06.718+0000] {logging_mixin.py:151} INFO - [2023-09-27T11:28:06.717+0000] {dagbag.py:539} INFO - Filling up the DagBag from /usr/local/lib/python3.10/dist-packages/airflow/example_dags/example_params_ui_tutorial.py
[2023-09-27T11:28:06.753+0000] {processor.py:839} INFO - DAG(s) dict_keys(['example_params_ui_tutorial']) retrieved from /usr/local/lib/python3.10/dist-packages/airflow/example_dags/example_params_ui_tutorial.py
[2023-09-27T11:28:06.797+0000] {logging_mixin.py:151} INFO - [2023-09-27T11:28:06.797+0000] {dag.py:2915} INFO - Sync 1 DAGs
[2023-09-27T11:28:06.808+0000] {logging_mixin.py:151} INFO - [2023-09-27T11:28:06.807+0000] {dag.py:3696} INFO - Setting next_dagrun for example_params_ui_tutorial to None, run_after=None
[2023-09-27T11:28:06.831+0000] {processor.py:179} INFO - Processing /usr/local/lib/python3.10/dist-packages/airflow/example_dags/example_params_ui_tutorial.py took 0.121 seconds
[2023-09-27T11:28:54.845+0000] {processor.py:157} INFO - Started process (PID=6126) to work on /usr/local/lib/python3.10/dist-packages/airflow/example_dags/example_params_ui_tutorial.py
[2023-09-27T11:28:54.846+0000] {processor.py:829} INFO - Processing file /usr/local/lib/python3.10/dist-packages/airflow/example_dags/example_params_ui_tutorial.py for tasks to queue
[2023-09-27T11:28:54.847+0000] {logging_mixin.py:151} INFO - [2023-09-27T11:28:54.847+0000] {dagbag.py:539} INFO - Filling up the DagBag from /usr/local/lib/python3.10/dist-packages/airflow/example_dags/example_params_ui_tutorial.py
[2023-09-27T11:28:54.880+0000] {processor.py:839} INFO - DAG(s) dict_keys(['example_params_ui_tutorial']) retrieved from /usr/local/lib/python3.10/dist-packages/airflow/example_dags/example_params_ui_tutorial.py
[2023-09-27T11:28:54.937+0000] {logging_mixin.py:151} INFO - [2023-09-27T11:28:54.937+0000] {dag.py:2915} INFO - Sync 1 DAGs
[2023-09-27T11:28:54.949+0000] {logging_mixin.py:151} INFO - [2023-09-27T11:28:54.949+0000] {dag.py:3696} INFO - Setting next_dagrun for example_params_ui_tutorial to None, run_after=None
[2023-09-27T11:28:54.974+0000] {processor.py:179} INFO - Processing /usr/local/lib/python3.10/dist-packages/airflow/example_dags/example_params_ui_tutorial.py took 0.134 seconds
[2023-09-27T11:29:45.979+0000] {processor.py:157} INFO - Started process (PID=6181) to work on /usr/local/lib/python3.10/dist-packages/airflow/example_dags/example_params_ui_tutorial.py
[2023-09-27T11:29:45.980+0000] {processor.py:829} INFO - Processing file /usr/local/lib/python3.10/dist-packages/airflow/example_dags/example_params_ui_tutorial.py for tasks to queue
[2023-09-27T11:29:45.981+0000] {logging_mixin.py:151} INFO - [2023-09-27T11:29:45.980+0000] {dagbag.py:539} INFO - Filling up the DagBag from /usr/local/lib/python3.10/dist-packages/airflow/example_dags/example_params_ui_tutorial.py
[2023-09-27T11:29:46.008+0000] {processor.py:839} INFO - DAG(s) dict_keys(['example_params_ui_tutorial']) retrieved from /usr/local/lib/python3.10/dist-packages/airflow/example_dags/example_params_ui_tutorial.py
[2023-09-27T11:29:46.058+0000] {logging_mixin.py:151} INFO - [2023-09-27T11:29:46.058+0000] {dag.py:2915} INFO - Sync 1 DAGs
[2023-09-27T11:29:46.069+0000] {logging_mixin.py:151} INFO - [2023-09-27T11:29:46.068+0000] {dag.py:3696} INFO - Setting next_dagrun for example_params_ui_tutorial to None, run_after=None
[2023-09-27T11:29:46.092+0000] {processor.py:179} INFO - Processing /usr/local/lib/python3.10/dist-packages/airflow/example_dags/example_params_ui_tutorial.py took 0.117 seconds
[2023-09-27T11:30:35.993+0000] {processor.py:157} INFO - Started process (PID=6232) to work on /usr/local/lib/python3.10/dist-packages/airflow/example_dags/example_params_ui_tutorial.py
[2023-09-27T11:30:35.994+0000] {processor.py:829} INFO - Processing file /usr/local/lib/python3.10/dist-packages/airflow/example_dags/example_params_ui_tutorial.py for tasks to queue
[2023-09-27T11:30:35.995+0000] {logging_mixin.py:151} INFO - [2023-09-27T11:30:35.994+0000] {dagbag.py:539} INFO - Filling up the DagBag from /usr/local/lib/python3.10/dist-packages/airflow/example_dags/example_params_ui_tutorial.py
[2023-09-27T11:30:36.024+0000] {processor.py:839} INFO - DAG(s) dict_keys(['example_params_ui_tutorial']) retrieved from /usr/local/lib/python3.10/dist-packages/airflow/example_dags/example_params_ui_tutorial.py
[2023-09-27T11:30:36.077+0000] {logging_mixin.py:151} INFO - [2023-09-27T11:30:36.077+0000] {dag.py:2915} INFO - Sync 1 DAGs
[2023-09-27T11:30:36.090+0000] {logging_mixin.py:151} INFO - [2023-09-27T11:30:36.090+0000] {dag.py:3696} INFO - Setting next_dagrun for example_params_ui_tutorial to None, run_after=None
[2023-09-27T11:30:36.118+0000] {processor.py:179} INFO - Processing /usr/local/lib/python3.10/dist-packages/airflow/example_dags/example_params_ui_tutorial.py took 0.128 seconds
[2023-09-27T11:31:25.267+0000] {processor.py:157} INFO - Started process (PID=6285) to work on /usr/local/lib/python3.10/dist-packages/airflow/example_dags/example_params_ui_tutorial.py
[2023-09-27T11:31:25.268+0000] {processor.py:829} INFO - Processing file /usr/local/lib/python3.10/dist-packages/airflow/example_dags/example_params_ui_tutorial.py for tasks to queue
[2023-09-27T11:31:25.269+0000] {logging_mixin.py:151} INFO - [2023-09-27T11:31:25.268+0000] {dagbag.py:539} INFO - Filling up the DagBag from /usr/local/lib/python3.10/dist-packages/airflow/example_dags/example_params_ui_tutorial.py
[2023-09-27T11:31:25.296+0000] {processor.py:839} INFO - DAG(s) dict_keys(['example_params_ui_tutorial']) retrieved from /usr/local/lib/python3.10/dist-packages/airflow/example_dags/example_params_ui_tutorial.py
[2023-09-27T11:31:25.336+0000] {logging_mixin.py:151} INFO - [2023-09-27T11:31:25.336+0000] {dag.py:2915} INFO - Sync 1 DAGs
[2023-09-27T11:31:25.347+0000] {logging_mixin.py:151} INFO - [2023-09-27T11:31:25.347+0000] {dag.py:3696} INFO - Setting next_dagrun for example_params_ui_tutorial to None, run_after=None
[2023-09-27T11:31:25.368+0000] {processor.py:179} INFO - Processing /usr/local/lib/python3.10/dist-packages/airflow/example_dags/example_params_ui_tutorial.py took 0.104 seconds
[2023-09-27T11:32:11.097+0000] {processor.py:157} INFO - Started process (PID=6338) to work on /usr/local/lib/python3.10/dist-packages/airflow/example_dags/example_params_ui_tutorial.py
[2023-09-27T11:32:11.100+0000] {processor.py:829} INFO - Processing file /usr/local/lib/python3.10/dist-packages/airflow/example_dags/example_params_ui_tutorial.py for tasks to queue
[2023-09-27T11:32:11.101+0000] {logging_mixin.py:151} INFO - [2023-09-27T11:32:11.100+0000] {dagbag.py:539} INFO - Filling up the DagBag from /usr/local/lib/python3.10/dist-packages/airflow/example_dags/example_params_ui_tutorial.py
[2023-09-27T11:32:11.132+0000] {processor.py:839} INFO - DAG(s) dict_keys(['example_params_ui_tutorial']) retrieved from /usr/local/lib/python3.10/dist-packages/airflow/example_dags/example_params_ui_tutorial.py
[2023-09-27T11:32:11.177+0000] {logging_mixin.py:151} INFO - [2023-09-27T11:32:11.176+0000] {dag.py:2915} INFO - Sync 1 DAGs
[2023-09-27T11:32:11.189+0000] {logging_mixin.py:151} INFO - [2023-09-27T11:32:11.189+0000] {dag.py:3696} INFO - Setting next_dagrun for example_params_ui_tutorial to None, run_after=None
[2023-09-27T11:32:11.210+0000] {processor.py:179} INFO - Processing /usr/local/lib/python3.10/dist-packages/airflow/example_dags/example_params_ui_tutorial.py took 0.120 seconds
[2023-09-27T11:32:56.073+0000] {processor.py:157} INFO - Started process (PID=6388) to work on /usr/local/lib/python3.10/dist-packages/airflow/example_dags/example_params_ui_tutorial.py
[2023-09-27T11:32:56.075+0000] {processor.py:829} INFO - Processing file /usr/local/lib/python3.10/dist-packages/airflow/example_dags/example_params_ui_tutorial.py for tasks to queue
[2023-09-27T11:32:56.075+0000] {logging_mixin.py:151} INFO - [2023-09-27T11:32:56.075+0000] {dagbag.py:539} INFO - Filling up the DagBag from /usr/local/lib/python3.10/dist-packages/airflow/example_dags/example_params_ui_tutorial.py
[2023-09-27T11:32:56.111+0000] {processor.py:839} INFO - DAG(s) dict_keys(['example_params_ui_tutorial']) retrieved from /usr/local/lib/python3.10/dist-packages/airflow/example_dags/example_params_ui_tutorial.py
[2023-09-27T11:32:56.153+0000] {logging_mixin.py:151} INFO - [2023-09-27T11:32:56.152+0000] {dag.py:2915} INFO - Sync 1 DAGs
[2023-09-27T11:32:56.164+0000] {logging_mixin.py:151} INFO - [2023-09-27T11:32:56.164+0000] {dag.py:3696} INFO - Setting next_dagrun for example_params_ui_tutorial to None, run_after=None
[2023-09-27T11:32:56.185+0000] {processor.py:179} INFO - Processing /usr/local/lib/python3.10/dist-packages/airflow/example_dags/example_params_ui_tutorial.py took 0.114 seconds
[2023-09-27T11:33:47.751+0000] {processor.py:157} INFO - Started process (PID=6441) to work on /usr/local/lib/python3.10/dist-packages/airflow/example_dags/example_params_ui_tutorial.py
[2023-09-27T11:33:47.753+0000] {processor.py:829} INFO - Processing file /usr/local/lib/python3.10/dist-packages/airflow/example_dags/example_params_ui_tutorial.py for tasks to queue
[2023-09-27T11:33:47.754+0000] {logging_mixin.py:151} INFO - [2023-09-27T11:33:47.754+0000] {dagbag.py:539} INFO - Filling up the DagBag from /usr/local/lib/python3.10/dist-packages/airflow/example_dags/example_params_ui_tutorial.py
[2023-09-27T11:33:47.786+0000] {processor.py:839} INFO - DAG(s) dict_keys(['example_params_ui_tutorial']) retrieved from /usr/local/lib/python3.10/dist-packages/airflow/example_dags/example_params_ui_tutorial.py
[2023-09-27T11:33:47.834+0000] {logging_mixin.py:151} INFO - [2023-09-27T11:33:47.834+0000] {dag.py:2915} INFO - Sync 1 DAGs
[2023-09-27T11:33:47.845+0000] {logging_mixin.py:151} INFO - [2023-09-27T11:33:47.845+0000] {dag.py:3696} INFO - Setting next_dagrun for example_params_ui_tutorial to None, run_after=None
[2023-09-27T11:33:47.868+0000] {processor.py:179} INFO - Processing /usr/local/lib/python3.10/dist-packages/airflow/example_dags/example_params_ui_tutorial.py took 0.121 seconds
[2023-09-27T11:34:36.458+0000] {processor.py:157} INFO - Started process (PID=6491) to work on /usr/local/lib/python3.10/dist-packages/airflow/example_dags/example_params_ui_tutorial.py
[2023-09-27T11:34:36.459+0000] {processor.py:829} INFO - Processing file /usr/local/lib/python3.10/dist-packages/airflow/example_dags/example_params_ui_tutorial.py for tasks to queue
[2023-09-27T11:34:36.460+0000] {logging_mixin.py:151} INFO - [2023-09-27T11:34:36.460+0000] {dagbag.py:539} INFO - Filling up the DagBag from /usr/local/lib/python3.10/dist-packages/airflow/example_dags/example_params_ui_tutorial.py
[2023-09-27T11:34:36.498+0000] {processor.py:839} INFO - DAG(s) dict_keys(['example_params_ui_tutorial']) retrieved from /usr/local/lib/python3.10/dist-packages/airflow/example_dags/example_params_ui_tutorial.py
[2023-09-27T11:34:36.550+0000] {logging_mixin.py:151} INFO - [2023-09-27T11:34:36.550+0000] {dag.py:2915} INFO - Sync 1 DAGs
[2023-09-27T11:34:36.562+0000] {logging_mixin.py:151} INFO - [2023-09-27T11:34:36.561+0000] {dag.py:3696} INFO - Setting next_dagrun for example_params_ui_tutorial to None, run_after=None
[2023-09-27T11:34:36.587+0000] {processor.py:179} INFO - Processing /usr/local/lib/python3.10/dist-packages/airflow/example_dags/example_params_ui_tutorial.py took 0.132 seconds
[2023-09-27T11:35:24.740+0000] {processor.py:157} INFO - Started process (PID=6546) to work on /usr/local/lib/python3.10/dist-packages/airflow/example_dags/example_params_ui_tutorial.py
[2023-09-27T11:35:24.741+0000] {processor.py:829} INFO - Processing file /usr/local/lib/python3.10/dist-packages/airflow/example_dags/example_params_ui_tutorial.py for tasks to queue
[2023-09-27T11:35:24.742+0000] {logging_mixin.py:151} INFO - [2023-09-27T11:35:24.742+0000] {dagbag.py:539} INFO - Filling up the DagBag from /usr/local/lib/python3.10/dist-packages/airflow/example_dags/example_params_ui_tutorial.py
[2023-09-27T11:35:24.770+0000] {processor.py:839} INFO - DAG(s) dict_keys(['example_params_ui_tutorial']) retrieved from /usr/local/lib/python3.10/dist-packages/airflow/example_dags/example_params_ui_tutorial.py
[2023-09-27T11:35:24.816+0000] {logging_mixin.py:151} INFO - [2023-09-27T11:35:24.816+0000] {dag.py:2915} INFO - Sync 1 DAGs
[2023-09-27T11:35:24.827+0000] {logging_mixin.py:151} INFO - [2023-09-27T11:35:24.827+0000] {dag.py:3696} INFO - Setting next_dagrun for example_params_ui_tutorial to None, run_after=None
[2023-09-27T11:35:24.856+0000] {processor.py:179} INFO - Processing /usr/local/lib/python3.10/dist-packages/airflow/example_dags/example_params_ui_tutorial.py took 0.119 seconds
[2023-09-27T11:36:16.604+0000] {processor.py:157} INFO - Started process (PID=6605) to work on /usr/local/lib/python3.10/dist-packages/airflow/example_dags/example_params_ui_tutorial.py
[2023-09-27T11:36:16.605+0000] {processor.py:829} INFO - Processing file /usr/local/lib/python3.10/dist-packages/airflow/example_dags/example_params_ui_tutorial.py for tasks to queue
[2023-09-27T11:36:16.606+0000] {logging_mixin.py:151} INFO - [2023-09-27T11:36:16.606+0000] {dagbag.py:539} INFO - Filling up the DagBag from /usr/local/lib/python3.10/dist-packages/airflow/example_dags/example_params_ui_tutorial.py
[2023-09-27T11:36:16.650+0000] {processor.py:839} INFO - DAG(s) dict_keys(['example_params_ui_tutorial']) retrieved from /usr/local/lib/python3.10/dist-packages/airflow/example_dags/example_params_ui_tutorial.py
[2023-09-27T11:36:16.717+0000] {logging_mixin.py:151} INFO - [2023-09-27T11:36:16.717+0000] {dag.py:2915} INFO - Sync 1 DAGs
[2023-09-27T11:36:16.728+0000] {logging_mixin.py:151} INFO - [2023-09-27T11:36:16.728+0000] {dag.py:3696} INFO - Setting next_dagrun for example_params_ui_tutorial to None, run_after=None
[2023-09-27T11:36:16.753+0000] {processor.py:179} INFO - Processing /usr/local/lib/python3.10/dist-packages/airflow/example_dags/example_params_ui_tutorial.py took 0.151 seconds
[2023-09-27T11:37:03.139+0000] {processor.py:157} INFO - Started process (PID=6721) to work on /usr/local/lib/python3.10/dist-packages/airflow/example_dags/example_params_ui_tutorial.py
[2023-09-27T11:37:03.141+0000] {processor.py:829} INFO - Processing file /usr/local/lib/python3.10/dist-packages/airflow/example_dags/example_params_ui_tutorial.py for tasks to queue
[2023-09-27T11:37:03.142+0000] {logging_mixin.py:151} INFO - [2023-09-27T11:37:03.141+0000] {dagbag.py:539} INFO - Filling up the DagBag from /usr/local/lib/python3.10/dist-packages/airflow/example_dags/example_params_ui_tutorial.py
[2023-09-27T11:37:03.183+0000] {processor.py:839} INFO - DAG(s) dict_keys(['example_params_ui_tutorial']) retrieved from /usr/local/lib/python3.10/dist-packages/airflow/example_dags/example_params_ui_tutorial.py
[2023-09-27T11:37:03.234+0000] {logging_mixin.py:151} INFO - [2023-09-27T11:37:03.233+0000] {dag.py:2915} INFO - Sync 1 DAGs
[2023-09-27T11:37:03.252+0000] {logging_mixin.py:151} INFO - [2023-09-27T11:37:03.252+0000] {dag.py:3696} INFO - Setting next_dagrun for example_params_ui_tutorial to None, run_after=None
[2023-09-27T11:37:03.277+0000] {processor.py:179} INFO - Processing /usr/local/lib/python3.10/dist-packages/airflow/example_dags/example_params_ui_tutorial.py took 0.142 seconds
