[2023-09-27T10:54:18.733+0000] {processor.py:157} INFO - Started process (PID=3951) to work on /usr/local/lib/python3.10/dist-packages/airflow/example_dags/example_setup_teardown_taskflow.py
[2023-09-27T10:54:18.734+0000] {processor.py:829} INFO - Processing file /usr/local/lib/python3.10/dist-packages/airflow/example_dags/example_setup_teardown_taskflow.py for tasks to queue
[2023-09-27T10:54:18.735+0000] {logging_mixin.py:151} INFO - [2023-09-27T10:54:18.734+0000] {dagbag.py:539} INFO - Filling up the DagBag from /usr/local/lib/python3.10/dist-packages/airflow/example_dags/example_setup_teardown_taskflow.py
[2023-09-27T10:54:18.746+0000] {processor.py:839} INFO - DAG(s) dict_keys(['example_setup_teardown_taskflow']) retrieved from /usr/local/lib/python3.10/dist-packages/airflow/example_dags/example_setup_teardown_taskflow.py
[2023-09-27T10:54:18.874+0000] {logging_mixin.py:151} INFO - [2023-09-27T10:54:18.873+0000] {manager.py:499} INFO - Created Permission View: %s
[2023-09-27T10:54:18.902+0000] {logging_mixin.py:151} INFO - [2023-09-27T10:54:18.902+0000] {manager.py:499} INFO - Created Permission View: %s
[2023-09-27T10:54:18.916+0000] {logging_mixin.py:151} INFO - [2023-09-27T10:54:18.916+0000] {manager.py:499} INFO - Created Permission View: %s
[2023-09-27T10:54:18.917+0000] {logging_mixin.py:151} INFO - [2023-09-27T10:54:18.916+0000] {security.py:708} INFO - Not syncing DAG-level permissions for DAG 'DAG:example_setup_teardown_taskflow' as access control is unset.
[2023-09-27T10:54:18.917+0000] {logging_mixin.py:151} INFO - [2023-09-27T10:54:18.917+0000] {dag.py:2915} INFO - Sync 1 DAGs
[2023-09-27T10:54:18.927+0000] {logging_mixin.py:151} INFO - [2023-09-27T10:54:18.927+0000] {dag.py:2937} INFO - Creating ORM DAG for example_setup_teardown_taskflow
[2023-09-27T10:54:18.936+0000] {logging_mixin.py:151} INFO - [2023-09-27T10:54:18.936+0000] {dag.py:3696} INFO - Setting next_dagrun for example_setup_teardown_taskflow to 2023-09-26T10:54:18.936533+00:00, run_after=2023-09-27T10:54:18.936533+00:00
[2023-09-27T10:54:18.957+0000] {processor.py:179} INFO - Processing /usr/local/lib/python3.10/dist-packages/airflow/example_dags/example_setup_teardown_taskflow.py took 0.228 seconds
[2023-09-27T10:55:08.547+0000] {processor.py:157} INFO - Started process (PID=3999) to work on /usr/local/lib/python3.10/dist-packages/airflow/example_dags/example_setup_teardown_taskflow.py
[2023-09-27T10:55:08.548+0000] {processor.py:829} INFO - Processing file /usr/local/lib/python3.10/dist-packages/airflow/example_dags/example_setup_teardown_taskflow.py for tasks to queue
[2023-09-27T10:55:08.549+0000] {logging_mixin.py:151} INFO - [2023-09-27T10:55:08.548+0000] {dagbag.py:539} INFO - Filling up the DagBag from /usr/local/lib/python3.10/dist-packages/airflow/example_dags/example_setup_teardown_taskflow.py
[2023-09-27T10:55:08.559+0000] {processor.py:839} INFO - DAG(s) dict_keys(['example_setup_teardown_taskflow']) retrieved from /usr/local/lib/python3.10/dist-packages/airflow/example_dags/example_setup_teardown_taskflow.py
[2023-09-27T10:55:08.592+0000] {logging_mixin.py:151} INFO - [2023-09-27T10:55:08.592+0000] {dag.py:2915} INFO - Sync 1 DAGs
[2023-09-27T10:55:08.622+0000] {logging_mixin.py:151} INFO - [2023-09-27T10:55:08.622+0000] {dag.py:3696} INFO - Setting next_dagrun for example_setup_teardown_taskflow to 2023-09-26T10:55:08.621985+00:00, run_after=2023-09-27T10:55:08.621985+00:00
[2023-09-27T10:55:08.651+0000] {processor.py:179} INFO - Processing /usr/local/lib/python3.10/dist-packages/airflow/example_dags/example_setup_teardown_taskflow.py took 0.108 seconds
[2023-09-27T10:55:52.685+0000] {processor.py:157} INFO - Started process (PID=4046) to work on /usr/local/lib/python3.10/dist-packages/airflow/example_dags/example_setup_teardown_taskflow.py
[2023-09-27T10:55:52.687+0000] {processor.py:829} INFO - Processing file /usr/local/lib/python3.10/dist-packages/airflow/example_dags/example_setup_teardown_taskflow.py for tasks to queue
[2023-09-27T10:55:52.687+0000] {logging_mixin.py:151} INFO - [2023-09-27T10:55:52.687+0000] {dagbag.py:539} INFO - Filling up the DagBag from /usr/local/lib/python3.10/dist-packages/airflow/example_dags/example_setup_teardown_taskflow.py
[2023-09-27T10:55:52.698+0000] {processor.py:839} INFO - DAG(s) dict_keys(['example_setup_teardown_taskflow']) retrieved from /usr/local/lib/python3.10/dist-packages/airflow/example_dags/example_setup_teardown_taskflow.py
[2023-09-27T10:55:52.718+0000] {logging_mixin.py:151} INFO - [2023-09-27T10:55:52.718+0000] {dag.py:2915} INFO - Sync 1 DAGs
[2023-09-27T10:55:52.738+0000] {logging_mixin.py:151} INFO - [2023-09-27T10:55:52.738+0000] {dag.py:3696} INFO - Setting next_dagrun for example_setup_teardown_taskflow to 2023-09-26T10:55:52.737787+00:00, run_after=2023-09-27T10:55:52.737787+00:00
[2023-09-27T10:55:52.759+0000] {processor.py:179} INFO - Processing /usr/local/lib/python3.10/dist-packages/airflow/example_dags/example_setup_teardown_taskflow.py took 0.077 seconds
[2023-09-27T10:57:17.226+0000] {processor.py:157} INFO - Started process (PID=4115) to work on /usr/local/lib/python3.10/dist-packages/airflow/example_dags/example_setup_teardown_taskflow.py
[2023-09-27T10:57:17.228+0000] {processor.py:829} INFO - Processing file /usr/local/lib/python3.10/dist-packages/airflow/example_dags/example_setup_teardown_taskflow.py for tasks to queue
[2023-09-27T10:57:17.229+0000] {logging_mixin.py:151} INFO - [2023-09-27T10:57:17.228+0000] {dagbag.py:539} INFO - Filling up the DagBag from /usr/local/lib/python3.10/dist-packages/airflow/example_dags/example_setup_teardown_taskflow.py
[2023-09-27T10:57:17.239+0000] {processor.py:839} INFO - DAG(s) dict_keys(['example_setup_teardown_taskflow']) retrieved from /usr/local/lib/python3.10/dist-packages/airflow/example_dags/example_setup_teardown_taskflow.py
[2023-09-27T10:57:17.248+0000] {logging_mixin.py:151} INFO - [2023-09-27T10:57:17.248+0000] {dag.py:2915} INFO - Sync 1 DAGs
[2023-09-27T10:57:17.273+0000] {logging_mixin.py:151} INFO - [2023-09-27T10:57:17.272+0000] {dag.py:3696} INFO - Setting next_dagrun for example_setup_teardown_taskflow to 2023-09-26T10:57:17.272509+00:00, run_after=2023-09-27T10:57:17.272509+00:00
[2023-09-27T10:57:17.299+0000] {processor.py:179} INFO - Processing /usr/local/lib/python3.10/dist-packages/airflow/example_dags/example_setup_teardown_taskflow.py took 0.077 seconds
[2023-09-27T10:58:03.868+0000] {processor.py:157} INFO - Started process (PID=4165) to work on /usr/local/lib/python3.10/dist-packages/airflow/example_dags/example_setup_teardown_taskflow.py
[2023-09-27T10:58:03.869+0000] {processor.py:829} INFO - Processing file /usr/local/lib/python3.10/dist-packages/airflow/example_dags/example_setup_teardown_taskflow.py for tasks to queue
[2023-09-27T10:58:03.870+0000] {logging_mixin.py:151} INFO - [2023-09-27T10:58:03.870+0000] {dagbag.py:539} INFO - Filling up the DagBag from /usr/local/lib/python3.10/dist-packages/airflow/example_dags/example_setup_teardown_taskflow.py
[2023-09-27T10:58:03.880+0000] {processor.py:839} INFO - DAG(s) dict_keys(['example_setup_teardown_taskflow']) retrieved from /usr/local/lib/python3.10/dist-packages/airflow/example_dags/example_setup_teardown_taskflow.py
[2023-09-27T10:58:03.898+0000] {logging_mixin.py:151} INFO - [2023-09-27T10:58:03.898+0000] {dag.py:2915} INFO - Sync 1 DAGs
[2023-09-27T10:58:03.915+0000] {logging_mixin.py:151} INFO - [2023-09-27T10:58:03.915+0000] {dag.py:3696} INFO - Setting next_dagrun for example_setup_teardown_taskflow to 2023-09-26T10:58:03.915533+00:00, run_after=2023-09-27T10:58:03.915533+00:00
[2023-09-27T10:58:03.936+0000] {processor.py:179} INFO - Processing /usr/local/lib/python3.10/dist-packages/airflow/example_dags/example_setup_teardown_taskflow.py took 0.071 seconds
[2023-09-27T10:58:53.374+0000] {processor.py:157} INFO - Started process (PID=4218) to work on /usr/local/lib/python3.10/dist-packages/airflow/example_dags/example_setup_teardown_taskflow.py
[2023-09-27T10:58:53.375+0000] {processor.py:829} INFO - Processing file /usr/local/lib/python3.10/dist-packages/airflow/example_dags/example_setup_teardown_taskflow.py for tasks to queue
[2023-09-27T10:58:53.376+0000] {logging_mixin.py:151} INFO - [2023-09-27T10:58:53.375+0000] {dagbag.py:539} INFO - Filling up the DagBag from /usr/local/lib/python3.10/dist-packages/airflow/example_dags/example_setup_teardown_taskflow.py
[2023-09-27T10:58:53.388+0000] {processor.py:839} INFO - DAG(s) dict_keys(['example_setup_teardown_taskflow']) retrieved from /usr/local/lib/python3.10/dist-packages/airflow/example_dags/example_setup_teardown_taskflow.py
[2023-09-27T10:58:53.406+0000] {logging_mixin.py:151} INFO - [2023-09-27T10:58:53.405+0000] {dag.py:2915} INFO - Sync 1 DAGs
[2023-09-27T10:58:53.425+0000] {logging_mixin.py:151} INFO - [2023-09-27T10:58:53.425+0000] {dag.py:3696} INFO - Setting next_dagrun for example_setup_teardown_taskflow to 2023-09-26T10:58:53.425115+00:00, run_after=2023-09-27T10:58:53.425115+00:00
[2023-09-27T10:58:53.447+0000] {processor.py:179} INFO - Processing /usr/local/lib/python3.10/dist-packages/airflow/example_dags/example_setup_teardown_taskflow.py took 0.077 seconds
[2023-09-27T10:59:40.127+0000] {processor.py:157} INFO - Started process (PID=4268) to work on /usr/local/lib/python3.10/dist-packages/airflow/example_dags/example_setup_teardown_taskflow.py
[2023-09-27T10:59:40.129+0000] {processor.py:829} INFO - Processing file /usr/local/lib/python3.10/dist-packages/airflow/example_dags/example_setup_teardown_taskflow.py for tasks to queue
[2023-09-27T10:59:40.130+0000] {logging_mixin.py:151} INFO - [2023-09-27T10:59:40.129+0000] {dagbag.py:539} INFO - Filling up the DagBag from /usr/local/lib/python3.10/dist-packages/airflow/example_dags/example_setup_teardown_taskflow.py
[2023-09-27T10:59:40.140+0000] {processor.py:839} INFO - DAG(s) dict_keys(['example_setup_teardown_taskflow']) retrieved from /usr/local/lib/python3.10/dist-packages/airflow/example_dags/example_setup_teardown_taskflow.py
[2023-09-27T10:59:40.160+0000] {logging_mixin.py:151} INFO - [2023-09-27T10:59:40.160+0000] {dag.py:2915} INFO - Sync 1 DAGs
[2023-09-27T10:59:40.192+0000] {logging_mixin.py:151} INFO - [2023-09-27T10:59:40.192+0000] {dag.py:3696} INFO - Setting next_dagrun for example_setup_teardown_taskflow to 2023-09-26T10:59:40.192005+00:00, run_after=2023-09-27T10:59:40.192005+00:00
[2023-09-27T10:59:40.256+0000] {processor.py:179} INFO - Processing /usr/local/lib/python3.10/dist-packages/airflow/example_dags/example_setup_teardown_taskflow.py took 0.131 seconds
[2023-09-27T11:00:30.043+0000] {processor.py:157} INFO - Started process (PID=4320) to work on /usr/local/lib/python3.10/dist-packages/airflow/example_dags/example_setup_teardown_taskflow.py
[2023-09-27T11:00:30.044+0000] {processor.py:829} INFO - Processing file /usr/local/lib/python3.10/dist-packages/airflow/example_dags/example_setup_teardown_taskflow.py for tasks to queue
[2023-09-27T11:00:30.045+0000] {logging_mixin.py:151} INFO - [2023-09-27T11:00:30.045+0000] {dagbag.py:539} INFO - Filling up the DagBag from /usr/local/lib/python3.10/dist-packages/airflow/example_dags/example_setup_teardown_taskflow.py
[2023-09-27T11:00:30.056+0000] {processor.py:839} INFO - DAG(s) dict_keys(['example_setup_teardown_taskflow']) retrieved from /usr/local/lib/python3.10/dist-packages/airflow/example_dags/example_setup_teardown_taskflow.py
[2023-09-27T11:00:30.075+0000] {logging_mixin.py:151} INFO - [2023-09-27T11:00:30.075+0000] {dag.py:2915} INFO - Sync 1 DAGs
[2023-09-27T11:00:30.097+0000] {logging_mixin.py:151} INFO - [2023-09-27T11:00:30.097+0000] {dag.py:3696} INFO - Setting next_dagrun for example_setup_teardown_taskflow to 2023-09-26T11:00:30.097445+00:00, run_after=2023-09-27T11:00:30.097445+00:00
[2023-09-27T11:00:30.130+0000] {processor.py:179} INFO - Processing /usr/local/lib/python3.10/dist-packages/airflow/example_dags/example_setup_teardown_taskflow.py took 0.090 seconds
[2023-09-27T11:01:15.637+0000] {processor.py:157} INFO - Started process (PID=4368) to work on /usr/local/lib/python3.10/dist-packages/airflow/example_dags/example_setup_teardown_taskflow.py
[2023-09-27T11:01:15.643+0000] {processor.py:829} INFO - Processing file /usr/local/lib/python3.10/dist-packages/airflow/example_dags/example_setup_teardown_taskflow.py for tasks to queue
[2023-09-27T11:01:15.647+0000] {logging_mixin.py:151} INFO - [2023-09-27T11:01:15.646+0000] {dagbag.py:539} INFO - Filling up the DagBag from /usr/local/lib/python3.10/dist-packages/airflow/example_dags/example_setup_teardown_taskflow.py
[2023-09-27T11:01:15.665+0000] {processor.py:839} INFO - DAG(s) dict_keys(['example_setup_teardown_taskflow']) retrieved from /usr/local/lib/python3.10/dist-packages/airflow/example_dags/example_setup_teardown_taskflow.py
[2023-09-27T11:01:15.682+0000] {logging_mixin.py:151} INFO - [2023-09-27T11:01:15.682+0000] {dag.py:2915} INFO - Sync 1 DAGs
[2023-09-27T11:01:15.700+0000] {logging_mixin.py:151} INFO - [2023-09-27T11:01:15.700+0000] {dag.py:3696} INFO - Setting next_dagrun for example_setup_teardown_taskflow to 2023-09-26T11:01:15.700438+00:00, run_after=2023-09-27T11:01:15.700438+00:00
[2023-09-27T11:01:15.720+0000] {processor.py:179} INFO - Processing /usr/local/lib/python3.10/dist-packages/airflow/example_dags/example_setup_teardown_taskflow.py took 0.087 seconds
[2023-09-27T11:01:58.739+0000] {processor.py:157} INFO - Started process (PID=4415) to work on /usr/local/lib/python3.10/dist-packages/airflow/example_dags/example_setup_teardown_taskflow.py
[2023-09-27T11:01:58.741+0000] {processor.py:829} INFO - Processing file /usr/local/lib/python3.10/dist-packages/airflow/example_dags/example_setup_teardown_taskflow.py for tasks to queue
[2023-09-27T11:01:58.742+0000] {logging_mixin.py:151} INFO - [2023-09-27T11:01:58.741+0000] {dagbag.py:539} INFO - Filling up the DagBag from /usr/local/lib/python3.10/dist-packages/airflow/example_dags/example_setup_teardown_taskflow.py
[2023-09-27T11:01:58.752+0000] {processor.py:839} INFO - DAG(s) dict_keys(['example_setup_teardown_taskflow']) retrieved from /usr/local/lib/python3.10/dist-packages/airflow/example_dags/example_setup_teardown_taskflow.py
[2023-09-27T11:01:58.772+0000] {logging_mixin.py:151} INFO - [2023-09-27T11:01:58.772+0000] {dag.py:2915} INFO - Sync 1 DAGs
[2023-09-27T11:01:58.794+0000] {logging_mixin.py:151} INFO - [2023-09-27T11:01:58.793+0000] {dag.py:3696} INFO - Setting next_dagrun for example_setup_teardown_taskflow to 2023-09-26T11:01:58.793707+00:00, run_after=2023-09-27T11:01:58.793707+00:00
[2023-09-27T11:01:58.818+0000] {processor.py:179} INFO - Processing /usr/local/lib/python3.10/dist-packages/airflow/example_dags/example_setup_teardown_taskflow.py took 0.082 seconds
[2023-09-27T11:02:49.555+0000] {processor.py:157} INFO - Started process (PID=4466) to work on /usr/local/lib/python3.10/dist-packages/airflow/example_dags/example_setup_teardown_taskflow.py
[2023-09-27T11:02:49.557+0000] {processor.py:829} INFO - Processing file /usr/local/lib/python3.10/dist-packages/airflow/example_dags/example_setup_teardown_taskflow.py for tasks to queue
[2023-09-27T11:02:49.557+0000] {logging_mixin.py:151} INFO - [2023-09-27T11:02:49.557+0000] {dagbag.py:539} INFO - Filling up the DagBag from /usr/local/lib/python3.10/dist-packages/airflow/example_dags/example_setup_teardown_taskflow.py
[2023-09-27T11:02:49.569+0000] {processor.py:839} INFO - DAG(s) dict_keys(['example_setup_teardown_taskflow']) retrieved from /usr/local/lib/python3.10/dist-packages/airflow/example_dags/example_setup_teardown_taskflow.py
[2023-09-27T11:02:49.586+0000] {logging_mixin.py:151} INFO - [2023-09-27T11:02:49.586+0000] {dag.py:2915} INFO - Sync 1 DAGs
[2023-09-27T11:02:49.611+0000] {logging_mixin.py:151} INFO - [2023-09-27T11:02:49.611+0000] {dag.py:3696} INFO - Setting next_dagrun for example_setup_teardown_taskflow to 2023-09-26T11:02:49.611004+00:00, run_after=2023-09-27T11:02:49.611004+00:00
[2023-09-27T11:02:49.634+0000] {processor.py:179} INFO - Processing /usr/local/lib/python3.10/dist-packages/airflow/example_dags/example_setup_teardown_taskflow.py took 0.082 seconds
[2023-09-27T11:03:40.706+0000] {processor.py:157} INFO - Started process (PID=4519) to work on /usr/local/lib/python3.10/dist-packages/airflow/example_dags/example_setup_teardown_taskflow.py
[2023-09-27T11:03:40.707+0000] {processor.py:829} INFO - Processing file /usr/local/lib/python3.10/dist-packages/airflow/example_dags/example_setup_teardown_taskflow.py for tasks to queue
[2023-09-27T11:03:40.707+0000] {logging_mixin.py:151} INFO - [2023-09-27T11:03:40.707+0000] {dagbag.py:539} INFO - Filling up the DagBag from /usr/local/lib/python3.10/dist-packages/airflow/example_dags/example_setup_teardown_taskflow.py
[2023-09-27T11:03:40.717+0000] {processor.py:839} INFO - DAG(s) dict_keys(['example_setup_teardown_taskflow']) retrieved from /usr/local/lib/python3.10/dist-packages/airflow/example_dags/example_setup_teardown_taskflow.py
[2023-09-27T11:03:40.733+0000] {logging_mixin.py:151} INFO - [2023-09-27T11:03:40.733+0000] {dag.py:2915} INFO - Sync 1 DAGs
[2023-09-27T11:03:40.751+0000] {logging_mixin.py:151} INFO - [2023-09-27T11:03:40.750+0000] {dag.py:3696} INFO - Setting next_dagrun for example_setup_teardown_taskflow to 2023-09-26T11:03:40.750777+00:00, run_after=2023-09-27T11:03:40.750777+00:00
[2023-09-27T11:03:40.770+0000] {processor.py:179} INFO - Processing /usr/local/lib/python3.10/dist-packages/airflow/example_dags/example_setup_teardown_taskflow.py took 0.067 seconds
[2023-09-27T11:04:31.269+0000] {processor.py:157} INFO - Started process (PID=4571) to work on /usr/local/lib/python3.10/dist-packages/airflow/example_dags/example_setup_teardown_taskflow.py
[2023-09-27T11:04:31.272+0000] {processor.py:829} INFO - Processing file /usr/local/lib/python3.10/dist-packages/airflow/example_dags/example_setup_teardown_taskflow.py for tasks to queue
[2023-09-27T11:04:31.274+0000] {logging_mixin.py:151} INFO - [2023-09-27T11:04:31.273+0000] {dagbag.py:539} INFO - Filling up the DagBag from /usr/local/lib/python3.10/dist-packages/airflow/example_dags/example_setup_teardown_taskflow.py
[2023-09-27T11:04:31.291+0000] {processor.py:839} INFO - DAG(s) dict_keys(['example_setup_teardown_taskflow']) retrieved from /usr/local/lib/python3.10/dist-packages/airflow/example_dags/example_setup_teardown_taskflow.py
[2023-09-27T11:04:31.313+0000] {logging_mixin.py:151} INFO - [2023-09-27T11:04:31.313+0000] {dag.py:2915} INFO - Sync 1 DAGs
[2023-09-27T11:04:31.334+0000] {logging_mixin.py:151} INFO - [2023-09-27T11:04:31.334+0000] {dag.py:3696} INFO - Setting next_dagrun for example_setup_teardown_taskflow to 2023-09-26T11:04:31.334169+00:00, run_after=2023-09-27T11:04:31.334169+00:00
[2023-09-27T11:04:31.360+0000] {processor.py:179} INFO - Processing /usr/local/lib/python3.10/dist-packages/airflow/example_dags/example_setup_teardown_taskflow.py took 0.103 seconds
[2023-09-27T11:05:22.452+0000] {processor.py:157} INFO - Started process (PID=4624) to work on /usr/local/lib/python3.10/dist-packages/airflow/example_dags/example_setup_teardown_taskflow.py
[2023-09-27T11:05:22.453+0000] {processor.py:829} INFO - Processing file /usr/local/lib/python3.10/dist-packages/airflow/example_dags/example_setup_teardown_taskflow.py for tasks to queue
[2023-09-27T11:05:22.454+0000] {logging_mixin.py:151} INFO - [2023-09-27T11:05:22.454+0000] {dagbag.py:539} INFO - Filling up the DagBag from /usr/local/lib/python3.10/dist-packages/airflow/example_dags/example_setup_teardown_taskflow.py
[2023-09-27T11:05:22.466+0000] {processor.py:839} INFO - DAG(s) dict_keys(['example_setup_teardown_taskflow']) retrieved from /usr/local/lib/python3.10/dist-packages/airflow/example_dags/example_setup_teardown_taskflow.py
[2023-09-27T11:05:22.487+0000] {logging_mixin.py:151} INFO - [2023-09-27T11:05:22.487+0000] {dag.py:2915} INFO - Sync 1 DAGs
[2023-09-27T11:05:22.513+0000] {logging_mixin.py:151} INFO - [2023-09-27T11:05:22.513+0000] {dag.py:3696} INFO - Setting next_dagrun for example_setup_teardown_taskflow to 2023-09-26T11:05:22.512845+00:00, run_after=2023-09-27T11:05:22.512845+00:00
[2023-09-27T11:05:22.535+0000] {processor.py:179} INFO - Processing /usr/local/lib/python3.10/dist-packages/airflow/example_dags/example_setup_teardown_taskflow.py took 0.087 seconds
[2023-09-27T11:06:16.314+0000] {processor.py:157} INFO - Started process (PID=4683) to work on /usr/local/lib/python3.10/dist-packages/airflow/example_dags/example_setup_teardown_taskflow.py
[2023-09-27T11:06:16.316+0000] {processor.py:829} INFO - Processing file /usr/local/lib/python3.10/dist-packages/airflow/example_dags/example_setup_teardown_taskflow.py for tasks to queue
[2023-09-27T11:06:16.317+0000] {logging_mixin.py:151} INFO - [2023-09-27T11:06:16.316+0000] {dagbag.py:539} INFO - Filling up the DagBag from /usr/local/lib/python3.10/dist-packages/airflow/example_dags/example_setup_teardown_taskflow.py
[2023-09-27T11:06:16.331+0000] {processor.py:839} INFO - DAG(s) dict_keys(['example_setup_teardown_taskflow']) retrieved from /usr/local/lib/python3.10/dist-packages/airflow/example_dags/example_setup_teardown_taskflow.py
[2023-09-27T11:06:16.352+0000] {logging_mixin.py:151} INFO - [2023-09-27T11:06:16.352+0000] {dag.py:2915} INFO - Sync 1 DAGs
[2023-09-27T11:06:16.375+0000] {logging_mixin.py:151} INFO - [2023-09-27T11:06:16.375+0000] {dag.py:3696} INFO - Setting next_dagrun for example_setup_teardown_taskflow to 2023-09-26T11:06:16.375396+00:00, run_after=2023-09-27T11:06:16.375396+00:00
[2023-09-27T11:06:16.404+0000] {processor.py:179} INFO - Processing /usr/local/lib/python3.10/dist-packages/airflow/example_dags/example_setup_teardown_taskflow.py took 0.094 seconds
[2023-09-27T11:07:06.078+0000] {processor.py:157} INFO - Started process (PID=4739) to work on /usr/local/lib/python3.10/dist-packages/airflow/example_dags/example_setup_teardown_taskflow.py
[2023-09-27T11:07:06.080+0000] {processor.py:829} INFO - Processing file /usr/local/lib/python3.10/dist-packages/airflow/example_dags/example_setup_teardown_taskflow.py for tasks to queue
[2023-09-27T11:07:06.081+0000] {logging_mixin.py:151} INFO - [2023-09-27T11:07:06.081+0000] {dagbag.py:539} INFO - Filling up the DagBag from /usr/local/lib/python3.10/dist-packages/airflow/example_dags/example_setup_teardown_taskflow.py
[2023-09-27T11:07:06.093+0000] {processor.py:839} INFO - DAG(s) dict_keys(['example_setup_teardown_taskflow']) retrieved from /usr/local/lib/python3.10/dist-packages/airflow/example_dags/example_setup_teardown_taskflow.py
[2023-09-27T11:07:06.112+0000] {logging_mixin.py:151} INFO - [2023-09-27T11:07:06.111+0000] {dag.py:2915} INFO - Sync 1 DAGs
[2023-09-27T11:07:06.133+0000] {logging_mixin.py:151} INFO - [2023-09-27T11:07:06.133+0000] {dag.py:3696} INFO - Setting next_dagrun for example_setup_teardown_taskflow to 2023-09-26T11:07:06.133166+00:00, run_after=2023-09-27T11:07:06.133166+00:00
[2023-09-27T11:07:06.154+0000] {processor.py:179} INFO - Processing /usr/local/lib/python3.10/dist-packages/airflow/example_dags/example_setup_teardown_taskflow.py took 0.080 seconds
[2023-09-27T11:07:56.552+0000] {processor.py:157} INFO - Started process (PID=4790) to work on /usr/local/lib/python3.10/dist-packages/airflow/example_dags/example_setup_teardown_taskflow.py
[2023-09-27T11:07:56.554+0000] {processor.py:829} INFO - Processing file /usr/local/lib/python3.10/dist-packages/airflow/example_dags/example_setup_teardown_taskflow.py for tasks to queue
[2023-09-27T11:07:56.555+0000] {logging_mixin.py:151} INFO - [2023-09-27T11:07:56.554+0000] {dagbag.py:539} INFO - Filling up the DagBag from /usr/local/lib/python3.10/dist-packages/airflow/example_dags/example_setup_teardown_taskflow.py
[2023-09-27T11:07:56.566+0000] {processor.py:839} INFO - DAG(s) dict_keys(['example_setup_teardown_taskflow']) retrieved from /usr/local/lib/python3.10/dist-packages/airflow/example_dags/example_setup_teardown_taskflow.py
[2023-09-27T11:07:56.584+0000] {logging_mixin.py:151} INFO - [2023-09-27T11:07:56.584+0000] {dag.py:2915} INFO - Sync 1 DAGs
[2023-09-27T11:07:56.604+0000] {logging_mixin.py:151} INFO - [2023-09-27T11:07:56.604+0000] {dag.py:3696} INFO - Setting next_dagrun for example_setup_teardown_taskflow to 2023-09-26T11:07:56.604080+00:00, run_after=2023-09-27T11:07:56.604080+00:00
[2023-09-27T11:07:56.626+0000] {processor.py:179} INFO - Processing /usr/local/lib/python3.10/dist-packages/airflow/example_dags/example_setup_teardown_taskflow.py took 0.078 seconds
[2023-09-27T11:08:51.416+0000] {processor.py:157} INFO - Started process (PID=4844) to work on /usr/local/lib/python3.10/dist-packages/airflow/example_dags/example_setup_teardown_taskflow.py
[2023-09-27T11:08:51.417+0000] {processor.py:829} INFO - Processing file /usr/local/lib/python3.10/dist-packages/airflow/example_dags/example_setup_teardown_taskflow.py for tasks to queue
[2023-09-27T11:08:51.419+0000] {logging_mixin.py:151} INFO - [2023-09-27T11:08:51.418+0000] {dagbag.py:539} INFO - Filling up the DagBag from /usr/local/lib/python3.10/dist-packages/airflow/example_dags/example_setup_teardown_taskflow.py
[2023-09-27T11:08:51.431+0000] {processor.py:839} INFO - DAG(s) dict_keys(['example_setup_teardown_taskflow']) retrieved from /usr/local/lib/python3.10/dist-packages/airflow/example_dags/example_setup_teardown_taskflow.py
[2023-09-27T11:08:51.451+0000] {logging_mixin.py:151} INFO - [2023-09-27T11:08:51.451+0000] {dag.py:2915} INFO - Sync 1 DAGs
[2023-09-27T11:08:51.474+0000] {logging_mixin.py:151} INFO - [2023-09-27T11:08:51.474+0000] {dag.py:3696} INFO - Setting next_dagrun for example_setup_teardown_taskflow to 2023-09-26T11:08:51.474329+00:00, run_after=2023-09-27T11:08:51.474329+00:00
[2023-09-27T11:08:51.501+0000] {processor.py:179} INFO - Processing /usr/local/lib/python3.10/dist-packages/airflow/example_dags/example_setup_teardown_taskflow.py took 0.089 seconds
[2023-09-27T11:09:36.270+0000] {processor.py:157} INFO - Started process (PID=4894) to work on /usr/local/lib/python3.10/dist-packages/airflow/example_dags/example_setup_teardown_taskflow.py
[2023-09-27T11:09:36.271+0000] {processor.py:829} INFO - Processing file /usr/local/lib/python3.10/dist-packages/airflow/example_dags/example_setup_teardown_taskflow.py for tasks to queue
[2023-09-27T11:09:36.272+0000] {logging_mixin.py:151} INFO - [2023-09-27T11:09:36.271+0000] {dagbag.py:539} INFO - Filling up the DagBag from /usr/local/lib/python3.10/dist-packages/airflow/example_dags/example_setup_teardown_taskflow.py
[2023-09-27T11:09:36.282+0000] {processor.py:839} INFO - DAG(s) dict_keys(['example_setup_teardown_taskflow']) retrieved from /usr/local/lib/python3.10/dist-packages/airflow/example_dags/example_setup_teardown_taskflow.py
[2023-09-27T11:09:36.308+0000] {logging_mixin.py:151} INFO - [2023-09-27T11:09:36.307+0000] {dag.py:2915} INFO - Sync 1 DAGs
[2023-09-27T11:09:36.333+0000] {logging_mixin.py:151} INFO - [2023-09-27T11:09:36.333+0000] {dag.py:3696} INFO - Setting next_dagrun for example_setup_teardown_taskflow to 2023-09-26T11:09:36.333251+00:00, run_after=2023-09-27T11:09:36.333251+00:00
[2023-09-27T11:09:36.363+0000] {processor.py:179} INFO - Processing /usr/local/lib/python3.10/dist-packages/airflow/example_dags/example_setup_teardown_taskflow.py took 0.096 seconds
[2023-09-27T11:10:25.977+0000] {processor.py:157} INFO - Started process (PID=4944) to work on /usr/local/lib/python3.10/dist-packages/airflow/example_dags/example_setup_teardown_taskflow.py
[2023-09-27T11:10:25.979+0000] {processor.py:829} INFO - Processing file /usr/local/lib/python3.10/dist-packages/airflow/example_dags/example_setup_teardown_taskflow.py for tasks to queue
[2023-09-27T11:10:25.979+0000] {logging_mixin.py:151} INFO - [2023-09-27T11:10:25.979+0000] {dagbag.py:539} INFO - Filling up the DagBag from /usr/local/lib/python3.10/dist-packages/airflow/example_dags/example_setup_teardown_taskflow.py
[2023-09-27T11:10:25.991+0000] {processor.py:839} INFO - DAG(s) dict_keys(['example_setup_teardown_taskflow']) retrieved from /usr/local/lib/python3.10/dist-packages/airflow/example_dags/example_setup_teardown_taskflow.py
[2023-09-27T11:10:26.016+0000] {logging_mixin.py:151} INFO - [2023-09-27T11:10:26.015+0000] {dag.py:2915} INFO - Sync 1 DAGs
[2023-09-27T11:10:26.038+0000] {logging_mixin.py:151} INFO - [2023-09-27T11:10:26.037+0000] {dag.py:3696} INFO - Setting next_dagrun for example_setup_teardown_taskflow to 2023-09-26T11:10:26.037613+00:00, run_after=2023-09-27T11:10:26.037613+00:00
[2023-09-27T11:10:26.066+0000] {processor.py:179} INFO - Processing /usr/local/lib/python3.10/dist-packages/airflow/example_dags/example_setup_teardown_taskflow.py took 0.091 seconds
[2023-09-27T11:11:12.994+0000] {processor.py:157} INFO - Started process (PID=4996) to work on /usr/local/lib/python3.10/dist-packages/airflow/example_dags/example_setup_teardown_taskflow.py
[2023-09-27T11:11:12.995+0000] {processor.py:829} INFO - Processing file /usr/local/lib/python3.10/dist-packages/airflow/example_dags/example_setup_teardown_taskflow.py for tasks to queue
[2023-09-27T11:11:12.997+0000] {logging_mixin.py:151} INFO - [2023-09-27T11:11:12.997+0000] {dagbag.py:539} INFO - Filling up the DagBag from /usr/local/lib/python3.10/dist-packages/airflow/example_dags/example_setup_teardown_taskflow.py
[2023-09-27T11:11:13.011+0000] {processor.py:839} INFO - DAG(s) dict_keys(['example_setup_teardown_taskflow']) retrieved from /usr/local/lib/python3.10/dist-packages/airflow/example_dags/example_setup_teardown_taskflow.py
[2023-09-27T11:11:13.040+0000] {logging_mixin.py:151} INFO - [2023-09-27T11:11:13.038+0000] {dag.py:2915} INFO - Sync 1 DAGs
[2023-09-27T11:11:13.065+0000] {logging_mixin.py:151} INFO - [2023-09-27T11:11:13.065+0000] {dag.py:3696} INFO - Setting next_dagrun for example_setup_teardown_taskflow to 2023-09-26T11:11:13.065088+00:00, run_after=2023-09-27T11:11:13.065088+00:00
[2023-09-27T11:11:13.091+0000] {processor.py:179} INFO - Processing /usr/local/lib/python3.10/dist-packages/airflow/example_dags/example_setup_teardown_taskflow.py took 0.105 seconds
[2023-09-27T11:12:03.826+0000] {processor.py:157} INFO - Started process (PID=5049) to work on /usr/local/lib/python3.10/dist-packages/airflow/example_dags/example_setup_teardown_taskflow.py
[2023-09-27T11:12:03.827+0000] {processor.py:829} INFO - Processing file /usr/local/lib/python3.10/dist-packages/airflow/example_dags/example_setup_teardown_taskflow.py for tasks to queue
[2023-09-27T11:12:03.828+0000] {logging_mixin.py:151} INFO - [2023-09-27T11:12:03.828+0000] {dagbag.py:539} INFO - Filling up the DagBag from /usr/local/lib/python3.10/dist-packages/airflow/example_dags/example_setup_teardown_taskflow.py
[2023-09-27T11:12:03.838+0000] {processor.py:839} INFO - DAG(s) dict_keys(['example_setup_teardown_taskflow']) retrieved from /usr/local/lib/python3.10/dist-packages/airflow/example_dags/example_setup_teardown_taskflow.py
[2023-09-27T11:12:03.853+0000] {logging_mixin.py:151} INFO - [2023-09-27T11:12:03.853+0000] {dag.py:2915} INFO - Sync 1 DAGs
[2023-09-27T11:12:03.871+0000] {logging_mixin.py:151} INFO - [2023-09-27T11:12:03.871+0000] {dag.py:3696} INFO - Setting next_dagrun for example_setup_teardown_taskflow to 2023-09-26T11:12:03.870970+00:00, run_after=2023-09-27T11:12:03.870970+00:00
[2023-09-27T11:12:03.890+0000] {processor.py:179} INFO - Processing /usr/local/lib/python3.10/dist-packages/airflow/example_dags/example_setup_teardown_taskflow.py took 0.070 seconds
[2023-09-27T11:12:50.705+0000] {processor.py:157} INFO - Started process (PID=5101) to work on /usr/local/lib/python3.10/dist-packages/airflow/example_dags/example_setup_teardown_taskflow.py
[2023-09-27T11:12:50.706+0000] {processor.py:829} INFO - Processing file /usr/local/lib/python3.10/dist-packages/airflow/example_dags/example_setup_teardown_taskflow.py for tasks to queue
[2023-09-27T11:12:50.706+0000] {logging_mixin.py:151} INFO - [2023-09-27T11:12:50.706+0000] {dagbag.py:539} INFO - Filling up the DagBag from /usr/local/lib/python3.10/dist-packages/airflow/example_dags/example_setup_teardown_taskflow.py
[2023-09-27T11:12:50.716+0000] {processor.py:839} INFO - DAG(s) dict_keys(['example_setup_teardown_taskflow']) retrieved from /usr/local/lib/python3.10/dist-packages/airflow/example_dags/example_setup_teardown_taskflow.py
[2023-09-27T11:12:50.736+0000] {logging_mixin.py:151} INFO - [2023-09-27T11:12:50.735+0000] {dag.py:2915} INFO - Sync 1 DAGs
[2023-09-27T11:12:50.756+0000] {logging_mixin.py:151} INFO - [2023-09-27T11:12:50.756+0000] {dag.py:3696} INFO - Setting next_dagrun for example_setup_teardown_taskflow to 2023-09-26T11:12:50.756440+00:00, run_after=2023-09-27T11:12:50.756440+00:00
[2023-09-27T11:12:50.781+0000] {processor.py:179} INFO - Processing /usr/local/lib/python3.10/dist-packages/airflow/example_dags/example_setup_teardown_taskflow.py took 0.079 seconds
[2023-09-27T11:13:40.858+0000] {processor.py:157} INFO - Started process (PID=5155) to work on /usr/local/lib/python3.10/dist-packages/airflow/example_dags/example_setup_teardown_taskflow.py
[2023-09-27T11:13:40.859+0000] {processor.py:829} INFO - Processing file /usr/local/lib/python3.10/dist-packages/airflow/example_dags/example_setup_teardown_taskflow.py for tasks to queue
[2023-09-27T11:13:40.861+0000] {logging_mixin.py:151} INFO - [2023-09-27T11:13:40.859+0000] {dagbag.py:539} INFO - Filling up the DagBag from /usr/local/lib/python3.10/dist-packages/airflow/example_dags/example_setup_teardown_taskflow.py
[2023-09-27T11:13:40.876+0000] {processor.py:839} INFO - DAG(s) dict_keys(['example_setup_teardown_taskflow']) retrieved from /usr/local/lib/python3.10/dist-packages/airflow/example_dags/example_setup_teardown_taskflow.py
[2023-09-27T11:13:40.895+0000] {logging_mixin.py:151} INFO - [2023-09-27T11:13:40.895+0000] {dag.py:2915} INFO - Sync 1 DAGs
[2023-09-27T11:13:40.927+0000] {logging_mixin.py:151} INFO - [2023-09-27T11:13:40.927+0000] {dag.py:3696} INFO - Setting next_dagrun for example_setup_teardown_taskflow to 2023-09-26T11:13:40.926870+00:00, run_after=2023-09-27T11:13:40.926870+00:00
[2023-09-27T11:13:40.972+0000] {processor.py:179} INFO - Processing /usr/local/lib/python3.10/dist-packages/airflow/example_dags/example_setup_teardown_taskflow.py took 0.118 seconds
[2023-09-27T11:14:31.338+0000] {processor.py:157} INFO - Started process (PID=5207) to work on /usr/local/lib/python3.10/dist-packages/airflow/example_dags/example_setup_teardown_taskflow.py
[2023-09-27T11:14:31.339+0000] {processor.py:829} INFO - Processing file /usr/local/lib/python3.10/dist-packages/airflow/example_dags/example_setup_teardown_taskflow.py for tasks to queue
[2023-09-27T11:14:31.340+0000] {logging_mixin.py:151} INFO - [2023-09-27T11:14:31.340+0000] {dagbag.py:539} INFO - Filling up the DagBag from /usr/local/lib/python3.10/dist-packages/airflow/example_dags/example_setup_teardown_taskflow.py
[2023-09-27T11:14:31.350+0000] {processor.py:839} INFO - DAG(s) dict_keys(['example_setup_teardown_taskflow']) retrieved from /usr/local/lib/python3.10/dist-packages/airflow/example_dags/example_setup_teardown_taskflow.py
[2023-09-27T11:14:31.367+0000] {logging_mixin.py:151} INFO - [2023-09-27T11:14:31.367+0000] {dag.py:2915} INFO - Sync 1 DAGs
[2023-09-27T11:14:31.385+0000] {logging_mixin.py:151} INFO - [2023-09-27T11:14:31.385+0000] {dag.py:3696} INFO - Setting next_dagrun for example_setup_teardown_taskflow to 2023-09-26T11:14:31.385368+00:00, run_after=2023-09-27T11:14:31.385368+00:00
[2023-09-27T11:14:31.405+0000] {processor.py:179} INFO - Processing /usr/local/lib/python3.10/dist-packages/airflow/example_dags/example_setup_teardown_taskflow.py took 0.071 seconds
[2023-09-27T11:15:22.751+0000] {processor.py:157} INFO - Started process (PID=5259) to work on /usr/local/lib/python3.10/dist-packages/airflow/example_dags/example_setup_teardown_taskflow.py
[2023-09-27T11:15:22.752+0000] {processor.py:829} INFO - Processing file /usr/local/lib/python3.10/dist-packages/airflow/example_dags/example_setup_teardown_taskflow.py for tasks to queue
[2023-09-27T11:15:22.754+0000] {logging_mixin.py:151} INFO - [2023-09-27T11:15:22.753+0000] {dagbag.py:539} INFO - Filling up the DagBag from /usr/local/lib/python3.10/dist-packages/airflow/example_dags/example_setup_teardown_taskflow.py
[2023-09-27T11:15:22.766+0000] {processor.py:839} INFO - DAG(s) dict_keys(['example_setup_teardown_taskflow']) retrieved from /usr/local/lib/python3.10/dist-packages/airflow/example_dags/example_setup_teardown_taskflow.py
[2023-09-27T11:15:22.785+0000] {logging_mixin.py:151} INFO - [2023-09-27T11:15:22.785+0000] {dag.py:2915} INFO - Sync 1 DAGs
[2023-09-27T11:15:22.806+0000] {logging_mixin.py:151} INFO - [2023-09-27T11:15:22.805+0000] {dag.py:3696} INFO - Setting next_dagrun for example_setup_teardown_taskflow to 2023-09-26T11:15:22.805775+00:00, run_after=2023-09-27T11:15:22.805775+00:00
[2023-09-27T11:15:22.831+0000] {processor.py:179} INFO - Processing /usr/local/lib/python3.10/dist-packages/airflow/example_dags/example_setup_teardown_taskflow.py took 0.084 seconds
[2023-09-27T11:16:08.696+0000] {processor.py:157} INFO - Started process (PID=5307) to work on /usr/local/lib/python3.10/dist-packages/airflow/example_dags/example_setup_teardown_taskflow.py
[2023-09-27T11:16:08.697+0000] {processor.py:829} INFO - Processing file /usr/local/lib/python3.10/dist-packages/airflow/example_dags/example_setup_teardown_taskflow.py for tasks to queue
[2023-09-27T11:16:08.698+0000] {logging_mixin.py:151} INFO - [2023-09-27T11:16:08.697+0000] {dagbag.py:539} INFO - Filling up the DagBag from /usr/local/lib/python3.10/dist-packages/airflow/example_dags/example_setup_teardown_taskflow.py
[2023-09-27T11:16:08.707+0000] {processor.py:839} INFO - DAG(s) dict_keys(['example_setup_teardown_taskflow']) retrieved from /usr/local/lib/python3.10/dist-packages/airflow/example_dags/example_setup_teardown_taskflow.py
[2023-09-27T11:16:08.723+0000] {logging_mixin.py:151} INFO - [2023-09-27T11:16:08.723+0000] {dag.py:2915} INFO - Sync 1 DAGs
[2023-09-27T11:16:08.742+0000] {logging_mixin.py:151} INFO - [2023-09-27T11:16:08.742+0000] {dag.py:3696} INFO - Setting next_dagrun for example_setup_teardown_taskflow to 2023-09-26T11:16:08.742193+00:00, run_after=2023-09-27T11:16:08.742193+00:00
[2023-09-27T11:16:08.762+0000] {processor.py:179} INFO - Processing /usr/local/lib/python3.10/dist-packages/airflow/example_dags/example_setup_teardown_taskflow.py took 0.069 seconds
[2023-09-27T11:16:57.977+0000] {processor.py:157} INFO - Started process (PID=5360) to work on /usr/local/lib/python3.10/dist-packages/airflow/example_dags/example_setup_teardown_taskflow.py
[2023-09-27T11:16:57.978+0000] {processor.py:829} INFO - Processing file /usr/local/lib/python3.10/dist-packages/airflow/example_dags/example_setup_teardown_taskflow.py for tasks to queue
[2023-09-27T11:16:57.979+0000] {logging_mixin.py:151} INFO - [2023-09-27T11:16:57.979+0000] {dagbag.py:539} INFO - Filling up the DagBag from /usr/local/lib/python3.10/dist-packages/airflow/example_dags/example_setup_teardown_taskflow.py
[2023-09-27T11:16:57.990+0000] {processor.py:839} INFO - DAG(s) dict_keys(['example_setup_teardown_taskflow']) retrieved from /usr/local/lib/python3.10/dist-packages/airflow/example_dags/example_setup_teardown_taskflow.py
[2023-09-27T11:16:58.015+0000] {logging_mixin.py:151} INFO - [2023-09-27T11:16:58.014+0000] {dag.py:2915} INFO - Sync 1 DAGs
[2023-09-27T11:16:58.033+0000] {logging_mixin.py:151} INFO - [2023-09-27T11:16:58.033+0000] {dag.py:3696} INFO - Setting next_dagrun for example_setup_teardown_taskflow to 2023-09-26T11:16:58.032968+00:00, run_after=2023-09-27T11:16:58.032968+00:00
[2023-09-27T11:16:58.058+0000] {processor.py:179} INFO - Processing /usr/local/lib/python3.10/dist-packages/airflow/example_dags/example_setup_teardown_taskflow.py took 0.084 seconds
[2023-09-27T11:17:49.666+0000] {processor.py:157} INFO - Started process (PID=5418) to work on /usr/local/lib/python3.10/dist-packages/airflow/example_dags/example_setup_teardown_taskflow.py
[2023-09-27T11:17:49.667+0000] {processor.py:829} INFO - Processing file /usr/local/lib/python3.10/dist-packages/airflow/example_dags/example_setup_teardown_taskflow.py for tasks to queue
[2023-09-27T11:17:49.668+0000] {logging_mixin.py:151} INFO - [2023-09-27T11:17:49.668+0000] {dagbag.py:539} INFO - Filling up the DagBag from /usr/local/lib/python3.10/dist-packages/airflow/example_dags/example_setup_teardown_taskflow.py
[2023-09-27T11:17:49.679+0000] {processor.py:839} INFO - DAG(s) dict_keys(['example_setup_teardown_taskflow']) retrieved from /usr/local/lib/python3.10/dist-packages/airflow/example_dags/example_setup_teardown_taskflow.py
[2023-09-27T11:17:49.698+0000] {logging_mixin.py:151} INFO - [2023-09-27T11:17:49.697+0000] {dag.py:2915} INFO - Sync 1 DAGs
[2023-09-27T11:17:49.718+0000] {logging_mixin.py:151} INFO - [2023-09-27T11:17:49.718+0000] {dag.py:3696} INFO - Setting next_dagrun for example_setup_teardown_taskflow to 2023-09-26T11:17:49.718519+00:00, run_after=2023-09-27T11:17:49.718519+00:00
[2023-09-27T11:17:49.746+0000] {processor.py:179} INFO - Processing /usr/local/lib/python3.10/dist-packages/airflow/example_dags/example_setup_teardown_taskflow.py took 0.083 seconds
[2023-09-27T11:18:39.942+0000] {processor.py:157} INFO - Started process (PID=5472) to work on /usr/local/lib/python3.10/dist-packages/airflow/example_dags/example_setup_teardown_taskflow.py
[2023-09-27T11:18:39.944+0000] {processor.py:829} INFO - Processing file /usr/local/lib/python3.10/dist-packages/airflow/example_dags/example_setup_teardown_taskflow.py for tasks to queue
[2023-09-27T11:18:39.945+0000] {logging_mixin.py:151} INFO - [2023-09-27T11:18:39.944+0000] {dagbag.py:539} INFO - Filling up the DagBag from /usr/local/lib/python3.10/dist-packages/airflow/example_dags/example_setup_teardown_taskflow.py
[2023-09-27T11:18:39.956+0000] {processor.py:839} INFO - DAG(s) dict_keys(['example_setup_teardown_taskflow']) retrieved from /usr/local/lib/python3.10/dist-packages/airflow/example_dags/example_setup_teardown_taskflow.py
[2023-09-27T11:18:39.977+0000] {logging_mixin.py:151} INFO - [2023-09-27T11:18:39.976+0000] {dag.py:2915} INFO - Sync 1 DAGs
[2023-09-27T11:18:40.004+0000] {logging_mixin.py:151} INFO - [2023-09-27T11:18:40.004+0000] {dag.py:3696} INFO - Setting next_dagrun for example_setup_teardown_taskflow to 2023-09-26T11:18:40.003808+00:00, run_after=2023-09-27T11:18:40.003808+00:00
[2023-09-27T11:18:40.032+0000] {processor.py:179} INFO - Processing /usr/local/lib/python3.10/dist-packages/airflow/example_dags/example_setup_teardown_taskflow.py took 0.093 seconds
[2023-09-27T11:19:26.669+0000] {processor.py:157} INFO - Started process (PID=5520) to work on /usr/local/lib/python3.10/dist-packages/airflow/example_dags/example_setup_teardown_taskflow.py
[2023-09-27T11:19:26.670+0000] {processor.py:829} INFO - Processing file /usr/local/lib/python3.10/dist-packages/airflow/example_dags/example_setup_teardown_taskflow.py for tasks to queue
[2023-09-27T11:19:26.671+0000] {logging_mixin.py:151} INFO - [2023-09-27T11:19:26.671+0000] {dagbag.py:539} INFO - Filling up the DagBag from /usr/local/lib/python3.10/dist-packages/airflow/example_dags/example_setup_teardown_taskflow.py
[2023-09-27T11:19:26.682+0000] {processor.py:839} INFO - DAG(s) dict_keys(['example_setup_teardown_taskflow']) retrieved from /usr/local/lib/python3.10/dist-packages/airflow/example_dags/example_setup_teardown_taskflow.py
[2023-09-27T11:19:26.699+0000] {logging_mixin.py:151} INFO - [2023-09-27T11:19:26.699+0000] {dag.py:2915} INFO - Sync 1 DAGs
[2023-09-27T11:19:26.720+0000] {logging_mixin.py:151} INFO - [2023-09-27T11:19:26.720+0000] {dag.py:3696} INFO - Setting next_dagrun for example_setup_teardown_taskflow to 2023-09-26T11:19:26.719889+00:00, run_after=2023-09-27T11:19:26.719889+00:00
[2023-09-27T11:19:26.741+0000] {processor.py:179} INFO - Processing /usr/local/lib/python3.10/dist-packages/airflow/example_dags/example_setup_teardown_taskflow.py took 0.074 seconds
[2023-09-27T11:20:19.697+0000] {processor.py:157} INFO - Started process (PID=5577) to work on /usr/local/lib/python3.10/dist-packages/airflow/example_dags/example_setup_teardown_taskflow.py
[2023-09-27T11:20:19.699+0000] {processor.py:829} INFO - Processing file /usr/local/lib/python3.10/dist-packages/airflow/example_dags/example_setup_teardown_taskflow.py for tasks to queue
[2023-09-27T11:20:19.700+0000] {logging_mixin.py:151} INFO - [2023-09-27T11:20:19.699+0000] {dagbag.py:539} INFO - Filling up the DagBag from /usr/local/lib/python3.10/dist-packages/airflow/example_dags/example_setup_teardown_taskflow.py
[2023-09-27T11:20:19.710+0000] {processor.py:839} INFO - DAG(s) dict_keys(['example_setup_teardown_taskflow']) retrieved from /usr/local/lib/python3.10/dist-packages/airflow/example_dags/example_setup_teardown_taskflow.py
[2023-09-27T11:20:19.732+0000] {logging_mixin.py:151} INFO - [2023-09-27T11:20:19.732+0000] {dag.py:2915} INFO - Sync 1 DAGs
[2023-09-27T11:20:19.763+0000] {logging_mixin.py:151} INFO - [2023-09-27T11:20:19.763+0000] {dag.py:3696} INFO - Setting next_dagrun for example_setup_teardown_taskflow to 2023-09-26T11:20:19.763041+00:00, run_after=2023-09-27T11:20:19.763041+00:00
[2023-09-27T11:20:19.789+0000] {processor.py:179} INFO - Processing /usr/local/lib/python3.10/dist-packages/airflow/example_dags/example_setup_teardown_taskflow.py took 0.096 seconds
[2023-09-27T11:21:11.786+0000] {processor.py:157} INFO - Started process (PID=5631) to work on /usr/local/lib/python3.10/dist-packages/airflow/example_dags/example_setup_teardown_taskflow.py
[2023-09-27T11:21:11.787+0000] {processor.py:829} INFO - Processing file /usr/local/lib/python3.10/dist-packages/airflow/example_dags/example_setup_teardown_taskflow.py for tasks to queue
[2023-09-27T11:21:11.788+0000] {logging_mixin.py:151} INFO - [2023-09-27T11:21:11.787+0000] {dagbag.py:539} INFO - Filling up the DagBag from /usr/local/lib/python3.10/dist-packages/airflow/example_dags/example_setup_teardown_taskflow.py
[2023-09-27T11:21:11.800+0000] {processor.py:839} INFO - DAG(s) dict_keys(['example_setup_teardown_taskflow']) retrieved from /usr/local/lib/python3.10/dist-packages/airflow/example_dags/example_setup_teardown_taskflow.py
[2023-09-27T11:21:11.819+0000] {logging_mixin.py:151} INFO - [2023-09-27T11:21:11.819+0000] {dag.py:2915} INFO - Sync 1 DAGs
[2023-09-27T11:21:11.840+0000] {logging_mixin.py:151} INFO - [2023-09-27T11:21:11.839+0000] {dag.py:3696} INFO - Setting next_dagrun for example_setup_teardown_taskflow to 2023-09-26T11:21:11.839696+00:00, run_after=2023-09-27T11:21:11.839696+00:00
[2023-09-27T11:21:11.861+0000] {processor.py:179} INFO - Processing /usr/local/lib/python3.10/dist-packages/airflow/example_dags/example_setup_teardown_taskflow.py took 0.079 seconds
[2023-09-27T11:22:02.892+0000] {processor.py:157} INFO - Started process (PID=5688) to work on /usr/local/lib/python3.10/dist-packages/airflow/example_dags/example_setup_teardown_taskflow.py
[2023-09-27T11:22:02.893+0000] {processor.py:829} INFO - Processing file /usr/local/lib/python3.10/dist-packages/airflow/example_dags/example_setup_teardown_taskflow.py for tasks to queue
[2023-09-27T11:22:02.896+0000] {logging_mixin.py:151} INFO - [2023-09-27T11:22:02.893+0000] {dagbag.py:539} INFO - Filling up the DagBag from /usr/local/lib/python3.10/dist-packages/airflow/example_dags/example_setup_teardown_taskflow.py
[2023-09-27T11:22:02.913+0000] {processor.py:839} INFO - DAG(s) dict_keys(['example_setup_teardown_taskflow']) retrieved from /usr/local/lib/python3.10/dist-packages/airflow/example_dags/example_setup_teardown_taskflow.py
[2023-09-27T11:22:02.934+0000] {logging_mixin.py:151} INFO - [2023-09-27T11:22:02.933+0000] {dag.py:2915} INFO - Sync 1 DAGs
[2023-09-27T11:22:02.959+0000] {logging_mixin.py:151} INFO - [2023-09-27T11:22:02.958+0000] {dag.py:3696} INFO - Setting next_dagrun for example_setup_teardown_taskflow to 2023-09-26T11:22:02.958666+00:00, run_after=2023-09-27T11:22:02.958666+00:00
[2023-09-27T11:22:02.983+0000] {processor.py:179} INFO - Processing /usr/local/lib/python3.10/dist-packages/airflow/example_dags/example_setup_teardown_taskflow.py took 0.095 seconds
[2023-09-27T11:22:50.500+0000] {processor.py:157} INFO - Started process (PID=5739) to work on /usr/local/lib/python3.10/dist-packages/airflow/example_dags/example_setup_teardown_taskflow.py
[2023-09-27T11:22:50.501+0000] {processor.py:829} INFO - Processing file /usr/local/lib/python3.10/dist-packages/airflow/example_dags/example_setup_teardown_taskflow.py for tasks to queue
[2023-09-27T11:22:50.502+0000] {logging_mixin.py:151} INFO - [2023-09-27T11:22:50.501+0000] {dagbag.py:539} INFO - Filling up the DagBag from /usr/local/lib/python3.10/dist-packages/airflow/example_dags/example_setup_teardown_taskflow.py
[2023-09-27T11:22:50.512+0000] {processor.py:839} INFO - DAG(s) dict_keys(['example_setup_teardown_taskflow']) retrieved from /usr/local/lib/python3.10/dist-packages/airflow/example_dags/example_setup_teardown_taskflow.py
[2023-09-27T11:22:50.530+0000] {logging_mixin.py:151} INFO - [2023-09-27T11:22:50.530+0000] {dag.py:2915} INFO - Sync 1 DAGs
[2023-09-27T11:22:50.549+0000] {logging_mixin.py:151} INFO - [2023-09-27T11:22:50.549+0000] {dag.py:3696} INFO - Setting next_dagrun for example_setup_teardown_taskflow to 2023-09-26T11:22:50.548975+00:00, run_after=2023-09-27T11:22:50.548975+00:00
[2023-09-27T11:22:50.570+0000] {processor.py:179} INFO - Processing /usr/local/lib/python3.10/dist-packages/airflow/example_dags/example_setup_teardown_taskflow.py took 0.074 seconds
[2023-09-27T11:23:42.886+0000] {processor.py:157} INFO - Started process (PID=5793) to work on /usr/local/lib/python3.10/dist-packages/airflow/example_dags/example_setup_teardown_taskflow.py
[2023-09-27T11:23:42.887+0000] {processor.py:829} INFO - Processing file /usr/local/lib/python3.10/dist-packages/airflow/example_dags/example_setup_teardown_taskflow.py for tasks to queue
[2023-09-27T11:23:42.887+0000] {logging_mixin.py:151} INFO - [2023-09-27T11:23:42.887+0000] {dagbag.py:539} INFO - Filling up the DagBag from /usr/local/lib/python3.10/dist-packages/airflow/example_dags/example_setup_teardown_taskflow.py
[2023-09-27T11:23:42.898+0000] {processor.py:839} INFO - DAG(s) dict_keys(['example_setup_teardown_taskflow']) retrieved from /usr/local/lib/python3.10/dist-packages/airflow/example_dags/example_setup_teardown_taskflow.py
[2023-09-27T11:23:42.916+0000] {logging_mixin.py:151} INFO - [2023-09-27T11:23:42.916+0000] {dag.py:2915} INFO - Sync 1 DAGs
[2023-09-27T11:23:42.940+0000] {logging_mixin.py:151} INFO - [2023-09-27T11:23:42.940+0000] {dag.py:3696} INFO - Setting next_dagrun for example_setup_teardown_taskflow to 2023-09-26T11:23:42.939820+00:00, run_after=2023-09-27T11:23:42.939820+00:00
[2023-09-27T11:23:42.970+0000] {processor.py:179} INFO - Processing /usr/local/lib/python3.10/dist-packages/airflow/example_dags/example_setup_teardown_taskflow.py took 0.088 seconds
[2023-09-27T11:24:33.360+0000] {processor.py:157} INFO - Started process (PID=5845) to work on /usr/local/lib/python3.10/dist-packages/airflow/example_dags/example_setup_teardown_taskflow.py
[2023-09-27T11:24:33.362+0000] {processor.py:829} INFO - Processing file /usr/local/lib/python3.10/dist-packages/airflow/example_dags/example_setup_teardown_taskflow.py for tasks to queue
[2023-09-27T11:24:33.362+0000] {logging_mixin.py:151} INFO - [2023-09-27T11:24:33.362+0000] {dagbag.py:539} INFO - Filling up the DagBag from /usr/local/lib/python3.10/dist-packages/airflow/example_dags/example_setup_teardown_taskflow.py
[2023-09-27T11:24:33.375+0000] {processor.py:839} INFO - DAG(s) dict_keys(['example_setup_teardown_taskflow']) retrieved from /usr/local/lib/python3.10/dist-packages/airflow/example_dags/example_setup_teardown_taskflow.py
[2023-09-27T11:24:33.392+0000] {logging_mixin.py:151} INFO - [2023-09-27T11:24:33.392+0000] {dag.py:2915} INFO - Sync 1 DAGs
[2023-09-27T11:24:33.415+0000] {logging_mixin.py:151} INFO - [2023-09-27T11:24:33.415+0000] {dag.py:3696} INFO - Setting next_dagrun for example_setup_teardown_taskflow to 2023-09-26T11:24:33.415177+00:00, run_after=2023-09-27T11:24:33.415177+00:00
[2023-09-27T11:24:33.440+0000] {processor.py:179} INFO - Processing /usr/local/lib/python3.10/dist-packages/airflow/example_dags/example_setup_teardown_taskflow.py took 0.083 seconds
[2023-09-27T11:25:26.078+0000] {processor.py:157} INFO - Started process (PID=5898) to work on /usr/local/lib/python3.10/dist-packages/airflow/example_dags/example_setup_teardown_taskflow.py
[2023-09-27T11:25:26.079+0000] {processor.py:829} INFO - Processing file /usr/local/lib/python3.10/dist-packages/airflow/example_dags/example_setup_teardown_taskflow.py for tasks to queue
[2023-09-27T11:25:26.081+0000] {logging_mixin.py:151} INFO - [2023-09-27T11:25:26.080+0000] {dagbag.py:539} INFO - Filling up the DagBag from /usr/local/lib/python3.10/dist-packages/airflow/example_dags/example_setup_teardown_taskflow.py
[2023-09-27T11:25:26.092+0000] {processor.py:839} INFO - DAG(s) dict_keys(['example_setup_teardown_taskflow']) retrieved from /usr/local/lib/python3.10/dist-packages/airflow/example_dags/example_setup_teardown_taskflow.py
[2023-09-27T11:25:26.110+0000] {logging_mixin.py:151} INFO - [2023-09-27T11:25:26.110+0000] {dag.py:2915} INFO - Sync 1 DAGs
[2023-09-27T11:25:26.128+0000] {logging_mixin.py:151} INFO - [2023-09-27T11:25:26.128+0000] {dag.py:3696} INFO - Setting next_dagrun for example_setup_teardown_taskflow to 2023-09-26T11:25:26.128555+00:00, run_after=2023-09-27T11:25:26.128555+00:00
[2023-09-27T11:25:26.177+0000] {processor.py:179} INFO - Processing /usr/local/lib/python3.10/dist-packages/airflow/example_dags/example_setup_teardown_taskflow.py took 0.102 seconds
[2023-09-27T11:26:20.789+0000] {processor.py:157} INFO - Started process (PID=5956) to work on /usr/local/lib/python3.10/dist-packages/airflow/example_dags/example_setup_teardown_taskflow.py
[2023-09-27T11:26:20.790+0000] {processor.py:829} INFO - Processing file /usr/local/lib/python3.10/dist-packages/airflow/example_dags/example_setup_teardown_taskflow.py for tasks to queue
[2023-09-27T11:26:20.791+0000] {logging_mixin.py:151} INFO - [2023-09-27T11:26:20.791+0000] {dagbag.py:539} INFO - Filling up the DagBag from /usr/local/lib/python3.10/dist-packages/airflow/example_dags/example_setup_teardown_taskflow.py
[2023-09-27T11:26:20.801+0000] {processor.py:839} INFO - DAG(s) dict_keys(['example_setup_teardown_taskflow']) retrieved from /usr/local/lib/python3.10/dist-packages/airflow/example_dags/example_setup_teardown_taskflow.py
[2023-09-27T11:26:20.819+0000] {logging_mixin.py:151} INFO - [2023-09-27T11:26:20.819+0000] {dag.py:2915} INFO - Sync 1 DAGs
[2023-09-27T11:26:20.840+0000] {logging_mixin.py:151} INFO - [2023-09-27T11:26:20.840+0000] {dag.py:3696} INFO - Setting next_dagrun for example_setup_teardown_taskflow to 2023-09-26T11:26:20.840567+00:00, run_after=2023-09-27T11:26:20.840567+00:00
[2023-09-27T11:26:20.861+0000] {processor.py:179} INFO - Processing /usr/local/lib/python3.10/dist-packages/airflow/example_dags/example_setup_teardown_taskflow.py took 0.075 seconds
[2023-09-27T11:27:11.037+0000] {processor.py:157} INFO - Started process (PID=6012) to work on /usr/local/lib/python3.10/dist-packages/airflow/example_dags/example_setup_teardown_taskflow.py
[2023-09-27T11:27:11.038+0000] {processor.py:829} INFO - Processing file /usr/local/lib/python3.10/dist-packages/airflow/example_dags/example_setup_teardown_taskflow.py for tasks to queue
[2023-09-27T11:27:11.039+0000] {logging_mixin.py:151} INFO - [2023-09-27T11:27:11.039+0000] {dagbag.py:539} INFO - Filling up the DagBag from /usr/local/lib/python3.10/dist-packages/airflow/example_dags/example_setup_teardown_taskflow.py
[2023-09-27T11:27:11.049+0000] {processor.py:839} INFO - DAG(s) dict_keys(['example_setup_teardown_taskflow']) retrieved from /usr/local/lib/python3.10/dist-packages/airflow/example_dags/example_setup_teardown_taskflow.py
[2023-09-27T11:27:11.065+0000] {logging_mixin.py:151} INFO - [2023-09-27T11:27:11.065+0000] {dag.py:2915} INFO - Sync 1 DAGs
[2023-09-27T11:27:11.085+0000] {logging_mixin.py:151} INFO - [2023-09-27T11:27:11.085+0000] {dag.py:3696} INFO - Setting next_dagrun for example_setup_teardown_taskflow to 2023-09-26T11:27:11.084826+00:00, run_after=2023-09-27T11:27:11.084826+00:00
[2023-09-27T11:27:11.109+0000] {processor.py:179} INFO - Processing /usr/local/lib/python3.10/dist-packages/airflow/example_dags/example_setup_teardown_taskflow.py took 0.075 seconds
[2023-09-27T11:27:58.715+0000] {processor.py:157} INFO - Started process (PID=6066) to work on /usr/local/lib/python3.10/dist-packages/airflow/example_dags/example_setup_teardown_taskflow.py
[2023-09-27T11:27:58.716+0000] {processor.py:829} INFO - Processing file /usr/local/lib/python3.10/dist-packages/airflow/example_dags/example_setup_teardown_taskflow.py for tasks to queue
[2023-09-27T11:27:58.717+0000] {logging_mixin.py:151} INFO - [2023-09-27T11:27:58.717+0000] {dagbag.py:539} INFO - Filling up the DagBag from /usr/local/lib/python3.10/dist-packages/airflow/example_dags/example_setup_teardown_taskflow.py
[2023-09-27T11:27:58.728+0000] {processor.py:839} INFO - DAG(s) dict_keys(['example_setup_teardown_taskflow']) retrieved from /usr/local/lib/python3.10/dist-packages/airflow/example_dags/example_setup_teardown_taskflow.py
[2023-09-27T11:27:58.749+0000] {logging_mixin.py:151} INFO - [2023-09-27T11:27:58.748+0000] {dag.py:2915} INFO - Sync 1 DAGs
[2023-09-27T11:27:58.771+0000] {logging_mixin.py:151} INFO - [2023-09-27T11:27:58.771+0000] {dag.py:3696} INFO - Setting next_dagrun for example_setup_teardown_taskflow to 2023-09-26T11:27:58.770903+00:00, run_after=2023-09-27T11:27:58.770903+00:00
[2023-09-27T11:27:58.800+0000] {processor.py:179} INFO - Processing /usr/local/lib/python3.10/dist-packages/airflow/example_dags/example_setup_teardown_taskflow.py took 0.089 seconds
[2023-09-27T11:28:46.133+0000] {processor.py:157} INFO - Started process (PID=6118) to work on /usr/local/lib/python3.10/dist-packages/airflow/example_dags/example_setup_teardown_taskflow.py
[2023-09-27T11:28:46.134+0000] {processor.py:829} INFO - Processing file /usr/local/lib/python3.10/dist-packages/airflow/example_dags/example_setup_teardown_taskflow.py for tasks to queue
[2023-09-27T11:28:46.136+0000] {logging_mixin.py:151} INFO - [2023-09-27T11:28:46.135+0000] {dagbag.py:539} INFO - Filling up the DagBag from /usr/local/lib/python3.10/dist-packages/airflow/example_dags/example_setup_teardown_taskflow.py
[2023-09-27T11:28:46.146+0000] {processor.py:839} INFO - DAG(s) dict_keys(['example_setup_teardown_taskflow']) retrieved from /usr/local/lib/python3.10/dist-packages/airflow/example_dags/example_setup_teardown_taskflow.py
[2023-09-27T11:28:46.162+0000] {logging_mixin.py:151} INFO - [2023-09-27T11:28:46.162+0000] {dag.py:2915} INFO - Sync 1 DAGs
[2023-09-27T11:28:46.184+0000] {logging_mixin.py:151} INFO - [2023-09-27T11:28:46.184+0000] {dag.py:3696} INFO - Setting next_dagrun for example_setup_teardown_taskflow to 2023-09-26T11:28:46.184504+00:00, run_after=2023-09-27T11:28:46.184504+00:00
[2023-09-27T11:28:46.206+0000] {processor.py:179} INFO - Processing /usr/local/lib/python3.10/dist-packages/airflow/example_dags/example_setup_teardown_taskflow.py took 0.076 seconds
[2023-09-27T11:29:38.117+0000] {processor.py:157} INFO - Started process (PID=6173) to work on /usr/local/lib/python3.10/dist-packages/airflow/example_dags/example_setup_teardown_taskflow.py
[2023-09-27T11:29:38.118+0000] {processor.py:829} INFO - Processing file /usr/local/lib/python3.10/dist-packages/airflow/example_dags/example_setup_teardown_taskflow.py for tasks to queue
[2023-09-27T11:29:38.119+0000] {logging_mixin.py:151} INFO - [2023-09-27T11:29:38.119+0000] {dagbag.py:539} INFO - Filling up the DagBag from /usr/local/lib/python3.10/dist-packages/airflow/example_dags/example_setup_teardown_taskflow.py
[2023-09-27T11:29:38.129+0000] {processor.py:839} INFO - DAG(s) dict_keys(['example_setup_teardown_taskflow']) retrieved from /usr/local/lib/python3.10/dist-packages/airflow/example_dags/example_setup_teardown_taskflow.py
[2023-09-27T11:29:38.157+0000] {logging_mixin.py:151} INFO - [2023-09-27T11:29:38.157+0000] {dag.py:2915} INFO - Sync 1 DAGs
[2023-09-27T11:29:38.176+0000] {logging_mixin.py:151} INFO - [2023-09-27T11:29:38.176+0000] {dag.py:3696} INFO - Setting next_dagrun for example_setup_teardown_taskflow to 2023-09-26T11:29:38.176500+00:00, run_after=2023-09-27T11:29:38.176500+00:00
[2023-09-27T11:29:38.198+0000] {processor.py:179} INFO - Processing /usr/local/lib/python3.10/dist-packages/airflow/example_dags/example_setup_teardown_taskflow.py took 0.084 seconds
[2023-09-27T11:30:28.841+0000] {processor.py:157} INFO - Started process (PID=6225) to work on /usr/local/lib/python3.10/dist-packages/airflow/example_dags/example_setup_teardown_taskflow.py
[2023-09-27T11:30:28.842+0000] {processor.py:829} INFO - Processing file /usr/local/lib/python3.10/dist-packages/airflow/example_dags/example_setup_teardown_taskflow.py for tasks to queue
[2023-09-27T11:30:28.842+0000] {logging_mixin.py:151} INFO - [2023-09-27T11:30:28.842+0000] {dagbag.py:539} INFO - Filling up the DagBag from /usr/local/lib/python3.10/dist-packages/airflow/example_dags/example_setup_teardown_taskflow.py
[2023-09-27T11:30:28.852+0000] {processor.py:839} INFO - DAG(s) dict_keys(['example_setup_teardown_taskflow']) retrieved from /usr/local/lib/python3.10/dist-packages/airflow/example_dags/example_setup_teardown_taskflow.py
[2023-09-27T11:30:28.868+0000] {logging_mixin.py:151} INFO - [2023-09-27T11:30:28.868+0000] {dag.py:2915} INFO - Sync 1 DAGs
[2023-09-27T11:30:28.886+0000] {logging_mixin.py:151} INFO - [2023-09-27T11:30:28.886+0000] {dag.py:3696} INFO - Setting next_dagrun for example_setup_teardown_taskflow to 2023-09-26T11:30:28.886316+00:00, run_after=2023-09-27T11:30:28.886316+00:00
[2023-09-27T11:30:28.906+0000] {processor.py:179} INFO - Processing /usr/local/lib/python3.10/dist-packages/airflow/example_dags/example_setup_teardown_taskflow.py took 0.069 seconds
[2023-09-27T11:31:17.803+0000] {processor.py:157} INFO - Started process (PID=6277) to work on /usr/local/lib/python3.10/dist-packages/airflow/example_dags/example_setup_teardown_taskflow.py
[2023-09-27T11:31:17.810+0000] {processor.py:829} INFO - Processing file /usr/local/lib/python3.10/dist-packages/airflow/example_dags/example_setup_teardown_taskflow.py for tasks to queue
[2023-09-27T11:31:17.811+0000] {logging_mixin.py:151} INFO - [2023-09-27T11:31:17.810+0000] {dagbag.py:539} INFO - Filling up the DagBag from /usr/local/lib/python3.10/dist-packages/airflow/example_dags/example_setup_teardown_taskflow.py
[2023-09-27T11:31:17.822+0000] {processor.py:839} INFO - DAG(s) dict_keys(['example_setup_teardown_taskflow']) retrieved from /usr/local/lib/python3.10/dist-packages/airflow/example_dags/example_setup_teardown_taskflow.py
[2023-09-27T11:31:17.838+0000] {logging_mixin.py:151} INFO - [2023-09-27T11:31:17.838+0000] {dag.py:2915} INFO - Sync 1 DAGs
[2023-09-27T11:31:17.856+0000] {logging_mixin.py:151} INFO - [2023-09-27T11:31:17.855+0000] {dag.py:3696} INFO - Setting next_dagrun for example_setup_teardown_taskflow to 2023-09-26T11:31:17.855780+00:00, run_after=2023-09-27T11:31:17.855780+00:00
[2023-09-27T11:31:17.876+0000] {processor.py:179} INFO - Processing /usr/local/lib/python3.10/dist-packages/airflow/example_dags/example_setup_teardown_taskflow.py took 0.075 seconds
[2023-09-27T11:32:04.254+0000] {processor.py:157} INFO - Started process (PID=6331) to work on /usr/local/lib/python3.10/dist-packages/airflow/example_dags/example_setup_teardown_taskflow.py
[2023-09-27T11:32:04.255+0000] {processor.py:829} INFO - Processing file /usr/local/lib/python3.10/dist-packages/airflow/example_dags/example_setup_teardown_taskflow.py for tasks to queue
[2023-09-27T11:32:04.256+0000] {logging_mixin.py:151} INFO - [2023-09-27T11:32:04.255+0000] {dagbag.py:539} INFO - Filling up the DagBag from /usr/local/lib/python3.10/dist-packages/airflow/example_dags/example_setup_teardown_taskflow.py
[2023-09-27T11:32:04.266+0000] {processor.py:839} INFO - DAG(s) dict_keys(['example_setup_teardown_taskflow']) retrieved from /usr/local/lib/python3.10/dist-packages/airflow/example_dags/example_setup_teardown_taskflow.py
[2023-09-27T11:32:04.285+0000] {logging_mixin.py:151} INFO - [2023-09-27T11:32:04.284+0000] {dag.py:2915} INFO - Sync 1 DAGs
[2023-09-27T11:32:04.305+0000] {logging_mixin.py:151} INFO - [2023-09-27T11:32:04.305+0000] {dag.py:3696} INFO - Setting next_dagrun for example_setup_teardown_taskflow to 2023-09-26T11:32:04.305080+00:00, run_after=2023-09-27T11:32:04.305080+00:00
[2023-09-27T11:32:04.327+0000] {processor.py:179} INFO - Processing /usr/local/lib/python3.10/dist-packages/airflow/example_dags/example_setup_teardown_taskflow.py took 0.078 seconds
[2023-09-27T11:32:48.636+0000] {processor.py:157} INFO - Started process (PID=6381) to work on /usr/local/lib/python3.10/dist-packages/airflow/example_dags/example_setup_teardown_taskflow.py
[2023-09-27T11:32:48.638+0000] {processor.py:829} INFO - Processing file /usr/local/lib/python3.10/dist-packages/airflow/example_dags/example_setup_teardown_taskflow.py for tasks to queue
[2023-09-27T11:32:48.639+0000] {logging_mixin.py:151} INFO - [2023-09-27T11:32:48.638+0000] {dagbag.py:539} INFO - Filling up the DagBag from /usr/local/lib/python3.10/dist-packages/airflow/example_dags/example_setup_teardown_taskflow.py
[2023-09-27T11:32:48.649+0000] {processor.py:839} INFO - DAG(s) dict_keys(['example_setup_teardown_taskflow']) retrieved from /usr/local/lib/python3.10/dist-packages/airflow/example_dags/example_setup_teardown_taskflow.py
[2023-09-27T11:32:48.667+0000] {logging_mixin.py:151} INFO - [2023-09-27T11:32:48.667+0000] {dag.py:2915} INFO - Sync 1 DAGs
[2023-09-27T11:32:48.690+0000] {logging_mixin.py:151} INFO - [2023-09-27T11:32:48.690+0000] {dag.py:3696} INFO - Setting next_dagrun for example_setup_teardown_taskflow to 2023-09-26T11:32:48.689993+00:00, run_after=2023-09-27T11:32:48.689993+00:00
[2023-09-27T11:32:48.713+0000] {processor.py:179} INFO - Processing /usr/local/lib/python3.10/dist-packages/airflow/example_dags/example_setup_teardown_taskflow.py took 0.079 seconds
[2023-09-27T11:33:38.597+0000] {processor.py:157} INFO - Started process (PID=6430) to work on /usr/local/lib/python3.10/dist-packages/airflow/example_dags/example_setup_teardown_taskflow.py
[2023-09-27T11:33:38.598+0000] {processor.py:829} INFO - Processing file /usr/local/lib/python3.10/dist-packages/airflow/example_dags/example_setup_teardown_taskflow.py for tasks to queue
[2023-09-27T11:33:38.599+0000] {logging_mixin.py:151} INFO - [2023-09-27T11:33:38.599+0000] {dagbag.py:539} INFO - Filling up the DagBag from /usr/local/lib/python3.10/dist-packages/airflow/example_dags/example_setup_teardown_taskflow.py
[2023-09-27T11:33:38.612+0000] {processor.py:839} INFO - DAG(s) dict_keys(['example_setup_teardown_taskflow']) retrieved from /usr/local/lib/python3.10/dist-packages/airflow/example_dags/example_setup_teardown_taskflow.py
[2023-09-27T11:33:38.630+0000] {logging_mixin.py:151} INFO - [2023-09-27T11:33:38.630+0000] {dag.py:2915} INFO - Sync 1 DAGs
[2023-09-27T11:33:38.651+0000] {logging_mixin.py:151} INFO - [2023-09-27T11:33:38.651+0000] {dag.py:3696} INFO - Setting next_dagrun for example_setup_teardown_taskflow to 2023-09-26T11:33:38.651319+00:00, run_after=2023-09-27T11:33:38.651319+00:00
[2023-09-27T11:33:38.675+0000] {processor.py:179} INFO - Processing /usr/local/lib/python3.10/dist-packages/airflow/example_dags/example_setup_teardown_taskflow.py took 0.082 seconds
[2023-09-27T11:34:28.434+0000] {processor.py:157} INFO - Started process (PID=6482) to work on /usr/local/lib/python3.10/dist-packages/airflow/example_dags/example_setup_teardown_taskflow.py
[2023-09-27T11:34:28.435+0000] {processor.py:829} INFO - Processing file /usr/local/lib/python3.10/dist-packages/airflow/example_dags/example_setup_teardown_taskflow.py for tasks to queue
[2023-09-27T11:34:28.437+0000] {logging_mixin.py:151} INFO - [2023-09-27T11:34:28.436+0000] {dagbag.py:539} INFO - Filling up the DagBag from /usr/local/lib/python3.10/dist-packages/airflow/example_dags/example_setup_teardown_taskflow.py
[2023-09-27T11:34:28.452+0000] {processor.py:839} INFO - DAG(s) dict_keys(['example_setup_teardown_taskflow']) retrieved from /usr/local/lib/python3.10/dist-packages/airflow/example_dags/example_setup_teardown_taskflow.py
[2023-09-27T11:34:28.469+0000] {logging_mixin.py:151} INFO - [2023-09-27T11:34:28.469+0000] {dag.py:2915} INFO - Sync 1 DAGs
[2023-09-27T11:34:28.487+0000] {logging_mixin.py:151} INFO - [2023-09-27T11:34:28.487+0000] {dag.py:3696} INFO - Setting next_dagrun for example_setup_teardown_taskflow to 2023-09-26T11:34:28.487385+00:00, run_after=2023-09-27T11:34:28.487385+00:00
[2023-09-27T11:34:28.509+0000] {processor.py:179} INFO - Processing /usr/local/lib/python3.10/dist-packages/airflow/example_dags/example_setup_teardown_taskflow.py took 0.078 seconds
[2023-09-27T11:35:16.871+0000] {processor.py:157} INFO - Started process (PID=6537) to work on /usr/local/lib/python3.10/dist-packages/airflow/example_dags/example_setup_teardown_taskflow.py
[2023-09-27T11:35:16.872+0000] {processor.py:829} INFO - Processing file /usr/local/lib/python3.10/dist-packages/airflow/example_dags/example_setup_teardown_taskflow.py for tasks to queue
[2023-09-27T11:35:16.874+0000] {logging_mixin.py:151} INFO - [2023-09-27T11:35:16.873+0000] {dagbag.py:539} INFO - Filling up the DagBag from /usr/local/lib/python3.10/dist-packages/airflow/example_dags/example_setup_teardown_taskflow.py
[2023-09-27T11:35:16.889+0000] {processor.py:839} INFO - DAG(s) dict_keys(['example_setup_teardown_taskflow']) retrieved from /usr/local/lib/python3.10/dist-packages/airflow/example_dags/example_setup_teardown_taskflow.py
[2023-09-27T11:35:16.910+0000] {logging_mixin.py:151} INFO - [2023-09-27T11:35:16.910+0000] {dag.py:2915} INFO - Sync 1 DAGs
[2023-09-27T11:35:16.953+0000] {logging_mixin.py:151} INFO - [2023-09-27T11:35:16.953+0000] {dag.py:3696} INFO - Setting next_dagrun for example_setup_teardown_taskflow to 2023-09-26T11:35:16.953429+00:00, run_after=2023-09-27T11:35:16.953429+00:00
[2023-09-27T11:35:16.980+0000] {processor.py:179} INFO - Processing /usr/local/lib/python3.10/dist-packages/airflow/example_dags/example_setup_teardown_taskflow.py took 0.114 seconds
[2023-09-27T11:36:07.277+0000] {processor.py:157} INFO - Started process (PID=6596) to work on /usr/local/lib/python3.10/dist-packages/airflow/example_dags/example_setup_teardown_taskflow.py
[2023-09-27T11:36:07.278+0000] {processor.py:829} INFO - Processing file /usr/local/lib/python3.10/dist-packages/airflow/example_dags/example_setup_teardown_taskflow.py for tasks to queue
[2023-09-27T11:36:07.279+0000] {logging_mixin.py:151} INFO - [2023-09-27T11:36:07.279+0000] {dagbag.py:539} INFO - Filling up the DagBag from /usr/local/lib/python3.10/dist-packages/airflow/example_dags/example_setup_teardown_taskflow.py
[2023-09-27T11:36:07.291+0000] {processor.py:839} INFO - DAG(s) dict_keys(['example_setup_teardown_taskflow']) retrieved from /usr/local/lib/python3.10/dist-packages/airflow/example_dags/example_setup_teardown_taskflow.py
[2023-09-27T11:36:07.320+0000] {logging_mixin.py:151} INFO - [2023-09-27T11:36:07.319+0000] {dag.py:2915} INFO - Sync 1 DAGs
[2023-09-27T11:36:07.341+0000] {logging_mixin.py:151} INFO - [2023-09-27T11:36:07.340+0000] {dag.py:3696} INFO - Setting next_dagrun for example_setup_teardown_taskflow to 2023-09-26T11:36:07.340626+00:00, run_after=2023-09-27T11:36:07.340626+00:00
[2023-09-27T11:36:07.363+0000] {processor.py:179} INFO - Processing /usr/local/lib/python3.10/dist-packages/airflow/example_dags/example_setup_teardown_taskflow.py took 0.089 seconds
[2023-09-27T11:36:55.811+0000] {processor.py:157} INFO - Started process (PID=6713) to work on /usr/local/lib/python3.10/dist-packages/airflow/example_dags/example_setup_teardown_taskflow.py
[2023-09-27T11:36:55.812+0000] {processor.py:829} INFO - Processing file /usr/local/lib/python3.10/dist-packages/airflow/example_dags/example_setup_teardown_taskflow.py for tasks to queue
[2023-09-27T11:36:55.813+0000] {logging_mixin.py:151} INFO - [2023-09-27T11:36:55.812+0000] {dagbag.py:539} INFO - Filling up the DagBag from /usr/local/lib/python3.10/dist-packages/airflow/example_dags/example_setup_teardown_taskflow.py
[2023-09-27T11:36:55.823+0000] {processor.py:839} INFO - DAG(s) dict_keys(['example_setup_teardown_taskflow']) retrieved from /usr/local/lib/python3.10/dist-packages/airflow/example_dags/example_setup_teardown_taskflow.py
[2023-09-27T11:36:55.840+0000] {logging_mixin.py:151} INFO - [2023-09-27T11:36:55.839+0000] {dag.py:2915} INFO - Sync 1 DAGs
[2023-09-27T11:36:55.872+0000] {logging_mixin.py:151} INFO - [2023-09-27T11:36:55.871+0000] {dag.py:3696} INFO - Setting next_dagrun for example_setup_teardown_taskflow to 2023-09-26T11:36:55.871514+00:00, run_after=2023-09-27T11:36:55.871514+00:00
[2023-09-27T11:36:55.902+0000] {processor.py:179} INFO - Processing /usr/local/lib/python3.10/dist-packages/airflow/example_dags/example_setup_teardown_taskflow.py took 0.094 seconds
