[2023-09-27T10:54:10.765+0000] {processor.py:157} INFO - Started process (PID=3944) to work on /usr/local/lib/python3.10/dist-packages/airflow/example_dags/example_short_circuit_decorator.py
[2023-09-27T10:54:10.765+0000] {processor.py:829} INFO - Processing file /usr/local/lib/python3.10/dist-packages/airflow/example_dags/example_short_circuit_decorator.py for tasks to queue
[2023-09-27T10:54:10.766+0000] {logging_mixin.py:151} INFO - [2023-09-27T10:54:10.766+0000] {dagbag.py:539} INFO - Filling up the DagBag from /usr/local/lib/python3.10/dist-packages/airflow/example_dags/example_short_circuit_decorator.py
[2023-09-27T10:54:10.777+0000] {processor.py:839} INFO - DAG(s) dict_keys(['example_short_circuit_decorator']) retrieved from /usr/local/lib/python3.10/dist-packages/airflow/example_dags/example_short_circuit_decorator.py
[2023-09-27T10:54:10.883+0000] {logging_mixin.py:151} INFO - [2023-09-27T10:54:10.882+0000] {manager.py:499} INFO - Created Permission View: %s
[2023-09-27T10:54:10.894+0000] {logging_mixin.py:151} INFO - [2023-09-27T10:54:10.894+0000] {manager.py:499} INFO - Created Permission View: %s
[2023-09-27T10:54:10.903+0000] {logging_mixin.py:151} INFO - [2023-09-27T10:54:10.903+0000] {manager.py:499} INFO - Created Permission View: %s
[2023-09-27T10:54:10.903+0000] {logging_mixin.py:151} INFO - [2023-09-27T10:54:10.903+0000] {security.py:708} INFO - Not syncing DAG-level permissions for DAG 'DAG:example_short_circuit_decorator' as access control is unset.
[2023-09-27T10:54:10.904+0000] {logging_mixin.py:151} INFO - [2023-09-27T10:54:10.903+0000] {dag.py:2915} INFO - Sync 1 DAGs
[2023-09-27T10:54:10.916+0000] {logging_mixin.py:151} INFO - [2023-09-27T10:54:10.915+0000] {dag.py:2937} INFO - Creating ORM DAG for example_short_circuit_decorator
[2023-09-27T10:54:10.926+0000] {logging_mixin.py:151} INFO - [2023-09-27T10:54:10.926+0000] {dag.py:3696} INFO - Setting next_dagrun for example_short_circuit_decorator to 2023-09-26T10:54:10.925842+00:00, run_after=2023-09-27T10:54:10.925842+00:00
[2023-09-27T10:54:10.951+0000] {processor.py:179} INFO - Processing /usr/local/lib/python3.10/dist-packages/airflow/example_dags/example_short_circuit_decorator.py took 0.190 seconds
[2023-09-27T10:55:00.995+0000] {processor.py:157} INFO - Started process (PID=3991) to work on /usr/local/lib/python3.10/dist-packages/airflow/example_dags/example_short_circuit_decorator.py
[2023-09-27T10:55:00.996+0000] {processor.py:829} INFO - Processing file /usr/local/lib/python3.10/dist-packages/airflow/example_dags/example_short_circuit_decorator.py for tasks to queue
[2023-09-27T10:55:00.997+0000] {logging_mixin.py:151} INFO - [2023-09-27T10:55:00.996+0000] {dagbag.py:539} INFO - Filling up the DagBag from /usr/local/lib/python3.10/dist-packages/airflow/example_dags/example_short_circuit_decorator.py
[2023-09-27T10:55:01.007+0000] {processor.py:839} INFO - DAG(s) dict_keys(['example_short_circuit_decorator']) retrieved from /usr/local/lib/python3.10/dist-packages/airflow/example_dags/example_short_circuit_decorator.py
[2023-09-27T10:55:01.025+0000] {logging_mixin.py:151} INFO - [2023-09-27T10:55:01.025+0000] {dag.py:2915} INFO - Sync 1 DAGs
[2023-09-27T10:55:01.045+0000] {logging_mixin.py:151} INFO - [2023-09-27T10:55:01.045+0000] {dag.py:3696} INFO - Setting next_dagrun for example_short_circuit_decorator to 2023-09-26T10:55:01.044861+00:00, run_after=2023-09-27T10:55:01.044861+00:00
[2023-09-27T10:55:01.075+0000] {processor.py:179} INFO - Processing /usr/local/lib/python3.10/dist-packages/airflow/example_dags/example_short_circuit_decorator.py took 0.083 seconds
[2023-09-27T10:55:46.285+0000] {processor.py:157} INFO - Started process (PID=4039) to work on /usr/local/lib/python3.10/dist-packages/airflow/example_dags/example_short_circuit_decorator.py
[2023-09-27T10:55:46.290+0000] {processor.py:829} INFO - Processing file /usr/local/lib/python3.10/dist-packages/airflow/example_dags/example_short_circuit_decorator.py for tasks to queue
[2023-09-27T10:55:46.291+0000] {logging_mixin.py:151} INFO - [2023-09-27T10:55:46.291+0000] {dagbag.py:539} INFO - Filling up the DagBag from /usr/local/lib/python3.10/dist-packages/airflow/example_dags/example_short_circuit_decorator.py
[2023-09-27T10:55:46.306+0000] {processor.py:839} INFO - DAG(s) dict_keys(['example_short_circuit_decorator']) retrieved from /usr/local/lib/python3.10/dist-packages/airflow/example_dags/example_short_circuit_decorator.py
[2023-09-27T10:55:46.347+0000] {logging_mixin.py:151} INFO - [2023-09-27T10:55:46.347+0000] {dag.py:2915} INFO - Sync 1 DAGs
[2023-09-27T10:55:46.390+0000] {logging_mixin.py:151} INFO - [2023-09-27T10:55:46.390+0000] {dag.py:3696} INFO - Setting next_dagrun for example_short_circuit_decorator to 2023-09-26T10:55:46.390083+00:00, run_after=2023-09-27T10:55:46.390083+00:00
[2023-09-27T10:55:46.411+0000] {processor.py:179} INFO - Processing /usr/local/lib/python3.10/dist-packages/airflow/example_dags/example_short_circuit_decorator.py took 0.133 seconds
[2023-09-27T10:57:10.827+0000] {processor.py:157} INFO - Started process (PID=4108) to work on /usr/local/lib/python3.10/dist-packages/airflow/example_dags/example_short_circuit_decorator.py
[2023-09-27T10:57:10.828+0000] {processor.py:829} INFO - Processing file /usr/local/lib/python3.10/dist-packages/airflow/example_dags/example_short_circuit_decorator.py for tasks to queue
[2023-09-27T10:57:10.829+0000] {logging_mixin.py:151} INFO - [2023-09-27T10:57:10.829+0000] {dagbag.py:539} INFO - Filling up the DagBag from /usr/local/lib/python3.10/dist-packages/airflow/example_dags/example_short_circuit_decorator.py
[2023-09-27T10:57:10.839+0000] {processor.py:839} INFO - DAG(s) dict_keys(['example_short_circuit_decorator']) retrieved from /usr/local/lib/python3.10/dist-packages/airflow/example_dags/example_short_circuit_decorator.py
[2023-09-27T10:57:10.849+0000] {logging_mixin.py:151} INFO - [2023-09-27T10:57:10.849+0000] {dag.py:2915} INFO - Sync 1 DAGs
[2023-09-27T10:57:10.871+0000] {logging_mixin.py:151} INFO - [2023-09-27T10:57:10.871+0000] {dag.py:3696} INFO - Setting next_dagrun for example_short_circuit_decorator to 2023-09-26T10:57:10.870931+00:00, run_after=2023-09-27T10:57:10.870931+00:00
[2023-09-27T10:57:10.893+0000] {processor.py:179} INFO - Processing /usr/local/lib/python3.10/dist-packages/airflow/example_dags/example_short_circuit_decorator.py took 0.070 seconds
[2023-09-27T10:57:56.197+0000] {processor.py:157} INFO - Started process (PID=4158) to work on /usr/local/lib/python3.10/dist-packages/airflow/example_dags/example_short_circuit_decorator.py
[2023-09-27T10:57:56.199+0000] {processor.py:829} INFO - Processing file /usr/local/lib/python3.10/dist-packages/airflow/example_dags/example_short_circuit_decorator.py for tasks to queue
[2023-09-27T10:57:56.200+0000] {logging_mixin.py:151} INFO - [2023-09-27T10:57:56.200+0000] {dagbag.py:539} INFO - Filling up the DagBag from /usr/local/lib/python3.10/dist-packages/airflow/example_dags/example_short_circuit_decorator.py
[2023-09-27T10:57:56.212+0000] {processor.py:839} INFO - DAG(s) dict_keys(['example_short_circuit_decorator']) retrieved from /usr/local/lib/python3.10/dist-packages/airflow/example_dags/example_short_circuit_decorator.py
[2023-09-27T10:57:56.234+0000] {logging_mixin.py:151} INFO - [2023-09-27T10:57:56.233+0000] {dag.py:2915} INFO - Sync 1 DAGs
[2023-09-27T10:57:56.256+0000] {logging_mixin.py:151} INFO - [2023-09-27T10:57:56.256+0000] {dag.py:3696} INFO - Setting next_dagrun for example_short_circuit_decorator to 2023-09-26T10:57:56.255870+00:00, run_after=2023-09-27T10:57:56.255870+00:00
[2023-09-27T10:57:56.281+0000] {processor.py:179} INFO - Processing /usr/local/lib/python3.10/dist-packages/airflow/example_dags/example_short_circuit_decorator.py took 0.089 seconds
[2023-09-27T10:58:42.723+0000] {processor.py:157} INFO - Started process (PID=4206) to work on /usr/local/lib/python3.10/dist-packages/airflow/example_dags/example_short_circuit_decorator.py
[2023-09-27T10:58:42.724+0000] {processor.py:829} INFO - Processing file /usr/local/lib/python3.10/dist-packages/airflow/example_dags/example_short_circuit_decorator.py for tasks to queue
[2023-09-27T10:58:42.725+0000] {logging_mixin.py:151} INFO - [2023-09-27T10:58:42.724+0000] {dagbag.py:539} INFO - Filling up the DagBag from /usr/local/lib/python3.10/dist-packages/airflow/example_dags/example_short_circuit_decorator.py
[2023-09-27T10:58:42.738+0000] {processor.py:839} INFO - DAG(s) dict_keys(['example_short_circuit_decorator']) retrieved from /usr/local/lib/python3.10/dist-packages/airflow/example_dags/example_short_circuit_decorator.py
[2023-09-27T10:58:42.761+0000] {logging_mixin.py:151} INFO - [2023-09-27T10:58:42.760+0000] {dag.py:2915} INFO - Sync 1 DAGs
[2023-09-27T10:58:42.792+0000] {logging_mixin.py:151} INFO - [2023-09-27T10:58:42.791+0000] {dag.py:3696} INFO - Setting next_dagrun for example_short_circuit_decorator to 2023-09-26T10:58:42.791627+00:00, run_after=2023-09-27T10:58:42.791627+00:00
[2023-09-27T10:58:42.818+0000] {processor.py:179} INFO - Processing /usr/local/lib/python3.10/dist-packages/airflow/example_dags/example_short_circuit_decorator.py took 0.099 seconds
[2023-09-27T10:59:29.438+0000] {processor.py:157} INFO - Started process (PID=4257) to work on /usr/local/lib/python3.10/dist-packages/airflow/example_dags/example_short_circuit_decorator.py
[2023-09-27T10:59:29.440+0000] {processor.py:829} INFO - Processing file /usr/local/lib/python3.10/dist-packages/airflow/example_dags/example_short_circuit_decorator.py for tasks to queue
[2023-09-27T10:59:29.440+0000] {logging_mixin.py:151} INFO - [2023-09-27T10:59:29.440+0000] {dagbag.py:539} INFO - Filling up the DagBag from /usr/local/lib/python3.10/dist-packages/airflow/example_dags/example_short_circuit_decorator.py
[2023-09-27T10:59:29.451+0000] {processor.py:839} INFO - DAG(s) dict_keys(['example_short_circuit_decorator']) retrieved from /usr/local/lib/python3.10/dist-packages/airflow/example_dags/example_short_circuit_decorator.py
[2023-09-27T10:59:29.471+0000] {logging_mixin.py:151} INFO - [2023-09-27T10:59:29.470+0000] {dag.py:2915} INFO - Sync 1 DAGs
[2023-09-27T10:59:29.490+0000] {logging_mixin.py:151} INFO - [2023-09-27T10:59:29.490+0000] {dag.py:3696} INFO - Setting next_dagrun for example_short_circuit_decorator to 2023-09-26T10:59:29.490498+00:00, run_after=2023-09-27T10:59:29.490498+00:00
[2023-09-27T10:59:29.512+0000] {processor.py:179} INFO - Processing /usr/local/lib/python3.10/dist-packages/airflow/example_dags/example_short_circuit_decorator.py took 0.076 seconds
[2023-09-27T11:00:20.229+0000] {processor.py:157} INFO - Started process (PID=4309) to work on /usr/local/lib/python3.10/dist-packages/airflow/example_dags/example_short_circuit_decorator.py
[2023-09-27T11:00:20.231+0000] {processor.py:829} INFO - Processing file /usr/local/lib/python3.10/dist-packages/airflow/example_dags/example_short_circuit_decorator.py for tasks to queue
[2023-09-27T11:00:20.232+0000] {logging_mixin.py:151} INFO - [2023-09-27T11:00:20.231+0000] {dagbag.py:539} INFO - Filling up the DagBag from /usr/local/lib/python3.10/dist-packages/airflow/example_dags/example_short_circuit_decorator.py
[2023-09-27T11:00:20.242+0000] {processor.py:839} INFO - DAG(s) dict_keys(['example_short_circuit_decorator']) retrieved from /usr/local/lib/python3.10/dist-packages/airflow/example_dags/example_short_circuit_decorator.py
[2023-09-27T11:00:20.264+0000] {logging_mixin.py:151} INFO - [2023-09-27T11:00:20.264+0000] {dag.py:2915} INFO - Sync 1 DAGs
[2023-09-27T11:00:20.286+0000] {logging_mixin.py:151} INFO - [2023-09-27T11:00:20.286+0000] {dag.py:3696} INFO - Setting next_dagrun for example_short_circuit_decorator to 2023-09-26T11:00:20.285881+00:00, run_after=2023-09-27T11:00:20.285881+00:00
[2023-09-27T11:00:20.310+0000] {processor.py:179} INFO - Processing /usr/local/lib/python3.10/dist-packages/airflow/example_dags/example_short_circuit_decorator.py took 0.084 seconds
[2023-09-27T11:01:05.214+0000] {processor.py:157} INFO - Started process (PID=4356) to work on /usr/local/lib/python3.10/dist-packages/airflow/example_dags/example_short_circuit_decorator.py
[2023-09-27T11:01:05.215+0000] {processor.py:829} INFO - Processing file /usr/local/lib/python3.10/dist-packages/airflow/example_dags/example_short_circuit_decorator.py for tasks to queue
[2023-09-27T11:01:05.217+0000] {logging_mixin.py:151} INFO - [2023-09-27T11:01:05.216+0000] {dagbag.py:539} INFO - Filling up the DagBag from /usr/local/lib/python3.10/dist-packages/airflow/example_dags/example_short_circuit_decorator.py
[2023-09-27T11:01:05.228+0000] {processor.py:839} INFO - DAG(s) dict_keys(['example_short_circuit_decorator']) retrieved from /usr/local/lib/python3.10/dist-packages/airflow/example_dags/example_short_circuit_decorator.py
[2023-09-27T11:01:05.270+0000] {logging_mixin.py:151} INFO - [2023-09-27T11:01:05.270+0000] {dag.py:2915} INFO - Sync 1 DAGs
[2023-09-27T11:01:05.295+0000] {logging_mixin.py:151} INFO - [2023-09-27T11:01:05.295+0000] {dag.py:3696} INFO - Setting next_dagrun for example_short_circuit_decorator to 2023-09-26T11:01:05.294863+00:00, run_after=2023-09-27T11:01:05.294863+00:00
[2023-09-27T11:01:05.318+0000] {processor.py:179} INFO - Processing /usr/local/lib/python3.10/dist-packages/airflow/example_dags/example_short_circuit_decorator.py took 0.107 seconds
[2023-09-27T11:01:49.757+0000] {processor.py:157} INFO - Started process (PID=4406) to work on /usr/local/lib/python3.10/dist-packages/airflow/example_dags/example_short_circuit_decorator.py
[2023-09-27T11:01:49.758+0000] {processor.py:829} INFO - Processing file /usr/local/lib/python3.10/dist-packages/airflow/example_dags/example_short_circuit_decorator.py for tasks to queue
[2023-09-27T11:01:49.761+0000] {logging_mixin.py:151} INFO - [2023-09-27T11:01:49.760+0000] {dagbag.py:539} INFO - Filling up the DagBag from /usr/local/lib/python3.10/dist-packages/airflow/example_dags/example_short_circuit_decorator.py
[2023-09-27T11:01:49.775+0000] {processor.py:839} INFO - DAG(s) dict_keys(['example_short_circuit_decorator']) retrieved from /usr/local/lib/python3.10/dist-packages/airflow/example_dags/example_short_circuit_decorator.py
[2023-09-27T11:01:49.797+0000] {logging_mixin.py:151} INFO - [2023-09-27T11:01:49.797+0000] {dag.py:2915} INFO - Sync 1 DAGs
[2023-09-27T11:01:49.832+0000] {logging_mixin.py:151} INFO - [2023-09-27T11:01:49.832+0000] {dag.py:3696} INFO - Setting next_dagrun for example_short_circuit_decorator to 2023-09-26T11:01:49.831913+00:00, run_after=2023-09-27T11:01:49.831913+00:00
[2023-09-27T11:01:49.858+0000] {processor.py:179} INFO - Processing /usr/local/lib/python3.10/dist-packages/airflow/example_dags/example_short_circuit_decorator.py took 0.107 seconds
[2023-09-27T11:02:39.314+0000] {processor.py:157} INFO - Started process (PID=4456) to work on /usr/local/lib/python3.10/dist-packages/airflow/example_dags/example_short_circuit_decorator.py
[2023-09-27T11:02:39.315+0000] {processor.py:829} INFO - Processing file /usr/local/lib/python3.10/dist-packages/airflow/example_dags/example_short_circuit_decorator.py for tasks to queue
[2023-09-27T11:02:39.316+0000] {logging_mixin.py:151} INFO - [2023-09-27T11:02:39.316+0000] {dagbag.py:539} INFO - Filling up the DagBag from /usr/local/lib/python3.10/dist-packages/airflow/example_dags/example_short_circuit_decorator.py
[2023-09-27T11:02:39.329+0000] {processor.py:839} INFO - DAG(s) dict_keys(['example_short_circuit_decorator']) retrieved from /usr/local/lib/python3.10/dist-packages/airflow/example_dags/example_short_circuit_decorator.py
[2023-09-27T11:02:39.365+0000] {logging_mixin.py:151} INFO - [2023-09-27T11:02:39.365+0000] {dag.py:2915} INFO - Sync 1 DAGs
[2023-09-27T11:02:39.384+0000] {logging_mixin.py:151} INFO - [2023-09-27T11:02:39.384+0000] {dag.py:3696} INFO - Setting next_dagrun for example_short_circuit_decorator to 2023-09-26T11:02:39.383823+00:00, run_after=2023-09-27T11:02:39.383823+00:00
[2023-09-27T11:02:39.412+0000] {processor.py:179} INFO - Processing /usr/local/lib/python3.10/dist-packages/airflow/example_dags/example_short_circuit_decorator.py took 0.101 seconds
[2023-09-27T11:03:29.731+0000] {processor.py:157} INFO - Started process (PID=4507) to work on /usr/local/lib/python3.10/dist-packages/airflow/example_dags/example_short_circuit_decorator.py
[2023-09-27T11:03:29.732+0000] {processor.py:829} INFO - Processing file /usr/local/lib/python3.10/dist-packages/airflow/example_dags/example_short_circuit_decorator.py for tasks to queue
[2023-09-27T11:03:29.733+0000] {logging_mixin.py:151} INFO - [2023-09-27T11:03:29.732+0000] {dagbag.py:539} INFO - Filling up the DagBag from /usr/local/lib/python3.10/dist-packages/airflow/example_dags/example_short_circuit_decorator.py
[2023-09-27T11:03:29.743+0000] {processor.py:839} INFO - DAG(s) dict_keys(['example_short_circuit_decorator']) retrieved from /usr/local/lib/python3.10/dist-packages/airflow/example_dags/example_short_circuit_decorator.py
[2023-09-27T11:03:29.759+0000] {logging_mixin.py:151} INFO - [2023-09-27T11:03:29.759+0000] {dag.py:2915} INFO - Sync 1 DAGs
[2023-09-27T11:03:29.777+0000] {logging_mixin.py:151} INFO - [2023-09-27T11:03:29.777+0000] {dag.py:3696} INFO - Setting next_dagrun for example_short_circuit_decorator to 2023-09-26T11:03:29.777303+00:00, run_after=2023-09-27T11:03:29.777303+00:00
[2023-09-27T11:03:29.798+0000] {processor.py:179} INFO - Processing /usr/local/lib/python3.10/dist-packages/airflow/example_dags/example_short_circuit_decorator.py took 0.070 seconds
[2023-09-27T11:04:18.814+0000] {processor.py:157} INFO - Started process (PID=4559) to work on /usr/local/lib/python3.10/dist-packages/airflow/example_dags/example_short_circuit_decorator.py
[2023-09-27T11:04:18.815+0000] {processor.py:829} INFO - Processing file /usr/local/lib/python3.10/dist-packages/airflow/example_dags/example_short_circuit_decorator.py for tasks to queue
[2023-09-27T11:04:18.816+0000] {logging_mixin.py:151} INFO - [2023-09-27T11:04:18.816+0000] {dagbag.py:539} INFO - Filling up the DagBag from /usr/local/lib/python3.10/dist-packages/airflow/example_dags/example_short_circuit_decorator.py
[2023-09-27T11:04:18.829+0000] {processor.py:839} INFO - DAG(s) dict_keys(['example_short_circuit_decorator']) retrieved from /usr/local/lib/python3.10/dist-packages/airflow/example_dags/example_short_circuit_decorator.py
[2023-09-27T11:04:18.851+0000] {logging_mixin.py:151} INFO - [2023-09-27T11:04:18.851+0000] {dag.py:2915} INFO - Sync 1 DAGs
[2023-09-27T11:04:18.871+0000] {logging_mixin.py:151} INFO - [2023-09-27T11:04:18.871+0000] {dag.py:3696} INFO - Setting next_dagrun for example_short_circuit_decorator to 2023-09-26T11:04:18.871049+00:00, run_after=2023-09-27T11:04:18.871049+00:00
[2023-09-27T11:04:18.893+0000] {processor.py:179} INFO - Processing /usr/local/lib/python3.10/dist-packages/airflow/example_dags/example_short_circuit_decorator.py took 0.082 seconds
[2023-09-27T11:05:10.560+0000] {processor.py:157} INFO - Started process (PID=4611) to work on /usr/local/lib/python3.10/dist-packages/airflow/example_dags/example_short_circuit_decorator.py
[2023-09-27T11:05:10.562+0000] {processor.py:829} INFO - Processing file /usr/local/lib/python3.10/dist-packages/airflow/example_dags/example_short_circuit_decorator.py for tasks to queue
[2023-09-27T11:05:10.562+0000] {logging_mixin.py:151} INFO - [2023-09-27T11:05:10.562+0000] {dagbag.py:539} INFO - Filling up the DagBag from /usr/local/lib/python3.10/dist-packages/airflow/example_dags/example_short_circuit_decorator.py
[2023-09-27T11:05:10.579+0000] {processor.py:839} INFO - DAG(s) dict_keys(['example_short_circuit_decorator']) retrieved from /usr/local/lib/python3.10/dist-packages/airflow/example_dags/example_short_circuit_decorator.py
[2023-09-27T11:05:10.607+0000] {logging_mixin.py:151} INFO - [2023-09-27T11:05:10.606+0000] {dag.py:2915} INFO - Sync 1 DAGs
[2023-09-27T11:05:10.630+0000] {logging_mixin.py:151} INFO - [2023-09-27T11:05:10.630+0000] {dag.py:3696} INFO - Setting next_dagrun for example_short_circuit_decorator to 2023-09-26T11:05:10.630017+00:00, run_after=2023-09-27T11:05:10.630017+00:00
[2023-09-27T11:05:10.655+0000] {processor.py:179} INFO - Processing /usr/local/lib/python3.10/dist-packages/airflow/example_dags/example_short_circuit_decorator.py took 0.098 seconds
[2023-09-27T11:06:03.216+0000] {processor.py:157} INFO - Started process (PID=4664) to work on /usr/local/lib/python3.10/dist-packages/airflow/example_dags/example_short_circuit_decorator.py
[2023-09-27T11:06:03.217+0000] {processor.py:829} INFO - Processing file /usr/local/lib/python3.10/dist-packages/airflow/example_dags/example_short_circuit_decorator.py for tasks to queue
[2023-09-27T11:06:03.218+0000] {logging_mixin.py:151} INFO - [2023-09-27T11:06:03.218+0000] {dagbag.py:539} INFO - Filling up the DagBag from /usr/local/lib/python3.10/dist-packages/airflow/example_dags/example_short_circuit_decorator.py
[2023-09-27T11:06:03.233+0000] {processor.py:839} INFO - DAG(s) dict_keys(['example_short_circuit_decorator']) retrieved from /usr/local/lib/python3.10/dist-packages/airflow/example_dags/example_short_circuit_decorator.py
[2023-09-27T11:06:03.267+0000] {logging_mixin.py:151} INFO - [2023-09-27T11:06:03.266+0000] {dag.py:2915} INFO - Sync 1 DAGs
[2023-09-27T11:06:03.290+0000] {logging_mixin.py:151} INFO - [2023-09-27T11:06:03.290+0000] {dag.py:3696} INFO - Setting next_dagrun for example_short_circuit_decorator to 2023-09-26T11:06:03.290371+00:00, run_after=2023-09-27T11:06:03.290371+00:00
[2023-09-27T11:06:03.311+0000] {processor.py:179} INFO - Processing /usr/local/lib/python3.10/dist-packages/airflow/example_dags/example_short_circuit_decorator.py took 0.098 seconds
[2023-09-27T11:06:55.245+0000] {processor.py:157} INFO - Started process (PID=4727) to work on /usr/local/lib/python3.10/dist-packages/airflow/example_dags/example_short_circuit_decorator.py
[2023-09-27T11:06:55.246+0000] {processor.py:829} INFO - Processing file /usr/local/lib/python3.10/dist-packages/airflow/example_dags/example_short_circuit_decorator.py for tasks to queue
[2023-09-27T11:06:55.247+0000] {logging_mixin.py:151} INFO - [2023-09-27T11:06:55.246+0000] {dagbag.py:539} INFO - Filling up the DagBag from /usr/local/lib/python3.10/dist-packages/airflow/example_dags/example_short_circuit_decorator.py
[2023-09-27T11:06:55.257+0000] {processor.py:839} INFO - DAG(s) dict_keys(['example_short_circuit_decorator']) retrieved from /usr/local/lib/python3.10/dist-packages/airflow/example_dags/example_short_circuit_decorator.py
[2023-09-27T11:06:55.276+0000] {logging_mixin.py:151} INFO - [2023-09-27T11:06:55.276+0000] {dag.py:2915} INFO - Sync 1 DAGs
[2023-09-27T11:06:55.301+0000] {logging_mixin.py:151} INFO - [2023-09-27T11:06:55.301+0000] {dag.py:3696} INFO - Setting next_dagrun for example_short_circuit_decorator to 2023-09-26T11:06:55.301013+00:00, run_after=2023-09-27T11:06:55.301013+00:00
[2023-09-27T11:06:55.323+0000] {processor.py:179} INFO - Processing /usr/local/lib/python3.10/dist-packages/airflow/example_dags/example_short_circuit_decorator.py took 0.081 seconds
[2023-09-27T11:07:44.839+0000] {processor.py:157} INFO - Started process (PID=4778) to work on /usr/local/lib/python3.10/dist-packages/airflow/example_dags/example_short_circuit_decorator.py
[2023-09-27T11:07:44.840+0000] {processor.py:829} INFO - Processing file /usr/local/lib/python3.10/dist-packages/airflow/example_dags/example_short_circuit_decorator.py for tasks to queue
[2023-09-27T11:07:44.841+0000] {logging_mixin.py:151} INFO - [2023-09-27T11:07:44.841+0000] {dagbag.py:539} INFO - Filling up the DagBag from /usr/local/lib/python3.10/dist-packages/airflow/example_dags/example_short_circuit_decorator.py
[2023-09-27T11:07:44.852+0000] {processor.py:839} INFO - DAG(s) dict_keys(['example_short_circuit_decorator']) retrieved from /usr/local/lib/python3.10/dist-packages/airflow/example_dags/example_short_circuit_decorator.py
[2023-09-27T11:07:44.870+0000] {logging_mixin.py:151} INFO - [2023-09-27T11:07:44.870+0000] {dag.py:2915} INFO - Sync 1 DAGs
[2023-09-27T11:07:44.890+0000] {logging_mixin.py:151} INFO - [2023-09-27T11:07:44.889+0000] {dag.py:3696} INFO - Setting next_dagrun for example_short_circuit_decorator to 2023-09-26T11:07:44.889627+00:00, run_after=2023-09-27T11:07:44.889627+00:00
[2023-09-27T11:07:44.910+0000] {processor.py:179} INFO - Processing /usr/local/lib/python3.10/dist-packages/airflow/example_dags/example_short_circuit_decorator.py took 0.074 seconds
[2023-09-27T11:08:37.734+0000] {processor.py:157} INFO - Started process (PID=4831) to work on /usr/local/lib/python3.10/dist-packages/airflow/example_dags/example_short_circuit_decorator.py
[2023-09-27T11:08:37.737+0000] {processor.py:829} INFO - Processing file /usr/local/lib/python3.10/dist-packages/airflow/example_dags/example_short_circuit_decorator.py for tasks to queue
[2023-09-27T11:08:37.739+0000] {logging_mixin.py:151} INFO - [2023-09-27T11:08:37.737+0000] {dagbag.py:539} INFO - Filling up the DagBag from /usr/local/lib/python3.10/dist-packages/airflow/example_dags/example_short_circuit_decorator.py
[2023-09-27T11:08:37.752+0000] {processor.py:839} INFO - DAG(s) dict_keys(['example_short_circuit_decorator']) retrieved from /usr/local/lib/python3.10/dist-packages/airflow/example_dags/example_short_circuit_decorator.py
[2023-09-27T11:08:37.769+0000] {logging_mixin.py:151} INFO - [2023-09-27T11:08:37.769+0000] {dag.py:2915} INFO - Sync 1 DAGs
[2023-09-27T11:08:37.787+0000] {logging_mixin.py:151} INFO - [2023-09-27T11:08:37.786+0000] {dag.py:3696} INFO - Setting next_dagrun for example_short_circuit_decorator to 2023-09-26T11:08:37.786739+00:00, run_after=2023-09-27T11:08:37.786739+00:00
[2023-09-27T11:08:37.815+0000] {processor.py:179} INFO - Processing /usr/local/lib/python3.10/dist-packages/airflow/example_dags/example_short_circuit_decorator.py took 0.089 seconds
[2023-09-27T11:09:27.270+0000] {processor.py:157} INFO - Started process (PID=4883) to work on /usr/local/lib/python3.10/dist-packages/airflow/example_dags/example_short_circuit_decorator.py
[2023-09-27T11:09:27.271+0000] {processor.py:829} INFO - Processing file /usr/local/lib/python3.10/dist-packages/airflow/example_dags/example_short_circuit_decorator.py for tasks to queue
[2023-09-27T11:09:27.272+0000] {logging_mixin.py:151} INFO - [2023-09-27T11:09:27.272+0000] {dagbag.py:539} INFO - Filling up the DagBag from /usr/local/lib/python3.10/dist-packages/airflow/example_dags/example_short_circuit_decorator.py
[2023-09-27T11:09:27.282+0000] {processor.py:839} INFO - DAG(s) dict_keys(['example_short_circuit_decorator']) retrieved from /usr/local/lib/python3.10/dist-packages/airflow/example_dags/example_short_circuit_decorator.py
[2023-09-27T11:09:27.299+0000] {logging_mixin.py:151} INFO - [2023-09-27T11:09:27.299+0000] {dag.py:2915} INFO - Sync 1 DAGs
[2023-09-27T11:09:27.319+0000] {logging_mixin.py:151} INFO - [2023-09-27T11:09:27.319+0000] {dag.py:3696} INFO - Setting next_dagrun for example_short_circuit_decorator to 2023-09-26T11:09:27.318955+00:00, run_after=2023-09-27T11:09:27.318955+00:00
[2023-09-27T11:09:27.340+0000] {processor.py:179} INFO - Processing /usr/local/lib/python3.10/dist-packages/airflow/example_dags/example_short_circuit_decorator.py took 0.072 seconds
[2023-09-27T11:10:13.408+0000] {processor.py:157} INFO - Started process (PID=4931) to work on /usr/local/lib/python3.10/dist-packages/airflow/example_dags/example_short_circuit_decorator.py
[2023-09-27T11:10:13.409+0000] {processor.py:829} INFO - Processing file /usr/local/lib/python3.10/dist-packages/airflow/example_dags/example_short_circuit_decorator.py for tasks to queue
[2023-09-27T11:10:13.410+0000] {logging_mixin.py:151} INFO - [2023-09-27T11:10:13.409+0000] {dagbag.py:539} INFO - Filling up the DagBag from /usr/local/lib/python3.10/dist-packages/airflow/example_dags/example_short_circuit_decorator.py
[2023-09-27T11:10:13.421+0000] {processor.py:839} INFO - DAG(s) dict_keys(['example_short_circuit_decorator']) retrieved from /usr/local/lib/python3.10/dist-packages/airflow/example_dags/example_short_circuit_decorator.py
[2023-09-27T11:10:13.440+0000] {logging_mixin.py:151} INFO - [2023-09-27T11:10:13.440+0000] {dag.py:2915} INFO - Sync 1 DAGs
[2023-09-27T11:10:13.462+0000] {logging_mixin.py:151} INFO - [2023-09-27T11:10:13.462+0000] {dag.py:3696} INFO - Setting next_dagrun for example_short_circuit_decorator to 2023-09-26T11:10:13.462521+00:00, run_after=2023-09-27T11:10:13.462521+00:00
[2023-09-27T11:10:13.495+0000] {processor.py:179} INFO - Processing /usr/local/lib/python3.10/dist-packages/airflow/example_dags/example_short_circuit_decorator.py took 0.095 seconds
[2023-09-27T11:11:02.106+0000] {processor.py:157} INFO - Started process (PID=4985) to work on /usr/local/lib/python3.10/dist-packages/airflow/example_dags/example_short_circuit_decorator.py
[2023-09-27T11:11:02.107+0000] {processor.py:829} INFO - Processing file /usr/local/lib/python3.10/dist-packages/airflow/example_dags/example_short_circuit_decorator.py for tasks to queue
[2023-09-27T11:11:02.108+0000] {logging_mixin.py:151} INFO - [2023-09-27T11:11:02.108+0000] {dagbag.py:539} INFO - Filling up the DagBag from /usr/local/lib/python3.10/dist-packages/airflow/example_dags/example_short_circuit_decorator.py
[2023-09-27T11:11:02.119+0000] {processor.py:839} INFO - DAG(s) dict_keys(['example_short_circuit_decorator']) retrieved from /usr/local/lib/python3.10/dist-packages/airflow/example_dags/example_short_circuit_decorator.py
[2023-09-27T11:11:02.138+0000] {logging_mixin.py:151} INFO - [2023-09-27T11:11:02.137+0000] {dag.py:2915} INFO - Sync 1 DAGs
[2023-09-27T11:11:02.163+0000] {logging_mixin.py:151} INFO - [2023-09-27T11:11:02.163+0000] {dag.py:3696} INFO - Setting next_dagrun for example_short_circuit_decorator to 2023-09-26T11:11:02.163221+00:00, run_after=2023-09-27T11:11:02.163221+00:00
[2023-09-27T11:11:02.190+0000] {processor.py:179} INFO - Processing /usr/local/lib/python3.10/dist-packages/airflow/example_dags/example_short_circuit_decorator.py took 0.087 seconds
[2023-09-27T11:11:53.572+0000] {processor.py:157} INFO - Started process (PID=5038) to work on /usr/local/lib/python3.10/dist-packages/airflow/example_dags/example_short_circuit_decorator.py
[2023-09-27T11:11:53.574+0000] {processor.py:829} INFO - Processing file /usr/local/lib/python3.10/dist-packages/airflow/example_dags/example_short_circuit_decorator.py for tasks to queue
[2023-09-27T11:11:53.575+0000] {logging_mixin.py:151} INFO - [2023-09-27T11:11:53.575+0000] {dagbag.py:539} INFO - Filling up the DagBag from /usr/local/lib/python3.10/dist-packages/airflow/example_dags/example_short_circuit_decorator.py
[2023-09-27T11:11:53.590+0000] {processor.py:839} INFO - DAG(s) dict_keys(['example_short_circuit_decorator']) retrieved from /usr/local/lib/python3.10/dist-packages/airflow/example_dags/example_short_circuit_decorator.py
[2023-09-27T11:11:53.628+0000] {logging_mixin.py:151} INFO - [2023-09-27T11:11:53.627+0000] {dag.py:2915} INFO - Sync 1 DAGs
[2023-09-27T11:11:53.661+0000] {logging_mixin.py:151} INFO - [2023-09-27T11:11:53.660+0000] {dag.py:3696} INFO - Setting next_dagrun for example_short_circuit_decorator to 2023-09-26T11:11:53.660748+00:00, run_after=2023-09-27T11:11:53.660748+00:00
[2023-09-27T11:11:53.691+0000] {processor.py:179} INFO - Processing /usr/local/lib/python3.10/dist-packages/airflow/example_dags/example_short_circuit_decorator.py took 0.122 seconds
[2023-09-27T11:12:39.505+0000] {processor.py:157} INFO - Started process (PID=5089) to work on /usr/local/lib/python3.10/dist-packages/airflow/example_dags/example_short_circuit_decorator.py
[2023-09-27T11:12:39.506+0000] {processor.py:829} INFO - Processing file /usr/local/lib/python3.10/dist-packages/airflow/example_dags/example_short_circuit_decorator.py for tasks to queue
[2023-09-27T11:12:39.507+0000] {logging_mixin.py:151} INFO - [2023-09-27T11:12:39.507+0000] {dagbag.py:539} INFO - Filling up the DagBag from /usr/local/lib/python3.10/dist-packages/airflow/example_dags/example_short_circuit_decorator.py
[2023-09-27T11:12:39.518+0000] {processor.py:839} INFO - DAG(s) dict_keys(['example_short_circuit_decorator']) retrieved from /usr/local/lib/python3.10/dist-packages/airflow/example_dags/example_short_circuit_decorator.py
[2023-09-27T11:12:39.539+0000] {logging_mixin.py:151} INFO - [2023-09-27T11:12:39.539+0000] {dag.py:2915} INFO - Sync 1 DAGs
[2023-09-27T11:12:39.560+0000] {logging_mixin.py:151} INFO - [2023-09-27T11:12:39.559+0000] {dag.py:3696} INFO - Setting next_dagrun for example_short_circuit_decorator to 2023-09-26T11:12:39.559770+00:00, run_after=2023-09-27T11:12:39.559770+00:00
[2023-09-27T11:12:39.582+0000] {processor.py:179} INFO - Processing /usr/local/lib/python3.10/dist-packages/airflow/example_dags/example_short_circuit_decorator.py took 0.081 seconds
[2023-09-27T11:13:30.242+0000] {processor.py:157} INFO - Started process (PID=5144) to work on /usr/local/lib/python3.10/dist-packages/airflow/example_dags/example_short_circuit_decorator.py
[2023-09-27T11:13:30.243+0000] {processor.py:829} INFO - Processing file /usr/local/lib/python3.10/dist-packages/airflow/example_dags/example_short_circuit_decorator.py for tasks to queue
[2023-09-27T11:13:30.245+0000] {logging_mixin.py:151} INFO - [2023-09-27T11:13:30.244+0000] {dagbag.py:539} INFO - Filling up the DagBag from /usr/local/lib/python3.10/dist-packages/airflow/example_dags/example_short_circuit_decorator.py
[2023-09-27T11:13:30.255+0000] {processor.py:839} INFO - DAG(s) dict_keys(['example_short_circuit_decorator']) retrieved from /usr/local/lib/python3.10/dist-packages/airflow/example_dags/example_short_circuit_decorator.py
[2023-09-27T11:13:30.280+0000] {logging_mixin.py:151} INFO - [2023-09-27T11:13:30.279+0000] {dag.py:2915} INFO - Sync 1 DAGs
[2023-09-27T11:13:30.297+0000] {logging_mixin.py:151} INFO - [2023-09-27T11:13:30.297+0000] {dag.py:3696} INFO - Setting next_dagrun for example_short_circuit_decorator to 2023-09-26T11:13:30.297288+00:00, run_after=2023-09-27T11:13:30.297288+00:00
[2023-09-27T11:13:30.318+0000] {processor.py:179} INFO - Processing /usr/local/lib/python3.10/dist-packages/airflow/example_dags/example_short_circuit_decorator.py took 0.079 seconds
[2023-09-27T11:14:19.210+0000] {processor.py:157} INFO - Started process (PID=5194) to work on /usr/local/lib/python3.10/dist-packages/airflow/example_dags/example_short_circuit_decorator.py
[2023-09-27T11:14:19.211+0000] {processor.py:829} INFO - Processing file /usr/local/lib/python3.10/dist-packages/airflow/example_dags/example_short_circuit_decorator.py for tasks to queue
[2023-09-27T11:14:19.212+0000] {logging_mixin.py:151} INFO - [2023-09-27T11:14:19.211+0000] {dagbag.py:539} INFO - Filling up the DagBag from /usr/local/lib/python3.10/dist-packages/airflow/example_dags/example_short_circuit_decorator.py
[2023-09-27T11:14:19.225+0000] {processor.py:839} INFO - DAG(s) dict_keys(['example_short_circuit_decorator']) retrieved from /usr/local/lib/python3.10/dist-packages/airflow/example_dags/example_short_circuit_decorator.py
[2023-09-27T11:14:19.248+0000] {logging_mixin.py:151} INFO - [2023-09-27T11:14:19.247+0000] {dag.py:2915} INFO - Sync 1 DAGs
[2023-09-27T11:14:19.267+0000] {logging_mixin.py:151} INFO - [2023-09-27T11:14:19.267+0000] {dag.py:3696} INFO - Setting next_dagrun for example_short_circuit_decorator to 2023-09-26T11:14:19.267229+00:00, run_after=2023-09-27T11:14:19.267229+00:00
[2023-09-27T11:14:19.289+0000] {processor.py:179} INFO - Processing /usr/local/lib/python3.10/dist-packages/airflow/example_dags/example_short_circuit_decorator.py took 0.083 seconds
[2023-09-27T11:15:10.449+0000] {processor.py:157} INFO - Started process (PID=5246) to work on /usr/local/lib/python3.10/dist-packages/airflow/example_dags/example_short_circuit_decorator.py
[2023-09-27T11:15:10.450+0000] {processor.py:829} INFO - Processing file /usr/local/lib/python3.10/dist-packages/airflow/example_dags/example_short_circuit_decorator.py for tasks to queue
[2023-09-27T11:15:10.451+0000] {logging_mixin.py:151} INFO - [2023-09-27T11:15:10.451+0000] {dagbag.py:539} INFO - Filling up the DagBag from /usr/local/lib/python3.10/dist-packages/airflow/example_dags/example_short_circuit_decorator.py
[2023-09-27T11:15:10.464+0000] {processor.py:839} INFO - DAG(s) dict_keys(['example_short_circuit_decorator']) retrieved from /usr/local/lib/python3.10/dist-packages/airflow/example_dags/example_short_circuit_decorator.py
[2023-09-27T11:15:10.484+0000] {logging_mixin.py:151} INFO - [2023-09-27T11:15:10.484+0000] {dag.py:2915} INFO - Sync 1 DAGs
[2023-09-27T11:15:10.508+0000] {logging_mixin.py:151} INFO - [2023-09-27T11:15:10.508+0000] {dag.py:3696} INFO - Setting next_dagrun for example_short_circuit_decorator to 2023-09-26T11:15:10.508091+00:00, run_after=2023-09-27T11:15:10.508091+00:00
[2023-09-27T11:15:10.531+0000] {processor.py:179} INFO - Processing /usr/local/lib/python3.10/dist-packages/airflow/example_dags/example_short_circuit_decorator.py took 0.085 seconds
[2023-09-27T11:16:02.275+0000] {processor.py:157} INFO - Started process (PID=5300) to work on /usr/local/lib/python3.10/dist-packages/airflow/example_dags/example_short_circuit_decorator.py
[2023-09-27T11:16:02.276+0000] {processor.py:829} INFO - Processing file /usr/local/lib/python3.10/dist-packages/airflow/example_dags/example_short_circuit_decorator.py for tasks to queue
[2023-09-27T11:16:02.277+0000] {logging_mixin.py:151} INFO - [2023-09-27T11:16:02.277+0000] {dagbag.py:539} INFO - Filling up the DagBag from /usr/local/lib/python3.10/dist-packages/airflow/example_dags/example_short_circuit_decorator.py
[2023-09-27T11:16:02.296+0000] {processor.py:839} INFO - DAG(s) dict_keys(['example_short_circuit_decorator']) retrieved from /usr/local/lib/python3.10/dist-packages/airflow/example_dags/example_short_circuit_decorator.py
[2023-09-27T11:16:02.319+0000] {logging_mixin.py:151} INFO - [2023-09-27T11:16:02.319+0000] {dag.py:2915} INFO - Sync 1 DAGs
[2023-09-27T11:16:02.352+0000] {logging_mixin.py:151} INFO - [2023-09-27T11:16:02.352+0000] {dag.py:3696} INFO - Setting next_dagrun for example_short_circuit_decorator to 2023-09-26T11:16:02.352090+00:00, run_after=2023-09-27T11:16:02.352090+00:00
[2023-09-27T11:16:02.386+0000] {processor.py:179} INFO - Processing /usr/local/lib/python3.10/dist-packages/airflow/example_dags/example_short_circuit_decorator.py took 0.114 seconds
[2023-09-27T11:16:50.974+0000] {processor.py:157} INFO - Started process (PID=5351) to work on /usr/local/lib/python3.10/dist-packages/airflow/example_dags/example_short_circuit_decorator.py
[2023-09-27T11:16:50.975+0000] {processor.py:829} INFO - Processing file /usr/local/lib/python3.10/dist-packages/airflow/example_dags/example_short_circuit_decorator.py for tasks to queue
[2023-09-27T11:16:50.976+0000] {logging_mixin.py:151} INFO - [2023-09-27T11:16:50.976+0000] {dagbag.py:539} INFO - Filling up the DagBag from /usr/local/lib/python3.10/dist-packages/airflow/example_dags/example_short_circuit_decorator.py
[2023-09-27T11:16:50.988+0000] {processor.py:839} INFO - DAG(s) dict_keys(['example_short_circuit_decorator']) retrieved from /usr/local/lib/python3.10/dist-packages/airflow/example_dags/example_short_circuit_decorator.py
[2023-09-27T11:16:51.012+0000] {logging_mixin.py:151} INFO - [2023-09-27T11:16:51.011+0000] {dag.py:2915} INFO - Sync 1 DAGs
[2023-09-27T11:16:51.034+0000] {logging_mixin.py:151} INFO - [2023-09-27T11:16:51.034+0000] {dag.py:3696} INFO - Setting next_dagrun for example_short_circuit_decorator to 2023-09-26T11:16:51.033834+00:00, run_after=2023-09-27T11:16:51.033834+00:00
[2023-09-27T11:16:51.058+0000] {processor.py:179} INFO - Processing /usr/local/lib/python3.10/dist-packages/airflow/example_dags/example_short_circuit_decorator.py took 0.087 seconds
[2023-09-27T11:17:42.231+0000] {processor.py:157} INFO - Started process (PID=5411) to work on /usr/local/lib/python3.10/dist-packages/airflow/example_dags/example_short_circuit_decorator.py
[2023-09-27T11:17:42.233+0000] {processor.py:829} INFO - Processing file /usr/local/lib/python3.10/dist-packages/airflow/example_dags/example_short_circuit_decorator.py for tasks to queue
[2023-09-27T11:17:42.234+0000] {logging_mixin.py:151} INFO - [2023-09-27T11:17:42.234+0000] {dagbag.py:539} INFO - Filling up the DagBag from /usr/local/lib/python3.10/dist-packages/airflow/example_dags/example_short_circuit_decorator.py
[2023-09-27T11:17:42.250+0000] {processor.py:839} INFO - DAG(s) dict_keys(['example_short_circuit_decorator']) retrieved from /usr/local/lib/python3.10/dist-packages/airflow/example_dags/example_short_circuit_decorator.py
[2023-09-27T11:17:42.272+0000] {logging_mixin.py:151} INFO - [2023-09-27T11:17:42.272+0000] {dag.py:2915} INFO - Sync 1 DAGs
[2023-09-27T11:17:42.297+0000] {logging_mixin.py:151} INFO - [2023-09-27T11:17:42.297+0000] {dag.py:3696} INFO - Setting next_dagrun for example_short_circuit_decorator to 2023-09-26T11:17:42.297278+00:00, run_after=2023-09-27T11:17:42.297278+00:00
[2023-09-27T11:17:42.324+0000] {processor.py:179} INFO - Processing /usr/local/lib/python3.10/dist-packages/airflow/example_dags/example_short_circuit_decorator.py took 0.098 seconds
[2023-09-27T11:18:34.133+0000] {processor.py:157} INFO - Started process (PID=5465) to work on /usr/local/lib/python3.10/dist-packages/airflow/example_dags/example_short_circuit_decorator.py
[2023-09-27T11:18:34.134+0000] {processor.py:829} INFO - Processing file /usr/local/lib/python3.10/dist-packages/airflow/example_dags/example_short_circuit_decorator.py for tasks to queue
[2023-09-27T11:18:34.135+0000] {logging_mixin.py:151} INFO - [2023-09-27T11:18:34.135+0000] {dagbag.py:539} INFO - Filling up the DagBag from /usr/local/lib/python3.10/dist-packages/airflow/example_dags/example_short_circuit_decorator.py
[2023-09-27T11:18:34.145+0000] {processor.py:839} INFO - DAG(s) dict_keys(['example_short_circuit_decorator']) retrieved from /usr/local/lib/python3.10/dist-packages/airflow/example_dags/example_short_circuit_decorator.py
[2023-09-27T11:18:34.165+0000] {logging_mixin.py:151} INFO - [2023-09-27T11:18:34.165+0000] {dag.py:2915} INFO - Sync 1 DAGs
[2023-09-27T11:18:34.184+0000] {logging_mixin.py:151} INFO - [2023-09-27T11:18:34.184+0000] {dag.py:3696} INFO - Setting next_dagrun for example_short_circuit_decorator to 2023-09-26T11:18:34.184511+00:00, run_after=2023-09-27T11:18:34.184511+00:00
[2023-09-27T11:18:34.207+0000] {processor.py:179} INFO - Processing /usr/local/lib/python3.10/dist-packages/airflow/example_dags/example_short_circuit_decorator.py took 0.078 seconds
[2023-09-27T11:19:20.497+0000] {processor.py:157} INFO - Started process (PID=5513) to work on /usr/local/lib/python3.10/dist-packages/airflow/example_dags/example_short_circuit_decorator.py
[2023-09-27T11:19:20.499+0000] {processor.py:829} INFO - Processing file /usr/local/lib/python3.10/dist-packages/airflow/example_dags/example_short_circuit_decorator.py for tasks to queue
[2023-09-27T11:19:20.500+0000] {logging_mixin.py:151} INFO - [2023-09-27T11:19:20.499+0000] {dagbag.py:539} INFO - Filling up the DagBag from /usr/local/lib/python3.10/dist-packages/airflow/example_dags/example_short_circuit_decorator.py
[2023-09-27T11:19:20.509+0000] {processor.py:839} INFO - DAG(s) dict_keys(['example_short_circuit_decorator']) retrieved from /usr/local/lib/python3.10/dist-packages/airflow/example_dags/example_short_circuit_decorator.py
[2023-09-27T11:19:20.535+0000] {logging_mixin.py:151} INFO - [2023-09-27T11:19:20.534+0000] {dag.py:2915} INFO - Sync 1 DAGs
[2023-09-27T11:19:20.567+0000] {logging_mixin.py:151} INFO - [2023-09-27T11:19:20.567+0000] {dag.py:3696} INFO - Setting next_dagrun for example_short_circuit_decorator to 2023-09-26T11:19:20.567076+00:00, run_after=2023-09-27T11:19:20.567076+00:00
[2023-09-27T11:19:20.591+0000] {processor.py:179} INFO - Processing /usr/local/lib/python3.10/dist-packages/airflow/example_dags/example_short_circuit_decorator.py took 0.097 seconds
[2023-09-27T11:20:12.255+0000] {processor.py:157} INFO - Started process (PID=5570) to work on /usr/local/lib/python3.10/dist-packages/airflow/example_dags/example_short_circuit_decorator.py
[2023-09-27T11:20:12.256+0000] {processor.py:829} INFO - Processing file /usr/local/lib/python3.10/dist-packages/airflow/example_dags/example_short_circuit_decorator.py for tasks to queue
[2023-09-27T11:20:12.260+0000] {logging_mixin.py:151} INFO - [2023-09-27T11:20:12.258+0000] {dagbag.py:539} INFO - Filling up the DagBag from /usr/local/lib/python3.10/dist-packages/airflow/example_dags/example_short_circuit_decorator.py
[2023-09-27T11:20:12.278+0000] {processor.py:839} INFO - DAG(s) dict_keys(['example_short_circuit_decorator']) retrieved from /usr/local/lib/python3.10/dist-packages/airflow/example_dags/example_short_circuit_decorator.py
[2023-09-27T11:20:12.309+0000] {logging_mixin.py:151} INFO - [2023-09-27T11:20:12.309+0000] {dag.py:2915} INFO - Sync 1 DAGs
[2023-09-27T11:20:12.335+0000] {logging_mixin.py:151} INFO - [2023-09-27T11:20:12.335+0000] {dag.py:3696} INFO - Setting next_dagrun for example_short_circuit_decorator to 2023-09-26T11:20:12.334917+00:00, run_after=2023-09-27T11:20:12.334917+00:00
[2023-09-27T11:20:12.359+0000] {processor.py:179} INFO - Processing /usr/local/lib/python3.10/dist-packages/airflow/example_dags/example_short_circuit_decorator.py took 0.110 seconds
[2023-09-27T11:21:04.976+0000] {processor.py:157} INFO - Started process (PID=5624) to work on /usr/local/lib/python3.10/dist-packages/airflow/example_dags/example_short_circuit_decorator.py
[2023-09-27T11:21:04.977+0000] {processor.py:829} INFO - Processing file /usr/local/lib/python3.10/dist-packages/airflow/example_dags/example_short_circuit_decorator.py for tasks to queue
[2023-09-27T11:21:04.978+0000] {logging_mixin.py:151} INFO - [2023-09-27T11:21:04.978+0000] {dagbag.py:539} INFO - Filling up the DagBag from /usr/local/lib/python3.10/dist-packages/airflow/example_dags/example_short_circuit_decorator.py
[2023-09-27T11:21:04.988+0000] {processor.py:839} INFO - DAG(s) dict_keys(['example_short_circuit_decorator']) retrieved from /usr/local/lib/python3.10/dist-packages/airflow/example_dags/example_short_circuit_decorator.py
[2023-09-27T11:21:05.010+0000] {logging_mixin.py:151} INFO - [2023-09-27T11:21:05.010+0000] {dag.py:2915} INFO - Sync 1 DAGs
[2023-09-27T11:21:05.031+0000] {logging_mixin.py:151} INFO - [2023-09-27T11:21:05.031+0000] {dag.py:3696} INFO - Setting next_dagrun for example_short_circuit_decorator to 2023-09-26T11:21:05.031224+00:00, run_after=2023-09-27T11:21:05.031224+00:00
[2023-09-27T11:21:05.056+0000] {processor.py:179} INFO - Processing /usr/local/lib/python3.10/dist-packages/airflow/example_dags/example_short_circuit_decorator.py took 0.083 seconds
[2023-09-27T11:21:55.957+0000] {processor.py:157} INFO - Started process (PID=5679) to work on /usr/local/lib/python3.10/dist-packages/airflow/example_dags/example_short_circuit_decorator.py
[2023-09-27T11:21:55.958+0000] {processor.py:829} INFO - Processing file /usr/local/lib/python3.10/dist-packages/airflow/example_dags/example_short_circuit_decorator.py for tasks to queue
[2023-09-27T11:21:55.959+0000] {logging_mixin.py:151} INFO - [2023-09-27T11:21:55.959+0000] {dagbag.py:539} INFO - Filling up the DagBag from /usr/local/lib/python3.10/dist-packages/airflow/example_dags/example_short_circuit_decorator.py
[2023-09-27T11:21:55.969+0000] {processor.py:839} INFO - DAG(s) dict_keys(['example_short_circuit_decorator']) retrieved from /usr/local/lib/python3.10/dist-packages/airflow/example_dags/example_short_circuit_decorator.py
[2023-09-27T11:21:55.987+0000] {logging_mixin.py:151} INFO - [2023-09-27T11:21:55.986+0000] {dag.py:2915} INFO - Sync 1 DAGs
[2023-09-27T11:21:56.012+0000] {logging_mixin.py:151} INFO - [2023-09-27T11:21:56.012+0000] {dag.py:3696} INFO - Setting next_dagrun for example_short_circuit_decorator to 2023-09-26T11:21:56.012506+00:00, run_after=2023-09-27T11:21:56.012506+00:00
[2023-09-27T11:21:56.063+0000] {processor.py:179} INFO - Processing /usr/local/lib/python3.10/dist-packages/airflow/example_dags/example_short_circuit_decorator.py took 0.110 seconds
[2023-09-27T11:22:43.799+0000] {processor.py:157} INFO - Started process (PID=5732) to work on /usr/local/lib/python3.10/dist-packages/airflow/example_dags/example_short_circuit_decorator.py
[2023-09-27T11:22:43.800+0000] {processor.py:829} INFO - Processing file /usr/local/lib/python3.10/dist-packages/airflow/example_dags/example_short_circuit_decorator.py for tasks to queue
[2023-09-27T11:22:43.801+0000] {logging_mixin.py:151} INFO - [2023-09-27T11:22:43.801+0000] {dagbag.py:539} INFO - Filling up the DagBag from /usr/local/lib/python3.10/dist-packages/airflow/example_dags/example_short_circuit_decorator.py
[2023-09-27T11:22:43.813+0000] {processor.py:839} INFO - DAG(s) dict_keys(['example_short_circuit_decorator']) retrieved from /usr/local/lib/python3.10/dist-packages/airflow/example_dags/example_short_circuit_decorator.py
[2023-09-27T11:22:43.832+0000] {logging_mixin.py:151} INFO - [2023-09-27T11:22:43.832+0000] {dag.py:2915} INFO - Sync 1 DAGs
[2023-09-27T11:22:43.851+0000] {logging_mixin.py:151} INFO - [2023-09-27T11:22:43.851+0000] {dag.py:3696} INFO - Setting next_dagrun for example_short_circuit_decorator to 2023-09-26T11:22:43.851398+00:00, run_after=2023-09-27T11:22:43.851398+00:00
[2023-09-27T11:22:43.874+0000] {processor.py:179} INFO - Processing /usr/local/lib/python3.10/dist-packages/airflow/example_dags/example_short_circuit_decorator.py took 0.081 seconds
[2023-09-27T11:23:36.097+0000] {processor.py:157} INFO - Started process (PID=5786) to work on /usr/local/lib/python3.10/dist-packages/airflow/example_dags/example_short_circuit_decorator.py
[2023-09-27T11:23:36.098+0000] {processor.py:829} INFO - Processing file /usr/local/lib/python3.10/dist-packages/airflow/example_dags/example_short_circuit_decorator.py for tasks to queue
[2023-09-27T11:23:36.099+0000] {logging_mixin.py:151} INFO - [2023-09-27T11:23:36.099+0000] {dagbag.py:539} INFO - Filling up the DagBag from /usr/local/lib/python3.10/dist-packages/airflow/example_dags/example_short_circuit_decorator.py
[2023-09-27T11:23:36.109+0000] {processor.py:839} INFO - DAG(s) dict_keys(['example_short_circuit_decorator']) retrieved from /usr/local/lib/python3.10/dist-packages/airflow/example_dags/example_short_circuit_decorator.py
[2023-09-27T11:23:36.128+0000] {logging_mixin.py:151} INFO - [2023-09-27T11:23:36.128+0000] {dag.py:2915} INFO - Sync 1 DAGs
[2023-09-27T11:23:36.150+0000] {logging_mixin.py:151} INFO - [2023-09-27T11:23:36.150+0000] {dag.py:3696} INFO - Setting next_dagrun for example_short_circuit_decorator to 2023-09-26T11:23:36.149975+00:00, run_after=2023-09-27T11:23:36.149975+00:00
[2023-09-27T11:23:36.190+0000] {processor.py:179} INFO - Processing /usr/local/lib/python3.10/dist-packages/airflow/example_dags/example_short_circuit_decorator.py took 0.096 seconds
[2023-09-27T11:24:26.438+0000] {processor.py:157} INFO - Started process (PID=5837) to work on /usr/local/lib/python3.10/dist-packages/airflow/example_dags/example_short_circuit_decorator.py
[2023-09-27T11:24:26.440+0000] {processor.py:829} INFO - Processing file /usr/local/lib/python3.10/dist-packages/airflow/example_dags/example_short_circuit_decorator.py for tasks to queue
[2023-09-27T11:24:26.441+0000] {logging_mixin.py:151} INFO - [2023-09-27T11:24:26.440+0000] {dagbag.py:539} INFO - Filling up the DagBag from /usr/local/lib/python3.10/dist-packages/airflow/example_dags/example_short_circuit_decorator.py
[2023-09-27T11:24:26.455+0000] {processor.py:839} INFO - DAG(s) dict_keys(['example_short_circuit_decorator']) retrieved from /usr/local/lib/python3.10/dist-packages/airflow/example_dags/example_short_circuit_decorator.py
[2023-09-27T11:24:26.476+0000] {logging_mixin.py:151} INFO - [2023-09-27T11:24:26.476+0000] {dag.py:2915} INFO - Sync 1 DAGs
[2023-09-27T11:24:26.499+0000] {logging_mixin.py:151} INFO - [2023-09-27T11:24:26.498+0000] {dag.py:3696} INFO - Setting next_dagrun for example_short_circuit_decorator to 2023-09-26T11:24:26.498247+00:00, run_after=2023-09-27T11:24:26.498247+00:00
[2023-09-27T11:24:26.530+0000] {processor.py:179} INFO - Processing /usr/local/lib/python3.10/dist-packages/airflow/example_dags/example_short_circuit_decorator.py took 0.095 seconds
[2023-09-27T11:25:19.187+0000] {processor.py:157} INFO - Started process (PID=5891) to work on /usr/local/lib/python3.10/dist-packages/airflow/example_dags/example_short_circuit_decorator.py
[2023-09-27T11:25:19.189+0000] {processor.py:829} INFO - Processing file /usr/local/lib/python3.10/dist-packages/airflow/example_dags/example_short_circuit_decorator.py for tasks to queue
[2023-09-27T11:25:19.190+0000] {logging_mixin.py:151} INFO - [2023-09-27T11:25:19.190+0000] {dagbag.py:539} INFO - Filling up the DagBag from /usr/local/lib/python3.10/dist-packages/airflow/example_dags/example_short_circuit_decorator.py
[2023-09-27T11:25:19.201+0000] {processor.py:839} INFO - DAG(s) dict_keys(['example_short_circuit_decorator']) retrieved from /usr/local/lib/python3.10/dist-packages/airflow/example_dags/example_short_circuit_decorator.py
[2023-09-27T11:25:19.219+0000] {logging_mixin.py:151} INFO - [2023-09-27T11:25:19.219+0000] {dag.py:2915} INFO - Sync 1 DAGs
[2023-09-27T11:25:19.239+0000] {logging_mixin.py:151} INFO - [2023-09-27T11:25:19.239+0000] {dag.py:3696} INFO - Setting next_dagrun for example_short_circuit_decorator to 2023-09-26T11:25:19.239078+00:00, run_after=2023-09-27T11:25:19.239078+00:00
[2023-09-27T11:25:19.261+0000] {processor.py:179} INFO - Processing /usr/local/lib/python3.10/dist-packages/airflow/example_dags/example_short_circuit_decorator.py took 0.077 seconds
[2023-09-27T11:26:13.629+0000] {processor.py:157} INFO - Started process (PID=5948) to work on /usr/local/lib/python3.10/dist-packages/airflow/example_dags/example_short_circuit_decorator.py
[2023-09-27T11:26:13.630+0000] {processor.py:829} INFO - Processing file /usr/local/lib/python3.10/dist-packages/airflow/example_dags/example_short_circuit_decorator.py for tasks to queue
[2023-09-27T11:26:13.631+0000] {logging_mixin.py:151} INFO - [2023-09-27T11:26:13.631+0000] {dagbag.py:539} INFO - Filling up the DagBag from /usr/local/lib/python3.10/dist-packages/airflow/example_dags/example_short_circuit_decorator.py
[2023-09-27T11:26:13.643+0000] {processor.py:839} INFO - DAG(s) dict_keys(['example_short_circuit_decorator']) retrieved from /usr/local/lib/python3.10/dist-packages/airflow/example_dags/example_short_circuit_decorator.py
[2023-09-27T11:26:13.664+0000] {logging_mixin.py:151} INFO - [2023-09-27T11:26:13.663+0000] {dag.py:2915} INFO - Sync 1 DAGs
[2023-09-27T11:26:13.684+0000] {logging_mixin.py:151} INFO - [2023-09-27T11:26:13.684+0000] {dag.py:3696} INFO - Setting next_dagrun for example_short_circuit_decorator to 2023-09-26T11:26:13.683835+00:00, run_after=2023-09-27T11:26:13.683835+00:00
[2023-09-27T11:26:13.706+0000] {processor.py:179} INFO - Processing /usr/local/lib/python3.10/dist-packages/airflow/example_dags/example_short_circuit_decorator.py took 0.080 seconds
[2023-09-27T11:27:03.572+0000] {processor.py:157} INFO - Started process (PID=6005) to work on /usr/local/lib/python3.10/dist-packages/airflow/example_dags/example_short_circuit_decorator.py
[2023-09-27T11:27:03.573+0000] {processor.py:829} INFO - Processing file /usr/local/lib/python3.10/dist-packages/airflow/example_dags/example_short_circuit_decorator.py for tasks to queue
[2023-09-27T11:27:03.574+0000] {logging_mixin.py:151} INFO - [2023-09-27T11:27:03.573+0000] {dagbag.py:539} INFO - Filling up the DagBag from /usr/local/lib/python3.10/dist-packages/airflow/example_dags/example_short_circuit_decorator.py
[2023-09-27T11:27:03.583+0000] {processor.py:839} INFO - DAG(s) dict_keys(['example_short_circuit_decorator']) retrieved from /usr/local/lib/python3.10/dist-packages/airflow/example_dags/example_short_circuit_decorator.py
[2023-09-27T11:27:03.601+0000] {logging_mixin.py:151} INFO - [2023-09-27T11:27:03.601+0000] {dag.py:2915} INFO - Sync 1 DAGs
[2023-09-27T11:27:03.622+0000] {logging_mixin.py:151} INFO - [2023-09-27T11:27:03.621+0000] {dag.py:3696} INFO - Setting next_dagrun for example_short_circuit_decorator to 2023-09-26T11:27:03.621517+00:00, run_after=2023-09-27T11:27:03.621517+00:00
[2023-09-27T11:27:03.650+0000] {processor.py:179} INFO - Processing /usr/local/lib/python3.10/dist-packages/airflow/example_dags/example_short_circuit_decorator.py took 0.081 seconds
[2023-09-27T11:27:53.378+0000] {processor.py:157} INFO - Started process (PID=6059) to work on /usr/local/lib/python3.10/dist-packages/airflow/example_dags/example_short_circuit_decorator.py
[2023-09-27T11:27:53.380+0000] {processor.py:829} INFO - Processing file /usr/local/lib/python3.10/dist-packages/airflow/example_dags/example_short_circuit_decorator.py for tasks to queue
[2023-09-27T11:27:53.380+0000] {logging_mixin.py:151} INFO - [2023-09-27T11:27:53.380+0000] {dagbag.py:539} INFO - Filling up the DagBag from /usr/local/lib/python3.10/dist-packages/airflow/example_dags/example_short_circuit_decorator.py
[2023-09-27T11:27:53.390+0000] {processor.py:839} INFO - DAG(s) dict_keys(['example_short_circuit_decorator']) retrieved from /usr/local/lib/python3.10/dist-packages/airflow/example_dags/example_short_circuit_decorator.py
[2023-09-27T11:27:53.413+0000] {logging_mixin.py:151} INFO - [2023-09-27T11:27:53.412+0000] {dag.py:2915} INFO - Sync 1 DAGs
[2023-09-27T11:27:53.431+0000] {logging_mixin.py:151} INFO - [2023-09-27T11:27:53.431+0000] {dag.py:3696} INFO - Setting next_dagrun for example_short_circuit_decorator to 2023-09-26T11:27:53.431360+00:00, run_after=2023-09-27T11:27:53.431360+00:00
[2023-09-27T11:27:53.453+0000] {processor.py:179} INFO - Processing /usr/local/lib/python3.10/dist-packages/airflow/example_dags/example_short_circuit_decorator.py took 0.078 seconds
[2023-09-27T11:28:39.166+0000] {processor.py:157} INFO - Started process (PID=6111) to work on /usr/local/lib/python3.10/dist-packages/airflow/example_dags/example_short_circuit_decorator.py
[2023-09-27T11:28:39.167+0000] {processor.py:829} INFO - Processing file /usr/local/lib/python3.10/dist-packages/airflow/example_dags/example_short_circuit_decorator.py for tasks to queue
[2023-09-27T11:28:39.168+0000] {logging_mixin.py:151} INFO - [2023-09-27T11:28:39.167+0000] {dagbag.py:539} INFO - Filling up the DagBag from /usr/local/lib/python3.10/dist-packages/airflow/example_dags/example_short_circuit_decorator.py
[2023-09-27T11:28:39.177+0000] {processor.py:839} INFO - DAG(s) dict_keys(['example_short_circuit_decorator']) retrieved from /usr/local/lib/python3.10/dist-packages/airflow/example_dags/example_short_circuit_decorator.py
[2023-09-27T11:28:39.195+0000] {logging_mixin.py:151} INFO - [2023-09-27T11:28:39.195+0000] {dag.py:2915} INFO - Sync 1 DAGs
[2023-09-27T11:28:39.214+0000] {logging_mixin.py:151} INFO - [2023-09-27T11:28:39.213+0000] {dag.py:3696} INFO - Setting next_dagrun for example_short_circuit_decorator to 2023-09-26T11:28:39.213642+00:00, run_after=2023-09-27T11:28:39.213642+00:00
[2023-09-27T11:28:39.234+0000] {processor.py:179} INFO - Processing /usr/local/lib/python3.10/dist-packages/airflow/example_dags/example_short_circuit_decorator.py took 0.072 seconds
[2023-09-27T11:29:30.911+0000] {processor.py:157} INFO - Started process (PID=6165) to work on /usr/local/lib/python3.10/dist-packages/airflow/example_dags/example_short_circuit_decorator.py
[2023-09-27T11:29:30.914+0000] {processor.py:829} INFO - Processing file /usr/local/lib/python3.10/dist-packages/airflow/example_dags/example_short_circuit_decorator.py for tasks to queue
[2023-09-27T11:29:30.915+0000] {logging_mixin.py:151} INFO - [2023-09-27T11:29:30.914+0000] {dagbag.py:539} INFO - Filling up the DagBag from /usr/local/lib/python3.10/dist-packages/airflow/example_dags/example_short_circuit_decorator.py
[2023-09-27T11:29:30.924+0000] {processor.py:839} INFO - DAG(s) dict_keys(['example_short_circuit_decorator']) retrieved from /usr/local/lib/python3.10/dist-packages/airflow/example_dags/example_short_circuit_decorator.py
[2023-09-27T11:29:30.942+0000] {logging_mixin.py:151} INFO - [2023-09-27T11:29:30.941+0000] {dag.py:2915} INFO - Sync 1 DAGs
[2023-09-27T11:29:30.959+0000] {logging_mixin.py:151} INFO - [2023-09-27T11:29:30.959+0000] {dag.py:3696} INFO - Setting next_dagrun for example_short_circuit_decorator to 2023-09-26T11:29:30.959350+00:00, run_after=2023-09-27T11:29:30.959350+00:00
[2023-09-27T11:29:30.981+0000] {processor.py:179} INFO - Processing /usr/local/lib/python3.10/dist-packages/airflow/example_dags/example_short_circuit_decorator.py took 0.073 seconds
[2023-09-27T11:30:22.144+0000] {processor.py:157} INFO - Started process (PID=6218) to work on /usr/local/lib/python3.10/dist-packages/airflow/example_dags/example_short_circuit_decorator.py
[2023-09-27T11:30:22.145+0000] {processor.py:829} INFO - Processing file /usr/local/lib/python3.10/dist-packages/airflow/example_dags/example_short_circuit_decorator.py for tasks to queue
[2023-09-27T11:30:22.146+0000] {logging_mixin.py:151} INFO - [2023-09-27T11:30:22.145+0000] {dagbag.py:539} INFO - Filling up the DagBag from /usr/local/lib/python3.10/dist-packages/airflow/example_dags/example_short_circuit_decorator.py
[2023-09-27T11:30:22.155+0000] {processor.py:839} INFO - DAG(s) dict_keys(['example_short_circuit_decorator']) retrieved from /usr/local/lib/python3.10/dist-packages/airflow/example_dags/example_short_circuit_decorator.py
[2023-09-27T11:30:22.175+0000] {logging_mixin.py:151} INFO - [2023-09-27T11:30:22.174+0000] {dag.py:2915} INFO - Sync 1 DAGs
[2023-09-27T11:30:22.194+0000] {logging_mixin.py:151} INFO - [2023-09-27T11:30:22.193+0000] {dag.py:3696} INFO - Setting next_dagrun for example_short_circuit_decorator to 2023-09-26T11:30:22.193701+00:00, run_after=2023-09-27T11:30:22.193701+00:00
[2023-09-27T11:30:22.215+0000] {processor.py:179} INFO - Processing /usr/local/lib/python3.10/dist-packages/airflow/example_dags/example_short_circuit_decorator.py took 0.075 seconds
[2023-09-27T11:31:11.585+0000] {processor.py:157} INFO - Started process (PID=6270) to work on /usr/local/lib/python3.10/dist-packages/airflow/example_dags/example_short_circuit_decorator.py
[2023-09-27T11:31:11.586+0000] {processor.py:829} INFO - Processing file /usr/local/lib/python3.10/dist-packages/airflow/example_dags/example_short_circuit_decorator.py for tasks to queue
[2023-09-27T11:31:11.587+0000] {logging_mixin.py:151} INFO - [2023-09-27T11:31:11.587+0000] {dagbag.py:539} INFO - Filling up the DagBag from /usr/local/lib/python3.10/dist-packages/airflow/example_dags/example_short_circuit_decorator.py
[2023-09-27T11:31:11.599+0000] {processor.py:839} INFO - DAG(s) dict_keys(['example_short_circuit_decorator']) retrieved from /usr/local/lib/python3.10/dist-packages/airflow/example_dags/example_short_circuit_decorator.py
[2023-09-27T11:31:11.651+0000] {logging_mixin.py:151} INFO - [2023-09-27T11:31:11.650+0000] {dag.py:2915} INFO - Sync 1 DAGs
[2023-09-27T11:31:11.679+0000] {logging_mixin.py:151} INFO - [2023-09-27T11:31:11.679+0000] {dag.py:3696} INFO - Setting next_dagrun for example_short_circuit_decorator to 2023-09-26T11:31:11.679513+00:00, run_after=2023-09-27T11:31:11.679513+00:00
[2023-09-27T11:31:11.716+0000] {processor.py:179} INFO - Processing /usr/local/lib/python3.10/dist-packages/airflow/example_dags/example_short_circuit_decorator.py took 0.134 seconds
[2023-09-27T11:31:57.797+0000] {processor.py:157} INFO - Started process (PID=6324) to work on /usr/local/lib/python3.10/dist-packages/airflow/example_dags/example_short_circuit_decorator.py
[2023-09-27T11:31:57.798+0000] {processor.py:829} INFO - Processing file /usr/local/lib/python3.10/dist-packages/airflow/example_dags/example_short_circuit_decorator.py for tasks to queue
[2023-09-27T11:31:57.799+0000] {logging_mixin.py:151} INFO - [2023-09-27T11:31:57.798+0000] {dagbag.py:539} INFO - Filling up the DagBag from /usr/local/lib/python3.10/dist-packages/airflow/example_dags/example_short_circuit_decorator.py
[2023-09-27T11:31:57.809+0000] {processor.py:839} INFO - DAG(s) dict_keys(['example_short_circuit_decorator']) retrieved from /usr/local/lib/python3.10/dist-packages/airflow/example_dags/example_short_circuit_decorator.py
[2023-09-27T11:31:57.828+0000] {logging_mixin.py:151} INFO - [2023-09-27T11:31:57.828+0000] {dag.py:2915} INFO - Sync 1 DAGs
[2023-09-27T11:31:57.852+0000] {logging_mixin.py:151} INFO - [2023-09-27T11:31:57.852+0000] {dag.py:3696} INFO - Setting next_dagrun for example_short_circuit_decorator to 2023-09-26T11:31:57.851977+00:00, run_after=2023-09-27T11:31:57.851977+00:00
[2023-09-27T11:31:57.880+0000] {processor.py:179} INFO - Processing /usr/local/lib/python3.10/dist-packages/airflow/example_dags/example_short_circuit_decorator.py took 0.088 seconds
[2023-09-27T11:32:42.037+0000] {processor.py:157} INFO - Started process (PID=6374) to work on /usr/local/lib/python3.10/dist-packages/airflow/example_dags/example_short_circuit_decorator.py
[2023-09-27T11:32:42.038+0000] {processor.py:829} INFO - Processing file /usr/local/lib/python3.10/dist-packages/airflow/example_dags/example_short_circuit_decorator.py for tasks to queue
[2023-09-27T11:32:42.039+0000] {logging_mixin.py:151} INFO - [2023-09-27T11:32:42.039+0000] {dagbag.py:539} INFO - Filling up the DagBag from /usr/local/lib/python3.10/dist-packages/airflow/example_dags/example_short_circuit_decorator.py
[2023-09-27T11:32:42.051+0000] {processor.py:839} INFO - DAG(s) dict_keys(['example_short_circuit_decorator']) retrieved from /usr/local/lib/python3.10/dist-packages/airflow/example_dags/example_short_circuit_decorator.py
[2023-09-27T11:32:42.070+0000] {logging_mixin.py:151} INFO - [2023-09-27T11:32:42.070+0000] {dag.py:2915} INFO - Sync 1 DAGs
[2023-09-27T11:32:42.091+0000] {logging_mixin.py:151} INFO - [2023-09-27T11:32:42.090+0000] {dag.py:3696} INFO - Setting next_dagrun for example_short_circuit_decorator to 2023-09-26T11:32:42.090493+00:00, run_after=2023-09-27T11:32:42.090493+00:00
[2023-09-27T11:32:42.120+0000] {processor.py:179} INFO - Processing /usr/local/lib/python3.10/dist-packages/airflow/example_dags/example_short_circuit_decorator.py took 0.088 seconds
[2023-09-27T11:33:31.411+0000] {processor.py:157} INFO - Started process (PID=6423) to work on /usr/local/lib/python3.10/dist-packages/airflow/example_dags/example_short_circuit_decorator.py
[2023-09-27T11:33:31.412+0000] {processor.py:829} INFO - Processing file /usr/local/lib/python3.10/dist-packages/airflow/example_dags/example_short_circuit_decorator.py for tasks to queue
[2023-09-27T11:33:31.413+0000] {logging_mixin.py:151} INFO - [2023-09-27T11:33:31.412+0000] {dagbag.py:539} INFO - Filling up the DagBag from /usr/local/lib/python3.10/dist-packages/airflow/example_dags/example_short_circuit_decorator.py
[2023-09-27T11:33:31.423+0000] {processor.py:839} INFO - DAG(s) dict_keys(['example_short_circuit_decorator']) retrieved from /usr/local/lib/python3.10/dist-packages/airflow/example_dags/example_short_circuit_decorator.py
[2023-09-27T11:33:31.441+0000] {logging_mixin.py:151} INFO - [2023-09-27T11:33:31.441+0000] {dag.py:2915} INFO - Sync 1 DAGs
[2023-09-27T11:33:31.471+0000] {logging_mixin.py:151} INFO - [2023-09-27T11:33:31.471+0000] {dag.py:3696} INFO - Setting next_dagrun for example_short_circuit_decorator to 2023-09-26T11:33:31.470915+00:00, run_after=2023-09-27T11:33:31.470915+00:00
[2023-09-27T11:33:31.492+0000] {processor.py:179} INFO - Processing /usr/local/lib/python3.10/dist-packages/airflow/example_dags/example_short_circuit_decorator.py took 0.084 seconds
[2023-09-27T11:34:21.148+0000] {processor.py:157} INFO - Started process (PID=6475) to work on /usr/local/lib/python3.10/dist-packages/airflow/example_dags/example_short_circuit_decorator.py
[2023-09-27T11:34:21.149+0000] {processor.py:829} INFO - Processing file /usr/local/lib/python3.10/dist-packages/airflow/example_dags/example_short_circuit_decorator.py for tasks to queue
[2023-09-27T11:34:21.150+0000] {logging_mixin.py:151} INFO - [2023-09-27T11:34:21.150+0000] {dagbag.py:539} INFO - Filling up the DagBag from /usr/local/lib/python3.10/dist-packages/airflow/example_dags/example_short_circuit_decorator.py
[2023-09-27T11:34:21.164+0000] {processor.py:839} INFO - DAG(s) dict_keys(['example_short_circuit_decorator']) retrieved from /usr/local/lib/python3.10/dist-packages/airflow/example_dags/example_short_circuit_decorator.py
[2023-09-27T11:34:21.185+0000] {logging_mixin.py:151} INFO - [2023-09-27T11:34:21.184+0000] {dag.py:2915} INFO - Sync 1 DAGs
[2023-09-27T11:34:21.216+0000] {logging_mixin.py:151} INFO - [2023-09-27T11:34:21.216+0000] {dag.py:3696} INFO - Setting next_dagrun for example_short_circuit_decorator to 2023-09-26T11:34:21.214965+00:00, run_after=2023-09-27T11:34:21.214965+00:00
[2023-09-27T11:34:21.240+0000] {processor.py:179} INFO - Processing /usr/local/lib/python3.10/dist-packages/airflow/example_dags/example_short_circuit_decorator.py took 0.099 seconds
[2023-09-27T11:35:09.881+0000] {processor.py:157} INFO - Started process (PID=6528) to work on /usr/local/lib/python3.10/dist-packages/airflow/example_dags/example_short_circuit_decorator.py
[2023-09-27T11:35:09.895+0000] {processor.py:829} INFO - Processing file /usr/local/lib/python3.10/dist-packages/airflow/example_dags/example_short_circuit_decorator.py for tasks to queue
[2023-09-27T11:35:09.896+0000] {logging_mixin.py:151} INFO - [2023-09-27T11:35:09.896+0000] {dagbag.py:539} INFO - Filling up the DagBag from /usr/local/lib/python3.10/dist-packages/airflow/example_dags/example_short_circuit_decorator.py
[2023-09-27T11:35:09.912+0000] {processor.py:839} INFO - DAG(s) dict_keys(['example_short_circuit_decorator']) retrieved from /usr/local/lib/python3.10/dist-packages/airflow/example_dags/example_short_circuit_decorator.py
[2023-09-27T11:35:09.937+0000] {logging_mixin.py:151} INFO - [2023-09-27T11:35:09.937+0000] {dag.py:2915} INFO - Sync 1 DAGs
[2023-09-27T11:35:09.963+0000] {logging_mixin.py:151} INFO - [2023-09-27T11:35:09.963+0000] {dag.py:3696} INFO - Setting next_dagrun for example_short_circuit_decorator to 2023-09-26T11:35:09.963537+00:00, run_after=2023-09-27T11:35:09.963537+00:00
[2023-09-27T11:35:09.988+0000] {processor.py:179} INFO - Processing /usr/local/lib/python3.10/dist-packages/airflow/example_dags/example_short_circuit_decorator.py took 0.111 seconds
[2023-09-27T11:36:00.568+0000] {processor.py:157} INFO - Started process (PID=6587) to work on /usr/local/lib/python3.10/dist-packages/airflow/example_dags/example_short_circuit_decorator.py
[2023-09-27T11:36:00.569+0000] {processor.py:829} INFO - Processing file /usr/local/lib/python3.10/dist-packages/airflow/example_dags/example_short_circuit_decorator.py for tasks to queue
[2023-09-27T11:36:00.570+0000] {logging_mixin.py:151} INFO - [2023-09-27T11:36:00.569+0000] {dagbag.py:539} INFO - Filling up the DagBag from /usr/local/lib/python3.10/dist-packages/airflow/example_dags/example_short_circuit_decorator.py
[2023-09-27T11:36:00.580+0000] {processor.py:839} INFO - DAG(s) dict_keys(['example_short_circuit_decorator']) retrieved from /usr/local/lib/python3.10/dist-packages/airflow/example_dags/example_short_circuit_decorator.py
[2023-09-27T11:36:00.601+0000] {logging_mixin.py:151} INFO - [2023-09-27T11:36:00.600+0000] {dag.py:2915} INFO - Sync 1 DAGs
[2023-09-27T11:36:00.619+0000] {logging_mixin.py:151} INFO - [2023-09-27T11:36:00.619+0000] {dag.py:3696} INFO - Setting next_dagrun for example_short_circuit_decorator to 2023-09-26T11:36:00.619459+00:00, run_after=2023-09-27T11:36:00.619459+00:00
[2023-09-27T11:36:00.643+0000] {processor.py:179} INFO - Processing /usr/local/lib/python3.10/dist-packages/airflow/example_dags/example_short_circuit_decorator.py took 0.079 seconds
[2023-09-27T11:36:49.607+0000] {processor.py:157} INFO - Started process (PID=6706) to work on /usr/local/lib/python3.10/dist-packages/airflow/example_dags/example_short_circuit_decorator.py
[2023-09-27T11:36:49.608+0000] {processor.py:829} INFO - Processing file /usr/local/lib/python3.10/dist-packages/airflow/example_dags/example_short_circuit_decorator.py for tasks to queue
[2023-09-27T11:36:49.609+0000] {logging_mixin.py:151} INFO - [2023-09-27T11:36:49.608+0000] {dagbag.py:539} INFO - Filling up the DagBag from /usr/local/lib/python3.10/dist-packages/airflow/example_dags/example_short_circuit_decorator.py
[2023-09-27T11:36:49.626+0000] {processor.py:839} INFO - DAG(s) dict_keys(['example_short_circuit_decorator']) retrieved from /usr/local/lib/python3.10/dist-packages/airflow/example_dags/example_short_circuit_decorator.py
[2023-09-27T11:36:49.651+0000] {logging_mixin.py:151} INFO - [2023-09-27T11:36:49.651+0000] {dag.py:2915} INFO - Sync 1 DAGs
[2023-09-27T11:36:49.678+0000] {logging_mixin.py:151} INFO - [2023-09-27T11:36:49.678+0000] {dag.py:3696} INFO - Setting next_dagrun for example_short_circuit_decorator to 2023-09-26T11:36:49.678291+00:00, run_after=2023-09-27T11:36:49.678291+00:00
[2023-09-27T11:36:49.702+0000] {processor.py:179} INFO - Processing /usr/local/lib/python3.10/dist-packages/airflow/example_dags/example_short_circuit_decorator.py took 0.098 seconds
