[2023-09-27T10:54:33.190+0000] {processor.py:157} INFO - Started process (PID=3963) to work on /usr/local/lib/python3.10/dist-packages/airflow/example_dags/example_complex.py
[2023-09-27T10:54:33.191+0000] {processor.py:829} INFO - Processing file /usr/local/lib/python3.10/dist-packages/airflow/example_dags/example_complex.py for tasks to queue
[2023-09-27T10:54:33.193+0000] {logging_mixin.py:151} INFO - [2023-09-27T10:54:33.192+0000] {dagbag.py:539} INFO - Filling up the DagBag from /usr/local/lib/python3.10/dist-packages/airflow/example_dags/example_complex.py
[2023-09-27T10:54:33.205+0000] {processor.py:839} INFO - DAG(s) dict_keys(['example_complex']) retrieved from /usr/local/lib/python3.10/dist-packages/airflow/example_dags/example_complex.py
[2023-09-27T10:54:33.328+0000] {logging_mixin.py:151} INFO - [2023-09-27T10:54:33.328+0000] {manager.py:499} INFO - Created Permission View: %s
[2023-09-27T10:54:33.343+0000] {logging_mixin.py:151} INFO - [2023-09-27T10:54:33.342+0000] {manager.py:499} INFO - Created Permission View: %s
[2023-09-27T10:54:33.357+0000] {logging_mixin.py:151} INFO - [2023-09-27T10:54:33.352+0000] {manager.py:499} INFO - Created Permission View: %s
[2023-09-27T10:54:33.357+0000] {logging_mixin.py:151} INFO - [2023-09-27T10:54:33.357+0000] {security.py:708} INFO - Not syncing DAG-level permissions for DAG 'DAG:example_complex' as access control is unset.
[2023-09-27T10:54:33.357+0000] {logging_mixin.py:151} INFO - [2023-09-27T10:54:33.357+0000] {dag.py:2915} INFO - Sync 1 DAGs
[2023-09-27T10:54:33.367+0000] {logging_mixin.py:151} INFO - [2023-09-27T10:54:33.367+0000] {dag.py:2937} INFO - Creating ORM DAG for example_complex
[2023-09-27T10:54:33.368+0000] {logging_mixin.py:151} INFO - [2023-09-27T10:54:33.368+0000] {dag.py:3696} INFO - Setting next_dagrun for example_complex to None, run_after=None
[2023-09-27T10:54:33.388+0000] {processor.py:179} INFO - Processing /usr/local/lib/python3.10/dist-packages/airflow/example_dags/example_complex.py took 0.201 seconds
[2023-09-27T10:55:20.129+0000] {processor.py:157} INFO - Started process (PID=4011) to work on /usr/local/lib/python3.10/dist-packages/airflow/example_dags/example_complex.py
[2023-09-27T10:55:20.130+0000] {processor.py:829} INFO - Processing file /usr/local/lib/python3.10/dist-packages/airflow/example_dags/example_complex.py for tasks to queue
[2023-09-27T10:55:20.132+0000] {logging_mixin.py:151} INFO - [2023-09-27T10:55:20.131+0000] {dagbag.py:539} INFO - Filling up the DagBag from /usr/local/lib/python3.10/dist-packages/airflow/example_dags/example_complex.py
[2023-09-27T10:55:20.145+0000] {processor.py:839} INFO - DAG(s) dict_keys(['example_complex']) retrieved from /usr/local/lib/python3.10/dist-packages/airflow/example_dags/example_complex.py
[2023-09-27T10:55:20.174+0000] {logging_mixin.py:151} INFO - [2023-09-27T10:55:20.174+0000] {dag.py:2915} INFO - Sync 1 DAGs
[2023-09-27T10:55:20.191+0000] {logging_mixin.py:151} INFO - [2023-09-27T10:55:20.190+0000] {dag.py:3696} INFO - Setting next_dagrun for example_complex to None, run_after=None
[2023-09-27T10:55:20.214+0000] {processor.py:179} INFO - Processing /usr/local/lib/python3.10/dist-packages/airflow/example_dags/example_complex.py took 0.089 seconds
[2023-09-27T10:56:04.965+0000] {processor.py:157} INFO - Started process (PID=4059) to work on /usr/local/lib/python3.10/dist-packages/airflow/example_dags/example_complex.py
[2023-09-27T10:56:04.966+0000] {processor.py:829} INFO - Processing file /usr/local/lib/python3.10/dist-packages/airflow/example_dags/example_complex.py for tasks to queue
[2023-09-27T10:56:04.967+0000] {logging_mixin.py:151} INFO - [2023-09-27T10:56:04.967+0000] {dagbag.py:539} INFO - Filling up the DagBag from /usr/local/lib/python3.10/dist-packages/airflow/example_dags/example_complex.py
[2023-09-27T10:56:04.979+0000] {processor.py:839} INFO - DAG(s) dict_keys(['example_complex']) retrieved from /usr/local/lib/python3.10/dist-packages/airflow/example_dags/example_complex.py
[2023-09-27T10:56:05.022+0000] {logging_mixin.py:151} INFO - [2023-09-27T10:56:05.022+0000] {dag.py:2915} INFO - Sync 1 DAGs
[2023-09-27T10:56:05.051+0000] {logging_mixin.py:151} INFO - [2023-09-27T10:56:05.049+0000] {dag.py:3696} INFO - Setting next_dagrun for example_complex to None, run_after=None
[2023-09-27T10:56:05.094+0000] {processor.py:179} INFO - Processing /usr/local/lib/python3.10/dist-packages/airflow/example_dags/example_complex.py took 0.132 seconds
[2023-09-27T10:57:28.810+0000] {processor.py:157} INFO - Started process (PID=4130) to work on /usr/local/lib/python3.10/dist-packages/airflow/example_dags/example_complex.py
[2023-09-27T10:57:28.812+0000] {processor.py:829} INFO - Processing file /usr/local/lib/python3.10/dist-packages/airflow/example_dags/example_complex.py for tasks to queue
[2023-09-27T10:57:28.814+0000] {logging_mixin.py:151} INFO - [2023-09-27T10:57:28.813+0000] {dagbag.py:539} INFO - Filling up the DagBag from /usr/local/lib/python3.10/dist-packages/airflow/example_dags/example_complex.py
[2023-09-27T10:57:28.826+0000] {processor.py:839} INFO - DAG(s) dict_keys(['example_complex']) retrieved from /usr/local/lib/python3.10/dist-packages/airflow/example_dags/example_complex.py
[2023-09-27T10:57:28.855+0000] {logging_mixin.py:151} INFO - [2023-09-27T10:57:28.855+0000] {dag.py:2915} INFO - Sync 1 DAGs
[2023-09-27T10:57:28.868+0000] {logging_mixin.py:151} INFO - [2023-09-27T10:57:28.868+0000] {dag.py:3696} INFO - Setting next_dagrun for example_complex to None, run_after=None
[2023-09-27T10:57:28.900+0000] {processor.py:179} INFO - Processing /usr/local/lib/python3.10/dist-packages/airflow/example_dags/example_complex.py took 0.092 seconds
[2023-09-27T10:58:20.408+0000] {processor.py:157} INFO - Started process (PID=4183) to work on /usr/local/lib/python3.10/dist-packages/airflow/example_dags/example_complex.py
[2023-09-27T10:58:20.409+0000] {processor.py:829} INFO - Processing file /usr/local/lib/python3.10/dist-packages/airflow/example_dags/example_complex.py for tasks to queue
[2023-09-27T10:58:20.410+0000] {logging_mixin.py:151} INFO - [2023-09-27T10:58:20.409+0000] {dagbag.py:539} INFO - Filling up the DagBag from /usr/local/lib/python3.10/dist-packages/airflow/example_dags/example_complex.py
[2023-09-27T10:58:20.422+0000] {processor.py:839} INFO - DAG(s) dict_keys(['example_complex']) retrieved from /usr/local/lib/python3.10/dist-packages/airflow/example_dags/example_complex.py
[2023-09-27T10:58:20.457+0000] {logging_mixin.py:151} INFO - [2023-09-27T10:58:20.457+0000] {dag.py:2915} INFO - Sync 1 DAGs
[2023-09-27T10:58:20.470+0000] {logging_mixin.py:151} INFO - [2023-09-27T10:58:20.469+0000] {dag.py:3696} INFO - Setting next_dagrun for example_complex to None, run_after=None
[2023-09-27T10:58:20.490+0000] {processor.py:179} INFO - Processing /usr/local/lib/python3.10/dist-packages/airflow/example_dags/example_complex.py took 0.085 seconds
[2023-09-27T10:59:07.435+0000] {processor.py:157} INFO - Started process (PID=4234) to work on /usr/local/lib/python3.10/dist-packages/airflow/example_dags/example_complex.py
[2023-09-27T10:59:07.436+0000] {processor.py:829} INFO - Processing file /usr/local/lib/python3.10/dist-packages/airflow/example_dags/example_complex.py for tasks to queue
[2023-09-27T10:59:07.437+0000] {logging_mixin.py:151} INFO - [2023-09-27T10:59:07.437+0000] {dagbag.py:539} INFO - Filling up the DagBag from /usr/local/lib/python3.10/dist-packages/airflow/example_dags/example_complex.py
[2023-09-27T10:59:07.450+0000] {processor.py:839} INFO - DAG(s) dict_keys(['example_complex']) retrieved from /usr/local/lib/python3.10/dist-packages/airflow/example_dags/example_complex.py
[2023-09-27T10:59:07.482+0000] {logging_mixin.py:151} INFO - [2023-09-27T10:59:07.482+0000] {dag.py:2915} INFO - Sync 1 DAGs
[2023-09-27T10:59:07.502+0000] {logging_mixin.py:151} INFO - [2023-09-27T10:59:07.502+0000] {dag.py:3696} INFO - Setting next_dagrun for example_complex to None, run_after=None
[2023-09-27T10:59:07.535+0000] {processor.py:179} INFO - Processing /usr/local/lib/python3.10/dist-packages/airflow/example_dags/example_complex.py took 0.105 seconds
[2023-09-27T10:59:56.077+0000] {processor.py:157} INFO - Started process (PID=4284) to work on /usr/local/lib/python3.10/dist-packages/airflow/example_dags/example_complex.py
[2023-09-27T10:59:56.078+0000] {processor.py:829} INFO - Processing file /usr/local/lib/python3.10/dist-packages/airflow/example_dags/example_complex.py for tasks to queue
[2023-09-27T10:59:56.079+0000] {logging_mixin.py:151} INFO - [2023-09-27T10:59:56.079+0000] {dagbag.py:539} INFO - Filling up the DagBag from /usr/local/lib/python3.10/dist-packages/airflow/example_dags/example_complex.py
[2023-09-27T10:59:56.091+0000] {processor.py:839} INFO - DAG(s) dict_keys(['example_complex']) retrieved from /usr/local/lib/python3.10/dist-packages/airflow/example_dags/example_complex.py
[2023-09-27T10:59:56.127+0000] {logging_mixin.py:151} INFO - [2023-09-27T10:59:56.127+0000] {dag.py:2915} INFO - Sync 1 DAGs
[2023-09-27T10:59:56.141+0000] {logging_mixin.py:151} INFO - [2023-09-27T10:59:56.141+0000] {dag.py:3696} INFO - Setting next_dagrun for example_complex to None, run_after=None
[2023-09-27T10:59:56.176+0000] {processor.py:179} INFO - Processing /usr/local/lib/python3.10/dist-packages/airflow/example_dags/example_complex.py took 0.102 seconds
[2023-09-27T11:00:44.587+0000] {processor.py:157} INFO - Started process (PID=4335) to work on /usr/local/lib/python3.10/dist-packages/airflow/example_dags/example_complex.py
[2023-09-27T11:00:44.588+0000] {processor.py:829} INFO - Processing file /usr/local/lib/python3.10/dist-packages/airflow/example_dags/example_complex.py for tasks to queue
[2023-09-27T11:00:44.590+0000] {logging_mixin.py:151} INFO - [2023-09-27T11:00:44.589+0000] {dagbag.py:539} INFO - Filling up the DagBag from /usr/local/lib/python3.10/dist-packages/airflow/example_dags/example_complex.py
[2023-09-27T11:00:44.602+0000] {processor.py:839} INFO - DAG(s) dict_keys(['example_complex']) retrieved from /usr/local/lib/python3.10/dist-packages/airflow/example_dags/example_complex.py
[2023-09-27T11:00:44.632+0000] {logging_mixin.py:151} INFO - [2023-09-27T11:00:44.631+0000] {dag.py:2915} INFO - Sync 1 DAGs
[2023-09-27T11:00:44.644+0000] {logging_mixin.py:151} INFO - [2023-09-27T11:00:44.644+0000] {dag.py:3696} INFO - Setting next_dagrun for example_complex to None, run_after=None
[2023-09-27T11:00:44.673+0000] {processor.py:179} INFO - Processing /usr/local/lib/python3.10/dist-packages/airflow/example_dags/example_complex.py took 0.089 seconds
[2023-09-27T11:01:29.152+0000] {processor.py:157} INFO - Started process (PID=4383) to work on /usr/local/lib/python3.10/dist-packages/airflow/example_dags/example_complex.py
[2023-09-27T11:01:29.153+0000] {processor.py:829} INFO - Processing file /usr/local/lib/python3.10/dist-packages/airflow/example_dags/example_complex.py for tasks to queue
[2023-09-27T11:01:29.154+0000] {logging_mixin.py:151} INFO - [2023-09-27T11:01:29.154+0000] {dagbag.py:539} INFO - Filling up the DagBag from /usr/local/lib/python3.10/dist-packages/airflow/example_dags/example_complex.py
[2023-09-27T11:01:29.166+0000] {processor.py:839} INFO - DAG(s) dict_keys(['example_complex']) retrieved from /usr/local/lib/python3.10/dist-packages/airflow/example_dags/example_complex.py
[2023-09-27T11:01:29.192+0000] {logging_mixin.py:151} INFO - [2023-09-27T11:01:29.192+0000] {dag.py:2915} INFO - Sync 1 DAGs
[2023-09-27T11:01:29.203+0000] {logging_mixin.py:151} INFO - [2023-09-27T11:01:29.203+0000] {dag.py:3696} INFO - Setting next_dagrun for example_complex to None, run_after=None
[2023-09-27T11:01:29.230+0000] {processor.py:179} INFO - Processing /usr/local/lib/python3.10/dist-packages/airflow/example_dags/example_complex.py took 0.080 seconds
[2023-09-27T11:02:15.181+0000] {processor.py:157} INFO - Started process (PID=4431) to work on /usr/local/lib/python3.10/dist-packages/airflow/example_dags/example_complex.py
[2023-09-27T11:02:15.183+0000] {processor.py:829} INFO - Processing file /usr/local/lib/python3.10/dist-packages/airflow/example_dags/example_complex.py for tasks to queue
[2023-09-27T11:02:15.184+0000] {logging_mixin.py:151} INFO - [2023-09-27T11:02:15.183+0000] {dagbag.py:539} INFO - Filling up the DagBag from /usr/local/lib/python3.10/dist-packages/airflow/example_dags/example_complex.py
[2023-09-27T11:02:15.194+0000] {processor.py:839} INFO - DAG(s) dict_keys(['example_complex']) retrieved from /usr/local/lib/python3.10/dist-packages/airflow/example_dags/example_complex.py
[2023-09-27T11:02:15.223+0000] {logging_mixin.py:151} INFO - [2023-09-27T11:02:15.223+0000] {dag.py:2915} INFO - Sync 1 DAGs
[2023-09-27T11:02:15.235+0000] {logging_mixin.py:151} INFO - [2023-09-27T11:02:15.234+0000] {dag.py:3696} INFO - Setting next_dagrun for example_complex to None, run_after=None
[2023-09-27T11:02:15.256+0000] {processor.py:179} INFO - Processing /usr/local/lib/python3.10/dist-packages/airflow/example_dags/example_complex.py took 0.078 seconds
[2023-09-27T11:03:07.147+0000] {processor.py:157} INFO - Started process (PID=4484) to work on /usr/local/lib/python3.10/dist-packages/airflow/example_dags/example_complex.py
[2023-09-27T11:03:07.148+0000] {processor.py:829} INFO - Processing file /usr/local/lib/python3.10/dist-packages/airflow/example_dags/example_complex.py for tasks to queue
[2023-09-27T11:03:07.149+0000] {logging_mixin.py:151} INFO - [2023-09-27T11:03:07.148+0000] {dagbag.py:539} INFO - Filling up the DagBag from /usr/local/lib/python3.10/dist-packages/airflow/example_dags/example_complex.py
[2023-09-27T11:03:07.158+0000] {processor.py:839} INFO - DAG(s) dict_keys(['example_complex']) retrieved from /usr/local/lib/python3.10/dist-packages/airflow/example_dags/example_complex.py
[2023-09-27T11:03:07.185+0000] {logging_mixin.py:151} INFO - [2023-09-27T11:03:07.184+0000] {dag.py:2915} INFO - Sync 1 DAGs
[2023-09-27T11:03:07.195+0000] {logging_mixin.py:151} INFO - [2023-09-27T11:03:07.195+0000] {dag.py:3696} INFO - Setting next_dagrun for example_complex to None, run_after=None
[2023-09-27T11:03:07.213+0000] {processor.py:179} INFO - Processing /usr/local/lib/python3.10/dist-packages/airflow/example_dags/example_complex.py took 0.069 seconds
[2023-09-27T11:03:57.677+0000] {processor.py:157} INFO - Started process (PID=4536) to work on /usr/local/lib/python3.10/dist-packages/airflow/example_dags/example_complex.py
[2023-09-27T11:03:57.678+0000] {processor.py:829} INFO - Processing file /usr/local/lib/python3.10/dist-packages/airflow/example_dags/example_complex.py for tasks to queue
[2023-09-27T11:03:57.679+0000] {logging_mixin.py:151} INFO - [2023-09-27T11:03:57.679+0000] {dagbag.py:539} INFO - Filling up the DagBag from /usr/local/lib/python3.10/dist-packages/airflow/example_dags/example_complex.py
[2023-09-27T11:03:57.689+0000] {processor.py:839} INFO - DAG(s) dict_keys(['example_complex']) retrieved from /usr/local/lib/python3.10/dist-packages/airflow/example_dags/example_complex.py
[2023-09-27T11:03:57.715+0000] {logging_mixin.py:151} INFO - [2023-09-27T11:03:57.714+0000] {dag.py:2915} INFO - Sync 1 DAGs
[2023-09-27T11:03:57.727+0000] {logging_mixin.py:151} INFO - [2023-09-27T11:03:57.726+0000] {dag.py:3696} INFO - Setting next_dagrun for example_complex to None, run_after=None
[2023-09-27T11:03:57.747+0000] {processor.py:179} INFO - Processing /usr/local/lib/python3.10/dist-packages/airflow/example_dags/example_complex.py took 0.073 seconds
[2023-09-27T11:04:49.365+0000] {processor.py:157} INFO - Started process (PID=4589) to work on /usr/local/lib/python3.10/dist-packages/airflow/example_dags/example_complex.py
[2023-09-27T11:04:49.366+0000] {processor.py:829} INFO - Processing file /usr/local/lib/python3.10/dist-packages/airflow/example_dags/example_complex.py for tasks to queue
[2023-09-27T11:04:49.367+0000] {logging_mixin.py:151} INFO - [2023-09-27T11:04:49.367+0000] {dagbag.py:539} INFO - Filling up the DagBag from /usr/local/lib/python3.10/dist-packages/airflow/example_dags/example_complex.py
[2023-09-27T11:04:49.379+0000] {processor.py:839} INFO - DAG(s) dict_keys(['example_complex']) retrieved from /usr/local/lib/python3.10/dist-packages/airflow/example_dags/example_complex.py
[2023-09-27T11:04:49.430+0000] {logging_mixin.py:151} INFO - [2023-09-27T11:04:49.430+0000] {dag.py:2915} INFO - Sync 1 DAGs
[2023-09-27T11:04:49.452+0000] {logging_mixin.py:151} INFO - [2023-09-27T11:04:49.452+0000] {dag.py:3696} INFO - Setting next_dagrun for example_complex to None, run_after=None
[2023-09-27T11:04:49.487+0000] {processor.py:179} INFO - Processing /usr/local/lib/python3.10/dist-packages/airflow/example_dags/example_complex.py took 0.125 seconds
[2023-09-27T11:05:41.280+0000] {processor.py:157} INFO - Started process (PID=4642) to work on /usr/local/lib/python3.10/dist-packages/airflow/example_dags/example_complex.py
[2023-09-27T11:05:41.282+0000] {processor.py:829} INFO - Processing file /usr/local/lib/python3.10/dist-packages/airflow/example_dags/example_complex.py for tasks to queue
[2023-09-27T11:05:41.285+0000] {logging_mixin.py:151} INFO - [2023-09-27T11:05:41.283+0000] {dagbag.py:539} INFO - Filling up the DagBag from /usr/local/lib/python3.10/dist-packages/airflow/example_dags/example_complex.py
[2023-09-27T11:05:41.298+0000] {processor.py:839} INFO - DAG(s) dict_keys(['example_complex']) retrieved from /usr/local/lib/python3.10/dist-packages/airflow/example_dags/example_complex.py
[2023-09-27T11:05:41.328+0000] {logging_mixin.py:151} INFO - [2023-09-27T11:05:41.326+0000] {dag.py:2915} INFO - Sync 1 DAGs
[2023-09-27T11:05:41.341+0000] {logging_mixin.py:151} INFO - [2023-09-27T11:05:41.341+0000] {dag.py:3696} INFO - Setting next_dagrun for example_complex to None, run_after=None
[2023-09-27T11:05:41.369+0000] {processor.py:179} INFO - Processing /usr/local/lib/python3.10/dist-packages/airflow/example_dags/example_complex.py took 0.095 seconds
[2023-09-27T11:06:35.027+0000] {processor.py:157} INFO - Started process (PID=4706) to work on /usr/local/lib/python3.10/dist-packages/airflow/example_dags/example_complex.py
[2023-09-27T11:06:35.028+0000] {processor.py:829} INFO - Processing file /usr/local/lib/python3.10/dist-packages/airflow/example_dags/example_complex.py for tasks to queue
[2023-09-27T11:06:35.029+0000] {logging_mixin.py:151} INFO - [2023-09-27T11:06:35.029+0000] {dagbag.py:539} INFO - Filling up the DagBag from /usr/local/lib/python3.10/dist-packages/airflow/example_dags/example_complex.py
[2023-09-27T11:06:35.041+0000] {processor.py:839} INFO - DAG(s) dict_keys(['example_complex']) retrieved from /usr/local/lib/python3.10/dist-packages/airflow/example_dags/example_complex.py
[2023-09-27T11:06:35.072+0000] {logging_mixin.py:151} INFO - [2023-09-27T11:06:35.072+0000] {dag.py:2915} INFO - Sync 1 DAGs
[2023-09-27T11:06:35.084+0000] {logging_mixin.py:151} INFO - [2023-09-27T11:06:35.084+0000] {dag.py:3696} INFO - Setting next_dagrun for example_complex to None, run_after=None
[2023-09-27T11:06:35.107+0000] {processor.py:179} INFO - Processing /usr/local/lib/python3.10/dist-packages/airflow/example_dags/example_complex.py took 0.083 seconds
[2023-09-27T11:07:24.048+0000] {processor.py:157} INFO - Started process (PID=4757) to work on /usr/local/lib/python3.10/dist-packages/airflow/example_dags/example_complex.py
[2023-09-27T11:07:24.049+0000] {processor.py:829} INFO - Processing file /usr/local/lib/python3.10/dist-packages/airflow/example_dags/example_complex.py for tasks to queue
[2023-09-27T11:07:24.050+0000] {logging_mixin.py:151} INFO - [2023-09-27T11:07:24.050+0000] {dagbag.py:539} INFO - Filling up the DagBag from /usr/local/lib/python3.10/dist-packages/airflow/example_dags/example_complex.py
[2023-09-27T11:07:24.061+0000] {processor.py:839} INFO - DAG(s) dict_keys(['example_complex']) retrieved from /usr/local/lib/python3.10/dist-packages/airflow/example_dags/example_complex.py
[2023-09-27T11:07:24.086+0000] {logging_mixin.py:151} INFO - [2023-09-27T11:07:24.086+0000] {dag.py:2915} INFO - Sync 1 DAGs
[2023-09-27T11:07:24.098+0000] {logging_mixin.py:151} INFO - [2023-09-27T11:07:24.098+0000] {dag.py:3696} INFO - Setting next_dagrun for example_complex to None, run_after=None
[2023-09-27T11:07:24.120+0000] {processor.py:179} INFO - Processing /usr/local/lib/python3.10/dist-packages/airflow/example_dags/example_complex.py took 0.077 seconds
[2023-09-27T11:08:16.290+0000] {processor.py:157} INFO - Started process (PID=4810) to work on /usr/local/lib/python3.10/dist-packages/airflow/example_dags/example_complex.py
[2023-09-27T11:08:16.291+0000] {processor.py:829} INFO - Processing file /usr/local/lib/python3.10/dist-packages/airflow/example_dags/example_complex.py for tasks to queue
[2023-09-27T11:08:16.292+0000] {logging_mixin.py:151} INFO - [2023-09-27T11:08:16.292+0000] {dagbag.py:539} INFO - Filling up the DagBag from /usr/local/lib/python3.10/dist-packages/airflow/example_dags/example_complex.py
[2023-09-27T11:08:16.306+0000] {processor.py:839} INFO - DAG(s) dict_keys(['example_complex']) retrieved from /usr/local/lib/python3.10/dist-packages/airflow/example_dags/example_complex.py
[2023-09-27T11:08:16.331+0000] {logging_mixin.py:151} INFO - [2023-09-27T11:08:16.331+0000] {dag.py:2915} INFO - Sync 1 DAGs
[2023-09-27T11:08:16.348+0000] {logging_mixin.py:151} INFO - [2023-09-27T11:08:16.348+0000] {dag.py:3696} INFO - Setting next_dagrun for example_complex to None, run_after=None
[2023-09-27T11:08:16.372+0000] {processor.py:179} INFO - Processing /usr/local/lib/python3.10/dist-packages/airflow/example_dags/example_complex.py took 0.086 seconds
[2023-09-27T11:09:08.664+0000] {processor.py:157} INFO - Started process (PID=4863) to work on /usr/local/lib/python3.10/dist-packages/airflow/example_dags/example_complex.py
[2023-09-27T11:09:08.665+0000] {processor.py:829} INFO - Processing file /usr/local/lib/python3.10/dist-packages/airflow/example_dags/example_complex.py for tasks to queue
[2023-09-27T11:09:08.666+0000] {logging_mixin.py:151} INFO - [2023-09-27T11:09:08.665+0000] {dagbag.py:539} INFO - Filling up the DagBag from /usr/local/lib/python3.10/dist-packages/airflow/example_dags/example_complex.py
[2023-09-27T11:09:08.676+0000] {processor.py:839} INFO - DAG(s) dict_keys(['example_complex']) retrieved from /usr/local/lib/python3.10/dist-packages/airflow/example_dags/example_complex.py
[2023-09-27T11:09:08.704+0000] {logging_mixin.py:151} INFO - [2023-09-27T11:09:08.704+0000] {dag.py:2915} INFO - Sync 1 DAGs
[2023-09-27T11:09:08.718+0000] {logging_mixin.py:151} INFO - [2023-09-27T11:09:08.718+0000] {dag.py:3696} INFO - Setting next_dagrun for example_complex to None, run_after=None
[2023-09-27T11:09:08.742+0000] {processor.py:179} INFO - Processing /usr/local/lib/python3.10/dist-packages/airflow/example_dags/example_complex.py took 0.083 seconds
[2023-09-27T11:09:53.947+0000] {processor.py:157} INFO - Started process (PID=4911) to work on /usr/local/lib/python3.10/dist-packages/airflow/example_dags/example_complex.py
[2023-09-27T11:09:53.948+0000] {processor.py:829} INFO - Processing file /usr/local/lib/python3.10/dist-packages/airflow/example_dags/example_complex.py for tasks to queue
[2023-09-27T11:09:53.948+0000] {logging_mixin.py:151} INFO - [2023-09-27T11:09:53.948+0000] {dagbag.py:539} INFO - Filling up the DagBag from /usr/local/lib/python3.10/dist-packages/airflow/example_dags/example_complex.py
[2023-09-27T11:09:53.958+0000] {processor.py:839} INFO - DAG(s) dict_keys(['example_complex']) retrieved from /usr/local/lib/python3.10/dist-packages/airflow/example_dags/example_complex.py
[2023-09-27T11:09:53.984+0000] {logging_mixin.py:151} INFO - [2023-09-27T11:09:53.983+0000] {dag.py:2915} INFO - Sync 1 DAGs
[2023-09-27T11:09:53.995+0000] {logging_mixin.py:151} INFO - [2023-09-27T11:09:53.995+0000] {dag.py:3696} INFO - Setting next_dagrun for example_complex to None, run_after=None
[2023-09-27T11:09:54.017+0000] {processor.py:179} INFO - Processing /usr/local/lib/python3.10/dist-packages/airflow/example_dags/example_complex.py took 0.073 seconds
[2023-09-27T11:10:45.582+0000] {processor.py:157} INFO - Started process (PID=4964) to work on /usr/local/lib/python3.10/dist-packages/airflow/example_dags/example_complex.py
[2023-09-27T11:10:45.583+0000] {processor.py:829} INFO - Processing file /usr/local/lib/python3.10/dist-packages/airflow/example_dags/example_complex.py for tasks to queue
[2023-09-27T11:10:45.584+0000] {logging_mixin.py:151} INFO - [2023-09-27T11:10:45.584+0000] {dagbag.py:539} INFO - Filling up the DagBag from /usr/local/lib/python3.10/dist-packages/airflow/example_dags/example_complex.py
[2023-09-27T11:10:45.594+0000] {processor.py:839} INFO - DAG(s) dict_keys(['example_complex']) retrieved from /usr/local/lib/python3.10/dist-packages/airflow/example_dags/example_complex.py
[2023-09-27T11:10:45.621+0000] {logging_mixin.py:151} INFO - [2023-09-27T11:10:45.621+0000] {dag.py:2915} INFO - Sync 1 DAGs
[2023-09-27T11:10:45.632+0000] {logging_mixin.py:151} INFO - [2023-09-27T11:10:45.631+0000] {dag.py:3696} INFO - Setting next_dagrun for example_complex to None, run_after=None
[2023-09-27T11:10:45.664+0000] {processor.py:179} INFO - Processing /usr/local/lib/python3.10/dist-packages/airflow/example_dags/example_complex.py took 0.085 seconds
[2023-09-27T11:11:31.851+0000] {processor.py:157} INFO - Started process (PID=5016) to work on /usr/local/lib/python3.10/dist-packages/airflow/example_dags/example_complex.py
[2023-09-27T11:11:31.852+0000] {processor.py:829} INFO - Processing file /usr/local/lib/python3.10/dist-packages/airflow/example_dags/example_complex.py for tasks to queue
[2023-09-27T11:11:31.853+0000] {logging_mixin.py:151} INFO - [2023-09-27T11:11:31.853+0000] {dagbag.py:539} INFO - Filling up the DagBag from /usr/local/lib/python3.10/dist-packages/airflow/example_dags/example_complex.py
[2023-09-27T11:11:31.863+0000] {processor.py:839} INFO - DAG(s) dict_keys(['example_complex']) retrieved from /usr/local/lib/python3.10/dist-packages/airflow/example_dags/example_complex.py
[2023-09-27T11:11:31.889+0000] {logging_mixin.py:151} INFO - [2023-09-27T11:11:31.889+0000] {dag.py:2915} INFO - Sync 1 DAGs
[2023-09-27T11:11:31.902+0000] {logging_mixin.py:151} INFO - [2023-09-27T11:11:31.902+0000] {dag.py:3696} INFO - Setting next_dagrun for example_complex to None, run_after=None
[2023-09-27T11:11:31.924+0000] {processor.py:179} INFO - Processing /usr/local/lib/python3.10/dist-packages/airflow/example_dags/example_complex.py took 0.075 seconds
[2023-09-27T11:12:19.782+0000] {processor.py:157} INFO - Started process (PID=5069) to work on /usr/local/lib/python3.10/dist-packages/airflow/example_dags/example_complex.py
[2023-09-27T11:12:19.783+0000] {processor.py:829} INFO - Processing file /usr/local/lib/python3.10/dist-packages/airflow/example_dags/example_complex.py for tasks to queue
[2023-09-27T11:12:19.784+0000] {logging_mixin.py:151} INFO - [2023-09-27T11:12:19.784+0000] {dagbag.py:539} INFO - Filling up the DagBag from /usr/local/lib/python3.10/dist-packages/airflow/example_dags/example_complex.py
[2023-09-27T11:12:19.797+0000] {processor.py:839} INFO - DAG(s) dict_keys(['example_complex']) retrieved from /usr/local/lib/python3.10/dist-packages/airflow/example_dags/example_complex.py
[2023-09-27T11:12:19.827+0000] {logging_mixin.py:151} INFO - [2023-09-27T11:12:19.826+0000] {dag.py:2915} INFO - Sync 1 DAGs
[2023-09-27T11:12:19.840+0000] {logging_mixin.py:151} INFO - [2023-09-27T11:12:19.840+0000] {dag.py:3696} INFO - Setting next_dagrun for example_complex to None, run_after=None
[2023-09-27T11:12:19.863+0000] {processor.py:179} INFO - Processing /usr/local/lib/python3.10/dist-packages/airflow/example_dags/example_complex.py took 0.084 seconds
[2023-09-27T11:13:11.070+0000] {processor.py:157} INFO - Started process (PID=5121) to work on /usr/local/lib/python3.10/dist-packages/airflow/example_dags/example_complex.py
[2023-09-27T11:13:11.070+0000] {processor.py:829} INFO - Processing file /usr/local/lib/python3.10/dist-packages/airflow/example_dags/example_complex.py for tasks to queue
[2023-09-27T11:13:11.071+0000] {logging_mixin.py:151} INFO - [2023-09-27T11:13:11.071+0000] {dagbag.py:539} INFO - Filling up the DagBag from /usr/local/lib/python3.10/dist-packages/airflow/example_dags/example_complex.py
[2023-09-27T11:13:11.083+0000] {processor.py:839} INFO - DAG(s) dict_keys(['example_complex']) retrieved from /usr/local/lib/python3.10/dist-packages/airflow/example_dags/example_complex.py
[2023-09-27T11:13:11.111+0000] {logging_mixin.py:151} INFO - [2023-09-27T11:13:11.111+0000] {dag.py:2915} INFO - Sync 1 DAGs
[2023-09-27T11:13:11.127+0000] {logging_mixin.py:151} INFO - [2023-09-27T11:13:11.127+0000] {dag.py:3696} INFO - Setting next_dagrun for example_complex to None, run_after=None
[2023-09-27T11:13:11.151+0000] {processor.py:179} INFO - Processing /usr/local/lib/python3.10/dist-packages/airflow/example_dags/example_complex.py took 0.085 seconds
[2023-09-27T11:13:59.338+0000] {processor.py:157} INFO - Started process (PID=5174) to work on /usr/local/lib/python3.10/dist-packages/airflow/example_dags/example_complex.py
[2023-09-27T11:13:59.339+0000] {processor.py:829} INFO - Processing file /usr/local/lib/python3.10/dist-packages/airflow/example_dags/example_complex.py for tasks to queue
[2023-09-27T11:13:59.339+0000] {logging_mixin.py:151} INFO - [2023-09-27T11:13:59.339+0000] {dagbag.py:539} INFO - Filling up the DagBag from /usr/local/lib/python3.10/dist-packages/airflow/example_dags/example_complex.py
[2023-09-27T11:13:59.350+0000] {processor.py:839} INFO - DAG(s) dict_keys(['example_complex']) retrieved from /usr/local/lib/python3.10/dist-packages/airflow/example_dags/example_complex.py
[2023-09-27T11:13:59.387+0000] {logging_mixin.py:151} INFO - [2023-09-27T11:13:59.387+0000] {dag.py:2915} INFO - Sync 1 DAGs
[2023-09-27T11:13:59.401+0000] {logging_mixin.py:151} INFO - [2023-09-27T11:13:59.401+0000] {dag.py:3696} INFO - Setting next_dagrun for example_complex to None, run_after=None
[2023-09-27T11:13:59.445+0000] {processor.py:179} INFO - Processing /usr/local/lib/python3.10/dist-packages/airflow/example_dags/example_complex.py took 0.111 seconds
[2023-09-27T11:14:49.607+0000] {processor.py:157} INFO - Started process (PID=5226) to work on /usr/local/lib/python3.10/dist-packages/airflow/example_dags/example_complex.py
[2023-09-27T11:14:49.609+0000] {processor.py:829} INFO - Processing file /usr/local/lib/python3.10/dist-packages/airflow/example_dags/example_complex.py for tasks to queue
[2023-09-27T11:14:49.609+0000] {logging_mixin.py:151} INFO - [2023-09-27T11:14:49.609+0000] {dagbag.py:539} INFO - Filling up the DagBag from /usr/local/lib/python3.10/dist-packages/airflow/example_dags/example_complex.py
[2023-09-27T11:14:49.620+0000] {processor.py:839} INFO - DAG(s) dict_keys(['example_complex']) retrieved from /usr/local/lib/python3.10/dist-packages/airflow/example_dags/example_complex.py
[2023-09-27T11:14:49.650+0000] {logging_mixin.py:151} INFO - [2023-09-27T11:14:49.650+0000] {dag.py:2915} INFO - Sync 1 DAGs
[2023-09-27T11:14:49.662+0000] {logging_mixin.py:151} INFO - [2023-09-27T11:14:49.662+0000] {dag.py:3696} INFO - Setting next_dagrun for example_complex to None, run_after=None
[2023-09-27T11:14:49.687+0000] {processor.py:179} INFO - Processing /usr/local/lib/python3.10/dist-packages/airflow/example_dags/example_complex.py took 0.082 seconds
[2023-09-27T11:15:42.913+0000] {processor.py:157} INFO - Started process (PID=5280) to work on /usr/local/lib/python3.10/dist-packages/airflow/example_dags/example_complex.py
[2023-09-27T11:15:42.914+0000] {processor.py:829} INFO - Processing file /usr/local/lib/python3.10/dist-packages/airflow/example_dags/example_complex.py for tasks to queue
[2023-09-27T11:15:42.915+0000] {logging_mixin.py:151} INFO - [2023-09-27T11:15:42.914+0000] {dagbag.py:539} INFO - Filling up the DagBag from /usr/local/lib/python3.10/dist-packages/airflow/example_dags/example_complex.py
[2023-09-27T11:15:42.925+0000] {processor.py:839} INFO - DAG(s) dict_keys(['example_complex']) retrieved from /usr/local/lib/python3.10/dist-packages/airflow/example_dags/example_complex.py
[2023-09-27T11:15:42.956+0000] {logging_mixin.py:151} INFO - [2023-09-27T11:15:42.956+0000] {dag.py:2915} INFO - Sync 1 DAGs
[2023-09-27T11:15:42.967+0000] {logging_mixin.py:151} INFO - [2023-09-27T11:15:42.967+0000] {dag.py:3696} INFO - Setting next_dagrun for example_complex to None, run_after=None
[2023-09-27T11:15:42.986+0000] {processor.py:179} INFO - Processing /usr/local/lib/python3.10/dist-packages/airflow/example_dags/example_complex.py took 0.076 seconds
[2023-09-27T11:16:32.656+0000] {processor.py:157} INFO - Started process (PID=5331) to work on /usr/local/lib/python3.10/dist-packages/airflow/example_dags/example_complex.py
[2023-09-27T11:16:32.658+0000] {processor.py:829} INFO - Processing file /usr/local/lib/python3.10/dist-packages/airflow/example_dags/example_complex.py for tasks to queue
[2023-09-27T11:16:32.659+0000] {logging_mixin.py:151} INFO - [2023-09-27T11:16:32.658+0000] {dagbag.py:539} INFO - Filling up the DagBag from /usr/local/lib/python3.10/dist-packages/airflow/example_dags/example_complex.py
[2023-09-27T11:16:32.669+0000] {processor.py:839} INFO - DAG(s) dict_keys(['example_complex']) retrieved from /usr/local/lib/python3.10/dist-packages/airflow/example_dags/example_complex.py
[2023-09-27T11:16:32.695+0000] {logging_mixin.py:151} INFO - [2023-09-27T11:16:32.695+0000] {dag.py:2915} INFO - Sync 1 DAGs
[2023-09-27T11:16:32.709+0000] {logging_mixin.py:151} INFO - [2023-09-27T11:16:32.709+0000] {dag.py:3696} INFO - Setting next_dagrun for example_complex to None, run_after=None
[2023-09-27T11:16:32.733+0000] {processor.py:179} INFO - Processing /usr/local/lib/python3.10/dist-packages/airflow/example_dags/example_complex.py took 0.081 seconds
[2023-09-27T11:17:23.063+0000] {processor.py:157} INFO - Started process (PID=5389) to work on /usr/local/lib/python3.10/dist-packages/airflow/example_dags/example_complex.py
[2023-09-27T11:17:23.065+0000] {processor.py:829} INFO - Processing file /usr/local/lib/python3.10/dist-packages/airflow/example_dags/example_complex.py for tasks to queue
[2023-09-27T11:17:23.066+0000] {logging_mixin.py:151} INFO - [2023-09-27T11:17:23.065+0000] {dagbag.py:539} INFO - Filling up the DagBag from /usr/local/lib/python3.10/dist-packages/airflow/example_dags/example_complex.py
[2023-09-27T11:17:23.090+0000] {processor.py:839} INFO - DAG(s) dict_keys(['example_complex']) retrieved from /usr/local/lib/python3.10/dist-packages/airflow/example_dags/example_complex.py
[2023-09-27T11:17:23.127+0000] {logging_mixin.py:151} INFO - [2023-09-27T11:17:23.126+0000] {dag.py:2915} INFO - Sync 1 DAGs
[2023-09-27T11:17:23.157+0000] {logging_mixin.py:151} INFO - [2023-09-27T11:17:23.157+0000] {dag.py:3696} INFO - Setting next_dagrun for example_complex to None, run_after=None
[2023-09-27T11:17:23.195+0000] {processor.py:179} INFO - Processing /usr/local/lib/python3.10/dist-packages/airflow/example_dags/example_complex.py took 0.135 seconds
[2023-09-27T11:18:14.984+0000] {processor.py:157} INFO - Started process (PID=5444) to work on /usr/local/lib/python3.10/dist-packages/airflow/example_dags/example_complex.py
[2023-09-27T11:18:14.985+0000] {processor.py:829} INFO - Processing file /usr/local/lib/python3.10/dist-packages/airflow/example_dags/example_complex.py for tasks to queue
[2023-09-27T11:18:14.986+0000] {logging_mixin.py:151} INFO - [2023-09-27T11:18:14.985+0000] {dagbag.py:539} INFO - Filling up the DagBag from /usr/local/lib/python3.10/dist-packages/airflow/example_dags/example_complex.py
[2023-09-27T11:18:14.999+0000] {processor.py:839} INFO - DAG(s) dict_keys(['example_complex']) retrieved from /usr/local/lib/python3.10/dist-packages/airflow/example_dags/example_complex.py
[2023-09-27T11:18:15.045+0000] {logging_mixin.py:151} INFO - [2023-09-27T11:18:15.044+0000] {dag.py:2915} INFO - Sync 1 DAGs
[2023-09-27T11:18:15.058+0000] {logging_mixin.py:151} INFO - [2023-09-27T11:18:15.058+0000] {dag.py:3696} INFO - Setting next_dagrun for example_complex to None, run_after=None
[2023-09-27T11:18:15.082+0000] {processor.py:179} INFO - Processing /usr/local/lib/python3.10/dist-packages/airflow/example_dags/example_complex.py took 0.101 seconds
[2023-09-27T11:19:01.088+0000] {processor.py:157} INFO - Started process (PID=5494) to work on /usr/local/lib/python3.10/dist-packages/airflow/example_dags/example_complex.py
[2023-09-27T11:19:01.089+0000] {processor.py:829} INFO - Processing file /usr/local/lib/python3.10/dist-packages/airflow/example_dags/example_complex.py for tasks to queue
[2023-09-27T11:19:01.090+0000] {logging_mixin.py:151} INFO - [2023-09-27T11:19:01.090+0000] {dagbag.py:539} INFO - Filling up the DagBag from /usr/local/lib/python3.10/dist-packages/airflow/example_dags/example_complex.py
[2023-09-27T11:19:01.104+0000] {processor.py:839} INFO - DAG(s) dict_keys(['example_complex']) retrieved from /usr/local/lib/python3.10/dist-packages/airflow/example_dags/example_complex.py
[2023-09-27T11:19:01.130+0000] {logging_mixin.py:151} INFO - [2023-09-27T11:19:01.129+0000] {dag.py:2915} INFO - Sync 1 DAGs
[2023-09-27T11:19:01.142+0000] {logging_mixin.py:151} INFO - [2023-09-27T11:19:01.141+0000] {dag.py:3696} INFO - Setting next_dagrun for example_complex to None, run_after=None
[2023-09-27T11:19:01.164+0000] {processor.py:179} INFO - Processing /usr/local/lib/python3.10/dist-packages/airflow/example_dags/example_complex.py took 0.080 seconds
[2023-09-27T11:19:51.457+0000] {processor.py:157} INFO - Started process (PID=5546) to work on /usr/local/lib/python3.10/dist-packages/airflow/example_dags/example_complex.py
[2023-09-27T11:19:51.458+0000] {processor.py:829} INFO - Processing file /usr/local/lib/python3.10/dist-packages/airflow/example_dags/example_complex.py for tasks to queue
[2023-09-27T11:19:51.458+0000] {logging_mixin.py:151} INFO - [2023-09-27T11:19:51.458+0000] {dagbag.py:539} INFO - Filling up the DagBag from /usr/local/lib/python3.10/dist-packages/airflow/example_dags/example_complex.py
[2023-09-27T11:19:51.468+0000] {processor.py:839} INFO - DAG(s) dict_keys(['example_complex']) retrieved from /usr/local/lib/python3.10/dist-packages/airflow/example_dags/example_complex.py
[2023-09-27T11:19:51.496+0000] {logging_mixin.py:151} INFO - [2023-09-27T11:19:51.496+0000] {dag.py:2915} INFO - Sync 1 DAGs
[2023-09-27T11:19:51.512+0000] {logging_mixin.py:151} INFO - [2023-09-27T11:19:51.512+0000] {dag.py:3696} INFO - Setting next_dagrun for example_complex to None, run_after=None
[2023-09-27T11:19:51.533+0000] {processor.py:179} INFO - Processing /usr/local/lib/python3.10/dist-packages/airflow/example_dags/example_complex.py took 0.080 seconds
[2023-09-27T11:20:46.198+0000] {processor.py:157} INFO - Started process (PID=5605) to work on /usr/local/lib/python3.10/dist-packages/airflow/example_dags/example_complex.py
[2023-09-27T11:20:46.199+0000] {processor.py:829} INFO - Processing file /usr/local/lib/python3.10/dist-packages/airflow/example_dags/example_complex.py for tasks to queue
[2023-09-27T11:20:46.200+0000] {logging_mixin.py:151} INFO - [2023-09-27T11:20:46.199+0000] {dagbag.py:539} INFO - Filling up the DagBag from /usr/local/lib/python3.10/dist-packages/airflow/example_dags/example_complex.py
[2023-09-27T11:20:46.211+0000] {processor.py:839} INFO - DAG(s) dict_keys(['example_complex']) retrieved from /usr/local/lib/python3.10/dist-packages/airflow/example_dags/example_complex.py
[2023-09-27T11:20:46.247+0000] {logging_mixin.py:151} INFO - [2023-09-27T11:20:46.246+0000] {dag.py:2915} INFO - Sync 1 DAGs
[2023-09-27T11:20:46.258+0000] {logging_mixin.py:151} INFO - [2023-09-27T11:20:46.258+0000] {dag.py:3696} INFO - Setting next_dagrun for example_complex to None, run_after=None
[2023-09-27T11:20:46.281+0000] {processor.py:179} INFO - Processing /usr/local/lib/python3.10/dist-packages/airflow/example_dags/example_complex.py took 0.087 seconds
[2023-09-27T11:21:37.579+0000] {processor.py:157} INFO - Started process (PID=5660) to work on /usr/local/lib/python3.10/dist-packages/airflow/example_dags/example_complex.py
[2023-09-27T11:21:37.580+0000] {processor.py:829} INFO - Processing file /usr/local/lib/python3.10/dist-packages/airflow/example_dags/example_complex.py for tasks to queue
[2023-09-27T11:21:37.586+0000] {logging_mixin.py:151} INFO - [2023-09-27T11:21:37.581+0000] {dagbag.py:539} INFO - Filling up the DagBag from /usr/local/lib/python3.10/dist-packages/airflow/example_dags/example_complex.py
[2023-09-27T11:21:37.603+0000] {processor.py:839} INFO - DAG(s) dict_keys(['example_complex']) retrieved from /usr/local/lib/python3.10/dist-packages/airflow/example_dags/example_complex.py
[2023-09-27T11:21:37.631+0000] {logging_mixin.py:151} INFO - [2023-09-27T11:21:37.631+0000] {dag.py:2915} INFO - Sync 1 DAGs
[2023-09-27T11:21:37.654+0000] {logging_mixin.py:151} INFO - [2023-09-27T11:21:37.653+0000] {dag.py:3696} INFO - Setting next_dagrun for example_complex to None, run_after=None
[2023-09-27T11:21:37.677+0000] {processor.py:179} INFO - Processing /usr/local/lib/python3.10/dist-packages/airflow/example_dags/example_complex.py took 0.101 seconds
[2023-09-27T11:22:25.204+0000] {processor.py:157} INFO - Started process (PID=5712) to work on /usr/local/lib/python3.10/dist-packages/airflow/example_dags/example_complex.py
[2023-09-27T11:22:25.205+0000] {processor.py:829} INFO - Processing file /usr/local/lib/python3.10/dist-packages/airflow/example_dags/example_complex.py for tasks to queue
[2023-09-27T11:22:25.206+0000] {logging_mixin.py:151} INFO - [2023-09-27T11:22:25.205+0000] {dagbag.py:539} INFO - Filling up the DagBag from /usr/local/lib/python3.10/dist-packages/airflow/example_dags/example_complex.py
[2023-09-27T11:22:25.218+0000] {processor.py:839} INFO - DAG(s) dict_keys(['example_complex']) retrieved from /usr/local/lib/python3.10/dist-packages/airflow/example_dags/example_complex.py
[2023-09-27T11:22:25.245+0000] {logging_mixin.py:151} INFO - [2023-09-27T11:22:25.245+0000] {dag.py:2915} INFO - Sync 1 DAGs
[2023-09-27T11:22:25.257+0000] {logging_mixin.py:151} INFO - [2023-09-27T11:22:25.257+0000] {dag.py:3696} INFO - Setting next_dagrun for example_complex to None, run_after=None
[2023-09-27T11:22:25.278+0000] {processor.py:179} INFO - Processing /usr/local/lib/python3.10/dist-packages/airflow/example_dags/example_complex.py took 0.077 seconds
[2023-09-27T11:23:17.108+0000] {processor.py:157} INFO - Started process (PID=5766) to work on /usr/local/lib/python3.10/dist-packages/airflow/example_dags/example_complex.py
[2023-09-27T11:23:17.109+0000] {processor.py:829} INFO - Processing file /usr/local/lib/python3.10/dist-packages/airflow/example_dags/example_complex.py for tasks to queue
[2023-09-27T11:23:17.110+0000] {logging_mixin.py:151} INFO - [2023-09-27T11:23:17.110+0000] {dagbag.py:539} INFO - Filling up the DagBag from /usr/local/lib/python3.10/dist-packages/airflow/example_dags/example_complex.py
[2023-09-27T11:23:17.120+0000] {processor.py:839} INFO - DAG(s) dict_keys(['example_complex']) retrieved from /usr/local/lib/python3.10/dist-packages/airflow/example_dags/example_complex.py
[2023-09-27T11:23:17.168+0000] {logging_mixin.py:151} INFO - [2023-09-27T11:23:17.168+0000] {dag.py:2915} INFO - Sync 1 DAGs
[2023-09-27T11:23:17.180+0000] {logging_mixin.py:151} INFO - [2023-09-27T11:23:17.180+0000] {dag.py:3696} INFO - Setting next_dagrun for example_complex to None, run_after=None
[2023-09-27T11:23:17.201+0000] {processor.py:179} INFO - Processing /usr/local/lib/python3.10/dist-packages/airflow/example_dags/example_complex.py took 0.096 seconds
[2023-09-27T11:24:08.748+0000] {processor.py:157} INFO - Started process (PID=5819) to work on /usr/local/lib/python3.10/dist-packages/airflow/example_dags/example_complex.py
[2023-09-27T11:24:08.749+0000] {processor.py:829} INFO - Processing file /usr/local/lib/python3.10/dist-packages/airflow/example_dags/example_complex.py for tasks to queue
[2023-09-27T11:24:08.750+0000] {logging_mixin.py:151} INFO - [2023-09-27T11:24:08.750+0000] {dagbag.py:539} INFO - Filling up the DagBag from /usr/local/lib/python3.10/dist-packages/airflow/example_dags/example_complex.py
[2023-09-27T11:24:08.760+0000] {processor.py:839} INFO - DAG(s) dict_keys(['example_complex']) retrieved from /usr/local/lib/python3.10/dist-packages/airflow/example_dags/example_complex.py
[2023-09-27T11:24:08.792+0000] {logging_mixin.py:151} INFO - [2023-09-27T11:24:08.792+0000] {dag.py:2915} INFO - Sync 1 DAGs
[2023-09-27T11:24:08.807+0000] {logging_mixin.py:151} INFO - [2023-09-27T11:24:08.807+0000] {dag.py:3696} INFO - Setting next_dagrun for example_complex to None, run_after=None
[2023-09-27T11:24:08.834+0000] {processor.py:179} INFO - Processing /usr/local/lib/python3.10/dist-packages/airflow/example_dags/example_complex.py took 0.090 seconds
[2023-09-27T11:25:00.184+0000] {processor.py:157} INFO - Started process (PID=5872) to work on /usr/local/lib/python3.10/dist-packages/airflow/example_dags/example_complex.py
[2023-09-27T11:25:00.188+0000] {processor.py:829} INFO - Processing file /usr/local/lib/python3.10/dist-packages/airflow/example_dags/example_complex.py for tasks to queue
[2023-09-27T11:25:00.189+0000] {logging_mixin.py:151} INFO - [2023-09-27T11:25:00.188+0000] {dagbag.py:539} INFO - Filling up the DagBag from /usr/local/lib/python3.10/dist-packages/airflow/example_dags/example_complex.py
[2023-09-27T11:25:00.221+0000] {processor.py:839} INFO - DAG(s) dict_keys(['example_complex']) retrieved from /usr/local/lib/python3.10/dist-packages/airflow/example_dags/example_complex.py
[2023-09-27T11:25:00.262+0000] {logging_mixin.py:151} INFO - [2023-09-27T11:25:00.262+0000] {dag.py:2915} INFO - Sync 1 DAGs
[2023-09-27T11:25:00.275+0000] {logging_mixin.py:151} INFO - [2023-09-27T11:25:00.275+0000] {dag.py:3696} INFO - Setting next_dagrun for example_complex to None, run_after=None
[2023-09-27T11:25:00.298+0000] {processor.py:179} INFO - Processing /usr/local/lib/python3.10/dist-packages/airflow/example_dags/example_complex.py took 0.118 seconds
[2023-09-27T11:25:53.564+0000] {processor.py:157} INFO - Started process (PID=5926) to work on /usr/local/lib/python3.10/dist-packages/airflow/example_dags/example_complex.py
[2023-09-27T11:25:53.566+0000] {processor.py:829} INFO - Processing file /usr/local/lib/python3.10/dist-packages/airflow/example_dags/example_complex.py for tasks to queue
[2023-09-27T11:25:53.566+0000] {logging_mixin.py:151} INFO - [2023-09-27T11:25:53.566+0000] {dagbag.py:539} INFO - Filling up the DagBag from /usr/local/lib/python3.10/dist-packages/airflow/example_dags/example_complex.py
[2023-09-27T11:25:53.577+0000] {processor.py:839} INFO - DAG(s) dict_keys(['example_complex']) retrieved from /usr/local/lib/python3.10/dist-packages/airflow/example_dags/example_complex.py
[2023-09-27T11:25:53.603+0000] {logging_mixin.py:151} INFO - [2023-09-27T11:25:53.603+0000] {dag.py:2915} INFO - Sync 1 DAGs
[2023-09-27T11:25:53.620+0000] {logging_mixin.py:151} INFO - [2023-09-27T11:25:53.620+0000] {dag.py:3696} INFO - Setting next_dagrun for example_complex to None, run_after=None
[2023-09-27T11:25:53.643+0000] {processor.py:179} INFO - Processing /usr/local/lib/python3.10/dist-packages/airflow/example_dags/example_complex.py took 0.081 seconds
[2023-09-27T11:26:46.581+0000] {processor.py:157} INFO - Started process (PID=5984) to work on /usr/local/lib/python3.10/dist-packages/airflow/example_dags/example_complex.py
[2023-09-27T11:26:46.583+0000] {processor.py:829} INFO - Processing file /usr/local/lib/python3.10/dist-packages/airflow/example_dags/example_complex.py for tasks to queue
[2023-09-27T11:26:46.583+0000] {logging_mixin.py:151} INFO - [2023-09-27T11:26:46.583+0000] {dagbag.py:539} INFO - Filling up the DagBag from /usr/local/lib/python3.10/dist-packages/airflow/example_dags/example_complex.py
[2023-09-27T11:26:46.593+0000] {processor.py:839} INFO - DAG(s) dict_keys(['example_complex']) retrieved from /usr/local/lib/python3.10/dist-packages/airflow/example_dags/example_complex.py
[2023-09-27T11:26:46.621+0000] {logging_mixin.py:151} INFO - [2023-09-27T11:26:46.621+0000] {dag.py:2915} INFO - Sync 1 DAGs
[2023-09-27T11:26:46.634+0000] {logging_mixin.py:151} INFO - [2023-09-27T11:26:46.634+0000] {dag.py:3696} INFO - Setting next_dagrun for example_complex to None, run_after=None
[2023-09-27T11:26:46.662+0000] {processor.py:179} INFO - Processing /usr/local/lib/python3.10/dist-packages/airflow/example_dags/example_complex.py took 0.084 seconds
[2023-09-27T11:27:34.030+0000] {processor.py:157} INFO - Started process (PID=6037) to work on /usr/local/lib/python3.10/dist-packages/airflow/example_dags/example_complex.py
[2023-09-27T11:27:34.032+0000] {processor.py:829} INFO - Processing file /usr/local/lib/python3.10/dist-packages/airflow/example_dags/example_complex.py for tasks to queue
[2023-09-27T11:27:34.033+0000] {logging_mixin.py:151} INFO - [2023-09-27T11:27:34.032+0000] {dagbag.py:539} INFO - Filling up the DagBag from /usr/local/lib/python3.10/dist-packages/airflow/example_dags/example_complex.py
[2023-09-27T11:27:34.044+0000] {processor.py:839} INFO - DAG(s) dict_keys(['example_complex']) retrieved from /usr/local/lib/python3.10/dist-packages/airflow/example_dags/example_complex.py
[2023-09-27T11:27:34.073+0000] {logging_mixin.py:151} INFO - [2023-09-27T11:27:34.073+0000] {dag.py:2915} INFO - Sync 1 DAGs
[2023-09-27T11:27:34.089+0000] {logging_mixin.py:151} INFO - [2023-09-27T11:27:34.088+0000] {dag.py:3696} INFO - Setting next_dagrun for example_complex to None, run_after=None
[2023-09-27T11:27:34.114+0000] {processor.py:179} INFO - Processing /usr/local/lib/python3.10/dist-packages/airflow/example_dags/example_complex.py took 0.088 seconds
[2023-09-27T11:28:22.168+0000] {processor.py:157} INFO - Started process (PID=6090) to work on /usr/local/lib/python3.10/dist-packages/airflow/example_dags/example_complex.py
[2023-09-27T11:28:22.169+0000] {processor.py:829} INFO - Processing file /usr/local/lib/python3.10/dist-packages/airflow/example_dags/example_complex.py for tasks to queue
[2023-09-27T11:28:22.170+0000] {logging_mixin.py:151} INFO - [2023-09-27T11:28:22.169+0000] {dagbag.py:539} INFO - Filling up the DagBag from /usr/local/lib/python3.10/dist-packages/airflow/example_dags/example_complex.py
[2023-09-27T11:28:22.183+0000] {processor.py:839} INFO - DAG(s) dict_keys(['example_complex']) retrieved from /usr/local/lib/python3.10/dist-packages/airflow/example_dags/example_complex.py
[2023-09-27T11:28:22.210+0000] {logging_mixin.py:151} INFO - [2023-09-27T11:28:22.210+0000] {dag.py:2915} INFO - Sync 1 DAGs
[2023-09-27T11:28:22.223+0000] {logging_mixin.py:151} INFO - [2023-09-27T11:28:22.222+0000] {dag.py:3696} INFO - Setting next_dagrun for example_complex to None, run_after=None
[2023-09-27T11:28:22.244+0000] {processor.py:179} INFO - Processing /usr/local/lib/python3.10/dist-packages/airflow/example_dags/example_complex.py took 0.080 seconds
[2023-09-27T11:29:12.727+0000] {processor.py:157} INFO - Started process (PID=6144) to work on /usr/local/lib/python3.10/dist-packages/airflow/example_dags/example_complex.py
[2023-09-27T11:29:12.728+0000] {processor.py:829} INFO - Processing file /usr/local/lib/python3.10/dist-packages/airflow/example_dags/example_complex.py for tasks to queue
[2023-09-27T11:29:12.729+0000] {logging_mixin.py:151} INFO - [2023-09-27T11:29:12.729+0000] {dagbag.py:539} INFO - Filling up the DagBag from /usr/local/lib/python3.10/dist-packages/airflow/example_dags/example_complex.py
[2023-09-27T11:29:12.740+0000] {processor.py:839} INFO - DAG(s) dict_keys(['example_complex']) retrieved from /usr/local/lib/python3.10/dist-packages/airflow/example_dags/example_complex.py
[2023-09-27T11:29:12.768+0000] {logging_mixin.py:151} INFO - [2023-09-27T11:29:12.768+0000] {dag.py:2915} INFO - Sync 1 DAGs
[2023-09-27T11:29:12.779+0000] {logging_mixin.py:151} INFO - [2023-09-27T11:29:12.779+0000] {dag.py:3696} INFO - Setting next_dagrun for example_complex to None, run_after=None
[2023-09-27T11:29:12.806+0000] {processor.py:179} INFO - Processing /usr/local/lib/python3.10/dist-packages/airflow/example_dags/example_complex.py took 0.083 seconds
[2023-09-27T11:30:04.070+0000] {processor.py:157} INFO - Started process (PID=6199) to work on /usr/local/lib/python3.10/dist-packages/airflow/example_dags/example_complex.py
[2023-09-27T11:30:04.076+0000] {processor.py:829} INFO - Processing file /usr/local/lib/python3.10/dist-packages/airflow/example_dags/example_complex.py for tasks to queue
[2023-09-27T11:30:04.077+0000] {logging_mixin.py:151} INFO - [2023-09-27T11:30:04.076+0000] {dagbag.py:539} INFO - Filling up the DagBag from /usr/local/lib/python3.10/dist-packages/airflow/example_dags/example_complex.py
[2023-09-27T11:30:04.087+0000] {processor.py:839} INFO - DAG(s) dict_keys(['example_complex']) retrieved from /usr/local/lib/python3.10/dist-packages/airflow/example_dags/example_complex.py
[2023-09-27T11:30:04.113+0000] {logging_mixin.py:151} INFO - [2023-09-27T11:30:04.112+0000] {dag.py:2915} INFO - Sync 1 DAGs
[2023-09-27T11:30:04.124+0000] {logging_mixin.py:151} INFO - [2023-09-27T11:30:04.123+0000] {dag.py:3696} INFO - Setting next_dagrun for example_complex to None, run_after=None
[2023-09-27T11:30:04.146+0000] {processor.py:179} INFO - Processing /usr/local/lib/python3.10/dist-packages/airflow/example_dags/example_complex.py took 0.080 seconds
[2023-09-27T11:30:51.924+0000] {processor.py:157} INFO - Started process (PID=6250) to work on /usr/local/lib/python3.10/dist-packages/airflow/example_dags/example_complex.py
[2023-09-27T11:30:51.926+0000] {processor.py:829} INFO - Processing file /usr/local/lib/python3.10/dist-packages/airflow/example_dags/example_complex.py for tasks to queue
[2023-09-27T11:30:51.927+0000] {logging_mixin.py:151} INFO - [2023-09-27T11:30:51.926+0000] {dagbag.py:539} INFO - Filling up the DagBag from /usr/local/lib/python3.10/dist-packages/airflow/example_dags/example_complex.py
[2023-09-27T11:30:51.949+0000] {processor.py:839} INFO - DAG(s) dict_keys(['example_complex']) retrieved from /usr/local/lib/python3.10/dist-packages/airflow/example_dags/example_complex.py
[2023-09-27T11:30:51.976+0000] {logging_mixin.py:151} INFO - [2023-09-27T11:30:51.976+0000] {dag.py:2915} INFO - Sync 1 DAGs
[2023-09-27T11:30:51.987+0000] {logging_mixin.py:151} INFO - [2023-09-27T11:30:51.987+0000] {dag.py:3696} INFO - Setting next_dagrun for example_complex to None, run_after=None
[2023-09-27T11:30:52.019+0000] {processor.py:179} INFO - Processing /usr/local/lib/python3.10/dist-packages/airflow/example_dags/example_complex.py took 0.097 seconds
[2023-09-27T11:31:39.000+0000] {processor.py:157} INFO - Started process (PID=6304) to work on /usr/local/lib/python3.10/dist-packages/airflow/example_dags/example_complex.py
[2023-09-27T11:31:39.001+0000] {processor.py:829} INFO - Processing file /usr/local/lib/python3.10/dist-packages/airflow/example_dags/example_complex.py for tasks to queue
[2023-09-27T11:31:39.002+0000] {logging_mixin.py:151} INFO - [2023-09-27T11:31:39.002+0000] {dagbag.py:539} INFO - Filling up the DagBag from /usr/local/lib/python3.10/dist-packages/airflow/example_dags/example_complex.py
[2023-09-27T11:31:39.015+0000] {processor.py:839} INFO - DAG(s) dict_keys(['example_complex']) retrieved from /usr/local/lib/python3.10/dist-packages/airflow/example_dags/example_complex.py
[2023-09-27T11:31:39.045+0000] {logging_mixin.py:151} INFO - [2023-09-27T11:31:39.044+0000] {dag.py:2915} INFO - Sync 1 DAGs
[2023-09-27T11:31:39.064+0000] {logging_mixin.py:151} INFO - [2023-09-27T11:31:39.064+0000] {dag.py:3696} INFO - Setting next_dagrun for example_complex to None, run_after=None
[2023-09-27T11:31:39.098+0000] {processor.py:179} INFO - Processing /usr/local/lib/python3.10/dist-packages/airflow/example_dags/example_complex.py took 0.102 seconds
[2023-09-27T11:32:26.109+0000] {processor.py:157} INFO - Started process (PID=6354) to work on /usr/local/lib/python3.10/dist-packages/airflow/example_dags/example_complex.py
[2023-09-27T11:32:26.110+0000] {processor.py:829} INFO - Processing file /usr/local/lib/python3.10/dist-packages/airflow/example_dags/example_complex.py for tasks to queue
[2023-09-27T11:32:26.111+0000] {logging_mixin.py:151} INFO - [2023-09-27T11:32:26.111+0000] {dagbag.py:539} INFO - Filling up the DagBag from /usr/local/lib/python3.10/dist-packages/airflow/example_dags/example_complex.py
[2023-09-27T11:32:26.125+0000] {processor.py:839} INFO - DAG(s) dict_keys(['example_complex']) retrieved from /usr/local/lib/python3.10/dist-packages/airflow/example_dags/example_complex.py
[2023-09-27T11:32:26.155+0000] {logging_mixin.py:151} INFO - [2023-09-27T11:32:26.155+0000] {dag.py:2915} INFO - Sync 1 DAGs
[2023-09-27T11:32:26.166+0000] {logging_mixin.py:151} INFO - [2023-09-27T11:32:26.166+0000] {dag.py:3696} INFO - Setting next_dagrun for example_complex to None, run_after=None
[2023-09-27T11:32:26.188+0000] {processor.py:179} INFO - Processing /usr/local/lib/python3.10/dist-packages/airflow/example_dags/example_complex.py took 0.083 seconds
[2023-09-27T11:33:11.696+0000] {processor.py:157} INFO - Started process (PID=6404) to work on /usr/local/lib/python3.10/dist-packages/airflow/example_dags/example_complex.py
[2023-09-27T11:33:11.697+0000] {processor.py:829} INFO - Processing file /usr/local/lib/python3.10/dist-packages/airflow/example_dags/example_complex.py for tasks to queue
[2023-09-27T11:33:11.698+0000] {logging_mixin.py:151} INFO - [2023-09-27T11:33:11.697+0000] {dagbag.py:539} INFO - Filling up the DagBag from /usr/local/lib/python3.10/dist-packages/airflow/example_dags/example_complex.py
[2023-09-27T11:33:11.708+0000] {processor.py:839} INFO - DAG(s) dict_keys(['example_complex']) retrieved from /usr/local/lib/python3.10/dist-packages/airflow/example_dags/example_complex.py
[2023-09-27T11:33:11.739+0000] {logging_mixin.py:151} INFO - [2023-09-27T11:33:11.738+0000] {dag.py:2915} INFO - Sync 1 DAGs
[2023-09-27T11:33:11.753+0000] {logging_mixin.py:151} INFO - [2023-09-27T11:33:11.752+0000] {dag.py:3696} INFO - Setting next_dagrun for example_complex to None, run_after=None
[2023-09-27T11:33:11.779+0000] {processor.py:179} INFO - Processing /usr/local/lib/python3.10/dist-packages/airflow/example_dags/example_complex.py took 0.087 seconds
[2023-09-27T11:34:01.955+0000] {processor.py:157} INFO - Started process (PID=6456) to work on /usr/local/lib/python3.10/dist-packages/airflow/example_dags/example_complex.py
[2023-09-27T11:34:01.957+0000] {processor.py:829} INFO - Processing file /usr/local/lib/python3.10/dist-packages/airflow/example_dags/example_complex.py for tasks to queue
[2023-09-27T11:34:01.958+0000] {logging_mixin.py:151} INFO - [2023-09-27T11:34:01.957+0000] {dagbag.py:539} INFO - Filling up the DagBag from /usr/local/lib/python3.10/dist-packages/airflow/example_dags/example_complex.py
[2023-09-27T11:34:01.986+0000] {processor.py:839} INFO - DAG(s) dict_keys(['example_complex']) retrieved from /usr/local/lib/python3.10/dist-packages/airflow/example_dags/example_complex.py
[2023-09-27T11:34:02.046+0000] {logging_mixin.py:151} INFO - [2023-09-27T11:34:02.046+0000] {dag.py:2915} INFO - Sync 1 DAGs
[2023-09-27T11:34:02.059+0000] {logging_mixin.py:151} INFO - [2023-09-27T11:34:02.058+0000] {dag.py:3696} INFO - Setting next_dagrun for example_complex to None, run_after=None
[2023-09-27T11:34:02.085+0000] {processor.py:179} INFO - Processing /usr/local/lib/python3.10/dist-packages/airflow/example_dags/example_complex.py took 0.134 seconds
[2023-09-27T11:34:53.044+0000] {processor.py:157} INFO - Started process (PID=6510) to work on /usr/local/lib/python3.10/dist-packages/airflow/example_dags/example_complex.py
[2023-09-27T11:34:53.045+0000] {processor.py:829} INFO - Processing file /usr/local/lib/python3.10/dist-packages/airflow/example_dags/example_complex.py for tasks to queue
[2023-09-27T11:34:53.046+0000] {logging_mixin.py:151} INFO - [2023-09-27T11:34:53.045+0000] {dagbag.py:539} INFO - Filling up the DagBag from /usr/local/lib/python3.10/dist-packages/airflow/example_dags/example_complex.py
[2023-09-27T11:34:53.061+0000] {processor.py:839} INFO - DAG(s) dict_keys(['example_complex']) retrieved from /usr/local/lib/python3.10/dist-packages/airflow/example_dags/example_complex.py
[2023-09-27T11:34:53.091+0000] {logging_mixin.py:151} INFO - [2023-09-27T11:34:53.091+0000] {dag.py:2915} INFO - Sync 1 DAGs
[2023-09-27T11:34:53.103+0000] {logging_mixin.py:151} INFO - [2023-09-27T11:34:53.102+0000] {dag.py:3696} INFO - Setting next_dagrun for example_complex to None, run_after=None
[2023-09-27T11:34:53.126+0000] {processor.py:179} INFO - Processing /usr/local/lib/python3.10/dist-packages/airflow/example_dags/example_complex.py took 0.086 seconds
[2023-09-27T11:35:40.999+0000] {processor.py:157} INFO - Started process (PID=6564) to work on /usr/local/lib/python3.10/dist-packages/airflow/example_dags/example_complex.py
[2023-09-27T11:35:41.001+0000] {processor.py:829} INFO - Processing file /usr/local/lib/python3.10/dist-packages/airflow/example_dags/example_complex.py for tasks to queue
[2023-09-27T11:35:41.002+0000] {logging_mixin.py:151} INFO - [2023-09-27T11:35:41.002+0000] {dagbag.py:539} INFO - Filling up the DagBag from /usr/local/lib/python3.10/dist-packages/airflow/example_dags/example_complex.py
[2023-09-27T11:35:41.015+0000] {processor.py:839} INFO - DAG(s) dict_keys(['example_complex']) retrieved from /usr/local/lib/python3.10/dist-packages/airflow/example_dags/example_complex.py
[2023-09-27T11:35:41.042+0000] {logging_mixin.py:151} INFO - [2023-09-27T11:35:41.041+0000] {dag.py:2915} INFO - Sync 1 DAGs
[2023-09-27T11:35:41.053+0000] {logging_mixin.py:151} INFO - [2023-09-27T11:35:41.053+0000] {dag.py:3696} INFO - Setting next_dagrun for example_complex to None, run_after=None
[2023-09-27T11:35:41.076+0000] {processor.py:179} INFO - Processing /usr/local/lib/python3.10/dist-packages/airflow/example_dags/example_complex.py took 0.081 seconds
[2023-09-27T11:36:32.466+0000] {processor.py:157} INFO - Started process (PID=6687) to work on /usr/local/lib/python3.10/dist-packages/airflow/example_dags/example_complex.py
[2023-09-27T11:36:32.468+0000] {processor.py:829} INFO - Processing file /usr/local/lib/python3.10/dist-packages/airflow/example_dags/example_complex.py for tasks to queue
[2023-09-27T11:36:32.468+0000] {logging_mixin.py:151} INFO - [2023-09-27T11:36:32.468+0000] {dagbag.py:539} INFO - Filling up the DagBag from /usr/local/lib/python3.10/dist-packages/airflow/example_dags/example_complex.py
[2023-09-27T11:36:32.480+0000] {processor.py:839} INFO - DAG(s) dict_keys(['example_complex']) retrieved from /usr/local/lib/python3.10/dist-packages/airflow/example_dags/example_complex.py
[2023-09-27T11:36:32.507+0000] {logging_mixin.py:151} INFO - [2023-09-27T11:36:32.507+0000] {dag.py:2915} INFO - Sync 1 DAGs
[2023-09-27T11:36:32.518+0000] {logging_mixin.py:151} INFO - [2023-09-27T11:36:32.518+0000] {dag.py:3696} INFO - Setting next_dagrun for example_complex to None, run_after=None
[2023-09-27T11:36:32.543+0000] {processor.py:179} INFO - Processing /usr/local/lib/python3.10/dist-packages/airflow/example_dags/example_complex.py took 0.081 seconds
[2023-09-27T11:37:18.494+0000] {processor.py:157} INFO - Started process (PID=6736) to work on /usr/local/lib/python3.10/dist-packages/airflow/example_dags/example_complex.py
[2023-09-27T11:37:18.496+0000] {processor.py:829} INFO - Processing file /usr/local/lib/python3.10/dist-packages/airflow/example_dags/example_complex.py for tasks to queue
[2023-09-27T11:37:18.497+0000] {logging_mixin.py:151} INFO - [2023-09-27T11:37:18.496+0000] {dagbag.py:539} INFO - Filling up the DagBag from /usr/local/lib/python3.10/dist-packages/airflow/example_dags/example_complex.py
[2023-09-27T11:37:18.507+0000] {processor.py:839} INFO - DAG(s) dict_keys(['example_complex']) retrieved from /usr/local/lib/python3.10/dist-packages/airflow/example_dags/example_complex.py
[2023-09-27T11:37:18.537+0000] {logging_mixin.py:151} INFO - [2023-09-27T11:37:18.537+0000] {dag.py:2915} INFO - Sync 1 DAGs
[2023-09-27T11:37:18.548+0000] {logging_mixin.py:151} INFO - [2023-09-27T11:37:18.548+0000] {dag.py:3696} INFO - Setting next_dagrun for example_complex to None, run_after=None
[2023-09-27T11:37:18.569+0000] {processor.py:179} INFO - Processing /usr/local/lib/python3.10/dist-packages/airflow/example_dags/example_complex.py took 0.079 seconds
