[2023-09-27T10:54:34.538+0000] {processor.py:157} INFO - Started process (PID=3964) to work on /usr/local/lib/python3.10/dist-packages/airflow/example_dags/example_dynamic_task_mapping_with_no_taskflow_operators.py
[2023-09-27T10:54:34.539+0000] {processor.py:829} INFO - Processing file /usr/local/lib/python3.10/dist-packages/airflow/example_dags/example_dynamic_task_mapping_with_no_taskflow_operators.py for tasks to queue
[2023-09-27T10:54:34.540+0000] {logging_mixin.py:151} INFO - [2023-09-27T10:54:34.540+0000] {dagbag.py:539} INFO - Filling up the DagBag from /usr/local/lib/python3.10/dist-packages/airflow/example_dags/example_dynamic_task_mapping_with_no_taskflow_operators.py
[2023-09-27T10:54:34.549+0000] {processor.py:839} INFO - DAG(s) dict_keys(['example_dynamic_task_mapping_with_no_taskflow_operators']) retrieved from /usr/local/lib/python3.10/dist-packages/airflow/example_dags/example_dynamic_task_mapping_with_no_taskflow_operators.py
[2023-09-27T10:54:34.658+0000] {logging_mixin.py:151} INFO - [2023-09-27T10:54:34.658+0000] {manager.py:499} INFO - Created Permission View: %s
[2023-09-27T10:54:34.672+0000] {logging_mixin.py:151} INFO - [2023-09-27T10:54:34.671+0000] {manager.py:499} INFO - Created Permission View: %s
[2023-09-27T10:54:34.686+0000] {logging_mixin.py:151} INFO - [2023-09-27T10:54:34.686+0000] {manager.py:499} INFO - Created Permission View: %s
[2023-09-27T10:54:34.686+0000] {logging_mixin.py:151} INFO - [2023-09-27T10:54:34.686+0000] {security.py:708} INFO - Not syncing DAG-level permissions for DAG 'DAG:example_dynamic_task_mapping_with_no_taskflow_operators' as access control is unset.
[2023-09-27T10:54:34.686+0000] {logging_mixin.py:151} INFO - [2023-09-27T10:54:34.686+0000] {dag.py:2915} INFO - Sync 1 DAGs
[2023-09-27T10:54:34.697+0000] {logging_mixin.py:151} INFO - [2023-09-27T10:54:34.697+0000] {dag.py:2937} INFO - Creating ORM DAG for example_dynamic_task_mapping_with_no_taskflow_operators
[2023-09-27T10:54:34.708+0000] {logging_mixin.py:151} INFO - [2023-09-27T10:54:34.708+0000] {dag.py:3696} INFO - Setting next_dagrun for example_dynamic_task_mapping_with_no_taskflow_operators to 2023-09-26T10:54:34.708144+00:00, run_after=2023-09-27T10:54:34.708144+00:00
[2023-09-27T10:54:34.732+0000] {processor.py:179} INFO - Processing /usr/local/lib/python3.10/dist-packages/airflow/example_dags/example_dynamic_task_mapping_with_no_taskflow_operators.py took 0.197 seconds
[2023-09-27T10:55:20.572+0000] {processor.py:157} INFO - Started process (PID=4012) to work on /usr/local/lib/python3.10/dist-packages/airflow/example_dags/example_dynamic_task_mapping_with_no_taskflow_operators.py
[2023-09-27T10:55:20.574+0000] {processor.py:829} INFO - Processing file /usr/local/lib/python3.10/dist-packages/airflow/example_dags/example_dynamic_task_mapping_with_no_taskflow_operators.py for tasks to queue
[2023-09-27T10:55:20.575+0000] {logging_mixin.py:151} INFO - [2023-09-27T10:55:20.575+0000] {dagbag.py:539} INFO - Filling up the DagBag from /usr/local/lib/python3.10/dist-packages/airflow/example_dags/example_dynamic_task_mapping_with_no_taskflow_operators.py
[2023-09-27T10:55:20.585+0000] {processor.py:839} INFO - DAG(s) dict_keys(['example_dynamic_task_mapping_with_no_taskflow_operators']) retrieved from /usr/local/lib/python3.10/dist-packages/airflow/example_dags/example_dynamic_task_mapping_with_no_taskflow_operators.py
[2023-09-27T10:55:20.600+0000] {logging_mixin.py:151} INFO - [2023-09-27T10:55:20.600+0000] {dag.py:2915} INFO - Sync 1 DAGs
[2023-09-27T10:55:20.620+0000] {logging_mixin.py:151} INFO - [2023-09-27T10:55:20.620+0000] {dag.py:3696} INFO - Setting next_dagrun for example_dynamic_task_mapping_with_no_taskflow_operators to 2023-09-26T10:55:20.620159+00:00, run_after=2023-09-27T10:55:20.620159+00:00
[2023-09-27T10:55:20.641+0000] {processor.py:179} INFO - Processing /usr/local/lib/python3.10/dist-packages/airflow/example_dags/example_dynamic_task_mapping_with_no_taskflow_operators.py took 0.078 seconds
[2023-09-27T10:56:06.209+0000] {processor.py:157} INFO - Started process (PID=4060) to work on /usr/local/lib/python3.10/dist-packages/airflow/example_dags/example_dynamic_task_mapping_with_no_taskflow_operators.py
[2023-09-27T10:56:06.210+0000] {processor.py:829} INFO - Processing file /usr/local/lib/python3.10/dist-packages/airflow/example_dags/example_dynamic_task_mapping_with_no_taskflow_operators.py for tasks to queue
[2023-09-27T10:56:06.211+0000] {logging_mixin.py:151} INFO - [2023-09-27T10:56:06.210+0000] {dagbag.py:539} INFO - Filling up the DagBag from /usr/local/lib/python3.10/dist-packages/airflow/example_dags/example_dynamic_task_mapping_with_no_taskflow_operators.py
[2023-09-27T10:56:06.219+0000] {processor.py:839} INFO - DAG(s) dict_keys(['example_dynamic_task_mapping_with_no_taskflow_operators']) retrieved from /usr/local/lib/python3.10/dist-packages/airflow/example_dags/example_dynamic_task_mapping_with_no_taskflow_operators.py
[2023-09-27T10:56:06.236+0000] {logging_mixin.py:151} INFO - [2023-09-27T10:56:06.236+0000] {dag.py:2915} INFO - Sync 1 DAGs
[2023-09-27T10:56:06.259+0000] {logging_mixin.py:151} INFO - [2023-09-27T10:56:06.259+0000] {dag.py:3696} INFO - Setting next_dagrun for example_dynamic_task_mapping_with_no_taskflow_operators to 2023-09-26T10:56:06.259082+00:00, run_after=2023-09-27T10:56:06.259082+00:00
[2023-09-27T10:56:06.281+0000] {processor.py:179} INFO - Processing /usr/local/lib/python3.10/dist-packages/airflow/example_dags/example_dynamic_task_mapping_with_no_taskflow_operators.py took 0.076 seconds
[2023-09-27T10:57:29.276+0000] {processor.py:157} INFO - Started process (PID=4131) to work on /usr/local/lib/python3.10/dist-packages/airflow/example_dags/example_dynamic_task_mapping_with_no_taskflow_operators.py
[2023-09-27T10:57:29.278+0000] {processor.py:829} INFO - Processing file /usr/local/lib/python3.10/dist-packages/airflow/example_dags/example_dynamic_task_mapping_with_no_taskflow_operators.py for tasks to queue
[2023-09-27T10:57:29.279+0000] {logging_mixin.py:151} INFO - [2023-09-27T10:57:29.278+0000] {dagbag.py:539} INFO - Filling up the DagBag from /usr/local/lib/python3.10/dist-packages/airflow/example_dags/example_dynamic_task_mapping_with_no_taskflow_operators.py
[2023-09-27T10:57:29.288+0000] {processor.py:839} INFO - DAG(s) dict_keys(['example_dynamic_task_mapping_with_no_taskflow_operators']) retrieved from /usr/local/lib/python3.10/dist-packages/airflow/example_dags/example_dynamic_task_mapping_with_no_taskflow_operators.py
[2023-09-27T10:57:29.304+0000] {logging_mixin.py:151} INFO - [2023-09-27T10:57:29.304+0000] {dag.py:2915} INFO - Sync 1 DAGs
[2023-09-27T10:57:29.323+0000] {logging_mixin.py:151} INFO - [2023-09-27T10:57:29.322+0000] {dag.py:3696} INFO - Setting next_dagrun for example_dynamic_task_mapping_with_no_taskflow_operators to 2023-09-26T10:57:29.322442+00:00, run_after=2023-09-27T10:57:29.322442+00:00
[2023-09-27T10:57:29.349+0000] {processor.py:179} INFO - Processing /usr/local/lib/python3.10/dist-packages/airflow/example_dags/example_dynamic_task_mapping_with_no_taskflow_operators.py took 0.076 seconds
[2023-09-27T10:58:20.945+0000] {processor.py:157} INFO - Started process (PID=4184) to work on /usr/local/lib/python3.10/dist-packages/airflow/example_dags/example_dynamic_task_mapping_with_no_taskflow_operators.py
[2023-09-27T10:58:20.946+0000] {processor.py:829} INFO - Processing file /usr/local/lib/python3.10/dist-packages/airflow/example_dags/example_dynamic_task_mapping_with_no_taskflow_operators.py for tasks to queue
[2023-09-27T10:58:20.947+0000] {logging_mixin.py:151} INFO - [2023-09-27T10:58:20.946+0000] {dagbag.py:539} INFO - Filling up the DagBag from /usr/local/lib/python3.10/dist-packages/airflow/example_dags/example_dynamic_task_mapping_with_no_taskflow_operators.py
[2023-09-27T10:58:20.954+0000] {processor.py:839} INFO - DAG(s) dict_keys(['example_dynamic_task_mapping_with_no_taskflow_operators']) retrieved from /usr/local/lib/python3.10/dist-packages/airflow/example_dags/example_dynamic_task_mapping_with_no_taskflow_operators.py
[2023-09-27T10:58:20.968+0000] {logging_mixin.py:151} INFO - [2023-09-27T10:58:20.968+0000] {dag.py:2915} INFO - Sync 1 DAGs
[2023-09-27T10:58:20.987+0000] {logging_mixin.py:151} INFO - [2023-09-27T10:58:20.987+0000] {dag.py:3696} INFO - Setting next_dagrun for example_dynamic_task_mapping_with_no_taskflow_operators to 2023-09-26T10:58:20.987161+00:00, run_after=2023-09-27T10:58:20.987161+00:00
[2023-09-27T10:58:21.007+0000] {processor.py:179} INFO - Processing /usr/local/lib/python3.10/dist-packages/airflow/example_dags/example_dynamic_task_mapping_with_no_taskflow_operators.py took 0.065 seconds
[2023-09-27T10:59:08.709+0000] {processor.py:157} INFO - Started process (PID=4235) to work on /usr/local/lib/python3.10/dist-packages/airflow/example_dags/example_dynamic_task_mapping_with_no_taskflow_operators.py
[2023-09-27T10:59:08.710+0000] {processor.py:829} INFO - Processing file /usr/local/lib/python3.10/dist-packages/airflow/example_dags/example_dynamic_task_mapping_with_no_taskflow_operators.py for tasks to queue
[2023-09-27T10:59:08.711+0000] {logging_mixin.py:151} INFO - [2023-09-27T10:59:08.711+0000] {dagbag.py:539} INFO - Filling up the DagBag from /usr/local/lib/python3.10/dist-packages/airflow/example_dags/example_dynamic_task_mapping_with_no_taskflow_operators.py
[2023-09-27T10:59:08.722+0000] {processor.py:839} INFO - DAG(s) dict_keys(['example_dynamic_task_mapping_with_no_taskflow_operators']) retrieved from /usr/local/lib/python3.10/dist-packages/airflow/example_dags/example_dynamic_task_mapping_with_no_taskflow_operators.py
[2023-09-27T10:59:08.742+0000] {logging_mixin.py:151} INFO - [2023-09-27T10:59:08.741+0000] {dag.py:2915} INFO - Sync 1 DAGs
[2023-09-27T10:59:08.765+0000] {logging_mixin.py:151} INFO - [2023-09-27T10:59:08.765+0000] {dag.py:3696} INFO - Setting next_dagrun for example_dynamic_task_mapping_with_no_taskflow_operators to 2023-09-26T10:59:08.764486+00:00, run_after=2023-09-27T10:59:08.764486+00:00
[2023-09-27T10:59:08.797+0000] {processor.py:179} INFO - Processing /usr/local/lib/python3.10/dist-packages/airflow/example_dags/example_dynamic_task_mapping_with_no_taskflow_operators.py took 0.093 seconds
[2023-09-27T10:59:57.336+0000] {processor.py:157} INFO - Started process (PID=4285) to work on /usr/local/lib/python3.10/dist-packages/airflow/example_dags/example_dynamic_task_mapping_with_no_taskflow_operators.py
[2023-09-27T10:59:57.337+0000] {processor.py:829} INFO - Processing file /usr/local/lib/python3.10/dist-packages/airflow/example_dags/example_dynamic_task_mapping_with_no_taskflow_operators.py for tasks to queue
[2023-09-27T10:59:57.338+0000] {logging_mixin.py:151} INFO - [2023-09-27T10:59:57.338+0000] {dagbag.py:539} INFO - Filling up the DagBag from /usr/local/lib/python3.10/dist-packages/airflow/example_dags/example_dynamic_task_mapping_with_no_taskflow_operators.py
[2023-09-27T10:59:57.347+0000] {processor.py:839} INFO - DAG(s) dict_keys(['example_dynamic_task_mapping_with_no_taskflow_operators']) retrieved from /usr/local/lib/python3.10/dist-packages/airflow/example_dags/example_dynamic_task_mapping_with_no_taskflow_operators.py
[2023-09-27T10:59:57.363+0000] {logging_mixin.py:151} INFO - [2023-09-27T10:59:57.363+0000] {dag.py:2915} INFO - Sync 1 DAGs
[2023-09-27T10:59:57.383+0000] {logging_mixin.py:151} INFO - [2023-09-27T10:59:57.383+0000] {dag.py:3696} INFO - Setting next_dagrun for example_dynamic_task_mapping_with_no_taskflow_operators to 2023-09-26T10:59:57.383423+00:00, run_after=2023-09-27T10:59:57.383423+00:00
[2023-09-27T10:59:57.406+0000] {processor.py:179} INFO - Processing /usr/local/lib/python3.10/dist-packages/airflow/example_dags/example_dynamic_task_mapping_with_no_taskflow_operators.py took 0.076 seconds
[2023-09-27T11:00:45.733+0000] {processor.py:157} INFO - Started process (PID=4336) to work on /usr/local/lib/python3.10/dist-packages/airflow/example_dags/example_dynamic_task_mapping_with_no_taskflow_operators.py
[2023-09-27T11:00:45.734+0000] {processor.py:829} INFO - Processing file /usr/local/lib/python3.10/dist-packages/airflow/example_dags/example_dynamic_task_mapping_with_no_taskflow_operators.py for tasks to queue
[2023-09-27T11:00:45.735+0000] {logging_mixin.py:151} INFO - [2023-09-27T11:00:45.735+0000] {dagbag.py:539} INFO - Filling up the DagBag from /usr/local/lib/python3.10/dist-packages/airflow/example_dags/example_dynamic_task_mapping_with_no_taskflow_operators.py
[2023-09-27T11:00:45.742+0000] {processor.py:839} INFO - DAG(s) dict_keys(['example_dynamic_task_mapping_with_no_taskflow_operators']) retrieved from /usr/local/lib/python3.10/dist-packages/airflow/example_dags/example_dynamic_task_mapping_with_no_taskflow_operators.py
[2023-09-27T11:00:45.757+0000] {logging_mixin.py:151} INFO - [2023-09-27T11:00:45.757+0000] {dag.py:2915} INFO - Sync 1 DAGs
[2023-09-27T11:00:45.777+0000] {logging_mixin.py:151} INFO - [2023-09-27T11:00:45.777+0000] {dag.py:3696} INFO - Setting next_dagrun for example_dynamic_task_mapping_with_no_taskflow_operators to 2023-09-26T11:00:45.777537+00:00, run_after=2023-09-27T11:00:45.777537+00:00
[2023-09-27T11:00:45.798+0000] {processor.py:179} INFO - Processing /usr/local/lib/python3.10/dist-packages/airflow/example_dags/example_dynamic_task_mapping_with_no_taskflow_operators.py took 0.067 seconds
[2023-09-27T11:01:30.302+0000] {processor.py:157} INFO - Started process (PID=4384) to work on /usr/local/lib/python3.10/dist-packages/airflow/example_dags/example_dynamic_task_mapping_with_no_taskflow_operators.py
[2023-09-27T11:01:30.303+0000] {processor.py:829} INFO - Processing file /usr/local/lib/python3.10/dist-packages/airflow/example_dags/example_dynamic_task_mapping_with_no_taskflow_operators.py for tasks to queue
[2023-09-27T11:01:30.304+0000] {logging_mixin.py:151} INFO - [2023-09-27T11:01:30.304+0000] {dagbag.py:539} INFO - Filling up the DagBag from /usr/local/lib/python3.10/dist-packages/airflow/example_dags/example_dynamic_task_mapping_with_no_taskflow_operators.py
[2023-09-27T11:01:30.312+0000] {processor.py:839} INFO - DAG(s) dict_keys(['example_dynamic_task_mapping_with_no_taskflow_operators']) retrieved from /usr/local/lib/python3.10/dist-packages/airflow/example_dags/example_dynamic_task_mapping_with_no_taskflow_operators.py
[2023-09-27T11:01:30.329+0000] {logging_mixin.py:151} INFO - [2023-09-27T11:01:30.329+0000] {dag.py:2915} INFO - Sync 1 DAGs
[2023-09-27T11:01:30.354+0000] {logging_mixin.py:151} INFO - [2023-09-27T11:01:30.353+0000] {dag.py:3696} INFO - Setting next_dagrun for example_dynamic_task_mapping_with_no_taskflow_operators to 2023-09-26T11:01:30.353638+00:00, run_after=2023-09-27T11:01:30.353638+00:00
[2023-09-27T11:01:30.379+0000] {processor.py:179} INFO - Processing /usr/local/lib/python3.10/dist-packages/airflow/example_dags/example_dynamic_task_mapping_with_no_taskflow_operators.py took 0.081 seconds
[2023-09-27T11:02:16.321+0000] {processor.py:157} INFO - Started process (PID=4432) to work on /usr/local/lib/python3.10/dist-packages/airflow/example_dags/example_dynamic_task_mapping_with_no_taskflow_operators.py
[2023-09-27T11:02:16.322+0000] {processor.py:829} INFO - Processing file /usr/local/lib/python3.10/dist-packages/airflow/example_dags/example_dynamic_task_mapping_with_no_taskflow_operators.py for tasks to queue
[2023-09-27T11:02:16.323+0000] {logging_mixin.py:151} INFO - [2023-09-27T11:02:16.322+0000] {dagbag.py:539} INFO - Filling up the DagBag from /usr/local/lib/python3.10/dist-packages/airflow/example_dags/example_dynamic_task_mapping_with_no_taskflow_operators.py
[2023-09-27T11:02:16.331+0000] {processor.py:839} INFO - DAG(s) dict_keys(['example_dynamic_task_mapping_with_no_taskflow_operators']) retrieved from /usr/local/lib/python3.10/dist-packages/airflow/example_dags/example_dynamic_task_mapping_with_no_taskflow_operators.py
[2023-09-27T11:02:16.346+0000] {logging_mixin.py:151} INFO - [2023-09-27T11:02:16.345+0000] {dag.py:2915} INFO - Sync 1 DAGs
[2023-09-27T11:02:16.368+0000] {logging_mixin.py:151} INFO - [2023-09-27T11:02:16.367+0000] {dag.py:3696} INFO - Setting next_dagrun for example_dynamic_task_mapping_with_no_taskflow_operators to 2023-09-26T11:02:16.367565+00:00, run_after=2023-09-27T11:02:16.367565+00:00
[2023-09-27T11:02:16.390+0000] {processor.py:179} INFO - Processing /usr/local/lib/python3.10/dist-packages/airflow/example_dags/example_dynamic_task_mapping_with_no_taskflow_operators.py took 0.072 seconds
[2023-09-27T11:03:08.290+0000] {processor.py:157} INFO - Started process (PID=4485) to work on /usr/local/lib/python3.10/dist-packages/airflow/example_dags/example_dynamic_task_mapping_with_no_taskflow_operators.py
[2023-09-27T11:03:08.292+0000] {processor.py:829} INFO - Processing file /usr/local/lib/python3.10/dist-packages/airflow/example_dags/example_dynamic_task_mapping_with_no_taskflow_operators.py for tasks to queue
[2023-09-27T11:03:08.293+0000] {logging_mixin.py:151} INFO - [2023-09-27T11:03:08.293+0000] {dagbag.py:539} INFO - Filling up the DagBag from /usr/local/lib/python3.10/dist-packages/airflow/example_dags/example_dynamic_task_mapping_with_no_taskflow_operators.py
[2023-09-27T11:03:08.302+0000] {processor.py:839} INFO - DAG(s) dict_keys(['example_dynamic_task_mapping_with_no_taskflow_operators']) retrieved from /usr/local/lib/python3.10/dist-packages/airflow/example_dags/example_dynamic_task_mapping_with_no_taskflow_operators.py
[2023-09-27T11:03:08.316+0000] {logging_mixin.py:151} INFO - [2023-09-27T11:03:08.315+0000] {dag.py:2915} INFO - Sync 1 DAGs
[2023-09-27T11:03:08.337+0000] {logging_mixin.py:151} INFO - [2023-09-27T11:03:08.337+0000] {dag.py:3696} INFO - Setting next_dagrun for example_dynamic_task_mapping_with_no_taskflow_operators to 2023-09-26T11:03:08.337247+00:00, run_after=2023-09-27T11:03:08.337247+00:00
[2023-09-27T11:03:08.357+0000] {processor.py:179} INFO - Processing /usr/local/lib/python3.10/dist-packages/airflow/example_dags/example_dynamic_task_mapping_with_no_taskflow_operators.py took 0.071 seconds
[2023-09-27T11:03:58.841+0000] {processor.py:157} INFO - Started process (PID=4537) to work on /usr/local/lib/python3.10/dist-packages/airflow/example_dags/example_dynamic_task_mapping_with_no_taskflow_operators.py
[2023-09-27T11:03:58.844+0000] {processor.py:829} INFO - Processing file /usr/local/lib/python3.10/dist-packages/airflow/example_dags/example_dynamic_task_mapping_with_no_taskflow_operators.py for tasks to queue
[2023-09-27T11:03:58.845+0000] {logging_mixin.py:151} INFO - [2023-09-27T11:03:58.845+0000] {dagbag.py:539} INFO - Filling up the DagBag from /usr/local/lib/python3.10/dist-packages/airflow/example_dags/example_dynamic_task_mapping_with_no_taskflow_operators.py
[2023-09-27T11:03:58.858+0000] {processor.py:839} INFO - DAG(s) dict_keys(['example_dynamic_task_mapping_with_no_taskflow_operators']) retrieved from /usr/local/lib/python3.10/dist-packages/airflow/example_dags/example_dynamic_task_mapping_with_no_taskflow_operators.py
[2023-09-27T11:03:58.874+0000] {logging_mixin.py:151} INFO - [2023-09-27T11:03:58.874+0000] {dag.py:2915} INFO - Sync 1 DAGs
[2023-09-27T11:03:58.893+0000] {logging_mixin.py:151} INFO - [2023-09-27T11:03:58.893+0000] {dag.py:3696} INFO - Setting next_dagrun for example_dynamic_task_mapping_with_no_taskflow_operators to 2023-09-26T11:03:58.893307+00:00, run_after=2023-09-27T11:03:58.893307+00:00
[2023-09-27T11:03:58.915+0000] {processor.py:179} INFO - Processing /usr/local/lib/python3.10/dist-packages/airflow/example_dags/example_dynamic_task_mapping_with_no_taskflow_operators.py took 0.081 seconds
[2023-09-27T11:04:49.939+0000] {processor.py:157} INFO - Started process (PID=4590) to work on /usr/local/lib/python3.10/dist-packages/airflow/example_dags/example_dynamic_task_mapping_with_no_taskflow_operators.py
[2023-09-27T11:04:49.940+0000] {processor.py:829} INFO - Processing file /usr/local/lib/python3.10/dist-packages/airflow/example_dags/example_dynamic_task_mapping_with_no_taskflow_operators.py for tasks to queue
[2023-09-27T11:04:49.941+0000] {logging_mixin.py:151} INFO - [2023-09-27T11:04:49.941+0000] {dagbag.py:539} INFO - Filling up the DagBag from /usr/local/lib/python3.10/dist-packages/airflow/example_dags/example_dynamic_task_mapping_with_no_taskflow_operators.py
[2023-09-27T11:04:49.949+0000] {processor.py:839} INFO - DAG(s) dict_keys(['example_dynamic_task_mapping_with_no_taskflow_operators']) retrieved from /usr/local/lib/python3.10/dist-packages/airflow/example_dags/example_dynamic_task_mapping_with_no_taskflow_operators.py
[2023-09-27T11:04:49.964+0000] {logging_mixin.py:151} INFO - [2023-09-27T11:04:49.964+0000] {dag.py:2915} INFO - Sync 1 DAGs
[2023-09-27T11:04:49.986+0000] {logging_mixin.py:151} INFO - [2023-09-27T11:04:49.985+0000] {dag.py:3696} INFO - Setting next_dagrun for example_dynamic_task_mapping_with_no_taskflow_operators to 2023-09-26T11:04:49.985625+00:00, run_after=2023-09-27T11:04:49.985625+00:00
[2023-09-27T11:04:50.011+0000] {processor.py:179} INFO - Processing /usr/local/lib/python3.10/dist-packages/airflow/example_dags/example_dynamic_task_mapping_with_no_taskflow_operators.py took 0.075 seconds
[2023-09-27T11:05:41.826+0000] {processor.py:157} INFO - Started process (PID=4643) to work on /usr/local/lib/python3.10/dist-packages/airflow/example_dags/example_dynamic_task_mapping_with_no_taskflow_operators.py
[2023-09-27T11:05:41.827+0000] {processor.py:829} INFO - Processing file /usr/local/lib/python3.10/dist-packages/airflow/example_dags/example_dynamic_task_mapping_with_no_taskflow_operators.py for tasks to queue
[2023-09-27T11:05:41.828+0000] {logging_mixin.py:151} INFO - [2023-09-27T11:05:41.827+0000] {dagbag.py:539} INFO - Filling up the DagBag from /usr/local/lib/python3.10/dist-packages/airflow/example_dags/example_dynamic_task_mapping_with_no_taskflow_operators.py
[2023-09-27T11:05:41.835+0000] {processor.py:839} INFO - DAG(s) dict_keys(['example_dynamic_task_mapping_with_no_taskflow_operators']) retrieved from /usr/local/lib/python3.10/dist-packages/airflow/example_dags/example_dynamic_task_mapping_with_no_taskflow_operators.py
[2023-09-27T11:05:41.854+0000] {logging_mixin.py:151} INFO - [2023-09-27T11:05:41.854+0000] {dag.py:2915} INFO - Sync 1 DAGs
[2023-09-27T11:05:41.873+0000] {logging_mixin.py:151} INFO - [2023-09-27T11:05:41.873+0000] {dag.py:3696} INFO - Setting next_dagrun for example_dynamic_task_mapping_with_no_taskflow_operators to 2023-09-26T11:05:41.873207+00:00, run_after=2023-09-27T11:05:41.873207+00:00
[2023-09-27T11:05:41.894+0000] {processor.py:179} INFO - Processing /usr/local/lib/python3.10/dist-packages/airflow/example_dags/example_dynamic_task_mapping_with_no_taskflow_operators.py took 0.072 seconds
[2023-09-27T11:06:36.173+0000] {processor.py:157} INFO - Started process (PID=4707) to work on /usr/local/lib/python3.10/dist-packages/airflow/example_dags/example_dynamic_task_mapping_with_no_taskflow_operators.py
[2023-09-27T11:06:36.174+0000] {processor.py:829} INFO - Processing file /usr/local/lib/python3.10/dist-packages/airflow/example_dags/example_dynamic_task_mapping_with_no_taskflow_operators.py for tasks to queue
[2023-09-27T11:06:36.175+0000] {logging_mixin.py:151} INFO - [2023-09-27T11:06:36.175+0000] {dagbag.py:539} INFO - Filling up the DagBag from /usr/local/lib/python3.10/dist-packages/airflow/example_dags/example_dynamic_task_mapping_with_no_taskflow_operators.py
[2023-09-27T11:06:36.183+0000] {processor.py:839} INFO - DAG(s) dict_keys(['example_dynamic_task_mapping_with_no_taskflow_operators']) retrieved from /usr/local/lib/python3.10/dist-packages/airflow/example_dags/example_dynamic_task_mapping_with_no_taskflow_operators.py
[2023-09-27T11:06:36.201+0000] {logging_mixin.py:151} INFO - [2023-09-27T11:06:36.200+0000] {dag.py:2915} INFO - Sync 1 DAGs
[2023-09-27T11:06:36.219+0000] {logging_mixin.py:151} INFO - [2023-09-27T11:06:36.219+0000] {dag.py:3696} INFO - Setting next_dagrun for example_dynamic_task_mapping_with_no_taskflow_operators to 2023-09-26T11:06:36.219551+00:00, run_after=2023-09-27T11:06:36.219551+00:00
[2023-09-27T11:06:36.246+0000] {processor.py:179} INFO - Processing /usr/local/lib/python3.10/dist-packages/airflow/example_dags/example_dynamic_task_mapping_with_no_taskflow_operators.py took 0.077 seconds
[2023-09-27T11:07:24.689+0000] {processor.py:157} INFO - Started process (PID=4758) to work on /usr/local/lib/python3.10/dist-packages/airflow/example_dags/example_dynamic_task_mapping_with_no_taskflow_operators.py
[2023-09-27T11:07:24.690+0000] {processor.py:829} INFO - Processing file /usr/local/lib/python3.10/dist-packages/airflow/example_dags/example_dynamic_task_mapping_with_no_taskflow_operators.py for tasks to queue
[2023-09-27T11:07:24.691+0000] {logging_mixin.py:151} INFO - [2023-09-27T11:07:24.690+0000] {dagbag.py:539} INFO - Filling up the DagBag from /usr/local/lib/python3.10/dist-packages/airflow/example_dags/example_dynamic_task_mapping_with_no_taskflow_operators.py
[2023-09-27T11:07:24.699+0000] {processor.py:839} INFO - DAG(s) dict_keys(['example_dynamic_task_mapping_with_no_taskflow_operators']) retrieved from /usr/local/lib/python3.10/dist-packages/airflow/example_dags/example_dynamic_task_mapping_with_no_taskflow_operators.py
[2023-09-27T11:07:24.714+0000] {logging_mixin.py:151} INFO - [2023-09-27T11:07:24.714+0000] {dag.py:2915} INFO - Sync 1 DAGs
[2023-09-27T11:07:24.748+0000] {logging_mixin.py:151} INFO - [2023-09-27T11:07:24.748+0000] {dag.py:3696} INFO - Setting next_dagrun for example_dynamic_task_mapping_with_no_taskflow_operators to 2023-09-26T11:07:24.748046+00:00, run_after=2023-09-27T11:07:24.748046+00:00
[2023-09-27T11:07:24.775+0000] {processor.py:179} INFO - Processing /usr/local/lib/python3.10/dist-packages/airflow/example_dags/example_dynamic_task_mapping_with_no_taskflow_operators.py took 0.089 seconds
[2023-09-27T11:08:17.122+0000] {processor.py:157} INFO - Started process (PID=4811) to work on /usr/local/lib/python3.10/dist-packages/airflow/example_dags/example_dynamic_task_mapping_with_no_taskflow_operators.py
[2023-09-27T11:08:17.123+0000] {processor.py:829} INFO - Processing file /usr/local/lib/python3.10/dist-packages/airflow/example_dags/example_dynamic_task_mapping_with_no_taskflow_operators.py for tasks to queue
[2023-09-27T11:08:17.124+0000] {logging_mixin.py:151} INFO - [2023-09-27T11:08:17.124+0000] {dagbag.py:539} INFO - Filling up the DagBag from /usr/local/lib/python3.10/dist-packages/airflow/example_dags/example_dynamic_task_mapping_with_no_taskflow_operators.py
[2023-09-27T11:08:17.133+0000] {processor.py:839} INFO - DAG(s) dict_keys(['example_dynamic_task_mapping_with_no_taskflow_operators']) retrieved from /usr/local/lib/python3.10/dist-packages/airflow/example_dags/example_dynamic_task_mapping_with_no_taskflow_operators.py
[2023-09-27T11:08:17.152+0000] {logging_mixin.py:151} INFO - [2023-09-27T11:08:17.151+0000] {dag.py:2915} INFO - Sync 1 DAGs
[2023-09-27T11:08:17.176+0000] {logging_mixin.py:151} INFO - [2023-09-27T11:08:17.175+0000] {dag.py:3696} INFO - Setting next_dagrun for example_dynamic_task_mapping_with_no_taskflow_operators to 2023-09-26T11:08:17.175126+00:00, run_after=2023-09-27T11:08:17.175126+00:00
[2023-09-27T11:08:17.205+0000] {processor.py:179} INFO - Processing /usr/local/lib/python3.10/dist-packages/airflow/example_dags/example_dynamic_task_mapping_with_no_taskflow_operators.py took 0.086 seconds
[2023-09-27T11:09:09.821+0000] {processor.py:157} INFO - Started process (PID=4864) to work on /usr/local/lib/python3.10/dist-packages/airflow/example_dags/example_dynamic_task_mapping_with_no_taskflow_operators.py
[2023-09-27T11:09:09.822+0000] {processor.py:829} INFO - Processing file /usr/local/lib/python3.10/dist-packages/airflow/example_dags/example_dynamic_task_mapping_with_no_taskflow_operators.py for tasks to queue
[2023-09-27T11:09:09.823+0000] {logging_mixin.py:151} INFO - [2023-09-27T11:09:09.823+0000] {dagbag.py:539} INFO - Filling up the DagBag from /usr/local/lib/python3.10/dist-packages/airflow/example_dags/example_dynamic_task_mapping_with_no_taskflow_operators.py
[2023-09-27T11:09:09.832+0000] {processor.py:839} INFO - DAG(s) dict_keys(['example_dynamic_task_mapping_with_no_taskflow_operators']) retrieved from /usr/local/lib/python3.10/dist-packages/airflow/example_dags/example_dynamic_task_mapping_with_no_taskflow_operators.py
[2023-09-27T11:09:09.847+0000] {logging_mixin.py:151} INFO - [2023-09-27T11:09:09.847+0000] {dag.py:2915} INFO - Sync 1 DAGs
[2023-09-27T11:09:09.866+0000] {logging_mixin.py:151} INFO - [2023-09-27T11:09:09.866+0000] {dag.py:3696} INFO - Setting next_dagrun for example_dynamic_task_mapping_with_no_taskflow_operators to 2023-09-26T11:09:09.866553+00:00, run_after=2023-09-27T11:09:09.866553+00:00
[2023-09-27T11:09:09.885+0000] {processor.py:179} INFO - Processing /usr/local/lib/python3.10/dist-packages/airflow/example_dags/example_dynamic_task_mapping_with_no_taskflow_operators.py took 0.067 seconds
[2023-09-27T11:09:55.090+0000] {processor.py:157} INFO - Started process (PID=4912) to work on /usr/local/lib/python3.10/dist-packages/airflow/example_dags/example_dynamic_task_mapping_with_no_taskflow_operators.py
[2023-09-27T11:09:55.092+0000] {processor.py:829} INFO - Processing file /usr/local/lib/python3.10/dist-packages/airflow/example_dags/example_dynamic_task_mapping_with_no_taskflow_operators.py for tasks to queue
[2023-09-27T11:09:55.095+0000] {logging_mixin.py:151} INFO - [2023-09-27T11:09:55.095+0000] {dagbag.py:539} INFO - Filling up the DagBag from /usr/local/lib/python3.10/dist-packages/airflow/example_dags/example_dynamic_task_mapping_with_no_taskflow_operators.py
[2023-09-27T11:09:55.104+0000] {processor.py:839} INFO - DAG(s) dict_keys(['example_dynamic_task_mapping_with_no_taskflow_operators']) retrieved from /usr/local/lib/python3.10/dist-packages/airflow/example_dags/example_dynamic_task_mapping_with_no_taskflow_operators.py
[2023-09-27T11:09:55.121+0000] {logging_mixin.py:151} INFO - [2023-09-27T11:09:55.120+0000] {dag.py:2915} INFO - Sync 1 DAGs
[2023-09-27T11:09:55.144+0000] {logging_mixin.py:151} INFO - [2023-09-27T11:09:55.144+0000] {dag.py:3696} INFO - Setting next_dagrun for example_dynamic_task_mapping_with_no_taskflow_operators to 2023-09-26T11:09:55.143880+00:00, run_after=2023-09-27T11:09:55.143880+00:00
[2023-09-27T11:09:55.167+0000] {processor.py:179} INFO - Processing /usr/local/lib/python3.10/dist-packages/airflow/example_dags/example_dynamic_task_mapping_with_no_taskflow_operators.py took 0.080 seconds
[2023-09-27T11:10:46.722+0000] {processor.py:157} INFO - Started process (PID=4965) to work on /usr/local/lib/python3.10/dist-packages/airflow/example_dags/example_dynamic_task_mapping_with_no_taskflow_operators.py
[2023-09-27T11:10:46.723+0000] {processor.py:829} INFO - Processing file /usr/local/lib/python3.10/dist-packages/airflow/example_dags/example_dynamic_task_mapping_with_no_taskflow_operators.py for tasks to queue
[2023-09-27T11:10:46.724+0000] {logging_mixin.py:151} INFO - [2023-09-27T11:10:46.724+0000] {dagbag.py:539} INFO - Filling up the DagBag from /usr/local/lib/python3.10/dist-packages/airflow/example_dags/example_dynamic_task_mapping_with_no_taskflow_operators.py
[2023-09-27T11:10:46.732+0000] {processor.py:839} INFO - DAG(s) dict_keys(['example_dynamic_task_mapping_with_no_taskflow_operators']) retrieved from /usr/local/lib/python3.10/dist-packages/airflow/example_dags/example_dynamic_task_mapping_with_no_taskflow_operators.py
[2023-09-27T11:10:46.748+0000] {logging_mixin.py:151} INFO - [2023-09-27T11:10:46.748+0000] {dag.py:2915} INFO - Sync 1 DAGs
[2023-09-27T11:10:46.770+0000] {logging_mixin.py:151} INFO - [2023-09-27T11:10:46.770+0000] {dag.py:3696} INFO - Setting next_dagrun for example_dynamic_task_mapping_with_no_taskflow_operators to 2023-09-26T11:10:46.770145+00:00, run_after=2023-09-27T11:10:46.770145+00:00
[2023-09-27T11:10:46.792+0000] {processor.py:179} INFO - Processing /usr/local/lib/python3.10/dist-packages/airflow/example_dags/example_dynamic_task_mapping_with_no_taskflow_operators.py took 0.074 seconds
[2023-09-27T11:11:32.396+0000] {processor.py:157} INFO - Started process (PID=5017) to work on /usr/local/lib/python3.10/dist-packages/airflow/example_dags/example_dynamic_task_mapping_with_no_taskflow_operators.py
[2023-09-27T11:11:32.397+0000] {processor.py:829} INFO - Processing file /usr/local/lib/python3.10/dist-packages/airflow/example_dags/example_dynamic_task_mapping_with_no_taskflow_operators.py for tasks to queue
[2023-09-27T11:11:32.398+0000] {logging_mixin.py:151} INFO - [2023-09-27T11:11:32.398+0000] {dagbag.py:539} INFO - Filling up the DagBag from /usr/local/lib/python3.10/dist-packages/airflow/example_dags/example_dynamic_task_mapping_with_no_taskflow_operators.py
[2023-09-27T11:11:32.406+0000] {processor.py:839} INFO - DAG(s) dict_keys(['example_dynamic_task_mapping_with_no_taskflow_operators']) retrieved from /usr/local/lib/python3.10/dist-packages/airflow/example_dags/example_dynamic_task_mapping_with_no_taskflow_operators.py
[2023-09-27T11:11:32.426+0000] {logging_mixin.py:151} INFO - [2023-09-27T11:11:32.426+0000] {dag.py:2915} INFO - Sync 1 DAGs
[2023-09-27T11:11:32.454+0000] {logging_mixin.py:151} INFO - [2023-09-27T11:11:32.454+0000] {dag.py:3696} INFO - Setting next_dagrun for example_dynamic_task_mapping_with_no_taskflow_operators to 2023-09-26T11:11:32.453751+00:00, run_after=2023-09-27T11:11:32.453751+00:00
[2023-09-27T11:11:32.474+0000] {processor.py:179} INFO - Processing /usr/local/lib/python3.10/dist-packages/airflow/example_dags/example_dynamic_task_mapping_with_no_taskflow_operators.py took 0.081 seconds
[2023-09-27T11:12:20.931+0000] {processor.py:157} INFO - Started process (PID=5071) to work on /usr/local/lib/python3.10/dist-packages/airflow/example_dags/example_dynamic_task_mapping_with_no_taskflow_operators.py
[2023-09-27T11:12:20.932+0000] {processor.py:829} INFO - Processing file /usr/local/lib/python3.10/dist-packages/airflow/example_dags/example_dynamic_task_mapping_with_no_taskflow_operators.py for tasks to queue
[2023-09-27T11:12:20.933+0000] {logging_mixin.py:151} INFO - [2023-09-27T11:12:20.932+0000] {dagbag.py:539} INFO - Filling up the DagBag from /usr/local/lib/python3.10/dist-packages/airflow/example_dags/example_dynamic_task_mapping_with_no_taskflow_operators.py
[2023-09-27T11:12:20.942+0000] {processor.py:839} INFO - DAG(s) dict_keys(['example_dynamic_task_mapping_with_no_taskflow_operators']) retrieved from /usr/local/lib/python3.10/dist-packages/airflow/example_dags/example_dynamic_task_mapping_with_no_taskflow_operators.py
[2023-09-27T11:12:20.957+0000] {logging_mixin.py:151} INFO - [2023-09-27T11:12:20.957+0000] {dag.py:2915} INFO - Sync 1 DAGs
[2023-09-27T11:12:20.975+0000] {logging_mixin.py:151} INFO - [2023-09-27T11:12:20.975+0000] {dag.py:3696} INFO - Setting next_dagrun for example_dynamic_task_mapping_with_no_taskflow_operators to 2023-09-26T11:12:20.975216+00:00, run_after=2023-09-27T11:12:20.975216+00:00
[2023-09-27T11:12:20.997+0000] {processor.py:179} INFO - Processing /usr/local/lib/python3.10/dist-packages/airflow/example_dags/example_dynamic_task_mapping_with_no_taskflow_operators.py took 0.070 seconds
[2023-09-27T11:13:11.357+0000] {processor.py:157} INFO - Started process (PID=5122) to work on /usr/local/lib/python3.10/dist-packages/airflow/example_dags/example_dynamic_task_mapping_with_no_taskflow_operators.py
[2023-09-27T11:13:11.359+0000] {processor.py:829} INFO - Processing file /usr/local/lib/python3.10/dist-packages/airflow/example_dags/example_dynamic_task_mapping_with_no_taskflow_operators.py for tasks to queue
[2023-09-27T11:13:11.360+0000] {logging_mixin.py:151} INFO - [2023-09-27T11:13:11.359+0000] {dagbag.py:539} INFO - Filling up the DagBag from /usr/local/lib/python3.10/dist-packages/airflow/example_dags/example_dynamic_task_mapping_with_no_taskflow_operators.py
[2023-09-27T11:13:11.371+0000] {processor.py:839} INFO - DAG(s) dict_keys(['example_dynamic_task_mapping_with_no_taskflow_operators']) retrieved from /usr/local/lib/python3.10/dist-packages/airflow/example_dags/example_dynamic_task_mapping_with_no_taskflow_operators.py
[2023-09-27T11:13:11.388+0000] {logging_mixin.py:151} INFO - [2023-09-27T11:13:11.388+0000] {dag.py:2915} INFO - Sync 1 DAGs
[2023-09-27T11:13:11.417+0000] {logging_mixin.py:151} INFO - [2023-09-27T11:13:11.417+0000] {dag.py:3696} INFO - Setting next_dagrun for example_dynamic_task_mapping_with_no_taskflow_operators to 2023-09-26T11:13:11.417565+00:00, run_after=2023-09-27T11:13:11.417565+00:00
[2023-09-27T11:13:11.440+0000] {processor.py:179} INFO - Processing /usr/local/lib/python3.10/dist-packages/airflow/example_dags/example_dynamic_task_mapping_with_no_taskflow_operators.py took 0.086 seconds
[2023-09-27T11:14:00.594+0000] {processor.py:157} INFO - Started process (PID=5175) to work on /usr/local/lib/python3.10/dist-packages/airflow/example_dags/example_dynamic_task_mapping_with_no_taskflow_operators.py
[2023-09-27T11:14:00.595+0000] {processor.py:829} INFO - Processing file /usr/local/lib/python3.10/dist-packages/airflow/example_dags/example_dynamic_task_mapping_with_no_taskflow_operators.py for tasks to queue
[2023-09-27T11:14:00.596+0000] {logging_mixin.py:151} INFO - [2023-09-27T11:14:00.596+0000] {dagbag.py:539} INFO - Filling up the DagBag from /usr/local/lib/python3.10/dist-packages/airflow/example_dags/example_dynamic_task_mapping_with_no_taskflow_operators.py
[2023-09-27T11:14:00.604+0000] {processor.py:839} INFO - DAG(s) dict_keys(['example_dynamic_task_mapping_with_no_taskflow_operators']) retrieved from /usr/local/lib/python3.10/dist-packages/airflow/example_dags/example_dynamic_task_mapping_with_no_taskflow_operators.py
[2023-09-27T11:14:00.637+0000] {logging_mixin.py:151} INFO - [2023-09-27T11:14:00.637+0000] {dag.py:2915} INFO - Sync 1 DAGs
[2023-09-27T11:14:00.659+0000] {logging_mixin.py:151} INFO - [2023-09-27T11:14:00.659+0000] {dag.py:3696} INFO - Setting next_dagrun for example_dynamic_task_mapping_with_no_taskflow_operators to 2023-09-26T11:14:00.659401+00:00, run_after=2023-09-27T11:14:00.659401+00:00
[2023-09-27T11:14:00.686+0000] {processor.py:179} INFO - Processing /usr/local/lib/python3.10/dist-packages/airflow/example_dags/example_dynamic_task_mapping_with_no_taskflow_operators.py took 0.096 seconds
[2023-09-27T11:14:50.767+0000] {processor.py:157} INFO - Started process (PID=5227) to work on /usr/local/lib/python3.10/dist-packages/airflow/example_dags/example_dynamic_task_mapping_with_no_taskflow_operators.py
[2023-09-27T11:14:50.768+0000] {processor.py:829} INFO - Processing file /usr/local/lib/python3.10/dist-packages/airflow/example_dags/example_dynamic_task_mapping_with_no_taskflow_operators.py for tasks to queue
[2023-09-27T11:14:50.769+0000] {logging_mixin.py:151} INFO - [2023-09-27T11:14:50.768+0000] {dagbag.py:539} INFO - Filling up the DagBag from /usr/local/lib/python3.10/dist-packages/airflow/example_dags/example_dynamic_task_mapping_with_no_taskflow_operators.py
[2023-09-27T11:14:50.776+0000] {processor.py:839} INFO - DAG(s) dict_keys(['example_dynamic_task_mapping_with_no_taskflow_operators']) retrieved from /usr/local/lib/python3.10/dist-packages/airflow/example_dags/example_dynamic_task_mapping_with_no_taskflow_operators.py
[2023-09-27T11:14:50.793+0000] {logging_mixin.py:151} INFO - [2023-09-27T11:14:50.792+0000] {dag.py:2915} INFO - Sync 1 DAGs
[2023-09-27T11:14:50.818+0000] {logging_mixin.py:151} INFO - [2023-09-27T11:14:50.818+0000] {dag.py:3696} INFO - Setting next_dagrun for example_dynamic_task_mapping_with_no_taskflow_operators to 2023-09-26T11:14:50.818243+00:00, run_after=2023-09-27T11:14:50.818243+00:00
[2023-09-27T11:14:50.848+0000] {processor.py:179} INFO - Processing /usr/local/lib/python3.10/dist-packages/airflow/example_dags/example_dynamic_task_mapping_with_no_taskflow_operators.py took 0.084 seconds
[2023-09-27T11:15:44.055+0000] {processor.py:157} INFO - Started process (PID=5281) to work on /usr/local/lib/python3.10/dist-packages/airflow/example_dags/example_dynamic_task_mapping_with_no_taskflow_operators.py
[2023-09-27T11:15:44.056+0000] {processor.py:829} INFO - Processing file /usr/local/lib/python3.10/dist-packages/airflow/example_dags/example_dynamic_task_mapping_with_no_taskflow_operators.py for tasks to queue
[2023-09-27T11:15:44.057+0000] {logging_mixin.py:151} INFO - [2023-09-27T11:15:44.057+0000] {dagbag.py:539} INFO - Filling up the DagBag from /usr/local/lib/python3.10/dist-packages/airflow/example_dags/example_dynamic_task_mapping_with_no_taskflow_operators.py
[2023-09-27T11:15:44.065+0000] {processor.py:839} INFO - DAG(s) dict_keys(['example_dynamic_task_mapping_with_no_taskflow_operators']) retrieved from /usr/local/lib/python3.10/dist-packages/airflow/example_dags/example_dynamic_task_mapping_with_no_taskflow_operators.py
[2023-09-27T11:15:44.080+0000] {logging_mixin.py:151} INFO - [2023-09-27T11:15:44.080+0000] {dag.py:2915} INFO - Sync 1 DAGs
[2023-09-27T11:15:44.098+0000] {logging_mixin.py:151} INFO - [2023-09-27T11:15:44.098+0000] {dag.py:3696} INFO - Setting next_dagrun for example_dynamic_task_mapping_with_no_taskflow_operators to 2023-09-26T11:15:44.098586+00:00, run_after=2023-09-27T11:15:44.098586+00:00
[2023-09-27T11:15:44.118+0000] {processor.py:179} INFO - Processing /usr/local/lib/python3.10/dist-packages/airflow/example_dags/example_dynamic_task_mapping_with_no_taskflow_operators.py took 0.065 seconds
[2023-09-27T11:16:33.219+0000] {processor.py:157} INFO - Started process (PID=5332) to work on /usr/local/lib/python3.10/dist-packages/airflow/example_dags/example_dynamic_task_mapping_with_no_taskflow_operators.py
[2023-09-27T11:16:33.220+0000] {processor.py:829} INFO - Processing file /usr/local/lib/python3.10/dist-packages/airflow/example_dags/example_dynamic_task_mapping_with_no_taskflow_operators.py for tasks to queue
[2023-09-27T11:16:33.220+0000] {logging_mixin.py:151} INFO - [2023-09-27T11:16:33.220+0000] {dagbag.py:539} INFO - Filling up the DagBag from /usr/local/lib/python3.10/dist-packages/airflow/example_dags/example_dynamic_task_mapping_with_no_taskflow_operators.py
[2023-09-27T11:16:33.229+0000] {processor.py:839} INFO - DAG(s) dict_keys(['example_dynamic_task_mapping_with_no_taskflow_operators']) retrieved from /usr/local/lib/python3.10/dist-packages/airflow/example_dags/example_dynamic_task_mapping_with_no_taskflow_operators.py
[2023-09-27T11:16:33.245+0000] {logging_mixin.py:151} INFO - [2023-09-27T11:16:33.244+0000] {dag.py:2915} INFO - Sync 1 DAGs
[2023-09-27T11:16:33.269+0000] {logging_mixin.py:151} INFO - [2023-09-27T11:16:33.268+0000] {dag.py:3696} INFO - Setting next_dagrun for example_dynamic_task_mapping_with_no_taskflow_operators to 2023-09-26T11:16:33.268743+00:00, run_after=2023-09-27T11:16:33.268743+00:00
[2023-09-27T11:16:33.299+0000] {processor.py:179} INFO - Processing /usr/local/lib/python3.10/dist-packages/airflow/example_dags/example_dynamic_task_mapping_with_no_taskflow_operators.py took 0.084 seconds
[2023-09-27T11:17:24.304+0000] {processor.py:157} INFO - Started process (PID=5390) to work on /usr/local/lib/python3.10/dist-packages/airflow/example_dags/example_dynamic_task_mapping_with_no_taskflow_operators.py
[2023-09-27T11:17:24.305+0000] {processor.py:829} INFO - Processing file /usr/local/lib/python3.10/dist-packages/airflow/example_dags/example_dynamic_task_mapping_with_no_taskflow_operators.py for tasks to queue
[2023-09-27T11:17:24.306+0000] {logging_mixin.py:151} INFO - [2023-09-27T11:17:24.306+0000] {dagbag.py:539} INFO - Filling up the DagBag from /usr/local/lib/python3.10/dist-packages/airflow/example_dags/example_dynamic_task_mapping_with_no_taskflow_operators.py
[2023-09-27T11:17:24.314+0000] {processor.py:839} INFO - DAG(s) dict_keys(['example_dynamic_task_mapping_with_no_taskflow_operators']) retrieved from /usr/local/lib/python3.10/dist-packages/airflow/example_dags/example_dynamic_task_mapping_with_no_taskflow_operators.py
[2023-09-27T11:17:24.329+0000] {logging_mixin.py:151} INFO - [2023-09-27T11:17:24.328+0000] {dag.py:2915} INFO - Sync 1 DAGs
[2023-09-27T11:17:24.347+0000] {logging_mixin.py:151} INFO - [2023-09-27T11:17:24.347+0000] {dag.py:3696} INFO - Setting next_dagrun for example_dynamic_task_mapping_with_no_taskflow_operators to 2023-09-26T11:17:24.346816+00:00, run_after=2023-09-27T11:17:24.346816+00:00
[2023-09-27T11:17:24.367+0000] {processor.py:179} INFO - Processing /usr/local/lib/python3.10/dist-packages/airflow/example_dags/example_dynamic_task_mapping_with_no_taskflow_operators.py took 0.065 seconds
[2023-09-27T11:18:16.228+0000] {processor.py:157} INFO - Started process (PID=5445) to work on /usr/local/lib/python3.10/dist-packages/airflow/example_dags/example_dynamic_task_mapping_with_no_taskflow_operators.py
[2023-09-27T11:18:16.229+0000] {processor.py:829} INFO - Processing file /usr/local/lib/python3.10/dist-packages/airflow/example_dags/example_dynamic_task_mapping_with_no_taskflow_operators.py for tasks to queue
[2023-09-27T11:18:16.230+0000] {logging_mixin.py:151} INFO - [2023-09-27T11:18:16.230+0000] {dagbag.py:539} INFO - Filling up the DagBag from /usr/local/lib/python3.10/dist-packages/airflow/example_dags/example_dynamic_task_mapping_with_no_taskflow_operators.py
[2023-09-27T11:18:16.237+0000] {processor.py:839} INFO - DAG(s) dict_keys(['example_dynamic_task_mapping_with_no_taskflow_operators']) retrieved from /usr/local/lib/python3.10/dist-packages/airflow/example_dags/example_dynamic_task_mapping_with_no_taskflow_operators.py
[2023-09-27T11:18:16.252+0000] {logging_mixin.py:151} INFO - [2023-09-27T11:18:16.251+0000] {dag.py:2915} INFO - Sync 1 DAGs
[2023-09-27T11:18:16.270+0000] {logging_mixin.py:151} INFO - [2023-09-27T11:18:16.270+0000] {dag.py:3696} INFO - Setting next_dagrun for example_dynamic_task_mapping_with_no_taskflow_operators to 2023-09-26T11:18:16.270402+00:00, run_after=2023-09-27T11:18:16.270402+00:00
[2023-09-27T11:18:16.291+0000] {processor.py:179} INFO - Processing /usr/local/lib/python3.10/dist-packages/airflow/example_dags/example_dynamic_task_mapping_with_no_taskflow_operators.py took 0.066 seconds
[2023-09-27T11:19:02.232+0000] {processor.py:157} INFO - Started process (PID=5495) to work on /usr/local/lib/python3.10/dist-packages/airflow/example_dags/example_dynamic_task_mapping_with_no_taskflow_operators.py
[2023-09-27T11:19:02.233+0000] {processor.py:829} INFO - Processing file /usr/local/lib/python3.10/dist-packages/airflow/example_dags/example_dynamic_task_mapping_with_no_taskflow_operators.py for tasks to queue
[2023-09-27T11:19:02.234+0000] {logging_mixin.py:151} INFO - [2023-09-27T11:19:02.234+0000] {dagbag.py:539} INFO - Filling up the DagBag from /usr/local/lib/python3.10/dist-packages/airflow/example_dags/example_dynamic_task_mapping_with_no_taskflow_operators.py
[2023-09-27T11:19:02.247+0000] {processor.py:839} INFO - DAG(s) dict_keys(['example_dynamic_task_mapping_with_no_taskflow_operators']) retrieved from /usr/local/lib/python3.10/dist-packages/airflow/example_dags/example_dynamic_task_mapping_with_no_taskflow_operators.py
[2023-09-27T11:19:02.265+0000] {logging_mixin.py:151} INFO - [2023-09-27T11:19:02.265+0000] {dag.py:2915} INFO - Sync 1 DAGs
[2023-09-27T11:19:02.291+0000] {logging_mixin.py:151} INFO - [2023-09-27T11:19:02.291+0000] {dag.py:3696} INFO - Setting next_dagrun for example_dynamic_task_mapping_with_no_taskflow_operators to 2023-09-26T11:19:02.291079+00:00, run_after=2023-09-27T11:19:02.291079+00:00
[2023-09-27T11:19:02.315+0000] {processor.py:179} INFO - Processing /usr/local/lib/python3.10/dist-packages/airflow/example_dags/example_dynamic_task_mapping_with_no_taskflow_operators.py took 0.089 seconds
[2023-09-27T11:19:52.596+0000] {processor.py:157} INFO - Started process (PID=5547) to work on /usr/local/lib/python3.10/dist-packages/airflow/example_dags/example_dynamic_task_mapping_with_no_taskflow_operators.py
[2023-09-27T11:19:52.598+0000] {processor.py:829} INFO - Processing file /usr/local/lib/python3.10/dist-packages/airflow/example_dags/example_dynamic_task_mapping_with_no_taskflow_operators.py for tasks to queue
[2023-09-27T11:19:52.599+0000] {logging_mixin.py:151} INFO - [2023-09-27T11:19:52.598+0000] {dagbag.py:539} INFO - Filling up the DagBag from /usr/local/lib/python3.10/dist-packages/airflow/example_dags/example_dynamic_task_mapping_with_no_taskflow_operators.py
[2023-09-27T11:19:52.609+0000] {processor.py:839} INFO - DAG(s) dict_keys(['example_dynamic_task_mapping_with_no_taskflow_operators']) retrieved from /usr/local/lib/python3.10/dist-packages/airflow/example_dags/example_dynamic_task_mapping_with_no_taskflow_operators.py
[2023-09-27T11:19:52.628+0000] {logging_mixin.py:151} INFO - [2023-09-27T11:19:52.627+0000] {dag.py:2915} INFO - Sync 1 DAGs
[2023-09-27T11:19:52.654+0000] {logging_mixin.py:151} INFO - [2023-09-27T11:19:52.654+0000] {dag.py:3696} INFO - Setting next_dagrun for example_dynamic_task_mapping_with_no_taskflow_operators to 2023-09-26T11:19:52.653756+00:00, run_after=2023-09-27T11:19:52.653756+00:00
[2023-09-27T11:19:52.678+0000] {processor.py:179} INFO - Processing /usr/local/lib/python3.10/dist-packages/airflow/example_dags/example_dynamic_task_mapping_with_no_taskflow_operators.py took 0.085 seconds
[2023-09-27T11:20:47.349+0000] {processor.py:157} INFO - Started process (PID=5606) to work on /usr/local/lib/python3.10/dist-packages/airflow/example_dags/example_dynamic_task_mapping_with_no_taskflow_operators.py
[2023-09-27T11:20:47.350+0000] {processor.py:829} INFO - Processing file /usr/local/lib/python3.10/dist-packages/airflow/example_dags/example_dynamic_task_mapping_with_no_taskflow_operators.py for tasks to queue
[2023-09-27T11:20:47.351+0000] {logging_mixin.py:151} INFO - [2023-09-27T11:20:47.351+0000] {dagbag.py:539} INFO - Filling up the DagBag from /usr/local/lib/python3.10/dist-packages/airflow/example_dags/example_dynamic_task_mapping_with_no_taskflow_operators.py
[2023-09-27T11:20:47.358+0000] {processor.py:839} INFO - DAG(s) dict_keys(['example_dynamic_task_mapping_with_no_taskflow_operators']) retrieved from /usr/local/lib/python3.10/dist-packages/airflow/example_dags/example_dynamic_task_mapping_with_no_taskflow_operators.py
[2023-09-27T11:20:47.372+0000] {logging_mixin.py:151} INFO - [2023-09-27T11:20:47.372+0000] {dag.py:2915} INFO - Sync 1 DAGs
[2023-09-27T11:20:47.391+0000] {logging_mixin.py:151} INFO - [2023-09-27T11:20:47.391+0000] {dag.py:3696} INFO - Setting next_dagrun for example_dynamic_task_mapping_with_no_taskflow_operators to 2023-09-26T11:20:47.391506+00:00, run_after=2023-09-27T11:20:47.391506+00:00
[2023-09-27T11:20:47.411+0000] {processor.py:179} INFO - Processing /usr/local/lib/python3.10/dist-packages/airflow/example_dags/example_dynamic_task_mapping_with_no_taskflow_operators.py took 0.066 seconds
[2023-09-27T11:21:38.834+0000] {processor.py:157} INFO - Started process (PID=5661) to work on /usr/local/lib/python3.10/dist-packages/airflow/example_dags/example_dynamic_task_mapping_with_no_taskflow_operators.py
[2023-09-27T11:21:38.835+0000] {processor.py:829} INFO - Processing file /usr/local/lib/python3.10/dist-packages/airflow/example_dags/example_dynamic_task_mapping_with_no_taskflow_operators.py for tasks to queue
[2023-09-27T11:21:38.837+0000] {logging_mixin.py:151} INFO - [2023-09-27T11:21:38.836+0000] {dagbag.py:539} INFO - Filling up the DagBag from /usr/local/lib/python3.10/dist-packages/airflow/example_dags/example_dynamic_task_mapping_with_no_taskflow_operators.py
[2023-09-27T11:21:38.846+0000] {processor.py:839} INFO - DAG(s) dict_keys(['example_dynamic_task_mapping_with_no_taskflow_operators']) retrieved from /usr/local/lib/python3.10/dist-packages/airflow/example_dags/example_dynamic_task_mapping_with_no_taskflow_operators.py
[2023-09-27T11:21:38.880+0000] {logging_mixin.py:151} INFO - [2023-09-27T11:21:38.880+0000] {dag.py:2915} INFO - Sync 1 DAGs
[2023-09-27T11:21:38.898+0000] {logging_mixin.py:151} INFO - [2023-09-27T11:21:38.898+0000] {dag.py:3696} INFO - Setting next_dagrun for example_dynamic_task_mapping_with_no_taskflow_operators to 2023-09-26T11:21:38.897820+00:00, run_after=2023-09-27T11:21:38.897820+00:00
[2023-09-27T11:21:38.918+0000] {processor.py:179} INFO - Processing /usr/local/lib/python3.10/dist-packages/airflow/example_dags/example_dynamic_task_mapping_with_no_taskflow_operators.py took 0.087 seconds
[2023-09-27T11:22:26.351+0000] {processor.py:157} INFO - Started process (PID=5713) to work on /usr/local/lib/python3.10/dist-packages/airflow/example_dags/example_dynamic_task_mapping_with_no_taskflow_operators.py
[2023-09-27T11:22:26.353+0000] {processor.py:829} INFO - Processing file /usr/local/lib/python3.10/dist-packages/airflow/example_dags/example_dynamic_task_mapping_with_no_taskflow_operators.py for tasks to queue
[2023-09-27T11:22:26.353+0000] {logging_mixin.py:151} INFO - [2023-09-27T11:22:26.353+0000] {dagbag.py:539} INFO - Filling up the DagBag from /usr/local/lib/python3.10/dist-packages/airflow/example_dags/example_dynamic_task_mapping_with_no_taskflow_operators.py
[2023-09-27T11:22:26.361+0000] {processor.py:839} INFO - DAG(s) dict_keys(['example_dynamic_task_mapping_with_no_taskflow_operators']) retrieved from /usr/local/lib/python3.10/dist-packages/airflow/example_dags/example_dynamic_task_mapping_with_no_taskflow_operators.py
[2023-09-27T11:22:26.375+0000] {logging_mixin.py:151} INFO - [2023-09-27T11:22:26.375+0000] {dag.py:2915} INFO - Sync 1 DAGs
[2023-09-27T11:22:26.394+0000] {logging_mixin.py:151} INFO - [2023-09-27T11:22:26.394+0000] {dag.py:3696} INFO - Setting next_dagrun for example_dynamic_task_mapping_with_no_taskflow_operators to 2023-09-26T11:22:26.393813+00:00, run_after=2023-09-27T11:22:26.393813+00:00
[2023-09-27T11:22:26.417+0000] {processor.py:179} INFO - Processing /usr/local/lib/python3.10/dist-packages/airflow/example_dags/example_dynamic_task_mapping_with_no_taskflow_operators.py took 0.069 seconds
[2023-09-27T11:23:18.344+0000] {processor.py:157} INFO - Started process (PID=5767) to work on /usr/local/lib/python3.10/dist-packages/airflow/example_dags/example_dynamic_task_mapping_with_no_taskflow_operators.py
[2023-09-27T11:23:18.345+0000] {processor.py:829} INFO - Processing file /usr/local/lib/python3.10/dist-packages/airflow/example_dags/example_dynamic_task_mapping_with_no_taskflow_operators.py for tasks to queue
[2023-09-27T11:23:18.346+0000] {logging_mixin.py:151} INFO - [2023-09-27T11:23:18.345+0000] {dagbag.py:539} INFO - Filling up the DagBag from /usr/local/lib/python3.10/dist-packages/airflow/example_dags/example_dynamic_task_mapping_with_no_taskflow_operators.py
[2023-09-27T11:23:18.353+0000] {processor.py:839} INFO - DAG(s) dict_keys(['example_dynamic_task_mapping_with_no_taskflow_operators']) retrieved from /usr/local/lib/python3.10/dist-packages/airflow/example_dags/example_dynamic_task_mapping_with_no_taskflow_operators.py
[2023-09-27T11:23:18.368+0000] {logging_mixin.py:151} INFO - [2023-09-27T11:23:18.367+0000] {dag.py:2915} INFO - Sync 1 DAGs
[2023-09-27T11:23:18.386+0000] {logging_mixin.py:151} INFO - [2023-09-27T11:23:18.386+0000] {dag.py:3696} INFO - Setting next_dagrun for example_dynamic_task_mapping_with_no_taskflow_operators to 2023-09-26T11:23:18.385840+00:00, run_after=2023-09-27T11:23:18.385840+00:00
[2023-09-27T11:23:18.405+0000] {processor.py:179} INFO - Processing /usr/local/lib/python3.10/dist-packages/airflow/example_dags/example_dynamic_task_mapping_with_no_taskflow_operators.py took 0.064 seconds
[2023-09-27T11:24:09.896+0000] {processor.py:157} INFO - Started process (PID=5820) to work on /usr/local/lib/python3.10/dist-packages/airflow/example_dags/example_dynamic_task_mapping_with_no_taskflow_operators.py
[2023-09-27T11:24:09.897+0000] {processor.py:829} INFO - Processing file /usr/local/lib/python3.10/dist-packages/airflow/example_dags/example_dynamic_task_mapping_with_no_taskflow_operators.py for tasks to queue
[2023-09-27T11:24:09.898+0000] {logging_mixin.py:151} INFO - [2023-09-27T11:24:09.898+0000] {dagbag.py:539} INFO - Filling up the DagBag from /usr/local/lib/python3.10/dist-packages/airflow/example_dags/example_dynamic_task_mapping_with_no_taskflow_operators.py
[2023-09-27T11:24:09.906+0000] {processor.py:839} INFO - DAG(s) dict_keys(['example_dynamic_task_mapping_with_no_taskflow_operators']) retrieved from /usr/local/lib/python3.10/dist-packages/airflow/example_dags/example_dynamic_task_mapping_with_no_taskflow_operators.py
[2023-09-27T11:24:09.920+0000] {logging_mixin.py:151} INFO - [2023-09-27T11:24:09.920+0000] {dag.py:2915} INFO - Sync 1 DAGs
[2023-09-27T11:24:09.939+0000] {logging_mixin.py:151} INFO - [2023-09-27T11:24:09.939+0000] {dag.py:3696} INFO - Setting next_dagrun for example_dynamic_task_mapping_with_no_taskflow_operators to 2023-09-26T11:24:09.939100+00:00, run_after=2023-09-27T11:24:09.939100+00:00
[2023-09-27T11:24:09.961+0000] {processor.py:179} INFO - Processing /usr/local/lib/python3.10/dist-packages/airflow/example_dags/example_dynamic_task_mapping_with_no_taskflow_operators.py took 0.068 seconds
[2023-09-27T11:25:01.443+0000] {processor.py:157} INFO - Started process (PID=5873) to work on /usr/local/lib/python3.10/dist-packages/airflow/example_dags/example_dynamic_task_mapping_with_no_taskflow_operators.py
[2023-09-27T11:25:01.445+0000] {processor.py:829} INFO - Processing file /usr/local/lib/python3.10/dist-packages/airflow/example_dags/example_dynamic_task_mapping_with_no_taskflow_operators.py for tasks to queue
[2023-09-27T11:25:01.446+0000] {logging_mixin.py:151} INFO - [2023-09-27T11:25:01.446+0000] {dagbag.py:539} INFO - Filling up the DagBag from /usr/local/lib/python3.10/dist-packages/airflow/example_dags/example_dynamic_task_mapping_with_no_taskflow_operators.py
[2023-09-27T11:25:01.455+0000] {processor.py:839} INFO - DAG(s) dict_keys(['example_dynamic_task_mapping_with_no_taskflow_operators']) retrieved from /usr/local/lib/python3.10/dist-packages/airflow/example_dags/example_dynamic_task_mapping_with_no_taskflow_operators.py
[2023-09-27T11:25:01.478+0000] {logging_mixin.py:151} INFO - [2023-09-27T11:25:01.478+0000] {dag.py:2915} INFO - Sync 1 DAGs
[2023-09-27T11:25:01.500+0000] {logging_mixin.py:151} INFO - [2023-09-27T11:25:01.500+0000] {dag.py:3696} INFO - Setting next_dagrun for example_dynamic_task_mapping_with_no_taskflow_operators to 2023-09-26T11:25:01.499655+00:00, run_after=2023-09-27T11:25:01.499655+00:00
[2023-09-27T11:25:01.527+0000] {processor.py:179} INFO - Processing /usr/local/lib/python3.10/dist-packages/airflow/example_dags/example_dynamic_task_mapping_with_no_taskflow_operators.py took 0.089 seconds
[2023-09-27T11:25:54.705+0000] {processor.py:157} INFO - Started process (PID=5927) to work on /usr/local/lib/python3.10/dist-packages/airflow/example_dags/example_dynamic_task_mapping_with_no_taskflow_operators.py
[2023-09-27T11:25:54.707+0000] {processor.py:829} INFO - Processing file /usr/local/lib/python3.10/dist-packages/airflow/example_dags/example_dynamic_task_mapping_with_no_taskflow_operators.py for tasks to queue
[2023-09-27T11:25:54.707+0000] {logging_mixin.py:151} INFO - [2023-09-27T11:25:54.707+0000] {dagbag.py:539} INFO - Filling up the DagBag from /usr/local/lib/python3.10/dist-packages/airflow/example_dags/example_dynamic_task_mapping_with_no_taskflow_operators.py
[2023-09-27T11:25:54.715+0000] {processor.py:839} INFO - DAG(s) dict_keys(['example_dynamic_task_mapping_with_no_taskflow_operators']) retrieved from /usr/local/lib/python3.10/dist-packages/airflow/example_dags/example_dynamic_task_mapping_with_no_taskflow_operators.py
[2023-09-27T11:25:54.729+0000] {logging_mixin.py:151} INFO - [2023-09-27T11:25:54.729+0000] {dag.py:2915} INFO - Sync 1 DAGs
[2023-09-27T11:25:54.749+0000] {logging_mixin.py:151} INFO - [2023-09-27T11:25:54.749+0000] {dag.py:3696} INFO - Setting next_dagrun for example_dynamic_task_mapping_with_no_taskflow_operators to 2023-09-26T11:25:54.749255+00:00, run_after=2023-09-27T11:25:54.749255+00:00
[2023-09-27T11:25:54.770+0000] {processor.py:179} INFO - Processing /usr/local/lib/python3.10/dist-packages/airflow/example_dags/example_dynamic_task_mapping_with_no_taskflow_operators.py took 0.068 seconds
[2023-09-27T11:26:47.723+0000] {processor.py:157} INFO - Started process (PID=5985) to work on /usr/local/lib/python3.10/dist-packages/airflow/example_dags/example_dynamic_task_mapping_with_no_taskflow_operators.py
[2023-09-27T11:26:47.724+0000] {processor.py:829} INFO - Processing file /usr/local/lib/python3.10/dist-packages/airflow/example_dags/example_dynamic_task_mapping_with_no_taskflow_operators.py for tasks to queue
[2023-09-27T11:26:47.726+0000] {logging_mixin.py:151} INFO - [2023-09-27T11:26:47.725+0000] {dagbag.py:539} INFO - Filling up the DagBag from /usr/local/lib/python3.10/dist-packages/airflow/example_dags/example_dynamic_task_mapping_with_no_taskflow_operators.py
[2023-09-27T11:26:47.736+0000] {processor.py:839} INFO - DAG(s) dict_keys(['example_dynamic_task_mapping_with_no_taskflow_operators']) retrieved from /usr/local/lib/python3.10/dist-packages/airflow/example_dags/example_dynamic_task_mapping_with_no_taskflow_operators.py
[2023-09-27T11:26:47.759+0000] {logging_mixin.py:151} INFO - [2023-09-27T11:26:47.759+0000] {dag.py:2915} INFO - Sync 1 DAGs
[2023-09-27T11:26:47.782+0000] {logging_mixin.py:151} INFO - [2023-09-27T11:26:47.782+0000] {dag.py:3696} INFO - Setting next_dagrun for example_dynamic_task_mapping_with_no_taskflow_operators to 2023-09-26T11:26:47.781856+00:00, run_after=2023-09-27T11:26:47.781856+00:00
[2023-09-27T11:26:47.814+0000] {processor.py:179} INFO - Processing /usr/local/lib/python3.10/dist-packages/airflow/example_dags/example_dynamic_task_mapping_with_no_taskflow_operators.py took 0.095 seconds
[2023-09-27T11:27:34.605+0000] {processor.py:157} INFO - Started process (PID=6038) to work on /usr/local/lib/python3.10/dist-packages/airflow/example_dags/example_dynamic_task_mapping_with_no_taskflow_operators.py
[2023-09-27T11:27:34.606+0000] {processor.py:829} INFO - Processing file /usr/local/lib/python3.10/dist-packages/airflow/example_dags/example_dynamic_task_mapping_with_no_taskflow_operators.py for tasks to queue
[2023-09-27T11:27:34.607+0000] {logging_mixin.py:151} INFO - [2023-09-27T11:27:34.606+0000] {dagbag.py:539} INFO - Filling up the DagBag from /usr/local/lib/python3.10/dist-packages/airflow/example_dags/example_dynamic_task_mapping_with_no_taskflow_operators.py
[2023-09-27T11:27:34.619+0000] {processor.py:839} INFO - DAG(s) dict_keys(['example_dynamic_task_mapping_with_no_taskflow_operators']) retrieved from /usr/local/lib/python3.10/dist-packages/airflow/example_dags/example_dynamic_task_mapping_with_no_taskflow_operators.py
[2023-09-27T11:27:34.650+0000] {logging_mixin.py:151} INFO - [2023-09-27T11:27:34.649+0000] {dag.py:2915} INFO - Sync 1 DAGs
[2023-09-27T11:27:34.673+0000] {logging_mixin.py:151} INFO - [2023-09-27T11:27:34.673+0000] {dag.py:3696} INFO - Setting next_dagrun for example_dynamic_task_mapping_with_no_taskflow_operators to 2023-09-26T11:27:34.673301+00:00, run_after=2023-09-27T11:27:34.673301+00:00
[2023-09-27T11:27:34.695+0000] {processor.py:179} INFO - Processing /usr/local/lib/python3.10/dist-packages/airflow/example_dags/example_dynamic_task_mapping_with_no_taskflow_operators.py took 0.094 seconds
[2023-09-27T11:28:23.308+0000] {processor.py:157} INFO - Started process (PID=6091) to work on /usr/local/lib/python3.10/dist-packages/airflow/example_dags/example_dynamic_task_mapping_with_no_taskflow_operators.py
[2023-09-27T11:28:23.309+0000] {processor.py:829} INFO - Processing file /usr/local/lib/python3.10/dist-packages/airflow/example_dags/example_dynamic_task_mapping_with_no_taskflow_operators.py for tasks to queue
[2023-09-27T11:28:23.310+0000] {logging_mixin.py:151} INFO - [2023-09-27T11:28:23.309+0000] {dagbag.py:539} INFO - Filling up the DagBag from /usr/local/lib/python3.10/dist-packages/airflow/example_dags/example_dynamic_task_mapping_with_no_taskflow_operators.py
[2023-09-27T11:28:23.325+0000] {processor.py:839} INFO - DAG(s) dict_keys(['example_dynamic_task_mapping_with_no_taskflow_operators']) retrieved from /usr/local/lib/python3.10/dist-packages/airflow/example_dags/example_dynamic_task_mapping_with_no_taskflow_operators.py
[2023-09-27T11:28:23.353+0000] {logging_mixin.py:151} INFO - [2023-09-27T11:28:23.352+0000] {dag.py:2915} INFO - Sync 1 DAGs
[2023-09-27T11:28:23.377+0000] {logging_mixin.py:151} INFO - [2023-09-27T11:28:23.377+0000] {dag.py:3696} INFO - Setting next_dagrun for example_dynamic_task_mapping_with_no_taskflow_operators to 2023-09-26T11:28:23.377463+00:00, run_after=2023-09-27T11:28:23.377463+00:00
[2023-09-27T11:28:23.400+0000] {processor.py:179} INFO - Processing /usr/local/lib/python3.10/dist-packages/airflow/example_dags/example_dynamic_task_mapping_with_no_taskflow_operators.py took 0.095 seconds
[2023-09-27T11:29:13.206+0000] {processor.py:157} INFO - Started process (PID=6145) to work on /usr/local/lib/python3.10/dist-packages/airflow/example_dags/example_dynamic_task_mapping_with_no_taskflow_operators.py
[2023-09-27T11:29:13.208+0000] {processor.py:829} INFO - Processing file /usr/local/lib/python3.10/dist-packages/airflow/example_dags/example_dynamic_task_mapping_with_no_taskflow_operators.py for tasks to queue
[2023-09-27T11:29:13.208+0000] {logging_mixin.py:151} INFO - [2023-09-27T11:29:13.208+0000] {dagbag.py:539} INFO - Filling up the DagBag from /usr/local/lib/python3.10/dist-packages/airflow/example_dags/example_dynamic_task_mapping_with_no_taskflow_operators.py
[2023-09-27T11:29:13.226+0000] {processor.py:839} INFO - DAG(s) dict_keys(['example_dynamic_task_mapping_with_no_taskflow_operators']) retrieved from /usr/local/lib/python3.10/dist-packages/airflow/example_dags/example_dynamic_task_mapping_with_no_taskflow_operators.py
[2023-09-27T11:29:13.254+0000] {logging_mixin.py:151} INFO - [2023-09-27T11:29:13.254+0000] {dag.py:2915} INFO - Sync 1 DAGs
[2023-09-27T11:29:13.282+0000] {logging_mixin.py:151} INFO - [2023-09-27T11:29:13.282+0000] {dag.py:3696} INFO - Setting next_dagrun for example_dynamic_task_mapping_with_no_taskflow_operators to 2023-09-26T11:29:13.281767+00:00, run_after=2023-09-27T11:29:13.281767+00:00
[2023-09-27T11:29:13.318+0000] {processor.py:179} INFO - Processing /usr/local/lib/python3.10/dist-packages/airflow/example_dags/example_dynamic_task_mapping_with_no_taskflow_operators.py took 0.120 seconds
[2023-09-27T11:30:05.215+0000] {processor.py:157} INFO - Started process (PID=6200) to work on /usr/local/lib/python3.10/dist-packages/airflow/example_dags/example_dynamic_task_mapping_with_no_taskflow_operators.py
[2023-09-27T11:30:05.216+0000] {processor.py:829} INFO - Processing file /usr/local/lib/python3.10/dist-packages/airflow/example_dags/example_dynamic_task_mapping_with_no_taskflow_operators.py for tasks to queue
[2023-09-27T11:30:05.217+0000] {logging_mixin.py:151} INFO - [2023-09-27T11:30:05.217+0000] {dagbag.py:539} INFO - Filling up the DagBag from /usr/local/lib/python3.10/dist-packages/airflow/example_dags/example_dynamic_task_mapping_with_no_taskflow_operators.py
[2023-09-27T11:30:05.225+0000] {processor.py:839} INFO - DAG(s) dict_keys(['example_dynamic_task_mapping_with_no_taskflow_operators']) retrieved from /usr/local/lib/python3.10/dist-packages/airflow/example_dags/example_dynamic_task_mapping_with_no_taskflow_operators.py
[2023-09-27T11:30:05.240+0000] {logging_mixin.py:151} INFO - [2023-09-27T11:30:05.240+0000] {dag.py:2915} INFO - Sync 1 DAGs
[2023-09-27T11:30:05.262+0000] {logging_mixin.py:151} INFO - [2023-09-27T11:30:05.262+0000] {dag.py:3696} INFO - Setting next_dagrun for example_dynamic_task_mapping_with_no_taskflow_operators to 2023-09-26T11:30:05.261779+00:00, run_after=2023-09-27T11:30:05.261779+00:00
[2023-09-27T11:30:05.287+0000] {processor.py:179} INFO - Processing /usr/local/lib/python3.10/dist-packages/airflow/example_dags/example_dynamic_task_mapping_with_no_taskflow_operators.py took 0.075 seconds
[2023-09-27T11:30:53.181+0000] {processor.py:157} INFO - Started process (PID=6251) to work on /usr/local/lib/python3.10/dist-packages/airflow/example_dags/example_dynamic_task_mapping_with_no_taskflow_operators.py
[2023-09-27T11:30:53.182+0000] {processor.py:829} INFO - Processing file /usr/local/lib/python3.10/dist-packages/airflow/example_dags/example_dynamic_task_mapping_with_no_taskflow_operators.py for tasks to queue
[2023-09-27T11:30:53.182+0000] {logging_mixin.py:151} INFO - [2023-09-27T11:30:53.182+0000] {dagbag.py:539} INFO - Filling up the DagBag from /usr/local/lib/python3.10/dist-packages/airflow/example_dags/example_dynamic_task_mapping_with_no_taskflow_operators.py
[2023-09-27T11:30:53.191+0000] {processor.py:839} INFO - DAG(s) dict_keys(['example_dynamic_task_mapping_with_no_taskflow_operators']) retrieved from /usr/local/lib/python3.10/dist-packages/airflow/example_dags/example_dynamic_task_mapping_with_no_taskflow_operators.py
[2023-09-27T11:30:53.210+0000] {logging_mixin.py:151} INFO - [2023-09-27T11:30:53.210+0000] {dag.py:2915} INFO - Sync 1 DAGs
[2023-09-27T11:30:53.232+0000] {logging_mixin.py:151} INFO - [2023-09-27T11:30:53.232+0000] {dag.py:3696} INFO - Setting next_dagrun for example_dynamic_task_mapping_with_no_taskflow_operators to 2023-09-26T11:30:53.231755+00:00, run_after=2023-09-27T11:30:53.231755+00:00
[2023-09-27T11:30:53.251+0000] {processor.py:179} INFO - Processing /usr/local/lib/python3.10/dist-packages/airflow/example_dags/example_dynamic_task_mapping_with_no_taskflow_operators.py took 0.074 seconds
[2023-09-27T11:31:40.248+0000] {processor.py:157} INFO - Started process (PID=6306) to work on /usr/local/lib/python3.10/dist-packages/airflow/example_dags/example_dynamic_task_mapping_with_no_taskflow_operators.py
[2023-09-27T11:31:40.249+0000] {processor.py:829} INFO - Processing file /usr/local/lib/python3.10/dist-packages/airflow/example_dags/example_dynamic_task_mapping_with_no_taskflow_operators.py for tasks to queue
[2023-09-27T11:31:40.250+0000] {logging_mixin.py:151} INFO - [2023-09-27T11:31:40.250+0000] {dagbag.py:539} INFO - Filling up the DagBag from /usr/local/lib/python3.10/dist-packages/airflow/example_dags/example_dynamic_task_mapping_with_no_taskflow_operators.py
[2023-09-27T11:31:40.257+0000] {processor.py:839} INFO - DAG(s) dict_keys(['example_dynamic_task_mapping_with_no_taskflow_operators']) retrieved from /usr/local/lib/python3.10/dist-packages/airflow/example_dags/example_dynamic_task_mapping_with_no_taskflow_operators.py
[2023-09-27T11:31:40.273+0000] {logging_mixin.py:151} INFO - [2023-09-27T11:31:40.272+0000] {dag.py:2915} INFO - Sync 1 DAGs
[2023-09-27T11:31:40.292+0000] {logging_mixin.py:151} INFO - [2023-09-27T11:31:40.292+0000] {dag.py:3696} INFO - Setting next_dagrun for example_dynamic_task_mapping_with_no_taskflow_operators to 2023-09-26T11:31:40.292198+00:00, run_after=2023-09-27T11:31:40.292198+00:00
[2023-09-27T11:31:40.314+0000] {processor.py:179} INFO - Processing /usr/local/lib/python3.10/dist-packages/airflow/example_dags/example_dynamic_task_mapping_with_no_taskflow_operators.py took 0.068 seconds
[2023-09-27T11:32:27.247+0000] {processor.py:157} INFO - Started process (PID=6355) to work on /usr/local/lib/python3.10/dist-packages/airflow/example_dags/example_dynamic_task_mapping_with_no_taskflow_operators.py
[2023-09-27T11:32:27.249+0000] {processor.py:829} INFO - Processing file /usr/local/lib/python3.10/dist-packages/airflow/example_dags/example_dynamic_task_mapping_with_no_taskflow_operators.py for tasks to queue
[2023-09-27T11:32:27.250+0000] {logging_mixin.py:151} INFO - [2023-09-27T11:32:27.249+0000] {dagbag.py:539} INFO - Filling up the DagBag from /usr/local/lib/python3.10/dist-packages/airflow/example_dags/example_dynamic_task_mapping_with_no_taskflow_operators.py
[2023-09-27T11:32:27.257+0000] {processor.py:839} INFO - DAG(s) dict_keys(['example_dynamic_task_mapping_with_no_taskflow_operators']) retrieved from /usr/local/lib/python3.10/dist-packages/airflow/example_dags/example_dynamic_task_mapping_with_no_taskflow_operators.py
[2023-09-27T11:32:27.272+0000] {logging_mixin.py:151} INFO - [2023-09-27T11:32:27.271+0000] {dag.py:2915} INFO - Sync 1 DAGs
[2023-09-27T11:32:27.290+0000] {logging_mixin.py:151} INFO - [2023-09-27T11:32:27.289+0000] {dag.py:3696} INFO - Setting next_dagrun for example_dynamic_task_mapping_with_no_taskflow_operators to 2023-09-26T11:32:27.289726+00:00, run_after=2023-09-27T11:32:27.289726+00:00
[2023-09-27T11:32:27.310+0000] {processor.py:179} INFO - Processing /usr/local/lib/python3.10/dist-packages/airflow/example_dags/example_dynamic_task_mapping_with_no_taskflow_operators.py took 0.066 seconds
[2023-09-27T11:33:12.866+0000] {processor.py:157} INFO - Started process (PID=6405) to work on /usr/local/lib/python3.10/dist-packages/airflow/example_dags/example_dynamic_task_mapping_with_no_taskflow_operators.py
[2023-09-27T11:33:12.868+0000] {processor.py:829} INFO - Processing file /usr/local/lib/python3.10/dist-packages/airflow/example_dags/example_dynamic_task_mapping_with_no_taskflow_operators.py for tasks to queue
[2023-09-27T11:33:12.869+0000] {logging_mixin.py:151} INFO - [2023-09-27T11:33:12.868+0000] {dagbag.py:539} INFO - Filling up the DagBag from /usr/local/lib/python3.10/dist-packages/airflow/example_dags/example_dynamic_task_mapping_with_no_taskflow_operators.py
[2023-09-27T11:33:12.877+0000] {processor.py:839} INFO - DAG(s) dict_keys(['example_dynamic_task_mapping_with_no_taskflow_operators']) retrieved from /usr/local/lib/python3.10/dist-packages/airflow/example_dags/example_dynamic_task_mapping_with_no_taskflow_operators.py
[2023-09-27T11:33:12.897+0000] {logging_mixin.py:151} INFO - [2023-09-27T11:33:12.897+0000] {dag.py:2915} INFO - Sync 1 DAGs
[2023-09-27T11:33:12.918+0000] {logging_mixin.py:151} INFO - [2023-09-27T11:33:12.918+0000] {dag.py:3696} INFO - Setting next_dagrun for example_dynamic_task_mapping_with_no_taskflow_operators to 2023-09-26T11:33:12.918490+00:00, run_after=2023-09-27T11:33:12.918490+00:00
[2023-09-27T11:33:12.948+0000] {processor.py:179} INFO - Processing /usr/local/lib/python3.10/dist-packages/airflow/example_dags/example_dynamic_task_mapping_with_no_taskflow_operators.py took 0.090 seconds
[2023-09-27T11:34:03.173+0000] {processor.py:157} INFO - Started process (PID=6457) to work on /usr/local/lib/python3.10/dist-packages/airflow/example_dags/example_dynamic_task_mapping_with_no_taskflow_operators.py
[2023-09-27T11:34:03.174+0000] {processor.py:829} INFO - Processing file /usr/local/lib/python3.10/dist-packages/airflow/example_dags/example_dynamic_task_mapping_with_no_taskflow_operators.py for tasks to queue
[2023-09-27T11:34:03.175+0000] {logging_mixin.py:151} INFO - [2023-09-27T11:34:03.175+0000] {dagbag.py:539} INFO - Filling up the DagBag from /usr/local/lib/python3.10/dist-packages/airflow/example_dags/example_dynamic_task_mapping_with_no_taskflow_operators.py
[2023-09-27T11:34:03.186+0000] {processor.py:839} INFO - DAG(s) dict_keys(['example_dynamic_task_mapping_with_no_taskflow_operators']) retrieved from /usr/local/lib/python3.10/dist-packages/airflow/example_dags/example_dynamic_task_mapping_with_no_taskflow_operators.py
[2023-09-27T11:34:03.202+0000] {logging_mixin.py:151} INFO - [2023-09-27T11:34:03.202+0000] {dag.py:2915} INFO - Sync 1 DAGs
[2023-09-27T11:34:03.224+0000] {logging_mixin.py:151} INFO - [2023-09-27T11:34:03.223+0000] {dag.py:3696} INFO - Setting next_dagrun for example_dynamic_task_mapping_with_no_taskflow_operators to 2023-09-26T11:34:03.223411+00:00, run_after=2023-09-27T11:34:03.223411+00:00
[2023-09-27T11:34:03.254+0000] {processor.py:179} INFO - Processing /usr/local/lib/python3.10/dist-packages/airflow/example_dags/example_dynamic_task_mapping_with_no_taskflow_operators.py took 0.085 seconds
[2023-09-27T11:34:54.189+0000] {processor.py:157} INFO - Started process (PID=6511) to work on /usr/local/lib/python3.10/dist-packages/airflow/example_dags/example_dynamic_task_mapping_with_no_taskflow_operators.py
[2023-09-27T11:34:54.191+0000] {processor.py:829} INFO - Processing file /usr/local/lib/python3.10/dist-packages/airflow/example_dags/example_dynamic_task_mapping_with_no_taskflow_operators.py for tasks to queue
[2023-09-27T11:34:54.191+0000] {logging_mixin.py:151} INFO - [2023-09-27T11:34:54.191+0000] {dagbag.py:539} INFO - Filling up the DagBag from /usr/local/lib/python3.10/dist-packages/airflow/example_dags/example_dynamic_task_mapping_with_no_taskflow_operators.py
[2023-09-27T11:34:54.200+0000] {processor.py:839} INFO - DAG(s) dict_keys(['example_dynamic_task_mapping_with_no_taskflow_operators']) retrieved from /usr/local/lib/python3.10/dist-packages/airflow/example_dags/example_dynamic_task_mapping_with_no_taskflow_operators.py
[2023-09-27T11:34:54.217+0000] {logging_mixin.py:151} INFO - [2023-09-27T11:34:54.217+0000] {dag.py:2915} INFO - Sync 1 DAGs
[2023-09-27T11:34:54.237+0000] {logging_mixin.py:151} INFO - [2023-09-27T11:34:54.237+0000] {dag.py:3696} INFO - Setting next_dagrun for example_dynamic_task_mapping_with_no_taskflow_operators to 2023-09-26T11:34:54.237259+00:00, run_after=2023-09-27T11:34:54.237259+00:00
[2023-09-27T11:34:54.259+0000] {processor.py:179} INFO - Processing /usr/local/lib/python3.10/dist-packages/airflow/example_dags/example_dynamic_task_mapping_with_no_taskflow_operators.py took 0.073 seconds
[2023-09-27T11:35:41.481+0000] {processor.py:157} INFO - Started process (PID=6565) to work on /usr/local/lib/python3.10/dist-packages/airflow/example_dags/example_dynamic_task_mapping_with_no_taskflow_operators.py
[2023-09-27T11:35:41.482+0000] {processor.py:829} INFO - Processing file /usr/local/lib/python3.10/dist-packages/airflow/example_dags/example_dynamic_task_mapping_with_no_taskflow_operators.py for tasks to queue
[2023-09-27T11:35:41.483+0000] {logging_mixin.py:151} INFO - [2023-09-27T11:35:41.482+0000] {dagbag.py:539} INFO - Filling up the DagBag from /usr/local/lib/python3.10/dist-packages/airflow/example_dags/example_dynamic_task_mapping_with_no_taskflow_operators.py
[2023-09-27T11:35:41.490+0000] {processor.py:839} INFO - DAG(s) dict_keys(['example_dynamic_task_mapping_with_no_taskflow_operators']) retrieved from /usr/local/lib/python3.10/dist-packages/airflow/example_dags/example_dynamic_task_mapping_with_no_taskflow_operators.py
[2023-09-27T11:35:41.505+0000] {logging_mixin.py:151} INFO - [2023-09-27T11:35:41.505+0000] {dag.py:2915} INFO - Sync 1 DAGs
[2023-09-27T11:35:41.533+0000] {logging_mixin.py:151} INFO - [2023-09-27T11:35:41.533+0000] {dag.py:3696} INFO - Setting next_dagrun for example_dynamic_task_mapping_with_no_taskflow_operators to 2023-09-26T11:35:41.533308+00:00, run_after=2023-09-27T11:35:41.533308+00:00
[2023-09-27T11:35:41.553+0000] {processor.py:179} INFO - Processing /usr/local/lib/python3.10/dist-packages/airflow/example_dags/example_dynamic_task_mapping_with_no_taskflow_operators.py took 0.076 seconds
[2023-09-27T11:36:33.037+0000] {processor.py:157} INFO - Started process (PID=6688) to work on /usr/local/lib/python3.10/dist-packages/airflow/example_dags/example_dynamic_task_mapping_with_no_taskflow_operators.py
[2023-09-27T11:36:33.038+0000] {processor.py:829} INFO - Processing file /usr/local/lib/python3.10/dist-packages/airflow/example_dags/example_dynamic_task_mapping_with_no_taskflow_operators.py for tasks to queue
[2023-09-27T11:36:33.040+0000] {logging_mixin.py:151} INFO - [2023-09-27T11:36:33.039+0000] {dagbag.py:539} INFO - Filling up the DagBag from /usr/local/lib/python3.10/dist-packages/airflow/example_dags/example_dynamic_task_mapping_with_no_taskflow_operators.py
[2023-09-27T11:36:33.047+0000] {processor.py:839} INFO - DAG(s) dict_keys(['example_dynamic_task_mapping_with_no_taskflow_operators']) retrieved from /usr/local/lib/python3.10/dist-packages/airflow/example_dags/example_dynamic_task_mapping_with_no_taskflow_operators.py
[2023-09-27T11:36:33.063+0000] {logging_mixin.py:151} INFO - [2023-09-27T11:36:33.063+0000] {dag.py:2915} INFO - Sync 1 DAGs
[2023-09-27T11:36:33.088+0000] {logging_mixin.py:151} INFO - [2023-09-27T11:36:33.087+0000] {dag.py:3696} INFO - Setting next_dagrun for example_dynamic_task_mapping_with_no_taskflow_operators to 2023-09-26T11:36:33.086790+00:00, run_after=2023-09-27T11:36:33.086790+00:00
[2023-09-27T11:36:33.125+0000] {processor.py:179} INFO - Processing /usr/local/lib/python3.10/dist-packages/airflow/example_dags/example_dynamic_task_mapping_with_no_taskflow_operators.py took 0.091 seconds
[2023-09-27T11:37:19.558+0000] {processor.py:157} INFO - Started process (PID=6737) to work on /usr/local/lib/python3.10/dist-packages/airflow/example_dags/example_dynamic_task_mapping_with_no_taskflow_operators.py
[2023-09-27T11:37:19.559+0000] {processor.py:829} INFO - Processing file /usr/local/lib/python3.10/dist-packages/airflow/example_dags/example_dynamic_task_mapping_with_no_taskflow_operators.py for tasks to queue
[2023-09-27T11:37:19.560+0000] {logging_mixin.py:151} INFO - [2023-09-27T11:37:19.560+0000] {dagbag.py:539} INFO - Filling up the DagBag from /usr/local/lib/python3.10/dist-packages/airflow/example_dags/example_dynamic_task_mapping_with_no_taskflow_operators.py
[2023-09-27T11:37:19.571+0000] {processor.py:839} INFO - DAG(s) dict_keys(['example_dynamic_task_mapping_with_no_taskflow_operators']) retrieved from /usr/local/lib/python3.10/dist-packages/airflow/example_dags/example_dynamic_task_mapping_with_no_taskflow_operators.py
[2023-09-27T11:37:19.588+0000] {logging_mixin.py:151} INFO - [2023-09-27T11:37:19.588+0000] {dag.py:2915} INFO - Sync 1 DAGs
[2023-09-27T11:37:19.610+0000] {logging_mixin.py:151} INFO - [2023-09-27T11:37:19.609+0000] {dag.py:3696} INFO - Setting next_dagrun for example_dynamic_task_mapping_with_no_taskflow_operators to 2023-09-26T11:37:19.609575+00:00, run_after=2023-09-27T11:37:19.609575+00:00
[2023-09-27T11:37:19.634+0000] {processor.py:179} INFO - Processing /usr/local/lib/python3.10/dist-packages/airflow/example_dags/example_dynamic_task_mapping_with_no_taskflow_operators.py took 0.080 seconds
