[2023-09-27T10:54:17.362+0000] {processor.py:157} INFO - Started process (PID=3950) to work on /usr/local/lib/python3.10/dist-packages/airflow/example_dags/example_sensors.py
[2023-09-27T10:54:17.363+0000] {processor.py:829} INFO - Processing file /usr/local/lib/python3.10/dist-packages/airflow/example_dags/example_sensors.py for tasks to queue
[2023-09-27T10:54:17.363+0000] {logging_mixin.py:151} INFO - [2023-09-27T10:54:17.363+0000] {dagbag.py:539} INFO - Filling up the DagBag from /usr/local/lib/python3.10/dist-packages/airflow/example_dags/example_sensors.py
[2023-09-27T10:54:17.374+0000] {processor.py:839} INFO - DAG(s) dict_keys(['example_sensors']) retrieved from /usr/local/lib/python3.10/dist-packages/airflow/example_dags/example_sensors.py
[2023-09-27T10:54:17.501+0000] {logging_mixin.py:151} INFO - [2023-09-27T10:54:17.501+0000] {manager.py:499} INFO - Created Permission View: %s
[2023-09-27T10:54:17.513+0000] {logging_mixin.py:151} INFO - [2023-09-27T10:54:17.513+0000] {manager.py:499} INFO - Created Permission View: %s
[2023-09-27T10:54:17.522+0000] {logging_mixin.py:151} INFO - [2023-09-27T10:54:17.521+0000] {manager.py:499} INFO - Created Permission View: %s
[2023-09-27T10:54:17.522+0000] {logging_mixin.py:151} INFO - [2023-09-27T10:54:17.522+0000] {security.py:708} INFO - Not syncing DAG-level permissions for DAG 'DAG:example_sensors' as access control is unset.
[2023-09-27T10:54:17.522+0000] {logging_mixin.py:151} INFO - [2023-09-27T10:54:17.522+0000] {dag.py:2915} INFO - Sync 1 DAGs
[2023-09-27T10:54:17.532+0000] {logging_mixin.py:151} INFO - [2023-09-27T10:54:17.532+0000] {dag.py:2937} INFO - Creating ORM DAG for example_sensors
[2023-09-27T10:54:17.533+0000] {logging_mixin.py:151} INFO - [2023-09-27T10:54:17.533+0000] {dag.py:3696} INFO - Setting next_dagrun for example_sensors to None, run_after=None
[2023-09-27T10:54:17.558+0000] {processor.py:179} INFO - Processing /usr/local/lib/python3.10/dist-packages/airflow/example_dags/example_sensors.py took 0.199 seconds
[2023-09-27T10:55:07.299+0000] {processor.py:157} INFO - Started process (PID=3998) to work on /usr/local/lib/python3.10/dist-packages/airflow/example_dags/example_sensors.py
[2023-09-27T10:55:07.302+0000] {processor.py:829} INFO - Processing file /usr/local/lib/python3.10/dist-packages/airflow/example_dags/example_sensors.py for tasks to queue
[2023-09-27T10:55:07.304+0000] {logging_mixin.py:151} INFO - [2023-09-27T10:55:07.303+0000] {dagbag.py:539} INFO - Filling up the DagBag from /usr/local/lib/python3.10/dist-packages/airflow/example_dags/example_sensors.py
[2023-09-27T10:55:07.329+0000] {processor.py:839} INFO - DAG(s) dict_keys(['example_sensors']) retrieved from /usr/local/lib/python3.10/dist-packages/airflow/example_dags/example_sensors.py
[2023-09-27T10:55:07.355+0000] {logging_mixin.py:151} INFO - [2023-09-27T10:55:07.354+0000] {dag.py:2915} INFO - Sync 1 DAGs
[2023-09-27T10:55:07.367+0000] {logging_mixin.py:151} INFO - [2023-09-27T10:55:07.367+0000] {dag.py:3696} INFO - Setting next_dagrun for example_sensors to None, run_after=None
[2023-09-27T10:55:07.395+0000] {processor.py:179} INFO - Processing /usr/local/lib/python3.10/dist-packages/airflow/example_dags/example_sensors.py took 0.110 seconds
[2023-09-27T10:55:51.529+0000] {processor.py:157} INFO - Started process (PID=4045) to work on /usr/local/lib/python3.10/dist-packages/airflow/example_dags/example_sensors.py
[2023-09-27T10:55:51.530+0000] {processor.py:829} INFO - Processing file /usr/local/lib/python3.10/dist-packages/airflow/example_dags/example_sensors.py for tasks to queue
[2023-09-27T10:55:51.531+0000] {logging_mixin.py:151} INFO - [2023-09-27T10:55:51.531+0000] {dagbag.py:539} INFO - Filling up the DagBag from /usr/local/lib/python3.10/dist-packages/airflow/example_dags/example_sensors.py
[2023-09-27T10:55:51.544+0000] {processor.py:839} INFO - DAG(s) dict_keys(['example_sensors']) retrieved from /usr/local/lib/python3.10/dist-packages/airflow/example_dags/example_sensors.py
[2023-09-27T10:55:51.567+0000] {logging_mixin.py:151} INFO - [2023-09-27T10:55:51.565+0000] {dag.py:2915} INFO - Sync 1 DAGs
[2023-09-27T10:55:51.584+0000] {logging_mixin.py:151} INFO - [2023-09-27T10:55:51.584+0000] {dag.py:3696} INFO - Setting next_dagrun for example_sensors to None, run_after=None
[2023-09-27T10:55:51.610+0000] {processor.py:179} INFO - Processing /usr/local/lib/python3.10/dist-packages/airflow/example_dags/example_sensors.py took 0.084 seconds
[2023-09-27T10:57:16.032+0000] {processor.py:157} INFO - Started process (PID=4114) to work on /usr/local/lib/python3.10/dist-packages/airflow/example_dags/example_sensors.py
[2023-09-27T10:57:16.034+0000] {processor.py:829} INFO - Processing file /usr/local/lib/python3.10/dist-packages/airflow/example_dags/example_sensors.py for tasks to queue
[2023-09-27T10:57:16.036+0000] {logging_mixin.py:151} INFO - [2023-09-27T10:57:16.036+0000] {dagbag.py:539} INFO - Filling up the DagBag from /usr/local/lib/python3.10/dist-packages/airflow/example_dags/example_sensors.py
[2023-09-27T10:57:16.057+0000] {processor.py:839} INFO - DAG(s) dict_keys(['example_sensors']) retrieved from /usr/local/lib/python3.10/dist-packages/airflow/example_dags/example_sensors.py
[2023-09-27T10:57:16.075+0000] {logging_mixin.py:151} INFO - [2023-09-27T10:57:16.075+0000] {dag.py:2915} INFO - Sync 1 DAGs
[2023-09-27T10:57:16.090+0000] {logging_mixin.py:151} INFO - [2023-09-27T10:57:16.090+0000] {dag.py:3696} INFO - Setting next_dagrun for example_sensors to None, run_after=None
[2023-09-27T10:57:16.114+0000] {processor.py:179} INFO - Processing /usr/local/lib/python3.10/dist-packages/airflow/example_dags/example_sensors.py took 0.088 seconds
[2023-09-27T10:58:02.721+0000] {processor.py:157} INFO - Started process (PID=4164) to work on /usr/local/lib/python3.10/dist-packages/airflow/example_dags/example_sensors.py
[2023-09-27T10:58:02.722+0000] {processor.py:829} INFO - Processing file /usr/local/lib/python3.10/dist-packages/airflow/example_dags/example_sensors.py for tasks to queue
[2023-09-27T10:58:02.723+0000] {logging_mixin.py:151} INFO - [2023-09-27T10:58:02.722+0000] {dagbag.py:539} INFO - Filling up the DagBag from /usr/local/lib/python3.10/dist-packages/airflow/example_dags/example_sensors.py
[2023-09-27T10:58:02.732+0000] {processor.py:839} INFO - DAG(s) dict_keys(['example_sensors']) retrieved from /usr/local/lib/python3.10/dist-packages/airflow/example_dags/example_sensors.py
[2023-09-27T10:58:02.752+0000] {logging_mixin.py:151} INFO - [2023-09-27T10:58:02.751+0000] {dag.py:2915} INFO - Sync 1 DAGs
[2023-09-27T10:58:02.762+0000] {logging_mixin.py:151} INFO - [2023-09-27T10:58:02.762+0000] {dag.py:3696} INFO - Setting next_dagrun for example_sensors to None, run_after=None
[2023-09-27T10:58:02.783+0000] {processor.py:179} INFO - Processing /usr/local/lib/python3.10/dist-packages/airflow/example_dags/example_sensors.py took 0.065 seconds
[2023-09-27T10:58:53.032+0000] {processor.py:157} INFO - Started process (PID=4217) to work on /usr/local/lib/python3.10/dist-packages/airflow/example_dags/example_sensors.py
[2023-09-27T10:58:53.033+0000] {processor.py:829} INFO - Processing file /usr/local/lib/python3.10/dist-packages/airflow/example_dags/example_sensors.py for tasks to queue
[2023-09-27T10:58:53.033+0000] {logging_mixin.py:151} INFO - [2023-09-27T10:58:53.033+0000] {dagbag.py:539} INFO - Filling up the DagBag from /usr/local/lib/python3.10/dist-packages/airflow/example_dags/example_sensors.py
[2023-09-27T10:58:53.043+0000] {processor.py:839} INFO - DAG(s) dict_keys(['example_sensors']) retrieved from /usr/local/lib/python3.10/dist-packages/airflow/example_dags/example_sensors.py
[2023-09-27T10:58:53.063+0000] {logging_mixin.py:151} INFO - [2023-09-27T10:58:53.062+0000] {dag.py:2915} INFO - Sync 1 DAGs
[2023-09-27T10:58:53.073+0000] {logging_mixin.py:151} INFO - [2023-09-27T10:58:53.073+0000] {dag.py:3696} INFO - Setting next_dagrun for example_sensors to None, run_after=None
[2023-09-27T10:58:53.093+0000] {processor.py:179} INFO - Processing /usr/local/lib/python3.10/dist-packages/airflow/example_dags/example_sensors.py took 0.064 seconds
[2023-09-27T10:59:39.779+0000] {processor.py:157} INFO - Started process (PID=4267) to work on /usr/local/lib/python3.10/dist-packages/airflow/example_dags/example_sensors.py
[2023-09-27T10:59:39.780+0000] {processor.py:829} INFO - Processing file /usr/local/lib/python3.10/dist-packages/airflow/example_dags/example_sensors.py for tasks to queue
[2023-09-27T10:59:39.780+0000] {logging_mixin.py:151} INFO - [2023-09-27T10:59:39.780+0000] {dagbag.py:539} INFO - Filling up the DagBag from /usr/local/lib/python3.10/dist-packages/airflow/example_dags/example_sensors.py
[2023-09-27T10:59:39.792+0000] {processor.py:839} INFO - DAG(s) dict_keys(['example_sensors']) retrieved from /usr/local/lib/python3.10/dist-packages/airflow/example_dags/example_sensors.py
[2023-09-27T10:59:39.812+0000] {logging_mixin.py:151} INFO - [2023-09-27T10:59:39.812+0000] {dag.py:2915} INFO - Sync 1 DAGs
[2023-09-27T10:59:39.823+0000] {logging_mixin.py:151} INFO - [2023-09-27T10:59:39.823+0000] {dag.py:3696} INFO - Setting next_dagrun for example_sensors to None, run_after=None
[2023-09-27T10:59:39.844+0000] {processor.py:179} INFO - Processing /usr/local/lib/python3.10/dist-packages/airflow/example_dags/example_sensors.py took 0.070 seconds
[2023-09-27T11:00:28.901+0000] {processor.py:157} INFO - Started process (PID=4319) to work on /usr/local/lib/python3.10/dist-packages/airflow/example_dags/example_sensors.py
[2023-09-27T11:00:28.902+0000] {processor.py:829} INFO - Processing file /usr/local/lib/python3.10/dist-packages/airflow/example_dags/example_sensors.py for tasks to queue
[2023-09-27T11:00:28.903+0000] {logging_mixin.py:151} INFO - [2023-09-27T11:00:28.903+0000] {dagbag.py:539} INFO - Filling up the DagBag from /usr/local/lib/python3.10/dist-packages/airflow/example_dags/example_sensors.py
[2023-09-27T11:00:28.913+0000] {processor.py:839} INFO - DAG(s) dict_keys(['example_sensors']) retrieved from /usr/local/lib/python3.10/dist-packages/airflow/example_dags/example_sensors.py
[2023-09-27T11:00:28.933+0000] {logging_mixin.py:151} INFO - [2023-09-27T11:00:28.933+0000] {dag.py:2915} INFO - Sync 1 DAGs
[2023-09-27T11:00:28.945+0000] {logging_mixin.py:151} INFO - [2023-09-27T11:00:28.945+0000] {dag.py:3696} INFO - Setting next_dagrun for example_sensors to None, run_after=None
[2023-09-27T11:00:28.967+0000] {processor.py:179} INFO - Processing /usr/local/lib/python3.10/dist-packages/airflow/example_dags/example_sensors.py took 0.070 seconds
[2023-09-27T11:01:14.491+0000] {processor.py:157} INFO - Started process (PID=4367) to work on /usr/local/lib/python3.10/dist-packages/airflow/example_dags/example_sensors.py
[2023-09-27T11:01:14.492+0000] {processor.py:829} INFO - Processing file /usr/local/lib/python3.10/dist-packages/airflow/example_dags/example_sensors.py for tasks to queue
[2023-09-27T11:01:14.493+0000] {logging_mixin.py:151} INFO - [2023-09-27T11:01:14.493+0000] {dagbag.py:539} INFO - Filling up the DagBag from /usr/local/lib/python3.10/dist-packages/airflow/example_dags/example_sensors.py
[2023-09-27T11:01:14.512+0000] {processor.py:839} INFO - DAG(s) dict_keys(['example_sensors']) retrieved from /usr/local/lib/python3.10/dist-packages/airflow/example_dags/example_sensors.py
[2023-09-27T11:01:14.539+0000] {logging_mixin.py:151} INFO - [2023-09-27T11:01:14.538+0000] {dag.py:2915} INFO - Sync 1 DAGs
[2023-09-27T11:01:14.553+0000] {logging_mixin.py:151} INFO - [2023-09-27T11:01:14.553+0000] {dag.py:3696} INFO - Setting next_dagrun for example_sensors to None, run_after=None
[2023-09-27T11:01:14.582+0000] {processor.py:179} INFO - Processing /usr/local/lib/python3.10/dist-packages/airflow/example_dags/example_sensors.py took 0.095 seconds
[2023-09-27T11:01:58.444+0000] {processor.py:157} INFO - Started process (PID=4414) to work on /usr/local/lib/python3.10/dist-packages/airflow/example_dags/example_sensors.py
[2023-09-27T11:01:58.445+0000] {processor.py:829} INFO - Processing file /usr/local/lib/python3.10/dist-packages/airflow/example_dags/example_sensors.py for tasks to queue
[2023-09-27T11:01:58.446+0000] {logging_mixin.py:151} INFO - [2023-09-27T11:01:58.446+0000] {dagbag.py:539} INFO - Filling up the DagBag from /usr/local/lib/python3.10/dist-packages/airflow/example_dags/example_sensors.py
[2023-09-27T11:01:58.462+0000] {processor.py:839} INFO - DAG(s) dict_keys(['example_sensors']) retrieved from /usr/local/lib/python3.10/dist-packages/airflow/example_dags/example_sensors.py
[2023-09-27T11:01:58.496+0000] {logging_mixin.py:151} INFO - [2023-09-27T11:01:58.495+0000] {dag.py:2915} INFO - Sync 1 DAGs
[2023-09-27T11:01:58.513+0000] {logging_mixin.py:151} INFO - [2023-09-27T11:01:58.508+0000] {dag.py:3696} INFO - Setting next_dagrun for example_sensors to None, run_after=None
[2023-09-27T11:01:58.536+0000] {processor.py:179} INFO - Processing /usr/local/lib/python3.10/dist-packages/airflow/example_dags/example_sensors.py took 0.095 seconds
[2023-09-27T11:02:48.919+0000] {processor.py:157} INFO - Started process (PID=4465) to work on /usr/local/lib/python3.10/dist-packages/airflow/example_dags/example_sensors.py
[2023-09-27T11:02:48.920+0000] {processor.py:829} INFO - Processing file /usr/local/lib/python3.10/dist-packages/airflow/example_dags/example_sensors.py for tasks to queue
[2023-09-27T11:02:48.920+0000] {logging_mixin.py:151} INFO - [2023-09-27T11:02:48.920+0000] {dagbag.py:539} INFO - Filling up the DagBag from /usr/local/lib/python3.10/dist-packages/airflow/example_dags/example_sensors.py
[2023-09-27T11:02:48.931+0000] {processor.py:839} INFO - DAG(s) dict_keys(['example_sensors']) retrieved from /usr/local/lib/python3.10/dist-packages/airflow/example_dags/example_sensors.py
[2023-09-27T11:02:48.956+0000] {logging_mixin.py:151} INFO - [2023-09-27T11:02:48.956+0000] {dag.py:2915} INFO - Sync 1 DAGs
[2023-09-27T11:02:48.968+0000] {logging_mixin.py:151} INFO - [2023-09-27T11:02:48.967+0000] {dag.py:3696} INFO - Setting next_dagrun for example_sensors to None, run_after=None
[2023-09-27T11:02:48.989+0000] {processor.py:179} INFO - Processing /usr/local/lib/python3.10/dist-packages/airflow/example_dags/example_sensors.py took 0.074 seconds
[2023-09-27T11:03:40.493+0000] {processor.py:157} INFO - Started process (PID=4518) to work on /usr/local/lib/python3.10/dist-packages/airflow/example_dags/example_sensors.py
[2023-09-27T11:03:40.494+0000] {processor.py:829} INFO - Processing file /usr/local/lib/python3.10/dist-packages/airflow/example_dags/example_sensors.py for tasks to queue
[2023-09-27T11:03:40.495+0000] {logging_mixin.py:151} INFO - [2023-09-27T11:03:40.494+0000] {dagbag.py:539} INFO - Filling up the DagBag from /usr/local/lib/python3.10/dist-packages/airflow/example_dags/example_sensors.py
[2023-09-27T11:03:40.505+0000] {processor.py:839} INFO - DAG(s) dict_keys(['example_sensors']) retrieved from /usr/local/lib/python3.10/dist-packages/airflow/example_dags/example_sensors.py
[2023-09-27T11:03:40.524+0000] {logging_mixin.py:151} INFO - [2023-09-27T11:03:40.524+0000] {dag.py:2915} INFO - Sync 1 DAGs
[2023-09-27T11:03:40.534+0000] {logging_mixin.py:151} INFO - [2023-09-27T11:03:40.534+0000] {dag.py:3696} INFO - Setting next_dagrun for example_sensors to None, run_after=None
[2023-09-27T11:03:40.554+0000] {processor.py:179} INFO - Processing /usr/local/lib/python3.10/dist-packages/airflow/example_dags/example_sensors.py took 0.065 seconds
[2023-09-27T11:04:30.375+0000] {processor.py:157} INFO - Started process (PID=4570) to work on /usr/local/lib/python3.10/dist-packages/airflow/example_dags/example_sensors.py
[2023-09-27T11:04:30.377+0000] {processor.py:829} INFO - Processing file /usr/local/lib/python3.10/dist-packages/airflow/example_dags/example_sensors.py for tasks to queue
[2023-09-27T11:04:30.377+0000] {logging_mixin.py:151} INFO - [2023-09-27T11:04:30.377+0000] {dagbag.py:539} INFO - Filling up the DagBag from /usr/local/lib/python3.10/dist-packages/airflow/example_dags/example_sensors.py
[2023-09-27T11:04:30.388+0000] {processor.py:839} INFO - DAG(s) dict_keys(['example_sensors']) retrieved from /usr/local/lib/python3.10/dist-packages/airflow/example_dags/example_sensors.py
[2023-09-27T11:04:30.410+0000] {logging_mixin.py:151} INFO - [2023-09-27T11:04:30.410+0000] {dag.py:2915} INFO - Sync 1 DAGs
[2023-09-27T11:04:30.421+0000] {logging_mixin.py:151} INFO - [2023-09-27T11:04:30.421+0000] {dag.py:3696} INFO - Setting next_dagrun for example_sensors to None, run_after=None
[2023-09-27T11:04:30.448+0000] {processor.py:179} INFO - Processing /usr/local/lib/python3.10/dist-packages/airflow/example_dags/example_sensors.py took 0.077 seconds
[2023-09-27T11:05:21.304+0000] {processor.py:157} INFO - Started process (PID=4623) to work on /usr/local/lib/python3.10/dist-packages/airflow/example_dags/example_sensors.py
[2023-09-27T11:05:21.307+0000] {processor.py:829} INFO - Processing file /usr/local/lib/python3.10/dist-packages/airflow/example_dags/example_sensors.py for tasks to queue
[2023-09-27T11:05:21.307+0000] {logging_mixin.py:151} INFO - [2023-09-27T11:05:21.307+0000] {dagbag.py:539} INFO - Filling up the DagBag from /usr/local/lib/python3.10/dist-packages/airflow/example_dags/example_sensors.py
[2023-09-27T11:05:21.321+0000] {processor.py:839} INFO - DAG(s) dict_keys(['example_sensors']) retrieved from /usr/local/lib/python3.10/dist-packages/airflow/example_dags/example_sensors.py
[2023-09-27T11:05:21.358+0000] {logging_mixin.py:151} INFO - [2023-09-27T11:05:21.358+0000] {dag.py:2915} INFO - Sync 1 DAGs
[2023-09-27T11:05:21.369+0000] {logging_mixin.py:151} INFO - [2023-09-27T11:05:21.369+0000] {dag.py:3696} INFO - Setting next_dagrun for example_sensors to None, run_after=None
[2023-09-27T11:05:21.390+0000] {processor.py:179} INFO - Processing /usr/local/lib/python3.10/dist-packages/airflow/example_dags/example_sensors.py took 0.091 seconds
[2023-09-27T11:06:09.928+0000] {processor.py:157} INFO - Started process (PID=4670) to work on /usr/local/lib/python3.10/dist-packages/airflow/example_dags/example_sensors.py
[2023-09-27T11:06:09.930+0000] {processor.py:829} INFO - Processing file /usr/local/lib/python3.10/dist-packages/airflow/example_dags/example_sensors.py for tasks to queue
[2023-09-27T11:06:09.932+0000] {logging_mixin.py:151} INFO - [2023-09-27T11:06:09.932+0000] {dagbag.py:539} INFO - Filling up the DagBag from /usr/local/lib/python3.10/dist-packages/airflow/example_dags/example_sensors.py
[2023-09-27T11:06:09.950+0000] {processor.py:839} INFO - DAG(s) dict_keys(['example_sensors']) retrieved from /usr/local/lib/python3.10/dist-packages/airflow/example_dags/example_sensors.py
[2023-09-27T11:06:09.971+0000] {logging_mixin.py:151} INFO - [2023-09-27T11:06:09.971+0000] {dag.py:2915} INFO - Sync 1 DAGs
[2023-09-27T11:06:09.983+0000] {logging_mixin.py:151} INFO - [2023-09-27T11:06:09.983+0000] {dag.py:3696} INFO - Setting next_dagrun for example_sensors to None, run_after=None
[2023-09-27T11:06:10.022+0000] {processor.py:179} INFO - Processing /usr/local/lib/python3.10/dist-packages/airflow/example_dags/example_sensors.py took 0.098 seconds
[2023-09-27T11:07:00.908+0000] {processor.py:157} INFO - Started process (PID=4733) to work on /usr/local/lib/python3.10/dist-packages/airflow/example_dags/example_sensors.py
[2023-09-27T11:07:00.909+0000] {processor.py:829} INFO - Processing file /usr/local/lib/python3.10/dist-packages/airflow/example_dags/example_sensors.py for tasks to queue
[2023-09-27T11:07:00.910+0000] {logging_mixin.py:151} INFO - [2023-09-27T11:07:00.910+0000] {dagbag.py:539} INFO - Filling up the DagBag from /usr/local/lib/python3.10/dist-packages/airflow/example_dags/example_sensors.py
[2023-09-27T11:07:00.920+0000] {processor.py:839} INFO - DAG(s) dict_keys(['example_sensors']) retrieved from /usr/local/lib/python3.10/dist-packages/airflow/example_dags/example_sensors.py
[2023-09-27T11:07:00.940+0000] {logging_mixin.py:151} INFO - [2023-09-27T11:07:00.940+0000] {dag.py:2915} INFO - Sync 1 DAGs
[2023-09-27T11:07:00.951+0000] {logging_mixin.py:151} INFO - [2023-09-27T11:07:00.951+0000] {dag.py:3696} INFO - Setting next_dagrun for example_sensors to None, run_after=None
[2023-09-27T11:07:00.971+0000] {processor.py:179} INFO - Processing /usr/local/lib/python3.10/dist-packages/airflow/example_dags/example_sensors.py took 0.065 seconds
[2023-09-27T11:07:50.830+0000] {processor.py:157} INFO - Started process (PID=4784) to work on /usr/local/lib/python3.10/dist-packages/airflow/example_dags/example_sensors.py
[2023-09-27T11:07:50.832+0000] {processor.py:829} INFO - Processing file /usr/local/lib/python3.10/dist-packages/airflow/example_dags/example_sensors.py for tasks to queue
[2023-09-27T11:07:50.832+0000] {logging_mixin.py:151} INFO - [2023-09-27T11:07:50.832+0000] {dagbag.py:539} INFO - Filling up the DagBag from /usr/local/lib/python3.10/dist-packages/airflow/example_dags/example_sensors.py
[2023-09-27T11:07:50.842+0000] {processor.py:839} INFO - DAG(s) dict_keys(['example_sensors']) retrieved from /usr/local/lib/python3.10/dist-packages/airflow/example_dags/example_sensors.py
[2023-09-27T11:07:50.863+0000] {logging_mixin.py:151} INFO - [2023-09-27T11:07:50.863+0000] {dag.py:2915} INFO - Sync 1 DAGs
[2023-09-27T11:07:50.875+0000] {logging_mixin.py:151} INFO - [2023-09-27T11:07:50.875+0000] {dag.py:3696} INFO - Setting next_dagrun for example_sensors to None, run_after=None
[2023-09-27T11:07:50.905+0000] {processor.py:179} INFO - Processing /usr/local/lib/python3.10/dist-packages/airflow/example_dags/example_sensors.py took 0.078 seconds
[2023-09-27T11:08:44.031+0000] {processor.py:157} INFO - Started process (PID=4837) to work on /usr/local/lib/python3.10/dist-packages/airflow/example_dags/example_sensors.py
[2023-09-27T11:08:44.033+0000] {processor.py:829} INFO - Processing file /usr/local/lib/python3.10/dist-packages/airflow/example_dags/example_sensors.py for tasks to queue
[2023-09-27T11:08:44.034+0000] {logging_mixin.py:151} INFO - [2023-09-27T11:08:44.033+0000] {dagbag.py:539} INFO - Filling up the DagBag from /usr/local/lib/python3.10/dist-packages/airflow/example_dags/example_sensors.py
[2023-09-27T11:08:44.044+0000] {processor.py:839} INFO - DAG(s) dict_keys(['example_sensors']) retrieved from /usr/local/lib/python3.10/dist-packages/airflow/example_dags/example_sensors.py
[2023-09-27T11:08:44.065+0000] {logging_mixin.py:151} INFO - [2023-09-27T11:08:44.065+0000] {dag.py:2915} INFO - Sync 1 DAGs
[2023-09-27T11:08:44.076+0000] {logging_mixin.py:151} INFO - [2023-09-27T11:08:44.076+0000] {dag.py:3696} INFO - Setting next_dagrun for example_sensors to None, run_after=None
[2023-09-27T11:08:44.098+0000] {processor.py:179} INFO - Processing /usr/local/lib/python3.10/dist-packages/airflow/example_dags/example_sensors.py took 0.070 seconds
[2023-09-27T11:09:32.283+0000] {processor.py:157} INFO - Started process (PID=4889) to work on /usr/local/lib/python3.10/dist-packages/airflow/example_dags/example_sensors.py
[2023-09-27T11:09:32.284+0000] {processor.py:829} INFO - Processing file /usr/local/lib/python3.10/dist-packages/airflow/example_dags/example_sensors.py for tasks to queue
[2023-09-27T11:09:32.284+0000] {logging_mixin.py:151} INFO - [2023-09-27T11:09:32.284+0000] {dagbag.py:539} INFO - Filling up the DagBag from /usr/local/lib/python3.10/dist-packages/airflow/example_dags/example_sensors.py
[2023-09-27T11:09:32.293+0000] {processor.py:839} INFO - DAG(s) dict_keys(['example_sensors']) retrieved from /usr/local/lib/python3.10/dist-packages/airflow/example_dags/example_sensors.py
[2023-09-27T11:09:32.313+0000] {logging_mixin.py:151} INFO - [2023-09-27T11:09:32.312+0000] {dag.py:2915} INFO - Sync 1 DAGs
[2023-09-27T11:09:32.326+0000] {logging_mixin.py:151} INFO - [2023-09-27T11:09:32.325+0000] {dag.py:3696} INFO - Setting next_dagrun for example_sensors to None, run_after=None
[2023-09-27T11:09:32.349+0000] {processor.py:179} INFO - Processing /usr/local/lib/python3.10/dist-packages/airflow/example_dags/example_sensors.py took 0.070 seconds
[2023-09-27T11:10:19.098+0000] {processor.py:157} INFO - Started process (PID=4938) to work on /usr/local/lib/python3.10/dist-packages/airflow/example_dags/example_sensors.py
[2023-09-27T11:10:19.099+0000] {processor.py:829} INFO - Processing file /usr/local/lib/python3.10/dist-packages/airflow/example_dags/example_sensors.py for tasks to queue
[2023-09-27T11:10:19.100+0000] {logging_mixin.py:151} INFO - [2023-09-27T11:10:19.100+0000] {dagbag.py:539} INFO - Filling up the DagBag from /usr/local/lib/python3.10/dist-packages/airflow/example_dags/example_sensors.py
[2023-09-27T11:10:19.110+0000] {processor.py:839} INFO - DAG(s) dict_keys(['example_sensors']) retrieved from /usr/local/lib/python3.10/dist-packages/airflow/example_dags/example_sensors.py
[2023-09-27T11:10:19.131+0000] {logging_mixin.py:151} INFO - [2023-09-27T11:10:19.131+0000] {dag.py:2915} INFO - Sync 1 DAGs
[2023-09-27T11:10:19.142+0000] {logging_mixin.py:151} INFO - [2023-09-27T11:10:19.142+0000] {dag.py:3696} INFO - Setting next_dagrun for example_sensors to None, run_after=None
[2023-09-27T11:10:19.162+0000] {processor.py:179} INFO - Processing /usr/local/lib/python3.10/dist-packages/airflow/example_dags/example_sensors.py took 0.066 seconds
[2023-09-27T11:11:07.886+0000] {processor.py:157} INFO - Started process (PID=4991) to work on /usr/local/lib/python3.10/dist-packages/airflow/example_dags/example_sensors.py
[2023-09-27T11:11:07.888+0000] {processor.py:829} INFO - Processing file /usr/local/lib/python3.10/dist-packages/airflow/example_dags/example_sensors.py for tasks to queue
[2023-09-27T11:11:07.888+0000] {logging_mixin.py:151} INFO - [2023-09-27T11:11:07.888+0000] {dagbag.py:539} INFO - Filling up the DagBag from /usr/local/lib/python3.10/dist-packages/airflow/example_dags/example_sensors.py
[2023-09-27T11:11:07.899+0000] {processor.py:839} INFO - DAG(s) dict_keys(['example_sensors']) retrieved from /usr/local/lib/python3.10/dist-packages/airflow/example_dags/example_sensors.py
[2023-09-27T11:11:07.919+0000] {logging_mixin.py:151} INFO - [2023-09-27T11:11:07.918+0000] {dag.py:2915} INFO - Sync 1 DAGs
[2023-09-27T11:11:07.929+0000] {logging_mixin.py:151} INFO - [2023-09-27T11:11:07.929+0000] {dag.py:3696} INFO - Setting next_dagrun for example_sensors to None, run_after=None
[2023-09-27T11:11:07.965+0000] {processor.py:179} INFO - Processing /usr/local/lib/python3.10/dist-packages/airflow/example_dags/example_sensors.py took 0.082 seconds
[2023-09-27T11:11:58.830+0000] {processor.py:157} INFO - Started process (PID=5044) to work on /usr/local/lib/python3.10/dist-packages/airflow/example_dags/example_sensors.py
[2023-09-27T11:11:58.831+0000] {processor.py:829} INFO - Processing file /usr/local/lib/python3.10/dist-packages/airflow/example_dags/example_sensors.py for tasks to queue
[2023-09-27T11:11:58.832+0000] {logging_mixin.py:151} INFO - [2023-09-27T11:11:58.832+0000] {dagbag.py:539} INFO - Filling up the DagBag from /usr/local/lib/python3.10/dist-packages/airflow/example_dags/example_sensors.py
[2023-09-27T11:11:58.842+0000] {processor.py:839} INFO - DAG(s) dict_keys(['example_sensors']) retrieved from /usr/local/lib/python3.10/dist-packages/airflow/example_dags/example_sensors.py
[2023-09-27T11:11:58.865+0000] {logging_mixin.py:151} INFO - [2023-09-27T11:11:58.865+0000] {dag.py:2915} INFO - Sync 1 DAGs
[2023-09-27T11:11:58.876+0000] {logging_mixin.py:151} INFO - [2023-09-27T11:11:58.876+0000] {dag.py:3696} INFO - Setting next_dagrun for example_sensors to None, run_after=None
[2023-09-27T11:11:58.901+0000] {processor.py:179} INFO - Processing /usr/local/lib/python3.10/dist-packages/airflow/example_dags/example_sensors.py took 0.074 seconds
[2023-09-27T11:12:45.538+0000] {processor.py:157} INFO - Started process (PID=5095) to work on /usr/local/lib/python3.10/dist-packages/airflow/example_dags/example_sensors.py
[2023-09-27T11:12:45.539+0000] {processor.py:829} INFO - Processing file /usr/local/lib/python3.10/dist-packages/airflow/example_dags/example_sensors.py for tasks to queue
[2023-09-27T11:12:45.540+0000] {logging_mixin.py:151} INFO - [2023-09-27T11:12:45.540+0000] {dagbag.py:539} INFO - Filling up the DagBag from /usr/local/lib/python3.10/dist-packages/airflow/example_dags/example_sensors.py
[2023-09-27T11:12:45.551+0000] {processor.py:839} INFO - DAG(s) dict_keys(['example_sensors']) retrieved from /usr/local/lib/python3.10/dist-packages/airflow/example_dags/example_sensors.py
[2023-09-27T11:12:45.576+0000] {logging_mixin.py:151} INFO - [2023-09-27T11:12:45.575+0000] {dag.py:2915} INFO - Sync 1 DAGs
[2023-09-27T11:12:45.588+0000] {logging_mixin.py:151} INFO - [2023-09-27T11:12:45.587+0000] {dag.py:3696} INFO - Setting next_dagrun for example_sensors to None, run_after=None
[2023-09-27T11:12:45.609+0000] {processor.py:179} INFO - Processing /usr/local/lib/python3.10/dist-packages/airflow/example_dags/example_sensors.py took 0.074 seconds
[2023-09-27T11:13:35.943+0000] {processor.py:157} INFO - Started process (PID=5150) to work on /usr/local/lib/python3.10/dist-packages/airflow/example_dags/example_sensors.py
[2023-09-27T11:13:35.945+0000] {processor.py:829} INFO - Processing file /usr/local/lib/python3.10/dist-packages/airflow/example_dags/example_sensors.py for tasks to queue
[2023-09-27T11:13:35.945+0000] {logging_mixin.py:151} INFO - [2023-09-27T11:13:35.945+0000] {dagbag.py:539} INFO - Filling up the DagBag from /usr/local/lib/python3.10/dist-packages/airflow/example_dags/example_sensors.py
[2023-09-27T11:13:35.958+0000] {processor.py:839} INFO - DAG(s) dict_keys(['example_sensors']) retrieved from /usr/local/lib/python3.10/dist-packages/airflow/example_dags/example_sensors.py
[2023-09-27T11:13:35.986+0000] {logging_mixin.py:151} INFO - [2023-09-27T11:13:35.986+0000] {dag.py:2915} INFO - Sync 1 DAGs
[2023-09-27T11:13:36.008+0000] {logging_mixin.py:151} INFO - [2023-09-27T11:13:36.008+0000] {dag.py:3696} INFO - Setting next_dagrun for example_sensors to None, run_after=None
[2023-09-27T11:13:36.038+0000] {processor.py:179} INFO - Processing /usr/local/lib/python3.10/dist-packages/airflow/example_dags/example_sensors.py took 0.098 seconds
[2023-09-27T11:14:25.102+0000] {processor.py:157} INFO - Started process (PID=5201) to work on /usr/local/lib/python3.10/dist-packages/airflow/example_dags/example_sensors.py
[2023-09-27T11:14:25.103+0000] {processor.py:829} INFO - Processing file /usr/local/lib/python3.10/dist-packages/airflow/example_dags/example_sensors.py for tasks to queue
[2023-09-27T11:14:25.104+0000] {logging_mixin.py:151} INFO - [2023-09-27T11:14:25.103+0000] {dagbag.py:539} INFO - Filling up the DagBag from /usr/local/lib/python3.10/dist-packages/airflow/example_dags/example_sensors.py
[2023-09-27T11:14:25.116+0000] {processor.py:839} INFO - DAG(s) dict_keys(['example_sensors']) retrieved from /usr/local/lib/python3.10/dist-packages/airflow/example_dags/example_sensors.py
[2023-09-27T11:14:25.146+0000] {logging_mixin.py:151} INFO - [2023-09-27T11:14:25.146+0000] {dag.py:2915} INFO - Sync 1 DAGs
[2023-09-27T11:14:25.159+0000] {logging_mixin.py:151} INFO - [2023-09-27T11:14:25.159+0000] {dag.py:3696} INFO - Setting next_dagrun for example_sensors to None, run_after=None
[2023-09-27T11:14:25.182+0000] {processor.py:179} INFO - Processing /usr/local/lib/python3.10/dist-packages/airflow/example_dags/example_sensors.py took 0.084 seconds
[2023-09-27T11:15:15.971+0000] {processor.py:157} INFO - Started process (PID=5252) to work on /usr/local/lib/python3.10/dist-packages/airflow/example_dags/example_sensors.py
[2023-09-27T11:15:15.972+0000] {processor.py:829} INFO - Processing file /usr/local/lib/python3.10/dist-packages/airflow/example_dags/example_sensors.py for tasks to queue
[2023-09-27T11:15:15.973+0000] {logging_mixin.py:151} INFO - [2023-09-27T11:15:15.973+0000] {dagbag.py:539} INFO - Filling up the DagBag from /usr/local/lib/python3.10/dist-packages/airflow/example_dags/example_sensors.py
[2023-09-27T11:15:15.984+0000] {processor.py:839} INFO - DAG(s) dict_keys(['example_sensors']) retrieved from /usr/local/lib/python3.10/dist-packages/airflow/example_dags/example_sensors.py
[2023-09-27T11:15:16.006+0000] {logging_mixin.py:151} INFO - [2023-09-27T11:15:16.005+0000] {dag.py:2915} INFO - Sync 1 DAGs
[2023-09-27T11:15:16.020+0000] {logging_mixin.py:151} INFO - [2023-09-27T11:15:16.020+0000] {dag.py:3696} INFO - Setting next_dagrun for example_sensors to None, run_after=None
[2023-09-27T11:15:16.045+0000] {processor.py:179} INFO - Processing /usr/local/lib/python3.10/dist-packages/airflow/example_dags/example_sensors.py took 0.080 seconds
[2023-09-27T11:16:07.531+0000] {processor.py:157} INFO - Started process (PID=5306) to work on /usr/local/lib/python3.10/dist-packages/airflow/example_dags/example_sensors.py
[2023-09-27T11:16:07.533+0000] {processor.py:829} INFO - Processing file /usr/local/lib/python3.10/dist-packages/airflow/example_dags/example_sensors.py for tasks to queue
[2023-09-27T11:16:07.533+0000] {logging_mixin.py:151} INFO - [2023-09-27T11:16:07.533+0000] {dagbag.py:539} INFO - Filling up the DagBag from /usr/local/lib/python3.10/dist-packages/airflow/example_dags/example_sensors.py
[2023-09-27T11:16:07.544+0000] {processor.py:839} INFO - DAG(s) dict_keys(['example_sensors']) retrieved from /usr/local/lib/python3.10/dist-packages/airflow/example_dags/example_sensors.py
[2023-09-27T11:16:07.566+0000] {logging_mixin.py:151} INFO - [2023-09-27T11:16:07.566+0000] {dag.py:2915} INFO - Sync 1 DAGs
[2023-09-27T11:16:07.581+0000] {logging_mixin.py:151} INFO - [2023-09-27T11:16:07.580+0000] {dag.py:3696} INFO - Setting next_dagrun for example_sensors to None, run_after=None
[2023-09-27T11:16:07.605+0000] {processor.py:179} INFO - Processing /usr/local/lib/python3.10/dist-packages/airflow/example_dags/example_sensors.py took 0.077 seconds
[2023-09-27T11:16:56.818+0000] {processor.py:157} INFO - Started process (PID=5359) to work on /usr/local/lib/python3.10/dist-packages/airflow/example_dags/example_sensors.py
[2023-09-27T11:16:56.819+0000] {processor.py:829} INFO - Processing file /usr/local/lib/python3.10/dist-packages/airflow/example_dags/example_sensors.py for tasks to queue
[2023-09-27T11:16:56.820+0000] {logging_mixin.py:151} INFO - [2023-09-27T11:16:56.820+0000] {dagbag.py:539} INFO - Filling up the DagBag from /usr/local/lib/python3.10/dist-packages/airflow/example_dags/example_sensors.py
[2023-09-27T11:16:56.831+0000] {processor.py:839} INFO - DAG(s) dict_keys(['example_sensors']) retrieved from /usr/local/lib/python3.10/dist-packages/airflow/example_dags/example_sensors.py
[2023-09-27T11:16:56.853+0000] {logging_mixin.py:151} INFO - [2023-09-27T11:16:56.853+0000] {dag.py:2915} INFO - Sync 1 DAGs
[2023-09-27T11:16:56.865+0000] {logging_mixin.py:151} INFO - [2023-09-27T11:16:56.865+0000] {dag.py:3696} INFO - Setting next_dagrun for example_sensors to None, run_after=None
[2023-09-27T11:16:56.886+0000] {processor.py:179} INFO - Processing /usr/local/lib/python3.10/dist-packages/airflow/example_dags/example_sensors.py took 0.071 seconds
[2023-09-27T11:17:48.526+0000] {processor.py:157} INFO - Started process (PID=5417) to work on /usr/local/lib/python3.10/dist-packages/airflow/example_dags/example_sensors.py
[2023-09-27T11:17:48.527+0000] {processor.py:829} INFO - Processing file /usr/local/lib/python3.10/dist-packages/airflow/example_dags/example_sensors.py for tasks to queue
[2023-09-27T11:17:48.528+0000] {logging_mixin.py:151} INFO - [2023-09-27T11:17:48.528+0000] {dagbag.py:539} INFO - Filling up the DagBag from /usr/local/lib/python3.10/dist-packages/airflow/example_dags/example_sensors.py
[2023-09-27T11:17:48.539+0000] {processor.py:839} INFO - DAG(s) dict_keys(['example_sensors']) retrieved from /usr/local/lib/python3.10/dist-packages/airflow/example_dags/example_sensors.py
[2023-09-27T11:17:48.560+0000] {logging_mixin.py:151} INFO - [2023-09-27T11:17:48.560+0000] {dag.py:2915} INFO - Sync 1 DAGs
[2023-09-27T11:17:48.571+0000] {logging_mixin.py:151} INFO - [2023-09-27T11:17:48.571+0000] {dag.py:3696} INFO - Setting next_dagrun for example_sensors to None, run_after=None
[2023-09-27T11:17:48.596+0000] {processor.py:179} INFO - Processing /usr/local/lib/python3.10/dist-packages/airflow/example_dags/example_sensors.py took 0.073 seconds
[2023-09-27T11:18:38.793+0000] {processor.py:157} INFO - Started process (PID=5471) to work on /usr/local/lib/python3.10/dist-packages/airflow/example_dags/example_sensors.py
[2023-09-27T11:18:38.794+0000] {processor.py:829} INFO - Processing file /usr/local/lib/python3.10/dist-packages/airflow/example_dags/example_sensors.py for tasks to queue
[2023-09-27T11:18:38.795+0000] {logging_mixin.py:151} INFO - [2023-09-27T11:18:38.795+0000] {dagbag.py:539} INFO - Filling up the DagBag from /usr/local/lib/python3.10/dist-packages/airflow/example_dags/example_sensors.py
[2023-09-27T11:18:38.805+0000] {processor.py:839} INFO - DAG(s) dict_keys(['example_sensors']) retrieved from /usr/local/lib/python3.10/dist-packages/airflow/example_dags/example_sensors.py
[2023-09-27T11:18:38.834+0000] {logging_mixin.py:151} INFO - [2023-09-27T11:18:38.834+0000] {dag.py:2915} INFO - Sync 1 DAGs
[2023-09-27T11:18:38.849+0000] {logging_mixin.py:151} INFO - [2023-09-27T11:18:38.848+0000] {dag.py:3696} INFO - Setting next_dagrun for example_sensors to None, run_after=None
[2023-09-27T11:18:38.870+0000] {processor.py:179} INFO - Processing /usr/local/lib/python3.10/dist-packages/airflow/example_dags/example_sensors.py took 0.081 seconds
[2023-09-27T11:19:25.658+0000] {processor.py:157} INFO - Started process (PID=5519) to work on /usr/local/lib/python3.10/dist-packages/airflow/example_dags/example_sensors.py
[2023-09-27T11:19:25.659+0000] {processor.py:829} INFO - Processing file /usr/local/lib/python3.10/dist-packages/airflow/example_dags/example_sensors.py for tasks to queue
[2023-09-27T11:19:25.660+0000] {logging_mixin.py:151} INFO - [2023-09-27T11:19:25.659+0000] {dagbag.py:539} INFO - Filling up the DagBag from /usr/local/lib/python3.10/dist-packages/airflow/example_dags/example_sensors.py
[2023-09-27T11:19:25.669+0000] {processor.py:839} INFO - DAG(s) dict_keys(['example_sensors']) retrieved from /usr/local/lib/python3.10/dist-packages/airflow/example_dags/example_sensors.py
[2023-09-27T11:19:25.691+0000] {logging_mixin.py:151} INFO - [2023-09-27T11:19:25.690+0000] {dag.py:2915} INFO - Sync 1 DAGs
[2023-09-27T11:19:25.701+0000] {logging_mixin.py:151} INFO - [2023-09-27T11:19:25.701+0000] {dag.py:3696} INFO - Setting next_dagrun for example_sensors to None, run_after=None
[2023-09-27T11:19:25.722+0000] {processor.py:179} INFO - Processing /usr/local/lib/python3.10/dist-packages/airflow/example_dags/example_sensors.py took 0.068 seconds
[2023-09-27T11:20:18.555+0000] {processor.py:157} INFO - Started process (PID=5576) to work on /usr/local/lib/python3.10/dist-packages/airflow/example_dags/example_sensors.py
[2023-09-27T11:20:18.556+0000] {processor.py:829} INFO - Processing file /usr/local/lib/python3.10/dist-packages/airflow/example_dags/example_sensors.py for tasks to queue
[2023-09-27T11:20:18.557+0000] {logging_mixin.py:151} INFO - [2023-09-27T11:20:18.557+0000] {dagbag.py:539} INFO - Filling up the DagBag from /usr/local/lib/python3.10/dist-packages/airflow/example_dags/example_sensors.py
[2023-09-27T11:20:18.567+0000] {processor.py:839} INFO - DAG(s) dict_keys(['example_sensors']) retrieved from /usr/local/lib/python3.10/dist-packages/airflow/example_dags/example_sensors.py
[2023-09-27T11:20:18.589+0000] {logging_mixin.py:151} INFO - [2023-09-27T11:20:18.589+0000] {dag.py:2915} INFO - Sync 1 DAGs
[2023-09-27T11:20:18.604+0000] {logging_mixin.py:151} INFO - [2023-09-27T11:20:18.604+0000] {dag.py:3696} INFO - Setting next_dagrun for example_sensors to None, run_after=None
[2023-09-27T11:20:18.627+0000] {processor.py:179} INFO - Processing /usr/local/lib/python3.10/dist-packages/airflow/example_dags/example_sensors.py took 0.076 seconds
[2023-09-27T11:21:10.642+0000] {processor.py:157} INFO - Started process (PID=5630) to work on /usr/local/lib/python3.10/dist-packages/airflow/example_dags/example_sensors.py
[2023-09-27T11:21:10.644+0000] {processor.py:829} INFO - Processing file /usr/local/lib/python3.10/dist-packages/airflow/example_dags/example_sensors.py for tasks to queue
[2023-09-27T11:21:10.646+0000] {logging_mixin.py:151} INFO - [2023-09-27T11:21:10.645+0000] {dagbag.py:539} INFO - Filling up the DagBag from /usr/local/lib/python3.10/dist-packages/airflow/example_dags/example_sensors.py
[2023-09-27T11:21:10.659+0000] {processor.py:839} INFO - DAG(s) dict_keys(['example_sensors']) retrieved from /usr/local/lib/python3.10/dist-packages/airflow/example_dags/example_sensors.py
[2023-09-27T11:21:10.684+0000] {logging_mixin.py:151} INFO - [2023-09-27T11:21:10.684+0000] {dag.py:2915} INFO - Sync 1 DAGs
[2023-09-27T11:21:10.696+0000] {logging_mixin.py:151} INFO - [2023-09-27T11:21:10.696+0000] {dag.py:3696} INFO - Setting next_dagrun for example_sensors to None, run_after=None
[2023-09-27T11:21:10.719+0000] {processor.py:179} INFO - Processing /usr/local/lib/python3.10/dist-packages/airflow/example_dags/example_sensors.py took 0.082 seconds
[2023-09-27T11:22:01.646+0000] {processor.py:157} INFO - Started process (PID=5687) to work on /usr/local/lib/python3.10/dist-packages/airflow/example_dags/example_sensors.py
[2023-09-27T11:22:01.653+0000] {processor.py:829} INFO - Processing file /usr/local/lib/python3.10/dist-packages/airflow/example_dags/example_sensors.py for tasks to queue
[2023-09-27T11:22:01.660+0000] {logging_mixin.py:151} INFO - [2023-09-27T11:22:01.655+0000] {dagbag.py:539} INFO - Filling up the DagBag from /usr/local/lib/python3.10/dist-packages/airflow/example_dags/example_sensors.py
[2023-09-27T11:22:01.685+0000] {processor.py:839} INFO - DAG(s) dict_keys(['example_sensors']) retrieved from /usr/local/lib/python3.10/dist-packages/airflow/example_dags/example_sensors.py
[2023-09-27T11:22:01.709+0000] {logging_mixin.py:151} INFO - [2023-09-27T11:22:01.709+0000] {dag.py:2915} INFO - Sync 1 DAGs
[2023-09-27T11:22:01.722+0000] {logging_mixin.py:151} INFO - [2023-09-27T11:22:01.721+0000] {dag.py:3696} INFO - Setting next_dagrun for example_sensors to None, run_after=None
[2023-09-27T11:22:01.757+0000] {processor.py:179} INFO - Processing /usr/local/lib/python3.10/dist-packages/airflow/example_dags/example_sensors.py took 0.127 seconds
[2023-09-27T11:22:50.190+0000] {processor.py:157} INFO - Started process (PID=5738) to work on /usr/local/lib/python3.10/dist-packages/airflow/example_dags/example_sensors.py
[2023-09-27T11:22:50.192+0000] {processor.py:829} INFO - Processing file /usr/local/lib/python3.10/dist-packages/airflow/example_dags/example_sensors.py for tasks to queue
[2023-09-27T11:22:50.192+0000] {logging_mixin.py:151} INFO - [2023-09-27T11:22:50.192+0000] {dagbag.py:539} INFO - Filling up the DagBag from /usr/local/lib/python3.10/dist-packages/airflow/example_dags/example_sensors.py
[2023-09-27T11:22:50.204+0000] {processor.py:839} INFO - DAG(s) dict_keys(['example_sensors']) retrieved from /usr/local/lib/python3.10/dist-packages/airflow/example_dags/example_sensors.py
[2023-09-27T11:22:50.228+0000] {logging_mixin.py:151} INFO - [2023-09-27T11:22:50.228+0000] {dag.py:2915} INFO - Sync 1 DAGs
[2023-09-27T11:22:50.243+0000] {logging_mixin.py:151} INFO - [2023-09-27T11:22:50.242+0000] {dag.py:3696} INFO - Setting next_dagrun for example_sensors to None, run_after=None
[2023-09-27T11:22:50.282+0000] {processor.py:179} INFO - Processing /usr/local/lib/python3.10/dist-packages/airflow/example_dags/example_sensors.py took 0.095 seconds
[2023-09-27T11:23:41.716+0000] {processor.py:157} INFO - Started process (PID=5792) to work on /usr/local/lib/python3.10/dist-packages/airflow/example_dags/example_sensors.py
[2023-09-27T11:23:41.717+0000] {processor.py:829} INFO - Processing file /usr/local/lib/python3.10/dist-packages/airflow/example_dags/example_sensors.py for tasks to queue
[2023-09-27T11:23:41.718+0000] {logging_mixin.py:151} INFO - [2023-09-27T11:23:41.718+0000] {dagbag.py:539} INFO - Filling up the DagBag from /usr/local/lib/python3.10/dist-packages/airflow/example_dags/example_sensors.py
[2023-09-27T11:23:41.731+0000] {processor.py:839} INFO - DAG(s) dict_keys(['example_sensors']) retrieved from /usr/local/lib/python3.10/dist-packages/airflow/example_dags/example_sensors.py
[2023-09-27T11:23:41.755+0000] {logging_mixin.py:151} INFO - [2023-09-27T11:23:41.755+0000] {dag.py:2915} INFO - Sync 1 DAGs
[2023-09-27T11:23:41.766+0000] {logging_mixin.py:151} INFO - [2023-09-27T11:23:41.766+0000] {dag.py:3696} INFO - Setting next_dagrun for example_sensors to None, run_after=None
[2023-09-27T11:23:41.786+0000] {processor.py:179} INFO - Processing /usr/local/lib/python3.10/dist-packages/airflow/example_dags/example_sensors.py took 0.074 seconds
[2023-09-27T11:24:32.217+0000] {processor.py:157} INFO - Started process (PID=5843) to work on /usr/local/lib/python3.10/dist-packages/airflow/example_dags/example_sensors.py
[2023-09-27T11:24:32.218+0000] {processor.py:829} INFO - Processing file /usr/local/lib/python3.10/dist-packages/airflow/example_dags/example_sensors.py for tasks to queue
[2023-09-27T11:24:32.219+0000] {logging_mixin.py:151} INFO - [2023-09-27T11:24:32.218+0000] {dagbag.py:539} INFO - Filling up the DagBag from /usr/local/lib/python3.10/dist-packages/airflow/example_dags/example_sensors.py
[2023-09-27T11:24:32.228+0000] {processor.py:839} INFO - DAG(s) dict_keys(['example_sensors']) retrieved from /usr/local/lib/python3.10/dist-packages/airflow/example_dags/example_sensors.py
[2023-09-27T11:24:32.248+0000] {logging_mixin.py:151} INFO - [2023-09-27T11:24:32.247+0000] {dag.py:2915} INFO - Sync 1 DAGs
[2023-09-27T11:24:32.258+0000] {logging_mixin.py:151} INFO - [2023-09-27T11:24:32.258+0000] {dag.py:3696} INFO - Setting next_dagrun for example_sensors to None, run_after=None
[2023-09-27T11:24:32.281+0000] {processor.py:179} INFO - Processing /usr/local/lib/python3.10/dist-packages/airflow/example_dags/example_sensors.py took 0.067 seconds
[2023-09-27T11:25:24.910+0000] {processor.py:157} INFO - Started process (PID=5897) to work on /usr/local/lib/python3.10/dist-packages/airflow/example_dags/example_sensors.py
[2023-09-27T11:25:24.911+0000] {processor.py:829} INFO - Processing file /usr/local/lib/python3.10/dist-packages/airflow/example_dags/example_sensors.py for tasks to queue
[2023-09-27T11:25:24.912+0000] {logging_mixin.py:151} INFO - [2023-09-27T11:25:24.911+0000] {dagbag.py:539} INFO - Filling up the DagBag from /usr/local/lib/python3.10/dist-packages/airflow/example_dags/example_sensors.py
[2023-09-27T11:25:24.924+0000] {processor.py:839} INFO - DAG(s) dict_keys(['example_sensors']) retrieved from /usr/local/lib/python3.10/dist-packages/airflow/example_dags/example_sensors.py
[2023-09-27T11:25:24.947+0000] {logging_mixin.py:151} INFO - [2023-09-27T11:25:24.947+0000] {dag.py:2915} INFO - Sync 1 DAGs
[2023-09-27T11:25:24.957+0000] {logging_mixin.py:151} INFO - [2023-09-27T11:25:24.957+0000] {dag.py:3696} INFO - Setting next_dagrun for example_sensors to None, run_after=None
[2023-09-27T11:25:24.985+0000] {processor.py:179} INFO - Processing /usr/local/lib/python3.10/dist-packages/airflow/example_dags/example_sensors.py took 0.079 seconds
[2023-09-27T11:26:19.650+0000] {processor.py:157} INFO - Started process (PID=5955) to work on /usr/local/lib/python3.10/dist-packages/airflow/example_dags/example_sensors.py
[2023-09-27T11:26:19.651+0000] {processor.py:829} INFO - Processing file /usr/local/lib/python3.10/dist-packages/airflow/example_dags/example_sensors.py for tasks to queue
[2023-09-27T11:26:19.652+0000] {logging_mixin.py:151} INFO - [2023-09-27T11:26:19.651+0000] {dagbag.py:539} INFO - Filling up the DagBag from /usr/local/lib/python3.10/dist-packages/airflow/example_dags/example_sensors.py
[2023-09-27T11:26:19.662+0000] {processor.py:839} INFO - DAG(s) dict_keys(['example_sensors']) retrieved from /usr/local/lib/python3.10/dist-packages/airflow/example_dags/example_sensors.py
[2023-09-27T11:26:19.683+0000] {logging_mixin.py:151} INFO - [2023-09-27T11:26:19.683+0000] {dag.py:2915} INFO - Sync 1 DAGs
[2023-09-27T11:26:19.694+0000] {logging_mixin.py:151} INFO - [2023-09-27T11:26:19.694+0000] {dag.py:3696} INFO - Setting next_dagrun for example_sensors to None, run_after=None
[2023-09-27T11:26:19.716+0000] {processor.py:179} INFO - Processing /usr/local/lib/python3.10/dist-packages/airflow/example_dags/example_sensors.py took 0.070 seconds
[2023-09-27T11:27:09.899+0000] {processor.py:157} INFO - Started process (PID=6011) to work on /usr/local/lib/python3.10/dist-packages/airflow/example_dags/example_sensors.py
[2023-09-27T11:27:09.900+0000] {processor.py:829} INFO - Processing file /usr/local/lib/python3.10/dist-packages/airflow/example_dags/example_sensors.py for tasks to queue
[2023-09-27T11:27:09.901+0000] {logging_mixin.py:151} INFO - [2023-09-27T11:27:09.900+0000] {dagbag.py:539} INFO - Filling up the DagBag from /usr/local/lib/python3.10/dist-packages/airflow/example_dags/example_sensors.py
[2023-09-27T11:27:09.915+0000] {processor.py:839} INFO - DAG(s) dict_keys(['example_sensors']) retrieved from /usr/local/lib/python3.10/dist-packages/airflow/example_dags/example_sensors.py
[2023-09-27T11:27:09.936+0000] {logging_mixin.py:151} INFO - [2023-09-27T11:27:09.935+0000] {dag.py:2915} INFO - Sync 1 DAGs
[2023-09-27T11:27:09.948+0000] {logging_mixin.py:151} INFO - [2023-09-27T11:27:09.948+0000] {dag.py:3696} INFO - Setting next_dagrun for example_sensors to None, run_after=None
[2023-09-27T11:27:09.972+0000] {processor.py:179} INFO - Processing /usr/local/lib/python3.10/dist-packages/airflow/example_dags/example_sensors.py took 0.076 seconds
[2023-09-27T11:27:58.287+0000] {processor.py:157} INFO - Started process (PID=6065) to work on /usr/local/lib/python3.10/dist-packages/airflow/example_dags/example_sensors.py
[2023-09-27T11:27:58.289+0000] {processor.py:829} INFO - Processing file /usr/local/lib/python3.10/dist-packages/airflow/example_dags/example_sensors.py for tasks to queue
[2023-09-27T11:27:58.289+0000] {logging_mixin.py:151} INFO - [2023-09-27T11:27:58.289+0000] {dagbag.py:539} INFO - Filling up the DagBag from /usr/local/lib/python3.10/dist-packages/airflow/example_dags/example_sensors.py
[2023-09-27T11:27:58.306+0000] {processor.py:839} INFO - DAG(s) dict_keys(['example_sensors']) retrieved from /usr/local/lib/python3.10/dist-packages/airflow/example_dags/example_sensors.py
[2023-09-27T11:27:58.340+0000] {logging_mixin.py:151} INFO - [2023-09-27T11:27:58.340+0000] {dag.py:2915} INFO - Sync 1 DAGs
[2023-09-27T11:27:58.351+0000] {logging_mixin.py:151} INFO - [2023-09-27T11:27:58.351+0000] {dag.py:3696} INFO - Setting next_dagrun for example_sensors to None, run_after=None
[2023-09-27T11:27:58.380+0000] {processor.py:179} INFO - Processing /usr/local/lib/python3.10/dist-packages/airflow/example_dags/example_sensors.py took 0.095 seconds
[2023-09-27T11:28:45.462+0000] {processor.py:157} INFO - Started process (PID=6117) to work on /usr/local/lib/python3.10/dist-packages/airflow/example_dags/example_sensors.py
[2023-09-27T11:28:45.464+0000] {processor.py:829} INFO - Processing file /usr/local/lib/python3.10/dist-packages/airflow/example_dags/example_sensors.py for tasks to queue
[2023-09-27T11:28:45.465+0000] {logging_mixin.py:151} INFO - [2023-09-27T11:28:45.464+0000] {dagbag.py:539} INFO - Filling up the DagBag from /usr/local/lib/python3.10/dist-packages/airflow/example_dags/example_sensors.py
[2023-09-27T11:28:45.474+0000] {processor.py:839} INFO - DAG(s) dict_keys(['example_sensors']) retrieved from /usr/local/lib/python3.10/dist-packages/airflow/example_dags/example_sensors.py
[2023-09-27T11:28:45.496+0000] {logging_mixin.py:151} INFO - [2023-09-27T11:28:45.496+0000] {dag.py:2915} INFO - Sync 1 DAGs
[2023-09-27T11:28:45.507+0000] {logging_mixin.py:151} INFO - [2023-09-27T11:28:45.507+0000] {dag.py:3696} INFO - Setting next_dagrun for example_sensors to None, run_after=None
[2023-09-27T11:28:45.532+0000] {processor.py:179} INFO - Processing /usr/local/lib/python3.10/dist-packages/airflow/example_dags/example_sensors.py took 0.073 seconds
[2023-09-27T11:29:36.969+0000] {processor.py:157} INFO - Started process (PID=6171) to work on /usr/local/lib/python3.10/dist-packages/airflow/example_dags/example_sensors.py
[2023-09-27T11:29:36.971+0000] {processor.py:829} INFO - Processing file /usr/local/lib/python3.10/dist-packages/airflow/example_dags/example_sensors.py for tasks to queue
[2023-09-27T11:29:36.971+0000] {logging_mixin.py:151} INFO - [2023-09-27T11:29:36.971+0000] {dagbag.py:539} INFO - Filling up the DagBag from /usr/local/lib/python3.10/dist-packages/airflow/example_dags/example_sensors.py
[2023-09-27T11:29:36.981+0000] {processor.py:839} INFO - DAG(s) dict_keys(['example_sensors']) retrieved from /usr/local/lib/python3.10/dist-packages/airflow/example_dags/example_sensors.py
[2023-09-27T11:29:36.999+0000] {logging_mixin.py:151} INFO - [2023-09-27T11:29:36.999+0000] {dag.py:2915} INFO - Sync 1 DAGs
[2023-09-27T11:29:37.016+0000] {logging_mixin.py:151} INFO - [2023-09-27T11:29:37.016+0000] {dag.py:3696} INFO - Setting next_dagrun for example_sensors to None, run_after=None
[2023-09-27T11:29:37.037+0000] {processor.py:179} INFO - Processing /usr/local/lib/python3.10/dist-packages/airflow/example_dags/example_sensors.py took 0.071 seconds
[2023-09-27T11:30:27.695+0000] {processor.py:157} INFO - Started process (PID=6224) to work on /usr/local/lib/python3.10/dist-packages/airflow/example_dags/example_sensors.py
[2023-09-27T11:30:27.696+0000] {processor.py:829} INFO - Processing file /usr/local/lib/python3.10/dist-packages/airflow/example_dags/example_sensors.py for tasks to queue
[2023-09-27T11:30:27.697+0000] {logging_mixin.py:151} INFO - [2023-09-27T11:30:27.697+0000] {dagbag.py:539} INFO - Filling up the DagBag from /usr/local/lib/python3.10/dist-packages/airflow/example_dags/example_sensors.py
[2023-09-27T11:30:27.707+0000] {processor.py:839} INFO - DAG(s) dict_keys(['example_sensors']) retrieved from /usr/local/lib/python3.10/dist-packages/airflow/example_dags/example_sensors.py
[2023-09-27T11:30:27.728+0000] {logging_mixin.py:151} INFO - [2023-09-27T11:30:27.728+0000] {dag.py:2915} INFO - Sync 1 DAGs
[2023-09-27T11:30:27.740+0000] {logging_mixin.py:151} INFO - [2023-09-27T11:30:27.740+0000] {dag.py:3696} INFO - Setting next_dagrun for example_sensors to None, run_after=None
[2023-09-27T11:30:27.764+0000] {processor.py:179} INFO - Processing /usr/local/lib/python3.10/dist-packages/airflow/example_dags/example_sensors.py took 0.072 seconds
[2023-09-27T11:31:17.617+0000] {processor.py:157} INFO - Started process (PID=6276) to work on /usr/local/lib/python3.10/dist-packages/airflow/example_dags/example_sensors.py
[2023-09-27T11:31:17.618+0000] {processor.py:829} INFO - Processing file /usr/local/lib/python3.10/dist-packages/airflow/example_dags/example_sensors.py for tasks to queue
[2023-09-27T11:31:17.619+0000] {logging_mixin.py:151} INFO - [2023-09-27T11:31:17.619+0000] {dagbag.py:539} INFO - Filling up the DagBag from /usr/local/lib/python3.10/dist-packages/airflow/example_dags/example_sensors.py
[2023-09-27T11:31:17.629+0000] {processor.py:839} INFO - DAG(s) dict_keys(['example_sensors']) retrieved from /usr/local/lib/python3.10/dist-packages/airflow/example_dags/example_sensors.py
[2023-09-27T11:31:17.656+0000] {logging_mixin.py:151} INFO - [2023-09-27T11:31:17.655+0000] {dag.py:2915} INFO - Sync 1 DAGs
[2023-09-27T11:31:17.667+0000] {logging_mixin.py:151} INFO - [2023-09-27T11:31:17.667+0000] {dag.py:3696} INFO - Setting next_dagrun for example_sensors to None, run_after=None
[2023-09-27T11:31:17.690+0000] {processor.py:179} INFO - Processing /usr/local/lib/python3.10/dist-packages/airflow/example_dags/example_sensors.py took 0.079 seconds
[2023-09-27T11:32:03.098+0000] {processor.py:157} INFO - Started process (PID=6330) to work on /usr/local/lib/python3.10/dist-packages/airflow/example_dags/example_sensors.py
[2023-09-27T11:32:03.099+0000] {processor.py:829} INFO - Processing file /usr/local/lib/python3.10/dist-packages/airflow/example_dags/example_sensors.py for tasks to queue
[2023-09-27T11:32:03.100+0000] {logging_mixin.py:151} INFO - [2023-09-27T11:32:03.100+0000] {dagbag.py:539} INFO - Filling up the DagBag from /usr/local/lib/python3.10/dist-packages/airflow/example_dags/example_sensors.py
[2023-09-27T11:32:03.112+0000] {processor.py:839} INFO - DAG(s) dict_keys(['example_sensors']) retrieved from /usr/local/lib/python3.10/dist-packages/airflow/example_dags/example_sensors.py
[2023-09-27T11:32:03.135+0000] {logging_mixin.py:151} INFO - [2023-09-27T11:32:03.135+0000] {dag.py:2915} INFO - Sync 1 DAGs
[2023-09-27T11:32:03.147+0000] {logging_mixin.py:151} INFO - [2023-09-27T11:32:03.146+0000] {dag.py:3696} INFO - Setting next_dagrun for example_sensors to None, run_after=None
[2023-09-27T11:32:03.174+0000] {processor.py:179} INFO - Processing /usr/local/lib/python3.10/dist-packages/airflow/example_dags/example_sensors.py took 0.079 seconds
[2023-09-27T11:32:47.480+0000] {processor.py:157} INFO - Started process (PID=6380) to work on /usr/local/lib/python3.10/dist-packages/airflow/example_dags/example_sensors.py
[2023-09-27T11:32:47.481+0000] {processor.py:829} INFO - Processing file /usr/local/lib/python3.10/dist-packages/airflow/example_dags/example_sensors.py for tasks to queue
[2023-09-27T11:32:47.482+0000] {logging_mixin.py:151} INFO - [2023-09-27T11:32:47.481+0000] {dagbag.py:539} INFO - Filling up the DagBag from /usr/local/lib/python3.10/dist-packages/airflow/example_dags/example_sensors.py
[2023-09-27T11:32:47.495+0000] {processor.py:839} INFO - DAG(s) dict_keys(['example_sensors']) retrieved from /usr/local/lib/python3.10/dist-packages/airflow/example_dags/example_sensors.py
[2023-09-27T11:32:47.522+0000] {logging_mixin.py:151} INFO - [2023-09-27T11:32:47.521+0000] {dag.py:2915} INFO - Sync 1 DAGs
[2023-09-27T11:32:47.536+0000] {logging_mixin.py:151} INFO - [2023-09-27T11:32:47.535+0000] {dag.py:3696} INFO - Setting next_dagrun for example_sensors to None, run_after=None
[2023-09-27T11:32:47.559+0000] {processor.py:179} INFO - Processing /usr/local/lib/python3.10/dist-packages/airflow/example_dags/example_sensors.py took 0.083 seconds
[2023-09-27T11:33:37.444+0000] {processor.py:157} INFO - Started process (PID=6429) to work on /usr/local/lib/python3.10/dist-packages/airflow/example_dags/example_sensors.py
[2023-09-27T11:33:37.445+0000] {processor.py:829} INFO - Processing file /usr/local/lib/python3.10/dist-packages/airflow/example_dags/example_sensors.py for tasks to queue
[2023-09-27T11:33:37.446+0000] {logging_mixin.py:151} INFO - [2023-09-27T11:33:37.445+0000] {dagbag.py:539} INFO - Filling up the DagBag from /usr/local/lib/python3.10/dist-packages/airflow/example_dags/example_sensors.py
[2023-09-27T11:33:37.455+0000] {processor.py:839} INFO - DAG(s) dict_keys(['example_sensors']) retrieved from /usr/local/lib/python3.10/dist-packages/airflow/example_dags/example_sensors.py
[2023-09-27T11:33:37.482+0000] {logging_mixin.py:151} INFO - [2023-09-27T11:33:37.482+0000] {dag.py:2915} INFO - Sync 1 DAGs
[2023-09-27T11:33:37.493+0000] {logging_mixin.py:151} INFO - [2023-09-27T11:33:37.493+0000] {dag.py:3696} INFO - Setting next_dagrun for example_sensors to None, run_after=None
[2023-09-27T11:33:37.514+0000] {processor.py:179} INFO - Processing /usr/local/lib/python3.10/dist-packages/airflow/example_dags/example_sensors.py took 0.073 seconds
[2023-09-27T11:34:27.285+0000] {processor.py:157} INFO - Started process (PID=6481) to work on /usr/local/lib/python3.10/dist-packages/airflow/example_dags/example_sensors.py
[2023-09-27T11:34:27.286+0000] {processor.py:829} INFO - Processing file /usr/local/lib/python3.10/dist-packages/airflow/example_dags/example_sensors.py for tasks to queue
[2023-09-27T11:34:27.287+0000] {logging_mixin.py:151} INFO - [2023-09-27T11:34:27.286+0000] {dagbag.py:539} INFO - Filling up the DagBag from /usr/local/lib/python3.10/dist-packages/airflow/example_dags/example_sensors.py
[2023-09-27T11:34:27.297+0000] {processor.py:839} INFO - DAG(s) dict_keys(['example_sensors']) retrieved from /usr/local/lib/python3.10/dist-packages/airflow/example_dags/example_sensors.py
[2023-09-27T11:34:27.317+0000] {logging_mixin.py:151} INFO - [2023-09-27T11:34:27.317+0000] {dag.py:2915} INFO - Sync 1 DAGs
[2023-09-27T11:34:27.327+0000] {logging_mixin.py:151} INFO - [2023-09-27T11:34:27.327+0000] {dag.py:3696} INFO - Setting next_dagrun for example_sensors to None, run_after=None
[2023-09-27T11:34:27.351+0000] {processor.py:179} INFO - Processing /usr/local/lib/python3.10/dist-packages/airflow/example_dags/example_sensors.py took 0.069 seconds
[2023-09-27T11:35:15.712+0000] {processor.py:157} INFO - Started process (PID=6536) to work on /usr/local/lib/python3.10/dist-packages/airflow/example_dags/example_sensors.py
[2023-09-27T11:35:15.713+0000] {processor.py:829} INFO - Processing file /usr/local/lib/python3.10/dist-packages/airflow/example_dags/example_sensors.py for tasks to queue
[2023-09-27T11:35:15.714+0000] {logging_mixin.py:151} INFO - [2023-09-27T11:35:15.714+0000] {dagbag.py:539} INFO - Filling up the DagBag from /usr/local/lib/python3.10/dist-packages/airflow/example_dags/example_sensors.py
[2023-09-27T11:35:15.725+0000] {processor.py:839} INFO - DAG(s) dict_keys(['example_sensors']) retrieved from /usr/local/lib/python3.10/dist-packages/airflow/example_dags/example_sensors.py
[2023-09-27T11:35:15.747+0000] {logging_mixin.py:151} INFO - [2023-09-27T11:35:15.747+0000] {dag.py:2915} INFO - Sync 1 DAGs
[2023-09-27T11:35:15.768+0000] {logging_mixin.py:151} INFO - [2023-09-27T11:35:15.768+0000] {dag.py:3696} INFO - Setting next_dagrun for example_sensors to None, run_after=None
[2023-09-27T11:35:15.791+0000] {processor.py:179} INFO - Processing /usr/local/lib/python3.10/dist-packages/airflow/example_dags/example_sensors.py took 0.082 seconds
[2023-09-27T11:36:06.359+0000] {processor.py:157} INFO - Started process (PID=6595) to work on /usr/local/lib/python3.10/dist-packages/airflow/example_dags/example_sensors.py
[2023-09-27T11:36:06.360+0000] {processor.py:829} INFO - Processing file /usr/local/lib/python3.10/dist-packages/airflow/example_dags/example_sensors.py for tasks to queue
[2023-09-27T11:36:06.361+0000] {logging_mixin.py:151} INFO - [2023-09-27T11:36:06.360+0000] {dagbag.py:539} INFO - Filling up the DagBag from /usr/local/lib/python3.10/dist-packages/airflow/example_dags/example_sensors.py
[2023-09-27T11:36:06.370+0000] {processor.py:839} INFO - DAG(s) dict_keys(['example_sensors']) retrieved from /usr/local/lib/python3.10/dist-packages/airflow/example_dags/example_sensors.py
[2023-09-27T11:36:06.390+0000] {logging_mixin.py:151} INFO - [2023-09-27T11:36:06.390+0000] {dag.py:2915} INFO - Sync 1 DAGs
[2023-09-27T11:36:06.402+0000] {logging_mixin.py:151} INFO - [2023-09-27T11:36:06.402+0000] {dag.py:3696} INFO - Setting next_dagrun for example_sensors to None, run_after=None
[2023-09-27T11:36:06.424+0000] {processor.py:179} INFO - Processing /usr/local/lib/python3.10/dist-packages/airflow/example_dags/example_sensors.py took 0.068 seconds
[2023-09-27T11:36:54.666+0000] {processor.py:157} INFO - Started process (PID=6712) to work on /usr/local/lib/python3.10/dist-packages/airflow/example_dags/example_sensors.py
[2023-09-27T11:36:54.668+0000] {processor.py:829} INFO - Processing file /usr/local/lib/python3.10/dist-packages/airflow/example_dags/example_sensors.py for tasks to queue
[2023-09-27T11:36:54.668+0000] {logging_mixin.py:151} INFO - [2023-09-27T11:36:54.668+0000] {dagbag.py:539} INFO - Filling up the DagBag from /usr/local/lib/python3.10/dist-packages/airflow/example_dags/example_sensors.py
[2023-09-27T11:36:54.678+0000] {processor.py:839} INFO - DAG(s) dict_keys(['example_sensors']) retrieved from /usr/local/lib/python3.10/dist-packages/airflow/example_dags/example_sensors.py
[2023-09-27T11:36:54.701+0000] {logging_mixin.py:151} INFO - [2023-09-27T11:36:54.701+0000] {dag.py:2915} INFO - Sync 1 DAGs
[2023-09-27T11:36:54.712+0000] {logging_mixin.py:151} INFO - [2023-09-27T11:36:54.712+0000] {dag.py:3696} INFO - Setting next_dagrun for example_sensors to None, run_after=None
[2023-09-27T11:36:54.734+0000] {processor.py:179} INFO - Processing /usr/local/lib/python3.10/dist-packages/airflow/example_dags/example_sensors.py took 0.071 seconds
[2023-09-27T17:56:56.490+0000] {processor.py:157} INFO - Started process (PID=10615) to work on /home/ubuntu/airflow_venv/lib/python3.10/site-packages/airflow/example_dags/example_sensors.py
[2023-09-27T17:56:56.492+0000] {processor.py:829} INFO - Processing file /home/ubuntu/airflow_venv/lib/python3.10/site-packages/airflow/example_dags/example_sensors.py for tasks to queue
[2023-09-27T17:56:56.494+0000] {logging_mixin.py:151} INFO - [2023-09-27T17:56:56.492+0000] {dagbag.py:539} INFO - Filling up the DagBag from /home/ubuntu/airflow_venv/lib/python3.10/site-packages/airflow/example_dags/example_sensors.py
[2023-09-27T17:56:56.505+0000] {processor.py:839} INFO - DAG(s) dict_keys(['example_sensors']) retrieved from /home/ubuntu/airflow_venv/lib/python3.10/site-packages/airflow/example_dags/example_sensors.py
[2023-09-27T17:56:56.683+0000] {logging_mixin.py:151} INFO - [2023-09-27T17:56:56.678+0000] {security.py:708} INFO - Not syncing DAG-level permissions for DAG 'DAG:example_sensors' as access control is unset.
[2023-09-27T17:56:56.684+0000] {logging_mixin.py:151} INFO - [2023-09-27T17:56:56.684+0000] {dag.py:2915} INFO - Sync 1 DAGs
[2023-09-27T17:56:56.698+0000] {logging_mixin.py:151} INFO - [2023-09-27T17:56:56.698+0000] {dag.py:3696} INFO - Setting next_dagrun for example_sensors to None, run_after=None
[2023-09-27T17:56:56.740+0000] {processor.py:179} INFO - Processing /home/ubuntu/airflow_venv/lib/python3.10/site-packages/airflow/example_dags/example_sensors.py took 0.254 seconds
[2023-09-27T17:57:49.340+0000] {processor.py:157} INFO - Started process (PID=10663) to work on /home/ubuntu/airflow_venv/lib/python3.10/site-packages/airflow/example_dags/example_sensors.py
[2023-09-27T17:57:49.344+0000] {processor.py:829} INFO - Processing file /home/ubuntu/airflow_venv/lib/python3.10/site-packages/airflow/example_dags/example_sensors.py for tasks to queue
[2023-09-27T17:57:49.347+0000] {logging_mixin.py:151} INFO - [2023-09-27T17:57:49.344+0000] {dagbag.py:539} INFO - Filling up the DagBag from /home/ubuntu/airflow_venv/lib/python3.10/site-packages/airflow/example_dags/example_sensors.py
[2023-09-27T17:57:49.364+0000] {processor.py:839} INFO - DAG(s) dict_keys(['example_sensors']) retrieved from /home/ubuntu/airflow_venv/lib/python3.10/site-packages/airflow/example_dags/example_sensors.py
[2023-09-27T17:57:49.396+0000] {logging_mixin.py:151} INFO - [2023-09-27T17:57:49.396+0000] {dag.py:2915} INFO - Sync 1 DAGs
[2023-09-27T17:57:49.411+0000] {logging_mixin.py:151} INFO - [2023-09-27T17:57:49.411+0000] {dag.py:3696} INFO - Setting next_dagrun for example_sensors to None, run_after=None
[2023-09-27T17:57:49.445+0000] {processor.py:179} INFO - Processing /home/ubuntu/airflow_venv/lib/python3.10/site-packages/airflow/example_dags/example_sensors.py took 0.109 seconds
[2023-09-27T17:58:45.101+0000] {processor.py:157} INFO - Started process (PID=10718) to work on /home/ubuntu/airflow_venv/lib/python3.10/site-packages/airflow/example_dags/example_sensors.py
[2023-09-27T17:58:45.104+0000] {processor.py:829} INFO - Processing file /home/ubuntu/airflow_venv/lib/python3.10/site-packages/airflow/example_dags/example_sensors.py for tasks to queue
[2023-09-27T17:58:45.105+0000] {logging_mixin.py:151} INFO - [2023-09-27T17:58:45.105+0000] {dagbag.py:539} INFO - Filling up the DagBag from /home/ubuntu/airflow_venv/lib/python3.10/site-packages/airflow/example_dags/example_sensors.py
[2023-09-27T17:58:45.121+0000] {processor.py:839} INFO - DAG(s) dict_keys(['example_sensors']) retrieved from /home/ubuntu/airflow_venv/lib/python3.10/site-packages/airflow/example_dags/example_sensors.py
[2023-09-27T17:58:45.153+0000] {logging_mixin.py:151} INFO - [2023-09-27T17:58:45.153+0000] {dag.py:2915} INFO - Sync 1 DAGs
[2023-09-27T17:58:45.163+0000] {logging_mixin.py:151} INFO - [2023-09-27T17:58:45.163+0000] {dag.py:3696} INFO - Setting next_dagrun for example_sensors to None, run_after=None
[2023-09-27T17:58:45.198+0000] {processor.py:179} INFO - Processing /home/ubuntu/airflow_venv/lib/python3.10/site-packages/airflow/example_dags/example_sensors.py took 0.103 seconds
[2023-09-27T17:59:28.097+0000] {processor.py:157} INFO - Started process (PID=10771) to work on /home/ubuntu/airflow_venv/lib/python3.10/site-packages/airflow/example_dags/example_sensors.py
[2023-09-27T17:59:28.098+0000] {processor.py:829} INFO - Processing file /home/ubuntu/airflow_venv/lib/python3.10/site-packages/airflow/example_dags/example_sensors.py for tasks to queue
[2023-09-27T17:59:28.100+0000] {logging_mixin.py:151} INFO - [2023-09-27T17:59:28.099+0000] {dagbag.py:539} INFO - Filling up the DagBag from /home/ubuntu/airflow_venv/lib/python3.10/site-packages/airflow/example_dags/example_sensors.py
[2023-09-27T17:59:28.118+0000] {processor.py:839} INFO - DAG(s) dict_keys(['example_sensors']) retrieved from /home/ubuntu/airflow_venv/lib/python3.10/site-packages/airflow/example_dags/example_sensors.py
[2023-09-27T17:59:28.156+0000] {logging_mixin.py:151} INFO - [2023-09-27T17:59:28.156+0000] {dag.py:2915} INFO - Sync 1 DAGs
[2023-09-27T17:59:28.171+0000] {logging_mixin.py:151} INFO - [2023-09-27T17:59:28.171+0000] {dag.py:3696} INFO - Setting next_dagrun for example_sensors to None, run_after=None
[2023-09-27T17:59:28.203+0000] {processor.py:179} INFO - Processing /home/ubuntu/airflow_venv/lib/python3.10/site-packages/airflow/example_dags/example_sensors.py took 0.109 seconds
[2023-09-27T18:00:18.979+0000] {processor.py:157} INFO - Started process (PID=10828) to work on /home/ubuntu/airflow_venv/lib/python3.10/site-packages/airflow/example_dags/example_sensors.py
[2023-09-27T18:00:18.981+0000] {processor.py:829} INFO - Processing file /home/ubuntu/airflow_venv/lib/python3.10/site-packages/airflow/example_dags/example_sensors.py for tasks to queue
[2023-09-27T18:00:18.982+0000] {logging_mixin.py:151} INFO - [2023-09-27T18:00:18.981+0000] {dagbag.py:539} INFO - Filling up the DagBag from /home/ubuntu/airflow_venv/lib/python3.10/site-packages/airflow/example_dags/example_sensors.py
[2023-09-27T18:00:18.992+0000] {processor.py:839} INFO - DAG(s) dict_keys(['example_sensors']) retrieved from /home/ubuntu/airflow_venv/lib/python3.10/site-packages/airflow/example_dags/example_sensors.py
[2023-09-27T18:00:19.014+0000] {logging_mixin.py:151} INFO - [2023-09-27T18:00:19.013+0000] {dag.py:2915} INFO - Sync 1 DAGs
[2023-09-27T18:00:19.027+0000] {logging_mixin.py:151} INFO - [2023-09-27T18:00:19.027+0000] {dag.py:3696} INFO - Setting next_dagrun for example_sensors to None, run_after=None
[2023-09-27T18:00:19.072+0000] {processor.py:179} INFO - Processing /home/ubuntu/airflow_venv/lib/python3.10/site-packages/airflow/example_dags/example_sensors.py took 0.095 seconds
[2023-09-27T18:01:07.437+0000] {processor.py:157} INFO - Started process (PID=10877) to work on /home/ubuntu/airflow_venv/lib/python3.10/site-packages/airflow/example_dags/example_sensors.py
[2023-09-27T18:01:07.438+0000] {processor.py:829} INFO - Processing file /home/ubuntu/airflow_venv/lib/python3.10/site-packages/airflow/example_dags/example_sensors.py for tasks to queue
[2023-09-27T18:01:07.439+0000] {logging_mixin.py:151} INFO - [2023-09-27T18:01:07.439+0000] {dagbag.py:539} INFO - Filling up the DagBag from /home/ubuntu/airflow_venv/lib/python3.10/site-packages/airflow/example_dags/example_sensors.py
[2023-09-27T18:01:07.449+0000] {processor.py:839} INFO - DAG(s) dict_keys(['example_sensors']) retrieved from /home/ubuntu/airflow_venv/lib/python3.10/site-packages/airflow/example_dags/example_sensors.py
[2023-09-27T18:01:07.473+0000] {logging_mixin.py:151} INFO - [2023-09-27T18:01:07.473+0000] {dag.py:2915} INFO - Sync 1 DAGs
[2023-09-27T18:01:07.488+0000] {logging_mixin.py:151} INFO - [2023-09-27T18:01:07.488+0000] {dag.py:3696} INFO - Setting next_dagrun for example_sensors to None, run_after=None
[2023-09-27T18:01:07.521+0000] {processor.py:179} INFO - Processing /home/ubuntu/airflow_venv/lib/python3.10/site-packages/airflow/example_dags/example_sensors.py took 0.088 seconds
[2023-09-27T18:01:53.382+0000] {processor.py:157} INFO - Started process (PID=10925) to work on /home/ubuntu/airflow_venv/lib/python3.10/site-packages/airflow/example_dags/example_sensors.py
[2023-09-27T18:01:53.384+0000] {processor.py:829} INFO - Processing file /home/ubuntu/airflow_venv/lib/python3.10/site-packages/airflow/example_dags/example_sensors.py for tasks to queue
[2023-09-27T18:01:53.385+0000] {logging_mixin.py:151} INFO - [2023-09-27T18:01:53.385+0000] {dagbag.py:539} INFO - Filling up the DagBag from /home/ubuntu/airflow_venv/lib/python3.10/site-packages/airflow/example_dags/example_sensors.py
[2023-09-27T18:01:53.396+0000] {processor.py:839} INFO - DAG(s) dict_keys(['example_sensors']) retrieved from /home/ubuntu/airflow_venv/lib/python3.10/site-packages/airflow/example_dags/example_sensors.py
[2023-09-27T18:01:53.422+0000] {logging_mixin.py:151} INFO - [2023-09-27T18:01:53.422+0000] {dag.py:2915} INFO - Sync 1 DAGs
[2023-09-27T18:01:53.454+0000] {logging_mixin.py:151} INFO - [2023-09-27T18:01:53.454+0000] {dag.py:3696} INFO - Setting next_dagrun for example_sensors to None, run_after=None
[2023-09-27T18:01:53.480+0000] {processor.py:179} INFO - Processing /home/ubuntu/airflow_venv/lib/python3.10/site-packages/airflow/example_dags/example_sensors.py took 0.102 seconds
[2023-09-27T18:02:40.334+0000] {processor.py:157} INFO - Started process (PID=10976) to work on /home/ubuntu/airflow_venv/lib/python3.10/site-packages/airflow/example_dags/example_sensors.py
[2023-09-27T18:02:40.335+0000] {processor.py:829} INFO - Processing file /home/ubuntu/airflow_venv/lib/python3.10/site-packages/airflow/example_dags/example_sensors.py for tasks to queue
[2023-09-27T18:02:40.336+0000] {logging_mixin.py:151} INFO - [2023-09-27T18:02:40.335+0000] {dagbag.py:539} INFO - Filling up the DagBag from /home/ubuntu/airflow_venv/lib/python3.10/site-packages/airflow/example_dags/example_sensors.py
[2023-09-27T18:02:40.346+0000] {processor.py:839} INFO - DAG(s) dict_keys(['example_sensors']) retrieved from /home/ubuntu/airflow_venv/lib/python3.10/site-packages/airflow/example_dags/example_sensors.py
[2023-09-27T18:02:40.366+0000] {logging_mixin.py:151} INFO - [2023-09-27T18:02:40.366+0000] {dag.py:2915} INFO - Sync 1 DAGs
[2023-09-27T18:02:40.377+0000] {logging_mixin.py:151} INFO - [2023-09-27T18:02:40.377+0000] {dag.py:3696} INFO - Setting next_dagrun for example_sensors to None, run_after=None
[2023-09-27T18:02:40.398+0000] {processor.py:179} INFO - Processing /home/ubuntu/airflow_venv/lib/python3.10/site-packages/airflow/example_dags/example_sensors.py took 0.068 seconds
[2023-09-27T18:03:28.422+0000] {processor.py:157} INFO - Started process (PID=11089) to work on /home/ubuntu/airflow_venv/lib/python3.10/site-packages/airflow/example_dags/example_sensors.py
[2023-09-27T18:03:28.423+0000] {processor.py:829} INFO - Processing file /home/ubuntu/airflow_venv/lib/python3.10/site-packages/airflow/example_dags/example_sensors.py for tasks to queue
[2023-09-27T18:03:28.424+0000] {logging_mixin.py:151} INFO - [2023-09-27T18:03:28.423+0000] {dagbag.py:539} INFO - Filling up the DagBag from /home/ubuntu/airflow_venv/lib/python3.10/site-packages/airflow/example_dags/example_sensors.py
[2023-09-27T18:03:28.439+0000] {processor.py:839} INFO - DAG(s) dict_keys(['example_sensors']) retrieved from /home/ubuntu/airflow_venv/lib/python3.10/site-packages/airflow/example_dags/example_sensors.py
[2023-09-27T18:03:28.463+0000] {logging_mixin.py:151} INFO - [2023-09-27T18:03:28.463+0000] {dag.py:2915} INFO - Sync 1 DAGs
[2023-09-27T18:03:28.475+0000] {logging_mixin.py:151} INFO - [2023-09-27T18:03:28.475+0000] {dag.py:3696} INFO - Setting next_dagrun for example_sensors to None, run_after=None
[2023-09-27T18:03:28.497+0000] {processor.py:179} INFO - Processing /home/ubuntu/airflow_venv/lib/python3.10/site-packages/airflow/example_dags/example_sensors.py took 0.078 seconds
[2023-09-27T18:04:14.361+0000] {processor.py:157} INFO - Started process (PID=11142) to work on /home/ubuntu/airflow_venv/lib/python3.10/site-packages/airflow/example_dags/example_sensors.py
[2023-09-27T18:04:14.363+0000] {processor.py:829} INFO - Processing file /home/ubuntu/airflow_venv/lib/python3.10/site-packages/airflow/example_dags/example_sensors.py for tasks to queue
[2023-09-27T18:04:14.364+0000] {logging_mixin.py:151} INFO - [2023-09-27T18:04:14.363+0000] {dagbag.py:539} INFO - Filling up the DagBag from /home/ubuntu/airflow_venv/lib/python3.10/site-packages/airflow/example_dags/example_sensors.py
[2023-09-27T18:04:14.374+0000] {processor.py:839} INFO - DAG(s) dict_keys(['example_sensors']) retrieved from /home/ubuntu/airflow_venv/lib/python3.10/site-packages/airflow/example_dags/example_sensors.py
[2023-09-27T18:04:14.409+0000] {logging_mixin.py:151} INFO - [2023-09-27T18:04:14.409+0000] {dag.py:2915} INFO - Sync 1 DAGs
[2023-09-27T18:04:14.424+0000] {logging_mixin.py:151} INFO - [2023-09-27T18:04:14.424+0000] {dag.py:3696} INFO - Setting next_dagrun for example_sensors to None, run_after=None
[2023-09-27T18:04:14.449+0000] {processor.py:179} INFO - Processing /home/ubuntu/airflow_venv/lib/python3.10/site-packages/airflow/example_dags/example_sensors.py took 0.091 seconds
[2023-09-27T18:04:58.675+0000] {processor.py:157} INFO - Started process (PID=11374) to work on /home/ubuntu/airflow_venv/lib/python3.10/site-packages/airflow/example_dags/example_sensors.py
[2023-09-27T18:04:58.676+0000] {processor.py:829} INFO - Processing file /home/ubuntu/airflow_venv/lib/python3.10/site-packages/airflow/example_dags/example_sensors.py for tasks to queue
[2023-09-27T18:04:58.678+0000] {logging_mixin.py:151} INFO - [2023-09-27T18:04:58.677+0000] {dagbag.py:539} INFO - Filling up the DagBag from /home/ubuntu/airflow_venv/lib/python3.10/site-packages/airflow/example_dags/example_sensors.py
[2023-09-27T18:04:58.690+0000] {processor.py:839} INFO - DAG(s) dict_keys(['example_sensors']) retrieved from /home/ubuntu/airflow_venv/lib/python3.10/site-packages/airflow/example_dags/example_sensors.py
[2023-09-27T18:04:58.713+0000] {logging_mixin.py:151} INFO - [2023-09-27T18:04:58.713+0000] {dag.py:2915} INFO - Sync 1 DAGs
[2023-09-27T18:04:58.726+0000] {logging_mixin.py:151} INFO - [2023-09-27T18:04:58.726+0000] {dag.py:3696} INFO - Setting next_dagrun for example_sensors to None, run_after=None
[2023-09-27T18:04:58.753+0000] {processor.py:179} INFO - Processing /home/ubuntu/airflow_venv/lib/python3.10/site-packages/airflow/example_dags/example_sensors.py took 0.082 seconds
[2023-09-27T18:05:46.734+0000] {processor.py:157} INFO - Started process (PID=11484) to work on /home/ubuntu/airflow_venv/lib/python3.10/site-packages/airflow/example_dags/example_sensors.py
[2023-09-27T18:05:46.735+0000] {processor.py:829} INFO - Processing file /home/ubuntu/airflow_venv/lib/python3.10/site-packages/airflow/example_dags/example_sensors.py for tasks to queue
[2023-09-27T18:05:46.736+0000] {logging_mixin.py:151} INFO - [2023-09-27T18:05:46.736+0000] {dagbag.py:539} INFO - Filling up the DagBag from /home/ubuntu/airflow_venv/lib/python3.10/site-packages/airflow/example_dags/example_sensors.py
[2023-09-27T18:05:46.746+0000] {processor.py:839} INFO - DAG(s) dict_keys(['example_sensors']) retrieved from /home/ubuntu/airflow_venv/lib/python3.10/site-packages/airflow/example_dags/example_sensors.py
[2023-09-27T18:05:46.766+0000] {logging_mixin.py:151} INFO - [2023-09-27T18:05:46.765+0000] {dag.py:2915} INFO - Sync 1 DAGs
[2023-09-27T18:05:46.777+0000] {logging_mixin.py:151} INFO - [2023-09-27T18:05:46.776+0000] {dag.py:3696} INFO - Setting next_dagrun for example_sensors to None, run_after=None
[2023-09-27T18:05:46.798+0000] {processor.py:179} INFO - Processing /home/ubuntu/airflow_venv/lib/python3.10/site-packages/airflow/example_dags/example_sensors.py took 0.067 seconds
[2023-09-27T18:06:38.250+0000] {processor.py:157} INFO - Started process (PID=11581) to work on /home/ubuntu/airflow_venv/lib/python3.10/site-packages/airflow/example_dags/example_sensors.py
[2023-09-27T18:06:38.252+0000] {processor.py:829} INFO - Processing file /home/ubuntu/airflow_venv/lib/python3.10/site-packages/airflow/example_dags/example_sensors.py for tasks to queue
[2023-09-27T18:06:38.253+0000] {logging_mixin.py:151} INFO - [2023-09-27T18:06:38.252+0000] {dagbag.py:539} INFO - Filling up the DagBag from /home/ubuntu/airflow_venv/lib/python3.10/site-packages/airflow/example_dags/example_sensors.py
[2023-09-27T18:06:38.265+0000] {processor.py:839} INFO - DAG(s) dict_keys(['example_sensors']) retrieved from /home/ubuntu/airflow_venv/lib/python3.10/site-packages/airflow/example_dags/example_sensors.py
[2023-09-27T18:06:38.287+0000] {logging_mixin.py:151} INFO - [2023-09-27T18:06:38.287+0000] {dag.py:2915} INFO - Sync 1 DAGs
[2023-09-27T18:06:38.298+0000] {logging_mixin.py:151} INFO - [2023-09-27T18:06:38.298+0000] {dag.py:3696} INFO - Setting next_dagrun for example_sensors to None, run_after=None
[2023-09-27T18:06:38.318+0000] {processor.py:179} INFO - Processing /home/ubuntu/airflow_venv/lib/python3.10/site-packages/airflow/example_dags/example_sensors.py took 0.071 seconds
[2023-09-27T18:07:29.782+0000] {processor.py:157} INFO - Started process (PID=11633) to work on /home/ubuntu/airflow_venv/lib/python3.10/site-packages/airflow/example_dags/example_sensors.py
[2023-09-27T18:07:29.784+0000] {processor.py:829} INFO - Processing file /home/ubuntu/airflow_venv/lib/python3.10/site-packages/airflow/example_dags/example_sensors.py for tasks to queue
[2023-09-27T18:07:29.785+0000] {logging_mixin.py:151} INFO - [2023-09-27T18:07:29.784+0000] {dagbag.py:539} INFO - Filling up the DagBag from /home/ubuntu/airflow_venv/lib/python3.10/site-packages/airflow/example_dags/example_sensors.py
[2023-09-27T18:07:29.795+0000] {processor.py:839} INFO - DAG(s) dict_keys(['example_sensors']) retrieved from /home/ubuntu/airflow_venv/lib/python3.10/site-packages/airflow/example_dags/example_sensors.py
[2023-09-27T18:07:29.815+0000] {logging_mixin.py:151} INFO - [2023-09-27T18:07:29.814+0000] {dag.py:2915} INFO - Sync 1 DAGs
[2023-09-27T18:07:29.825+0000] {logging_mixin.py:151} INFO - [2023-09-27T18:07:29.825+0000] {dag.py:3696} INFO - Setting next_dagrun for example_sensors to None, run_after=None
[2023-09-27T18:07:29.869+0000] {processor.py:179} INFO - Processing /home/ubuntu/airflow_venv/lib/python3.10/site-packages/airflow/example_dags/example_sensors.py took 0.089 seconds
[2023-09-27T18:08:22.188+0000] {processor.py:157} INFO - Started process (PID=11794) to work on /home/ubuntu/airflow_venv/lib/python3.10/site-packages/airflow/example_dags/example_sensors.py
[2023-09-27T18:08:22.189+0000] {processor.py:829} INFO - Processing file /home/ubuntu/airflow_venv/lib/python3.10/site-packages/airflow/example_dags/example_sensors.py for tasks to queue
[2023-09-27T18:08:22.190+0000] {logging_mixin.py:151} INFO - [2023-09-27T18:08:22.189+0000] {dagbag.py:539} INFO - Filling up the DagBag from /home/ubuntu/airflow_venv/lib/python3.10/site-packages/airflow/example_dags/example_sensors.py
[2023-09-27T18:08:22.199+0000] {processor.py:839} INFO - DAG(s) dict_keys(['example_sensors']) retrieved from /home/ubuntu/airflow_venv/lib/python3.10/site-packages/airflow/example_dags/example_sensors.py
[2023-09-27T18:08:22.234+0000] {logging_mixin.py:151} INFO - [2023-09-27T18:08:22.233+0000] {dag.py:2915} INFO - Sync 1 DAGs
[2023-09-27T18:08:22.244+0000] {logging_mixin.py:151} INFO - [2023-09-27T18:08:22.244+0000] {dag.py:3696} INFO - Setting next_dagrun for example_sensors to None, run_after=None
[2023-09-27T18:08:22.265+0000] {processor.py:179} INFO - Processing /home/ubuntu/airflow_venv/lib/python3.10/site-packages/airflow/example_dags/example_sensors.py took 0.080 seconds
[2023-09-27T18:09:12.637+0000] {processor.py:157} INFO - Started process (PID=11861) to work on /home/ubuntu/airflow_venv/lib/python3.10/site-packages/airflow/example_dags/example_sensors.py
[2023-09-27T18:09:12.639+0000] {processor.py:829} INFO - Processing file /home/ubuntu/airflow_venv/lib/python3.10/site-packages/airflow/example_dags/example_sensors.py for tasks to queue
[2023-09-27T18:09:12.639+0000] {logging_mixin.py:151} INFO - [2023-09-27T18:09:12.639+0000] {dagbag.py:539} INFO - Filling up the DagBag from /home/ubuntu/airflow_venv/lib/python3.10/site-packages/airflow/example_dags/example_sensors.py
[2023-09-27T18:09:12.652+0000] {processor.py:839} INFO - DAG(s) dict_keys(['example_sensors']) retrieved from /home/ubuntu/airflow_venv/lib/python3.10/site-packages/airflow/example_dags/example_sensors.py
[2023-09-27T18:09:12.675+0000] {logging_mixin.py:151} INFO - [2023-09-27T18:09:12.675+0000] {dag.py:2915} INFO - Sync 1 DAGs
[2023-09-27T18:09:12.686+0000] {logging_mixin.py:151} INFO - [2023-09-27T18:09:12.686+0000] {dag.py:3696} INFO - Setting next_dagrun for example_sensors to None, run_after=None
[2023-09-27T18:09:12.713+0000] {processor.py:179} INFO - Processing /home/ubuntu/airflow_venv/lib/python3.10/site-packages/airflow/example_dags/example_sensors.py took 0.080 seconds
