[2023-09-27T10:54:31.946+0000] {processor.py:157} INFO - Started process (PID=3962) to work on /usr/local/lib/python3.10/dist-packages/airflow/example_dags/example_branch_labels.py
[2023-09-27T10:54:31.947+0000] {processor.py:829} INFO - Processing file /usr/local/lib/python3.10/dist-packages/airflow/example_dags/example_branch_labels.py for tasks to queue
[2023-09-27T10:54:31.948+0000] {logging_mixin.py:151} INFO - [2023-09-27T10:54:31.947+0000] {dagbag.py:539} INFO - Filling up the DagBag from /usr/local/lib/python3.10/dist-packages/airflow/example_dags/example_branch_labels.py
[2023-09-27T10:54:31.956+0000] {processor.py:839} INFO - DAG(s) dict_keys(['example_branch_labels']) retrieved from /usr/local/lib/python3.10/dist-packages/airflow/example_dags/example_branch_labels.py
[2023-09-27T10:54:32.059+0000] {logging_mixin.py:151} INFO - [2023-09-27T10:54:32.059+0000] {manager.py:499} INFO - Created Permission View: %s
[2023-09-27T10:54:32.075+0000] {logging_mixin.py:151} INFO - [2023-09-27T10:54:32.074+0000] {manager.py:499} INFO - Created Permission View: %s
[2023-09-27T10:54:32.084+0000] {logging_mixin.py:151} INFO - [2023-09-27T10:54:32.083+0000] {manager.py:499} INFO - Created Permission View: %s
[2023-09-27T10:54:32.084+0000] {logging_mixin.py:151} INFO - [2023-09-27T10:54:32.084+0000] {security.py:708} INFO - Not syncing DAG-level permissions for DAG 'DAG:example_branch_labels' as access control is unset.
[2023-09-27T10:54:32.084+0000] {logging_mixin.py:151} INFO - [2023-09-27T10:54:32.084+0000] {dag.py:2915} INFO - Sync 1 DAGs
[2023-09-27T10:54:32.094+0000] {logging_mixin.py:151} INFO - [2023-09-27T10:54:32.094+0000] {dag.py:2937} INFO - Creating ORM DAG for example_branch_labels
[2023-09-27T10:54:32.104+0000] {logging_mixin.py:151} INFO - [2023-09-27T10:54:32.104+0000] {dag.py:3696} INFO - Setting next_dagrun for example_branch_labels to 2023-09-26T00:00:00+00:00, run_after=2023-09-27T00:00:00+00:00
[2023-09-27T10:54:32.123+0000] {processor.py:179} INFO - Processing /usr/local/lib/python3.10/dist-packages/airflow/example_dags/example_branch_labels.py took 0.180 seconds
[2023-09-27T10:55:18.875+0000] {processor.py:157} INFO - Started process (PID=4010) to work on /usr/local/lib/python3.10/dist-packages/airflow/example_dags/example_branch_labels.py
[2023-09-27T10:55:18.877+0000] {processor.py:829} INFO - Processing file /usr/local/lib/python3.10/dist-packages/airflow/example_dags/example_branch_labels.py for tasks to queue
[2023-09-27T10:55:18.877+0000] {logging_mixin.py:151} INFO - [2023-09-27T10:55:18.877+0000] {dagbag.py:539} INFO - Filling up the DagBag from /usr/local/lib/python3.10/dist-packages/airflow/example_dags/example_branch_labels.py
[2023-09-27T10:55:18.888+0000] {processor.py:839} INFO - DAG(s) dict_keys(['example_branch_labels']) retrieved from /usr/local/lib/python3.10/dist-packages/airflow/example_dags/example_branch_labels.py
[2023-09-27T10:55:18.913+0000] {logging_mixin.py:151} INFO - [2023-09-27T10:55:18.912+0000] {dag.py:2915} INFO - Sync 1 DAGs
[2023-09-27T10:55:18.945+0000] {logging_mixin.py:151} INFO - [2023-09-27T10:55:18.944+0000] {dag.py:3696} INFO - Setting next_dagrun for example_branch_labels to 2023-09-26T00:00:00+00:00, run_after=2023-09-27T00:00:00+00:00
[2023-09-27T10:55:18.971+0000] {processor.py:179} INFO - Processing /usr/local/lib/python3.10/dist-packages/airflow/example_dags/example_branch_labels.py took 0.099 seconds
[2023-09-27T10:56:03.719+0000] {processor.py:157} INFO - Started process (PID=4057) to work on /usr/local/lib/python3.10/dist-packages/airflow/example_dags/example_branch_labels.py
[2023-09-27T10:56:03.723+0000] {processor.py:829} INFO - Processing file /usr/local/lib/python3.10/dist-packages/airflow/example_dags/example_branch_labels.py for tasks to queue
[2023-09-27T10:56:03.726+0000] {logging_mixin.py:151} INFO - [2023-09-27T10:56:03.725+0000] {dagbag.py:539} INFO - Filling up the DagBag from /usr/local/lib/python3.10/dist-packages/airflow/example_dags/example_branch_labels.py
[2023-09-27T10:56:03.738+0000] {processor.py:839} INFO - DAG(s) dict_keys(['example_branch_labels']) retrieved from /usr/local/lib/python3.10/dist-packages/airflow/example_dags/example_branch_labels.py
[2023-09-27T10:56:03.760+0000] {logging_mixin.py:151} INFO - [2023-09-27T10:56:03.760+0000] {dag.py:2915} INFO - Sync 1 DAGs
[2023-09-27T10:56:03.810+0000] {logging_mixin.py:151} INFO - [2023-09-27T10:56:03.810+0000] {dag.py:3696} INFO - Setting next_dagrun for example_branch_labels to 2023-09-26T00:00:00+00:00, run_after=2023-09-27T00:00:00+00:00
[2023-09-27T10:56:03.840+0000] {processor.py:179} INFO - Processing /usr/local/lib/python3.10/dist-packages/airflow/example_dags/example_branch_labels.py took 0.124 seconds
[2023-09-27T10:57:27.661+0000] {processor.py:157} INFO - Started process (PID=4129) to work on /usr/local/lib/python3.10/dist-packages/airflow/example_dags/example_branch_labels.py
[2023-09-27T10:57:27.662+0000] {processor.py:829} INFO - Processing file /usr/local/lib/python3.10/dist-packages/airflow/example_dags/example_branch_labels.py for tasks to queue
[2023-09-27T10:57:27.663+0000] {logging_mixin.py:151} INFO - [2023-09-27T10:57:27.662+0000] {dagbag.py:539} INFO - Filling up the DagBag from /usr/local/lib/python3.10/dist-packages/airflow/example_dags/example_branch_labels.py
[2023-09-27T10:57:27.670+0000] {processor.py:839} INFO - DAG(s) dict_keys(['example_branch_labels']) retrieved from /usr/local/lib/python3.10/dist-packages/airflow/example_dags/example_branch_labels.py
[2023-09-27T10:57:27.690+0000] {logging_mixin.py:151} INFO - [2023-09-27T10:57:27.690+0000] {dag.py:2915} INFO - Sync 1 DAGs
[2023-09-27T10:57:27.711+0000] {logging_mixin.py:151} INFO - [2023-09-27T10:57:27.711+0000] {dag.py:3696} INFO - Setting next_dagrun for example_branch_labels to 2023-09-26T00:00:00+00:00, run_after=2023-09-27T00:00:00+00:00
[2023-09-27T10:57:27.732+0000] {processor.py:179} INFO - Processing /usr/local/lib/python3.10/dist-packages/airflow/example_dags/example_branch_labels.py took 0.074 seconds
[2023-09-27T10:58:19.258+0000] {processor.py:157} INFO - Started process (PID=4182) to work on /usr/local/lib/python3.10/dist-packages/airflow/example_dags/example_branch_labels.py
[2023-09-27T10:58:19.259+0000] {processor.py:829} INFO - Processing file /usr/local/lib/python3.10/dist-packages/airflow/example_dags/example_branch_labels.py for tasks to queue
[2023-09-27T10:58:19.261+0000] {logging_mixin.py:151} INFO - [2023-09-27T10:58:19.260+0000] {dagbag.py:539} INFO - Filling up the DagBag from /usr/local/lib/python3.10/dist-packages/airflow/example_dags/example_branch_labels.py
[2023-09-27T10:58:19.274+0000] {processor.py:839} INFO - DAG(s) dict_keys(['example_branch_labels']) retrieved from /usr/local/lib/python3.10/dist-packages/airflow/example_dags/example_branch_labels.py
[2023-09-27T10:58:19.297+0000] {logging_mixin.py:151} INFO - [2023-09-27T10:58:19.297+0000] {dag.py:2915} INFO - Sync 1 DAGs
[2023-09-27T10:58:19.321+0000] {logging_mixin.py:151} INFO - [2023-09-27T10:58:19.321+0000] {dag.py:3696} INFO - Setting next_dagrun for example_branch_labels to 2023-09-26T00:00:00+00:00, run_after=2023-09-27T00:00:00+00:00
[2023-09-27T10:58:19.347+0000] {processor.py:179} INFO - Processing /usr/local/lib/python3.10/dist-packages/airflow/example_dags/example_branch_labels.py took 0.095 seconds
[2023-09-27T10:59:06.288+0000] {processor.py:157} INFO - Started process (PID=4232) to work on /usr/local/lib/python3.10/dist-packages/airflow/example_dags/example_branch_labels.py
[2023-09-27T10:59:06.290+0000] {processor.py:829} INFO - Processing file /usr/local/lib/python3.10/dist-packages/airflow/example_dags/example_branch_labels.py for tasks to queue
[2023-09-27T10:59:06.290+0000] {logging_mixin.py:151} INFO - [2023-09-27T10:59:06.290+0000] {dagbag.py:539} INFO - Filling up the DagBag from /usr/local/lib/python3.10/dist-packages/airflow/example_dags/example_branch_labels.py
[2023-09-27T10:59:06.300+0000] {processor.py:839} INFO - DAG(s) dict_keys(['example_branch_labels']) retrieved from /usr/local/lib/python3.10/dist-packages/airflow/example_dags/example_branch_labels.py
[2023-09-27T10:59:06.320+0000] {logging_mixin.py:151} INFO - [2023-09-27T10:59:06.320+0000] {dag.py:2915} INFO - Sync 1 DAGs
[2023-09-27T10:59:06.343+0000] {logging_mixin.py:151} INFO - [2023-09-27T10:59:06.342+0000] {dag.py:3696} INFO - Setting next_dagrun for example_branch_labels to 2023-09-26T00:00:00+00:00, run_after=2023-09-27T00:00:00+00:00
[2023-09-27T10:59:06.364+0000] {processor.py:179} INFO - Processing /usr/local/lib/python3.10/dist-packages/airflow/example_dags/example_branch_labels.py took 0.079 seconds
[2023-09-27T10:59:55.303+0000] {processor.py:157} INFO - Started process (PID=4283) to work on /usr/local/lib/python3.10/dist-packages/airflow/example_dags/example_branch_labels.py
[2023-09-27T10:59:55.304+0000] {processor.py:829} INFO - Processing file /usr/local/lib/python3.10/dist-packages/airflow/example_dags/example_branch_labels.py for tasks to queue
[2023-09-27T10:59:55.305+0000] {logging_mixin.py:151} INFO - [2023-09-27T10:59:55.304+0000] {dagbag.py:539} INFO - Filling up the DagBag from /usr/local/lib/python3.10/dist-packages/airflow/example_dags/example_branch_labels.py
[2023-09-27T10:59:55.314+0000] {processor.py:839} INFO - DAG(s) dict_keys(['example_branch_labels']) retrieved from /usr/local/lib/python3.10/dist-packages/airflow/example_dags/example_branch_labels.py
[2023-09-27T10:59:55.335+0000] {logging_mixin.py:151} INFO - [2023-09-27T10:59:55.335+0000] {dag.py:2915} INFO - Sync 1 DAGs
[2023-09-27T10:59:55.355+0000] {logging_mixin.py:151} INFO - [2023-09-27T10:59:55.355+0000] {dag.py:3696} INFO - Setting next_dagrun for example_branch_labels to 2023-09-26T00:00:00+00:00, run_after=2023-09-27T00:00:00+00:00
[2023-09-27T10:59:55.376+0000] {processor.py:179} INFO - Processing /usr/local/lib/python3.10/dist-packages/airflow/example_dags/example_branch_labels.py took 0.077 seconds
[2023-09-27T11:00:43.342+0000] {processor.py:157} INFO - Started process (PID=4334) to work on /usr/local/lib/python3.10/dist-packages/airflow/example_dags/example_branch_labels.py
[2023-09-27T11:00:43.345+0000] {processor.py:829} INFO - Processing file /usr/local/lib/python3.10/dist-packages/airflow/example_dags/example_branch_labels.py for tasks to queue
[2023-09-27T11:00:43.347+0000] {logging_mixin.py:151} INFO - [2023-09-27T11:00:43.346+0000] {dagbag.py:539} INFO - Filling up the DagBag from /usr/local/lib/python3.10/dist-packages/airflow/example_dags/example_branch_labels.py
[2023-09-27T11:00:43.357+0000] {processor.py:839} INFO - DAG(s) dict_keys(['example_branch_labels']) retrieved from /usr/local/lib/python3.10/dist-packages/airflow/example_dags/example_branch_labels.py
[2023-09-27T11:00:43.375+0000] {logging_mixin.py:151} INFO - [2023-09-27T11:00:43.375+0000] {dag.py:2915} INFO - Sync 1 DAGs
[2023-09-27T11:00:43.402+0000] {logging_mixin.py:151} INFO - [2023-09-27T11:00:43.402+0000] {dag.py:3696} INFO - Setting next_dagrun for example_branch_labels to 2023-09-26T00:00:00+00:00, run_after=2023-09-27T00:00:00+00:00
[2023-09-27T11:00:43.435+0000] {processor.py:179} INFO - Processing /usr/local/lib/python3.10/dist-packages/airflow/example_dags/example_branch_labels.py took 0.096 seconds
[2023-09-27T11:01:28.013+0000] {processor.py:157} INFO - Started process (PID=4382) to work on /usr/local/lib/python3.10/dist-packages/airflow/example_dags/example_branch_labels.py
[2023-09-27T11:01:28.014+0000] {processor.py:829} INFO - Processing file /usr/local/lib/python3.10/dist-packages/airflow/example_dags/example_branch_labels.py for tasks to queue
[2023-09-27T11:01:28.015+0000] {logging_mixin.py:151} INFO - [2023-09-27T11:01:28.015+0000] {dagbag.py:539} INFO - Filling up the DagBag from /usr/local/lib/python3.10/dist-packages/airflow/example_dags/example_branch_labels.py
[2023-09-27T11:01:28.024+0000] {processor.py:839} INFO - DAG(s) dict_keys(['example_branch_labels']) retrieved from /usr/local/lib/python3.10/dist-packages/airflow/example_dags/example_branch_labels.py
[2023-09-27T11:01:28.044+0000] {logging_mixin.py:151} INFO - [2023-09-27T11:01:28.044+0000] {dag.py:2915} INFO - Sync 1 DAGs
[2023-09-27T11:01:28.063+0000] {logging_mixin.py:151} INFO - [2023-09-27T11:01:28.063+0000] {dag.py:3696} INFO - Setting next_dagrun for example_branch_labels to 2023-09-26T00:00:00+00:00, run_after=2023-09-27T00:00:00+00:00
[2023-09-27T11:01:28.085+0000] {processor.py:179} INFO - Processing /usr/local/lib/python3.10/dist-packages/airflow/example_dags/example_branch_labels.py took 0.078 seconds
[2023-09-27T11:02:14.020+0000] {processor.py:157} INFO - Started process (PID=4430) to work on /usr/local/lib/python3.10/dist-packages/airflow/example_dags/example_branch_labels.py
[2023-09-27T11:02:14.021+0000] {processor.py:829} INFO - Processing file /usr/local/lib/python3.10/dist-packages/airflow/example_dags/example_branch_labels.py for tasks to queue
[2023-09-27T11:02:14.022+0000] {logging_mixin.py:151} INFO - [2023-09-27T11:02:14.022+0000] {dagbag.py:539} INFO - Filling up the DagBag from /usr/local/lib/python3.10/dist-packages/airflow/example_dags/example_branch_labels.py
[2023-09-27T11:02:14.031+0000] {processor.py:839} INFO - DAG(s) dict_keys(['example_branch_labels']) retrieved from /usr/local/lib/python3.10/dist-packages/airflow/example_dags/example_branch_labels.py
[2023-09-27T11:02:14.068+0000] {logging_mixin.py:151} INFO - [2023-09-27T11:02:14.067+0000] {dag.py:2915} INFO - Sync 1 DAGs
[2023-09-27T11:02:14.088+0000] {logging_mixin.py:151} INFO - [2023-09-27T11:02:14.087+0000] {dag.py:3696} INFO - Setting next_dagrun for example_branch_labels to 2023-09-26T00:00:00+00:00, run_after=2023-09-27T00:00:00+00:00
[2023-09-27T11:02:14.113+0000] {processor.py:179} INFO - Processing /usr/local/lib/python3.10/dist-packages/airflow/example_dags/example_branch_labels.py took 0.096 seconds
[2023-09-27T11:03:05.998+0000] {processor.py:157} INFO - Started process (PID=4483) to work on /usr/local/lib/python3.10/dist-packages/airflow/example_dags/example_branch_labels.py
[2023-09-27T11:03:05.999+0000] {processor.py:829} INFO - Processing file /usr/local/lib/python3.10/dist-packages/airflow/example_dags/example_branch_labels.py for tasks to queue
[2023-09-27T11:03:06.000+0000] {logging_mixin.py:151} INFO - [2023-09-27T11:03:05.999+0000] {dagbag.py:539} INFO - Filling up the DagBag from /usr/local/lib/python3.10/dist-packages/airflow/example_dags/example_branch_labels.py
[2023-09-27T11:03:06.007+0000] {processor.py:839} INFO - DAG(s) dict_keys(['example_branch_labels']) retrieved from /usr/local/lib/python3.10/dist-packages/airflow/example_dags/example_branch_labels.py
[2023-09-27T11:03:06.029+0000] {logging_mixin.py:151} INFO - [2023-09-27T11:03:06.029+0000] {dag.py:2915} INFO - Sync 1 DAGs
[2023-09-27T11:03:06.049+0000] {logging_mixin.py:151} INFO - [2023-09-27T11:03:06.049+0000] {dag.py:3696} INFO - Setting next_dagrun for example_branch_labels to 2023-09-26T00:00:00+00:00, run_after=2023-09-27T00:00:00+00:00
[2023-09-27T11:03:06.070+0000] {processor.py:179} INFO - Processing /usr/local/lib/python3.10/dist-packages/airflow/example_dags/example_branch_labels.py took 0.075 seconds
[2023-09-27T11:03:56.976+0000] {processor.py:157} INFO - Started process (PID=4535) to work on /usr/local/lib/python3.10/dist-packages/airflow/example_dags/example_branch_labels.py
[2023-09-27T11:03:56.977+0000] {processor.py:829} INFO - Processing file /usr/local/lib/python3.10/dist-packages/airflow/example_dags/example_branch_labels.py for tasks to queue
[2023-09-27T11:03:56.978+0000] {logging_mixin.py:151} INFO - [2023-09-27T11:03:56.978+0000] {dagbag.py:539} INFO - Filling up the DagBag from /usr/local/lib/python3.10/dist-packages/airflow/example_dags/example_branch_labels.py
[2023-09-27T11:03:56.986+0000] {processor.py:839} INFO - DAG(s) dict_keys(['example_branch_labels']) retrieved from /usr/local/lib/python3.10/dist-packages/airflow/example_dags/example_branch_labels.py
[2023-09-27T11:03:57.009+0000] {logging_mixin.py:151} INFO - [2023-09-27T11:03:57.008+0000] {dag.py:2915} INFO - Sync 1 DAGs
[2023-09-27T11:03:57.033+0000] {logging_mixin.py:151} INFO - [2023-09-27T11:03:57.033+0000] {dag.py:3696} INFO - Setting next_dagrun for example_branch_labels to 2023-09-26T00:00:00+00:00, run_after=2023-09-27T00:00:00+00:00
[2023-09-27T11:03:57.055+0000] {processor.py:179} INFO - Processing /usr/local/lib/python3.10/dist-packages/airflow/example_dags/example_branch_labels.py took 0.082 seconds
[2023-09-27T11:04:48.222+0000] {processor.py:157} INFO - Started process (PID=4588) to work on /usr/local/lib/python3.10/dist-packages/airflow/example_dags/example_branch_labels.py
[2023-09-27T11:04:48.223+0000] {processor.py:829} INFO - Processing file /usr/local/lib/python3.10/dist-packages/airflow/example_dags/example_branch_labels.py for tasks to queue
[2023-09-27T11:04:48.224+0000] {logging_mixin.py:151} INFO - [2023-09-27T11:04:48.223+0000] {dagbag.py:539} INFO - Filling up the DagBag from /usr/local/lib/python3.10/dist-packages/airflow/example_dags/example_branch_labels.py
[2023-09-27T11:04:48.232+0000] {processor.py:839} INFO - DAG(s) dict_keys(['example_branch_labels']) retrieved from /usr/local/lib/python3.10/dist-packages/airflow/example_dags/example_branch_labels.py
[2023-09-27T11:04:48.248+0000] {logging_mixin.py:151} INFO - [2023-09-27T11:04:48.247+0000] {dag.py:2915} INFO - Sync 1 DAGs
[2023-09-27T11:04:48.267+0000] {logging_mixin.py:151} INFO - [2023-09-27T11:04:48.266+0000] {dag.py:3696} INFO - Setting next_dagrun for example_branch_labels to 2023-09-26T00:00:00+00:00, run_after=2023-09-27T00:00:00+00:00
[2023-09-27T11:04:48.287+0000] {processor.py:179} INFO - Processing /usr/local/lib/python3.10/dist-packages/airflow/example_dags/example_branch_labels.py took 0.068 seconds
[2023-09-27T11:05:40.111+0000] {processor.py:157} INFO - Started process (PID=4641) to work on /usr/local/lib/python3.10/dist-packages/airflow/example_dags/example_branch_labels.py
[2023-09-27T11:05:40.112+0000] {processor.py:829} INFO - Processing file /usr/local/lib/python3.10/dist-packages/airflow/example_dags/example_branch_labels.py for tasks to queue
[2023-09-27T11:05:40.113+0000] {logging_mixin.py:151} INFO - [2023-09-27T11:05:40.113+0000] {dagbag.py:539} INFO - Filling up the DagBag from /usr/local/lib/python3.10/dist-packages/airflow/example_dags/example_branch_labels.py
[2023-09-27T11:05:40.121+0000] {processor.py:839} INFO - DAG(s) dict_keys(['example_branch_labels']) retrieved from /usr/local/lib/python3.10/dist-packages/airflow/example_dags/example_branch_labels.py
[2023-09-27T11:05:40.138+0000] {logging_mixin.py:151} INFO - [2023-09-27T11:05:40.138+0000] {dag.py:2915} INFO - Sync 1 DAGs
[2023-09-27T11:05:40.161+0000] {logging_mixin.py:151} INFO - [2023-09-27T11:05:40.161+0000] {dag.py:3696} INFO - Setting next_dagrun for example_branch_labels to 2023-09-26T00:00:00+00:00, run_after=2023-09-27T00:00:00+00:00
[2023-09-27T11:05:40.181+0000] {processor.py:179} INFO - Processing /usr/local/lib/python3.10/dist-packages/airflow/example_dags/example_branch_labels.py took 0.074 seconds
[2023-09-27T11:06:27.154+0000] {processor.py:157} INFO - Started process (PID=4698) to work on /usr/local/lib/python3.10/dist-packages/airflow/example_dags/example_branch_labels.py
[2023-09-27T11:06:27.155+0000] {processor.py:829} INFO - Processing file /usr/local/lib/python3.10/dist-packages/airflow/example_dags/example_branch_labels.py for tasks to queue
[2023-09-27T11:06:27.156+0000] {logging_mixin.py:151} INFO - [2023-09-27T11:06:27.155+0000] {dagbag.py:539} INFO - Filling up the DagBag from /usr/local/lib/python3.10/dist-packages/airflow/example_dags/example_branch_labels.py
[2023-09-27T11:06:27.165+0000] {processor.py:839} INFO - DAG(s) dict_keys(['example_branch_labels']) retrieved from /usr/local/lib/python3.10/dist-packages/airflow/example_dags/example_branch_labels.py
[2023-09-27T11:06:27.183+0000] {logging_mixin.py:151} INFO - [2023-09-27T11:06:27.182+0000] {dag.py:2915} INFO - Sync 1 DAGs
[2023-09-27T11:06:27.212+0000] {logging_mixin.py:151} INFO - [2023-09-27T11:06:27.212+0000] {dag.py:3696} INFO - Setting next_dagrun for example_branch_labels to 2023-09-26T00:00:00+00:00, run_after=2023-09-27T00:00:00+00:00
[2023-09-27T11:06:27.232+0000] {processor.py:179} INFO - Processing /usr/local/lib/python3.10/dist-packages/airflow/example_dags/example_branch_labels.py took 0.082 seconds
[2023-09-27T11:07:17.722+0000] {processor.py:157} INFO - Started process (PID=4751) to work on /usr/local/lib/python3.10/dist-packages/airflow/example_dags/example_branch_labels.py
[2023-09-27T11:07:17.723+0000] {processor.py:829} INFO - Processing file /usr/local/lib/python3.10/dist-packages/airflow/example_dags/example_branch_labels.py for tasks to queue
[2023-09-27T11:07:17.725+0000] {logging_mixin.py:151} INFO - [2023-09-27T11:07:17.724+0000] {dagbag.py:539} INFO - Filling up the DagBag from /usr/local/lib/python3.10/dist-packages/airflow/example_dags/example_branch_labels.py
[2023-09-27T11:07:17.738+0000] {processor.py:839} INFO - DAG(s) dict_keys(['example_branch_labels']) retrieved from /usr/local/lib/python3.10/dist-packages/airflow/example_dags/example_branch_labels.py
[2023-09-27T11:07:17.755+0000] {logging_mixin.py:151} INFO - [2023-09-27T11:07:17.754+0000] {dag.py:2915} INFO - Sync 1 DAGs
[2023-09-27T11:07:17.776+0000] {logging_mixin.py:151} INFO - [2023-09-27T11:07:17.776+0000] {dag.py:3696} INFO - Setting next_dagrun for example_branch_labels to 2023-09-26T00:00:00+00:00, run_after=2023-09-27T00:00:00+00:00
[2023-09-27T11:07:17.797+0000] {processor.py:179} INFO - Processing /usr/local/lib/python3.10/dist-packages/airflow/example_dags/example_branch_labels.py took 0.079 seconds
[2023-09-27T11:08:08.129+0000] {processor.py:157} INFO - Started process (PID=4801) to work on /usr/local/lib/python3.10/dist-packages/airflow/example_dags/example_branch_labels.py
[2023-09-27T11:08:08.130+0000] {processor.py:829} INFO - Processing file /usr/local/lib/python3.10/dist-packages/airflow/example_dags/example_branch_labels.py for tasks to queue
[2023-09-27T11:08:08.132+0000] {logging_mixin.py:151} INFO - [2023-09-27T11:08:08.132+0000] {dagbag.py:539} INFO - Filling up the DagBag from /usr/local/lib/python3.10/dist-packages/airflow/example_dags/example_branch_labels.py
[2023-09-27T11:08:08.142+0000] {processor.py:839} INFO - DAG(s) dict_keys(['example_branch_labels']) retrieved from /usr/local/lib/python3.10/dist-packages/airflow/example_dags/example_branch_labels.py
[2023-09-27T11:08:08.160+0000] {logging_mixin.py:151} INFO - [2023-09-27T11:08:08.160+0000] {dag.py:2915} INFO - Sync 1 DAGs
[2023-09-27T11:08:08.181+0000] {logging_mixin.py:151} INFO - [2023-09-27T11:08:08.181+0000] {dag.py:3696} INFO - Setting next_dagrun for example_branch_labels to 2023-09-26T00:00:00+00:00, run_after=2023-09-27T00:00:00+00:00
[2023-09-27T11:08:08.207+0000] {processor.py:179} INFO - Processing /usr/local/lib/python3.10/dist-packages/airflow/example_dags/example_branch_labels.py took 0.082 seconds
[2023-09-27T11:09:00.813+0000] {processor.py:157} INFO - Started process (PID=4855) to work on /usr/local/lib/python3.10/dist-packages/airflow/example_dags/example_branch_labels.py
[2023-09-27T11:09:00.814+0000] {processor.py:829} INFO - Processing file /usr/local/lib/python3.10/dist-packages/airflow/example_dags/example_branch_labels.py for tasks to queue
[2023-09-27T11:09:00.815+0000] {logging_mixin.py:151} INFO - [2023-09-27T11:09:00.815+0000] {dagbag.py:539} INFO - Filling up the DagBag from /usr/local/lib/python3.10/dist-packages/airflow/example_dags/example_branch_labels.py
[2023-09-27T11:09:00.822+0000] {processor.py:839} INFO - DAG(s) dict_keys(['example_branch_labels']) retrieved from /usr/local/lib/python3.10/dist-packages/airflow/example_dags/example_branch_labels.py
[2023-09-27T11:09:00.844+0000] {logging_mixin.py:151} INFO - [2023-09-27T11:09:00.843+0000] {dag.py:2915} INFO - Sync 1 DAGs
[2023-09-27T11:09:00.865+0000] {logging_mixin.py:151} INFO - [2023-09-27T11:09:00.865+0000] {dag.py:3696} INFO - Setting next_dagrun for example_branch_labels to 2023-09-26T00:00:00+00:00, run_after=2023-09-27T00:00:00+00:00
[2023-09-27T11:09:00.885+0000] {processor.py:179} INFO - Processing /usr/local/lib/python3.10/dist-packages/airflow/example_dags/example_branch_labels.py took 0.074 seconds
[2023-09-27T11:09:47.433+0000] {processor.py:157} INFO - Started process (PID=4905) to work on /usr/local/lib/python3.10/dist-packages/airflow/example_dags/example_branch_labels.py
[2023-09-27T11:09:47.435+0000] {processor.py:829} INFO - Processing file /usr/local/lib/python3.10/dist-packages/airflow/example_dags/example_branch_labels.py for tasks to queue
[2023-09-27T11:09:47.436+0000] {logging_mixin.py:151} INFO - [2023-09-27T11:09:47.436+0000] {dagbag.py:539} INFO - Filling up the DagBag from /usr/local/lib/python3.10/dist-packages/airflow/example_dags/example_branch_labels.py
[2023-09-27T11:09:47.445+0000] {processor.py:839} INFO - DAG(s) dict_keys(['example_branch_labels']) retrieved from /usr/local/lib/python3.10/dist-packages/airflow/example_dags/example_branch_labels.py
[2023-09-27T11:09:47.464+0000] {logging_mixin.py:151} INFO - [2023-09-27T11:09:47.464+0000] {dag.py:2915} INFO - Sync 1 DAGs
[2023-09-27T11:09:47.486+0000] {logging_mixin.py:151} INFO - [2023-09-27T11:09:47.486+0000] {dag.py:3696} INFO - Setting next_dagrun for example_branch_labels to 2023-09-26T00:00:00+00:00, run_after=2023-09-27T00:00:00+00:00
[2023-09-27T11:09:47.516+0000] {processor.py:179} INFO - Processing /usr/local/lib/python3.10/dist-packages/airflow/example_dags/example_branch_labels.py took 0.086 seconds
[2023-09-27T11:10:36.959+0000] {processor.py:157} INFO - Started process (PID=4955) to work on /usr/local/lib/python3.10/dist-packages/airflow/example_dags/example_branch_labels.py
[2023-09-27T11:10:36.961+0000] {processor.py:829} INFO - Processing file /usr/local/lib/python3.10/dist-packages/airflow/example_dags/example_branch_labels.py for tasks to queue
[2023-09-27T11:10:36.962+0000] {logging_mixin.py:151} INFO - [2023-09-27T11:10:36.961+0000] {dagbag.py:539} INFO - Filling up the DagBag from /usr/local/lib/python3.10/dist-packages/airflow/example_dags/example_branch_labels.py
[2023-09-27T11:10:36.970+0000] {processor.py:839} INFO - DAG(s) dict_keys(['example_branch_labels']) retrieved from /usr/local/lib/python3.10/dist-packages/airflow/example_dags/example_branch_labels.py
[2023-09-27T11:10:36.989+0000] {logging_mixin.py:151} INFO - [2023-09-27T11:10:36.989+0000] {dag.py:2915} INFO - Sync 1 DAGs
[2023-09-27T11:10:37.011+0000] {logging_mixin.py:151} INFO - [2023-09-27T11:10:37.011+0000] {dag.py:3696} INFO - Setting next_dagrun for example_branch_labels to 2023-09-26T00:00:00+00:00, run_after=2023-09-27T00:00:00+00:00
[2023-09-27T11:10:37.035+0000] {processor.py:179} INFO - Processing /usr/local/lib/python3.10/dist-packages/airflow/example_dags/example_branch_labels.py took 0.079 seconds
[2023-09-27T11:11:24.458+0000] {processor.py:157} INFO - Started process (PID=5009) to work on /usr/local/lib/python3.10/dist-packages/airflow/example_dags/example_branch_labels.py
[2023-09-27T11:11:24.459+0000] {processor.py:829} INFO - Processing file /usr/local/lib/python3.10/dist-packages/airflow/example_dags/example_branch_labels.py for tasks to queue
[2023-09-27T11:11:24.460+0000] {logging_mixin.py:151} INFO - [2023-09-27T11:11:24.460+0000] {dagbag.py:539} INFO - Filling up the DagBag from /usr/local/lib/python3.10/dist-packages/airflow/example_dags/example_branch_labels.py
[2023-09-27T11:11:24.473+0000] {processor.py:839} INFO - DAG(s) dict_keys(['example_branch_labels']) retrieved from /usr/local/lib/python3.10/dist-packages/airflow/example_dags/example_branch_labels.py
[2023-09-27T11:11:24.496+0000] {logging_mixin.py:151} INFO - [2023-09-27T11:11:24.496+0000] {dag.py:2915} INFO - Sync 1 DAGs
[2023-09-27T11:11:24.520+0000] {logging_mixin.py:151} INFO - [2023-09-27T11:11:24.520+0000] {dag.py:3696} INFO - Setting next_dagrun for example_branch_labels to 2023-09-26T00:00:00+00:00, run_after=2023-09-27T00:00:00+00:00
[2023-09-27T11:11:24.542+0000] {processor.py:179} INFO - Processing /usr/local/lib/python3.10/dist-packages/airflow/example_dags/example_branch_labels.py took 0.091 seconds
[2023-09-27T11:12:14.633+0000] {processor.py:157} INFO - Started process (PID=5060) to work on /usr/local/lib/python3.10/dist-packages/airflow/example_dags/example_branch_labels.py
[2023-09-27T11:12:14.635+0000] {processor.py:829} INFO - Processing file /usr/local/lib/python3.10/dist-packages/airflow/example_dags/example_branch_labels.py for tasks to queue
[2023-09-27T11:12:14.635+0000] {logging_mixin.py:151} INFO - [2023-09-27T11:12:14.635+0000] {dagbag.py:539} INFO - Filling up the DagBag from /usr/local/lib/python3.10/dist-packages/airflow/example_dags/example_branch_labels.py
[2023-09-27T11:12:14.643+0000] {processor.py:839} INFO - DAG(s) dict_keys(['example_branch_labels']) retrieved from /usr/local/lib/python3.10/dist-packages/airflow/example_dags/example_branch_labels.py
[2023-09-27T11:12:14.661+0000] {logging_mixin.py:151} INFO - [2023-09-27T11:12:14.661+0000] {dag.py:2915} INFO - Sync 1 DAGs
[2023-09-27T11:12:14.679+0000] {logging_mixin.py:151} INFO - [2023-09-27T11:12:14.679+0000] {dag.py:3696} INFO - Setting next_dagrun for example_branch_labels to 2023-09-26T00:00:00+00:00, run_after=2023-09-27T00:00:00+00:00
[2023-09-27T11:12:14.698+0000] {processor.py:179} INFO - Processing /usr/local/lib/python3.10/dist-packages/airflow/example_dags/example_branch_labels.py took 0.067 seconds
[2023-09-27T11:13:02.103+0000] {processor.py:157} INFO - Started process (PID=5112) to work on /usr/local/lib/python3.10/dist-packages/airflow/example_dags/example_branch_labels.py
[2023-09-27T11:13:02.106+0000] {processor.py:829} INFO - Processing file /usr/local/lib/python3.10/dist-packages/airflow/example_dags/example_branch_labels.py for tasks to queue
[2023-09-27T11:13:02.108+0000] {logging_mixin.py:151} INFO - [2023-09-27T11:13:02.107+0000] {dagbag.py:539} INFO - Filling up the DagBag from /usr/local/lib/python3.10/dist-packages/airflow/example_dags/example_branch_labels.py
[2023-09-27T11:13:02.129+0000] {processor.py:839} INFO - DAG(s) dict_keys(['example_branch_labels']) retrieved from /usr/local/lib/python3.10/dist-packages/airflow/example_dags/example_branch_labels.py
[2023-09-27T11:13:02.170+0000] {logging_mixin.py:151} INFO - [2023-09-27T11:13:02.170+0000] {dag.py:2915} INFO - Sync 1 DAGs
[2023-09-27T11:13:02.207+0000] {logging_mixin.py:151} INFO - [2023-09-27T11:13:02.206+0000] {dag.py:3696} INFO - Setting next_dagrun for example_branch_labels to 2023-09-26T00:00:00+00:00, run_after=2023-09-27T00:00:00+00:00
[2023-09-27T11:13:02.262+0000] {processor.py:179} INFO - Processing /usr/local/lib/python3.10/dist-packages/airflow/example_dags/example_branch_labels.py took 0.170 seconds
[2023-09-27T11:13:52.257+0000] {processor.py:157} INFO - Started process (PID=5166) to work on /usr/local/lib/python3.10/dist-packages/airflow/example_dags/example_branch_labels.py
[2023-09-27T11:13:52.259+0000] {processor.py:829} INFO - Processing file /usr/local/lib/python3.10/dist-packages/airflow/example_dags/example_branch_labels.py for tasks to queue
[2023-09-27T11:13:52.262+0000] {logging_mixin.py:151} INFO - [2023-09-27T11:13:52.260+0000] {dagbag.py:539} INFO - Filling up the DagBag from /usr/local/lib/python3.10/dist-packages/airflow/example_dags/example_branch_labels.py
[2023-09-27T11:13:52.272+0000] {processor.py:839} INFO - DAG(s) dict_keys(['example_branch_labels']) retrieved from /usr/local/lib/python3.10/dist-packages/airflow/example_dags/example_branch_labels.py
[2023-09-27T11:13:52.297+0000] {logging_mixin.py:151} INFO - [2023-09-27T11:13:52.297+0000] {dag.py:2915} INFO - Sync 1 DAGs
[2023-09-27T11:13:52.320+0000] {logging_mixin.py:151} INFO - [2023-09-27T11:13:52.320+0000] {dag.py:3696} INFO - Setting next_dagrun for example_branch_labels to 2023-09-26T00:00:00+00:00, run_after=2023-09-27T00:00:00+00:00
[2023-09-27T11:13:52.343+0000] {processor.py:179} INFO - Processing /usr/local/lib/python3.10/dist-packages/airflow/example_dags/example_branch_labels.py took 0.089 seconds
[2023-09-27T11:14:42.053+0000] {processor.py:157} INFO - Started process (PID=5218) to work on /usr/local/lib/python3.10/dist-packages/airflow/example_dags/example_branch_labels.py
[2023-09-27T11:14:42.055+0000] {processor.py:829} INFO - Processing file /usr/local/lib/python3.10/dist-packages/airflow/example_dags/example_branch_labels.py for tasks to queue
[2023-09-27T11:14:42.057+0000] {logging_mixin.py:151} INFO - [2023-09-27T11:14:42.056+0000] {dagbag.py:539} INFO - Filling up the DagBag from /usr/local/lib/python3.10/dist-packages/airflow/example_dags/example_branch_labels.py
[2023-09-27T11:14:42.068+0000] {processor.py:839} INFO - DAG(s) dict_keys(['example_branch_labels']) retrieved from /usr/local/lib/python3.10/dist-packages/airflow/example_dags/example_branch_labels.py
[2023-09-27T11:14:42.087+0000] {logging_mixin.py:151} INFO - [2023-09-27T11:14:42.086+0000] {dag.py:2915} INFO - Sync 1 DAGs
[2023-09-27T11:14:42.106+0000] {logging_mixin.py:151} INFO - [2023-09-27T11:14:42.106+0000] {dag.py:3696} INFO - Setting next_dagrun for example_branch_labels to 2023-09-26T00:00:00+00:00, run_after=2023-09-27T00:00:00+00:00
[2023-09-27T11:14:42.131+0000] {processor.py:179} INFO - Processing /usr/local/lib/python3.10/dist-packages/airflow/example_dags/example_branch_labels.py took 0.084 seconds
[2023-09-27T11:15:34.044+0000] {processor.py:157} INFO - Started process (PID=5271) to work on /usr/local/lib/python3.10/dist-packages/airflow/example_dags/example_branch_labels.py
[2023-09-27T11:15:34.045+0000] {processor.py:829} INFO - Processing file /usr/local/lib/python3.10/dist-packages/airflow/example_dags/example_branch_labels.py for tasks to queue
[2023-09-27T11:15:34.046+0000] {logging_mixin.py:151} INFO - [2023-09-27T11:15:34.045+0000] {dagbag.py:539} INFO - Filling up the DagBag from /usr/local/lib/python3.10/dist-packages/airflow/example_dags/example_branch_labels.py
[2023-09-27T11:15:34.055+0000] {processor.py:839} INFO - DAG(s) dict_keys(['example_branch_labels']) retrieved from /usr/local/lib/python3.10/dist-packages/airflow/example_dags/example_branch_labels.py
[2023-09-27T11:15:34.074+0000] {logging_mixin.py:151} INFO - [2023-09-27T11:15:34.074+0000] {dag.py:2915} INFO - Sync 1 DAGs
[2023-09-27T11:15:34.109+0000] {logging_mixin.py:151} INFO - [2023-09-27T11:15:34.108+0000] {dag.py:3696} INFO - Setting next_dagrun for example_branch_labels to 2023-09-26T00:00:00+00:00, run_after=2023-09-27T00:00:00+00:00
[2023-09-27T11:15:34.132+0000] {processor.py:179} INFO - Processing /usr/local/lib/python3.10/dist-packages/airflow/example_dags/example_branch_labels.py took 0.092 seconds
[2023-09-27T11:16:24.634+0000] {processor.py:157} INFO - Started process (PID=5324) to work on /usr/local/lib/python3.10/dist-packages/airflow/example_dags/example_branch_labels.py
[2023-09-27T11:16:24.635+0000] {processor.py:829} INFO - Processing file /usr/local/lib/python3.10/dist-packages/airflow/example_dags/example_branch_labels.py for tasks to queue
[2023-09-27T11:16:24.636+0000] {logging_mixin.py:151} INFO - [2023-09-27T11:16:24.636+0000] {dagbag.py:539} INFO - Filling up the DagBag from /usr/local/lib/python3.10/dist-packages/airflow/example_dags/example_branch_labels.py
[2023-09-27T11:16:24.646+0000] {processor.py:839} INFO - DAG(s) dict_keys(['example_branch_labels']) retrieved from /usr/local/lib/python3.10/dist-packages/airflow/example_dags/example_branch_labels.py
[2023-09-27T11:16:24.665+0000] {logging_mixin.py:151} INFO - [2023-09-27T11:16:24.665+0000] {dag.py:2915} INFO - Sync 1 DAGs
[2023-09-27T11:16:24.689+0000] {logging_mixin.py:151} INFO - [2023-09-27T11:16:24.689+0000] {dag.py:3696} INFO - Setting next_dagrun for example_branch_labels to 2023-09-26T00:00:00+00:00, run_after=2023-09-27T00:00:00+00:00
[2023-09-27T11:16:24.708+0000] {processor.py:179} INFO - Processing /usr/local/lib/python3.10/dist-packages/airflow/example_dags/example_branch_labels.py took 0.077 seconds
[2023-09-27T11:17:14.219+0000] {processor.py:157} INFO - Started process (PID=5379) to work on /usr/local/lib/python3.10/dist-packages/airflow/example_dags/example_branch_labels.py
[2023-09-27T11:17:14.220+0000] {processor.py:829} INFO - Processing file /usr/local/lib/python3.10/dist-packages/airflow/example_dags/example_branch_labels.py for tasks to queue
[2023-09-27T11:17:14.221+0000] {logging_mixin.py:151} INFO - [2023-09-27T11:17:14.221+0000] {dagbag.py:539} INFO - Filling up the DagBag from /usr/local/lib/python3.10/dist-packages/airflow/example_dags/example_branch_labels.py
[2023-09-27T11:17:14.230+0000] {processor.py:839} INFO - DAG(s) dict_keys(['example_branch_labels']) retrieved from /usr/local/lib/python3.10/dist-packages/airflow/example_dags/example_branch_labels.py
[2023-09-27T11:17:14.248+0000] {logging_mixin.py:151} INFO - [2023-09-27T11:17:14.248+0000] {dag.py:2915} INFO - Sync 1 DAGs
[2023-09-27T11:17:14.273+0000] {logging_mixin.py:151} INFO - [2023-09-27T11:17:14.272+0000] {dag.py:3696} INFO - Setting next_dagrun for example_branch_labels to 2023-09-26T00:00:00+00:00, run_after=2023-09-27T00:00:00+00:00
[2023-09-27T11:17:14.296+0000] {processor.py:179} INFO - Processing /usr/local/lib/python3.10/dist-packages/airflow/example_dags/example_branch_labels.py took 0.081 seconds
[2023-09-27T11:18:05.988+0000] {processor.py:157} INFO - Started process (PID=5435) to work on /usr/local/lib/python3.10/dist-packages/airflow/example_dags/example_branch_labels.py
[2023-09-27T11:18:05.989+0000] {processor.py:829} INFO - Processing file /usr/local/lib/python3.10/dist-packages/airflow/example_dags/example_branch_labels.py for tasks to queue
[2023-09-27T11:18:05.991+0000] {logging_mixin.py:151} INFO - [2023-09-27T11:18:05.990+0000] {dagbag.py:539} INFO - Filling up the DagBag from /usr/local/lib/python3.10/dist-packages/airflow/example_dags/example_branch_labels.py
[2023-09-27T11:18:06.003+0000] {processor.py:839} INFO - DAG(s) dict_keys(['example_branch_labels']) retrieved from /usr/local/lib/python3.10/dist-packages/airflow/example_dags/example_branch_labels.py
[2023-09-27T11:18:06.026+0000] {logging_mixin.py:151} INFO - [2023-09-27T11:18:06.026+0000] {dag.py:2915} INFO - Sync 1 DAGs
[2023-09-27T11:18:06.050+0000] {logging_mixin.py:151} INFO - [2023-09-27T11:18:06.050+0000] {dag.py:3696} INFO - Setting next_dagrun for example_branch_labels to 2023-09-26T00:00:00+00:00, run_after=2023-09-27T00:00:00+00:00
[2023-09-27T11:18:06.092+0000] {processor.py:179} INFO - Processing /usr/local/lib/python3.10/dist-packages/airflow/example_dags/example_branch_labels.py took 0.110 seconds
[2023-09-27T11:18:55.027+0000] {processor.py:157} INFO - Started process (PID=5487) to work on /usr/local/lib/python3.10/dist-packages/airflow/example_dags/example_branch_labels.py
[2023-09-27T11:18:55.029+0000] {processor.py:829} INFO - Processing file /usr/local/lib/python3.10/dist-packages/airflow/example_dags/example_branch_labels.py for tasks to queue
[2023-09-27T11:18:55.029+0000] {logging_mixin.py:151} INFO - [2023-09-27T11:18:55.029+0000] {dagbag.py:539} INFO - Filling up the DagBag from /usr/local/lib/python3.10/dist-packages/airflow/example_dags/example_branch_labels.py
[2023-09-27T11:18:55.039+0000] {processor.py:839} INFO - DAG(s) dict_keys(['example_branch_labels']) retrieved from /usr/local/lib/python3.10/dist-packages/airflow/example_dags/example_branch_labels.py
[2023-09-27T11:18:55.058+0000] {logging_mixin.py:151} INFO - [2023-09-27T11:18:55.058+0000] {dag.py:2915} INFO - Sync 1 DAGs
[2023-09-27T11:18:55.084+0000] {logging_mixin.py:151} INFO - [2023-09-27T11:18:55.083+0000] {dag.py:3696} INFO - Setting next_dagrun for example_branch_labels to 2023-09-26T00:00:00+00:00, run_after=2023-09-27T00:00:00+00:00
[2023-09-27T11:18:55.108+0000] {processor.py:179} INFO - Processing /usr/local/lib/python3.10/dist-packages/airflow/example_dags/example_branch_labels.py took 0.085 seconds
[2023-09-27T11:19:44.003+0000] {processor.py:157} INFO - Started process (PID=5539) to work on /usr/local/lib/python3.10/dist-packages/airflow/example_dags/example_branch_labels.py
[2023-09-27T11:19:44.005+0000] {processor.py:829} INFO - Processing file /usr/local/lib/python3.10/dist-packages/airflow/example_dags/example_branch_labels.py for tasks to queue
[2023-09-27T11:19:44.006+0000] {logging_mixin.py:151} INFO - [2023-09-27T11:19:44.005+0000] {dagbag.py:539} INFO - Filling up the DagBag from /usr/local/lib/python3.10/dist-packages/airflow/example_dags/example_branch_labels.py
[2023-09-27T11:19:44.014+0000] {processor.py:839} INFO - DAG(s) dict_keys(['example_branch_labels']) retrieved from /usr/local/lib/python3.10/dist-packages/airflow/example_dags/example_branch_labels.py
[2023-09-27T11:19:44.033+0000] {logging_mixin.py:151} INFO - [2023-09-27T11:19:44.033+0000] {dag.py:2915} INFO - Sync 1 DAGs
[2023-09-27T11:19:44.059+0000] {logging_mixin.py:151} INFO - [2023-09-27T11:19:44.059+0000] {dag.py:3696} INFO - Setting next_dagrun for example_branch_labels to 2023-09-26T00:00:00+00:00, run_after=2023-09-27T00:00:00+00:00
[2023-09-27T11:19:44.081+0000] {processor.py:179} INFO - Processing /usr/local/lib/python3.10/dist-packages/airflow/example_dags/example_branch_labels.py took 0.083 seconds
[2023-09-27T11:20:37.783+0000] {processor.py:157} INFO - Started process (PID=5596) to work on /usr/local/lib/python3.10/dist-packages/airflow/example_dags/example_branch_labels.py
[2023-09-27T11:20:37.784+0000] {processor.py:829} INFO - Processing file /usr/local/lib/python3.10/dist-packages/airflow/example_dags/example_branch_labels.py for tasks to queue
[2023-09-27T11:20:37.785+0000] {logging_mixin.py:151} INFO - [2023-09-27T11:20:37.784+0000] {dagbag.py:539} INFO - Filling up the DagBag from /usr/local/lib/python3.10/dist-packages/airflow/example_dags/example_branch_labels.py
[2023-09-27T11:20:37.796+0000] {processor.py:839} INFO - DAG(s) dict_keys(['example_branch_labels']) retrieved from /usr/local/lib/python3.10/dist-packages/airflow/example_dags/example_branch_labels.py
[2023-09-27T11:20:37.814+0000] {logging_mixin.py:151} INFO - [2023-09-27T11:20:37.814+0000] {dag.py:2915} INFO - Sync 1 DAGs
[2023-09-27T11:20:37.834+0000] {logging_mixin.py:151} INFO - [2023-09-27T11:20:37.834+0000] {dag.py:3696} INFO - Setting next_dagrun for example_branch_labels to 2023-09-26T00:00:00+00:00, run_after=2023-09-27T00:00:00+00:00
[2023-09-27T11:20:37.859+0000] {processor.py:179} INFO - Processing /usr/local/lib/python3.10/dist-packages/airflow/example_dags/example_branch_labels.py took 0.079 seconds
[2023-09-27T11:21:28.732+0000] {processor.py:157} INFO - Started process (PID=5650) to work on /usr/local/lib/python3.10/dist-packages/airflow/example_dags/example_branch_labels.py
[2023-09-27T11:21:28.733+0000] {processor.py:829} INFO - Processing file /usr/local/lib/python3.10/dist-packages/airflow/example_dags/example_branch_labels.py for tasks to queue
[2023-09-27T11:21:28.734+0000] {logging_mixin.py:151} INFO - [2023-09-27T11:21:28.734+0000] {dagbag.py:539} INFO - Filling up the DagBag from /usr/local/lib/python3.10/dist-packages/airflow/example_dags/example_branch_labels.py
[2023-09-27T11:21:28.744+0000] {processor.py:839} INFO - DAG(s) dict_keys(['example_branch_labels']) retrieved from /usr/local/lib/python3.10/dist-packages/airflow/example_dags/example_branch_labels.py
[2023-09-27T11:21:28.763+0000] {logging_mixin.py:151} INFO - [2023-09-27T11:21:28.763+0000] {dag.py:2915} INFO - Sync 1 DAGs
[2023-09-27T11:21:28.788+0000] {logging_mixin.py:151} INFO - [2023-09-27T11:21:28.788+0000] {dag.py:3696} INFO - Setting next_dagrun for example_branch_labels to 2023-09-26T00:00:00+00:00, run_after=2023-09-27T00:00:00+00:00
[2023-09-27T11:21:28.812+0000] {processor.py:179} INFO - Processing /usr/local/lib/python3.10/dist-packages/airflow/example_dags/example_branch_labels.py took 0.084 seconds
[2023-09-27T11:22:19.279+0000] {processor.py:157} INFO - Started process (PID=5705) to work on /usr/local/lib/python3.10/dist-packages/airflow/example_dags/example_branch_labels.py
[2023-09-27T11:22:19.281+0000] {processor.py:829} INFO - Processing file /usr/local/lib/python3.10/dist-packages/airflow/example_dags/example_branch_labels.py for tasks to queue
[2023-09-27T11:22:19.282+0000] {logging_mixin.py:151} INFO - [2023-09-27T11:22:19.282+0000] {dagbag.py:539} INFO - Filling up the DagBag from /usr/local/lib/python3.10/dist-packages/airflow/example_dags/example_branch_labels.py
[2023-09-27T11:22:19.290+0000] {processor.py:839} INFO - DAG(s) dict_keys(['example_branch_labels']) retrieved from /usr/local/lib/python3.10/dist-packages/airflow/example_dags/example_branch_labels.py
[2023-09-27T11:22:19.309+0000] {logging_mixin.py:151} INFO - [2023-09-27T11:22:19.309+0000] {dag.py:2915} INFO - Sync 1 DAGs
[2023-09-27T11:22:19.330+0000] {logging_mixin.py:151} INFO - [2023-09-27T11:22:19.329+0000] {dag.py:3696} INFO - Setting next_dagrun for example_branch_labels to 2023-09-26T00:00:00+00:00, run_after=2023-09-27T00:00:00+00:00
[2023-09-27T11:22:19.351+0000] {processor.py:179} INFO - Processing /usr/local/lib/python3.10/dist-packages/airflow/example_dags/example_branch_labels.py took 0.074 seconds
[2023-09-27T11:23:09.200+0000] {processor.py:157} INFO - Started process (PID=5757) to work on /usr/local/lib/python3.10/dist-packages/airflow/example_dags/example_branch_labels.py
[2023-09-27T11:23:09.201+0000] {processor.py:829} INFO - Processing file /usr/local/lib/python3.10/dist-packages/airflow/example_dags/example_branch_labels.py for tasks to queue
[2023-09-27T11:23:09.202+0000] {logging_mixin.py:151} INFO - [2023-09-27T11:23:09.202+0000] {dagbag.py:539} INFO - Filling up the DagBag from /usr/local/lib/python3.10/dist-packages/airflow/example_dags/example_branch_labels.py
[2023-09-27T11:23:09.212+0000] {processor.py:839} INFO - DAG(s) dict_keys(['example_branch_labels']) retrieved from /usr/local/lib/python3.10/dist-packages/airflow/example_dags/example_branch_labels.py
[2023-09-27T11:23:09.242+0000] {logging_mixin.py:151} INFO - [2023-09-27T11:23:09.242+0000] {dag.py:2915} INFO - Sync 1 DAGs
[2023-09-27T11:23:09.266+0000] {logging_mixin.py:151} INFO - [2023-09-27T11:23:09.265+0000] {dag.py:3696} INFO - Setting next_dagrun for example_branch_labels to 2023-09-26T00:00:00+00:00, run_after=2023-09-27T00:00:00+00:00
[2023-09-27T11:23:09.287+0000] {processor.py:179} INFO - Processing /usr/local/lib/python3.10/dist-packages/airflow/example_dags/example_branch_labels.py took 0.091 seconds
[2023-09-27T11:24:00.092+0000] {processor.py:157} INFO - Started process (PID=5810) to work on /usr/local/lib/python3.10/dist-packages/airflow/example_dags/example_branch_labels.py
[2023-09-27T11:24:00.093+0000] {processor.py:829} INFO - Processing file /usr/local/lib/python3.10/dist-packages/airflow/example_dags/example_branch_labels.py for tasks to queue
[2023-09-27T11:24:00.094+0000] {logging_mixin.py:151} INFO - [2023-09-27T11:24:00.094+0000] {dagbag.py:539} INFO - Filling up the DagBag from /usr/local/lib/python3.10/dist-packages/airflow/example_dags/example_branch_labels.py
[2023-09-27T11:24:00.106+0000] {processor.py:839} INFO - DAG(s) dict_keys(['example_branch_labels']) retrieved from /usr/local/lib/python3.10/dist-packages/airflow/example_dags/example_branch_labels.py
[2023-09-27T11:24:00.127+0000] {logging_mixin.py:151} INFO - [2023-09-27T11:24:00.127+0000] {dag.py:2915} INFO - Sync 1 DAGs
[2023-09-27T11:24:00.150+0000] {logging_mixin.py:151} INFO - [2023-09-27T11:24:00.150+0000] {dag.py:3696} INFO - Setting next_dagrun for example_branch_labels to 2023-09-26T00:00:00+00:00, run_after=2023-09-27T00:00:00+00:00
[2023-09-27T11:24:00.176+0000] {processor.py:179} INFO - Processing /usr/local/lib/python3.10/dist-packages/airflow/example_dags/example_branch_labels.py took 0.089 seconds
[2023-09-27T11:24:51.063+0000] {processor.py:157} INFO - Started process (PID=5862) to work on /usr/local/lib/python3.10/dist-packages/airflow/example_dags/example_branch_labels.py
[2023-09-27T11:24:51.064+0000] {processor.py:829} INFO - Processing file /usr/local/lib/python3.10/dist-packages/airflow/example_dags/example_branch_labels.py for tasks to queue
[2023-09-27T11:24:51.065+0000] {logging_mixin.py:151} INFO - [2023-09-27T11:24:51.064+0000] {dagbag.py:539} INFO - Filling up the DagBag from /usr/local/lib/python3.10/dist-packages/airflow/example_dags/example_branch_labels.py
[2023-09-27T11:24:51.072+0000] {processor.py:839} INFO - DAG(s) dict_keys(['example_branch_labels']) retrieved from /usr/local/lib/python3.10/dist-packages/airflow/example_dags/example_branch_labels.py
[2023-09-27T11:24:51.089+0000] {logging_mixin.py:151} INFO - [2023-09-27T11:24:51.089+0000] {dag.py:2915} INFO - Sync 1 DAGs
[2023-09-27T11:24:51.110+0000] {logging_mixin.py:151} INFO - [2023-09-27T11:24:51.110+0000] {dag.py:3696} INFO - Setting next_dagrun for example_branch_labels to 2023-09-26T00:00:00+00:00, run_after=2023-09-27T00:00:00+00:00
[2023-09-27T11:24:51.137+0000] {processor.py:179} INFO - Processing /usr/local/lib/python3.10/dist-packages/airflow/example_dags/example_branch_labels.py took 0.081 seconds
[2023-09-27T11:25:44.566+0000] {processor.py:157} INFO - Started process (PID=5917) to work on /usr/local/lib/python3.10/dist-packages/airflow/example_dags/example_branch_labels.py
[2023-09-27T11:25:44.568+0000] {processor.py:829} INFO - Processing file /usr/local/lib/python3.10/dist-packages/airflow/example_dags/example_branch_labels.py for tasks to queue
[2023-09-27T11:25:44.569+0000] {logging_mixin.py:151} INFO - [2023-09-27T11:25:44.568+0000] {dagbag.py:539} INFO - Filling up the DagBag from /usr/local/lib/python3.10/dist-packages/airflow/example_dags/example_branch_labels.py
[2023-09-27T11:25:44.577+0000] {processor.py:839} INFO - DAG(s) dict_keys(['example_branch_labels']) retrieved from /usr/local/lib/python3.10/dist-packages/airflow/example_dags/example_branch_labels.py
[2023-09-27T11:25:44.598+0000] {logging_mixin.py:151} INFO - [2023-09-27T11:25:44.598+0000] {dag.py:2915} INFO - Sync 1 DAGs
[2023-09-27T11:25:44.622+0000] {logging_mixin.py:151} INFO - [2023-09-27T11:25:44.621+0000] {dag.py:3696} INFO - Setting next_dagrun for example_branch_labels to 2023-09-26T00:00:00+00:00, run_after=2023-09-27T00:00:00+00:00
[2023-09-27T11:25:44.647+0000] {processor.py:179} INFO - Processing /usr/local/lib/python3.10/dist-packages/airflow/example_dags/example_branch_labels.py took 0.085 seconds
[2023-09-27T11:26:38.844+0000] {processor.py:157} INFO - Started process (PID=5976) to work on /usr/local/lib/python3.10/dist-packages/airflow/example_dags/example_branch_labels.py
[2023-09-27T11:26:38.845+0000] {processor.py:829} INFO - Processing file /usr/local/lib/python3.10/dist-packages/airflow/example_dags/example_branch_labels.py for tasks to queue
[2023-09-27T11:26:38.846+0000] {logging_mixin.py:151} INFO - [2023-09-27T11:26:38.846+0000] {dagbag.py:539} INFO - Filling up the DagBag from /usr/local/lib/python3.10/dist-packages/airflow/example_dags/example_branch_labels.py
[2023-09-27T11:26:38.855+0000] {processor.py:839} INFO - DAG(s) dict_keys(['example_branch_labels']) retrieved from /usr/local/lib/python3.10/dist-packages/airflow/example_dags/example_branch_labels.py
[2023-09-27T11:26:38.873+0000] {logging_mixin.py:151} INFO - [2023-09-27T11:26:38.873+0000] {dag.py:2915} INFO - Sync 1 DAGs
[2023-09-27T11:26:38.894+0000] {logging_mixin.py:151} INFO - [2023-09-27T11:26:38.894+0000] {dag.py:3696} INFO - Setting next_dagrun for example_branch_labels to 2023-09-26T00:00:00+00:00, run_after=2023-09-27T00:00:00+00:00
[2023-09-27T11:26:38.915+0000] {processor.py:179} INFO - Processing /usr/local/lib/python3.10/dist-packages/airflow/example_dags/example_branch_labels.py took 0.076 seconds
[2023-09-27T11:27:26.007+0000] {processor.py:157} INFO - Started process (PID=6029) to work on /usr/local/lib/python3.10/dist-packages/airflow/example_dags/example_branch_labels.py
[2023-09-27T11:27:26.008+0000] {processor.py:829} INFO - Processing file /usr/local/lib/python3.10/dist-packages/airflow/example_dags/example_branch_labels.py for tasks to queue
[2023-09-27T11:27:26.009+0000] {logging_mixin.py:151} INFO - [2023-09-27T11:27:26.009+0000] {dagbag.py:539} INFO - Filling up the DagBag from /usr/local/lib/python3.10/dist-packages/airflow/example_dags/example_branch_labels.py
[2023-09-27T11:27:26.017+0000] {processor.py:839} INFO - DAG(s) dict_keys(['example_branch_labels']) retrieved from /usr/local/lib/python3.10/dist-packages/airflow/example_dags/example_branch_labels.py
[2023-09-27T11:27:26.035+0000] {logging_mixin.py:151} INFO - [2023-09-27T11:27:26.035+0000] {dag.py:2915} INFO - Sync 1 DAGs
[2023-09-27T11:27:26.060+0000] {logging_mixin.py:151} INFO - [2023-09-27T11:27:26.060+0000] {dag.py:3696} INFO - Setting next_dagrun for example_branch_labels to 2023-09-26T00:00:00+00:00, run_after=2023-09-27T00:00:00+00:00
[2023-09-27T11:27:26.086+0000] {processor.py:179} INFO - Processing /usr/local/lib/python3.10/dist-packages/airflow/example_dags/example_branch_labels.py took 0.083 seconds
[2023-09-27T11:28:15.702+0000] {processor.py:157} INFO - Started process (PID=6083) to work on /usr/local/lib/python3.10/dist-packages/airflow/example_dags/example_branch_labels.py
[2023-09-27T11:28:15.703+0000] {processor.py:829} INFO - Processing file /usr/local/lib/python3.10/dist-packages/airflow/example_dags/example_branch_labels.py for tasks to queue
[2023-09-27T11:28:15.704+0000] {logging_mixin.py:151} INFO - [2023-09-27T11:28:15.704+0000] {dagbag.py:539} INFO - Filling up the DagBag from /usr/local/lib/python3.10/dist-packages/airflow/example_dags/example_branch_labels.py
[2023-09-27T11:28:15.712+0000] {processor.py:839} INFO - DAG(s) dict_keys(['example_branch_labels']) retrieved from /usr/local/lib/python3.10/dist-packages/airflow/example_dags/example_branch_labels.py
[2023-09-27T11:28:15.732+0000] {logging_mixin.py:151} INFO - [2023-09-27T11:28:15.731+0000] {dag.py:2915} INFO - Sync 1 DAGs
[2023-09-27T11:28:15.754+0000] {logging_mixin.py:151} INFO - [2023-09-27T11:28:15.754+0000] {dag.py:3696} INFO - Setting next_dagrun for example_branch_labels to 2023-09-26T00:00:00+00:00, run_after=2023-09-27T00:00:00+00:00
[2023-09-27T11:28:15.779+0000] {processor.py:179} INFO - Processing /usr/local/lib/python3.10/dist-packages/airflow/example_dags/example_branch_labels.py took 0.081 seconds
[2023-09-27T11:29:04.053+0000] {processor.py:157} INFO - Started process (PID=6135) to work on /usr/local/lib/python3.10/dist-packages/airflow/example_dags/example_branch_labels.py
[2023-09-27T11:29:04.054+0000] {processor.py:829} INFO - Processing file /usr/local/lib/python3.10/dist-packages/airflow/example_dags/example_branch_labels.py for tasks to queue
[2023-09-27T11:29:04.055+0000] {logging_mixin.py:151} INFO - [2023-09-27T11:29:04.055+0000] {dagbag.py:539} INFO - Filling up the DagBag from /usr/local/lib/python3.10/dist-packages/airflow/example_dags/example_branch_labels.py
[2023-09-27T11:29:04.063+0000] {processor.py:839} INFO - DAG(s) dict_keys(['example_branch_labels']) retrieved from /usr/local/lib/python3.10/dist-packages/airflow/example_dags/example_branch_labels.py
[2023-09-27T11:29:04.081+0000] {logging_mixin.py:151} INFO - [2023-09-27T11:29:04.081+0000] {dag.py:2915} INFO - Sync 1 DAGs
[2023-09-27T11:29:04.102+0000] {logging_mixin.py:151} INFO - [2023-09-27T11:29:04.102+0000] {dag.py:3696} INFO - Setting next_dagrun for example_branch_labels to 2023-09-26T00:00:00+00:00, run_after=2023-09-27T00:00:00+00:00
[2023-09-27T11:29:04.123+0000] {processor.py:179} INFO - Processing /usr/local/lib/python3.10/dist-packages/airflow/example_dags/example_branch_labels.py took 0.074 seconds
[2023-09-27T11:29:55.230+0000] {processor.py:157} INFO - Started process (PID=6190) to work on /usr/local/lib/python3.10/dist-packages/airflow/example_dags/example_branch_labels.py
[2023-09-27T11:29:55.231+0000] {processor.py:829} INFO - Processing file /usr/local/lib/python3.10/dist-packages/airflow/example_dags/example_branch_labels.py for tasks to queue
[2023-09-27T11:29:55.231+0000] {logging_mixin.py:151} INFO - [2023-09-27T11:29:55.231+0000] {dagbag.py:539} INFO - Filling up the DagBag from /usr/local/lib/python3.10/dist-packages/airflow/example_dags/example_branch_labels.py
[2023-09-27T11:29:55.240+0000] {processor.py:839} INFO - DAG(s) dict_keys(['example_branch_labels']) retrieved from /usr/local/lib/python3.10/dist-packages/airflow/example_dags/example_branch_labels.py
[2023-09-27T11:29:55.259+0000] {logging_mixin.py:151} INFO - [2023-09-27T11:29:55.259+0000] {dag.py:2915} INFO - Sync 1 DAGs
[2023-09-27T11:29:55.281+0000] {logging_mixin.py:151} INFO - [2023-09-27T11:29:55.281+0000] {dag.py:3696} INFO - Setting next_dagrun for example_branch_labels to 2023-09-26T00:00:00+00:00, run_after=2023-09-27T00:00:00+00:00
[2023-09-27T11:29:55.300+0000] {processor.py:179} INFO - Processing /usr/local/lib/python3.10/dist-packages/airflow/example_dags/example_branch_labels.py took 0.074 seconds
[2023-09-27T11:30:45.105+0000] {processor.py:157} INFO - Started process (PID=6242) to work on /usr/local/lib/python3.10/dist-packages/airflow/example_dags/example_branch_labels.py
[2023-09-27T11:30:45.106+0000] {processor.py:829} INFO - Processing file /usr/local/lib/python3.10/dist-packages/airflow/example_dags/example_branch_labels.py for tasks to queue
[2023-09-27T11:30:45.107+0000] {logging_mixin.py:151} INFO - [2023-09-27T11:30:45.106+0000] {dagbag.py:539} INFO - Filling up the DagBag from /usr/local/lib/python3.10/dist-packages/airflow/example_dags/example_branch_labels.py
[2023-09-27T11:30:45.123+0000] {processor.py:839} INFO - DAG(s) dict_keys(['example_branch_labels']) retrieved from /usr/local/lib/python3.10/dist-packages/airflow/example_dags/example_branch_labels.py
[2023-09-27T11:30:45.153+0000] {logging_mixin.py:151} INFO - [2023-09-27T11:30:45.153+0000] {dag.py:2915} INFO - Sync 1 DAGs
[2023-09-27T11:30:45.184+0000] {logging_mixin.py:151} INFO - [2023-09-27T11:30:45.184+0000] {dag.py:3696} INFO - Setting next_dagrun for example_branch_labels to 2023-09-26T00:00:00+00:00, run_after=2023-09-27T00:00:00+00:00
[2023-09-27T11:30:45.220+0000] {processor.py:179} INFO - Processing /usr/local/lib/python3.10/dist-packages/airflow/example_dags/example_branch_labels.py took 0.120 seconds
[2023-09-27T11:31:33.368+0000] {processor.py:157} INFO - Started process (PID=6296) to work on /usr/local/lib/python3.10/dist-packages/airflow/example_dags/example_branch_labels.py
[2023-09-27T11:31:33.369+0000] {processor.py:829} INFO - Processing file /usr/local/lib/python3.10/dist-packages/airflow/example_dags/example_branch_labels.py for tasks to queue
[2023-09-27T11:31:33.370+0000] {logging_mixin.py:151} INFO - [2023-09-27T11:31:33.370+0000] {dagbag.py:539} INFO - Filling up the DagBag from /usr/local/lib/python3.10/dist-packages/airflow/example_dags/example_branch_labels.py
[2023-09-27T11:31:33.380+0000] {processor.py:839} INFO - DAG(s) dict_keys(['example_branch_labels']) retrieved from /usr/local/lib/python3.10/dist-packages/airflow/example_dags/example_branch_labels.py
[2023-09-27T11:31:33.402+0000] {logging_mixin.py:151} INFO - [2023-09-27T11:31:33.402+0000] {dag.py:2915} INFO - Sync 1 DAGs
[2023-09-27T11:31:33.424+0000] {logging_mixin.py:151} INFO - [2023-09-27T11:31:33.424+0000] {dag.py:3696} INFO - Setting next_dagrun for example_branch_labels to 2023-09-26T00:00:00+00:00, run_after=2023-09-27T00:00:00+00:00
[2023-09-27T11:31:33.454+0000] {processor.py:179} INFO - Processing /usr/local/lib/python3.10/dist-packages/airflow/example_dags/example_branch_labels.py took 0.090 seconds
[2023-09-27T11:32:19.802+0000] {processor.py:157} INFO - Started process (PID=6347) to work on /usr/local/lib/python3.10/dist-packages/airflow/example_dags/example_branch_labels.py
[2023-09-27T11:32:19.803+0000] {processor.py:829} INFO - Processing file /usr/local/lib/python3.10/dist-packages/airflow/example_dags/example_branch_labels.py for tasks to queue
[2023-09-27T11:32:19.803+0000] {logging_mixin.py:151} INFO - [2023-09-27T11:32:19.803+0000] {dagbag.py:539} INFO - Filling up the DagBag from /usr/local/lib/python3.10/dist-packages/airflow/example_dags/example_branch_labels.py
[2023-09-27T11:32:19.813+0000] {processor.py:839} INFO - DAG(s) dict_keys(['example_branch_labels']) retrieved from /usr/local/lib/python3.10/dist-packages/airflow/example_dags/example_branch_labels.py
[2023-09-27T11:32:19.832+0000] {logging_mixin.py:151} INFO - [2023-09-27T11:32:19.832+0000] {dag.py:2915} INFO - Sync 1 DAGs
[2023-09-27T11:32:19.851+0000] {logging_mixin.py:151} INFO - [2023-09-27T11:32:19.851+0000] {dag.py:3696} INFO - Setting next_dagrun for example_branch_labels to 2023-09-26T00:00:00+00:00, run_after=2023-09-27T00:00:00+00:00
[2023-09-27T11:32:19.871+0000] {processor.py:179} INFO - Processing /usr/local/lib/python3.10/dist-packages/airflow/example_dags/example_branch_labels.py took 0.072 seconds
[2023-09-27T11:33:11.125+0000] {processor.py:157} INFO - Started process (PID=6403) to work on /usr/local/lib/python3.10/dist-packages/airflow/example_dags/example_branch_labels.py
[2023-09-27T11:33:11.127+0000] {processor.py:829} INFO - Processing file /usr/local/lib/python3.10/dist-packages/airflow/example_dags/example_branch_labels.py for tasks to queue
[2023-09-27T11:33:11.127+0000] {logging_mixin.py:151} INFO - [2023-09-27T11:33:11.127+0000] {dagbag.py:539} INFO - Filling up the DagBag from /usr/local/lib/python3.10/dist-packages/airflow/example_dags/example_branch_labels.py
[2023-09-27T11:33:11.137+0000] {processor.py:839} INFO - DAG(s) dict_keys(['example_branch_labels']) retrieved from /usr/local/lib/python3.10/dist-packages/airflow/example_dags/example_branch_labels.py
[2023-09-27T11:33:11.155+0000] {logging_mixin.py:151} INFO - [2023-09-27T11:33:11.155+0000] {dag.py:2915} INFO - Sync 1 DAGs
[2023-09-27T11:33:11.191+0000] {logging_mixin.py:151} INFO - [2023-09-27T11:33:11.191+0000] {dag.py:3696} INFO - Setting next_dagrun for example_branch_labels to 2023-09-26T00:00:00+00:00, run_after=2023-09-27T00:00:00+00:00
[2023-09-27T11:33:11.215+0000] {processor.py:179} INFO - Processing /usr/local/lib/python3.10/dist-packages/airflow/example_dags/example_branch_labels.py took 0.093 seconds
[2023-09-27T11:34:01.516+0000] {processor.py:157} INFO - Started process (PID=6455) to work on /usr/local/lib/python3.10/dist-packages/airflow/example_dags/example_branch_labels.py
[2023-09-27T11:34:01.518+0000] {processor.py:829} INFO - Processing file /usr/local/lib/python3.10/dist-packages/airflow/example_dags/example_branch_labels.py for tasks to queue
[2023-09-27T11:34:01.519+0000] {logging_mixin.py:151} INFO - [2023-09-27T11:34:01.518+0000] {dagbag.py:539} INFO - Filling up the DagBag from /usr/local/lib/python3.10/dist-packages/airflow/example_dags/example_branch_labels.py
[2023-09-27T11:34:01.529+0000] {processor.py:839} INFO - DAG(s) dict_keys(['example_branch_labels']) retrieved from /usr/local/lib/python3.10/dist-packages/airflow/example_dags/example_branch_labels.py
[2023-09-27T11:34:01.550+0000] {logging_mixin.py:151} INFO - [2023-09-27T11:34:01.550+0000] {dag.py:2915} INFO - Sync 1 DAGs
[2023-09-27T11:34:01.572+0000] {logging_mixin.py:151} INFO - [2023-09-27T11:34:01.572+0000] {dag.py:3696} INFO - Setting next_dagrun for example_branch_labels to 2023-09-26T00:00:00+00:00, run_after=2023-09-27T00:00:00+00:00
[2023-09-27T11:34:01.595+0000] {processor.py:179} INFO - Processing /usr/local/lib/python3.10/dist-packages/airflow/example_dags/example_branch_labels.py took 0.082 seconds
[2023-09-27T11:34:51.904+0000] {processor.py:157} INFO - Started process (PID=6509) to work on /usr/local/lib/python3.10/dist-packages/airflow/example_dags/example_branch_labels.py
[2023-09-27T11:34:51.905+0000] {processor.py:829} INFO - Processing file /usr/local/lib/python3.10/dist-packages/airflow/example_dags/example_branch_labels.py for tasks to queue
[2023-09-27T11:34:51.906+0000] {logging_mixin.py:151} INFO - [2023-09-27T11:34:51.905+0000] {dagbag.py:539} INFO - Filling up the DagBag from /usr/local/lib/python3.10/dist-packages/airflow/example_dags/example_branch_labels.py
[2023-09-27T11:34:51.913+0000] {processor.py:839} INFO - DAG(s) dict_keys(['example_branch_labels']) retrieved from /usr/local/lib/python3.10/dist-packages/airflow/example_dags/example_branch_labels.py
[2023-09-27T11:34:51.934+0000] {logging_mixin.py:151} INFO - [2023-09-27T11:34:51.934+0000] {dag.py:2915} INFO - Sync 1 DAGs
[2023-09-27T11:34:51.961+0000] {logging_mixin.py:151} INFO - [2023-09-27T11:34:51.961+0000] {dag.py:3696} INFO - Setting next_dagrun for example_branch_labels to 2023-09-26T00:00:00+00:00, run_after=2023-09-27T00:00:00+00:00
[2023-09-27T11:34:51.986+0000] {processor.py:179} INFO - Processing /usr/local/lib/python3.10/dist-packages/airflow/example_dags/example_branch_labels.py took 0.085 seconds
[2023-09-27T11:35:39.756+0000] {processor.py:157} INFO - Started process (PID=6563) to work on /usr/local/lib/python3.10/dist-packages/airflow/example_dags/example_branch_labels.py
[2023-09-27T11:35:39.757+0000] {processor.py:829} INFO - Processing file /usr/local/lib/python3.10/dist-packages/airflow/example_dags/example_branch_labels.py for tasks to queue
[2023-09-27T11:35:39.758+0000] {logging_mixin.py:151} INFO - [2023-09-27T11:35:39.757+0000] {dagbag.py:539} INFO - Filling up the DagBag from /usr/local/lib/python3.10/dist-packages/airflow/example_dags/example_branch_labels.py
[2023-09-27T11:35:39.767+0000] {processor.py:839} INFO - DAG(s) dict_keys(['example_branch_labels']) retrieved from /usr/local/lib/python3.10/dist-packages/airflow/example_dags/example_branch_labels.py
[2023-09-27T11:35:39.797+0000] {logging_mixin.py:151} INFO - [2023-09-27T11:35:39.796+0000] {dag.py:2915} INFO - Sync 1 DAGs
[2023-09-27T11:35:39.838+0000] {logging_mixin.py:151} INFO - [2023-09-27T11:35:39.838+0000] {dag.py:3696} INFO - Setting next_dagrun for example_branch_labels to 2023-09-26T00:00:00+00:00, run_after=2023-09-27T00:00:00+00:00
[2023-09-27T11:35:39.871+0000] {processor.py:179} INFO - Processing /usr/local/lib/python3.10/dist-packages/airflow/example_dags/example_branch_labels.py took 0.119 seconds
[2023-09-27T11:36:31.324+0000] {processor.py:157} INFO - Started process (PID=6686) to work on /usr/local/lib/python3.10/dist-packages/airflow/example_dags/example_branch_labels.py
[2023-09-27T11:36:31.325+0000] {processor.py:829} INFO - Processing file /usr/local/lib/python3.10/dist-packages/airflow/example_dags/example_branch_labels.py for tasks to queue
[2023-09-27T11:36:31.326+0000] {logging_mixin.py:151} INFO - [2023-09-27T11:36:31.326+0000] {dagbag.py:539} INFO - Filling up the DagBag from /usr/local/lib/python3.10/dist-packages/airflow/example_dags/example_branch_labels.py
[2023-09-27T11:36:31.334+0000] {processor.py:839} INFO - DAG(s) dict_keys(['example_branch_labels']) retrieved from /usr/local/lib/python3.10/dist-packages/airflow/example_dags/example_branch_labels.py
[2023-09-27T11:36:31.353+0000] {logging_mixin.py:151} INFO - [2023-09-27T11:36:31.353+0000] {dag.py:2915} INFO - Sync 1 DAGs
[2023-09-27T11:36:31.376+0000] {logging_mixin.py:151} INFO - [2023-09-27T11:36:31.376+0000] {dag.py:3696} INFO - Setting next_dagrun for example_branch_labels to 2023-09-26T00:00:00+00:00, run_after=2023-09-27T00:00:00+00:00
[2023-09-27T11:36:31.403+0000] {processor.py:179} INFO - Processing /usr/local/lib/python3.10/dist-packages/airflow/example_dags/example_branch_labels.py took 0.082 seconds
[2023-09-27T11:37:17.340+0000] {processor.py:157} INFO - Started process (PID=6735) to work on /usr/local/lib/python3.10/dist-packages/airflow/example_dags/example_branch_labels.py
[2023-09-27T11:37:17.341+0000] {processor.py:829} INFO - Processing file /usr/local/lib/python3.10/dist-packages/airflow/example_dags/example_branch_labels.py for tasks to queue
[2023-09-27T11:37:17.342+0000] {logging_mixin.py:151} INFO - [2023-09-27T11:37:17.342+0000] {dagbag.py:539} INFO - Filling up the DagBag from /usr/local/lib/python3.10/dist-packages/airflow/example_dags/example_branch_labels.py
[2023-09-27T11:37:17.349+0000] {processor.py:839} INFO - DAG(s) dict_keys(['example_branch_labels']) retrieved from /usr/local/lib/python3.10/dist-packages/airflow/example_dags/example_branch_labels.py
[2023-09-27T11:37:17.367+0000] {logging_mixin.py:151} INFO - [2023-09-27T11:37:17.366+0000] {dag.py:2915} INFO - Sync 1 DAGs
[2023-09-27T11:37:17.386+0000] {logging_mixin.py:151} INFO - [2023-09-27T11:37:17.386+0000] {dag.py:3696} INFO - Setting next_dagrun for example_branch_labels to 2023-09-26T00:00:00+00:00, run_after=2023-09-27T00:00:00+00:00
[2023-09-27T11:37:17.405+0000] {processor.py:179} INFO - Processing /usr/local/lib/python3.10/dist-packages/airflow/example_dags/example_branch_labels.py took 0.069 seconds
[2023-09-27T17:57:05.484+0000] {processor.py:157} INFO - Started process (PID=10623) to work on /home/ubuntu/airflow_venv/lib/python3.10/site-packages/airflow/example_dags/example_branch_labels.py
[2023-09-27T17:57:05.487+0000] {processor.py:829} INFO - Processing file /home/ubuntu/airflow_venv/lib/python3.10/site-packages/airflow/example_dags/example_branch_labels.py for tasks to queue
[2023-09-27T17:57:05.488+0000] {logging_mixin.py:151} INFO - [2023-09-27T17:57:05.488+0000] {dagbag.py:539} INFO - Filling up the DagBag from /home/ubuntu/airflow_venv/lib/python3.10/site-packages/airflow/example_dags/example_branch_labels.py
[2023-09-27T17:57:05.503+0000] {processor.py:839} INFO - DAG(s) dict_keys(['example_branch_labels']) retrieved from /home/ubuntu/airflow_venv/lib/python3.10/site-packages/airflow/example_dags/example_branch_labels.py
[2023-09-27T17:57:05.667+0000] {logging_mixin.py:151} INFO - [2023-09-27T17:57:05.664+0000] {security.py:708} INFO - Not syncing DAG-level permissions for DAG 'DAG:example_branch_labels' as access control is unset.
[2023-09-27T17:57:05.667+0000] {logging_mixin.py:151} INFO - [2023-09-27T17:57:05.667+0000] {dag.py:2915} INFO - Sync 1 DAGs
[2023-09-27T17:57:05.707+0000] {logging_mixin.py:151} INFO - [2023-09-27T17:57:05.707+0000] {dag.py:3696} INFO - Setting next_dagrun for example_branch_labels to 2023-09-26T00:00:00+00:00, run_after=2023-09-27T00:00:00+00:00
[2023-09-27T17:57:05.748+0000] {processor.py:179} INFO - Processing /home/ubuntu/airflow_venv/lib/python3.10/site-packages/airflow/example_dags/example_branch_labels.py took 0.268 seconds
[2023-09-27T17:57:56.138+0000] {processor.py:157} INFO - Started process (PID=10670) to work on /home/ubuntu/airflow_venv/lib/python3.10/site-packages/airflow/example_dags/example_branch_labels.py
[2023-09-27T17:57:56.140+0000] {processor.py:829} INFO - Processing file /home/ubuntu/airflow_venv/lib/python3.10/site-packages/airflow/example_dags/example_branch_labels.py for tasks to queue
[2023-09-27T17:57:56.141+0000] {logging_mixin.py:151} INFO - [2023-09-27T17:57:56.141+0000] {dagbag.py:539} INFO - Filling up the DagBag from /home/ubuntu/airflow_venv/lib/python3.10/site-packages/airflow/example_dags/example_branch_labels.py
[2023-09-27T17:57:56.151+0000] {processor.py:839} INFO - DAG(s) dict_keys(['example_branch_labels']) retrieved from /home/ubuntu/airflow_venv/lib/python3.10/site-packages/airflow/example_dags/example_branch_labels.py
[2023-09-27T17:57:56.169+0000] {logging_mixin.py:151} INFO - [2023-09-27T17:57:56.169+0000] {dag.py:2915} INFO - Sync 1 DAGs
[2023-09-27T17:57:56.190+0000] {logging_mixin.py:151} INFO - [2023-09-27T17:57:56.190+0000] {dag.py:3696} INFO - Setting next_dagrun for example_branch_labels to 2023-09-26T00:00:00+00:00, run_after=2023-09-27T00:00:00+00:00
[2023-09-27T17:57:56.210+0000] {processor.py:179} INFO - Processing /home/ubuntu/airflow_venv/lib/python3.10/site-packages/airflow/example_dags/example_branch_labels.py took 0.075 seconds
[2023-09-27T17:58:52.520+0000] {processor.py:157} INFO - Started process (PID=10728) to work on /home/ubuntu/airflow_venv/lib/python3.10/site-packages/airflow/example_dags/example_branch_labels.py
[2023-09-27T17:58:52.522+0000] {processor.py:829} INFO - Processing file /home/ubuntu/airflow_venv/lib/python3.10/site-packages/airflow/example_dags/example_branch_labels.py for tasks to queue
[2023-09-27T17:58:52.523+0000] {logging_mixin.py:151} INFO - [2023-09-27T17:58:52.523+0000] {dagbag.py:539} INFO - Filling up the DagBag from /home/ubuntu/airflow_venv/lib/python3.10/site-packages/airflow/example_dags/example_branch_labels.py
[2023-09-27T17:58:52.532+0000] {processor.py:839} INFO - DAG(s) dict_keys(['example_branch_labels']) retrieved from /home/ubuntu/airflow_venv/lib/python3.10/site-packages/airflow/example_dags/example_branch_labels.py
[2023-09-27T17:58:52.556+0000] {logging_mixin.py:151} INFO - [2023-09-27T17:58:52.556+0000] {dag.py:2915} INFO - Sync 1 DAGs
[2023-09-27T17:58:52.580+0000] {logging_mixin.py:151} INFO - [2023-09-27T17:58:52.580+0000] {dag.py:3696} INFO - Setting next_dagrun for example_branch_labels to 2023-09-26T00:00:00+00:00, run_after=2023-09-27T00:00:00+00:00
[2023-09-27T17:58:52.619+0000] {processor.py:179} INFO - Processing /home/ubuntu/airflow_venv/lib/python3.10/site-packages/airflow/example_dags/example_branch_labels.py took 0.102 seconds
[2023-09-27T17:59:43.340+0000] {processor.py:157} INFO - Started process (PID=10792) to work on /home/ubuntu/airflow_venv/lib/python3.10/site-packages/airflow/example_dags/example_branch_labels.py
[2023-09-27T17:59:43.341+0000] {processor.py:829} INFO - Processing file /home/ubuntu/airflow_venv/lib/python3.10/site-packages/airflow/example_dags/example_branch_labels.py for tasks to queue
[2023-09-27T17:59:43.342+0000] {logging_mixin.py:151} INFO - [2023-09-27T17:59:43.342+0000] {dagbag.py:539} INFO - Filling up the DagBag from /home/ubuntu/airflow_venv/lib/python3.10/site-packages/airflow/example_dags/example_branch_labels.py
[2023-09-27T17:59:43.354+0000] {processor.py:839} INFO - DAG(s) dict_keys(['example_branch_labels']) retrieved from /home/ubuntu/airflow_venv/lib/python3.10/site-packages/airflow/example_dags/example_branch_labels.py
[2023-09-27T17:59:43.372+0000] {logging_mixin.py:151} INFO - [2023-09-27T17:59:43.372+0000] {dag.py:2915} INFO - Sync 1 DAGs
[2023-09-27T17:59:43.391+0000] {logging_mixin.py:151} INFO - [2023-09-27T17:59:43.391+0000] {dag.py:3696} INFO - Setting next_dagrun for example_branch_labels to 2023-09-26T00:00:00+00:00, run_after=2023-09-27T00:00:00+00:00
[2023-09-27T17:59:43.410+0000] {processor.py:179} INFO - Processing /home/ubuntu/airflow_venv/lib/python3.10/site-packages/airflow/example_dags/example_branch_labels.py took 0.073 seconds
[2023-09-27T18:00:34.487+0000] {processor.py:157} INFO - Started process (PID=10844) to work on /home/ubuntu/airflow_venv/lib/python3.10/site-packages/airflow/example_dags/example_branch_labels.py
[2023-09-27T18:00:34.488+0000] {processor.py:829} INFO - Processing file /home/ubuntu/airflow_venv/lib/python3.10/site-packages/airflow/example_dags/example_branch_labels.py for tasks to queue
[2023-09-27T18:00:34.489+0000] {logging_mixin.py:151} INFO - [2023-09-27T18:00:34.489+0000] {dagbag.py:539} INFO - Filling up the DagBag from /home/ubuntu/airflow_venv/lib/python3.10/site-packages/airflow/example_dags/example_branch_labels.py
[2023-09-27T18:00:34.498+0000] {processor.py:839} INFO - DAG(s) dict_keys(['example_branch_labels']) retrieved from /home/ubuntu/airflow_venv/lib/python3.10/site-packages/airflow/example_dags/example_branch_labels.py
[2023-09-27T18:00:34.523+0000] {logging_mixin.py:151} INFO - [2023-09-27T18:00:34.523+0000] {dag.py:2915} INFO - Sync 1 DAGs
[2023-09-27T18:00:34.551+0000] {logging_mixin.py:151} INFO - [2023-09-27T18:00:34.551+0000] {dag.py:3696} INFO - Setting next_dagrun for example_branch_labels to 2023-09-26T00:00:00+00:00, run_after=2023-09-27T00:00:00+00:00
[2023-09-27T18:00:34.572+0000] {processor.py:179} INFO - Processing /home/ubuntu/airflow_venv/lib/python3.10/site-packages/airflow/example_dags/example_branch_labels.py took 0.089 seconds
[2023-09-27T18:01:22.367+0000] {processor.py:157} INFO - Started process (PID=10892) to work on /home/ubuntu/airflow_venv/lib/python3.10/site-packages/airflow/example_dags/example_branch_labels.py
[2023-09-27T18:01:22.368+0000] {processor.py:829} INFO - Processing file /home/ubuntu/airflow_venv/lib/python3.10/site-packages/airflow/example_dags/example_branch_labels.py for tasks to queue
[2023-09-27T18:01:22.369+0000] {logging_mixin.py:151} INFO - [2023-09-27T18:01:22.369+0000] {dagbag.py:539} INFO - Filling up the DagBag from /home/ubuntu/airflow_venv/lib/python3.10/site-packages/airflow/example_dags/example_branch_labels.py
[2023-09-27T18:01:22.377+0000] {processor.py:839} INFO - DAG(s) dict_keys(['example_branch_labels']) retrieved from /home/ubuntu/airflow_venv/lib/python3.10/site-packages/airflow/example_dags/example_branch_labels.py
[2023-09-27T18:01:22.395+0000] {logging_mixin.py:151} INFO - [2023-09-27T18:01:22.395+0000] {dag.py:2915} INFO - Sync 1 DAGs
[2023-09-27T18:01:22.415+0000] {logging_mixin.py:151} INFO - [2023-09-27T18:01:22.415+0000] {dag.py:3696} INFO - Setting next_dagrun for example_branch_labels to 2023-09-26T00:00:00+00:00, run_after=2023-09-27T00:00:00+00:00
[2023-09-27T18:01:22.436+0000] {processor.py:179} INFO - Processing /home/ubuntu/airflow_venv/lib/python3.10/site-packages/airflow/example_dags/example_branch_labels.py took 0.072 seconds
[2023-09-27T18:02:08.327+0000] {processor.py:157} INFO - Started process (PID=10940) to work on /home/ubuntu/airflow_venv/lib/python3.10/site-packages/airflow/example_dags/example_branch_labels.py
[2023-09-27T18:02:08.328+0000] {processor.py:829} INFO - Processing file /home/ubuntu/airflow_venv/lib/python3.10/site-packages/airflow/example_dags/example_branch_labels.py for tasks to queue
[2023-09-27T18:02:08.330+0000] {logging_mixin.py:151} INFO - [2023-09-27T18:02:08.329+0000] {dagbag.py:539} INFO - Filling up the DagBag from /home/ubuntu/airflow_venv/lib/python3.10/site-packages/airflow/example_dags/example_branch_labels.py
[2023-09-27T18:02:08.339+0000] {processor.py:839} INFO - DAG(s) dict_keys(['example_branch_labels']) retrieved from /home/ubuntu/airflow_venv/lib/python3.10/site-packages/airflow/example_dags/example_branch_labels.py
[2023-09-27T18:02:08.359+0000] {logging_mixin.py:151} INFO - [2023-09-27T18:02:08.359+0000] {dag.py:2915} INFO - Sync 1 DAGs
[2023-09-27T18:02:08.379+0000] {logging_mixin.py:151} INFO - [2023-09-27T18:02:08.379+0000] {dag.py:3696} INFO - Setting next_dagrun for example_branch_labels to 2023-09-26T00:00:00+00:00, run_after=2023-09-27T00:00:00+00:00
[2023-09-27T18:02:08.398+0000] {processor.py:179} INFO - Processing /home/ubuntu/airflow_venv/lib/python3.10/site-packages/airflow/example_dags/example_branch_labels.py took 0.078 seconds
[2023-09-27T18:02:52.931+0000] {processor.py:157} INFO - Started process (PID=10995) to work on /home/ubuntu/airflow_venv/lib/python3.10/site-packages/airflow/example_dags/example_branch_labels.py
[2023-09-27T18:02:52.933+0000] {processor.py:829} INFO - Processing file /home/ubuntu/airflow_venv/lib/python3.10/site-packages/airflow/example_dags/example_branch_labels.py for tasks to queue
[2023-09-27T18:02:52.934+0000] {logging_mixin.py:151} INFO - [2023-09-27T18:02:52.934+0000] {dagbag.py:539} INFO - Filling up the DagBag from /home/ubuntu/airflow_venv/lib/python3.10/site-packages/airflow/example_dags/example_branch_labels.py
[2023-09-27T18:02:52.945+0000] {processor.py:839} INFO - DAG(s) dict_keys(['example_branch_labels']) retrieved from /home/ubuntu/airflow_venv/lib/python3.10/site-packages/airflow/example_dags/example_branch_labels.py
[2023-09-27T18:02:52.966+0000] {logging_mixin.py:151} INFO - [2023-09-27T18:02:52.965+0000] {dag.py:2915} INFO - Sync 1 DAGs
[2023-09-27T18:02:52.988+0000] {logging_mixin.py:151} INFO - [2023-09-27T18:02:52.987+0000] {dag.py:3696} INFO - Setting next_dagrun for example_branch_labels to 2023-09-26T00:00:00+00:00, run_after=2023-09-27T00:00:00+00:00
[2023-09-27T18:02:53.007+0000] {processor.py:179} INFO - Processing /home/ubuntu/airflow_venv/lib/python3.10/site-packages/airflow/example_dags/example_branch_labels.py took 0.079 seconds
[2023-09-27T18:03:43.348+0000] {processor.py:157} INFO - Started process (PID=11110) to work on /home/ubuntu/airflow_venv/lib/python3.10/site-packages/airflow/example_dags/example_branch_labels.py
[2023-09-27T18:03:43.349+0000] {processor.py:829} INFO - Processing file /home/ubuntu/airflow_venv/lib/python3.10/site-packages/airflow/example_dags/example_branch_labels.py for tasks to queue
[2023-09-27T18:03:43.350+0000] {logging_mixin.py:151} INFO - [2023-09-27T18:03:43.350+0000] {dagbag.py:539} INFO - Filling up the DagBag from /home/ubuntu/airflow_venv/lib/python3.10/site-packages/airflow/example_dags/example_branch_labels.py
[2023-09-27T18:03:43.359+0000] {processor.py:839} INFO - DAG(s) dict_keys(['example_branch_labels']) retrieved from /home/ubuntu/airflow_venv/lib/python3.10/site-packages/airflow/example_dags/example_branch_labels.py
[2023-09-27T18:03:43.379+0000] {logging_mixin.py:151} INFO - [2023-09-27T18:03:43.378+0000] {dag.py:2915} INFO - Sync 1 DAGs
[2023-09-27T18:03:43.402+0000] {logging_mixin.py:151} INFO - [2023-09-27T18:03:43.402+0000] {dag.py:3696} INFO - Setting next_dagrun for example_branch_labels to 2023-09-26T00:00:00+00:00, run_after=2023-09-27T00:00:00+00:00
[2023-09-27T18:03:43.437+0000] {processor.py:179} INFO - Processing /home/ubuntu/airflow_venv/lib/python3.10/site-packages/airflow/example_dags/example_branch_labels.py took 0.093 seconds
[2023-09-27T18:04:26.954+0000] {processor.py:157} INFO - Started process (PID=11178) to work on /home/ubuntu/airflow_venv/lib/python3.10/site-packages/airflow/example_dags/example_branch_labels.py
[2023-09-27T18:04:26.955+0000] {processor.py:829} INFO - Processing file /home/ubuntu/airflow_venv/lib/python3.10/site-packages/airflow/example_dags/example_branch_labels.py for tasks to queue
[2023-09-27T18:04:26.956+0000] {logging_mixin.py:151} INFO - [2023-09-27T18:04:26.955+0000] {dagbag.py:539} INFO - Filling up the DagBag from /home/ubuntu/airflow_venv/lib/python3.10/site-packages/airflow/example_dags/example_branch_labels.py
[2023-09-27T18:04:26.976+0000] {processor.py:839} INFO - DAG(s) dict_keys(['example_branch_labels']) retrieved from /home/ubuntu/airflow_venv/lib/python3.10/site-packages/airflow/example_dags/example_branch_labels.py
[2023-09-27T18:04:27.015+0000] {logging_mixin.py:151} INFO - [2023-09-27T18:04:27.015+0000] {dag.py:2915} INFO - Sync 1 DAGs
[2023-09-27T18:04:27.058+0000] {logging_mixin.py:151} INFO - [2023-09-27T18:04:27.058+0000] {dag.py:3696} INFO - Setting next_dagrun for example_branch_labels to 2023-09-26T00:00:00+00:00, run_after=2023-09-27T00:00:00+00:00
[2023-09-27T18:04:27.080+0000] {processor.py:179} INFO - Processing /home/ubuntu/airflow_venv/lib/python3.10/site-packages/airflow/example_dags/example_branch_labels.py took 0.129 seconds
[2023-09-27T18:05:15.494+0000] {processor.py:157} INFO - Started process (PID=11400) to work on /home/ubuntu/airflow_venv/lib/python3.10/site-packages/airflow/example_dags/example_branch_labels.py
[2023-09-27T18:05:15.496+0000] {processor.py:829} INFO - Processing file /home/ubuntu/airflow_venv/lib/python3.10/site-packages/airflow/example_dags/example_branch_labels.py for tasks to queue
[2023-09-27T18:05:15.497+0000] {logging_mixin.py:151} INFO - [2023-09-27T18:05:15.497+0000] {dagbag.py:539} INFO - Filling up the DagBag from /home/ubuntu/airflow_venv/lib/python3.10/site-packages/airflow/example_dags/example_branch_labels.py
[2023-09-27T18:05:15.506+0000] {processor.py:839} INFO - DAG(s) dict_keys(['example_branch_labels']) retrieved from /home/ubuntu/airflow_venv/lib/python3.10/site-packages/airflow/example_dags/example_branch_labels.py
[2023-09-27T18:05:15.527+0000] {logging_mixin.py:151} INFO - [2023-09-27T18:05:15.527+0000] {dag.py:2915} INFO - Sync 1 DAGs
[2023-09-27T18:05:15.553+0000] {logging_mixin.py:151} INFO - [2023-09-27T18:05:15.553+0000] {dag.py:3696} INFO - Setting next_dagrun for example_branch_labels to 2023-09-26T00:00:00+00:00, run_after=2023-09-27T00:00:00+00:00
[2023-09-27T18:05:15.576+0000] {processor.py:179} INFO - Processing /home/ubuntu/airflow_venv/lib/python3.10/site-packages/airflow/example_dags/example_branch_labels.py took 0.084 seconds
[2023-09-27T18:06:04.473+0000] {processor.py:157} INFO - Started process (PID=11535) to work on /home/ubuntu/airflow_venv/lib/python3.10/site-packages/airflow/example_dags/example_branch_labels.py
[2023-09-27T18:06:04.475+0000] {processor.py:829} INFO - Processing file /home/ubuntu/airflow_venv/lib/python3.10/site-packages/airflow/example_dags/example_branch_labels.py for tasks to queue
[2023-09-27T18:06:04.476+0000] {logging_mixin.py:151} INFO - [2023-09-27T18:06:04.475+0000] {dagbag.py:539} INFO - Filling up the DagBag from /home/ubuntu/airflow_venv/lib/python3.10/site-packages/airflow/example_dags/example_branch_labels.py
[2023-09-27T18:06:04.488+0000] {processor.py:839} INFO - DAG(s) dict_keys(['example_branch_labels']) retrieved from /home/ubuntu/airflow_venv/lib/python3.10/site-packages/airflow/example_dags/example_branch_labels.py
[2023-09-27T18:06:04.508+0000] {logging_mixin.py:151} INFO - [2023-09-27T18:06:04.508+0000] {dag.py:2915} INFO - Sync 1 DAGs
[2023-09-27T18:06:04.546+0000] {logging_mixin.py:151} INFO - [2023-09-27T18:06:04.545+0000] {dag.py:3696} INFO - Setting next_dagrun for example_branch_labels to 2023-09-26T00:00:00+00:00, run_after=2023-09-27T00:00:00+00:00
[2023-09-27T18:06:04.581+0000] {processor.py:179} INFO - Processing /home/ubuntu/airflow_venv/lib/python3.10/site-packages/airflow/example_dags/example_branch_labels.py took 0.111 seconds
[2023-09-27T18:06:55.074+0000] {processor.py:157} INFO - Started process (PID=11597) to work on /home/ubuntu/airflow_venv/lib/python3.10/site-packages/airflow/example_dags/example_branch_labels.py
[2023-09-27T18:06:55.076+0000] {processor.py:829} INFO - Processing file /home/ubuntu/airflow_venv/lib/python3.10/site-packages/airflow/example_dags/example_branch_labels.py for tasks to queue
[2023-09-27T18:06:55.077+0000] {logging_mixin.py:151} INFO - [2023-09-27T18:06:55.076+0000] {dagbag.py:539} INFO - Filling up the DagBag from /home/ubuntu/airflow_venv/lib/python3.10/site-packages/airflow/example_dags/example_branch_labels.py
[2023-09-27T18:06:55.087+0000] {processor.py:839} INFO - DAG(s) dict_keys(['example_branch_labels']) retrieved from /home/ubuntu/airflow_venv/lib/python3.10/site-packages/airflow/example_dags/example_branch_labels.py
[2023-09-27T18:06:55.111+0000] {logging_mixin.py:151} INFO - [2023-09-27T18:06:55.111+0000] {dag.py:2915} INFO - Sync 1 DAGs
[2023-09-27T18:06:55.135+0000] {logging_mixin.py:151} INFO - [2023-09-27T18:06:55.135+0000] {dag.py:3696} INFO - Setting next_dagrun for example_branch_labels to 2023-09-26T00:00:00+00:00, run_after=2023-09-27T00:00:00+00:00
[2023-09-27T18:06:55.160+0000] {processor.py:179} INFO - Processing /home/ubuntu/airflow_venv/lib/python3.10/site-packages/airflow/example_dags/example_branch_labels.py took 0.090 seconds
[2023-09-27T18:07:46.616+0000] {processor.py:157} INFO - Started process (PID=11653) to work on /home/ubuntu/airflow_venv/lib/python3.10/site-packages/airflow/example_dags/example_branch_labels.py
[2023-09-27T18:07:46.618+0000] {processor.py:829} INFO - Processing file /home/ubuntu/airflow_venv/lib/python3.10/site-packages/airflow/example_dags/example_branch_labels.py for tasks to queue
[2023-09-27T18:07:46.619+0000] {logging_mixin.py:151} INFO - [2023-09-27T18:07:46.618+0000] {dagbag.py:539} INFO - Filling up the DagBag from /home/ubuntu/airflow_venv/lib/python3.10/site-packages/airflow/example_dags/example_branch_labels.py
[2023-09-27T18:07:46.628+0000] {processor.py:839} INFO - DAG(s) dict_keys(['example_branch_labels']) retrieved from /home/ubuntu/airflow_venv/lib/python3.10/site-packages/airflow/example_dags/example_branch_labels.py
[2023-09-27T18:07:46.646+0000] {logging_mixin.py:151} INFO - [2023-09-27T18:07:46.646+0000] {dag.py:2915} INFO - Sync 1 DAGs
[2023-09-27T18:07:46.665+0000] {logging_mixin.py:151} INFO - [2023-09-27T18:07:46.665+0000] {dag.py:3696} INFO - Setting next_dagrun for example_branch_labels to 2023-09-26T00:00:00+00:00, run_after=2023-09-27T00:00:00+00:00
[2023-09-27T18:07:46.685+0000] {processor.py:179} INFO - Processing /home/ubuntu/airflow_venv/lib/python3.10/site-packages/airflow/example_dags/example_branch_labels.py took 0.072 seconds
[2023-09-27T18:08:40.340+0000] {processor.py:157} INFO - Started process (PID=11822) to work on /home/ubuntu/airflow_venv/lib/python3.10/site-packages/airflow/example_dags/example_branch_labels.py
[2023-09-27T18:08:40.342+0000] {processor.py:829} INFO - Processing file /home/ubuntu/airflow_venv/lib/python3.10/site-packages/airflow/example_dags/example_branch_labels.py for tasks to queue
[2023-09-27T18:08:40.342+0000] {logging_mixin.py:151} INFO - [2023-09-27T18:08:40.342+0000] {dagbag.py:539} INFO - Filling up the DagBag from /home/ubuntu/airflow_venv/lib/python3.10/site-packages/airflow/example_dags/example_branch_labels.py
[2023-09-27T18:08:40.350+0000] {processor.py:839} INFO - DAG(s) dict_keys(['example_branch_labels']) retrieved from /home/ubuntu/airflow_venv/lib/python3.10/site-packages/airflow/example_dags/example_branch_labels.py
[2023-09-27T18:08:40.369+0000] {logging_mixin.py:151} INFO - [2023-09-27T18:08:40.368+0000] {dag.py:2915} INFO - Sync 1 DAGs
[2023-09-27T18:08:40.388+0000] {logging_mixin.py:151} INFO - [2023-09-27T18:08:40.388+0000] {dag.py:3696} INFO - Setting next_dagrun for example_branch_labels to 2023-09-26T00:00:00+00:00, run_after=2023-09-27T00:00:00+00:00
[2023-09-27T18:08:40.408+0000] {processor.py:179} INFO - Processing /home/ubuntu/airflow_venv/lib/python3.10/site-packages/airflow/example_dags/example_branch_labels.py took 0.071 seconds
[2023-09-27T18:09:28.708+0000] {processor.py:157} INFO - Started process (PID=11931) to work on /home/ubuntu/airflow_venv/lib/python3.10/site-packages/airflow/example_dags/example_branch_labels.py
[2023-09-27T18:09:28.709+0000] {processor.py:829} INFO - Processing file /home/ubuntu/airflow_venv/lib/python3.10/site-packages/airflow/example_dags/example_branch_labels.py for tasks to queue
[2023-09-27T18:09:28.710+0000] {logging_mixin.py:151} INFO - [2023-09-27T18:09:28.710+0000] {dagbag.py:539} INFO - Filling up the DagBag from /home/ubuntu/airflow_venv/lib/python3.10/site-packages/airflow/example_dags/example_branch_labels.py
[2023-09-27T18:09:28.718+0000] {processor.py:839} INFO - DAG(s) dict_keys(['example_branch_labels']) retrieved from /home/ubuntu/airflow_venv/lib/python3.10/site-packages/airflow/example_dags/example_branch_labels.py
[2023-09-27T18:09:28.735+0000] {logging_mixin.py:151} INFO - [2023-09-27T18:09:28.735+0000] {dag.py:2915} INFO - Sync 1 DAGs
[2023-09-27T18:09:28.764+0000] {logging_mixin.py:151} INFO - [2023-09-27T18:09:28.764+0000] {dag.py:3696} INFO - Setting next_dagrun for example_branch_labels to 2023-09-26T00:00:00+00:00, run_after=2023-09-27T00:00:00+00:00
[2023-09-27T18:09:28.787+0000] {processor.py:179} INFO - Processing /home/ubuntu/airflow_venv/lib/python3.10/site-packages/airflow/example_dags/example_branch_labels.py took 0.082 seconds
[2023-09-27T18:10:26.899+0000] {processor.py:157} INFO - Started process (PID=12576) to work on /home/ubuntu/airflow_venv/lib/python3.10/site-packages/airflow/example_dags/example_branch_labels.py
[2023-09-27T18:10:26.901+0000] {processor.py:829} INFO - Processing file /home/ubuntu/airflow_venv/lib/python3.10/site-packages/airflow/example_dags/example_branch_labels.py for tasks to queue
[2023-09-27T18:10:26.902+0000] {logging_mixin.py:151} INFO - [2023-09-27T18:10:26.902+0000] {dagbag.py:539} INFO - Filling up the DagBag from /home/ubuntu/airflow_venv/lib/python3.10/site-packages/airflow/example_dags/example_branch_labels.py
[2023-09-27T18:10:26.913+0000] {processor.py:839} INFO - DAG(s) dict_keys(['example_branch_labels']) retrieved from /home/ubuntu/airflow_venv/lib/python3.10/site-packages/airflow/example_dags/example_branch_labels.py
[2023-09-27T18:10:26.954+0000] {logging_mixin.py:151} INFO - [2023-09-27T18:10:26.953+0000] {dag.py:2915} INFO - Sync 1 DAGs
[2023-09-27T18:10:26.981+0000] {logging_mixin.py:151} INFO - [2023-09-27T18:10:26.981+0000] {dag.py:3696} INFO - Setting next_dagrun for example_branch_labels to 2023-09-26T00:00:00+00:00, run_after=2023-09-27T00:00:00+00:00
[2023-09-27T18:10:27.008+0000] {processor.py:179} INFO - Processing /home/ubuntu/airflow_venv/lib/python3.10/site-packages/airflow/example_dags/example_branch_labels.py took 0.112 seconds
[2023-09-27T18:11:23.596+0000] {processor.py:157} INFO - Started process (PID=12668) to work on /home/ubuntu/airflow_venv/lib/python3.10/site-packages/airflow/example_dags/example_branch_labels.py
[2023-09-27T18:11:23.597+0000] {processor.py:829} INFO - Processing file /home/ubuntu/airflow_venv/lib/python3.10/site-packages/airflow/example_dags/example_branch_labels.py for tasks to queue
[2023-09-27T18:11:23.598+0000] {logging_mixin.py:151} INFO - [2023-09-27T18:11:23.597+0000] {dagbag.py:539} INFO - Filling up the DagBag from /home/ubuntu/airflow_venv/lib/python3.10/site-packages/airflow/example_dags/example_branch_labels.py
[2023-09-27T18:11:23.607+0000] {processor.py:839} INFO - DAG(s) dict_keys(['example_branch_labels']) retrieved from /home/ubuntu/airflow_venv/lib/python3.10/site-packages/airflow/example_dags/example_branch_labels.py
[2023-09-27T18:11:23.629+0000] {logging_mixin.py:151} INFO - [2023-09-27T18:11:23.629+0000] {dag.py:2915} INFO - Sync 1 DAGs
[2023-09-27T18:11:23.653+0000] {logging_mixin.py:151} INFO - [2023-09-27T18:11:23.653+0000] {dag.py:3696} INFO - Setting next_dagrun for example_branch_labels to 2023-09-26T00:00:00+00:00, run_after=2023-09-27T00:00:00+00:00
[2023-09-27T18:11:23.674+0000] {processor.py:179} INFO - Processing /home/ubuntu/airflow_venv/lib/python3.10/site-packages/airflow/example_dags/example_branch_labels.py took 0.083 seconds
[2023-09-27T18:12:10.019+0000] {processor.py:157} INFO - Started process (PID=12783) to work on /home/ubuntu/airflow_venv/lib/python3.10/site-packages/airflow/example_dags/example_branch_labels.py
[2023-09-27T18:12:10.020+0000] {processor.py:829} INFO - Processing file /home/ubuntu/airflow_venv/lib/python3.10/site-packages/airflow/example_dags/example_branch_labels.py for tasks to queue
[2023-09-27T18:12:10.021+0000] {logging_mixin.py:151} INFO - [2023-09-27T18:12:10.021+0000] {dagbag.py:539} INFO - Filling up the DagBag from /home/ubuntu/airflow_venv/lib/python3.10/site-packages/airflow/example_dags/example_branch_labels.py
[2023-09-27T18:12:10.030+0000] {processor.py:839} INFO - DAG(s) dict_keys(['example_branch_labels']) retrieved from /home/ubuntu/airflow_venv/lib/python3.10/site-packages/airflow/example_dags/example_branch_labels.py
[2023-09-27T18:12:10.063+0000] {logging_mixin.py:151} INFO - [2023-09-27T18:12:10.063+0000] {dag.py:2915} INFO - Sync 1 DAGs
[2023-09-27T18:12:10.085+0000] {logging_mixin.py:151} INFO - [2023-09-27T18:12:10.085+0000] {dag.py:3696} INFO - Setting next_dagrun for example_branch_labels to 2023-09-26T00:00:00+00:00, run_after=2023-09-27T00:00:00+00:00
[2023-09-27T18:12:10.105+0000] {processor.py:179} INFO - Processing /home/ubuntu/airflow_venv/lib/python3.10/site-packages/airflow/example_dags/example_branch_labels.py took 0.090 seconds
[2023-09-27T18:13:03.246+0000] {processor.py:157} INFO - Started process (PID=12916) to work on /home/ubuntu/airflow_venv/lib/python3.10/site-packages/airflow/example_dags/example_branch_labels.py
[2023-09-27T18:13:03.252+0000] {processor.py:829} INFO - Processing file /home/ubuntu/airflow_venv/lib/python3.10/site-packages/airflow/example_dags/example_branch_labels.py for tasks to queue
[2023-09-27T18:13:03.255+0000] {logging_mixin.py:151} INFO - [2023-09-27T18:13:03.254+0000] {dagbag.py:539} INFO - Filling up the DagBag from /home/ubuntu/airflow_venv/lib/python3.10/site-packages/airflow/example_dags/example_branch_labels.py
[2023-09-27T18:13:03.263+0000] {processor.py:839} INFO - DAG(s) dict_keys(['example_branch_labels']) retrieved from /home/ubuntu/airflow_venv/lib/python3.10/site-packages/airflow/example_dags/example_branch_labels.py
[2023-09-27T18:13:03.283+0000] {logging_mixin.py:151} INFO - [2023-09-27T18:13:03.283+0000] {dag.py:2915} INFO - Sync 1 DAGs
[2023-09-27T18:13:03.330+0000] {logging_mixin.py:151} INFO - [2023-09-27T18:13:03.325+0000] {dag.py:3696} INFO - Setting next_dagrun for example_branch_labels to 2023-09-26T00:00:00+00:00, run_after=2023-09-27T00:00:00+00:00
[2023-09-27T18:13:03.362+0000] {processor.py:179} INFO - Processing /home/ubuntu/airflow_venv/lib/python3.10/site-packages/airflow/example_dags/example_branch_labels.py took 0.119 seconds
