[2023-09-27T10:54:39.791+0000] {processor.py:157} INFO - Started process (PID=3969) to work on /usr/local/lib/python3.10/dist-packages/airflow/example_dags/example_kubernetes_executor.py
[2023-09-27T10:54:39.792+0000] {processor.py:829} INFO - Processing file /usr/local/lib/python3.10/dist-packages/airflow/example_dags/example_kubernetes_executor.py for tasks to queue
[2023-09-27T10:54:39.793+0000] {logging_mixin.py:151} INFO - [2023-09-27T10:54:39.793+0000] {dagbag.py:539} INFO - Filling up the DagBag from /usr/local/lib/python3.10/dist-packages/airflow/example_dags/example_kubernetes_executor.py
[2023-09-27T10:54:39.796+0000] {logging_mixin.py:151} INFO - [2023-09-27T10:54:39.796+0000] {example_kubernetes_executor.py:38} WARNING - The example_kubernetes_executor example DAG requires the kubernetes provider. Please install it with: pip install apache-airflow[cncf.kubernetes]
[2023-09-27T10:54:39.796+0000] {processor.py:841} WARNING - No viable dags retrieved from /usr/local/lib/python3.10/dist-packages/airflow/example_dags/example_kubernetes_executor.py
[2023-09-27T10:54:39.806+0000] {processor.py:179} INFO - Processing /usr/local/lib/python3.10/dist-packages/airflow/example_dags/example_kubernetes_executor.py took 0.018 seconds
[2023-09-27T10:55:33.172+0000] {processor.py:157} INFO - Started process (PID=4026) to work on /usr/local/lib/python3.10/dist-packages/airflow/example_dags/example_kubernetes_executor.py
[2023-09-27T10:55:33.174+0000] {processor.py:829} INFO - Processing file /usr/local/lib/python3.10/dist-packages/airflow/example_dags/example_kubernetes_executor.py for tasks to queue
[2023-09-27T10:55:33.174+0000] {logging_mixin.py:151} INFO - [2023-09-27T10:55:33.174+0000] {dagbag.py:539} INFO - Filling up the DagBag from /usr/local/lib/python3.10/dist-packages/airflow/example_dags/example_kubernetes_executor.py
[2023-09-27T10:55:33.177+0000] {logging_mixin.py:151} INFO - [2023-09-27T10:55:33.177+0000] {example_kubernetes_executor.py:38} WARNING - The example_kubernetes_executor example DAG requires the kubernetes provider. Please install it with: pip install apache-airflow[cncf.kubernetes]
[2023-09-27T10:55:33.177+0000] {processor.py:841} WARNING - No viable dags retrieved from /usr/local/lib/python3.10/dist-packages/airflow/example_dags/example_kubernetes_executor.py
[2023-09-27T10:55:33.196+0000] {processor.py:179} INFO - Processing /usr/local/lib/python3.10/dist-packages/airflow/example_dags/example_kubernetes_executor.py took 0.027 seconds
[2023-09-27T10:57:34.428+0000] {processor.py:157} INFO - Started process (PID=4136) to work on /usr/local/lib/python3.10/dist-packages/airflow/example_dags/example_kubernetes_executor.py
[2023-09-27T10:57:34.429+0000] {processor.py:829} INFO - Processing file /usr/local/lib/python3.10/dist-packages/airflow/example_dags/example_kubernetes_executor.py for tasks to queue
[2023-09-27T10:57:34.430+0000] {logging_mixin.py:151} INFO - [2023-09-27T10:57:34.430+0000] {dagbag.py:539} INFO - Filling up the DagBag from /usr/local/lib/python3.10/dist-packages/airflow/example_dags/example_kubernetes_executor.py
[2023-09-27T10:57:34.434+0000] {logging_mixin.py:151} INFO - [2023-09-27T10:57:34.434+0000] {example_kubernetes_executor.py:38} WARNING - The example_kubernetes_executor example DAG requires the kubernetes provider. Please install it with: pip install apache-airflow[cncf.kubernetes]
[2023-09-27T10:57:34.434+0000] {processor.py:841} WARNING - No viable dags retrieved from /usr/local/lib/python3.10/dist-packages/airflow/example_dags/example_kubernetes_executor.py
[2023-09-27T10:57:34.446+0000] {processor.py:179} INFO - Processing /usr/local/lib/python3.10/dist-packages/airflow/example_dags/example_kubernetes_executor.py took 0.021 seconds
[2023-09-27T10:58:25.682+0000] {processor.py:157} INFO - Started process (PID=4189) to work on /usr/local/lib/python3.10/dist-packages/airflow/example_dags/example_kubernetes_executor.py
[2023-09-27T10:58:25.683+0000] {processor.py:829} INFO - Processing file /usr/local/lib/python3.10/dist-packages/airflow/example_dags/example_kubernetes_executor.py for tasks to queue
[2023-09-27T10:58:25.684+0000] {logging_mixin.py:151} INFO - [2023-09-27T10:58:25.684+0000] {dagbag.py:539} INFO - Filling up the DagBag from /usr/local/lib/python3.10/dist-packages/airflow/example_dags/example_kubernetes_executor.py
[2023-09-27T10:58:25.688+0000] {logging_mixin.py:151} INFO - [2023-09-27T10:58:25.688+0000] {example_kubernetes_executor.py:38} WARNING - The example_kubernetes_executor example DAG requires the kubernetes provider. Please install it with: pip install apache-airflow[cncf.kubernetes]
[2023-09-27T10:58:25.689+0000] {processor.py:841} WARNING - No viable dags retrieved from /usr/local/lib/python3.10/dist-packages/airflow/example_dags/example_kubernetes_executor.py
[2023-09-27T10:58:25.701+0000] {processor.py:179} INFO - Processing /usr/local/lib/python3.10/dist-packages/airflow/example_dags/example_kubernetes_executor.py took 0.023 seconds
[2023-09-27T10:59:13.955+0000] {processor.py:157} INFO - Started process (PID=4240) to work on /usr/local/lib/python3.10/dist-packages/airflow/example_dags/example_kubernetes_executor.py
[2023-09-27T10:59:13.956+0000] {processor.py:829} INFO - Processing file /usr/local/lib/python3.10/dist-packages/airflow/example_dags/example_kubernetes_executor.py for tasks to queue
[2023-09-27T10:59:13.957+0000] {logging_mixin.py:151} INFO - [2023-09-27T10:59:13.957+0000] {dagbag.py:539} INFO - Filling up the DagBag from /usr/local/lib/python3.10/dist-packages/airflow/example_dags/example_kubernetes_executor.py
[2023-09-27T10:59:13.960+0000] {logging_mixin.py:151} INFO - [2023-09-27T10:59:13.960+0000] {example_kubernetes_executor.py:38} WARNING - The example_kubernetes_executor example DAG requires the kubernetes provider. Please install it with: pip install apache-airflow[cncf.kubernetes]
[2023-09-27T10:59:13.960+0000] {processor.py:841} WARNING - No viable dags retrieved from /usr/local/lib/python3.10/dist-packages/airflow/example_dags/example_kubernetes_executor.py
[2023-09-27T10:59:13.971+0000] {processor.py:179} INFO - Processing /usr/local/lib/python3.10/dist-packages/airflow/example_dags/example_kubernetes_executor.py took 0.019 seconds
[2023-09-27T11:00:03.008+0000] {processor.py:157} INFO - Started process (PID=4290) to work on /usr/local/lib/python3.10/dist-packages/airflow/example_dags/example_kubernetes_executor.py
[2023-09-27T11:00:03.009+0000] {processor.py:829} INFO - Processing file /usr/local/lib/python3.10/dist-packages/airflow/example_dags/example_kubernetes_executor.py for tasks to queue
[2023-09-27T11:00:03.011+0000] {logging_mixin.py:151} INFO - [2023-09-27T11:00:03.010+0000] {dagbag.py:539} INFO - Filling up the DagBag from /usr/local/lib/python3.10/dist-packages/airflow/example_dags/example_kubernetes_executor.py
[2023-09-27T11:00:03.015+0000] {logging_mixin.py:151} INFO - [2023-09-27T11:00:03.014+0000] {example_kubernetes_executor.py:38} WARNING - The example_kubernetes_executor example DAG requires the kubernetes provider. Please install it with: pip install apache-airflow[cncf.kubernetes]
[2023-09-27T11:00:03.015+0000] {processor.py:841} WARNING - No viable dags retrieved from /usr/local/lib/python3.10/dist-packages/airflow/example_dags/example_kubernetes_executor.py
[2023-09-27T11:00:03.026+0000] {processor.py:179} INFO - Processing /usr/local/lib/python3.10/dist-packages/airflow/example_dags/example_kubernetes_executor.py took 0.026 seconds
[2023-09-27T11:00:50.335+0000] {processor.py:157} INFO - Started process (PID=4341) to work on /usr/local/lib/python3.10/dist-packages/airflow/example_dags/example_kubernetes_executor.py
[2023-09-27T11:00:50.337+0000] {processor.py:829} INFO - Processing file /usr/local/lib/python3.10/dist-packages/airflow/example_dags/example_kubernetes_executor.py for tasks to queue
[2023-09-27T11:00:50.337+0000] {logging_mixin.py:151} INFO - [2023-09-27T11:00:50.337+0000] {dagbag.py:539} INFO - Filling up the DagBag from /usr/local/lib/python3.10/dist-packages/airflow/example_dags/example_kubernetes_executor.py
[2023-09-27T11:00:50.340+0000] {logging_mixin.py:151} INFO - [2023-09-27T11:00:50.340+0000] {example_kubernetes_executor.py:38} WARNING - The example_kubernetes_executor example DAG requires the kubernetes provider. Please install it with: pip install apache-airflow[cncf.kubernetes]
[2023-09-27T11:00:50.340+0000] {processor.py:841} WARNING - No viable dags retrieved from /usr/local/lib/python3.10/dist-packages/airflow/example_dags/example_kubernetes_executor.py
[2023-09-27T11:00:50.350+0000] {processor.py:179} INFO - Processing /usr/local/lib/python3.10/dist-packages/airflow/example_dags/example_kubernetes_executor.py took 0.017 seconds
[2023-09-27T11:01:35.222+0000] {processor.py:157} INFO - Started process (PID=4389) to work on /usr/local/lib/python3.10/dist-packages/airflow/example_dags/example_kubernetes_executor.py
[2023-09-27T11:01:35.223+0000] {processor.py:829} INFO - Processing file /usr/local/lib/python3.10/dist-packages/airflow/example_dags/example_kubernetes_executor.py for tasks to queue
[2023-09-27T11:01:35.225+0000] {logging_mixin.py:151} INFO - [2023-09-27T11:01:35.225+0000] {dagbag.py:539} INFO - Filling up the DagBag from /usr/local/lib/python3.10/dist-packages/airflow/example_dags/example_kubernetes_executor.py
[2023-09-27T11:01:35.230+0000] {logging_mixin.py:151} INFO - [2023-09-27T11:01:35.229+0000] {example_kubernetes_executor.py:38} WARNING - The example_kubernetes_executor example DAG requires the kubernetes provider. Please install it with: pip install apache-airflow[cncf.kubernetes]
[2023-09-27T11:01:35.230+0000] {processor.py:841} WARNING - No viable dags retrieved from /usr/local/lib/python3.10/dist-packages/airflow/example_dags/example_kubernetes_executor.py
[2023-09-27T11:01:35.251+0000] {processor.py:179} INFO - Processing /usr/local/lib/python3.10/dist-packages/airflow/example_dags/example_kubernetes_executor.py took 0.033 seconds
[2023-09-27T11:02:20.354+0000] {processor.py:157} INFO - Started process (PID=4437) to work on /usr/local/lib/python3.10/dist-packages/airflow/example_dags/example_kubernetes_executor.py
[2023-09-27T11:02:20.356+0000] {processor.py:829} INFO - Processing file /usr/local/lib/python3.10/dist-packages/airflow/example_dags/example_kubernetes_executor.py for tasks to queue
[2023-09-27T11:02:20.357+0000] {logging_mixin.py:151} INFO - [2023-09-27T11:02:20.356+0000] {dagbag.py:539} INFO - Filling up the DagBag from /usr/local/lib/python3.10/dist-packages/airflow/example_dags/example_kubernetes_executor.py
[2023-09-27T11:02:20.360+0000] {logging_mixin.py:151} INFO - [2023-09-27T11:02:20.360+0000] {example_kubernetes_executor.py:38} WARNING - The example_kubernetes_executor example DAG requires the kubernetes provider. Please install it with: pip install apache-airflow[cncf.kubernetes]
[2023-09-27T11:02:20.360+0000] {processor.py:841} WARNING - No viable dags retrieved from /usr/local/lib/python3.10/dist-packages/airflow/example_dags/example_kubernetes_executor.py
[2023-09-27T11:02:20.373+0000] {processor.py:179} INFO - Processing /usr/local/lib/python3.10/dist-packages/airflow/example_dags/example_kubernetes_executor.py took 0.022 seconds
[2023-09-27T11:03:13.448+0000] {processor.py:157} INFO - Started process (PID=4491) to work on /usr/local/lib/python3.10/dist-packages/airflow/example_dags/example_kubernetes_executor.py
[2023-09-27T11:03:13.449+0000] {processor.py:829} INFO - Processing file /usr/local/lib/python3.10/dist-packages/airflow/example_dags/example_kubernetes_executor.py for tasks to queue
[2023-09-27T11:03:13.450+0000] {logging_mixin.py:151} INFO - [2023-09-27T11:03:13.449+0000] {dagbag.py:539} INFO - Filling up the DagBag from /usr/local/lib/python3.10/dist-packages/airflow/example_dags/example_kubernetes_executor.py
[2023-09-27T11:03:13.453+0000] {logging_mixin.py:151} INFO - [2023-09-27T11:03:13.453+0000] {example_kubernetes_executor.py:38} WARNING - The example_kubernetes_executor example DAG requires the kubernetes provider. Please install it with: pip install apache-airflow[cncf.kubernetes]
[2023-09-27T11:03:13.453+0000] {processor.py:841} WARNING - No viable dags retrieved from /usr/local/lib/python3.10/dist-packages/airflow/example_dags/example_kubernetes_executor.py
[2023-09-27T11:03:13.465+0000] {processor.py:179} INFO - Processing /usr/local/lib/python3.10/dist-packages/airflow/example_dags/example_kubernetes_executor.py took 0.022 seconds
[2023-09-27T11:04:04.099+0000] {processor.py:157} INFO - Started process (PID=4542) to work on /usr/local/lib/python3.10/dist-packages/airflow/example_dags/example_kubernetes_executor.py
[2023-09-27T11:04:04.100+0000] {processor.py:829} INFO - Processing file /usr/local/lib/python3.10/dist-packages/airflow/example_dags/example_kubernetes_executor.py for tasks to queue
[2023-09-27T11:04:04.101+0000] {logging_mixin.py:151} INFO - [2023-09-27T11:04:04.101+0000] {dagbag.py:539} INFO - Filling up the DagBag from /usr/local/lib/python3.10/dist-packages/airflow/example_dags/example_kubernetes_executor.py
[2023-09-27T11:04:04.104+0000] {logging_mixin.py:151} INFO - [2023-09-27T11:04:04.104+0000] {example_kubernetes_executor.py:38} WARNING - The example_kubernetes_executor example DAG requires the kubernetes provider. Please install it with: pip install apache-airflow[cncf.kubernetes]
[2023-09-27T11:04:04.104+0000] {processor.py:841} WARNING - No viable dags retrieved from /usr/local/lib/python3.10/dist-packages/airflow/example_dags/example_kubernetes_executor.py
[2023-09-27T11:04:04.115+0000] {processor.py:179} INFO - Processing /usr/local/lib/python3.10/dist-packages/airflow/example_dags/example_kubernetes_executor.py took 0.018 seconds
[2023-09-27T11:04:54.851+0000] {processor.py:157} INFO - Started process (PID=4595) to work on /usr/local/lib/python3.10/dist-packages/airflow/example_dags/example_kubernetes_executor.py
[2023-09-27T11:04:54.853+0000] {processor.py:829} INFO - Processing file /usr/local/lib/python3.10/dist-packages/airflow/example_dags/example_kubernetes_executor.py for tasks to queue
[2023-09-27T11:04:54.854+0000] {logging_mixin.py:151} INFO - [2023-09-27T11:04:54.854+0000] {dagbag.py:539} INFO - Filling up the DagBag from /usr/local/lib/python3.10/dist-packages/airflow/example_dags/example_kubernetes_executor.py
[2023-09-27T11:04:54.857+0000] {logging_mixin.py:151} INFO - [2023-09-27T11:04:54.857+0000] {example_kubernetes_executor.py:38} WARNING - The example_kubernetes_executor example DAG requires the kubernetes provider. Please install it with: pip install apache-airflow[cncf.kubernetes]
[2023-09-27T11:04:54.858+0000] {processor.py:841} WARNING - No viable dags retrieved from /usr/local/lib/python3.10/dist-packages/airflow/example_dags/example_kubernetes_executor.py
[2023-09-27T11:04:54.867+0000] {processor.py:179} INFO - Processing /usr/local/lib/python3.10/dist-packages/airflow/example_dags/example_kubernetes_executor.py took 0.022 seconds
[2023-09-27T11:05:46.978+0000] {processor.py:157} INFO - Started process (PID=4648) to work on /usr/local/lib/python3.10/dist-packages/airflow/example_dags/example_kubernetes_executor.py
[2023-09-27T11:05:46.979+0000] {processor.py:829} INFO - Processing file /usr/local/lib/python3.10/dist-packages/airflow/example_dags/example_kubernetes_executor.py for tasks to queue
[2023-09-27T11:05:46.980+0000] {logging_mixin.py:151} INFO - [2023-09-27T11:05:46.980+0000] {dagbag.py:539} INFO - Filling up the DagBag from /usr/local/lib/python3.10/dist-packages/airflow/example_dags/example_kubernetes_executor.py
[2023-09-27T11:05:46.983+0000] {logging_mixin.py:151} INFO - [2023-09-27T11:05:46.983+0000] {example_kubernetes_executor.py:38} WARNING - The example_kubernetes_executor example DAG requires the kubernetes provider. Please install it with: pip install apache-airflow[cncf.kubernetes]
[2023-09-27T11:05:46.983+0000] {processor.py:841} WARNING - No viable dags retrieved from /usr/local/lib/python3.10/dist-packages/airflow/example_dags/example_kubernetes_executor.py
[2023-09-27T11:05:47.013+0000] {processor.py:179} INFO - Processing /usr/local/lib/python3.10/dist-packages/airflow/example_dags/example_kubernetes_executor.py took 0.037 seconds
[2023-09-27T11:06:41.322+0000] {processor.py:157} INFO - Started process (PID=4712) to work on /usr/local/lib/python3.10/dist-packages/airflow/example_dags/example_kubernetes_executor.py
[2023-09-27T11:06:41.324+0000] {processor.py:829} INFO - Processing file /usr/local/lib/python3.10/dist-packages/airflow/example_dags/example_kubernetes_executor.py for tasks to queue
[2023-09-27T11:06:41.325+0000] {logging_mixin.py:151} INFO - [2023-09-27T11:06:41.324+0000] {dagbag.py:539} INFO - Filling up the DagBag from /usr/local/lib/python3.10/dist-packages/airflow/example_dags/example_kubernetes_executor.py
[2023-09-27T11:06:41.328+0000] {logging_mixin.py:151} INFO - [2023-09-27T11:06:41.328+0000] {example_kubernetes_executor.py:38} WARNING - The example_kubernetes_executor example DAG requires the kubernetes provider. Please install it with: pip install apache-airflow[cncf.kubernetes]
[2023-09-27T11:06:41.328+0000] {processor.py:841} WARNING - No viable dags retrieved from /usr/local/lib/python3.10/dist-packages/airflow/example_dags/example_kubernetes_executor.py
[2023-09-27T11:06:41.338+0000] {processor.py:179} INFO - Processing /usr/local/lib/python3.10/dist-packages/airflow/example_dags/example_kubernetes_executor.py took 0.019 seconds
[2023-09-27T11:07:29.691+0000] {processor.py:157} INFO - Started process (PID=4763) to work on /usr/local/lib/python3.10/dist-packages/airflow/example_dags/example_kubernetes_executor.py
[2023-09-27T11:07:29.692+0000] {processor.py:829} INFO - Processing file /usr/local/lib/python3.10/dist-packages/airflow/example_dags/example_kubernetes_executor.py for tasks to queue
[2023-09-27T11:07:29.693+0000] {logging_mixin.py:151} INFO - [2023-09-27T11:07:29.693+0000] {dagbag.py:539} INFO - Filling up the DagBag from /usr/local/lib/python3.10/dist-packages/airflow/example_dags/example_kubernetes_executor.py
[2023-09-27T11:07:29.696+0000] {logging_mixin.py:151} INFO - [2023-09-27T11:07:29.696+0000] {example_kubernetes_executor.py:38} WARNING - The example_kubernetes_executor example DAG requires the kubernetes provider. Please install it with: pip install apache-airflow[cncf.kubernetes]
[2023-09-27T11:07:29.696+0000] {processor.py:841} WARNING - No viable dags retrieved from /usr/local/lib/python3.10/dist-packages/airflow/example_dags/example_kubernetes_executor.py
[2023-09-27T11:07:29.706+0000] {processor.py:179} INFO - Processing /usr/local/lib/python3.10/dist-packages/airflow/example_dags/example_kubernetes_executor.py took 0.018 seconds
[2023-09-27T11:08:22.273+0000] {processor.py:157} INFO - Started process (PID=4816) to work on /usr/local/lib/python3.10/dist-packages/airflow/example_dags/example_kubernetes_executor.py
[2023-09-27T11:08:22.274+0000] {processor.py:829} INFO - Processing file /usr/local/lib/python3.10/dist-packages/airflow/example_dags/example_kubernetes_executor.py for tasks to queue
[2023-09-27T11:08:22.275+0000] {logging_mixin.py:151} INFO - [2023-09-27T11:08:22.275+0000] {dagbag.py:539} INFO - Filling up the DagBag from /usr/local/lib/python3.10/dist-packages/airflow/example_dags/example_kubernetes_executor.py
[2023-09-27T11:08:22.278+0000] {logging_mixin.py:151} INFO - [2023-09-27T11:08:22.278+0000] {example_kubernetes_executor.py:38} WARNING - The example_kubernetes_executor example DAG requires the kubernetes provider. Please install it with: pip install apache-airflow[cncf.kubernetes]
[2023-09-27T11:08:22.278+0000] {processor.py:841} WARNING - No viable dags retrieved from /usr/local/lib/python3.10/dist-packages/airflow/example_dags/example_kubernetes_executor.py
[2023-09-27T11:08:22.288+0000] {processor.py:179} INFO - Processing /usr/local/lib/python3.10/dist-packages/airflow/example_dags/example_kubernetes_executor.py took 0.018 seconds
[2023-09-27T11:09:14.981+0000] {processor.py:157} INFO - Started process (PID=4869) to work on /usr/local/lib/python3.10/dist-packages/airflow/example_dags/example_kubernetes_executor.py
[2023-09-27T11:09:14.983+0000] {processor.py:829} INFO - Processing file /usr/local/lib/python3.10/dist-packages/airflow/example_dags/example_kubernetes_executor.py for tasks to queue
[2023-09-27T11:09:14.983+0000] {logging_mixin.py:151} INFO - [2023-09-27T11:09:14.983+0000] {dagbag.py:539} INFO - Filling up the DagBag from /usr/local/lib/python3.10/dist-packages/airflow/example_dags/example_kubernetes_executor.py
[2023-09-27T11:09:14.986+0000] {logging_mixin.py:151} INFO - [2023-09-27T11:09:14.986+0000] {example_kubernetes_executor.py:38} WARNING - The example_kubernetes_executor example DAG requires the kubernetes provider. Please install it with: pip install apache-airflow[cncf.kubernetes]
[2023-09-27T11:09:14.987+0000] {processor.py:841} WARNING - No viable dags retrieved from /usr/local/lib/python3.10/dist-packages/airflow/example_dags/example_kubernetes_executor.py
[2023-09-27T11:09:14.997+0000] {processor.py:179} INFO - Processing /usr/local/lib/python3.10/dist-packages/airflow/example_dags/example_kubernetes_executor.py took 0.019 seconds
[2023-09-27T11:09:59.970+0000] {processor.py:157} INFO - Started process (PID=4917) to work on /usr/local/lib/python3.10/dist-packages/airflow/example_dags/example_kubernetes_executor.py
[2023-09-27T11:09:59.971+0000] {processor.py:829} INFO - Processing file /usr/local/lib/python3.10/dist-packages/airflow/example_dags/example_kubernetes_executor.py for tasks to queue
[2023-09-27T11:09:59.972+0000] {logging_mixin.py:151} INFO - [2023-09-27T11:09:59.971+0000] {dagbag.py:539} INFO - Filling up the DagBag from /usr/local/lib/python3.10/dist-packages/airflow/example_dags/example_kubernetes_executor.py
[2023-09-27T11:09:59.975+0000] {logging_mixin.py:151} INFO - [2023-09-27T11:09:59.975+0000] {example_kubernetes_executor.py:38} WARNING - The example_kubernetes_executor example DAG requires the kubernetes provider. Please install it with: pip install apache-airflow[cncf.kubernetes]
[2023-09-27T11:09:59.975+0000] {processor.py:841} WARNING - No viable dags retrieved from /usr/local/lib/python3.10/dist-packages/airflow/example_dags/example_kubernetes_executor.py
[2023-09-27T11:09:59.986+0000] {processor.py:179} INFO - Processing /usr/local/lib/python3.10/dist-packages/airflow/example_dags/example_kubernetes_executor.py took 0.020 seconds
[2023-09-27T11:10:50.030+0000] {processor.py:157} INFO - Started process (PID=4970) to work on /usr/local/lib/python3.10/dist-packages/airflow/example_dags/example_kubernetes_executor.py
[2023-09-27T11:10:50.034+0000] {processor.py:829} INFO - Processing file /usr/local/lib/python3.10/dist-packages/airflow/example_dags/example_kubernetes_executor.py for tasks to queue
[2023-09-27T11:10:50.035+0000] {logging_mixin.py:151} INFO - [2023-09-27T11:10:50.034+0000] {dagbag.py:539} INFO - Filling up the DagBag from /usr/local/lib/python3.10/dist-packages/airflow/example_dags/example_kubernetes_executor.py
[2023-09-27T11:10:50.038+0000] {logging_mixin.py:151} INFO - [2023-09-27T11:10:50.038+0000] {example_kubernetes_executor.py:38} WARNING - The example_kubernetes_executor example DAG requires the kubernetes provider. Please install it with: pip install apache-airflow[cncf.kubernetes]
[2023-09-27T11:10:50.038+0000] {processor.py:841} WARNING - No viable dags retrieved from /usr/local/lib/python3.10/dist-packages/airflow/example_dags/example_kubernetes_executor.py
[2023-09-27T11:10:50.050+0000] {processor.py:179} INFO - Processing /usr/local/lib/python3.10/dist-packages/airflow/example_dags/example_kubernetes_executor.py took 0.025 seconds
[2023-09-27T11:11:38.230+0000] {processor.py:157} INFO - Started process (PID=5022) to work on /usr/local/lib/python3.10/dist-packages/airflow/example_dags/example_kubernetes_executor.py
[2023-09-27T11:11:38.232+0000] {processor.py:829} INFO - Processing file /usr/local/lib/python3.10/dist-packages/airflow/example_dags/example_kubernetes_executor.py for tasks to queue
[2023-09-27T11:11:38.233+0000] {logging_mixin.py:151} INFO - [2023-09-27T11:11:38.232+0000] {dagbag.py:539} INFO - Filling up the DagBag from /usr/local/lib/python3.10/dist-packages/airflow/example_dags/example_kubernetes_executor.py
[2023-09-27T11:11:38.236+0000] {logging_mixin.py:151} INFO - [2023-09-27T11:11:38.236+0000] {example_kubernetes_executor.py:38} WARNING - The example_kubernetes_executor example DAG requires the kubernetes provider. Please install it with: pip install apache-airflow[cncf.kubernetes]
[2023-09-27T11:11:38.236+0000] {processor.py:841} WARNING - No viable dags retrieved from /usr/local/lib/python3.10/dist-packages/airflow/example_dags/example_kubernetes_executor.py
[2023-09-27T11:11:38.246+0000] {processor.py:179} INFO - Processing /usr/local/lib/python3.10/dist-packages/airflow/example_dags/example_kubernetes_executor.py took 0.021 seconds
[2023-09-27T11:12:26.099+0000] {processor.py:157} INFO - Started process (PID=5076) to work on /usr/local/lib/python3.10/dist-packages/airflow/example_dags/example_kubernetes_executor.py
[2023-09-27T11:12:26.104+0000] {processor.py:829} INFO - Processing file /usr/local/lib/python3.10/dist-packages/airflow/example_dags/example_kubernetes_executor.py for tasks to queue
[2023-09-27T11:12:26.106+0000] {logging_mixin.py:151} INFO - [2023-09-27T11:12:26.106+0000] {dagbag.py:539} INFO - Filling up the DagBag from /usr/local/lib/python3.10/dist-packages/airflow/example_dags/example_kubernetes_executor.py
[2023-09-27T11:12:26.111+0000] {logging_mixin.py:151} INFO - [2023-09-27T11:12:26.111+0000] {example_kubernetes_executor.py:38} WARNING - The example_kubernetes_executor example DAG requires the kubernetes provider. Please install it with: pip install apache-airflow[cncf.kubernetes]
[2023-09-27T11:12:26.115+0000] {processor.py:841} WARNING - No viable dags retrieved from /usr/local/lib/python3.10/dist-packages/airflow/example_dags/example_kubernetes_executor.py
[2023-09-27T11:12:26.142+0000] {processor.py:179} INFO - Processing /usr/local/lib/python3.10/dist-packages/airflow/example_dags/example_kubernetes_executor.py took 0.058 seconds
[2023-09-27T11:13:16.506+0000] {processor.py:157} INFO - Started process (PID=5127) to work on /usr/local/lib/python3.10/dist-packages/airflow/example_dags/example_kubernetes_executor.py
[2023-09-27T11:13:16.507+0000] {processor.py:829} INFO - Processing file /usr/local/lib/python3.10/dist-packages/airflow/example_dags/example_kubernetes_executor.py for tasks to queue
[2023-09-27T11:13:16.508+0000] {logging_mixin.py:151} INFO - [2023-09-27T11:13:16.508+0000] {dagbag.py:539} INFO - Filling up the DagBag from /usr/local/lib/python3.10/dist-packages/airflow/example_dags/example_kubernetes_executor.py
[2023-09-27T11:13:16.513+0000] {logging_mixin.py:151} INFO - [2023-09-27T11:13:16.513+0000] {example_kubernetes_executor.py:38} WARNING - The example_kubernetes_executor example DAG requires the kubernetes provider. Please install it with: pip install apache-airflow[cncf.kubernetes]
[2023-09-27T11:13:16.513+0000] {processor.py:841} WARNING - No viable dags retrieved from /usr/local/lib/python3.10/dist-packages/airflow/example_dags/example_kubernetes_executor.py
[2023-09-27T11:13:16.526+0000] {processor.py:179} INFO - Processing /usr/local/lib/python3.10/dist-packages/airflow/example_dags/example_kubernetes_executor.py took 0.023 seconds
[2023-09-27T11:14:05.211+0000] {processor.py:157} INFO - Started process (PID=5180) to work on /usr/local/lib/python3.10/dist-packages/airflow/example_dags/example_kubernetes_executor.py
[2023-09-27T11:14:05.212+0000] {processor.py:829} INFO - Processing file /usr/local/lib/python3.10/dist-packages/airflow/example_dags/example_kubernetes_executor.py for tasks to queue
[2023-09-27T11:14:05.213+0000] {logging_mixin.py:151} INFO - [2023-09-27T11:14:05.213+0000] {dagbag.py:539} INFO - Filling up the DagBag from /usr/local/lib/python3.10/dist-packages/airflow/example_dags/example_kubernetes_executor.py
[2023-09-27T11:14:05.217+0000] {logging_mixin.py:151} INFO - [2023-09-27T11:14:05.217+0000] {example_kubernetes_executor.py:38} WARNING - The example_kubernetes_executor example DAG requires the kubernetes provider. Please install it with: pip install apache-airflow[cncf.kubernetes]
[2023-09-27T11:14:05.218+0000] {processor.py:841} WARNING - No viable dags retrieved from /usr/local/lib/python3.10/dist-packages/airflow/example_dags/example_kubernetes_executor.py
[2023-09-27T11:14:05.234+0000] {processor.py:179} INFO - Processing /usr/local/lib/python3.10/dist-packages/airflow/example_dags/example_kubernetes_executor.py took 0.027 seconds
[2023-09-27T11:14:55.884+0000] {processor.py:157} INFO - Started process (PID=5232) to work on /usr/local/lib/python3.10/dist-packages/airflow/example_dags/example_kubernetes_executor.py
[2023-09-27T11:14:55.885+0000] {processor.py:829} INFO - Processing file /usr/local/lib/python3.10/dist-packages/airflow/example_dags/example_kubernetes_executor.py for tasks to queue
[2023-09-27T11:14:55.886+0000] {logging_mixin.py:151} INFO - [2023-09-27T11:14:55.886+0000] {dagbag.py:539} INFO - Filling up the DagBag from /usr/local/lib/python3.10/dist-packages/airflow/example_dags/example_kubernetes_executor.py
[2023-09-27T11:14:55.891+0000] {logging_mixin.py:151} INFO - [2023-09-27T11:14:55.891+0000] {example_kubernetes_executor.py:38} WARNING - The example_kubernetes_executor example DAG requires the kubernetes provider. Please install it with: pip install apache-airflow[cncf.kubernetes]
[2023-09-27T11:14:55.891+0000] {processor.py:841} WARNING - No viable dags retrieved from /usr/local/lib/python3.10/dist-packages/airflow/example_dags/example_kubernetes_executor.py
[2023-09-27T11:14:55.905+0000] {processor.py:179} INFO - Processing /usr/local/lib/python3.10/dist-packages/airflow/example_dags/example_kubernetes_executor.py took 0.026 seconds
[2023-09-27T11:15:49.229+0000] {processor.py:157} INFO - Started process (PID=5286) to work on /usr/local/lib/python3.10/dist-packages/airflow/example_dags/example_kubernetes_executor.py
[2023-09-27T11:15:49.231+0000] {processor.py:829} INFO - Processing file /usr/local/lib/python3.10/dist-packages/airflow/example_dags/example_kubernetes_executor.py for tasks to queue
[2023-09-27T11:15:49.237+0000] {logging_mixin.py:151} INFO - [2023-09-27T11:15:49.237+0000] {dagbag.py:539} INFO - Filling up the DagBag from /usr/local/lib/python3.10/dist-packages/airflow/example_dags/example_kubernetes_executor.py
[2023-09-27T11:15:49.241+0000] {logging_mixin.py:151} INFO - [2023-09-27T11:15:49.241+0000] {example_kubernetes_executor.py:38} WARNING - The example_kubernetes_executor example DAG requires the kubernetes provider. Please install it with: pip install apache-airflow[cncf.kubernetes]
[2023-09-27T11:15:49.241+0000] {processor.py:841} WARNING - No viable dags retrieved from /usr/local/lib/python3.10/dist-packages/airflow/example_dags/example_kubernetes_executor.py
[2023-09-27T11:15:49.251+0000] {processor.py:179} INFO - Processing /usr/local/lib/python3.10/dist-packages/airflow/example_dags/example_kubernetes_executor.py took 0.026 seconds
[2023-09-27T11:16:37.520+0000] {processor.py:157} INFO - Started process (PID=5337) to work on /usr/local/lib/python3.10/dist-packages/airflow/example_dags/example_kubernetes_executor.py
[2023-09-27T11:16:37.522+0000] {processor.py:829} INFO - Processing file /usr/local/lib/python3.10/dist-packages/airflow/example_dags/example_kubernetes_executor.py for tasks to queue
[2023-09-27T11:16:37.525+0000] {logging_mixin.py:151} INFO - [2023-09-27T11:16:37.523+0000] {dagbag.py:539} INFO - Filling up the DagBag from /usr/local/lib/python3.10/dist-packages/airflow/example_dags/example_kubernetes_executor.py
[2023-09-27T11:16:37.529+0000] {logging_mixin.py:151} INFO - [2023-09-27T11:16:37.529+0000] {example_kubernetes_executor.py:38} WARNING - The example_kubernetes_executor example DAG requires the kubernetes provider. Please install it with: pip install apache-airflow[cncf.kubernetes]
[2023-09-27T11:16:37.530+0000] {processor.py:841} WARNING - No viable dags retrieved from /usr/local/lib/python3.10/dist-packages/airflow/example_dags/example_kubernetes_executor.py
[2023-09-27T11:16:37.541+0000] {processor.py:179} INFO - Processing /usr/local/lib/python3.10/dist-packages/airflow/example_dags/example_kubernetes_executor.py took 0.026 seconds
[2023-09-27T11:17:29.188+0000] {processor.py:157} INFO - Started process (PID=5396) to work on /usr/local/lib/python3.10/dist-packages/airflow/example_dags/example_kubernetes_executor.py
[2023-09-27T11:17:29.189+0000] {processor.py:829} INFO - Processing file /usr/local/lib/python3.10/dist-packages/airflow/example_dags/example_kubernetes_executor.py for tasks to queue
[2023-09-27T11:17:29.190+0000] {logging_mixin.py:151} INFO - [2023-09-27T11:17:29.190+0000] {dagbag.py:539} INFO - Filling up the DagBag from /usr/local/lib/python3.10/dist-packages/airflow/example_dags/example_kubernetes_executor.py
[2023-09-27T11:17:29.194+0000] {logging_mixin.py:151} INFO - [2023-09-27T11:17:29.194+0000] {example_kubernetes_executor.py:38} WARNING - The example_kubernetes_executor example DAG requires the kubernetes provider. Please install it with: pip install apache-airflow[cncf.kubernetes]
[2023-09-27T11:17:29.194+0000] {processor.py:841} WARNING - No viable dags retrieved from /usr/local/lib/python3.10/dist-packages/airflow/example_dags/example_kubernetes_executor.py
[2023-09-27T11:17:29.210+0000] {processor.py:179} INFO - Processing /usr/local/lib/python3.10/dist-packages/airflow/example_dags/example_kubernetes_executor.py took 0.025 seconds
[2023-09-27T11:18:21.056+0000] {processor.py:157} INFO - Started process (PID=5450) to work on /usr/local/lib/python3.10/dist-packages/airflow/example_dags/example_kubernetes_executor.py
[2023-09-27T11:18:21.057+0000] {processor.py:829} INFO - Processing file /usr/local/lib/python3.10/dist-packages/airflow/example_dags/example_kubernetes_executor.py for tasks to queue
[2023-09-27T11:18:21.058+0000] {logging_mixin.py:151} INFO - [2023-09-27T11:18:21.058+0000] {dagbag.py:539} INFO - Filling up the DagBag from /usr/local/lib/python3.10/dist-packages/airflow/example_dags/example_kubernetes_executor.py
[2023-09-27T11:18:21.061+0000] {logging_mixin.py:151} INFO - [2023-09-27T11:18:21.061+0000] {example_kubernetes_executor.py:38} WARNING - The example_kubernetes_executor example DAG requires the kubernetes provider. Please install it with: pip install apache-airflow[cncf.kubernetes]
[2023-09-27T11:18:21.061+0000] {processor.py:841} WARNING - No viable dags retrieved from /usr/local/lib/python3.10/dist-packages/airflow/example_dags/example_kubernetes_executor.py
[2023-09-27T11:18:21.072+0000] {processor.py:179} INFO - Processing /usr/local/lib/python3.10/dist-packages/airflow/example_dags/example_kubernetes_executor.py took 0.019 seconds
[2023-09-27T11:19:07.523+0000] {processor.py:157} INFO - Started process (PID=5500) to work on /usr/local/lib/python3.10/dist-packages/airflow/example_dags/example_kubernetes_executor.py
[2023-09-27T11:19:07.533+0000] {processor.py:829} INFO - Processing file /usr/local/lib/python3.10/dist-packages/airflow/example_dags/example_kubernetes_executor.py for tasks to queue
[2023-09-27T11:19:07.534+0000] {logging_mixin.py:151} INFO - [2023-09-27T11:19:07.534+0000] {dagbag.py:539} INFO - Filling up the DagBag from /usr/local/lib/python3.10/dist-packages/airflow/example_dags/example_kubernetes_executor.py
[2023-09-27T11:19:07.539+0000] {logging_mixin.py:151} INFO - [2023-09-27T11:19:07.539+0000] {example_kubernetes_executor.py:38} WARNING - The example_kubernetes_executor example DAG requires the kubernetes provider. Please install it with: pip install apache-airflow[cncf.kubernetes]
[2023-09-27T11:19:07.540+0000] {processor.py:841} WARNING - No viable dags retrieved from /usr/local/lib/python3.10/dist-packages/airflow/example_dags/example_kubernetes_executor.py
[2023-09-27T11:19:07.552+0000] {processor.py:179} INFO - Processing /usr/local/lib/python3.10/dist-packages/airflow/example_dags/example_kubernetes_executor.py took 0.032 seconds
[2023-09-27T11:19:57.206+0000] {processor.py:157} INFO - Started process (PID=5552) to work on /usr/local/lib/python3.10/dist-packages/airflow/example_dags/example_kubernetes_executor.py
[2023-09-27T11:19:57.209+0000] {processor.py:829} INFO - Processing file /usr/local/lib/python3.10/dist-packages/airflow/example_dags/example_kubernetes_executor.py for tasks to queue
[2023-09-27T11:19:57.210+0000] {logging_mixin.py:151} INFO - [2023-09-27T11:19:57.209+0000] {dagbag.py:539} INFO - Filling up the DagBag from /usr/local/lib/python3.10/dist-packages/airflow/example_dags/example_kubernetes_executor.py
[2023-09-27T11:19:57.213+0000] {logging_mixin.py:151} INFO - [2023-09-27T11:19:57.212+0000] {example_kubernetes_executor.py:38} WARNING - The example_kubernetes_executor example DAG requires the kubernetes provider. Please install it with: pip install apache-airflow[cncf.kubernetes]
[2023-09-27T11:19:57.213+0000] {processor.py:841} WARNING - No viable dags retrieved from /usr/local/lib/python3.10/dist-packages/airflow/example_dags/example_kubernetes_executor.py
[2023-09-27T11:19:57.232+0000] {processor.py:179} INFO - Processing /usr/local/lib/python3.10/dist-packages/airflow/example_dags/example_kubernetes_executor.py took 0.029 seconds
[2023-09-27T11:20:52.516+0000] {processor.py:157} INFO - Started process (PID=5611) to work on /usr/local/lib/python3.10/dist-packages/airflow/example_dags/example_kubernetes_executor.py
[2023-09-27T11:20:52.518+0000] {processor.py:829} INFO - Processing file /usr/local/lib/python3.10/dist-packages/airflow/example_dags/example_kubernetes_executor.py for tasks to queue
[2023-09-27T11:20:52.519+0000] {logging_mixin.py:151} INFO - [2023-09-27T11:20:52.519+0000] {dagbag.py:539} INFO - Filling up the DagBag from /usr/local/lib/python3.10/dist-packages/airflow/example_dags/example_kubernetes_executor.py
[2023-09-27T11:20:52.523+0000] {logging_mixin.py:151} INFO - [2023-09-27T11:20:52.523+0000] {example_kubernetes_executor.py:38} WARNING - The example_kubernetes_executor example DAG requires the kubernetes provider. Please install it with: pip install apache-airflow[cncf.kubernetes]
[2023-09-27T11:20:52.523+0000] {processor.py:841} WARNING - No viable dags retrieved from /usr/local/lib/python3.10/dist-packages/airflow/example_dags/example_kubernetes_executor.py
[2023-09-27T11:20:52.535+0000] {processor.py:179} INFO - Processing /usr/local/lib/python3.10/dist-packages/airflow/example_dags/example_kubernetes_executor.py took 0.029 seconds
[2023-09-27T11:21:44.004+0000] {processor.py:157} INFO - Started process (PID=5666) to work on /usr/local/lib/python3.10/dist-packages/airflow/example_dags/example_kubernetes_executor.py
[2023-09-27T11:21:44.006+0000] {processor.py:829} INFO - Processing file /usr/local/lib/python3.10/dist-packages/airflow/example_dags/example_kubernetes_executor.py for tasks to queue
[2023-09-27T11:21:44.007+0000] {logging_mixin.py:151} INFO - [2023-09-27T11:21:44.006+0000] {dagbag.py:539} INFO - Filling up the DagBag from /usr/local/lib/python3.10/dist-packages/airflow/example_dags/example_kubernetes_executor.py
[2023-09-27T11:21:44.012+0000] {logging_mixin.py:151} INFO - [2023-09-27T11:21:44.012+0000] {example_kubernetes_executor.py:38} WARNING - The example_kubernetes_executor example DAG requires the kubernetes provider. Please install it with: pip install apache-airflow[cncf.kubernetes]
[2023-09-27T11:21:44.013+0000] {processor.py:841} WARNING - No viable dags retrieved from /usr/local/lib/python3.10/dist-packages/airflow/example_dags/example_kubernetes_executor.py
[2023-09-27T11:21:44.031+0000] {processor.py:179} INFO - Processing /usr/local/lib/python3.10/dist-packages/airflow/example_dags/example_kubernetes_executor.py took 0.030 seconds
[2023-09-27T11:22:31.405+0000] {processor.py:157} INFO - Started process (PID=5719) to work on /usr/local/lib/python3.10/dist-packages/airflow/example_dags/example_kubernetes_executor.py
[2023-09-27T11:22:31.407+0000] {processor.py:829} INFO - Processing file /usr/local/lib/python3.10/dist-packages/airflow/example_dags/example_kubernetes_executor.py for tasks to queue
[2023-09-27T11:22:31.408+0000] {logging_mixin.py:151} INFO - [2023-09-27T11:22:31.407+0000] {dagbag.py:539} INFO - Filling up the DagBag from /usr/local/lib/python3.10/dist-packages/airflow/example_dags/example_kubernetes_executor.py
[2023-09-27T11:22:31.411+0000] {logging_mixin.py:151} INFO - [2023-09-27T11:22:31.411+0000] {example_kubernetes_executor.py:38} WARNING - The example_kubernetes_executor example DAG requires the kubernetes provider. Please install it with: pip install apache-airflow[cncf.kubernetes]
[2023-09-27T11:22:31.411+0000] {processor.py:841} WARNING - No viable dags retrieved from /usr/local/lib/python3.10/dist-packages/airflow/example_dags/example_kubernetes_executor.py
[2023-09-27T11:22:31.422+0000] {processor.py:179} INFO - Processing /usr/local/lib/python3.10/dist-packages/airflow/example_dags/example_kubernetes_executor.py took 0.020 seconds
[2023-09-27T11:23:23.389+0000] {processor.py:157} INFO - Started process (PID=5772) to work on /usr/local/lib/python3.10/dist-packages/airflow/example_dags/example_kubernetes_executor.py
[2023-09-27T11:23:23.390+0000] {processor.py:829} INFO - Processing file /usr/local/lib/python3.10/dist-packages/airflow/example_dags/example_kubernetes_executor.py for tasks to queue
[2023-09-27T11:23:23.391+0000] {logging_mixin.py:151} INFO - [2023-09-27T11:23:23.391+0000] {dagbag.py:539} INFO - Filling up the DagBag from /usr/local/lib/python3.10/dist-packages/airflow/example_dags/example_kubernetes_executor.py
[2023-09-27T11:23:23.394+0000] {logging_mixin.py:151} INFO - [2023-09-27T11:23:23.394+0000] {example_kubernetes_executor.py:38} WARNING - The example_kubernetes_executor example DAG requires the kubernetes provider. Please install it with: pip install apache-airflow[cncf.kubernetes]
[2023-09-27T11:23:23.395+0000] {processor.py:841} WARNING - No viable dags retrieved from /usr/local/lib/python3.10/dist-packages/airflow/example_dags/example_kubernetes_executor.py
[2023-09-27T11:23:23.406+0000] {processor.py:179} INFO - Processing /usr/local/lib/python3.10/dist-packages/airflow/example_dags/example_kubernetes_executor.py took 0.021 seconds
[2023-09-27T11:24:13.912+0000] {processor.py:157} INFO - Started process (PID=5825) to work on /usr/local/lib/python3.10/dist-packages/airflow/example_dags/example_kubernetes_executor.py
[2023-09-27T11:24:13.914+0000] {processor.py:829} INFO - Processing file /usr/local/lib/python3.10/dist-packages/airflow/example_dags/example_kubernetes_executor.py for tasks to queue
[2023-09-27T11:24:13.916+0000] {logging_mixin.py:151} INFO - [2023-09-27T11:24:13.915+0000] {dagbag.py:539} INFO - Filling up the DagBag from /usr/local/lib/python3.10/dist-packages/airflow/example_dags/example_kubernetes_executor.py
[2023-09-27T11:24:13.921+0000] {logging_mixin.py:151} INFO - [2023-09-27T11:24:13.921+0000] {example_kubernetes_executor.py:38} WARNING - The example_kubernetes_executor example DAG requires the kubernetes provider. Please install it with: pip install apache-airflow[cncf.kubernetes]
[2023-09-27T11:24:13.922+0000] {processor.py:841} WARNING - No viable dags retrieved from /usr/local/lib/python3.10/dist-packages/airflow/example_dags/example_kubernetes_executor.py
[2023-09-27T11:24:13.934+0000] {processor.py:179} INFO - Processing /usr/local/lib/python3.10/dist-packages/airflow/example_dags/example_kubernetes_executor.py took 0.031 seconds
[2023-09-27T11:25:06.719+0000] {processor.py:157} INFO - Started process (PID=5878) to work on /usr/local/lib/python3.10/dist-packages/airflow/example_dags/example_kubernetes_executor.py
[2023-09-27T11:25:06.720+0000] {processor.py:829} INFO - Processing file /usr/local/lib/python3.10/dist-packages/airflow/example_dags/example_kubernetes_executor.py for tasks to queue
[2023-09-27T11:25:06.721+0000] {logging_mixin.py:151} INFO - [2023-09-27T11:25:06.720+0000] {dagbag.py:539} INFO - Filling up the DagBag from /usr/local/lib/python3.10/dist-packages/airflow/example_dags/example_kubernetes_executor.py
[2023-09-27T11:25:06.725+0000] {logging_mixin.py:151} INFO - [2023-09-27T11:25:06.725+0000] {example_kubernetes_executor.py:38} WARNING - The example_kubernetes_executor example DAG requires the kubernetes provider. Please install it with: pip install apache-airflow[cncf.kubernetes]
[2023-09-27T11:25:06.725+0000] {processor.py:841} WARNING - No viable dags retrieved from /usr/local/lib/python3.10/dist-packages/airflow/example_dags/example_kubernetes_executor.py
[2023-09-27T11:25:06.744+0000] {processor.py:179} INFO - Processing /usr/local/lib/python3.10/dist-packages/airflow/example_dags/example_kubernetes_executor.py took 0.027 seconds
[2023-09-27T11:25:59.199+0000] {processor.py:157} INFO - Started process (PID=5932) to work on /usr/local/lib/python3.10/dist-packages/airflow/example_dags/example_kubernetes_executor.py
[2023-09-27T11:25:59.200+0000] {processor.py:829} INFO - Processing file /usr/local/lib/python3.10/dist-packages/airflow/example_dags/example_kubernetes_executor.py for tasks to queue
[2023-09-27T11:25:59.202+0000] {logging_mixin.py:151} INFO - [2023-09-27T11:25:59.201+0000] {dagbag.py:539} INFO - Filling up the DagBag from /usr/local/lib/python3.10/dist-packages/airflow/example_dags/example_kubernetes_executor.py
[2023-09-27T11:25:59.206+0000] {logging_mixin.py:151} INFO - [2023-09-27T11:25:59.205+0000] {example_kubernetes_executor.py:38} WARNING - The example_kubernetes_executor example DAG requires the kubernetes provider. Please install it with: pip install apache-airflow[cncf.kubernetes]
[2023-09-27T11:25:59.206+0000] {processor.py:841} WARNING - No viable dags retrieved from /usr/local/lib/python3.10/dist-packages/airflow/example_dags/example_kubernetes_executor.py
[2023-09-27T11:25:59.223+0000] {processor.py:179} INFO - Processing /usr/local/lib/python3.10/dist-packages/airflow/example_dags/example_kubernetes_executor.py took 0.030 seconds
[2023-09-27T11:26:52.891+0000] {processor.py:157} INFO - Started process (PID=5990) to work on /usr/local/lib/python3.10/dist-packages/airflow/example_dags/example_kubernetes_executor.py
[2023-09-27T11:26:52.893+0000] {processor.py:829} INFO - Processing file /usr/local/lib/python3.10/dist-packages/airflow/example_dags/example_kubernetes_executor.py for tasks to queue
[2023-09-27T11:26:52.894+0000] {logging_mixin.py:151} INFO - [2023-09-27T11:26:52.894+0000] {dagbag.py:539} INFO - Filling up the DagBag from /usr/local/lib/python3.10/dist-packages/airflow/example_dags/example_kubernetes_executor.py
[2023-09-27T11:26:52.897+0000] {logging_mixin.py:151} INFO - [2023-09-27T11:26:52.897+0000] {example_kubernetes_executor.py:38} WARNING - The example_kubernetes_executor example DAG requires the kubernetes provider. Please install it with: pip install apache-airflow[cncf.kubernetes]
[2023-09-27T11:26:52.897+0000] {processor.py:841} WARNING - No viable dags retrieved from /usr/local/lib/python3.10/dist-packages/airflow/example_dags/example_kubernetes_executor.py
[2023-09-27T11:26:52.908+0000] {processor.py:179} INFO - Processing /usr/local/lib/python3.10/dist-packages/airflow/example_dags/example_kubernetes_executor.py took 0.021 seconds
[2023-09-27T11:27:39.699+0000] {processor.py:157} INFO - Started process (PID=6044) to work on /usr/local/lib/python3.10/dist-packages/airflow/example_dags/example_kubernetes_executor.py
[2023-09-27T11:27:39.700+0000] {processor.py:829} INFO - Processing file /usr/local/lib/python3.10/dist-packages/airflow/example_dags/example_kubernetes_executor.py for tasks to queue
[2023-09-27T11:27:39.701+0000] {logging_mixin.py:151} INFO - [2023-09-27T11:27:39.701+0000] {dagbag.py:539} INFO - Filling up the DagBag from /usr/local/lib/python3.10/dist-packages/airflow/example_dags/example_kubernetes_executor.py
[2023-09-27T11:27:39.704+0000] {logging_mixin.py:151} INFO - [2023-09-27T11:27:39.704+0000] {example_kubernetes_executor.py:38} WARNING - The example_kubernetes_executor example DAG requires the kubernetes provider. Please install it with: pip install apache-airflow[cncf.kubernetes]
[2023-09-27T11:27:39.705+0000] {processor.py:841} WARNING - No viable dags retrieved from /usr/local/lib/python3.10/dist-packages/airflow/example_dags/example_kubernetes_executor.py
[2023-09-27T11:27:39.715+0000] {processor.py:179} INFO - Processing /usr/local/lib/python3.10/dist-packages/airflow/example_dags/example_kubernetes_executor.py took 0.019 seconds
[2023-09-27T11:28:27.312+0000] {processor.py:157} INFO - Started process (PID=6098) to work on /usr/local/lib/python3.10/dist-packages/airflow/example_dags/example_kubernetes_executor.py
[2023-09-27T11:28:27.313+0000] {processor.py:829} INFO - Processing file /usr/local/lib/python3.10/dist-packages/airflow/example_dags/example_kubernetes_executor.py for tasks to queue
[2023-09-27T11:28:27.314+0000] {logging_mixin.py:151} INFO - [2023-09-27T11:28:27.313+0000] {dagbag.py:539} INFO - Filling up the DagBag from /usr/local/lib/python3.10/dist-packages/airflow/example_dags/example_kubernetes_executor.py
[2023-09-27T11:28:27.316+0000] {logging_mixin.py:151} INFO - [2023-09-27T11:28:27.316+0000] {example_kubernetes_executor.py:38} WARNING - The example_kubernetes_executor example DAG requires the kubernetes provider. Please install it with: pip install apache-airflow[cncf.kubernetes]
[2023-09-27T11:28:27.316+0000] {processor.py:841} WARNING - No viable dags retrieved from /usr/local/lib/python3.10/dist-packages/airflow/example_dags/example_kubernetes_executor.py
[2023-09-27T11:28:27.335+0000] {processor.py:179} INFO - Processing /usr/local/lib/python3.10/dist-packages/airflow/example_dags/example_kubernetes_executor.py took 0.026 seconds
[2023-09-27T11:29:17.822+0000] {processor.py:157} INFO - Started process (PID=6150) to work on /usr/local/lib/python3.10/dist-packages/airflow/example_dags/example_kubernetes_executor.py
[2023-09-27T11:29:17.823+0000] {processor.py:829} INFO - Processing file /usr/local/lib/python3.10/dist-packages/airflow/example_dags/example_kubernetes_executor.py for tasks to queue
[2023-09-27T11:29:17.824+0000] {logging_mixin.py:151} INFO - [2023-09-27T11:29:17.823+0000] {dagbag.py:539} INFO - Filling up the DagBag from /usr/local/lib/python3.10/dist-packages/airflow/example_dags/example_kubernetes_executor.py
[2023-09-27T11:29:17.828+0000] {logging_mixin.py:151} INFO - [2023-09-27T11:29:17.827+0000] {example_kubernetes_executor.py:38} WARNING - The example_kubernetes_executor example DAG requires the kubernetes provider. Please install it with: pip install apache-airflow[cncf.kubernetes]
[2023-09-27T11:29:17.828+0000] {processor.py:841} WARNING - No viable dags retrieved from /usr/local/lib/python3.10/dist-packages/airflow/example_dags/example_kubernetes_executor.py
[2023-09-27T11:29:17.840+0000] {processor.py:179} INFO - Processing /usr/local/lib/python3.10/dist-packages/airflow/example_dags/example_kubernetes_executor.py took 0.022 seconds
[2023-09-27T11:30:09.702+0000] {processor.py:157} INFO - Started process (PID=6205) to work on /usr/local/lib/python3.10/dist-packages/airflow/example_dags/example_kubernetes_executor.py
[2023-09-27T11:30:09.703+0000] {processor.py:829} INFO - Processing file /usr/local/lib/python3.10/dist-packages/airflow/example_dags/example_kubernetes_executor.py for tasks to queue
[2023-09-27T11:30:09.704+0000] {logging_mixin.py:151} INFO - [2023-09-27T11:30:09.704+0000] {dagbag.py:539} INFO - Filling up the DagBag from /usr/local/lib/python3.10/dist-packages/airflow/example_dags/example_kubernetes_executor.py
[2023-09-27T11:30:09.708+0000] {logging_mixin.py:151} INFO - [2023-09-27T11:30:09.708+0000] {example_kubernetes_executor.py:38} WARNING - The example_kubernetes_executor example DAG requires the kubernetes provider. Please install it with: pip install apache-airflow[cncf.kubernetes]
[2023-09-27T11:30:09.708+0000] {processor.py:841} WARNING - No viable dags retrieved from /usr/local/lib/python3.10/dist-packages/airflow/example_dags/example_kubernetes_executor.py
[2023-09-27T11:30:09.718+0000] {processor.py:179} INFO - Processing /usr/local/lib/python3.10/dist-packages/airflow/example_dags/example_kubernetes_executor.py took 0.019 seconds
[2023-09-27T11:30:58.020+0000] {processor.py:157} INFO - Started process (PID=6256) to work on /usr/local/lib/python3.10/dist-packages/airflow/example_dags/example_kubernetes_executor.py
[2023-09-27T11:30:58.022+0000] {processor.py:829} INFO - Processing file /usr/local/lib/python3.10/dist-packages/airflow/example_dags/example_kubernetes_executor.py for tasks to queue
[2023-09-27T11:30:58.023+0000] {logging_mixin.py:151} INFO - [2023-09-27T11:30:58.023+0000] {dagbag.py:539} INFO - Filling up the DagBag from /usr/local/lib/python3.10/dist-packages/airflow/example_dags/example_kubernetes_executor.py
[2023-09-27T11:30:58.026+0000] {logging_mixin.py:151} INFO - [2023-09-27T11:30:58.026+0000] {example_kubernetes_executor.py:38} WARNING - The example_kubernetes_executor example DAG requires the kubernetes provider. Please install it with: pip install apache-airflow[cncf.kubernetes]
[2023-09-27T11:30:58.027+0000] {processor.py:841} WARNING - No viable dags retrieved from /usr/local/lib/python3.10/dist-packages/airflow/example_dags/example_kubernetes_executor.py
[2023-09-27T11:30:58.037+0000] {processor.py:179} INFO - Processing /usr/local/lib/python3.10/dist-packages/airflow/example_dags/example_kubernetes_executor.py took 0.022 seconds
[2023-09-27T11:31:45.953+0000] {processor.py:157} INFO - Started process (PID=6311) to work on /usr/local/lib/python3.10/dist-packages/airflow/example_dags/example_kubernetes_executor.py
[2023-09-27T11:31:45.954+0000] {processor.py:829} INFO - Processing file /usr/local/lib/python3.10/dist-packages/airflow/example_dags/example_kubernetes_executor.py for tasks to queue
[2023-09-27T11:31:45.955+0000] {logging_mixin.py:151} INFO - [2023-09-27T11:31:45.955+0000] {dagbag.py:539} INFO - Filling up the DagBag from /usr/local/lib/python3.10/dist-packages/airflow/example_dags/example_kubernetes_executor.py
[2023-09-27T11:31:45.958+0000] {logging_mixin.py:151} INFO - [2023-09-27T11:31:45.958+0000] {example_kubernetes_executor.py:38} WARNING - The example_kubernetes_executor example DAG requires the kubernetes provider. Please install it with: pip install apache-airflow[cncf.kubernetes]
[2023-09-27T11:31:45.958+0000] {processor.py:841} WARNING - No viable dags retrieved from /usr/local/lib/python3.10/dist-packages/airflow/example_dags/example_kubernetes_executor.py
[2023-09-27T11:31:45.969+0000] {processor.py:179} INFO - Processing /usr/local/lib/python3.10/dist-packages/airflow/example_dags/example_kubernetes_executor.py took 0.019 seconds
[2023-09-27T11:32:31.785+0000] {processor.py:157} INFO - Started process (PID=6360) to work on /usr/local/lib/python3.10/dist-packages/airflow/example_dags/example_kubernetes_executor.py
[2023-09-27T11:32:31.786+0000] {processor.py:829} INFO - Processing file /usr/local/lib/python3.10/dist-packages/airflow/example_dags/example_kubernetes_executor.py for tasks to queue
[2023-09-27T11:32:31.787+0000] {logging_mixin.py:151} INFO - [2023-09-27T11:32:31.786+0000] {dagbag.py:539} INFO - Filling up the DagBag from /usr/local/lib/python3.10/dist-packages/airflow/example_dags/example_kubernetes_executor.py
[2023-09-27T11:32:31.791+0000] {logging_mixin.py:151} INFO - [2023-09-27T11:32:31.791+0000] {example_kubernetes_executor.py:38} WARNING - The example_kubernetes_executor example DAG requires the kubernetes provider. Please install it with: pip install apache-airflow[cncf.kubernetes]
[2023-09-27T11:32:31.791+0000] {processor.py:841} WARNING - No viable dags retrieved from /usr/local/lib/python3.10/dist-packages/airflow/example_dags/example_kubernetes_executor.py
[2023-09-27T11:32:31.802+0000] {processor.py:179} INFO - Processing /usr/local/lib/python3.10/dist-packages/airflow/example_dags/example_kubernetes_executor.py took 0.020 seconds
[2023-09-27T11:33:17.735+0000] {processor.py:157} INFO - Started process (PID=6410) to work on /usr/local/lib/python3.10/dist-packages/airflow/example_dags/example_kubernetes_executor.py
[2023-09-27T11:33:17.737+0000] {processor.py:829} INFO - Processing file /usr/local/lib/python3.10/dist-packages/airflow/example_dags/example_kubernetes_executor.py for tasks to queue
[2023-09-27T11:33:17.738+0000] {logging_mixin.py:151} INFO - [2023-09-27T11:33:17.737+0000] {dagbag.py:539} INFO - Filling up the DagBag from /usr/local/lib/python3.10/dist-packages/airflow/example_dags/example_kubernetes_executor.py
[2023-09-27T11:33:17.741+0000] {logging_mixin.py:151} INFO - [2023-09-27T11:33:17.741+0000] {example_kubernetes_executor.py:38} WARNING - The example_kubernetes_executor example DAG requires the kubernetes provider. Please install it with: pip install apache-airflow[cncf.kubernetes]
[2023-09-27T11:33:17.741+0000] {processor.py:841} WARNING - No viable dags retrieved from /usr/local/lib/python3.10/dist-packages/airflow/example_dags/example_kubernetes_executor.py
[2023-09-27T11:33:17.751+0000] {processor.py:179} INFO - Processing /usr/local/lib/python3.10/dist-packages/airflow/example_dags/example_kubernetes_executor.py took 0.019 seconds
[2023-09-27T11:34:08.146+0000] {processor.py:157} INFO - Started process (PID=6462) to work on /usr/local/lib/python3.10/dist-packages/airflow/example_dags/example_kubernetes_executor.py
[2023-09-27T11:34:08.147+0000] {processor.py:829} INFO - Processing file /usr/local/lib/python3.10/dist-packages/airflow/example_dags/example_kubernetes_executor.py for tasks to queue
[2023-09-27T11:34:08.148+0000] {logging_mixin.py:151} INFO - [2023-09-27T11:34:08.147+0000] {dagbag.py:539} INFO - Filling up the DagBag from /usr/local/lib/python3.10/dist-packages/airflow/example_dags/example_kubernetes_executor.py
[2023-09-27T11:34:08.151+0000] {logging_mixin.py:151} INFO - [2023-09-27T11:34:08.150+0000] {example_kubernetes_executor.py:38} WARNING - The example_kubernetes_executor example DAG requires the kubernetes provider. Please install it with: pip install apache-airflow[cncf.kubernetes]
[2023-09-27T11:34:08.151+0000] {processor.py:841} WARNING - No viable dags retrieved from /usr/local/lib/python3.10/dist-packages/airflow/example_dags/example_kubernetes_executor.py
[2023-09-27T11:34:08.161+0000] {processor.py:179} INFO - Processing /usr/local/lib/python3.10/dist-packages/airflow/example_dags/example_kubernetes_executor.py took 0.019 seconds
[2023-09-27T11:34:58.928+0000] {processor.py:157} INFO - Started process (PID=6516) to work on /usr/local/lib/python3.10/dist-packages/airflow/example_dags/example_kubernetes_executor.py
[2023-09-27T11:34:58.929+0000] {processor.py:829} INFO - Processing file /usr/local/lib/python3.10/dist-packages/airflow/example_dags/example_kubernetes_executor.py for tasks to queue
[2023-09-27T11:34:58.930+0000] {logging_mixin.py:151} INFO - [2023-09-27T11:34:58.929+0000] {dagbag.py:539} INFO - Filling up the DagBag from /usr/local/lib/python3.10/dist-packages/airflow/example_dags/example_kubernetes_executor.py
[2023-09-27T11:34:58.933+0000] {logging_mixin.py:151} INFO - [2023-09-27T11:34:58.933+0000] {example_kubernetes_executor.py:38} WARNING - The example_kubernetes_executor example DAG requires the kubernetes provider. Please install it with: pip install apache-airflow[cncf.kubernetes]
[2023-09-27T11:34:58.933+0000] {processor.py:841} WARNING - No viable dags retrieved from /usr/local/lib/python3.10/dist-packages/airflow/example_dags/example_kubernetes_executor.py
[2023-09-27T11:34:58.943+0000] {processor.py:179} INFO - Processing /usr/local/lib/python3.10/dist-packages/airflow/example_dags/example_kubernetes_executor.py took 0.018 seconds
[2023-09-27T11:35:46.624+0000] {processor.py:157} INFO - Started process (PID=6573) to work on /usr/local/lib/python3.10/dist-packages/airflow/example_dags/example_kubernetes_executor.py
[2023-09-27T11:35:46.625+0000] {processor.py:829} INFO - Processing file /usr/local/lib/python3.10/dist-packages/airflow/example_dags/example_kubernetes_executor.py for tasks to queue
[2023-09-27T11:35:46.626+0000] {logging_mixin.py:151} INFO - [2023-09-27T11:35:46.626+0000] {dagbag.py:539} INFO - Filling up the DagBag from /usr/local/lib/python3.10/dist-packages/airflow/example_dags/example_kubernetes_executor.py
[2023-09-27T11:35:46.629+0000] {logging_mixin.py:151} INFO - [2023-09-27T11:35:46.629+0000] {example_kubernetes_executor.py:38} WARNING - The example_kubernetes_executor example DAG requires the kubernetes provider. Please install it with: pip install apache-airflow[cncf.kubernetes]
[2023-09-27T11:35:46.629+0000] {processor.py:841} WARNING - No viable dags retrieved from /usr/local/lib/python3.10/dist-packages/airflow/example_dags/example_kubernetes_executor.py
[2023-09-27T11:35:46.639+0000] {processor.py:179} INFO - Processing /usr/local/lib/python3.10/dist-packages/airflow/example_dags/example_kubernetes_executor.py took 0.018 seconds
[2023-09-27T11:36:38.014+0000] {processor.py:157} INFO - Started process (PID=6693) to work on /usr/local/lib/python3.10/dist-packages/airflow/example_dags/example_kubernetes_executor.py
[2023-09-27T11:36:38.015+0000] {processor.py:829} INFO - Processing file /usr/local/lib/python3.10/dist-packages/airflow/example_dags/example_kubernetes_executor.py for tasks to queue
[2023-09-27T11:36:38.016+0000] {logging_mixin.py:151} INFO - [2023-09-27T11:36:38.016+0000] {dagbag.py:539} INFO - Filling up the DagBag from /usr/local/lib/python3.10/dist-packages/airflow/example_dags/example_kubernetes_executor.py
[2023-09-27T11:36:38.019+0000] {logging_mixin.py:151} INFO - [2023-09-27T11:36:38.019+0000] {example_kubernetes_executor.py:38} WARNING - The example_kubernetes_executor example DAG requires the kubernetes provider. Please install it with: pip install apache-airflow[cncf.kubernetes]
[2023-09-27T11:36:38.019+0000] {processor.py:841} WARNING - No viable dags retrieved from /usr/local/lib/python3.10/dist-packages/airflow/example_dags/example_kubernetes_executor.py
[2023-09-27T11:36:38.029+0000] {processor.py:179} INFO - Processing /usr/local/lib/python3.10/dist-packages/airflow/example_dags/example_kubernetes_executor.py took 0.018 seconds
[2023-09-27T11:37:24.722+0000] {processor.py:157} INFO - Started process (PID=6742) to work on /usr/local/lib/python3.10/dist-packages/airflow/example_dags/example_kubernetes_executor.py
[2023-09-27T11:37:24.723+0000] {processor.py:829} INFO - Processing file /usr/local/lib/python3.10/dist-packages/airflow/example_dags/example_kubernetes_executor.py for tasks to queue
[2023-09-27T11:37:24.725+0000] {logging_mixin.py:151} INFO - [2023-09-27T11:37:24.725+0000] {dagbag.py:539} INFO - Filling up the DagBag from /usr/local/lib/python3.10/dist-packages/airflow/example_dags/example_kubernetes_executor.py
[2023-09-27T11:37:24.731+0000] {logging_mixin.py:151} INFO - [2023-09-27T11:37:24.731+0000] {example_kubernetes_executor.py:38} WARNING - The example_kubernetes_executor example DAG requires the kubernetes provider. Please install it with: pip install apache-airflow[cncf.kubernetes]
[2023-09-27T11:37:24.731+0000] {processor.py:841} WARNING - No viable dags retrieved from /usr/local/lib/python3.10/dist-packages/airflow/example_dags/example_kubernetes_executor.py
[2023-09-27T11:37:24.745+0000] {processor.py:179} INFO - Processing /usr/local/lib/python3.10/dist-packages/airflow/example_dags/example_kubernetes_executor.py took 0.027 seconds
[2023-09-27T17:57:13.314+0000] {processor.py:157} INFO - Started process (PID=10630) to work on /home/ubuntu/airflow_venv/lib/python3.10/site-packages/airflow/example_dags/example_kubernetes_executor.py
[2023-09-27T17:57:13.317+0000] {processor.py:829} INFO - Processing file /home/ubuntu/airflow_venv/lib/python3.10/site-packages/airflow/example_dags/example_kubernetes_executor.py for tasks to queue
[2023-09-27T17:57:13.322+0000] {logging_mixin.py:151} INFO - [2023-09-27T17:57:13.318+0000] {dagbag.py:539} INFO - Filling up the DagBag from /home/ubuntu/airflow_venv/lib/python3.10/site-packages/airflow/example_dags/example_kubernetes_executor.py
[2023-09-27T17:57:13.333+0000] {logging_mixin.py:151} INFO - [2023-09-27T17:57:13.332+0000] {example_kubernetes_executor.py:38} WARNING - The example_kubernetes_executor example DAG requires the kubernetes provider. Please install it with: pip install apache-airflow[cncf.kubernetes]
[2023-09-27T17:57:13.334+0000] {processor.py:841} WARNING - No viable dags retrieved from /home/ubuntu/airflow_venv/lib/python3.10/site-packages/airflow/example_dags/example_kubernetes_executor.py
[2023-09-27T17:57:13.357+0000] {processor.py:179} INFO - Processing /home/ubuntu/airflow_venv/lib/python3.10/site-packages/airflow/example_dags/example_kubernetes_executor.py took 0.048 seconds
[2023-09-27T17:58:11.795+0000] {processor.py:157} INFO - Started process (PID=10676) to work on /home/ubuntu/airflow_venv/lib/python3.10/site-packages/airflow/example_dags/example_kubernetes_executor.py
[2023-09-27T17:58:11.820+0000] {processor.py:829} INFO - Processing file /home/ubuntu/airflow_venv/lib/python3.10/site-packages/airflow/example_dags/example_kubernetes_executor.py for tasks to queue
[2023-09-27T17:58:11.845+0000] {logging_mixin.py:151} INFO - [2023-09-27T17:58:11.829+0000] {dagbag.py:539} INFO - Filling up the DagBag from /home/ubuntu/airflow_venv/lib/python3.10/site-packages/airflow/example_dags/example_kubernetes_executor.py
[2023-09-27T17:58:11.923+0000] {logging_mixin.py:151} INFO - [2023-09-27T17:58:11.923+0000] {example_kubernetes_executor.py:38} WARNING - The example_kubernetes_executor example DAG requires the kubernetes provider. Please install it with: pip install apache-airflow[cncf.kubernetes]
[2023-09-27T17:58:11.924+0000] {processor.py:841} WARNING - No viable dags retrieved from /home/ubuntu/airflow_venv/lib/python3.10/site-packages/airflow/example_dags/example_kubernetes_executor.py
[2023-09-27T17:58:12.004+0000] {processor.py:179} INFO - Processing /home/ubuntu/airflow_venv/lib/python3.10/site-packages/airflow/example_dags/example_kubernetes_executor.py took 0.258 seconds
[2023-09-27T17:58:58.139+0000] {processor.py:157} INFO - Started process (PID=10737) to work on /home/ubuntu/airflow_venv/lib/python3.10/site-packages/airflow/example_dags/example_kubernetes_executor.py
[2023-09-27T17:58:58.141+0000] {processor.py:829} INFO - Processing file /home/ubuntu/airflow_venv/lib/python3.10/site-packages/airflow/example_dags/example_kubernetes_executor.py for tasks to queue
[2023-09-27T17:58:58.142+0000] {logging_mixin.py:151} INFO - [2023-09-27T17:58:58.142+0000] {dagbag.py:539} INFO - Filling up the DagBag from /home/ubuntu/airflow_venv/lib/python3.10/site-packages/airflow/example_dags/example_kubernetes_executor.py
[2023-09-27T17:58:58.146+0000] {logging_mixin.py:151} INFO - [2023-09-27T17:58:58.145+0000] {example_kubernetes_executor.py:38} WARNING - The example_kubernetes_executor example DAG requires the kubernetes provider. Please install it with: pip install apache-airflow[cncf.kubernetes]
[2023-09-27T17:58:58.146+0000] {processor.py:841} WARNING - No viable dags retrieved from /home/ubuntu/airflow_venv/lib/python3.10/site-packages/airflow/example_dags/example_kubernetes_executor.py
[2023-09-27T17:58:58.158+0000] {processor.py:179} INFO - Processing /home/ubuntu/airflow_venv/lib/python3.10/site-packages/airflow/example_dags/example_kubernetes_executor.py took 0.022 seconds
[2023-09-27T17:59:49.194+0000] {processor.py:157} INFO - Started process (PID=10798) to work on /home/ubuntu/airflow_venv/lib/python3.10/site-packages/airflow/example_dags/example_kubernetes_executor.py
[2023-09-27T17:59:49.196+0000] {processor.py:829} INFO - Processing file /home/ubuntu/airflow_venv/lib/python3.10/site-packages/airflow/example_dags/example_kubernetes_executor.py for tasks to queue
[2023-09-27T17:59:49.200+0000] {logging_mixin.py:151} INFO - [2023-09-27T17:59:49.197+0000] {dagbag.py:539} INFO - Filling up the DagBag from /home/ubuntu/airflow_venv/lib/python3.10/site-packages/airflow/example_dags/example_kubernetes_executor.py
[2023-09-27T17:59:49.208+0000] {logging_mixin.py:151} INFO - [2023-09-27T17:59:49.208+0000] {example_kubernetes_executor.py:38} WARNING - The example_kubernetes_executor example DAG requires the kubernetes provider. Please install it with: pip install apache-airflow[cncf.kubernetes]
[2023-09-27T17:59:49.209+0000] {processor.py:841} WARNING - No viable dags retrieved from /home/ubuntu/airflow_venv/lib/python3.10/site-packages/airflow/example_dags/example_kubernetes_executor.py
[2023-09-27T17:59:49.222+0000] {processor.py:179} INFO - Processing /home/ubuntu/airflow_venv/lib/python3.10/site-packages/airflow/example_dags/example_kubernetes_executor.py took 0.032 seconds
[2023-09-27T18:00:40.989+0000] {processor.py:157} INFO - Started process (PID=10850) to work on /home/ubuntu/airflow_venv/lib/python3.10/site-packages/airflow/example_dags/example_kubernetes_executor.py
[2023-09-27T18:00:40.990+0000] {processor.py:829} INFO - Processing file /home/ubuntu/airflow_venv/lib/python3.10/site-packages/airflow/example_dags/example_kubernetes_executor.py for tasks to queue
[2023-09-27T18:00:40.991+0000] {logging_mixin.py:151} INFO - [2023-09-27T18:00:40.991+0000] {dagbag.py:539} INFO - Filling up the DagBag from /home/ubuntu/airflow_venv/lib/python3.10/site-packages/airflow/example_dags/example_kubernetes_executor.py
[2023-09-27T18:00:40.995+0000] {logging_mixin.py:151} INFO - [2023-09-27T18:00:40.995+0000] {example_kubernetes_executor.py:38} WARNING - The example_kubernetes_executor example DAG requires the kubernetes provider. Please install it with: pip install apache-airflow[cncf.kubernetes]
[2023-09-27T18:00:40.995+0000] {processor.py:841} WARNING - No viable dags retrieved from /home/ubuntu/airflow_venv/lib/python3.10/site-packages/airflow/example_dags/example_kubernetes_executor.py
[2023-09-27T18:00:41.009+0000] {processor.py:179} INFO - Processing /home/ubuntu/airflow_venv/lib/python3.10/site-packages/airflow/example_dags/example_kubernetes_executor.py took 0.024 seconds
[2023-09-27T18:01:26.582+0000] {processor.py:157} INFO - Started process (PID=10898) to work on /home/ubuntu/airflow_venv/lib/python3.10/site-packages/airflow/example_dags/example_kubernetes_executor.py
[2023-09-27T18:01:26.583+0000] {processor.py:829} INFO - Processing file /home/ubuntu/airflow_venv/lib/python3.10/site-packages/airflow/example_dags/example_kubernetes_executor.py for tasks to queue
[2023-09-27T18:01:26.584+0000] {logging_mixin.py:151} INFO - [2023-09-27T18:01:26.583+0000] {dagbag.py:539} INFO - Filling up the DagBag from /home/ubuntu/airflow_venv/lib/python3.10/site-packages/airflow/example_dags/example_kubernetes_executor.py
[2023-09-27T18:01:26.588+0000] {logging_mixin.py:151} INFO - [2023-09-27T18:01:26.588+0000] {example_kubernetes_executor.py:38} WARNING - The example_kubernetes_executor example DAG requires the kubernetes provider. Please install it with: pip install apache-airflow[cncf.kubernetes]
[2023-09-27T18:01:26.588+0000] {processor.py:841} WARNING - No viable dags retrieved from /home/ubuntu/airflow_venv/lib/python3.10/site-packages/airflow/example_dags/example_kubernetes_executor.py
[2023-09-27T18:01:26.598+0000] {processor.py:179} INFO - Processing /home/ubuntu/airflow_venv/lib/python3.10/site-packages/airflow/example_dags/example_kubernetes_executor.py took 0.020 seconds
[2023-09-27T18:02:14.563+0000] {processor.py:157} INFO - Started process (PID=10946) to work on /home/ubuntu/airflow_venv/lib/python3.10/site-packages/airflow/example_dags/example_kubernetes_executor.py
[2023-09-27T18:02:14.565+0000] {processor.py:829} INFO - Processing file /home/ubuntu/airflow_venv/lib/python3.10/site-packages/airflow/example_dags/example_kubernetes_executor.py for tasks to queue
[2023-09-27T18:02:14.566+0000] {logging_mixin.py:151} INFO - [2023-09-27T18:02:14.565+0000] {dagbag.py:539} INFO - Filling up the DagBag from /home/ubuntu/airflow_venv/lib/python3.10/site-packages/airflow/example_dags/example_kubernetes_executor.py
[2023-09-27T18:02:14.569+0000] {logging_mixin.py:151} INFO - [2023-09-27T18:02:14.568+0000] {example_kubernetes_executor.py:38} WARNING - The example_kubernetes_executor example DAG requires the kubernetes provider. Please install it with: pip install apache-airflow[cncf.kubernetes]
[2023-09-27T18:02:14.569+0000] {processor.py:841} WARNING - No viable dags retrieved from /home/ubuntu/airflow_venv/lib/python3.10/site-packages/airflow/example_dags/example_kubernetes_executor.py
[2023-09-27T18:02:14.579+0000] {processor.py:179} INFO - Processing /home/ubuntu/airflow_venv/lib/python3.10/site-packages/airflow/example_dags/example_kubernetes_executor.py took 0.018 seconds
[2023-09-27T18:02:59.026+0000] {processor.py:157} INFO - Started process (PID=11001) to work on /home/ubuntu/airflow_venv/lib/python3.10/site-packages/airflow/example_dags/example_kubernetes_executor.py
[2023-09-27T18:02:59.027+0000] {processor.py:829} INFO - Processing file /home/ubuntu/airflow_venv/lib/python3.10/site-packages/airflow/example_dags/example_kubernetes_executor.py for tasks to queue
[2023-09-27T18:02:59.028+0000] {logging_mixin.py:151} INFO - [2023-09-27T18:02:59.027+0000] {dagbag.py:539} INFO - Filling up the DagBag from /home/ubuntu/airflow_venv/lib/python3.10/site-packages/airflow/example_dags/example_kubernetes_executor.py
[2023-09-27T18:02:59.034+0000] {logging_mixin.py:151} INFO - [2023-09-27T18:02:59.033+0000] {example_kubernetes_executor.py:38} WARNING - The example_kubernetes_executor example DAG requires the kubernetes provider. Please install it with: pip install apache-airflow[cncf.kubernetes]
[2023-09-27T18:02:59.034+0000] {processor.py:841} WARNING - No viable dags retrieved from /home/ubuntu/airflow_venv/lib/python3.10/site-packages/airflow/example_dags/example_kubernetes_executor.py
[2023-09-27T18:02:59.056+0000] {processor.py:179} INFO - Processing /home/ubuntu/airflow_venv/lib/python3.10/site-packages/airflow/example_dags/example_kubernetes_executor.py took 0.033 seconds
[2023-09-27T18:03:48.906+0000] {processor.py:157} INFO - Started process (PID=11116) to work on /home/ubuntu/airflow_venv/lib/python3.10/site-packages/airflow/example_dags/example_kubernetes_executor.py
[2023-09-27T18:03:48.908+0000] {processor.py:829} INFO - Processing file /home/ubuntu/airflow_venv/lib/python3.10/site-packages/airflow/example_dags/example_kubernetes_executor.py for tasks to queue
[2023-09-27T18:03:48.909+0000] {logging_mixin.py:151} INFO - [2023-09-27T18:03:48.908+0000] {dagbag.py:539} INFO - Filling up the DagBag from /home/ubuntu/airflow_venv/lib/python3.10/site-packages/airflow/example_dags/example_kubernetes_executor.py
[2023-09-27T18:03:48.913+0000] {logging_mixin.py:151} INFO - [2023-09-27T18:03:48.913+0000] {example_kubernetes_executor.py:38} WARNING - The example_kubernetes_executor example DAG requires the kubernetes provider. Please install it with: pip install apache-airflow[cncf.kubernetes]
[2023-09-27T18:03:48.914+0000] {processor.py:841} WARNING - No viable dags retrieved from /home/ubuntu/airflow_venv/lib/python3.10/site-packages/airflow/example_dags/example_kubernetes_executor.py
[2023-09-27T18:03:48.927+0000] {processor.py:179} INFO - Processing /home/ubuntu/airflow_venv/lib/python3.10/site-packages/airflow/example_dags/example_kubernetes_executor.py took 0.023 seconds
[2023-09-27T18:04:33.473+0000] {processor.py:157} INFO - Started process (PID=11244) to work on /home/ubuntu/airflow_venv/lib/python3.10/site-packages/airflow/example_dags/example_kubernetes_executor.py
[2023-09-27T18:04:33.475+0000] {processor.py:829} INFO - Processing file /home/ubuntu/airflow_venv/lib/python3.10/site-packages/airflow/example_dags/example_kubernetes_executor.py for tasks to queue
[2023-09-27T18:04:33.477+0000] {logging_mixin.py:151} INFO - [2023-09-27T18:04:33.476+0000] {dagbag.py:539} INFO - Filling up the DagBag from /home/ubuntu/airflow_venv/lib/python3.10/site-packages/airflow/example_dags/example_kubernetes_executor.py
[2023-09-27T18:04:33.480+0000] {logging_mixin.py:151} INFO - [2023-09-27T18:04:33.480+0000] {example_kubernetes_executor.py:38} WARNING - The example_kubernetes_executor example DAG requires the kubernetes provider. Please install it with: pip install apache-airflow[cncf.kubernetes]
[2023-09-27T18:04:33.480+0000] {processor.py:841} WARNING - No viable dags retrieved from /home/ubuntu/airflow_venv/lib/python3.10/site-packages/airflow/example_dags/example_kubernetes_executor.py
[2023-09-27T18:04:33.491+0000] {processor.py:179} INFO - Processing /home/ubuntu/airflow_venv/lib/python3.10/site-packages/airflow/example_dags/example_kubernetes_executor.py took 0.025 seconds
[2023-09-27T18:05:21.800+0000] {processor.py:157} INFO - Started process (PID=11411) to work on /home/ubuntu/airflow_venv/lib/python3.10/site-packages/airflow/example_dags/example_kubernetes_executor.py
[2023-09-27T18:05:21.801+0000] {processor.py:829} INFO - Processing file /home/ubuntu/airflow_venv/lib/python3.10/site-packages/airflow/example_dags/example_kubernetes_executor.py for tasks to queue
[2023-09-27T18:05:21.802+0000] {logging_mixin.py:151} INFO - [2023-09-27T18:05:21.802+0000] {dagbag.py:539} INFO - Filling up the DagBag from /home/ubuntu/airflow_venv/lib/python3.10/site-packages/airflow/example_dags/example_kubernetes_executor.py
[2023-09-27T18:05:21.805+0000] {logging_mixin.py:151} INFO - [2023-09-27T18:05:21.805+0000] {example_kubernetes_executor.py:38} WARNING - The example_kubernetes_executor example DAG requires the kubernetes provider. Please install it with: pip install apache-airflow[cncf.kubernetes]
[2023-09-27T18:05:21.806+0000] {processor.py:841} WARNING - No viable dags retrieved from /home/ubuntu/airflow_venv/lib/python3.10/site-packages/airflow/example_dags/example_kubernetes_executor.py
[2023-09-27T18:05:21.818+0000] {processor.py:179} INFO - Processing /home/ubuntu/airflow_venv/lib/python3.10/site-packages/airflow/example_dags/example_kubernetes_executor.py took 0.021 seconds
[2023-09-27T18:06:10.884+0000] {processor.py:157} INFO - Started process (PID=11544) to work on /home/ubuntu/airflow_venv/lib/python3.10/site-packages/airflow/example_dags/example_kubernetes_executor.py
[2023-09-27T18:06:10.885+0000] {processor.py:829} INFO - Processing file /home/ubuntu/airflow_venv/lib/python3.10/site-packages/airflow/example_dags/example_kubernetes_executor.py for tasks to queue
[2023-09-27T18:06:10.886+0000] {logging_mixin.py:151} INFO - [2023-09-27T18:06:10.886+0000] {dagbag.py:539} INFO - Filling up the DagBag from /home/ubuntu/airflow_venv/lib/python3.10/site-packages/airflow/example_dags/example_kubernetes_executor.py
[2023-09-27T18:06:10.891+0000] {logging_mixin.py:151} INFO - [2023-09-27T18:06:10.890+0000] {example_kubernetes_executor.py:38} WARNING - The example_kubernetes_executor example DAG requires the kubernetes provider. Please install it with: pip install apache-airflow[cncf.kubernetes]
[2023-09-27T18:06:10.891+0000] {processor.py:841} WARNING - No viable dags retrieved from /home/ubuntu/airflow_venv/lib/python3.10/site-packages/airflow/example_dags/example_kubernetes_executor.py
[2023-09-27T18:06:10.902+0000] {processor.py:179} INFO - Processing /home/ubuntu/airflow_venv/lib/python3.10/site-packages/airflow/example_dags/example_kubernetes_executor.py took 0.021 seconds
[2023-09-27T18:07:00.556+0000] {processor.py:157} INFO - Started process (PID=11603) to work on /home/ubuntu/airflow_venv/lib/python3.10/site-packages/airflow/example_dags/example_kubernetes_executor.py
[2023-09-27T18:07:00.558+0000] {processor.py:829} INFO - Processing file /home/ubuntu/airflow_venv/lib/python3.10/site-packages/airflow/example_dags/example_kubernetes_executor.py for tasks to queue
[2023-09-27T18:07:00.559+0000] {logging_mixin.py:151} INFO - [2023-09-27T18:07:00.558+0000] {dagbag.py:539} INFO - Filling up the DagBag from /home/ubuntu/airflow_venv/lib/python3.10/site-packages/airflow/example_dags/example_kubernetes_executor.py
[2023-09-27T18:07:00.562+0000] {logging_mixin.py:151} INFO - [2023-09-27T18:07:00.562+0000] {example_kubernetes_executor.py:38} WARNING - The example_kubernetes_executor example DAG requires the kubernetes provider. Please install it with: pip install apache-airflow[cncf.kubernetes]
[2023-09-27T18:07:00.562+0000] {processor.py:841} WARNING - No viable dags retrieved from /home/ubuntu/airflow_venv/lib/python3.10/site-packages/airflow/example_dags/example_kubernetes_executor.py
[2023-09-27T18:07:00.575+0000] {processor.py:179} INFO - Processing /home/ubuntu/airflow_venv/lib/python3.10/site-packages/airflow/example_dags/example_kubernetes_executor.py took 0.023 seconds
[2023-09-27T18:07:52.799+0000] {processor.py:157} INFO - Started process (PID=11674) to work on /home/ubuntu/airflow_venv/lib/python3.10/site-packages/airflow/example_dags/example_kubernetes_executor.py
[2023-09-27T18:07:52.800+0000] {processor.py:829} INFO - Processing file /home/ubuntu/airflow_venv/lib/python3.10/site-packages/airflow/example_dags/example_kubernetes_executor.py for tasks to queue
[2023-09-27T18:07:52.801+0000] {logging_mixin.py:151} INFO - [2023-09-27T18:07:52.801+0000] {dagbag.py:539} INFO - Filling up the DagBag from /home/ubuntu/airflow_venv/lib/python3.10/site-packages/airflow/example_dags/example_kubernetes_executor.py
[2023-09-27T18:07:52.805+0000] {logging_mixin.py:151} INFO - [2023-09-27T18:07:52.805+0000] {example_kubernetes_executor.py:38} WARNING - The example_kubernetes_executor example DAG requires the kubernetes provider. Please install it with: pip install apache-airflow[cncf.kubernetes]
[2023-09-27T18:07:52.806+0000] {processor.py:841} WARNING - No viable dags retrieved from /home/ubuntu/airflow_venv/lib/python3.10/site-packages/airflow/example_dags/example_kubernetes_executor.py
[2023-09-27T18:07:52.822+0000] {processor.py:179} INFO - Processing /home/ubuntu/airflow_venv/lib/python3.10/site-packages/airflow/example_dags/example_kubernetes_executor.py took 0.026 seconds
[2023-09-27T18:08:46.038+0000] {processor.py:157} INFO - Started process (PID=11828) to work on /home/ubuntu/airflow_venv/lib/python3.10/site-packages/airflow/example_dags/example_kubernetes_executor.py
[2023-09-27T18:08:46.040+0000] {processor.py:829} INFO - Processing file /home/ubuntu/airflow_venv/lib/python3.10/site-packages/airflow/example_dags/example_kubernetes_executor.py for tasks to queue
[2023-09-27T18:08:46.041+0000] {logging_mixin.py:151} INFO - [2023-09-27T18:08:46.040+0000] {dagbag.py:539} INFO - Filling up the DagBag from /home/ubuntu/airflow_venv/lib/python3.10/site-packages/airflow/example_dags/example_kubernetes_executor.py
[2023-09-27T18:08:46.044+0000] {logging_mixin.py:151} INFO - [2023-09-27T18:08:46.044+0000] {example_kubernetes_executor.py:38} WARNING - The example_kubernetes_executor example DAG requires the kubernetes provider. Please install it with: pip install apache-airflow[cncf.kubernetes]
[2023-09-27T18:08:46.044+0000] {processor.py:841} WARNING - No viable dags retrieved from /home/ubuntu/airflow_venv/lib/python3.10/site-packages/airflow/example_dags/example_kubernetes_executor.py
[2023-09-27T18:08:46.056+0000] {processor.py:179} INFO - Processing /home/ubuntu/airflow_venv/lib/python3.10/site-packages/airflow/example_dags/example_kubernetes_executor.py took 0.020 seconds
