[2023-09-27T10:54:30.872+0000] {processor.py:157} INFO - Started process (PID=3961) to work on /usr/local/lib/python3.10/dist-packages/airflow/example_dags/example_branch_operator.py
[2023-09-27T10:54:30.872+0000] {processor.py:829} INFO - Processing file /usr/local/lib/python3.10/dist-packages/airflow/example_dags/example_branch_operator.py for tasks to queue
[2023-09-27T10:54:30.873+0000] {logging_mixin.py:151} INFO - [2023-09-27T10:54:30.873+0000] {dagbag.py:539} INFO - Filling up the DagBag from /usr/local/lib/python3.10/dist-packages/airflow/example_dags/example_branch_operator.py
[2023-09-27T10:54:30.883+0000] {processor.py:839} INFO - DAG(s) dict_keys(['example_branch_operator']) retrieved from /usr/local/lib/python3.10/dist-packages/airflow/example_dags/example_branch_operator.py
[2023-09-27T10:54:30.988+0000] {logging_mixin.py:151} INFO - [2023-09-27T10:54:30.988+0000] {manager.py:499} INFO - Created Permission View: %s
[2023-09-27T10:54:31.000+0000] {logging_mixin.py:151} INFO - [2023-09-27T10:54:30.999+0000] {manager.py:499} INFO - Created Permission View: %s
[2023-09-27T10:54:31.008+0000] {logging_mixin.py:151} INFO - [2023-09-27T10:54:31.008+0000] {manager.py:499} INFO - Created Permission View: %s
[2023-09-27T10:54:31.009+0000] {logging_mixin.py:151} INFO - [2023-09-27T10:54:31.009+0000] {security.py:708} INFO - Not syncing DAG-level permissions for DAG 'DAG:example_branch_operator' as access control is unset.
[2023-09-27T10:54:31.009+0000] {logging_mixin.py:151} INFO - [2023-09-27T10:54:31.009+0000] {dag.py:2915} INFO - Sync 1 DAGs
[2023-09-27T10:54:31.019+0000] {logging_mixin.py:151} INFO - [2023-09-27T10:54:31.019+0000] {dag.py:2937} INFO - Creating ORM DAG for example_branch_operator
[2023-09-27T10:54:31.028+0000] {logging_mixin.py:151} INFO - [2023-09-27T10:54:31.028+0000] {dag.py:3696} INFO - Setting next_dagrun for example_branch_operator to 2023-09-26T00:00:00+00:00, run_after=2023-09-27T00:00:00+00:00
[2023-09-27T10:54:31.049+0000] {processor.py:179} INFO - Processing /usr/local/lib/python3.10/dist-packages/airflow/example_dags/example_branch_operator.py took 0.180 seconds
[2023-09-27T10:55:17.711+0000] {processor.py:157} INFO - Started process (PID=4009) to work on /usr/local/lib/python3.10/dist-packages/airflow/example_dags/example_branch_operator.py
[2023-09-27T10:55:17.712+0000] {processor.py:829} INFO - Processing file /usr/local/lib/python3.10/dist-packages/airflow/example_dags/example_branch_operator.py for tasks to queue
[2023-09-27T10:55:17.713+0000] {logging_mixin.py:151} INFO - [2023-09-27T10:55:17.713+0000] {dagbag.py:539} INFO - Filling up the DagBag from /usr/local/lib/python3.10/dist-packages/airflow/example_dags/example_branch_operator.py
[2023-09-27T10:55:17.722+0000] {processor.py:839} INFO - DAG(s) dict_keys(['example_branch_operator']) retrieved from /usr/local/lib/python3.10/dist-packages/airflow/example_dags/example_branch_operator.py
[2023-09-27T10:55:17.742+0000] {logging_mixin.py:151} INFO - [2023-09-27T10:55:17.742+0000] {dag.py:2915} INFO - Sync 1 DAGs
[2023-09-27T10:55:17.763+0000] {logging_mixin.py:151} INFO - [2023-09-27T10:55:17.763+0000] {dag.py:3696} INFO - Setting next_dagrun for example_branch_operator to 2023-09-26T00:00:00+00:00, run_after=2023-09-27T00:00:00+00:00
[2023-09-27T10:55:17.787+0000] {processor.py:179} INFO - Processing /usr/local/lib/python3.10/dist-packages/airflow/example_dags/example_branch_operator.py took 0.079 seconds
[2023-09-27T10:56:03.209+0000] {processor.py:157} INFO - Started process (PID=4056) to work on /usr/local/lib/python3.10/dist-packages/airflow/example_dags/example_branch_operator.py
[2023-09-27T10:56:03.210+0000] {processor.py:829} INFO - Processing file /usr/local/lib/python3.10/dist-packages/airflow/example_dags/example_branch_operator.py for tasks to queue
[2023-09-27T10:56:03.212+0000] {logging_mixin.py:151} INFO - [2023-09-27T10:56:03.211+0000] {dagbag.py:539} INFO - Filling up the DagBag from /usr/local/lib/python3.10/dist-packages/airflow/example_dags/example_branch_operator.py
[2023-09-27T10:56:03.223+0000] {processor.py:839} INFO - DAG(s) dict_keys(['example_branch_operator']) retrieved from /usr/local/lib/python3.10/dist-packages/airflow/example_dags/example_branch_operator.py
[2023-09-27T10:56:03.244+0000] {logging_mixin.py:151} INFO - [2023-09-27T10:56:03.243+0000] {dag.py:2915} INFO - Sync 1 DAGs
[2023-09-27T10:56:03.270+0000] {logging_mixin.py:151} INFO - [2023-09-27T10:56:03.270+0000] {dag.py:3696} INFO - Setting next_dagrun for example_branch_operator to 2023-09-26T00:00:00+00:00, run_after=2023-09-27T00:00:00+00:00
[2023-09-27T10:56:03.296+0000] {processor.py:179} INFO - Processing /usr/local/lib/python3.10/dist-packages/airflow/example_dags/example_branch_operator.py took 0.097 seconds
[2023-09-27T10:57:26.521+0000] {processor.py:157} INFO - Started process (PID=4128) to work on /usr/local/lib/python3.10/dist-packages/airflow/example_dags/example_branch_operator.py
[2023-09-27T10:57:26.523+0000] {processor.py:829} INFO - Processing file /usr/local/lib/python3.10/dist-packages/airflow/example_dags/example_branch_operator.py for tasks to queue
[2023-09-27T10:57:26.523+0000] {logging_mixin.py:151} INFO - [2023-09-27T10:57:26.523+0000] {dagbag.py:539} INFO - Filling up the DagBag from /usr/local/lib/python3.10/dist-packages/airflow/example_dags/example_branch_operator.py
[2023-09-27T10:57:26.533+0000] {processor.py:839} INFO - DAG(s) dict_keys(['example_branch_operator']) retrieved from /usr/local/lib/python3.10/dist-packages/airflow/example_dags/example_branch_operator.py
[2023-09-27T10:57:26.554+0000] {logging_mixin.py:151} INFO - [2023-09-27T10:57:26.554+0000] {dag.py:2915} INFO - Sync 1 DAGs
[2023-09-27T10:57:26.574+0000] {logging_mixin.py:151} INFO - [2023-09-27T10:57:26.573+0000] {dag.py:3696} INFO - Setting next_dagrun for example_branch_operator to 2023-09-26T00:00:00+00:00, run_after=2023-09-27T00:00:00+00:00
[2023-09-27T10:57:26.605+0000] {processor.py:179} INFO - Processing /usr/local/lib/python3.10/dist-packages/airflow/example_dags/example_branch_operator.py took 0.087 seconds
[2023-09-27T10:58:18.106+0000] {processor.py:157} INFO - Started process (PID=4181) to work on /usr/local/lib/python3.10/dist-packages/airflow/example_dags/example_branch_operator.py
[2023-09-27T10:58:18.109+0000] {processor.py:829} INFO - Processing file /usr/local/lib/python3.10/dist-packages/airflow/example_dags/example_branch_operator.py for tasks to queue
[2023-09-27T10:58:18.110+0000] {logging_mixin.py:151} INFO - [2023-09-27T10:58:18.109+0000] {dagbag.py:539} INFO - Filling up the DagBag from /usr/local/lib/python3.10/dist-packages/airflow/example_dags/example_branch_operator.py
[2023-09-27T10:58:18.123+0000] {processor.py:839} INFO - DAG(s) dict_keys(['example_branch_operator']) retrieved from /usr/local/lib/python3.10/dist-packages/airflow/example_dags/example_branch_operator.py
[2023-09-27T10:58:18.147+0000] {logging_mixin.py:151} INFO - [2023-09-27T10:58:18.147+0000] {dag.py:2915} INFO - Sync 1 DAGs
[2023-09-27T10:58:18.172+0000] {logging_mixin.py:151} INFO - [2023-09-27T10:58:18.172+0000] {dag.py:3696} INFO - Setting next_dagrun for example_branch_operator to 2023-09-26T00:00:00+00:00, run_after=2023-09-27T00:00:00+00:00
[2023-09-27T10:58:18.194+0000] {processor.py:179} INFO - Processing /usr/local/lib/python3.10/dist-packages/airflow/example_dags/example_branch_operator.py took 0.091 seconds
[2023-09-27T10:59:05.133+0000] {processor.py:157} INFO - Started process (PID=4231) to work on /usr/local/lib/python3.10/dist-packages/airflow/example_dags/example_branch_operator.py
[2023-09-27T10:59:05.134+0000] {processor.py:829} INFO - Processing file /usr/local/lib/python3.10/dist-packages/airflow/example_dags/example_branch_operator.py for tasks to queue
[2023-09-27T10:59:05.136+0000] {logging_mixin.py:151} INFO - [2023-09-27T10:59:05.135+0000] {dagbag.py:539} INFO - Filling up the DagBag from /usr/local/lib/python3.10/dist-packages/airflow/example_dags/example_branch_operator.py
[2023-09-27T10:59:05.150+0000] {processor.py:839} INFO - DAG(s) dict_keys(['example_branch_operator']) retrieved from /usr/local/lib/python3.10/dist-packages/airflow/example_dags/example_branch_operator.py
[2023-09-27T10:59:05.170+0000] {logging_mixin.py:151} INFO - [2023-09-27T10:59:05.170+0000] {dag.py:2915} INFO - Sync 1 DAGs
[2023-09-27T10:59:05.193+0000] {logging_mixin.py:151} INFO - [2023-09-27T10:59:05.193+0000] {dag.py:3696} INFO - Setting next_dagrun for example_branch_operator to 2023-09-26T00:00:00+00:00, run_after=2023-09-27T00:00:00+00:00
[2023-09-27T10:59:05.219+0000] {processor.py:179} INFO - Processing /usr/local/lib/python3.10/dist-packages/airflow/example_dags/example_branch_operator.py took 0.090 seconds
[2023-09-27T10:59:54.150+0000] {processor.py:157} INFO - Started process (PID=4282) to work on /usr/local/lib/python3.10/dist-packages/airflow/example_dags/example_branch_operator.py
[2023-09-27T10:59:54.151+0000] {processor.py:829} INFO - Processing file /usr/local/lib/python3.10/dist-packages/airflow/example_dags/example_branch_operator.py for tasks to queue
[2023-09-27T10:59:54.152+0000] {logging_mixin.py:151} INFO - [2023-09-27T10:59:54.152+0000] {dagbag.py:539} INFO - Filling up the DagBag from /usr/local/lib/python3.10/dist-packages/airflow/example_dags/example_branch_operator.py
[2023-09-27T10:59:54.162+0000] {processor.py:839} INFO - DAG(s) dict_keys(['example_branch_operator']) retrieved from /usr/local/lib/python3.10/dist-packages/airflow/example_dags/example_branch_operator.py
[2023-09-27T10:59:54.181+0000] {logging_mixin.py:151} INFO - [2023-09-27T10:59:54.181+0000] {dag.py:2915} INFO - Sync 1 DAGs
[2023-09-27T10:59:54.205+0000] {logging_mixin.py:151} INFO - [2023-09-27T10:59:54.205+0000] {dag.py:3696} INFO - Setting next_dagrun for example_branch_operator to 2023-09-26T00:00:00+00:00, run_after=2023-09-27T00:00:00+00:00
[2023-09-27T10:59:54.229+0000] {processor.py:179} INFO - Processing /usr/local/lib/python3.10/dist-packages/airflow/example_dags/example_branch_operator.py took 0.082 seconds
[2023-09-27T11:00:42.194+0000] {processor.py:157} INFO - Started process (PID=4333) to work on /usr/local/lib/python3.10/dist-packages/airflow/example_dags/example_branch_operator.py
[2023-09-27T11:00:42.195+0000] {processor.py:829} INFO - Processing file /usr/local/lib/python3.10/dist-packages/airflow/example_dags/example_branch_operator.py for tasks to queue
[2023-09-27T11:00:42.196+0000] {logging_mixin.py:151} INFO - [2023-09-27T11:00:42.196+0000] {dagbag.py:539} INFO - Filling up the DagBag from /usr/local/lib/python3.10/dist-packages/airflow/example_dags/example_branch_operator.py
[2023-09-27T11:00:42.206+0000] {processor.py:839} INFO - DAG(s) dict_keys(['example_branch_operator']) retrieved from /usr/local/lib/python3.10/dist-packages/airflow/example_dags/example_branch_operator.py
[2023-09-27T11:00:42.224+0000] {logging_mixin.py:151} INFO - [2023-09-27T11:00:42.224+0000] {dag.py:2915} INFO - Sync 1 DAGs
[2023-09-27T11:00:42.244+0000] {logging_mixin.py:151} INFO - [2023-09-27T11:00:42.244+0000] {dag.py:3696} INFO - Setting next_dagrun for example_branch_operator to 2023-09-26T00:00:00+00:00, run_after=2023-09-27T00:00:00+00:00
[2023-09-27T11:00:42.266+0000] {processor.py:179} INFO - Processing /usr/local/lib/python3.10/dist-packages/airflow/example_dags/example_branch_operator.py took 0.074 seconds
[2023-09-27T11:01:27.672+0000] {processor.py:157} INFO - Started process (PID=4381) to work on /usr/local/lib/python3.10/dist-packages/airflow/example_dags/example_branch_operator.py
[2023-09-27T11:01:27.673+0000] {processor.py:829} INFO - Processing file /usr/local/lib/python3.10/dist-packages/airflow/example_dags/example_branch_operator.py for tasks to queue
[2023-09-27T11:01:27.674+0000] {logging_mixin.py:151} INFO - [2023-09-27T11:01:27.673+0000] {dagbag.py:539} INFO - Filling up the DagBag from /usr/local/lib/python3.10/dist-packages/airflow/example_dags/example_branch_operator.py
[2023-09-27T11:01:27.690+0000] {processor.py:839} INFO - DAG(s) dict_keys(['example_branch_operator']) retrieved from /usr/local/lib/python3.10/dist-packages/airflow/example_dags/example_branch_operator.py
[2023-09-27T11:01:27.709+0000] {logging_mixin.py:151} INFO - [2023-09-27T11:01:27.708+0000] {dag.py:2915} INFO - Sync 1 DAGs
[2023-09-27T11:01:27.731+0000] {logging_mixin.py:151} INFO - [2023-09-27T11:01:27.730+0000] {dag.py:3696} INFO - Setting next_dagrun for example_branch_operator to 2023-09-26T00:00:00+00:00, run_after=2023-09-27T00:00:00+00:00
[2023-09-27T11:01:27.754+0000] {processor.py:179} INFO - Processing /usr/local/lib/python3.10/dist-packages/airflow/example_dags/example_branch_operator.py took 0.085 seconds
[2023-09-27T11:02:12.802+0000] {processor.py:157} INFO - Started process (PID=4429) to work on /usr/local/lib/python3.10/dist-packages/airflow/example_dags/example_branch_operator.py
[2023-09-27T11:02:12.803+0000] {processor.py:829} INFO - Processing file /usr/local/lib/python3.10/dist-packages/airflow/example_dags/example_branch_operator.py for tasks to queue
[2023-09-27T11:02:12.804+0000] {logging_mixin.py:151} INFO - [2023-09-27T11:02:12.803+0000] {dagbag.py:539} INFO - Filling up the DagBag from /usr/local/lib/python3.10/dist-packages/airflow/example_dags/example_branch_operator.py
[2023-09-27T11:02:12.815+0000] {processor.py:839} INFO - DAG(s) dict_keys(['example_branch_operator']) retrieved from /usr/local/lib/python3.10/dist-packages/airflow/example_dags/example_branch_operator.py
[2023-09-27T11:02:12.848+0000] {logging_mixin.py:151} INFO - [2023-09-27T11:02:12.848+0000] {dag.py:2915} INFO - Sync 1 DAGs
[2023-09-27T11:02:12.890+0000] {logging_mixin.py:151} INFO - [2023-09-27T11:02:12.890+0000] {dag.py:3696} INFO - Setting next_dagrun for example_branch_operator to 2023-09-26T00:00:00+00:00, run_after=2023-09-27T00:00:00+00:00
[2023-09-27T11:02:12.927+0000] {processor.py:179} INFO - Processing /usr/local/lib/python3.10/dist-packages/airflow/example_dags/example_branch_operator.py took 0.129 seconds
[2023-09-27T11:03:05.645+0000] {processor.py:157} INFO - Started process (PID=4482) to work on /usr/local/lib/python3.10/dist-packages/airflow/example_dags/example_branch_operator.py
[2023-09-27T11:03:05.646+0000] {processor.py:829} INFO - Processing file /usr/local/lib/python3.10/dist-packages/airflow/example_dags/example_branch_operator.py for tasks to queue
[2023-09-27T11:03:05.647+0000] {logging_mixin.py:151} INFO - [2023-09-27T11:03:05.647+0000] {dagbag.py:539} INFO - Filling up the DagBag from /usr/local/lib/python3.10/dist-packages/airflow/example_dags/example_branch_operator.py
[2023-09-27T11:03:05.659+0000] {processor.py:839} INFO - DAG(s) dict_keys(['example_branch_operator']) retrieved from /usr/local/lib/python3.10/dist-packages/airflow/example_dags/example_branch_operator.py
[2023-09-27T11:03:05.680+0000] {logging_mixin.py:151} INFO - [2023-09-27T11:03:05.680+0000] {dag.py:2915} INFO - Sync 1 DAGs
[2023-09-27T11:03:05.709+0000] {logging_mixin.py:151} INFO - [2023-09-27T11:03:05.708+0000] {dag.py:3696} INFO - Setting next_dagrun for example_branch_operator to 2023-09-26T00:00:00+00:00, run_after=2023-09-27T00:00:00+00:00
[2023-09-27T11:03:05.732+0000] {processor.py:179} INFO - Processing /usr/local/lib/python3.10/dist-packages/airflow/example_dags/example_branch_operator.py took 0.090 seconds
[2023-09-27T11:03:55.834+0000] {processor.py:157} INFO - Started process (PID=4534) to work on /usr/local/lib/python3.10/dist-packages/airflow/example_dags/example_branch_operator.py
[2023-09-27T11:03:55.835+0000] {processor.py:829} INFO - Processing file /usr/local/lib/python3.10/dist-packages/airflow/example_dags/example_branch_operator.py for tasks to queue
[2023-09-27T11:03:55.835+0000] {logging_mixin.py:151} INFO - [2023-09-27T11:03:55.835+0000] {dagbag.py:539} INFO - Filling up the DagBag from /usr/local/lib/python3.10/dist-packages/airflow/example_dags/example_branch_operator.py
[2023-09-27T11:03:55.845+0000] {processor.py:839} INFO - DAG(s) dict_keys(['example_branch_operator']) retrieved from /usr/local/lib/python3.10/dist-packages/airflow/example_dags/example_branch_operator.py
[2023-09-27T11:03:55.864+0000] {logging_mixin.py:151} INFO - [2023-09-27T11:03:55.864+0000] {dag.py:2915} INFO - Sync 1 DAGs
[2023-09-27T11:03:55.885+0000] {logging_mixin.py:151} INFO - [2023-09-27T11:03:55.885+0000] {dag.py:3696} INFO - Setting next_dagrun for example_branch_operator to 2023-09-26T00:00:00+00:00, run_after=2023-09-27T00:00:00+00:00
[2023-09-27T11:03:55.909+0000] {processor.py:179} INFO - Processing /usr/local/lib/python3.10/dist-packages/airflow/example_dags/example_branch_operator.py took 0.079 seconds
[2023-09-27T11:04:47.086+0000] {processor.py:157} INFO - Started process (PID=4587) to work on /usr/local/lib/python3.10/dist-packages/airflow/example_dags/example_branch_operator.py
[2023-09-27T11:04:47.087+0000] {processor.py:829} INFO - Processing file /usr/local/lib/python3.10/dist-packages/airflow/example_dags/example_branch_operator.py for tasks to queue
[2023-09-27T11:04:47.088+0000] {logging_mixin.py:151} INFO - [2023-09-27T11:04:47.087+0000] {dagbag.py:539} INFO - Filling up the DagBag from /usr/local/lib/python3.10/dist-packages/airflow/example_dags/example_branch_operator.py
[2023-09-27T11:04:47.098+0000] {processor.py:839} INFO - DAG(s) dict_keys(['example_branch_operator']) retrieved from /usr/local/lib/python3.10/dist-packages/airflow/example_dags/example_branch_operator.py
[2023-09-27T11:04:47.118+0000] {logging_mixin.py:151} INFO - [2023-09-27T11:04:47.118+0000] {dag.py:2915} INFO - Sync 1 DAGs
[2023-09-27T11:04:47.143+0000] {logging_mixin.py:151} INFO - [2023-09-27T11:04:47.143+0000] {dag.py:3696} INFO - Setting next_dagrun for example_branch_operator to 2023-09-26T00:00:00+00:00, run_after=2023-09-27T00:00:00+00:00
[2023-09-27T11:04:47.166+0000] {processor.py:179} INFO - Processing /usr/local/lib/python3.10/dist-packages/airflow/example_dags/example_branch_operator.py took 0.083 seconds
[2023-09-27T11:05:38.971+0000] {processor.py:157} INFO - Started process (PID=4640) to work on /usr/local/lib/python3.10/dist-packages/airflow/example_dags/example_branch_operator.py
[2023-09-27T11:05:38.972+0000] {processor.py:829} INFO - Processing file /usr/local/lib/python3.10/dist-packages/airflow/example_dags/example_branch_operator.py for tasks to queue
[2023-09-27T11:05:38.973+0000] {logging_mixin.py:151} INFO - [2023-09-27T11:05:38.973+0000] {dagbag.py:539} INFO - Filling up the DagBag from /usr/local/lib/python3.10/dist-packages/airflow/example_dags/example_branch_operator.py
[2023-09-27T11:05:38.985+0000] {processor.py:839} INFO - DAG(s) dict_keys(['example_branch_operator']) retrieved from /usr/local/lib/python3.10/dist-packages/airflow/example_dags/example_branch_operator.py
[2023-09-27T11:05:39.007+0000] {logging_mixin.py:151} INFO - [2023-09-27T11:05:39.007+0000] {dag.py:2915} INFO - Sync 1 DAGs
[2023-09-27T11:05:39.029+0000] {logging_mixin.py:151} INFO - [2023-09-27T11:05:39.029+0000] {dag.py:3696} INFO - Setting next_dagrun for example_branch_operator to 2023-09-26T00:00:00+00:00, run_after=2023-09-27T00:00:00+00:00
[2023-09-27T11:05:39.056+0000] {processor.py:179} INFO - Processing /usr/local/lib/python3.10/dist-packages/airflow/example_dags/example_branch_operator.py took 0.087 seconds
[2023-09-27T11:06:25.998+0000] {processor.py:157} INFO - Started process (PID=4697) to work on /usr/local/lib/python3.10/dist-packages/airflow/example_dags/example_branch_operator.py
[2023-09-27T11:06:26.000+0000] {processor.py:829} INFO - Processing file /usr/local/lib/python3.10/dist-packages/airflow/example_dags/example_branch_operator.py for tasks to queue
[2023-09-27T11:06:26.001+0000] {logging_mixin.py:151} INFO - [2023-09-27T11:06:26.001+0000] {dagbag.py:539} INFO - Filling up the DagBag from /usr/local/lib/python3.10/dist-packages/airflow/example_dags/example_branch_operator.py
[2023-09-27T11:06:26.012+0000] {processor.py:839} INFO - DAG(s) dict_keys(['example_branch_operator']) retrieved from /usr/local/lib/python3.10/dist-packages/airflow/example_dags/example_branch_operator.py
[2023-09-27T11:06:26.032+0000] {logging_mixin.py:151} INFO - [2023-09-27T11:06:26.032+0000] {dag.py:2915} INFO - Sync 1 DAGs
[2023-09-27T11:06:26.066+0000] {logging_mixin.py:151} INFO - [2023-09-27T11:06:26.066+0000] {dag.py:3696} INFO - Setting next_dagrun for example_branch_operator to 2023-09-26T00:00:00+00:00, run_after=2023-09-27T00:00:00+00:00
[2023-09-27T11:06:26.089+0000] {processor.py:179} INFO - Processing /usr/local/lib/python3.10/dist-packages/airflow/example_dags/example_branch_operator.py took 0.095 seconds
[2023-09-27T11:07:16.578+0000] {processor.py:157} INFO - Started process (PID=4750) to work on /usr/local/lib/python3.10/dist-packages/airflow/example_dags/example_branch_operator.py
[2023-09-27T11:07:16.580+0000] {processor.py:829} INFO - Processing file /usr/local/lib/python3.10/dist-packages/airflow/example_dags/example_branch_operator.py for tasks to queue
[2023-09-27T11:07:16.580+0000] {logging_mixin.py:151} INFO - [2023-09-27T11:07:16.580+0000] {dagbag.py:539} INFO - Filling up the DagBag from /usr/local/lib/python3.10/dist-packages/airflow/example_dags/example_branch_operator.py
[2023-09-27T11:07:16.590+0000] {processor.py:839} INFO - DAG(s) dict_keys(['example_branch_operator']) retrieved from /usr/local/lib/python3.10/dist-packages/airflow/example_dags/example_branch_operator.py
[2023-09-27T11:07:16.610+0000] {logging_mixin.py:151} INFO - [2023-09-27T11:07:16.610+0000] {dag.py:2915} INFO - Sync 1 DAGs
[2023-09-27T11:07:16.632+0000] {logging_mixin.py:151} INFO - [2023-09-27T11:07:16.632+0000] {dag.py:3696} INFO - Setting next_dagrun for example_branch_operator to 2023-09-26T00:00:00+00:00, run_after=2023-09-27T00:00:00+00:00
[2023-09-27T11:07:16.654+0000] {processor.py:179} INFO - Processing /usr/local/lib/python3.10/dist-packages/airflow/example_dags/example_branch_operator.py took 0.078 seconds
[2023-09-27T11:08:06.970+0000] {processor.py:157} INFO - Started process (PID=4800) to work on /usr/local/lib/python3.10/dist-packages/airflow/example_dags/example_branch_operator.py
[2023-09-27T11:08:06.971+0000] {processor.py:829} INFO - Processing file /usr/local/lib/python3.10/dist-packages/airflow/example_dags/example_branch_operator.py for tasks to queue
[2023-09-27T11:08:06.972+0000] {logging_mixin.py:151} INFO - [2023-09-27T11:08:06.971+0000] {dagbag.py:539} INFO - Filling up the DagBag from /usr/local/lib/python3.10/dist-packages/airflow/example_dags/example_branch_operator.py
[2023-09-27T11:08:06.982+0000] {processor.py:839} INFO - DAG(s) dict_keys(['example_branch_operator']) retrieved from /usr/local/lib/python3.10/dist-packages/airflow/example_dags/example_branch_operator.py
[2023-09-27T11:08:07.003+0000] {logging_mixin.py:151} INFO - [2023-09-27T11:08:07.003+0000] {dag.py:2915} INFO - Sync 1 DAGs
[2023-09-27T11:08:07.028+0000] {logging_mixin.py:151} INFO - [2023-09-27T11:08:07.028+0000] {dag.py:3696} INFO - Setting next_dagrun for example_branch_operator to 2023-09-26T00:00:00+00:00, run_after=2023-09-27T00:00:00+00:00
[2023-09-27T11:08:07.055+0000] {processor.py:179} INFO - Processing /usr/local/lib/python3.10/dist-packages/airflow/example_dags/example_branch_operator.py took 0.089 seconds
[2023-09-27T11:09:00.662+0000] {processor.py:157} INFO - Started process (PID=4854) to work on /usr/local/lib/python3.10/dist-packages/airflow/example_dags/example_branch_operator.py
[2023-09-27T11:09:00.663+0000] {processor.py:829} INFO - Processing file /usr/local/lib/python3.10/dist-packages/airflow/example_dags/example_branch_operator.py for tasks to queue
[2023-09-27T11:09:00.663+0000] {logging_mixin.py:151} INFO - [2023-09-27T11:09:00.663+0000] {dagbag.py:539} INFO - Filling up the DagBag from /usr/local/lib/python3.10/dist-packages/airflow/example_dags/example_branch_operator.py
[2023-09-27T11:09:00.672+0000] {processor.py:839} INFO - DAG(s) dict_keys(['example_branch_operator']) retrieved from /usr/local/lib/python3.10/dist-packages/airflow/example_dags/example_branch_operator.py
[2023-09-27T11:09:00.691+0000] {logging_mixin.py:151} INFO - [2023-09-27T11:09:00.691+0000] {dag.py:2915} INFO - Sync 1 DAGs
[2023-09-27T11:09:00.725+0000] {logging_mixin.py:151} INFO - [2023-09-27T11:09:00.725+0000] {dag.py:3696} INFO - Setting next_dagrun for example_branch_operator to 2023-09-26T00:00:00+00:00, run_after=2023-09-27T00:00:00+00:00
[2023-09-27T11:09:00.754+0000] {processor.py:179} INFO - Processing /usr/local/lib/python3.10/dist-packages/airflow/example_dags/example_branch_operator.py took 0.096 seconds
[2023-09-27T11:09:46.292+0000] {processor.py:157} INFO - Started process (PID=4904) to work on /usr/local/lib/python3.10/dist-packages/airflow/example_dags/example_branch_operator.py
[2023-09-27T11:09:46.294+0000] {processor.py:829} INFO - Processing file /usr/local/lib/python3.10/dist-packages/airflow/example_dags/example_branch_operator.py for tasks to queue
[2023-09-27T11:09:46.296+0000] {logging_mixin.py:151} INFO - [2023-09-27T11:09:46.295+0000] {dagbag.py:539} INFO - Filling up the DagBag from /usr/local/lib/python3.10/dist-packages/airflow/example_dags/example_branch_operator.py
[2023-09-27T11:09:46.307+0000] {processor.py:839} INFO - DAG(s) dict_keys(['example_branch_operator']) retrieved from /usr/local/lib/python3.10/dist-packages/airflow/example_dags/example_branch_operator.py
[2023-09-27T11:09:46.325+0000] {logging_mixin.py:151} INFO - [2023-09-27T11:09:46.325+0000] {dag.py:2915} INFO - Sync 1 DAGs
[2023-09-27T11:09:46.350+0000] {logging_mixin.py:151} INFO - [2023-09-27T11:09:46.349+0000] {dag.py:3696} INFO - Setting next_dagrun for example_branch_operator to 2023-09-26T00:00:00+00:00, run_after=2023-09-27T00:00:00+00:00
[2023-09-27T11:09:46.373+0000] {processor.py:179} INFO - Processing /usr/local/lib/python3.10/dist-packages/airflow/example_dags/example_branch_operator.py took 0.084 seconds
[2023-09-27T11:10:36.517+0000] {processor.py:157} INFO - Started process (PID=4954) to work on /usr/local/lib/python3.10/dist-packages/airflow/example_dags/example_branch_operator.py
[2023-09-27T11:10:36.519+0000] {processor.py:829} INFO - Processing file /usr/local/lib/python3.10/dist-packages/airflow/example_dags/example_branch_operator.py for tasks to queue
[2023-09-27T11:10:36.519+0000] {logging_mixin.py:151} INFO - [2023-09-27T11:10:36.519+0000] {dagbag.py:539} INFO - Filling up the DagBag from /usr/local/lib/python3.10/dist-packages/airflow/example_dags/example_branch_operator.py
[2023-09-27T11:10:36.529+0000] {processor.py:839} INFO - DAG(s) dict_keys(['example_branch_operator']) retrieved from /usr/local/lib/python3.10/dist-packages/airflow/example_dags/example_branch_operator.py
[2023-09-27T11:10:36.547+0000] {logging_mixin.py:151} INFO - [2023-09-27T11:10:36.547+0000] {dag.py:2915} INFO - Sync 1 DAGs
[2023-09-27T11:10:36.568+0000] {logging_mixin.py:151} INFO - [2023-09-27T11:10:36.567+0000] {dag.py:3696} INFO - Setting next_dagrun for example_branch_operator to 2023-09-26T00:00:00+00:00, run_after=2023-09-27T00:00:00+00:00
[2023-09-27T11:10:36.594+0000] {processor.py:179} INFO - Processing /usr/local/lib/python3.10/dist-packages/airflow/example_dags/example_branch_operator.py took 0.079 seconds
[2023-09-27T11:11:23.304+0000] {processor.py:157} INFO - Started process (PID=5008) to work on /usr/local/lib/python3.10/dist-packages/airflow/example_dags/example_branch_operator.py
[2023-09-27T11:11:23.305+0000] {processor.py:829} INFO - Processing file /usr/local/lib/python3.10/dist-packages/airflow/example_dags/example_branch_operator.py for tasks to queue
[2023-09-27T11:11:23.306+0000] {logging_mixin.py:151} INFO - [2023-09-27T11:11:23.306+0000] {dagbag.py:539} INFO - Filling up the DagBag from /usr/local/lib/python3.10/dist-packages/airflow/example_dags/example_branch_operator.py
[2023-09-27T11:11:23.315+0000] {processor.py:839} INFO - DAG(s) dict_keys(['example_branch_operator']) retrieved from /usr/local/lib/python3.10/dist-packages/airflow/example_dags/example_branch_operator.py
[2023-09-27T11:11:23.335+0000] {logging_mixin.py:151} INFO - [2023-09-27T11:11:23.335+0000] {dag.py:2915} INFO - Sync 1 DAGs
[2023-09-27T11:11:23.363+0000] {logging_mixin.py:151} INFO - [2023-09-27T11:11:23.363+0000] {dag.py:3696} INFO - Setting next_dagrun for example_branch_operator to 2023-09-26T00:00:00+00:00, run_after=2023-09-27T00:00:00+00:00
[2023-09-27T11:11:23.385+0000] {processor.py:179} INFO - Processing /usr/local/lib/python3.10/dist-packages/airflow/example_dags/example_branch_operator.py took 0.084 seconds
[2023-09-27T11:12:14.152+0000] {processor.py:157} INFO - Started process (PID=5059) to work on /usr/local/lib/python3.10/dist-packages/airflow/example_dags/example_branch_operator.py
[2023-09-27T11:12:14.153+0000] {processor.py:829} INFO - Processing file /usr/local/lib/python3.10/dist-packages/airflow/example_dags/example_branch_operator.py for tasks to queue
[2023-09-27T11:12:14.154+0000] {logging_mixin.py:151} INFO - [2023-09-27T11:12:14.154+0000] {dagbag.py:539} INFO - Filling up the DagBag from /usr/local/lib/python3.10/dist-packages/airflow/example_dags/example_branch_operator.py
[2023-09-27T11:12:14.164+0000] {processor.py:839} INFO - DAG(s) dict_keys(['example_branch_operator']) retrieved from /usr/local/lib/python3.10/dist-packages/airflow/example_dags/example_branch_operator.py
[2023-09-27T11:12:14.182+0000] {logging_mixin.py:151} INFO - [2023-09-27T11:12:14.182+0000] {dag.py:2915} INFO - Sync 1 DAGs
[2023-09-27T11:12:14.205+0000] {logging_mixin.py:151} INFO - [2023-09-27T11:12:14.205+0000] {dag.py:3696} INFO - Setting next_dagrun for example_branch_operator to 2023-09-26T00:00:00+00:00, run_after=2023-09-27T00:00:00+00:00
[2023-09-27T11:12:14.227+0000] {processor.py:179} INFO - Processing /usr/local/lib/python3.10/dist-packages/airflow/example_dags/example_branch_operator.py took 0.078 seconds
[2023-09-27T11:13:00.921+0000] {processor.py:157} INFO - Started process (PID=5111) to work on /usr/local/lib/python3.10/dist-packages/airflow/example_dags/example_branch_operator.py
[2023-09-27T11:13:00.922+0000] {processor.py:829} INFO - Processing file /usr/local/lib/python3.10/dist-packages/airflow/example_dags/example_branch_operator.py for tasks to queue
[2023-09-27T11:13:00.923+0000] {logging_mixin.py:151} INFO - [2023-09-27T11:13:00.923+0000] {dagbag.py:539} INFO - Filling up the DagBag from /usr/local/lib/python3.10/dist-packages/airflow/example_dags/example_branch_operator.py
[2023-09-27T11:13:00.933+0000] {processor.py:839} INFO - DAG(s) dict_keys(['example_branch_operator']) retrieved from /usr/local/lib/python3.10/dist-packages/airflow/example_dags/example_branch_operator.py
[2023-09-27T11:13:00.958+0000] {logging_mixin.py:151} INFO - [2023-09-27T11:13:00.957+0000] {dag.py:2915} INFO - Sync 1 DAGs
[2023-09-27T11:13:00.979+0000] {logging_mixin.py:151} INFO - [2023-09-27T11:13:00.979+0000] {dag.py:3696} INFO - Setting next_dagrun for example_branch_operator to 2023-09-26T00:00:00+00:00, run_after=2023-09-27T00:00:00+00:00
[2023-09-27T11:13:01.003+0000] {processor.py:179} INFO - Processing /usr/local/lib/python3.10/dist-packages/airflow/example_dags/example_branch_operator.py took 0.085 seconds
[2023-09-27T11:13:51.110+0000] {processor.py:157} INFO - Started process (PID=5165) to work on /usr/local/lib/python3.10/dist-packages/airflow/example_dags/example_branch_operator.py
[2023-09-27T11:13:51.111+0000] {processor.py:829} INFO - Processing file /usr/local/lib/python3.10/dist-packages/airflow/example_dags/example_branch_operator.py for tasks to queue
[2023-09-27T11:13:51.112+0000] {logging_mixin.py:151} INFO - [2023-09-27T11:13:51.112+0000] {dagbag.py:539} INFO - Filling up the DagBag from /usr/local/lib/python3.10/dist-packages/airflow/example_dags/example_branch_operator.py
[2023-09-27T11:13:51.123+0000] {processor.py:839} INFO - DAG(s) dict_keys(['example_branch_operator']) retrieved from /usr/local/lib/python3.10/dist-packages/airflow/example_dags/example_branch_operator.py
[2023-09-27T11:13:51.143+0000] {logging_mixin.py:151} INFO - [2023-09-27T11:13:51.142+0000] {dag.py:2915} INFO - Sync 1 DAGs
[2023-09-27T11:13:51.168+0000] {logging_mixin.py:151} INFO - [2023-09-27T11:13:51.167+0000] {dag.py:3696} INFO - Setting next_dagrun for example_branch_operator to 2023-09-26T00:00:00+00:00, run_after=2023-09-27T00:00:00+00:00
[2023-09-27T11:13:51.191+0000] {processor.py:179} INFO - Processing /usr/local/lib/python3.10/dist-packages/airflow/example_dags/example_branch_operator.py took 0.085 seconds
[2023-09-27T11:14:41.653+0000] {processor.py:157} INFO - Started process (PID=5217) to work on /usr/local/lib/python3.10/dist-packages/airflow/example_dags/example_branch_operator.py
[2023-09-27T11:14:41.654+0000] {processor.py:829} INFO - Processing file /usr/local/lib/python3.10/dist-packages/airflow/example_dags/example_branch_operator.py for tasks to queue
[2023-09-27T11:14:41.655+0000] {logging_mixin.py:151} INFO - [2023-09-27T11:14:41.655+0000] {dagbag.py:539} INFO - Filling up the DagBag from /usr/local/lib/python3.10/dist-packages/airflow/example_dags/example_branch_operator.py
[2023-09-27T11:14:41.665+0000] {processor.py:839} INFO - DAG(s) dict_keys(['example_branch_operator']) retrieved from /usr/local/lib/python3.10/dist-packages/airflow/example_dags/example_branch_operator.py
[2023-09-27T11:14:41.686+0000] {logging_mixin.py:151} INFO - [2023-09-27T11:14:41.685+0000] {dag.py:2915} INFO - Sync 1 DAGs
[2023-09-27T11:14:41.709+0000] {logging_mixin.py:151} INFO - [2023-09-27T11:14:41.709+0000] {dag.py:3696} INFO - Setting next_dagrun for example_branch_operator to 2023-09-26T00:00:00+00:00, run_after=2023-09-27T00:00:00+00:00
[2023-09-27T11:14:41.734+0000] {processor.py:179} INFO - Processing /usr/local/lib/python3.10/dist-packages/airflow/example_dags/example_branch_operator.py took 0.084 seconds
[2023-09-27T11:15:32.893+0000] {processor.py:157} INFO - Started process (PID=5270) to work on /usr/local/lib/python3.10/dist-packages/airflow/example_dags/example_branch_operator.py
[2023-09-27T11:15:32.894+0000] {processor.py:829} INFO - Processing file /usr/local/lib/python3.10/dist-packages/airflow/example_dags/example_branch_operator.py for tasks to queue
[2023-09-27T11:15:32.894+0000] {logging_mixin.py:151} INFO - [2023-09-27T11:15:32.894+0000] {dagbag.py:539} INFO - Filling up the DagBag from /usr/local/lib/python3.10/dist-packages/airflow/example_dags/example_branch_operator.py
[2023-09-27T11:15:32.903+0000] {processor.py:839} INFO - DAG(s) dict_keys(['example_branch_operator']) retrieved from /usr/local/lib/python3.10/dist-packages/airflow/example_dags/example_branch_operator.py
[2023-09-27T11:15:32.921+0000] {logging_mixin.py:151} INFO - [2023-09-27T11:15:32.921+0000] {dag.py:2915} INFO - Sync 1 DAGs
[2023-09-27T11:15:32.941+0000] {logging_mixin.py:151} INFO - [2023-09-27T11:15:32.941+0000] {dag.py:3696} INFO - Setting next_dagrun for example_branch_operator to 2023-09-26T00:00:00+00:00, run_after=2023-09-27T00:00:00+00:00
[2023-09-27T11:15:32.961+0000] {processor.py:179} INFO - Processing /usr/local/lib/python3.10/dist-packages/airflow/example_dags/example_branch_operator.py took 0.071 seconds
[2023-09-27T11:16:23.492+0000] {processor.py:157} INFO - Started process (PID=5322) to work on /usr/local/lib/python3.10/dist-packages/airflow/example_dags/example_branch_operator.py
[2023-09-27T11:16:23.493+0000] {processor.py:829} INFO - Processing file /usr/local/lib/python3.10/dist-packages/airflow/example_dags/example_branch_operator.py for tasks to queue
[2023-09-27T11:16:23.494+0000] {logging_mixin.py:151} INFO - [2023-09-27T11:16:23.493+0000] {dagbag.py:539} INFO - Filling up the DagBag from /usr/local/lib/python3.10/dist-packages/airflow/example_dags/example_branch_operator.py
[2023-09-27T11:16:23.502+0000] {processor.py:839} INFO - DAG(s) dict_keys(['example_branch_operator']) retrieved from /usr/local/lib/python3.10/dist-packages/airflow/example_dags/example_branch_operator.py
[2023-09-27T11:16:23.521+0000] {logging_mixin.py:151} INFO - [2023-09-27T11:16:23.521+0000] {dag.py:2915} INFO - Sync 1 DAGs
[2023-09-27T11:16:23.543+0000] {logging_mixin.py:151} INFO - [2023-09-27T11:16:23.543+0000] {dag.py:3696} INFO - Setting next_dagrun for example_branch_operator to 2023-09-26T00:00:00+00:00, run_after=2023-09-27T00:00:00+00:00
[2023-09-27T11:16:23.576+0000] {processor.py:179} INFO - Processing /usr/local/lib/python3.10/dist-packages/airflow/example_dags/example_branch_operator.py took 0.087 seconds
[2023-09-27T11:17:13.823+0000] {processor.py:157} INFO - Started process (PID=5378) to work on /usr/local/lib/python3.10/dist-packages/airflow/example_dags/example_branch_operator.py
[2023-09-27T11:17:13.824+0000] {processor.py:829} INFO - Processing file /usr/local/lib/python3.10/dist-packages/airflow/example_dags/example_branch_operator.py for tasks to queue
[2023-09-27T11:17:13.825+0000] {logging_mixin.py:151} INFO - [2023-09-27T11:17:13.824+0000] {dagbag.py:539} INFO - Filling up the DagBag from /usr/local/lib/python3.10/dist-packages/airflow/example_dags/example_branch_operator.py
[2023-09-27T11:17:13.837+0000] {processor.py:839} INFO - DAG(s) dict_keys(['example_branch_operator']) retrieved from /usr/local/lib/python3.10/dist-packages/airflow/example_dags/example_branch_operator.py
[2023-09-27T11:17:13.857+0000] {logging_mixin.py:151} INFO - [2023-09-27T11:17:13.857+0000] {dag.py:2915} INFO - Sync 1 DAGs
[2023-09-27T11:17:13.880+0000] {logging_mixin.py:151} INFO - [2023-09-27T11:17:13.880+0000] {dag.py:3696} INFO - Setting next_dagrun for example_branch_operator to 2023-09-26T00:00:00+00:00, run_after=2023-09-27T00:00:00+00:00
[2023-09-27T11:17:13.910+0000] {processor.py:179} INFO - Processing /usr/local/lib/python3.10/dist-packages/airflow/example_dags/example_branch_operator.py took 0.091 seconds
[2023-09-27T11:18:04.741+0000] {processor.py:157} INFO - Started process (PID=5434) to work on /usr/local/lib/python3.10/dist-packages/airflow/example_dags/example_branch_operator.py
[2023-09-27T11:18:04.742+0000] {processor.py:829} INFO - Processing file /usr/local/lib/python3.10/dist-packages/airflow/example_dags/example_branch_operator.py for tasks to queue
[2023-09-27T11:18:04.744+0000] {logging_mixin.py:151} INFO - [2023-09-27T11:18:04.743+0000] {dagbag.py:539} INFO - Filling up the DagBag from /usr/local/lib/python3.10/dist-packages/airflow/example_dags/example_branch_operator.py
[2023-09-27T11:18:04.757+0000] {processor.py:839} INFO - DAG(s) dict_keys(['example_branch_operator']) retrieved from /usr/local/lib/python3.10/dist-packages/airflow/example_dags/example_branch_operator.py
[2023-09-27T11:18:04.786+0000] {logging_mixin.py:151} INFO - [2023-09-27T11:18:04.786+0000] {dag.py:2915} INFO - Sync 1 DAGs
[2023-09-27T11:18:04.809+0000] {logging_mixin.py:151} INFO - [2023-09-27T11:18:04.809+0000] {dag.py:3696} INFO - Setting next_dagrun for example_branch_operator to 2023-09-26T00:00:00+00:00, run_after=2023-09-27T00:00:00+00:00
[2023-09-27T11:18:04.838+0000] {processor.py:179} INFO - Processing /usr/local/lib/python3.10/dist-packages/airflow/example_dags/example_branch_operator.py took 0.102 seconds
[2023-09-27T11:18:53.946+0000] {processor.py:157} INFO - Started process (PID=5486) to work on /usr/local/lib/python3.10/dist-packages/airflow/example_dags/example_branch_operator.py
[2023-09-27T11:18:53.947+0000] {processor.py:829} INFO - Processing file /usr/local/lib/python3.10/dist-packages/airflow/example_dags/example_branch_operator.py for tasks to queue
[2023-09-27T11:18:53.948+0000] {logging_mixin.py:151} INFO - [2023-09-27T11:18:53.947+0000] {dagbag.py:539} INFO - Filling up the DagBag from /usr/local/lib/python3.10/dist-packages/airflow/example_dags/example_branch_operator.py
[2023-09-27T11:18:53.957+0000] {processor.py:839} INFO - DAG(s) dict_keys(['example_branch_operator']) retrieved from /usr/local/lib/python3.10/dist-packages/airflow/example_dags/example_branch_operator.py
[2023-09-27T11:18:53.975+0000] {logging_mixin.py:151} INFO - [2023-09-27T11:18:53.975+0000] {dag.py:2915} INFO - Sync 1 DAGs
[2023-09-27T11:18:53.994+0000] {logging_mixin.py:151} INFO - [2023-09-27T11:18:53.994+0000] {dag.py:3696} INFO - Setting next_dagrun for example_branch_operator to 2023-09-26T00:00:00+00:00, run_after=2023-09-27T00:00:00+00:00
[2023-09-27T11:18:54.020+0000] {processor.py:179} INFO - Processing /usr/local/lib/python3.10/dist-packages/airflow/example_dags/example_branch_operator.py took 0.078 seconds
[2023-09-27T11:19:43.429+0000] {processor.py:157} INFO - Started process (PID=5538) to work on /usr/local/lib/python3.10/dist-packages/airflow/example_dags/example_branch_operator.py
[2023-09-27T11:19:43.430+0000] {processor.py:829} INFO - Processing file /usr/local/lib/python3.10/dist-packages/airflow/example_dags/example_branch_operator.py for tasks to queue
[2023-09-27T11:19:43.431+0000] {logging_mixin.py:151} INFO - [2023-09-27T11:19:43.430+0000] {dagbag.py:539} INFO - Filling up the DagBag from /usr/local/lib/python3.10/dist-packages/airflow/example_dags/example_branch_operator.py
[2023-09-27T11:19:43.439+0000] {processor.py:839} INFO - DAG(s) dict_keys(['example_branch_operator']) retrieved from /usr/local/lib/python3.10/dist-packages/airflow/example_dags/example_branch_operator.py
[2023-09-27T11:19:43.458+0000] {logging_mixin.py:151} INFO - [2023-09-27T11:19:43.458+0000] {dag.py:2915} INFO - Sync 1 DAGs
[2023-09-27T11:19:43.478+0000] {logging_mixin.py:151} INFO - [2023-09-27T11:19:43.477+0000] {dag.py:3696} INFO - Setting next_dagrun for example_branch_operator to 2023-09-26T00:00:00+00:00, run_after=2023-09-27T00:00:00+00:00
[2023-09-27T11:19:43.498+0000] {processor.py:179} INFO - Processing /usr/local/lib/python3.10/dist-packages/airflow/example_dags/example_branch_operator.py took 0.072 seconds
[2023-09-27T11:20:37.053+0000] {processor.py:157} INFO - Started process (PID=5595) to work on /usr/local/lib/python3.10/dist-packages/airflow/example_dags/example_branch_operator.py
[2023-09-27T11:20:37.055+0000] {processor.py:829} INFO - Processing file /usr/local/lib/python3.10/dist-packages/airflow/example_dags/example_branch_operator.py for tasks to queue
[2023-09-27T11:20:37.056+0000] {logging_mixin.py:151} INFO - [2023-09-27T11:20:37.056+0000] {dagbag.py:539} INFO - Filling up the DagBag from /usr/local/lib/python3.10/dist-packages/airflow/example_dags/example_branch_operator.py
[2023-09-27T11:20:37.069+0000] {processor.py:839} INFO - DAG(s) dict_keys(['example_branch_operator']) retrieved from /usr/local/lib/python3.10/dist-packages/airflow/example_dags/example_branch_operator.py
[2023-09-27T11:20:37.099+0000] {logging_mixin.py:151} INFO - [2023-09-27T11:20:37.099+0000] {dag.py:2915} INFO - Sync 1 DAGs
[2023-09-27T11:20:37.123+0000] {logging_mixin.py:151} INFO - [2023-09-27T11:20:37.123+0000] {dag.py:3696} INFO - Setting next_dagrun for example_branch_operator to 2023-09-26T00:00:00+00:00, run_after=2023-09-27T00:00:00+00:00
[2023-09-27T11:20:37.159+0000] {processor.py:179} INFO - Processing /usr/local/lib/python3.10/dist-packages/airflow/example_dags/example_branch_operator.py took 0.109 seconds
[2023-09-27T11:21:28.418+0000] {processor.py:157} INFO - Started process (PID=5649) to work on /usr/local/lib/python3.10/dist-packages/airflow/example_dags/example_branch_operator.py
[2023-09-27T11:21:28.420+0000] {processor.py:829} INFO - Processing file /usr/local/lib/python3.10/dist-packages/airflow/example_dags/example_branch_operator.py for tasks to queue
[2023-09-27T11:21:28.421+0000] {logging_mixin.py:151} INFO - [2023-09-27T11:21:28.420+0000] {dagbag.py:539} INFO - Filling up the DagBag from /usr/local/lib/python3.10/dist-packages/airflow/example_dags/example_branch_operator.py
[2023-09-27T11:21:28.431+0000] {processor.py:839} INFO - DAG(s) dict_keys(['example_branch_operator']) retrieved from /usr/local/lib/python3.10/dist-packages/airflow/example_dags/example_branch_operator.py
[2023-09-27T11:21:28.453+0000] {logging_mixin.py:151} INFO - [2023-09-27T11:21:28.452+0000] {dag.py:2915} INFO - Sync 1 DAGs
[2023-09-27T11:21:28.485+0000] {logging_mixin.py:151} INFO - [2023-09-27T11:21:28.478+0000] {dag.py:3696} INFO - Setting next_dagrun for example_branch_operator to 2023-09-26T00:00:00+00:00, run_after=2023-09-27T00:00:00+00:00
[2023-09-27T11:21:28.510+0000] {processor.py:179} INFO - Processing /usr/local/lib/python3.10/dist-packages/airflow/example_dags/example_branch_operator.py took 0.095 seconds
[2023-09-27T11:22:18.800+0000] {processor.py:157} INFO - Started process (PID=5704) to work on /usr/local/lib/python3.10/dist-packages/airflow/example_dags/example_branch_operator.py
[2023-09-27T11:22:18.804+0000] {processor.py:829} INFO - Processing file /usr/local/lib/python3.10/dist-packages/airflow/example_dags/example_branch_operator.py for tasks to queue
[2023-09-27T11:22:18.805+0000] {logging_mixin.py:151} INFO - [2023-09-27T11:22:18.804+0000] {dagbag.py:539} INFO - Filling up the DagBag from /usr/local/lib/python3.10/dist-packages/airflow/example_dags/example_branch_operator.py
[2023-09-27T11:22:18.816+0000] {processor.py:839} INFO - DAG(s) dict_keys(['example_branch_operator']) retrieved from /usr/local/lib/python3.10/dist-packages/airflow/example_dags/example_branch_operator.py
[2023-09-27T11:22:18.834+0000] {logging_mixin.py:151} INFO - [2023-09-27T11:22:18.834+0000] {dag.py:2915} INFO - Sync 1 DAGs
[2023-09-27T11:22:18.854+0000] {logging_mixin.py:151} INFO - [2023-09-27T11:22:18.854+0000] {dag.py:3696} INFO - Setting next_dagrun for example_branch_operator to 2023-09-26T00:00:00+00:00, run_after=2023-09-27T00:00:00+00:00
[2023-09-27T11:22:18.874+0000] {processor.py:179} INFO - Processing /usr/local/lib/python3.10/dist-packages/airflow/example_dags/example_branch_operator.py took 0.079 seconds
[2023-09-27T11:23:07.960+0000] {processor.py:157} INFO - Started process (PID=5756) to work on /usr/local/lib/python3.10/dist-packages/airflow/example_dags/example_branch_operator.py
[2023-09-27T11:23:07.961+0000] {processor.py:829} INFO - Processing file /usr/local/lib/python3.10/dist-packages/airflow/example_dags/example_branch_operator.py for tasks to queue
[2023-09-27T11:23:07.963+0000] {logging_mixin.py:151} INFO - [2023-09-27T11:23:07.962+0000] {dagbag.py:539} INFO - Filling up the DagBag from /usr/local/lib/python3.10/dist-packages/airflow/example_dags/example_branch_operator.py
[2023-09-27T11:23:07.976+0000] {processor.py:839} INFO - DAG(s) dict_keys(['example_branch_operator']) retrieved from /usr/local/lib/python3.10/dist-packages/airflow/example_dags/example_branch_operator.py
[2023-09-27T11:23:08.000+0000] {logging_mixin.py:151} INFO - [2023-09-27T11:23:08.000+0000] {dag.py:2915} INFO - Sync 1 DAGs
[2023-09-27T11:23:08.034+0000] {logging_mixin.py:151} INFO - [2023-09-27T11:23:08.034+0000] {dag.py:3696} INFO - Setting next_dagrun for example_branch_operator to 2023-09-26T00:00:00+00:00, run_after=2023-09-27T00:00:00+00:00
[2023-09-27T11:23:08.056+0000] {processor.py:179} INFO - Processing /usr/local/lib/python3.10/dist-packages/airflow/example_dags/example_branch_operator.py took 0.101 seconds
[2023-09-27T11:23:58.939+0000] {processor.py:157} INFO - Started process (PID=5809) to work on /usr/local/lib/python3.10/dist-packages/airflow/example_dags/example_branch_operator.py
[2023-09-27T11:23:58.940+0000] {processor.py:829} INFO - Processing file /usr/local/lib/python3.10/dist-packages/airflow/example_dags/example_branch_operator.py for tasks to queue
[2023-09-27T11:23:58.941+0000] {logging_mixin.py:151} INFO - [2023-09-27T11:23:58.941+0000] {dagbag.py:539} INFO - Filling up the DagBag from /usr/local/lib/python3.10/dist-packages/airflow/example_dags/example_branch_operator.py
[2023-09-27T11:23:58.951+0000] {processor.py:839} INFO - DAG(s) dict_keys(['example_branch_operator']) retrieved from /usr/local/lib/python3.10/dist-packages/airflow/example_dags/example_branch_operator.py
[2023-09-27T11:23:58.973+0000] {logging_mixin.py:151} INFO - [2023-09-27T11:23:58.973+0000] {dag.py:2915} INFO - Sync 1 DAGs
[2023-09-27T11:23:58.994+0000] {logging_mixin.py:151} INFO - [2023-09-27T11:23:58.993+0000] {dag.py:3696} INFO - Setting next_dagrun for example_branch_operator to 2023-09-26T00:00:00+00:00, run_after=2023-09-27T00:00:00+00:00
[2023-09-27T11:23:59.019+0000] {processor.py:179} INFO - Processing /usr/local/lib/python3.10/dist-packages/airflow/example_dags/example_branch_operator.py took 0.084 seconds
[2023-09-27T11:24:49.911+0000] {processor.py:157} INFO - Started process (PID=5861) to work on /usr/local/lib/python3.10/dist-packages/airflow/example_dags/example_branch_operator.py
[2023-09-27T11:24:49.912+0000] {processor.py:829} INFO - Processing file /usr/local/lib/python3.10/dist-packages/airflow/example_dags/example_branch_operator.py for tasks to queue
[2023-09-27T11:24:49.913+0000] {logging_mixin.py:151} INFO - [2023-09-27T11:24:49.913+0000] {dagbag.py:539} INFO - Filling up the DagBag from /usr/local/lib/python3.10/dist-packages/airflow/example_dags/example_branch_operator.py
[2023-09-27T11:24:49.926+0000] {processor.py:839} INFO - DAG(s) dict_keys(['example_branch_operator']) retrieved from /usr/local/lib/python3.10/dist-packages/airflow/example_dags/example_branch_operator.py
[2023-09-27T11:24:49.946+0000] {logging_mixin.py:151} INFO - [2023-09-27T11:24:49.946+0000] {dag.py:2915} INFO - Sync 1 DAGs
[2023-09-27T11:24:49.969+0000] {logging_mixin.py:151} INFO - [2023-09-27T11:24:49.969+0000] {dag.py:3696} INFO - Setting next_dagrun for example_branch_operator to 2023-09-26T00:00:00+00:00, run_after=2023-09-27T00:00:00+00:00
[2023-09-27T11:24:49.991+0000] {processor.py:179} INFO - Processing /usr/local/lib/python3.10/dist-packages/airflow/example_dags/example_branch_operator.py took 0.084 seconds
[2023-09-27T11:25:43.319+0000] {processor.py:157} INFO - Started process (PID=5916) to work on /usr/local/lib/python3.10/dist-packages/airflow/example_dags/example_branch_operator.py
[2023-09-27T11:25:43.321+0000] {processor.py:829} INFO - Processing file /usr/local/lib/python3.10/dist-packages/airflow/example_dags/example_branch_operator.py for tasks to queue
[2023-09-27T11:25:43.322+0000] {logging_mixin.py:151} INFO - [2023-09-27T11:25:43.321+0000] {dagbag.py:539} INFO - Filling up the DagBag from /usr/local/lib/python3.10/dist-packages/airflow/example_dags/example_branch_operator.py
[2023-09-27T11:25:43.334+0000] {processor.py:839} INFO - DAG(s) dict_keys(['example_branch_operator']) retrieved from /usr/local/lib/python3.10/dist-packages/airflow/example_dags/example_branch_operator.py
[2023-09-27T11:25:43.355+0000] {logging_mixin.py:151} INFO - [2023-09-27T11:25:43.355+0000] {dag.py:2915} INFO - Sync 1 DAGs
[2023-09-27T11:25:43.376+0000] {logging_mixin.py:151} INFO - [2023-09-27T11:25:43.376+0000] {dag.py:3696} INFO - Setting next_dagrun for example_branch_operator to 2023-09-26T00:00:00+00:00, run_after=2023-09-27T00:00:00+00:00
[2023-09-27T11:25:43.420+0000] {processor.py:179} INFO - Processing /usr/local/lib/python3.10/dist-packages/airflow/example_dags/example_branch_operator.py took 0.105 seconds
[2023-09-27T11:26:37.682+0000] {processor.py:157} INFO - Started process (PID=5975) to work on /usr/local/lib/python3.10/dist-packages/airflow/example_dags/example_branch_operator.py
[2023-09-27T11:26:37.684+0000] {processor.py:829} INFO - Processing file /usr/local/lib/python3.10/dist-packages/airflow/example_dags/example_branch_operator.py for tasks to queue
[2023-09-27T11:26:37.685+0000] {logging_mixin.py:151} INFO - [2023-09-27T11:26:37.684+0000] {dagbag.py:539} INFO - Filling up the DagBag from /usr/local/lib/python3.10/dist-packages/airflow/example_dags/example_branch_operator.py
[2023-09-27T11:26:37.695+0000] {processor.py:839} INFO - DAG(s) dict_keys(['example_branch_operator']) retrieved from /usr/local/lib/python3.10/dist-packages/airflow/example_dags/example_branch_operator.py
[2023-09-27T11:26:37.717+0000] {logging_mixin.py:151} INFO - [2023-09-27T11:26:37.717+0000] {dag.py:2915} INFO - Sync 1 DAGs
[2023-09-27T11:26:37.745+0000] {logging_mixin.py:151} INFO - [2023-09-27T11:26:37.745+0000] {dag.py:3696} INFO - Setting next_dagrun for example_branch_operator to 2023-09-26T00:00:00+00:00, run_after=2023-09-27T00:00:00+00:00
[2023-09-27T11:26:37.769+0000] {processor.py:179} INFO - Processing /usr/local/lib/python3.10/dist-packages/airflow/example_dags/example_branch_operator.py took 0.091 seconds
[2023-09-27T11:27:24.865+0000] {processor.py:157} INFO - Started process (PID=6028) to work on /usr/local/lib/python3.10/dist-packages/airflow/example_dags/example_branch_operator.py
[2023-09-27T11:27:24.866+0000] {processor.py:829} INFO - Processing file /usr/local/lib/python3.10/dist-packages/airflow/example_dags/example_branch_operator.py for tasks to queue
[2023-09-27T11:27:24.867+0000] {logging_mixin.py:151} INFO - [2023-09-27T11:27:24.867+0000] {dagbag.py:539} INFO - Filling up the DagBag from /usr/local/lib/python3.10/dist-packages/airflow/example_dags/example_branch_operator.py
[2023-09-27T11:27:24.877+0000] {processor.py:839} INFO - DAG(s) dict_keys(['example_branch_operator']) retrieved from /usr/local/lib/python3.10/dist-packages/airflow/example_dags/example_branch_operator.py
[2023-09-27T11:27:24.895+0000] {logging_mixin.py:151} INFO - [2023-09-27T11:27:24.895+0000] {dag.py:2915} INFO - Sync 1 DAGs
[2023-09-27T11:27:24.917+0000] {logging_mixin.py:151} INFO - [2023-09-27T11:27:24.917+0000] {dag.py:3696} INFO - Setting next_dagrun for example_branch_operator to 2023-09-26T00:00:00+00:00, run_after=2023-09-27T00:00:00+00:00
[2023-09-27T11:27:24.941+0000] {processor.py:179} INFO - Processing /usr/local/lib/python3.10/dist-packages/airflow/example_dags/example_branch_operator.py took 0.079 seconds
[2023-09-27T11:28:15.008+0000] {processor.py:157} INFO - Started process (PID=6082) to work on /usr/local/lib/python3.10/dist-packages/airflow/example_dags/example_branch_operator.py
[2023-09-27T11:28:15.009+0000] {processor.py:829} INFO - Processing file /usr/local/lib/python3.10/dist-packages/airflow/example_dags/example_branch_operator.py for tasks to queue
[2023-09-27T11:28:15.010+0000] {logging_mixin.py:151} INFO - [2023-09-27T11:28:15.010+0000] {dagbag.py:539} INFO - Filling up the DagBag from /usr/local/lib/python3.10/dist-packages/airflow/example_dags/example_branch_operator.py
[2023-09-27T11:28:15.021+0000] {processor.py:839} INFO - DAG(s) dict_keys(['example_branch_operator']) retrieved from /usr/local/lib/python3.10/dist-packages/airflow/example_dags/example_branch_operator.py
[2023-09-27T11:28:15.041+0000] {logging_mixin.py:151} INFO - [2023-09-27T11:28:15.040+0000] {dag.py:2915} INFO - Sync 1 DAGs
[2023-09-27T11:28:15.065+0000] {logging_mixin.py:151} INFO - [2023-09-27T11:28:15.065+0000] {dag.py:3696} INFO - Setting next_dagrun for example_branch_operator to 2023-09-26T00:00:00+00:00, run_after=2023-09-27T00:00:00+00:00
[2023-09-27T11:28:15.088+0000] {processor.py:179} INFO - Processing /usr/local/lib/python3.10/dist-packages/airflow/example_dags/example_branch_operator.py took 0.083 seconds
[2023-09-27T11:29:02.803+0000] {processor.py:157} INFO - Started process (PID=6134) to work on /usr/local/lib/python3.10/dist-packages/airflow/example_dags/example_branch_operator.py
[2023-09-27T11:29:02.806+0000] {processor.py:829} INFO - Processing file /usr/local/lib/python3.10/dist-packages/airflow/example_dags/example_branch_operator.py for tasks to queue
[2023-09-27T11:29:02.807+0000] {logging_mixin.py:151} INFO - [2023-09-27T11:29:02.806+0000] {dagbag.py:539} INFO - Filling up the DagBag from /usr/local/lib/python3.10/dist-packages/airflow/example_dags/example_branch_operator.py
[2023-09-27T11:29:02.817+0000] {processor.py:839} INFO - DAG(s) dict_keys(['example_branch_operator']) retrieved from /usr/local/lib/python3.10/dist-packages/airflow/example_dags/example_branch_operator.py
[2023-09-27T11:29:02.837+0000] {logging_mixin.py:151} INFO - [2023-09-27T11:29:02.836+0000] {dag.py:2915} INFO - Sync 1 DAGs
[2023-09-27T11:29:02.868+0000] {logging_mixin.py:151} INFO - [2023-09-27T11:29:02.868+0000] {dag.py:3696} INFO - Setting next_dagrun for example_branch_operator to 2023-09-26T00:00:00+00:00, run_after=2023-09-27T00:00:00+00:00
[2023-09-27T11:29:02.898+0000] {processor.py:179} INFO - Processing /usr/local/lib/python3.10/dist-packages/airflow/example_dags/example_branch_operator.py took 0.100 seconds
[2023-09-27T11:29:54.687+0000] {processor.py:157} INFO - Started process (PID=6189) to work on /usr/local/lib/python3.10/dist-packages/airflow/example_dags/example_branch_operator.py
[2023-09-27T11:29:54.689+0000] {processor.py:829} INFO - Processing file /usr/local/lib/python3.10/dist-packages/airflow/example_dags/example_branch_operator.py for tasks to queue
[2023-09-27T11:29:54.690+0000] {logging_mixin.py:151} INFO - [2023-09-27T11:29:54.690+0000] {dagbag.py:539} INFO - Filling up the DagBag from /usr/local/lib/python3.10/dist-packages/airflow/example_dags/example_branch_operator.py
[2023-09-27T11:29:54.700+0000] {processor.py:839} INFO - DAG(s) dict_keys(['example_branch_operator']) retrieved from /usr/local/lib/python3.10/dist-packages/airflow/example_dags/example_branch_operator.py
[2023-09-27T11:29:54.725+0000] {logging_mixin.py:151} INFO - [2023-09-27T11:29:54.724+0000] {dag.py:2915} INFO - Sync 1 DAGs
[2023-09-27T11:29:54.746+0000] {logging_mixin.py:151} INFO - [2023-09-27T11:29:54.746+0000] {dag.py:3696} INFO - Setting next_dagrun for example_branch_operator to 2023-09-26T00:00:00+00:00, run_after=2023-09-27T00:00:00+00:00
[2023-09-27T11:29:54.770+0000] {processor.py:179} INFO - Processing /usr/local/lib/python3.10/dist-packages/airflow/example_dags/example_branch_operator.py took 0.087 seconds
[2023-09-27T11:30:43.940+0000] {processor.py:157} INFO - Started process (PID=6241) to work on /usr/local/lib/python3.10/dist-packages/airflow/example_dags/example_branch_operator.py
[2023-09-27T11:30:43.942+0000] {processor.py:829} INFO - Processing file /usr/local/lib/python3.10/dist-packages/airflow/example_dags/example_branch_operator.py for tasks to queue
[2023-09-27T11:30:43.943+0000] {logging_mixin.py:151} INFO - [2023-09-27T11:30:43.942+0000] {dagbag.py:539} INFO - Filling up the DagBag from /usr/local/lib/python3.10/dist-packages/airflow/example_dags/example_branch_operator.py
[2023-09-27T11:30:43.951+0000] {processor.py:839} INFO - DAG(s) dict_keys(['example_branch_operator']) retrieved from /usr/local/lib/python3.10/dist-packages/airflow/example_dags/example_branch_operator.py
[2023-09-27T11:30:43.969+0000] {logging_mixin.py:151} INFO - [2023-09-27T11:30:43.969+0000] {dag.py:2915} INFO - Sync 1 DAGs
[2023-09-27T11:30:43.991+0000] {logging_mixin.py:151} INFO - [2023-09-27T11:30:43.990+0000] {dag.py:3696} INFO - Setting next_dagrun for example_branch_operator to 2023-09-26T00:00:00+00:00, run_after=2023-09-27T00:00:00+00:00
[2023-09-27T11:30:44.030+0000] {processor.py:179} INFO - Processing /usr/local/lib/python3.10/dist-packages/airflow/example_dags/example_branch_operator.py took 0.093 seconds
[2023-09-27T11:31:32.763+0000] {processor.py:157} INFO - Started process (PID=6295) to work on /usr/local/lib/python3.10/dist-packages/airflow/example_dags/example_branch_operator.py
[2023-09-27T11:31:32.765+0000] {processor.py:829} INFO - Processing file /usr/local/lib/python3.10/dist-packages/airflow/example_dags/example_branch_operator.py for tasks to queue
[2023-09-27T11:31:32.766+0000] {logging_mixin.py:151} INFO - [2023-09-27T11:31:32.766+0000] {dagbag.py:539} INFO - Filling up the DagBag from /usr/local/lib/python3.10/dist-packages/airflow/example_dags/example_branch_operator.py
[2023-09-27T11:31:32.778+0000] {processor.py:839} INFO - DAG(s) dict_keys(['example_branch_operator']) retrieved from /usr/local/lib/python3.10/dist-packages/airflow/example_dags/example_branch_operator.py
[2023-09-27T11:31:32.799+0000] {logging_mixin.py:151} INFO - [2023-09-27T11:31:32.799+0000] {dag.py:2915} INFO - Sync 1 DAGs
[2023-09-27T11:31:32.830+0000] {logging_mixin.py:151} INFO - [2023-09-27T11:31:32.829+0000] {dag.py:3696} INFO - Setting next_dagrun for example_branch_operator to 2023-09-26T00:00:00+00:00, run_after=2023-09-27T00:00:00+00:00
[2023-09-27T11:31:32.856+0000] {processor.py:179} INFO - Processing /usr/local/lib/python3.10/dist-packages/airflow/example_dags/example_branch_operator.py took 0.096 seconds
[2023-09-27T11:32:19.483+0000] {processor.py:157} INFO - Started process (PID=6346) to work on /usr/local/lib/python3.10/dist-packages/airflow/example_dags/example_branch_operator.py
[2023-09-27T11:32:19.484+0000] {processor.py:829} INFO - Processing file /usr/local/lib/python3.10/dist-packages/airflow/example_dags/example_branch_operator.py for tasks to queue
[2023-09-27T11:32:19.485+0000] {logging_mixin.py:151} INFO - [2023-09-27T11:32:19.484+0000] {dagbag.py:539} INFO - Filling up the DagBag from /usr/local/lib/python3.10/dist-packages/airflow/example_dags/example_branch_operator.py
[2023-09-27T11:32:19.494+0000] {processor.py:839} INFO - DAG(s) dict_keys(['example_branch_operator']) retrieved from /usr/local/lib/python3.10/dist-packages/airflow/example_dags/example_branch_operator.py
[2023-09-27T11:32:19.512+0000] {logging_mixin.py:151} INFO - [2023-09-27T11:32:19.512+0000] {dag.py:2915} INFO - Sync 1 DAGs
[2023-09-27T11:32:19.531+0000] {logging_mixin.py:151} INFO - [2023-09-27T11:32:19.530+0000] {dag.py:3696} INFO - Setting next_dagrun for example_branch_operator to 2023-09-26T00:00:00+00:00, run_after=2023-09-27T00:00:00+00:00
[2023-09-27T11:32:19.550+0000] {processor.py:179} INFO - Processing /usr/local/lib/python3.10/dist-packages/airflow/example_dags/example_branch_operator.py took 0.070 seconds
[2023-09-27T11:33:03.742+0000] {processor.py:157} INFO - Started process (PID=6396) to work on /usr/local/lib/python3.10/dist-packages/airflow/example_dags/example_branch_operator.py
[2023-09-27T11:33:03.744+0000] {processor.py:829} INFO - Processing file /usr/local/lib/python3.10/dist-packages/airflow/example_dags/example_branch_operator.py for tasks to queue
[2023-09-27T11:33:03.746+0000] {logging_mixin.py:151} INFO - [2023-09-27T11:33:03.746+0000] {dagbag.py:539} INFO - Filling up the DagBag from /usr/local/lib/python3.10/dist-packages/airflow/example_dags/example_branch_operator.py
[2023-09-27T11:33:03.759+0000] {processor.py:839} INFO - DAG(s) dict_keys(['example_branch_operator']) retrieved from /usr/local/lib/python3.10/dist-packages/airflow/example_dags/example_branch_operator.py
[2023-09-27T11:33:03.792+0000] {logging_mixin.py:151} INFO - [2023-09-27T11:33:03.792+0000] {dag.py:2915} INFO - Sync 1 DAGs
[2023-09-27T11:33:03.827+0000] {logging_mixin.py:151} INFO - [2023-09-27T11:33:03.826+0000] {dag.py:3696} INFO - Setting next_dagrun for example_branch_operator to 2023-09-26T00:00:00+00:00, run_after=2023-09-27T00:00:00+00:00
[2023-09-27T11:33:03.852+0000] {processor.py:179} INFO - Processing /usr/local/lib/python3.10/dist-packages/airflow/example_dags/example_branch_operator.py took 0.114 seconds
[2023-09-27T11:33:55.346+0000] {processor.py:157} INFO - Started process (PID=6449) to work on /usr/local/lib/python3.10/dist-packages/airflow/example_dags/example_branch_operator.py
[2023-09-27T11:33:55.347+0000] {processor.py:829} INFO - Processing file /usr/local/lib/python3.10/dist-packages/airflow/example_dags/example_branch_operator.py for tasks to queue
[2023-09-27T11:33:55.348+0000] {logging_mixin.py:151} INFO - [2023-09-27T11:33:55.347+0000] {dagbag.py:539} INFO - Filling up the DagBag from /usr/local/lib/python3.10/dist-packages/airflow/example_dags/example_branch_operator.py
[2023-09-27T11:33:55.357+0000] {processor.py:839} INFO - DAG(s) dict_keys(['example_branch_operator']) retrieved from /usr/local/lib/python3.10/dist-packages/airflow/example_dags/example_branch_operator.py
[2023-09-27T11:33:55.378+0000] {logging_mixin.py:151} INFO - [2023-09-27T11:33:55.378+0000] {dag.py:2915} INFO - Sync 1 DAGs
[2023-09-27T11:33:55.405+0000] {logging_mixin.py:151} INFO - [2023-09-27T11:33:55.404+0000] {dag.py:3696} INFO - Setting next_dagrun for example_branch_operator to 2023-09-26T00:00:00+00:00, run_after=2023-09-27T00:00:00+00:00
[2023-09-27T11:33:55.428+0000] {processor.py:179} INFO - Processing /usr/local/lib/python3.10/dist-packages/airflow/example_dags/example_branch_operator.py took 0.086 seconds
[2023-09-27T11:34:44.570+0000] {processor.py:157} INFO - Started process (PID=6500) to work on /usr/local/lib/python3.10/dist-packages/airflow/example_dags/example_branch_operator.py
[2023-09-27T11:34:44.571+0000] {processor.py:829} INFO - Processing file /usr/local/lib/python3.10/dist-packages/airflow/example_dags/example_branch_operator.py for tasks to queue
[2023-09-27T11:34:44.572+0000] {logging_mixin.py:151} INFO - [2023-09-27T11:34:44.572+0000] {dagbag.py:539} INFO - Filling up the DagBag from /usr/local/lib/python3.10/dist-packages/airflow/example_dags/example_branch_operator.py
[2023-09-27T11:34:44.582+0000] {processor.py:839} INFO - DAG(s) dict_keys(['example_branch_operator']) retrieved from /usr/local/lib/python3.10/dist-packages/airflow/example_dags/example_branch_operator.py
[2023-09-27T11:34:44.600+0000] {logging_mixin.py:151} INFO - [2023-09-27T11:34:44.600+0000] {dag.py:2915} INFO - Sync 1 DAGs
[2023-09-27T11:34:44.622+0000] {logging_mixin.py:151} INFO - [2023-09-27T11:34:44.621+0000] {dag.py:3696} INFO - Setting next_dagrun for example_branch_operator to 2023-09-26T00:00:00+00:00, run_after=2023-09-27T00:00:00+00:00
[2023-09-27T11:34:44.646+0000] {processor.py:179} INFO - Processing /usr/local/lib/python3.10/dist-packages/airflow/example_dags/example_branch_operator.py took 0.079 seconds
[2023-09-27T11:35:33.435+0000] {processor.py:157} INFO - Started process (PID=6554) to work on /usr/local/lib/python3.10/dist-packages/airflow/example_dags/example_branch_operator.py
[2023-09-27T11:35:33.436+0000] {processor.py:829} INFO - Processing file /usr/local/lib/python3.10/dist-packages/airflow/example_dags/example_branch_operator.py for tasks to queue
[2023-09-27T11:35:33.437+0000] {logging_mixin.py:151} INFO - [2023-09-27T11:35:33.436+0000] {dagbag.py:539} INFO - Filling up the DagBag from /usr/local/lib/python3.10/dist-packages/airflow/example_dags/example_branch_operator.py
[2023-09-27T11:35:33.446+0000] {processor.py:839} INFO - DAG(s) dict_keys(['example_branch_operator']) retrieved from /usr/local/lib/python3.10/dist-packages/airflow/example_dags/example_branch_operator.py
[2023-09-27T11:35:33.469+0000] {logging_mixin.py:151} INFO - [2023-09-27T11:35:33.468+0000] {dag.py:2915} INFO - Sync 1 DAGs
[2023-09-27T11:35:33.499+0000] {logging_mixin.py:151} INFO - [2023-09-27T11:35:33.498+0000] {dag.py:3696} INFO - Setting next_dagrun for example_branch_operator to 2023-09-26T00:00:00+00:00, run_after=2023-09-27T00:00:00+00:00
[2023-09-27T11:35:33.525+0000] {processor.py:179} INFO - Processing /usr/local/lib/python3.10/dist-packages/airflow/example_dags/example_branch_operator.py took 0.093 seconds
[2023-09-27T11:36:24.371+0000] {processor.py:157} INFO - Started process (PID=6615) to work on /usr/local/lib/python3.10/dist-packages/airflow/example_dags/example_branch_operator.py
[2023-09-27T11:36:24.372+0000] {processor.py:829} INFO - Processing file /usr/local/lib/python3.10/dist-packages/airflow/example_dags/example_branch_operator.py for tasks to queue
[2023-09-27T11:36:24.373+0000] {logging_mixin.py:151} INFO - [2023-09-27T11:36:24.373+0000] {dagbag.py:539} INFO - Filling up the DagBag from /usr/local/lib/python3.10/dist-packages/airflow/example_dags/example_branch_operator.py
[2023-09-27T11:36:24.383+0000] {processor.py:839} INFO - DAG(s) dict_keys(['example_branch_operator']) retrieved from /usr/local/lib/python3.10/dist-packages/airflow/example_dags/example_branch_operator.py
[2023-09-27T11:36:24.404+0000] {logging_mixin.py:151} INFO - [2023-09-27T11:36:24.403+0000] {dag.py:2915} INFO - Sync 1 DAGs
[2023-09-27T11:36:24.426+0000] {logging_mixin.py:151} INFO - [2023-09-27T11:36:24.425+0000] {dag.py:3696} INFO - Setting next_dagrun for example_branch_operator to 2023-09-26T00:00:00+00:00, run_after=2023-09-27T00:00:00+00:00
[2023-09-27T11:36:24.448+0000] {processor.py:179} INFO - Processing /usr/local/lib/python3.10/dist-packages/airflow/example_dags/example_branch_operator.py took 0.080 seconds
[2023-09-27T11:37:11.550+0000] {processor.py:157} INFO - Started process (PID=6729) to work on /usr/local/lib/python3.10/dist-packages/airflow/example_dags/example_branch_operator.py
[2023-09-27T11:37:11.551+0000] {processor.py:829} INFO - Processing file /usr/local/lib/python3.10/dist-packages/airflow/example_dags/example_branch_operator.py for tasks to queue
[2023-09-27T11:37:11.552+0000] {logging_mixin.py:151} INFO - [2023-09-27T11:37:11.552+0000] {dagbag.py:539} INFO - Filling up the DagBag from /usr/local/lib/python3.10/dist-packages/airflow/example_dags/example_branch_operator.py
[2023-09-27T11:37:11.562+0000] {processor.py:839} INFO - DAG(s) dict_keys(['example_branch_operator']) retrieved from /usr/local/lib/python3.10/dist-packages/airflow/example_dags/example_branch_operator.py
[2023-09-27T11:37:11.580+0000] {logging_mixin.py:151} INFO - [2023-09-27T11:37:11.580+0000] {dag.py:2915} INFO - Sync 1 DAGs
[2023-09-27T11:37:11.609+0000] {logging_mixin.py:151} INFO - [2023-09-27T11:37:11.608+0000] {dag.py:3696} INFO - Setting next_dagrun for example_branch_operator to 2023-09-26T00:00:00+00:00, run_after=2023-09-27T00:00:00+00:00
[2023-09-27T11:37:11.637+0000] {processor.py:179} INFO - Processing /usr/local/lib/python3.10/dist-packages/airflow/example_dags/example_branch_operator.py took 0.091 seconds
[2023-09-27T17:57:04.580+0000] {processor.py:157} INFO - Started process (PID=10622) to work on /home/ubuntu/airflow_venv/lib/python3.10/site-packages/airflow/example_dags/example_branch_operator.py
[2023-09-27T17:57:04.582+0000] {processor.py:829} INFO - Processing file /home/ubuntu/airflow_venv/lib/python3.10/site-packages/airflow/example_dags/example_branch_operator.py for tasks to queue
[2023-09-27T17:57:04.584+0000] {logging_mixin.py:151} INFO - [2023-09-27T17:57:04.584+0000] {dagbag.py:539} INFO - Filling up the DagBag from /home/ubuntu/airflow_venv/lib/python3.10/site-packages/airflow/example_dags/example_branch_operator.py
[2023-09-27T17:57:04.597+0000] {processor.py:839} INFO - DAG(s) dict_keys(['example_branch_operator']) retrieved from /home/ubuntu/airflow_venv/lib/python3.10/site-packages/airflow/example_dags/example_branch_operator.py
[2023-09-27T17:57:04.781+0000] {logging_mixin.py:151} INFO - [2023-09-27T17:57:04.775+0000] {security.py:708} INFO - Not syncing DAG-level permissions for DAG 'DAG:example_branch_operator' as access control is unset.
[2023-09-27T17:57:04.782+0000] {logging_mixin.py:151} INFO - [2023-09-27T17:57:04.782+0000] {dag.py:2915} INFO - Sync 1 DAGs
[2023-09-27T17:57:04.811+0000] {logging_mixin.py:151} INFO - [2023-09-27T17:57:04.811+0000] {dag.py:3696} INFO - Setting next_dagrun for example_branch_operator to 2023-09-26T00:00:00+00:00, run_after=2023-09-27T00:00:00+00:00
[2023-09-27T17:57:04.848+0000] {processor.py:179} INFO - Processing /home/ubuntu/airflow_venv/lib/python3.10/site-packages/airflow/example_dags/example_branch_operator.py took 0.271 seconds
[2023-09-27T17:57:55.640+0000] {processor.py:157} INFO - Started process (PID=10669) to work on /home/ubuntu/airflow_venv/lib/python3.10/site-packages/airflow/example_dags/example_branch_operator.py
[2023-09-27T17:57:55.642+0000] {processor.py:829} INFO - Processing file /home/ubuntu/airflow_venv/lib/python3.10/site-packages/airflow/example_dags/example_branch_operator.py for tasks to queue
[2023-09-27T17:57:55.643+0000] {logging_mixin.py:151} INFO - [2023-09-27T17:57:55.642+0000] {dagbag.py:539} INFO - Filling up the DagBag from /home/ubuntu/airflow_venv/lib/python3.10/site-packages/airflow/example_dags/example_branch_operator.py
[2023-09-27T17:57:55.657+0000] {processor.py:839} INFO - DAG(s) dict_keys(['example_branch_operator']) retrieved from /home/ubuntu/airflow_venv/lib/python3.10/site-packages/airflow/example_dags/example_branch_operator.py
[2023-09-27T17:57:55.686+0000] {logging_mixin.py:151} INFO - [2023-09-27T17:57:55.686+0000] {dag.py:2915} INFO - Sync 1 DAGs
[2023-09-27T17:57:55.708+0000] {logging_mixin.py:151} INFO - [2023-09-27T17:57:55.708+0000] {dag.py:3696} INFO - Setting next_dagrun for example_branch_operator to 2023-09-26T00:00:00+00:00, run_after=2023-09-27T00:00:00+00:00
[2023-09-27T17:57:55.729+0000] {processor.py:179} INFO - Processing /home/ubuntu/airflow_venv/lib/python3.10/site-packages/airflow/example_dags/example_branch_operator.py took 0.093 seconds
[2023-09-27T17:58:51.283+0000] {processor.py:157} INFO - Started process (PID=10724) to work on /home/ubuntu/airflow_venv/lib/python3.10/site-packages/airflow/example_dags/example_branch_operator.py
[2023-09-27T17:58:51.286+0000] {processor.py:829} INFO - Processing file /home/ubuntu/airflow_venv/lib/python3.10/site-packages/airflow/example_dags/example_branch_operator.py for tasks to queue
[2023-09-27T17:58:51.288+0000] {logging_mixin.py:151} INFO - [2023-09-27T17:58:51.287+0000] {dagbag.py:539} INFO - Filling up the DagBag from /home/ubuntu/airflow_venv/lib/python3.10/site-packages/airflow/example_dags/example_branch_operator.py
[2023-09-27T17:58:51.301+0000] {processor.py:839} INFO - DAG(s) dict_keys(['example_branch_operator']) retrieved from /home/ubuntu/airflow_venv/lib/python3.10/site-packages/airflow/example_dags/example_branch_operator.py
[2023-09-27T17:58:51.325+0000] {logging_mixin.py:151} INFO - [2023-09-27T17:58:51.324+0000] {dag.py:2915} INFO - Sync 1 DAGs
[2023-09-27T17:58:51.353+0000] {logging_mixin.py:151} INFO - [2023-09-27T17:58:51.352+0000] {dag.py:3696} INFO - Setting next_dagrun for example_branch_operator to 2023-09-26T00:00:00+00:00, run_after=2023-09-27T00:00:00+00:00
[2023-09-27T17:58:51.378+0000] {processor.py:179} INFO - Processing /home/ubuntu/airflow_venv/lib/python3.10/site-packages/airflow/example_dags/example_branch_operator.py took 0.099 seconds
[2023-09-27T17:59:42.803+0000] {processor.py:157} INFO - Started process (PID=10791) to work on /home/ubuntu/airflow_venv/lib/python3.10/site-packages/airflow/example_dags/example_branch_operator.py
[2023-09-27T17:59:42.804+0000] {processor.py:829} INFO - Processing file /home/ubuntu/airflow_venv/lib/python3.10/site-packages/airflow/example_dags/example_branch_operator.py for tasks to queue
[2023-09-27T17:59:42.805+0000] {logging_mixin.py:151} INFO - [2023-09-27T17:59:42.805+0000] {dagbag.py:539} INFO - Filling up the DagBag from /home/ubuntu/airflow_venv/lib/python3.10/site-packages/airflow/example_dags/example_branch_operator.py
[2023-09-27T17:59:42.815+0000] {processor.py:839} INFO - DAG(s) dict_keys(['example_branch_operator']) retrieved from /home/ubuntu/airflow_venv/lib/python3.10/site-packages/airflow/example_dags/example_branch_operator.py
[2023-09-27T17:59:42.836+0000] {logging_mixin.py:151} INFO - [2023-09-27T17:59:42.836+0000] {dag.py:2915} INFO - Sync 1 DAGs
[2023-09-27T17:59:42.868+0000] {logging_mixin.py:151} INFO - [2023-09-27T17:59:42.868+0000] {dag.py:3696} INFO - Setting next_dagrun for example_branch_operator to 2023-09-26T00:00:00+00:00, run_after=2023-09-27T00:00:00+00:00
[2023-09-27T17:59:42.893+0000] {processor.py:179} INFO - Processing /home/ubuntu/airflow_venv/lib/python3.10/site-packages/airflow/example_dags/example_branch_operator.py took 0.094 seconds
[2023-09-27T18:00:33.411+0000] {processor.py:157} INFO - Started process (PID=10843) to work on /home/ubuntu/airflow_venv/lib/python3.10/site-packages/airflow/example_dags/example_branch_operator.py
[2023-09-27T18:00:33.413+0000] {processor.py:829} INFO - Processing file /home/ubuntu/airflow_venv/lib/python3.10/site-packages/airflow/example_dags/example_branch_operator.py for tasks to queue
[2023-09-27T18:00:33.415+0000] {logging_mixin.py:151} INFO - [2023-09-27T18:00:33.415+0000] {dagbag.py:539} INFO - Filling up the DagBag from /home/ubuntu/airflow_venv/lib/python3.10/site-packages/airflow/example_dags/example_branch_operator.py
[2023-09-27T18:00:33.430+0000] {processor.py:839} INFO - DAG(s) dict_keys(['example_branch_operator']) retrieved from /home/ubuntu/airflow_venv/lib/python3.10/site-packages/airflow/example_dags/example_branch_operator.py
[2023-09-27T18:00:33.450+0000] {logging_mixin.py:151} INFO - [2023-09-27T18:00:33.450+0000] {dag.py:2915} INFO - Sync 1 DAGs
[2023-09-27T18:00:33.473+0000] {logging_mixin.py:151} INFO - [2023-09-27T18:00:33.472+0000] {dag.py:3696} INFO - Setting next_dagrun for example_branch_operator to 2023-09-26T00:00:00+00:00, run_after=2023-09-27T00:00:00+00:00
[2023-09-27T18:00:33.503+0000] {processor.py:179} INFO - Processing /home/ubuntu/airflow_venv/lib/python3.10/site-packages/airflow/example_dags/example_branch_operator.py took 0.095 seconds
[2023-09-27T18:01:21.128+0000] {processor.py:157} INFO - Started process (PID=10891) to work on /home/ubuntu/airflow_venv/lib/python3.10/site-packages/airflow/example_dags/example_branch_operator.py
[2023-09-27T18:01:21.133+0000] {processor.py:829} INFO - Processing file /home/ubuntu/airflow_venv/lib/python3.10/site-packages/airflow/example_dags/example_branch_operator.py for tasks to queue
[2023-09-27T18:01:21.135+0000] {logging_mixin.py:151} INFO - [2023-09-27T18:01:21.135+0000] {dagbag.py:539} INFO - Filling up the DagBag from /home/ubuntu/airflow_venv/lib/python3.10/site-packages/airflow/example_dags/example_branch_operator.py
[2023-09-27T18:01:21.151+0000] {processor.py:839} INFO - DAG(s) dict_keys(['example_branch_operator']) retrieved from /home/ubuntu/airflow_venv/lib/python3.10/site-packages/airflow/example_dags/example_branch_operator.py
[2023-09-27T18:01:21.182+0000] {logging_mixin.py:151} INFO - [2023-09-27T18:01:21.182+0000] {dag.py:2915} INFO - Sync 1 DAGs
[2023-09-27T18:01:21.209+0000] {logging_mixin.py:151} INFO - [2023-09-27T18:01:21.209+0000] {dag.py:3696} INFO - Setting next_dagrun for example_branch_operator to 2023-09-26T00:00:00+00:00, run_after=2023-09-27T00:00:00+00:00
[2023-09-27T18:01:21.235+0000] {processor.py:179} INFO - Processing /home/ubuntu/airflow_venv/lib/python3.10/site-packages/airflow/example_dags/example_branch_operator.py took 0.113 seconds
[2023-09-27T18:02:07.172+0000] {processor.py:157} INFO - Started process (PID=10939) to work on /home/ubuntu/airflow_venv/lib/python3.10/site-packages/airflow/example_dags/example_branch_operator.py
[2023-09-27T18:02:07.173+0000] {processor.py:829} INFO - Processing file /home/ubuntu/airflow_venv/lib/python3.10/site-packages/airflow/example_dags/example_branch_operator.py for tasks to queue
[2023-09-27T18:02:07.174+0000] {logging_mixin.py:151} INFO - [2023-09-27T18:02:07.173+0000] {dagbag.py:539} INFO - Filling up the DagBag from /home/ubuntu/airflow_venv/lib/python3.10/site-packages/airflow/example_dags/example_branch_operator.py
[2023-09-27T18:02:07.183+0000] {processor.py:839} INFO - DAG(s) dict_keys(['example_branch_operator']) retrieved from /home/ubuntu/airflow_venv/lib/python3.10/site-packages/airflow/example_dags/example_branch_operator.py
[2023-09-27T18:02:07.206+0000] {logging_mixin.py:151} INFO - [2023-09-27T18:02:07.206+0000] {dag.py:2915} INFO - Sync 1 DAGs
[2023-09-27T18:02:07.238+0000] {logging_mixin.py:151} INFO - [2023-09-27T18:02:07.238+0000] {dag.py:3696} INFO - Setting next_dagrun for example_branch_operator to 2023-09-26T00:00:00+00:00, run_after=2023-09-27T00:00:00+00:00
[2023-09-27T18:02:07.264+0000] {processor.py:179} INFO - Processing /home/ubuntu/airflow_venv/lib/python3.10/site-packages/airflow/example_dags/example_branch_operator.py took 0.095 seconds
[2023-09-27T18:02:51.788+0000] {processor.py:157} INFO - Started process (PID=10994) to work on /home/ubuntu/airflow_venv/lib/python3.10/site-packages/airflow/example_dags/example_branch_operator.py
[2023-09-27T18:02:51.789+0000] {processor.py:829} INFO - Processing file /home/ubuntu/airflow_venv/lib/python3.10/site-packages/airflow/example_dags/example_branch_operator.py for tasks to queue
[2023-09-27T18:02:51.790+0000] {logging_mixin.py:151} INFO - [2023-09-27T18:02:51.790+0000] {dagbag.py:539} INFO - Filling up the DagBag from /home/ubuntu/airflow_venv/lib/python3.10/site-packages/airflow/example_dags/example_branch_operator.py
[2023-09-27T18:02:51.801+0000] {processor.py:839} INFO - DAG(s) dict_keys(['example_branch_operator']) retrieved from /home/ubuntu/airflow_venv/lib/python3.10/site-packages/airflow/example_dags/example_branch_operator.py
[2023-09-27T18:02:51.823+0000] {logging_mixin.py:151} INFO - [2023-09-27T18:02:51.823+0000] {dag.py:2915} INFO - Sync 1 DAGs
[2023-09-27T18:02:51.846+0000] {logging_mixin.py:151} INFO - [2023-09-27T18:02:51.846+0000] {dag.py:3696} INFO - Setting next_dagrun for example_branch_operator to 2023-09-26T00:00:00+00:00, run_after=2023-09-27T00:00:00+00:00
[2023-09-27T18:02:51.875+0000] {processor.py:179} INFO - Processing /home/ubuntu/airflow_venv/lib/python3.10/site-packages/airflow/example_dags/example_branch_operator.py took 0.090 seconds
[2023-09-27T18:03:42.091+0000] {processor.py:157} INFO - Started process (PID=11109) to work on /home/ubuntu/airflow_venv/lib/python3.10/site-packages/airflow/example_dags/example_branch_operator.py
[2023-09-27T18:03:42.093+0000] {processor.py:829} INFO - Processing file /home/ubuntu/airflow_venv/lib/python3.10/site-packages/airflow/example_dags/example_branch_operator.py for tasks to queue
[2023-09-27T18:03:42.094+0000] {logging_mixin.py:151} INFO - [2023-09-27T18:03:42.093+0000] {dagbag.py:539} INFO - Filling up the DagBag from /home/ubuntu/airflow_venv/lib/python3.10/site-packages/airflow/example_dags/example_branch_operator.py
[2023-09-27T18:03:42.103+0000] {processor.py:839} INFO - DAG(s) dict_keys(['example_branch_operator']) retrieved from /home/ubuntu/airflow_venv/lib/python3.10/site-packages/airflow/example_dags/example_branch_operator.py
[2023-09-27T18:03:42.122+0000] {logging_mixin.py:151} INFO - [2023-09-27T18:03:42.122+0000] {dag.py:2915} INFO - Sync 1 DAGs
[2023-09-27T18:03:42.153+0000] {logging_mixin.py:151} INFO - [2023-09-27T18:03:42.153+0000] {dag.py:3696} INFO - Setting next_dagrun for example_branch_operator to 2023-09-26T00:00:00+00:00, run_after=2023-09-27T00:00:00+00:00
[2023-09-27T18:03:42.188+0000] {processor.py:179} INFO - Processing /home/ubuntu/airflow_venv/lib/python3.10/site-packages/airflow/example_dags/example_branch_operator.py took 0.101 seconds
[2023-09-27T18:04:25.804+0000] {processor.py:157} INFO - Started process (PID=11174) to work on /home/ubuntu/airflow_venv/lib/python3.10/site-packages/airflow/example_dags/example_branch_operator.py
[2023-09-27T18:04:25.806+0000] {processor.py:829} INFO - Processing file /home/ubuntu/airflow_venv/lib/python3.10/site-packages/airflow/example_dags/example_branch_operator.py for tasks to queue
[2023-09-27T18:04:25.807+0000] {logging_mixin.py:151} INFO - [2023-09-27T18:04:25.807+0000] {dagbag.py:539} INFO - Filling up the DagBag from /home/ubuntu/airflow_venv/lib/python3.10/site-packages/airflow/example_dags/example_branch_operator.py
[2023-09-27T18:04:25.820+0000] {processor.py:839} INFO - DAG(s) dict_keys(['example_branch_operator']) retrieved from /home/ubuntu/airflow_venv/lib/python3.10/site-packages/airflow/example_dags/example_branch_operator.py
[2023-09-27T18:04:25.844+0000] {logging_mixin.py:151} INFO - [2023-09-27T18:04:25.844+0000] {dag.py:2915} INFO - Sync 1 DAGs
[2023-09-27T18:04:25.866+0000] {logging_mixin.py:151} INFO - [2023-09-27T18:04:25.866+0000] {dag.py:3696} INFO - Setting next_dagrun for example_branch_operator to 2023-09-26T00:00:00+00:00, run_after=2023-09-27T00:00:00+00:00
[2023-09-27T18:04:25.895+0000] {processor.py:179} INFO - Processing /home/ubuntu/airflow_venv/lib/python3.10/site-packages/airflow/example_dags/example_branch_operator.py took 0.096 seconds
[2023-09-27T18:05:14.941+0000] {processor.py:157} INFO - Started process (PID=11399) to work on /home/ubuntu/airflow_venv/lib/python3.10/site-packages/airflow/example_dags/example_branch_operator.py
[2023-09-27T18:05:14.942+0000] {processor.py:829} INFO - Processing file /home/ubuntu/airflow_venv/lib/python3.10/site-packages/airflow/example_dags/example_branch_operator.py for tasks to queue
[2023-09-27T18:05:14.943+0000] {logging_mixin.py:151} INFO - [2023-09-27T18:05:14.943+0000] {dagbag.py:539} INFO - Filling up the DagBag from /home/ubuntu/airflow_venv/lib/python3.10/site-packages/airflow/example_dags/example_branch_operator.py
[2023-09-27T18:05:14.956+0000] {processor.py:839} INFO - DAG(s) dict_keys(['example_branch_operator']) retrieved from /home/ubuntu/airflow_venv/lib/python3.10/site-packages/airflow/example_dags/example_branch_operator.py
[2023-09-27T18:05:14.982+0000] {logging_mixin.py:151} INFO - [2023-09-27T18:05:14.981+0000] {dag.py:2915} INFO - Sync 1 DAGs
[2023-09-27T18:05:15.022+0000] {logging_mixin.py:151} INFO - [2023-09-27T18:05:15.021+0000] {dag.py:3696} INFO - Setting next_dagrun for example_branch_operator to 2023-09-26T00:00:00+00:00, run_after=2023-09-27T00:00:00+00:00
[2023-09-27T18:05:15.063+0000] {processor.py:179} INFO - Processing /home/ubuntu/airflow_venv/lib/python3.10/site-packages/airflow/example_dags/example_branch_operator.py took 0.126 seconds
[2023-09-27T18:06:03.232+0000] {processor.py:157} INFO - Started process (PID=11534) to work on /home/ubuntu/airflow_venv/lib/python3.10/site-packages/airflow/example_dags/example_branch_operator.py
[2023-09-27T18:06:03.233+0000] {processor.py:829} INFO - Processing file /home/ubuntu/airflow_venv/lib/python3.10/site-packages/airflow/example_dags/example_branch_operator.py for tasks to queue
[2023-09-27T18:06:03.234+0000] {logging_mixin.py:151} INFO - [2023-09-27T18:06:03.234+0000] {dagbag.py:539} INFO - Filling up the DagBag from /home/ubuntu/airflow_venv/lib/python3.10/site-packages/airflow/example_dags/example_branch_operator.py
[2023-09-27T18:06:03.245+0000] {processor.py:839} INFO - DAG(s) dict_keys(['example_branch_operator']) retrieved from /home/ubuntu/airflow_venv/lib/python3.10/site-packages/airflow/example_dags/example_branch_operator.py
[2023-09-27T18:06:03.265+0000] {logging_mixin.py:151} INFO - [2023-09-27T18:06:03.265+0000] {dag.py:2915} INFO - Sync 1 DAGs
[2023-09-27T18:06:03.300+0000] {logging_mixin.py:151} INFO - [2023-09-27T18:06:03.300+0000] {dag.py:3696} INFO - Setting next_dagrun for example_branch_operator to 2023-09-26T00:00:00+00:00, run_after=2023-09-27T00:00:00+00:00
[2023-09-27T18:06:03.334+0000] {processor.py:179} INFO - Processing /home/ubuntu/airflow_venv/lib/python3.10/site-packages/airflow/example_dags/example_branch_operator.py took 0.105 seconds
[2023-09-27T18:06:53.817+0000] {processor.py:157} INFO - Started process (PID=11596) to work on /home/ubuntu/airflow_venv/lib/python3.10/site-packages/airflow/example_dags/example_branch_operator.py
[2023-09-27T18:06:53.818+0000] {processor.py:829} INFO - Processing file /home/ubuntu/airflow_venv/lib/python3.10/site-packages/airflow/example_dags/example_branch_operator.py for tasks to queue
[2023-09-27T18:06:53.822+0000] {logging_mixin.py:151} INFO - [2023-09-27T18:06:53.822+0000] {dagbag.py:539} INFO - Filling up the DagBag from /home/ubuntu/airflow_venv/lib/python3.10/site-packages/airflow/example_dags/example_branch_operator.py
[2023-09-27T18:06:53.833+0000] {processor.py:839} INFO - DAG(s) dict_keys(['example_branch_operator']) retrieved from /home/ubuntu/airflow_venv/lib/python3.10/site-packages/airflow/example_dags/example_branch_operator.py
[2023-09-27T18:06:53.854+0000] {logging_mixin.py:151} INFO - [2023-09-27T18:06:53.854+0000] {dag.py:2915} INFO - Sync 1 DAGs
[2023-09-27T18:06:53.883+0000] {logging_mixin.py:151} INFO - [2023-09-27T18:06:53.883+0000] {dag.py:3696} INFO - Setting next_dagrun for example_branch_operator to 2023-09-26T00:00:00+00:00, run_after=2023-09-27T00:00:00+00:00
[2023-09-27T18:06:53.908+0000] {processor.py:179} INFO - Processing /home/ubuntu/airflow_venv/lib/python3.10/site-packages/airflow/example_dags/example_branch_operator.py took 0.099 seconds
[2023-09-27T18:07:45.447+0000] {processor.py:157} INFO - Started process (PID=11652) to work on /home/ubuntu/airflow_venv/lib/python3.10/site-packages/airflow/example_dags/example_branch_operator.py
[2023-09-27T18:07:45.448+0000] {processor.py:829} INFO - Processing file /home/ubuntu/airflow_venv/lib/python3.10/site-packages/airflow/example_dags/example_branch_operator.py for tasks to queue
[2023-09-27T18:07:45.449+0000] {logging_mixin.py:151} INFO - [2023-09-27T18:07:45.449+0000] {dagbag.py:539} INFO - Filling up the DagBag from /home/ubuntu/airflow_venv/lib/python3.10/site-packages/airflow/example_dags/example_branch_operator.py
[2023-09-27T18:07:45.462+0000] {processor.py:839} INFO - DAG(s) dict_keys(['example_branch_operator']) retrieved from /home/ubuntu/airflow_venv/lib/python3.10/site-packages/airflow/example_dags/example_branch_operator.py
[2023-09-27T18:07:45.483+0000] {logging_mixin.py:151} INFO - [2023-09-27T18:07:45.483+0000] {dag.py:2915} INFO - Sync 1 DAGs
[2023-09-27T18:07:45.506+0000] {logging_mixin.py:151} INFO - [2023-09-27T18:07:45.505+0000] {dag.py:3696} INFO - Setting next_dagrun for example_branch_operator to 2023-09-26T00:00:00+00:00, run_after=2023-09-27T00:00:00+00:00
[2023-09-27T18:07:45.536+0000] {processor.py:179} INFO - Processing /home/ubuntu/airflow_venv/lib/python3.10/site-packages/airflow/example_dags/example_branch_operator.py took 0.092 seconds
[2023-09-27T18:08:39.197+0000] {processor.py:157} INFO - Started process (PID=11821) to work on /home/ubuntu/airflow_venv/lib/python3.10/site-packages/airflow/example_dags/example_branch_operator.py
[2023-09-27T18:08:39.199+0000] {processor.py:829} INFO - Processing file /home/ubuntu/airflow_venv/lib/python3.10/site-packages/airflow/example_dags/example_branch_operator.py for tasks to queue
[2023-09-27T18:08:39.200+0000] {logging_mixin.py:151} INFO - [2023-09-27T18:08:39.199+0000] {dagbag.py:539} INFO - Filling up the DagBag from /home/ubuntu/airflow_venv/lib/python3.10/site-packages/airflow/example_dags/example_branch_operator.py
[2023-09-27T18:08:39.209+0000] {processor.py:839} INFO - DAG(s) dict_keys(['example_branch_operator']) retrieved from /home/ubuntu/airflow_venv/lib/python3.10/site-packages/airflow/example_dags/example_branch_operator.py
[2023-09-27T18:08:39.228+0000] {logging_mixin.py:151} INFO - [2023-09-27T18:08:39.228+0000] {dag.py:2915} INFO - Sync 1 DAGs
[2023-09-27T18:08:39.248+0000] {logging_mixin.py:151} INFO - [2023-09-27T18:08:39.248+0000] {dag.py:3696} INFO - Setting next_dagrun for example_branch_operator to 2023-09-26T00:00:00+00:00, run_after=2023-09-27T00:00:00+00:00
[2023-09-27T18:08:39.271+0000] {processor.py:179} INFO - Processing /home/ubuntu/airflow_venv/lib/python3.10/site-packages/airflow/example_dags/example_branch_operator.py took 0.077 seconds
[2023-09-27T18:09:27.897+0000] {processor.py:157} INFO - Started process (PID=11930) to work on /home/ubuntu/airflow_venv/lib/python3.10/site-packages/airflow/example_dags/example_branch_operator.py
[2023-09-27T18:09:27.899+0000] {processor.py:829} INFO - Processing file /home/ubuntu/airflow_venv/lib/python3.10/site-packages/airflow/example_dags/example_branch_operator.py for tasks to queue
[2023-09-27T18:09:27.900+0000] {logging_mixin.py:151} INFO - [2023-09-27T18:09:27.899+0000] {dagbag.py:539} INFO - Filling up the DagBag from /home/ubuntu/airflow_venv/lib/python3.10/site-packages/airflow/example_dags/example_branch_operator.py
[2023-09-27T18:09:27.911+0000] {processor.py:839} INFO - DAG(s) dict_keys(['example_branch_operator']) retrieved from /home/ubuntu/airflow_venv/lib/python3.10/site-packages/airflow/example_dags/example_branch_operator.py
[2023-09-27T18:09:27.947+0000] {logging_mixin.py:151} INFO - [2023-09-27T18:09:27.947+0000] {dag.py:2915} INFO - Sync 1 DAGs
[2023-09-27T18:09:27.972+0000] {logging_mixin.py:151} INFO - [2023-09-27T18:09:27.971+0000] {dag.py:3696} INFO - Setting next_dagrun for example_branch_operator to 2023-09-26T00:00:00+00:00, run_after=2023-09-27T00:00:00+00:00
[2023-09-27T18:09:27.995+0000] {processor.py:179} INFO - Processing /home/ubuntu/airflow_venv/lib/python3.10/site-packages/airflow/example_dags/example_branch_operator.py took 0.102 seconds
[2023-09-27T18:10:25.858+0000] {processor.py:157} INFO - Started process (PID=12564) to work on /home/ubuntu/airflow_venv/lib/python3.10/site-packages/airflow/example_dags/example_branch_operator.py
[2023-09-27T18:10:25.860+0000] {processor.py:829} INFO - Processing file /home/ubuntu/airflow_venv/lib/python3.10/site-packages/airflow/example_dags/example_branch_operator.py for tasks to queue
[2023-09-27T18:10:25.861+0000] {logging_mixin.py:151} INFO - [2023-09-27T18:10:25.861+0000] {dagbag.py:539} INFO - Filling up the DagBag from /home/ubuntu/airflow_venv/lib/python3.10/site-packages/airflow/example_dags/example_branch_operator.py
[2023-09-27T18:10:25.871+0000] {processor.py:839} INFO - DAG(s) dict_keys(['example_branch_operator']) retrieved from /home/ubuntu/airflow_venv/lib/python3.10/site-packages/airflow/example_dags/example_branch_operator.py
[2023-09-27T18:10:25.890+0000] {logging_mixin.py:151} INFO - [2023-09-27T18:10:25.890+0000] {dag.py:2915} INFO - Sync 1 DAGs
[2023-09-27T18:10:25.909+0000] {logging_mixin.py:151} INFO - [2023-09-27T18:10:25.909+0000] {dag.py:3696} INFO - Setting next_dagrun for example_branch_operator to 2023-09-26T00:00:00+00:00, run_after=2023-09-27T00:00:00+00:00
[2023-09-27T18:10:25.931+0000] {processor.py:179} INFO - Processing /home/ubuntu/airflow_venv/lib/python3.10/site-packages/airflow/example_dags/example_branch_operator.py took 0.076 seconds
[2023-09-27T18:11:22.342+0000] {processor.py:157} INFO - Started process (PID=12663) to work on /home/ubuntu/airflow_venv/lib/python3.10/site-packages/airflow/example_dags/example_branch_operator.py
[2023-09-27T18:11:22.344+0000] {processor.py:829} INFO - Processing file /home/ubuntu/airflow_venv/lib/python3.10/site-packages/airflow/example_dags/example_branch_operator.py for tasks to queue
[2023-09-27T18:11:22.345+0000] {logging_mixin.py:151} INFO - [2023-09-27T18:11:22.344+0000] {dagbag.py:539} INFO - Filling up the DagBag from /home/ubuntu/airflow_venv/lib/python3.10/site-packages/airflow/example_dags/example_branch_operator.py
[2023-09-27T18:11:22.356+0000] {processor.py:839} INFO - DAG(s) dict_keys(['example_branch_operator']) retrieved from /home/ubuntu/airflow_venv/lib/python3.10/site-packages/airflow/example_dags/example_branch_operator.py
[2023-09-27T18:11:22.416+0000] {logging_mixin.py:151} INFO - [2023-09-27T18:11:22.416+0000] {dag.py:2915} INFO - Sync 1 DAGs
[2023-09-27T18:11:22.438+0000] {logging_mixin.py:151} INFO - [2023-09-27T18:11:22.438+0000] {dag.py:3696} INFO - Setting next_dagrun for example_branch_operator to 2023-09-26T00:00:00+00:00, run_after=2023-09-27T00:00:00+00:00
[2023-09-27T18:11:22.461+0000] {processor.py:179} INFO - Processing /home/ubuntu/airflow_venv/lib/python3.10/site-packages/airflow/example_dags/example_branch_operator.py took 0.124 seconds
[2023-09-27T18:12:08.868+0000] {processor.py:157} INFO - Started process (PID=12782) to work on /home/ubuntu/airflow_venv/lib/python3.10/site-packages/airflow/example_dags/example_branch_operator.py
[2023-09-27T18:12:08.869+0000] {processor.py:829} INFO - Processing file /home/ubuntu/airflow_venv/lib/python3.10/site-packages/airflow/example_dags/example_branch_operator.py for tasks to queue
[2023-09-27T18:12:08.870+0000] {logging_mixin.py:151} INFO - [2023-09-27T18:12:08.870+0000] {dagbag.py:539} INFO - Filling up the DagBag from /home/ubuntu/airflow_venv/lib/python3.10/site-packages/airflow/example_dags/example_branch_operator.py
[2023-09-27T18:12:08.879+0000] {processor.py:839} INFO - DAG(s) dict_keys(['example_branch_operator']) retrieved from /home/ubuntu/airflow_venv/lib/python3.10/site-packages/airflow/example_dags/example_branch_operator.py
[2023-09-27T18:12:08.899+0000] {logging_mixin.py:151} INFO - [2023-09-27T18:12:08.898+0000] {dag.py:2915} INFO - Sync 1 DAGs
[2023-09-27T18:12:08.921+0000] {logging_mixin.py:151} INFO - [2023-09-27T18:12:08.921+0000] {dag.py:3696} INFO - Setting next_dagrun for example_branch_operator to 2023-09-26T00:00:00+00:00, run_after=2023-09-27T00:00:00+00:00
[2023-09-27T18:12:08.944+0000] {processor.py:179} INFO - Processing /home/ubuntu/airflow_venv/lib/python3.10/site-packages/airflow/example_dags/example_branch_operator.py took 0.078 seconds
[2023-09-27T18:13:01.907+0000] {processor.py:157} INFO - Started process (PID=12912) to work on /home/ubuntu/airflow_venv/lib/python3.10/site-packages/airflow/example_dags/example_branch_operator.py
[2023-09-27T18:13:01.909+0000] {processor.py:829} INFO - Processing file /home/ubuntu/airflow_venv/lib/python3.10/site-packages/airflow/example_dags/example_branch_operator.py for tasks to queue
[2023-09-27T18:13:01.910+0000] {logging_mixin.py:151} INFO - [2023-09-27T18:13:01.910+0000] {dagbag.py:539} INFO - Filling up the DagBag from /home/ubuntu/airflow_venv/lib/python3.10/site-packages/airflow/example_dags/example_branch_operator.py
[2023-09-27T18:13:01.925+0000] {processor.py:839} INFO - DAG(s) dict_keys(['example_branch_operator']) retrieved from /home/ubuntu/airflow_venv/lib/python3.10/site-packages/airflow/example_dags/example_branch_operator.py
[2023-09-27T18:13:01.988+0000] {logging_mixin.py:151} INFO - [2023-09-27T18:13:01.988+0000] {dag.py:2915} INFO - Sync 1 DAGs
[2023-09-27T18:13:02.040+0000] {logging_mixin.py:151} INFO - [2023-09-27T18:13:02.040+0000] {dag.py:3696} INFO - Setting next_dagrun for example_branch_operator to 2023-09-26T00:00:00+00:00, run_after=2023-09-27T00:00:00+00:00
[2023-09-27T18:13:02.098+0000] {processor.py:179} INFO - Processing /home/ubuntu/airflow_venv/lib/python3.10/site-packages/airflow/example_dags/example_branch_operator.py took 0.201 seconds
