[2023-09-27T10:54:24.175+0000] {processor.py:157} INFO - Started process (PID=3956) to work on /usr/local/lib/python3.10/dist-packages/airflow/example_dags/example_params_trigger_ui.py
[2023-09-27T10:54:24.175+0000] {processor.py:829} INFO - Processing file /usr/local/lib/python3.10/dist-packages/airflow/example_dags/example_params_trigger_ui.py for tasks to queue
[2023-09-27T10:54:24.177+0000] {logging_mixin.py:151} INFO - [2023-09-27T10:54:24.176+0000] {dagbag.py:539} INFO - Filling up the DagBag from /usr/local/lib/python3.10/dist-packages/airflow/example_dags/example_params_trigger_ui.py
[2023-09-27T10:54:24.195+0000] {processor.py:839} INFO - DAG(s) dict_keys(['example_params_trigger_ui']) retrieved from /usr/local/lib/python3.10/dist-packages/airflow/example_dags/example_params_trigger_ui.py
[2023-09-27T10:54:24.336+0000] {logging_mixin.py:151} INFO - [2023-09-27T10:54:24.336+0000] {manager.py:499} INFO - Created Permission View: %s
[2023-09-27T10:54:24.351+0000] {logging_mixin.py:151} INFO - [2023-09-27T10:54:24.350+0000] {manager.py:499} INFO - Created Permission View: %s
[2023-09-27T10:54:24.361+0000] {logging_mixin.py:151} INFO - [2023-09-27T10:54:24.360+0000] {manager.py:499} INFO - Created Permission View: %s
[2023-09-27T10:54:24.361+0000] {logging_mixin.py:151} INFO - [2023-09-27T10:54:24.361+0000] {security.py:708} INFO - Not syncing DAG-level permissions for DAG 'DAG:example_params_trigger_ui' as access control is unset.
[2023-09-27T10:54:24.361+0000] {logging_mixin.py:151} INFO - [2023-09-27T10:54:24.361+0000] {dag.py:2915} INFO - Sync 1 DAGs
[2023-09-27T10:54:24.372+0000] {logging_mixin.py:151} INFO - [2023-09-27T10:54:24.372+0000] {dag.py:2937} INFO - Creating ORM DAG for example_params_trigger_ui
[2023-09-27T10:54:24.374+0000] {logging_mixin.py:151} INFO - [2023-09-27T10:54:24.373+0000] {dag.py:3696} INFO - Setting next_dagrun for example_params_trigger_ui to None, run_after=None
[2023-09-27T10:54:24.398+0000] {processor.py:179} INFO - Processing /usr/local/lib/python3.10/dist-packages/airflow/example_dags/example_params_trigger_ui.py took 0.226 seconds
[2023-09-27T10:55:12.831+0000] {processor.py:157} INFO - Started process (PID=4004) to work on /usr/local/lib/python3.10/dist-packages/airflow/example_dags/example_params_trigger_ui.py
[2023-09-27T10:55:12.832+0000] {processor.py:829} INFO - Processing file /usr/local/lib/python3.10/dist-packages/airflow/example_dags/example_params_trigger_ui.py for tasks to queue
[2023-09-27T10:55:12.833+0000] {logging_mixin.py:151} INFO - [2023-09-27T10:55:12.832+0000] {dagbag.py:539} INFO - Filling up the DagBag from /usr/local/lib/python3.10/dist-packages/airflow/example_dags/example_params_trigger_ui.py
[2023-09-27T10:55:12.852+0000] {processor.py:839} INFO - DAG(s) dict_keys(['example_params_trigger_ui']) retrieved from /usr/local/lib/python3.10/dist-packages/airflow/example_dags/example_params_trigger_ui.py
[2023-09-27T10:55:12.897+0000] {logging_mixin.py:151} INFO - [2023-09-27T10:55:12.897+0000] {dag.py:2915} INFO - Sync 1 DAGs
[2023-09-27T10:55:12.911+0000] {logging_mixin.py:151} INFO - [2023-09-27T10:55:12.911+0000] {dag.py:3696} INFO - Setting next_dagrun for example_params_trigger_ui to None, run_after=None
[2023-09-27T10:55:12.936+0000] {processor.py:179} INFO - Processing /usr/local/lib/python3.10/dist-packages/airflow/example_dags/example_params_trigger_ui.py took 0.110 seconds
[2023-09-27T10:55:57.941+0000] {processor.py:157} INFO - Started process (PID=4051) to work on /usr/local/lib/python3.10/dist-packages/airflow/example_dags/example_params_trigger_ui.py
[2023-09-27T10:55:57.943+0000] {processor.py:829} INFO - Processing file /usr/local/lib/python3.10/dist-packages/airflow/example_dags/example_params_trigger_ui.py for tasks to queue
[2023-09-27T10:55:57.944+0000] {logging_mixin.py:151} INFO - [2023-09-27T10:55:57.943+0000] {dagbag.py:539} INFO - Filling up the DagBag from /usr/local/lib/python3.10/dist-packages/airflow/example_dags/example_params_trigger_ui.py
[2023-09-27T10:55:57.962+0000] {processor.py:839} INFO - DAG(s) dict_keys(['example_params_trigger_ui']) retrieved from /usr/local/lib/python3.10/dist-packages/airflow/example_dags/example_params_trigger_ui.py
[2023-09-27T10:55:58.009+0000] {logging_mixin.py:151} INFO - [2023-09-27T10:55:58.009+0000] {dag.py:2915} INFO - Sync 1 DAGs
[2023-09-27T10:55:58.022+0000] {logging_mixin.py:151} INFO - [2023-09-27T10:55:58.022+0000] {dag.py:3696} INFO - Setting next_dagrun for example_params_trigger_ui to None, run_after=None
[2023-09-27T10:55:58.045+0000] {processor.py:179} INFO - Processing /usr/local/lib/python3.10/dist-packages/airflow/example_dags/example_params_trigger_ui.py took 0.106 seconds
[2023-09-27T10:57:22.504+0000] {processor.py:157} INFO - Started process (PID=4122) to work on /usr/local/lib/python3.10/dist-packages/airflow/example_dags/example_params_trigger_ui.py
[2023-09-27T10:57:22.505+0000] {processor.py:829} INFO - Processing file /usr/local/lib/python3.10/dist-packages/airflow/example_dags/example_params_trigger_ui.py for tasks to queue
[2023-09-27T10:57:22.506+0000] {logging_mixin.py:151} INFO - [2023-09-27T10:57:22.505+0000] {dagbag.py:539} INFO - Filling up the DagBag from /usr/local/lib/python3.10/dist-packages/airflow/example_dags/example_params_trigger_ui.py
[2023-09-27T10:57:22.524+0000] {processor.py:839} INFO - DAG(s) dict_keys(['example_params_trigger_ui']) retrieved from /usr/local/lib/python3.10/dist-packages/airflow/example_dags/example_params_trigger_ui.py
[2023-09-27T10:57:22.578+0000] {logging_mixin.py:151} INFO - [2023-09-27T10:57:22.578+0000] {dag.py:2915} INFO - Sync 1 DAGs
[2023-09-27T10:57:22.590+0000] {logging_mixin.py:151} INFO - [2023-09-27T10:57:22.590+0000] {dag.py:3696} INFO - Setting next_dagrun for example_params_trigger_ui to None, run_after=None
[2023-09-27T10:57:22.619+0000] {processor.py:179} INFO - Processing /usr/local/lib/python3.10/dist-packages/airflow/example_dags/example_params_trigger_ui.py took 0.118 seconds
[2023-09-27T10:58:09.048+0000] {processor.py:157} INFO - Started process (PID=4171) to work on /usr/local/lib/python3.10/dist-packages/airflow/example_dags/example_params_trigger_ui.py
[2023-09-27T10:58:09.049+0000] {processor.py:829} INFO - Processing file /usr/local/lib/python3.10/dist-packages/airflow/example_dags/example_params_trigger_ui.py for tasks to queue
[2023-09-27T10:58:09.052+0000] {logging_mixin.py:151} INFO - [2023-09-27T10:58:09.050+0000] {dagbag.py:539} INFO - Filling up the DagBag from /usr/local/lib/python3.10/dist-packages/airflow/example_dags/example_params_trigger_ui.py
[2023-09-27T10:58:09.075+0000] {processor.py:839} INFO - DAG(s) dict_keys(['example_params_trigger_ui']) retrieved from /usr/local/lib/python3.10/dist-packages/airflow/example_dags/example_params_trigger_ui.py
[2023-09-27T10:58:09.118+0000] {logging_mixin.py:151} INFO - [2023-09-27T10:58:09.118+0000] {dag.py:2915} INFO - Sync 1 DAGs
[2023-09-27T10:58:09.130+0000] {logging_mixin.py:151} INFO - [2023-09-27T10:58:09.130+0000] {dag.py:3696} INFO - Setting next_dagrun for example_params_trigger_ui to None, run_after=None
[2023-09-27T10:58:09.152+0000] {processor.py:179} INFO - Processing /usr/local/lib/python3.10/dist-packages/airflow/example_dags/example_params_trigger_ui.py took 0.111 seconds
[2023-09-27T10:58:57.035+0000] {processor.py:157} INFO - Started process (PID=4223) to work on /usr/local/lib/python3.10/dist-packages/airflow/example_dags/example_params_trigger_ui.py
[2023-09-27T10:58:57.036+0000] {processor.py:829} INFO - Processing file /usr/local/lib/python3.10/dist-packages/airflow/example_dags/example_params_trigger_ui.py for tasks to queue
[2023-09-27T10:58:57.037+0000] {logging_mixin.py:151} INFO - [2023-09-27T10:58:57.037+0000] {dagbag.py:539} INFO - Filling up the DagBag from /usr/local/lib/python3.10/dist-packages/airflow/example_dags/example_params_trigger_ui.py
[2023-09-27T10:58:57.057+0000] {processor.py:839} INFO - DAG(s) dict_keys(['example_params_trigger_ui']) retrieved from /usr/local/lib/python3.10/dist-packages/airflow/example_dags/example_params_trigger_ui.py
[2023-09-27T10:58:57.108+0000] {logging_mixin.py:151} INFO - [2023-09-27T10:58:57.107+0000] {dag.py:2915} INFO - Sync 1 DAGs
[2023-09-27T10:58:57.119+0000] {logging_mixin.py:151} INFO - [2023-09-27T10:58:57.119+0000] {dag.py:3696} INFO - Setting next_dagrun for example_params_trigger_ui to None, run_after=None
[2023-09-27T10:58:57.140+0000] {processor.py:179} INFO - Processing /usr/local/lib/python3.10/dist-packages/airflow/example_dags/example_params_trigger_ui.py took 0.109 seconds
[2023-09-27T10:59:45.832+0000] {processor.py:157} INFO - Started process (PID=4273) to work on /usr/local/lib/python3.10/dist-packages/airflow/example_dags/example_params_trigger_ui.py
[2023-09-27T10:59:45.834+0000] {processor.py:829} INFO - Processing file /usr/local/lib/python3.10/dist-packages/airflow/example_dags/example_params_trigger_ui.py for tasks to queue
[2023-09-27T10:59:45.835+0000] {logging_mixin.py:151} INFO - [2023-09-27T10:59:45.834+0000] {dagbag.py:539} INFO - Filling up the DagBag from /usr/local/lib/python3.10/dist-packages/airflow/example_dags/example_params_trigger_ui.py
[2023-09-27T10:59:45.856+0000] {processor.py:839} INFO - DAG(s) dict_keys(['example_params_trigger_ui']) retrieved from /usr/local/lib/python3.10/dist-packages/airflow/example_dags/example_params_trigger_ui.py
[2023-09-27T10:59:45.903+0000] {logging_mixin.py:151} INFO - [2023-09-27T10:59:45.903+0000] {dag.py:2915} INFO - Sync 1 DAGs
[2023-09-27T10:59:45.917+0000] {logging_mixin.py:151} INFO - [2023-09-27T10:59:45.916+0000] {dag.py:3696} INFO - Setting next_dagrun for example_params_trigger_ui to None, run_after=None
[2023-09-27T10:59:45.945+0000] {processor.py:179} INFO - Processing /usr/local/lib/python3.10/dist-packages/airflow/example_dags/example_params_trigger_ui.py took 0.116 seconds
[2023-09-27T11:00:35.418+0000] {processor.py:157} INFO - Started process (PID=4325) to work on /usr/local/lib/python3.10/dist-packages/airflow/example_dags/example_params_trigger_ui.py
[2023-09-27T11:00:35.419+0000] {processor.py:829} INFO - Processing file /usr/local/lib/python3.10/dist-packages/airflow/example_dags/example_params_trigger_ui.py for tasks to queue
[2023-09-27T11:00:35.420+0000] {logging_mixin.py:151} INFO - [2023-09-27T11:00:35.420+0000] {dagbag.py:539} INFO - Filling up the DagBag from /usr/local/lib/python3.10/dist-packages/airflow/example_dags/example_params_trigger_ui.py
[2023-09-27T11:00:35.441+0000] {processor.py:839} INFO - DAG(s) dict_keys(['example_params_trigger_ui']) retrieved from /usr/local/lib/python3.10/dist-packages/airflow/example_dags/example_params_trigger_ui.py
[2023-09-27T11:00:35.485+0000] {logging_mixin.py:151} INFO - [2023-09-27T11:00:35.484+0000] {dag.py:2915} INFO - Sync 1 DAGs
[2023-09-27T11:00:35.496+0000] {logging_mixin.py:151} INFO - [2023-09-27T11:00:35.495+0000] {dag.py:3696} INFO - Setting next_dagrun for example_params_trigger_ui to None, run_after=None
[2023-09-27T11:00:35.515+0000] {processor.py:179} INFO - Processing /usr/local/lib/python3.10/dist-packages/airflow/example_dags/example_params_trigger_ui.py took 0.100 seconds
[2023-09-27T11:01:20.236+0000] {processor.py:157} INFO - Started process (PID=4373) to work on /usr/local/lib/python3.10/dist-packages/airflow/example_dags/example_params_trigger_ui.py
[2023-09-27T11:01:20.237+0000] {processor.py:829} INFO - Processing file /usr/local/lib/python3.10/dist-packages/airflow/example_dags/example_params_trigger_ui.py for tasks to queue
[2023-09-27T11:01:20.238+0000] {logging_mixin.py:151} INFO - [2023-09-27T11:01:20.238+0000] {dagbag.py:539} INFO - Filling up the DagBag from /usr/local/lib/python3.10/dist-packages/airflow/example_dags/example_params_trigger_ui.py
[2023-09-27T11:01:20.255+0000] {processor.py:839} INFO - DAG(s) dict_keys(['example_params_trigger_ui']) retrieved from /usr/local/lib/python3.10/dist-packages/airflow/example_dags/example_params_trigger_ui.py
[2023-09-27T11:01:20.296+0000] {logging_mixin.py:151} INFO - [2023-09-27T11:01:20.296+0000] {dag.py:2915} INFO - Sync 1 DAGs
[2023-09-27T11:01:20.307+0000] {logging_mixin.py:151} INFO - [2023-09-27T11:01:20.307+0000] {dag.py:3696} INFO - Setting next_dagrun for example_params_trigger_ui to None, run_after=None
[2023-09-27T11:01:20.327+0000] {processor.py:179} INFO - Processing /usr/local/lib/python3.10/dist-packages/airflow/example_dags/example_params_trigger_ui.py took 0.095 seconds
[2023-09-27T11:02:04.857+0000] {processor.py:157} INFO - Started process (PID=4420) to work on /usr/local/lib/python3.10/dist-packages/airflow/example_dags/example_params_trigger_ui.py
[2023-09-27T11:02:04.858+0000] {processor.py:829} INFO - Processing file /usr/local/lib/python3.10/dist-packages/airflow/example_dags/example_params_trigger_ui.py for tasks to queue
[2023-09-27T11:02:04.859+0000] {logging_mixin.py:151} INFO - [2023-09-27T11:02:04.858+0000] {dagbag.py:539} INFO - Filling up the DagBag from /usr/local/lib/python3.10/dist-packages/airflow/example_dags/example_params_trigger_ui.py
[2023-09-27T11:02:04.875+0000] {processor.py:839} INFO - DAG(s) dict_keys(['example_params_trigger_ui']) retrieved from /usr/local/lib/python3.10/dist-packages/airflow/example_dags/example_params_trigger_ui.py
[2023-09-27T11:02:04.917+0000] {logging_mixin.py:151} INFO - [2023-09-27T11:02:04.917+0000] {dag.py:2915} INFO - Sync 1 DAGs
[2023-09-27T11:02:04.928+0000] {logging_mixin.py:151} INFO - [2023-09-27T11:02:04.928+0000] {dag.py:3696} INFO - Setting next_dagrun for example_params_trigger_ui to None, run_after=None
[2023-09-27T11:02:04.947+0000] {processor.py:179} INFO - Processing /usr/local/lib/python3.10/dist-packages/airflow/example_dags/example_params_trigger_ui.py took 0.093 seconds
[2023-09-27T11:02:54.338+0000] {processor.py:157} INFO - Started process (PID=4471) to work on /usr/local/lib/python3.10/dist-packages/airflow/example_dags/example_params_trigger_ui.py
[2023-09-27T11:02:54.339+0000] {processor.py:829} INFO - Processing file /usr/local/lib/python3.10/dist-packages/airflow/example_dags/example_params_trigger_ui.py for tasks to queue
[2023-09-27T11:02:54.339+0000] {logging_mixin.py:151} INFO - [2023-09-27T11:02:54.339+0000] {dagbag.py:539} INFO - Filling up the DagBag from /usr/local/lib/python3.10/dist-packages/airflow/example_dags/example_params_trigger_ui.py
[2023-09-27T11:02:54.357+0000] {processor.py:839} INFO - DAG(s) dict_keys(['example_params_trigger_ui']) retrieved from /usr/local/lib/python3.10/dist-packages/airflow/example_dags/example_params_trigger_ui.py
[2023-09-27T11:02:54.421+0000] {logging_mixin.py:151} INFO - [2023-09-27T11:02:54.421+0000] {dag.py:2915} INFO - Sync 1 DAGs
[2023-09-27T11:02:54.442+0000] {logging_mixin.py:151} INFO - [2023-09-27T11:02:54.442+0000] {dag.py:3696} INFO - Setting next_dagrun for example_params_trigger_ui to None, run_after=None
[2023-09-27T11:02:54.464+0000] {processor.py:179} INFO - Processing /usr/local/lib/python3.10/dist-packages/airflow/example_dags/example_params_trigger_ui.py took 0.129 seconds
[2023-09-27T11:03:44.978+0000] {processor.py:157} INFO - Started process (PID=4524) to work on /usr/local/lib/python3.10/dist-packages/airflow/example_dags/example_params_trigger_ui.py
[2023-09-27T11:03:44.979+0000] {processor.py:829} INFO - Processing file /usr/local/lib/python3.10/dist-packages/airflow/example_dags/example_params_trigger_ui.py for tasks to queue
[2023-09-27T11:03:44.980+0000] {logging_mixin.py:151} INFO - [2023-09-27T11:03:44.980+0000] {dagbag.py:539} INFO - Filling up the DagBag from /usr/local/lib/python3.10/dist-packages/airflow/example_dags/example_params_trigger_ui.py
[2023-09-27T11:03:45.002+0000] {processor.py:839} INFO - DAG(s) dict_keys(['example_params_trigger_ui']) retrieved from /usr/local/lib/python3.10/dist-packages/airflow/example_dags/example_params_trigger_ui.py
[2023-09-27T11:03:45.052+0000] {logging_mixin.py:151} INFO - [2023-09-27T11:03:45.051+0000] {dag.py:2915} INFO - Sync 1 DAGs
[2023-09-27T11:03:45.064+0000] {logging_mixin.py:151} INFO - [2023-09-27T11:03:45.063+0000] {dag.py:3696} INFO - Setting next_dagrun for example_params_trigger_ui to None, run_after=None
[2023-09-27T11:03:45.102+0000] {processor.py:179} INFO - Processing /usr/local/lib/python3.10/dist-packages/airflow/example_dags/example_params_trigger_ui.py took 0.128 seconds
[2023-09-27T11:04:36.777+0000] {processor.py:157} INFO - Started process (PID=4576) to work on /usr/local/lib/python3.10/dist-packages/airflow/example_dags/example_params_trigger_ui.py
[2023-09-27T11:04:36.778+0000] {processor.py:829} INFO - Processing file /usr/local/lib/python3.10/dist-packages/airflow/example_dags/example_params_trigger_ui.py for tasks to queue
[2023-09-27T11:04:36.779+0000] {logging_mixin.py:151} INFO - [2023-09-27T11:04:36.778+0000] {dagbag.py:539} INFO - Filling up the DagBag from /usr/local/lib/python3.10/dist-packages/airflow/example_dags/example_params_trigger_ui.py
[2023-09-27T11:04:36.796+0000] {processor.py:839} INFO - DAG(s) dict_keys(['example_params_trigger_ui']) retrieved from /usr/local/lib/python3.10/dist-packages/airflow/example_dags/example_params_trigger_ui.py
[2023-09-27T11:04:36.842+0000] {logging_mixin.py:151} INFO - [2023-09-27T11:04:36.842+0000] {dag.py:2915} INFO - Sync 1 DAGs
[2023-09-27T11:04:36.854+0000] {logging_mixin.py:151} INFO - [2023-09-27T11:04:36.853+0000] {dag.py:3696} INFO - Setting next_dagrun for example_params_trigger_ui to None, run_after=None
[2023-09-27T11:04:36.880+0000] {processor.py:179} INFO - Processing /usr/local/lib/python3.10/dist-packages/airflow/example_dags/example_params_trigger_ui.py took 0.107 seconds
[2023-09-27T11:05:27.514+0000] {processor.py:157} INFO - Started process (PID=4629) to work on /usr/local/lib/python3.10/dist-packages/airflow/example_dags/example_params_trigger_ui.py
[2023-09-27T11:05:27.515+0000] {processor.py:829} INFO - Processing file /usr/local/lib/python3.10/dist-packages/airflow/example_dags/example_params_trigger_ui.py for tasks to queue
[2023-09-27T11:05:27.517+0000] {logging_mixin.py:151} INFO - [2023-09-27T11:05:27.516+0000] {dagbag.py:539} INFO - Filling up the DagBag from /usr/local/lib/python3.10/dist-packages/airflow/example_dags/example_params_trigger_ui.py
[2023-09-27T11:05:27.534+0000] {processor.py:839} INFO - DAG(s) dict_keys(['example_params_trigger_ui']) retrieved from /usr/local/lib/python3.10/dist-packages/airflow/example_dags/example_params_trigger_ui.py
[2023-09-27T11:05:27.583+0000] {logging_mixin.py:151} INFO - [2023-09-27T11:05:27.583+0000] {dag.py:2915} INFO - Sync 1 DAGs
[2023-09-27T11:05:27.594+0000] {logging_mixin.py:151} INFO - [2023-09-27T11:05:27.594+0000] {dag.py:3696} INFO - Setting next_dagrun for example_params_trigger_ui to None, run_after=None
[2023-09-27T11:05:27.614+0000] {processor.py:179} INFO - Processing /usr/local/lib/python3.10/dist-packages/airflow/example_dags/example_params_trigger_ui.py took 0.103 seconds
[2023-09-27T11:06:21.575+0000] {processor.py:157} INFO - Started process (PID=4692) to work on /usr/local/lib/python3.10/dist-packages/airflow/example_dags/example_params_trigger_ui.py
[2023-09-27T11:06:21.576+0000] {processor.py:829} INFO - Processing file /usr/local/lib/python3.10/dist-packages/airflow/example_dags/example_params_trigger_ui.py for tasks to queue
[2023-09-27T11:06:21.576+0000] {logging_mixin.py:151} INFO - [2023-09-27T11:06:21.576+0000] {dagbag.py:539} INFO - Filling up the DagBag from /usr/local/lib/python3.10/dist-packages/airflow/example_dags/example_params_trigger_ui.py
[2023-09-27T11:06:21.596+0000] {processor.py:839} INFO - DAG(s) dict_keys(['example_params_trigger_ui']) retrieved from /usr/local/lib/python3.10/dist-packages/airflow/example_dags/example_params_trigger_ui.py
[2023-09-27T11:06:21.638+0000] {logging_mixin.py:151} INFO - [2023-09-27T11:06:21.638+0000] {dag.py:2915} INFO - Sync 1 DAGs
[2023-09-27T11:06:21.650+0000] {logging_mixin.py:151} INFO - [2023-09-27T11:06:21.650+0000] {dag.py:3696} INFO - Setting next_dagrun for example_params_trigger_ui to None, run_after=None
[2023-09-27T11:06:21.675+0000] {processor.py:179} INFO - Processing /usr/local/lib/python3.10/dist-packages/airflow/example_dags/example_params_trigger_ui.py took 0.104 seconds
[2023-09-27T11:07:11.323+0000] {processor.py:157} INFO - Started process (PID=4744) to work on /usr/local/lib/python3.10/dist-packages/airflow/example_dags/example_params_trigger_ui.py
[2023-09-27T11:07:11.324+0000] {processor.py:829} INFO - Processing file /usr/local/lib/python3.10/dist-packages/airflow/example_dags/example_params_trigger_ui.py for tasks to queue
[2023-09-27T11:07:11.325+0000] {logging_mixin.py:151} INFO - [2023-09-27T11:07:11.324+0000] {dagbag.py:539} INFO - Filling up the DagBag from /usr/local/lib/python3.10/dist-packages/airflow/example_dags/example_params_trigger_ui.py
[2023-09-27T11:07:11.345+0000] {processor.py:839} INFO - DAG(s) dict_keys(['example_params_trigger_ui']) retrieved from /usr/local/lib/python3.10/dist-packages/airflow/example_dags/example_params_trigger_ui.py
[2023-09-27T11:07:11.397+0000] {logging_mixin.py:151} INFO - [2023-09-27T11:07:11.396+0000] {dag.py:2915} INFO - Sync 1 DAGs
[2023-09-27T11:07:11.423+0000] {logging_mixin.py:151} INFO - [2023-09-27T11:07:11.422+0000] {dag.py:3696} INFO - Setting next_dagrun for example_params_trigger_ui to None, run_after=None
[2023-09-27T11:07:11.449+0000] {processor.py:179} INFO - Processing /usr/local/lib/python3.10/dist-packages/airflow/example_dags/example_params_trigger_ui.py took 0.129 seconds
[2023-09-27T11:08:01.709+0000] {processor.py:157} INFO - Started process (PID=4795) to work on /usr/local/lib/python3.10/dist-packages/airflow/example_dags/example_params_trigger_ui.py
[2023-09-27T11:08:01.710+0000] {processor.py:829} INFO - Processing file /usr/local/lib/python3.10/dist-packages/airflow/example_dags/example_params_trigger_ui.py for tasks to queue
[2023-09-27T11:08:01.711+0000] {logging_mixin.py:151} INFO - [2023-09-27T11:08:01.711+0000] {dagbag.py:539} INFO - Filling up the DagBag from /usr/local/lib/python3.10/dist-packages/airflow/example_dags/example_params_trigger_ui.py
[2023-09-27T11:08:01.737+0000] {processor.py:839} INFO - DAG(s) dict_keys(['example_params_trigger_ui']) retrieved from /usr/local/lib/python3.10/dist-packages/airflow/example_dags/example_params_trigger_ui.py
[2023-09-27T11:08:01.783+0000] {logging_mixin.py:151} INFO - [2023-09-27T11:08:01.783+0000] {dag.py:2915} INFO - Sync 1 DAGs
[2023-09-27T11:08:01.794+0000] {logging_mixin.py:151} INFO - [2023-09-27T11:08:01.794+0000] {dag.py:3696} INFO - Setting next_dagrun for example_params_trigger_ui to None, run_after=None
[2023-09-27T11:08:01.826+0000] {processor.py:179} INFO - Processing /usr/local/lib/python3.10/dist-packages/airflow/example_dags/example_params_trigger_ui.py took 0.124 seconds
[2023-09-27T11:08:55.819+0000] {processor.py:157} INFO - Started process (PID=4849) to work on /usr/local/lib/python3.10/dist-packages/airflow/example_dags/example_params_trigger_ui.py
[2023-09-27T11:08:55.820+0000] {processor.py:829} INFO - Processing file /usr/local/lib/python3.10/dist-packages/airflow/example_dags/example_params_trigger_ui.py for tasks to queue
[2023-09-27T11:08:55.821+0000] {logging_mixin.py:151} INFO - [2023-09-27T11:08:55.821+0000] {dagbag.py:539} INFO - Filling up the DagBag from /usr/local/lib/python3.10/dist-packages/airflow/example_dags/example_params_trigger_ui.py
[2023-09-27T11:08:55.837+0000] {processor.py:839} INFO - DAG(s) dict_keys(['example_params_trigger_ui']) retrieved from /usr/local/lib/python3.10/dist-packages/airflow/example_dags/example_params_trigger_ui.py
[2023-09-27T11:08:55.879+0000] {logging_mixin.py:151} INFO - [2023-09-27T11:08:55.879+0000] {dag.py:2915} INFO - Sync 1 DAGs
[2023-09-27T11:08:55.890+0000] {logging_mixin.py:151} INFO - [2023-09-27T11:08:55.890+0000] {dag.py:3696} INFO - Setting next_dagrun for example_params_trigger_ui to None, run_after=None
[2023-09-27T11:08:55.908+0000] {processor.py:179} INFO - Processing /usr/local/lib/python3.10/dist-packages/airflow/example_dags/example_params_trigger_ui.py took 0.093 seconds
[2023-09-27T11:09:41.345+0000] {processor.py:157} INFO - Started process (PID=4899) to work on /usr/local/lib/python3.10/dist-packages/airflow/example_dags/example_params_trigger_ui.py
[2023-09-27T11:09:41.346+0000] {processor.py:829} INFO - Processing file /usr/local/lib/python3.10/dist-packages/airflow/example_dags/example_params_trigger_ui.py for tasks to queue
[2023-09-27T11:09:41.347+0000] {logging_mixin.py:151} INFO - [2023-09-27T11:09:41.346+0000] {dagbag.py:539} INFO - Filling up the DagBag from /usr/local/lib/python3.10/dist-packages/airflow/example_dags/example_params_trigger_ui.py
[2023-09-27T11:09:41.363+0000] {processor.py:839} INFO - DAG(s) dict_keys(['example_params_trigger_ui']) retrieved from /usr/local/lib/python3.10/dist-packages/airflow/example_dags/example_params_trigger_ui.py
[2023-09-27T11:09:41.408+0000] {logging_mixin.py:151} INFO - [2023-09-27T11:09:41.408+0000] {dag.py:2915} INFO - Sync 1 DAGs
[2023-09-27T11:09:41.419+0000] {logging_mixin.py:151} INFO - [2023-09-27T11:09:41.419+0000] {dag.py:3696} INFO - Setting next_dagrun for example_params_trigger_ui to None, run_after=None
[2023-09-27T11:09:41.444+0000] {processor.py:179} INFO - Processing /usr/local/lib/python3.10/dist-packages/airflow/example_dags/example_params_trigger_ui.py took 0.102 seconds
[2023-09-27T11:10:30.595+0000] {processor.py:157} INFO - Started process (PID=4949) to work on /usr/local/lib/python3.10/dist-packages/airflow/example_dags/example_params_trigger_ui.py
[2023-09-27T11:10:30.596+0000] {processor.py:829} INFO - Processing file /usr/local/lib/python3.10/dist-packages/airflow/example_dags/example_params_trigger_ui.py for tasks to queue
[2023-09-27T11:10:30.597+0000] {logging_mixin.py:151} INFO - [2023-09-27T11:10:30.597+0000] {dagbag.py:539} INFO - Filling up the DagBag from /usr/local/lib/python3.10/dist-packages/airflow/example_dags/example_params_trigger_ui.py
[2023-09-27T11:10:30.615+0000] {processor.py:839} INFO - DAG(s) dict_keys(['example_params_trigger_ui']) retrieved from /usr/local/lib/python3.10/dist-packages/airflow/example_dags/example_params_trigger_ui.py
[2023-09-27T11:10:30.659+0000] {logging_mixin.py:151} INFO - [2023-09-27T11:10:30.659+0000] {dag.py:2915} INFO - Sync 1 DAGs
[2023-09-27T11:10:30.673+0000] {logging_mixin.py:151} INFO - [2023-09-27T11:10:30.673+0000] {dag.py:3696} INFO - Setting next_dagrun for example_params_trigger_ui to None, run_after=None
[2023-09-27T11:10:30.695+0000] {processor.py:179} INFO - Processing /usr/local/lib/python3.10/dist-packages/airflow/example_dags/example_params_trigger_ui.py took 0.104 seconds
[2023-09-27T11:11:18.060+0000] {processor.py:157} INFO - Started process (PID=5002) to work on /usr/local/lib/python3.10/dist-packages/airflow/example_dags/example_params_trigger_ui.py
[2023-09-27T11:11:18.062+0000] {processor.py:829} INFO - Processing file /usr/local/lib/python3.10/dist-packages/airflow/example_dags/example_params_trigger_ui.py for tasks to queue
[2023-09-27T11:11:18.063+0000] {logging_mixin.py:151} INFO - [2023-09-27T11:11:18.062+0000] {dagbag.py:539} INFO - Filling up the DagBag from /usr/local/lib/python3.10/dist-packages/airflow/example_dags/example_params_trigger_ui.py
[2023-09-27T11:11:18.086+0000] {processor.py:839} INFO - DAG(s) dict_keys(['example_params_trigger_ui']) retrieved from /usr/local/lib/python3.10/dist-packages/airflow/example_dags/example_params_trigger_ui.py
[2023-09-27T11:11:18.138+0000] {logging_mixin.py:151} INFO - [2023-09-27T11:11:18.138+0000] {dag.py:2915} INFO - Sync 1 DAGs
[2023-09-27T11:11:18.149+0000] {logging_mixin.py:151} INFO - [2023-09-27T11:11:18.149+0000] {dag.py:3696} INFO - Setting next_dagrun for example_params_trigger_ui to None, run_after=None
[2023-09-27T11:11:18.170+0000] {processor.py:179} INFO - Processing /usr/local/lib/python3.10/dist-packages/airflow/example_dags/example_params_trigger_ui.py took 0.119 seconds
[2023-09-27T11:12:08.973+0000] {processor.py:157} INFO - Started process (PID=5054) to work on /usr/local/lib/python3.10/dist-packages/airflow/example_dags/example_params_trigger_ui.py
[2023-09-27T11:12:08.974+0000] {processor.py:829} INFO - Processing file /usr/local/lib/python3.10/dist-packages/airflow/example_dags/example_params_trigger_ui.py for tasks to queue
[2023-09-27T11:12:08.975+0000] {logging_mixin.py:151} INFO - [2023-09-27T11:12:08.975+0000] {dagbag.py:539} INFO - Filling up the DagBag from /usr/local/lib/python3.10/dist-packages/airflow/example_dags/example_params_trigger_ui.py
[2023-09-27T11:12:08.992+0000] {processor.py:839} INFO - DAG(s) dict_keys(['example_params_trigger_ui']) retrieved from /usr/local/lib/python3.10/dist-packages/airflow/example_dags/example_params_trigger_ui.py
[2023-09-27T11:12:09.058+0000] {logging_mixin.py:151} INFO - [2023-09-27T11:12:09.058+0000] {dag.py:2915} INFO - Sync 1 DAGs
[2023-09-27T11:12:09.073+0000] {logging_mixin.py:151} INFO - [2023-09-27T11:12:09.072+0000] {dag.py:3696} INFO - Setting next_dagrun for example_params_trigger_ui to None, run_after=None
[2023-09-27T11:12:09.109+0000] {processor.py:179} INFO - Processing /usr/local/lib/python3.10/dist-packages/airflow/example_dags/example_params_trigger_ui.py took 0.139 seconds
[2023-09-27T11:12:55.755+0000] {processor.py:157} INFO - Started process (PID=5106) to work on /usr/local/lib/python3.10/dist-packages/airflow/example_dags/example_params_trigger_ui.py
[2023-09-27T11:12:55.757+0000] {processor.py:829} INFO - Processing file /usr/local/lib/python3.10/dist-packages/airflow/example_dags/example_params_trigger_ui.py for tasks to queue
[2023-09-27T11:12:55.758+0000] {logging_mixin.py:151} INFO - [2023-09-27T11:12:55.757+0000] {dagbag.py:539} INFO - Filling up the DagBag from /usr/local/lib/python3.10/dist-packages/airflow/example_dags/example_params_trigger_ui.py
[2023-09-27T11:12:55.779+0000] {processor.py:839} INFO - DAG(s) dict_keys(['example_params_trigger_ui']) retrieved from /usr/local/lib/python3.10/dist-packages/airflow/example_dags/example_params_trigger_ui.py
[2023-09-27T11:12:55.823+0000] {logging_mixin.py:151} INFO - [2023-09-27T11:12:55.822+0000] {dag.py:2915} INFO - Sync 1 DAGs
[2023-09-27T11:12:55.834+0000] {logging_mixin.py:151} INFO - [2023-09-27T11:12:55.834+0000] {dag.py:3696} INFO - Setting next_dagrun for example_params_trigger_ui to None, run_after=None
[2023-09-27T11:12:55.855+0000] {processor.py:179} INFO - Processing /usr/local/lib/python3.10/dist-packages/airflow/example_dags/example_params_trigger_ui.py took 0.104 seconds
[2023-09-27T11:13:47.037+0000] {processor.py:157} INFO - Started process (PID=5160) to work on /usr/local/lib/python3.10/dist-packages/airflow/example_dags/example_params_trigger_ui.py
[2023-09-27T11:13:47.039+0000] {processor.py:829} INFO - Processing file /usr/local/lib/python3.10/dist-packages/airflow/example_dags/example_params_trigger_ui.py for tasks to queue
[2023-09-27T11:13:47.039+0000] {logging_mixin.py:151} INFO - [2023-09-27T11:13:47.039+0000] {dagbag.py:539} INFO - Filling up the DagBag from /usr/local/lib/python3.10/dist-packages/airflow/example_dags/example_params_trigger_ui.py
[2023-09-27T11:13:47.055+0000] {processor.py:839} INFO - DAG(s) dict_keys(['example_params_trigger_ui']) retrieved from /usr/local/lib/python3.10/dist-packages/airflow/example_dags/example_params_trigger_ui.py
[2023-09-27T11:13:47.097+0000] {logging_mixin.py:151} INFO - [2023-09-27T11:13:47.096+0000] {dag.py:2915} INFO - Sync 1 DAGs
[2023-09-27T11:13:47.111+0000] {logging_mixin.py:151} INFO - [2023-09-27T11:13:47.111+0000] {dag.py:3696} INFO - Setting next_dagrun for example_params_trigger_ui to None, run_after=None
[2023-09-27T11:13:47.135+0000] {processor.py:179} INFO - Processing /usr/local/lib/python3.10/dist-packages/airflow/example_dags/example_params_trigger_ui.py took 0.102 seconds
[2023-09-27T11:14:35.606+0000] {processor.py:157} INFO - Started process (PID=5212) to work on /usr/local/lib/python3.10/dist-packages/airflow/example_dags/example_params_trigger_ui.py
[2023-09-27T11:14:35.606+0000] {processor.py:829} INFO - Processing file /usr/local/lib/python3.10/dist-packages/airflow/example_dags/example_params_trigger_ui.py for tasks to queue
[2023-09-27T11:14:35.607+0000] {logging_mixin.py:151} INFO - [2023-09-27T11:14:35.607+0000] {dagbag.py:539} INFO - Filling up the DagBag from /usr/local/lib/python3.10/dist-packages/airflow/example_dags/example_params_trigger_ui.py
[2023-09-27T11:14:35.624+0000] {processor.py:839} INFO - DAG(s) dict_keys(['example_params_trigger_ui']) retrieved from /usr/local/lib/python3.10/dist-packages/airflow/example_dags/example_params_trigger_ui.py
[2023-09-27T11:14:35.678+0000] {logging_mixin.py:151} INFO - [2023-09-27T11:14:35.677+0000] {dag.py:2915} INFO - Sync 1 DAGs
[2023-09-27T11:14:35.688+0000] {logging_mixin.py:151} INFO - [2023-09-27T11:14:35.688+0000] {dag.py:3696} INFO - Setting next_dagrun for example_params_trigger_ui to None, run_after=None
[2023-09-27T11:14:35.709+0000] {processor.py:179} INFO - Processing /usr/local/lib/python3.10/dist-packages/airflow/example_dags/example_params_trigger_ui.py took 0.106 seconds
[2023-09-27T11:15:28.686+0000] {processor.py:157} INFO - Started process (PID=5265) to work on /usr/local/lib/python3.10/dist-packages/airflow/example_dags/example_params_trigger_ui.py
[2023-09-27T11:15:28.687+0000] {processor.py:829} INFO - Processing file /usr/local/lib/python3.10/dist-packages/airflow/example_dags/example_params_trigger_ui.py for tasks to queue
[2023-09-27T11:15:28.688+0000] {logging_mixin.py:151} INFO - [2023-09-27T11:15:28.688+0000] {dagbag.py:539} INFO - Filling up the DagBag from /usr/local/lib/python3.10/dist-packages/airflow/example_dags/example_params_trigger_ui.py
[2023-09-27T11:15:28.719+0000] {processor.py:839} INFO - DAG(s) dict_keys(['example_params_trigger_ui']) retrieved from /usr/local/lib/python3.10/dist-packages/airflow/example_dags/example_params_trigger_ui.py
[2023-09-27T11:15:28.763+0000] {logging_mixin.py:151} INFO - [2023-09-27T11:15:28.763+0000] {dag.py:2915} INFO - Sync 1 DAGs
[2023-09-27T11:15:28.776+0000] {logging_mixin.py:151} INFO - [2023-09-27T11:15:28.775+0000] {dag.py:3696} INFO - Setting next_dagrun for example_params_trigger_ui to None, run_after=None
[2023-09-27T11:15:28.803+0000] {processor.py:179} INFO - Processing /usr/local/lib/python3.10/dist-packages/airflow/example_dags/example_params_trigger_ui.py took 0.120 seconds
[2023-09-27T11:16:19.031+0000] {processor.py:157} INFO - Started process (PID=5317) to work on /usr/local/lib/python3.10/dist-packages/airflow/example_dags/example_params_trigger_ui.py
[2023-09-27T11:16:19.032+0000] {processor.py:829} INFO - Processing file /usr/local/lib/python3.10/dist-packages/airflow/example_dags/example_params_trigger_ui.py for tasks to queue
[2023-09-27T11:16:19.033+0000] {logging_mixin.py:151} INFO - [2023-09-27T11:16:19.032+0000] {dagbag.py:539} INFO - Filling up the DagBag from /usr/local/lib/python3.10/dist-packages/airflow/example_dags/example_params_trigger_ui.py
[2023-09-27T11:16:19.053+0000] {processor.py:839} INFO - DAG(s) dict_keys(['example_params_trigger_ui']) retrieved from /usr/local/lib/python3.10/dist-packages/airflow/example_dags/example_params_trigger_ui.py
[2023-09-27T11:16:19.109+0000] {logging_mixin.py:151} INFO - [2023-09-27T11:16:19.109+0000] {dag.py:2915} INFO - Sync 1 DAGs
[2023-09-27T11:16:19.121+0000] {logging_mixin.py:151} INFO - [2023-09-27T11:16:19.121+0000] {dag.py:3696} INFO - Setting next_dagrun for example_params_trigger_ui to None, run_after=None
[2023-09-27T11:16:19.144+0000] {processor.py:179} INFO - Processing /usr/local/lib/python3.10/dist-packages/airflow/example_dags/example_params_trigger_ui.py took 0.117 seconds
[2023-09-27T11:17:07.904+0000] {processor.py:157} INFO - Started process (PID=5373) to work on /usr/local/lib/python3.10/dist-packages/airflow/example_dags/example_params_trigger_ui.py
[2023-09-27T11:17:07.906+0000] {processor.py:829} INFO - Processing file /usr/local/lib/python3.10/dist-packages/airflow/example_dags/example_params_trigger_ui.py for tasks to queue
[2023-09-27T11:17:07.906+0000] {logging_mixin.py:151} INFO - [2023-09-27T11:17:07.906+0000] {dagbag.py:539} INFO - Filling up the DagBag from /usr/local/lib/python3.10/dist-packages/airflow/example_dags/example_params_trigger_ui.py
[2023-09-27T11:17:07.927+0000] {processor.py:839} INFO - DAG(s) dict_keys(['example_params_trigger_ui']) retrieved from /usr/local/lib/python3.10/dist-packages/airflow/example_dags/example_params_trigger_ui.py
[2023-09-27T11:17:07.968+0000] {logging_mixin.py:151} INFO - [2023-09-27T11:17:07.968+0000] {dag.py:2915} INFO - Sync 1 DAGs
[2023-09-27T11:17:07.980+0000] {logging_mixin.py:151} INFO - [2023-09-27T11:17:07.980+0000] {dag.py:3696} INFO - Setting next_dagrun for example_params_trigger_ui to None, run_after=None
[2023-09-27T11:17:08.004+0000] {processor.py:179} INFO - Processing /usr/local/lib/python3.10/dist-packages/airflow/example_dags/example_params_trigger_ui.py took 0.104 seconds
[2023-09-27T11:18:00.521+0000] {processor.py:157} INFO - Started process (PID=5429) to work on /usr/local/lib/python3.10/dist-packages/airflow/example_dags/example_params_trigger_ui.py
[2023-09-27T11:18:00.522+0000] {processor.py:829} INFO - Processing file /usr/local/lib/python3.10/dist-packages/airflow/example_dags/example_params_trigger_ui.py for tasks to queue
[2023-09-27T11:18:00.523+0000] {logging_mixin.py:151} INFO - [2023-09-27T11:18:00.523+0000] {dagbag.py:539} INFO - Filling up the DagBag from /usr/local/lib/python3.10/dist-packages/airflow/example_dags/example_params_trigger_ui.py
[2023-09-27T11:18:00.540+0000] {processor.py:839} INFO - DAG(s) dict_keys(['example_params_trigger_ui']) retrieved from /usr/local/lib/python3.10/dist-packages/airflow/example_dags/example_params_trigger_ui.py
[2023-09-27T11:18:00.589+0000] {logging_mixin.py:151} INFO - [2023-09-27T11:18:00.589+0000] {dag.py:2915} INFO - Sync 1 DAGs
[2023-09-27T11:18:00.603+0000] {logging_mixin.py:151} INFO - [2023-09-27T11:18:00.603+0000] {dag.py:3696} INFO - Setting next_dagrun for example_params_trigger_ui to None, run_after=None
[2023-09-27T11:18:00.627+0000] {processor.py:179} INFO - Processing /usr/local/lib/python3.10/dist-packages/airflow/example_dags/example_params_trigger_ui.py took 0.109 seconds
[2023-09-27T11:18:49.701+0000] {processor.py:157} INFO - Started process (PID=5481) to work on /usr/local/lib/python3.10/dist-packages/airflow/example_dags/example_params_trigger_ui.py
[2023-09-27T11:18:49.702+0000] {processor.py:829} INFO - Processing file /usr/local/lib/python3.10/dist-packages/airflow/example_dags/example_params_trigger_ui.py for tasks to queue
[2023-09-27T11:18:49.703+0000] {logging_mixin.py:151} INFO - [2023-09-27T11:18:49.703+0000] {dagbag.py:539} INFO - Filling up the DagBag from /usr/local/lib/python3.10/dist-packages/airflow/example_dags/example_params_trigger_ui.py
[2023-09-27T11:18:49.723+0000] {processor.py:839} INFO - DAG(s) dict_keys(['example_params_trigger_ui']) retrieved from /usr/local/lib/python3.10/dist-packages/airflow/example_dags/example_params_trigger_ui.py
[2023-09-27T11:18:49.768+0000] {logging_mixin.py:151} INFO - [2023-09-27T11:18:49.768+0000] {dag.py:2915} INFO - Sync 1 DAGs
[2023-09-27T11:18:49.788+0000] {logging_mixin.py:151} INFO - [2023-09-27T11:18:49.788+0000] {dag.py:3696} INFO - Setting next_dagrun for example_params_trigger_ui to None, run_after=None
[2023-09-27T11:18:49.812+0000] {processor.py:179} INFO - Processing /usr/local/lib/python3.10/dist-packages/airflow/example_dags/example_params_trigger_ui.py took 0.114 seconds
[2023-09-27T11:19:38.062+0000] {processor.py:157} INFO - Started process (PID=5533) to work on /usr/local/lib/python3.10/dist-packages/airflow/example_dags/example_params_trigger_ui.py
[2023-09-27T11:19:38.064+0000] {processor.py:829} INFO - Processing file /usr/local/lib/python3.10/dist-packages/airflow/example_dags/example_params_trigger_ui.py for tasks to queue
[2023-09-27T11:19:38.064+0000] {logging_mixin.py:151} INFO - [2023-09-27T11:19:38.064+0000] {dagbag.py:539} INFO - Filling up the DagBag from /usr/local/lib/python3.10/dist-packages/airflow/example_dags/example_params_trigger_ui.py
[2023-09-27T11:19:38.081+0000] {processor.py:839} INFO - DAG(s) dict_keys(['example_params_trigger_ui']) retrieved from /usr/local/lib/python3.10/dist-packages/airflow/example_dags/example_params_trigger_ui.py
[2023-09-27T11:19:38.122+0000] {logging_mixin.py:151} INFO - [2023-09-27T11:19:38.122+0000] {dag.py:2915} INFO - Sync 1 DAGs
[2023-09-27T11:19:38.133+0000] {logging_mixin.py:151} INFO - [2023-09-27T11:19:38.133+0000] {dag.py:3696} INFO - Setting next_dagrun for example_params_trigger_ui to None, run_after=None
[2023-09-27T11:19:38.160+0000] {processor.py:179} INFO - Processing /usr/local/lib/python3.10/dist-packages/airflow/example_dags/example_params_trigger_ui.py took 0.101 seconds
[2023-09-27T11:20:31.791+0000] {processor.py:157} INFO - Started process (PID=5590) to work on /usr/local/lib/python3.10/dist-packages/airflow/example_dags/example_params_trigger_ui.py
[2023-09-27T11:20:31.792+0000] {processor.py:829} INFO - Processing file /usr/local/lib/python3.10/dist-packages/airflow/example_dags/example_params_trigger_ui.py for tasks to queue
[2023-09-27T11:20:31.793+0000] {logging_mixin.py:151} INFO - [2023-09-27T11:20:31.793+0000] {dagbag.py:539} INFO - Filling up the DagBag from /usr/local/lib/python3.10/dist-packages/airflow/example_dags/example_params_trigger_ui.py
[2023-09-27T11:20:31.810+0000] {processor.py:839} INFO - DAG(s) dict_keys(['example_params_trigger_ui']) retrieved from /usr/local/lib/python3.10/dist-packages/airflow/example_dags/example_params_trigger_ui.py
[2023-09-27T11:20:31.851+0000] {logging_mixin.py:151} INFO - [2023-09-27T11:20:31.851+0000] {dag.py:2915} INFO - Sync 1 DAGs
[2023-09-27T11:20:31.864+0000] {logging_mixin.py:151} INFO - [2023-09-27T11:20:31.864+0000] {dag.py:3696} INFO - Setting next_dagrun for example_params_trigger_ui to None, run_after=None
[2023-09-27T11:20:31.884+0000] {processor.py:179} INFO - Processing /usr/local/lib/python3.10/dist-packages/airflow/example_dags/example_params_trigger_ui.py took 0.096 seconds
[2023-09-27T11:21:23.266+0000] {processor.py:157} INFO - Started process (PID=5642) to work on /usr/local/lib/python3.10/dist-packages/airflow/example_dags/example_params_trigger_ui.py
[2023-09-27T11:21:23.267+0000] {processor.py:829} INFO - Processing file /usr/local/lib/python3.10/dist-packages/airflow/example_dags/example_params_trigger_ui.py for tasks to queue
[2023-09-27T11:21:23.268+0000] {logging_mixin.py:151} INFO - [2023-09-27T11:21:23.268+0000] {dagbag.py:539} INFO - Filling up the DagBag from /usr/local/lib/python3.10/dist-packages/airflow/example_dags/example_params_trigger_ui.py
[2023-09-27T11:21:23.291+0000] {processor.py:839} INFO - DAG(s) dict_keys(['example_params_trigger_ui']) retrieved from /usr/local/lib/python3.10/dist-packages/airflow/example_dags/example_params_trigger_ui.py
[2023-09-27T11:21:23.354+0000] {logging_mixin.py:151} INFO - [2023-09-27T11:21:23.354+0000] {dag.py:2915} INFO - Sync 1 DAGs
[2023-09-27T11:21:23.366+0000] {logging_mixin.py:151} INFO - [2023-09-27T11:21:23.366+0000] {dag.py:3696} INFO - Setting next_dagrun for example_params_trigger_ui to None, run_after=None
[2023-09-27T11:21:23.396+0000] {processor.py:179} INFO - Processing /usr/local/lib/python3.10/dist-packages/airflow/example_dags/example_params_trigger_ui.py took 0.136 seconds
[2023-09-27T11:22:13.599+0000] {processor.py:157} INFO - Started process (PID=5699) to work on /usr/local/lib/python3.10/dist-packages/airflow/example_dags/example_params_trigger_ui.py
[2023-09-27T11:22:13.600+0000] {processor.py:829} INFO - Processing file /usr/local/lib/python3.10/dist-packages/airflow/example_dags/example_params_trigger_ui.py for tasks to queue
[2023-09-27T11:22:13.601+0000] {logging_mixin.py:151} INFO - [2023-09-27T11:22:13.600+0000] {dagbag.py:539} INFO - Filling up the DagBag from /usr/local/lib/python3.10/dist-packages/airflow/example_dags/example_params_trigger_ui.py
[2023-09-27T11:22:13.622+0000] {processor.py:839} INFO - DAG(s) dict_keys(['example_params_trigger_ui']) retrieved from /usr/local/lib/python3.10/dist-packages/airflow/example_dags/example_params_trigger_ui.py
[2023-09-27T11:22:13.694+0000] {logging_mixin.py:151} INFO - [2023-09-27T11:22:13.694+0000] {dag.py:2915} INFO - Sync 1 DAGs
[2023-09-27T11:22:13.707+0000] {logging_mixin.py:151} INFO - [2023-09-27T11:22:13.707+0000] {dag.py:3696} INFO - Setting next_dagrun for example_params_trigger_ui to None, run_after=None
[2023-09-27T11:22:13.744+0000] {processor.py:179} INFO - Processing /usr/local/lib/python3.10/dist-packages/airflow/example_dags/example_params_trigger_ui.py took 0.148 seconds
[2023-09-27T11:23:02.892+0000] {processor.py:157} INFO - Started process (PID=5751) to work on /usr/local/lib/python3.10/dist-packages/airflow/example_dags/example_params_trigger_ui.py
[2023-09-27T11:23:02.894+0000] {processor.py:829} INFO - Processing file /usr/local/lib/python3.10/dist-packages/airflow/example_dags/example_params_trigger_ui.py for tasks to queue
[2023-09-27T11:23:02.895+0000] {logging_mixin.py:151} INFO - [2023-09-27T11:23:02.894+0000] {dagbag.py:539} INFO - Filling up the DagBag from /usr/local/lib/python3.10/dist-packages/airflow/example_dags/example_params_trigger_ui.py
[2023-09-27T11:23:02.912+0000] {processor.py:839} INFO - DAG(s) dict_keys(['example_params_trigger_ui']) retrieved from /usr/local/lib/python3.10/dist-packages/airflow/example_dags/example_params_trigger_ui.py
[2023-09-27T11:23:02.953+0000] {logging_mixin.py:151} INFO - [2023-09-27T11:23:02.953+0000] {dag.py:2915} INFO - Sync 1 DAGs
[2023-09-27T11:23:02.964+0000] {logging_mixin.py:151} INFO - [2023-09-27T11:23:02.964+0000] {dag.py:3696} INFO - Setting next_dagrun for example_params_trigger_ui to None, run_after=None
[2023-09-27T11:23:02.987+0000] {processor.py:179} INFO - Processing /usr/local/lib/python3.10/dist-packages/airflow/example_dags/example_params_trigger_ui.py took 0.099 seconds
[2023-09-27T11:23:54.547+0000] {processor.py:157} INFO - Started process (PID=5804) to work on /usr/local/lib/python3.10/dist-packages/airflow/example_dags/example_params_trigger_ui.py
[2023-09-27T11:23:54.549+0000] {processor.py:829} INFO - Processing file /usr/local/lib/python3.10/dist-packages/airflow/example_dags/example_params_trigger_ui.py for tasks to queue
[2023-09-27T11:23:54.550+0000] {logging_mixin.py:151} INFO - [2023-09-27T11:23:54.549+0000] {dagbag.py:539} INFO - Filling up the DagBag from /usr/local/lib/python3.10/dist-packages/airflow/example_dags/example_params_trigger_ui.py
[2023-09-27T11:23:54.567+0000] {processor.py:839} INFO - DAG(s) dict_keys(['example_params_trigger_ui']) retrieved from /usr/local/lib/python3.10/dist-packages/airflow/example_dags/example_params_trigger_ui.py
[2023-09-27T11:23:54.607+0000] {logging_mixin.py:151} INFO - [2023-09-27T11:23:54.605+0000] {dag.py:2915} INFO - Sync 1 DAGs
[2023-09-27T11:23:54.619+0000] {logging_mixin.py:151} INFO - [2023-09-27T11:23:54.619+0000] {dag.py:3696} INFO - Setting next_dagrun for example_params_trigger_ui to None, run_after=None
[2023-09-27T11:23:54.641+0000] {processor.py:179} INFO - Processing /usr/local/lib/python3.10/dist-packages/airflow/example_dags/example_params_trigger_ui.py took 0.097 seconds
[2023-09-27T11:24:44.766+0000] {processor.py:157} INFO - Started process (PID=5856) to work on /usr/local/lib/python3.10/dist-packages/airflow/example_dags/example_params_trigger_ui.py
[2023-09-27T11:24:44.767+0000] {processor.py:829} INFO - Processing file /usr/local/lib/python3.10/dist-packages/airflow/example_dags/example_params_trigger_ui.py for tasks to queue
[2023-09-27T11:24:44.768+0000] {logging_mixin.py:151} INFO - [2023-09-27T11:24:44.768+0000] {dagbag.py:539} INFO - Filling up the DagBag from /usr/local/lib/python3.10/dist-packages/airflow/example_dags/example_params_trigger_ui.py
[2023-09-27T11:24:44.795+0000] {processor.py:839} INFO - DAG(s) dict_keys(['example_params_trigger_ui']) retrieved from /usr/local/lib/python3.10/dist-packages/airflow/example_dags/example_params_trigger_ui.py
[2023-09-27T11:24:44.844+0000] {logging_mixin.py:151} INFO - [2023-09-27T11:24:44.844+0000] {dag.py:2915} INFO - Sync 1 DAGs
[2023-09-27T11:24:44.862+0000] {logging_mixin.py:151} INFO - [2023-09-27T11:24:44.862+0000] {dag.py:3696} INFO - Setting next_dagrun for example_params_trigger_ui to None, run_after=None
[2023-09-27T11:24:44.898+0000] {processor.py:179} INFO - Processing /usr/local/lib/python3.10/dist-packages/airflow/example_dags/example_params_trigger_ui.py took 0.138 seconds
[2023-09-27T11:25:38.991+0000] {processor.py:157} INFO - Started process (PID=5911) to work on /usr/local/lib/python3.10/dist-packages/airflow/example_dags/example_params_trigger_ui.py
[2023-09-27T11:25:38.993+0000] {processor.py:829} INFO - Processing file /usr/local/lib/python3.10/dist-packages/airflow/example_dags/example_params_trigger_ui.py for tasks to queue
[2023-09-27T11:25:38.993+0000] {logging_mixin.py:151} INFO - [2023-09-27T11:25:38.993+0000] {dagbag.py:539} INFO - Filling up the DagBag from /usr/local/lib/python3.10/dist-packages/airflow/example_dags/example_params_trigger_ui.py
[2023-09-27T11:25:39.009+0000] {processor.py:839} INFO - DAG(s) dict_keys(['example_params_trigger_ui']) retrieved from /usr/local/lib/python3.10/dist-packages/airflow/example_dags/example_params_trigger_ui.py
[2023-09-27T11:25:39.047+0000] {logging_mixin.py:151} INFO - [2023-09-27T11:25:39.047+0000] {dag.py:2915} INFO - Sync 1 DAGs
[2023-09-27T11:25:39.058+0000] {logging_mixin.py:151} INFO - [2023-09-27T11:25:39.057+0000] {dag.py:3696} INFO - Setting next_dagrun for example_params_trigger_ui to None, run_after=None
[2023-09-27T11:25:39.080+0000] {processor.py:179} INFO - Processing /usr/local/lib/python3.10/dist-packages/airflow/example_dags/example_params_trigger_ui.py took 0.091 seconds
[2023-09-27T11:26:32.510+0000] {processor.py:157} INFO - Started process (PID=5968) to work on /usr/local/lib/python3.10/dist-packages/airflow/example_dags/example_params_trigger_ui.py
[2023-09-27T11:26:32.512+0000] {processor.py:829} INFO - Processing file /usr/local/lib/python3.10/dist-packages/airflow/example_dags/example_params_trigger_ui.py for tasks to queue
[2023-09-27T11:26:32.513+0000] {logging_mixin.py:151} INFO - [2023-09-27T11:26:32.513+0000] {dagbag.py:539} INFO - Filling up the DagBag from /usr/local/lib/python3.10/dist-packages/airflow/example_dags/example_params_trigger_ui.py
[2023-09-27T11:26:32.533+0000] {processor.py:839} INFO - DAG(s) dict_keys(['example_params_trigger_ui']) retrieved from /usr/local/lib/python3.10/dist-packages/airflow/example_dags/example_params_trigger_ui.py
[2023-09-27T11:26:32.591+0000] {logging_mixin.py:151} INFO - [2023-09-27T11:26:32.591+0000] {dag.py:2915} INFO - Sync 1 DAGs
[2023-09-27T11:26:32.607+0000] {logging_mixin.py:151} INFO - [2023-09-27T11:26:32.607+0000] {dag.py:3696} INFO - Setting next_dagrun for example_params_trigger_ui to None, run_after=None
[2023-09-27T11:26:32.631+0000] {processor.py:179} INFO - Processing /usr/local/lib/python3.10/dist-packages/airflow/example_dags/example_params_trigger_ui.py took 0.124 seconds
[2023-09-27T11:27:20.304+0000] {processor.py:157} INFO - Started process (PID=6021) to work on /usr/local/lib/python3.10/dist-packages/airflow/example_dags/example_params_trigger_ui.py
[2023-09-27T11:27:20.306+0000] {processor.py:829} INFO - Processing file /usr/local/lib/python3.10/dist-packages/airflow/example_dags/example_params_trigger_ui.py for tasks to queue
[2023-09-27T11:27:20.306+0000] {logging_mixin.py:151} INFO - [2023-09-27T11:27:20.306+0000] {dagbag.py:539} INFO - Filling up the DagBag from /usr/local/lib/python3.10/dist-packages/airflow/example_dags/example_params_trigger_ui.py
[2023-09-27T11:27:20.330+0000] {processor.py:839} INFO - DAG(s) dict_keys(['example_params_trigger_ui']) retrieved from /usr/local/lib/python3.10/dist-packages/airflow/example_dags/example_params_trigger_ui.py
[2023-09-27T11:27:20.371+0000] {logging_mixin.py:151} INFO - [2023-09-27T11:27:20.371+0000] {dag.py:2915} INFO - Sync 1 DAGs
[2023-09-27T11:27:20.382+0000] {logging_mixin.py:151} INFO - [2023-09-27T11:27:20.381+0000] {dag.py:3696} INFO - Setting next_dagrun for example_params_trigger_ui to None, run_after=None
[2023-09-27T11:27:20.402+0000] {processor.py:179} INFO - Processing /usr/local/lib/python3.10/dist-packages/airflow/example_dags/example_params_trigger_ui.py took 0.102 seconds
[2023-09-27T11:28:10.342+0000] {processor.py:157} INFO - Started process (PID=6077) to work on /usr/local/lib/python3.10/dist-packages/airflow/example_dags/example_params_trigger_ui.py
[2023-09-27T11:28:10.344+0000] {processor.py:829} INFO - Processing file /usr/local/lib/python3.10/dist-packages/airflow/example_dags/example_params_trigger_ui.py for tasks to queue
[2023-09-27T11:28:10.344+0000] {logging_mixin.py:151} INFO - [2023-09-27T11:28:10.344+0000] {dagbag.py:539} INFO - Filling up the DagBag from /usr/local/lib/python3.10/dist-packages/airflow/example_dags/example_params_trigger_ui.py
[2023-09-27T11:28:10.367+0000] {processor.py:839} INFO - DAG(s) dict_keys(['example_params_trigger_ui']) retrieved from /usr/local/lib/python3.10/dist-packages/airflow/example_dags/example_params_trigger_ui.py
[2023-09-27T11:28:10.408+0000] {logging_mixin.py:151} INFO - [2023-09-27T11:28:10.408+0000] {dag.py:2915} INFO - Sync 1 DAGs
[2023-09-27T11:28:10.421+0000] {logging_mixin.py:151} INFO - [2023-09-27T11:28:10.420+0000] {dag.py:3696} INFO - Setting next_dagrun for example_params_trigger_ui to None, run_after=None
[2023-09-27T11:28:10.441+0000] {processor.py:179} INFO - Processing /usr/local/lib/python3.10/dist-packages/airflow/example_dags/example_params_trigger_ui.py took 0.102 seconds
[2023-09-27T11:28:57.545+0000] {processor.py:157} INFO - Started process (PID=6129) to work on /usr/local/lib/python3.10/dist-packages/airflow/example_dags/example_params_trigger_ui.py
[2023-09-27T11:28:57.547+0000] {processor.py:829} INFO - Processing file /usr/local/lib/python3.10/dist-packages/airflow/example_dags/example_params_trigger_ui.py for tasks to queue
[2023-09-27T11:28:57.547+0000] {logging_mixin.py:151} INFO - [2023-09-27T11:28:57.547+0000] {dagbag.py:539} INFO - Filling up the DagBag from /usr/local/lib/python3.10/dist-packages/airflow/example_dags/example_params_trigger_ui.py
[2023-09-27T11:28:57.565+0000] {processor.py:839} INFO - DAG(s) dict_keys(['example_params_trigger_ui']) retrieved from /usr/local/lib/python3.10/dist-packages/airflow/example_dags/example_params_trigger_ui.py
[2023-09-27T11:28:57.607+0000] {logging_mixin.py:151} INFO - [2023-09-27T11:28:57.607+0000] {dag.py:2915} INFO - Sync 1 DAGs
[2023-09-27T11:28:57.618+0000] {logging_mixin.py:151} INFO - [2023-09-27T11:28:57.618+0000] {dag.py:3696} INFO - Setting next_dagrun for example_params_trigger_ui to None, run_after=None
[2023-09-27T11:28:57.640+0000] {processor.py:179} INFO - Processing /usr/local/lib/python3.10/dist-packages/airflow/example_dags/example_params_trigger_ui.py took 0.098 seconds
[2023-09-27T11:29:49.398+0000] {processor.py:157} INFO - Started process (PID=6184) to work on /usr/local/lib/python3.10/dist-packages/airflow/example_dags/example_params_trigger_ui.py
[2023-09-27T11:29:49.400+0000] {processor.py:829} INFO - Processing file /usr/local/lib/python3.10/dist-packages/airflow/example_dags/example_params_trigger_ui.py for tasks to queue
[2023-09-27T11:29:49.401+0000] {logging_mixin.py:151} INFO - [2023-09-27T11:29:49.400+0000] {dagbag.py:539} INFO - Filling up the DagBag from /usr/local/lib/python3.10/dist-packages/airflow/example_dags/example_params_trigger_ui.py
[2023-09-27T11:29:49.419+0000] {processor.py:839} INFO - DAG(s) dict_keys(['example_params_trigger_ui']) retrieved from /usr/local/lib/python3.10/dist-packages/airflow/example_dags/example_params_trigger_ui.py
[2023-09-27T11:29:49.459+0000] {logging_mixin.py:151} INFO - [2023-09-27T11:29:49.459+0000] {dag.py:2915} INFO - Sync 1 DAGs
[2023-09-27T11:29:49.472+0000] {logging_mixin.py:151} INFO - [2023-09-27T11:29:49.471+0000] {dag.py:3696} INFO - Setting next_dagrun for example_params_trigger_ui to None, run_after=None
[2023-09-27T11:29:49.492+0000] {processor.py:179} INFO - Processing /usr/local/lib/python3.10/dist-packages/airflow/example_dags/example_params_trigger_ui.py took 0.098 seconds
[2023-09-27T11:30:38.866+0000] {processor.py:157} INFO - Started process (PID=6236) to work on /usr/local/lib/python3.10/dist-packages/airflow/example_dags/example_params_trigger_ui.py
[2023-09-27T11:30:38.867+0000] {processor.py:829} INFO - Processing file /usr/local/lib/python3.10/dist-packages/airflow/example_dags/example_params_trigger_ui.py for tasks to queue
[2023-09-27T11:30:38.868+0000] {logging_mixin.py:151} INFO - [2023-09-27T11:30:38.868+0000] {dagbag.py:539} INFO - Filling up the DagBag from /usr/local/lib/python3.10/dist-packages/airflow/example_dags/example_params_trigger_ui.py
[2023-09-27T11:30:38.884+0000] {processor.py:839} INFO - DAG(s) dict_keys(['example_params_trigger_ui']) retrieved from /usr/local/lib/python3.10/dist-packages/airflow/example_dags/example_params_trigger_ui.py
[2023-09-27T11:30:38.930+0000] {logging_mixin.py:151} INFO - [2023-09-27T11:30:38.930+0000] {dag.py:2915} INFO - Sync 1 DAGs
[2023-09-27T11:30:38.946+0000] {logging_mixin.py:151} INFO - [2023-09-27T11:30:38.946+0000] {dag.py:3696} INFO - Setting next_dagrun for example_params_trigger_ui to None, run_after=None
[2023-09-27T11:30:38.969+0000] {processor.py:179} INFO - Processing /usr/local/lib/python3.10/dist-packages/airflow/example_dags/example_params_trigger_ui.py took 0.106 seconds
[2023-09-27T11:31:28.114+0000] {processor.py:157} INFO - Started process (PID=6290) to work on /usr/local/lib/python3.10/dist-packages/airflow/example_dags/example_params_trigger_ui.py
[2023-09-27T11:31:28.115+0000] {processor.py:829} INFO - Processing file /usr/local/lib/python3.10/dist-packages/airflow/example_dags/example_params_trigger_ui.py for tasks to queue
[2023-09-27T11:31:28.116+0000] {logging_mixin.py:151} INFO - [2023-09-27T11:31:28.116+0000] {dagbag.py:539} INFO - Filling up the DagBag from /usr/local/lib/python3.10/dist-packages/airflow/example_dags/example_params_trigger_ui.py
[2023-09-27T11:31:28.133+0000] {processor.py:839} INFO - DAG(s) dict_keys(['example_params_trigger_ui']) retrieved from /usr/local/lib/python3.10/dist-packages/airflow/example_dags/example_params_trigger_ui.py
[2023-09-27T11:31:28.174+0000] {logging_mixin.py:151} INFO - [2023-09-27T11:31:28.174+0000] {dag.py:2915} INFO - Sync 1 DAGs
[2023-09-27T11:31:28.185+0000] {logging_mixin.py:151} INFO - [2023-09-27T11:31:28.185+0000] {dag.py:3696} INFO - Setting next_dagrun for example_params_trigger_ui to None, run_after=None
[2023-09-27T11:31:28.210+0000] {processor.py:179} INFO - Processing /usr/local/lib/python3.10/dist-packages/airflow/example_dags/example_params_trigger_ui.py took 0.099 seconds
[2023-09-27T11:32:14.554+0000] {processor.py:157} INFO - Started process (PID=6341) to work on /usr/local/lib/python3.10/dist-packages/airflow/example_dags/example_params_trigger_ui.py
[2023-09-27T11:32:14.555+0000] {processor.py:829} INFO - Processing file /usr/local/lib/python3.10/dist-packages/airflow/example_dags/example_params_trigger_ui.py for tasks to queue
[2023-09-27T11:32:14.556+0000] {logging_mixin.py:151} INFO - [2023-09-27T11:32:14.556+0000] {dagbag.py:539} INFO - Filling up the DagBag from /usr/local/lib/python3.10/dist-packages/airflow/example_dags/example_params_trigger_ui.py
[2023-09-27T11:32:14.573+0000] {processor.py:839} INFO - DAG(s) dict_keys(['example_params_trigger_ui']) retrieved from /usr/local/lib/python3.10/dist-packages/airflow/example_dags/example_params_trigger_ui.py
[2023-09-27T11:32:14.616+0000] {logging_mixin.py:151} INFO - [2023-09-27T11:32:14.616+0000] {dag.py:2915} INFO - Sync 1 DAGs
[2023-09-27T11:32:14.627+0000] {logging_mixin.py:151} INFO - [2023-09-27T11:32:14.627+0000] {dag.py:3696} INFO - Setting next_dagrun for example_params_trigger_ui to None, run_after=None
[2023-09-27T11:32:14.656+0000] {processor.py:179} INFO - Processing /usr/local/lib/python3.10/dist-packages/airflow/example_dags/example_params_trigger_ui.py took 0.105 seconds
[2023-09-27T11:32:58.888+0000] {processor.py:157} INFO - Started process (PID=6391) to work on /usr/local/lib/python3.10/dist-packages/airflow/example_dags/example_params_trigger_ui.py
[2023-09-27T11:32:58.890+0000] {processor.py:829} INFO - Processing file /usr/local/lib/python3.10/dist-packages/airflow/example_dags/example_params_trigger_ui.py for tasks to queue
[2023-09-27T11:32:58.891+0000] {logging_mixin.py:151} INFO - [2023-09-27T11:32:58.891+0000] {dagbag.py:539} INFO - Filling up the DagBag from /usr/local/lib/python3.10/dist-packages/airflow/example_dags/example_params_trigger_ui.py
[2023-09-27T11:32:58.909+0000] {processor.py:839} INFO - DAG(s) dict_keys(['example_params_trigger_ui']) retrieved from /usr/local/lib/python3.10/dist-packages/airflow/example_dags/example_params_trigger_ui.py
[2023-09-27T11:32:58.951+0000] {logging_mixin.py:151} INFO - [2023-09-27T11:32:58.950+0000] {dag.py:2915} INFO - Sync 1 DAGs
[2023-09-27T11:32:58.963+0000] {logging_mixin.py:151} INFO - [2023-09-27T11:32:58.962+0000] {dag.py:3696} INFO - Setting next_dagrun for example_params_trigger_ui to None, run_after=None
[2023-09-27T11:32:58.984+0000] {processor.py:179} INFO - Processing /usr/local/lib/python3.10/dist-packages/airflow/example_dags/example_params_trigger_ui.py took 0.099 seconds
[2023-09-27T11:33:50.414+0000] {processor.py:157} INFO - Started process (PID=6444) to work on /usr/local/lib/python3.10/dist-packages/airflow/example_dags/example_params_trigger_ui.py
[2023-09-27T11:33:50.416+0000] {processor.py:829} INFO - Processing file /usr/local/lib/python3.10/dist-packages/airflow/example_dags/example_params_trigger_ui.py for tasks to queue
[2023-09-27T11:33:50.417+0000] {logging_mixin.py:151} INFO - [2023-09-27T11:33:50.416+0000] {dagbag.py:539} INFO - Filling up the DagBag from /usr/local/lib/python3.10/dist-packages/airflow/example_dags/example_params_trigger_ui.py
[2023-09-27T11:33:50.435+0000] {processor.py:839} INFO - DAG(s) dict_keys(['example_params_trigger_ui']) retrieved from /usr/local/lib/python3.10/dist-packages/airflow/example_dags/example_params_trigger_ui.py
[2023-09-27T11:33:50.479+0000] {logging_mixin.py:151} INFO - [2023-09-27T11:33:50.479+0000] {dag.py:2915} INFO - Sync 1 DAGs
[2023-09-27T11:33:50.494+0000] {logging_mixin.py:151} INFO - [2023-09-27T11:33:50.494+0000] {dag.py:3696} INFO - Setting next_dagrun for example_params_trigger_ui to None, run_after=None
[2023-09-27T11:33:50.519+0000] {processor.py:179} INFO - Processing /usr/local/lib/python3.10/dist-packages/airflow/example_dags/example_params_trigger_ui.py took 0.109 seconds
[2023-09-27T11:34:39.326+0000] {processor.py:157} INFO - Started process (PID=6494) to work on /usr/local/lib/python3.10/dist-packages/airflow/example_dags/example_params_trigger_ui.py
[2023-09-27T11:34:39.328+0000] {processor.py:829} INFO - Processing file /usr/local/lib/python3.10/dist-packages/airflow/example_dags/example_params_trigger_ui.py for tasks to queue
[2023-09-27T11:34:39.329+0000] {logging_mixin.py:151} INFO - [2023-09-27T11:34:39.329+0000] {dagbag.py:539} INFO - Filling up the DagBag from /usr/local/lib/python3.10/dist-packages/airflow/example_dags/example_params_trigger_ui.py
[2023-09-27T11:34:39.347+0000] {processor.py:839} INFO - DAG(s) dict_keys(['example_params_trigger_ui']) retrieved from /usr/local/lib/python3.10/dist-packages/airflow/example_dags/example_params_trigger_ui.py
[2023-09-27T11:34:39.389+0000] {logging_mixin.py:151} INFO - [2023-09-27T11:34:39.388+0000] {dag.py:2915} INFO - Sync 1 DAGs
[2023-09-27T11:34:39.399+0000] {logging_mixin.py:151} INFO - [2023-09-27T11:34:39.399+0000] {dag.py:3696} INFO - Setting next_dagrun for example_params_trigger_ui to None, run_after=None
[2023-09-27T11:34:39.425+0000] {processor.py:179} INFO - Processing /usr/local/lib/python3.10/dist-packages/airflow/example_dags/example_params_trigger_ui.py took 0.105 seconds
[2023-09-27T11:35:28.372+0000] {processor.py:157} INFO - Started process (PID=6549) to work on /usr/local/lib/python3.10/dist-packages/airflow/example_dags/example_params_trigger_ui.py
[2023-09-27T11:35:28.374+0000] {processor.py:829} INFO - Processing file /usr/local/lib/python3.10/dist-packages/airflow/example_dags/example_params_trigger_ui.py for tasks to queue
[2023-09-27T11:35:28.374+0000] {logging_mixin.py:151} INFO - [2023-09-27T11:35:28.374+0000] {dagbag.py:539} INFO - Filling up the DagBag from /usr/local/lib/python3.10/dist-packages/airflow/example_dags/example_params_trigger_ui.py
[2023-09-27T11:35:28.392+0000] {processor.py:839} INFO - DAG(s) dict_keys(['example_params_trigger_ui']) retrieved from /usr/local/lib/python3.10/dist-packages/airflow/example_dags/example_params_trigger_ui.py
[2023-09-27T11:35:28.442+0000] {logging_mixin.py:151} INFO - [2023-09-27T11:35:28.442+0000] {dag.py:2915} INFO - Sync 1 DAGs
[2023-09-27T11:35:28.456+0000] {logging_mixin.py:151} INFO - [2023-09-27T11:35:28.456+0000] {dag.py:3696} INFO - Setting next_dagrun for example_params_trigger_ui to None, run_after=None
[2023-09-27T11:35:28.478+0000] {processor.py:179} INFO - Processing /usr/local/lib/python3.10/dist-packages/airflow/example_dags/example_params_trigger_ui.py took 0.109 seconds
[2023-09-27T11:36:19.217+0000] {processor.py:157} INFO - Started process (PID=6608) to work on /usr/local/lib/python3.10/dist-packages/airflow/example_dags/example_params_trigger_ui.py
[2023-09-27T11:36:19.218+0000] {processor.py:829} INFO - Processing file /usr/local/lib/python3.10/dist-packages/airflow/example_dags/example_params_trigger_ui.py for tasks to queue
[2023-09-27T11:36:19.219+0000] {logging_mixin.py:151} INFO - [2023-09-27T11:36:19.218+0000] {dagbag.py:539} INFO - Filling up the DagBag from /usr/local/lib/python3.10/dist-packages/airflow/example_dags/example_params_trigger_ui.py
[2023-09-27T11:36:19.245+0000] {processor.py:839} INFO - DAG(s) dict_keys(['example_params_trigger_ui']) retrieved from /usr/local/lib/python3.10/dist-packages/airflow/example_dags/example_params_trigger_ui.py
[2023-09-27T11:36:19.298+0000] {logging_mixin.py:151} INFO - [2023-09-27T11:36:19.298+0000] {dag.py:2915} INFO - Sync 1 DAGs
[2023-09-27T11:36:19.309+0000] {logging_mixin.py:151} INFO - [2023-09-27T11:36:19.309+0000] {dag.py:3696} INFO - Setting next_dagrun for example_params_trigger_ui to None, run_after=None
[2023-09-27T11:36:19.328+0000] {processor.py:179} INFO - Processing /usr/local/lib/python3.10/dist-packages/airflow/example_dags/example_params_trigger_ui.py took 0.115 seconds
[2023-09-27T11:37:06.073+0000] {processor.py:157} INFO - Started process (PID=6724) to work on /usr/local/lib/python3.10/dist-packages/airflow/example_dags/example_params_trigger_ui.py
[2023-09-27T11:37:06.077+0000] {processor.py:829} INFO - Processing file /usr/local/lib/python3.10/dist-packages/airflow/example_dags/example_params_trigger_ui.py for tasks to queue
[2023-09-27T11:37:06.078+0000] {logging_mixin.py:151} INFO - [2023-09-27T11:37:06.078+0000] {dagbag.py:539} INFO - Filling up the DagBag from /usr/local/lib/python3.10/dist-packages/airflow/example_dags/example_params_trigger_ui.py
[2023-09-27T11:37:06.110+0000] {processor.py:839} INFO - DAG(s) dict_keys(['example_params_trigger_ui']) retrieved from /usr/local/lib/python3.10/dist-packages/airflow/example_dags/example_params_trigger_ui.py
[2023-09-27T11:37:06.177+0000] {logging_mixin.py:151} INFO - [2023-09-27T11:37:06.177+0000] {dag.py:2915} INFO - Sync 1 DAGs
[2023-09-27T11:37:06.198+0000] {logging_mixin.py:151} INFO - [2023-09-27T11:37:06.198+0000] {dag.py:3696} INFO - Setting next_dagrun for example_params_trigger_ui to None, run_after=None
[2023-09-27T11:37:06.232+0000] {processor.py:179} INFO - Processing /usr/local/lib/python3.10/dist-packages/airflow/example_dags/example_params_trigger_ui.py took 0.166 seconds
[2023-09-27T17:56:43.222+0000] {processor.py:157} INFO - Started process (PID=10605) to work on /home/ubuntu/airflow_venv/lib/python3.10/site-packages/airflow/example_dags/example_params_trigger_ui.py
[2023-09-27T17:56:43.223+0000] {processor.py:829} INFO - Processing file /home/ubuntu/airflow_venv/lib/python3.10/site-packages/airflow/example_dags/example_params_trigger_ui.py for tasks to queue
[2023-09-27T17:56:43.224+0000] {logging_mixin.py:151} INFO - [2023-09-27T17:56:43.224+0000] {dagbag.py:539} INFO - Filling up the DagBag from /home/ubuntu/airflow_venv/lib/python3.10/site-packages/airflow/example_dags/example_params_trigger_ui.py
[2023-09-27T17:56:43.243+0000] {processor.py:839} INFO - DAG(s) dict_keys(['example_params_trigger_ui']) retrieved from /home/ubuntu/airflow_venv/lib/python3.10/site-packages/airflow/example_dags/example_params_trigger_ui.py
[2023-09-27T17:56:43.429+0000] {logging_mixin.py:151} INFO - [2023-09-27T17:56:43.423+0000] {security.py:708} INFO - Not syncing DAG-level permissions for DAG 'DAG:example_params_trigger_ui' as access control is unset.
[2023-09-27T17:56:43.429+0000] {logging_mixin.py:151} INFO - [2023-09-27T17:56:43.429+0000] {dag.py:2915} INFO - Sync 1 DAGs
[2023-09-27T17:56:43.460+0000] {logging_mixin.py:151} INFO - [2023-09-27T17:56:43.458+0000] {dag.py:3696} INFO - Setting next_dagrun for example_params_trigger_ui to None, run_after=None
[2023-09-27T17:56:43.516+0000] {processor.py:179} INFO - Processing /home/ubuntu/airflow_venv/lib/python3.10/site-packages/airflow/example_dags/example_params_trigger_ui.py took 0.297 seconds
[2023-09-27T17:57:38.927+0000] {processor.py:157} INFO - Started process (PID=10653) to work on /home/ubuntu/airflow_venv/lib/python3.10/site-packages/airflow/example_dags/example_params_trigger_ui.py
[2023-09-27T17:57:38.929+0000] {processor.py:829} INFO - Processing file /home/ubuntu/airflow_venv/lib/python3.10/site-packages/airflow/example_dags/example_params_trigger_ui.py for tasks to queue
[2023-09-27T17:57:38.930+0000] {logging_mixin.py:151} INFO - [2023-09-27T17:57:38.930+0000] {dagbag.py:539} INFO - Filling up the DagBag from /home/ubuntu/airflow_venv/lib/python3.10/site-packages/airflow/example_dags/example_params_trigger_ui.py
[2023-09-27T17:57:38.948+0000] {processor.py:839} INFO - DAG(s) dict_keys(['example_params_trigger_ui']) retrieved from /home/ubuntu/airflow_venv/lib/python3.10/site-packages/airflow/example_dags/example_params_trigger_ui.py
[2023-09-27T17:57:38.997+0000] {logging_mixin.py:151} INFO - [2023-09-27T17:57:38.997+0000] {dag.py:2915} INFO - Sync 1 DAGs
[2023-09-27T17:57:39.011+0000] {logging_mixin.py:151} INFO - [2023-09-27T17:57:39.011+0000] {dag.py:3696} INFO - Setting next_dagrun for example_params_trigger_ui to None, run_after=None
[2023-09-27T17:57:39.034+0000] {processor.py:179} INFO - Processing /home/ubuntu/airflow_venv/lib/python3.10/site-packages/airflow/example_dags/example_params_trigger_ui.py took 0.110 seconds
[2023-09-27T17:58:31.980+0000] {processor.py:157} INFO - Started process (PID=10704) to work on /home/ubuntu/airflow_venv/lib/python3.10/site-packages/airflow/example_dags/example_params_trigger_ui.py
[2023-09-27T17:58:31.981+0000] {processor.py:829} INFO - Processing file /home/ubuntu/airflow_venv/lib/python3.10/site-packages/airflow/example_dags/example_params_trigger_ui.py for tasks to queue
[2023-09-27T17:58:31.982+0000] {logging_mixin.py:151} INFO - [2023-09-27T17:58:31.982+0000] {dagbag.py:539} INFO - Filling up the DagBag from /home/ubuntu/airflow_venv/lib/python3.10/site-packages/airflow/example_dags/example_params_trigger_ui.py
[2023-09-27T17:58:32.000+0000] {processor.py:839} INFO - DAG(s) dict_keys(['example_params_trigger_ui']) retrieved from /home/ubuntu/airflow_venv/lib/python3.10/site-packages/airflow/example_dags/example_params_trigger_ui.py
[2023-09-27T17:58:32.044+0000] {logging_mixin.py:151} INFO - [2023-09-27T17:58:32.044+0000] {dag.py:2915} INFO - Sync 1 DAGs
[2023-09-27T17:58:32.056+0000] {logging_mixin.py:151} INFO - [2023-09-27T17:58:32.055+0000] {dag.py:3696} INFO - Setting next_dagrun for example_params_trigger_ui to None, run_after=None
[2023-09-27T17:58:32.075+0000] {processor.py:179} INFO - Processing /home/ubuntu/airflow_venv/lib/python3.10/site-packages/airflow/example_dags/example_params_trigger_ui.py took 0.098 seconds
[2023-09-27T17:59:18.388+0000] {processor.py:157} INFO - Started process (PID=10761) to work on /home/ubuntu/airflow_venv/lib/python3.10/site-packages/airflow/example_dags/example_params_trigger_ui.py
[2023-09-27T17:59:18.389+0000] {processor.py:829} INFO - Processing file /home/ubuntu/airflow_venv/lib/python3.10/site-packages/airflow/example_dags/example_params_trigger_ui.py for tasks to queue
[2023-09-27T17:59:18.391+0000] {logging_mixin.py:151} INFO - [2023-09-27T17:59:18.390+0000] {dagbag.py:539} INFO - Filling up the DagBag from /home/ubuntu/airflow_venv/lib/python3.10/site-packages/airflow/example_dags/example_params_trigger_ui.py
[2023-09-27T17:59:18.407+0000] {processor.py:839} INFO - DAG(s) dict_keys(['example_params_trigger_ui']) retrieved from /home/ubuntu/airflow_venv/lib/python3.10/site-packages/airflow/example_dags/example_params_trigger_ui.py
[2023-09-27T17:59:18.449+0000] {logging_mixin.py:151} INFO - [2023-09-27T17:59:18.448+0000] {dag.py:2915} INFO - Sync 1 DAGs
[2023-09-27T17:59:18.460+0000] {logging_mixin.py:151} INFO - [2023-09-27T17:59:18.460+0000] {dag.py:3696} INFO - Setting next_dagrun for example_params_trigger_ui to None, run_after=None
[2023-09-27T17:59:18.487+0000] {processor.py:179} INFO - Processing /home/ubuntu/airflow_venv/lib/python3.10/site-packages/airflow/example_dags/example_params_trigger_ui.py took 0.102 seconds
[2023-09-27T18:00:02.603+0000] {processor.py:157} INFO - Started process (PID=10811) to work on /home/ubuntu/airflow_venv/lib/python3.10/site-packages/airflow/example_dags/example_params_trigger_ui.py
[2023-09-27T18:00:02.604+0000] {processor.py:829} INFO - Processing file /home/ubuntu/airflow_venv/lib/python3.10/site-packages/airflow/example_dags/example_params_trigger_ui.py for tasks to queue
[2023-09-27T18:00:02.605+0000] {logging_mixin.py:151} INFO - [2023-09-27T18:00:02.604+0000] {dagbag.py:539} INFO - Filling up the DagBag from /home/ubuntu/airflow_venv/lib/python3.10/site-packages/airflow/example_dags/example_params_trigger_ui.py
[2023-09-27T18:00:02.623+0000] {processor.py:839} INFO - DAG(s) dict_keys(['example_params_trigger_ui']) retrieved from /home/ubuntu/airflow_venv/lib/python3.10/site-packages/airflow/example_dags/example_params_trigger_ui.py
[2023-09-27T18:00:02.671+0000] {logging_mixin.py:151} INFO - [2023-09-27T18:00:02.670+0000] {dag.py:2915} INFO - Sync 1 DAGs
[2023-09-27T18:00:02.687+0000] {logging_mixin.py:151} INFO - [2023-09-27T18:00:02.687+0000] {dag.py:3696} INFO - Setting next_dagrun for example_params_trigger_ui to None, run_after=None
[2023-09-27T18:00:02.727+0000] {processor.py:179} INFO - Processing /home/ubuntu/airflow_venv/lib/python3.10/site-packages/airflow/example_dags/example_params_trigger_ui.py took 0.128 seconds
[2023-09-27T18:00:51.921+0000] {processor.py:157} INFO - Started process (PID=10862) to work on /home/ubuntu/airflow_venv/lib/python3.10/site-packages/airflow/example_dags/example_params_trigger_ui.py
[2023-09-27T18:00:51.924+0000] {processor.py:829} INFO - Processing file /home/ubuntu/airflow_venv/lib/python3.10/site-packages/airflow/example_dags/example_params_trigger_ui.py for tasks to queue
[2023-09-27T18:00:51.925+0000] {logging_mixin.py:151} INFO - [2023-09-27T18:00:51.924+0000] {dagbag.py:539} INFO - Filling up the DagBag from /home/ubuntu/airflow_venv/lib/python3.10/site-packages/airflow/example_dags/example_params_trigger_ui.py
[2023-09-27T18:00:51.942+0000] {processor.py:839} INFO - DAG(s) dict_keys(['example_params_trigger_ui']) retrieved from /home/ubuntu/airflow_venv/lib/python3.10/site-packages/airflow/example_dags/example_params_trigger_ui.py
[2023-09-27T18:00:51.982+0000] {logging_mixin.py:151} INFO - [2023-09-27T18:00:51.982+0000] {dag.py:2915} INFO - Sync 1 DAGs
[2023-09-27T18:00:51.994+0000] {logging_mixin.py:151} INFO - [2023-09-27T18:00:51.994+0000] {dag.py:3696} INFO - Setting next_dagrun for example_params_trigger_ui to None, run_after=None
[2023-09-27T18:00:52.025+0000] {processor.py:179} INFO - Processing /home/ubuntu/airflow_venv/lib/python3.10/site-packages/airflow/example_dags/example_params_trigger_ui.py took 0.107 seconds
[2023-09-27T18:01:38.398+0000] {processor.py:157} INFO - Started process (PID=10911) to work on /home/ubuntu/airflow_venv/lib/python3.10/site-packages/airflow/example_dags/example_params_trigger_ui.py
[2023-09-27T18:01:38.399+0000] {processor.py:829} INFO - Processing file /home/ubuntu/airflow_venv/lib/python3.10/site-packages/airflow/example_dags/example_params_trigger_ui.py for tasks to queue
[2023-09-27T18:01:38.400+0000] {logging_mixin.py:151} INFO - [2023-09-27T18:01:38.400+0000] {dagbag.py:539} INFO - Filling up the DagBag from /home/ubuntu/airflow_venv/lib/python3.10/site-packages/airflow/example_dags/example_params_trigger_ui.py
[2023-09-27T18:01:38.420+0000] {processor.py:839} INFO - DAG(s) dict_keys(['example_params_trigger_ui']) retrieved from /home/ubuntu/airflow_venv/lib/python3.10/site-packages/airflow/example_dags/example_params_trigger_ui.py
[2023-09-27T18:01:38.477+0000] {logging_mixin.py:151} INFO - [2023-09-27T18:01:38.477+0000] {dag.py:2915} INFO - Sync 1 DAGs
[2023-09-27T18:01:38.491+0000] {logging_mixin.py:151} INFO - [2023-09-27T18:01:38.491+0000] {dag.py:3696} INFO - Setting next_dagrun for example_params_trigger_ui to None, run_after=None
[2023-09-27T18:01:38.525+0000] {processor.py:179} INFO - Processing /home/ubuntu/airflow_venv/lib/python3.10/site-packages/airflow/example_dags/example_params_trigger_ui.py took 0.131 seconds
[2023-09-27T18:02:25.417+0000] {processor.py:157} INFO - Started process (PID=10961) to work on /home/ubuntu/airflow_venv/lib/python3.10/site-packages/airflow/example_dags/example_params_trigger_ui.py
[2023-09-27T18:02:25.418+0000] {processor.py:829} INFO - Processing file /home/ubuntu/airflow_venv/lib/python3.10/site-packages/airflow/example_dags/example_params_trigger_ui.py for tasks to queue
[2023-09-27T18:02:25.419+0000] {logging_mixin.py:151} INFO - [2023-09-27T18:02:25.419+0000] {dagbag.py:539} INFO - Filling up the DagBag from /home/ubuntu/airflow_venv/lib/python3.10/site-packages/airflow/example_dags/example_params_trigger_ui.py
[2023-09-27T18:02:25.436+0000] {processor.py:839} INFO - DAG(s) dict_keys(['example_params_trigger_ui']) retrieved from /home/ubuntu/airflow_venv/lib/python3.10/site-packages/airflow/example_dags/example_params_trigger_ui.py
[2023-09-27T18:02:25.473+0000] {logging_mixin.py:151} INFO - [2023-09-27T18:02:25.473+0000] {dag.py:2915} INFO - Sync 1 DAGs
[2023-09-27T18:02:25.484+0000] {logging_mixin.py:151} INFO - [2023-09-27T18:02:25.484+0000] {dag.py:3696} INFO - Setting next_dagrun for example_params_trigger_ui to None, run_after=None
[2023-09-27T18:02:25.513+0000] {processor.py:179} INFO - Processing /home/ubuntu/airflow_venv/lib/python3.10/site-packages/airflow/example_dags/example_params_trigger_ui.py took 0.099 seconds
[2023-09-27T18:03:12.406+0000] {processor.py:157} INFO - Started process (PID=11021) to work on /home/ubuntu/airflow_venv/lib/python3.10/site-packages/airflow/example_dags/example_params_trigger_ui.py
[2023-09-27T18:03:12.407+0000] {processor.py:829} INFO - Processing file /home/ubuntu/airflow_venv/lib/python3.10/site-packages/airflow/example_dags/example_params_trigger_ui.py for tasks to queue
[2023-09-27T18:03:12.408+0000] {logging_mixin.py:151} INFO - [2023-09-27T18:03:12.408+0000] {dagbag.py:539} INFO - Filling up the DagBag from /home/ubuntu/airflow_venv/lib/python3.10/site-packages/airflow/example_dags/example_params_trigger_ui.py
[2023-09-27T18:03:12.428+0000] {processor.py:839} INFO - DAG(s) dict_keys(['example_params_trigger_ui']) retrieved from /home/ubuntu/airflow_venv/lib/python3.10/site-packages/airflow/example_dags/example_params_trigger_ui.py
[2023-09-27T18:03:12.477+0000] {logging_mixin.py:151} INFO - [2023-09-27T18:03:12.476+0000] {dag.py:2915} INFO - Sync 1 DAGs
[2023-09-27T18:03:12.489+0000] {logging_mixin.py:151} INFO - [2023-09-27T18:03:12.489+0000] {dag.py:3696} INFO - Setting next_dagrun for example_params_trigger_ui to None, run_after=None
[2023-09-27T18:03:12.512+0000] {processor.py:179} INFO - Processing /home/ubuntu/airflow_venv/lib/python3.10/site-packages/airflow/example_dags/example_params_trigger_ui.py took 0.110 seconds
[2023-09-27T18:04:00.201+0000] {processor.py:157} INFO - Started process (PID=11128) to work on /home/ubuntu/airflow_venv/lib/python3.10/site-packages/airflow/example_dags/example_params_trigger_ui.py
[2023-09-27T18:04:00.202+0000] {processor.py:829} INFO - Processing file /home/ubuntu/airflow_venv/lib/python3.10/site-packages/airflow/example_dags/example_params_trigger_ui.py for tasks to queue
[2023-09-27T18:04:00.203+0000] {logging_mixin.py:151} INFO - [2023-09-27T18:04:00.203+0000] {dagbag.py:539} INFO - Filling up the DagBag from /home/ubuntu/airflow_venv/lib/python3.10/site-packages/airflow/example_dags/example_params_trigger_ui.py
[2023-09-27T18:04:00.224+0000] {processor.py:839} INFO - DAG(s) dict_keys(['example_params_trigger_ui']) retrieved from /home/ubuntu/airflow_venv/lib/python3.10/site-packages/airflow/example_dags/example_params_trigger_ui.py
[2023-09-27T18:04:00.274+0000] {logging_mixin.py:151} INFO - [2023-09-27T18:04:00.274+0000] {dag.py:2915} INFO - Sync 1 DAGs
[2023-09-27T18:04:00.287+0000] {logging_mixin.py:151} INFO - [2023-09-27T18:04:00.287+0000] {dag.py:3696} INFO - Setting next_dagrun for example_params_trigger_ui to None, run_after=None
[2023-09-27T18:04:00.318+0000] {processor.py:179} INFO - Processing /home/ubuntu/airflow_venv/lib/python3.10/site-packages/airflow/example_dags/example_params_trigger_ui.py took 0.121 seconds
[2023-09-27T18:04:45.376+0000] {processor.py:157} INFO - Started process (PID=11280) to work on /home/ubuntu/airflow_venv/lib/python3.10/site-packages/airflow/example_dags/example_params_trigger_ui.py
[2023-09-27T18:04:45.377+0000] {processor.py:829} INFO - Processing file /home/ubuntu/airflow_venv/lib/python3.10/site-packages/airflow/example_dags/example_params_trigger_ui.py for tasks to queue
[2023-09-27T18:04:45.378+0000] {logging_mixin.py:151} INFO - [2023-09-27T18:04:45.378+0000] {dagbag.py:539} INFO - Filling up the DagBag from /home/ubuntu/airflow_venv/lib/python3.10/site-packages/airflow/example_dags/example_params_trigger_ui.py
[2023-09-27T18:04:45.394+0000] {processor.py:839} INFO - DAG(s) dict_keys(['example_params_trigger_ui']) retrieved from /home/ubuntu/airflow_venv/lib/python3.10/site-packages/airflow/example_dags/example_params_trigger_ui.py
[2023-09-27T18:04:45.430+0000] {logging_mixin.py:151} INFO - [2023-09-27T18:04:45.430+0000] {dag.py:2915} INFO - Sync 1 DAGs
[2023-09-27T18:04:45.441+0000] {logging_mixin.py:151} INFO - [2023-09-27T18:04:45.440+0000] {dag.py:3696} INFO - Setting next_dagrun for example_params_trigger_ui to None, run_after=None
[2023-09-27T18:04:45.475+0000] {processor.py:179} INFO - Processing /home/ubuntu/airflow_venv/lib/python3.10/site-packages/airflow/example_dags/example_params_trigger_ui.py took 0.102 seconds
[2023-09-27T18:05:32.958+0000] {processor.py:157} INFO - Started process (PID=11432) to work on /home/ubuntu/airflow_venv/lib/python3.10/site-packages/airflow/example_dags/example_params_trigger_ui.py
[2023-09-27T18:05:32.960+0000] {processor.py:829} INFO - Processing file /home/ubuntu/airflow_venv/lib/python3.10/site-packages/airflow/example_dags/example_params_trigger_ui.py for tasks to queue
[2023-09-27T18:05:32.961+0000] {logging_mixin.py:151} INFO - [2023-09-27T18:05:32.960+0000] {dagbag.py:539} INFO - Filling up the DagBag from /home/ubuntu/airflow_venv/lib/python3.10/site-packages/airflow/example_dags/example_params_trigger_ui.py
[2023-09-27T18:05:32.983+0000] {processor.py:839} INFO - DAG(s) dict_keys(['example_params_trigger_ui']) retrieved from /home/ubuntu/airflow_venv/lib/python3.10/site-packages/airflow/example_dags/example_params_trigger_ui.py
[2023-09-27T18:05:33.031+0000] {logging_mixin.py:151} INFO - [2023-09-27T18:05:33.031+0000] {dag.py:2915} INFO - Sync 1 DAGs
[2023-09-27T18:05:33.042+0000] {logging_mixin.py:151} INFO - [2023-09-27T18:05:33.042+0000] {dag.py:3696} INFO - Setting next_dagrun for example_params_trigger_ui to None, run_after=None
[2023-09-27T18:05:33.065+0000] {processor.py:179} INFO - Processing /home/ubuntu/airflow_venv/lib/python3.10/site-packages/airflow/example_dags/example_params_trigger_ui.py took 0.110 seconds
[2023-09-27T18:06:22.170+0000] {processor.py:157} INFO - Started process (PID=11563) to work on /home/ubuntu/airflow_venv/lib/python3.10/site-packages/airflow/example_dags/example_params_trigger_ui.py
[2023-09-27T18:06:22.172+0000] {processor.py:829} INFO - Processing file /home/ubuntu/airflow_venv/lib/python3.10/site-packages/airflow/example_dags/example_params_trigger_ui.py for tasks to queue
[2023-09-27T18:06:22.173+0000] {logging_mixin.py:151} INFO - [2023-09-27T18:06:22.173+0000] {dagbag.py:539} INFO - Filling up the DagBag from /home/ubuntu/airflow_venv/lib/python3.10/site-packages/airflow/example_dags/example_params_trigger_ui.py
[2023-09-27T18:06:22.191+0000] {processor.py:839} INFO - DAG(s) dict_keys(['example_params_trigger_ui']) retrieved from /home/ubuntu/airflow_venv/lib/python3.10/site-packages/airflow/example_dags/example_params_trigger_ui.py
[2023-09-27T18:06:22.244+0000] {logging_mixin.py:151} INFO - [2023-09-27T18:06:22.243+0000] {dag.py:2915} INFO - Sync 1 DAGs
[2023-09-27T18:06:22.256+0000] {logging_mixin.py:151} INFO - [2023-09-27T18:06:22.256+0000] {dag.py:3696} INFO - Setting next_dagrun for example_params_trigger_ui to None, run_after=None
[2023-09-27T18:06:22.287+0000] {processor.py:179} INFO - Processing /home/ubuntu/airflow_venv/lib/python3.10/site-packages/airflow/example_dags/example_params_trigger_ui.py took 0.121 seconds
[2023-09-27T18:07:12.930+0000] {processor.py:157} INFO - Started process (PID=11615) to work on /home/ubuntu/airflow_venv/lib/python3.10/site-packages/airflow/example_dags/example_params_trigger_ui.py
[2023-09-27T18:07:12.931+0000] {processor.py:829} INFO - Processing file /home/ubuntu/airflow_venv/lib/python3.10/site-packages/airflow/example_dags/example_params_trigger_ui.py for tasks to queue
[2023-09-27T18:07:12.932+0000] {logging_mixin.py:151} INFO - [2023-09-27T18:07:12.931+0000] {dagbag.py:539} INFO - Filling up the DagBag from /home/ubuntu/airflow_venv/lib/python3.10/site-packages/airflow/example_dags/example_params_trigger_ui.py
[2023-09-27T18:07:12.950+0000] {processor.py:839} INFO - DAG(s) dict_keys(['example_params_trigger_ui']) retrieved from /home/ubuntu/airflow_venv/lib/python3.10/site-packages/airflow/example_dags/example_params_trigger_ui.py
[2023-09-27T18:07:12.993+0000] {logging_mixin.py:151} INFO - [2023-09-27T18:07:12.993+0000] {dag.py:2915} INFO - Sync 1 DAGs
[2023-09-27T18:07:13.007+0000] {logging_mixin.py:151} INFO - [2023-09-27T18:07:13.006+0000] {dag.py:3696} INFO - Setting next_dagrun for example_params_trigger_ui to None, run_after=None
[2023-09-27T18:07:13.028+0000] {processor.py:179} INFO - Processing /home/ubuntu/airflow_venv/lib/python3.10/site-packages/airflow/example_dags/example_params_trigger_ui.py took 0.103 seconds
[2023-09-27T18:08:03.410+0000] {processor.py:157} INFO - Started process (PID=11715) to work on /home/ubuntu/airflow_venv/lib/python3.10/site-packages/airflow/example_dags/example_params_trigger_ui.py
[2023-09-27T18:08:03.412+0000] {processor.py:829} INFO - Processing file /home/ubuntu/airflow_venv/lib/python3.10/site-packages/airflow/example_dags/example_params_trigger_ui.py for tasks to queue
[2023-09-27T18:08:03.413+0000] {logging_mixin.py:151} INFO - [2023-09-27T18:08:03.413+0000] {dagbag.py:539} INFO - Filling up the DagBag from /home/ubuntu/airflow_venv/lib/python3.10/site-packages/airflow/example_dags/example_params_trigger_ui.py
[2023-09-27T18:08:03.435+0000] {processor.py:839} INFO - DAG(s) dict_keys(['example_params_trigger_ui']) retrieved from /home/ubuntu/airflow_venv/lib/python3.10/site-packages/airflow/example_dags/example_params_trigger_ui.py
[2023-09-27T18:08:03.488+0000] {logging_mixin.py:151} INFO - [2023-09-27T18:08:03.488+0000] {dag.py:2915} INFO - Sync 1 DAGs
[2023-09-27T18:08:03.501+0000] {logging_mixin.py:151} INFO - [2023-09-27T18:08:03.500+0000] {dag.py:3696} INFO - Setting next_dagrun for example_params_trigger_ui to None, run_after=None
[2023-09-27T18:08:03.527+0000] {processor.py:179} INFO - Processing /home/ubuntu/airflow_venv/lib/python3.10/site-packages/airflow/example_dags/example_params_trigger_ui.py took 0.121 seconds
[2023-09-27T18:08:57.327+0000] {processor.py:157} INFO - Started process (PID=11842) to work on /home/ubuntu/airflow_venv/lib/python3.10/site-packages/airflow/example_dags/example_params_trigger_ui.py
[2023-09-27T18:08:57.329+0000] {processor.py:829} INFO - Processing file /home/ubuntu/airflow_venv/lib/python3.10/site-packages/airflow/example_dags/example_params_trigger_ui.py for tasks to queue
[2023-09-27T18:08:57.330+0000] {logging_mixin.py:151} INFO - [2023-09-27T18:08:57.329+0000] {dagbag.py:539} INFO - Filling up the DagBag from /home/ubuntu/airflow_venv/lib/python3.10/site-packages/airflow/example_dags/example_params_trigger_ui.py
[2023-09-27T18:08:57.346+0000] {processor.py:839} INFO - DAG(s) dict_keys(['example_params_trigger_ui']) retrieved from /home/ubuntu/airflow_venv/lib/python3.10/site-packages/airflow/example_dags/example_params_trigger_ui.py
[2023-09-27T18:08:57.386+0000] {logging_mixin.py:151} INFO - [2023-09-27T18:08:57.386+0000] {dag.py:2915} INFO - Sync 1 DAGs
[2023-09-27T18:08:57.398+0000] {logging_mixin.py:151} INFO - [2023-09-27T18:08:57.398+0000] {dag.py:3696} INFO - Setting next_dagrun for example_params_trigger_ui to None, run_after=None
[2023-09-27T18:08:57.417+0000] {processor.py:179} INFO - Processing /home/ubuntu/airflow_venv/lib/python3.10/site-packages/airflow/example_dags/example_params_trigger_ui.py took 0.093 seconds
[2023-09-27T18:09:46.610+0000] {processor.py:157} INFO - Started process (PID=12344) to work on /home/ubuntu/airflow_venv/lib/python3.10/site-packages/airflow/example_dags/example_params_trigger_ui.py
[2023-09-27T18:09:46.611+0000] {processor.py:829} INFO - Processing file /home/ubuntu/airflow_venv/lib/python3.10/site-packages/airflow/example_dags/example_params_trigger_ui.py for tasks to queue
[2023-09-27T18:09:46.612+0000] {logging_mixin.py:151} INFO - [2023-09-27T18:09:46.612+0000] {dagbag.py:539} INFO - Filling up the DagBag from /home/ubuntu/airflow_venv/lib/python3.10/site-packages/airflow/example_dags/example_params_trigger_ui.py
[2023-09-27T18:09:46.646+0000] {processor.py:839} INFO - DAG(s) dict_keys(['example_params_trigger_ui']) retrieved from /home/ubuntu/airflow_venv/lib/python3.10/site-packages/airflow/example_dags/example_params_trigger_ui.py
[2023-09-27T18:09:46.710+0000] {logging_mixin.py:151} INFO - [2023-09-27T18:09:46.710+0000] {dag.py:2915} INFO - Sync 1 DAGs
[2023-09-27T18:09:46.726+0000] {logging_mixin.py:151} INFO - [2023-09-27T18:09:46.725+0000] {dag.py:3696} INFO - Setting next_dagrun for example_params_trigger_ui to None, run_after=None
[2023-09-27T18:09:46.756+0000] {processor.py:179} INFO - Processing /home/ubuntu/airflow_venv/lib/python3.10/site-packages/airflow/example_dags/example_params_trigger_ui.py took 0.151 seconds
[2023-09-27T18:10:42.231+0000] {processor.py:157} INFO - Started process (PID=12599) to work on /home/ubuntu/airflow_venv/lib/python3.10/site-packages/airflow/example_dags/example_params_trigger_ui.py
[2023-09-27T18:10:42.233+0000] {processor.py:829} INFO - Processing file /home/ubuntu/airflow_venv/lib/python3.10/site-packages/airflow/example_dags/example_params_trigger_ui.py for tasks to queue
[2023-09-27T18:10:42.234+0000] {logging_mixin.py:151} INFO - [2023-09-27T18:10:42.233+0000] {dagbag.py:539} INFO - Filling up the DagBag from /home/ubuntu/airflow_venv/lib/python3.10/site-packages/airflow/example_dags/example_params_trigger_ui.py
[2023-09-27T18:10:42.253+0000] {processor.py:839} INFO - DAG(s) dict_keys(['example_params_trigger_ui']) retrieved from /home/ubuntu/airflow_venv/lib/python3.10/site-packages/airflow/example_dags/example_params_trigger_ui.py
[2023-09-27T18:10:42.305+0000] {logging_mixin.py:151} INFO - [2023-09-27T18:10:42.305+0000] {dag.py:2915} INFO - Sync 1 DAGs
[2023-09-27T18:10:42.321+0000] {logging_mixin.py:151} INFO - [2023-09-27T18:10:42.321+0000] {dag.py:3696} INFO - Setting next_dagrun for example_params_trigger_ui to None, run_after=None
[2023-09-27T18:10:42.346+0000] {processor.py:179} INFO - Processing /home/ubuntu/airflow_venv/lib/python3.10/site-packages/airflow/example_dags/example_params_trigger_ui.py took 0.118 seconds
[2023-09-27T18:11:35.446+0000] {processor.py:157} INFO - Started process (PID=12712) to work on /home/ubuntu/airflow_venv/lib/python3.10/site-packages/airflow/example_dags/example_params_trigger_ui.py
[2023-09-27T18:11:35.447+0000] {processor.py:829} INFO - Processing file /home/ubuntu/airflow_venv/lib/python3.10/site-packages/airflow/example_dags/example_params_trigger_ui.py for tasks to queue
[2023-09-27T18:11:35.447+0000] {logging_mixin.py:151} INFO - [2023-09-27T18:11:35.447+0000] {dagbag.py:539} INFO - Filling up the DagBag from /home/ubuntu/airflow_venv/lib/python3.10/site-packages/airflow/example_dags/example_params_trigger_ui.py
[2023-09-27T18:11:35.466+0000] {processor.py:839} INFO - DAG(s) dict_keys(['example_params_trigger_ui']) retrieved from /home/ubuntu/airflow_venv/lib/python3.10/site-packages/airflow/example_dags/example_params_trigger_ui.py
[2023-09-27T18:11:35.511+0000] {logging_mixin.py:151} INFO - [2023-09-27T18:11:35.511+0000] {dag.py:2915} INFO - Sync 1 DAGs
[2023-09-27T18:11:35.523+0000] {logging_mixin.py:151} INFO - [2023-09-27T18:11:35.523+0000] {dag.py:3696} INFO - Setting next_dagrun for example_params_trigger_ui to None, run_after=None
[2023-09-27T18:11:35.548+0000] {processor.py:179} INFO - Processing /home/ubuntu/airflow_venv/lib/python3.10/site-packages/airflow/example_dags/example_params_trigger_ui.py took 0.106 seconds
[2023-09-27T18:12:23.613+0000] {processor.py:157} INFO - Started process (PID=12798) to work on /home/ubuntu/airflow_venv/lib/python3.10/site-packages/airflow/example_dags/example_params_trigger_ui.py
[2023-09-27T18:12:23.616+0000] {processor.py:829} INFO - Processing file /home/ubuntu/airflow_venv/lib/python3.10/site-packages/airflow/example_dags/example_params_trigger_ui.py for tasks to queue
[2023-09-27T18:12:23.617+0000] {logging_mixin.py:151} INFO - [2023-09-27T18:12:23.617+0000] {dagbag.py:539} INFO - Filling up the DagBag from /home/ubuntu/airflow_venv/lib/python3.10/site-packages/airflow/example_dags/example_params_trigger_ui.py
[2023-09-27T18:12:23.637+0000] {processor.py:839} INFO - DAG(s) dict_keys(['example_params_trigger_ui']) retrieved from /home/ubuntu/airflow_venv/lib/python3.10/site-packages/airflow/example_dags/example_params_trigger_ui.py
[2023-09-27T18:12:23.684+0000] {logging_mixin.py:151} INFO - [2023-09-27T18:12:23.684+0000] {dag.py:2915} INFO - Sync 1 DAGs
[2023-09-27T18:12:23.696+0000] {logging_mixin.py:151} INFO - [2023-09-27T18:12:23.696+0000] {dag.py:3696} INFO - Setting next_dagrun for example_params_trigger_ui to None, run_after=None
[2023-09-27T18:12:23.716+0000] {processor.py:179} INFO - Processing /home/ubuntu/airflow_venv/lib/python3.10/site-packages/airflow/example_dags/example_params_trigger_ui.py took 0.107 seconds
[2023-09-27T18:13:18.112+0000] {processor.py:157} INFO - Started process (PID=12967) to work on /home/ubuntu/airflow_venv/lib/python3.10/site-packages/airflow/example_dags/example_params_trigger_ui.py
[2023-09-27T18:13:18.113+0000] {processor.py:829} INFO - Processing file /home/ubuntu/airflow_venv/lib/python3.10/site-packages/airflow/example_dags/example_params_trigger_ui.py for tasks to queue
[2023-09-27T18:13:18.114+0000] {logging_mixin.py:151} INFO - [2023-09-27T18:13:18.113+0000] {dagbag.py:539} INFO - Filling up the DagBag from /home/ubuntu/airflow_venv/lib/python3.10/site-packages/airflow/example_dags/example_params_trigger_ui.py
[2023-09-27T18:13:18.133+0000] {processor.py:839} INFO - DAG(s) dict_keys(['example_params_trigger_ui']) retrieved from /home/ubuntu/airflow_venv/lib/python3.10/site-packages/airflow/example_dags/example_params_trigger_ui.py
[2023-09-27T18:13:18.188+0000] {logging_mixin.py:151} INFO - [2023-09-27T18:13:18.188+0000] {dag.py:2915} INFO - Sync 1 DAGs
[2023-09-27T18:13:18.204+0000] {logging_mixin.py:151} INFO - [2023-09-27T18:13:18.204+0000] {dag.py:3696} INFO - Setting next_dagrun for example_params_trigger_ui to None, run_after=None
[2023-09-27T18:13:18.229+0000] {processor.py:179} INFO - Processing /home/ubuntu/airflow_venv/lib/python3.10/site-packages/airflow/example_dags/example_params_trigger_ui.py took 0.121 seconds
[2023-09-27T18:14:09.123+0000] {processor.py:157} INFO - Started process (PID=13308) to work on /home/ubuntu/airflow_venv/lib/python3.10/site-packages/airflow/example_dags/example_params_trigger_ui.py
[2023-09-27T18:14:09.125+0000] {processor.py:829} INFO - Processing file /home/ubuntu/airflow_venv/lib/python3.10/site-packages/airflow/example_dags/example_params_trigger_ui.py for tasks to queue
[2023-09-27T18:14:09.126+0000] {logging_mixin.py:151} INFO - [2023-09-27T18:14:09.126+0000] {dagbag.py:539} INFO - Filling up the DagBag from /home/ubuntu/airflow_venv/lib/python3.10/site-packages/airflow/example_dags/example_params_trigger_ui.py
[2023-09-27T18:14:09.145+0000] {processor.py:839} INFO - DAG(s) dict_keys(['example_params_trigger_ui']) retrieved from /home/ubuntu/airflow_venv/lib/python3.10/site-packages/airflow/example_dags/example_params_trigger_ui.py
[2023-09-27T18:14:09.184+0000] {logging_mixin.py:151} INFO - [2023-09-27T18:14:09.184+0000] {dag.py:2915} INFO - Sync 1 DAGs
[2023-09-27T18:14:09.197+0000] {logging_mixin.py:151} INFO - [2023-09-27T18:14:09.196+0000] {dag.py:3696} INFO - Setting next_dagrun for example_params_trigger_ui to None, run_after=None
[2023-09-27T18:14:09.218+0000] {processor.py:179} INFO - Processing /home/ubuntu/airflow_venv/lib/python3.10/site-packages/airflow/example_dags/example_params_trigger_ui.py took 0.097 seconds
