[2023-09-27T10:54:06.830+0000] {processor.py:157} INFO - Started process (PID=3941) to work on /usr/local/lib/python3.10/dist-packages/airflow/example_dags/example_task_group.py
[2023-09-27T10:54:06.831+0000] {processor.py:829} INFO - Processing file /usr/local/lib/python3.10/dist-packages/airflow/example_dags/example_task_group.py for tasks to queue
[2023-09-27T10:54:06.832+0000] {logging_mixin.py:151} INFO - [2023-09-27T10:54:06.831+0000] {dagbag.py:539} INFO - Filling up the DagBag from /usr/local/lib/python3.10/dist-packages/airflow/example_dags/example_task_group.py
[2023-09-27T10:54:06.840+0000] {processor.py:839} INFO - DAG(s) dict_keys(['example_task_group']) retrieved from /usr/local/lib/python3.10/dist-packages/airflow/example_dags/example_task_group.py
[2023-09-27T10:54:06.957+0000] {logging_mixin.py:151} INFO - [2023-09-27T10:54:06.957+0000] {manager.py:499} INFO - Created Permission View: %s
[2023-09-27T10:54:06.972+0000] {logging_mixin.py:151} INFO - [2023-09-27T10:54:06.972+0000] {manager.py:499} INFO - Created Permission View: %s
[2023-09-27T10:54:06.990+0000] {logging_mixin.py:151} INFO - [2023-09-27T10:54:06.990+0000] {manager.py:499} INFO - Created Permission View: %s
[2023-09-27T10:54:06.991+0000] {logging_mixin.py:151} INFO - [2023-09-27T10:54:06.991+0000] {security.py:708} INFO - Not syncing DAG-level permissions for DAG 'DAG:example_task_group' as access control is unset.
[2023-09-27T10:54:06.992+0000] {logging_mixin.py:151} INFO - [2023-09-27T10:54:06.992+0000] {dag.py:2915} INFO - Sync 1 DAGs
[2023-09-27T10:54:07.015+0000] {logging_mixin.py:151} INFO - [2023-09-27T10:54:07.015+0000] {dag.py:2937} INFO - Creating ORM DAG for example_task_group
[2023-09-27T10:54:07.024+0000] {logging_mixin.py:151} INFO - [2023-09-27T10:54:07.024+0000] {dag.py:3696} INFO - Setting next_dagrun for example_task_group to 2023-09-26T10:54:07.024531+00:00, run_after=2023-09-27T10:54:07.024531+00:00
[2023-09-27T10:54:07.049+0000] {processor.py:179} INFO - Processing /usr/local/lib/python3.10/dist-packages/airflow/example_dags/example_task_group.py took 0.223 seconds
[2023-09-27T10:54:58.264+0000] {processor.py:157} INFO - Started process (PID=3988) to work on /usr/local/lib/python3.10/dist-packages/airflow/example_dags/example_task_group.py
[2023-09-27T10:54:58.266+0000] {processor.py:829} INFO - Processing file /usr/local/lib/python3.10/dist-packages/airflow/example_dags/example_task_group.py for tasks to queue
[2023-09-27T10:54:58.267+0000] {logging_mixin.py:151} INFO - [2023-09-27T10:54:58.266+0000] {dagbag.py:539} INFO - Filling up the DagBag from /usr/local/lib/python3.10/dist-packages/airflow/example_dags/example_task_group.py
[2023-09-27T10:54:58.277+0000] {processor.py:839} INFO - DAG(s) dict_keys(['example_task_group']) retrieved from /usr/local/lib/python3.10/dist-packages/airflow/example_dags/example_task_group.py
[2023-09-27T10:54:58.298+0000] {logging_mixin.py:151} INFO - [2023-09-27T10:54:58.298+0000] {dag.py:2915} INFO - Sync 1 DAGs
[2023-09-27T10:54:58.331+0000] {logging_mixin.py:151} INFO - [2023-09-27T10:54:58.331+0000] {dag.py:3696} INFO - Setting next_dagrun for example_task_group to 2023-09-26T10:54:58.331248+00:00, run_after=2023-09-27T10:54:58.331248+00:00
[2023-09-27T10:54:58.361+0000] {processor.py:179} INFO - Processing /usr/local/lib/python3.10/dist-packages/airflow/example_dags/example_task_group.py took 0.100 seconds
[2023-09-27T10:55:43.315+0000] {processor.py:157} INFO - Started process (PID=4036) to work on /usr/local/lib/python3.10/dist-packages/airflow/example_dags/example_task_group.py
[2023-09-27T10:55:43.316+0000] {processor.py:829} INFO - Processing file /usr/local/lib/python3.10/dist-packages/airflow/example_dags/example_task_group.py for tasks to queue
[2023-09-27T10:55:43.317+0000] {logging_mixin.py:151} INFO - [2023-09-27T10:55:43.317+0000] {dagbag.py:539} INFO - Filling up the DagBag from /usr/local/lib/python3.10/dist-packages/airflow/example_dags/example_task_group.py
[2023-09-27T10:55:43.326+0000] {processor.py:839} INFO - DAG(s) dict_keys(['example_task_group']) retrieved from /usr/local/lib/python3.10/dist-packages/airflow/example_dags/example_task_group.py
[2023-09-27T10:55:43.343+0000] {logging_mixin.py:151} INFO - [2023-09-27T10:55:43.343+0000] {dag.py:2915} INFO - Sync 1 DAGs
[2023-09-27T10:55:43.367+0000] {logging_mixin.py:151} INFO - [2023-09-27T10:55:43.367+0000] {dag.py:3696} INFO - Setting next_dagrun for example_task_group to 2023-09-26T10:55:43.367223+00:00, run_after=2023-09-27T10:55:43.367223+00:00
[2023-09-27T10:55:43.390+0000] {processor.py:179} INFO - Processing /usr/local/lib/python3.10/dist-packages/airflow/example_dags/example_task_group.py took 0.079 seconds
[2023-09-27T10:57:08.371+0000] {processor.py:157} INFO - Started process (PID=4105) to work on /usr/local/lib/python3.10/dist-packages/airflow/example_dags/example_task_group.py
[2023-09-27T10:57:08.372+0000] {processor.py:829} INFO - Processing file /usr/local/lib/python3.10/dist-packages/airflow/example_dags/example_task_group.py for tasks to queue
[2023-09-27T10:57:08.373+0000] {logging_mixin.py:151} INFO - [2023-09-27T10:57:08.373+0000] {dagbag.py:539} INFO - Filling up the DagBag from /usr/local/lib/python3.10/dist-packages/airflow/example_dags/example_task_group.py
[2023-09-27T10:57:08.381+0000] {processor.py:839} INFO - DAG(s) dict_keys(['example_task_group']) retrieved from /usr/local/lib/python3.10/dist-packages/airflow/example_dags/example_task_group.py
[2023-09-27T10:57:08.395+0000] {logging_mixin.py:151} INFO - [2023-09-27T10:57:08.395+0000] {dag.py:2915} INFO - Sync 1 DAGs
[2023-09-27T10:57:08.417+0000] {logging_mixin.py:151} INFO - [2023-09-27T10:57:08.416+0000] {dag.py:3696} INFO - Setting next_dagrun for example_task_group to 2023-09-26T10:57:08.416726+00:00, run_after=2023-09-27T10:57:08.416726+00:00
[2023-09-27T10:57:08.437+0000] {processor.py:179} INFO - Processing /usr/local/lib/python3.10/dist-packages/airflow/example_dags/example_task_group.py took 0.068 seconds
[2023-09-27T10:57:53.375+0000] {processor.py:157} INFO - Started process (PID=4155) to work on /usr/local/lib/python3.10/dist-packages/airflow/example_dags/example_task_group.py
[2023-09-27T10:57:53.376+0000] {processor.py:829} INFO - Processing file /usr/local/lib/python3.10/dist-packages/airflow/example_dags/example_task_group.py for tasks to queue
[2023-09-27T10:57:53.377+0000] {logging_mixin.py:151} INFO - [2023-09-27T10:57:53.377+0000] {dagbag.py:539} INFO - Filling up the DagBag from /usr/local/lib/python3.10/dist-packages/airflow/example_dags/example_task_group.py
[2023-09-27T10:57:53.386+0000] {processor.py:839} INFO - DAG(s) dict_keys(['example_task_group']) retrieved from /usr/local/lib/python3.10/dist-packages/airflow/example_dags/example_task_group.py
[2023-09-27T10:57:53.403+0000] {logging_mixin.py:151} INFO - [2023-09-27T10:57:53.403+0000] {dag.py:2915} INFO - Sync 1 DAGs
[2023-09-27T10:57:53.429+0000] {logging_mixin.py:151} INFO - [2023-09-27T10:57:53.429+0000] {dag.py:3696} INFO - Setting next_dagrun for example_task_group to 2023-09-26T10:57:53.428775+00:00, run_after=2023-09-27T10:57:53.428775+00:00
[2023-09-27T10:57:53.450+0000] {processor.py:179} INFO - Processing /usr/local/lib/python3.10/dist-packages/airflow/example_dags/example_task_group.py took 0.078 seconds
[2023-09-27T10:58:39.438+0000] {processor.py:157} INFO - Started process (PID=4203) to work on /usr/local/lib/python3.10/dist-packages/airflow/example_dags/example_task_group.py
[2023-09-27T10:58:39.439+0000] {processor.py:829} INFO - Processing file /usr/local/lib/python3.10/dist-packages/airflow/example_dags/example_task_group.py for tasks to queue
[2023-09-27T10:58:39.440+0000] {logging_mixin.py:151} INFO - [2023-09-27T10:58:39.440+0000] {dagbag.py:539} INFO - Filling up the DagBag from /usr/local/lib/python3.10/dist-packages/airflow/example_dags/example_task_group.py
[2023-09-27T10:58:39.451+0000] {processor.py:839} INFO - DAG(s) dict_keys(['example_task_group']) retrieved from /usr/local/lib/python3.10/dist-packages/airflow/example_dags/example_task_group.py
[2023-09-27T10:58:39.474+0000] {logging_mixin.py:151} INFO - [2023-09-27T10:58:39.474+0000] {dag.py:2915} INFO - Sync 1 DAGs
[2023-09-27T10:58:39.500+0000] {logging_mixin.py:151} INFO - [2023-09-27T10:58:39.500+0000] {dag.py:3696} INFO - Setting next_dagrun for example_task_group to 2023-09-26T10:58:39.500134+00:00, run_after=2023-09-27T10:58:39.500134+00:00
[2023-09-27T10:58:39.524+0000] {processor.py:179} INFO - Processing /usr/local/lib/python3.10/dist-packages/airflow/example_dags/example_task_group.py took 0.089 seconds
[2023-09-27T10:59:26.671+0000] {processor.py:157} INFO - Started process (PID=4254) to work on /usr/local/lib/python3.10/dist-packages/airflow/example_dags/example_task_group.py
[2023-09-27T10:59:26.672+0000] {processor.py:829} INFO - Processing file /usr/local/lib/python3.10/dist-packages/airflow/example_dags/example_task_group.py for tasks to queue
[2023-09-27T10:59:26.673+0000] {logging_mixin.py:151} INFO - [2023-09-27T10:59:26.673+0000] {dagbag.py:539} INFO - Filling up the DagBag from /usr/local/lib/python3.10/dist-packages/airflow/example_dags/example_task_group.py
[2023-09-27T10:59:26.681+0000] {processor.py:839} INFO - DAG(s) dict_keys(['example_task_group']) retrieved from /usr/local/lib/python3.10/dist-packages/airflow/example_dags/example_task_group.py
[2023-09-27T10:59:26.698+0000] {logging_mixin.py:151} INFO - [2023-09-27T10:59:26.697+0000] {dag.py:2915} INFO - Sync 1 DAGs
[2023-09-27T10:59:26.719+0000] {logging_mixin.py:151} INFO - [2023-09-27T10:59:26.719+0000] {dag.py:3696} INFO - Setting next_dagrun for example_task_group to 2023-09-26T10:59:26.719244+00:00, run_after=2023-09-27T10:59:26.719244+00:00
[2023-09-27T10:59:26.750+0000] {processor.py:179} INFO - Processing /usr/local/lib/python3.10/dist-packages/airflow/example_dags/example_task_group.py took 0.082 seconds
[2023-09-27T11:00:17.619+0000] {processor.py:157} INFO - Started process (PID=4306) to work on /usr/local/lib/python3.10/dist-packages/airflow/example_dags/example_task_group.py
[2023-09-27T11:00:17.621+0000] {processor.py:829} INFO - Processing file /usr/local/lib/python3.10/dist-packages/airflow/example_dags/example_task_group.py for tasks to queue
[2023-09-27T11:00:17.622+0000] {logging_mixin.py:151} INFO - [2023-09-27T11:00:17.621+0000] {dagbag.py:539} INFO - Filling up the DagBag from /usr/local/lib/python3.10/dist-packages/airflow/example_dags/example_task_group.py
[2023-09-27T11:00:17.632+0000] {processor.py:839} INFO - DAG(s) dict_keys(['example_task_group']) retrieved from /usr/local/lib/python3.10/dist-packages/airflow/example_dags/example_task_group.py
[2023-09-27T11:00:17.653+0000] {logging_mixin.py:151} INFO - [2023-09-27T11:00:17.652+0000] {dag.py:2915} INFO - Sync 1 DAGs
[2023-09-27T11:00:17.676+0000] {logging_mixin.py:151} INFO - [2023-09-27T11:00:17.676+0000] {dag.py:3696} INFO - Setting next_dagrun for example_task_group to 2023-09-26T11:00:17.676352+00:00, run_after=2023-09-27T11:00:17.676352+00:00
[2023-09-27T11:00:17.704+0000] {processor.py:179} INFO - Processing /usr/local/lib/python3.10/dist-packages/airflow/example_dags/example_task_group.py took 0.089 seconds
[2023-09-27T11:01:01.669+0000] {processor.py:157} INFO - Started process (PID=4353) to work on /usr/local/lib/python3.10/dist-packages/airflow/example_dags/example_task_group.py
[2023-09-27T11:01:01.671+0000] {processor.py:829} INFO - Processing file /usr/local/lib/python3.10/dist-packages/airflow/example_dags/example_task_group.py for tasks to queue
[2023-09-27T11:01:01.672+0000] {logging_mixin.py:151} INFO - [2023-09-27T11:01:01.672+0000] {dagbag.py:539} INFO - Filling up the DagBag from /usr/local/lib/python3.10/dist-packages/airflow/example_dags/example_task_group.py
[2023-09-27T11:01:01.689+0000] {processor.py:839} INFO - DAG(s) dict_keys(['example_task_group']) retrieved from /usr/local/lib/python3.10/dist-packages/airflow/example_dags/example_task_group.py
[2023-09-27T11:01:01.726+0000] {logging_mixin.py:151} INFO - [2023-09-27T11:01:01.725+0000] {dag.py:2915} INFO - Sync 1 DAGs
[2023-09-27T11:01:01.746+0000] {logging_mixin.py:151} INFO - [2023-09-27T11:01:01.746+0000] {dag.py:3696} INFO - Setting next_dagrun for example_task_group to 2023-09-26T11:01:01.746406+00:00, run_after=2023-09-27T11:01:01.746406+00:00
[2023-09-27T11:01:01.782+0000] {processor.py:179} INFO - Processing /usr/local/lib/python3.10/dist-packages/airflow/example_dags/example_task_group.py took 0.116 seconds
[2023-09-27T11:01:47.915+0000] {processor.py:157} INFO - Started process (PID=4403) to work on /usr/local/lib/python3.10/dist-packages/airflow/example_dags/example_task_group.py
[2023-09-27T11:01:47.916+0000] {processor.py:829} INFO - Processing file /usr/local/lib/python3.10/dist-packages/airflow/example_dags/example_task_group.py for tasks to queue
[2023-09-27T11:01:47.917+0000] {logging_mixin.py:151} INFO - [2023-09-27T11:01:47.917+0000] {dagbag.py:539} INFO - Filling up the DagBag from /usr/local/lib/python3.10/dist-packages/airflow/example_dags/example_task_group.py
[2023-09-27T11:01:47.927+0000] {processor.py:839} INFO - DAG(s) dict_keys(['example_task_group']) retrieved from /usr/local/lib/python3.10/dist-packages/airflow/example_dags/example_task_group.py
[2023-09-27T11:01:47.951+0000] {logging_mixin.py:151} INFO - [2023-09-27T11:01:47.951+0000] {dag.py:2915} INFO - Sync 1 DAGs
[2023-09-27T11:01:47.995+0000] {logging_mixin.py:151} INFO - [2023-09-27T11:01:47.995+0000] {dag.py:3696} INFO - Setting next_dagrun for example_task_group to 2023-09-26T11:01:47.995099+00:00, run_after=2023-09-27T11:01:47.995099+00:00
[2023-09-27T11:01:48.020+0000] {processor.py:179} INFO - Processing /usr/local/lib/python3.10/dist-packages/airflow/example_dags/example_task_group.py took 0.110 seconds
[2023-09-27T11:02:36.336+0000] {processor.py:157} INFO - Started process (PID=4453) to work on /usr/local/lib/python3.10/dist-packages/airflow/example_dags/example_task_group.py
[2023-09-27T11:02:36.337+0000] {processor.py:829} INFO - Processing file /usr/local/lib/python3.10/dist-packages/airflow/example_dags/example_task_group.py for tasks to queue
[2023-09-27T11:02:36.338+0000] {logging_mixin.py:151} INFO - [2023-09-27T11:02:36.337+0000] {dagbag.py:539} INFO - Filling up the DagBag from /usr/local/lib/python3.10/dist-packages/airflow/example_dags/example_task_group.py
[2023-09-27T11:02:36.346+0000] {processor.py:839} INFO - DAG(s) dict_keys(['example_task_group']) retrieved from /usr/local/lib/python3.10/dist-packages/airflow/example_dags/example_task_group.py
[2023-09-27T11:02:36.362+0000] {logging_mixin.py:151} INFO - [2023-09-27T11:02:36.362+0000] {dag.py:2915} INFO - Sync 1 DAGs
[2023-09-27T11:02:36.382+0000] {logging_mixin.py:151} INFO - [2023-09-27T11:02:36.381+0000] {dag.py:3696} INFO - Setting next_dagrun for example_task_group to 2023-09-26T11:02:36.381686+00:00, run_after=2023-09-27T11:02:36.381686+00:00
[2023-09-27T11:02:36.404+0000] {processor.py:179} INFO - Processing /usr/local/lib/python3.10/dist-packages/airflow/example_dags/example_task_group.py took 0.072 seconds
[2023-09-27T11:03:26.622+0000] {processor.py:157} INFO - Started process (PID=4504) to work on /usr/local/lib/python3.10/dist-packages/airflow/example_dags/example_task_group.py
[2023-09-27T11:03:26.623+0000] {processor.py:829} INFO - Processing file /usr/local/lib/python3.10/dist-packages/airflow/example_dags/example_task_group.py for tasks to queue
[2023-09-27T11:03:26.624+0000] {logging_mixin.py:151} INFO - [2023-09-27T11:03:26.624+0000] {dagbag.py:539} INFO - Filling up the DagBag from /usr/local/lib/python3.10/dist-packages/airflow/example_dags/example_task_group.py
[2023-09-27T11:03:26.642+0000] {processor.py:839} INFO - DAG(s) dict_keys(['example_task_group']) retrieved from /usr/local/lib/python3.10/dist-packages/airflow/example_dags/example_task_group.py
[2023-09-27T11:03:26.685+0000] {logging_mixin.py:151} INFO - [2023-09-27T11:03:26.685+0000] {dag.py:2915} INFO - Sync 1 DAGs
[2023-09-27T11:03:26.709+0000] {logging_mixin.py:151} INFO - [2023-09-27T11:03:26.709+0000] {dag.py:3696} INFO - Setting next_dagrun for example_task_group to 2023-09-26T11:03:26.708943+00:00, run_after=2023-09-27T11:03:26.708943+00:00
[2023-09-27T11:03:26.732+0000] {processor.py:179} INFO - Processing /usr/local/lib/python3.10/dist-packages/airflow/example_dags/example_task_group.py took 0.114 seconds
[2023-09-27T11:04:15.959+0000] {processor.py:157} INFO - Started process (PID=4556) to work on /usr/local/lib/python3.10/dist-packages/airflow/example_dags/example_task_group.py
[2023-09-27T11:04:15.960+0000] {processor.py:829} INFO - Processing file /usr/local/lib/python3.10/dist-packages/airflow/example_dags/example_task_group.py for tasks to queue
[2023-09-27T11:04:15.961+0000] {logging_mixin.py:151} INFO - [2023-09-27T11:04:15.961+0000] {dagbag.py:539} INFO - Filling up the DagBag from /usr/local/lib/python3.10/dist-packages/airflow/example_dags/example_task_group.py
[2023-09-27T11:04:15.970+0000] {processor.py:839} INFO - DAG(s) dict_keys(['example_task_group']) retrieved from /usr/local/lib/python3.10/dist-packages/airflow/example_dags/example_task_group.py
[2023-09-27T11:04:16.000+0000] {logging_mixin.py:151} INFO - [2023-09-27T11:04:16.000+0000] {dag.py:2915} INFO - Sync 1 DAGs
[2023-09-27T11:04:16.033+0000] {logging_mixin.py:151} INFO - [2023-09-27T11:04:16.033+0000] {dag.py:3696} INFO - Setting next_dagrun for example_task_group to 2023-09-26T11:04:16.033269+00:00, run_after=2023-09-27T11:04:16.033269+00:00
[2023-09-27T11:04:16.054+0000] {processor.py:179} INFO - Processing /usr/local/lib/python3.10/dist-packages/airflow/example_dags/example_task_group.py took 0.099 seconds
[2023-09-27T11:05:07.706+0000] {processor.py:157} INFO - Started process (PID=4608) to work on /usr/local/lib/python3.10/dist-packages/airflow/example_dags/example_task_group.py
[2023-09-27T11:05:07.708+0000] {processor.py:829} INFO - Processing file /usr/local/lib/python3.10/dist-packages/airflow/example_dags/example_task_group.py for tasks to queue
[2023-09-27T11:05:07.709+0000] {logging_mixin.py:151} INFO - [2023-09-27T11:05:07.708+0000] {dagbag.py:539} INFO - Filling up the DagBag from /usr/local/lib/python3.10/dist-packages/airflow/example_dags/example_task_group.py
[2023-09-27T11:05:07.719+0000] {processor.py:839} INFO - DAG(s) dict_keys(['example_task_group']) retrieved from /usr/local/lib/python3.10/dist-packages/airflow/example_dags/example_task_group.py
[2023-09-27T11:05:07.737+0000] {logging_mixin.py:151} INFO - [2023-09-27T11:05:07.737+0000] {dag.py:2915} INFO - Sync 1 DAGs
[2023-09-27T11:05:07.765+0000] {logging_mixin.py:151} INFO - [2023-09-27T11:05:07.765+0000] {dag.py:3696} INFO - Setting next_dagrun for example_task_group to 2023-09-26T11:05:07.764939+00:00, run_after=2023-09-27T11:05:07.764939+00:00
[2023-09-27T11:05:07.788+0000] {processor.py:179} INFO - Processing /usr/local/lib/python3.10/dist-packages/airflow/example_dags/example_task_group.py took 0.085 seconds
[2023-09-27T11:06:00.042+0000] {processor.py:157} INFO - Started process (PID=4661) to work on /usr/local/lib/python3.10/dist-packages/airflow/example_dags/example_task_group.py
[2023-09-27T11:06:00.043+0000] {processor.py:829} INFO - Processing file /usr/local/lib/python3.10/dist-packages/airflow/example_dags/example_task_group.py for tasks to queue
[2023-09-27T11:06:00.044+0000] {logging_mixin.py:151} INFO - [2023-09-27T11:06:00.044+0000] {dagbag.py:539} INFO - Filling up the DagBag from /usr/local/lib/python3.10/dist-packages/airflow/example_dags/example_task_group.py
[2023-09-27T11:06:00.053+0000] {processor.py:839} INFO - DAG(s) dict_keys(['example_task_group']) retrieved from /usr/local/lib/python3.10/dist-packages/airflow/example_dags/example_task_group.py
[2023-09-27T11:06:00.074+0000] {logging_mixin.py:151} INFO - [2023-09-27T11:06:00.073+0000] {dag.py:2915} INFO - Sync 1 DAGs
[2023-09-27T11:06:00.097+0000] {logging_mixin.py:151} INFO - [2023-09-27T11:06:00.097+0000] {dag.py:3696} INFO - Setting next_dagrun for example_task_group to 2023-09-26T11:06:00.097198+00:00, run_after=2023-09-27T11:06:00.097198+00:00
[2023-09-27T11:06:00.124+0000] {processor.py:179} INFO - Processing /usr/local/lib/python3.10/dist-packages/airflow/example_dags/example_task_group.py took 0.087 seconds
[2023-09-27T11:06:53.450+0000] {processor.py:157} INFO - Started process (PID=4724) to work on /usr/local/lib/python3.10/dist-packages/airflow/example_dags/example_task_group.py
[2023-09-27T11:06:53.452+0000] {processor.py:829} INFO - Processing file /usr/local/lib/python3.10/dist-packages/airflow/example_dags/example_task_group.py for tasks to queue
[2023-09-27T11:06:53.453+0000] {logging_mixin.py:151} INFO - [2023-09-27T11:06:53.453+0000] {dagbag.py:539} INFO - Filling up the DagBag from /usr/local/lib/python3.10/dist-packages/airflow/example_dags/example_task_group.py
[2023-09-27T11:06:53.461+0000] {processor.py:839} INFO - DAG(s) dict_keys(['example_task_group']) retrieved from /usr/local/lib/python3.10/dist-packages/airflow/example_dags/example_task_group.py
[2023-09-27T11:06:53.486+0000] {logging_mixin.py:151} INFO - [2023-09-27T11:06:53.486+0000] {dag.py:2915} INFO - Sync 1 DAGs
[2023-09-27T11:06:53.505+0000] {logging_mixin.py:151} INFO - [2023-09-27T11:06:53.504+0000] {dag.py:3696} INFO - Setting next_dagrun for example_task_group to 2023-09-26T11:06:53.504596+00:00, run_after=2023-09-27T11:06:53.504596+00:00
[2023-09-27T11:06:53.526+0000] {processor.py:179} INFO - Processing /usr/local/lib/python3.10/dist-packages/airflow/example_dags/example_task_group.py took 0.083 seconds
[2023-09-27T11:07:42.252+0000] {processor.py:157} INFO - Started process (PID=4775) to work on /usr/local/lib/python3.10/dist-packages/airflow/example_dags/example_task_group.py
[2023-09-27T11:07:42.253+0000] {processor.py:829} INFO - Processing file /usr/local/lib/python3.10/dist-packages/airflow/example_dags/example_task_group.py for tasks to queue
[2023-09-27T11:07:42.254+0000] {logging_mixin.py:151} INFO - [2023-09-27T11:07:42.253+0000] {dagbag.py:539} INFO - Filling up the DagBag from /usr/local/lib/python3.10/dist-packages/airflow/example_dags/example_task_group.py
[2023-09-27T11:07:42.262+0000] {processor.py:839} INFO - DAG(s) dict_keys(['example_task_group']) retrieved from /usr/local/lib/python3.10/dist-packages/airflow/example_dags/example_task_group.py
[2023-09-27T11:07:42.283+0000] {logging_mixin.py:151} INFO - [2023-09-27T11:07:42.283+0000] {dag.py:2915} INFO - Sync 1 DAGs
[2023-09-27T11:07:42.319+0000] {logging_mixin.py:151} INFO - [2023-09-27T11:07:42.319+0000] {dag.py:3696} INFO - Setting next_dagrun for example_task_group to 2023-09-26T11:07:42.319264+00:00, run_after=2023-09-27T11:07:42.319264+00:00
[2023-09-27T11:07:42.350+0000] {processor.py:179} INFO - Processing /usr/local/lib/python3.10/dist-packages/airflow/example_dags/example_task_group.py took 0.101 seconds
[2023-09-27T11:08:34.869+0000] {processor.py:157} INFO - Started process (PID=4828) to work on /usr/local/lib/python3.10/dist-packages/airflow/example_dags/example_task_group.py
[2023-09-27T11:08:34.870+0000] {processor.py:829} INFO - Processing file /usr/local/lib/python3.10/dist-packages/airflow/example_dags/example_task_group.py for tasks to queue
[2023-09-27T11:08:34.871+0000] {logging_mixin.py:151} INFO - [2023-09-27T11:08:34.871+0000] {dagbag.py:539} INFO - Filling up the DagBag from /usr/local/lib/python3.10/dist-packages/airflow/example_dags/example_task_group.py
[2023-09-27T11:08:34.879+0000] {processor.py:839} INFO - DAG(s) dict_keys(['example_task_group']) retrieved from /usr/local/lib/python3.10/dist-packages/airflow/example_dags/example_task_group.py
[2023-09-27T11:08:34.895+0000] {logging_mixin.py:151} INFO - [2023-09-27T11:08:34.895+0000] {dag.py:2915} INFO - Sync 1 DAGs
[2023-09-27T11:08:34.914+0000] {logging_mixin.py:151} INFO - [2023-09-27T11:08:34.913+0000] {dag.py:3696} INFO - Setting next_dagrun for example_task_group to 2023-09-26T11:08:34.913760+00:00, run_after=2023-09-27T11:08:34.913760+00:00
[2023-09-27T11:08:34.934+0000] {processor.py:179} INFO - Processing /usr/local/lib/python3.10/dist-packages/airflow/example_dags/example_task_group.py took 0.068 seconds
[2023-09-27T11:09:24.639+0000] {processor.py:157} INFO - Started process (PID=4880) to work on /usr/local/lib/python3.10/dist-packages/airflow/example_dags/example_task_group.py
[2023-09-27T11:09:24.641+0000] {processor.py:829} INFO - Processing file /usr/local/lib/python3.10/dist-packages/airflow/example_dags/example_task_group.py for tasks to queue
[2023-09-27T11:09:24.642+0000] {logging_mixin.py:151} INFO - [2023-09-27T11:09:24.641+0000] {dagbag.py:539} INFO - Filling up the DagBag from /usr/local/lib/python3.10/dist-packages/airflow/example_dags/example_task_group.py
[2023-09-27T11:09:24.653+0000] {processor.py:839} INFO - DAG(s) dict_keys(['example_task_group']) retrieved from /usr/local/lib/python3.10/dist-packages/airflow/example_dags/example_task_group.py
[2023-09-27T11:09:24.672+0000] {logging_mixin.py:151} INFO - [2023-09-27T11:09:24.672+0000] {dag.py:2915} INFO - Sync 1 DAGs
[2023-09-27T11:09:24.694+0000] {logging_mixin.py:151} INFO - [2023-09-27T11:09:24.694+0000] {dag.py:3696} INFO - Setting next_dagrun for example_task_group to 2023-09-26T11:09:24.694101+00:00, run_after=2023-09-27T11:09:24.694101+00:00
[2023-09-27T11:09:24.721+0000] {processor.py:179} INFO - Processing /usr/local/lib/python3.10/dist-packages/airflow/example_dags/example_task_group.py took 0.087 seconds
[2023-09-27T11:10:10.216+0000] {processor.py:157} INFO - Started process (PID=4928) to work on /usr/local/lib/python3.10/dist-packages/airflow/example_dags/example_task_group.py
[2023-09-27T11:10:10.217+0000] {processor.py:829} INFO - Processing file /usr/local/lib/python3.10/dist-packages/airflow/example_dags/example_task_group.py for tasks to queue
[2023-09-27T11:10:10.218+0000] {logging_mixin.py:151} INFO - [2023-09-27T11:10:10.218+0000] {dagbag.py:539} INFO - Filling up the DagBag from /usr/local/lib/python3.10/dist-packages/airflow/example_dags/example_task_group.py
[2023-09-27T11:10:10.229+0000] {processor.py:839} INFO - DAG(s) dict_keys(['example_task_group']) retrieved from /usr/local/lib/python3.10/dist-packages/airflow/example_dags/example_task_group.py
[2023-09-27T11:10:10.249+0000] {logging_mixin.py:151} INFO - [2023-09-27T11:10:10.249+0000] {dag.py:2915} INFO - Sync 1 DAGs
[2023-09-27T11:10:10.274+0000] {logging_mixin.py:151} INFO - [2023-09-27T11:10:10.274+0000] {dag.py:3696} INFO - Setting next_dagrun for example_task_group to 2023-09-26T11:10:10.274267+00:00, run_after=2023-09-27T11:10:10.274267+00:00
[2023-09-27T11:10:10.300+0000] {processor.py:179} INFO - Processing /usr/local/lib/python3.10/dist-packages/airflow/example_dags/example_task_group.py took 0.088 seconds
[2023-09-27T11:10:59.024+0000] {processor.py:157} INFO - Started process (PID=4980) to work on /usr/local/lib/python3.10/dist-packages/airflow/example_dags/example_task_group.py
[2023-09-27T11:10:59.026+0000] {processor.py:829} INFO - Processing file /usr/local/lib/python3.10/dist-packages/airflow/example_dags/example_task_group.py for tasks to queue
[2023-09-27T11:10:59.026+0000] {logging_mixin.py:151} INFO - [2023-09-27T11:10:59.026+0000] {dagbag.py:539} INFO - Filling up the DagBag from /usr/local/lib/python3.10/dist-packages/airflow/example_dags/example_task_group.py
[2023-09-27T11:10:59.034+0000] {processor.py:839} INFO - DAG(s) dict_keys(['example_task_group']) retrieved from /usr/local/lib/python3.10/dist-packages/airflow/example_dags/example_task_group.py
[2023-09-27T11:10:59.052+0000] {logging_mixin.py:151} INFO - [2023-09-27T11:10:59.052+0000] {dag.py:2915} INFO - Sync 1 DAGs
[2023-09-27T11:10:59.072+0000] {logging_mixin.py:151} INFO - [2023-09-27T11:10:59.072+0000] {dag.py:3696} INFO - Setting next_dagrun for example_task_group to 2023-09-26T11:10:59.071908+00:00, run_after=2023-09-27T11:10:59.071908+00:00
[2023-09-27T11:10:59.093+0000] {processor.py:179} INFO - Processing /usr/local/lib/python3.10/dist-packages/airflow/example_dags/example_task_group.py took 0.073 seconds
[2023-09-27T11:11:50.026+0000] {processor.py:157} INFO - Started process (PID=5035) to work on /usr/local/lib/python3.10/dist-packages/airflow/example_dags/example_task_group.py
[2023-09-27T11:11:50.028+0000] {processor.py:829} INFO - Processing file /usr/local/lib/python3.10/dist-packages/airflow/example_dags/example_task_group.py for tasks to queue
[2023-09-27T11:11:50.029+0000] {logging_mixin.py:151} INFO - [2023-09-27T11:11:50.028+0000] {dagbag.py:539} INFO - Filling up the DagBag from /usr/local/lib/python3.10/dist-packages/airflow/example_dags/example_task_group.py
[2023-09-27T11:11:50.038+0000] {processor.py:839} INFO - DAG(s) dict_keys(['example_task_group']) retrieved from /usr/local/lib/python3.10/dist-packages/airflow/example_dags/example_task_group.py
[2023-09-27T11:11:50.064+0000] {logging_mixin.py:151} INFO - [2023-09-27T11:11:50.063+0000] {dag.py:2915} INFO - Sync 1 DAGs
[2023-09-27T11:11:50.086+0000] {logging_mixin.py:151} INFO - [2023-09-27T11:11:50.086+0000] {dag.py:3696} INFO - Setting next_dagrun for example_task_group to 2023-09-26T11:11:50.085258+00:00, run_after=2023-09-27T11:11:50.085258+00:00
[2023-09-27T11:11:50.112+0000] {processor.py:179} INFO - Processing /usr/local/lib/python3.10/dist-packages/airflow/example_dags/example_task_group.py took 0.090 seconds
[2023-09-27T11:12:36.383+0000] {processor.py:157} INFO - Started process (PID=5086) to work on /usr/local/lib/python3.10/dist-packages/airflow/example_dags/example_task_group.py
[2023-09-27T11:12:36.385+0000] {processor.py:829} INFO - Processing file /usr/local/lib/python3.10/dist-packages/airflow/example_dags/example_task_group.py for tasks to queue
[2023-09-27T11:12:36.385+0000] {logging_mixin.py:151} INFO - [2023-09-27T11:12:36.385+0000] {dagbag.py:539} INFO - Filling up the DagBag from /usr/local/lib/python3.10/dist-packages/airflow/example_dags/example_task_group.py
[2023-09-27T11:12:36.400+0000] {processor.py:839} INFO - DAG(s) dict_keys(['example_task_group']) retrieved from /usr/local/lib/python3.10/dist-packages/airflow/example_dags/example_task_group.py
[2023-09-27T11:12:36.418+0000] {logging_mixin.py:151} INFO - [2023-09-27T11:12:36.418+0000] {dag.py:2915} INFO - Sync 1 DAGs
[2023-09-27T11:12:36.438+0000] {logging_mixin.py:151} INFO - [2023-09-27T11:12:36.438+0000] {dag.py:3696} INFO - Setting next_dagrun for example_task_group to 2023-09-26T11:12:36.437829+00:00, run_after=2023-09-27T11:12:36.437829+00:00
[2023-09-27T11:12:36.460+0000] {processor.py:179} INFO - Processing /usr/local/lib/python3.10/dist-packages/airflow/example_dags/example_task_group.py took 0.080 seconds
[2023-09-27T11:13:26.809+0000] {processor.py:157} INFO - Started process (PID=5141) to work on /usr/local/lib/python3.10/dist-packages/airflow/example_dags/example_task_group.py
[2023-09-27T11:13:26.810+0000] {processor.py:829} INFO - Processing file /usr/local/lib/python3.10/dist-packages/airflow/example_dags/example_task_group.py for tasks to queue
[2023-09-27T11:13:26.812+0000] {logging_mixin.py:151} INFO - [2023-09-27T11:13:26.811+0000] {dagbag.py:539} INFO - Filling up the DagBag from /usr/local/lib/python3.10/dist-packages/airflow/example_dags/example_task_group.py
[2023-09-27T11:13:26.823+0000] {processor.py:839} INFO - DAG(s) dict_keys(['example_task_group']) retrieved from /usr/local/lib/python3.10/dist-packages/airflow/example_dags/example_task_group.py
[2023-09-27T11:13:26.842+0000] {logging_mixin.py:151} INFO - [2023-09-27T11:13:26.841+0000] {dag.py:2915} INFO - Sync 1 DAGs
[2023-09-27T11:13:26.863+0000] {logging_mixin.py:151} INFO - [2023-09-27T11:13:26.862+0000] {dag.py:3696} INFO - Setting next_dagrun for example_task_group to 2023-09-26T11:13:26.862784+00:00, run_after=2023-09-27T11:13:26.862784+00:00
[2023-09-27T11:13:26.887+0000] {processor.py:179} INFO - Processing /usr/local/lib/python3.10/dist-packages/airflow/example_dags/example_task_group.py took 0.081 seconds
[2023-09-27T11:14:17.089+0000] {processor.py:157} INFO - Started process (PID=5191) to work on /usr/local/lib/python3.10/dist-packages/airflow/example_dags/example_task_group.py
[2023-09-27T11:14:17.091+0000] {processor.py:829} INFO - Processing file /usr/local/lib/python3.10/dist-packages/airflow/example_dags/example_task_group.py for tasks to queue
[2023-09-27T11:14:17.093+0000] {logging_mixin.py:151} INFO - [2023-09-27T11:14:17.091+0000] {dagbag.py:539} INFO - Filling up the DagBag from /usr/local/lib/python3.10/dist-packages/airflow/example_dags/example_task_group.py
[2023-09-27T11:14:17.107+0000] {processor.py:839} INFO - DAG(s) dict_keys(['example_task_group']) retrieved from /usr/local/lib/python3.10/dist-packages/airflow/example_dags/example_task_group.py
[2023-09-27T11:14:17.124+0000] {logging_mixin.py:151} INFO - [2023-09-27T11:14:17.124+0000] {dag.py:2915} INFO - Sync 1 DAGs
[2023-09-27T11:14:17.146+0000] {logging_mixin.py:151} INFO - [2023-09-27T11:14:17.146+0000] {dag.py:3696} INFO - Setting next_dagrun for example_task_group to 2023-09-26T11:14:17.146221+00:00, run_after=2023-09-27T11:14:17.146221+00:00
[2023-09-27T11:14:17.166+0000] {processor.py:179} INFO - Processing /usr/local/lib/python3.10/dist-packages/airflow/example_dags/example_task_group.py took 0.084 seconds
[2023-09-27T11:15:06.817+0000] {processor.py:157} INFO - Started process (PID=5243) to work on /usr/local/lib/python3.10/dist-packages/airflow/example_dags/example_task_group.py
[2023-09-27T11:15:06.819+0000] {processor.py:829} INFO - Processing file /usr/local/lib/python3.10/dist-packages/airflow/example_dags/example_task_group.py for tasks to queue
[2023-09-27T11:15:06.820+0000] {logging_mixin.py:151} INFO - [2023-09-27T11:15:06.820+0000] {dagbag.py:539} INFO - Filling up the DagBag from /usr/local/lib/python3.10/dist-packages/airflow/example_dags/example_task_group.py
[2023-09-27T11:15:06.835+0000] {processor.py:839} INFO - DAG(s) dict_keys(['example_task_group']) retrieved from /usr/local/lib/python3.10/dist-packages/airflow/example_dags/example_task_group.py
[2023-09-27T11:15:06.853+0000] {logging_mixin.py:151} INFO - [2023-09-27T11:15:06.852+0000] {dag.py:2915} INFO - Sync 1 DAGs
[2023-09-27T11:15:06.881+0000] {logging_mixin.py:151} INFO - [2023-09-27T11:15:06.880+0000] {dag.py:3696} INFO - Setting next_dagrun for example_task_group to 2023-09-26T11:15:06.880586+00:00, run_after=2023-09-27T11:15:06.880586+00:00
[2023-09-27T11:15:06.911+0000] {processor.py:179} INFO - Processing /usr/local/lib/python3.10/dist-packages/airflow/example_dags/example_task_group.py took 0.097 seconds
[2023-09-27T11:15:59.414+0000] {processor.py:157} INFO - Started process (PID=5297) to work on /usr/local/lib/python3.10/dist-packages/airflow/example_dags/example_task_group.py
[2023-09-27T11:15:59.415+0000] {processor.py:829} INFO - Processing file /usr/local/lib/python3.10/dist-packages/airflow/example_dags/example_task_group.py for tasks to queue
[2023-09-27T11:15:59.416+0000] {logging_mixin.py:151} INFO - [2023-09-27T11:15:59.416+0000] {dagbag.py:539} INFO - Filling up the DagBag from /usr/local/lib/python3.10/dist-packages/airflow/example_dags/example_task_group.py
[2023-09-27T11:15:59.424+0000] {processor.py:839} INFO - DAG(s) dict_keys(['example_task_group']) retrieved from /usr/local/lib/python3.10/dist-packages/airflow/example_dags/example_task_group.py
[2023-09-27T11:15:59.440+0000] {logging_mixin.py:151} INFO - [2023-09-27T11:15:59.440+0000] {dag.py:2915} INFO - Sync 1 DAGs
[2023-09-27T11:15:59.460+0000] {logging_mixin.py:151} INFO - [2023-09-27T11:15:59.460+0000] {dag.py:3696} INFO - Setting next_dagrun for example_task_group to 2023-09-26T11:15:59.460479+00:00, run_after=2023-09-27T11:15:59.460479+00:00
[2023-09-27T11:15:59.482+0000] {processor.py:179} INFO - Processing /usr/local/lib/python3.10/dist-packages/airflow/example_dags/example_task_group.py took 0.071 seconds
[2023-09-27T11:16:48.364+0000] {processor.py:157} INFO - Started process (PID=5348) to work on /usr/local/lib/python3.10/dist-packages/airflow/example_dags/example_task_group.py
[2023-09-27T11:16:48.365+0000] {processor.py:829} INFO - Processing file /usr/local/lib/python3.10/dist-packages/airflow/example_dags/example_task_group.py for tasks to queue
[2023-09-27T11:16:48.366+0000] {logging_mixin.py:151} INFO - [2023-09-27T11:16:48.365+0000] {dagbag.py:539} INFO - Filling up the DagBag from /usr/local/lib/python3.10/dist-packages/airflow/example_dags/example_task_group.py
[2023-09-27T11:16:48.375+0000] {processor.py:839} INFO - DAG(s) dict_keys(['example_task_group']) retrieved from /usr/local/lib/python3.10/dist-packages/airflow/example_dags/example_task_group.py
[2023-09-27T11:16:48.394+0000] {logging_mixin.py:151} INFO - [2023-09-27T11:16:48.394+0000] {dag.py:2915} INFO - Sync 1 DAGs
[2023-09-27T11:16:48.417+0000] {logging_mixin.py:151} INFO - [2023-09-27T11:16:48.417+0000] {dag.py:3696} INFO - Setting next_dagrun for example_task_group to 2023-09-26T11:16:48.416834+00:00, run_after=2023-09-27T11:16:48.416834+00:00
[2023-09-27T11:16:48.440+0000] {processor.py:179} INFO - Processing /usr/local/lib/python3.10/dist-packages/airflow/example_dags/example_task_group.py took 0.079 seconds
[2023-09-27T11:17:39.358+0000] {processor.py:157} INFO - Started process (PID=5408) to work on /usr/local/lib/python3.10/dist-packages/airflow/example_dags/example_task_group.py
[2023-09-27T11:17:39.359+0000] {processor.py:829} INFO - Processing file /usr/local/lib/python3.10/dist-packages/airflow/example_dags/example_task_group.py for tasks to queue
[2023-09-27T11:17:39.360+0000] {logging_mixin.py:151} INFO - [2023-09-27T11:17:39.360+0000] {dagbag.py:539} INFO - Filling up the DagBag from /usr/local/lib/python3.10/dist-packages/airflow/example_dags/example_task_group.py
[2023-09-27T11:17:39.368+0000] {processor.py:839} INFO - DAG(s) dict_keys(['example_task_group']) retrieved from /usr/local/lib/python3.10/dist-packages/airflow/example_dags/example_task_group.py
[2023-09-27T11:17:39.387+0000] {logging_mixin.py:151} INFO - [2023-09-27T11:17:39.387+0000] {dag.py:2915} INFO - Sync 1 DAGs
[2023-09-27T11:17:39.412+0000] {logging_mixin.py:151} INFO - [2023-09-27T11:17:39.409+0000] {dag.py:3696} INFO - Setting next_dagrun for example_task_group to 2023-09-26T11:17:39.409579+00:00, run_after=2023-09-27T11:17:39.409579+00:00
[2023-09-27T11:17:39.446+0000] {processor.py:179} INFO - Processing /usr/local/lib/python3.10/dist-packages/airflow/example_dags/example_task_group.py took 0.091 seconds
[2023-09-27T11:18:31.265+0000] {processor.py:157} INFO - Started process (PID=5462) to work on /usr/local/lib/python3.10/dist-packages/airflow/example_dags/example_task_group.py
[2023-09-27T11:18:31.266+0000] {processor.py:829} INFO - Processing file /usr/local/lib/python3.10/dist-packages/airflow/example_dags/example_task_group.py for tasks to queue
[2023-09-27T11:18:31.267+0000] {logging_mixin.py:151} INFO - [2023-09-27T11:18:31.267+0000] {dagbag.py:539} INFO - Filling up the DagBag from /usr/local/lib/python3.10/dist-packages/airflow/example_dags/example_task_group.py
[2023-09-27T11:18:31.278+0000] {processor.py:839} INFO - DAG(s) dict_keys(['example_task_group']) retrieved from /usr/local/lib/python3.10/dist-packages/airflow/example_dags/example_task_group.py
[2023-09-27T11:18:31.300+0000] {logging_mixin.py:151} INFO - [2023-09-27T11:18:31.300+0000] {dag.py:2915} INFO - Sync 1 DAGs
[2023-09-27T11:18:31.323+0000] {logging_mixin.py:151} INFO - [2023-09-27T11:18:31.323+0000] {dag.py:3696} INFO - Setting next_dagrun for example_task_group to 2023-09-26T11:18:31.323242+00:00, run_after=2023-09-27T11:18:31.323242+00:00
[2023-09-27T11:18:31.347+0000] {processor.py:179} INFO - Processing /usr/local/lib/python3.10/dist-packages/airflow/example_dags/example_task_group.py took 0.086 seconds
[2023-09-27T11:19:17.667+0000] {processor.py:157} INFO - Started process (PID=5510) to work on /usr/local/lib/python3.10/dist-packages/airflow/example_dags/example_task_group.py
[2023-09-27T11:19:17.668+0000] {processor.py:829} INFO - Processing file /usr/local/lib/python3.10/dist-packages/airflow/example_dags/example_task_group.py for tasks to queue
[2023-09-27T11:19:17.669+0000] {logging_mixin.py:151} INFO - [2023-09-27T11:19:17.669+0000] {dagbag.py:539} INFO - Filling up the DagBag from /usr/local/lib/python3.10/dist-packages/airflow/example_dags/example_task_group.py
[2023-09-27T11:19:17.677+0000] {processor.py:839} INFO - DAG(s) dict_keys(['example_task_group']) retrieved from /usr/local/lib/python3.10/dist-packages/airflow/example_dags/example_task_group.py
[2023-09-27T11:19:17.693+0000] {logging_mixin.py:151} INFO - [2023-09-27T11:19:17.693+0000] {dag.py:2915} INFO - Sync 1 DAGs
[2023-09-27T11:19:17.712+0000] {logging_mixin.py:151} INFO - [2023-09-27T11:19:17.711+0000] {dag.py:3696} INFO - Setting next_dagrun for example_task_group to 2023-09-26T11:19:17.711674+00:00, run_after=2023-09-27T11:19:17.711674+00:00
[2023-09-27T11:19:17.732+0000] {processor.py:179} INFO - Processing /usr/local/lib/python3.10/dist-packages/airflow/example_dags/example_task_group.py took 0.068 seconds
[2023-09-27T11:20:09.563+0000] {processor.py:157} INFO - Started process (PID=5565) to work on /usr/local/lib/python3.10/dist-packages/airflow/example_dags/example_task_group.py
[2023-09-27T11:20:09.565+0000] {processor.py:829} INFO - Processing file /usr/local/lib/python3.10/dist-packages/airflow/example_dags/example_task_group.py for tasks to queue
[2023-09-27T11:20:09.566+0000] {logging_mixin.py:151} INFO - [2023-09-27T11:20:09.565+0000] {dagbag.py:539} INFO - Filling up the DagBag from /usr/local/lib/python3.10/dist-packages/airflow/example_dags/example_task_group.py
[2023-09-27T11:20:09.574+0000] {processor.py:839} INFO - DAG(s) dict_keys(['example_task_group']) retrieved from /usr/local/lib/python3.10/dist-packages/airflow/example_dags/example_task_group.py
[2023-09-27T11:20:09.591+0000] {logging_mixin.py:151} INFO - [2023-09-27T11:20:09.591+0000] {dag.py:2915} INFO - Sync 1 DAGs
[2023-09-27T11:20:09.610+0000] {logging_mixin.py:151} INFO - [2023-09-27T11:20:09.610+0000] {dag.py:3696} INFO - Setting next_dagrun for example_task_group to 2023-09-26T11:20:09.610373+00:00, run_after=2023-09-27T11:20:09.610373+00:00
[2023-09-27T11:20:09.633+0000] {processor.py:179} INFO - Processing /usr/local/lib/python3.10/dist-packages/airflow/example_dags/example_task_group.py took 0.072 seconds
[2023-09-27T11:21:01.528+0000] {processor.py:157} INFO - Started process (PID=5621) to work on /usr/local/lib/python3.10/dist-packages/airflow/example_dags/example_task_group.py
[2023-09-27T11:21:01.530+0000] {processor.py:829} INFO - Processing file /usr/local/lib/python3.10/dist-packages/airflow/example_dags/example_task_group.py for tasks to queue
[2023-09-27T11:21:01.531+0000] {logging_mixin.py:151} INFO - [2023-09-27T11:21:01.530+0000] {dagbag.py:539} INFO - Filling up the DagBag from /usr/local/lib/python3.10/dist-packages/airflow/example_dags/example_task_group.py
[2023-09-27T11:21:01.540+0000] {processor.py:839} INFO - DAG(s) dict_keys(['example_task_group']) retrieved from /usr/local/lib/python3.10/dist-packages/airflow/example_dags/example_task_group.py
[2023-09-27T11:21:01.564+0000] {logging_mixin.py:151} INFO - [2023-09-27T11:21:01.563+0000] {dag.py:2915} INFO - Sync 1 DAGs
[2023-09-27T11:21:01.589+0000] {logging_mixin.py:151} INFO - [2023-09-27T11:21:01.589+0000] {dag.py:3696} INFO - Setting next_dagrun for example_task_group to 2023-09-26T11:21:01.589385+00:00, run_after=2023-09-27T11:21:01.589385+00:00
[2023-09-27T11:21:01.618+0000] {processor.py:179} INFO - Processing /usr/local/lib/python3.10/dist-packages/airflow/example_dags/example_task_group.py took 0.092 seconds
[2023-09-27T11:21:53.545+0000] {processor.py:157} INFO - Started process (PID=5676) to work on /usr/local/lib/python3.10/dist-packages/airflow/example_dags/example_task_group.py
[2023-09-27T11:21:53.546+0000] {processor.py:829} INFO - Processing file /usr/local/lib/python3.10/dist-packages/airflow/example_dags/example_task_group.py for tasks to queue
[2023-09-27T11:21:53.547+0000] {logging_mixin.py:151} INFO - [2023-09-27T11:21:53.547+0000] {dagbag.py:539} INFO - Filling up the DagBag from /usr/local/lib/python3.10/dist-packages/airflow/example_dags/example_task_group.py
[2023-09-27T11:21:53.555+0000] {processor.py:839} INFO - DAG(s) dict_keys(['example_task_group']) retrieved from /usr/local/lib/python3.10/dist-packages/airflow/example_dags/example_task_group.py
[2023-09-27T11:21:53.573+0000] {logging_mixin.py:151} INFO - [2023-09-27T11:21:53.573+0000] {dag.py:2915} INFO - Sync 1 DAGs
[2023-09-27T11:21:53.595+0000] {logging_mixin.py:151} INFO - [2023-09-27T11:21:53.595+0000] {dag.py:3696} INFO - Setting next_dagrun for example_task_group to 2023-09-26T11:21:53.595325+00:00, run_after=2023-09-27T11:21:53.595325+00:00
[2023-09-27T11:21:53.621+0000] {processor.py:179} INFO - Processing /usr/local/lib/python3.10/dist-packages/airflow/example_dags/example_task_group.py took 0.081 seconds
[2023-09-27T11:22:40.352+0000] {processor.py:157} INFO - Started process (PID=5729) to work on /usr/local/lib/python3.10/dist-packages/airflow/example_dags/example_task_group.py
[2023-09-27T11:22:40.353+0000] {processor.py:829} INFO - Processing file /usr/local/lib/python3.10/dist-packages/airflow/example_dags/example_task_group.py for tasks to queue
[2023-09-27T11:22:40.354+0000] {logging_mixin.py:151} INFO - [2023-09-27T11:22:40.353+0000] {dagbag.py:539} INFO - Filling up the DagBag from /usr/local/lib/python3.10/dist-packages/airflow/example_dags/example_task_group.py
[2023-09-27T11:22:40.364+0000] {processor.py:839} INFO - DAG(s) dict_keys(['example_task_group']) retrieved from /usr/local/lib/python3.10/dist-packages/airflow/example_dags/example_task_group.py
[2023-09-27T11:22:40.381+0000] {logging_mixin.py:151} INFO - [2023-09-27T11:22:40.381+0000] {dag.py:2915} INFO - Sync 1 DAGs
[2023-09-27T11:22:40.400+0000] {logging_mixin.py:151} INFO - [2023-09-27T11:22:40.399+0000] {dag.py:3696} INFO - Setting next_dagrun for example_task_group to 2023-09-26T11:22:40.399484+00:00, run_after=2023-09-27T11:22:40.399484+00:00
[2023-09-27T11:22:40.421+0000] {processor.py:179} INFO - Processing /usr/local/lib/python3.10/dist-packages/airflow/example_dags/example_task_group.py took 0.073 seconds
[2023-09-27T11:23:32.564+0000] {processor.py:157} INFO - Started process (PID=5783) to work on /usr/local/lib/python3.10/dist-packages/airflow/example_dags/example_task_group.py
[2023-09-27T11:23:32.565+0000] {processor.py:829} INFO - Processing file /usr/local/lib/python3.10/dist-packages/airflow/example_dags/example_task_group.py for tasks to queue
[2023-09-27T11:23:32.566+0000] {logging_mixin.py:151} INFO - [2023-09-27T11:23:32.566+0000] {dagbag.py:539} INFO - Filling up the DagBag from /usr/local/lib/python3.10/dist-packages/airflow/example_dags/example_task_group.py
[2023-09-27T11:23:32.574+0000] {processor.py:839} INFO - DAG(s) dict_keys(['example_task_group']) retrieved from /usr/local/lib/python3.10/dist-packages/airflow/example_dags/example_task_group.py
[2023-09-27T11:23:32.591+0000] {logging_mixin.py:151} INFO - [2023-09-27T11:23:32.591+0000] {dag.py:2915} INFO - Sync 1 DAGs
[2023-09-27T11:23:32.611+0000] {logging_mixin.py:151} INFO - [2023-09-27T11:23:32.611+0000] {dag.py:3696} INFO - Setting next_dagrun for example_task_group to 2023-09-26T11:23:32.610989+00:00, run_after=2023-09-27T11:23:32.610989+00:00
[2023-09-27T11:23:32.638+0000] {processor.py:179} INFO - Processing /usr/local/lib/python3.10/dist-packages/airflow/example_dags/example_task_group.py took 0.078 seconds
[2023-09-27T11:24:23.057+0000] {processor.py:157} INFO - Started process (PID=5834) to work on /usr/local/lib/python3.10/dist-packages/airflow/example_dags/example_task_group.py
[2023-09-27T11:24:23.058+0000] {processor.py:829} INFO - Processing file /usr/local/lib/python3.10/dist-packages/airflow/example_dags/example_task_group.py for tasks to queue
[2023-09-27T11:24:23.059+0000] {logging_mixin.py:151} INFO - [2023-09-27T11:24:23.058+0000] {dagbag.py:539} INFO - Filling up the DagBag from /usr/local/lib/python3.10/dist-packages/airflow/example_dags/example_task_group.py
[2023-09-27T11:24:23.067+0000] {processor.py:839} INFO - DAG(s) dict_keys(['example_task_group']) retrieved from /usr/local/lib/python3.10/dist-packages/airflow/example_dags/example_task_group.py
[2023-09-27T11:24:23.085+0000] {logging_mixin.py:151} INFO - [2023-09-27T11:24:23.085+0000] {dag.py:2915} INFO - Sync 1 DAGs
[2023-09-27T11:24:23.107+0000] {logging_mixin.py:151} INFO - [2023-09-27T11:24:23.106+0000] {dag.py:3696} INFO - Setting next_dagrun for example_task_group to 2023-09-26T11:24:23.106381+00:00, run_after=2023-09-27T11:24:23.106381+00:00
[2023-09-27T11:24:23.136+0000] {processor.py:179} INFO - Processing /usr/local/lib/python3.10/dist-packages/airflow/example_dags/example_task_group.py took 0.083 seconds
[2023-09-27T11:25:15.762+0000] {processor.py:157} INFO - Started process (PID=5888) to work on /usr/local/lib/python3.10/dist-packages/airflow/example_dags/example_task_group.py
[2023-09-27T11:25:15.764+0000] {processor.py:829} INFO - Processing file /usr/local/lib/python3.10/dist-packages/airflow/example_dags/example_task_group.py for tasks to queue
[2023-09-27T11:25:15.765+0000] {logging_mixin.py:151} INFO - [2023-09-27T11:25:15.765+0000] {dagbag.py:539} INFO - Filling up the DagBag from /usr/local/lib/python3.10/dist-packages/airflow/example_dags/example_task_group.py
[2023-09-27T11:25:15.776+0000] {processor.py:839} INFO - DAG(s) dict_keys(['example_task_group']) retrieved from /usr/local/lib/python3.10/dist-packages/airflow/example_dags/example_task_group.py
[2023-09-27T11:25:15.802+0000] {logging_mixin.py:151} INFO - [2023-09-27T11:25:15.802+0000] {dag.py:2915} INFO - Sync 1 DAGs
[2023-09-27T11:25:15.821+0000] {logging_mixin.py:151} INFO - [2023-09-27T11:25:15.820+0000] {dag.py:3696} INFO - Setting next_dagrun for example_task_group to 2023-09-26T11:25:15.820708+00:00, run_after=2023-09-27T11:25:15.820708+00:00
[2023-09-27T11:25:15.844+0000] {processor.py:179} INFO - Processing /usr/local/lib/python3.10/dist-packages/airflow/example_dags/example_task_group.py took 0.086 seconds
[2023-09-27T11:26:11.446+0000] {processor.py:157} INFO - Started process (PID=5945) to work on /usr/local/lib/python3.10/dist-packages/airflow/example_dags/example_task_group.py
[2023-09-27T11:26:11.447+0000] {processor.py:829} INFO - Processing file /usr/local/lib/python3.10/dist-packages/airflow/example_dags/example_task_group.py for tasks to queue
[2023-09-27T11:26:11.448+0000] {logging_mixin.py:151} INFO - [2023-09-27T11:26:11.448+0000] {dagbag.py:539} INFO - Filling up the DagBag from /usr/local/lib/python3.10/dist-packages/airflow/example_dags/example_task_group.py
[2023-09-27T11:26:11.457+0000] {processor.py:839} INFO - DAG(s) dict_keys(['example_task_group']) retrieved from /usr/local/lib/python3.10/dist-packages/airflow/example_dags/example_task_group.py
[2023-09-27T11:26:11.475+0000] {logging_mixin.py:151} INFO - [2023-09-27T11:26:11.474+0000] {dag.py:2915} INFO - Sync 1 DAGs
[2023-09-27T11:26:11.495+0000] {logging_mixin.py:151} INFO - [2023-09-27T11:26:11.495+0000] {dag.py:3696} INFO - Setting next_dagrun for example_task_group to 2023-09-26T11:26:11.495116+00:00, run_after=2023-09-27T11:26:11.495116+00:00
[2023-09-27T11:26:11.521+0000] {processor.py:179} INFO - Processing /usr/local/lib/python3.10/dist-packages/airflow/example_dags/example_task_group.py took 0.078 seconds
[2023-09-27T11:27:00.715+0000] {processor.py:157} INFO - Started process (PID=6002) to work on /usr/local/lib/python3.10/dist-packages/airflow/example_dags/example_task_group.py
[2023-09-27T11:27:00.716+0000] {processor.py:829} INFO - Processing file /usr/local/lib/python3.10/dist-packages/airflow/example_dags/example_task_group.py for tasks to queue
[2023-09-27T11:27:00.717+0000] {logging_mixin.py:151} INFO - [2023-09-27T11:27:00.716+0000] {dagbag.py:539} INFO - Filling up the DagBag from /usr/local/lib/python3.10/dist-packages/airflow/example_dags/example_task_group.py
[2023-09-27T11:27:00.724+0000] {processor.py:839} INFO - DAG(s) dict_keys(['example_task_group']) retrieved from /usr/local/lib/python3.10/dist-packages/airflow/example_dags/example_task_group.py
[2023-09-27T11:27:00.741+0000] {logging_mixin.py:151} INFO - [2023-09-27T11:27:00.741+0000] {dag.py:2915} INFO - Sync 1 DAGs
[2023-09-27T11:27:00.776+0000] {logging_mixin.py:151} INFO - [2023-09-27T11:27:00.776+0000] {dag.py:3696} INFO - Setting next_dagrun for example_task_group to 2023-09-26T11:27:00.776512+00:00, run_after=2023-09-27T11:27:00.776512+00:00
[2023-09-27T11:27:00.801+0000] {processor.py:179} INFO - Processing /usr/local/lib/python3.10/dist-packages/airflow/example_dags/example_task_group.py took 0.090 seconds
[2023-09-27T11:27:49.843+0000] {processor.py:157} INFO - Started process (PID=6056) to work on /usr/local/lib/python3.10/dist-packages/airflow/example_dags/example_task_group.py
[2023-09-27T11:27:49.845+0000] {processor.py:829} INFO - Processing file /usr/local/lib/python3.10/dist-packages/airflow/example_dags/example_task_group.py for tasks to queue
[2023-09-27T11:27:49.852+0000] {logging_mixin.py:151} INFO - [2023-09-27T11:27:49.845+0000] {dagbag.py:539} INFO - Filling up the DagBag from /usr/local/lib/python3.10/dist-packages/airflow/example_dags/example_task_group.py
[2023-09-27T11:27:49.861+0000] {processor.py:839} INFO - DAG(s) dict_keys(['example_task_group']) retrieved from /usr/local/lib/python3.10/dist-packages/airflow/example_dags/example_task_group.py
[2023-09-27T11:27:49.885+0000] {logging_mixin.py:151} INFO - [2023-09-27T11:27:49.885+0000] {dag.py:2915} INFO - Sync 1 DAGs
[2023-09-27T11:27:49.905+0000] {logging_mixin.py:151} INFO - [2023-09-27T11:27:49.905+0000] {dag.py:3696} INFO - Setting next_dagrun for example_task_group to 2023-09-26T11:27:49.905140+00:00, run_after=2023-09-27T11:27:49.905140+00:00
[2023-09-27T11:27:49.930+0000] {processor.py:179} INFO - Processing /usr/local/lib/python3.10/dist-packages/airflow/example_dags/example_task_group.py took 0.092 seconds
[2023-09-27T11:28:35.991+0000] {processor.py:157} INFO - Started process (PID=6107) to work on /usr/local/lib/python3.10/dist-packages/airflow/example_dags/example_task_group.py
[2023-09-27T11:28:35.992+0000] {processor.py:829} INFO - Processing file /usr/local/lib/python3.10/dist-packages/airflow/example_dags/example_task_group.py for tasks to queue
[2023-09-27T11:28:35.993+0000] {logging_mixin.py:151} INFO - [2023-09-27T11:28:35.993+0000] {dagbag.py:539} INFO - Filling up the DagBag from /usr/local/lib/python3.10/dist-packages/airflow/example_dags/example_task_group.py
[2023-09-27T11:28:36.001+0000] {processor.py:839} INFO - DAG(s) dict_keys(['example_task_group']) retrieved from /usr/local/lib/python3.10/dist-packages/airflow/example_dags/example_task_group.py
[2023-09-27T11:28:36.019+0000] {logging_mixin.py:151} INFO - [2023-09-27T11:28:36.019+0000] {dag.py:2915} INFO - Sync 1 DAGs
[2023-09-27T11:28:36.050+0000] {logging_mixin.py:151} INFO - [2023-09-27T11:28:36.050+0000] {dag.py:3696} INFO - Setting next_dagrun for example_task_group to 2023-09-26T11:28:36.049979+00:00, run_after=2023-09-27T11:28:36.049979+00:00
[2023-09-27T11:28:36.071+0000] {processor.py:179} INFO - Processing /usr/local/lib/python3.10/dist-packages/airflow/example_dags/example_task_group.py took 0.083 seconds
[2023-09-27T11:29:27.974+0000] {processor.py:157} INFO - Started process (PID=6162) to work on /usr/local/lib/python3.10/dist-packages/airflow/example_dags/example_task_group.py
[2023-09-27T11:29:27.977+0000] {processor.py:829} INFO - Processing file /usr/local/lib/python3.10/dist-packages/airflow/example_dags/example_task_group.py for tasks to queue
[2023-09-27T11:29:27.978+0000] {logging_mixin.py:151} INFO - [2023-09-27T11:29:27.977+0000] {dagbag.py:539} INFO - Filling up the DagBag from /usr/local/lib/python3.10/dist-packages/airflow/example_dags/example_task_group.py
[2023-09-27T11:29:27.989+0000] {processor.py:839} INFO - DAG(s) dict_keys(['example_task_group']) retrieved from /usr/local/lib/python3.10/dist-packages/airflow/example_dags/example_task_group.py
[2023-09-27T11:29:28.011+0000] {logging_mixin.py:151} INFO - [2023-09-27T11:29:28.010+0000] {dag.py:2915} INFO - Sync 1 DAGs
[2023-09-27T11:29:28.031+0000] {logging_mixin.py:151} INFO - [2023-09-27T11:29:28.031+0000] {dag.py:3696} INFO - Setting next_dagrun for example_task_group to 2023-09-26T11:29:28.030967+00:00, run_after=2023-09-27T11:29:28.030967+00:00
[2023-09-27T11:29:28.061+0000] {processor.py:179} INFO - Processing /usr/local/lib/python3.10/dist-packages/airflow/example_dags/example_task_group.py took 0.095 seconds
[2023-09-27T11:30:18.699+0000] {processor.py:157} INFO - Started process (PID=6215) to work on /usr/local/lib/python3.10/dist-packages/airflow/example_dags/example_task_group.py
[2023-09-27T11:30:18.700+0000] {processor.py:829} INFO - Processing file /usr/local/lib/python3.10/dist-packages/airflow/example_dags/example_task_group.py for tasks to queue
[2023-09-27T11:30:18.701+0000] {logging_mixin.py:151} INFO - [2023-09-27T11:30:18.701+0000] {dagbag.py:539} INFO - Filling up the DagBag from /usr/local/lib/python3.10/dist-packages/airflow/example_dags/example_task_group.py
[2023-09-27T11:30:18.710+0000] {processor.py:839} INFO - DAG(s) dict_keys(['example_task_group']) retrieved from /usr/local/lib/python3.10/dist-packages/airflow/example_dags/example_task_group.py
[2023-09-27T11:30:18.728+0000] {logging_mixin.py:151} INFO - [2023-09-27T11:30:18.727+0000] {dag.py:2915} INFO - Sync 1 DAGs
[2023-09-27T11:30:18.756+0000] {logging_mixin.py:151} INFO - [2023-09-27T11:30:18.756+0000] {dag.py:3696} INFO - Setting next_dagrun for example_task_group to 2023-09-26T11:30:18.755845+00:00, run_after=2023-09-27T11:30:18.755845+00:00
[2023-09-27T11:30:18.779+0000] {processor.py:179} INFO - Processing /usr/local/lib/python3.10/dist-packages/airflow/example_dags/example_task_group.py took 0.086 seconds
[2023-09-27T11:31:08.159+0000] {processor.py:157} INFO - Started process (PID=6266) to work on /usr/local/lib/python3.10/dist-packages/airflow/example_dags/example_task_group.py
[2023-09-27T11:31:08.160+0000] {processor.py:829} INFO - Processing file /usr/local/lib/python3.10/dist-packages/airflow/example_dags/example_task_group.py for tasks to queue
[2023-09-27T11:31:08.161+0000] {logging_mixin.py:151} INFO - [2023-09-27T11:31:08.161+0000] {dagbag.py:539} INFO - Filling up the DagBag from /usr/local/lib/python3.10/dist-packages/airflow/example_dags/example_task_group.py
[2023-09-27T11:31:08.173+0000] {processor.py:839} INFO - DAG(s) dict_keys(['example_task_group']) retrieved from /usr/local/lib/python3.10/dist-packages/airflow/example_dags/example_task_group.py
[2023-09-27T11:31:08.192+0000] {logging_mixin.py:151} INFO - [2023-09-27T11:31:08.191+0000] {dag.py:2915} INFO - Sync 1 DAGs
[2023-09-27T11:31:08.211+0000] {logging_mixin.py:151} INFO - [2023-09-27T11:31:08.211+0000] {dag.py:3696} INFO - Setting next_dagrun for example_task_group to 2023-09-26T11:31:08.211371+00:00, run_after=2023-09-27T11:31:08.211371+00:00
[2023-09-27T11:31:08.232+0000] {processor.py:179} INFO - Processing /usr/local/lib/python3.10/dist-packages/airflow/example_dags/example_task_group.py took 0.076 seconds
[2023-09-27T11:31:54.369+0000] {processor.py:157} INFO - Started process (PID=6321) to work on /usr/local/lib/python3.10/dist-packages/airflow/example_dags/example_task_group.py
[2023-09-27T11:31:54.370+0000] {processor.py:829} INFO - Processing file /usr/local/lib/python3.10/dist-packages/airflow/example_dags/example_task_group.py for tasks to queue
[2023-09-27T11:31:54.370+0000] {logging_mixin.py:151} INFO - [2023-09-27T11:31:54.370+0000] {dagbag.py:539} INFO - Filling up the DagBag from /usr/local/lib/python3.10/dist-packages/airflow/example_dags/example_task_group.py
[2023-09-27T11:31:54.379+0000] {processor.py:839} INFO - DAG(s) dict_keys(['example_task_group']) retrieved from /usr/local/lib/python3.10/dist-packages/airflow/example_dags/example_task_group.py
[2023-09-27T11:31:54.395+0000] {logging_mixin.py:151} INFO - [2023-09-27T11:31:54.395+0000] {dag.py:2915} INFO - Sync 1 DAGs
[2023-09-27T11:31:54.414+0000] {logging_mixin.py:151} INFO - [2023-09-27T11:31:54.414+0000] {dag.py:3696} INFO - Setting next_dagrun for example_task_group to 2023-09-26T11:31:54.413932+00:00, run_after=2023-09-27T11:31:54.413932+00:00
[2023-09-27T11:31:54.434+0000] {processor.py:179} INFO - Processing /usr/local/lib/python3.10/dist-packages/airflow/example_dags/example_task_group.py took 0.068 seconds
[2023-09-27T11:32:40.051+0000] {processor.py:157} INFO - Started process (PID=6368) to work on /usr/local/lib/python3.10/dist-packages/airflow/example_dags/example_task_group.py
[2023-09-27T11:32:40.061+0000] {processor.py:829} INFO - Processing file /usr/local/lib/python3.10/dist-packages/airflow/example_dags/example_task_group.py for tasks to queue
[2023-09-27T11:32:40.062+0000] {logging_mixin.py:151} INFO - [2023-09-27T11:32:40.061+0000] {dagbag.py:539} INFO - Filling up the DagBag from /usr/local/lib/python3.10/dist-packages/airflow/example_dags/example_task_group.py
[2023-09-27T11:32:40.080+0000] {processor.py:839} INFO - DAG(s) dict_keys(['example_task_group']) retrieved from /usr/local/lib/python3.10/dist-packages/airflow/example_dags/example_task_group.py
[2023-09-27T11:32:40.100+0000] {logging_mixin.py:151} INFO - [2023-09-27T11:32:40.100+0000] {dag.py:2915} INFO - Sync 1 DAGs
[2023-09-27T11:32:40.123+0000] {logging_mixin.py:151} INFO - [2023-09-27T11:32:40.122+0000] {dag.py:3696} INFO - Setting next_dagrun for example_task_group to 2023-09-26T11:32:40.122343+00:00, run_after=2023-09-27T11:32:40.122343+00:00
[2023-09-27T11:32:40.152+0000] {processor.py:179} INFO - Processing /usr/local/lib/python3.10/dist-packages/airflow/example_dags/example_task_group.py took 0.105 seconds
[2023-09-27T11:33:28.296+0000] {processor.py:157} INFO - Started process (PID=6420) to work on /usr/local/lib/python3.10/dist-packages/airflow/example_dags/example_task_group.py
[2023-09-27T11:33:28.297+0000] {processor.py:829} INFO - Processing file /usr/local/lib/python3.10/dist-packages/airflow/example_dags/example_task_group.py for tasks to queue
[2023-09-27T11:33:28.298+0000] {logging_mixin.py:151} INFO - [2023-09-27T11:33:28.297+0000] {dagbag.py:539} INFO - Filling up the DagBag from /usr/local/lib/python3.10/dist-packages/airflow/example_dags/example_task_group.py
[2023-09-27T11:33:28.305+0000] {processor.py:839} INFO - DAG(s) dict_keys(['example_task_group']) retrieved from /usr/local/lib/python3.10/dist-packages/airflow/example_dags/example_task_group.py
[2023-09-27T11:33:28.321+0000] {logging_mixin.py:151} INFO - [2023-09-27T11:33:28.321+0000] {dag.py:2915} INFO - Sync 1 DAGs
[2023-09-27T11:33:28.340+0000] {logging_mixin.py:151} INFO - [2023-09-27T11:33:28.340+0000] {dag.py:3696} INFO - Setting next_dagrun for example_task_group to 2023-09-26T11:33:28.339874+00:00, run_after=2023-09-27T11:33:28.339874+00:00
[2023-09-27T11:33:28.372+0000] {processor.py:179} INFO - Processing /usr/local/lib/python3.10/dist-packages/airflow/example_dags/example_task_group.py took 0.080 seconds
[2023-09-27T11:34:18.282+0000] {processor.py:157} INFO - Started process (PID=6472) to work on /usr/local/lib/python3.10/dist-packages/airflow/example_dags/example_task_group.py
[2023-09-27T11:34:18.283+0000] {processor.py:829} INFO - Processing file /usr/local/lib/python3.10/dist-packages/airflow/example_dags/example_task_group.py for tasks to queue
[2023-09-27T11:34:18.283+0000] {logging_mixin.py:151} INFO - [2023-09-27T11:34:18.283+0000] {dagbag.py:539} INFO - Filling up the DagBag from /usr/local/lib/python3.10/dist-packages/airflow/example_dags/example_task_group.py
[2023-09-27T11:34:18.291+0000] {processor.py:839} INFO - DAG(s) dict_keys(['example_task_group']) retrieved from /usr/local/lib/python3.10/dist-packages/airflow/example_dags/example_task_group.py
[2023-09-27T11:34:18.306+0000] {logging_mixin.py:151} INFO - [2023-09-27T11:34:18.306+0000] {dag.py:2915} INFO - Sync 1 DAGs
[2023-09-27T11:34:18.324+0000] {logging_mixin.py:151} INFO - [2023-09-27T11:34:18.324+0000] {dag.py:3696} INFO - Setting next_dagrun for example_task_group to 2023-09-26T11:34:18.324176+00:00, run_after=2023-09-27T11:34:18.324176+00:00
[2023-09-27T11:34:18.347+0000] {processor.py:179} INFO - Processing /usr/local/lib/python3.10/dist-packages/airflow/example_dags/example_task_group.py took 0.068 seconds
[2023-09-27T11:35:06.452+0000] {processor.py:157} INFO - Started process (PID=6525) to work on /usr/local/lib/python3.10/dist-packages/airflow/example_dags/example_task_group.py
[2023-09-27T11:35:06.454+0000] {processor.py:829} INFO - Processing file /usr/local/lib/python3.10/dist-packages/airflow/example_dags/example_task_group.py for tasks to queue
[2023-09-27T11:35:06.454+0000] {logging_mixin.py:151} INFO - [2023-09-27T11:35:06.454+0000] {dagbag.py:539} INFO - Filling up the DagBag from /usr/local/lib/python3.10/dist-packages/airflow/example_dags/example_task_group.py
[2023-09-27T11:35:06.463+0000] {processor.py:839} INFO - DAG(s) dict_keys(['example_task_group']) retrieved from /usr/local/lib/python3.10/dist-packages/airflow/example_dags/example_task_group.py
[2023-09-27T11:35:06.483+0000] {logging_mixin.py:151} INFO - [2023-09-27T11:35:06.483+0000] {dag.py:2915} INFO - Sync 1 DAGs
[2023-09-27T11:35:06.513+0000] {logging_mixin.py:151} INFO - [2023-09-27T11:35:06.512+0000] {dag.py:3696} INFO - Setting next_dagrun for example_task_group to 2023-09-26T11:35:06.512201+00:00, run_after=2023-09-27T11:35:06.512201+00:00
[2023-09-27T11:35:06.539+0000] {processor.py:179} INFO - Processing /usr/local/lib/python3.10/dist-packages/airflow/example_dags/example_task_group.py took 0.091 seconds
[2023-09-27T11:35:57.999+0000] {processor.py:157} INFO - Started process (PID=6584) to work on /usr/local/lib/python3.10/dist-packages/airflow/example_dags/example_task_group.py
[2023-09-27T11:35:58.002+0000] {processor.py:829} INFO - Processing file /usr/local/lib/python3.10/dist-packages/airflow/example_dags/example_task_group.py for tasks to queue
[2023-09-27T11:35:58.003+0000] {logging_mixin.py:151} INFO - [2023-09-27T11:35:58.002+0000] {dagbag.py:539} INFO - Filling up the DagBag from /usr/local/lib/python3.10/dist-packages/airflow/example_dags/example_task_group.py
[2023-09-27T11:35:58.013+0000] {processor.py:839} INFO - DAG(s) dict_keys(['example_task_group']) retrieved from /usr/local/lib/python3.10/dist-packages/airflow/example_dags/example_task_group.py
[2023-09-27T11:35:58.041+0000] {logging_mixin.py:151} INFO - [2023-09-27T11:35:58.041+0000] {dag.py:2915} INFO - Sync 1 DAGs
[2023-09-27T11:35:58.061+0000] {logging_mixin.py:151} INFO - [2023-09-27T11:35:58.061+0000] {dag.py:3696} INFO - Setting next_dagrun for example_task_group to 2023-09-26T11:35:58.060771+00:00, run_after=2023-09-27T11:35:58.060771+00:00
[2023-09-27T11:35:58.083+0000] {processor.py:179} INFO - Processing /usr/local/lib/python3.10/dist-packages/airflow/example_dags/example_task_group.py took 0.086 seconds
[2023-09-27T11:36:46.808+0000] {processor.py:157} INFO - Started process (PID=6703) to work on /usr/local/lib/python3.10/dist-packages/airflow/example_dags/example_task_group.py
[2023-09-27T11:36:46.809+0000] {processor.py:829} INFO - Processing file /usr/local/lib/python3.10/dist-packages/airflow/example_dags/example_task_group.py for tasks to queue
[2023-09-27T11:36:46.810+0000] {logging_mixin.py:151} INFO - [2023-09-27T11:36:46.810+0000] {dagbag.py:539} INFO - Filling up the DagBag from /usr/local/lib/python3.10/dist-packages/airflow/example_dags/example_task_group.py
[2023-09-27T11:36:46.818+0000] {processor.py:839} INFO - DAG(s) dict_keys(['example_task_group']) retrieved from /usr/local/lib/python3.10/dist-packages/airflow/example_dags/example_task_group.py
[2023-09-27T11:36:46.835+0000] {logging_mixin.py:151} INFO - [2023-09-27T11:36:46.835+0000] {dag.py:2915} INFO - Sync 1 DAGs
[2023-09-27T11:36:46.858+0000] {logging_mixin.py:151} INFO - [2023-09-27T11:36:46.857+0000] {dag.py:3696} INFO - Setting next_dagrun for example_task_group to 2023-09-26T11:36:46.857344+00:00, run_after=2023-09-27T11:36:46.857344+00:00
[2023-09-27T11:36:46.877+0000] {processor.py:179} INFO - Processing /usr/local/lib/python3.10/dist-packages/airflow/example_dags/example_task_group.py took 0.072 seconds
[2023-09-27T11:37:35.036+0000] {processor.py:157} INFO - Started process (PID=6753) to work on /usr/local/lib/python3.10/dist-packages/airflow/example_dags/example_task_group.py
[2023-09-27T11:37:35.037+0000] {processor.py:829} INFO - Processing file /usr/local/lib/python3.10/dist-packages/airflow/example_dags/example_task_group.py for tasks to queue
[2023-09-27T11:37:35.038+0000] {logging_mixin.py:151} INFO - [2023-09-27T11:37:35.038+0000] {dagbag.py:539} INFO - Filling up the DagBag from /usr/local/lib/python3.10/dist-packages/airflow/example_dags/example_task_group.py
[2023-09-27T11:37:35.053+0000] {processor.py:839} INFO - DAG(s) dict_keys(['example_task_group']) retrieved from /usr/local/lib/python3.10/dist-packages/airflow/example_dags/example_task_group.py
[2023-09-27T11:37:35.075+0000] {logging_mixin.py:151} INFO - [2023-09-27T11:37:35.075+0000] {dag.py:2915} INFO - Sync 1 DAGs
[2023-09-27T11:37:35.102+0000] {logging_mixin.py:151} INFO - [2023-09-27T11:37:35.101+0000] {dag.py:3696} INFO - Setting next_dagrun for example_task_group to 2023-09-26T11:37:35.101603+00:00, run_after=2023-09-27T11:37:35.101603+00:00
[2023-09-27T11:37:35.127+0000] {processor.py:179} INFO - Processing /usr/local/lib/python3.10/dist-packages/airflow/example_dags/example_task_group.py took 0.095 seconds
