[2023-09-27T10:54:42.190+0000] {processor.py:157} INFO - Started process (PID=3971) to work on /usr/local/lib/python3.10/dist-packages/airflow/example_dags/example_dag_decorator.py
[2023-09-27T10:54:42.192+0000] {processor.py:829} INFO - Processing file /usr/local/lib/python3.10/dist-packages/airflow/example_dags/example_dag_decorator.py for tasks to queue
[2023-09-27T10:54:42.193+0000] {logging_mixin.py:151} INFO - [2023-09-27T10:54:42.192+0000] {dagbag.py:539} INFO - Filling up the DagBag from /usr/local/lib/python3.10/dist-packages/airflow/example_dags/example_dag_decorator.py
[2023-09-27T10:54:42.208+0000] {processor.py:839} INFO - DAG(s) dict_keys(['example_dag_decorator']) retrieved from /usr/local/lib/python3.10/dist-packages/airflow/example_dags/example_dag_decorator.py
[2023-09-27T10:54:42.340+0000] {logging_mixin.py:151} INFO - [2023-09-27T10:54:42.340+0000] {manager.py:499} INFO - Created Permission View: %s
[2023-09-27T10:54:42.356+0000] {logging_mixin.py:151} INFO - [2023-09-27T10:54:42.356+0000] {manager.py:499} INFO - Created Permission View: %s
[2023-09-27T10:54:42.366+0000] {logging_mixin.py:151} INFO - [2023-09-27T10:54:42.365+0000] {manager.py:499} INFO - Created Permission View: %s
[2023-09-27T10:54:42.366+0000] {logging_mixin.py:151} INFO - [2023-09-27T10:54:42.366+0000] {security.py:708} INFO - Not syncing DAG-level permissions for DAG 'DAG:example_dag_decorator' as access control is unset.
[2023-09-27T10:54:42.366+0000] {logging_mixin.py:151} INFO - [2023-09-27T10:54:42.366+0000] {dag.py:2915} INFO - Sync 1 DAGs
[2023-09-27T10:54:42.378+0000] {logging_mixin.py:151} INFO - [2023-09-27T10:54:42.378+0000] {dag.py:2937} INFO - Creating ORM DAG for example_dag_decorator
[2023-09-27T10:54:42.379+0000] {logging_mixin.py:151} INFO - [2023-09-27T10:54:42.379+0000] {dag.py:3696} INFO - Setting next_dagrun for example_dag_decorator to None, run_after=None
[2023-09-27T10:54:42.401+0000] {processor.py:179} INFO - Processing /usr/local/lib/python3.10/dist-packages/airflow/example_dags/example_dag_decorator.py took 0.214 seconds
[2023-09-27T10:55:35.452+0000] {processor.py:157} INFO - Started process (PID=4028) to work on /usr/local/lib/python3.10/dist-packages/airflow/example_dags/example_dag_decorator.py
[2023-09-27T10:55:35.454+0000] {processor.py:829} INFO - Processing file /usr/local/lib/python3.10/dist-packages/airflow/example_dags/example_dag_decorator.py for tasks to queue
[2023-09-27T10:55:35.455+0000] {logging_mixin.py:151} INFO - [2023-09-27T10:55:35.454+0000] {dagbag.py:539} INFO - Filling up the DagBag from /usr/local/lib/python3.10/dist-packages/airflow/example_dags/example_dag_decorator.py
[2023-09-27T10:55:35.468+0000] {processor.py:839} INFO - DAG(s) dict_keys(['example_dag_decorator']) retrieved from /usr/local/lib/python3.10/dist-packages/airflow/example_dags/example_dag_decorator.py
[2023-09-27T10:55:35.553+0000] {logging_mixin.py:151} INFO - [2023-09-27T10:55:35.552+0000] {security.py:708} INFO - Not syncing DAG-level permissions for DAG 'DAG:example_dag_decorator' as access control is unset.
[2023-09-27T10:55:35.553+0000] {logging_mixin.py:151} INFO - [2023-09-27T10:55:35.553+0000] {dag.py:2915} INFO - Sync 1 DAGs
[2023-09-27T10:55:35.561+0000] {logging_mixin.py:151} INFO - [2023-09-27T10:55:35.561+0000] {dag.py:3696} INFO - Setting next_dagrun for example_dag_decorator to None, run_after=None
[2023-09-27T10:55:35.583+0000] {processor.py:179} INFO - Processing /usr/local/lib/python3.10/dist-packages/airflow/example_dags/example_dag_decorator.py took 0.134 seconds
[2023-09-27T10:57:36.722+0000] {processor.py:157} INFO - Started process (PID=4138) to work on /usr/local/lib/python3.10/dist-packages/airflow/example_dags/example_dag_decorator.py
[2023-09-27T10:57:36.723+0000] {processor.py:829} INFO - Processing file /usr/local/lib/python3.10/dist-packages/airflow/example_dags/example_dag_decorator.py for tasks to queue
[2023-09-27T10:57:36.724+0000] {logging_mixin.py:151} INFO - [2023-09-27T10:57:36.724+0000] {dagbag.py:539} INFO - Filling up the DagBag from /usr/local/lib/python3.10/dist-packages/airflow/example_dags/example_dag_decorator.py
[2023-09-27T10:57:36.737+0000] {processor.py:839} INFO - DAG(s) dict_keys(['example_dag_decorator']) retrieved from /usr/local/lib/python3.10/dist-packages/airflow/example_dags/example_dag_decorator.py
[2023-09-27T10:57:36.850+0000] {logging_mixin.py:151} INFO - [2023-09-27T10:57:36.850+0000] {security.py:708} INFO - Not syncing DAG-level permissions for DAG 'DAG:example_dag_decorator' as access control is unset.
[2023-09-27T10:57:36.850+0000] {logging_mixin.py:151} INFO - [2023-09-27T10:57:36.850+0000] {dag.py:2915} INFO - Sync 1 DAGs
[2023-09-27T10:57:36.859+0000] {logging_mixin.py:151} INFO - [2023-09-27T10:57:36.859+0000] {dag.py:3696} INFO - Setting next_dagrun for example_dag_decorator to None, run_after=None
[2023-09-27T10:57:36.880+0000] {processor.py:179} INFO - Processing /usr/local/lib/python3.10/dist-packages/airflow/example_dags/example_dag_decorator.py took 0.161 seconds
[2023-09-27T10:58:27.245+0000] {processor.py:157} INFO - Started process (PID=4191) to work on /usr/local/lib/python3.10/dist-packages/airflow/example_dags/example_dag_decorator.py
[2023-09-27T10:58:27.247+0000] {processor.py:829} INFO - Processing file /usr/local/lib/python3.10/dist-packages/airflow/example_dags/example_dag_decorator.py for tasks to queue
[2023-09-27T10:58:27.248+0000] {logging_mixin.py:151} INFO - [2023-09-27T10:58:27.247+0000] {dagbag.py:539} INFO - Filling up the DagBag from /usr/local/lib/python3.10/dist-packages/airflow/example_dags/example_dag_decorator.py
[2023-09-27T10:58:27.261+0000] {processor.py:839} INFO - DAG(s) dict_keys(['example_dag_decorator']) retrieved from /usr/local/lib/python3.10/dist-packages/airflow/example_dags/example_dag_decorator.py
[2023-09-27T10:58:27.360+0000] {logging_mixin.py:151} INFO - [2023-09-27T10:58:27.360+0000] {security.py:708} INFO - Not syncing DAG-level permissions for DAG 'DAG:example_dag_decorator' as access control is unset.
[2023-09-27T10:58:27.360+0000] {logging_mixin.py:151} INFO - [2023-09-27T10:58:27.360+0000] {dag.py:2915} INFO - Sync 1 DAGs
[2023-09-27T10:58:27.370+0000] {logging_mixin.py:151} INFO - [2023-09-27T10:58:27.370+0000] {dag.py:3696} INFO - Setting next_dagrun for example_dag_decorator to None, run_after=None
[2023-09-27T10:58:27.391+0000] {processor.py:179} INFO - Processing /usr/local/lib/python3.10/dist-packages/airflow/example_dags/example_dag_decorator.py took 0.153 seconds
[2023-09-27T10:59:15.284+0000] {processor.py:157} INFO - Started process (PID=4242) to work on /usr/local/lib/python3.10/dist-packages/airflow/example_dags/example_dag_decorator.py
[2023-09-27T10:59:15.286+0000] {processor.py:829} INFO - Processing file /usr/local/lib/python3.10/dist-packages/airflow/example_dags/example_dag_decorator.py for tasks to queue
[2023-09-27T10:59:15.287+0000] {logging_mixin.py:151} INFO - [2023-09-27T10:59:15.286+0000] {dagbag.py:539} INFO - Filling up the DagBag from /usr/local/lib/python3.10/dist-packages/airflow/example_dags/example_dag_decorator.py
[2023-09-27T10:59:15.303+0000] {processor.py:839} INFO - DAG(s) dict_keys(['example_dag_decorator']) retrieved from /usr/local/lib/python3.10/dist-packages/airflow/example_dags/example_dag_decorator.py
[2023-09-27T10:59:15.411+0000] {logging_mixin.py:151} INFO - [2023-09-27T10:59:15.411+0000] {security.py:708} INFO - Not syncing DAG-level permissions for DAG 'DAG:example_dag_decorator' as access control is unset.
[2023-09-27T10:59:15.411+0000] {logging_mixin.py:151} INFO - [2023-09-27T10:59:15.411+0000] {dag.py:2915} INFO - Sync 1 DAGs
[2023-09-27T10:59:15.424+0000] {logging_mixin.py:151} INFO - [2023-09-27T10:59:15.423+0000] {dag.py:3696} INFO - Setting next_dagrun for example_dag_decorator to None, run_after=None
[2023-09-27T10:59:15.446+0000] {processor.py:179} INFO - Processing /usr/local/lib/python3.10/dist-packages/airflow/example_dags/example_dag_decorator.py took 0.166 seconds
[2023-09-27T11:00:04.459+0000] {processor.py:157} INFO - Started process (PID=4292) to work on /usr/local/lib/python3.10/dist-packages/airflow/example_dags/example_dag_decorator.py
[2023-09-27T11:00:04.462+0000] {processor.py:829} INFO - Processing file /usr/local/lib/python3.10/dist-packages/airflow/example_dags/example_dag_decorator.py for tasks to queue
[2023-09-27T11:00:04.463+0000] {logging_mixin.py:151} INFO - [2023-09-27T11:00:04.463+0000] {dagbag.py:539} INFO - Filling up the DagBag from /usr/local/lib/python3.10/dist-packages/airflow/example_dags/example_dag_decorator.py
[2023-09-27T11:00:04.484+0000] {processor.py:839} INFO - DAG(s) dict_keys(['example_dag_decorator']) retrieved from /usr/local/lib/python3.10/dist-packages/airflow/example_dags/example_dag_decorator.py
[2023-09-27T11:00:04.660+0000] {logging_mixin.py:151} INFO - [2023-09-27T11:00:04.660+0000] {security.py:708} INFO - Not syncing DAG-level permissions for DAG 'DAG:example_dag_decorator' as access control is unset.
[2023-09-27T11:00:04.660+0000] {logging_mixin.py:151} INFO - [2023-09-27T11:00:04.660+0000] {dag.py:2915} INFO - Sync 1 DAGs
[2023-09-27T11:00:04.672+0000] {logging_mixin.py:151} INFO - [2023-09-27T11:00:04.672+0000] {dag.py:3696} INFO - Setting next_dagrun for example_dag_decorator to None, run_after=None
[2023-09-27T11:00:04.701+0000] {processor.py:179} INFO - Processing /usr/local/lib/python3.10/dist-packages/airflow/example_dags/example_dag_decorator.py took 0.254 seconds
[2023-09-27T11:00:52.489+0000] {processor.py:157} INFO - Started process (PID=4343) to work on /usr/local/lib/python3.10/dist-packages/airflow/example_dags/example_dag_decorator.py
[2023-09-27T11:00:52.490+0000] {processor.py:829} INFO - Processing file /usr/local/lib/python3.10/dist-packages/airflow/example_dags/example_dag_decorator.py for tasks to queue
[2023-09-27T11:00:52.491+0000] {logging_mixin.py:151} INFO - [2023-09-27T11:00:52.491+0000] {dagbag.py:539} INFO - Filling up the DagBag from /usr/local/lib/python3.10/dist-packages/airflow/example_dags/example_dag_decorator.py
[2023-09-27T11:00:52.504+0000] {processor.py:839} INFO - DAG(s) dict_keys(['example_dag_decorator']) retrieved from /usr/local/lib/python3.10/dist-packages/airflow/example_dags/example_dag_decorator.py
[2023-09-27T11:00:52.594+0000] {logging_mixin.py:151} INFO - [2023-09-27T11:00:52.594+0000] {security.py:708} INFO - Not syncing DAG-level permissions for DAG 'DAG:example_dag_decorator' as access control is unset.
[2023-09-27T11:00:52.594+0000] {logging_mixin.py:151} INFO - [2023-09-27T11:00:52.594+0000] {dag.py:2915} INFO - Sync 1 DAGs
[2023-09-27T11:00:52.604+0000] {logging_mixin.py:151} INFO - [2023-09-27T11:00:52.604+0000] {dag.py:3696} INFO - Setting next_dagrun for example_dag_decorator to None, run_after=None
[2023-09-27T11:00:52.630+0000] {processor.py:179} INFO - Processing /usr/local/lib/python3.10/dist-packages/airflow/example_dags/example_dag_decorator.py took 0.144 seconds
[2023-09-27T11:01:37.505+0000] {processor.py:157} INFO - Started process (PID=4391) to work on /usr/local/lib/python3.10/dist-packages/airflow/example_dags/example_dag_decorator.py
[2023-09-27T11:01:37.506+0000] {processor.py:829} INFO - Processing file /usr/local/lib/python3.10/dist-packages/airflow/example_dags/example_dag_decorator.py for tasks to queue
[2023-09-27T11:01:37.507+0000] {logging_mixin.py:151} INFO - [2023-09-27T11:01:37.507+0000] {dagbag.py:539} INFO - Filling up the DagBag from /usr/local/lib/python3.10/dist-packages/airflow/example_dags/example_dag_decorator.py
[2023-09-27T11:01:37.519+0000] {processor.py:839} INFO - DAG(s) dict_keys(['example_dag_decorator']) retrieved from /usr/local/lib/python3.10/dist-packages/airflow/example_dags/example_dag_decorator.py
[2023-09-27T11:01:37.609+0000] {logging_mixin.py:151} INFO - [2023-09-27T11:01:37.608+0000] {security.py:708} INFO - Not syncing DAG-level permissions for DAG 'DAG:example_dag_decorator' as access control is unset.
[2023-09-27T11:01:37.609+0000] {logging_mixin.py:151} INFO - [2023-09-27T11:01:37.609+0000] {dag.py:2915} INFO - Sync 1 DAGs
[2023-09-27T11:01:37.628+0000] {logging_mixin.py:151} INFO - [2023-09-27T11:01:37.627+0000] {dag.py:3696} INFO - Setting next_dagrun for example_dag_decorator to None, run_after=None
[2023-09-27T11:01:37.650+0000] {processor.py:179} INFO - Processing /usr/local/lib/python3.10/dist-packages/airflow/example_dags/example_dag_decorator.py took 0.148 seconds
[2023-09-27T11:02:22.652+0000] {processor.py:157} INFO - Started process (PID=4439) to work on /usr/local/lib/python3.10/dist-packages/airflow/example_dags/example_dag_decorator.py
[2023-09-27T11:02:22.653+0000] {processor.py:829} INFO - Processing file /usr/local/lib/python3.10/dist-packages/airflow/example_dags/example_dag_decorator.py for tasks to queue
[2023-09-27T11:02:22.654+0000] {logging_mixin.py:151} INFO - [2023-09-27T11:02:22.654+0000] {dagbag.py:539} INFO - Filling up the DagBag from /usr/local/lib/python3.10/dist-packages/airflow/example_dags/example_dag_decorator.py
[2023-09-27T11:02:22.666+0000] {processor.py:839} INFO - DAG(s) dict_keys(['example_dag_decorator']) retrieved from /usr/local/lib/python3.10/dist-packages/airflow/example_dags/example_dag_decorator.py
[2023-09-27T11:02:22.753+0000] {logging_mixin.py:151} INFO - [2023-09-27T11:02:22.753+0000] {security.py:708} INFO - Not syncing DAG-level permissions for DAG 'DAG:example_dag_decorator' as access control is unset.
[2023-09-27T11:02:22.753+0000] {logging_mixin.py:151} INFO - [2023-09-27T11:02:22.753+0000] {dag.py:2915} INFO - Sync 1 DAGs
[2023-09-27T11:02:22.762+0000] {logging_mixin.py:151} INFO - [2023-09-27T11:02:22.762+0000] {dag.py:3696} INFO - Setting next_dagrun for example_dag_decorator to None, run_after=None
[2023-09-27T11:02:22.782+0000] {processor.py:179} INFO - Processing /usr/local/lib/python3.10/dist-packages/airflow/example_dags/example_dag_decorator.py took 0.134 seconds
[2023-09-27T11:03:15.734+0000] {processor.py:157} INFO - Started process (PID=4493) to work on /usr/local/lib/python3.10/dist-packages/airflow/example_dags/example_dag_decorator.py
[2023-09-27T11:03:15.736+0000] {processor.py:829} INFO - Processing file /usr/local/lib/python3.10/dist-packages/airflow/example_dags/example_dag_decorator.py for tasks to queue
[2023-09-27T11:03:15.737+0000] {logging_mixin.py:151} INFO - [2023-09-27T11:03:15.736+0000] {dagbag.py:539} INFO - Filling up the DagBag from /usr/local/lib/python3.10/dist-packages/airflow/example_dags/example_dag_decorator.py
[2023-09-27T11:03:15.750+0000] {processor.py:839} INFO - DAG(s) dict_keys(['example_dag_decorator']) retrieved from /usr/local/lib/python3.10/dist-packages/airflow/example_dags/example_dag_decorator.py
[2023-09-27T11:03:15.848+0000] {logging_mixin.py:151} INFO - [2023-09-27T11:03:15.847+0000] {security.py:708} INFO - Not syncing DAG-level permissions for DAG 'DAG:example_dag_decorator' as access control is unset.
[2023-09-27T11:03:15.848+0000] {logging_mixin.py:151} INFO - [2023-09-27T11:03:15.848+0000] {dag.py:2915} INFO - Sync 1 DAGs
[2023-09-27T11:03:15.857+0000] {logging_mixin.py:151} INFO - [2023-09-27T11:03:15.857+0000] {dag.py:3696} INFO - Setting next_dagrun for example_dag_decorator to None, run_after=None
[2023-09-27T11:03:15.881+0000] {processor.py:179} INFO - Processing /usr/local/lib/python3.10/dist-packages/airflow/example_dags/example_dag_decorator.py took 0.150 seconds
[2023-09-27T11:04:06.393+0000] {processor.py:157} INFO - Started process (PID=4544) to work on /usr/local/lib/python3.10/dist-packages/airflow/example_dags/example_dag_decorator.py
[2023-09-27T11:04:06.395+0000] {processor.py:829} INFO - Processing file /usr/local/lib/python3.10/dist-packages/airflow/example_dags/example_dag_decorator.py for tasks to queue
[2023-09-27T11:04:06.396+0000] {logging_mixin.py:151} INFO - [2023-09-27T11:04:06.395+0000] {dagbag.py:539} INFO - Filling up the DagBag from /usr/local/lib/python3.10/dist-packages/airflow/example_dags/example_dag_decorator.py
[2023-09-27T11:04:06.413+0000] {processor.py:839} INFO - DAG(s) dict_keys(['example_dag_decorator']) retrieved from /usr/local/lib/python3.10/dist-packages/airflow/example_dags/example_dag_decorator.py
[2023-09-27T11:04:06.512+0000] {logging_mixin.py:151} INFO - [2023-09-27T11:04:06.511+0000] {security.py:708} INFO - Not syncing DAG-level permissions for DAG 'DAG:example_dag_decorator' as access control is unset.
[2023-09-27T11:04:06.512+0000] {logging_mixin.py:151} INFO - [2023-09-27T11:04:06.512+0000] {dag.py:2915} INFO - Sync 1 DAGs
[2023-09-27T11:04:06.522+0000] {logging_mixin.py:151} INFO - [2023-09-27T11:04:06.522+0000] {dag.py:3696} INFO - Setting next_dagrun for example_dag_decorator to None, run_after=None
[2023-09-27T11:04:06.545+0000] {processor.py:179} INFO - Processing /usr/local/lib/python3.10/dist-packages/airflow/example_dags/example_dag_decorator.py took 0.155 seconds
[2023-09-27T11:04:56.241+0000] {processor.py:157} INFO - Started process (PID=4597) to work on /usr/local/lib/python3.10/dist-packages/airflow/example_dags/example_dag_decorator.py
[2023-09-27T11:04:56.243+0000] {processor.py:829} INFO - Processing file /usr/local/lib/python3.10/dist-packages/airflow/example_dags/example_dag_decorator.py for tasks to queue
[2023-09-27T11:04:56.243+0000] {logging_mixin.py:151} INFO - [2023-09-27T11:04:56.243+0000] {dagbag.py:539} INFO - Filling up the DagBag from /usr/local/lib/python3.10/dist-packages/airflow/example_dags/example_dag_decorator.py
[2023-09-27T11:04:56.256+0000] {processor.py:839} INFO - DAG(s) dict_keys(['example_dag_decorator']) retrieved from /usr/local/lib/python3.10/dist-packages/airflow/example_dags/example_dag_decorator.py
[2023-09-27T11:04:56.345+0000] {logging_mixin.py:151} INFO - [2023-09-27T11:04:56.345+0000] {security.py:708} INFO - Not syncing DAG-level permissions for DAG 'DAG:example_dag_decorator' as access control is unset.
[2023-09-27T11:04:56.345+0000] {logging_mixin.py:151} INFO - [2023-09-27T11:04:56.345+0000] {dag.py:2915} INFO - Sync 1 DAGs
[2023-09-27T11:04:56.355+0000] {logging_mixin.py:151} INFO - [2023-09-27T11:04:56.355+0000] {dag.py:3696} INFO - Setting next_dagrun for example_dag_decorator to None, run_after=None
[2023-09-27T11:04:56.381+0000] {processor.py:179} INFO - Processing /usr/local/lib/python3.10/dist-packages/airflow/example_dags/example_dag_decorator.py took 0.143 seconds
[2023-09-27T11:05:49.387+0000] {processor.py:157} INFO - Started process (PID=4650) to work on /usr/local/lib/python3.10/dist-packages/airflow/example_dags/example_dag_decorator.py
[2023-09-27T11:05:49.389+0000] {processor.py:829} INFO - Processing file /usr/local/lib/python3.10/dist-packages/airflow/example_dags/example_dag_decorator.py for tasks to queue
[2023-09-27T11:05:49.390+0000] {logging_mixin.py:151} INFO - [2023-09-27T11:05:49.390+0000] {dagbag.py:539} INFO - Filling up the DagBag from /usr/local/lib/python3.10/dist-packages/airflow/example_dags/example_dag_decorator.py
[2023-09-27T11:05:49.403+0000] {processor.py:839} INFO - DAG(s) dict_keys(['example_dag_decorator']) retrieved from /usr/local/lib/python3.10/dist-packages/airflow/example_dags/example_dag_decorator.py
[2023-09-27T11:05:49.506+0000] {logging_mixin.py:151} INFO - [2023-09-27T11:05:49.506+0000] {security.py:708} INFO - Not syncing DAG-level permissions for DAG 'DAG:example_dag_decorator' as access control is unset.
[2023-09-27T11:05:49.506+0000] {logging_mixin.py:151} INFO - [2023-09-27T11:05:49.506+0000] {dag.py:2915} INFO - Sync 1 DAGs
[2023-09-27T11:05:49.515+0000] {logging_mixin.py:151} INFO - [2023-09-27T11:05:49.515+0000] {dag.py:3696} INFO - Setting next_dagrun for example_dag_decorator to None, run_after=None
[2023-09-27T11:05:49.539+0000] {processor.py:179} INFO - Processing /usr/local/lib/python3.10/dist-packages/airflow/example_dags/example_dag_decorator.py took 0.164 seconds
[2023-09-27T11:06:43.707+0000] {processor.py:157} INFO - Started process (PID=4714) to work on /usr/local/lib/python3.10/dist-packages/airflow/example_dags/example_dag_decorator.py
[2023-09-27T11:06:43.708+0000] {processor.py:829} INFO - Processing file /usr/local/lib/python3.10/dist-packages/airflow/example_dags/example_dag_decorator.py for tasks to queue
[2023-09-27T11:06:43.709+0000] {logging_mixin.py:151} INFO - [2023-09-27T11:06:43.709+0000] {dagbag.py:539} INFO - Filling up the DagBag from /usr/local/lib/python3.10/dist-packages/airflow/example_dags/example_dag_decorator.py
[2023-09-27T11:06:43.722+0000] {processor.py:839} INFO - DAG(s) dict_keys(['example_dag_decorator']) retrieved from /usr/local/lib/python3.10/dist-packages/airflow/example_dags/example_dag_decorator.py
[2023-09-27T11:06:43.860+0000] {logging_mixin.py:151} INFO - [2023-09-27T11:06:43.860+0000] {security.py:708} INFO - Not syncing DAG-level permissions for DAG 'DAG:example_dag_decorator' as access control is unset.
[2023-09-27T11:06:43.861+0000] {logging_mixin.py:151} INFO - [2023-09-27T11:06:43.861+0000] {dag.py:2915} INFO - Sync 1 DAGs
[2023-09-27T11:06:43.873+0000] {logging_mixin.py:151} INFO - [2023-09-27T11:06:43.872+0000] {dag.py:3696} INFO - Setting next_dagrun for example_dag_decorator to None, run_after=None
[2023-09-27T11:06:43.931+0000] {processor.py:179} INFO - Processing /usr/local/lib/python3.10/dist-packages/airflow/example_dags/example_dag_decorator.py took 0.227 seconds
[2023-09-27T11:07:31.985+0000] {processor.py:157} INFO - Started process (PID=4765) to work on /usr/local/lib/python3.10/dist-packages/airflow/example_dags/example_dag_decorator.py
[2023-09-27T11:07:31.986+0000] {processor.py:829} INFO - Processing file /usr/local/lib/python3.10/dist-packages/airflow/example_dags/example_dag_decorator.py for tasks to queue
[2023-09-27T11:07:31.987+0000] {logging_mixin.py:151} INFO - [2023-09-27T11:07:31.986+0000] {dagbag.py:539} INFO - Filling up the DagBag from /usr/local/lib/python3.10/dist-packages/airflow/example_dags/example_dag_decorator.py
[2023-09-27T11:07:31.998+0000] {processor.py:839} INFO - DAG(s) dict_keys(['example_dag_decorator']) retrieved from /usr/local/lib/python3.10/dist-packages/airflow/example_dags/example_dag_decorator.py
[2023-09-27T11:07:32.085+0000] {logging_mixin.py:151} INFO - [2023-09-27T11:07:32.084+0000] {security.py:708} INFO - Not syncing DAG-level permissions for DAG 'DAG:example_dag_decorator' as access control is unset.
[2023-09-27T11:07:32.085+0000] {logging_mixin.py:151} INFO - [2023-09-27T11:07:32.085+0000] {dag.py:2915} INFO - Sync 1 DAGs
[2023-09-27T11:07:32.095+0000] {logging_mixin.py:151} INFO - [2023-09-27T11:07:32.095+0000] {dag.py:3696} INFO - Setting next_dagrun for example_dag_decorator to None, run_after=None
[2023-09-27T11:07:32.117+0000] {processor.py:179} INFO - Processing /usr/local/lib/python3.10/dist-packages/airflow/example_dags/example_dag_decorator.py took 0.135 seconds
[2023-09-27T11:08:24.564+0000] {processor.py:157} INFO - Started process (PID=4818) to work on /usr/local/lib/python3.10/dist-packages/airflow/example_dags/example_dag_decorator.py
[2023-09-27T11:08:24.565+0000] {processor.py:829} INFO - Processing file /usr/local/lib/python3.10/dist-packages/airflow/example_dags/example_dag_decorator.py for tasks to queue
[2023-09-27T11:08:24.565+0000] {logging_mixin.py:151} INFO - [2023-09-27T11:08:24.565+0000] {dagbag.py:539} INFO - Filling up the DagBag from /usr/local/lib/python3.10/dist-packages/airflow/example_dags/example_dag_decorator.py
[2023-09-27T11:08:24.578+0000] {processor.py:839} INFO - DAG(s) dict_keys(['example_dag_decorator']) retrieved from /usr/local/lib/python3.10/dist-packages/airflow/example_dags/example_dag_decorator.py
[2023-09-27T11:08:24.685+0000] {logging_mixin.py:151} INFO - [2023-09-27T11:08:24.685+0000] {security.py:708} INFO - Not syncing DAG-level permissions for DAG 'DAG:example_dag_decorator' as access control is unset.
[2023-09-27T11:08:24.686+0000] {logging_mixin.py:151} INFO - [2023-09-27T11:08:24.686+0000] {dag.py:2915} INFO - Sync 1 DAGs
[2023-09-27T11:08:24.697+0000] {logging_mixin.py:151} INFO - [2023-09-27T11:08:24.697+0000] {dag.py:3696} INFO - Setting next_dagrun for example_dag_decorator to None, run_after=None
[2023-09-27T11:08:24.722+0000] {processor.py:179} INFO - Processing /usr/local/lib/python3.10/dist-packages/airflow/example_dags/example_dag_decorator.py took 0.162 seconds
[2023-09-27T11:09:17.128+0000] {processor.py:157} INFO - Started process (PID=4871) to work on /usr/local/lib/python3.10/dist-packages/airflow/example_dags/example_dag_decorator.py
[2023-09-27T11:09:17.129+0000] {processor.py:829} INFO - Processing file /usr/local/lib/python3.10/dist-packages/airflow/example_dags/example_dag_decorator.py for tasks to queue
[2023-09-27T11:09:17.130+0000] {logging_mixin.py:151} INFO - [2023-09-27T11:09:17.130+0000] {dagbag.py:539} INFO - Filling up the DagBag from /usr/local/lib/python3.10/dist-packages/airflow/example_dags/example_dag_decorator.py
[2023-09-27T11:09:17.145+0000] {processor.py:839} INFO - DAG(s) dict_keys(['example_dag_decorator']) retrieved from /usr/local/lib/python3.10/dist-packages/airflow/example_dags/example_dag_decorator.py
[2023-09-27T11:09:17.255+0000] {logging_mixin.py:151} INFO - [2023-09-27T11:09:17.255+0000] {security.py:708} INFO - Not syncing DAG-level permissions for DAG 'DAG:example_dag_decorator' as access control is unset.
[2023-09-27T11:09:17.255+0000] {logging_mixin.py:151} INFO - [2023-09-27T11:09:17.255+0000] {dag.py:2915} INFO - Sync 1 DAGs
[2023-09-27T11:09:17.267+0000] {logging_mixin.py:151} INFO - [2023-09-27T11:09:17.266+0000] {dag.py:3696} INFO - Setting next_dagrun for example_dag_decorator to None, run_after=None
[2023-09-27T11:09:17.292+0000] {processor.py:179} INFO - Processing /usr/local/lib/python3.10/dist-packages/airflow/example_dags/example_dag_decorator.py took 0.167 seconds
[2023-09-27T11:10:01.444+0000] {processor.py:157} INFO - Started process (PID=4919) to work on /usr/local/lib/python3.10/dist-packages/airflow/example_dags/example_dag_decorator.py
[2023-09-27T11:10:01.451+0000] {processor.py:829} INFO - Processing file /usr/local/lib/python3.10/dist-packages/airflow/example_dags/example_dag_decorator.py for tasks to queue
[2023-09-27T11:10:01.454+0000] {logging_mixin.py:151} INFO - [2023-09-27T11:10:01.454+0000] {dagbag.py:539} INFO - Filling up the DagBag from /usr/local/lib/python3.10/dist-packages/airflow/example_dags/example_dag_decorator.py
[2023-09-27T11:10:01.499+0000] {processor.py:839} INFO - DAG(s) dict_keys(['example_dag_decorator']) retrieved from /usr/local/lib/python3.10/dist-packages/airflow/example_dags/example_dag_decorator.py
[2023-09-27T11:10:01.667+0000] {logging_mixin.py:151} INFO - [2023-09-27T11:10:01.667+0000] {security.py:708} INFO - Not syncing DAG-level permissions for DAG 'DAG:example_dag_decorator' as access control is unset.
[2023-09-27T11:10:01.667+0000] {logging_mixin.py:151} INFO - [2023-09-27T11:10:01.667+0000] {dag.py:2915} INFO - Sync 1 DAGs
[2023-09-27T11:10:01.681+0000] {logging_mixin.py:151} INFO - [2023-09-27T11:10:01.681+0000] {dag.py:3696} INFO - Setting next_dagrun for example_dag_decorator to None, run_after=None
[2023-09-27T11:10:01.708+0000] {processor.py:179} INFO - Processing /usr/local/lib/python3.10/dist-packages/airflow/example_dags/example_dag_decorator.py took 0.271 seconds
[2023-09-27T11:10:52.321+0000] {processor.py:157} INFO - Started process (PID=4972) to work on /usr/local/lib/python3.10/dist-packages/airflow/example_dags/example_dag_decorator.py
[2023-09-27T11:10:52.323+0000] {processor.py:829} INFO - Processing file /usr/local/lib/python3.10/dist-packages/airflow/example_dags/example_dag_decorator.py for tasks to queue
[2023-09-27T11:10:52.323+0000] {logging_mixin.py:151} INFO - [2023-09-27T11:10:52.323+0000] {dagbag.py:539} INFO - Filling up the DagBag from /usr/local/lib/python3.10/dist-packages/airflow/example_dags/example_dag_decorator.py
[2023-09-27T11:10:52.336+0000] {processor.py:839} INFO - DAG(s) dict_keys(['example_dag_decorator']) retrieved from /usr/local/lib/python3.10/dist-packages/airflow/example_dags/example_dag_decorator.py
[2023-09-27T11:10:52.423+0000] {logging_mixin.py:151} INFO - [2023-09-27T11:10:52.422+0000] {security.py:708} INFO - Not syncing DAG-level permissions for DAG 'DAG:example_dag_decorator' as access control is unset.
[2023-09-27T11:10:52.423+0000] {logging_mixin.py:151} INFO - [2023-09-27T11:10:52.423+0000] {dag.py:2915} INFO - Sync 1 DAGs
[2023-09-27T11:10:52.433+0000] {logging_mixin.py:151} INFO - [2023-09-27T11:10:52.432+0000] {dag.py:3696} INFO - Setting next_dagrun for example_dag_decorator to None, run_after=None
[2023-09-27T11:10:52.452+0000] {processor.py:179} INFO - Processing /usr/local/lib/python3.10/dist-packages/airflow/example_dags/example_dag_decorator.py took 0.134 seconds
[2023-09-27T11:11:39.713+0000] {processor.py:157} INFO - Started process (PID=5024) to work on /usr/local/lib/python3.10/dist-packages/airflow/example_dags/example_dag_decorator.py
[2023-09-27T11:11:39.714+0000] {processor.py:829} INFO - Processing file /usr/local/lib/python3.10/dist-packages/airflow/example_dags/example_dag_decorator.py for tasks to queue
[2023-09-27T11:11:39.715+0000] {logging_mixin.py:151} INFO - [2023-09-27T11:11:39.715+0000] {dagbag.py:539} INFO - Filling up the DagBag from /usr/local/lib/python3.10/dist-packages/airflow/example_dags/example_dag_decorator.py
[2023-09-27T11:11:39.727+0000] {processor.py:839} INFO - DAG(s) dict_keys(['example_dag_decorator']) retrieved from /usr/local/lib/python3.10/dist-packages/airflow/example_dags/example_dag_decorator.py
[2023-09-27T11:11:39.829+0000] {logging_mixin.py:151} INFO - [2023-09-27T11:11:39.829+0000] {security.py:708} INFO - Not syncing DAG-level permissions for DAG 'DAG:example_dag_decorator' as access control is unset.
[2023-09-27T11:11:39.830+0000] {logging_mixin.py:151} INFO - [2023-09-27T11:11:39.830+0000] {dag.py:2915} INFO - Sync 1 DAGs
[2023-09-27T11:11:39.839+0000] {logging_mixin.py:151} INFO - [2023-09-27T11:11:39.839+0000] {dag.py:3696} INFO - Setting next_dagrun for example_dag_decorator to None, run_after=None
[2023-09-27T11:11:39.894+0000] {processor.py:179} INFO - Processing /usr/local/lib/python3.10/dist-packages/airflow/example_dags/example_dag_decorator.py took 0.184 seconds
[2023-09-27T11:12:28.377+0000] {processor.py:157} INFO - Started process (PID=5078) to work on /usr/local/lib/python3.10/dist-packages/airflow/example_dags/example_dag_decorator.py
[2023-09-27T11:12:28.378+0000] {processor.py:829} INFO - Processing file /usr/local/lib/python3.10/dist-packages/airflow/example_dags/example_dag_decorator.py for tasks to queue
[2023-09-27T11:12:28.379+0000] {logging_mixin.py:151} INFO - [2023-09-27T11:12:28.379+0000] {dagbag.py:539} INFO - Filling up the DagBag from /usr/local/lib/python3.10/dist-packages/airflow/example_dags/example_dag_decorator.py
[2023-09-27T11:12:28.391+0000] {processor.py:839} INFO - DAG(s) dict_keys(['example_dag_decorator']) retrieved from /usr/local/lib/python3.10/dist-packages/airflow/example_dags/example_dag_decorator.py
[2023-09-27T11:12:28.491+0000] {logging_mixin.py:151} INFO - [2023-09-27T11:12:28.491+0000] {security.py:708} INFO - Not syncing DAG-level permissions for DAG 'DAG:example_dag_decorator' as access control is unset.
[2023-09-27T11:12:28.491+0000] {logging_mixin.py:151} INFO - [2023-09-27T11:12:28.491+0000] {dag.py:2915} INFO - Sync 1 DAGs
[2023-09-27T11:12:28.504+0000] {logging_mixin.py:151} INFO - [2023-09-27T11:12:28.504+0000] {dag.py:3696} INFO - Setting next_dagrun for example_dag_decorator to None, run_after=None
[2023-09-27T11:12:28.527+0000] {processor.py:179} INFO - Processing /usr/local/lib/python3.10/dist-packages/airflow/example_dags/example_dag_decorator.py took 0.153 seconds
[2023-09-27T11:13:18.402+0000] {processor.py:157} INFO - Started process (PID=5131) to work on /usr/local/lib/python3.10/dist-packages/airflow/example_dags/example_dag_decorator.py
[2023-09-27T11:13:18.403+0000] {processor.py:829} INFO - Processing file /usr/local/lib/python3.10/dist-packages/airflow/example_dags/example_dag_decorator.py for tasks to queue
[2023-09-27T11:13:18.404+0000] {logging_mixin.py:151} INFO - [2023-09-27T11:13:18.404+0000] {dagbag.py:539} INFO - Filling up the DagBag from /usr/local/lib/python3.10/dist-packages/airflow/example_dags/example_dag_decorator.py
[2023-09-27T11:13:18.417+0000] {processor.py:839} INFO - DAG(s) dict_keys(['example_dag_decorator']) retrieved from /usr/local/lib/python3.10/dist-packages/airflow/example_dags/example_dag_decorator.py
[2023-09-27T11:13:18.523+0000] {logging_mixin.py:151} INFO - [2023-09-27T11:13:18.523+0000] {security.py:708} INFO - Not syncing DAG-level permissions for DAG 'DAG:example_dag_decorator' as access control is unset.
[2023-09-27T11:13:18.523+0000] {logging_mixin.py:151} INFO - [2023-09-27T11:13:18.523+0000] {dag.py:2915} INFO - Sync 1 DAGs
[2023-09-27T11:13:18.536+0000] {logging_mixin.py:151} INFO - [2023-09-27T11:13:18.535+0000] {dag.py:3696} INFO - Setting next_dagrun for example_dag_decorator to None, run_after=None
[2023-09-27T11:13:18.565+0000] {processor.py:179} INFO - Processing /usr/local/lib/python3.10/dist-packages/airflow/example_dags/example_dag_decorator.py took 0.166 seconds
[2023-09-27T11:14:07.502+0000] {processor.py:157} INFO - Started process (PID=5182) to work on /usr/local/lib/python3.10/dist-packages/airflow/example_dags/example_dag_decorator.py
[2023-09-27T11:14:07.503+0000] {processor.py:829} INFO - Processing file /usr/local/lib/python3.10/dist-packages/airflow/example_dags/example_dag_decorator.py for tasks to queue
[2023-09-27T11:14:07.504+0000] {logging_mixin.py:151} INFO - [2023-09-27T11:14:07.504+0000] {dagbag.py:539} INFO - Filling up the DagBag from /usr/local/lib/python3.10/dist-packages/airflow/example_dags/example_dag_decorator.py
[2023-09-27T11:14:07.518+0000] {processor.py:839} INFO - DAG(s) dict_keys(['example_dag_decorator']) retrieved from /usr/local/lib/python3.10/dist-packages/airflow/example_dags/example_dag_decorator.py
[2023-09-27T11:14:07.624+0000] {logging_mixin.py:151} INFO - [2023-09-27T11:14:07.624+0000] {security.py:708} INFO - Not syncing DAG-level permissions for DAG 'DAG:example_dag_decorator' as access control is unset.
[2023-09-27T11:14:07.624+0000] {logging_mixin.py:151} INFO - [2023-09-27T11:14:07.624+0000] {dag.py:2915} INFO - Sync 1 DAGs
[2023-09-27T11:14:07.634+0000] {logging_mixin.py:151} INFO - [2023-09-27T11:14:07.634+0000] {dag.py:3696} INFO - Setting next_dagrun for example_dag_decorator to None, run_after=None
[2023-09-27T11:14:07.656+0000] {processor.py:179} INFO - Processing /usr/local/lib/python3.10/dist-packages/airflow/example_dags/example_dag_decorator.py took 0.157 seconds
[2023-09-27T11:14:57.680+0000] {processor.py:157} INFO - Started process (PID=5234) to work on /usr/local/lib/python3.10/dist-packages/airflow/example_dags/example_dag_decorator.py
[2023-09-27T11:14:57.681+0000] {processor.py:829} INFO - Processing file /usr/local/lib/python3.10/dist-packages/airflow/example_dags/example_dag_decorator.py for tasks to queue
[2023-09-27T11:14:57.682+0000] {logging_mixin.py:151} INFO - [2023-09-27T11:14:57.681+0000] {dagbag.py:539} INFO - Filling up the DagBag from /usr/local/lib/python3.10/dist-packages/airflow/example_dags/example_dag_decorator.py
[2023-09-27T11:14:57.696+0000] {processor.py:839} INFO - DAG(s) dict_keys(['example_dag_decorator']) retrieved from /usr/local/lib/python3.10/dist-packages/airflow/example_dags/example_dag_decorator.py
[2023-09-27T11:14:57.814+0000] {logging_mixin.py:151} INFO - [2023-09-27T11:14:57.814+0000] {security.py:708} INFO - Not syncing DAG-level permissions for DAG 'DAG:example_dag_decorator' as access control is unset.
[2023-09-27T11:14:57.815+0000] {logging_mixin.py:151} INFO - [2023-09-27T11:14:57.815+0000] {dag.py:2915} INFO - Sync 1 DAGs
[2023-09-27T11:14:57.833+0000] {logging_mixin.py:151} INFO - [2023-09-27T11:14:57.833+0000] {dag.py:3696} INFO - Setting next_dagrun for example_dag_decorator to None, run_after=None
[2023-09-27T11:14:57.863+0000] {processor.py:179} INFO - Processing /usr/local/lib/python3.10/dist-packages/airflow/example_dags/example_dag_decorator.py took 0.186 seconds
[2023-09-27T11:15:50.713+0000] {processor.py:157} INFO - Started process (PID=5288) to work on /usr/local/lib/python3.10/dist-packages/airflow/example_dags/example_dag_decorator.py
[2023-09-27T11:15:50.715+0000] {processor.py:829} INFO - Processing file /usr/local/lib/python3.10/dist-packages/airflow/example_dags/example_dag_decorator.py for tasks to queue
[2023-09-27T11:15:50.716+0000] {logging_mixin.py:151} INFO - [2023-09-27T11:15:50.715+0000] {dagbag.py:539} INFO - Filling up the DagBag from /usr/local/lib/python3.10/dist-packages/airflow/example_dags/example_dag_decorator.py
[2023-09-27T11:15:50.729+0000] {processor.py:839} INFO - DAG(s) dict_keys(['example_dag_decorator']) retrieved from /usr/local/lib/python3.10/dist-packages/airflow/example_dags/example_dag_decorator.py
[2023-09-27T11:15:50.826+0000] {logging_mixin.py:151} INFO - [2023-09-27T11:15:50.826+0000] {security.py:708} INFO - Not syncing DAG-level permissions for DAG 'DAG:example_dag_decorator' as access control is unset.
[2023-09-27T11:15:50.827+0000] {logging_mixin.py:151} INFO - [2023-09-27T11:15:50.827+0000] {dag.py:2915} INFO - Sync 1 DAGs
[2023-09-27T11:15:50.838+0000] {logging_mixin.py:151} INFO - [2023-09-27T11:15:50.837+0000] {dag.py:3696} INFO - Setting next_dagrun for example_dag_decorator to None, run_after=None
[2023-09-27T11:15:50.861+0000] {processor.py:179} INFO - Processing /usr/local/lib/python3.10/dist-packages/airflow/example_dags/example_dag_decorator.py took 0.150 seconds
[2023-09-27T11:16:39.531+0000] {processor.py:157} INFO - Started process (PID=5339) to work on /usr/local/lib/python3.10/dist-packages/airflow/example_dags/example_dag_decorator.py
[2023-09-27T11:16:39.533+0000] {processor.py:829} INFO - Processing file /usr/local/lib/python3.10/dist-packages/airflow/example_dags/example_dag_decorator.py for tasks to queue
[2023-09-27T11:16:39.534+0000] {logging_mixin.py:151} INFO - [2023-09-27T11:16:39.534+0000] {dagbag.py:539} INFO - Filling up the DagBag from /usr/local/lib/python3.10/dist-packages/airflow/example_dags/example_dag_decorator.py
[2023-09-27T11:16:39.548+0000] {processor.py:839} INFO - DAG(s) dict_keys(['example_dag_decorator']) retrieved from /usr/local/lib/python3.10/dist-packages/airflow/example_dags/example_dag_decorator.py
[2023-09-27T11:16:39.646+0000] {logging_mixin.py:151} INFO - [2023-09-27T11:16:39.646+0000] {security.py:708} INFO - Not syncing DAG-level permissions for DAG 'DAG:example_dag_decorator' as access control is unset.
[2023-09-27T11:16:39.647+0000] {logging_mixin.py:151} INFO - [2023-09-27T11:16:39.647+0000] {dag.py:2915} INFO - Sync 1 DAGs
[2023-09-27T11:16:39.657+0000] {logging_mixin.py:151} INFO - [2023-09-27T11:16:39.657+0000] {dag.py:3696} INFO - Setting next_dagrun for example_dag_decorator to None, run_after=None
[2023-09-27T11:16:39.678+0000] {processor.py:179} INFO - Processing /usr/local/lib/python3.10/dist-packages/airflow/example_dags/example_dag_decorator.py took 0.150 seconds
[2023-09-27T11:17:30.801+0000] {processor.py:157} INFO - Started process (PID=5398) to work on /usr/local/lib/python3.10/dist-packages/airflow/example_dags/example_dag_decorator.py
[2023-09-27T11:17:30.802+0000] {processor.py:829} INFO - Processing file /usr/local/lib/python3.10/dist-packages/airflow/example_dags/example_dag_decorator.py for tasks to queue
[2023-09-27T11:17:30.802+0000] {logging_mixin.py:151} INFO - [2023-09-27T11:17:30.802+0000] {dagbag.py:539} INFO - Filling up the DagBag from /usr/local/lib/python3.10/dist-packages/airflow/example_dags/example_dag_decorator.py
[2023-09-27T11:17:30.821+0000] {processor.py:839} INFO - DAG(s) dict_keys(['example_dag_decorator']) retrieved from /usr/local/lib/python3.10/dist-packages/airflow/example_dags/example_dag_decorator.py
[2023-09-27T11:17:30.944+0000] {logging_mixin.py:151} INFO - [2023-09-27T11:17:30.944+0000] {security.py:708} INFO - Not syncing DAG-level permissions for DAG 'DAG:example_dag_decorator' as access control is unset.
[2023-09-27T11:17:30.945+0000] {logging_mixin.py:151} INFO - [2023-09-27T11:17:30.945+0000] {dag.py:2915} INFO - Sync 1 DAGs
[2023-09-27T11:17:30.954+0000] {logging_mixin.py:151} INFO - [2023-09-27T11:17:30.954+0000] {dag.py:3696} INFO - Setting next_dagrun for example_dag_decorator to None, run_after=None
[2023-09-27T11:17:30.976+0000] {processor.py:179} INFO - Processing /usr/local/lib/python3.10/dist-packages/airflow/example_dags/example_dag_decorator.py took 0.181 seconds
[2023-09-27T11:18:22.388+0000] {processor.py:157} INFO - Started process (PID=5452) to work on /usr/local/lib/python3.10/dist-packages/airflow/example_dags/example_dag_decorator.py
[2023-09-27T11:18:22.389+0000] {processor.py:829} INFO - Processing file /usr/local/lib/python3.10/dist-packages/airflow/example_dags/example_dag_decorator.py for tasks to queue
[2023-09-27T11:18:22.390+0000] {logging_mixin.py:151} INFO - [2023-09-27T11:18:22.389+0000] {dagbag.py:539} INFO - Filling up the DagBag from /usr/local/lib/python3.10/dist-packages/airflow/example_dags/example_dag_decorator.py
[2023-09-27T11:18:22.402+0000] {processor.py:839} INFO - DAG(s) dict_keys(['example_dag_decorator']) retrieved from /usr/local/lib/python3.10/dist-packages/airflow/example_dags/example_dag_decorator.py
[2023-09-27T11:18:22.494+0000] {logging_mixin.py:151} INFO - [2023-09-27T11:18:22.494+0000] {security.py:708} INFO - Not syncing DAG-level permissions for DAG 'DAG:example_dag_decorator' as access control is unset.
[2023-09-27T11:18:22.494+0000] {logging_mixin.py:151} INFO - [2023-09-27T11:18:22.494+0000] {dag.py:2915} INFO - Sync 1 DAGs
[2023-09-27T11:18:22.504+0000] {logging_mixin.py:151} INFO - [2023-09-27T11:18:22.504+0000] {dag.py:3696} INFO - Setting next_dagrun for example_dag_decorator to None, run_after=None
[2023-09-27T11:18:22.529+0000] {processor.py:179} INFO - Processing /usr/local/lib/python3.10/dist-packages/airflow/example_dags/example_dag_decorator.py took 0.146 seconds
[2023-09-27T11:19:09.068+0000] {processor.py:157} INFO - Started process (PID=5502) to work on /usr/local/lib/python3.10/dist-packages/airflow/example_dags/example_dag_decorator.py
[2023-09-27T11:19:09.069+0000] {processor.py:829} INFO - Processing file /usr/local/lib/python3.10/dist-packages/airflow/example_dags/example_dag_decorator.py for tasks to queue
[2023-09-27T11:19:09.070+0000] {logging_mixin.py:151} INFO - [2023-09-27T11:19:09.070+0000] {dagbag.py:539} INFO - Filling up the DagBag from /usr/local/lib/python3.10/dist-packages/airflow/example_dags/example_dag_decorator.py
[2023-09-27T11:19:09.083+0000] {processor.py:839} INFO - DAG(s) dict_keys(['example_dag_decorator']) retrieved from /usr/local/lib/python3.10/dist-packages/airflow/example_dags/example_dag_decorator.py
[2023-09-27T11:19:09.196+0000] {logging_mixin.py:151} INFO - [2023-09-27T11:19:09.196+0000] {security.py:708} INFO - Not syncing DAG-level permissions for DAG 'DAG:example_dag_decorator' as access control is unset.
[2023-09-27T11:19:09.196+0000] {logging_mixin.py:151} INFO - [2023-09-27T11:19:09.196+0000] {dag.py:2915} INFO - Sync 1 DAGs
[2023-09-27T11:19:09.205+0000] {logging_mixin.py:151} INFO - [2023-09-27T11:19:09.205+0000] {dag.py:3696} INFO - Setting next_dagrun for example_dag_decorator to None, run_after=None
[2023-09-27T11:19:09.238+0000] {processor.py:179} INFO - Processing /usr/local/lib/python3.10/dist-packages/airflow/example_dags/example_dag_decorator.py took 0.173 seconds
[2023-09-27T11:19:59.502+0000] {processor.py:157} INFO - Started process (PID=5556) to work on /usr/local/lib/python3.10/dist-packages/airflow/example_dags/example_dag_decorator.py
[2023-09-27T11:19:59.503+0000] {processor.py:829} INFO - Processing file /usr/local/lib/python3.10/dist-packages/airflow/example_dags/example_dag_decorator.py for tasks to queue
[2023-09-27T11:19:59.503+0000] {logging_mixin.py:151} INFO - [2023-09-27T11:19:59.503+0000] {dagbag.py:539} INFO - Filling up the DagBag from /usr/local/lib/python3.10/dist-packages/airflow/example_dags/example_dag_decorator.py
[2023-09-27T11:19:59.517+0000] {processor.py:839} INFO - DAG(s) dict_keys(['example_dag_decorator']) retrieved from /usr/local/lib/python3.10/dist-packages/airflow/example_dags/example_dag_decorator.py
[2023-09-27T11:19:59.623+0000] {logging_mixin.py:151} INFO - [2023-09-27T11:19:59.623+0000] {security.py:708} INFO - Not syncing DAG-level permissions for DAG 'DAG:example_dag_decorator' as access control is unset.
[2023-09-27T11:19:59.623+0000] {logging_mixin.py:151} INFO - [2023-09-27T11:19:59.623+0000] {dag.py:2915} INFO - Sync 1 DAGs
[2023-09-27T11:19:59.634+0000] {logging_mixin.py:151} INFO - [2023-09-27T11:19:59.634+0000] {dag.py:3696} INFO - Setting next_dagrun for example_dag_decorator to None, run_after=None
[2023-09-27T11:19:59.658+0000] {processor.py:179} INFO - Processing /usr/local/lib/python3.10/dist-packages/airflow/example_dags/example_dag_decorator.py took 0.159 seconds
[2023-09-27T11:20:54.259+0000] {processor.py:157} INFO - Started process (PID=5613) to work on /usr/local/lib/python3.10/dist-packages/airflow/example_dags/example_dag_decorator.py
[2023-09-27T11:20:54.260+0000] {processor.py:829} INFO - Processing file /usr/local/lib/python3.10/dist-packages/airflow/example_dags/example_dag_decorator.py for tasks to queue
[2023-09-27T11:20:54.261+0000] {logging_mixin.py:151} INFO - [2023-09-27T11:20:54.261+0000] {dagbag.py:539} INFO - Filling up the DagBag from /usr/local/lib/python3.10/dist-packages/airflow/example_dags/example_dag_decorator.py
[2023-09-27T11:20:54.272+0000] {processor.py:839} INFO - DAG(s) dict_keys(['example_dag_decorator']) retrieved from /usr/local/lib/python3.10/dist-packages/airflow/example_dags/example_dag_decorator.py
[2023-09-27T11:20:54.357+0000] {logging_mixin.py:151} INFO - [2023-09-27T11:20:54.357+0000] {security.py:708} INFO - Not syncing DAG-level permissions for DAG 'DAG:example_dag_decorator' as access control is unset.
[2023-09-27T11:20:54.358+0000] {logging_mixin.py:151} INFO - [2023-09-27T11:20:54.357+0000] {dag.py:2915} INFO - Sync 1 DAGs
[2023-09-27T11:20:54.367+0000] {logging_mixin.py:151} INFO - [2023-09-27T11:20:54.367+0000] {dag.py:3696} INFO - Setting next_dagrun for example_dag_decorator to None, run_after=None
[2023-09-27T11:20:54.386+0000] {processor.py:179} INFO - Processing /usr/local/lib/python3.10/dist-packages/airflow/example_dags/example_dag_decorator.py took 0.130 seconds
[2023-09-27T11:21:46.279+0000] {processor.py:157} INFO - Started process (PID=5668) to work on /usr/local/lib/python3.10/dist-packages/airflow/example_dags/example_dag_decorator.py
[2023-09-27T11:21:46.280+0000] {processor.py:829} INFO - Processing file /usr/local/lib/python3.10/dist-packages/airflow/example_dags/example_dag_decorator.py for tasks to queue
[2023-09-27T11:21:46.281+0000] {logging_mixin.py:151} INFO - [2023-09-27T11:21:46.280+0000] {dagbag.py:539} INFO - Filling up the DagBag from /usr/local/lib/python3.10/dist-packages/airflow/example_dags/example_dag_decorator.py
[2023-09-27T11:21:46.293+0000] {processor.py:839} INFO - DAG(s) dict_keys(['example_dag_decorator']) retrieved from /usr/local/lib/python3.10/dist-packages/airflow/example_dags/example_dag_decorator.py
[2023-09-27T11:21:46.392+0000] {logging_mixin.py:151} INFO - [2023-09-27T11:21:46.392+0000] {security.py:708} INFO - Not syncing DAG-level permissions for DAG 'DAG:example_dag_decorator' as access control is unset.
[2023-09-27T11:21:46.392+0000] {logging_mixin.py:151} INFO - [2023-09-27T11:21:46.392+0000] {dag.py:2915} INFO - Sync 1 DAGs
[2023-09-27T11:21:46.401+0000] {logging_mixin.py:151} INFO - [2023-09-27T11:21:46.401+0000] {dag.py:3696} INFO - Setting next_dagrun for example_dag_decorator to None, run_after=None
[2023-09-27T11:21:46.422+0000] {processor.py:179} INFO - Processing /usr/local/lib/python3.10/dist-packages/airflow/example_dags/example_dag_decorator.py took 0.147 seconds
[2023-09-27T11:22:33.691+0000] {processor.py:157} INFO - Started process (PID=5721) to work on /usr/local/lib/python3.10/dist-packages/airflow/example_dags/example_dag_decorator.py
[2023-09-27T11:22:33.692+0000] {processor.py:829} INFO - Processing file /usr/local/lib/python3.10/dist-packages/airflow/example_dags/example_dag_decorator.py for tasks to queue
[2023-09-27T11:22:33.693+0000] {logging_mixin.py:151} INFO - [2023-09-27T11:22:33.693+0000] {dagbag.py:539} INFO - Filling up the DagBag from /usr/local/lib/python3.10/dist-packages/airflow/example_dags/example_dag_decorator.py
[2023-09-27T11:22:33.704+0000] {processor.py:839} INFO - DAG(s) dict_keys(['example_dag_decorator']) retrieved from /usr/local/lib/python3.10/dist-packages/airflow/example_dags/example_dag_decorator.py
[2023-09-27T11:22:33.808+0000] {logging_mixin.py:151} INFO - [2023-09-27T11:22:33.808+0000] {security.py:708} INFO - Not syncing DAG-level permissions for DAG 'DAG:example_dag_decorator' as access control is unset.
[2023-09-27T11:22:33.809+0000] {logging_mixin.py:151} INFO - [2023-09-27T11:22:33.808+0000] {dag.py:2915} INFO - Sync 1 DAGs
[2023-09-27T11:22:33.818+0000] {logging_mixin.py:151} INFO - [2023-09-27T11:22:33.817+0000] {dag.py:3696} INFO - Setting next_dagrun for example_dag_decorator to None, run_after=None
[2023-09-27T11:22:33.839+0000] {processor.py:179} INFO - Processing /usr/local/lib/python3.10/dist-packages/airflow/example_dags/example_dag_decorator.py took 0.151 seconds
[2023-09-27T11:23:25.658+0000] {processor.py:157} INFO - Started process (PID=5774) to work on /usr/local/lib/python3.10/dist-packages/airflow/example_dags/example_dag_decorator.py
[2023-09-27T11:23:25.659+0000] {processor.py:829} INFO - Processing file /usr/local/lib/python3.10/dist-packages/airflow/example_dags/example_dag_decorator.py for tasks to queue
[2023-09-27T11:23:25.660+0000] {logging_mixin.py:151} INFO - [2023-09-27T11:23:25.659+0000] {dagbag.py:539} INFO - Filling up the DagBag from /usr/local/lib/python3.10/dist-packages/airflow/example_dags/example_dag_decorator.py
[2023-09-27T11:23:25.673+0000] {processor.py:839} INFO - DAG(s) dict_keys(['example_dag_decorator']) retrieved from /usr/local/lib/python3.10/dist-packages/airflow/example_dags/example_dag_decorator.py
[2023-09-27T11:23:25.759+0000] {logging_mixin.py:151} INFO - [2023-09-27T11:23:25.759+0000] {security.py:708} INFO - Not syncing DAG-level permissions for DAG 'DAG:example_dag_decorator' as access control is unset.
[2023-09-27T11:23:25.759+0000] {logging_mixin.py:151} INFO - [2023-09-27T11:23:25.759+0000] {dag.py:2915} INFO - Sync 1 DAGs
[2023-09-27T11:23:25.769+0000] {logging_mixin.py:151} INFO - [2023-09-27T11:23:25.769+0000] {dag.py:3696} INFO - Setting next_dagrun for example_dag_decorator to None, run_after=None
[2023-09-27T11:23:25.789+0000] {processor.py:179} INFO - Processing /usr/local/lib/python3.10/dist-packages/airflow/example_dags/example_dag_decorator.py took 0.137 seconds
[2023-09-27T11:24:16.285+0000] {processor.py:157} INFO - Started process (PID=5827) to work on /usr/local/lib/python3.10/dist-packages/airflow/example_dags/example_dag_decorator.py
[2023-09-27T11:24:16.286+0000] {processor.py:829} INFO - Processing file /usr/local/lib/python3.10/dist-packages/airflow/example_dags/example_dag_decorator.py for tasks to queue
[2023-09-27T11:24:16.287+0000] {logging_mixin.py:151} INFO - [2023-09-27T11:24:16.287+0000] {dagbag.py:539} INFO - Filling up the DagBag from /usr/local/lib/python3.10/dist-packages/airflow/example_dags/example_dag_decorator.py
[2023-09-27T11:24:16.299+0000] {processor.py:839} INFO - DAG(s) dict_keys(['example_dag_decorator']) retrieved from /usr/local/lib/python3.10/dist-packages/airflow/example_dags/example_dag_decorator.py
[2023-09-27T11:24:16.394+0000] {logging_mixin.py:151} INFO - [2023-09-27T11:24:16.393+0000] {security.py:708} INFO - Not syncing DAG-level permissions for DAG 'DAG:example_dag_decorator' as access control is unset.
[2023-09-27T11:24:16.394+0000] {logging_mixin.py:151} INFO - [2023-09-27T11:24:16.394+0000] {dag.py:2915} INFO - Sync 1 DAGs
[2023-09-27T11:24:16.402+0000] {logging_mixin.py:151} INFO - [2023-09-27T11:24:16.402+0000] {dag.py:3696} INFO - Setting next_dagrun for example_dag_decorator to None, run_after=None
[2023-09-27T11:24:16.422+0000] {processor.py:179} INFO - Processing /usr/local/lib/python3.10/dist-packages/airflow/example_dags/example_dag_decorator.py took 0.140 seconds
[2023-09-27T11:25:09.116+0000] {processor.py:157} INFO - Started process (PID=5880) to work on /usr/local/lib/python3.10/dist-packages/airflow/example_dags/example_dag_decorator.py
[2023-09-27T11:25:09.117+0000] {processor.py:829} INFO - Processing file /usr/local/lib/python3.10/dist-packages/airflow/example_dags/example_dag_decorator.py for tasks to queue
[2023-09-27T11:25:09.118+0000] {logging_mixin.py:151} INFO - [2023-09-27T11:25:09.117+0000] {dagbag.py:539} INFO - Filling up the DagBag from /usr/local/lib/python3.10/dist-packages/airflow/example_dags/example_dag_decorator.py
[2023-09-27T11:25:09.129+0000] {processor.py:839} INFO - DAG(s) dict_keys(['example_dag_decorator']) retrieved from /usr/local/lib/python3.10/dist-packages/airflow/example_dags/example_dag_decorator.py
[2023-09-27T11:25:09.215+0000] {logging_mixin.py:151} INFO - [2023-09-27T11:25:09.215+0000] {security.py:708} INFO - Not syncing DAG-level permissions for DAG 'DAG:example_dag_decorator' as access control is unset.
[2023-09-27T11:25:09.216+0000] {logging_mixin.py:151} INFO - [2023-09-27T11:25:09.215+0000] {dag.py:2915} INFO - Sync 1 DAGs
[2023-09-27T11:25:09.224+0000] {logging_mixin.py:151} INFO - [2023-09-27T11:25:09.224+0000] {dag.py:3696} INFO - Setting next_dagrun for example_dag_decorator to None, run_after=None
[2023-09-27T11:25:09.244+0000] {processor.py:179} INFO - Processing /usr/local/lib/python3.10/dist-packages/airflow/example_dags/example_dag_decorator.py took 0.132 seconds
[2023-09-27T11:26:01.503+0000] {processor.py:157} INFO - Started process (PID=5934) to work on /usr/local/lib/python3.10/dist-packages/airflow/example_dags/example_dag_decorator.py
[2023-09-27T11:26:01.505+0000] {processor.py:829} INFO - Processing file /usr/local/lib/python3.10/dist-packages/airflow/example_dags/example_dag_decorator.py for tasks to queue
[2023-09-27T11:26:01.506+0000] {logging_mixin.py:151} INFO - [2023-09-27T11:26:01.505+0000] {dagbag.py:539} INFO - Filling up the DagBag from /usr/local/lib/python3.10/dist-packages/airflow/example_dags/example_dag_decorator.py
[2023-09-27T11:26:01.530+0000] {processor.py:839} INFO - DAG(s) dict_keys(['example_dag_decorator']) retrieved from /usr/local/lib/python3.10/dist-packages/airflow/example_dags/example_dag_decorator.py
[2023-09-27T11:26:01.682+0000] {logging_mixin.py:151} INFO - [2023-09-27T11:26:01.682+0000] {security.py:708} INFO - Not syncing DAG-level permissions for DAG 'DAG:example_dag_decorator' as access control is unset.
[2023-09-27T11:26:01.683+0000] {logging_mixin.py:151} INFO - [2023-09-27T11:26:01.683+0000] {dag.py:2915} INFO - Sync 1 DAGs
[2023-09-27T11:26:01.704+0000] {logging_mixin.py:151} INFO - [2023-09-27T11:26:01.704+0000] {dag.py:3696} INFO - Setting next_dagrun for example_dag_decorator to None, run_after=None
[2023-09-27T11:26:01.733+0000] {processor.py:179} INFO - Processing /usr/local/lib/python3.10/dist-packages/airflow/example_dags/example_dag_decorator.py took 0.239 seconds
[2023-09-27T11:26:54.126+0000] {processor.py:157} INFO - Started process (PID=5992) to work on /usr/local/lib/python3.10/dist-packages/airflow/example_dags/example_dag_decorator.py
[2023-09-27T11:26:54.128+0000] {processor.py:829} INFO - Processing file /usr/local/lib/python3.10/dist-packages/airflow/example_dags/example_dag_decorator.py for tasks to queue
[2023-09-27T11:26:54.129+0000] {logging_mixin.py:151} INFO - [2023-09-27T11:26:54.129+0000] {dagbag.py:539} INFO - Filling up the DagBag from /usr/local/lib/python3.10/dist-packages/airflow/example_dags/example_dag_decorator.py
[2023-09-27T11:26:54.142+0000] {processor.py:839} INFO - DAG(s) dict_keys(['example_dag_decorator']) retrieved from /usr/local/lib/python3.10/dist-packages/airflow/example_dags/example_dag_decorator.py
[2023-09-27T11:26:54.251+0000] {logging_mixin.py:151} INFO - [2023-09-27T11:26:54.251+0000] {security.py:708} INFO - Not syncing DAG-level permissions for DAG 'DAG:example_dag_decorator' as access control is unset.
[2023-09-27T11:26:54.251+0000] {logging_mixin.py:151} INFO - [2023-09-27T11:26:54.251+0000] {dag.py:2915} INFO - Sync 1 DAGs
[2023-09-27T11:26:54.260+0000] {logging_mixin.py:151} INFO - [2023-09-27T11:26:54.260+0000] {dag.py:3696} INFO - Setting next_dagrun for example_dag_decorator to None, run_after=None
[2023-09-27T11:26:54.282+0000] {processor.py:179} INFO - Processing /usr/local/lib/python3.10/dist-packages/airflow/example_dags/example_dag_decorator.py took 0.159 seconds
[2023-09-27T11:27:42.000+0000] {processor.py:157} INFO - Started process (PID=6048) to work on /usr/local/lib/python3.10/dist-packages/airflow/example_dags/example_dag_decorator.py
[2023-09-27T11:27:42.001+0000] {processor.py:829} INFO - Processing file /usr/local/lib/python3.10/dist-packages/airflow/example_dags/example_dag_decorator.py for tasks to queue
[2023-09-27T11:27:42.006+0000] {logging_mixin.py:151} INFO - [2023-09-27T11:27:42.006+0000] {dagbag.py:539} INFO - Filling up the DagBag from /usr/local/lib/python3.10/dist-packages/airflow/example_dags/example_dag_decorator.py
[2023-09-27T11:27:42.021+0000] {processor.py:839} INFO - DAG(s) dict_keys(['example_dag_decorator']) retrieved from /usr/local/lib/python3.10/dist-packages/airflow/example_dags/example_dag_decorator.py
[2023-09-27T11:27:42.140+0000] {logging_mixin.py:151} INFO - [2023-09-27T11:27:42.140+0000] {security.py:708} INFO - Not syncing DAG-level permissions for DAG 'DAG:example_dag_decorator' as access control is unset.
[2023-09-27T11:27:42.140+0000] {logging_mixin.py:151} INFO - [2023-09-27T11:27:42.140+0000] {dag.py:2915} INFO - Sync 1 DAGs
[2023-09-27T11:27:42.151+0000] {logging_mixin.py:151} INFO - [2023-09-27T11:27:42.150+0000] {dag.py:3696} INFO - Setting next_dagrun for example_dag_decorator to None, run_after=None
[2023-09-27T11:27:42.172+0000] {processor.py:179} INFO - Processing /usr/local/lib/python3.10/dist-packages/airflow/example_dags/example_dag_decorator.py took 0.176 seconds
[2023-09-27T11:28:29.009+0000] {processor.py:157} INFO - Started process (PID=6100) to work on /usr/local/lib/python3.10/dist-packages/airflow/example_dags/example_dag_decorator.py
[2023-09-27T11:28:29.010+0000] {processor.py:829} INFO - Processing file /usr/local/lib/python3.10/dist-packages/airflow/example_dags/example_dag_decorator.py for tasks to queue
[2023-09-27T11:28:29.011+0000] {logging_mixin.py:151} INFO - [2023-09-27T11:28:29.010+0000] {dagbag.py:539} INFO - Filling up the DagBag from /usr/local/lib/python3.10/dist-packages/airflow/example_dags/example_dag_decorator.py
[2023-09-27T11:28:29.027+0000] {processor.py:839} INFO - DAG(s) dict_keys(['example_dag_decorator']) retrieved from /usr/local/lib/python3.10/dist-packages/airflow/example_dags/example_dag_decorator.py
[2023-09-27T11:28:29.160+0000] {logging_mixin.py:151} INFO - [2023-09-27T11:28:29.160+0000] {security.py:708} INFO - Not syncing DAG-level permissions for DAG 'DAG:example_dag_decorator' as access control is unset.
[2023-09-27T11:28:29.161+0000] {logging_mixin.py:151} INFO - [2023-09-27T11:28:29.161+0000] {dag.py:2915} INFO - Sync 1 DAGs
[2023-09-27T11:28:29.174+0000] {logging_mixin.py:151} INFO - [2023-09-27T11:28:29.173+0000] {dag.py:3696} INFO - Setting next_dagrun for example_dag_decorator to None, run_after=None
[2023-09-27T11:28:29.208+0000] {processor.py:179} INFO - Processing /usr/local/lib/python3.10/dist-packages/airflow/example_dags/example_dag_decorator.py took 0.202 seconds
[2023-09-27T11:29:19.600+0000] {processor.py:157} INFO - Started process (PID=6154) to work on /usr/local/lib/python3.10/dist-packages/airflow/example_dags/example_dag_decorator.py
[2023-09-27T11:29:19.601+0000] {processor.py:829} INFO - Processing file /usr/local/lib/python3.10/dist-packages/airflow/example_dags/example_dag_decorator.py for tasks to queue
[2023-09-27T11:29:19.602+0000] {logging_mixin.py:151} INFO - [2023-09-27T11:29:19.602+0000] {dagbag.py:539} INFO - Filling up the DagBag from /usr/local/lib/python3.10/dist-packages/airflow/example_dags/example_dag_decorator.py
[2023-09-27T11:29:19.613+0000] {processor.py:839} INFO - DAG(s) dict_keys(['example_dag_decorator']) retrieved from /usr/local/lib/python3.10/dist-packages/airflow/example_dags/example_dag_decorator.py
[2023-09-27T11:29:19.703+0000] {logging_mixin.py:151} INFO - [2023-09-27T11:29:19.703+0000] {security.py:708} INFO - Not syncing DAG-level permissions for DAG 'DAG:example_dag_decorator' as access control is unset.
[2023-09-27T11:29:19.703+0000] {logging_mixin.py:151} INFO - [2023-09-27T11:29:19.703+0000] {dag.py:2915} INFO - Sync 1 DAGs
[2023-09-27T11:29:19.712+0000] {logging_mixin.py:151} INFO - [2023-09-27T11:29:19.712+0000] {dag.py:3696} INFO - Setting next_dagrun for example_dag_decorator to None, run_after=None
[2023-09-27T11:29:19.742+0000] {processor.py:179} INFO - Processing /usr/local/lib/python3.10/dist-packages/airflow/example_dags/example_dag_decorator.py took 0.145 seconds
[2023-09-27T11:30:11.858+0000] {processor.py:157} INFO - Started process (PID=6207) to work on /usr/local/lib/python3.10/dist-packages/airflow/example_dags/example_dag_decorator.py
[2023-09-27T11:30:11.859+0000] {processor.py:829} INFO - Processing file /usr/local/lib/python3.10/dist-packages/airflow/example_dags/example_dag_decorator.py for tasks to queue
[2023-09-27T11:30:11.860+0000] {logging_mixin.py:151} INFO - [2023-09-27T11:30:11.859+0000] {dagbag.py:539} INFO - Filling up the DagBag from /usr/local/lib/python3.10/dist-packages/airflow/example_dags/example_dag_decorator.py
[2023-09-27T11:30:11.871+0000] {processor.py:839} INFO - DAG(s) dict_keys(['example_dag_decorator']) retrieved from /usr/local/lib/python3.10/dist-packages/airflow/example_dags/example_dag_decorator.py
[2023-09-27T11:30:11.963+0000] {logging_mixin.py:151} INFO - [2023-09-27T11:30:11.962+0000] {security.py:708} INFO - Not syncing DAG-level permissions for DAG 'DAG:example_dag_decorator' as access control is unset.
[2023-09-27T11:30:11.963+0000] {logging_mixin.py:151} INFO - [2023-09-27T11:30:11.963+0000] {dag.py:2915} INFO - Sync 1 DAGs
[2023-09-27T11:30:11.971+0000] {logging_mixin.py:151} INFO - [2023-09-27T11:30:11.971+0000] {dag.py:3696} INFO - Setting next_dagrun for example_dag_decorator to None, run_after=None
[2023-09-27T11:30:11.991+0000] {processor.py:179} INFO - Processing /usr/local/lib/python3.10/dist-packages/airflow/example_dags/example_dag_decorator.py took 0.137 seconds
[2023-09-27T11:31:00.084+0000] {processor.py:157} INFO - Started process (PID=6258) to work on /usr/local/lib/python3.10/dist-packages/airflow/example_dags/example_dag_decorator.py
[2023-09-27T11:31:00.089+0000] {processor.py:829} INFO - Processing file /usr/local/lib/python3.10/dist-packages/airflow/example_dags/example_dag_decorator.py for tasks to queue
[2023-09-27T11:31:00.090+0000] {logging_mixin.py:151} INFO - [2023-09-27T11:31:00.090+0000] {dagbag.py:539} INFO - Filling up the DagBag from /usr/local/lib/python3.10/dist-packages/airflow/example_dags/example_dag_decorator.py
[2023-09-27T11:31:00.118+0000] {processor.py:839} INFO - DAG(s) dict_keys(['example_dag_decorator']) retrieved from /usr/local/lib/python3.10/dist-packages/airflow/example_dags/example_dag_decorator.py
[2023-09-27T11:31:00.253+0000] {logging_mixin.py:151} INFO - [2023-09-27T11:31:00.253+0000] {security.py:708} INFO - Not syncing DAG-level permissions for DAG 'DAG:example_dag_decorator' as access control is unset.
[2023-09-27T11:31:00.254+0000] {logging_mixin.py:151} INFO - [2023-09-27T11:31:00.254+0000] {dag.py:2915} INFO - Sync 1 DAGs
[2023-09-27T11:31:00.266+0000] {logging_mixin.py:151} INFO - [2023-09-27T11:31:00.266+0000] {dag.py:3696} INFO - Setting next_dagrun for example_dag_decorator to None, run_after=None
[2023-09-27T11:31:00.291+0000] {processor.py:179} INFO - Processing /usr/local/lib/python3.10/dist-packages/airflow/example_dags/example_dag_decorator.py took 0.211 seconds
[2023-09-27T11:31:47.901+0000] {processor.py:157} INFO - Started process (PID=6313) to work on /usr/local/lib/python3.10/dist-packages/airflow/example_dags/example_dag_decorator.py
[2023-09-27T11:31:47.902+0000] {processor.py:829} INFO - Processing file /usr/local/lib/python3.10/dist-packages/airflow/example_dags/example_dag_decorator.py for tasks to queue
[2023-09-27T11:31:47.903+0000] {logging_mixin.py:151} INFO - [2023-09-27T11:31:47.903+0000] {dagbag.py:539} INFO - Filling up the DagBag from /usr/local/lib/python3.10/dist-packages/airflow/example_dags/example_dag_decorator.py
[2023-09-27T11:31:47.917+0000] {processor.py:839} INFO - DAG(s) dict_keys(['example_dag_decorator']) retrieved from /usr/local/lib/python3.10/dist-packages/airflow/example_dags/example_dag_decorator.py
[2023-09-27T11:31:48.042+0000] {logging_mixin.py:151} INFO - [2023-09-27T11:31:48.042+0000] {security.py:708} INFO - Not syncing DAG-level permissions for DAG 'DAG:example_dag_decorator' as access control is unset.
[2023-09-27T11:31:48.043+0000] {logging_mixin.py:151} INFO - [2023-09-27T11:31:48.043+0000] {dag.py:2915} INFO - Sync 1 DAGs
[2023-09-27T11:31:48.055+0000] {logging_mixin.py:151} INFO - [2023-09-27T11:31:48.055+0000] {dag.py:3696} INFO - Setting next_dagrun for example_dag_decorator to None, run_after=None
[2023-09-27T11:31:48.081+0000] {processor.py:179} INFO - Processing /usr/local/lib/python3.10/dist-packages/airflow/example_dags/example_dag_decorator.py took 0.183 seconds
[2023-09-27T11:32:33.483+0000] {processor.py:157} INFO - Started process (PID=6362) to work on /usr/local/lib/python3.10/dist-packages/airflow/example_dags/example_dag_decorator.py
[2023-09-27T11:32:33.484+0000] {processor.py:829} INFO - Processing file /usr/local/lib/python3.10/dist-packages/airflow/example_dags/example_dag_decorator.py for tasks to queue
[2023-09-27T11:32:33.485+0000] {logging_mixin.py:151} INFO - [2023-09-27T11:32:33.485+0000] {dagbag.py:539} INFO - Filling up the DagBag from /usr/local/lib/python3.10/dist-packages/airflow/example_dags/example_dag_decorator.py
[2023-09-27T11:32:33.499+0000] {processor.py:839} INFO - DAG(s) dict_keys(['example_dag_decorator']) retrieved from /usr/local/lib/python3.10/dist-packages/airflow/example_dags/example_dag_decorator.py
[2023-09-27T11:32:33.601+0000] {logging_mixin.py:151} INFO - [2023-09-27T11:32:33.601+0000] {security.py:708} INFO - Not syncing DAG-level permissions for DAG 'DAG:example_dag_decorator' as access control is unset.
[2023-09-27T11:32:33.601+0000] {logging_mixin.py:151} INFO - [2023-09-27T11:32:33.601+0000] {dag.py:2915} INFO - Sync 1 DAGs
[2023-09-27T11:32:33.612+0000] {logging_mixin.py:151} INFO - [2023-09-27T11:32:33.612+0000] {dag.py:3696} INFO - Setting next_dagrun for example_dag_decorator to None, run_after=None
[2023-09-27T11:32:33.635+0000] {processor.py:179} INFO - Processing /usr/local/lib/python3.10/dist-packages/airflow/example_dags/example_dag_decorator.py took 0.158 seconds
[2023-09-27T11:33:20.033+0000] {processor.py:157} INFO - Started process (PID=6412) to work on /usr/local/lib/python3.10/dist-packages/airflow/example_dags/example_dag_decorator.py
[2023-09-27T11:33:20.034+0000] {processor.py:829} INFO - Processing file /usr/local/lib/python3.10/dist-packages/airflow/example_dags/example_dag_decorator.py for tasks to queue
[2023-09-27T11:33:20.035+0000] {logging_mixin.py:151} INFO - [2023-09-27T11:33:20.035+0000] {dagbag.py:539} INFO - Filling up the DagBag from /usr/local/lib/python3.10/dist-packages/airflow/example_dags/example_dag_decorator.py
[2023-09-27T11:33:20.048+0000] {processor.py:839} INFO - DAG(s) dict_keys(['example_dag_decorator']) retrieved from /usr/local/lib/python3.10/dist-packages/airflow/example_dags/example_dag_decorator.py
[2023-09-27T11:33:20.160+0000] {logging_mixin.py:151} INFO - [2023-09-27T11:33:20.160+0000] {security.py:708} INFO - Not syncing DAG-level permissions for DAG 'DAG:example_dag_decorator' as access control is unset.
[2023-09-27T11:33:20.160+0000] {logging_mixin.py:151} INFO - [2023-09-27T11:33:20.160+0000] {dag.py:2915} INFO - Sync 1 DAGs
[2023-09-27T11:33:20.170+0000] {logging_mixin.py:151} INFO - [2023-09-27T11:33:20.170+0000] {dag.py:3696} INFO - Setting next_dagrun for example_dag_decorator to None, run_after=None
[2023-09-27T11:33:20.202+0000] {processor.py:179} INFO - Processing /usr/local/lib/python3.10/dist-packages/airflow/example_dags/example_dag_decorator.py took 0.172 seconds
[2023-09-27T11:34:09.756+0000] {processor.py:157} INFO - Started process (PID=6464) to work on /usr/local/lib/python3.10/dist-packages/airflow/example_dags/example_dag_decorator.py
[2023-09-27T11:34:09.757+0000] {processor.py:829} INFO - Processing file /usr/local/lib/python3.10/dist-packages/airflow/example_dags/example_dag_decorator.py for tasks to queue
[2023-09-27T11:34:09.758+0000] {logging_mixin.py:151} INFO - [2023-09-27T11:34:09.757+0000] {dagbag.py:539} INFO - Filling up the DagBag from /usr/local/lib/python3.10/dist-packages/airflow/example_dags/example_dag_decorator.py
[2023-09-27T11:34:09.771+0000] {processor.py:839} INFO - DAG(s) dict_keys(['example_dag_decorator']) retrieved from /usr/local/lib/python3.10/dist-packages/airflow/example_dags/example_dag_decorator.py
[2023-09-27T11:34:09.869+0000] {logging_mixin.py:151} INFO - [2023-09-27T11:34:09.869+0000] {security.py:708} INFO - Not syncing DAG-level permissions for DAG 'DAG:example_dag_decorator' as access control is unset.
[2023-09-27T11:34:09.869+0000] {logging_mixin.py:151} INFO - [2023-09-27T11:34:09.869+0000] {dag.py:2915} INFO - Sync 1 DAGs
[2023-09-27T11:34:09.878+0000] {logging_mixin.py:151} INFO - [2023-09-27T11:34:09.878+0000] {dag.py:3696} INFO - Setting next_dagrun for example_dag_decorator to None, run_after=None
[2023-09-27T11:34:09.904+0000] {processor.py:179} INFO - Processing /usr/local/lib/python3.10/dist-packages/airflow/example_dags/example_dag_decorator.py took 0.151 seconds
[2023-09-27T11:34:59.907+0000] {processor.py:157} INFO - Started process (PID=6518) to work on /usr/local/lib/python3.10/dist-packages/airflow/example_dags/example_dag_decorator.py
[2023-09-27T11:34:59.909+0000] {processor.py:829} INFO - Processing file /usr/local/lib/python3.10/dist-packages/airflow/example_dags/example_dag_decorator.py for tasks to queue
[2023-09-27T11:34:59.910+0000] {logging_mixin.py:151} INFO - [2023-09-27T11:34:59.910+0000] {dagbag.py:539} INFO - Filling up the DagBag from /usr/local/lib/python3.10/dist-packages/airflow/example_dags/example_dag_decorator.py
[2023-09-27T11:34:59.923+0000] {processor.py:839} INFO - DAG(s) dict_keys(['example_dag_decorator']) retrieved from /usr/local/lib/python3.10/dist-packages/airflow/example_dags/example_dag_decorator.py
[2023-09-27T11:35:00.098+0000] {logging_mixin.py:151} INFO - [2023-09-27T11:35:00.098+0000] {security.py:708} INFO - Not syncing DAG-level permissions for DAG 'DAG:example_dag_decorator' as access control is unset.
[2023-09-27T11:35:00.099+0000] {logging_mixin.py:151} INFO - [2023-09-27T11:35:00.099+0000] {dag.py:2915} INFO - Sync 1 DAGs
[2023-09-27T11:35:00.109+0000] {logging_mixin.py:151} INFO - [2023-09-27T11:35:00.109+0000] {dag.py:3696} INFO - Setting next_dagrun for example_dag_decorator to None, run_after=None
[2023-09-27T11:35:00.138+0000] {processor.py:179} INFO - Processing /usr/local/lib/python3.10/dist-packages/airflow/example_dags/example_dag_decorator.py took 0.234 seconds
[2023-09-27T11:35:48.912+0000] {processor.py:157} INFO - Started process (PID=6575) to work on /usr/local/lib/python3.10/dist-packages/airflow/example_dags/example_dag_decorator.py
[2023-09-27T11:35:48.914+0000] {processor.py:829} INFO - Processing file /usr/local/lib/python3.10/dist-packages/airflow/example_dags/example_dag_decorator.py for tasks to queue
[2023-09-27T11:35:48.915+0000] {logging_mixin.py:151} INFO - [2023-09-27T11:35:48.914+0000] {dagbag.py:539} INFO - Filling up the DagBag from /usr/local/lib/python3.10/dist-packages/airflow/example_dags/example_dag_decorator.py
[2023-09-27T11:35:48.928+0000] {processor.py:839} INFO - DAG(s) dict_keys(['example_dag_decorator']) retrieved from /usr/local/lib/python3.10/dist-packages/airflow/example_dags/example_dag_decorator.py
[2023-09-27T11:35:49.022+0000] {logging_mixin.py:151} INFO - [2023-09-27T11:35:49.022+0000] {security.py:708} INFO - Not syncing DAG-level permissions for DAG 'DAG:example_dag_decorator' as access control is unset.
[2023-09-27T11:35:49.022+0000] {logging_mixin.py:151} INFO - [2023-09-27T11:35:49.022+0000] {dag.py:2915} INFO - Sync 1 DAGs
[2023-09-27T11:35:49.033+0000] {logging_mixin.py:151} INFO - [2023-09-27T11:35:49.032+0000] {dag.py:3696} INFO - Setting next_dagrun for example_dag_decorator to None, run_after=None
[2023-09-27T11:35:49.054+0000] {processor.py:179} INFO - Processing /usr/local/lib/python3.10/dist-packages/airflow/example_dags/example_dag_decorator.py took 0.145 seconds
[2023-09-27T11:36:39.347+0000] {processor.py:157} INFO - Started process (PID=6695) to work on /usr/local/lib/python3.10/dist-packages/airflow/example_dags/example_dag_decorator.py
[2023-09-27T11:36:39.348+0000] {processor.py:829} INFO - Processing file /usr/local/lib/python3.10/dist-packages/airflow/example_dags/example_dag_decorator.py for tasks to queue
[2023-09-27T11:36:39.349+0000] {logging_mixin.py:151} INFO - [2023-09-27T11:36:39.349+0000] {dagbag.py:539} INFO - Filling up the DagBag from /usr/local/lib/python3.10/dist-packages/airflow/example_dags/example_dag_decorator.py
[2023-09-27T11:36:39.361+0000] {processor.py:839} INFO - DAG(s) dict_keys(['example_dag_decorator']) retrieved from /usr/local/lib/python3.10/dist-packages/airflow/example_dags/example_dag_decorator.py
[2023-09-27T11:36:39.452+0000] {logging_mixin.py:151} INFO - [2023-09-27T11:36:39.452+0000] {security.py:708} INFO - Not syncing DAG-level permissions for DAG 'DAG:example_dag_decorator' as access control is unset.
[2023-09-27T11:36:39.453+0000] {logging_mixin.py:151} INFO - [2023-09-27T11:36:39.452+0000] {dag.py:2915} INFO - Sync 1 DAGs
[2023-09-27T11:36:39.461+0000] {logging_mixin.py:151} INFO - [2023-09-27T11:36:39.460+0000] {dag.py:3696} INFO - Setting next_dagrun for example_dag_decorator to None, run_after=None
[2023-09-27T11:36:39.482+0000] {processor.py:179} INFO - Processing /usr/local/lib/python3.10/dist-packages/airflow/example_dags/example_dag_decorator.py took 0.139 seconds
[2023-09-27T11:37:26.356+0000] {processor.py:157} INFO - Started process (PID=6744) to work on /usr/local/lib/python3.10/dist-packages/airflow/example_dags/example_dag_decorator.py
[2023-09-27T11:37:26.357+0000] {processor.py:829} INFO - Processing file /usr/local/lib/python3.10/dist-packages/airflow/example_dags/example_dag_decorator.py for tasks to queue
[2023-09-27T11:37:26.358+0000] {logging_mixin.py:151} INFO - [2023-09-27T11:37:26.357+0000] {dagbag.py:539} INFO - Filling up the DagBag from /usr/local/lib/python3.10/dist-packages/airflow/example_dags/example_dag_decorator.py
[2023-09-27T11:37:26.370+0000] {processor.py:839} INFO - DAG(s) dict_keys(['example_dag_decorator']) retrieved from /usr/local/lib/python3.10/dist-packages/airflow/example_dags/example_dag_decorator.py
[2023-09-27T11:37:26.463+0000] {logging_mixin.py:151} INFO - [2023-09-27T11:37:26.463+0000] {security.py:708} INFO - Not syncing DAG-level permissions for DAG 'DAG:example_dag_decorator' as access control is unset.
[2023-09-27T11:37:26.464+0000] {logging_mixin.py:151} INFO - [2023-09-27T11:37:26.464+0000] {dag.py:2915} INFO - Sync 1 DAGs
[2023-09-27T11:37:26.472+0000] {logging_mixin.py:151} INFO - [2023-09-27T11:37:26.472+0000] {dag.py:3696} INFO - Setting next_dagrun for example_dag_decorator to None, run_after=None
[2023-09-27T11:37:26.493+0000] {processor.py:179} INFO - Processing /usr/local/lib/python3.10/dist-packages/airflow/example_dags/example_dag_decorator.py took 0.141 seconds
