[2023-09-29T07:22:34.379+0000] {processor.py:157} INFO - Started process (PID=12203) to work on /home/ubuntu/airflow_venv/lib/python3.10/site-packages/airflow/example_dags/example_setup_teardown_taskflow.py
[2023-09-29T07:22:34.384+0000] {processor.py:829} INFO - Processing file /home/ubuntu/airflow_venv/lib/python3.10/site-packages/airflow/example_dags/example_setup_teardown_taskflow.py for tasks to queue
[2023-09-29T07:22:34.387+0000] {logging_mixin.py:151} INFO - [2023-09-29T07:22:34.385+0000] {dagbag.py:539} INFO - Filling up the DagBag from /home/ubuntu/airflow_venv/lib/python3.10/site-packages/airflow/example_dags/example_setup_teardown_taskflow.py
[2023-09-29T07:22:34.405+0000] {processor.py:839} INFO - DAG(s) dict_keys(['example_setup_teardown_taskflow']) retrieved from /home/ubuntu/airflow_venv/lib/python3.10/site-packages/airflow/example_dags/example_setup_teardown_taskflow.py
[2023-09-29T07:22:34.446+0000] {logging_mixin.py:151} INFO - [2023-09-29T07:22:34.446+0000] {dag.py:2915} INFO - Sync 1 DAGs
[2023-09-29T07:22:34.478+0000] {logging_mixin.py:151} INFO - [2023-09-29T07:22:34.478+0000] {dag.py:3696} INFO - Setting next_dagrun for example_setup_teardown_taskflow to 2023-09-28T07:22:34.478367+00:00, run_after=2023-09-29T07:22:34.478367+00:00
[2023-09-29T07:22:34.501+0000] {processor.py:179} INFO - Processing /home/ubuntu/airflow_venv/lib/python3.10/site-packages/airflow/example_dags/example_setup_teardown_taskflow.py took 0.125 seconds
[2023-09-29T07:23:26.094+0000] {processor.py:157} INFO - Started process (PID=12396) to work on /home/ubuntu/airflow_venv/lib/python3.10/site-packages/airflow/example_dags/example_setup_teardown_taskflow.py
[2023-09-29T07:23:26.095+0000] {processor.py:829} INFO - Processing file /home/ubuntu/airflow_venv/lib/python3.10/site-packages/airflow/example_dags/example_setup_teardown_taskflow.py for tasks to queue
[2023-09-29T07:23:26.096+0000] {logging_mixin.py:151} INFO - [2023-09-29T07:23:26.095+0000] {dagbag.py:539} INFO - Filling up the DagBag from /home/ubuntu/airflow_venv/lib/python3.10/site-packages/airflow/example_dags/example_setup_teardown_taskflow.py
[2023-09-29T07:23:26.106+0000] {processor.py:839} INFO - DAG(s) dict_keys(['example_setup_teardown_taskflow']) retrieved from /home/ubuntu/airflow_venv/lib/python3.10/site-packages/airflow/example_dags/example_setup_teardown_taskflow.py
[2023-09-29T07:23:26.122+0000] {logging_mixin.py:151} INFO - [2023-09-29T07:23:26.122+0000] {dag.py:2915} INFO - Sync 1 DAGs
[2023-09-29T07:23:26.313+0000] {logging_mixin.py:151} INFO - [2023-09-29T07:23:26.312+0000] {dag.py:3696} INFO - Setting next_dagrun for example_setup_teardown_taskflow to 2023-09-28T07:23:26.312231+00:00, run_after=2023-09-29T07:23:26.312231+00:00
[2023-09-29T07:23:26.341+0000] {processor.py:179} INFO - Processing /home/ubuntu/airflow_venv/lib/python3.10/site-packages/airflow/example_dags/example_setup_teardown_taskflow.py took 0.250 seconds
[2023-09-29T07:28:32.935+0000] {processor.py:157} INFO - Started process (PID=12878) to work on /home/ubuntu/airflow_venv/lib/python3.10/site-packages/airflow/example_dags/example_setup_teardown_taskflow.py
[2023-09-29T07:28:32.936+0000] {processor.py:829} INFO - Processing file /home/ubuntu/airflow_venv/lib/python3.10/site-packages/airflow/example_dags/example_setup_teardown_taskflow.py for tasks to queue
[2023-09-29T07:28:32.937+0000] {logging_mixin.py:151} INFO - [2023-09-29T07:28:32.937+0000] {dagbag.py:539} INFO - Filling up the DagBag from /home/ubuntu/airflow_venv/lib/python3.10/site-packages/airflow/example_dags/example_setup_teardown_taskflow.py
[2023-09-29T07:28:32.948+0000] {processor.py:839} INFO - DAG(s) dict_keys(['example_setup_teardown_taskflow']) retrieved from /home/ubuntu/airflow_venv/lib/python3.10/site-packages/airflow/example_dags/example_setup_teardown_taskflow.py
[2023-09-29T07:28:32.968+0000] {logging_mixin.py:151} INFO - [2023-09-29T07:28:32.968+0000] {dag.py:2915} INFO - Sync 1 DAGs
[2023-09-29T07:28:32.989+0000] {logging_mixin.py:151} INFO - [2023-09-29T07:28:32.988+0000] {dag.py:3696} INFO - Setting next_dagrun for example_setup_teardown_taskflow to 2023-09-28T07:28:32.988696+00:00, run_after=2023-09-29T07:28:32.988696+00:00
[2023-09-29T07:28:33.013+0000] {processor.py:179} INFO - Processing /home/ubuntu/airflow_venv/lib/python3.10/site-packages/airflow/example_dags/example_setup_teardown_taskflow.py took 0.081 seconds
[2023-09-29T07:29:29.605+0000] {processor.py:157} INFO - Started process (PID=12936) to work on /home/ubuntu/airflow_venv/lib/python3.10/site-packages/airflow/example_dags/example_setup_teardown_taskflow.py
[2023-09-29T07:29:29.607+0000] {processor.py:829} INFO - Processing file /home/ubuntu/airflow_venv/lib/python3.10/site-packages/airflow/example_dags/example_setup_teardown_taskflow.py for tasks to queue
[2023-09-29T07:29:29.608+0000] {logging_mixin.py:151} INFO - [2023-09-29T07:29:29.607+0000] {dagbag.py:539} INFO - Filling up the DagBag from /home/ubuntu/airflow_venv/lib/python3.10/site-packages/airflow/example_dags/example_setup_teardown_taskflow.py
[2023-09-29T07:29:29.633+0000] {processor.py:839} INFO - DAG(s) dict_keys(['example_setup_teardown_taskflow']) retrieved from /home/ubuntu/airflow_venv/lib/python3.10/site-packages/airflow/example_dags/example_setup_teardown_taskflow.py
[2023-09-29T07:29:29.666+0000] {logging_mixin.py:151} INFO - [2023-09-29T07:29:29.666+0000] {dag.py:2915} INFO - Sync 1 DAGs
[2023-09-29T07:29:29.692+0000] {logging_mixin.py:151} INFO - [2023-09-29T07:29:29.692+0000] {dag.py:3696} INFO - Setting next_dagrun for example_setup_teardown_taskflow to 2023-09-28T07:29:29.691891+00:00, run_after=2023-09-29T07:29:29.691891+00:00
[2023-09-29T07:29:29.721+0000] {processor.py:179} INFO - Processing /home/ubuntu/airflow_venv/lib/python3.10/site-packages/airflow/example_dags/example_setup_teardown_taskflow.py took 0.125 seconds
[2023-09-29T07:30:25.174+0000] {processor.py:157} INFO - Started process (PID=12992) to work on /home/ubuntu/airflow_venv/lib/python3.10/site-packages/airflow/example_dags/example_setup_teardown_taskflow.py
[2023-09-29T07:30:25.176+0000] {processor.py:829} INFO - Processing file /home/ubuntu/airflow_venv/lib/python3.10/site-packages/airflow/example_dags/example_setup_teardown_taskflow.py for tasks to queue
[2023-09-29T07:30:25.177+0000] {logging_mixin.py:151} INFO - [2023-09-29T07:30:25.176+0000] {dagbag.py:539} INFO - Filling up the DagBag from /home/ubuntu/airflow_venv/lib/python3.10/site-packages/airflow/example_dags/example_setup_teardown_taskflow.py
[2023-09-29T07:30:25.188+0000] {processor.py:839} INFO - DAG(s) dict_keys(['example_setup_teardown_taskflow']) retrieved from /home/ubuntu/airflow_venv/lib/python3.10/site-packages/airflow/example_dags/example_setup_teardown_taskflow.py
[2023-09-29T07:30:25.205+0000] {logging_mixin.py:151} INFO - [2023-09-29T07:30:25.205+0000] {dag.py:2915} INFO - Sync 1 DAGs
[2023-09-29T07:30:25.231+0000] {logging_mixin.py:151} INFO - [2023-09-29T07:30:25.231+0000] {dag.py:3696} INFO - Setting next_dagrun for example_setup_teardown_taskflow to 2023-09-28T07:30:25.231292+00:00, run_after=2023-09-29T07:30:25.231292+00:00
[2023-09-29T07:30:25.258+0000] {processor.py:179} INFO - Processing /home/ubuntu/airflow_venv/lib/python3.10/site-packages/airflow/example_dags/example_setup_teardown_taskflow.py took 0.088 seconds
[2023-09-29T07:31:18.670+0000] {processor.py:157} INFO - Started process (PID=13053) to work on /home/ubuntu/airflow_venv/lib/python3.10/site-packages/airflow/example_dags/example_setup_teardown_taskflow.py
[2023-09-29T07:31:18.671+0000] {processor.py:829} INFO - Processing file /home/ubuntu/airflow_venv/lib/python3.10/site-packages/airflow/example_dags/example_setup_teardown_taskflow.py for tasks to queue
[2023-09-29T07:31:18.672+0000] {logging_mixin.py:151} INFO - [2023-09-29T07:31:18.671+0000] {dagbag.py:539} INFO - Filling up the DagBag from /home/ubuntu/airflow_venv/lib/python3.10/site-packages/airflow/example_dags/example_setup_teardown_taskflow.py
[2023-09-29T07:31:18.683+0000] {processor.py:839} INFO - DAG(s) dict_keys(['example_setup_teardown_taskflow']) retrieved from /home/ubuntu/airflow_venv/lib/python3.10/site-packages/airflow/example_dags/example_setup_teardown_taskflow.py
[2023-09-29T07:31:18.700+0000] {logging_mixin.py:151} INFO - [2023-09-29T07:31:18.699+0000] {dag.py:2915} INFO - Sync 1 DAGs
[2023-09-29T07:31:18.718+0000] {logging_mixin.py:151} INFO - [2023-09-29T07:31:18.718+0000] {dag.py:3696} INFO - Setting next_dagrun for example_setup_teardown_taskflow to 2023-09-28T07:31:18.718543+00:00, run_after=2023-09-29T07:31:18.718543+00:00
[2023-09-29T07:31:18.741+0000] {processor.py:179} INFO - Processing /home/ubuntu/airflow_venv/lib/python3.10/site-packages/airflow/example_dags/example_setup_teardown_taskflow.py took 0.074 seconds
[2023-09-29T07:43:26.550+0000] {processor.py:157} INFO - Started process (PID=1217) to work on /home/ubuntu/airflow_venv/lib/python3.10/site-packages/airflow/example_dags/example_setup_teardown_taskflow.py
[2023-09-29T07:43:26.551+0000] {processor.py:829} INFO - Processing file /home/ubuntu/airflow_venv/lib/python3.10/site-packages/airflow/example_dags/example_setup_teardown_taskflow.py for tasks to queue
[2023-09-29T07:43:26.552+0000] {logging_mixin.py:151} INFO - [2023-09-29T07:43:26.552+0000] {dagbag.py:539} INFO - Filling up the DagBag from /home/ubuntu/airflow_venv/lib/python3.10/site-packages/airflow/example_dags/example_setup_teardown_taskflow.py
[2023-09-29T07:43:26.563+0000] {processor.py:839} INFO - DAG(s) dict_keys(['example_setup_teardown_taskflow']) retrieved from /home/ubuntu/airflow_venv/lib/python3.10/site-packages/airflow/example_dags/example_setup_teardown_taskflow.py
[2023-09-29T07:43:26.581+0000] {logging_mixin.py:151} INFO - [2023-09-29T07:43:26.581+0000] {dag.py:2915} INFO - Sync 1 DAGs
[2023-09-29T07:43:26.598+0000] {logging_mixin.py:151} INFO - [2023-09-29T07:43:26.598+0000] {dag.py:3696} INFO - Setting next_dagrun for example_setup_teardown_taskflow to 2023-09-28T07:43:26.597981+00:00, run_after=2023-09-29T07:43:26.597981+00:00
[2023-09-29T07:43:26.616+0000] {processor.py:179} INFO - Processing /home/ubuntu/airflow_venv/lib/python3.10/site-packages/airflow/example_dags/example_setup_teardown_taskflow.py took 0.069 seconds
[2023-09-29T07:44:17.952+0000] {processor.py:157} INFO - Started process (PID=1265) to work on /home/ubuntu/airflow_venv/lib/python3.10/site-packages/airflow/example_dags/example_setup_teardown_taskflow.py
[2023-09-29T07:44:17.953+0000] {processor.py:829} INFO - Processing file /home/ubuntu/airflow_venv/lib/python3.10/site-packages/airflow/example_dags/example_setup_teardown_taskflow.py for tasks to queue
[2023-09-29T07:44:17.954+0000] {logging_mixin.py:151} INFO - [2023-09-29T07:44:17.954+0000] {dagbag.py:539} INFO - Filling up the DagBag from /home/ubuntu/airflow_venv/lib/python3.10/site-packages/airflow/example_dags/example_setup_teardown_taskflow.py
[2023-09-29T07:44:17.964+0000] {processor.py:839} INFO - DAG(s) dict_keys(['example_setup_teardown_taskflow']) retrieved from /home/ubuntu/airflow_venv/lib/python3.10/site-packages/airflow/example_dags/example_setup_teardown_taskflow.py
[2023-09-29T07:44:17.982+0000] {logging_mixin.py:151} INFO - [2023-09-29T07:44:17.982+0000] {dag.py:2915} INFO - Sync 1 DAGs
[2023-09-29T07:44:18.162+0000] {logging_mixin.py:151} INFO - [2023-09-29T07:44:18.162+0000] {dag.py:3696} INFO - Setting next_dagrun for example_setup_teardown_taskflow to 2023-09-28T07:44:18.162214+00:00, run_after=2023-09-29T07:44:18.162214+00:00
[2023-09-29T07:44:18.185+0000] {processor.py:179} INFO - Processing /home/ubuntu/airflow_venv/lib/python3.10/site-packages/airflow/example_dags/example_setup_teardown_taskflow.py took 0.236 seconds
[2023-09-29T07:45:13.885+0000] {processor.py:157} INFO - Started process (PID=1581) to work on /home/ubuntu/airflow_venv/lib/python3.10/site-packages/airflow/example_dags/example_setup_teardown_taskflow.py
[2023-09-29T07:45:13.887+0000] {processor.py:829} INFO - Processing file /home/ubuntu/airflow_venv/lib/python3.10/site-packages/airflow/example_dags/example_setup_teardown_taskflow.py for tasks to queue
[2023-09-29T07:45:13.888+0000] {logging_mixin.py:151} INFO - [2023-09-29T07:45:13.888+0000] {dagbag.py:539} INFO - Filling up the DagBag from /home/ubuntu/airflow_venv/lib/python3.10/site-packages/airflow/example_dags/example_setup_teardown_taskflow.py
[2023-09-29T07:45:14.374+0000] {processor.py:839} INFO - DAG(s) dict_keys(['example_setup_teardown_taskflow']) retrieved from /home/ubuntu/airflow_venv/lib/python3.10/site-packages/airflow/example_dags/example_setup_teardown_taskflow.py
[2023-09-29T07:45:14.410+0000] {logging_mixin.py:151} INFO - [2023-09-29T07:45:14.409+0000] {dag.py:2915} INFO - Sync 1 DAGs
[2023-09-29T07:45:14.433+0000] {logging_mixin.py:151} INFO - [2023-09-29T07:45:14.433+0000] {dag.py:3696} INFO - Setting next_dagrun for example_setup_teardown_taskflow to 2023-09-28T07:45:14.433353+00:00, run_after=2023-09-29T07:45:14.433353+00:00
[2023-09-29T07:45:14.461+0000] {processor.py:179} INFO - Processing /home/ubuntu/airflow_venv/lib/python3.10/site-packages/airflow/example_dags/example_setup_teardown_taskflow.py took 0.580 seconds
[2023-09-29T07:55:21.211+0000] {processor.py:157} INFO - Started process (PID=1341) to work on /home/ubuntu/airflow_venv/lib/python3.10/site-packages/airflow/example_dags/example_setup_teardown_taskflow.py
[2023-09-29T07:55:21.213+0000] {processor.py:829} INFO - Processing file /home/ubuntu/airflow_venv/lib/python3.10/site-packages/airflow/example_dags/example_setup_teardown_taskflow.py for tasks to queue
[2023-09-29T07:55:21.213+0000] {logging_mixin.py:151} INFO - [2023-09-29T07:55:21.213+0000] {dagbag.py:539} INFO - Filling up the DagBag from /home/ubuntu/airflow_venv/lib/python3.10/site-packages/airflow/example_dags/example_setup_teardown_taskflow.py
[2023-09-29T07:55:21.224+0000] {processor.py:839} INFO - DAG(s) dict_keys(['example_setup_teardown_taskflow']) retrieved from /home/ubuntu/airflow_venv/lib/python3.10/site-packages/airflow/example_dags/example_setup_teardown_taskflow.py
[2023-09-29T07:55:21.243+0000] {logging_mixin.py:151} INFO - [2023-09-29T07:55:21.242+0000] {dag.py:2915} INFO - Sync 1 DAGs
[2023-09-29T07:55:21.261+0000] {logging_mixin.py:151} INFO - [2023-09-29T07:55:21.261+0000] {dag.py:3696} INFO - Setting next_dagrun for example_setup_teardown_taskflow to 2023-09-28T07:55:21.261310+00:00, run_after=2023-09-29T07:55:21.261310+00:00
[2023-09-29T07:55:21.282+0000] {processor.py:179} INFO - Processing /home/ubuntu/airflow_venv/lib/python3.10/site-packages/airflow/example_dags/example_setup_teardown_taskflow.py took 0.073 seconds
[2023-09-29T07:56:17.962+0000] {processor.py:157} INFO - Started process (PID=1395) to work on /home/ubuntu/airflow_venv/lib/python3.10/site-packages/airflow/example_dags/example_setup_teardown_taskflow.py
[2023-09-29T07:56:17.963+0000] {processor.py:829} INFO - Processing file /home/ubuntu/airflow_venv/lib/python3.10/site-packages/airflow/example_dags/example_setup_teardown_taskflow.py for tasks to queue
[2023-09-29T07:56:17.964+0000] {logging_mixin.py:151} INFO - [2023-09-29T07:56:17.963+0000] {dagbag.py:539} INFO - Filling up the DagBag from /home/ubuntu/airflow_venv/lib/python3.10/site-packages/airflow/example_dags/example_setup_teardown_taskflow.py
[2023-09-29T07:56:17.973+0000] {processor.py:839} INFO - DAG(s) dict_keys(['example_setup_teardown_taskflow']) retrieved from /home/ubuntu/airflow_venv/lib/python3.10/site-packages/airflow/example_dags/example_setup_teardown_taskflow.py
[2023-09-29T07:56:17.990+0000] {logging_mixin.py:151} INFO - [2023-09-29T07:56:17.990+0000] {dag.py:2915} INFO - Sync 1 DAGs
[2023-09-29T07:56:18.152+0000] {logging_mixin.py:151} INFO - [2023-09-29T07:56:18.152+0000] {dag.py:3696} INFO - Setting next_dagrun for example_setup_teardown_taskflow to 2023-09-28T07:56:18.151827+00:00, run_after=2023-09-29T07:56:18.151827+00:00
[2023-09-29T07:56:18.171+0000] {processor.py:179} INFO - Processing /home/ubuntu/airflow_venv/lib/python3.10/site-packages/airflow/example_dags/example_setup_teardown_taskflow.py took 0.212 seconds
[2023-09-29T07:57:13.515+0000] {processor.py:157} INFO - Started process (PID=1443) to work on /home/ubuntu/airflow_venv/lib/python3.10/site-packages/airflow/example_dags/example_setup_teardown_taskflow.py
[2023-09-29T07:57:13.516+0000] {processor.py:829} INFO - Processing file /home/ubuntu/airflow_venv/lib/python3.10/site-packages/airflow/example_dags/example_setup_teardown_taskflow.py for tasks to queue
[2023-09-29T07:57:13.517+0000] {logging_mixin.py:151} INFO - [2023-09-29T07:57:13.517+0000] {dagbag.py:539} INFO - Filling up the DagBag from /home/ubuntu/airflow_venv/lib/python3.10/site-packages/airflow/example_dags/example_setup_teardown_taskflow.py
[2023-09-29T07:57:13.664+0000] {processor.py:839} INFO - DAG(s) dict_keys(['example_setup_teardown_taskflow']) retrieved from /home/ubuntu/airflow_venv/lib/python3.10/site-packages/airflow/example_dags/example_setup_teardown_taskflow.py
[2023-09-29T07:57:13.676+0000] {logging_mixin.py:151} INFO - [2023-09-29T07:57:13.676+0000] {dag.py:2915} INFO - Sync 1 DAGs
[2023-09-29T07:57:13.691+0000] {logging_mixin.py:151} INFO - [2023-09-29T07:57:13.691+0000] {dag.py:3696} INFO - Setting next_dagrun for example_setup_teardown_taskflow to 2023-09-28T07:57:13.691200+00:00, run_after=2023-09-29T07:57:13.691200+00:00
[2023-09-29T07:57:13.711+0000] {processor.py:179} INFO - Processing /home/ubuntu/airflow_venv/lib/python3.10/site-packages/airflow/example_dags/example_setup_teardown_taskflow.py took 0.199 seconds
[2023-09-29T07:58:00.274+0000] {processor.py:157} INFO - Started process (PID=1489) to work on /home/ubuntu/airflow_venv/lib/python3.10/site-packages/airflow/example_dags/example_setup_teardown_taskflow.py
[2023-09-29T07:58:00.275+0000] {processor.py:829} INFO - Processing file /home/ubuntu/airflow_venv/lib/python3.10/site-packages/airflow/example_dags/example_setup_teardown_taskflow.py for tasks to queue
[2023-09-29T07:58:00.276+0000] {logging_mixin.py:151} INFO - [2023-09-29T07:58:00.275+0000] {dagbag.py:539} INFO - Filling up the DagBag from /home/ubuntu/airflow_venv/lib/python3.10/site-packages/airflow/example_dags/example_setup_teardown_taskflow.py
[2023-09-29T07:58:00.286+0000] {processor.py:839} INFO - DAG(s) dict_keys(['example_setup_teardown_taskflow']) retrieved from /home/ubuntu/airflow_venv/lib/python3.10/site-packages/airflow/example_dags/example_setup_teardown_taskflow.py
[2023-09-29T07:58:00.303+0000] {logging_mixin.py:151} INFO - [2023-09-29T07:58:00.302+0000] {dag.py:2915} INFO - Sync 1 DAGs
[2023-09-29T07:58:00.322+0000] {logging_mixin.py:151} INFO - [2023-09-29T07:58:00.322+0000] {dag.py:3696} INFO - Setting next_dagrun for example_setup_teardown_taskflow to 2023-09-28T07:58:00.322234+00:00, run_after=2023-09-29T07:58:00.322234+00:00
[2023-09-29T07:58:00.342+0000] {processor.py:179} INFO - Processing /home/ubuntu/airflow_venv/lib/python3.10/site-packages/airflow/example_dags/example_setup_teardown_taskflow.py took 0.072 seconds
[2023-09-29T07:58:52.303+0000] {processor.py:157} INFO - Started process (PID=1542) to work on /home/ubuntu/airflow_venv/lib/python3.10/site-packages/airflow/example_dags/example_setup_teardown_taskflow.py
[2023-09-29T07:58:52.304+0000] {processor.py:829} INFO - Processing file /home/ubuntu/airflow_venv/lib/python3.10/site-packages/airflow/example_dags/example_setup_teardown_taskflow.py for tasks to queue
[2023-09-29T07:58:52.305+0000] {logging_mixin.py:151} INFO - [2023-09-29T07:58:52.304+0000] {dagbag.py:539} INFO - Filling up the DagBag from /home/ubuntu/airflow_venv/lib/python3.10/site-packages/airflow/example_dags/example_setup_teardown_taskflow.py
[2023-09-29T07:58:52.316+0000] {processor.py:839} INFO - DAG(s) dict_keys(['example_setup_teardown_taskflow']) retrieved from /home/ubuntu/airflow_venv/lib/python3.10/site-packages/airflow/example_dags/example_setup_teardown_taskflow.py
[2023-09-29T07:58:52.338+0000] {logging_mixin.py:151} INFO - [2023-09-29T07:58:52.336+0000] {dag.py:2915} INFO - Sync 1 DAGs
[2023-09-29T07:58:52.360+0000] {logging_mixin.py:151} INFO - [2023-09-29T07:58:52.360+0000] {dag.py:3696} INFO - Setting next_dagrun for example_setup_teardown_taskflow to 2023-09-28T07:58:52.360374+00:00, run_after=2023-09-29T07:58:52.360374+00:00
[2023-09-29T07:58:52.382+0000] {processor.py:179} INFO - Processing /home/ubuntu/airflow_venv/lib/python3.10/site-packages/airflow/example_dags/example_setup_teardown_taskflow.py took 0.084 seconds
[2023-09-29T07:59:45.512+0000] {processor.py:157} INFO - Started process (PID=1603) to work on /home/ubuntu/airflow_venv/lib/python3.10/site-packages/airflow/example_dags/example_setup_teardown_taskflow.py
[2023-09-29T07:59:45.513+0000] {processor.py:829} INFO - Processing file /home/ubuntu/airflow_venv/lib/python3.10/site-packages/airflow/example_dags/example_setup_teardown_taskflow.py for tasks to queue
[2023-09-29T07:59:45.514+0000] {logging_mixin.py:151} INFO - [2023-09-29T07:59:45.514+0000] {dagbag.py:539} INFO - Filling up the DagBag from /home/ubuntu/airflow_venv/lib/python3.10/site-packages/airflow/example_dags/example_setup_teardown_taskflow.py
[2023-09-29T07:59:45.524+0000] {processor.py:839} INFO - DAG(s) dict_keys(['example_setup_teardown_taskflow']) retrieved from /home/ubuntu/airflow_venv/lib/python3.10/site-packages/airflow/example_dags/example_setup_teardown_taskflow.py
[2023-09-29T07:59:45.540+0000] {logging_mixin.py:151} INFO - [2023-09-29T07:59:45.540+0000] {dag.py:2915} INFO - Sync 1 DAGs
[2023-09-29T07:59:45.560+0000] {logging_mixin.py:151} INFO - [2023-09-29T07:59:45.559+0000] {dag.py:3696} INFO - Setting next_dagrun for example_setup_teardown_taskflow to 2023-09-28T07:59:45.559556+00:00, run_after=2023-09-29T07:59:45.559556+00:00
[2023-09-29T07:59:45.582+0000] {processor.py:179} INFO - Processing /home/ubuntu/airflow_venv/lib/python3.10/site-packages/airflow/example_dags/example_setup_teardown_taskflow.py took 0.073 seconds
[2023-09-29T08:01:02.363+0000] {processor.py:157} INFO - Started process (PID=1678) to work on /home/ubuntu/airflow_venv/lib/python3.10/site-packages/airflow/example_dags/example_setup_teardown_taskflow.py
[2023-09-29T08:01:02.364+0000] {processor.py:829} INFO - Processing file /home/ubuntu/airflow_venv/lib/python3.10/site-packages/airflow/example_dags/example_setup_teardown_taskflow.py for tasks to queue
[2023-09-29T08:01:02.365+0000] {logging_mixin.py:151} INFO - [2023-09-29T08:01:02.365+0000] {dagbag.py:539} INFO - Filling up the DagBag from /home/ubuntu/airflow_venv/lib/python3.10/site-packages/airflow/example_dags/example_setup_teardown_taskflow.py
[2023-09-29T08:01:02.378+0000] {processor.py:839} INFO - DAG(s) dict_keys(['example_setup_teardown_taskflow']) retrieved from /home/ubuntu/airflow_venv/lib/python3.10/site-packages/airflow/example_dags/example_setup_teardown_taskflow.py
[2023-09-29T08:01:02.397+0000] {logging_mixin.py:151} INFO - [2023-09-29T08:01:02.396+0000] {dag.py:2915} INFO - Sync 1 DAGs
[2023-09-29T08:01:02.435+0000] {logging_mixin.py:151} INFO - [2023-09-29T08:01:02.434+0000] {dag.py:3696} INFO - Setting next_dagrun for example_setup_teardown_taskflow to 2023-09-28T08:01:02.434468+00:00, run_after=2023-09-29T08:01:02.434468+00:00
[2023-09-29T08:01:02.461+0000] {processor.py:179} INFO - Processing /home/ubuntu/airflow_venv/lib/python3.10/site-packages/airflow/example_dags/example_setup_teardown_taskflow.py took 0.101 seconds
[2023-09-29T08:01:51.900+0000] {processor.py:157} INFO - Started process (PID=1727) to work on /home/ubuntu/airflow_venv/lib/python3.10/site-packages/airflow/example_dags/example_setup_teardown_taskflow.py
[2023-09-29T08:01:51.901+0000] {processor.py:829} INFO - Processing file /home/ubuntu/airflow_venv/lib/python3.10/site-packages/airflow/example_dags/example_setup_teardown_taskflow.py for tasks to queue
[2023-09-29T08:01:51.902+0000] {logging_mixin.py:151} INFO - [2023-09-29T08:01:51.902+0000] {dagbag.py:539} INFO - Filling up the DagBag from /home/ubuntu/airflow_venv/lib/python3.10/site-packages/airflow/example_dags/example_setup_teardown_taskflow.py
[2023-09-29T08:01:51.912+0000] {processor.py:839} INFO - DAG(s) dict_keys(['example_setup_teardown_taskflow']) retrieved from /home/ubuntu/airflow_venv/lib/python3.10/site-packages/airflow/example_dags/example_setup_teardown_taskflow.py
[2023-09-29T08:01:51.928+0000] {logging_mixin.py:151} INFO - [2023-09-29T08:01:51.928+0000] {dag.py:2915} INFO - Sync 1 DAGs
[2023-09-29T08:01:51.945+0000] {logging_mixin.py:151} INFO - [2023-09-29T08:01:51.945+0000] {dag.py:3696} INFO - Setting next_dagrun for example_setup_teardown_taskflow to 2023-09-28T08:01:51.945307+00:00, run_after=2023-09-29T08:01:51.945307+00:00
[2023-09-29T08:01:51.965+0000] {processor.py:179} INFO - Processing /home/ubuntu/airflow_venv/lib/python3.10/site-packages/airflow/example_dags/example_setup_teardown_taskflow.py took 0.067 seconds
[2023-09-29T08:02:46.650+0000] {processor.py:157} INFO - Started process (PID=1784) to work on /home/ubuntu/airflow_venv/lib/python3.10/site-packages/airflow/example_dags/example_setup_teardown_taskflow.py
[2023-09-29T08:02:46.652+0000] {processor.py:829} INFO - Processing file /home/ubuntu/airflow_venv/lib/python3.10/site-packages/airflow/example_dags/example_setup_teardown_taskflow.py for tasks to queue
[2023-09-29T08:02:46.653+0000] {logging_mixin.py:151} INFO - [2023-09-29T08:02:46.652+0000] {dagbag.py:539} INFO - Filling up the DagBag from /home/ubuntu/airflow_venv/lib/python3.10/site-packages/airflow/example_dags/example_setup_teardown_taskflow.py
[2023-09-29T08:02:46.671+0000] {processor.py:839} INFO - DAG(s) dict_keys(['example_setup_teardown_taskflow']) retrieved from /home/ubuntu/airflow_venv/lib/python3.10/site-packages/airflow/example_dags/example_setup_teardown_taskflow.py
[2023-09-29T08:02:46.704+0000] {logging_mixin.py:151} INFO - [2023-09-29T08:02:46.704+0000] {dag.py:2915} INFO - Sync 1 DAGs
[2023-09-29T08:02:46.747+0000] {logging_mixin.py:151} INFO - [2023-09-29T08:02:46.746+0000] {dag.py:3696} INFO - Setting next_dagrun for example_setup_teardown_taskflow to 2023-09-28T08:02:46.746728+00:00, run_after=2023-09-29T08:02:46.746728+00:00
[2023-09-29T08:02:46.786+0000] {processor.py:179} INFO - Processing /home/ubuntu/airflow_venv/lib/python3.10/site-packages/airflow/example_dags/example_setup_teardown_taskflow.py took 0.139 seconds
[2023-09-29T08:03:38.707+0000] {processor.py:157} INFO - Started process (PID=1836) to work on /home/ubuntu/airflow_venv/lib/python3.10/site-packages/airflow/example_dags/example_setup_teardown_taskflow.py
[2023-09-29T08:03:38.709+0000] {processor.py:829} INFO - Processing file /home/ubuntu/airflow_venv/lib/python3.10/site-packages/airflow/example_dags/example_setup_teardown_taskflow.py for tasks to queue
[2023-09-29T08:03:38.710+0000] {logging_mixin.py:151} INFO - [2023-09-29T08:03:38.709+0000] {dagbag.py:539} INFO - Filling up the DagBag from /home/ubuntu/airflow_venv/lib/python3.10/site-packages/airflow/example_dags/example_setup_teardown_taskflow.py
[2023-09-29T08:03:38.722+0000] {processor.py:839} INFO - DAG(s) dict_keys(['example_setup_teardown_taskflow']) retrieved from /home/ubuntu/airflow_venv/lib/python3.10/site-packages/airflow/example_dags/example_setup_teardown_taskflow.py
[2023-09-29T08:03:38.748+0000] {logging_mixin.py:151} INFO - [2023-09-29T08:03:38.748+0000] {dag.py:2915} INFO - Sync 1 DAGs
[2023-09-29T08:03:38.771+0000] {logging_mixin.py:151} INFO - [2023-09-29T08:03:38.771+0000] {dag.py:3696} INFO - Setting next_dagrun for example_setup_teardown_taskflow to 2023-09-28T08:03:38.770827+00:00, run_after=2023-09-29T08:03:38.770827+00:00
[2023-09-29T08:03:38.795+0000] {processor.py:179} INFO - Processing /home/ubuntu/airflow_venv/lib/python3.10/site-packages/airflow/example_dags/example_setup_teardown_taskflow.py took 0.091 seconds
[2023-09-29T08:04:30.769+0000] {processor.py:157} INFO - Started process (PID=1890) to work on /home/ubuntu/airflow_venv/lib/python3.10/site-packages/airflow/example_dags/example_setup_teardown_taskflow.py
[2023-09-29T08:04:30.770+0000] {processor.py:829} INFO - Processing file /home/ubuntu/airflow_venv/lib/python3.10/site-packages/airflow/example_dags/example_setup_teardown_taskflow.py for tasks to queue
[2023-09-29T08:04:30.771+0000] {logging_mixin.py:151} INFO - [2023-09-29T08:04:30.771+0000] {dagbag.py:539} INFO - Filling up the DagBag from /home/ubuntu/airflow_venv/lib/python3.10/site-packages/airflow/example_dags/example_setup_teardown_taskflow.py
[2023-09-29T08:04:30.783+0000] {processor.py:839} INFO - DAG(s) dict_keys(['example_setup_teardown_taskflow']) retrieved from /home/ubuntu/airflow_venv/lib/python3.10/site-packages/airflow/example_dags/example_setup_teardown_taskflow.py
[2023-09-29T08:04:30.803+0000] {logging_mixin.py:151} INFO - [2023-09-29T08:04:30.802+0000] {dag.py:2915} INFO - Sync 1 DAGs
[2023-09-29T08:04:30.826+0000] {logging_mixin.py:151} INFO - [2023-09-29T08:04:30.825+0000] {dag.py:3696} INFO - Setting next_dagrun for example_setup_teardown_taskflow to 2023-09-28T08:04:30.825607+00:00, run_after=2023-09-29T08:04:30.825607+00:00
[2023-09-29T08:04:30.852+0000] {processor.py:179} INFO - Processing /home/ubuntu/airflow_venv/lib/python3.10/site-packages/airflow/example_dags/example_setup_teardown_taskflow.py took 0.086 seconds
[2023-09-29T08:05:19.817+0000] {processor.py:157} INFO - Started process (PID=1942) to work on /home/ubuntu/airflow_venv/lib/python3.10/site-packages/airflow/example_dags/example_setup_teardown_taskflow.py
[2023-09-29T08:05:19.818+0000] {processor.py:829} INFO - Processing file /home/ubuntu/airflow_venv/lib/python3.10/site-packages/airflow/example_dags/example_setup_teardown_taskflow.py for tasks to queue
[2023-09-29T08:05:19.819+0000] {logging_mixin.py:151} INFO - [2023-09-29T08:05:19.818+0000] {dagbag.py:539} INFO - Filling up the DagBag from /home/ubuntu/airflow_venv/lib/python3.10/site-packages/airflow/example_dags/example_setup_teardown_taskflow.py
[2023-09-29T08:05:19.830+0000] {processor.py:839} INFO - DAG(s) dict_keys(['example_setup_teardown_taskflow']) retrieved from /home/ubuntu/airflow_venv/lib/python3.10/site-packages/airflow/example_dags/example_setup_teardown_taskflow.py
[2023-09-29T08:05:19.847+0000] {logging_mixin.py:151} INFO - [2023-09-29T08:05:19.847+0000] {dag.py:2915} INFO - Sync 1 DAGs
[2023-09-29T08:05:19.866+0000] {logging_mixin.py:151} INFO - [2023-09-29T08:05:19.866+0000] {dag.py:3696} INFO - Setting next_dagrun for example_setup_teardown_taskflow to 2023-09-28T08:05:19.866067+00:00, run_after=2023-09-29T08:05:19.866067+00:00
[2023-09-29T08:05:19.887+0000] {processor.py:179} INFO - Processing /home/ubuntu/airflow_venv/lib/python3.10/site-packages/airflow/example_dags/example_setup_teardown_taskflow.py took 0.073 seconds
[2023-09-29T08:06:16.074+0000] {processor.py:157} INFO - Started process (PID=1997) to work on /home/ubuntu/airflow_venv/lib/python3.10/site-packages/airflow/example_dags/example_setup_teardown_taskflow.py
[2023-09-29T08:06:16.076+0000] {processor.py:829} INFO - Processing file /home/ubuntu/airflow_venv/lib/python3.10/site-packages/airflow/example_dags/example_setup_teardown_taskflow.py for tasks to queue
[2023-09-29T08:06:16.076+0000] {logging_mixin.py:151} INFO - [2023-09-29T08:06:16.076+0000] {dagbag.py:539} INFO - Filling up the DagBag from /home/ubuntu/airflow_venv/lib/python3.10/site-packages/airflow/example_dags/example_setup_teardown_taskflow.py
[2023-09-29T08:06:16.086+0000] {processor.py:839} INFO - DAG(s) dict_keys(['example_setup_teardown_taskflow']) retrieved from /home/ubuntu/airflow_venv/lib/python3.10/site-packages/airflow/example_dags/example_setup_teardown_taskflow.py
[2023-09-29T08:06:16.108+0000] {logging_mixin.py:151} INFO - [2023-09-29T08:06:16.107+0000] {dag.py:2915} INFO - Sync 1 DAGs
[2023-09-29T08:06:16.128+0000] {logging_mixin.py:151} INFO - [2023-09-29T08:06:16.127+0000] {dag.py:3696} INFO - Setting next_dagrun for example_setup_teardown_taskflow to 2023-09-28T08:06:16.127581+00:00, run_after=2023-09-29T08:06:16.127581+00:00
[2023-09-29T08:06:16.146+0000] {processor.py:179} INFO - Processing /home/ubuntu/airflow_venv/lib/python3.10/site-packages/airflow/example_dags/example_setup_teardown_taskflow.py took 0.075 seconds
[2023-09-29T08:07:05.182+0000] {processor.py:157} INFO - Started process (PID=2048) to work on /home/ubuntu/airflow_venv/lib/python3.10/site-packages/airflow/example_dags/example_setup_teardown_taskflow.py
[2023-09-29T08:07:05.184+0000] {processor.py:829} INFO - Processing file /home/ubuntu/airflow_venv/lib/python3.10/site-packages/airflow/example_dags/example_setup_teardown_taskflow.py for tasks to queue
[2023-09-29T08:07:05.185+0000] {logging_mixin.py:151} INFO - [2023-09-29T08:07:05.184+0000] {dagbag.py:539} INFO - Filling up the DagBag from /home/ubuntu/airflow_venv/lib/python3.10/site-packages/airflow/example_dags/example_setup_teardown_taskflow.py
[2023-09-29T08:07:05.207+0000] {processor.py:839} INFO - DAG(s) dict_keys(['example_setup_teardown_taskflow']) retrieved from /home/ubuntu/airflow_venv/lib/python3.10/site-packages/airflow/example_dags/example_setup_teardown_taskflow.py
[2023-09-29T08:07:05.239+0000] {logging_mixin.py:151} INFO - [2023-09-29T08:07:05.239+0000] {dag.py:2915} INFO - Sync 1 DAGs
[2023-09-29T08:07:05.267+0000] {logging_mixin.py:151} INFO - [2023-09-29T08:07:05.266+0000] {dag.py:3696} INFO - Setting next_dagrun for example_setup_teardown_taskflow to 2023-09-28T08:07:05.266697+00:00, run_after=2023-09-29T08:07:05.266697+00:00
[2023-09-29T08:07:05.314+0000] {processor.py:179} INFO - Processing /home/ubuntu/airflow_venv/lib/python3.10/site-packages/airflow/example_dags/example_setup_teardown_taskflow.py took 0.135 seconds
[2023-09-29T08:07:54.017+0000] {processor.py:157} INFO - Started process (PID=2310) to work on /home/ubuntu/airflow_venv/lib/python3.10/site-packages/airflow/example_dags/example_setup_teardown_taskflow.py
[2023-09-29T08:07:54.018+0000] {processor.py:829} INFO - Processing file /home/ubuntu/airflow_venv/lib/python3.10/site-packages/airflow/example_dags/example_setup_teardown_taskflow.py for tasks to queue
[2023-09-29T08:07:54.019+0000] {logging_mixin.py:151} INFO - [2023-09-29T08:07:54.019+0000] {dagbag.py:539} INFO - Filling up the DagBag from /home/ubuntu/airflow_venv/lib/python3.10/site-packages/airflow/example_dags/example_setup_teardown_taskflow.py
[2023-09-29T08:07:54.046+0000] {processor.py:839} INFO - DAG(s) dict_keys(['example_setup_teardown_taskflow']) retrieved from /home/ubuntu/airflow_venv/lib/python3.10/site-packages/airflow/example_dags/example_setup_teardown_taskflow.py
[2023-09-29T08:07:54.079+0000] {logging_mixin.py:151} INFO - [2023-09-29T08:07:54.079+0000] {dag.py:2915} INFO - Sync 1 DAGs
[2023-09-29T08:07:54.105+0000] {logging_mixin.py:151} INFO - [2023-09-29T08:07:54.105+0000] {dag.py:3696} INFO - Setting next_dagrun for example_setup_teardown_taskflow to 2023-09-28T08:07:54.105426+00:00, run_after=2023-09-29T08:07:54.105426+00:00
[2023-09-29T08:07:54.130+0000] {processor.py:179} INFO - Processing /home/ubuntu/airflow_venv/lib/python3.10/site-packages/airflow/example_dags/example_setup_teardown_taskflow.py took 0.116 seconds
[2023-09-29T08:08:48.487+0000] {processor.py:157} INFO - Started process (PID=2365) to work on /home/ubuntu/airflow_venv/lib/python3.10/site-packages/airflow/example_dags/example_setup_teardown_taskflow.py
[2023-09-29T08:08:48.488+0000] {processor.py:829} INFO - Processing file /home/ubuntu/airflow_venv/lib/python3.10/site-packages/airflow/example_dags/example_setup_teardown_taskflow.py for tasks to queue
[2023-09-29T08:08:48.489+0000] {logging_mixin.py:151} INFO - [2023-09-29T08:08:48.489+0000] {dagbag.py:539} INFO - Filling up the DagBag from /home/ubuntu/airflow_venv/lib/python3.10/site-packages/airflow/example_dags/example_setup_teardown_taskflow.py
[2023-09-29T08:08:48.499+0000] {processor.py:839} INFO - DAG(s) dict_keys(['example_setup_teardown_taskflow']) retrieved from /home/ubuntu/airflow_venv/lib/python3.10/site-packages/airflow/example_dags/example_setup_teardown_taskflow.py
[2023-09-29T08:08:48.516+0000] {logging_mixin.py:151} INFO - [2023-09-29T08:08:48.516+0000] {dag.py:2915} INFO - Sync 1 DAGs
[2023-09-29T08:08:48.542+0000] {logging_mixin.py:151} INFO - [2023-09-29T08:08:48.542+0000] {dag.py:3696} INFO - Setting next_dagrun for example_setup_teardown_taskflow to 2023-09-28T08:08:48.541826+00:00, run_after=2023-09-29T08:08:48.541826+00:00
[2023-09-29T08:08:48.562+0000] {processor.py:179} INFO - Processing /home/ubuntu/airflow_venv/lib/python3.10/site-packages/airflow/example_dags/example_setup_teardown_taskflow.py took 0.079 seconds
