[2023-09-29T07:22:28.042+0000] {processor.py:157} INFO - Started process (PID=12197) to work on /home/ubuntu/airflow_venv/lib/python3.10/site-packages/airflow/example_dags/example_short_circuit_decorator.py
[2023-09-29T07:22:28.043+0000] {processor.py:829} INFO - Processing file /home/ubuntu/airflow_venv/lib/python3.10/site-packages/airflow/example_dags/example_short_circuit_decorator.py for tasks to queue
[2023-09-29T07:22:28.044+0000] {logging_mixin.py:151} INFO - [2023-09-29T07:22:28.044+0000] {dagbag.py:539} INFO - Filling up the DagBag from /home/ubuntu/airflow_venv/lib/python3.10/site-packages/airflow/example_dags/example_short_circuit_decorator.py
[2023-09-29T07:22:28.054+0000] {processor.py:839} INFO - DAG(s) dict_keys(['example_short_circuit_decorator']) retrieved from /home/ubuntu/airflow_venv/lib/python3.10/site-packages/airflow/example_dags/example_short_circuit_decorator.py
[2023-09-29T07:22:28.063+0000] {logging_mixin.py:151} INFO - [2023-09-29T07:22:28.063+0000] {dag.py:2915} INFO - Sync 1 DAGs
[2023-09-29T07:22:28.084+0000] {logging_mixin.py:151} INFO - [2023-09-29T07:22:28.084+0000] {dag.py:3696} INFO - Setting next_dagrun for example_short_circuit_decorator to 2023-09-28T07:22:28.083833+00:00, run_after=2023-09-29T07:22:28.083833+00:00
[2023-09-29T07:22:28.105+0000] {processor.py:179} INFO - Processing /home/ubuntu/airflow_venv/lib/python3.10/site-packages/airflow/example_dags/example_short_circuit_decorator.py took 0.066 seconds
[2023-09-29T07:23:18.399+0000] {processor.py:157} INFO - Started process (PID=12248) to work on /home/ubuntu/airflow_venv/lib/python3.10/site-packages/airflow/example_dags/example_short_circuit_decorator.py
[2023-09-29T07:23:18.400+0000] {processor.py:829} INFO - Processing file /home/ubuntu/airflow_venv/lib/python3.10/site-packages/airflow/example_dags/example_short_circuit_decorator.py for tasks to queue
[2023-09-29T07:23:18.401+0000] {logging_mixin.py:151} INFO - [2023-09-29T07:23:18.400+0000] {dagbag.py:539} INFO - Filling up the DagBag from /home/ubuntu/airflow_venv/lib/python3.10/site-packages/airflow/example_dags/example_short_circuit_decorator.py
[2023-09-29T07:23:18.412+0000] {processor.py:839} INFO - DAG(s) dict_keys(['example_short_circuit_decorator']) retrieved from /home/ubuntu/airflow_venv/lib/python3.10/site-packages/airflow/example_dags/example_short_circuit_decorator.py
[2023-09-29T07:23:18.431+0000] {logging_mixin.py:151} INFO - [2023-09-29T07:23:18.430+0000] {dag.py:2915} INFO - Sync 1 DAGs
[2023-09-29T07:23:18.598+0000] {logging_mixin.py:151} INFO - [2023-09-29T07:23:18.597+0000] {dag.py:3696} INFO - Setting next_dagrun for example_short_circuit_decorator to 2023-09-28T07:23:18.597596+00:00, run_after=2023-09-29T07:23:18.597596+00:00
[2023-09-29T07:23:18.621+0000] {processor.py:179} INFO - Processing /home/ubuntu/airflow_venv/lib/python3.10/site-packages/airflow/example_dags/example_short_circuit_decorator.py took 0.225 seconds
[2023-09-29T07:28:27.146+0000] {processor.py:157} INFO - Started process (PID=12872) to work on /home/ubuntu/airflow_venv/lib/python3.10/site-packages/airflow/example_dags/example_short_circuit_decorator.py
[2023-09-29T07:28:27.147+0000] {processor.py:829} INFO - Processing file /home/ubuntu/airflow_venv/lib/python3.10/site-packages/airflow/example_dags/example_short_circuit_decorator.py for tasks to queue
[2023-09-29T07:28:27.148+0000] {logging_mixin.py:151} INFO - [2023-09-29T07:28:27.147+0000] {dagbag.py:539} INFO - Filling up the DagBag from /home/ubuntu/airflow_venv/lib/python3.10/site-packages/airflow/example_dags/example_short_circuit_decorator.py
[2023-09-29T07:28:27.161+0000] {processor.py:839} INFO - DAG(s) dict_keys(['example_short_circuit_decorator']) retrieved from /home/ubuntu/airflow_venv/lib/python3.10/site-packages/airflow/example_dags/example_short_circuit_decorator.py
[2023-09-29T07:28:27.180+0000] {logging_mixin.py:151} INFO - [2023-09-29T07:28:27.179+0000] {dag.py:2915} INFO - Sync 1 DAGs
[2023-09-29T07:28:27.201+0000] {logging_mixin.py:151} INFO - [2023-09-29T07:28:27.201+0000] {dag.py:3696} INFO - Setting next_dagrun for example_short_circuit_decorator to 2023-09-28T07:28:27.200986+00:00, run_after=2023-09-29T07:28:27.200986+00:00
[2023-09-29T07:28:27.224+0000] {processor.py:179} INFO - Processing /home/ubuntu/airflow_venv/lib/python3.10/site-packages/airflow/example_dags/example_short_circuit_decorator.py took 0.082 seconds
[2023-09-29T07:29:13.663+0000] {processor.py:157} INFO - Started process (PID=12920) to work on /home/ubuntu/airflow_venv/lib/python3.10/site-packages/airflow/example_dags/example_short_circuit_decorator.py
[2023-09-29T07:29:13.665+0000] {processor.py:829} INFO - Processing file /home/ubuntu/airflow_venv/lib/python3.10/site-packages/airflow/example_dags/example_short_circuit_decorator.py for tasks to queue
[2023-09-29T07:29:13.666+0000] {logging_mixin.py:151} INFO - [2023-09-29T07:29:13.666+0000] {dagbag.py:539} INFO - Filling up the DagBag from /home/ubuntu/airflow_venv/lib/python3.10/site-packages/airflow/example_dags/example_short_circuit_decorator.py
[2023-09-29T07:29:13.688+0000] {processor.py:839} INFO - DAG(s) dict_keys(['example_short_circuit_decorator']) retrieved from /home/ubuntu/airflow_venv/lib/python3.10/site-packages/airflow/example_dags/example_short_circuit_decorator.py
[2023-09-29T07:29:13.731+0000] {logging_mixin.py:151} INFO - [2023-09-29T07:29:13.731+0000] {dag.py:2915} INFO - Sync 1 DAGs
[2023-09-29T07:29:13.766+0000] {logging_mixin.py:151} INFO - [2023-09-29T07:29:13.766+0000] {dag.py:3696} INFO - Setting next_dagrun for example_short_circuit_decorator to 2023-09-28T07:29:13.766152+00:00, run_after=2023-09-29T07:29:13.766152+00:00
[2023-09-29T07:29:13.795+0000] {processor.py:179} INFO - Processing /home/ubuntu/airflow_venv/lib/python3.10/site-packages/airflow/example_dags/example_short_circuit_decorator.py took 0.138 seconds
[2023-09-29T07:30:09.820+0000] {processor.py:157} INFO - Started process (PID=12977) to work on /home/ubuntu/airflow_venv/lib/python3.10/site-packages/airflow/example_dags/example_short_circuit_decorator.py
[2023-09-29T07:30:09.822+0000] {processor.py:829} INFO - Processing file /home/ubuntu/airflow_venv/lib/python3.10/site-packages/airflow/example_dags/example_short_circuit_decorator.py for tasks to queue
[2023-09-29T07:30:09.825+0000] {logging_mixin.py:151} INFO - [2023-09-29T07:30:09.824+0000] {dagbag.py:539} INFO - Filling up the DagBag from /home/ubuntu/airflow_venv/lib/python3.10/site-packages/airflow/example_dags/example_short_circuit_decorator.py
[2023-09-29T07:30:09.838+0000] {processor.py:839} INFO - DAG(s) dict_keys(['example_short_circuit_decorator']) retrieved from /home/ubuntu/airflow_venv/lib/python3.10/site-packages/airflow/example_dags/example_short_circuit_decorator.py
[2023-09-29T07:30:09.863+0000] {logging_mixin.py:151} INFO - [2023-09-29T07:30:09.863+0000] {dag.py:2915} INFO - Sync 1 DAGs
[2023-09-29T07:30:09.893+0000] {logging_mixin.py:151} INFO - [2023-09-29T07:30:09.893+0000] {dag.py:3696} INFO - Setting next_dagrun for example_short_circuit_decorator to 2023-09-28T07:30:09.893047+00:00, run_after=2023-09-29T07:30:09.893047+00:00
[2023-09-29T07:30:09.925+0000] {processor.py:179} INFO - Processing /home/ubuntu/airflow_venv/lib/python3.10/site-packages/airflow/example_dags/example_short_circuit_decorator.py took 0.111 seconds
[2023-09-29T07:31:04.956+0000] {processor.py:157} INFO - Started process (PID=13035) to work on /home/ubuntu/airflow_venv/lib/python3.10/site-packages/airflow/example_dags/example_short_circuit_decorator.py
[2023-09-29T07:31:04.957+0000] {processor.py:829} INFO - Processing file /home/ubuntu/airflow_venv/lib/python3.10/site-packages/airflow/example_dags/example_short_circuit_decorator.py for tasks to queue
[2023-09-29T07:31:04.958+0000] {logging_mixin.py:151} INFO - [2023-09-29T07:31:04.958+0000] {dagbag.py:539} INFO - Filling up the DagBag from /home/ubuntu/airflow_venv/lib/python3.10/site-packages/airflow/example_dags/example_short_circuit_decorator.py
[2023-09-29T07:31:04.968+0000] {processor.py:839} INFO - DAG(s) dict_keys(['example_short_circuit_decorator']) retrieved from /home/ubuntu/airflow_venv/lib/python3.10/site-packages/airflow/example_dags/example_short_circuit_decorator.py
[2023-09-29T07:31:04.985+0000] {logging_mixin.py:151} INFO - [2023-09-29T07:31:04.985+0000] {dag.py:2915} INFO - Sync 1 DAGs
[2023-09-29T07:31:05.003+0000] {logging_mixin.py:151} INFO - [2023-09-29T07:31:05.003+0000] {dag.py:3696} INFO - Setting next_dagrun for example_short_circuit_decorator to 2023-09-28T07:31:05.002949+00:00, run_after=2023-09-29T07:31:05.002949+00:00
[2023-09-29T07:31:05.024+0000] {processor.py:179} INFO - Processing /home/ubuntu/airflow_venv/lib/python3.10/site-packages/airflow/example_dags/example_short_circuit_decorator.py took 0.074 seconds
[2023-09-29T07:43:20.232+0000] {processor.py:157} INFO - Started process (PID=1211) to work on /home/ubuntu/airflow_venv/lib/python3.10/site-packages/airflow/example_dags/example_short_circuit_decorator.py
[2023-09-29T07:43:20.233+0000] {processor.py:829} INFO - Processing file /home/ubuntu/airflow_venv/lib/python3.10/site-packages/airflow/example_dags/example_short_circuit_decorator.py for tasks to queue
[2023-09-29T07:43:20.234+0000] {logging_mixin.py:151} INFO - [2023-09-29T07:43:20.234+0000] {dagbag.py:539} INFO - Filling up the DagBag from /home/ubuntu/airflow_venv/lib/python3.10/site-packages/airflow/example_dags/example_short_circuit_decorator.py
[2023-09-29T07:43:20.244+0000] {processor.py:839} INFO - DAG(s) dict_keys(['example_short_circuit_decorator']) retrieved from /home/ubuntu/airflow_venv/lib/python3.10/site-packages/airflow/example_dags/example_short_circuit_decorator.py
[2023-09-29T07:43:20.252+0000] {logging_mixin.py:151} INFO - [2023-09-29T07:43:20.252+0000] {dag.py:2915} INFO - Sync 1 DAGs
[2023-09-29T07:43:20.272+0000] {logging_mixin.py:151} INFO - [2023-09-29T07:43:20.272+0000] {dag.py:3696} INFO - Setting next_dagrun for example_short_circuit_decorator to 2023-09-28T07:43:20.272296+00:00, run_after=2023-09-29T07:43:20.272296+00:00
[2023-09-29T07:43:20.294+0000] {processor.py:179} INFO - Processing /home/ubuntu/airflow_venv/lib/python3.10/site-packages/airflow/example_dags/example_short_circuit_decorator.py took 0.069 seconds
[2023-09-29T07:44:11.446+0000] {processor.py:157} INFO - Started process (PID=1259) to work on /home/ubuntu/airflow_venv/lib/python3.10/site-packages/airflow/example_dags/example_short_circuit_decorator.py
[2023-09-29T07:44:11.448+0000] {processor.py:829} INFO - Processing file /home/ubuntu/airflow_venv/lib/python3.10/site-packages/airflow/example_dags/example_short_circuit_decorator.py for tasks to queue
[2023-09-29T07:44:11.449+0000] {logging_mixin.py:151} INFO - [2023-09-29T07:44:11.448+0000] {dagbag.py:539} INFO - Filling up the DagBag from /home/ubuntu/airflow_venv/lib/python3.10/site-packages/airflow/example_dags/example_short_circuit_decorator.py
[2023-09-29T07:44:11.468+0000] {processor.py:839} INFO - DAG(s) dict_keys(['example_short_circuit_decorator']) retrieved from /home/ubuntu/airflow_venv/lib/python3.10/site-packages/airflow/example_dags/example_short_circuit_decorator.py
[2023-09-29T07:44:11.500+0000] {logging_mixin.py:151} INFO - [2023-09-29T07:44:11.499+0000] {dag.py:2915} INFO - Sync 1 DAGs
[2023-09-29T07:44:11.760+0000] {logging_mixin.py:151} INFO - [2023-09-29T07:44:11.760+0000] {dag.py:3696} INFO - Setting next_dagrun for example_short_circuit_decorator to 2023-09-28T07:44:11.759980+00:00, run_after=2023-09-29T07:44:11.759980+00:00
[2023-09-29T07:44:11.792+0000] {processor.py:179} INFO - Processing /home/ubuntu/airflow_venv/lib/python3.10/site-packages/airflow/example_dags/example_short_circuit_decorator.py took 0.349 seconds
[2023-09-29T07:45:05.976+0000] {processor.py:157} INFO - Started process (PID=1309) to work on /home/ubuntu/airflow_venv/lib/python3.10/site-packages/airflow/example_dags/example_short_circuit_decorator.py
[2023-09-29T07:45:05.978+0000] {processor.py:829} INFO - Processing file /home/ubuntu/airflow_venv/lib/python3.10/site-packages/airflow/example_dags/example_short_circuit_decorator.py for tasks to queue
[2023-09-29T07:45:05.979+0000] {logging_mixin.py:151} INFO - [2023-09-29T07:45:05.979+0000] {dagbag.py:539} INFO - Filling up the DagBag from /home/ubuntu/airflow_venv/lib/python3.10/site-packages/airflow/example_dags/example_short_circuit_decorator.py
[2023-09-29T07:45:05.997+0000] {processor.py:839} INFO - DAG(s) dict_keys(['example_short_circuit_decorator']) retrieved from /home/ubuntu/airflow_venv/lib/python3.10/site-packages/airflow/example_dags/example_short_circuit_decorator.py
[2023-09-29T07:45:06.252+0000] {logging_mixin.py:151} INFO - [2023-09-29T07:45:06.251+0000] {dag.py:2915} INFO - Sync 1 DAGs
[2023-09-29T07:45:06.287+0000] {logging_mixin.py:151} INFO - [2023-09-29T07:45:06.287+0000] {dag.py:3696} INFO - Setting next_dagrun for example_short_circuit_decorator to 2023-09-28T07:45:06.287237+00:00, run_after=2023-09-29T07:45:06.287237+00:00
[2023-09-29T07:45:06.325+0000] {processor.py:179} INFO - Processing /home/ubuntu/airflow_venv/lib/python3.10/site-packages/airflow/example_dags/example_short_circuit_decorator.py took 0.354 seconds
[2023-09-29T07:55:15.649+0000] {processor.py:157} INFO - Started process (PID=1335) to work on /home/ubuntu/airflow_venv/lib/python3.10/site-packages/airflow/example_dags/example_short_circuit_decorator.py
[2023-09-29T07:55:15.651+0000] {processor.py:829} INFO - Processing file /home/ubuntu/airflow_venv/lib/python3.10/site-packages/airflow/example_dags/example_short_circuit_decorator.py for tasks to queue
[2023-09-29T07:55:15.652+0000] {logging_mixin.py:151} INFO - [2023-09-29T07:55:15.651+0000] {dagbag.py:539} INFO - Filling up the DagBag from /home/ubuntu/airflow_venv/lib/python3.10/site-packages/airflow/example_dags/example_short_circuit_decorator.py
[2023-09-29T07:55:15.682+0000] {processor.py:839} INFO - DAG(s) dict_keys(['example_short_circuit_decorator']) retrieved from /home/ubuntu/airflow_venv/lib/python3.10/site-packages/airflow/example_dags/example_short_circuit_decorator.py
[2023-09-29T07:55:15.735+0000] {logging_mixin.py:151} INFO - [2023-09-29T07:55:15.735+0000] {dag.py:2915} INFO - Sync 1 DAGs
[2023-09-29T07:55:15.767+0000] {logging_mixin.py:151} INFO - [2023-09-29T07:55:15.766+0000] {dag.py:3696} INFO - Setting next_dagrun for example_short_circuit_decorator to 2023-09-28T07:55:15.766654+00:00, run_after=2023-09-29T07:55:15.766654+00:00
[2023-09-29T07:55:15.787+0000] {processor.py:179} INFO - Processing /home/ubuntu/airflow_venv/lib/python3.10/site-packages/airflow/example_dags/example_short_circuit_decorator.py took 0.141 seconds
[2023-09-29T07:56:10.072+0000] {processor.py:157} INFO - Started process (PID=1389) to work on /home/ubuntu/airflow_venv/lib/python3.10/site-packages/airflow/example_dags/example_short_circuit_decorator.py
[2023-09-29T07:56:10.073+0000] {processor.py:829} INFO - Processing file /home/ubuntu/airflow_venv/lib/python3.10/site-packages/airflow/example_dags/example_short_circuit_decorator.py for tasks to queue
[2023-09-29T07:56:10.074+0000] {logging_mixin.py:151} INFO - [2023-09-29T07:56:10.073+0000] {dagbag.py:539} INFO - Filling up the DagBag from /home/ubuntu/airflow_venv/lib/python3.10/site-packages/airflow/example_dags/example_short_circuit_decorator.py
[2023-09-29T07:56:10.083+0000] {processor.py:839} INFO - DAG(s) dict_keys(['example_short_circuit_decorator']) retrieved from /home/ubuntu/airflow_venv/lib/python3.10/site-packages/airflow/example_dags/example_short_circuit_decorator.py
[2023-09-29T07:56:10.100+0000] {logging_mixin.py:151} INFO - [2023-09-29T07:56:10.100+0000] {dag.py:2915} INFO - Sync 1 DAGs
[2023-09-29T07:56:10.270+0000] {logging_mixin.py:151} INFO - [2023-09-29T07:56:10.270+0000] {dag.py:3696} INFO - Setting next_dagrun for example_short_circuit_decorator to 2023-09-28T07:56:10.270518+00:00, run_after=2023-09-29T07:56:10.270518+00:00
[2023-09-29T07:56:10.290+0000] {processor.py:179} INFO - Processing /home/ubuntu/airflow_venv/lib/python3.10/site-packages/airflow/example_dags/example_short_circuit_decorator.py took 0.221 seconds
[2023-09-29T07:57:06.892+0000] {processor.py:157} INFO - Started process (PID=1437) to work on /home/ubuntu/airflow_venv/lib/python3.10/site-packages/airflow/example_dags/example_short_circuit_decorator.py
[2023-09-29T07:57:06.893+0000] {processor.py:829} INFO - Processing file /home/ubuntu/airflow_venv/lib/python3.10/site-packages/airflow/example_dags/example_short_circuit_decorator.py for tasks to queue
[2023-09-29T07:57:06.893+0000] {logging_mixin.py:151} INFO - [2023-09-29T07:57:06.893+0000] {dagbag.py:539} INFO - Filling up the DagBag from /home/ubuntu/airflow_venv/lib/python3.10/site-packages/airflow/example_dags/example_short_circuit_decorator.py
[2023-09-29T07:57:06.903+0000] {processor.py:839} INFO - DAG(s) dict_keys(['example_short_circuit_decorator']) retrieved from /home/ubuntu/airflow_venv/lib/python3.10/site-packages/airflow/example_dags/example_short_circuit_decorator.py
[2023-09-29T07:57:07.061+0000] {logging_mixin.py:151} INFO - [2023-09-29T07:57:07.061+0000] {dag.py:2915} INFO - Sync 1 DAGs
[2023-09-29T07:57:07.077+0000] {logging_mixin.py:151} INFO - [2023-09-29T07:57:07.077+0000] {dag.py:3696} INFO - Setting next_dagrun for example_short_circuit_decorator to 2023-09-28T07:57:07.077001+00:00, run_after=2023-09-29T07:57:07.077001+00:00
[2023-09-29T07:57:07.097+0000] {processor.py:179} INFO - Processing /home/ubuntu/airflow_venv/lib/python3.10/site-packages/airflow/example_dags/example_short_circuit_decorator.py took 0.209 seconds
[2023-09-29T07:57:54.392+0000] {processor.py:157} INFO - Started process (PID=1483) to work on /home/ubuntu/airflow_venv/lib/python3.10/site-packages/airflow/example_dags/example_short_circuit_decorator.py
[2023-09-29T07:57:54.394+0000] {processor.py:829} INFO - Processing file /home/ubuntu/airflow_venv/lib/python3.10/site-packages/airflow/example_dags/example_short_circuit_decorator.py for tasks to queue
[2023-09-29T07:57:54.396+0000] {logging_mixin.py:151} INFO - [2023-09-29T07:57:54.395+0000] {dagbag.py:539} INFO - Filling up the DagBag from /home/ubuntu/airflow_venv/lib/python3.10/site-packages/airflow/example_dags/example_short_circuit_decorator.py
[2023-09-29T07:57:54.418+0000] {processor.py:839} INFO - DAG(s) dict_keys(['example_short_circuit_decorator']) retrieved from /home/ubuntu/airflow_venv/lib/python3.10/site-packages/airflow/example_dags/example_short_circuit_decorator.py
[2023-09-29T07:57:54.436+0000] {logging_mixin.py:151} INFO - [2023-09-29T07:57:54.436+0000] {dag.py:2915} INFO - Sync 1 DAGs
[2023-09-29T07:57:54.456+0000] {logging_mixin.py:151} INFO - [2023-09-29T07:57:54.456+0000] {dag.py:3696} INFO - Setting next_dagrun for example_short_circuit_decorator to 2023-09-28T07:57:54.455826+00:00, run_after=2023-09-29T07:57:54.455826+00:00
[2023-09-29T07:57:54.475+0000] {processor.py:179} INFO - Processing /home/ubuntu/airflow_venv/lib/python3.10/site-packages/airflow/example_dags/example_short_circuit_decorator.py took 0.088 seconds
[2023-09-29T07:58:36.275+0000] {processor.py:157} INFO - Started process (PID=1526) to work on /home/ubuntu/airflow_venv/lib/python3.10/site-packages/airflow/example_dags/example_short_circuit_decorator.py
[2023-09-29T07:58:36.277+0000] {processor.py:829} INFO - Processing file /home/ubuntu/airflow_venv/lib/python3.10/site-packages/airflow/example_dags/example_short_circuit_decorator.py for tasks to queue
[2023-09-29T07:58:36.277+0000] {logging_mixin.py:151} INFO - [2023-09-29T07:58:36.277+0000] {dagbag.py:539} INFO - Filling up the DagBag from /home/ubuntu/airflow_venv/lib/python3.10/site-packages/airflow/example_dags/example_short_circuit_decorator.py
[2023-09-29T07:58:36.287+0000] {processor.py:839} INFO - DAG(s) dict_keys(['example_short_circuit_decorator']) retrieved from /home/ubuntu/airflow_venv/lib/python3.10/site-packages/airflow/example_dags/example_short_circuit_decorator.py
[2023-09-29T07:58:36.304+0000] {logging_mixin.py:151} INFO - [2023-09-29T07:58:36.304+0000] {dag.py:2915} INFO - Sync 1 DAGs
[2023-09-29T07:58:36.322+0000] {logging_mixin.py:151} INFO - [2023-09-29T07:58:36.322+0000] {dag.py:3696} INFO - Setting next_dagrun for example_short_circuit_decorator to 2023-09-28T07:58:36.322241+00:00, run_after=2023-09-29T07:58:36.322241+00:00
[2023-09-29T07:58:36.342+0000] {processor.py:179} INFO - Processing /home/ubuntu/airflow_venv/lib/python3.10/site-packages/airflow/example_dags/example_short_circuit_decorator.py took 0.069 seconds
[2023-09-29T07:59:26.943+0000] {processor.py:157} INFO - Started process (PID=1582) to work on /home/ubuntu/airflow_venv/lib/python3.10/site-packages/airflow/example_dags/example_short_circuit_decorator.py
[2023-09-29T07:59:26.944+0000] {processor.py:829} INFO - Processing file /home/ubuntu/airflow_venv/lib/python3.10/site-packages/airflow/example_dags/example_short_circuit_decorator.py for tasks to queue
[2023-09-29T07:59:26.945+0000] {logging_mixin.py:151} INFO - [2023-09-29T07:59:26.945+0000] {dagbag.py:539} INFO - Filling up the DagBag from /home/ubuntu/airflow_venv/lib/python3.10/site-packages/airflow/example_dags/example_short_circuit_decorator.py
[2023-09-29T07:59:26.956+0000] {processor.py:839} INFO - DAG(s) dict_keys(['example_short_circuit_decorator']) retrieved from /home/ubuntu/airflow_venv/lib/python3.10/site-packages/airflow/example_dags/example_short_circuit_decorator.py
[2023-09-29T07:59:26.976+0000] {logging_mixin.py:151} INFO - [2023-09-29T07:59:26.976+0000] {dag.py:2915} INFO - Sync 1 DAGs
[2023-09-29T07:59:26.997+0000] {logging_mixin.py:151} INFO - [2023-09-29T07:59:26.996+0000] {dag.py:3696} INFO - Setting next_dagrun for example_short_circuit_decorator to 2023-09-28T07:59:26.996710+00:00, run_after=2023-09-29T07:59:26.996710+00:00
[2023-09-29T07:59:27.019+0000] {processor.py:179} INFO - Processing /home/ubuntu/airflow_venv/lib/python3.10/site-packages/airflow/example_dags/example_short_circuit_decorator.py took 0.080 seconds
[2023-09-29T08:00:36.910+0000] {processor.py:157} INFO - Started process (PID=1652) to work on /home/ubuntu/airflow_venv/lib/python3.10/site-packages/airflow/example_dags/example_short_circuit_decorator.py
[2023-09-29T08:00:36.913+0000] {processor.py:829} INFO - Processing file /home/ubuntu/airflow_venv/lib/python3.10/site-packages/airflow/example_dags/example_short_circuit_decorator.py for tasks to queue
[2023-09-29T08:00:36.916+0000] {logging_mixin.py:151} INFO - [2023-09-29T08:00:36.915+0000] {dagbag.py:539} INFO - Filling up the DagBag from /home/ubuntu/airflow_venv/lib/python3.10/site-packages/airflow/example_dags/example_short_circuit_decorator.py
[2023-09-29T08:00:36.936+0000] {processor.py:839} INFO - DAG(s) dict_keys(['example_short_circuit_decorator']) retrieved from /home/ubuntu/airflow_venv/lib/python3.10/site-packages/airflow/example_dags/example_short_circuit_decorator.py
[2023-09-29T08:00:36.966+0000] {logging_mixin.py:151} INFO - [2023-09-29T08:00:36.962+0000] {dag.py:2915} INFO - Sync 1 DAGs
[2023-09-29T08:00:36.989+0000] {logging_mixin.py:151} INFO - [2023-09-29T08:00:36.989+0000] {dag.py:3696} INFO - Setting next_dagrun for example_short_circuit_decorator to 2023-09-28T08:00:36.988775+00:00, run_after=2023-09-29T08:00:36.988775+00:00
[2023-09-29T08:00:37.014+0000] {processor.py:179} INFO - Processing /home/ubuntu/airflow_venv/lib/python3.10/site-packages/airflow/example_dags/example_short_circuit_decorator.py took 0.114 seconds
[2023-09-29T08:01:29.120+0000] {processor.py:157} INFO - Started process (PID=1704) to work on /home/ubuntu/airflow_venv/lib/python3.10/site-packages/airflow/example_dags/example_short_circuit_decorator.py
[2023-09-29T08:01:29.121+0000] {processor.py:829} INFO - Processing file /home/ubuntu/airflow_venv/lib/python3.10/site-packages/airflow/example_dags/example_short_circuit_decorator.py for tasks to queue
[2023-09-29T08:01:29.121+0000] {logging_mixin.py:151} INFO - [2023-09-29T08:01:29.121+0000] {dagbag.py:539} INFO - Filling up the DagBag from /home/ubuntu/airflow_venv/lib/python3.10/site-packages/airflow/example_dags/example_short_circuit_decorator.py
[2023-09-29T08:01:29.132+0000] {processor.py:839} INFO - DAG(s) dict_keys(['example_short_circuit_decorator']) retrieved from /home/ubuntu/airflow_venv/lib/python3.10/site-packages/airflow/example_dags/example_short_circuit_decorator.py
[2023-09-29T08:01:29.150+0000] {logging_mixin.py:151} INFO - [2023-09-29T08:01:29.150+0000] {dag.py:2915} INFO - Sync 1 DAGs
[2023-09-29T08:01:29.169+0000] {logging_mixin.py:151} INFO - [2023-09-29T08:01:29.169+0000] {dag.py:3696} INFO - Setting next_dagrun for example_short_circuit_decorator to 2023-09-28T08:01:29.169150+00:00, run_after=2023-09-29T08:01:29.169150+00:00
[2023-09-29T08:01:29.189+0000] {processor.py:179} INFO - Processing /home/ubuntu/airflow_venv/lib/python3.10/site-packages/airflow/example_dags/example_short_circuit_decorator.py took 0.072 seconds
[2023-09-29T08:02:25.915+0000] {processor.py:157} INFO - Started process (PID=1762) to work on /home/ubuntu/airflow_venv/lib/python3.10/site-packages/airflow/example_dags/example_short_circuit_decorator.py
[2023-09-29T08:02:25.916+0000] {processor.py:829} INFO - Processing file /home/ubuntu/airflow_venv/lib/python3.10/site-packages/airflow/example_dags/example_short_circuit_decorator.py for tasks to queue
[2023-09-29T08:02:25.917+0000] {logging_mixin.py:151} INFO - [2023-09-29T08:02:25.916+0000] {dagbag.py:539} INFO - Filling up the DagBag from /home/ubuntu/airflow_venv/lib/python3.10/site-packages/airflow/example_dags/example_short_circuit_decorator.py
[2023-09-29T08:02:25.929+0000] {processor.py:839} INFO - DAG(s) dict_keys(['example_short_circuit_decorator']) retrieved from /home/ubuntu/airflow_venv/lib/python3.10/site-packages/airflow/example_dags/example_short_circuit_decorator.py
[2023-09-29T08:02:25.947+0000] {logging_mixin.py:151} INFO - [2023-09-29T08:02:25.947+0000] {dag.py:2915} INFO - Sync 1 DAGs
[2023-09-29T08:02:25.968+0000] {logging_mixin.py:151} INFO - [2023-09-29T08:02:25.967+0000] {dag.py:3696} INFO - Setting next_dagrun for example_short_circuit_decorator to 2023-09-28T08:02:25.967750+00:00, run_after=2023-09-29T08:02:25.967750+00:00
[2023-09-29T08:02:25.990+0000] {processor.py:179} INFO - Processing /home/ubuntu/airflow_venv/lib/python3.10/site-packages/airflow/example_dags/example_short_circuit_decorator.py took 0.079 seconds
[2023-09-29T08:03:17.849+0000] {processor.py:157} INFO - Started process (PID=1815) to work on /home/ubuntu/airflow_venv/lib/python3.10/site-packages/airflow/example_dags/example_short_circuit_decorator.py
[2023-09-29T08:03:17.851+0000] {processor.py:829} INFO - Processing file /home/ubuntu/airflow_venv/lib/python3.10/site-packages/airflow/example_dags/example_short_circuit_decorator.py for tasks to queue
[2023-09-29T08:03:17.852+0000] {logging_mixin.py:151} INFO - [2023-09-29T08:03:17.852+0000] {dagbag.py:539} INFO - Filling up the DagBag from /home/ubuntu/airflow_venv/lib/python3.10/site-packages/airflow/example_dags/example_short_circuit_decorator.py
[2023-09-29T08:03:17.862+0000] {processor.py:839} INFO - DAG(s) dict_keys(['example_short_circuit_decorator']) retrieved from /home/ubuntu/airflow_venv/lib/python3.10/site-packages/airflow/example_dags/example_short_circuit_decorator.py
[2023-09-29T08:03:17.881+0000] {logging_mixin.py:151} INFO - [2023-09-29T08:03:17.881+0000] {dag.py:2915} INFO - Sync 1 DAGs
[2023-09-29T08:03:17.902+0000] {logging_mixin.py:151} INFO - [2023-09-29T08:03:17.902+0000] {dag.py:3696} INFO - Setting next_dagrun for example_short_circuit_decorator to 2023-09-28T08:03:17.902142+00:00, run_after=2023-09-29T08:03:17.902142+00:00
[2023-09-29T08:03:17.924+0000] {processor.py:179} INFO - Processing /home/ubuntu/airflow_venv/lib/python3.10/site-packages/airflow/example_dags/example_short_circuit_decorator.py took 0.078 seconds
[2023-09-29T08:04:09.757+0000] {processor.py:157} INFO - Started process (PID=1870) to work on /home/ubuntu/airflow_venv/lib/python3.10/site-packages/airflow/example_dags/example_short_circuit_decorator.py
[2023-09-29T08:04:09.758+0000] {processor.py:829} INFO - Processing file /home/ubuntu/airflow_venv/lib/python3.10/site-packages/airflow/example_dags/example_short_circuit_decorator.py for tasks to queue
[2023-09-29T08:04:09.759+0000] {logging_mixin.py:151} INFO - [2023-09-29T08:04:09.758+0000] {dagbag.py:539} INFO - Filling up the DagBag from /home/ubuntu/airflow_venv/lib/python3.10/site-packages/airflow/example_dags/example_short_circuit_decorator.py
[2023-09-29T08:04:09.768+0000] {processor.py:839} INFO - DAG(s) dict_keys(['example_short_circuit_decorator']) retrieved from /home/ubuntu/airflow_venv/lib/python3.10/site-packages/airflow/example_dags/example_short_circuit_decorator.py
[2023-09-29T08:04:09.786+0000] {logging_mixin.py:151} INFO - [2023-09-29T08:04:09.786+0000] {dag.py:2915} INFO - Sync 1 DAGs
[2023-09-29T08:04:09.818+0000] {logging_mixin.py:151} INFO - [2023-09-29T08:04:09.818+0000] {dag.py:3696} INFO - Setting next_dagrun for example_short_circuit_decorator to 2023-09-28T08:04:09.818312+00:00, run_after=2023-09-29T08:04:09.818312+00:00
[2023-09-29T08:04:09.840+0000] {processor.py:179} INFO - Processing /home/ubuntu/airflow_venv/lib/python3.10/site-packages/airflow/example_dags/example_short_circuit_decorator.py took 0.086 seconds
[2023-09-29T08:05:01.027+0000] {processor.py:157} INFO - Started process (PID=1923) to work on /home/ubuntu/airflow_venv/lib/python3.10/site-packages/airflow/example_dags/example_short_circuit_decorator.py
[2023-09-29T08:05:01.028+0000] {processor.py:829} INFO - Processing file /home/ubuntu/airflow_venv/lib/python3.10/site-packages/airflow/example_dags/example_short_circuit_decorator.py for tasks to queue
[2023-09-29T08:05:01.029+0000] {logging_mixin.py:151} INFO - [2023-09-29T08:05:01.029+0000] {dagbag.py:539} INFO - Filling up the DagBag from /home/ubuntu/airflow_venv/lib/python3.10/site-packages/airflow/example_dags/example_short_circuit_decorator.py
[2023-09-29T08:05:01.040+0000] {processor.py:839} INFO - DAG(s) dict_keys(['example_short_circuit_decorator']) retrieved from /home/ubuntu/airflow_venv/lib/python3.10/site-packages/airflow/example_dags/example_short_circuit_decorator.py
[2023-09-29T08:05:01.057+0000] {logging_mixin.py:151} INFO - [2023-09-29T08:05:01.057+0000] {dag.py:2915} INFO - Sync 1 DAGs
[2023-09-29T08:05:01.096+0000] {logging_mixin.py:151} INFO - [2023-09-29T08:05:01.096+0000] {dag.py:3696} INFO - Setting next_dagrun for example_short_circuit_decorator to 2023-09-28T08:05:01.095944+00:00, run_after=2023-09-29T08:05:01.095944+00:00
[2023-09-29T08:05:01.128+0000] {processor.py:179} INFO - Processing /home/ubuntu/airflow_venv/lib/python3.10/site-packages/airflow/example_dags/example_short_circuit_decorator.py took 0.105 seconds
[2023-09-29T08:05:52.584+0000] {processor.py:157} INFO - Started process (PID=1975) to work on /home/ubuntu/airflow_venv/lib/python3.10/site-packages/airflow/example_dags/example_short_circuit_decorator.py
[2023-09-29T08:05:52.586+0000] {processor.py:829} INFO - Processing file /home/ubuntu/airflow_venv/lib/python3.10/site-packages/airflow/example_dags/example_short_circuit_decorator.py for tasks to queue
[2023-09-29T08:05:52.587+0000] {logging_mixin.py:151} INFO - [2023-09-29T08:05:52.586+0000] {dagbag.py:539} INFO - Filling up the DagBag from /home/ubuntu/airflow_venv/lib/python3.10/site-packages/airflow/example_dags/example_short_circuit_decorator.py
[2023-09-29T08:05:52.596+0000] {processor.py:839} INFO - DAG(s) dict_keys(['example_short_circuit_decorator']) retrieved from /home/ubuntu/airflow_venv/lib/python3.10/site-packages/airflow/example_dags/example_short_circuit_decorator.py
[2023-09-29T08:05:52.619+0000] {logging_mixin.py:151} INFO - [2023-09-29T08:05:52.619+0000] {dag.py:2915} INFO - Sync 1 DAGs
[2023-09-29T08:05:52.637+0000] {logging_mixin.py:151} INFO - [2023-09-29T08:05:52.637+0000] {dag.py:3696} INFO - Setting next_dagrun for example_short_circuit_decorator to 2023-09-28T08:05:52.637355+00:00, run_after=2023-09-29T08:05:52.637355+00:00
[2023-09-29T08:05:52.659+0000] {processor.py:179} INFO - Processing /home/ubuntu/airflow_venv/lib/python3.10/site-packages/airflow/example_dags/example_short_circuit_decorator.py took 0.078 seconds
[2023-09-29T08:06:46.362+0000] {processor.py:157} INFO - Started process (PID=2029) to work on /home/ubuntu/airflow_venv/lib/python3.10/site-packages/airflow/example_dags/example_short_circuit_decorator.py
[2023-09-29T08:06:46.363+0000] {processor.py:829} INFO - Processing file /home/ubuntu/airflow_venv/lib/python3.10/site-packages/airflow/example_dags/example_short_circuit_decorator.py for tasks to queue
[2023-09-29T08:06:46.364+0000] {logging_mixin.py:151} INFO - [2023-09-29T08:06:46.364+0000] {dagbag.py:539} INFO - Filling up the DagBag from /home/ubuntu/airflow_venv/lib/python3.10/site-packages/airflow/example_dags/example_short_circuit_decorator.py
[2023-09-29T08:06:46.374+0000] {processor.py:839} INFO - DAG(s) dict_keys(['example_short_circuit_decorator']) retrieved from /home/ubuntu/airflow_venv/lib/python3.10/site-packages/airflow/example_dags/example_short_circuit_decorator.py
[2023-09-29T08:06:46.391+0000] {logging_mixin.py:151} INFO - [2023-09-29T08:06:46.391+0000] {dag.py:2915} INFO - Sync 1 DAGs
[2023-09-29T08:06:46.409+0000] {logging_mixin.py:151} INFO - [2023-09-29T08:06:46.409+0000] {dag.py:3696} INFO - Setting next_dagrun for example_short_circuit_decorator to 2023-09-28T08:06:46.408834+00:00, run_after=2023-09-29T08:06:46.408834+00:00
[2023-09-29T08:06:46.430+0000] {processor.py:179} INFO - Processing /home/ubuntu/airflow_venv/lib/python3.10/site-packages/airflow/example_dags/example_short_circuit_decorator.py took 0.071 seconds
[2023-09-29T08:07:34.211+0000] {processor.py:157} INFO - Started process (PID=2290) to work on /home/ubuntu/airflow_venv/lib/python3.10/site-packages/airflow/example_dags/example_short_circuit_decorator.py
[2023-09-29T08:07:34.215+0000] {processor.py:829} INFO - Processing file /home/ubuntu/airflow_venv/lib/python3.10/site-packages/airflow/example_dags/example_short_circuit_decorator.py for tasks to queue
[2023-09-29T08:07:34.216+0000] {logging_mixin.py:151} INFO - [2023-09-29T08:07:34.216+0000] {dagbag.py:539} INFO - Filling up the DagBag from /home/ubuntu/airflow_venv/lib/python3.10/site-packages/airflow/example_dags/example_short_circuit_decorator.py
[2023-09-29T08:07:34.236+0000] {processor.py:839} INFO - DAG(s) dict_keys(['example_short_circuit_decorator']) retrieved from /home/ubuntu/airflow_venv/lib/python3.10/site-packages/airflow/example_dags/example_short_circuit_decorator.py
[2023-09-29T08:07:34.275+0000] {logging_mixin.py:151} INFO - [2023-09-29T08:07:34.275+0000] {dag.py:2915} INFO - Sync 1 DAGs
[2023-09-29T08:07:34.303+0000] {logging_mixin.py:151} INFO - [2023-09-29T08:07:34.303+0000] {dag.py:3696} INFO - Setting next_dagrun for example_short_circuit_decorator to 2023-09-28T08:07:34.302884+00:00, run_after=2023-09-29T08:07:34.302884+00:00
[2023-09-29T08:07:34.325+0000] {processor.py:179} INFO - Processing /home/ubuntu/airflow_venv/lib/python3.10/site-packages/airflow/example_dags/example_short_circuit_decorator.py took 0.118 seconds
[2023-09-29T08:08:28.036+0000] {processor.py:157} INFO - Started process (PID=2344) to work on /home/ubuntu/airflow_venv/lib/python3.10/site-packages/airflow/example_dags/example_short_circuit_decorator.py
[2023-09-29T08:08:28.037+0000] {processor.py:829} INFO - Processing file /home/ubuntu/airflow_venv/lib/python3.10/site-packages/airflow/example_dags/example_short_circuit_decorator.py for tasks to queue
[2023-09-29T08:08:28.038+0000] {logging_mixin.py:151} INFO - [2023-09-29T08:08:28.038+0000] {dagbag.py:539} INFO - Filling up the DagBag from /home/ubuntu/airflow_venv/lib/python3.10/site-packages/airflow/example_dags/example_short_circuit_decorator.py
[2023-09-29T08:08:28.050+0000] {processor.py:839} INFO - DAG(s) dict_keys(['example_short_circuit_decorator']) retrieved from /home/ubuntu/airflow_venv/lib/python3.10/site-packages/airflow/example_dags/example_short_circuit_decorator.py
[2023-09-29T08:08:28.072+0000] {logging_mixin.py:151} INFO - [2023-09-29T08:08:28.071+0000] {dag.py:2915} INFO - Sync 1 DAGs
[2023-09-29T08:08:28.094+0000] {logging_mixin.py:151} INFO - [2023-09-29T08:08:28.094+0000] {dag.py:3696} INFO - Setting next_dagrun for example_short_circuit_decorator to 2023-09-28T08:08:28.093774+00:00, run_after=2023-09-29T08:08:28.093774+00:00
[2023-09-29T08:08:28.122+0000] {processor.py:179} INFO - Processing /home/ubuntu/airflow_venv/lib/python3.10/site-packages/airflow/example_dags/example_short_circuit_decorator.py took 0.090 seconds
[2023-09-29T08:09:19.602+0000] {processor.py:157} INFO - Started process (PID=2400) to work on /home/ubuntu/airflow_venv/lib/python3.10/site-packages/airflow/example_dags/example_short_circuit_decorator.py
[2023-09-29T08:09:19.603+0000] {processor.py:829} INFO - Processing file /home/ubuntu/airflow_venv/lib/python3.10/site-packages/airflow/example_dags/example_short_circuit_decorator.py for tasks to queue
[2023-09-29T08:09:19.604+0000] {logging_mixin.py:151} INFO - [2023-09-29T08:09:19.604+0000] {dagbag.py:539} INFO - Filling up the DagBag from /home/ubuntu/airflow_venv/lib/python3.10/site-packages/airflow/example_dags/example_short_circuit_decorator.py
[2023-09-29T08:09:19.614+0000] {processor.py:839} INFO - DAG(s) dict_keys(['example_short_circuit_decorator']) retrieved from /home/ubuntu/airflow_venv/lib/python3.10/site-packages/airflow/example_dags/example_short_circuit_decorator.py
[2023-09-29T08:09:19.631+0000] {logging_mixin.py:151} INFO - [2023-09-29T08:09:19.631+0000] {dag.py:2915} INFO - Sync 1 DAGs
[2023-09-29T08:09:19.649+0000] {logging_mixin.py:151} INFO - [2023-09-29T08:09:19.648+0000] {dag.py:3696} INFO - Setting next_dagrun for example_short_circuit_decorator to 2023-09-28T08:09:19.648601+00:00, run_after=2023-09-29T08:09:19.648601+00:00
[2023-09-29T08:09:19.669+0000] {processor.py:179} INFO - Processing /home/ubuntu/airflow_venv/lib/python3.10/site-packages/airflow/example_dags/example_short_circuit_decorator.py took 0.070 seconds
[2023-09-29T09:27:13.427+0000] {processor.py:157} INFO - Started process (PID=1338) to work on /home/ubuntu/airflow_venv/lib/python3.10/site-packages/airflow/example_dags/example_short_circuit_decorator.py
[2023-09-29T09:27:13.429+0000] {processor.py:829} INFO - Processing file /home/ubuntu/airflow_venv/lib/python3.10/site-packages/airflow/example_dags/example_short_circuit_decorator.py for tasks to queue
[2023-09-29T09:27:13.430+0000] {logging_mixin.py:151} INFO - [2023-09-29T09:27:13.429+0000] {dagbag.py:539} INFO - Filling up the DagBag from /home/ubuntu/airflow_venv/lib/python3.10/site-packages/airflow/example_dags/example_short_circuit_decorator.py
[2023-09-29T09:27:13.439+0000] {processor.py:839} INFO - DAG(s) dict_keys(['example_short_circuit_decorator']) retrieved from /home/ubuntu/airflow_venv/lib/python3.10/site-packages/airflow/example_dags/example_short_circuit_decorator.py
[2023-09-29T09:27:13.447+0000] {logging_mixin.py:151} INFO - [2023-09-29T09:27:13.446+0000] {dag.py:2915} INFO - Sync 1 DAGs
[2023-09-29T09:27:13.466+0000] {logging_mixin.py:151} INFO - [2023-09-29T09:27:13.466+0000] {dag.py:3696} INFO - Setting next_dagrun for example_short_circuit_decorator to 2023-09-28T09:27:13.466385+00:00, run_after=2023-09-29T09:27:13.466385+00:00
[2023-09-29T09:27:13.486+0000] {processor.py:179} INFO - Processing /home/ubuntu/airflow_venv/lib/python3.10/site-packages/airflow/example_dags/example_short_circuit_decorator.py took 0.062 seconds
[2023-09-29T09:28:12.131+0000] {processor.py:157} INFO - Started process (PID=1396) to work on /home/ubuntu/airflow_venv/lib/python3.10/site-packages/airflow/example_dags/example_short_circuit_decorator.py
[2023-09-29T09:28:12.133+0000] {processor.py:829} INFO - Processing file /home/ubuntu/airflow_venv/lib/python3.10/site-packages/airflow/example_dags/example_short_circuit_decorator.py for tasks to queue
[2023-09-29T09:28:12.134+0000] {logging_mixin.py:151} INFO - [2023-09-29T09:28:12.134+0000] {dagbag.py:539} INFO - Filling up the DagBag from /home/ubuntu/airflow_venv/lib/python3.10/site-packages/airflow/example_dags/example_short_circuit_decorator.py
[2023-09-29T09:28:12.155+0000] {processor.py:839} INFO - DAG(s) dict_keys(['example_short_circuit_decorator']) retrieved from /home/ubuntu/airflow_venv/lib/python3.10/site-packages/airflow/example_dags/example_short_circuit_decorator.py
[2023-09-29T09:28:12.180+0000] {logging_mixin.py:151} INFO - [2023-09-29T09:28:12.180+0000] {dag.py:2915} INFO - Sync 1 DAGs
[2023-09-29T09:28:12.441+0000] {logging_mixin.py:151} INFO - [2023-09-29T09:28:12.441+0000] {dag.py:3696} INFO - Setting next_dagrun for example_short_circuit_decorator to 2023-09-28T09:28:12.440802+00:00, run_after=2023-09-29T09:28:12.440802+00:00
[2023-09-29T09:28:12.485+0000] {processor.py:179} INFO - Processing /home/ubuntu/airflow_venv/lib/python3.10/site-packages/airflow/example_dags/example_short_circuit_decorator.py took 0.357 seconds
[2023-09-29T09:29:06.451+0000] {processor.py:157} INFO - Started process (PID=1445) to work on /home/ubuntu/airflow_venv/lib/python3.10/site-packages/airflow/example_dags/example_short_circuit_decorator.py
[2023-09-29T09:29:06.453+0000] {processor.py:829} INFO - Processing file /home/ubuntu/airflow_venv/lib/python3.10/site-packages/airflow/example_dags/example_short_circuit_decorator.py for tasks to queue
[2023-09-29T09:29:06.453+0000] {logging_mixin.py:151} INFO - [2023-09-29T09:29:06.453+0000] {dagbag.py:539} INFO - Filling up the DagBag from /home/ubuntu/airflow_venv/lib/python3.10/site-packages/airflow/example_dags/example_short_circuit_decorator.py
[2023-09-29T09:29:06.473+0000] {processor.py:839} INFO - DAG(s) dict_keys(['example_short_circuit_decorator']) retrieved from /home/ubuntu/airflow_venv/lib/python3.10/site-packages/airflow/example_dags/example_short_circuit_decorator.py
[2023-09-29T09:29:06.697+0000] {logging_mixin.py:151} INFO - [2023-09-29T09:29:06.697+0000] {dag.py:2915} INFO - Sync 1 DAGs
[2023-09-29T09:29:06.716+0000] {logging_mixin.py:151} INFO - [2023-09-29T09:29:06.716+0000] {dag.py:3696} INFO - Setting next_dagrun for example_short_circuit_decorator to 2023-09-28T09:29:06.716418+00:00, run_after=2023-09-29T09:29:06.716418+00:00
[2023-09-29T09:29:06.737+0000] {processor.py:179} INFO - Processing /home/ubuntu/airflow_venv/lib/python3.10/site-packages/airflow/example_dags/example_short_circuit_decorator.py took 0.293 seconds
[2023-09-29T09:29:55.854+0000] {processor.py:157} INFO - Started process (PID=1756) to work on /home/ubuntu/airflow_venv/lib/python3.10/site-packages/airflow/example_dags/example_short_circuit_decorator.py
[2023-09-29T09:29:55.855+0000] {processor.py:829} INFO - Processing file /home/ubuntu/airflow_venv/lib/python3.10/site-packages/airflow/example_dags/example_short_circuit_decorator.py for tasks to queue
[2023-09-29T09:29:55.856+0000] {logging_mixin.py:151} INFO - [2023-09-29T09:29:55.856+0000] {dagbag.py:539} INFO - Filling up the DagBag from /home/ubuntu/airflow_venv/lib/python3.10/site-packages/airflow/example_dags/example_short_circuit_decorator.py
[2023-09-29T09:29:55.869+0000] {processor.py:839} INFO - DAG(s) dict_keys(['example_short_circuit_decorator']) retrieved from /home/ubuntu/airflow_venv/lib/python3.10/site-packages/airflow/example_dags/example_short_circuit_decorator.py
[2023-09-29T09:29:55.892+0000] {logging_mixin.py:151} INFO - [2023-09-29T09:29:55.892+0000] {dag.py:2915} INFO - Sync 1 DAGs
[2023-09-29T09:29:55.911+0000] {logging_mixin.py:151} INFO - [2023-09-29T09:29:55.911+0000] {dag.py:3696} INFO - Setting next_dagrun for example_short_circuit_decorator to 2023-09-28T09:29:55.910972+00:00, run_after=2023-09-29T09:29:55.910972+00:00
[2023-09-29T09:29:55.935+0000] {processor.py:179} INFO - Processing /home/ubuntu/airflow_venv/lib/python3.10/site-packages/airflow/example_dags/example_short_circuit_decorator.py took 0.084 seconds
[2023-09-29T09:32:02.356+0000] {processor.py:157} INFO - Started process (PID=2261) to work on /home/ubuntu/airflow_venv/lib/python3.10/site-packages/airflow/example_dags/example_short_circuit_decorator.py
[2023-09-29T09:32:02.359+0000] {processor.py:829} INFO - Processing file /home/ubuntu/airflow_venv/lib/python3.10/site-packages/airflow/example_dags/example_short_circuit_decorator.py for tasks to queue
[2023-09-29T09:32:02.360+0000] {logging_mixin.py:151} INFO - [2023-09-29T09:32:02.360+0000] {dagbag.py:539} INFO - Filling up the DagBag from /home/ubuntu/airflow_venv/lib/python3.10/site-packages/airflow/example_dags/example_short_circuit_decorator.py
[2023-09-29T09:32:02.375+0000] {processor.py:839} INFO - DAG(s) dict_keys(['example_short_circuit_decorator']) retrieved from /home/ubuntu/airflow_venv/lib/python3.10/site-packages/airflow/example_dags/example_short_circuit_decorator.py
[2023-09-29T09:32:02.389+0000] {logging_mixin.py:151} INFO - [2023-09-29T09:32:02.389+0000] {dag.py:2915} INFO - Sync 1 DAGs
[2023-09-29T09:32:02.429+0000] {logging_mixin.py:151} INFO - [2023-09-29T09:32:02.429+0000] {dag.py:3696} INFO - Setting next_dagrun for example_short_circuit_decorator to 2023-09-28T09:32:02.429038+00:00, run_after=2023-09-29T09:32:02.429038+00:00
[2023-09-29T09:32:02.465+0000] {processor.py:179} INFO - Processing /home/ubuntu/airflow_venv/lib/python3.10/site-packages/airflow/example_dags/example_short_circuit_decorator.py took 0.115 seconds
[2023-09-29T09:33:02.269+0000] {processor.py:157} INFO - Started process (PID=2327) to work on /home/ubuntu/airflow_venv/lib/python3.10/site-packages/airflow/example_dags/example_short_circuit_decorator.py
[2023-09-29T09:33:02.270+0000] {processor.py:829} INFO - Processing file /home/ubuntu/airflow_venv/lib/python3.10/site-packages/airflow/example_dags/example_short_circuit_decorator.py for tasks to queue
[2023-09-29T09:33:02.271+0000] {logging_mixin.py:151} INFO - [2023-09-29T09:33:02.271+0000] {dagbag.py:539} INFO - Filling up the DagBag from /home/ubuntu/airflow_venv/lib/python3.10/site-packages/airflow/example_dags/example_short_circuit_decorator.py
[2023-09-29T09:33:02.281+0000] {processor.py:839} INFO - DAG(s) dict_keys(['example_short_circuit_decorator']) retrieved from /home/ubuntu/airflow_venv/lib/python3.10/site-packages/airflow/example_dags/example_short_circuit_decorator.py
[2023-09-29T09:33:02.301+0000] {logging_mixin.py:151} INFO - [2023-09-29T09:33:02.301+0000] {dag.py:2915} INFO - Sync 1 DAGs
[2023-09-29T09:33:02.482+0000] {logging_mixin.py:151} INFO - [2023-09-29T09:33:02.482+0000] {dag.py:3696} INFO - Setting next_dagrun for example_short_circuit_decorator to 2023-09-28T09:33:02.481700+00:00, run_after=2023-09-29T09:33:02.481700+00:00
[2023-09-29T09:33:02.504+0000] {processor.py:179} INFO - Processing /home/ubuntu/airflow_venv/lib/python3.10/site-packages/airflow/example_dags/example_short_circuit_decorator.py took 0.239 seconds
[2023-09-29T09:52:07.940+0000] {processor.py:157} INFO - Started process (PID=3479) to work on /home/ubuntu/airflow_venv/lib/python3.10/site-packages/airflow/example_dags/example_short_circuit_decorator.py
[2023-09-29T09:52:07.941+0000] {processor.py:829} INFO - Processing file /home/ubuntu/airflow_venv/lib/python3.10/site-packages/airflow/example_dags/example_short_circuit_decorator.py for tasks to queue
[2023-09-29T09:52:07.942+0000] {logging_mixin.py:151} INFO - [2023-09-29T09:52:07.941+0000] {dagbag.py:539} INFO - Filling up the DagBag from /home/ubuntu/airflow_venv/lib/python3.10/site-packages/airflow/example_dags/example_short_circuit_decorator.py
[2023-09-29T09:52:07.951+0000] {processor.py:839} INFO - DAG(s) dict_keys(['example_short_circuit_decorator']) retrieved from /home/ubuntu/airflow_venv/lib/python3.10/site-packages/airflow/example_dags/example_short_circuit_decorator.py
[2023-09-29T09:52:07.959+0000] {logging_mixin.py:151} INFO - [2023-09-29T09:52:07.959+0000] {dag.py:2915} INFO - Sync 1 DAGs
[2023-09-29T09:52:07.978+0000] {logging_mixin.py:151} INFO - [2023-09-29T09:52:07.978+0000] {dag.py:3696} INFO - Setting next_dagrun for example_short_circuit_decorator to 2023-09-28T09:52:07.978402+00:00, run_after=2023-09-29T09:52:07.978402+00:00
[2023-09-29T09:52:07.999+0000] {processor.py:179} INFO - Processing /home/ubuntu/airflow_venv/lib/python3.10/site-packages/airflow/example_dags/example_short_circuit_decorator.py took 0.064 seconds
[2023-09-29T09:52:58.031+0000] {processor.py:157} INFO - Started process (PID=3528) to work on /home/ubuntu/airflow_venv/lib/python3.10/site-packages/airflow/example_dags/example_short_circuit_decorator.py
[2023-09-29T09:52:58.032+0000] {processor.py:829} INFO - Processing file /home/ubuntu/airflow_venv/lib/python3.10/site-packages/airflow/example_dags/example_short_circuit_decorator.py for tasks to queue
[2023-09-29T09:52:58.033+0000] {logging_mixin.py:151} INFO - [2023-09-29T09:52:58.033+0000] {dagbag.py:539} INFO - Filling up the DagBag from /home/ubuntu/airflow_venv/lib/python3.10/site-packages/airflow/example_dags/example_short_circuit_decorator.py
[2023-09-29T09:52:58.045+0000] {processor.py:839} INFO - DAG(s) dict_keys(['example_short_circuit_decorator']) retrieved from /home/ubuntu/airflow_venv/lib/python3.10/site-packages/airflow/example_dags/example_short_circuit_decorator.py
[2023-09-29T09:52:58.088+0000] {logging_mixin.py:151} INFO - [2023-09-29T09:52:58.088+0000] {dag.py:2915} INFO - Sync 1 DAGs
[2023-09-29T09:52:58.274+0000] {logging_mixin.py:151} INFO - [2023-09-29T09:52:58.274+0000] {dag.py:3696} INFO - Setting next_dagrun for example_short_circuit_decorator to 2023-09-28T09:52:58.273761+00:00, run_after=2023-09-29T09:52:58.273761+00:00
[2023-09-29T09:52:58.294+0000] {processor.py:179} INFO - Processing /home/ubuntu/airflow_venv/lib/python3.10/site-packages/airflow/example_dags/example_short_circuit_decorator.py took 0.267 seconds
[2023-09-29T09:54:13.039+0000] {processor.py:157} INFO - Started process (PID=3593) to work on /home/ubuntu/airflow_venv/lib/python3.10/site-packages/airflow/example_dags/example_short_circuit_decorator.py
[2023-09-29T09:54:13.040+0000] {processor.py:829} INFO - Processing file /home/ubuntu/airflow_venv/lib/python3.10/site-packages/airflow/example_dags/example_short_circuit_decorator.py for tasks to queue
[2023-09-29T09:54:13.041+0000] {logging_mixin.py:151} INFO - [2023-09-29T09:54:13.041+0000] {dagbag.py:539} INFO - Filling up the DagBag from /home/ubuntu/airflow_venv/lib/python3.10/site-packages/airflow/example_dags/example_short_circuit_decorator.py
[2023-09-29T09:54:13.051+0000] {processor.py:839} INFO - DAG(s) dict_keys(['example_short_circuit_decorator']) retrieved from /home/ubuntu/airflow_venv/lib/python3.10/site-packages/airflow/example_dags/example_short_circuit_decorator.py
[2023-09-29T09:54:13.070+0000] {logging_mixin.py:151} INFO - [2023-09-29T09:54:13.069+0000] {dag.py:2915} INFO - Sync 1 DAGs
[2023-09-29T09:54:13.087+0000] {logging_mixin.py:151} INFO - [2023-09-29T09:54:13.087+0000] {dag.py:3696} INFO - Setting next_dagrun for example_short_circuit_decorator to 2023-09-28T09:54:13.087186+00:00, run_after=2023-09-29T09:54:13.087186+00:00
[2023-09-29T09:54:13.109+0000] {processor.py:179} INFO - Processing /home/ubuntu/airflow_venv/lib/python3.10/site-packages/airflow/example_dags/example_short_circuit_decorator.py took 0.073 seconds
[2023-09-29T09:56:14.469+0000] {processor.py:157} INFO - Started process (PID=4117) to work on /home/ubuntu/airflow_venv/lib/python3.10/site-packages/airflow/example_dags/example_short_circuit_decorator.py
[2023-09-29T09:56:14.470+0000] {processor.py:829} INFO - Processing file /home/ubuntu/airflow_venv/lib/python3.10/site-packages/airflow/example_dags/example_short_circuit_decorator.py for tasks to queue
[2023-09-29T09:56:14.471+0000] {logging_mixin.py:151} INFO - [2023-09-29T09:56:14.471+0000] {dagbag.py:539} INFO - Filling up the DagBag from /home/ubuntu/airflow_venv/lib/python3.10/site-packages/airflow/example_dags/example_short_circuit_decorator.py
[2023-09-29T09:56:14.481+0000] {processor.py:839} INFO - DAG(s) dict_keys(['example_short_circuit_decorator']) retrieved from /home/ubuntu/airflow_venv/lib/python3.10/site-packages/airflow/example_dags/example_short_circuit_decorator.py
[2023-09-29T09:56:14.490+0000] {logging_mixin.py:151} INFO - [2023-09-29T09:56:14.489+0000] {dag.py:2915} INFO - Sync 1 DAGs
[2023-09-29T09:56:14.514+0000] {logging_mixin.py:151} INFO - [2023-09-29T09:56:14.513+0000] {dag.py:3696} INFO - Setting next_dagrun for example_short_circuit_decorator to 2023-09-28T09:56:14.513384+00:00, run_after=2023-09-29T09:56:14.513384+00:00
[2023-09-29T09:56:14.535+0000] {processor.py:179} INFO - Processing /home/ubuntu/airflow_venv/lib/python3.10/site-packages/airflow/example_dags/example_short_circuit_decorator.py took 0.069 seconds
[2023-09-29T09:57:12.967+0000] {processor.py:157} INFO - Started process (PID=4175) to work on /home/ubuntu/airflow_venv/lib/python3.10/site-packages/airflow/example_dags/example_short_circuit_decorator.py
[2023-09-29T09:57:12.970+0000] {processor.py:829} INFO - Processing file /home/ubuntu/airflow_venv/lib/python3.10/site-packages/airflow/example_dags/example_short_circuit_decorator.py for tasks to queue
[2023-09-29T09:57:12.971+0000] {logging_mixin.py:151} INFO - [2023-09-29T09:57:12.971+0000] {dagbag.py:539} INFO - Filling up the DagBag from /home/ubuntu/airflow_venv/lib/python3.10/site-packages/airflow/example_dags/example_short_circuit_decorator.py
[2023-09-29T09:57:12.997+0000] {processor.py:839} INFO - DAG(s) dict_keys(['example_short_circuit_decorator']) retrieved from /home/ubuntu/airflow_venv/lib/python3.10/site-packages/airflow/example_dags/example_short_circuit_decorator.py
[2023-09-29T09:57:13.035+0000] {logging_mixin.py:151} INFO - [2023-09-29T09:57:13.035+0000] {dag.py:2915} INFO - Sync 1 DAGs
[2023-09-29T09:57:13.232+0000] {logging_mixin.py:151} INFO - [2023-09-29T09:57:13.232+0000] {dag.py:3696} INFO - Setting next_dagrun for example_short_circuit_decorator to 2023-09-28T09:57:13.232153+00:00, run_after=2023-09-29T09:57:13.232153+00:00
[2023-09-29T09:57:13.254+0000] {processor.py:179} INFO - Processing /home/ubuntu/airflow_venv/lib/python3.10/site-packages/airflow/example_dags/example_short_circuit_decorator.py took 0.298 seconds
[2023-09-29T09:58:09.258+0000] {processor.py:157} INFO - Started process (PID=4235) to work on /home/ubuntu/airflow_venv/lib/python3.10/site-packages/airflow/example_dags/example_short_circuit_decorator.py
[2023-09-29T09:58:09.259+0000] {processor.py:829} INFO - Processing file /home/ubuntu/airflow_venv/lib/python3.10/site-packages/airflow/example_dags/example_short_circuit_decorator.py for tasks to queue
[2023-09-29T09:58:09.260+0000] {logging_mixin.py:151} INFO - [2023-09-29T09:58:09.259+0000] {dagbag.py:539} INFO - Filling up the DagBag from /home/ubuntu/airflow_venv/lib/python3.10/site-packages/airflow/example_dags/example_short_circuit_decorator.py
[2023-09-29T09:58:09.429+0000] {processor.py:839} INFO - DAG(s) dict_keys(['example_short_circuit_decorator']) retrieved from /home/ubuntu/airflow_venv/lib/python3.10/site-packages/airflow/example_dags/example_short_circuit_decorator.py
[2023-09-29T09:58:09.442+0000] {logging_mixin.py:151} INFO - [2023-09-29T09:58:09.442+0000] {dag.py:2915} INFO - Sync 1 DAGs
[2023-09-29T09:58:09.458+0000] {logging_mixin.py:151} INFO - [2023-09-29T09:58:09.458+0000] {dag.py:3696} INFO - Setting next_dagrun for example_short_circuit_decorator to 2023-09-28T09:58:09.458407+00:00, run_after=2023-09-29T09:58:09.458407+00:00
[2023-09-29T09:58:09.478+0000] {processor.py:179} INFO - Processing /home/ubuntu/airflow_venv/lib/python3.10/site-packages/airflow/example_dags/example_short_circuit_decorator.py took 0.224 seconds
