[2023-09-29T07:22:43.626+0000] {processor.py:157} INFO - Started process (PID=12213) to work on /home/ubuntu/airflow_venv/lib/python3.10/site-packages/airflow/example_dags/example_latest_only.py
[2023-09-29T07:22:43.626+0000] {processor.py:829} INFO - Processing file /home/ubuntu/airflow_venv/lib/python3.10/site-packages/airflow/example_dags/example_latest_only.py for tasks to queue
[2023-09-29T07:22:43.627+0000] {logging_mixin.py:151} INFO - [2023-09-29T07:22:43.627+0000] {dagbag.py:539} INFO - Filling up the DagBag from /home/ubuntu/airflow_venv/lib/python3.10/site-packages/airflow/example_dags/example_latest_only.py
[2023-09-29T07:22:43.634+0000] {processor.py:839} INFO - DAG(s) dict_keys(['latest_only']) retrieved from /home/ubuntu/airflow_venv/lib/python3.10/site-packages/airflow/example_dags/example_latest_only.py
[2023-09-29T07:22:43.652+0000] {logging_mixin.py:151} INFO - [2023-09-29T07:22:43.651+0000] {dag.py:2915} INFO - Sync 1 DAGs
[2023-09-29T07:22:43.673+0000] {logging_mixin.py:151} INFO - [2023-09-29T07:22:43.672+0000] {dag.py:3696} INFO - Setting next_dagrun for latest_only to 2023-09-29T03:22:43.672509+00:00, run_after=2023-09-29T07:22:43.672509+00:00
[2023-09-29T07:22:43.695+0000] {processor.py:179} INFO - Processing /home/ubuntu/airflow_venv/lib/python3.10/site-packages/airflow/example_dags/example_latest_only.py took 0.073 seconds
[2023-09-29T07:27:53.223+0000] {processor.py:157} INFO - Started process (PID=12841) to work on /home/ubuntu/airflow_venv/lib/python3.10/site-packages/airflow/example_dags/example_latest_only.py
[2023-09-29T07:27:53.226+0000] {processor.py:829} INFO - Processing file /home/ubuntu/airflow_venv/lib/python3.10/site-packages/airflow/example_dags/example_latest_only.py for tasks to queue
[2023-09-29T07:27:53.227+0000] {logging_mixin.py:151} INFO - [2023-09-29T07:27:53.227+0000] {dagbag.py:539} INFO - Filling up the DagBag from /home/ubuntu/airflow_venv/lib/python3.10/site-packages/airflow/example_dags/example_latest_only.py
[2023-09-29T07:27:53.237+0000] {processor.py:839} INFO - DAG(s) dict_keys(['latest_only']) retrieved from /home/ubuntu/airflow_venv/lib/python3.10/site-packages/airflow/example_dags/example_latest_only.py
[2023-09-29T07:27:53.550+0000] {logging_mixin.py:151} INFO - [2023-09-29T07:27:53.550+0000] {dag.py:2915} INFO - Sync 1 DAGs
[2023-09-29T07:27:53.575+0000] {logging_mixin.py:151} INFO - [2023-09-29T07:27:53.575+0000] {dag.py:3696} INFO - Setting next_dagrun for latest_only to 2023-09-29T03:27:53.574818+00:00, run_after=2023-09-29T07:27:53.574818+00:00
[2023-09-29T07:27:53.608+0000] {processor.py:179} INFO - Processing /home/ubuntu/airflow_venv/lib/python3.10/site-packages/airflow/example_dags/example_latest_only.py took 0.389 seconds
[2023-09-29T07:28:51.861+0000] {processor.py:157} INFO - Started process (PID=12898) to work on /home/ubuntu/airflow_venv/lib/python3.10/site-packages/airflow/example_dags/example_latest_only.py
[2023-09-29T07:28:51.862+0000] {processor.py:829} INFO - Processing file /home/ubuntu/airflow_venv/lib/python3.10/site-packages/airflow/example_dags/example_latest_only.py for tasks to queue
[2023-09-29T07:28:51.863+0000] {logging_mixin.py:151} INFO - [2023-09-29T07:28:51.862+0000] {dagbag.py:539} INFO - Filling up the DagBag from /home/ubuntu/airflow_venv/lib/python3.10/site-packages/airflow/example_dags/example_latest_only.py
[2023-09-29T07:28:51.869+0000] {processor.py:839} INFO - DAG(s) dict_keys(['latest_only']) retrieved from /home/ubuntu/airflow_venv/lib/python3.10/site-packages/airflow/example_dags/example_latest_only.py
[2023-09-29T07:28:51.884+0000] {logging_mixin.py:151} INFO - [2023-09-29T07:28:51.883+0000] {dag.py:2915} INFO - Sync 1 DAGs
[2023-09-29T07:28:51.901+0000] {logging_mixin.py:151} INFO - [2023-09-29T07:28:51.901+0000] {dag.py:3696} INFO - Setting next_dagrun for latest_only to 2023-09-29T03:28:51.901061+00:00, run_after=2023-09-29T07:28:51.901061+00:00
[2023-09-29T07:28:51.922+0000] {processor.py:179} INFO - Processing /home/ubuntu/airflow_venv/lib/python3.10/site-packages/airflow/example_dags/example_latest_only.py took 0.065 seconds
[2023-09-29T07:29:47.106+0000] {processor.py:157} INFO - Started process (PID=12953) to work on /home/ubuntu/airflow_venv/lib/python3.10/site-packages/airflow/example_dags/example_latest_only.py
[2023-09-29T07:29:47.107+0000] {processor.py:829} INFO - Processing file /home/ubuntu/airflow_venv/lib/python3.10/site-packages/airflow/example_dags/example_latest_only.py for tasks to queue
[2023-09-29T07:29:47.108+0000] {logging_mixin.py:151} INFO - [2023-09-29T07:29:47.108+0000] {dagbag.py:539} INFO - Filling up the DagBag from /home/ubuntu/airflow_venv/lib/python3.10/site-packages/airflow/example_dags/example_latest_only.py
[2023-09-29T07:29:47.117+0000] {processor.py:839} INFO - DAG(s) dict_keys(['latest_only']) retrieved from /home/ubuntu/airflow_venv/lib/python3.10/site-packages/airflow/example_dags/example_latest_only.py
[2023-09-29T07:29:47.140+0000] {logging_mixin.py:151} INFO - [2023-09-29T07:29:47.140+0000] {dag.py:2915} INFO - Sync 1 DAGs
[2023-09-29T07:29:47.168+0000] {logging_mixin.py:151} INFO - [2023-09-29T07:29:47.162+0000] {dag.py:3696} INFO - Setting next_dagrun for latest_only to 2023-09-29T03:29:47.162146+00:00, run_after=2023-09-29T07:29:47.162146+00:00
[2023-09-29T07:29:47.196+0000] {processor.py:179} INFO - Processing /home/ubuntu/airflow_venv/lib/python3.10/site-packages/airflow/example_dags/example_latest_only.py took 0.094 seconds
[2023-09-29T07:30:43.763+0000] {processor.py:157} INFO - Started process (PID=13013) to work on /home/ubuntu/airflow_venv/lib/python3.10/site-packages/airflow/example_dags/example_latest_only.py
[2023-09-29T07:30:43.764+0000] {processor.py:829} INFO - Processing file /home/ubuntu/airflow_venv/lib/python3.10/site-packages/airflow/example_dags/example_latest_only.py for tasks to queue
[2023-09-29T07:30:43.765+0000] {logging_mixin.py:151} INFO - [2023-09-29T07:30:43.765+0000] {dagbag.py:539} INFO - Filling up the DagBag from /home/ubuntu/airflow_venv/lib/python3.10/site-packages/airflow/example_dags/example_latest_only.py
[2023-09-29T07:30:43.773+0000] {processor.py:839} INFO - DAG(s) dict_keys(['latest_only']) retrieved from /home/ubuntu/airflow_venv/lib/python3.10/site-packages/airflow/example_dags/example_latest_only.py
[2023-09-29T07:30:43.792+0000] {logging_mixin.py:151} INFO - [2023-09-29T07:30:43.792+0000] {dag.py:2915} INFO - Sync 1 DAGs
[2023-09-29T07:30:43.816+0000] {logging_mixin.py:151} INFO - [2023-09-29T07:30:43.815+0000] {dag.py:3696} INFO - Setting next_dagrun for latest_only to 2023-09-29T03:30:43.815719+00:00, run_after=2023-09-29T07:30:43.815719+00:00
[2023-09-29T07:30:43.843+0000] {processor.py:179} INFO - Processing /home/ubuntu/airflow_venv/lib/python3.10/site-packages/airflow/example_dags/example_latest_only.py took 0.084 seconds
[2023-09-29T07:43:35.728+0000] {processor.py:157} INFO - Started process (PID=1227) to work on /home/ubuntu/airflow_venv/lib/python3.10/site-packages/airflow/example_dags/example_latest_only.py
[2023-09-29T07:43:35.730+0000] {processor.py:829} INFO - Processing file /home/ubuntu/airflow_venv/lib/python3.10/site-packages/airflow/example_dags/example_latest_only.py for tasks to queue
[2023-09-29T07:43:35.731+0000] {logging_mixin.py:151} INFO - [2023-09-29T07:43:35.731+0000] {dagbag.py:539} INFO - Filling up the DagBag from /home/ubuntu/airflow_venv/lib/python3.10/site-packages/airflow/example_dags/example_latest_only.py
[2023-09-29T07:43:35.741+0000] {processor.py:839} INFO - DAG(s) dict_keys(['latest_only']) retrieved from /home/ubuntu/airflow_venv/lib/python3.10/site-packages/airflow/example_dags/example_latest_only.py
[2023-09-29T07:43:35.765+0000] {logging_mixin.py:151} INFO - [2023-09-29T07:43:35.765+0000] {dag.py:2915} INFO - Sync 1 DAGs
[2023-09-29T07:43:35.796+0000] {logging_mixin.py:151} INFO - [2023-09-29T07:43:35.795+0000] {dag.py:3696} INFO - Setting next_dagrun for latest_only to 2023-09-29T03:43:35.795697+00:00, run_after=2023-09-29T07:43:35.795697+00:00
[2023-09-29T07:43:35.836+0000] {processor.py:179} INFO - Processing /home/ubuntu/airflow_venv/lib/python3.10/site-packages/airflow/example_dags/example_latest_only.py took 0.111 seconds
[2023-09-29T07:44:44.489+0000] {processor.py:157} INFO - Started process (PID=1289) to work on /home/ubuntu/airflow_venv/lib/python3.10/site-packages/airflow/example_dags/example_latest_only.py
[2023-09-29T07:44:44.490+0000] {processor.py:829} INFO - Processing file /home/ubuntu/airflow_venv/lib/python3.10/site-packages/airflow/example_dags/example_latest_only.py for tasks to queue
[2023-09-29T07:44:44.491+0000] {logging_mixin.py:151} INFO - [2023-09-29T07:44:44.490+0000] {dagbag.py:539} INFO - Filling up the DagBag from /home/ubuntu/airflow_venv/lib/python3.10/site-packages/airflow/example_dags/example_latest_only.py
[2023-09-29T07:44:44.497+0000] {processor.py:839} INFO - DAG(s) dict_keys(['latest_only']) retrieved from /home/ubuntu/airflow_venv/lib/python3.10/site-packages/airflow/example_dags/example_latest_only.py
[2023-09-29T07:44:44.512+0000] {logging_mixin.py:151} INFO - [2023-09-29T07:44:44.511+0000] {dag.py:2915} INFO - Sync 1 DAGs
[2023-09-29T07:44:44.667+0000] {logging_mixin.py:151} INFO - [2023-09-29T07:44:44.667+0000] {dag.py:3696} INFO - Setting next_dagrun for latest_only to 2023-09-29T03:44:44.667066+00:00, run_after=2023-09-29T07:44:44.667066+00:00
[2023-09-29T07:44:44.687+0000] {processor.py:179} INFO - Processing /home/ubuntu/airflow_venv/lib/python3.10/site-packages/airflow/example_dags/example_latest_only.py took 0.201 seconds
[2023-09-29T07:55:31.354+0000] {processor.py:157} INFO - Started process (PID=1351) to work on /home/ubuntu/airflow_venv/lib/python3.10/site-packages/airflow/example_dags/example_latest_only.py
[2023-09-29T07:55:31.355+0000] {processor.py:829} INFO - Processing file /home/ubuntu/airflow_venv/lib/python3.10/site-packages/airflow/example_dags/example_latest_only.py for tasks to queue
[2023-09-29T07:55:31.356+0000] {logging_mixin.py:151} INFO - [2023-09-29T07:55:31.356+0000] {dagbag.py:539} INFO - Filling up the DagBag from /home/ubuntu/airflow_venv/lib/python3.10/site-packages/airflow/example_dags/example_latest_only.py
[2023-09-29T07:55:31.365+0000] {processor.py:839} INFO - DAG(s) dict_keys(['latest_only']) retrieved from /home/ubuntu/airflow_venv/lib/python3.10/site-packages/airflow/example_dags/example_latest_only.py
[2023-09-29T07:55:31.386+0000] {logging_mixin.py:151} INFO - [2023-09-29T07:55:31.386+0000] {dag.py:2915} INFO - Sync 1 DAGs
[2023-09-29T07:55:31.408+0000] {logging_mixin.py:151} INFO - [2023-09-29T07:55:31.408+0000] {dag.py:3696} INFO - Setting next_dagrun for latest_only to 2023-09-29T03:55:31.408223+00:00, run_after=2023-09-29T07:55:31.408223+00:00
[2023-09-29T07:55:31.441+0000] {processor.py:179} INFO - Processing /home/ubuntu/airflow_venv/lib/python3.10/site-packages/airflow/example_dags/example_latest_only.py took 0.090 seconds
[2023-09-29T07:56:28.656+0000] {processor.py:157} INFO - Started process (PID=1405) to work on /home/ubuntu/airflow_venv/lib/python3.10/site-packages/airflow/example_dags/example_latest_only.py
[2023-09-29T07:56:28.659+0000] {processor.py:829} INFO - Processing file /home/ubuntu/airflow_venv/lib/python3.10/site-packages/airflow/example_dags/example_latest_only.py for tasks to queue
[2023-09-29T07:56:28.660+0000] {logging_mixin.py:151} INFO - [2023-09-29T07:56:28.659+0000] {dagbag.py:539} INFO - Filling up the DagBag from /home/ubuntu/airflow_venv/lib/python3.10/site-packages/airflow/example_dags/example_latest_only.py
[2023-09-29T07:56:28.666+0000] {processor.py:839} INFO - DAG(s) dict_keys(['latest_only']) retrieved from /home/ubuntu/airflow_venv/lib/python3.10/site-packages/airflow/example_dags/example_latest_only.py
[2023-09-29T07:56:28.682+0000] {logging_mixin.py:151} INFO - [2023-09-29T07:56:28.682+0000] {dag.py:2915} INFO - Sync 1 DAGs
[2023-09-29T07:56:28.860+0000] {logging_mixin.py:151} INFO - [2023-09-29T07:56:28.860+0000] {dag.py:3696} INFO - Setting next_dagrun for latest_only to 2023-09-29T03:56:28.860185+00:00, run_after=2023-09-29T07:56:28.860185+00:00
[2023-09-29T07:56:28.886+0000] {processor.py:179} INFO - Processing /home/ubuntu/airflow_venv/lib/python3.10/site-packages/airflow/example_dags/example_latest_only.py took 0.233 seconds
[2023-09-29T07:57:24.907+0000] {processor.py:157} INFO - Started process (PID=1453) to work on /home/ubuntu/airflow_venv/lib/python3.10/site-packages/airflow/example_dags/example_latest_only.py
[2023-09-29T07:57:24.909+0000] {processor.py:829} INFO - Processing file /home/ubuntu/airflow_venv/lib/python3.10/site-packages/airflow/example_dags/example_latest_only.py for tasks to queue
[2023-09-29T07:57:24.909+0000] {logging_mixin.py:151} INFO - [2023-09-29T07:57:24.909+0000] {dagbag.py:539} INFO - Filling up the DagBag from /home/ubuntu/airflow_venv/lib/python3.10/site-packages/airflow/example_dags/example_latest_only.py
[2023-09-29T07:57:24.917+0000] {processor.py:839} INFO - DAG(s) dict_keys(['latest_only']) retrieved from /home/ubuntu/airflow_venv/lib/python3.10/site-packages/airflow/example_dags/example_latest_only.py
[2023-09-29T07:57:24.949+0000] {logging_mixin.py:151} INFO - [2023-09-29T07:57:24.948+0000] {dag.py:2915} INFO - Sync 1 DAGs
[2023-09-29T07:57:24.983+0000] {logging_mixin.py:151} INFO - [2023-09-29T07:57:24.983+0000] {dag.py:3696} INFO - Setting next_dagrun for latest_only to 2023-09-29T03:57:24.983201+00:00, run_after=2023-09-29T07:57:24.983201+00:00
[2023-09-29T07:57:25.050+0000] {processor.py:179} INFO - Processing /home/ubuntu/airflow_venv/lib/python3.10/site-packages/airflow/example_dags/example_latest_only.py took 0.147 seconds
[2023-09-29T07:58:24.773+0000] {processor.py:157} INFO - Started process (PID=1514) to work on /home/ubuntu/airflow_venv/lib/python3.10/site-packages/airflow/example_dags/example_latest_only.py
[2023-09-29T07:58:24.775+0000] {processor.py:829} INFO - Processing file /home/ubuntu/airflow_venv/lib/python3.10/site-packages/airflow/example_dags/example_latest_only.py for tasks to queue
[2023-09-29T07:58:24.776+0000] {logging_mixin.py:151} INFO - [2023-09-29T07:58:24.775+0000] {dagbag.py:539} INFO - Filling up the DagBag from /home/ubuntu/airflow_venv/lib/python3.10/site-packages/airflow/example_dags/example_latest_only.py
[2023-09-29T07:58:24.783+0000] {processor.py:839} INFO - DAG(s) dict_keys(['latest_only']) retrieved from /home/ubuntu/airflow_venv/lib/python3.10/site-packages/airflow/example_dags/example_latest_only.py
[2023-09-29T07:58:24.798+0000] {logging_mixin.py:151} INFO - [2023-09-29T07:58:24.797+0000] {dag.py:2915} INFO - Sync 1 DAGs
[2023-09-29T07:58:24.818+0000] {logging_mixin.py:151} INFO - [2023-09-29T07:58:24.818+0000] {dag.py:3696} INFO - Setting next_dagrun for latest_only to 2023-09-29T03:58:24.818159+00:00, run_after=2023-09-29T07:58:24.818159+00:00
[2023-09-29T07:58:24.842+0000] {processor.py:179} INFO - Processing /home/ubuntu/airflow_venv/lib/python3.10/site-packages/airflow/example_dags/example_latest_only.py took 0.072 seconds
[2023-09-29T07:59:14.501+0000] {processor.py:157} INFO - Started process (PID=1570) to work on /home/ubuntu/airflow_venv/lib/python3.10/site-packages/airflow/example_dags/example_latest_only.py
[2023-09-29T07:59:14.503+0000] {processor.py:829} INFO - Processing file /home/ubuntu/airflow_venv/lib/python3.10/site-packages/airflow/example_dags/example_latest_only.py for tasks to queue
[2023-09-29T07:59:14.504+0000] {logging_mixin.py:151} INFO - [2023-09-29T07:59:14.503+0000] {dagbag.py:539} INFO - Filling up the DagBag from /home/ubuntu/airflow_venv/lib/python3.10/site-packages/airflow/example_dags/example_latest_only.py
[2023-09-29T07:59:14.510+0000] {processor.py:839} INFO - DAG(s) dict_keys(['latest_only']) retrieved from /home/ubuntu/airflow_venv/lib/python3.10/site-packages/airflow/example_dags/example_latest_only.py
[2023-09-29T07:59:14.526+0000] {logging_mixin.py:151} INFO - [2023-09-29T07:59:14.526+0000] {dag.py:2915} INFO - Sync 1 DAGs
[2023-09-29T07:59:14.544+0000] {logging_mixin.py:151} INFO - [2023-09-29T07:59:14.544+0000] {dag.py:3696} INFO - Setting next_dagrun for latest_only to 2023-09-29T03:59:14.544470+00:00, run_after=2023-09-29T07:59:14.544470+00:00
[2023-09-29T07:59:14.567+0000] {processor.py:179} INFO - Processing /home/ubuntu/airflow_venv/lib/python3.10/site-packages/airflow/example_dags/example_latest_only.py took 0.069 seconds
[2023-09-29T08:00:10.780+0000] {processor.py:157} INFO - Started process (PID=1628) to work on /home/ubuntu/airflow_venv/lib/python3.10/site-packages/airflow/example_dags/example_latest_only.py
[2023-09-29T08:00:10.781+0000] {processor.py:829} INFO - Processing file /home/ubuntu/airflow_venv/lib/python3.10/site-packages/airflow/example_dags/example_latest_only.py for tasks to queue
[2023-09-29T08:00:10.782+0000] {logging_mixin.py:151} INFO - [2023-09-29T08:00:10.782+0000] {dagbag.py:539} INFO - Filling up the DagBag from /home/ubuntu/airflow_venv/lib/python3.10/site-packages/airflow/example_dags/example_latest_only.py
[2023-09-29T08:00:10.788+0000] {processor.py:839} INFO - DAG(s) dict_keys(['latest_only']) retrieved from /home/ubuntu/airflow_venv/lib/python3.10/site-packages/airflow/example_dags/example_latest_only.py
[2023-09-29T08:00:10.803+0000] {logging_mixin.py:151} INFO - [2023-09-29T08:00:10.803+0000] {dag.py:2915} INFO - Sync 1 DAGs
[2023-09-29T08:00:10.821+0000] {logging_mixin.py:151} INFO - [2023-09-29T08:00:10.820+0000] {dag.py:3696} INFO - Setting next_dagrun for latest_only to 2023-09-29T04:00:10.820688+00:00, run_after=2023-09-29T08:00:10.820688+00:00
[2023-09-29T08:00:10.842+0000] {processor.py:179} INFO - Processing /home/ubuntu/airflow_venv/lib/python3.10/site-packages/airflow/example_dags/example_latest_only.py took 0.066 seconds
[2023-09-29T08:01:13.653+0000] {processor.py:157} INFO - Started process (PID=1688) to work on /home/ubuntu/airflow_venv/lib/python3.10/site-packages/airflow/example_dags/example_latest_only.py
[2023-09-29T08:01:13.654+0000] {processor.py:829} INFO - Processing file /home/ubuntu/airflow_venv/lib/python3.10/site-packages/airflow/example_dags/example_latest_only.py for tasks to queue
[2023-09-29T08:01:13.655+0000] {logging_mixin.py:151} INFO - [2023-09-29T08:01:13.655+0000] {dagbag.py:539} INFO - Filling up the DagBag from /home/ubuntu/airflow_venv/lib/python3.10/site-packages/airflow/example_dags/example_latest_only.py
[2023-09-29T08:01:13.663+0000] {processor.py:839} INFO - DAG(s) dict_keys(['latest_only']) retrieved from /home/ubuntu/airflow_venv/lib/python3.10/site-packages/airflow/example_dags/example_latest_only.py
[2023-09-29T08:01:13.683+0000] {logging_mixin.py:151} INFO - [2023-09-29T08:01:13.683+0000] {dag.py:2915} INFO - Sync 1 DAGs
[2023-09-29T08:01:13.705+0000] {logging_mixin.py:151} INFO - [2023-09-29T08:01:13.705+0000] {dag.py:3696} INFO - Setting next_dagrun for latest_only to 2023-09-29T04:01:13.704942+00:00, run_after=2023-09-29T08:01:13.704942+00:00
[2023-09-29T08:01:13.730+0000] {processor.py:179} INFO - Processing /home/ubuntu/airflow_venv/lib/python3.10/site-packages/airflow/example_dags/example_latest_only.py took 0.081 seconds
[2023-09-29T08:02:11.599+0000] {processor.py:157} INFO - Started process (PID=1747) to work on /home/ubuntu/airflow_venv/lib/python3.10/site-packages/airflow/example_dags/example_latest_only.py
[2023-09-29T08:02:11.601+0000] {processor.py:829} INFO - Processing file /home/ubuntu/airflow_venv/lib/python3.10/site-packages/airflow/example_dags/example_latest_only.py for tasks to queue
[2023-09-29T08:02:11.601+0000] {logging_mixin.py:151} INFO - [2023-09-29T08:02:11.601+0000] {dagbag.py:539} INFO - Filling up the DagBag from /home/ubuntu/airflow_venv/lib/python3.10/site-packages/airflow/example_dags/example_latest_only.py
[2023-09-29T08:02:11.609+0000] {processor.py:839} INFO - DAG(s) dict_keys(['latest_only']) retrieved from /home/ubuntu/airflow_venv/lib/python3.10/site-packages/airflow/example_dags/example_latest_only.py
[2023-09-29T08:02:11.631+0000] {logging_mixin.py:151} INFO - [2023-09-29T08:02:11.631+0000] {dag.py:2915} INFO - Sync 1 DAGs
[2023-09-29T08:02:11.658+0000] {logging_mixin.py:151} INFO - [2023-09-29T08:02:11.657+0000] {dag.py:3696} INFO - Setting next_dagrun for latest_only to 2023-09-29T04:02:11.657675+00:00, run_after=2023-09-29T08:02:11.657675+00:00
[2023-09-29T08:02:11.681+0000] {processor.py:179} INFO - Processing /home/ubuntu/airflow_venv/lib/python3.10/site-packages/airflow/example_dags/example_latest_only.py took 0.085 seconds
[2023-09-29T08:03:05.649+0000] {processor.py:157} INFO - Started process (PID=1802) to work on /home/ubuntu/airflow_venv/lib/python3.10/site-packages/airflow/example_dags/example_latest_only.py
[2023-09-29T08:03:05.651+0000] {processor.py:829} INFO - Processing file /home/ubuntu/airflow_venv/lib/python3.10/site-packages/airflow/example_dags/example_latest_only.py for tasks to queue
[2023-09-29T08:03:05.656+0000] {logging_mixin.py:151} INFO - [2023-09-29T08:03:05.656+0000] {dagbag.py:539} INFO - Filling up the DagBag from /home/ubuntu/airflow_venv/lib/python3.10/site-packages/airflow/example_dags/example_latest_only.py
[2023-09-29T08:03:05.665+0000] {processor.py:839} INFO - DAG(s) dict_keys(['latest_only']) retrieved from /home/ubuntu/airflow_venv/lib/python3.10/site-packages/airflow/example_dags/example_latest_only.py
[2023-09-29T08:03:05.693+0000] {logging_mixin.py:151} INFO - [2023-09-29T08:03:05.693+0000] {dag.py:2915} INFO - Sync 1 DAGs
[2023-09-29T08:03:05.717+0000] {logging_mixin.py:151} INFO - [2023-09-29T08:03:05.717+0000] {dag.py:3696} INFO - Setting next_dagrun for latest_only to 2023-09-29T04:03:05.717185+00:00, run_after=2023-09-29T08:03:05.717185+00:00
[2023-09-29T08:03:05.750+0000] {processor.py:179} INFO - Processing /home/ubuntu/airflow_venv/lib/python3.10/site-packages/airflow/example_dags/example_latest_only.py took 0.104 seconds
[2023-09-29T08:03:57.869+0000] {processor.py:157} INFO - Started process (PID=1855) to work on /home/ubuntu/airflow_venv/lib/python3.10/site-packages/airflow/example_dags/example_latest_only.py
[2023-09-29T08:03:57.870+0000] {processor.py:829} INFO - Processing file /home/ubuntu/airflow_venv/lib/python3.10/site-packages/airflow/example_dags/example_latest_only.py for tasks to queue
[2023-09-29T08:03:57.871+0000] {logging_mixin.py:151} INFO - [2023-09-29T08:03:57.871+0000] {dagbag.py:539} INFO - Filling up the DagBag from /home/ubuntu/airflow_venv/lib/python3.10/site-packages/airflow/example_dags/example_latest_only.py
[2023-09-29T08:03:57.904+0000] {processor.py:839} INFO - DAG(s) dict_keys(['latest_only']) retrieved from /home/ubuntu/airflow_venv/lib/python3.10/site-packages/airflow/example_dags/example_latest_only.py
[2023-09-29T08:03:57.931+0000] {logging_mixin.py:151} INFO - [2023-09-29T08:03:57.930+0000] {dag.py:2915} INFO - Sync 1 DAGs
[2023-09-29T08:03:57.972+0000] {logging_mixin.py:151} INFO - [2023-09-29T08:03:57.972+0000] {dag.py:3696} INFO - Setting next_dagrun for latest_only to 2023-09-29T04:03:57.972224+00:00, run_after=2023-09-29T08:03:57.972224+00:00
[2023-09-29T08:03:57.997+0000] {processor.py:179} INFO - Processing /home/ubuntu/airflow_venv/lib/python3.10/site-packages/airflow/example_dags/example_latest_only.py took 0.161 seconds
[2023-09-29T08:04:50.799+0000] {processor.py:157} INFO - Started process (PID=1911) to work on /home/ubuntu/airflow_venv/lib/python3.10/site-packages/airflow/example_dags/example_latest_only.py
[2023-09-29T08:04:50.806+0000] {processor.py:829} INFO - Processing file /home/ubuntu/airflow_venv/lib/python3.10/site-packages/airflow/example_dags/example_latest_only.py for tasks to queue
[2023-09-29T08:04:50.807+0000] {logging_mixin.py:151} INFO - [2023-09-29T08:04:50.807+0000] {dagbag.py:539} INFO - Filling up the DagBag from /home/ubuntu/airflow_venv/lib/python3.10/site-packages/airflow/example_dags/example_latest_only.py
[2023-09-29T08:04:50.822+0000] {processor.py:839} INFO - DAG(s) dict_keys(['latest_only']) retrieved from /home/ubuntu/airflow_venv/lib/python3.10/site-packages/airflow/example_dags/example_latest_only.py
[2023-09-29T08:04:50.843+0000] {logging_mixin.py:151} INFO - [2023-09-29T08:04:50.843+0000] {dag.py:2915} INFO - Sync 1 DAGs
[2023-09-29T08:04:50.878+0000] {logging_mixin.py:151} INFO - [2023-09-29T08:04:50.877+0000] {dag.py:3696} INFO - Setting next_dagrun for latest_only to 2023-09-29T04:04:50.877580+00:00, run_after=2023-09-29T08:04:50.877580+00:00
[2023-09-29T08:04:50.912+0000] {processor.py:179} INFO - Processing /home/ubuntu/airflow_venv/lib/python3.10/site-packages/airflow/example_dags/example_latest_only.py took 0.116 seconds
[2023-09-29T08:05:39.450+0000] {processor.py:157} INFO - Started process (PID=1961) to work on /home/ubuntu/airflow_venv/lib/python3.10/site-packages/airflow/example_dags/example_latest_only.py
[2023-09-29T08:05:39.458+0000] {processor.py:829} INFO - Processing file /home/ubuntu/airflow_venv/lib/python3.10/site-packages/airflow/example_dags/example_latest_only.py for tasks to queue
[2023-09-29T08:05:39.459+0000] {logging_mixin.py:151} INFO - [2023-09-29T08:05:39.459+0000] {dagbag.py:539} INFO - Filling up the DagBag from /home/ubuntu/airflow_venv/lib/python3.10/site-packages/airflow/example_dags/example_latest_only.py
[2023-09-29T08:05:39.471+0000] {processor.py:839} INFO - DAG(s) dict_keys(['latest_only']) retrieved from /home/ubuntu/airflow_venv/lib/python3.10/site-packages/airflow/example_dags/example_latest_only.py
[2023-09-29T08:05:39.491+0000] {logging_mixin.py:151} INFO - [2023-09-29T08:05:39.491+0000] {dag.py:2915} INFO - Sync 1 DAGs
[2023-09-29T08:05:39.531+0000] {logging_mixin.py:151} INFO - [2023-09-29T08:05:39.530+0000] {dag.py:3696} INFO - Setting next_dagrun for latest_only to 2023-09-29T04:05:39.530707+00:00, run_after=2023-09-29T08:05:39.530707+00:00
[2023-09-29T08:05:39.583+0000] {processor.py:179} INFO - Processing /home/ubuntu/airflow_venv/lib/python3.10/site-packages/airflow/example_dags/example_latest_only.py took 0.137 seconds
[2023-09-29T08:06:34.644+0000] {processor.py:157} INFO - Started process (PID=2017) to work on /home/ubuntu/airflow_venv/lib/python3.10/site-packages/airflow/example_dags/example_latest_only.py
[2023-09-29T08:06:34.645+0000] {processor.py:829} INFO - Processing file /home/ubuntu/airflow_venv/lib/python3.10/site-packages/airflow/example_dags/example_latest_only.py for tasks to queue
[2023-09-29T08:06:34.646+0000] {logging_mixin.py:151} INFO - [2023-09-29T08:06:34.645+0000] {dagbag.py:539} INFO - Filling up the DagBag from /home/ubuntu/airflow_venv/lib/python3.10/site-packages/airflow/example_dags/example_latest_only.py
[2023-09-29T08:06:34.653+0000] {processor.py:839} INFO - DAG(s) dict_keys(['latest_only']) retrieved from /home/ubuntu/airflow_venv/lib/python3.10/site-packages/airflow/example_dags/example_latest_only.py
[2023-09-29T08:06:34.671+0000] {logging_mixin.py:151} INFO - [2023-09-29T08:06:34.671+0000] {dag.py:2915} INFO - Sync 1 DAGs
[2023-09-29T08:06:34.688+0000] {logging_mixin.py:151} INFO - [2023-09-29T08:06:34.688+0000] {dag.py:3696} INFO - Setting next_dagrun for latest_only to 2023-09-29T04:06:34.688380+00:00, run_after=2023-09-29T08:06:34.688380+00:00
[2023-09-29T08:06:34.707+0000] {processor.py:179} INFO - Processing /home/ubuntu/airflow_venv/lib/python3.10/site-packages/airflow/example_dags/example_latest_only.py took 0.067 seconds
[2023-09-29T08:07:21.297+0000] {processor.py:157} INFO - Started process (PID=2067) to work on /home/ubuntu/airflow_venv/lib/python3.10/site-packages/airflow/example_dags/example_latest_only.py
[2023-09-29T08:07:21.298+0000] {processor.py:829} INFO - Processing file /home/ubuntu/airflow_venv/lib/python3.10/site-packages/airflow/example_dags/example_latest_only.py for tasks to queue
[2023-09-29T08:07:21.299+0000] {logging_mixin.py:151} INFO - [2023-09-29T08:07:21.299+0000] {dagbag.py:539} INFO - Filling up the DagBag from /home/ubuntu/airflow_venv/lib/python3.10/site-packages/airflow/example_dags/example_latest_only.py
[2023-09-29T08:07:21.305+0000] {processor.py:839} INFO - DAG(s) dict_keys(['latest_only']) retrieved from /home/ubuntu/airflow_venv/lib/python3.10/site-packages/airflow/example_dags/example_latest_only.py
[2023-09-29T08:07:21.320+0000] {logging_mixin.py:151} INFO - [2023-09-29T08:07:21.320+0000] {dag.py:2915} INFO - Sync 1 DAGs
[2023-09-29T08:07:21.338+0000] {logging_mixin.py:151} INFO - [2023-09-29T08:07:21.338+0000] {dag.py:3696} INFO - Setting next_dagrun for latest_only to 2023-09-29T04:07:21.338206+00:00, run_after=2023-09-29T08:07:21.338206+00:00
[2023-09-29T08:07:21.357+0000] {processor.py:179} INFO - Processing /home/ubuntu/airflow_venv/lib/python3.10/site-packages/airflow/example_dags/example_latest_only.py took 0.063 seconds
[2023-09-29T08:08:13.044+0000] {processor.py:157} INFO - Started process (PID=2329) to work on /home/ubuntu/airflow_venv/lib/python3.10/site-packages/airflow/example_dags/example_latest_only.py
[2023-09-29T08:08:13.045+0000] {processor.py:829} INFO - Processing file /home/ubuntu/airflow_venv/lib/python3.10/site-packages/airflow/example_dags/example_latest_only.py for tasks to queue
[2023-09-29T08:08:13.046+0000] {logging_mixin.py:151} INFO - [2023-09-29T08:08:13.046+0000] {dagbag.py:539} INFO - Filling up the DagBag from /home/ubuntu/airflow_venv/lib/python3.10/site-packages/airflow/example_dags/example_latest_only.py
[2023-09-29T08:08:13.053+0000] {processor.py:839} INFO - DAG(s) dict_keys(['latest_only']) retrieved from /home/ubuntu/airflow_venv/lib/python3.10/site-packages/airflow/example_dags/example_latest_only.py
[2023-09-29T08:08:13.069+0000] {logging_mixin.py:151} INFO - [2023-09-29T08:08:13.069+0000] {dag.py:2915} INFO - Sync 1 DAGs
[2023-09-29T08:08:13.088+0000] {logging_mixin.py:151} INFO - [2023-09-29T08:08:13.088+0000] {dag.py:3696} INFO - Setting next_dagrun for latest_only to 2023-09-29T04:08:13.088024+00:00, run_after=2023-09-29T08:08:13.088024+00:00
[2023-09-29T08:08:13.109+0000] {processor.py:179} INFO - Processing /home/ubuntu/airflow_venv/lib/python3.10/site-packages/airflow/example_dags/example_latest_only.py took 0.068 seconds
[2023-09-29T08:09:06.028+0000] {processor.py:157} INFO - Started process (PID=2386) to work on /home/ubuntu/airflow_venv/lib/python3.10/site-packages/airflow/example_dags/example_latest_only.py
[2023-09-29T08:09:06.029+0000] {processor.py:829} INFO - Processing file /home/ubuntu/airflow_venv/lib/python3.10/site-packages/airflow/example_dags/example_latest_only.py for tasks to queue
[2023-09-29T08:09:06.030+0000] {logging_mixin.py:151} INFO - [2023-09-29T08:09:06.030+0000] {dagbag.py:539} INFO - Filling up the DagBag from /home/ubuntu/airflow_venv/lib/python3.10/site-packages/airflow/example_dags/example_latest_only.py
[2023-09-29T08:09:06.037+0000] {processor.py:839} INFO - DAG(s) dict_keys(['latest_only']) retrieved from /home/ubuntu/airflow_venv/lib/python3.10/site-packages/airflow/example_dags/example_latest_only.py
[2023-09-29T08:09:06.053+0000] {logging_mixin.py:151} INFO - [2023-09-29T08:09:06.053+0000] {dag.py:2915} INFO - Sync 1 DAGs
[2023-09-29T08:09:06.074+0000] {logging_mixin.py:151} INFO - [2023-09-29T08:09:06.074+0000] {dag.py:3696} INFO - Setting next_dagrun for latest_only to 2023-09-29T04:09:06.074307+00:00, run_after=2023-09-29T08:09:06.074307+00:00
[2023-09-29T08:09:06.099+0000] {processor.py:179} INFO - Processing /home/ubuntu/airflow_venv/lib/python3.10/site-packages/airflow/example_dags/example_latest_only.py took 0.074 seconds
[2023-09-29T09:27:29.094+0000] {processor.py:157} INFO - Started process (PID=1354) to work on /home/ubuntu/airflow_venv/lib/python3.10/site-packages/airflow/example_dags/example_latest_only.py
[2023-09-29T09:27:29.097+0000] {processor.py:829} INFO - Processing file /home/ubuntu/airflow_venv/lib/python3.10/site-packages/airflow/example_dags/example_latest_only.py for tasks to queue
[2023-09-29T09:27:29.098+0000] {logging_mixin.py:151} INFO - [2023-09-29T09:27:29.098+0000] {dagbag.py:539} INFO - Filling up the DagBag from /home/ubuntu/airflow_venv/lib/python3.10/site-packages/airflow/example_dags/example_latest_only.py
[2023-09-29T09:27:29.112+0000] {processor.py:839} INFO - DAG(s) dict_keys(['latest_only']) retrieved from /home/ubuntu/airflow_venv/lib/python3.10/site-packages/airflow/example_dags/example_latest_only.py
[2023-09-29T09:27:29.152+0000] {logging_mixin.py:151} INFO - [2023-09-29T09:27:29.151+0000] {dag.py:2915} INFO - Sync 1 DAGs
[2023-09-29T09:27:29.191+0000] {logging_mixin.py:151} INFO - [2023-09-29T09:27:29.191+0000] {dag.py:3696} INFO - Setting next_dagrun for latest_only to 2023-09-29T05:27:29.190419+00:00, run_after=2023-09-29T09:27:29.190419+00:00
[2023-09-29T09:27:29.242+0000] {processor.py:179} INFO - Processing /home/ubuntu/airflow_venv/lib/python3.10/site-packages/airflow/example_dags/example_latest_only.py took 0.156 seconds
[2023-09-29T09:28:30.968+0000] {processor.py:157} INFO - Started process (PID=1412) to work on /home/ubuntu/airflow_venv/lib/python3.10/site-packages/airflow/example_dags/example_latest_only.py
[2023-09-29T09:28:30.969+0000] {processor.py:829} INFO - Processing file /home/ubuntu/airflow_venv/lib/python3.10/site-packages/airflow/example_dags/example_latest_only.py for tasks to queue
[2023-09-29T09:28:30.970+0000] {logging_mixin.py:151} INFO - [2023-09-29T09:28:30.970+0000] {dagbag.py:539} INFO - Filling up the DagBag from /home/ubuntu/airflow_venv/lib/python3.10/site-packages/airflow/example_dags/example_latest_only.py
[2023-09-29T09:28:30.977+0000] {processor.py:839} INFO - DAG(s) dict_keys(['latest_only']) retrieved from /home/ubuntu/airflow_venv/lib/python3.10/site-packages/airflow/example_dags/example_latest_only.py
[2023-09-29T09:28:30.992+0000] {logging_mixin.py:151} INFO - [2023-09-29T09:28:30.992+0000] {dag.py:2915} INFO - Sync 1 DAGs
[2023-09-29T09:28:31.146+0000] {logging_mixin.py:151} INFO - [2023-09-29T09:28:31.146+0000] {dag.py:3696} INFO - Setting next_dagrun for latest_only to 2023-09-29T05:28:31.146499+00:00, run_after=2023-09-29T09:28:31.146499+00:00
[2023-09-29T09:28:31.165+0000] {processor.py:179} INFO - Processing /home/ubuntu/airflow_venv/lib/python3.10/site-packages/airflow/example_dags/example_latest_only.py took 0.200 seconds
[2023-09-29T09:29:26.146+0000] {processor.py:157} INFO - Started process (PID=1461) to work on /home/ubuntu/airflow_venv/lib/python3.10/site-packages/airflow/example_dags/example_latest_only.py
[2023-09-29T09:29:26.147+0000] {processor.py:829} INFO - Processing file /home/ubuntu/airflow_venv/lib/python3.10/site-packages/airflow/example_dags/example_latest_only.py for tasks to queue
[2023-09-29T09:29:26.148+0000] {logging_mixin.py:151} INFO - [2023-09-29T09:29:26.148+0000] {dagbag.py:539} INFO - Filling up the DagBag from /home/ubuntu/airflow_venv/lib/python3.10/site-packages/airflow/example_dags/example_latest_only.py
[2023-09-29T09:29:26.158+0000] {processor.py:839} INFO - DAG(s) dict_keys(['latest_only']) retrieved from /home/ubuntu/airflow_venv/lib/python3.10/site-packages/airflow/example_dags/example_latest_only.py
[2023-09-29T09:29:26.176+0000] {logging_mixin.py:151} INFO - [2023-09-29T09:29:26.176+0000] {dag.py:2915} INFO - Sync 1 DAGs
[2023-09-29T09:29:26.194+0000] {logging_mixin.py:151} INFO - [2023-09-29T09:29:26.194+0000] {dag.py:3696} INFO - Setting next_dagrun for latest_only to 2023-09-29T05:29:26.193788+00:00, run_after=2023-09-29T09:29:26.193788+00:00
[2023-09-29T09:29:26.215+0000] {processor.py:179} INFO - Processing /home/ubuntu/airflow_venv/lib/python3.10/site-packages/airflow/example_dags/example_latest_only.py took 0.074 seconds
[2023-09-29T09:32:19.275+0000] {processor.py:157} INFO - Started process (PID=2277) to work on /home/ubuntu/airflow_venv/lib/python3.10/site-packages/airflow/example_dags/example_latest_only.py
[2023-09-29T09:32:19.282+0000] {processor.py:829} INFO - Processing file /home/ubuntu/airflow_venv/lib/python3.10/site-packages/airflow/example_dags/example_latest_only.py for tasks to queue
[2023-09-29T09:32:19.285+0000] {logging_mixin.py:151} INFO - [2023-09-29T09:32:19.283+0000] {dagbag.py:539} INFO - Filling up the DagBag from /home/ubuntu/airflow_venv/lib/python3.10/site-packages/airflow/example_dags/example_latest_only.py
[2023-09-29T09:32:19.293+0000] {processor.py:839} INFO - DAG(s) dict_keys(['latest_only']) retrieved from /home/ubuntu/airflow_venv/lib/python3.10/site-packages/airflow/example_dags/example_latest_only.py
[2023-09-29T09:32:19.315+0000] {logging_mixin.py:151} INFO - [2023-09-29T09:32:19.314+0000] {dag.py:2915} INFO - Sync 1 DAGs
[2023-09-29T09:32:19.342+0000] {logging_mixin.py:151} INFO - [2023-09-29T09:32:19.342+0000] {dag.py:3696} INFO - Setting next_dagrun for latest_only to 2023-09-29T05:32:19.342256+00:00, run_after=2023-09-29T09:32:19.342256+00:00
[2023-09-29T09:32:19.365+0000] {processor.py:179} INFO - Processing /home/ubuntu/airflow_venv/lib/python3.10/site-packages/airflow/example_dags/example_latest_only.py took 0.096 seconds
[2023-09-29T09:52:24.650+0000] {processor.py:157} INFO - Started process (PID=3495) to work on /home/ubuntu/airflow_venv/lib/python3.10/site-packages/airflow/example_dags/example_latest_only.py
[2023-09-29T09:52:24.651+0000] {processor.py:829} INFO - Processing file /home/ubuntu/airflow_venv/lib/python3.10/site-packages/airflow/example_dags/example_latest_only.py for tasks to queue
[2023-09-29T09:52:24.652+0000] {logging_mixin.py:151} INFO - [2023-09-29T09:52:24.652+0000] {dagbag.py:539} INFO - Filling up the DagBag from /home/ubuntu/airflow_venv/lib/python3.10/site-packages/airflow/example_dags/example_latest_only.py
[2023-09-29T09:52:24.658+0000] {processor.py:839} INFO - DAG(s) dict_keys(['latest_only']) retrieved from /home/ubuntu/airflow_venv/lib/python3.10/site-packages/airflow/example_dags/example_latest_only.py
[2023-09-29T09:52:24.677+0000] {logging_mixin.py:151} INFO - [2023-09-29T09:52:24.677+0000] {dag.py:2915} INFO - Sync 1 DAGs
[2023-09-29T09:52:24.696+0000] {logging_mixin.py:151} INFO - [2023-09-29T09:52:24.696+0000] {dag.py:3696} INFO - Setting next_dagrun for latest_only to 2023-09-29T05:52:24.695980+00:00, run_after=2023-09-29T09:52:24.695980+00:00
[2023-09-29T09:52:24.716+0000] {processor.py:179} INFO - Processing /home/ubuntu/airflow_venv/lib/python3.10/site-packages/airflow/example_dags/example_latest_only.py took 0.069 seconds
[2023-09-29T09:53:35.422+0000] {processor.py:157} INFO - Started process (PID=3560) to work on /home/ubuntu/airflow_venv/lib/python3.10/site-packages/airflow/example_dags/example_latest_only.py
[2023-09-29T09:53:35.424+0000] {processor.py:829} INFO - Processing file /home/ubuntu/airflow_venv/lib/python3.10/site-packages/airflow/example_dags/example_latest_only.py for tasks to queue
[2023-09-29T09:53:35.426+0000] {logging_mixin.py:151} INFO - [2023-09-29T09:53:35.425+0000] {dagbag.py:539} INFO - Filling up the DagBag from /home/ubuntu/airflow_venv/lib/python3.10/site-packages/airflow/example_dags/example_latest_only.py
[2023-09-29T09:53:35.433+0000] {processor.py:839} INFO - DAG(s) dict_keys(['latest_only']) retrieved from /home/ubuntu/airflow_venv/lib/python3.10/site-packages/airflow/example_dags/example_latest_only.py
[2023-09-29T09:53:35.451+0000] {logging_mixin.py:151} INFO - [2023-09-29T09:53:35.451+0000] {dag.py:2915} INFO - Sync 1 DAGs
[2023-09-29T09:53:35.641+0000] {logging_mixin.py:151} INFO - [2023-09-29T09:53:35.641+0000] {dag.py:3696} INFO - Setting next_dagrun for latest_only to 2023-09-29T05:53:35.641387+00:00, run_after=2023-09-29T09:53:35.641387+00:00
[2023-09-29T09:53:35.662+0000] {processor.py:179} INFO - Processing /home/ubuntu/airflow_venv/lib/python3.10/site-packages/airflow/example_dags/example_latest_only.py took 0.243 seconds
[2023-09-29T09:56:30.843+0000] {processor.py:157} INFO - Started process (PID=4133) to work on /home/ubuntu/airflow_venv/lib/python3.10/site-packages/airflow/example_dags/example_latest_only.py
[2023-09-29T09:56:30.845+0000] {processor.py:829} INFO - Processing file /home/ubuntu/airflow_venv/lib/python3.10/site-packages/airflow/example_dags/example_latest_only.py for tasks to queue
[2023-09-29T09:56:30.845+0000] {logging_mixin.py:151} INFO - [2023-09-29T09:56:30.845+0000] {dagbag.py:539} INFO - Filling up the DagBag from /home/ubuntu/airflow_venv/lib/python3.10/site-packages/airflow/example_dags/example_latest_only.py
[2023-09-29T09:56:30.853+0000] {processor.py:839} INFO - DAG(s) dict_keys(['latest_only']) retrieved from /home/ubuntu/airflow_venv/lib/python3.10/site-packages/airflow/example_dags/example_latest_only.py
[2023-09-29T09:56:30.873+0000] {logging_mixin.py:151} INFO - [2023-09-29T09:56:30.873+0000] {dag.py:2915} INFO - Sync 1 DAGs
[2023-09-29T09:56:30.896+0000] {logging_mixin.py:151} INFO - [2023-09-29T09:56:30.896+0000] {dag.py:3696} INFO - Setting next_dagrun for latest_only to 2023-09-29T05:56:30.896032+00:00, run_after=2023-09-29T09:56:30.896032+00:00
[2023-09-29T09:56:30.926+0000] {processor.py:179} INFO - Processing /home/ubuntu/airflow_venv/lib/python3.10/site-packages/airflow/example_dags/example_latest_only.py took 0.087 seconds
[2023-09-29T09:57:33.144+0000] {processor.py:157} INFO - Started process (PID=4191) to work on /home/ubuntu/airflow_venv/lib/python3.10/site-packages/airflow/example_dags/example_latest_only.py
[2023-09-29T09:57:33.145+0000] {processor.py:829} INFO - Processing file /home/ubuntu/airflow_venv/lib/python3.10/site-packages/airflow/example_dags/example_latest_only.py for tasks to queue
[2023-09-29T09:57:33.146+0000] {logging_mixin.py:151} INFO - [2023-09-29T09:57:33.145+0000] {dagbag.py:539} INFO - Filling up the DagBag from /home/ubuntu/airflow_venv/lib/python3.10/site-packages/airflow/example_dags/example_latest_only.py
[2023-09-29T09:57:33.152+0000] {processor.py:839} INFO - DAG(s) dict_keys(['latest_only']) retrieved from /home/ubuntu/airflow_venv/lib/python3.10/site-packages/airflow/example_dags/example_latest_only.py
[2023-09-29T09:57:33.168+0000] {logging_mixin.py:151} INFO - [2023-09-29T09:57:33.167+0000] {dag.py:2915} INFO - Sync 1 DAGs
[2023-09-29T09:57:33.332+0000] {logging_mixin.py:151} INFO - [2023-09-29T09:57:33.332+0000] {dag.py:3696} INFO - Setting next_dagrun for latest_only to 2023-09-29T05:57:33.331960+00:00, run_after=2023-09-29T09:57:33.331960+00:00
[2023-09-29T09:57:33.352+0000] {processor.py:179} INFO - Processing /home/ubuntu/airflow_venv/lib/python3.10/site-packages/airflow/example_dags/example_latest_only.py took 0.211 seconds
[2023-09-29T09:58:27.028+0000] {processor.py:157} INFO - Started process (PID=4251) to work on /home/ubuntu/airflow_venv/lib/python3.10/site-packages/airflow/example_dags/example_latest_only.py
[2023-09-29T09:58:27.029+0000] {processor.py:829} INFO - Processing file /home/ubuntu/airflow_venv/lib/python3.10/site-packages/airflow/example_dags/example_latest_only.py for tasks to queue
[2023-09-29T09:58:27.030+0000] {logging_mixin.py:151} INFO - [2023-09-29T09:58:27.029+0000] {dagbag.py:539} INFO - Filling up the DagBag from /home/ubuntu/airflow_venv/lib/python3.10/site-packages/airflow/example_dags/example_latest_only.py
[2023-09-29T09:58:27.037+0000] {processor.py:839} INFO - DAG(s) dict_keys(['latest_only']) retrieved from /home/ubuntu/airflow_venv/lib/python3.10/site-packages/airflow/example_dags/example_latest_only.py
[2023-09-29T09:58:27.053+0000] {logging_mixin.py:151} INFO - [2023-09-29T09:58:27.053+0000] {dag.py:2915} INFO - Sync 1 DAGs
[2023-09-29T09:58:27.072+0000] {logging_mixin.py:151} INFO - [2023-09-29T09:58:27.072+0000] {dag.py:3696} INFO - Setting next_dagrun for latest_only to 2023-09-29T05:58:27.072501+00:00, run_after=2023-09-29T09:58:27.072501+00:00
[2023-09-29T09:58:27.095+0000] {processor.py:179} INFO - Processing /home/ubuntu/airflow_venv/lib/python3.10/site-packages/airflow/example_dags/example_latest_only.py took 0.070 seconds
