[2023-09-29T07:22:52.323+0000] {processor.py:157} INFO - Started process (PID=12221) to work on /home/ubuntu/airflow_venv/lib/python3.10/site-packages/airflow/example_dags/example_branch_datetime_operator.py
[2023-09-29T07:22:52.324+0000] {processor.py:829} INFO - Processing file /home/ubuntu/airflow_venv/lib/python3.10/site-packages/airflow/example_dags/example_branch_datetime_operator.py for tasks to queue
[2023-09-29T07:22:52.325+0000] {logging_mixin.py:151} INFO - [2023-09-29T07:22:52.325+0000] {dagbag.py:539} INFO - Filling up the DagBag from /home/ubuntu/airflow_venv/lib/python3.10/site-packages/airflow/example_dags/example_branch_datetime_operator.py
[2023-09-29T07:22:52.334+0000] {processor.py:839} INFO - DAG(s) dict_keys(['example_branch_datetime_operator_2', 'example_branch_datetime_operator_3', 'example_branch_datetime_operator']) retrieved from /home/ubuntu/airflow_venv/lib/python3.10/site-packages/airflow/example_dags/example_branch_datetime_operator.py
[2023-09-29T07:22:52.357+0000] {logging_mixin.py:151} INFO - [2023-09-29T07:22:52.357+0000] {dag.py:2915} INFO - Sync 3 DAGs
[2023-09-29T07:22:52.376+0000] {logging_mixin.py:151} INFO - [2023-09-29T07:22:52.376+0000] {dag.py:3696} INFO - Setting next_dagrun for example_branch_datetime_operator to 2023-09-28T00:00:00+00:00, run_after=2023-09-29T00:00:00+00:00
[2023-09-29T07:22:52.380+0000] {logging_mixin.py:151} INFO - [2023-09-29T07:22:52.380+0000] {dag.py:3696} INFO - Setting next_dagrun for example_branch_datetime_operator_2 to 2023-09-28T00:00:00+00:00, run_after=2023-09-29T00:00:00+00:00
[2023-09-29T07:22:52.383+0000] {logging_mixin.py:151} INFO - [2023-09-29T07:22:52.383+0000] {dag.py:3696} INFO - Setting next_dagrun for example_branch_datetime_operator_3 to 2023-09-28T00:00:00+00:00, run_after=2023-09-29T00:00:00+00:00
[2023-09-29T07:22:52.401+0000] {processor.py:179} INFO - Processing /home/ubuntu/airflow_venv/lib/python3.10/site-packages/airflow/example_dags/example_branch_datetime_operator.py took 0.081 seconds
[2023-09-29T07:28:03.562+0000] {processor.py:157} INFO - Started process (PID=12849) to work on /home/ubuntu/airflow_venv/lib/python3.10/site-packages/airflow/example_dags/example_branch_datetime_operator.py
[2023-09-29T07:28:03.563+0000] {processor.py:829} INFO - Processing file /home/ubuntu/airflow_venv/lib/python3.10/site-packages/airflow/example_dags/example_branch_datetime_operator.py for tasks to queue
[2023-09-29T07:28:03.564+0000] {logging_mixin.py:151} INFO - [2023-09-29T07:28:03.564+0000] {dagbag.py:539} INFO - Filling up the DagBag from /home/ubuntu/airflow_venv/lib/python3.10/site-packages/airflow/example_dags/example_branch_datetime_operator.py
[2023-09-29T07:28:03.575+0000] {processor.py:839} INFO - DAG(s) dict_keys(['example_branch_datetime_operator_3', 'example_branch_datetime_operator_2', 'example_branch_datetime_operator']) retrieved from /home/ubuntu/airflow_venv/lib/python3.10/site-packages/airflow/example_dags/example_branch_datetime_operator.py
[2023-09-29T07:28:03.789+0000] {logging_mixin.py:151} INFO - [2023-09-29T07:28:03.788+0000] {dag.py:2915} INFO - Sync 3 DAGs
[2023-09-29T07:28:03.810+0000] {logging_mixin.py:151} INFO - [2023-09-29T07:28:03.810+0000] {dag.py:3696} INFO - Setting next_dagrun for example_branch_datetime_operator to 2023-09-28T00:00:00+00:00, run_after=2023-09-29T00:00:00+00:00
[2023-09-29T07:28:03.814+0000] {logging_mixin.py:151} INFO - [2023-09-29T07:28:03.814+0000] {dag.py:3696} INFO - Setting next_dagrun for example_branch_datetime_operator_2 to 2023-09-28T00:00:00+00:00, run_after=2023-09-29T00:00:00+00:00
[2023-09-29T07:28:03.817+0000] {logging_mixin.py:151} INFO - [2023-09-29T07:28:03.817+0000] {dag.py:3696} INFO - Setting next_dagrun for example_branch_datetime_operator_3 to 2023-09-28T00:00:00+00:00, run_after=2023-09-29T00:00:00+00:00
[2023-09-29T07:28:03.838+0000] {processor.py:179} INFO - Processing /home/ubuntu/airflow_venv/lib/python3.10/site-packages/airflow/example_dags/example_branch_datetime_operator.py took 0.281 seconds
[2023-09-29T07:29:00.319+0000] {processor.py:157} INFO - Started process (PID=12906) to work on /home/ubuntu/airflow_venv/lib/python3.10/site-packages/airflow/example_dags/example_branch_datetime_operator.py
[2023-09-29T07:29:00.320+0000] {processor.py:829} INFO - Processing file /home/ubuntu/airflow_venv/lib/python3.10/site-packages/airflow/example_dags/example_branch_datetime_operator.py for tasks to queue
[2023-09-29T07:29:00.321+0000] {logging_mixin.py:151} INFO - [2023-09-29T07:29:00.321+0000] {dagbag.py:539} INFO - Filling up the DagBag from /home/ubuntu/airflow_venv/lib/python3.10/site-packages/airflow/example_dags/example_branch_datetime_operator.py
[2023-09-29T07:29:00.332+0000] {processor.py:839} INFO - DAG(s) dict_keys(['example_branch_datetime_operator_3', 'example_branch_datetime_operator_2', 'example_branch_datetime_operator']) retrieved from /home/ubuntu/airflow_venv/lib/python3.10/site-packages/airflow/example_dags/example_branch_datetime_operator.py
[2023-09-29T07:29:00.360+0000] {logging_mixin.py:151} INFO - [2023-09-29T07:29:00.360+0000] {dag.py:2915} INFO - Sync 3 DAGs
[2023-09-29T07:29:00.380+0000] {logging_mixin.py:151} INFO - [2023-09-29T07:29:00.380+0000] {dag.py:3696} INFO - Setting next_dagrun for example_branch_datetime_operator to 2023-09-28T00:00:00+00:00, run_after=2023-09-29T00:00:00+00:00
[2023-09-29T07:29:00.384+0000] {logging_mixin.py:151} INFO - [2023-09-29T07:29:00.384+0000] {dag.py:3696} INFO - Setting next_dagrun for example_branch_datetime_operator_2 to 2023-09-28T00:00:00+00:00, run_after=2023-09-29T00:00:00+00:00
[2023-09-29T07:29:00.386+0000] {logging_mixin.py:151} INFO - [2023-09-29T07:29:00.386+0000] {dag.py:3696} INFO - Setting next_dagrun for example_branch_datetime_operator_3 to 2023-09-28T00:00:00+00:00, run_after=2023-09-29T00:00:00+00:00
[2023-09-29T07:29:00.404+0000] {processor.py:179} INFO - Processing /home/ubuntu/airflow_venv/lib/python3.10/site-packages/airflow/example_dags/example_branch_datetime_operator.py took 0.088 seconds
[2023-09-29T07:29:54.858+0000] {processor.py:157} INFO - Started process (PID=12961) to work on /home/ubuntu/airflow_venv/lib/python3.10/site-packages/airflow/example_dags/example_branch_datetime_operator.py
[2023-09-29T07:29:54.860+0000] {processor.py:829} INFO - Processing file /home/ubuntu/airflow_venv/lib/python3.10/site-packages/airflow/example_dags/example_branch_datetime_operator.py for tasks to queue
[2023-09-29T07:29:54.862+0000] {logging_mixin.py:151} INFO - [2023-09-29T07:29:54.861+0000] {dagbag.py:539} INFO - Filling up the DagBag from /home/ubuntu/airflow_venv/lib/python3.10/site-packages/airflow/example_dags/example_branch_datetime_operator.py
[2023-09-29T07:29:54.875+0000] {processor.py:839} INFO - DAG(s) dict_keys(['example_branch_datetime_operator', 'example_branch_datetime_operator_2', 'example_branch_datetime_operator_3']) retrieved from /home/ubuntu/airflow_venv/lib/python3.10/site-packages/airflow/example_dags/example_branch_datetime_operator.py
[2023-09-29T07:29:54.916+0000] {logging_mixin.py:151} INFO - [2023-09-29T07:29:54.915+0000] {dag.py:2915} INFO - Sync 3 DAGs
[2023-09-29T07:29:54.947+0000] {logging_mixin.py:151} INFO - [2023-09-29T07:29:54.947+0000] {dag.py:3696} INFO - Setting next_dagrun for example_branch_datetime_operator to 2023-09-28T00:00:00+00:00, run_after=2023-09-29T00:00:00+00:00
[2023-09-29T07:29:54.955+0000] {logging_mixin.py:151} INFO - [2023-09-29T07:29:54.955+0000] {dag.py:3696} INFO - Setting next_dagrun for example_branch_datetime_operator_2 to 2023-09-28T00:00:00+00:00, run_after=2023-09-29T00:00:00+00:00
[2023-09-29T07:29:54.957+0000] {logging_mixin.py:151} INFO - [2023-09-29T07:29:54.957+0000] {dag.py:3696} INFO - Setting next_dagrun for example_branch_datetime_operator_3 to 2023-09-28T00:00:00+00:00, run_after=2023-09-29T00:00:00+00:00
[2023-09-29T07:29:54.975+0000] {processor.py:179} INFO - Processing /home/ubuntu/airflow_venv/lib/python3.10/site-packages/airflow/example_dags/example_branch_datetime_operator.py took 0.124 seconds
[2023-09-29T07:30:51.089+0000] {processor.py:157} INFO - Started process (PID=13022) to work on /home/ubuntu/airflow_venv/lib/python3.10/site-packages/airflow/example_dags/example_branch_datetime_operator.py
[2023-09-29T07:30:51.090+0000] {processor.py:829} INFO - Processing file /home/ubuntu/airflow_venv/lib/python3.10/site-packages/airflow/example_dags/example_branch_datetime_operator.py for tasks to queue
[2023-09-29T07:30:51.091+0000] {logging_mixin.py:151} INFO - [2023-09-29T07:30:51.091+0000] {dagbag.py:539} INFO - Filling up the DagBag from /home/ubuntu/airflow_venv/lib/python3.10/site-packages/airflow/example_dags/example_branch_datetime_operator.py
[2023-09-29T07:30:51.102+0000] {processor.py:839} INFO - DAG(s) dict_keys(['example_branch_datetime_operator_3', 'example_branch_datetime_operator_2', 'example_branch_datetime_operator']) retrieved from /home/ubuntu/airflow_venv/lib/python3.10/site-packages/airflow/example_dags/example_branch_datetime_operator.py
[2023-09-29T07:30:51.129+0000] {logging_mixin.py:151} INFO - [2023-09-29T07:30:51.129+0000] {dag.py:2915} INFO - Sync 3 DAGs
[2023-09-29T07:30:51.156+0000] {logging_mixin.py:151} INFO - [2023-09-29T07:30:51.156+0000] {dag.py:3696} INFO - Setting next_dagrun for example_branch_datetime_operator to 2023-09-28T00:00:00+00:00, run_after=2023-09-29T00:00:00+00:00
[2023-09-29T07:30:51.161+0000] {logging_mixin.py:151} INFO - [2023-09-29T07:30:51.161+0000] {dag.py:3696} INFO - Setting next_dagrun for example_branch_datetime_operator_2 to 2023-09-28T00:00:00+00:00, run_after=2023-09-29T00:00:00+00:00
[2023-09-29T07:30:51.164+0000] {logging_mixin.py:151} INFO - [2023-09-29T07:30:51.164+0000] {dag.py:3696} INFO - Setting next_dagrun for example_branch_datetime_operator_3 to 2023-09-28T00:00:00+00:00, run_after=2023-09-29T00:00:00+00:00
[2023-09-29T07:30:51.190+0000] {processor.py:179} INFO - Processing /home/ubuntu/airflow_venv/lib/python3.10/site-packages/airflow/example_dags/example_branch_datetime_operator.py took 0.106 seconds
[2023-09-29T07:43:43.971+0000] {processor.py:157} INFO - Started process (PID=1235) to work on /home/ubuntu/airflow_venv/lib/python3.10/site-packages/airflow/example_dags/example_branch_datetime_operator.py
[2023-09-29T07:43:43.972+0000] {processor.py:829} INFO - Processing file /home/ubuntu/airflow_venv/lib/python3.10/site-packages/airflow/example_dags/example_branch_datetime_operator.py for tasks to queue
[2023-09-29T07:43:43.973+0000] {logging_mixin.py:151} INFO - [2023-09-29T07:43:43.972+0000] {dagbag.py:539} INFO - Filling up the DagBag from /home/ubuntu/airflow_venv/lib/python3.10/site-packages/airflow/example_dags/example_branch_datetime_operator.py
[2023-09-29T07:43:43.983+0000] {processor.py:839} INFO - DAG(s) dict_keys(['example_branch_datetime_operator_2', 'example_branch_datetime_operator_3', 'example_branch_datetime_operator']) retrieved from /home/ubuntu/airflow_venv/lib/python3.10/site-packages/airflow/example_dags/example_branch_datetime_operator.py
[2023-09-29T07:43:44.005+0000] {logging_mixin.py:151} INFO - [2023-09-29T07:43:44.005+0000] {dag.py:2915} INFO - Sync 3 DAGs
[2023-09-29T07:43:44.032+0000] {logging_mixin.py:151} INFO - [2023-09-29T07:43:44.032+0000] {dag.py:3696} INFO - Setting next_dagrun for example_branch_datetime_operator to 2023-09-28T00:00:00+00:00, run_after=2023-09-29T00:00:00+00:00
[2023-09-29T07:43:44.039+0000] {logging_mixin.py:151} INFO - [2023-09-29T07:43:44.038+0000] {dag.py:3696} INFO - Setting next_dagrun for example_branch_datetime_operator_2 to 2023-09-28T00:00:00+00:00, run_after=2023-09-29T00:00:00+00:00
[2023-09-29T07:43:44.041+0000] {logging_mixin.py:151} INFO - [2023-09-29T07:43:44.041+0000] {dag.py:3696} INFO - Setting next_dagrun for example_branch_datetime_operator_3 to 2023-09-28T00:00:00+00:00, run_after=2023-09-29T00:00:00+00:00
[2023-09-29T07:43:44.069+0000] {processor.py:179} INFO - Processing /home/ubuntu/airflow_venv/lib/python3.10/site-packages/airflow/example_dags/example_branch_datetime_operator.py took 0.101 seconds
[2023-09-29T07:44:53.878+0000] {processor.py:157} INFO - Started process (PID=1297) to work on /home/ubuntu/airflow_venv/lib/python3.10/site-packages/airflow/example_dags/example_branch_datetime_operator.py
[2023-09-29T07:44:53.880+0000] {processor.py:829} INFO - Processing file /home/ubuntu/airflow_venv/lib/python3.10/site-packages/airflow/example_dags/example_branch_datetime_operator.py for tasks to queue
[2023-09-29T07:44:53.881+0000] {logging_mixin.py:151} INFO - [2023-09-29T07:44:53.880+0000] {dagbag.py:539} INFO - Filling up the DagBag from /home/ubuntu/airflow_venv/lib/python3.10/site-packages/airflow/example_dags/example_branch_datetime_operator.py
[2023-09-29T07:44:53.893+0000] {processor.py:839} INFO - DAG(s) dict_keys(['example_branch_datetime_operator', 'example_branch_datetime_operator_2', 'example_branch_datetime_operator_3']) retrieved from /home/ubuntu/airflow_venv/lib/python3.10/site-packages/airflow/example_dags/example_branch_datetime_operator.py
[2023-09-29T07:44:53.919+0000] {logging_mixin.py:151} INFO - [2023-09-29T07:44:53.919+0000] {dag.py:2915} INFO - Sync 3 DAGs
[2023-09-29T07:44:54.120+0000] {logging_mixin.py:151} INFO - [2023-09-29T07:44:54.120+0000] {dag.py:3696} INFO - Setting next_dagrun for example_branch_datetime_operator to 2023-09-28T00:00:00+00:00, run_after=2023-09-29T00:00:00+00:00
[2023-09-29T07:44:54.127+0000] {logging_mixin.py:151} INFO - [2023-09-29T07:44:54.126+0000] {dag.py:3696} INFO - Setting next_dagrun for example_branch_datetime_operator_2 to 2023-09-28T00:00:00+00:00, run_after=2023-09-29T00:00:00+00:00
[2023-09-29T07:44:54.130+0000] {logging_mixin.py:151} INFO - [2023-09-29T07:44:54.129+0000] {dag.py:3696} INFO - Setting next_dagrun for example_branch_datetime_operator_3 to 2023-09-28T00:00:00+00:00, run_after=2023-09-29T00:00:00+00:00
[2023-09-29T07:44:54.151+0000] {processor.py:179} INFO - Processing /home/ubuntu/airflow_venv/lib/python3.10/site-packages/airflow/example_dags/example_branch_datetime_operator.py took 0.276 seconds
[2023-09-29T07:55:39.319+0000] {processor.py:157} INFO - Started process (PID=1359) to work on /home/ubuntu/airflow_venv/lib/python3.10/site-packages/airflow/example_dags/example_branch_datetime_operator.py
[2023-09-29T07:55:39.320+0000] {processor.py:829} INFO - Processing file /home/ubuntu/airflow_venv/lib/python3.10/site-packages/airflow/example_dags/example_branch_datetime_operator.py for tasks to queue
[2023-09-29T07:55:39.321+0000] {logging_mixin.py:151} INFO - [2023-09-29T07:55:39.320+0000] {dagbag.py:539} INFO - Filling up the DagBag from /home/ubuntu/airflow_venv/lib/python3.10/site-packages/airflow/example_dags/example_branch_datetime_operator.py
[2023-09-29T07:55:39.330+0000] {processor.py:839} INFO - DAG(s) dict_keys(['example_branch_datetime_operator', 'example_branch_datetime_operator_3', 'example_branch_datetime_operator_2']) retrieved from /home/ubuntu/airflow_venv/lib/python3.10/site-packages/airflow/example_dags/example_branch_datetime_operator.py
[2023-09-29T07:55:39.353+0000] {logging_mixin.py:151} INFO - [2023-09-29T07:55:39.353+0000] {dag.py:2915} INFO - Sync 3 DAGs
[2023-09-29T07:55:39.375+0000] {logging_mixin.py:151} INFO - [2023-09-29T07:55:39.375+0000] {dag.py:3696} INFO - Setting next_dagrun for example_branch_datetime_operator to 2023-09-28T00:00:00+00:00, run_after=2023-09-29T00:00:00+00:00
[2023-09-29T07:55:39.382+0000] {logging_mixin.py:151} INFO - [2023-09-29T07:55:39.382+0000] {dag.py:3696} INFO - Setting next_dagrun for example_branch_datetime_operator_2 to 2023-09-28T00:00:00+00:00, run_after=2023-09-29T00:00:00+00:00
[2023-09-29T07:55:39.384+0000] {logging_mixin.py:151} INFO - [2023-09-29T07:55:39.384+0000] {dag.py:3696} INFO - Setting next_dagrun for example_branch_datetime_operator_3 to 2023-09-28T00:00:00+00:00, run_after=2023-09-29T00:00:00+00:00
[2023-09-29T07:55:39.403+0000] {processor.py:179} INFO - Processing /home/ubuntu/airflow_venv/lib/python3.10/site-packages/airflow/example_dags/example_branch_datetime_operator.py took 0.088 seconds
[2023-09-29T07:56:59.078+0000] {processor.py:157} INFO - Started process (PID=1431) to work on /home/ubuntu/airflow_venv/lib/python3.10/site-packages/airflow/example_dags/example_branch_datetime_operator.py
[2023-09-29T07:56:59.079+0000] {processor.py:829} INFO - Processing file /home/ubuntu/airflow_venv/lib/python3.10/site-packages/airflow/example_dags/example_branch_datetime_operator.py for tasks to queue
[2023-09-29T07:56:59.080+0000] {logging_mixin.py:151} INFO - [2023-09-29T07:56:59.080+0000] {dagbag.py:539} INFO - Filling up the DagBag from /home/ubuntu/airflow_venv/lib/python3.10/site-packages/airflow/example_dags/example_branch_datetime_operator.py
[2023-09-29T07:56:59.090+0000] {processor.py:839} INFO - DAG(s) dict_keys(['example_branch_datetime_operator_3', 'example_branch_datetime_operator', 'example_branch_datetime_operator_2']) retrieved from /home/ubuntu/airflow_venv/lib/python3.10/site-packages/airflow/example_dags/example_branch_datetime_operator.py
[2023-09-29T07:56:59.348+0000] {logging_mixin.py:151} INFO - [2023-09-29T07:56:59.347+0000] {dag.py:2915} INFO - Sync 3 DAGs
[2023-09-29T07:56:59.365+0000] {logging_mixin.py:151} INFO - [2023-09-29T07:56:59.364+0000] {dag.py:3696} INFO - Setting next_dagrun for example_branch_datetime_operator to 2023-09-28T00:00:00+00:00, run_after=2023-09-29T00:00:00+00:00
[2023-09-29T07:56:59.369+0000] {logging_mixin.py:151} INFO - [2023-09-29T07:56:59.369+0000] {dag.py:3696} INFO - Setting next_dagrun for example_branch_datetime_operator_2 to 2023-09-28T00:00:00+00:00, run_after=2023-09-29T00:00:00+00:00
[2023-09-29T07:56:59.371+0000] {logging_mixin.py:151} INFO - [2023-09-29T07:56:59.371+0000] {dag.py:3696} INFO - Setting next_dagrun for example_branch_datetime_operator_3 to 2023-09-28T00:00:00+00:00, run_after=2023-09-29T00:00:00+00:00
[2023-09-29T07:56:59.416+0000] {processor.py:179} INFO - Processing /home/ubuntu/airflow_venv/lib/python3.10/site-packages/airflow/example_dags/example_branch_datetime_operator.py took 0.341 seconds
[2023-09-29T07:58:07.258+0000] {processor.py:157} INFO - Started process (PID=1496) to work on /home/ubuntu/airflow_venv/lib/python3.10/site-packages/airflow/example_dags/example_branch_datetime_operator.py
[2023-09-29T07:58:07.260+0000] {processor.py:829} INFO - Processing file /home/ubuntu/airflow_venv/lib/python3.10/site-packages/airflow/example_dags/example_branch_datetime_operator.py for tasks to queue
[2023-09-29T07:58:07.261+0000] {logging_mixin.py:151} INFO - [2023-09-29T07:58:07.260+0000] {dagbag.py:539} INFO - Filling up the DagBag from /home/ubuntu/airflow_venv/lib/python3.10/site-packages/airflow/example_dags/example_branch_datetime_operator.py
[2023-09-29T07:58:07.272+0000] {processor.py:839} INFO - DAG(s) dict_keys(['example_branch_datetime_operator_3', 'example_branch_datetime_operator', 'example_branch_datetime_operator_2']) retrieved from /home/ubuntu/airflow_venv/lib/python3.10/site-packages/airflow/example_dags/example_branch_datetime_operator.py
[2023-09-29T07:58:07.297+0000] {logging_mixin.py:151} INFO - [2023-09-29T07:58:07.297+0000] {dag.py:2915} INFO - Sync 3 DAGs
[2023-09-29T07:58:07.333+0000] {logging_mixin.py:151} INFO - [2023-09-29T07:58:07.333+0000] {dag.py:3696} INFO - Setting next_dagrun for example_branch_datetime_operator to 2023-09-28T00:00:00+00:00, run_after=2023-09-29T00:00:00+00:00
[2023-09-29T07:58:07.341+0000] {logging_mixin.py:151} INFO - [2023-09-29T07:58:07.341+0000] {dag.py:3696} INFO - Setting next_dagrun for example_branch_datetime_operator_2 to 2023-09-28T00:00:00+00:00, run_after=2023-09-29T00:00:00+00:00
[2023-09-29T07:58:07.348+0000] {logging_mixin.py:151} INFO - [2023-09-29T07:58:07.348+0000] {dag.py:3696} INFO - Setting next_dagrun for example_branch_datetime_operator_3 to 2023-09-28T00:00:00+00:00, run_after=2023-09-29T00:00:00+00:00
[2023-09-29T07:58:07.373+0000] {processor.py:179} INFO - Processing /home/ubuntu/airflow_venv/lib/python3.10/site-packages/airflow/example_dags/example_branch_datetime_operator.py took 0.118 seconds
[2023-09-29T07:58:58.862+0000] {processor.py:157} INFO - Started process (PID=1551) to work on /home/ubuntu/airflow_venv/lib/python3.10/site-packages/airflow/example_dags/example_branch_datetime_operator.py
[2023-09-29T07:58:58.863+0000] {processor.py:829} INFO - Processing file /home/ubuntu/airflow_venv/lib/python3.10/site-packages/airflow/example_dags/example_branch_datetime_operator.py for tasks to queue
[2023-09-29T07:58:58.864+0000] {logging_mixin.py:151} INFO - [2023-09-29T07:58:58.864+0000] {dagbag.py:539} INFO - Filling up the DagBag from /home/ubuntu/airflow_venv/lib/python3.10/site-packages/airflow/example_dags/example_branch_datetime_operator.py
[2023-09-29T07:58:58.877+0000] {processor.py:839} INFO - DAG(s) dict_keys(['example_branch_datetime_operator_3', 'example_branch_datetime_operator_2', 'example_branch_datetime_operator']) retrieved from /home/ubuntu/airflow_venv/lib/python3.10/site-packages/airflow/example_dags/example_branch_datetime_operator.py
[2023-09-29T07:58:58.902+0000] {logging_mixin.py:151} INFO - [2023-09-29T07:58:58.902+0000] {dag.py:2915} INFO - Sync 3 DAGs
[2023-09-29T07:58:58.934+0000] {logging_mixin.py:151} INFO - [2023-09-29T07:58:58.933+0000] {dag.py:3696} INFO - Setting next_dagrun for example_branch_datetime_operator to 2023-09-28T00:00:00+00:00, run_after=2023-09-29T00:00:00+00:00
[2023-09-29T07:58:58.938+0000] {logging_mixin.py:151} INFO - [2023-09-29T07:58:58.938+0000] {dag.py:3696} INFO - Setting next_dagrun for example_branch_datetime_operator_2 to 2023-09-28T00:00:00+00:00, run_after=2023-09-29T00:00:00+00:00
[2023-09-29T07:58:58.941+0000] {logging_mixin.py:151} INFO - [2023-09-29T07:58:58.941+0000] {dag.py:3696} INFO - Setting next_dagrun for example_branch_datetime_operator_3 to 2023-09-28T00:00:00+00:00, run_after=2023-09-29T00:00:00+00:00
[2023-09-29T07:58:58.962+0000] {processor.py:179} INFO - Processing /home/ubuntu/airflow_venv/lib/python3.10/site-packages/airflow/example_dags/example_branch_datetime_operator.py took 0.103 seconds
[2023-09-29T07:59:52.661+0000] {processor.py:157} INFO - Started process (PID=1610) to work on /home/ubuntu/airflow_venv/lib/python3.10/site-packages/airflow/example_dags/example_branch_datetime_operator.py
[2023-09-29T07:59:52.663+0000] {processor.py:829} INFO - Processing file /home/ubuntu/airflow_venv/lib/python3.10/site-packages/airflow/example_dags/example_branch_datetime_operator.py for tasks to queue
[2023-09-29T07:59:52.664+0000] {logging_mixin.py:151} INFO - [2023-09-29T07:59:52.664+0000] {dagbag.py:539} INFO - Filling up the DagBag from /home/ubuntu/airflow_venv/lib/python3.10/site-packages/airflow/example_dags/example_branch_datetime_operator.py
[2023-09-29T07:59:52.677+0000] {processor.py:839} INFO - DAG(s) dict_keys(['example_branch_datetime_operator_3', 'example_branch_datetime_operator_2', 'example_branch_datetime_operator']) retrieved from /home/ubuntu/airflow_venv/lib/python3.10/site-packages/airflow/example_dags/example_branch_datetime_operator.py
[2023-09-29T07:59:52.704+0000] {logging_mixin.py:151} INFO - [2023-09-29T07:59:52.704+0000] {dag.py:2915} INFO - Sync 3 DAGs
[2023-09-29T07:59:52.726+0000] {logging_mixin.py:151} INFO - [2023-09-29T07:59:52.726+0000] {dag.py:3696} INFO - Setting next_dagrun for example_branch_datetime_operator to 2023-09-28T00:00:00+00:00, run_after=2023-09-29T00:00:00+00:00
[2023-09-29T07:59:52.731+0000] {logging_mixin.py:151} INFO - [2023-09-29T07:59:52.731+0000] {dag.py:3696} INFO - Setting next_dagrun for example_branch_datetime_operator_2 to 2023-09-28T00:00:00+00:00, run_after=2023-09-29T00:00:00+00:00
[2023-09-29T07:59:52.734+0000] {logging_mixin.py:151} INFO - [2023-09-29T07:59:52.734+0000] {dag.py:3696} INFO - Setting next_dagrun for example_branch_datetime_operator_3 to 2023-09-28T00:00:00+00:00, run_after=2023-09-29T00:00:00+00:00
[2023-09-29T07:59:52.762+0000] {processor.py:179} INFO - Processing /home/ubuntu/airflow_venv/lib/python3.10/site-packages/airflow/example_dags/example_branch_datetime_operator.py took 0.108 seconds
[2023-09-29T08:01:17.119+0000] {processor.py:157} INFO - Started process (PID=1691) to work on /home/ubuntu/airflow_venv/lib/python3.10/site-packages/airflow/example_dags/example_branch_datetime_operator.py
[2023-09-29T08:01:17.120+0000] {processor.py:829} INFO - Processing file /home/ubuntu/airflow_venv/lib/python3.10/site-packages/airflow/example_dags/example_branch_datetime_operator.py for tasks to queue
[2023-09-29T08:01:17.121+0000] {logging_mixin.py:151} INFO - [2023-09-29T08:01:17.121+0000] {dagbag.py:539} INFO - Filling up the DagBag from /home/ubuntu/airflow_venv/lib/python3.10/site-packages/airflow/example_dags/example_branch_datetime_operator.py
[2023-09-29T08:01:17.133+0000] {processor.py:839} INFO - DAG(s) dict_keys(['example_branch_datetime_operator', 'example_branch_datetime_operator_2', 'example_branch_datetime_operator_3']) retrieved from /home/ubuntu/airflow_venv/lib/python3.10/site-packages/airflow/example_dags/example_branch_datetime_operator.py
[2023-09-29T08:01:17.165+0000] {logging_mixin.py:151} INFO - [2023-09-29T08:01:17.164+0000] {dag.py:2915} INFO - Sync 3 DAGs
[2023-09-29T08:01:17.188+0000] {logging_mixin.py:151} INFO - [2023-09-29T08:01:17.188+0000] {dag.py:3696} INFO - Setting next_dagrun for example_branch_datetime_operator to 2023-09-28T00:00:00+00:00, run_after=2023-09-29T00:00:00+00:00
[2023-09-29T08:01:17.193+0000] {logging_mixin.py:151} INFO - [2023-09-29T08:01:17.193+0000] {dag.py:3696} INFO - Setting next_dagrun for example_branch_datetime_operator_2 to 2023-09-28T00:00:00+00:00, run_after=2023-09-29T00:00:00+00:00
[2023-09-29T08:01:17.196+0000] {logging_mixin.py:151} INFO - [2023-09-29T08:01:17.196+0000] {dag.py:3696} INFO - Setting next_dagrun for example_branch_datetime_operator_3 to 2023-09-28T00:00:00+00:00, run_after=2023-09-29T00:00:00+00:00
[2023-09-29T08:01:17.217+0000] {processor.py:179} INFO - Processing /home/ubuntu/airflow_venv/lib/python3.10/site-packages/airflow/example_dags/example_branch_datetime_operator.py took 0.103 seconds
[2023-09-29T08:02:14.264+0000] {processor.py:157} INFO - Started process (PID=1750) to work on /home/ubuntu/airflow_venv/lib/python3.10/site-packages/airflow/example_dags/example_branch_datetime_operator.py
[2023-09-29T08:02:14.265+0000] {processor.py:829} INFO - Processing file /home/ubuntu/airflow_venv/lib/python3.10/site-packages/airflow/example_dags/example_branch_datetime_operator.py for tasks to queue
[2023-09-29T08:02:14.266+0000] {logging_mixin.py:151} INFO - [2023-09-29T08:02:14.266+0000] {dagbag.py:539} INFO - Filling up the DagBag from /home/ubuntu/airflow_venv/lib/python3.10/site-packages/airflow/example_dags/example_branch_datetime_operator.py
[2023-09-29T08:02:14.278+0000] {processor.py:839} INFO - DAG(s) dict_keys(['example_branch_datetime_operator_2', 'example_branch_datetime_operator', 'example_branch_datetime_operator_3']) retrieved from /home/ubuntu/airflow_venv/lib/python3.10/site-packages/airflow/example_dags/example_branch_datetime_operator.py
[2023-09-29T08:02:14.303+0000] {logging_mixin.py:151} INFO - [2023-09-29T08:02:14.303+0000] {dag.py:2915} INFO - Sync 3 DAGs
[2023-09-29T08:02:14.334+0000] {logging_mixin.py:151} INFO - [2023-09-29T08:02:14.334+0000] {dag.py:3696} INFO - Setting next_dagrun for example_branch_datetime_operator to 2023-09-28T00:00:00+00:00, run_after=2023-09-29T00:00:00+00:00
[2023-09-29T08:02:14.338+0000] {logging_mixin.py:151} INFO - [2023-09-29T08:02:14.338+0000] {dag.py:3696} INFO - Setting next_dagrun for example_branch_datetime_operator_2 to 2023-09-28T00:00:00+00:00, run_after=2023-09-29T00:00:00+00:00
[2023-09-29T08:02:14.341+0000] {logging_mixin.py:151} INFO - [2023-09-29T08:02:14.341+0000] {dag.py:3696} INFO - Setting next_dagrun for example_branch_datetime_operator_3 to 2023-09-28T00:00:00+00:00, run_after=2023-09-29T00:00:00+00:00
[2023-09-29T08:02:14.376+0000] {processor.py:179} INFO - Processing /home/ubuntu/airflow_venv/lib/python3.10/site-packages/airflow/example_dags/example_branch_datetime_operator.py took 0.116 seconds
[2023-09-29T08:03:08.697+0000] {processor.py:157} INFO - Started process (PID=1805) to work on /home/ubuntu/airflow_venv/lib/python3.10/site-packages/airflow/example_dags/example_branch_datetime_operator.py
[2023-09-29T08:03:08.698+0000] {processor.py:829} INFO - Processing file /home/ubuntu/airflow_venv/lib/python3.10/site-packages/airflow/example_dags/example_branch_datetime_operator.py for tasks to queue
[2023-09-29T08:03:08.699+0000] {logging_mixin.py:151} INFO - [2023-09-29T08:03:08.698+0000] {dagbag.py:539} INFO - Filling up the DagBag from /home/ubuntu/airflow_venv/lib/python3.10/site-packages/airflow/example_dags/example_branch_datetime_operator.py
[2023-09-29T08:03:08.729+0000] {processor.py:839} INFO - DAG(s) dict_keys(['example_branch_datetime_operator', 'example_branch_datetime_operator_2', 'example_branch_datetime_operator_3']) retrieved from /home/ubuntu/airflow_venv/lib/python3.10/site-packages/airflow/example_dags/example_branch_datetime_operator.py
[2023-09-29T08:03:08.782+0000] {logging_mixin.py:151} INFO - [2023-09-29T08:03:08.781+0000] {dag.py:2915} INFO - Sync 3 DAGs
[2023-09-29T08:03:08.841+0000] {logging_mixin.py:151} INFO - [2023-09-29T08:03:08.840+0000] {dag.py:3696} INFO - Setting next_dagrun for example_branch_datetime_operator to 2023-09-28T00:00:00+00:00, run_after=2023-09-29T00:00:00+00:00
[2023-09-29T08:03:08.846+0000] {logging_mixin.py:151} INFO - [2023-09-29T08:03:08.846+0000] {dag.py:3696} INFO - Setting next_dagrun for example_branch_datetime_operator_2 to 2023-09-28T00:00:00+00:00, run_after=2023-09-29T00:00:00+00:00
[2023-09-29T08:03:08.850+0000] {logging_mixin.py:151} INFO - [2023-09-29T08:03:08.850+0000] {dag.py:3696} INFO - Setting next_dagrun for example_branch_datetime_operator_3 to 2023-09-28T00:00:00+00:00, run_after=2023-09-29T00:00:00+00:00
[2023-09-29T08:03:08.898+0000] {processor.py:179} INFO - Processing /home/ubuntu/airflow_venv/lib/python3.10/site-packages/airflow/example_dags/example_branch_datetime_operator.py took 0.205 seconds
[2023-09-29T08:03:59.412+0000] {processor.py:157} INFO - Started process (PID=1858) to work on /home/ubuntu/airflow_venv/lib/python3.10/site-packages/airflow/example_dags/example_branch_datetime_operator.py
[2023-09-29T08:03:59.413+0000] {processor.py:829} INFO - Processing file /home/ubuntu/airflow_venv/lib/python3.10/site-packages/airflow/example_dags/example_branch_datetime_operator.py for tasks to queue
[2023-09-29T08:03:59.414+0000] {logging_mixin.py:151} INFO - [2023-09-29T08:03:59.414+0000] {dagbag.py:539} INFO - Filling up the DagBag from /home/ubuntu/airflow_venv/lib/python3.10/site-packages/airflow/example_dags/example_branch_datetime_operator.py
[2023-09-29T08:03:59.424+0000] {processor.py:839} INFO - DAG(s) dict_keys(['example_branch_datetime_operator_2', 'example_branch_datetime_operator_3', 'example_branch_datetime_operator']) retrieved from /home/ubuntu/airflow_venv/lib/python3.10/site-packages/airflow/example_dags/example_branch_datetime_operator.py
[2023-09-29T08:03:59.445+0000] {logging_mixin.py:151} INFO - [2023-09-29T08:03:59.445+0000] {dag.py:2915} INFO - Sync 3 DAGs
[2023-09-29T08:03:59.464+0000] {logging_mixin.py:151} INFO - [2023-09-29T08:03:59.464+0000] {dag.py:3696} INFO - Setting next_dagrun for example_branch_datetime_operator to 2023-09-28T00:00:00+00:00, run_after=2023-09-29T00:00:00+00:00
[2023-09-29T08:03:59.468+0000] {logging_mixin.py:151} INFO - [2023-09-29T08:03:59.468+0000] {dag.py:3696} INFO - Setting next_dagrun for example_branch_datetime_operator_2 to 2023-09-28T00:00:00+00:00, run_after=2023-09-29T00:00:00+00:00
[2023-09-29T08:03:59.471+0000] {logging_mixin.py:151} INFO - [2023-09-29T08:03:59.470+0000] {dag.py:3696} INFO - Setting next_dagrun for example_branch_datetime_operator_3 to 2023-09-28T00:00:00+00:00, run_after=2023-09-29T00:00:00+00:00
[2023-09-29T08:03:59.489+0000] {processor.py:179} INFO - Processing /home/ubuntu/airflow_venv/lib/python3.10/site-packages/airflow/example_dags/example_branch_datetime_operator.py took 0.080 seconds
[2023-09-29T08:04:52.339+0000] {processor.py:157} INFO - Started process (PID=1914) to work on /home/ubuntu/airflow_venv/lib/python3.10/site-packages/airflow/example_dags/example_branch_datetime_operator.py
[2023-09-29T08:04:52.340+0000] {processor.py:829} INFO - Processing file /home/ubuntu/airflow_venv/lib/python3.10/site-packages/airflow/example_dags/example_branch_datetime_operator.py for tasks to queue
[2023-09-29T08:04:52.341+0000] {logging_mixin.py:151} INFO - [2023-09-29T08:04:52.341+0000] {dagbag.py:539} INFO - Filling up the DagBag from /home/ubuntu/airflow_venv/lib/python3.10/site-packages/airflow/example_dags/example_branch_datetime_operator.py
[2023-09-29T08:04:52.354+0000] {processor.py:839} INFO - DAG(s) dict_keys(['example_branch_datetime_operator_2', 'example_branch_datetime_operator', 'example_branch_datetime_operator_3']) retrieved from /home/ubuntu/airflow_venv/lib/python3.10/site-packages/airflow/example_dags/example_branch_datetime_operator.py
[2023-09-29T08:04:52.380+0000] {logging_mixin.py:151} INFO - [2023-09-29T08:04:52.379+0000] {dag.py:2915} INFO - Sync 3 DAGs
[2023-09-29T08:04:52.407+0000] {logging_mixin.py:151} INFO - [2023-09-29T08:04:52.407+0000] {dag.py:3696} INFO - Setting next_dagrun for example_branch_datetime_operator to 2023-09-28T00:00:00+00:00, run_after=2023-09-29T00:00:00+00:00
[2023-09-29T08:04:52.413+0000] {logging_mixin.py:151} INFO - [2023-09-29T08:04:52.413+0000] {dag.py:3696} INFO - Setting next_dagrun for example_branch_datetime_operator_2 to 2023-09-28T00:00:00+00:00, run_after=2023-09-29T00:00:00+00:00
[2023-09-29T08:04:52.417+0000] {logging_mixin.py:151} INFO - [2023-09-29T08:04:52.417+0000] {dag.py:3696} INFO - Setting next_dagrun for example_branch_datetime_operator_3 to 2023-09-28T00:00:00+00:00, run_after=2023-09-29T00:00:00+00:00
[2023-09-29T08:04:52.449+0000] {processor.py:179} INFO - Processing /home/ubuntu/airflow_venv/lib/python3.10/site-packages/airflow/example_dags/example_branch_datetime_operator.py took 0.113 seconds
[2023-09-29T08:05:42.967+0000] {processor.py:157} INFO - Started process (PID=1964) to work on /home/ubuntu/airflow_venv/lib/python3.10/site-packages/airflow/example_dags/example_branch_datetime_operator.py
[2023-09-29T08:05:42.968+0000] {processor.py:829} INFO - Processing file /home/ubuntu/airflow_venv/lib/python3.10/site-packages/airflow/example_dags/example_branch_datetime_operator.py for tasks to queue
[2023-09-29T08:05:42.970+0000] {logging_mixin.py:151} INFO - [2023-09-29T08:05:42.969+0000] {dagbag.py:539} INFO - Filling up the DagBag from /home/ubuntu/airflow_venv/lib/python3.10/site-packages/airflow/example_dags/example_branch_datetime_operator.py
[2023-09-29T08:05:42.985+0000] {processor.py:839} INFO - DAG(s) dict_keys(['example_branch_datetime_operator', 'example_branch_datetime_operator_3', 'example_branch_datetime_operator_2']) retrieved from /home/ubuntu/airflow_venv/lib/python3.10/site-packages/airflow/example_dags/example_branch_datetime_operator.py
[2023-09-29T08:05:43.039+0000] {logging_mixin.py:151} INFO - [2023-09-29T08:05:43.039+0000] {dag.py:2915} INFO - Sync 3 DAGs
[2023-09-29T08:05:43.071+0000] {logging_mixin.py:151} INFO - [2023-09-29T08:05:43.071+0000] {dag.py:3696} INFO - Setting next_dagrun for example_branch_datetime_operator to 2023-09-28T00:00:00+00:00, run_after=2023-09-29T00:00:00+00:00
[2023-09-29T08:05:43.075+0000] {logging_mixin.py:151} INFO - [2023-09-29T08:05:43.075+0000] {dag.py:3696} INFO - Setting next_dagrun for example_branch_datetime_operator_2 to 2023-09-28T00:00:00+00:00, run_after=2023-09-29T00:00:00+00:00
[2023-09-29T08:05:43.077+0000] {logging_mixin.py:151} INFO - [2023-09-29T08:05:43.077+0000] {dag.py:3696} INFO - Setting next_dagrun for example_branch_datetime_operator_3 to 2023-09-28T00:00:00+00:00, run_after=2023-09-29T00:00:00+00:00
[2023-09-29T08:05:43.104+0000] {processor.py:179} INFO - Processing /home/ubuntu/airflow_venv/lib/python3.10/site-packages/airflow/example_dags/example_branch_datetime_operator.py took 0.140 seconds
[2023-09-29T08:06:36.631+0000] {processor.py:157} INFO - Started process (PID=2020) to work on /home/ubuntu/airflow_venv/lib/python3.10/site-packages/airflow/example_dags/example_branch_datetime_operator.py
[2023-09-29T08:06:36.632+0000] {processor.py:829} INFO - Processing file /home/ubuntu/airflow_venv/lib/python3.10/site-packages/airflow/example_dags/example_branch_datetime_operator.py for tasks to queue
[2023-09-29T08:06:36.633+0000] {logging_mixin.py:151} INFO - [2023-09-29T08:06:36.633+0000] {dagbag.py:539} INFO - Filling up the DagBag from /home/ubuntu/airflow_venv/lib/python3.10/site-packages/airflow/example_dags/example_branch_datetime_operator.py
[2023-09-29T08:06:36.644+0000] {processor.py:839} INFO - DAG(s) dict_keys(['example_branch_datetime_operator', 'example_branch_datetime_operator_3', 'example_branch_datetime_operator_2']) retrieved from /home/ubuntu/airflow_venv/lib/python3.10/site-packages/airflow/example_dags/example_branch_datetime_operator.py
[2023-09-29T08:06:36.668+0000] {logging_mixin.py:151} INFO - [2023-09-29T08:06:36.668+0000] {dag.py:2915} INFO - Sync 3 DAGs
[2023-09-29T08:06:36.696+0000] {logging_mixin.py:151} INFO - [2023-09-29T08:06:36.696+0000] {dag.py:3696} INFO - Setting next_dagrun for example_branch_datetime_operator to 2023-09-28T00:00:00+00:00, run_after=2023-09-29T00:00:00+00:00
[2023-09-29T08:06:36.701+0000] {logging_mixin.py:151} INFO - [2023-09-29T08:06:36.701+0000] {dag.py:3696} INFO - Setting next_dagrun for example_branch_datetime_operator_2 to 2023-09-28T00:00:00+00:00, run_after=2023-09-29T00:00:00+00:00
[2023-09-29T08:06:36.704+0000] {logging_mixin.py:151} INFO - [2023-09-29T08:06:36.704+0000] {dag.py:3696} INFO - Setting next_dagrun for example_branch_datetime_operator_3 to 2023-09-28T00:00:00+00:00, run_after=2023-09-29T00:00:00+00:00
[2023-09-29T08:06:36.738+0000] {processor.py:179} INFO - Processing /home/ubuntu/airflow_venv/lib/python3.10/site-packages/airflow/example_dags/example_branch_datetime_operator.py took 0.110 seconds
[2023-09-29T08:07:24.846+0000] {processor.py:157} INFO - Started process (PID=2070) to work on /home/ubuntu/airflow_venv/lib/python3.10/site-packages/airflow/example_dags/example_branch_datetime_operator.py
[2023-09-29T08:07:24.847+0000] {processor.py:829} INFO - Processing file /home/ubuntu/airflow_venv/lib/python3.10/site-packages/airflow/example_dags/example_branch_datetime_operator.py for tasks to queue
[2023-09-29T08:07:24.848+0000] {logging_mixin.py:151} INFO - [2023-09-29T08:07:24.847+0000] {dagbag.py:539} INFO - Filling up the DagBag from /home/ubuntu/airflow_venv/lib/python3.10/site-packages/airflow/example_dags/example_branch_datetime_operator.py
[2023-09-29T08:07:24.857+0000] {processor.py:839} INFO - DAG(s) dict_keys(['example_branch_datetime_operator_3', 'example_branch_datetime_operator_2', 'example_branch_datetime_operator']) retrieved from /home/ubuntu/airflow_venv/lib/python3.10/site-packages/airflow/example_dags/example_branch_datetime_operator.py
[2023-09-29T08:07:24.878+0000] {logging_mixin.py:151} INFO - [2023-09-29T08:07:24.878+0000] {dag.py:2915} INFO - Sync 3 DAGs
[2023-09-29T08:07:24.897+0000] {logging_mixin.py:151} INFO - [2023-09-29T08:07:24.897+0000] {dag.py:3696} INFO - Setting next_dagrun for example_branch_datetime_operator to 2023-09-28T00:00:00+00:00, run_after=2023-09-29T00:00:00+00:00
[2023-09-29T08:07:24.902+0000] {logging_mixin.py:151} INFO - [2023-09-29T08:07:24.901+0000] {dag.py:3696} INFO - Setting next_dagrun for example_branch_datetime_operator_2 to 2023-09-28T00:00:00+00:00, run_after=2023-09-29T00:00:00+00:00
[2023-09-29T08:07:24.904+0000] {logging_mixin.py:151} INFO - [2023-09-29T08:07:24.903+0000] {dag.py:3696} INFO - Setting next_dagrun for example_branch_datetime_operator_3 to 2023-09-28T00:00:00+00:00, run_after=2023-09-29T00:00:00+00:00
[2023-09-29T08:07:24.922+0000] {processor.py:179} INFO - Processing /home/ubuntu/airflow_venv/lib/python3.10/site-packages/airflow/example_dags/example_branch_datetime_operator.py took 0.079 seconds
[2023-09-29T08:08:16.688+0000] {processor.py:157} INFO - Started process (PID=2332) to work on /home/ubuntu/airflow_venv/lib/python3.10/site-packages/airflow/example_dags/example_branch_datetime_operator.py
[2023-09-29T08:08:16.689+0000] {processor.py:829} INFO - Processing file /home/ubuntu/airflow_venv/lib/python3.10/site-packages/airflow/example_dags/example_branch_datetime_operator.py for tasks to queue
[2023-09-29T08:08:16.693+0000] {logging_mixin.py:151} INFO - [2023-09-29T08:08:16.693+0000] {dagbag.py:539} INFO - Filling up the DagBag from /home/ubuntu/airflow_venv/lib/python3.10/site-packages/airflow/example_dags/example_branch_datetime_operator.py
[2023-09-29T08:08:16.704+0000] {processor.py:839} INFO - DAG(s) dict_keys(['example_branch_datetime_operator_2', 'example_branch_datetime_operator_3', 'example_branch_datetime_operator']) retrieved from /home/ubuntu/airflow_venv/lib/python3.10/site-packages/airflow/example_dags/example_branch_datetime_operator.py
[2023-09-29T08:08:16.730+0000] {logging_mixin.py:151} INFO - [2023-09-29T08:08:16.729+0000] {dag.py:2915} INFO - Sync 3 DAGs
[2023-09-29T08:08:16.751+0000] {logging_mixin.py:151} INFO - [2023-09-29T08:08:16.751+0000] {dag.py:3696} INFO - Setting next_dagrun for example_branch_datetime_operator to 2023-09-28T00:00:00+00:00, run_after=2023-09-29T00:00:00+00:00
[2023-09-29T08:08:16.756+0000] {logging_mixin.py:151} INFO - [2023-09-29T08:08:16.755+0000] {dag.py:3696} INFO - Setting next_dagrun for example_branch_datetime_operator_2 to 2023-09-28T00:00:00+00:00, run_after=2023-09-29T00:00:00+00:00
[2023-09-29T08:08:16.759+0000] {logging_mixin.py:151} INFO - [2023-09-29T08:08:16.759+0000] {dag.py:3696} INFO - Setting next_dagrun for example_branch_datetime_operator_3 to 2023-09-28T00:00:00+00:00, run_after=2023-09-29T00:00:00+00:00
[2023-09-29T08:08:16.784+0000] {processor.py:179} INFO - Processing /home/ubuntu/airflow_venv/lib/python3.10/site-packages/airflow/example_dags/example_branch_datetime_operator.py took 0.101 seconds
[2023-09-29T08:09:09.359+0000] {processor.py:157} INFO - Started process (PID=2389) to work on /home/ubuntu/airflow_venv/lib/python3.10/site-packages/airflow/example_dags/example_branch_datetime_operator.py
[2023-09-29T08:09:09.361+0000] {processor.py:829} INFO - Processing file /home/ubuntu/airflow_venv/lib/python3.10/site-packages/airflow/example_dags/example_branch_datetime_operator.py for tasks to queue
[2023-09-29T08:09:09.361+0000] {logging_mixin.py:151} INFO - [2023-09-29T08:09:09.361+0000] {dagbag.py:539} INFO - Filling up the DagBag from /home/ubuntu/airflow_venv/lib/python3.10/site-packages/airflow/example_dags/example_branch_datetime_operator.py
[2023-09-29T08:09:09.379+0000] {processor.py:839} INFO - DAG(s) dict_keys(['example_branch_datetime_operator_2', 'example_branch_datetime_operator', 'example_branch_datetime_operator_3']) retrieved from /home/ubuntu/airflow_venv/lib/python3.10/site-packages/airflow/example_dags/example_branch_datetime_operator.py
[2023-09-29T08:09:09.405+0000] {logging_mixin.py:151} INFO - [2023-09-29T08:09:09.405+0000] {dag.py:2915} INFO - Sync 3 DAGs
[2023-09-29T08:09:09.432+0000] {logging_mixin.py:151} INFO - [2023-09-29T08:09:09.432+0000] {dag.py:3696} INFO - Setting next_dagrun for example_branch_datetime_operator to 2023-09-28T00:00:00+00:00, run_after=2023-09-29T00:00:00+00:00
[2023-09-29T08:09:09.440+0000] {logging_mixin.py:151} INFO - [2023-09-29T08:09:09.439+0000] {dag.py:3696} INFO - Setting next_dagrun for example_branch_datetime_operator_2 to 2023-09-28T00:00:00+00:00, run_after=2023-09-29T00:00:00+00:00
[2023-09-29T08:09:09.443+0000] {logging_mixin.py:151} INFO - [2023-09-29T08:09:09.442+0000] {dag.py:3696} INFO - Setting next_dagrun for example_branch_datetime_operator_3 to 2023-09-28T00:00:00+00:00, run_after=2023-09-29T00:00:00+00:00
[2023-09-29T08:09:09.465+0000] {processor.py:179} INFO - Processing /home/ubuntu/airflow_venv/lib/python3.10/site-packages/airflow/example_dags/example_branch_datetime_operator.py took 0.109 seconds
[2023-09-29T09:27:37.106+0000] {processor.py:157} INFO - Started process (PID=1362) to work on /home/ubuntu/airflow_venv/lib/python3.10/site-packages/airflow/example_dags/example_branch_datetime_operator.py
[2023-09-29T09:27:37.108+0000] {processor.py:829} INFO - Processing file /home/ubuntu/airflow_venv/lib/python3.10/site-packages/airflow/example_dags/example_branch_datetime_operator.py for tasks to queue
[2023-09-29T09:27:37.109+0000] {logging_mixin.py:151} INFO - [2023-09-29T09:27:37.108+0000] {dagbag.py:539} INFO - Filling up the DagBag from /home/ubuntu/airflow_venv/lib/python3.10/site-packages/airflow/example_dags/example_branch_datetime_operator.py
[2023-09-29T09:27:37.119+0000] {processor.py:839} INFO - DAG(s) dict_keys(['example_branch_datetime_operator_3', 'example_branch_datetime_operator', 'example_branch_datetime_operator_2']) retrieved from /home/ubuntu/airflow_venv/lib/python3.10/site-packages/airflow/example_dags/example_branch_datetime_operator.py
[2023-09-29T09:27:37.141+0000] {logging_mixin.py:151} INFO - [2023-09-29T09:27:37.141+0000] {dag.py:2915} INFO - Sync 3 DAGs
[2023-09-29T09:27:37.161+0000] {logging_mixin.py:151} INFO - [2023-09-29T09:27:37.161+0000] {dag.py:3696} INFO - Setting next_dagrun for example_branch_datetime_operator to 2023-09-28T00:00:00+00:00, run_after=2023-09-29T00:00:00+00:00
[2023-09-29T09:27:37.165+0000] {logging_mixin.py:151} INFO - [2023-09-29T09:27:37.165+0000] {dag.py:3696} INFO - Setting next_dagrun for example_branch_datetime_operator_2 to 2023-09-28T00:00:00+00:00, run_after=2023-09-29T00:00:00+00:00
[2023-09-29T09:27:37.168+0000] {logging_mixin.py:151} INFO - [2023-09-29T09:27:37.167+0000] {dag.py:3696} INFO - Setting next_dagrun for example_branch_datetime_operator_3 to 2023-09-28T00:00:00+00:00, run_after=2023-09-29T00:00:00+00:00
[2023-09-29T09:27:37.186+0000] {processor.py:179} INFO - Processing /home/ubuntu/airflow_venv/lib/python3.10/site-packages/airflow/example_dags/example_branch_datetime_operator.py took 0.083 seconds
[2023-09-29T09:29:02.675+0000] {processor.py:157} INFO - Started process (PID=1442) to work on /home/ubuntu/airflow_venv/lib/python3.10/site-packages/airflow/example_dags/example_branch_datetime_operator.py
[2023-09-29T09:29:02.681+0000] {processor.py:829} INFO - Processing file /home/ubuntu/airflow_venv/lib/python3.10/site-packages/airflow/example_dags/example_branch_datetime_operator.py for tasks to queue
[2023-09-29T09:29:02.682+0000] {logging_mixin.py:151} INFO - [2023-09-29T09:29:02.681+0000] {dagbag.py:539} INFO - Filling up the DagBag from /home/ubuntu/airflow_venv/lib/python3.10/site-packages/airflow/example_dags/example_branch_datetime_operator.py
[2023-09-29T09:29:02.700+0000] {processor.py:839} INFO - DAG(s) dict_keys(['example_branch_datetime_operator', 'example_branch_datetime_operator_3', 'example_branch_datetime_operator_2']) retrieved from /home/ubuntu/airflow_venv/lib/python3.10/site-packages/airflow/example_dags/example_branch_datetime_operator.py
[2023-09-29T09:29:02.860+0000] {logging_mixin.py:151} INFO - [2023-09-29T09:29:02.859+0000] {dag.py:2915} INFO - Sync 3 DAGs
[2023-09-29T09:29:02.876+0000] {logging_mixin.py:151} INFO - [2023-09-29T09:29:02.876+0000] {dag.py:3696} INFO - Setting next_dagrun for example_branch_datetime_operator to 2023-09-28T00:00:00+00:00, run_after=2023-09-29T00:00:00+00:00
[2023-09-29T09:29:02.880+0000] {logging_mixin.py:151} INFO - [2023-09-29T09:29:02.880+0000] {dag.py:3696} INFO - Setting next_dagrun for example_branch_datetime_operator_2 to 2023-09-28T00:00:00+00:00, run_after=2023-09-29T00:00:00+00:00
[2023-09-29T09:29:02.882+0000] {logging_mixin.py:151} INFO - [2023-09-29T09:29:02.882+0000] {dag.py:3696} INFO - Setting next_dagrun for example_branch_datetime_operator_3 to 2023-09-28T00:00:00+00:00, run_after=2023-09-29T00:00:00+00:00
[2023-09-29T09:29:02.899+0000] {processor.py:179} INFO - Processing /home/ubuntu/airflow_venv/lib/python3.10/site-packages/airflow/example_dags/example_branch_datetime_operator.py took 0.232 seconds
[2023-09-29T09:32:36.515+0000] {processor.py:157} INFO - Started process (PID=2294) to work on /home/ubuntu/airflow_venv/lib/python3.10/site-packages/airflow/example_dags/example_branch_datetime_operator.py
[2023-09-29T09:32:36.517+0000] {processor.py:829} INFO - Processing file /home/ubuntu/airflow_venv/lib/python3.10/site-packages/airflow/example_dags/example_branch_datetime_operator.py for tasks to queue
[2023-09-29T09:32:36.518+0000] {logging_mixin.py:151} INFO - [2023-09-29T09:32:36.518+0000] {dagbag.py:539} INFO - Filling up the DagBag from /home/ubuntu/airflow_venv/lib/python3.10/site-packages/airflow/example_dags/example_branch_datetime_operator.py
[2023-09-29T09:32:36.531+0000] {processor.py:839} INFO - DAG(s) dict_keys(['example_branch_datetime_operator', 'example_branch_datetime_operator_3', 'example_branch_datetime_operator_2']) retrieved from /home/ubuntu/airflow_venv/lib/python3.10/site-packages/airflow/example_dags/example_branch_datetime_operator.py
[2023-09-29T09:32:36.555+0000] {logging_mixin.py:151} INFO - [2023-09-29T09:32:36.555+0000] {dag.py:2915} INFO - Sync 3 DAGs
[2023-09-29T09:32:36.575+0000] {logging_mixin.py:151} INFO - [2023-09-29T09:32:36.575+0000] {dag.py:3696} INFO - Setting next_dagrun for example_branch_datetime_operator to 2023-09-28T00:00:00+00:00, run_after=2023-09-29T00:00:00+00:00
[2023-09-29T09:32:36.580+0000] {logging_mixin.py:151} INFO - [2023-09-29T09:32:36.579+0000] {dag.py:3696} INFO - Setting next_dagrun for example_branch_datetime_operator_2 to 2023-09-28T00:00:00+00:00, run_after=2023-09-29T00:00:00+00:00
[2023-09-29T09:32:36.582+0000] {logging_mixin.py:151} INFO - [2023-09-29T09:32:36.582+0000] {dag.py:3696} INFO - Setting next_dagrun for example_branch_datetime_operator_3 to 2023-09-28T00:00:00+00:00, run_after=2023-09-29T00:00:00+00:00
[2023-09-29T09:32:36.603+0000] {processor.py:179} INFO - Processing /home/ubuntu/airflow_venv/lib/python3.10/site-packages/airflow/example_dags/example_branch_datetime_operator.py took 0.091 seconds
[2023-09-29T09:52:32.565+0000] {processor.py:157} INFO - Started process (PID=3503) to work on /home/ubuntu/airflow_venv/lib/python3.10/site-packages/airflow/example_dags/example_branch_datetime_operator.py
[2023-09-29T09:52:32.566+0000] {processor.py:829} INFO - Processing file /home/ubuntu/airflow_venv/lib/python3.10/site-packages/airflow/example_dags/example_branch_datetime_operator.py for tasks to queue
[2023-09-29T09:52:32.567+0000] {logging_mixin.py:151} INFO - [2023-09-29T09:52:32.567+0000] {dagbag.py:539} INFO - Filling up the DagBag from /home/ubuntu/airflow_venv/lib/python3.10/site-packages/airflow/example_dags/example_branch_datetime_operator.py
[2023-09-29T09:52:32.576+0000] {processor.py:839} INFO - DAG(s) dict_keys(['example_branch_datetime_operator_2', 'example_branch_datetime_operator_3', 'example_branch_datetime_operator']) retrieved from /home/ubuntu/airflow_venv/lib/python3.10/site-packages/airflow/example_dags/example_branch_datetime_operator.py
[2023-09-29T09:52:32.602+0000] {logging_mixin.py:151} INFO - [2023-09-29T09:52:32.602+0000] {dag.py:2915} INFO - Sync 3 DAGs
[2023-09-29T09:52:32.624+0000] {logging_mixin.py:151} INFO - [2023-09-29T09:52:32.624+0000] {dag.py:3696} INFO - Setting next_dagrun for example_branch_datetime_operator to 2023-09-28T00:00:00+00:00, run_after=2023-09-29T00:00:00+00:00
[2023-09-29T09:52:32.628+0000] {logging_mixin.py:151} INFO - [2023-09-29T09:52:32.628+0000] {dag.py:3696} INFO - Setting next_dagrun for example_branch_datetime_operator_2 to 2023-09-28T00:00:00+00:00, run_after=2023-09-29T00:00:00+00:00
[2023-09-29T09:52:32.630+0000] {logging_mixin.py:151} INFO - [2023-09-29T09:52:32.630+0000] {dag.py:3696} INFO - Setting next_dagrun for example_branch_datetime_operator_3 to 2023-09-28T00:00:00+00:00, run_after=2023-09-29T00:00:00+00:00
[2023-09-29T09:52:32.655+0000] {processor.py:179} INFO - Processing /home/ubuntu/airflow_venv/lib/python3.10/site-packages/airflow/example_dags/example_branch_datetime_operator.py took 0.093 seconds
[2023-09-29T09:53:54.716+0000] {processor.py:157} INFO - Started process (PID=3577) to work on /home/ubuntu/airflow_venv/lib/python3.10/site-packages/airflow/example_dags/example_branch_datetime_operator.py
[2023-09-29T09:53:54.719+0000] {processor.py:829} INFO - Processing file /home/ubuntu/airflow_venv/lib/python3.10/site-packages/airflow/example_dags/example_branch_datetime_operator.py for tasks to queue
[2023-09-29T09:53:54.720+0000] {logging_mixin.py:151} INFO - [2023-09-29T09:53:54.719+0000] {dagbag.py:539} INFO - Filling up the DagBag from /home/ubuntu/airflow_venv/lib/python3.10/site-packages/airflow/example_dags/example_branch_datetime_operator.py
[2023-09-29T09:53:54.730+0000] {processor.py:839} INFO - DAG(s) dict_keys(['example_branch_datetime_operator_2', 'example_branch_datetime_operator_3', 'example_branch_datetime_operator']) retrieved from /home/ubuntu/airflow_venv/lib/python3.10/site-packages/airflow/example_dags/example_branch_datetime_operator.py
[2023-09-29T09:53:54.902+0000] {logging_mixin.py:151} INFO - [2023-09-29T09:53:54.902+0000] {dag.py:2915} INFO - Sync 3 DAGs
[2023-09-29T09:53:54.920+0000] {logging_mixin.py:151} INFO - [2023-09-29T09:53:54.920+0000] {dag.py:3696} INFO - Setting next_dagrun for example_branch_datetime_operator to 2023-09-28T00:00:00+00:00, run_after=2023-09-29T00:00:00+00:00
[2023-09-29T09:53:54.924+0000] {logging_mixin.py:151} INFO - [2023-09-29T09:53:54.924+0000] {dag.py:3696} INFO - Setting next_dagrun for example_branch_datetime_operator_2 to 2023-09-28T00:00:00+00:00, run_after=2023-09-29T00:00:00+00:00
[2023-09-29T09:53:54.927+0000] {logging_mixin.py:151} INFO - [2023-09-29T09:53:54.926+0000] {dag.py:3696} INFO - Setting next_dagrun for example_branch_datetime_operator_3 to 2023-09-28T00:00:00+00:00, run_after=2023-09-29T00:00:00+00:00
[2023-09-29T09:53:54.962+0000] {processor.py:179} INFO - Processing /home/ubuntu/airflow_venv/lib/python3.10/site-packages/airflow/example_dags/example_branch_datetime_operator.py took 0.249 seconds
[2023-09-29T09:56:48.995+0000] {processor.py:157} INFO - Started process (PID=4150) to work on /home/ubuntu/airflow_venv/lib/python3.10/site-packages/airflow/example_dags/example_branch_datetime_operator.py
[2023-09-29T09:56:48.997+0000] {processor.py:829} INFO - Processing file /home/ubuntu/airflow_venv/lib/python3.10/site-packages/airflow/example_dags/example_branch_datetime_operator.py for tasks to queue
[2023-09-29T09:56:48.998+0000] {logging_mixin.py:151} INFO - [2023-09-29T09:56:48.997+0000] {dagbag.py:539} INFO - Filling up the DagBag from /home/ubuntu/airflow_venv/lib/python3.10/site-packages/airflow/example_dags/example_branch_datetime_operator.py
[2023-09-29T09:56:49.009+0000] {processor.py:839} INFO - DAG(s) dict_keys(['example_branch_datetime_operator_2', 'example_branch_datetime_operator', 'example_branch_datetime_operator_3']) retrieved from /home/ubuntu/airflow_venv/lib/python3.10/site-packages/airflow/example_dags/example_branch_datetime_operator.py
[2023-09-29T09:56:49.034+0000] {logging_mixin.py:151} INFO - [2023-09-29T09:56:49.034+0000] {dag.py:2915} INFO - Sync 3 DAGs
[2023-09-29T09:56:49.055+0000] {logging_mixin.py:151} INFO - [2023-09-29T09:56:49.055+0000] {dag.py:3696} INFO - Setting next_dagrun for example_branch_datetime_operator to 2023-09-28T00:00:00+00:00, run_after=2023-09-29T00:00:00+00:00
[2023-09-29T09:56:49.059+0000] {logging_mixin.py:151} INFO - [2023-09-29T09:56:49.059+0000] {dag.py:3696} INFO - Setting next_dagrun for example_branch_datetime_operator_2 to 2023-09-28T00:00:00+00:00, run_after=2023-09-29T00:00:00+00:00
[2023-09-29T09:56:49.061+0000] {logging_mixin.py:151} INFO - [2023-09-29T09:56:49.061+0000] {dag.py:3696} INFO - Setting next_dagrun for example_branch_datetime_operator_3 to 2023-09-28T00:00:00+00:00, run_after=2023-09-29T00:00:00+00:00
[2023-09-29T09:56:49.080+0000] {processor.py:179} INFO - Processing /home/ubuntu/airflow_venv/lib/python3.10/site-packages/airflow/example_dags/example_branch_datetime_operator.py took 0.088 seconds
[2023-09-29T09:57:42.385+0000] {processor.py:157} INFO - Started process (PID=4199) to work on /home/ubuntu/airflow_venv/lib/python3.10/site-packages/airflow/example_dags/example_branch_datetime_operator.py
[2023-09-29T09:57:42.386+0000] {processor.py:829} INFO - Processing file /home/ubuntu/airflow_venv/lib/python3.10/site-packages/airflow/example_dags/example_branch_datetime_operator.py for tasks to queue
[2023-09-29T09:57:42.386+0000] {logging_mixin.py:151} INFO - [2023-09-29T09:57:42.386+0000] {dagbag.py:539} INFO - Filling up the DagBag from /home/ubuntu/airflow_venv/lib/python3.10/site-packages/airflow/example_dags/example_branch_datetime_operator.py
[2023-09-29T09:57:42.399+0000] {processor.py:839} INFO - DAG(s) dict_keys(['example_branch_datetime_operator', 'example_branch_datetime_operator_2', 'example_branch_datetime_operator_3']) retrieved from /home/ubuntu/airflow_venv/lib/python3.10/site-packages/airflow/example_dags/example_branch_datetime_operator.py
[2023-09-29T09:57:42.424+0000] {logging_mixin.py:151} INFO - [2023-09-29T09:57:42.424+0000] {dag.py:2915} INFO - Sync 3 DAGs
[2023-09-29T09:57:42.629+0000] {logging_mixin.py:151} INFO - [2023-09-29T09:57:42.628+0000] {dag.py:3696} INFO - Setting next_dagrun for example_branch_datetime_operator to 2023-09-28T00:00:00+00:00, run_after=2023-09-29T00:00:00+00:00
[2023-09-29T09:57:42.633+0000] {logging_mixin.py:151} INFO - [2023-09-29T09:57:42.633+0000] {dag.py:3696} INFO - Setting next_dagrun for example_branch_datetime_operator_2 to 2023-09-28T00:00:00+00:00, run_after=2023-09-29T00:00:00+00:00
[2023-09-29T09:57:42.636+0000] {logging_mixin.py:151} INFO - [2023-09-29T09:57:42.636+0000] {dag.py:3696} INFO - Setting next_dagrun for example_branch_datetime_operator_3 to 2023-09-28T00:00:00+00:00, run_after=2023-09-29T00:00:00+00:00
[2023-09-29T09:57:42.656+0000] {processor.py:179} INFO - Processing /home/ubuntu/airflow_venv/lib/python3.10/site-packages/airflow/example_dags/example_branch_datetime_operator.py took 0.275 seconds
