[2023-09-29T07:22:44.780+0000] {processor.py:157} INFO - Started process (PID=12214) to work on /home/ubuntu/airflow_venv/lib/python3.10/site-packages/airflow/example_dags/example_nested_branch_dag.py
[2023-09-29T07:22:44.787+0000] {processor.py:829} INFO - Processing file /home/ubuntu/airflow_venv/lib/python3.10/site-packages/airflow/example_dags/example_nested_branch_dag.py for tasks to queue
[2023-09-29T07:22:44.787+0000] {logging_mixin.py:151} INFO - [2023-09-29T07:22:44.787+0000] {dagbag.py:539} INFO - Filling up the DagBag from /home/ubuntu/airflow_venv/lib/python3.10/site-packages/airflow/example_dags/example_nested_branch_dag.py
[2023-09-29T07:22:44.817+0000] {processor.py:839} INFO - DAG(s) dict_keys(['example_nested_branch_dag']) retrieved from /home/ubuntu/airflow_venv/lib/python3.10/site-packages/airflow/example_dags/example_nested_branch_dag.py
[2023-09-29T07:22:44.837+0000] {logging_mixin.py:151} INFO - [2023-09-29T07:22:44.837+0000] {dag.py:2915} INFO - Sync 1 DAGs
[2023-09-29T07:22:44.859+0000] {logging_mixin.py:151} INFO - [2023-09-29T07:22:44.859+0000] {dag.py:3696} INFO - Setting next_dagrun for example_nested_branch_dag to 2023-09-28T00:00:00+00:00, run_after=2023-09-29T00:00:00+00:00
[2023-09-29T07:22:44.879+0000] {processor.py:179} INFO - Processing /home/ubuntu/airflow_venv/lib/python3.10/site-packages/airflow/example_dags/example_nested_branch_dag.py took 0.106 seconds
[2023-09-29T07:27:54.271+0000] {processor.py:157} INFO - Started process (PID=12842) to work on /home/ubuntu/airflow_venv/lib/python3.10/site-packages/airflow/example_dags/example_nested_branch_dag.py
[2023-09-29T07:27:54.272+0000] {processor.py:829} INFO - Processing file /home/ubuntu/airflow_venv/lib/python3.10/site-packages/airflow/example_dags/example_nested_branch_dag.py for tasks to queue
[2023-09-29T07:27:54.273+0000] {logging_mixin.py:151} INFO - [2023-09-29T07:27:54.273+0000] {dagbag.py:539} INFO - Filling up the DagBag from /home/ubuntu/airflow_venv/lib/python3.10/site-packages/airflow/example_dags/example_nested_branch_dag.py
[2023-09-29T07:27:54.284+0000] {processor.py:839} INFO - DAG(s) dict_keys(['example_nested_branch_dag']) retrieved from /home/ubuntu/airflow_venv/lib/python3.10/site-packages/airflow/example_dags/example_nested_branch_dag.py
[2023-09-29T07:27:54.482+0000] {logging_mixin.py:151} INFO - [2023-09-29T07:27:54.482+0000] {dag.py:2915} INFO - Sync 1 DAGs
[2023-09-29T07:27:54.501+0000] {logging_mixin.py:151} INFO - [2023-09-29T07:27:54.501+0000] {dag.py:3696} INFO - Setting next_dagrun for example_nested_branch_dag to 2023-09-28T00:00:00+00:00, run_after=2023-09-29T00:00:00+00:00
[2023-09-29T07:27:54.530+0000] {processor.py:179} INFO - Processing /home/ubuntu/airflow_venv/lib/python3.10/site-packages/airflow/example_dags/example_nested_branch_dag.py took 0.263 seconds
[2023-09-29T07:28:53.008+0000] {processor.py:157} INFO - Started process (PID=12899) to work on /home/ubuntu/airflow_venv/lib/python3.10/site-packages/airflow/example_dags/example_nested_branch_dag.py
[2023-09-29T07:28:53.009+0000] {processor.py:829} INFO - Processing file /home/ubuntu/airflow_venv/lib/python3.10/site-packages/airflow/example_dags/example_nested_branch_dag.py for tasks to queue
[2023-09-29T07:28:53.010+0000] {logging_mixin.py:151} INFO - [2023-09-29T07:28:53.010+0000] {dagbag.py:539} INFO - Filling up the DagBag from /home/ubuntu/airflow_venv/lib/python3.10/site-packages/airflow/example_dags/example_nested_branch_dag.py
[2023-09-29T07:28:53.021+0000] {processor.py:839} INFO - DAG(s) dict_keys(['example_nested_branch_dag']) retrieved from /home/ubuntu/airflow_venv/lib/python3.10/site-packages/airflow/example_dags/example_nested_branch_dag.py
[2023-09-29T07:28:53.040+0000] {logging_mixin.py:151} INFO - [2023-09-29T07:28:53.040+0000] {dag.py:2915} INFO - Sync 1 DAGs
[2023-09-29T07:28:53.060+0000] {logging_mixin.py:151} INFO - [2023-09-29T07:28:53.060+0000] {dag.py:3696} INFO - Setting next_dagrun for example_nested_branch_dag to 2023-09-28T00:00:00+00:00, run_after=2023-09-29T00:00:00+00:00
[2023-09-29T07:28:53.084+0000] {processor.py:179} INFO - Processing /home/ubuntu/airflow_venv/lib/python3.10/site-packages/airflow/example_dags/example_nested_branch_dag.py took 0.079 seconds
[2023-09-29T07:29:48.176+0000] {processor.py:157} INFO - Started process (PID=12954) to work on /home/ubuntu/airflow_venv/lib/python3.10/site-packages/airflow/example_dags/example_nested_branch_dag.py
[2023-09-29T07:29:48.177+0000] {processor.py:829} INFO - Processing file /home/ubuntu/airflow_venv/lib/python3.10/site-packages/airflow/example_dags/example_nested_branch_dag.py for tasks to queue
[2023-09-29T07:29:48.178+0000] {logging_mixin.py:151} INFO - [2023-09-29T07:29:48.178+0000] {dagbag.py:539} INFO - Filling up the DagBag from /home/ubuntu/airflow_venv/lib/python3.10/site-packages/airflow/example_dags/example_nested_branch_dag.py
[2023-09-29T07:29:48.189+0000] {processor.py:839} INFO - DAG(s) dict_keys(['example_nested_branch_dag']) retrieved from /home/ubuntu/airflow_venv/lib/python3.10/site-packages/airflow/example_dags/example_nested_branch_dag.py
[2023-09-29T07:29:48.208+0000] {logging_mixin.py:151} INFO - [2023-09-29T07:29:48.207+0000] {dag.py:2915} INFO - Sync 1 DAGs
[2023-09-29T07:29:48.231+0000] {logging_mixin.py:151} INFO - [2023-09-29T07:29:48.231+0000] {dag.py:3696} INFO - Setting next_dagrun for example_nested_branch_dag to 2023-09-28T00:00:00+00:00, run_after=2023-09-29T00:00:00+00:00
[2023-09-29T07:29:48.252+0000] {processor.py:179} INFO - Processing /home/ubuntu/airflow_venv/lib/python3.10/site-packages/airflow/example_dags/example_nested_branch_dag.py took 0.079 seconds
[2023-09-29T07:30:44.287+0000] {processor.py:157} INFO - Started process (PID=13014) to work on /home/ubuntu/airflow_venv/lib/python3.10/site-packages/airflow/example_dags/example_nested_branch_dag.py
[2023-09-29T07:30:44.289+0000] {processor.py:829} INFO - Processing file /home/ubuntu/airflow_venv/lib/python3.10/site-packages/airflow/example_dags/example_nested_branch_dag.py for tasks to queue
[2023-09-29T07:30:44.291+0000] {logging_mixin.py:151} INFO - [2023-09-29T07:30:44.291+0000] {dagbag.py:539} INFO - Filling up the DagBag from /home/ubuntu/airflow_venv/lib/python3.10/site-packages/airflow/example_dags/example_nested_branch_dag.py
[2023-09-29T07:30:44.315+0000] {processor.py:839} INFO - DAG(s) dict_keys(['example_nested_branch_dag']) retrieved from /home/ubuntu/airflow_venv/lib/python3.10/site-packages/airflow/example_dags/example_nested_branch_dag.py
[2023-09-29T07:30:44.337+0000] {logging_mixin.py:151} INFO - [2023-09-29T07:30:44.337+0000] {dag.py:2915} INFO - Sync 1 DAGs
[2023-09-29T07:30:44.358+0000] {logging_mixin.py:151} INFO - [2023-09-29T07:30:44.358+0000] {dag.py:3696} INFO - Setting next_dagrun for example_nested_branch_dag to 2023-09-28T00:00:00+00:00, run_after=2023-09-29T00:00:00+00:00
[2023-09-29T07:30:44.385+0000] {processor.py:179} INFO - Processing /home/ubuntu/airflow_venv/lib/python3.10/site-packages/airflow/example_dags/example_nested_branch_dag.py took 0.110 seconds
[2023-09-29T07:43:36.973+0000] {processor.py:157} INFO - Started process (PID=1228) to work on /home/ubuntu/airflow_venv/lib/python3.10/site-packages/airflow/example_dags/example_nested_branch_dag.py
[2023-09-29T07:43:36.975+0000] {processor.py:829} INFO - Processing file /home/ubuntu/airflow_venv/lib/python3.10/site-packages/airflow/example_dags/example_nested_branch_dag.py for tasks to queue
[2023-09-29T07:43:36.976+0000] {logging_mixin.py:151} INFO - [2023-09-29T07:43:36.975+0000] {dagbag.py:539} INFO - Filling up the DagBag from /home/ubuntu/airflow_venv/lib/python3.10/site-packages/airflow/example_dags/example_nested_branch_dag.py
[2023-09-29T07:43:36.986+0000] {processor.py:839} INFO - DAG(s) dict_keys(['example_nested_branch_dag']) retrieved from /home/ubuntu/airflow_venv/lib/python3.10/site-packages/airflow/example_dags/example_nested_branch_dag.py
[2023-09-29T07:43:37.006+0000] {logging_mixin.py:151} INFO - [2023-09-29T07:43:37.006+0000] {dag.py:2915} INFO - Sync 1 DAGs
[2023-09-29T07:43:37.027+0000] {logging_mixin.py:151} INFO - [2023-09-29T07:43:37.027+0000] {dag.py:3696} INFO - Setting next_dagrun for example_nested_branch_dag to 2023-09-28T00:00:00+00:00, run_after=2023-09-29T00:00:00+00:00
[2023-09-29T07:43:37.048+0000] {processor.py:179} INFO - Processing /home/ubuntu/airflow_venv/lib/python3.10/site-packages/airflow/example_dags/example_nested_branch_dag.py took 0.078 seconds
[2023-09-29T07:44:45.832+0000] {processor.py:157} INFO - Started process (PID=1290) to work on /home/ubuntu/airflow_venv/lib/python3.10/site-packages/airflow/example_dags/example_nested_branch_dag.py
[2023-09-29T07:44:45.834+0000] {processor.py:829} INFO - Processing file /home/ubuntu/airflow_venv/lib/python3.10/site-packages/airflow/example_dags/example_nested_branch_dag.py for tasks to queue
[2023-09-29T07:44:45.835+0000] {logging_mixin.py:151} INFO - [2023-09-29T07:44:45.835+0000] {dagbag.py:539} INFO - Filling up the DagBag from /home/ubuntu/airflow_venv/lib/python3.10/site-packages/airflow/example_dags/example_nested_branch_dag.py
[2023-09-29T07:44:45.847+0000] {processor.py:839} INFO - DAG(s) dict_keys(['example_nested_branch_dag']) retrieved from /home/ubuntu/airflow_venv/lib/python3.10/site-packages/airflow/example_dags/example_nested_branch_dag.py
[2023-09-29T07:44:45.865+0000] {logging_mixin.py:151} INFO - [2023-09-29T07:44:45.865+0000] {dag.py:2915} INFO - Sync 1 DAGs
[2023-09-29T07:44:46.066+0000] {logging_mixin.py:151} INFO - [2023-09-29T07:44:46.066+0000] {dag.py:3696} INFO - Setting next_dagrun for example_nested_branch_dag to 2023-09-28T00:00:00+00:00, run_after=2023-09-29T00:00:00+00:00
[2023-09-29T07:44:46.093+0000] {processor.py:179} INFO - Processing /home/ubuntu/airflow_venv/lib/python3.10/site-packages/airflow/example_dags/example_nested_branch_dag.py took 0.264 seconds
[2023-09-29T07:55:31.867+0000] {processor.py:157} INFO - Started process (PID=1352) to work on /home/ubuntu/airflow_venv/lib/python3.10/site-packages/airflow/example_dags/example_nested_branch_dag.py
[2023-09-29T07:55:31.869+0000] {processor.py:829} INFO - Processing file /home/ubuntu/airflow_venv/lib/python3.10/site-packages/airflow/example_dags/example_nested_branch_dag.py for tasks to queue
[2023-09-29T07:55:31.870+0000] {logging_mixin.py:151} INFO - [2023-09-29T07:55:31.869+0000] {dagbag.py:539} INFO - Filling up the DagBag from /home/ubuntu/airflow_venv/lib/python3.10/site-packages/airflow/example_dags/example_nested_branch_dag.py
[2023-09-29T07:55:31.881+0000] {processor.py:839} INFO - DAG(s) dict_keys(['example_nested_branch_dag']) retrieved from /home/ubuntu/airflow_venv/lib/python3.10/site-packages/airflow/example_dags/example_nested_branch_dag.py
[2023-09-29T07:55:31.904+0000] {logging_mixin.py:151} INFO - [2023-09-29T07:55:31.904+0000] {dag.py:2915} INFO - Sync 1 DAGs
[2023-09-29T07:55:31.926+0000] {logging_mixin.py:151} INFO - [2023-09-29T07:55:31.926+0000] {dag.py:3696} INFO - Setting next_dagrun for example_nested_branch_dag to 2023-09-28T00:00:00+00:00, run_after=2023-09-29T00:00:00+00:00
[2023-09-29T07:55:31.951+0000] {processor.py:179} INFO - Processing /home/ubuntu/airflow_venv/lib/python3.10/site-packages/airflow/example_dags/example_nested_branch_dag.py took 0.087 seconds
[2023-09-29T07:56:30.010+0000] {processor.py:157} INFO - Started process (PID=1406) to work on /home/ubuntu/airflow_venv/lib/python3.10/site-packages/airflow/example_dags/example_nested_branch_dag.py
[2023-09-29T07:56:30.011+0000] {processor.py:829} INFO - Processing file /home/ubuntu/airflow_venv/lib/python3.10/site-packages/airflow/example_dags/example_nested_branch_dag.py for tasks to queue
[2023-09-29T07:56:30.012+0000] {logging_mixin.py:151} INFO - [2023-09-29T07:56:30.012+0000] {dagbag.py:539} INFO - Filling up the DagBag from /home/ubuntu/airflow_venv/lib/python3.10/site-packages/airflow/example_dags/example_nested_branch_dag.py
[2023-09-29T07:56:30.022+0000] {processor.py:839} INFO - DAG(s) dict_keys(['example_nested_branch_dag']) retrieved from /home/ubuntu/airflow_venv/lib/python3.10/site-packages/airflow/example_dags/example_nested_branch_dag.py
[2023-09-29T07:56:30.045+0000] {logging_mixin.py:151} INFO - [2023-09-29T07:56:30.045+0000] {dag.py:2915} INFO - Sync 1 DAGs
[2023-09-29T07:56:30.213+0000] {logging_mixin.py:151} INFO - [2023-09-29T07:56:30.213+0000] {dag.py:3696} INFO - Setting next_dagrun for example_nested_branch_dag to 2023-09-28T00:00:00+00:00, run_after=2023-09-29T00:00:00+00:00
[2023-09-29T07:56:30.233+0000] {processor.py:179} INFO - Processing /home/ubuntu/airflow_venv/lib/python3.10/site-packages/airflow/example_dags/example_nested_branch_dag.py took 0.226 seconds
[2023-09-29T07:57:25.829+0000] {processor.py:157} INFO - Started process (PID=1454) to work on /home/ubuntu/airflow_venv/lib/python3.10/site-packages/airflow/example_dags/example_nested_branch_dag.py
[2023-09-29T07:57:25.830+0000] {processor.py:829} INFO - Processing file /home/ubuntu/airflow_venv/lib/python3.10/site-packages/airflow/example_dags/example_nested_branch_dag.py for tasks to queue
[2023-09-29T07:57:25.831+0000] {logging_mixin.py:151} INFO - [2023-09-29T07:57:25.831+0000] {dagbag.py:539} INFO - Filling up the DagBag from /home/ubuntu/airflow_venv/lib/python3.10/site-packages/airflow/example_dags/example_nested_branch_dag.py
[2023-09-29T07:57:25.841+0000] {processor.py:839} INFO - DAG(s) dict_keys(['example_nested_branch_dag']) retrieved from /home/ubuntu/airflow_venv/lib/python3.10/site-packages/airflow/example_dags/example_nested_branch_dag.py
[2023-09-29T07:57:25.859+0000] {logging_mixin.py:151} INFO - [2023-09-29T07:57:25.859+0000] {dag.py:2915} INFO - Sync 1 DAGs
[2023-09-29T07:57:25.879+0000] {logging_mixin.py:151} INFO - [2023-09-29T07:57:25.878+0000] {dag.py:3696} INFO - Setting next_dagrun for example_nested_branch_dag to 2023-09-28T00:00:00+00:00, run_after=2023-09-29T00:00:00+00:00
[2023-09-29T07:57:25.901+0000] {processor.py:179} INFO - Processing /home/ubuntu/airflow_venv/lib/python3.10/site-packages/airflow/example_dags/example_nested_branch_dag.py took 0.075 seconds
[2023-09-29T07:58:25.913+0000] {processor.py:157} INFO - Started process (PID=1515) to work on /home/ubuntu/airflow_venv/lib/python3.10/site-packages/airflow/example_dags/example_nested_branch_dag.py
[2023-09-29T07:58:25.915+0000] {processor.py:829} INFO - Processing file /home/ubuntu/airflow_venv/lib/python3.10/site-packages/airflow/example_dags/example_nested_branch_dag.py for tasks to queue
[2023-09-29T07:58:25.916+0000] {logging_mixin.py:151} INFO - [2023-09-29T07:58:25.915+0000] {dagbag.py:539} INFO - Filling up the DagBag from /home/ubuntu/airflow_venv/lib/python3.10/site-packages/airflow/example_dags/example_nested_branch_dag.py
[2023-09-29T07:58:25.926+0000] {processor.py:839} INFO - DAG(s) dict_keys(['example_nested_branch_dag']) retrieved from /home/ubuntu/airflow_venv/lib/python3.10/site-packages/airflow/example_dags/example_nested_branch_dag.py
[2023-09-29T07:58:25.945+0000] {logging_mixin.py:151} INFO - [2023-09-29T07:58:25.945+0000] {dag.py:2915} INFO - Sync 1 DAGs
[2023-09-29T07:58:25.965+0000] {logging_mixin.py:151} INFO - [2023-09-29T07:58:25.965+0000] {dag.py:3696} INFO - Setting next_dagrun for example_nested_branch_dag to 2023-09-28T00:00:00+00:00, run_after=2023-09-29T00:00:00+00:00
[2023-09-29T07:58:25.987+0000] {processor.py:179} INFO - Processing /home/ubuntu/airflow_venv/lib/python3.10/site-packages/airflow/example_dags/example_nested_branch_dag.py took 0.077 seconds
[2023-09-29T07:59:15.649+0000] {processor.py:157} INFO - Started process (PID=1571) to work on /home/ubuntu/airflow_venv/lib/python3.10/site-packages/airflow/example_dags/example_nested_branch_dag.py
[2023-09-29T07:59:15.650+0000] {processor.py:829} INFO - Processing file /home/ubuntu/airflow_venv/lib/python3.10/site-packages/airflow/example_dags/example_nested_branch_dag.py for tasks to queue
[2023-09-29T07:59:15.651+0000] {logging_mixin.py:151} INFO - [2023-09-29T07:59:15.650+0000] {dagbag.py:539} INFO - Filling up the DagBag from /home/ubuntu/airflow_venv/lib/python3.10/site-packages/airflow/example_dags/example_nested_branch_dag.py
[2023-09-29T07:59:15.660+0000] {processor.py:839} INFO - DAG(s) dict_keys(['example_nested_branch_dag']) retrieved from /home/ubuntu/airflow_venv/lib/python3.10/site-packages/airflow/example_dags/example_nested_branch_dag.py
[2023-09-29T07:59:15.677+0000] {logging_mixin.py:151} INFO - [2023-09-29T07:59:15.677+0000] {dag.py:2915} INFO - Sync 1 DAGs
[2023-09-29T07:59:15.696+0000] {logging_mixin.py:151} INFO - [2023-09-29T07:59:15.695+0000] {dag.py:3696} INFO - Setting next_dagrun for example_nested_branch_dag to 2023-09-28T00:00:00+00:00, run_after=2023-09-29T00:00:00+00:00
[2023-09-29T07:59:15.718+0000] {processor.py:179} INFO - Processing /home/ubuntu/airflow_venv/lib/python3.10/site-packages/airflow/example_dags/example_nested_branch_dag.py took 0.072 seconds
[2023-09-29T08:00:11.560+0000] {processor.py:157} INFO - Started process (PID=1629) to work on /home/ubuntu/airflow_venv/lib/python3.10/site-packages/airflow/example_dags/example_nested_branch_dag.py
[2023-09-29T08:00:11.562+0000] {processor.py:829} INFO - Processing file /home/ubuntu/airflow_venv/lib/python3.10/site-packages/airflow/example_dags/example_nested_branch_dag.py for tasks to queue
[2023-09-29T08:00:11.563+0000] {logging_mixin.py:151} INFO - [2023-09-29T08:00:11.562+0000] {dagbag.py:539} INFO - Filling up the DagBag from /home/ubuntu/airflow_venv/lib/python3.10/site-packages/airflow/example_dags/example_nested_branch_dag.py
[2023-09-29T08:00:11.577+0000] {processor.py:839} INFO - DAG(s) dict_keys(['example_nested_branch_dag']) retrieved from /home/ubuntu/airflow_venv/lib/python3.10/site-packages/airflow/example_dags/example_nested_branch_dag.py
[2023-09-29T08:00:11.603+0000] {logging_mixin.py:151} INFO - [2023-09-29T08:00:11.599+0000] {dag.py:2915} INFO - Sync 1 DAGs
[2023-09-29T08:00:11.625+0000] {logging_mixin.py:151} INFO - [2023-09-29T08:00:11.625+0000] {dag.py:3696} INFO - Setting next_dagrun for example_nested_branch_dag to 2023-09-28T00:00:00+00:00, run_after=2023-09-29T00:00:00+00:00
[2023-09-29T08:00:11.648+0000] {processor.py:179} INFO - Processing /home/ubuntu/airflow_venv/lib/python3.10/site-packages/airflow/example_dags/example_nested_branch_dag.py took 0.091 seconds
[2023-09-29T08:01:14.827+0000] {processor.py:157} INFO - Started process (PID=1689) to work on /home/ubuntu/airflow_venv/lib/python3.10/site-packages/airflow/example_dags/example_nested_branch_dag.py
[2023-09-29T08:01:14.829+0000] {processor.py:829} INFO - Processing file /home/ubuntu/airflow_venv/lib/python3.10/site-packages/airflow/example_dags/example_nested_branch_dag.py for tasks to queue
[2023-09-29T08:01:14.832+0000] {logging_mixin.py:151} INFO - [2023-09-29T08:01:14.831+0000] {dagbag.py:539} INFO - Filling up the DagBag from /home/ubuntu/airflow_venv/lib/python3.10/site-packages/airflow/example_dags/example_nested_branch_dag.py
[2023-09-29T08:01:14.852+0000] {processor.py:839} INFO - DAG(s) dict_keys(['example_nested_branch_dag']) retrieved from /home/ubuntu/airflow_venv/lib/python3.10/site-packages/airflow/example_dags/example_nested_branch_dag.py
[2023-09-29T08:01:14.871+0000] {logging_mixin.py:151} INFO - [2023-09-29T08:01:14.871+0000] {dag.py:2915} INFO - Sync 1 DAGs
[2023-09-29T08:01:14.894+0000] {logging_mixin.py:151} INFO - [2023-09-29T08:01:14.894+0000] {dag.py:3696} INFO - Setting next_dagrun for example_nested_branch_dag to 2023-09-28T00:00:00+00:00, run_after=2023-09-29T00:00:00+00:00
[2023-09-29T08:01:14.917+0000] {processor.py:179} INFO - Processing /home/ubuntu/airflow_venv/lib/python3.10/site-packages/airflow/example_dags/example_nested_branch_dag.py took 0.098 seconds
[2023-09-29T08:02:12.502+0000] {processor.py:157} INFO - Started process (PID=1748) to work on /home/ubuntu/airflow_venv/lib/python3.10/site-packages/airflow/example_dags/example_nested_branch_dag.py
[2023-09-29T08:02:12.503+0000] {processor.py:829} INFO - Processing file /home/ubuntu/airflow_venv/lib/python3.10/site-packages/airflow/example_dags/example_nested_branch_dag.py for tasks to queue
[2023-09-29T08:02:12.504+0000] {logging_mixin.py:151} INFO - [2023-09-29T08:02:12.504+0000] {dagbag.py:539} INFO - Filling up the DagBag from /home/ubuntu/airflow_venv/lib/python3.10/site-packages/airflow/example_dags/example_nested_branch_dag.py
[2023-09-29T08:02:12.515+0000] {processor.py:839} INFO - DAG(s) dict_keys(['example_nested_branch_dag']) retrieved from /home/ubuntu/airflow_venv/lib/python3.10/site-packages/airflow/example_dags/example_nested_branch_dag.py
[2023-09-29T08:02:12.536+0000] {logging_mixin.py:151} INFO - [2023-09-29T08:02:12.536+0000] {dag.py:2915} INFO - Sync 1 DAGs
[2023-09-29T08:02:12.564+0000] {logging_mixin.py:151} INFO - [2023-09-29T08:02:12.563+0000] {dag.py:3696} INFO - Setting next_dagrun for example_nested_branch_dag to 2023-09-28T00:00:00+00:00, run_after=2023-09-29T00:00:00+00:00
[2023-09-29T08:02:12.586+0000] {processor.py:179} INFO - Processing /home/ubuntu/airflow_venv/lib/python3.10/site-packages/airflow/example_dags/example_nested_branch_dag.py took 0.088 seconds
[2023-09-29T08:03:06.902+0000] {processor.py:157} INFO - Started process (PID=1803) to work on /home/ubuntu/airflow_venv/lib/python3.10/site-packages/airflow/example_dags/example_nested_branch_dag.py
[2023-09-29T08:03:06.903+0000] {processor.py:829} INFO - Processing file /home/ubuntu/airflow_venv/lib/python3.10/site-packages/airflow/example_dags/example_nested_branch_dag.py for tasks to queue
[2023-09-29T08:03:06.904+0000] {logging_mixin.py:151} INFO - [2023-09-29T08:03:06.904+0000] {dagbag.py:539} INFO - Filling up the DagBag from /home/ubuntu/airflow_venv/lib/python3.10/site-packages/airflow/example_dags/example_nested_branch_dag.py
[2023-09-29T08:03:06.915+0000] {processor.py:839} INFO - DAG(s) dict_keys(['example_nested_branch_dag']) retrieved from /home/ubuntu/airflow_venv/lib/python3.10/site-packages/airflow/example_dags/example_nested_branch_dag.py
[2023-09-29T08:03:06.933+0000] {logging_mixin.py:151} INFO - [2023-09-29T08:03:06.933+0000] {dag.py:2915} INFO - Sync 1 DAGs
[2023-09-29T08:03:06.957+0000] {logging_mixin.py:151} INFO - [2023-09-29T08:03:06.957+0000] {dag.py:3696} INFO - Setting next_dagrun for example_nested_branch_dag to 2023-09-28T00:00:00+00:00, run_after=2023-09-29T00:00:00+00:00
[2023-09-29T08:03:06.982+0000] {processor.py:179} INFO - Processing /home/ubuntu/airflow_venv/lib/python3.10/site-packages/airflow/example_dags/example_nested_branch_dag.py took 0.083 seconds
[2023-09-29T08:03:59.082+0000] {processor.py:157} INFO - Started process (PID=1856) to work on /home/ubuntu/airflow_venv/lib/python3.10/site-packages/airflow/example_dags/example_nested_branch_dag.py
[2023-09-29T08:03:59.083+0000] {processor.py:829} INFO - Processing file /home/ubuntu/airflow_venv/lib/python3.10/site-packages/airflow/example_dags/example_nested_branch_dag.py for tasks to queue
[2023-09-29T08:03:59.084+0000] {logging_mixin.py:151} INFO - [2023-09-29T08:03:59.084+0000] {dagbag.py:539} INFO - Filling up the DagBag from /home/ubuntu/airflow_venv/lib/python3.10/site-packages/airflow/example_dags/example_nested_branch_dag.py
[2023-09-29T08:03:59.094+0000] {processor.py:839} INFO - DAG(s) dict_keys(['example_nested_branch_dag']) retrieved from /home/ubuntu/airflow_venv/lib/python3.10/site-packages/airflow/example_dags/example_nested_branch_dag.py
[2023-09-29T08:03:59.110+0000] {logging_mixin.py:151} INFO - [2023-09-29T08:03:59.110+0000] {dag.py:2915} INFO - Sync 1 DAGs
[2023-09-29T08:03:59.129+0000] {logging_mixin.py:151} INFO - [2023-09-29T08:03:59.129+0000] {dag.py:3696} INFO - Setting next_dagrun for example_nested_branch_dag to 2023-09-28T00:00:00+00:00, run_after=2023-09-29T00:00:00+00:00
[2023-09-29T08:03:59.150+0000] {processor.py:179} INFO - Processing /home/ubuntu/airflow_venv/lib/python3.10/site-packages/airflow/example_dags/example_nested_branch_dag.py took 0.070 seconds
[2023-09-29T08:04:51.422+0000] {processor.py:157} INFO - Started process (PID=1912) to work on /home/ubuntu/airflow_venv/lib/python3.10/site-packages/airflow/example_dags/example_nested_branch_dag.py
[2023-09-29T08:04:51.423+0000] {processor.py:829} INFO - Processing file /home/ubuntu/airflow_venv/lib/python3.10/site-packages/airflow/example_dags/example_nested_branch_dag.py for tasks to queue
[2023-09-29T08:04:51.424+0000] {logging_mixin.py:151} INFO - [2023-09-29T08:04:51.424+0000] {dagbag.py:539} INFO - Filling up the DagBag from /home/ubuntu/airflow_venv/lib/python3.10/site-packages/airflow/example_dags/example_nested_branch_dag.py
[2023-09-29T08:04:51.435+0000] {processor.py:839} INFO - DAG(s) dict_keys(['example_nested_branch_dag']) retrieved from /home/ubuntu/airflow_venv/lib/python3.10/site-packages/airflow/example_dags/example_nested_branch_dag.py
[2023-09-29T08:04:51.454+0000] {logging_mixin.py:151} INFO - [2023-09-29T08:04:51.454+0000] {dag.py:2915} INFO - Sync 1 DAGs
[2023-09-29T08:04:51.475+0000] {logging_mixin.py:151} INFO - [2023-09-29T08:04:51.475+0000] {dag.py:3696} INFO - Setting next_dagrun for example_nested_branch_dag to 2023-09-28T00:00:00+00:00, run_after=2023-09-29T00:00:00+00:00
[2023-09-29T08:04:51.497+0000] {processor.py:179} INFO - Processing /home/ubuntu/airflow_venv/lib/python3.10/site-packages/airflow/example_dags/example_nested_branch_dag.py took 0.079 seconds
[2023-09-29T08:05:40.681+0000] {processor.py:157} INFO - Started process (PID=1962) to work on /home/ubuntu/airflow_venv/lib/python3.10/site-packages/airflow/example_dags/example_nested_branch_dag.py
[2023-09-29T08:05:40.683+0000] {processor.py:829} INFO - Processing file /home/ubuntu/airflow_venv/lib/python3.10/site-packages/airflow/example_dags/example_nested_branch_dag.py for tasks to queue
[2023-09-29T08:05:40.684+0000] {logging_mixin.py:151} INFO - [2023-09-29T08:05:40.683+0000] {dagbag.py:539} INFO - Filling up the DagBag from /home/ubuntu/airflow_venv/lib/python3.10/site-packages/airflow/example_dags/example_nested_branch_dag.py
[2023-09-29T08:05:40.694+0000] {processor.py:839} INFO - DAG(s) dict_keys(['example_nested_branch_dag']) retrieved from /home/ubuntu/airflow_venv/lib/python3.10/site-packages/airflow/example_dags/example_nested_branch_dag.py
[2023-09-29T08:05:40.715+0000] {logging_mixin.py:151} INFO - [2023-09-29T08:05:40.714+0000] {dag.py:2915} INFO - Sync 1 DAGs
[2023-09-29T08:05:40.736+0000] {logging_mixin.py:151} INFO - [2023-09-29T08:05:40.736+0000] {dag.py:3696} INFO - Setting next_dagrun for example_nested_branch_dag to 2023-09-28T00:00:00+00:00, run_after=2023-09-29T00:00:00+00:00
[2023-09-29T08:05:40.760+0000] {processor.py:179} INFO - Processing /home/ubuntu/airflow_venv/lib/python3.10/site-packages/airflow/example_dags/example_nested_branch_dag.py took 0.082 seconds
[2023-09-29T08:06:34.938+0000] {processor.py:157} INFO - Started process (PID=2018) to work on /home/ubuntu/airflow_venv/lib/python3.10/site-packages/airflow/example_dags/example_nested_branch_dag.py
[2023-09-29T08:06:34.939+0000] {processor.py:829} INFO - Processing file /home/ubuntu/airflow_venv/lib/python3.10/site-packages/airflow/example_dags/example_nested_branch_dag.py for tasks to queue
[2023-09-29T08:06:34.940+0000] {logging_mixin.py:151} INFO - [2023-09-29T08:06:34.940+0000] {dagbag.py:539} INFO - Filling up the DagBag from /home/ubuntu/airflow_venv/lib/python3.10/site-packages/airflow/example_dags/example_nested_branch_dag.py
[2023-09-29T08:06:34.952+0000] {processor.py:839} INFO - DAG(s) dict_keys(['example_nested_branch_dag']) retrieved from /home/ubuntu/airflow_venv/lib/python3.10/site-packages/airflow/example_dags/example_nested_branch_dag.py
[2023-09-29T08:06:34.973+0000] {logging_mixin.py:151} INFO - [2023-09-29T08:06:34.973+0000] {dag.py:2915} INFO - Sync 1 DAGs
[2023-09-29T08:06:34.993+0000] {logging_mixin.py:151} INFO - [2023-09-29T08:06:34.993+0000] {dag.py:3696} INFO - Setting next_dagrun for example_nested_branch_dag to 2023-09-28T00:00:00+00:00, run_after=2023-09-29T00:00:00+00:00
[2023-09-29T08:06:35.014+0000] {processor.py:179} INFO - Processing /home/ubuntu/airflow_venv/lib/python3.10/site-packages/airflow/example_dags/example_nested_branch_dag.py took 0.078 seconds
[2023-09-29T08:07:22.448+0000] {processor.py:157} INFO - Started process (PID=2068) to work on /home/ubuntu/airflow_venv/lib/python3.10/site-packages/airflow/example_dags/example_nested_branch_dag.py
[2023-09-29T08:07:22.449+0000] {processor.py:829} INFO - Processing file /home/ubuntu/airflow_venv/lib/python3.10/site-packages/airflow/example_dags/example_nested_branch_dag.py for tasks to queue
[2023-09-29T08:07:22.450+0000] {logging_mixin.py:151} INFO - [2023-09-29T08:07:22.450+0000] {dagbag.py:539} INFO - Filling up the DagBag from /home/ubuntu/airflow_venv/lib/python3.10/site-packages/airflow/example_dags/example_nested_branch_dag.py
[2023-09-29T08:07:22.460+0000] {processor.py:839} INFO - DAG(s) dict_keys(['example_nested_branch_dag']) retrieved from /home/ubuntu/airflow_venv/lib/python3.10/site-packages/airflow/example_dags/example_nested_branch_dag.py
[2023-09-29T08:07:22.478+0000] {logging_mixin.py:151} INFO - [2023-09-29T08:07:22.478+0000] {dag.py:2915} INFO - Sync 1 DAGs
[2023-09-29T08:07:22.499+0000] {logging_mixin.py:151} INFO - [2023-09-29T08:07:22.499+0000] {dag.py:3696} INFO - Setting next_dagrun for example_nested_branch_dag to 2023-09-28T00:00:00+00:00, run_after=2023-09-29T00:00:00+00:00
[2023-09-29T08:07:22.519+0000] {processor.py:179} INFO - Processing /home/ubuntu/airflow_venv/lib/python3.10/site-packages/airflow/example_dags/example_nested_branch_dag.py took 0.075 seconds
[2023-09-29T08:08:14.190+0000] {processor.py:157} INFO - Started process (PID=2330) to work on /home/ubuntu/airflow_venv/lib/python3.10/site-packages/airflow/example_dags/example_nested_branch_dag.py
[2023-09-29T08:08:14.192+0000] {processor.py:829} INFO - Processing file /home/ubuntu/airflow_venv/lib/python3.10/site-packages/airflow/example_dags/example_nested_branch_dag.py for tasks to queue
[2023-09-29T08:08:14.193+0000] {logging_mixin.py:151} INFO - [2023-09-29T08:08:14.192+0000] {dagbag.py:539} INFO - Filling up the DagBag from /home/ubuntu/airflow_venv/lib/python3.10/site-packages/airflow/example_dags/example_nested_branch_dag.py
[2023-09-29T08:08:14.208+0000] {processor.py:839} INFO - DAG(s) dict_keys(['example_nested_branch_dag']) retrieved from /home/ubuntu/airflow_venv/lib/python3.10/site-packages/airflow/example_dags/example_nested_branch_dag.py
[2023-09-29T08:08:14.232+0000] {logging_mixin.py:151} INFO - [2023-09-29T08:08:14.232+0000] {dag.py:2915} INFO - Sync 1 DAGs
[2023-09-29T08:08:14.261+0000] {logging_mixin.py:151} INFO - [2023-09-29T08:08:14.261+0000] {dag.py:3696} INFO - Setting next_dagrun for example_nested_branch_dag to 2023-09-28T00:00:00+00:00, run_after=2023-09-29T00:00:00+00:00
[2023-09-29T08:08:14.297+0000] {processor.py:179} INFO - Processing /home/ubuntu/airflow_venv/lib/python3.10/site-packages/airflow/example_dags/example_nested_branch_dag.py took 0.110 seconds
[2023-09-29T08:09:07.167+0000] {processor.py:157} INFO - Started process (PID=2387) to work on /home/ubuntu/airflow_venv/lib/python3.10/site-packages/airflow/example_dags/example_nested_branch_dag.py
[2023-09-29T08:09:07.168+0000] {processor.py:829} INFO - Processing file /home/ubuntu/airflow_venv/lib/python3.10/site-packages/airflow/example_dags/example_nested_branch_dag.py for tasks to queue
[2023-09-29T08:09:07.169+0000] {logging_mixin.py:151} INFO - [2023-09-29T08:09:07.169+0000] {dagbag.py:539} INFO - Filling up the DagBag from /home/ubuntu/airflow_venv/lib/python3.10/site-packages/airflow/example_dags/example_nested_branch_dag.py
[2023-09-29T08:09:07.179+0000] {processor.py:839} INFO - DAG(s) dict_keys(['example_nested_branch_dag']) retrieved from /home/ubuntu/airflow_venv/lib/python3.10/site-packages/airflow/example_dags/example_nested_branch_dag.py
[2023-09-29T08:09:07.197+0000] {logging_mixin.py:151} INFO - [2023-09-29T08:09:07.197+0000] {dag.py:2915} INFO - Sync 1 DAGs
[2023-09-29T08:09:07.230+0000] {logging_mixin.py:151} INFO - [2023-09-29T08:09:07.230+0000] {dag.py:3696} INFO - Setting next_dagrun for example_nested_branch_dag to 2023-09-28T00:00:00+00:00, run_after=2023-09-29T00:00:00+00:00
[2023-09-29T08:09:07.258+0000] {processor.py:179} INFO - Processing /home/ubuntu/airflow_venv/lib/python3.10/site-packages/airflow/example_dags/example_nested_branch_dag.py took 0.094 seconds
[2023-09-29T09:27:30.209+0000] {processor.py:157} INFO - Started process (PID=1355) to work on /home/ubuntu/airflow_venv/lib/python3.10/site-packages/airflow/example_dags/example_nested_branch_dag.py
[2023-09-29T09:27:30.211+0000] {processor.py:829} INFO - Processing file /home/ubuntu/airflow_venv/lib/python3.10/site-packages/airflow/example_dags/example_nested_branch_dag.py for tasks to queue
[2023-09-29T09:27:30.212+0000] {logging_mixin.py:151} INFO - [2023-09-29T09:27:30.211+0000] {dagbag.py:539} INFO - Filling up the DagBag from /home/ubuntu/airflow_venv/lib/python3.10/site-packages/airflow/example_dags/example_nested_branch_dag.py
[2023-09-29T09:27:30.224+0000] {processor.py:839} INFO - DAG(s) dict_keys(['example_nested_branch_dag']) retrieved from /home/ubuntu/airflow_venv/lib/python3.10/site-packages/airflow/example_dags/example_nested_branch_dag.py
[2023-09-29T09:27:30.243+0000] {logging_mixin.py:151} INFO - [2023-09-29T09:27:30.243+0000] {dag.py:2915} INFO - Sync 1 DAGs
[2023-09-29T09:27:30.263+0000] {logging_mixin.py:151} INFO - [2023-09-29T09:27:30.262+0000] {dag.py:3696} INFO - Setting next_dagrun for example_nested_branch_dag to 2023-09-28T00:00:00+00:00, run_after=2023-09-29T00:00:00+00:00
[2023-09-29T09:27:30.282+0000] {processor.py:179} INFO - Processing /home/ubuntu/airflow_venv/lib/python3.10/site-packages/airflow/example_dags/example_nested_branch_dag.py took 0.077 seconds
[2023-09-29T09:28:32.271+0000] {processor.py:157} INFO - Started process (PID=1413) to work on /home/ubuntu/airflow_venv/lib/python3.10/site-packages/airflow/example_dags/example_nested_branch_dag.py
[2023-09-29T09:28:32.272+0000] {processor.py:829} INFO - Processing file /home/ubuntu/airflow_venv/lib/python3.10/site-packages/airflow/example_dags/example_nested_branch_dag.py for tasks to queue
[2023-09-29T09:28:32.273+0000] {logging_mixin.py:151} INFO - [2023-09-29T09:28:32.273+0000] {dagbag.py:539} INFO - Filling up the DagBag from /home/ubuntu/airflow_venv/lib/python3.10/site-packages/airflow/example_dags/example_nested_branch_dag.py
[2023-09-29T09:28:32.283+0000] {processor.py:839} INFO - DAG(s) dict_keys(['example_nested_branch_dag']) retrieved from /home/ubuntu/airflow_venv/lib/python3.10/site-packages/airflow/example_dags/example_nested_branch_dag.py
[2023-09-29T09:28:32.299+0000] {logging_mixin.py:151} INFO - [2023-09-29T09:28:32.299+0000] {dag.py:2915} INFO - Sync 1 DAGs
[2023-09-29T09:28:32.454+0000] {logging_mixin.py:151} INFO - [2023-09-29T09:28:32.454+0000] {dag.py:3696} INFO - Setting next_dagrun for example_nested_branch_dag to 2023-09-28T00:00:00+00:00, run_after=2023-09-29T00:00:00+00:00
[2023-09-29T09:28:32.473+0000] {processor.py:179} INFO - Processing /home/ubuntu/airflow_venv/lib/python3.10/site-packages/airflow/example_dags/example_nested_branch_dag.py took 0.204 seconds
[2023-09-29T09:29:27.160+0000] {processor.py:157} INFO - Started process (PID=1462) to work on /home/ubuntu/airflow_venv/lib/python3.10/site-packages/airflow/example_dags/example_nested_branch_dag.py
[2023-09-29T09:29:27.163+0000] {processor.py:829} INFO - Processing file /home/ubuntu/airflow_venv/lib/python3.10/site-packages/airflow/example_dags/example_nested_branch_dag.py for tasks to queue
[2023-09-29T09:29:27.165+0000] {logging_mixin.py:151} INFO - [2023-09-29T09:29:27.164+0000] {dagbag.py:539} INFO - Filling up the DagBag from /home/ubuntu/airflow_venv/lib/python3.10/site-packages/airflow/example_dags/example_nested_branch_dag.py
[2023-09-29T09:29:27.186+0000] {processor.py:839} INFO - DAG(s) dict_keys(['example_nested_branch_dag']) retrieved from /home/ubuntu/airflow_venv/lib/python3.10/site-packages/airflow/example_dags/example_nested_branch_dag.py
[2023-09-29T09:29:27.223+0000] {logging_mixin.py:151} INFO - [2023-09-29T09:29:27.222+0000] {dag.py:2915} INFO - Sync 1 DAGs
[2023-09-29T09:29:27.261+0000] {logging_mixin.py:151} INFO - [2023-09-29T09:29:27.261+0000] {dag.py:3696} INFO - Setting next_dagrun for example_nested_branch_dag to 2023-09-28T00:00:00+00:00, run_after=2023-09-29T00:00:00+00:00
[2023-09-29T09:29:27.294+0000] {processor.py:179} INFO - Processing /home/ubuntu/airflow_venv/lib/python3.10/site-packages/airflow/example_dags/example_nested_branch_dag.py took 0.143 seconds
[2023-09-29T09:32:19.987+0000] {processor.py:157} INFO - Started process (PID=2278) to work on /home/ubuntu/airflow_venv/lib/python3.10/site-packages/airflow/example_dags/example_nested_branch_dag.py
[2023-09-29T09:32:19.989+0000] {processor.py:829} INFO - Processing file /home/ubuntu/airflow_venv/lib/python3.10/site-packages/airflow/example_dags/example_nested_branch_dag.py for tasks to queue
[2023-09-29T09:32:19.989+0000] {logging_mixin.py:151} INFO - [2023-09-29T09:32:19.989+0000] {dagbag.py:539} INFO - Filling up the DagBag from /home/ubuntu/airflow_venv/lib/python3.10/site-packages/airflow/example_dags/example_nested_branch_dag.py
[2023-09-29T09:32:20.000+0000] {processor.py:839} INFO - DAG(s) dict_keys(['example_nested_branch_dag']) retrieved from /home/ubuntu/airflow_venv/lib/python3.10/site-packages/airflow/example_dags/example_nested_branch_dag.py
[2023-09-29T09:32:20.019+0000] {logging_mixin.py:151} INFO - [2023-09-29T09:32:20.019+0000] {dag.py:2915} INFO - Sync 1 DAGs
[2023-09-29T09:32:20.039+0000] {logging_mixin.py:151} INFO - [2023-09-29T09:32:20.039+0000] {dag.py:3696} INFO - Setting next_dagrun for example_nested_branch_dag to 2023-09-28T00:00:00+00:00, run_after=2023-09-29T00:00:00+00:00
[2023-09-29T09:32:20.059+0000] {processor.py:179} INFO - Processing /home/ubuntu/airflow_venv/lib/python3.10/site-packages/airflow/example_dags/example_nested_branch_dag.py took 0.076 seconds
[2023-09-29T09:52:25.352+0000] {processor.py:157} INFO - Started process (PID=3496) to work on /home/ubuntu/airflow_venv/lib/python3.10/site-packages/airflow/example_dags/example_nested_branch_dag.py
[2023-09-29T09:52:25.354+0000] {processor.py:829} INFO - Processing file /home/ubuntu/airflow_venv/lib/python3.10/site-packages/airflow/example_dags/example_nested_branch_dag.py for tasks to queue
[2023-09-29T09:52:25.356+0000] {logging_mixin.py:151} INFO - [2023-09-29T09:52:25.355+0000] {dagbag.py:539} INFO - Filling up the DagBag from /home/ubuntu/airflow_venv/lib/python3.10/site-packages/airflow/example_dags/example_nested_branch_dag.py
[2023-09-29T09:52:25.379+0000] {processor.py:839} INFO - DAG(s) dict_keys(['example_nested_branch_dag']) retrieved from /home/ubuntu/airflow_venv/lib/python3.10/site-packages/airflow/example_dags/example_nested_branch_dag.py
[2023-09-29T09:52:25.430+0000] {logging_mixin.py:151} INFO - [2023-09-29T09:52:25.430+0000] {dag.py:2915} INFO - Sync 1 DAGs
[2023-09-29T09:52:25.468+0000] {logging_mixin.py:151} INFO - [2023-09-29T09:52:25.468+0000] {dag.py:3696} INFO - Setting next_dagrun for example_nested_branch_dag to 2023-09-28T00:00:00+00:00, run_after=2023-09-29T00:00:00+00:00
[2023-09-29T09:52:25.489+0000] {processor.py:179} INFO - Processing /home/ubuntu/airflow_venv/lib/python3.10/site-packages/airflow/example_dags/example_nested_branch_dag.py took 0.146 seconds
[2023-09-29T09:53:36.779+0000] {processor.py:157} INFO - Started process (PID=3561) to work on /home/ubuntu/airflow_venv/lib/python3.10/site-packages/airflow/example_dags/example_nested_branch_dag.py
[2023-09-29T09:53:36.780+0000] {processor.py:829} INFO - Processing file /home/ubuntu/airflow_venv/lib/python3.10/site-packages/airflow/example_dags/example_nested_branch_dag.py for tasks to queue
[2023-09-29T09:53:36.781+0000] {logging_mixin.py:151} INFO - [2023-09-29T09:53:36.781+0000] {dagbag.py:539} INFO - Filling up the DagBag from /home/ubuntu/airflow_venv/lib/python3.10/site-packages/airflow/example_dags/example_nested_branch_dag.py
[2023-09-29T09:53:36.792+0000] {processor.py:839} INFO - DAG(s) dict_keys(['example_nested_branch_dag']) retrieved from /home/ubuntu/airflow_venv/lib/python3.10/site-packages/airflow/example_dags/example_nested_branch_dag.py
[2023-09-29T09:53:36.818+0000] {logging_mixin.py:151} INFO - [2023-09-29T09:53:36.817+0000] {dag.py:2915} INFO - Sync 1 DAGs
[2023-09-29T09:53:37.013+0000] {logging_mixin.py:151} INFO - [2023-09-29T09:53:37.013+0000] {dag.py:3696} INFO - Setting next_dagrun for example_nested_branch_dag to 2023-09-28T00:00:00+00:00, run_after=2023-09-29T00:00:00+00:00
[2023-09-29T09:53:37.031+0000] {processor.py:179} INFO - Processing /home/ubuntu/airflow_venv/lib/python3.10/site-packages/airflow/example_dags/example_nested_branch_dag.py took 0.257 seconds
[2023-09-29T09:56:31.894+0000] {processor.py:157} INFO - Started process (PID=4134) to work on /home/ubuntu/airflow_venv/lib/python3.10/site-packages/airflow/example_dags/example_nested_branch_dag.py
[2023-09-29T09:56:31.895+0000] {processor.py:829} INFO - Processing file /home/ubuntu/airflow_venv/lib/python3.10/site-packages/airflow/example_dags/example_nested_branch_dag.py for tasks to queue
[2023-09-29T09:56:31.896+0000] {logging_mixin.py:151} INFO - [2023-09-29T09:56:31.896+0000] {dagbag.py:539} INFO - Filling up the DagBag from /home/ubuntu/airflow_venv/lib/python3.10/site-packages/airflow/example_dags/example_nested_branch_dag.py
[2023-09-29T09:56:31.906+0000] {processor.py:839} INFO - DAG(s) dict_keys(['example_nested_branch_dag']) retrieved from /home/ubuntu/airflow_venv/lib/python3.10/site-packages/airflow/example_dags/example_nested_branch_dag.py
[2023-09-29T09:56:31.927+0000] {logging_mixin.py:151} INFO - [2023-09-29T09:56:31.927+0000] {dag.py:2915} INFO - Sync 1 DAGs
[2023-09-29T09:56:31.946+0000] {logging_mixin.py:151} INFO - [2023-09-29T09:56:31.946+0000] {dag.py:3696} INFO - Setting next_dagrun for example_nested_branch_dag to 2023-09-28T00:00:00+00:00, run_after=2023-09-29T00:00:00+00:00
[2023-09-29T09:56:31.968+0000] {processor.py:179} INFO - Processing /home/ubuntu/airflow_venv/lib/python3.10/site-packages/airflow/example_dags/example_nested_branch_dag.py took 0.078 seconds
[2023-09-29T09:57:34.100+0000] {processor.py:157} INFO - Started process (PID=4192) to work on /home/ubuntu/airflow_venv/lib/python3.10/site-packages/airflow/example_dags/example_nested_branch_dag.py
[2023-09-29T09:57:34.102+0000] {processor.py:829} INFO - Processing file /home/ubuntu/airflow_venv/lib/python3.10/site-packages/airflow/example_dags/example_nested_branch_dag.py for tasks to queue
[2023-09-29T09:57:34.103+0000] {logging_mixin.py:151} INFO - [2023-09-29T09:57:34.102+0000] {dagbag.py:539} INFO - Filling up the DagBag from /home/ubuntu/airflow_venv/lib/python3.10/site-packages/airflow/example_dags/example_nested_branch_dag.py
[2023-09-29T09:57:34.114+0000] {processor.py:839} INFO - DAG(s) dict_keys(['example_nested_branch_dag']) retrieved from /home/ubuntu/airflow_venv/lib/python3.10/site-packages/airflow/example_dags/example_nested_branch_dag.py
[2023-09-29T09:57:34.133+0000] {logging_mixin.py:151} INFO - [2023-09-29T09:57:34.133+0000] {dag.py:2915} INFO - Sync 1 DAGs
[2023-09-29T09:57:34.373+0000] {logging_mixin.py:151} INFO - [2023-09-29T09:57:34.373+0000] {dag.py:3696} INFO - Setting next_dagrun for example_nested_branch_dag to 2023-09-28T00:00:00+00:00, run_after=2023-09-29T00:00:00+00:00
[2023-09-29T09:57:34.417+0000] {processor.py:179} INFO - Processing /home/ubuntu/airflow_venv/lib/python3.10/site-packages/airflow/example_dags/example_nested_branch_dag.py took 0.321 seconds
[2023-09-29T09:58:27.665+0000] {processor.py:157} INFO - Started process (PID=4252) to work on /home/ubuntu/airflow_venv/lib/python3.10/site-packages/airflow/example_dags/example_nested_branch_dag.py
[2023-09-29T09:58:27.667+0000] {processor.py:829} INFO - Processing file /home/ubuntu/airflow_venv/lib/python3.10/site-packages/airflow/example_dags/example_nested_branch_dag.py for tasks to queue
[2023-09-29T09:58:27.668+0000] {logging_mixin.py:151} INFO - [2023-09-29T09:58:27.667+0000] {dagbag.py:539} INFO - Filling up the DagBag from /home/ubuntu/airflow_venv/lib/python3.10/site-packages/airflow/example_dags/example_nested_branch_dag.py
[2023-09-29T09:58:27.683+0000] {processor.py:839} INFO - DAG(s) dict_keys(['example_nested_branch_dag']) retrieved from /home/ubuntu/airflow_venv/lib/python3.10/site-packages/airflow/example_dags/example_nested_branch_dag.py
[2023-09-29T09:58:27.708+0000] {logging_mixin.py:151} INFO - [2023-09-29T09:58:27.708+0000] {dag.py:2915} INFO - Sync 1 DAGs
[2023-09-29T09:58:27.736+0000] {logging_mixin.py:151} INFO - [2023-09-29T09:58:27.736+0000] {dag.py:3696} INFO - Setting next_dagrun for example_nested_branch_dag to 2023-09-28T00:00:00+00:00, run_after=2023-09-29T00:00:00+00:00
[2023-09-29T09:58:27.771+0000] {processor.py:179} INFO - Processing /home/ubuntu/airflow_venv/lib/python3.10/site-packages/airflow/example_dags/example_nested_branch_dag.py took 0.111 seconds
