[2023-09-29T07:22:20.048+0000] {processor.py:157} INFO - Started process (PID=12187) to work on /home/ubuntu/airflow_venv/lib/python3.10/site-packages/airflow/example_dags/example_subdag_operator.py
[2023-09-29T07:22:20.049+0000] {processor.py:829} INFO - Processing file /home/ubuntu/airflow_venv/lib/python3.10/site-packages/airflow/example_dags/example_subdag_operator.py for tasks to queue
[2023-09-29T07:22:20.050+0000] {logging_mixin.py:151} INFO - [2023-09-29T07:22:20.050+0000] {dagbag.py:539} INFO - Filling up the DagBag from /home/ubuntu/airflow_venv/lib/python3.10/site-packages/airflow/example_dags/example_subdag_operator.py
[2023-09-29T07:22:20.071+0000] {processor.py:839} INFO - DAG(s) dict_keys(['example_subdag_operator.section-1', 'example_subdag_operator.section-2', 'example_subdag_operator']) retrieved from /home/ubuntu/airflow_venv/lib/python3.10/site-packages/airflow/example_dags/example_subdag_operator.py
[2023-09-29T07:22:20.075+0000] {logging_mixin.py:151} INFO - [2023-09-29T07:22:20.075+0000] {dag.py:2915} INFO - Sync 3 DAGs
[2023-09-29T07:22:20.106+0000] {logging_mixin.py:151} INFO - [2023-09-29T07:22:20.106+0000] {dag.py:3696} INFO - Setting next_dagrun for example_subdag_operator to 2022-01-01T00:00:00+00:00, run_after=2022-01-01T00:00:00+00:00
[2023-09-29T07:22:20.110+0000] {logging_mixin.py:151} INFO - [2023-09-29T07:22:20.110+0000] {dag.py:3696} INFO - Setting next_dagrun for example_subdag_operator.section-1 to None, run_after=None
[2023-09-29T07:22:20.111+0000] {logging_mixin.py:151} INFO - [2023-09-29T07:22:20.111+0000] {dag.py:3696} INFO - Setting next_dagrun for example_subdag_operator.section-2 to None, run_after=None
[2023-09-29T07:22:20.118+0000] {logging_mixin.py:151} INFO - [2023-09-29T07:22:20.117+0000] {dag.py:2915} INFO - Sync 2 DAGs
[2023-09-29T07:22:20.122+0000] {logging_mixin.py:151} INFO - [2023-09-29T07:22:20.121+0000] {dag.py:3696} INFO - Setting next_dagrun for example_subdag_operator.section-1 to None, run_after=None
[2023-09-29T07:22:20.122+0000] {logging_mixin.py:151} INFO - [2023-09-29T07:22:20.122+0000] {dag.py:3696} INFO - Setting next_dagrun for example_subdag_operator.section-2 to None, run_after=None
[2023-09-29T07:22:20.137+0000] {processor.py:179} INFO - Processing /home/ubuntu/airflow_venv/lib/python3.10/site-packages/airflow/example_dags/example_subdag_operator.py took 0.091 seconds
[2023-09-29T07:23:06.736+0000] {processor.py:157} INFO - Started process (PID=12235) to work on /home/ubuntu/airflow_venv/lib/python3.10/site-packages/airflow/example_dags/example_subdag_operator.py
[2023-09-29T07:23:06.737+0000] {processor.py:829} INFO - Processing file /home/ubuntu/airflow_venv/lib/python3.10/site-packages/airflow/example_dags/example_subdag_operator.py for tasks to queue
[2023-09-29T07:23:06.738+0000] {logging_mixin.py:151} INFO - [2023-09-29T07:23:06.737+0000] {dagbag.py:539} INFO - Filling up the DagBag from /home/ubuntu/airflow_venv/lib/python3.10/site-packages/airflow/example_dags/example_subdag_operator.py
[2023-09-29T07:23:06.801+0000] {processor.py:839} INFO - DAG(s) dict_keys(['example_subdag_operator.section-1', 'example_subdag_operator.section-2', 'example_subdag_operator']) retrieved from /home/ubuntu/airflow_venv/lib/python3.10/site-packages/airflow/example_dags/example_subdag_operator.py
[2023-09-29T07:23:06.818+0000] {logging_mixin.py:151} INFO - [2023-09-29T07:23:06.818+0000] {dag.py:2915} INFO - Sync 3 DAGs
[2023-09-29T07:23:06.840+0000] {logging_mixin.py:151} INFO - [2023-09-29T07:23:06.839+0000] {dag.py:3696} INFO - Setting next_dagrun for example_subdag_operator to 2022-01-01T00:00:00+00:00, run_after=2022-01-01T00:00:00+00:00
[2023-09-29T07:23:06.844+0000] {logging_mixin.py:151} INFO - [2023-09-29T07:23:06.844+0000] {dag.py:3696} INFO - Setting next_dagrun for example_subdag_operator.section-1 to None, run_after=None
[2023-09-29T07:23:06.845+0000] {logging_mixin.py:151} INFO - [2023-09-29T07:23:06.845+0000] {dag.py:3696} INFO - Setting next_dagrun for example_subdag_operator.section-2 to None, run_after=None
[2023-09-29T07:23:07.024+0000] {logging_mixin.py:151} INFO - [2023-09-29T07:23:07.024+0000] {dag.py:2915} INFO - Sync 2 DAGs
[2023-09-29T07:23:07.030+0000] {logging_mixin.py:151} INFO - [2023-09-29T07:23:07.030+0000] {dag.py:3696} INFO - Setting next_dagrun for example_subdag_operator.section-1 to None, run_after=None
[2023-09-29T07:23:07.030+0000] {logging_mixin.py:151} INFO - [2023-09-29T07:23:07.030+0000] {dag.py:3696} INFO - Setting next_dagrun for example_subdag_operator.section-2 to None, run_after=None
[2023-09-29T07:23:07.048+0000] {processor.py:179} INFO - Processing /home/ubuntu/airflow_venv/lib/python3.10/site-packages/airflow/example_dags/example_subdag_operator.py took 0.321 seconds
[2023-09-29T07:28:15.184+0000] {processor.py:157} INFO - Started process (PID=12861) to work on /home/ubuntu/airflow_venv/lib/python3.10/site-packages/airflow/example_dags/example_subdag_operator.py
[2023-09-29T07:28:15.185+0000] {processor.py:829} INFO - Processing file /home/ubuntu/airflow_venv/lib/python3.10/site-packages/airflow/example_dags/example_subdag_operator.py for tasks to queue
[2023-09-29T07:28:15.186+0000] {logging_mixin.py:151} INFO - [2023-09-29T07:28:15.186+0000] {dagbag.py:539} INFO - Filling up the DagBag from /home/ubuntu/airflow_venv/lib/python3.10/site-packages/airflow/example_dags/example_subdag_operator.py
[2023-09-29T07:28:15.428+0000] {processor.py:839} INFO - DAG(s) dict_keys(['example_subdag_operator.section-1', 'example_subdag_operator.section-2', 'example_subdag_operator']) retrieved from /home/ubuntu/airflow_venv/lib/python3.10/site-packages/airflow/example_dags/example_subdag_operator.py
[2023-09-29T07:28:15.449+0000] {logging_mixin.py:151} INFO - [2023-09-29T07:28:15.449+0000] {dag.py:2915} INFO - Sync 3 DAGs
[2023-09-29T07:28:15.466+0000] {logging_mixin.py:151} INFO - [2023-09-29T07:28:15.466+0000] {dag.py:3696} INFO - Setting next_dagrun for example_subdag_operator to 2022-01-01T00:00:00+00:00, run_after=2022-01-01T00:00:00+00:00
[2023-09-29T07:28:15.469+0000] {logging_mixin.py:151} INFO - [2023-09-29T07:28:15.469+0000] {dag.py:3696} INFO - Setting next_dagrun for example_subdag_operator.section-1 to None, run_after=None
[2023-09-29T07:28:15.470+0000] {logging_mixin.py:151} INFO - [2023-09-29T07:28:15.470+0000] {dag.py:3696} INFO - Setting next_dagrun for example_subdag_operator.section-2 to None, run_after=None
[2023-09-29T07:28:15.476+0000] {logging_mixin.py:151} INFO - [2023-09-29T07:28:15.476+0000] {dag.py:2915} INFO - Sync 2 DAGs
[2023-09-29T07:28:15.482+0000] {logging_mixin.py:151} INFO - [2023-09-29T07:28:15.481+0000] {dag.py:3696} INFO - Setting next_dagrun for example_subdag_operator.section-1 to None, run_after=None
[2023-09-29T07:28:15.482+0000] {logging_mixin.py:151} INFO - [2023-09-29T07:28:15.482+0000] {dag.py:3696} INFO - Setting next_dagrun for example_subdag_operator.section-2 to None, run_after=None
[2023-09-29T07:28:15.495+0000] {processor.py:179} INFO - Processing /home/ubuntu/airflow_venv/lib/python3.10/site-packages/airflow/example_dags/example_subdag_operator.py took 0.315 seconds
[2023-09-29T07:29:03.367+0000] {processor.py:157} INFO - Started process (PID=12910) to work on /home/ubuntu/airflow_venv/lib/python3.10/site-packages/airflow/example_dags/example_subdag_operator.py
[2023-09-29T07:29:03.368+0000] {processor.py:829} INFO - Processing file /home/ubuntu/airflow_venv/lib/python3.10/site-packages/airflow/example_dags/example_subdag_operator.py for tasks to queue
[2023-09-29T07:29:03.369+0000] {logging_mixin.py:151} INFO - [2023-09-29T07:29:03.369+0000] {dagbag.py:539} INFO - Filling up the DagBag from /home/ubuntu/airflow_venv/lib/python3.10/site-packages/airflow/example_dags/example_subdag_operator.py
[2023-09-29T07:29:03.396+0000] {processor.py:839} INFO - DAG(s) dict_keys(['example_subdag_operator.section-1', 'example_subdag_operator.section-2', 'example_subdag_operator']) retrieved from /home/ubuntu/airflow_venv/lib/python3.10/site-packages/airflow/example_dags/example_subdag_operator.py
[2023-09-29T07:29:03.415+0000] {logging_mixin.py:151} INFO - [2023-09-29T07:29:03.415+0000] {dag.py:2915} INFO - Sync 3 DAGs
[2023-09-29T07:29:03.442+0000] {logging_mixin.py:151} INFO - [2023-09-29T07:29:03.442+0000] {dag.py:3696} INFO - Setting next_dagrun for example_subdag_operator to 2022-01-01T00:00:00+00:00, run_after=2022-01-01T00:00:00+00:00
[2023-09-29T07:29:03.447+0000] {logging_mixin.py:151} INFO - [2023-09-29T07:29:03.446+0000] {dag.py:3696} INFO - Setting next_dagrun for example_subdag_operator.section-1 to None, run_after=None
[2023-09-29T07:29:03.448+0000] {logging_mixin.py:151} INFO - [2023-09-29T07:29:03.448+0000] {dag.py:3696} INFO - Setting next_dagrun for example_subdag_operator.section-2 to None, run_after=None
[2023-09-29T07:29:03.454+0000] {logging_mixin.py:151} INFO - [2023-09-29T07:29:03.454+0000] {dag.py:2915} INFO - Sync 2 DAGs
[2023-09-29T07:29:03.459+0000] {logging_mixin.py:151} INFO - [2023-09-29T07:29:03.458+0000] {dag.py:3696} INFO - Setting next_dagrun for example_subdag_operator.section-1 to None, run_after=None
[2023-09-29T07:29:03.459+0000] {logging_mixin.py:151} INFO - [2023-09-29T07:29:03.459+0000] {dag.py:3696} INFO - Setting next_dagrun for example_subdag_operator.section-2 to None, run_after=None
[2023-09-29T07:29:03.475+0000] {processor.py:179} INFO - Processing /home/ubuntu/airflow_venv/lib/python3.10/site-packages/airflow/example_dags/example_subdag_operator.py took 0.111 seconds
[2023-09-29T07:29:41.459+0000] {processor.py:157} INFO - Started process (PID=12947) to work on /home/ubuntu/airflow_venv/lib/python3.10/site-packages/airflow/example_dags/example_subdag_operator.py
[2023-09-29T07:29:41.460+0000] {processor.py:829} INFO - Processing file /home/ubuntu/airflow_venv/lib/python3.10/site-packages/airflow/example_dags/example_subdag_operator.py for tasks to queue
[2023-09-29T07:29:41.467+0000] {logging_mixin.py:151} INFO - [2023-09-29T07:29:41.467+0000] {dagbag.py:539} INFO - Filling up the DagBag from /home/ubuntu/airflow_venv/lib/python3.10/site-packages/airflow/example_dags/example_subdag_operator.py
[2023-09-29T07:29:41.504+0000] {processor.py:839} INFO - DAG(s) dict_keys(['example_subdag_operator.section-1', 'example_subdag_operator.section-2', 'example_subdag_operator']) retrieved from /home/ubuntu/airflow_venv/lib/python3.10/site-packages/airflow/example_dags/example_subdag_operator.py
[2023-09-29T07:29:41.521+0000] {logging_mixin.py:151} INFO - [2023-09-29T07:29:41.520+0000] {dag.py:2915} INFO - Sync 3 DAGs
[2023-09-29T07:29:41.545+0000] {logging_mixin.py:151} INFO - [2023-09-29T07:29:41.544+0000] {dag.py:3696} INFO - Setting next_dagrun for example_subdag_operator to 2022-01-01T00:00:00+00:00, run_after=2022-01-01T00:00:00+00:00
[2023-09-29T07:29:41.548+0000] {logging_mixin.py:151} INFO - [2023-09-29T07:29:41.548+0000] {dag.py:3696} INFO - Setting next_dagrun for example_subdag_operator.section-1 to None, run_after=None
[2023-09-29T07:29:41.549+0000] {logging_mixin.py:151} INFO - [2023-09-29T07:29:41.549+0000] {dag.py:3696} INFO - Setting next_dagrun for example_subdag_operator.section-2 to None, run_after=None
[2023-09-29T07:29:41.554+0000] {logging_mixin.py:151} INFO - [2023-09-29T07:29:41.554+0000] {dag.py:2915} INFO - Sync 2 DAGs
[2023-09-29T07:29:41.564+0000] {logging_mixin.py:151} INFO - [2023-09-29T07:29:41.563+0000] {dag.py:3696} INFO - Setting next_dagrun for example_subdag_operator.section-1 to None, run_after=None
[2023-09-29T07:29:41.564+0000] {logging_mixin.py:151} INFO - [2023-09-29T07:29:41.564+0000] {dag.py:3696} INFO - Setting next_dagrun for example_subdag_operator.section-2 to None, run_after=None
[2023-09-29T07:29:41.581+0000] {processor.py:179} INFO - Processing /home/ubuntu/airflow_venv/lib/python3.10/site-packages/airflow/example_dags/example_subdag_operator.py took 0.136 seconds
[2023-09-29T07:30:20.023+0000] {processor.py:157} INFO - Started process (PID=12987) to work on /home/ubuntu/airflow_venv/lib/python3.10/site-packages/airflow/example_dags/example_subdag_operator.py
[2023-09-29T07:30:20.024+0000] {processor.py:829} INFO - Processing file /home/ubuntu/airflow_venv/lib/python3.10/site-packages/airflow/example_dags/example_subdag_operator.py for tasks to queue
[2023-09-29T07:30:20.025+0000] {logging_mixin.py:151} INFO - [2023-09-29T07:30:20.025+0000] {dagbag.py:539} INFO - Filling up the DagBag from /home/ubuntu/airflow_venv/lib/python3.10/site-packages/airflow/example_dags/example_subdag_operator.py
[2023-09-29T07:30:20.048+0000] {processor.py:839} INFO - DAG(s) dict_keys(['example_subdag_operator.section-1', 'example_subdag_operator.section-2', 'example_subdag_operator']) retrieved from /home/ubuntu/airflow_venv/lib/python3.10/site-packages/airflow/example_dags/example_subdag_operator.py
[2023-09-29T07:30:20.064+0000] {logging_mixin.py:151} INFO - [2023-09-29T07:30:20.063+0000] {dag.py:2915} INFO - Sync 3 DAGs
[2023-09-29T07:30:20.088+0000] {logging_mixin.py:151} INFO - [2023-09-29T07:30:20.087+0000] {dag.py:3696} INFO - Setting next_dagrun for example_subdag_operator to 2022-01-01T00:00:00+00:00, run_after=2022-01-01T00:00:00+00:00
[2023-09-29T07:30:20.092+0000] {logging_mixin.py:151} INFO - [2023-09-29T07:30:20.092+0000] {dag.py:3696} INFO - Setting next_dagrun for example_subdag_operator.section-1 to None, run_after=None
[2023-09-29T07:30:20.094+0000] {logging_mixin.py:151} INFO - [2023-09-29T07:30:20.093+0000] {dag.py:3696} INFO - Setting next_dagrun for example_subdag_operator.section-2 to None, run_after=None
[2023-09-29T07:30:20.101+0000] {logging_mixin.py:151} INFO - [2023-09-29T07:30:20.101+0000] {dag.py:2915} INFO - Sync 2 DAGs
[2023-09-29T07:30:20.106+0000] {logging_mixin.py:151} INFO - [2023-09-29T07:30:20.106+0000] {dag.py:3696} INFO - Setting next_dagrun for example_subdag_operator.section-1 to None, run_after=None
[2023-09-29T07:30:20.107+0000] {logging_mixin.py:151} INFO - [2023-09-29T07:30:20.107+0000] {dag.py:3696} INFO - Setting next_dagrun for example_subdag_operator.section-2 to None, run_after=None
[2023-09-29T07:30:20.123+0000] {processor.py:179} INFO - Processing /home/ubuntu/airflow_venv/lib/python3.10/site-packages/airflow/example_dags/example_subdag_operator.py took 0.103 seconds
[2023-09-29T07:30:57.237+0000] {processor.py:157} INFO - Started process (PID=13028) to work on /home/ubuntu/airflow_venv/lib/python3.10/site-packages/airflow/example_dags/example_subdag_operator.py
[2023-09-29T07:30:57.238+0000] {processor.py:829} INFO - Processing file /home/ubuntu/airflow_venv/lib/python3.10/site-packages/airflow/example_dags/example_subdag_operator.py for tasks to queue
[2023-09-29T07:30:57.240+0000] {logging_mixin.py:151} INFO - [2023-09-29T07:30:57.239+0000] {dagbag.py:539} INFO - Filling up the DagBag from /home/ubuntu/airflow_venv/lib/python3.10/site-packages/airflow/example_dags/example_subdag_operator.py
[2023-09-29T07:30:57.261+0000] {processor.py:839} INFO - DAG(s) dict_keys(['example_subdag_operator.section-1', 'example_subdag_operator.section-2', 'example_subdag_operator']) retrieved from /home/ubuntu/airflow_venv/lib/python3.10/site-packages/airflow/example_dags/example_subdag_operator.py
[2023-09-29T07:30:57.277+0000] {logging_mixin.py:151} INFO - [2023-09-29T07:30:57.277+0000] {dag.py:2915} INFO - Sync 3 DAGs
[2023-09-29T07:30:57.296+0000] {logging_mixin.py:151} INFO - [2023-09-29T07:30:57.296+0000] {dag.py:3696} INFO - Setting next_dagrun for example_subdag_operator to 2022-01-01T00:00:00+00:00, run_after=2022-01-01T00:00:00+00:00
[2023-09-29T07:30:57.299+0000] {logging_mixin.py:151} INFO - [2023-09-29T07:30:57.299+0000] {dag.py:3696} INFO - Setting next_dagrun for example_subdag_operator.section-1 to None, run_after=None
[2023-09-29T07:30:57.300+0000] {logging_mixin.py:151} INFO - [2023-09-29T07:30:57.300+0000] {dag.py:3696} INFO - Setting next_dagrun for example_subdag_operator.section-2 to None, run_after=None
[2023-09-29T07:30:57.306+0000] {logging_mixin.py:151} INFO - [2023-09-29T07:30:57.305+0000] {dag.py:2915} INFO - Sync 2 DAGs
[2023-09-29T07:30:57.310+0000] {logging_mixin.py:151} INFO - [2023-09-29T07:30:57.309+0000] {dag.py:3696} INFO - Setting next_dagrun for example_subdag_operator.section-1 to None, run_after=None
[2023-09-29T07:30:57.310+0000] {logging_mixin.py:151} INFO - [2023-09-29T07:30:57.310+0000] {dag.py:3696} INFO - Setting next_dagrun for example_subdag_operator.section-2 to None, run_after=None
[2023-09-29T07:30:57.336+0000] {processor.py:179} INFO - Processing /home/ubuntu/airflow_venv/lib/python3.10/site-packages/airflow/example_dags/example_subdag_operator.py took 0.102 seconds
[2023-09-29T07:31:33.652+0000] {processor.py:157} INFO - Started process (PID=13106) to work on /home/ubuntu/airflow_venv/lib/python3.10/site-packages/airflow/example_dags/example_subdag_operator.py
[2023-09-29T07:31:33.654+0000] {processor.py:829} INFO - Processing file /home/ubuntu/airflow_venv/lib/python3.10/site-packages/airflow/example_dags/example_subdag_operator.py for tasks to queue
[2023-09-29T07:31:33.655+0000] {logging_mixin.py:151} INFO - [2023-09-29T07:31:33.654+0000] {dagbag.py:539} INFO - Filling up the DagBag from /home/ubuntu/airflow_venv/lib/python3.10/site-packages/airflow/example_dags/example_subdag_operator.py
[2023-09-29T07:31:33.682+0000] {processor.py:839} INFO - DAG(s) dict_keys(['example_subdag_operator.section-1', 'example_subdag_operator.section-2', 'example_subdag_operator']) retrieved from /home/ubuntu/airflow_venv/lib/python3.10/site-packages/airflow/example_dags/example_subdag_operator.py
[2023-09-29T07:31:33.707+0000] {logging_mixin.py:151} INFO - [2023-09-29T07:31:33.706+0000] {dag.py:2915} INFO - Sync 3 DAGs
[2023-09-29T07:31:33.731+0000] {logging_mixin.py:151} INFO - [2023-09-29T07:31:33.731+0000] {dag.py:3696} INFO - Setting next_dagrun for example_subdag_operator to 2022-01-01T00:00:00+00:00, run_after=2022-01-01T00:00:00+00:00
[2023-09-29T07:31:33.735+0000] {logging_mixin.py:151} INFO - [2023-09-29T07:31:33.735+0000] {dag.py:3696} INFO - Setting next_dagrun for example_subdag_operator.section-1 to None, run_after=None
[2023-09-29T07:31:33.736+0000] {logging_mixin.py:151} INFO - [2023-09-29T07:31:33.736+0000] {dag.py:3696} INFO - Setting next_dagrun for example_subdag_operator.section-2 to None, run_after=None
[2023-09-29T07:31:33.743+0000] {logging_mixin.py:151} INFO - [2023-09-29T07:31:33.743+0000] {dag.py:2915} INFO - Sync 2 DAGs
[2023-09-29T07:31:33.749+0000] {logging_mixin.py:151} INFO - [2023-09-29T07:31:33.748+0000] {dag.py:3696} INFO - Setting next_dagrun for example_subdag_operator.section-1 to None, run_after=None
[2023-09-29T07:31:33.749+0000] {logging_mixin.py:151} INFO - [2023-09-29T07:31:33.749+0000] {dag.py:3696} INFO - Setting next_dagrun for example_subdag_operator.section-2 to None, run_after=None
[2023-09-29T07:31:33.766+0000] {processor.py:179} INFO - Processing /home/ubuntu/airflow_venv/lib/python3.10/site-packages/airflow/example_dags/example_subdag_operator.py took 0.118 seconds
[2023-09-29T07:43:11.236+0000] {processor.py:157} INFO - Started process (PID=1201) to work on /home/ubuntu/airflow_venv/lib/python3.10/site-packages/airflow/example_dags/example_subdag_operator.py
[2023-09-29T07:43:11.239+0000] {processor.py:829} INFO - Processing file /home/ubuntu/airflow_venv/lib/python3.10/site-packages/airflow/example_dags/example_subdag_operator.py for tasks to queue
[2023-09-29T07:43:11.240+0000] {logging_mixin.py:151} INFO - [2023-09-29T07:43:11.240+0000] {dagbag.py:539} INFO - Filling up the DagBag from /home/ubuntu/airflow_venv/lib/python3.10/site-packages/airflow/example_dags/example_subdag_operator.py
[2023-09-29T07:43:11.286+0000] {processor.py:839} INFO - DAG(s) dict_keys(['example_subdag_operator.section-1', 'example_subdag_operator.section-2', 'example_subdag_operator']) retrieved from /home/ubuntu/airflow_venv/lib/python3.10/site-packages/airflow/example_dags/example_subdag_operator.py
[2023-09-29T07:43:11.293+0000] {logging_mixin.py:151} INFO - [2023-09-29T07:43:11.292+0000] {dag.py:2915} INFO - Sync 3 DAGs
[2023-09-29T07:43:11.335+0000] {logging_mixin.py:151} INFO - [2023-09-29T07:43:11.335+0000] {dag.py:3696} INFO - Setting next_dagrun for example_subdag_operator to 2022-01-01T00:00:00+00:00, run_after=2022-01-01T00:00:00+00:00
[2023-09-29T07:43:11.344+0000] {logging_mixin.py:151} INFO - [2023-09-29T07:43:11.344+0000] {dag.py:3696} INFO - Setting next_dagrun for example_subdag_operator.section-1 to None, run_after=None
[2023-09-29T07:43:11.346+0000] {logging_mixin.py:151} INFO - [2023-09-29T07:43:11.346+0000] {dag.py:3696} INFO - Setting next_dagrun for example_subdag_operator.section-2 to None, run_after=None
[2023-09-29T07:43:11.355+0000] {logging_mixin.py:151} INFO - [2023-09-29T07:43:11.355+0000] {dag.py:2915} INFO - Sync 2 DAGs
[2023-09-29T07:43:11.365+0000] {logging_mixin.py:151} INFO - [2023-09-29T07:43:11.365+0000] {dag.py:3696} INFO - Setting next_dagrun for example_subdag_operator.section-1 to None, run_after=None
[2023-09-29T07:43:11.366+0000] {logging_mixin.py:151} INFO - [2023-09-29T07:43:11.366+0000] {dag.py:3696} INFO - Setting next_dagrun for example_subdag_operator.section-2 to None, run_after=None
[2023-09-29T07:43:11.396+0000] {processor.py:179} INFO - Processing /home/ubuntu/airflow_venv/lib/python3.10/site-packages/airflow/example_dags/example_subdag_operator.py took 0.168 seconds
[2023-09-29T07:43:58.216+0000] {processor.py:157} INFO - Started process (PID=1249) to work on /home/ubuntu/airflow_venv/lib/python3.10/site-packages/airflow/example_dags/example_subdag_operator.py
[2023-09-29T07:43:58.217+0000] {processor.py:829} INFO - Processing file /home/ubuntu/airflow_venv/lib/python3.10/site-packages/airflow/example_dags/example_subdag_operator.py for tasks to queue
[2023-09-29T07:43:58.218+0000] {logging_mixin.py:151} INFO - [2023-09-29T07:43:58.218+0000] {dagbag.py:539} INFO - Filling up the DagBag from /home/ubuntu/airflow_venv/lib/python3.10/site-packages/airflow/example_dags/example_subdag_operator.py
[2023-09-29T07:43:58.241+0000] {processor.py:839} INFO - DAG(s) dict_keys(['example_subdag_operator.section-1', 'example_subdag_operator.section-2', 'example_subdag_operator']) retrieved from /home/ubuntu/airflow_venv/lib/python3.10/site-packages/airflow/example_dags/example_subdag_operator.py
[2023-09-29T07:43:58.256+0000] {logging_mixin.py:151} INFO - [2023-09-29T07:43:58.256+0000] {dag.py:2915} INFO - Sync 3 DAGs
[2023-09-29T07:43:58.289+0000] {logging_mixin.py:151} INFO - [2023-09-29T07:43:58.289+0000] {dag.py:3696} INFO - Setting next_dagrun for example_subdag_operator to 2022-01-01T00:00:00+00:00, run_after=2022-01-01T00:00:00+00:00
[2023-09-29T07:43:58.292+0000] {logging_mixin.py:151} INFO - [2023-09-29T07:43:58.292+0000] {dag.py:3696} INFO - Setting next_dagrun for example_subdag_operator.section-1 to None, run_after=None
[2023-09-29T07:43:58.293+0000] {logging_mixin.py:151} INFO - [2023-09-29T07:43:58.293+0000] {dag.py:3696} INFO - Setting next_dagrun for example_subdag_operator.section-2 to None, run_after=None
[2023-09-29T07:43:58.457+0000] {logging_mixin.py:151} INFO - [2023-09-29T07:43:58.457+0000] {dag.py:2915} INFO - Sync 2 DAGs
[2023-09-29T07:43:58.461+0000] {logging_mixin.py:151} INFO - [2023-09-29T07:43:58.461+0000] {dag.py:3696} INFO - Setting next_dagrun for example_subdag_operator.section-1 to None, run_after=None
[2023-09-29T07:43:58.461+0000] {logging_mixin.py:151} INFO - [2023-09-29T07:43:58.461+0000] {dag.py:3696} INFO - Setting next_dagrun for example_subdag_operator.section-2 to None, run_after=None
[2023-09-29T07:43:58.475+0000] {processor.py:179} INFO - Processing /home/ubuntu/airflow_venv/lib/python3.10/site-packages/airflow/example_dags/example_subdag_operator.py took 0.262 seconds
[2023-09-29T07:44:43.149+0000] {processor.py:157} INFO - Started process (PID=1288) to work on /home/ubuntu/airflow_venv/lib/python3.10/site-packages/airflow/example_dags/example_subdag_operator.py
[2023-09-29T07:44:43.150+0000] {processor.py:829} INFO - Processing file /home/ubuntu/airflow_venv/lib/python3.10/site-packages/airflow/example_dags/example_subdag_operator.py for tasks to queue
[2023-09-29T07:44:43.151+0000] {logging_mixin.py:151} INFO - [2023-09-29T07:44:43.151+0000] {dagbag.py:539} INFO - Filling up the DagBag from /home/ubuntu/airflow_venv/lib/python3.10/site-packages/airflow/example_dags/example_subdag_operator.py
[2023-09-29T07:44:43.172+0000] {processor.py:839} INFO - DAG(s) dict_keys(['example_subdag_operator.section-1', 'example_subdag_operator.section-2', 'example_subdag_operator']) retrieved from /home/ubuntu/airflow_venv/lib/python3.10/site-packages/airflow/example_dags/example_subdag_operator.py
[2023-09-29T07:44:43.187+0000] {logging_mixin.py:151} INFO - [2023-09-29T07:44:43.186+0000] {dag.py:2915} INFO - Sync 3 DAGs
[2023-09-29T07:44:43.345+0000] {logging_mixin.py:151} INFO - [2023-09-29T07:44:43.345+0000] {dag.py:3696} INFO - Setting next_dagrun for example_subdag_operator to 2022-01-01T00:00:00+00:00, run_after=2022-01-01T00:00:00+00:00
[2023-09-29T07:44:43.348+0000] {logging_mixin.py:151} INFO - [2023-09-29T07:44:43.348+0000] {dag.py:3696} INFO - Setting next_dagrun for example_subdag_operator.section-1 to None, run_after=None
[2023-09-29T07:44:43.349+0000] {logging_mixin.py:151} INFO - [2023-09-29T07:44:43.349+0000] {dag.py:3696} INFO - Setting next_dagrun for example_subdag_operator.section-2 to None, run_after=None
[2023-09-29T07:44:43.353+0000] {logging_mixin.py:151} INFO - [2023-09-29T07:44:43.353+0000] {dag.py:2915} INFO - Sync 2 DAGs
[2023-09-29T07:44:43.357+0000] {logging_mixin.py:151} INFO - [2023-09-29T07:44:43.357+0000] {dag.py:3696} INFO - Setting next_dagrun for example_subdag_operator.section-1 to None, run_after=None
[2023-09-29T07:44:43.358+0000] {logging_mixin.py:151} INFO - [2023-09-29T07:44:43.357+0000] {dag.py:3696} INFO - Setting next_dagrun for example_subdag_operator.section-2 to None, run_after=None
[2023-09-29T07:44:43.376+0000] {processor.py:179} INFO - Processing /home/ubuntu/airflow_venv/lib/python3.10/site-packages/airflow/example_dags/example_subdag_operator.py took 0.229 seconds
[2023-09-29T07:55:05.540+0000] {processor.py:157} INFO - Started process (PID=1325) to work on /home/ubuntu/airflow_venv/lib/python3.10/site-packages/airflow/example_dags/example_subdag_operator.py
[2023-09-29T07:55:05.542+0000] {processor.py:829} INFO - Processing file /home/ubuntu/airflow_venv/lib/python3.10/site-packages/airflow/example_dags/example_subdag_operator.py for tasks to queue
[2023-09-29T07:55:05.543+0000] {logging_mixin.py:151} INFO - [2023-09-29T07:55:05.542+0000] {dagbag.py:539} INFO - Filling up the DagBag from /home/ubuntu/airflow_venv/lib/python3.10/site-packages/airflow/example_dags/example_subdag_operator.py
[2023-09-29T07:55:05.570+0000] {processor.py:839} INFO - DAG(s) dict_keys(['example_subdag_operator.section-1', 'example_subdag_operator.section-2', 'example_subdag_operator']) retrieved from /home/ubuntu/airflow_venv/lib/python3.10/site-packages/airflow/example_dags/example_subdag_operator.py
[2023-09-29T07:55:05.574+0000] {logging_mixin.py:151} INFO - [2023-09-29T07:55:05.574+0000] {dag.py:2915} INFO - Sync 3 DAGs
[2023-09-29T07:55:05.601+0000] {logging_mixin.py:151} INFO - [2023-09-29T07:55:05.600+0000] {dag.py:3696} INFO - Setting next_dagrun for example_subdag_operator to 2022-01-01T00:00:00+00:00, run_after=2022-01-01T00:00:00+00:00
[2023-09-29T07:55:05.605+0000] {logging_mixin.py:151} INFO - [2023-09-29T07:55:05.605+0000] {dag.py:3696} INFO - Setting next_dagrun for example_subdag_operator.section-1 to None, run_after=None
[2023-09-29T07:55:05.606+0000] {logging_mixin.py:151} INFO - [2023-09-29T07:55:05.606+0000] {dag.py:3696} INFO - Setting next_dagrun for example_subdag_operator.section-2 to None, run_after=None
[2023-09-29T07:55:05.613+0000] {logging_mixin.py:151} INFO - [2023-09-29T07:55:05.613+0000] {dag.py:2915} INFO - Sync 2 DAGs
[2023-09-29T07:55:05.618+0000] {logging_mixin.py:151} INFO - [2023-09-29T07:55:05.618+0000] {dag.py:3696} INFO - Setting next_dagrun for example_subdag_operator.section-1 to None, run_after=None
[2023-09-29T07:55:05.619+0000] {logging_mixin.py:151} INFO - [2023-09-29T07:55:05.619+0000] {dag.py:3696} INFO - Setting next_dagrun for example_subdag_operator.section-2 to None, run_after=None
[2023-09-29T07:55:05.636+0000] {processor.py:179} INFO - Processing /home/ubuntu/airflow_venv/lib/python3.10/site-packages/airflow/example_dags/example_subdag_operator.py took 0.100 seconds
[2023-09-29T07:55:57.112+0000] {processor.py:157} INFO - Started process (PID=1379) to work on /home/ubuntu/airflow_venv/lib/python3.10/site-packages/airflow/example_dags/example_subdag_operator.py
[2023-09-29T07:55:57.114+0000] {processor.py:829} INFO - Processing file /home/ubuntu/airflow_venv/lib/python3.10/site-packages/airflow/example_dags/example_subdag_operator.py for tasks to queue
[2023-09-29T07:55:57.115+0000] {logging_mixin.py:151} INFO - [2023-09-29T07:55:57.114+0000] {dagbag.py:539} INFO - Filling up the DagBag from /home/ubuntu/airflow_venv/lib/python3.10/site-packages/airflow/example_dags/example_subdag_operator.py
[2023-09-29T07:55:57.136+0000] {processor.py:839} INFO - DAG(s) dict_keys(['example_subdag_operator.section-1', 'example_subdag_operator.section-2', 'example_subdag_operator']) retrieved from /home/ubuntu/airflow_venv/lib/python3.10/site-packages/airflow/example_dags/example_subdag_operator.py
[2023-09-29T07:55:57.150+0000] {logging_mixin.py:151} INFO - [2023-09-29T07:55:57.150+0000] {dag.py:2915} INFO - Sync 3 DAGs
[2023-09-29T07:55:57.168+0000] {logging_mixin.py:151} INFO - [2023-09-29T07:55:57.168+0000] {dag.py:3696} INFO - Setting next_dagrun for example_subdag_operator to 2022-01-01T00:00:00+00:00, run_after=2022-01-01T00:00:00+00:00
[2023-09-29T07:55:57.172+0000] {logging_mixin.py:151} INFO - [2023-09-29T07:55:57.172+0000] {dag.py:3696} INFO - Setting next_dagrun for example_subdag_operator.section-1 to None, run_after=None
[2023-09-29T07:55:57.173+0000] {logging_mixin.py:151} INFO - [2023-09-29T07:55:57.173+0000] {dag.py:3696} INFO - Setting next_dagrun for example_subdag_operator.section-2 to None, run_after=None
[2023-09-29T07:55:57.178+0000] {logging_mixin.py:151} INFO - [2023-09-29T07:55:57.177+0000] {dag.py:2915} INFO - Sync 2 DAGs
[2023-09-29T07:55:57.318+0000] {logging_mixin.py:151} INFO - [2023-09-29T07:55:57.318+0000] {dag.py:3696} INFO - Setting next_dagrun for example_subdag_operator.section-1 to None, run_after=None
[2023-09-29T07:55:57.319+0000] {logging_mixin.py:151} INFO - [2023-09-29T07:55:57.318+0000] {dag.py:3696} INFO - Setting next_dagrun for example_subdag_operator.section-2 to None, run_after=None
[2023-09-29T07:55:57.335+0000] {processor.py:179} INFO - Processing /home/ubuntu/airflow_venv/lib/python3.10/site-packages/airflow/example_dags/example_subdag_operator.py took 0.225 seconds
[2023-09-29T07:56:46.118+0000] {processor.py:157} INFO - Started process (PID=1421) to work on /home/ubuntu/airflow_venv/lib/python3.10/site-packages/airflow/example_dags/example_subdag_operator.py
[2023-09-29T07:56:46.119+0000] {processor.py:829} INFO - Processing file /home/ubuntu/airflow_venv/lib/python3.10/site-packages/airflow/example_dags/example_subdag_operator.py for tasks to queue
[2023-09-29T07:56:46.120+0000] {logging_mixin.py:151} INFO - [2023-09-29T07:56:46.120+0000] {dagbag.py:539} INFO - Filling up the DagBag from /home/ubuntu/airflow_venv/lib/python3.10/site-packages/airflow/example_dags/example_subdag_operator.py
[2023-09-29T07:56:46.143+0000] {processor.py:839} INFO - DAG(s) dict_keys(['example_subdag_operator.section-1', 'example_subdag_operator.section-2', 'example_subdag_operator']) retrieved from /home/ubuntu/airflow_venv/lib/python3.10/site-packages/airflow/example_dags/example_subdag_operator.py
[2023-09-29T07:56:46.351+0000] {logging_mixin.py:151} INFO - [2023-09-29T07:56:46.351+0000] {dag.py:2915} INFO - Sync 3 DAGs
[2023-09-29T07:56:46.370+0000] {logging_mixin.py:151} INFO - [2023-09-29T07:56:46.370+0000] {dag.py:3696} INFO - Setting next_dagrun for example_subdag_operator to 2022-01-01T00:00:00+00:00, run_after=2022-01-01T00:00:00+00:00
[2023-09-29T07:56:46.376+0000] {logging_mixin.py:151} INFO - [2023-09-29T07:56:46.376+0000] {dag.py:3696} INFO - Setting next_dagrun for example_subdag_operator.section-1 to None, run_after=None
[2023-09-29T07:56:46.377+0000] {logging_mixin.py:151} INFO - [2023-09-29T07:56:46.377+0000] {dag.py:3696} INFO - Setting next_dagrun for example_subdag_operator.section-2 to None, run_after=None
[2023-09-29T07:56:46.383+0000] {logging_mixin.py:151} INFO - [2023-09-29T07:56:46.382+0000] {dag.py:2915} INFO - Sync 2 DAGs
[2023-09-29T07:56:46.387+0000] {logging_mixin.py:151} INFO - [2023-09-29T07:56:46.386+0000] {dag.py:3696} INFO - Setting next_dagrun for example_subdag_operator.section-1 to None, run_after=None
[2023-09-29T07:56:46.387+0000] {logging_mixin.py:151} INFO - [2023-09-29T07:56:46.387+0000] {dag.py:3696} INFO - Setting next_dagrun for example_subdag_operator.section-2 to None, run_after=None
[2023-09-29T07:56:46.402+0000] {processor.py:179} INFO - Processing /home/ubuntu/airflow_venv/lib/python3.10/site-packages/airflow/example_dags/example_subdag_operator.py took 0.287 seconds
[2023-09-29T07:57:39.234+0000] {processor.py:157} INFO - Started process (PID=1468) to work on /home/ubuntu/airflow_venv/lib/python3.10/site-packages/airflow/example_dags/example_subdag_operator.py
[2023-09-29T07:57:39.235+0000] {processor.py:829} INFO - Processing file /home/ubuntu/airflow_venv/lib/python3.10/site-packages/airflow/example_dags/example_subdag_operator.py for tasks to queue
[2023-09-29T07:57:39.236+0000] {logging_mixin.py:151} INFO - [2023-09-29T07:57:39.236+0000] {dagbag.py:539} INFO - Filling up the DagBag from /home/ubuntu/airflow_venv/lib/python3.10/site-packages/airflow/example_dags/example_subdag_operator.py
[2023-09-29T07:57:39.257+0000] {processor.py:839} INFO - DAG(s) dict_keys(['example_subdag_operator.section-1', 'example_subdag_operator.section-2', 'example_subdag_operator']) retrieved from /home/ubuntu/airflow_venv/lib/python3.10/site-packages/airflow/example_dags/example_subdag_operator.py
[2023-09-29T07:57:39.272+0000] {logging_mixin.py:151} INFO - [2023-09-29T07:57:39.272+0000] {dag.py:2915} INFO - Sync 3 DAGs
[2023-09-29T07:57:39.289+0000] {logging_mixin.py:151} INFO - [2023-09-29T07:57:39.289+0000] {dag.py:3696} INFO - Setting next_dagrun for example_subdag_operator to 2022-01-01T00:00:00+00:00, run_after=2022-01-01T00:00:00+00:00
[2023-09-29T07:57:39.292+0000] {logging_mixin.py:151} INFO - [2023-09-29T07:57:39.292+0000] {dag.py:3696} INFO - Setting next_dagrun for example_subdag_operator.section-1 to None, run_after=None
[2023-09-29T07:57:39.293+0000] {logging_mixin.py:151} INFO - [2023-09-29T07:57:39.292+0000] {dag.py:3696} INFO - Setting next_dagrun for example_subdag_operator.section-2 to None, run_after=None
[2023-09-29T07:57:39.299+0000] {logging_mixin.py:151} INFO - [2023-09-29T07:57:39.299+0000] {dag.py:2915} INFO - Sync 2 DAGs
[2023-09-29T07:57:39.303+0000] {logging_mixin.py:151} INFO - [2023-09-29T07:57:39.303+0000] {dag.py:3696} INFO - Setting next_dagrun for example_subdag_operator.section-1 to None, run_after=None
[2023-09-29T07:57:39.303+0000] {logging_mixin.py:151} INFO - [2023-09-29T07:57:39.303+0000] {dag.py:3696} INFO - Setting next_dagrun for example_subdag_operator.section-2 to None, run_after=None
[2023-09-29T07:57:39.317+0000] {processor.py:179} INFO - Processing /home/ubuntu/airflow_venv/lib/python3.10/site-packages/airflow/example_dags/example_subdag_operator.py took 0.086 seconds
[2023-09-29T07:58:26.135+0000] {processor.py:157} INFO - Started process (PID=1516) to work on /home/ubuntu/airflow_venv/lib/python3.10/site-packages/airflow/example_dags/example_subdag_operator.py
[2023-09-29T07:58:26.136+0000] {processor.py:829} INFO - Processing file /home/ubuntu/airflow_venv/lib/python3.10/site-packages/airflow/example_dags/example_subdag_operator.py for tasks to queue
[2023-09-29T07:58:26.137+0000] {logging_mixin.py:151} INFO - [2023-09-29T07:58:26.136+0000] {dagbag.py:539} INFO - Filling up the DagBag from /home/ubuntu/airflow_venv/lib/python3.10/site-packages/airflow/example_dags/example_subdag_operator.py
[2023-09-29T07:58:26.158+0000] {processor.py:839} INFO - DAG(s) dict_keys(['example_subdag_operator.section-1', 'example_subdag_operator.section-2', 'example_subdag_operator']) retrieved from /home/ubuntu/airflow_venv/lib/python3.10/site-packages/airflow/example_dags/example_subdag_operator.py
[2023-09-29T07:58:26.174+0000] {logging_mixin.py:151} INFO - [2023-09-29T07:58:26.174+0000] {dag.py:2915} INFO - Sync 3 DAGs
[2023-09-29T07:58:26.192+0000] {logging_mixin.py:151} INFO - [2023-09-29T07:58:26.192+0000] {dag.py:3696} INFO - Setting next_dagrun for example_subdag_operator to 2022-01-01T00:00:00+00:00, run_after=2022-01-01T00:00:00+00:00
[2023-09-29T07:58:26.195+0000] {logging_mixin.py:151} INFO - [2023-09-29T07:58:26.195+0000] {dag.py:3696} INFO - Setting next_dagrun for example_subdag_operator.section-1 to None, run_after=None
[2023-09-29T07:58:26.196+0000] {logging_mixin.py:151} INFO - [2023-09-29T07:58:26.196+0000] {dag.py:3696} INFO - Setting next_dagrun for example_subdag_operator.section-2 to None, run_after=None
[2023-09-29T07:58:26.201+0000] {logging_mixin.py:151} INFO - [2023-09-29T07:58:26.201+0000] {dag.py:2915} INFO - Sync 2 DAGs
[2023-09-29T07:58:26.205+0000] {logging_mixin.py:151} INFO - [2023-09-29T07:58:26.205+0000] {dag.py:3696} INFO - Setting next_dagrun for example_subdag_operator.section-1 to None, run_after=None
[2023-09-29T07:58:26.206+0000] {logging_mixin.py:151} INFO - [2023-09-29T07:58:26.205+0000] {dag.py:3696} INFO - Setting next_dagrun for example_subdag_operator.section-2 to None, run_after=None
[2023-09-29T07:58:26.220+0000] {processor.py:179} INFO - Processing /home/ubuntu/airflow_venv/lib/python3.10/site-packages/airflow/example_dags/example_subdag_operator.py took 0.088 seconds
[2023-09-29T07:59:06.702+0000] {processor.py:157} INFO - Started process (PID=1562) to work on /home/ubuntu/airflow_venv/lib/python3.10/site-packages/airflow/example_dags/example_subdag_operator.py
[2023-09-29T07:59:06.703+0000] {processor.py:829} INFO - Processing file /home/ubuntu/airflow_venv/lib/python3.10/site-packages/airflow/example_dags/example_subdag_operator.py for tasks to queue
[2023-09-29T07:59:06.704+0000] {logging_mixin.py:151} INFO - [2023-09-29T07:59:06.704+0000] {dagbag.py:539} INFO - Filling up the DagBag from /home/ubuntu/airflow_venv/lib/python3.10/site-packages/airflow/example_dags/example_subdag_operator.py
[2023-09-29T07:59:06.725+0000] {processor.py:839} INFO - DAG(s) dict_keys(['example_subdag_operator.section-1', 'example_subdag_operator.section-2', 'example_subdag_operator']) retrieved from /home/ubuntu/airflow_venv/lib/python3.10/site-packages/airflow/example_dags/example_subdag_operator.py
[2023-09-29T07:59:06.739+0000] {logging_mixin.py:151} INFO - [2023-09-29T07:59:06.739+0000] {dag.py:2915} INFO - Sync 3 DAGs
[2023-09-29T07:59:06.756+0000] {logging_mixin.py:151} INFO - [2023-09-29T07:59:06.756+0000] {dag.py:3696} INFO - Setting next_dagrun for example_subdag_operator to 2022-01-01T00:00:00+00:00, run_after=2022-01-01T00:00:00+00:00
[2023-09-29T07:59:06.759+0000] {logging_mixin.py:151} INFO - [2023-09-29T07:59:06.759+0000] {dag.py:3696} INFO - Setting next_dagrun for example_subdag_operator.section-1 to None, run_after=None
[2023-09-29T07:59:06.760+0000] {logging_mixin.py:151} INFO - [2023-09-29T07:59:06.760+0000] {dag.py:3696} INFO - Setting next_dagrun for example_subdag_operator.section-2 to None, run_after=None
[2023-09-29T07:59:06.765+0000] {logging_mixin.py:151} INFO - [2023-09-29T07:59:06.765+0000] {dag.py:2915} INFO - Sync 2 DAGs
[2023-09-29T07:59:06.770+0000] {logging_mixin.py:151} INFO - [2023-09-29T07:59:06.770+0000] {dag.py:3696} INFO - Setting next_dagrun for example_subdag_operator.section-1 to None, run_after=None
[2023-09-29T07:59:06.770+0000] {logging_mixin.py:151} INFO - [2023-09-29T07:59:06.770+0000] {dag.py:3696} INFO - Setting next_dagrun for example_subdag_operator.section-2 to None, run_after=None
[2023-09-29T07:59:06.788+0000] {processor.py:179} INFO - Processing /home/ubuntu/airflow_venv/lib/python3.10/site-packages/airflow/example_dags/example_subdag_operator.py took 0.089 seconds
[2023-09-29T07:59:58.524+0000] {processor.py:157} INFO - Started process (PID=1617) to work on /home/ubuntu/airflow_venv/lib/python3.10/site-packages/airflow/example_dags/example_subdag_operator.py
[2023-09-29T07:59:58.525+0000] {processor.py:829} INFO - Processing file /home/ubuntu/airflow_venv/lib/python3.10/site-packages/airflow/example_dags/example_subdag_operator.py for tasks to queue
[2023-09-29T07:59:58.526+0000] {logging_mixin.py:151} INFO - [2023-09-29T07:59:58.525+0000] {dagbag.py:539} INFO - Filling up the DagBag from /home/ubuntu/airflow_venv/lib/python3.10/site-packages/airflow/example_dags/example_subdag_operator.py
[2023-09-29T07:59:58.549+0000] {processor.py:839} INFO - DAG(s) dict_keys(['example_subdag_operator.section-1', 'example_subdag_operator.section-2', 'example_subdag_operator']) retrieved from /home/ubuntu/airflow_venv/lib/python3.10/site-packages/airflow/example_dags/example_subdag_operator.py
[2023-09-29T07:59:58.572+0000] {logging_mixin.py:151} INFO - [2023-09-29T07:59:58.572+0000] {dag.py:2915} INFO - Sync 3 DAGs
[2023-09-29T07:59:58.593+0000] {logging_mixin.py:151} INFO - [2023-09-29T07:59:58.593+0000] {dag.py:3696} INFO - Setting next_dagrun for example_subdag_operator to 2022-01-01T00:00:00+00:00, run_after=2022-01-01T00:00:00+00:00
[2023-09-29T07:59:58.596+0000] {logging_mixin.py:151} INFO - [2023-09-29T07:59:58.596+0000] {dag.py:3696} INFO - Setting next_dagrun for example_subdag_operator.section-1 to None, run_after=None
[2023-09-29T07:59:58.597+0000] {logging_mixin.py:151} INFO - [2023-09-29T07:59:58.597+0000] {dag.py:3696} INFO - Setting next_dagrun for example_subdag_operator.section-2 to None, run_after=None
[2023-09-29T07:59:58.603+0000] {logging_mixin.py:151} INFO - [2023-09-29T07:59:58.603+0000] {dag.py:2915} INFO - Sync 2 DAGs
[2023-09-29T07:59:58.607+0000] {logging_mixin.py:151} INFO - [2023-09-29T07:59:58.607+0000] {dag.py:3696} INFO - Setting next_dagrun for example_subdag_operator.section-1 to None, run_after=None
[2023-09-29T07:59:58.607+0000] {logging_mixin.py:151} INFO - [2023-09-29T07:59:58.607+0000] {dag.py:3696} INFO - Setting next_dagrun for example_subdag_operator.section-2 to None, run_after=None
[2023-09-29T07:59:58.623+0000] {processor.py:179} INFO - Processing /home/ubuntu/airflow_venv/lib/python3.10/site-packages/airflow/example_dags/example_subdag_operator.py took 0.103 seconds
[2023-09-29T08:00:51.655+0000] {processor.py:157} INFO - Started process (PID=1668) to work on /home/ubuntu/airflow_venv/lib/python3.10/site-packages/airflow/example_dags/example_subdag_operator.py
[2023-09-29T08:00:51.658+0000] {processor.py:829} INFO - Processing file /home/ubuntu/airflow_venv/lib/python3.10/site-packages/airflow/example_dags/example_subdag_operator.py for tasks to queue
[2023-09-29T08:00:51.658+0000] {logging_mixin.py:151} INFO - [2023-09-29T08:00:51.658+0000] {dagbag.py:539} INFO - Filling up the DagBag from /home/ubuntu/airflow_venv/lib/python3.10/site-packages/airflow/example_dags/example_subdag_operator.py
[2023-09-29T08:00:51.695+0000] {processor.py:839} INFO - DAG(s) dict_keys(['example_subdag_operator.section-1', 'example_subdag_operator.section-2', 'example_subdag_operator']) retrieved from /home/ubuntu/airflow_venv/lib/python3.10/site-packages/airflow/example_dags/example_subdag_operator.py
[2023-09-29T08:00:51.711+0000] {logging_mixin.py:151} INFO - [2023-09-29T08:00:51.711+0000] {dag.py:2915} INFO - Sync 3 DAGs
[2023-09-29T08:00:51.737+0000] {logging_mixin.py:151} INFO - [2023-09-29T08:00:51.737+0000] {dag.py:3696} INFO - Setting next_dagrun for example_subdag_operator to 2022-01-01T00:00:00+00:00, run_after=2022-01-01T00:00:00+00:00
[2023-09-29T08:00:51.745+0000] {logging_mixin.py:151} INFO - [2023-09-29T08:00:51.745+0000] {dag.py:3696} INFO - Setting next_dagrun for example_subdag_operator.section-1 to None, run_after=None
[2023-09-29T08:00:51.746+0000] {logging_mixin.py:151} INFO - [2023-09-29T08:00:51.746+0000] {dag.py:3696} INFO - Setting next_dagrun for example_subdag_operator.section-2 to None, run_after=None
[2023-09-29T08:00:51.752+0000] {logging_mixin.py:151} INFO - [2023-09-29T08:00:51.752+0000] {dag.py:2915} INFO - Sync 2 DAGs
[2023-09-29T08:00:51.757+0000] {logging_mixin.py:151} INFO - [2023-09-29T08:00:51.757+0000] {dag.py:3696} INFO - Setting next_dagrun for example_subdag_operator.section-1 to None, run_after=None
[2023-09-29T08:00:51.758+0000] {logging_mixin.py:151} INFO - [2023-09-29T08:00:51.758+0000] {dag.py:3696} INFO - Setting next_dagrun for example_subdag_operator.section-2 to None, run_after=None
[2023-09-29T08:00:51.773+0000] {processor.py:179} INFO - Processing /home/ubuntu/airflow_venv/lib/python3.10/site-packages/airflow/example_dags/example_subdag_operator.py took 0.121 seconds
[2023-09-29T08:01:41.686+0000] {processor.py:157} INFO - Started process (PID=1717) to work on /home/ubuntu/airflow_venv/lib/python3.10/site-packages/airflow/example_dags/example_subdag_operator.py
[2023-09-29T08:01:41.689+0000] {processor.py:829} INFO - Processing file /home/ubuntu/airflow_venv/lib/python3.10/site-packages/airflow/example_dags/example_subdag_operator.py for tasks to queue
[2023-09-29T08:01:41.692+0000] {logging_mixin.py:151} INFO - [2023-09-29T08:01:41.690+0000] {dagbag.py:539} INFO - Filling up the DagBag from /home/ubuntu/airflow_venv/lib/python3.10/site-packages/airflow/example_dags/example_subdag_operator.py
[2023-09-29T08:01:41.737+0000] {processor.py:839} INFO - DAG(s) dict_keys(['example_subdag_operator.section-1', 'example_subdag_operator.section-2', 'example_subdag_operator']) retrieved from /home/ubuntu/airflow_venv/lib/python3.10/site-packages/airflow/example_dags/example_subdag_operator.py
[2023-09-29T08:01:41.778+0000] {logging_mixin.py:151} INFO - [2023-09-29T08:01:41.778+0000] {dag.py:2915} INFO - Sync 3 DAGs
[2023-09-29T08:01:41.817+0000] {logging_mixin.py:151} INFO - [2023-09-29T08:01:41.817+0000] {dag.py:3696} INFO - Setting next_dagrun for example_subdag_operator to 2022-01-01T00:00:00+00:00, run_after=2022-01-01T00:00:00+00:00
[2023-09-29T08:01:41.821+0000] {logging_mixin.py:151} INFO - [2023-09-29T08:01:41.821+0000] {dag.py:3696} INFO - Setting next_dagrun for example_subdag_operator.section-1 to None, run_after=None
[2023-09-29T08:01:41.822+0000] {logging_mixin.py:151} INFO - [2023-09-29T08:01:41.822+0000] {dag.py:3696} INFO - Setting next_dagrun for example_subdag_operator.section-2 to None, run_after=None
[2023-09-29T08:01:41.828+0000] {logging_mixin.py:151} INFO - [2023-09-29T08:01:41.828+0000] {dag.py:2915} INFO - Sync 2 DAGs
[2023-09-29T08:01:41.840+0000] {logging_mixin.py:151} INFO - [2023-09-29T08:01:41.840+0000] {dag.py:3696} INFO - Setting next_dagrun for example_subdag_operator.section-1 to None, run_after=None
[2023-09-29T08:01:41.840+0000] {logging_mixin.py:151} INFO - [2023-09-29T08:01:41.840+0000] {dag.py:3696} INFO - Setting next_dagrun for example_subdag_operator.section-2 to None, run_after=None
[2023-09-29T08:01:41.868+0000] {processor.py:179} INFO - Processing /home/ubuntu/airflow_venv/lib/python3.10/site-packages/airflow/example_dags/example_subdag_operator.py took 0.186 seconds
[2023-09-29T08:02:20.092+0000] {processor.py:157} INFO - Started process (PID=1756) to work on /home/ubuntu/airflow_venv/lib/python3.10/site-packages/airflow/example_dags/example_subdag_operator.py
[2023-09-29T08:02:20.095+0000] {processor.py:829} INFO - Processing file /home/ubuntu/airflow_venv/lib/python3.10/site-packages/airflow/example_dags/example_subdag_operator.py for tasks to queue
[2023-09-29T08:02:20.097+0000] {logging_mixin.py:151} INFO - [2023-09-29T08:02:20.097+0000] {dagbag.py:539} INFO - Filling up the DagBag from /home/ubuntu/airflow_venv/lib/python3.10/site-packages/airflow/example_dags/example_subdag_operator.py
[2023-09-29T08:02:20.137+0000] {processor.py:839} INFO - DAG(s) dict_keys(['example_subdag_operator.section-1', 'example_subdag_operator.section-2', 'example_subdag_operator']) retrieved from /home/ubuntu/airflow_venv/lib/python3.10/site-packages/airflow/example_dags/example_subdag_operator.py
[2023-09-29T08:02:20.174+0000] {logging_mixin.py:151} INFO - [2023-09-29T08:02:20.174+0000] {dag.py:2915} INFO - Sync 3 DAGs
[2023-09-29T08:02:20.203+0000] {logging_mixin.py:151} INFO - [2023-09-29T08:02:20.203+0000] {dag.py:3696} INFO - Setting next_dagrun for example_subdag_operator to 2022-01-01T00:00:00+00:00, run_after=2022-01-01T00:00:00+00:00
[2023-09-29T08:02:20.213+0000] {logging_mixin.py:151} INFO - [2023-09-29T08:02:20.212+0000] {dag.py:3696} INFO - Setting next_dagrun for example_subdag_operator.section-1 to None, run_after=None
[2023-09-29T08:02:20.220+0000] {logging_mixin.py:151} INFO - [2023-09-29T08:02:20.217+0000] {dag.py:3696} INFO - Setting next_dagrun for example_subdag_operator.section-2 to None, run_after=None
[2023-09-29T08:02:20.230+0000] {logging_mixin.py:151} INFO - [2023-09-29T08:02:20.229+0000] {dag.py:2915} INFO - Sync 2 DAGs
[2023-09-29T08:02:20.242+0000] {logging_mixin.py:151} INFO - [2023-09-29T08:02:20.242+0000] {dag.py:3696} INFO - Setting next_dagrun for example_subdag_operator.section-1 to None, run_after=None
[2023-09-29T08:02:20.242+0000] {logging_mixin.py:151} INFO - [2023-09-29T08:02:20.242+0000] {dag.py:3696} INFO - Setting next_dagrun for example_subdag_operator.section-2 to None, run_after=None
[2023-09-29T08:02:20.267+0000] {processor.py:179} INFO - Processing /home/ubuntu/airflow_venv/lib/python3.10/site-packages/airflow/example_dags/example_subdag_operator.py took 0.185 seconds
[2023-09-29T08:02:57.188+0000] {processor.py:157} INFO - Started process (PID=1794) to work on /home/ubuntu/airflow_venv/lib/python3.10/site-packages/airflow/example_dags/example_subdag_operator.py
[2023-09-29T08:02:57.189+0000] {processor.py:829} INFO - Processing file /home/ubuntu/airflow_venv/lib/python3.10/site-packages/airflow/example_dags/example_subdag_operator.py for tasks to queue
[2023-09-29T08:02:57.190+0000] {logging_mixin.py:151} INFO - [2023-09-29T08:02:57.190+0000] {dagbag.py:539} INFO - Filling up the DagBag from /home/ubuntu/airflow_venv/lib/python3.10/site-packages/airflow/example_dags/example_subdag_operator.py
[2023-09-29T08:02:57.210+0000] {processor.py:839} INFO - DAG(s) dict_keys(['example_subdag_operator.section-1', 'example_subdag_operator.section-2', 'example_subdag_operator']) retrieved from /home/ubuntu/airflow_venv/lib/python3.10/site-packages/airflow/example_dags/example_subdag_operator.py
[2023-09-29T08:02:57.225+0000] {logging_mixin.py:151} INFO - [2023-09-29T08:02:57.225+0000] {dag.py:2915} INFO - Sync 3 DAGs
[2023-09-29T08:02:57.243+0000] {logging_mixin.py:151} INFO - [2023-09-29T08:02:57.243+0000] {dag.py:3696} INFO - Setting next_dagrun for example_subdag_operator to 2022-01-01T00:00:00+00:00, run_after=2022-01-01T00:00:00+00:00
[2023-09-29T08:02:57.247+0000] {logging_mixin.py:151} INFO - [2023-09-29T08:02:57.246+0000] {dag.py:3696} INFO - Setting next_dagrun for example_subdag_operator.section-1 to None, run_after=None
[2023-09-29T08:02:57.247+0000] {logging_mixin.py:151} INFO - [2023-09-29T08:02:57.247+0000] {dag.py:3696} INFO - Setting next_dagrun for example_subdag_operator.section-2 to None, run_after=None
[2023-09-29T08:02:57.252+0000] {logging_mixin.py:151} INFO - [2023-09-29T08:02:57.252+0000] {dag.py:2915} INFO - Sync 2 DAGs
[2023-09-29T08:02:57.256+0000] {logging_mixin.py:151} INFO - [2023-09-29T08:02:57.256+0000] {dag.py:3696} INFO - Setting next_dagrun for example_subdag_operator.section-1 to None, run_after=None
[2023-09-29T08:02:57.256+0000] {logging_mixin.py:151} INFO - [2023-09-29T08:02:57.256+0000] {dag.py:3696} INFO - Setting next_dagrun for example_subdag_operator.section-2 to None, run_after=None
[2023-09-29T08:02:57.270+0000] {processor.py:179} INFO - Processing /home/ubuntu/airflow_venv/lib/python3.10/site-packages/airflow/example_dags/example_subdag_operator.py took 0.085 seconds
[2023-09-29T08:03:49.243+0000] {processor.py:157} INFO - Started process (PID=1847) to work on /home/ubuntu/airflow_venv/lib/python3.10/site-packages/airflow/example_dags/example_subdag_operator.py
[2023-09-29T08:03:49.244+0000] {processor.py:829} INFO - Processing file /home/ubuntu/airflow_venv/lib/python3.10/site-packages/airflow/example_dags/example_subdag_operator.py for tasks to queue
[2023-09-29T08:03:49.245+0000] {logging_mixin.py:151} INFO - [2023-09-29T08:03:49.244+0000] {dagbag.py:539} INFO - Filling up the DagBag from /home/ubuntu/airflow_venv/lib/python3.10/site-packages/airflow/example_dags/example_subdag_operator.py
[2023-09-29T08:03:49.267+0000] {processor.py:839} INFO - DAG(s) dict_keys(['example_subdag_operator.section-1', 'example_subdag_operator.section-2', 'example_subdag_operator']) retrieved from /home/ubuntu/airflow_venv/lib/python3.10/site-packages/airflow/example_dags/example_subdag_operator.py
[2023-09-29T08:03:49.281+0000] {logging_mixin.py:151} INFO - [2023-09-29T08:03:49.281+0000] {dag.py:2915} INFO - Sync 3 DAGs
[2023-09-29T08:03:49.299+0000] {logging_mixin.py:151} INFO - [2023-09-29T08:03:49.298+0000] {dag.py:3696} INFO - Setting next_dagrun for example_subdag_operator to 2022-01-01T00:00:00+00:00, run_after=2022-01-01T00:00:00+00:00
[2023-09-29T08:03:49.302+0000] {logging_mixin.py:151} INFO - [2023-09-29T08:03:49.301+0000] {dag.py:3696} INFO - Setting next_dagrun for example_subdag_operator.section-1 to None, run_after=None
[2023-09-29T08:03:49.302+0000] {logging_mixin.py:151} INFO - [2023-09-29T08:03:49.302+0000] {dag.py:3696} INFO - Setting next_dagrun for example_subdag_operator.section-2 to None, run_after=None
[2023-09-29T08:03:49.307+0000] {logging_mixin.py:151} INFO - [2023-09-29T08:03:49.307+0000] {dag.py:2915} INFO - Sync 2 DAGs
[2023-09-29T08:03:49.311+0000] {logging_mixin.py:151} INFO - [2023-09-29T08:03:49.311+0000] {dag.py:3696} INFO - Setting next_dagrun for example_subdag_operator.section-1 to None, run_after=None
[2023-09-29T08:03:49.312+0000] {logging_mixin.py:151} INFO - [2023-09-29T08:03:49.312+0000] {dag.py:3696} INFO - Setting next_dagrun for example_subdag_operator.section-2 to None, run_after=None
[2023-09-29T08:03:49.328+0000] {processor.py:179} INFO - Processing /home/ubuntu/airflow_venv/lib/python3.10/site-packages/airflow/example_dags/example_subdag_operator.py took 0.089 seconds
[2023-09-29T08:04:42.238+0000] {processor.py:157} INFO - Started process (PID=1902) to work on /home/ubuntu/airflow_venv/lib/python3.10/site-packages/airflow/example_dags/example_subdag_operator.py
[2023-09-29T08:04:42.239+0000] {processor.py:829} INFO - Processing file /home/ubuntu/airflow_venv/lib/python3.10/site-packages/airflow/example_dags/example_subdag_operator.py for tasks to queue
[2023-09-29T08:04:42.240+0000] {logging_mixin.py:151} INFO - [2023-09-29T08:04:42.240+0000] {dagbag.py:539} INFO - Filling up the DagBag from /home/ubuntu/airflow_venv/lib/python3.10/site-packages/airflow/example_dags/example_subdag_operator.py
[2023-09-29T08:04:42.282+0000] {processor.py:839} INFO - DAG(s) dict_keys(['example_subdag_operator.section-1', 'example_subdag_operator.section-2', 'example_subdag_operator']) retrieved from /home/ubuntu/airflow_venv/lib/python3.10/site-packages/airflow/example_dags/example_subdag_operator.py
[2023-09-29T08:04:42.307+0000] {logging_mixin.py:151} INFO - [2023-09-29T08:04:42.306+0000] {dag.py:2915} INFO - Sync 3 DAGs
[2023-09-29T08:04:42.331+0000] {logging_mixin.py:151} INFO - [2023-09-29T08:04:42.331+0000] {dag.py:3696} INFO - Setting next_dagrun for example_subdag_operator to 2022-01-01T00:00:00+00:00, run_after=2022-01-01T00:00:00+00:00
[2023-09-29T08:04:42.334+0000] {logging_mixin.py:151} INFO - [2023-09-29T08:04:42.334+0000] {dag.py:3696} INFO - Setting next_dagrun for example_subdag_operator.section-1 to None, run_after=None
[2023-09-29T08:04:42.335+0000] {logging_mixin.py:151} INFO - [2023-09-29T08:04:42.335+0000] {dag.py:3696} INFO - Setting next_dagrun for example_subdag_operator.section-2 to None, run_after=None
[2023-09-29T08:04:42.340+0000] {logging_mixin.py:151} INFO - [2023-09-29T08:04:42.340+0000] {dag.py:2915} INFO - Sync 2 DAGs
[2023-09-29T08:04:42.358+0000] {logging_mixin.py:151} INFO - [2023-09-29T08:04:42.357+0000] {dag.py:3696} INFO - Setting next_dagrun for example_subdag_operator.section-1 to None, run_after=None
[2023-09-29T08:04:42.358+0000] {logging_mixin.py:151} INFO - [2023-09-29T08:04:42.358+0000] {dag.py:3696} INFO - Setting next_dagrun for example_subdag_operator.section-2 to None, run_after=None
[2023-09-29T08:04:42.388+0000] {processor.py:179} INFO - Processing /home/ubuntu/airflow_venv/lib/python3.10/site-packages/airflow/example_dags/example_subdag_operator.py took 0.153 seconds
[2023-09-29T08:05:30.310+0000] {processor.py:157} INFO - Started process (PID=1952) to work on /home/ubuntu/airflow_venv/lib/python3.10/site-packages/airflow/example_dags/example_subdag_operator.py
[2023-09-29T08:05:30.311+0000] {processor.py:829} INFO - Processing file /home/ubuntu/airflow_venv/lib/python3.10/site-packages/airflow/example_dags/example_subdag_operator.py for tasks to queue
[2023-09-29T08:05:30.317+0000] {logging_mixin.py:151} INFO - [2023-09-29T08:05:30.317+0000] {dagbag.py:539} INFO - Filling up the DagBag from /home/ubuntu/airflow_venv/lib/python3.10/site-packages/airflow/example_dags/example_subdag_operator.py
[2023-09-29T08:05:30.381+0000] {processor.py:839} INFO - DAG(s) dict_keys(['example_subdag_operator.section-1', 'example_subdag_operator.section-2', 'example_subdag_operator']) retrieved from /home/ubuntu/airflow_venv/lib/python3.10/site-packages/airflow/example_dags/example_subdag_operator.py
[2023-09-29T08:05:30.416+0000] {logging_mixin.py:151} INFO - [2023-09-29T08:05:30.416+0000] {dag.py:2915} INFO - Sync 3 DAGs
[2023-09-29T08:05:30.459+0000] {logging_mixin.py:151} INFO - [2023-09-29T08:05:30.459+0000] {dag.py:3696} INFO - Setting next_dagrun for example_subdag_operator to 2022-01-01T00:00:00+00:00, run_after=2022-01-01T00:00:00+00:00
[2023-09-29T08:05:30.471+0000] {logging_mixin.py:151} INFO - [2023-09-29T08:05:30.471+0000] {dag.py:3696} INFO - Setting next_dagrun for example_subdag_operator.section-1 to None, run_after=None
[2023-09-29T08:05:30.472+0000] {logging_mixin.py:151} INFO - [2023-09-29T08:05:30.472+0000] {dag.py:3696} INFO - Setting next_dagrun for example_subdag_operator.section-2 to None, run_after=None
[2023-09-29T08:05:30.490+0000] {logging_mixin.py:151} INFO - [2023-09-29T08:05:30.489+0000] {dag.py:2915} INFO - Sync 2 DAGs
[2023-09-29T08:05:30.499+0000] {logging_mixin.py:151} INFO - [2023-09-29T08:05:30.498+0000] {dag.py:3696} INFO - Setting next_dagrun for example_subdag_operator.section-1 to None, run_after=None
[2023-09-29T08:05:30.499+0000] {logging_mixin.py:151} INFO - [2023-09-29T08:05:30.499+0000] {dag.py:3696} INFO - Setting next_dagrun for example_subdag_operator.section-2 to None, run_after=None
[2023-09-29T08:05:30.536+0000] {processor.py:179} INFO - Processing /home/ubuntu/airflow_venv/lib/python3.10/site-packages/airflow/example_dags/example_subdag_operator.py took 0.237 seconds
[2023-09-29T08:06:08.495+0000] {processor.py:157} INFO - Started process (PID=1989) to work on /home/ubuntu/airflow_venv/lib/python3.10/site-packages/airflow/example_dags/example_subdag_operator.py
[2023-09-29T08:06:08.497+0000] {processor.py:829} INFO - Processing file /home/ubuntu/airflow_venv/lib/python3.10/site-packages/airflow/example_dags/example_subdag_operator.py for tasks to queue
[2023-09-29T08:06:08.499+0000] {logging_mixin.py:151} INFO - [2023-09-29T08:06:08.498+0000] {dagbag.py:539} INFO - Filling up the DagBag from /home/ubuntu/airflow_venv/lib/python3.10/site-packages/airflow/example_dags/example_subdag_operator.py
[2023-09-29T08:06:08.524+0000] {processor.py:839} INFO - DAG(s) dict_keys(['example_subdag_operator.section-1', 'example_subdag_operator.section-2', 'example_subdag_operator']) retrieved from /home/ubuntu/airflow_venv/lib/python3.10/site-packages/airflow/example_dags/example_subdag_operator.py
[2023-09-29T08:06:08.550+0000] {logging_mixin.py:151} INFO - [2023-09-29T08:06:08.550+0000] {dag.py:2915} INFO - Sync 3 DAGs
[2023-09-29T08:06:08.585+0000] {logging_mixin.py:151} INFO - [2023-09-29T08:06:08.585+0000] {dag.py:3696} INFO - Setting next_dagrun for example_subdag_operator to 2022-01-01T00:00:00+00:00, run_after=2022-01-01T00:00:00+00:00
[2023-09-29T08:06:08.590+0000] {logging_mixin.py:151} INFO - [2023-09-29T08:06:08.589+0000] {dag.py:3696} INFO - Setting next_dagrun for example_subdag_operator.section-1 to None, run_after=None
[2023-09-29T08:06:08.591+0000] {logging_mixin.py:151} INFO - [2023-09-29T08:06:08.591+0000] {dag.py:3696} INFO - Setting next_dagrun for example_subdag_operator.section-2 to None, run_after=None
[2023-09-29T08:06:08.601+0000] {logging_mixin.py:151} INFO - [2023-09-29T08:06:08.601+0000] {dag.py:2915} INFO - Sync 2 DAGs
[2023-09-29T08:06:08.606+0000] {logging_mixin.py:151} INFO - [2023-09-29T08:06:08.606+0000] {dag.py:3696} INFO - Setting next_dagrun for example_subdag_operator.section-1 to None, run_after=None
[2023-09-29T08:06:08.607+0000] {logging_mixin.py:151} INFO - [2023-09-29T08:06:08.607+0000] {dag.py:3696} INFO - Setting next_dagrun for example_subdag_operator.section-2 to None, run_after=None
[2023-09-29T08:06:08.623+0000] {processor.py:179} INFO - Processing /home/ubuntu/airflow_venv/lib/python3.10/site-packages/airflow/example_dags/example_subdag_operator.py took 0.136 seconds
[2023-09-29T08:06:56.661+0000] {processor.py:157} INFO - Started process (PID=2040) to work on /home/ubuntu/airflow_venv/lib/python3.10/site-packages/airflow/example_dags/example_subdag_operator.py
[2023-09-29T08:06:56.663+0000] {processor.py:829} INFO - Processing file /home/ubuntu/airflow_venv/lib/python3.10/site-packages/airflow/example_dags/example_subdag_operator.py for tasks to queue
[2023-09-29T08:06:56.663+0000] {logging_mixin.py:151} INFO - [2023-09-29T08:06:56.663+0000] {dagbag.py:539} INFO - Filling up the DagBag from /home/ubuntu/airflow_venv/lib/python3.10/site-packages/airflow/example_dags/example_subdag_operator.py
[2023-09-29T08:06:56.693+0000] {processor.py:839} INFO - DAG(s) dict_keys(['example_subdag_operator.section-1', 'example_subdag_operator.section-2', 'example_subdag_operator']) retrieved from /home/ubuntu/airflow_venv/lib/python3.10/site-packages/airflow/example_dags/example_subdag_operator.py
[2023-09-29T08:06:56.709+0000] {logging_mixin.py:151} INFO - [2023-09-29T08:06:56.709+0000] {dag.py:2915} INFO - Sync 3 DAGs
[2023-09-29T08:06:56.726+0000] {logging_mixin.py:151} INFO - [2023-09-29T08:06:56.726+0000] {dag.py:3696} INFO - Setting next_dagrun for example_subdag_operator to 2022-01-01T00:00:00+00:00, run_after=2022-01-01T00:00:00+00:00
[2023-09-29T08:06:56.728+0000] {logging_mixin.py:151} INFO - [2023-09-29T08:06:56.728+0000] {dag.py:3696} INFO - Setting next_dagrun for example_subdag_operator.section-1 to None, run_after=None
[2023-09-29T08:06:56.729+0000] {logging_mixin.py:151} INFO - [2023-09-29T08:06:56.729+0000] {dag.py:3696} INFO - Setting next_dagrun for example_subdag_operator.section-2 to None, run_after=None
[2023-09-29T08:06:56.734+0000] {logging_mixin.py:151} INFO - [2023-09-29T08:06:56.734+0000] {dag.py:2915} INFO - Sync 2 DAGs
[2023-09-29T08:06:56.738+0000] {logging_mixin.py:151} INFO - [2023-09-29T08:06:56.738+0000] {dag.py:3696} INFO - Setting next_dagrun for example_subdag_operator.section-1 to None, run_after=None
[2023-09-29T08:06:56.738+0000] {logging_mixin.py:151} INFO - [2023-09-29T08:06:56.738+0000] {dag.py:3696} INFO - Setting next_dagrun for example_subdag_operator.section-2 to None, run_after=None
[2023-09-29T08:06:56.753+0000] {processor.py:179} INFO - Processing /home/ubuntu/airflow_venv/lib/python3.10/site-packages/airflow/example_dags/example_subdag_operator.py took 0.106 seconds
[2023-09-29T08:07:46.895+0000] {processor.py:157} INFO - Started process (PID=2302) to work on /home/ubuntu/airflow_venv/lib/python3.10/site-packages/airflow/example_dags/example_subdag_operator.py
[2023-09-29T08:07:46.896+0000] {processor.py:829} INFO - Processing file /home/ubuntu/airflow_venv/lib/python3.10/site-packages/airflow/example_dags/example_subdag_operator.py for tasks to queue
[2023-09-29T08:07:46.897+0000] {logging_mixin.py:151} INFO - [2023-09-29T08:07:46.896+0000] {dagbag.py:539} INFO - Filling up the DagBag from /home/ubuntu/airflow_venv/lib/python3.10/site-packages/airflow/example_dags/example_subdag_operator.py
[2023-09-29T08:07:46.921+0000] {processor.py:839} INFO - DAG(s) dict_keys(['example_subdag_operator.section-1', 'example_subdag_operator.section-2', 'example_subdag_operator']) retrieved from /home/ubuntu/airflow_venv/lib/python3.10/site-packages/airflow/example_dags/example_subdag_operator.py
[2023-09-29T08:07:46.939+0000] {logging_mixin.py:151} INFO - [2023-09-29T08:07:46.939+0000] {dag.py:2915} INFO - Sync 3 DAGs
[2023-09-29T08:07:46.959+0000] {logging_mixin.py:151} INFO - [2023-09-29T08:07:46.959+0000] {dag.py:3696} INFO - Setting next_dagrun for example_subdag_operator to 2022-01-01T00:00:00+00:00, run_after=2022-01-01T00:00:00+00:00
[2023-09-29T08:07:46.962+0000] {logging_mixin.py:151} INFO - [2023-09-29T08:07:46.962+0000] {dag.py:3696} INFO - Setting next_dagrun for example_subdag_operator.section-1 to None, run_after=None
[2023-09-29T08:07:46.963+0000] {logging_mixin.py:151} INFO - [2023-09-29T08:07:46.963+0000] {dag.py:3696} INFO - Setting next_dagrun for example_subdag_operator.section-2 to None, run_after=None
[2023-09-29T08:07:46.969+0000] {logging_mixin.py:151} INFO - [2023-09-29T08:07:46.969+0000] {dag.py:2915} INFO - Sync 2 DAGs
[2023-09-29T08:07:46.973+0000] {logging_mixin.py:151} INFO - [2023-09-29T08:07:46.972+0000] {dag.py:3696} INFO - Setting next_dagrun for example_subdag_operator.section-1 to None, run_after=None
[2023-09-29T08:07:46.973+0000] {logging_mixin.py:151} INFO - [2023-09-29T08:07:46.973+0000] {dag.py:3696} INFO - Setting next_dagrun for example_subdag_operator.section-2 to None, run_after=None
[2023-09-29T08:07:46.988+0000] {processor.py:179} INFO - Processing /home/ubuntu/airflow_venv/lib/python3.10/site-packages/airflow/example_dags/example_subdag_operator.py took 0.097 seconds
[2023-09-29T08:08:23.341+0000] {processor.py:157} INFO - Started process (PID=2340) to work on /home/ubuntu/airflow_venv/lib/python3.10/site-packages/airflow/example_dags/example_subdag_operator.py
[2023-09-29T08:08:23.342+0000] {processor.py:829} INFO - Processing file /home/ubuntu/airflow_venv/lib/python3.10/site-packages/airflow/example_dags/example_subdag_operator.py for tasks to queue
[2023-09-29T08:08:23.343+0000] {logging_mixin.py:151} INFO - [2023-09-29T08:08:23.343+0000] {dagbag.py:539} INFO - Filling up the DagBag from /home/ubuntu/airflow_venv/lib/python3.10/site-packages/airflow/example_dags/example_subdag_operator.py
[2023-09-29T08:08:23.364+0000] {processor.py:839} INFO - DAG(s) dict_keys(['example_subdag_operator.section-1', 'example_subdag_operator.section-2', 'example_subdag_operator']) retrieved from /home/ubuntu/airflow_venv/lib/python3.10/site-packages/airflow/example_dags/example_subdag_operator.py
[2023-09-29T08:08:23.378+0000] {logging_mixin.py:151} INFO - [2023-09-29T08:08:23.378+0000] {dag.py:2915} INFO - Sync 3 DAGs
[2023-09-29T08:08:23.396+0000] {logging_mixin.py:151} INFO - [2023-09-29T08:08:23.396+0000] {dag.py:3696} INFO - Setting next_dagrun for example_subdag_operator to 2022-01-01T00:00:00+00:00, run_after=2022-01-01T00:00:00+00:00
[2023-09-29T08:08:23.399+0000] {logging_mixin.py:151} INFO - [2023-09-29T08:08:23.399+0000] {dag.py:3696} INFO - Setting next_dagrun for example_subdag_operator.section-1 to None, run_after=None
[2023-09-29T08:08:23.400+0000] {logging_mixin.py:151} INFO - [2023-09-29T08:08:23.400+0000] {dag.py:3696} INFO - Setting next_dagrun for example_subdag_operator.section-2 to None, run_after=None
[2023-09-29T08:08:23.405+0000] {logging_mixin.py:151} INFO - [2023-09-29T08:08:23.405+0000] {dag.py:2915} INFO - Sync 2 DAGs
[2023-09-29T08:08:23.409+0000] {logging_mixin.py:151} INFO - [2023-09-29T08:08:23.409+0000] {dag.py:3696} INFO - Setting next_dagrun for example_subdag_operator.section-1 to None, run_after=None
[2023-09-29T08:08:23.409+0000] {logging_mixin.py:151} INFO - [2023-09-29T08:08:23.409+0000] {dag.py:3696} INFO - Setting next_dagrun for example_subdag_operator.section-2 to None, run_after=None
[2023-09-29T08:08:23.422+0000] {processor.py:179} INFO - Processing /home/ubuntu/airflow_venv/lib/python3.10/site-packages/airflow/example_dags/example_subdag_operator.py took 0.084 seconds
[2023-09-29T08:09:15.187+0000] {processor.py:157} INFO - Started process (PID=2396) to work on /home/ubuntu/airflow_venv/lib/python3.10/site-packages/airflow/example_dags/example_subdag_operator.py
[2023-09-29T08:09:15.188+0000] {processor.py:829} INFO - Processing file /home/ubuntu/airflow_venv/lib/python3.10/site-packages/airflow/example_dags/example_subdag_operator.py for tasks to queue
[2023-09-29T08:09:15.189+0000] {logging_mixin.py:151} INFO - [2023-09-29T08:09:15.188+0000] {dagbag.py:539} INFO - Filling up the DagBag from /home/ubuntu/airflow_venv/lib/python3.10/site-packages/airflow/example_dags/example_subdag_operator.py
[2023-09-29T08:09:15.218+0000] {processor.py:839} INFO - DAG(s) dict_keys(['example_subdag_operator.section-1', 'example_subdag_operator.section-2', 'example_subdag_operator']) retrieved from /home/ubuntu/airflow_venv/lib/python3.10/site-packages/airflow/example_dags/example_subdag_operator.py
[2023-09-29T08:09:15.244+0000] {logging_mixin.py:151} INFO - [2023-09-29T08:09:15.244+0000] {dag.py:2915} INFO - Sync 3 DAGs
[2023-09-29T08:09:15.277+0000] {logging_mixin.py:151} INFO - [2023-09-29T08:09:15.277+0000] {dag.py:3696} INFO - Setting next_dagrun for example_subdag_operator to 2022-01-01T00:00:00+00:00, run_after=2022-01-01T00:00:00+00:00
[2023-09-29T08:09:15.282+0000] {logging_mixin.py:151} INFO - [2023-09-29T08:09:15.282+0000] {dag.py:3696} INFO - Setting next_dagrun for example_subdag_operator.section-1 to None, run_after=None
[2023-09-29T08:09:15.284+0000] {logging_mixin.py:151} INFO - [2023-09-29T08:09:15.284+0000] {dag.py:3696} INFO - Setting next_dagrun for example_subdag_operator.section-2 to None, run_after=None
[2023-09-29T08:09:15.291+0000] {logging_mixin.py:151} INFO - [2023-09-29T08:09:15.290+0000] {dag.py:2915} INFO - Sync 2 DAGs
[2023-09-29T08:09:15.298+0000] {logging_mixin.py:151} INFO - [2023-09-29T08:09:15.298+0000] {dag.py:3696} INFO - Setting next_dagrun for example_subdag_operator.section-1 to None, run_after=None
[2023-09-29T08:09:15.298+0000] {logging_mixin.py:151} INFO - [2023-09-29T08:09:15.298+0000] {dag.py:3696} INFO - Setting next_dagrun for example_subdag_operator.section-2 to None, run_after=None
[2023-09-29T08:09:15.329+0000] {processor.py:179} INFO - Processing /home/ubuntu/airflow_venv/lib/python3.10/site-packages/airflow/example_dags/example_subdag_operator.py took 0.149 seconds
