[2023-09-29T07:22:39.639+0000] {processor.py:157} INFO - Started process (PID=12209) to work on /home/ubuntu/airflow_venv/lib/python3.10/site-packages/airflow/example_dags/example_branch_labels.py
[2023-09-29T07:22:39.642+0000] {processor.py:829} INFO - Processing file /home/ubuntu/airflow_venv/lib/python3.10/site-packages/airflow/example_dags/example_branch_labels.py for tasks to queue
[2023-09-29T07:22:39.644+0000] {logging_mixin.py:151} INFO - [2023-09-29T07:22:39.642+0000] {dagbag.py:539} INFO - Filling up the DagBag from /home/ubuntu/airflow_venv/lib/python3.10/site-packages/airflow/example_dags/example_branch_labels.py
[2023-09-29T07:22:39.668+0000] {processor.py:839} INFO - DAG(s) dict_keys(['example_branch_labels']) retrieved from /home/ubuntu/airflow_venv/lib/python3.10/site-packages/airflow/example_dags/example_branch_labels.py
[2023-09-29T07:22:39.705+0000] {logging_mixin.py:151} INFO - [2023-09-29T07:22:39.705+0000] {dag.py:2915} INFO - Sync 1 DAGs
[2023-09-29T07:22:39.734+0000] {logging_mixin.py:151} INFO - [2023-09-29T07:22:39.734+0000] {dag.py:3696} INFO - Setting next_dagrun for example_branch_labels to 2023-09-28T00:00:00+00:00, run_after=2023-09-29T00:00:00+00:00
[2023-09-29T07:22:39.755+0000] {processor.py:179} INFO - Processing /home/ubuntu/airflow_venv/lib/python3.10/site-packages/airflow/example_dags/example_branch_labels.py took 0.125 seconds
[2023-09-29T07:23:32.971+0000] {processor.py:157} INFO - Started process (PID=12402) to work on /home/ubuntu/airflow_venv/lib/python3.10/site-packages/airflow/example_dags/example_branch_labels.py
[2023-09-29T07:23:32.972+0000] {processor.py:829} INFO - Processing file /home/ubuntu/airflow_venv/lib/python3.10/site-packages/airflow/example_dags/example_branch_labels.py for tasks to queue
[2023-09-29T07:23:32.973+0000] {logging_mixin.py:151} INFO - [2023-09-29T07:23:32.973+0000] {dagbag.py:539} INFO - Filling up the DagBag from /home/ubuntu/airflow_venv/lib/python3.10/site-packages/airflow/example_dags/example_branch_labels.py
[2023-09-29T07:23:32.982+0000] {processor.py:839} INFO - DAG(s) dict_keys(['example_branch_labels']) retrieved from /home/ubuntu/airflow_venv/lib/python3.10/site-packages/airflow/example_dags/example_branch_labels.py
[2023-09-29T07:23:33.000+0000] {logging_mixin.py:151} INFO - [2023-09-29T07:23:33.000+0000] {dag.py:2915} INFO - Sync 1 DAGs
[2023-09-29T07:23:33.166+0000] {logging_mixin.py:151} INFO - [2023-09-29T07:23:33.166+0000] {dag.py:3696} INFO - Setting next_dagrun for example_branch_labels to 2023-09-28T00:00:00+00:00, run_after=2023-09-29T00:00:00+00:00
[2023-09-29T07:23:33.188+0000] {processor.py:179} INFO - Processing /home/ubuntu/airflow_venv/lib/python3.10/site-packages/airflow/example_dags/example_branch_labels.py took 0.221 seconds
[2023-09-29T07:28:39.852+0000] {processor.py:157} INFO - Started process (PID=12884) to work on /home/ubuntu/airflow_venv/lib/python3.10/site-packages/airflow/example_dags/example_branch_labels.py
[2023-09-29T07:28:39.854+0000] {processor.py:829} INFO - Processing file /home/ubuntu/airflow_venv/lib/python3.10/site-packages/airflow/example_dags/example_branch_labels.py for tasks to queue
[2023-09-29T07:28:39.855+0000] {logging_mixin.py:151} INFO - [2023-09-29T07:28:39.854+0000] {dagbag.py:539} INFO - Filling up the DagBag from /home/ubuntu/airflow_venv/lib/python3.10/site-packages/airflow/example_dags/example_branch_labels.py
[2023-09-29T07:28:39.867+0000] {processor.py:839} INFO - DAG(s) dict_keys(['example_branch_labels']) retrieved from /home/ubuntu/airflow_venv/lib/python3.10/site-packages/airflow/example_dags/example_branch_labels.py
[2023-09-29T07:28:39.890+0000] {logging_mixin.py:151} INFO - [2023-09-29T07:28:39.890+0000] {dag.py:2915} INFO - Sync 1 DAGs
[2023-09-29T07:28:39.918+0000] {logging_mixin.py:151} INFO - [2023-09-29T07:28:39.918+0000] {dag.py:3696} INFO - Setting next_dagrun for example_branch_labels to 2023-09-28T00:00:00+00:00, run_after=2023-09-29T00:00:00+00:00
[2023-09-29T07:28:39.945+0000] {processor.py:179} INFO - Processing /home/ubuntu/airflow_venv/lib/python3.10/site-packages/airflow/example_dags/example_branch_labels.py took 0.099 seconds
[2023-09-29T07:29:35.591+0000] {processor.py:157} INFO - Started process (PID=12942) to work on /home/ubuntu/airflow_venv/lib/python3.10/site-packages/airflow/example_dags/example_branch_labels.py
[2023-09-29T07:29:35.592+0000] {processor.py:829} INFO - Processing file /home/ubuntu/airflow_venv/lib/python3.10/site-packages/airflow/example_dags/example_branch_labels.py for tasks to queue
[2023-09-29T07:29:35.593+0000] {logging_mixin.py:151} INFO - [2023-09-29T07:29:35.593+0000] {dagbag.py:539} INFO - Filling up the DagBag from /home/ubuntu/airflow_venv/lib/python3.10/site-packages/airflow/example_dags/example_branch_labels.py
[2023-09-29T07:29:35.602+0000] {processor.py:839} INFO - DAG(s) dict_keys(['example_branch_labels']) retrieved from /home/ubuntu/airflow_venv/lib/python3.10/site-packages/airflow/example_dags/example_branch_labels.py
[2023-09-29T07:29:35.620+0000] {logging_mixin.py:151} INFO - [2023-09-29T07:29:35.620+0000] {dag.py:2915} INFO - Sync 1 DAGs
[2023-09-29T07:29:35.642+0000] {logging_mixin.py:151} INFO - [2023-09-29T07:29:35.642+0000] {dag.py:3696} INFO - Setting next_dagrun for example_branch_labels to 2023-09-28T00:00:00+00:00, run_after=2023-09-29T00:00:00+00:00
[2023-09-29T07:29:35.663+0000] {processor.py:179} INFO - Processing /home/ubuntu/airflow_venv/lib/python3.10/site-packages/airflow/example_dags/example_branch_labels.py took 0.076 seconds
[2023-09-29T07:30:31.401+0000] {processor.py:157} INFO - Started process (PID=12998) to work on /home/ubuntu/airflow_venv/lib/python3.10/site-packages/airflow/example_dags/example_branch_labels.py
[2023-09-29T07:30:31.402+0000] {processor.py:829} INFO - Processing file /home/ubuntu/airflow_venv/lib/python3.10/site-packages/airflow/example_dags/example_branch_labels.py for tasks to queue
[2023-09-29T07:30:31.404+0000] {logging_mixin.py:151} INFO - [2023-09-29T07:30:31.403+0000] {dagbag.py:539} INFO - Filling up the DagBag from /home/ubuntu/airflow_venv/lib/python3.10/site-packages/airflow/example_dags/example_branch_labels.py
[2023-09-29T07:30:31.412+0000] {processor.py:839} INFO - DAG(s) dict_keys(['example_branch_labels']) retrieved from /home/ubuntu/airflow_venv/lib/python3.10/site-packages/airflow/example_dags/example_branch_labels.py
[2023-09-29T07:30:31.430+0000] {logging_mixin.py:151} INFO - [2023-09-29T07:30:31.430+0000] {dag.py:2915} INFO - Sync 1 DAGs
[2023-09-29T07:30:31.450+0000] {logging_mixin.py:151} INFO - [2023-09-29T07:30:31.450+0000] {dag.py:3696} INFO - Setting next_dagrun for example_branch_labels to 2023-09-28T00:00:00+00:00, run_after=2023-09-29T00:00:00+00:00
[2023-09-29T07:30:31.472+0000] {processor.py:179} INFO - Processing /home/ubuntu/airflow_venv/lib/python3.10/site-packages/airflow/example_dags/example_branch_labels.py took 0.074 seconds
[2023-09-29T07:31:25.471+0000] {processor.py:157} INFO - Started process (PID=13062) to work on /home/ubuntu/airflow_venv/lib/python3.10/site-packages/airflow/example_dags/example_branch_labels.py
[2023-09-29T07:31:25.472+0000] {processor.py:829} INFO - Processing file /home/ubuntu/airflow_venv/lib/python3.10/site-packages/airflow/example_dags/example_branch_labels.py for tasks to queue
[2023-09-29T07:31:25.473+0000] {logging_mixin.py:151} INFO - [2023-09-29T07:31:25.473+0000] {dagbag.py:539} INFO - Filling up the DagBag from /home/ubuntu/airflow_venv/lib/python3.10/site-packages/airflow/example_dags/example_branch_labels.py
[2023-09-29T07:31:25.481+0000] {processor.py:839} INFO - DAG(s) dict_keys(['example_branch_labels']) retrieved from /home/ubuntu/airflow_venv/lib/python3.10/site-packages/airflow/example_dags/example_branch_labels.py
[2023-09-29T07:31:25.498+0000] {logging_mixin.py:151} INFO - [2023-09-29T07:31:25.498+0000] {dag.py:2915} INFO - Sync 1 DAGs
[2023-09-29T07:31:25.516+0000] {logging_mixin.py:151} INFO - [2023-09-29T07:31:25.516+0000] {dag.py:3696} INFO - Setting next_dagrun for example_branch_labels to 2023-09-28T00:00:00+00:00, run_after=2023-09-29T00:00:00+00:00
[2023-09-29T07:31:25.536+0000] {processor.py:179} INFO - Processing /home/ubuntu/airflow_venv/lib/python3.10/site-packages/airflow/example_dags/example_branch_labels.py took 0.068 seconds
[2023-09-29T07:43:31.694+0000] {processor.py:157} INFO - Started process (PID=1223) to work on /home/ubuntu/airflow_venv/lib/python3.10/site-packages/airflow/example_dags/example_branch_labels.py
[2023-09-29T07:43:31.696+0000] {processor.py:829} INFO - Processing file /home/ubuntu/airflow_venv/lib/python3.10/site-packages/airflow/example_dags/example_branch_labels.py for tasks to queue
[2023-09-29T07:43:31.697+0000] {logging_mixin.py:151} INFO - [2023-09-29T07:43:31.696+0000] {dagbag.py:539} INFO - Filling up the DagBag from /home/ubuntu/airflow_venv/lib/python3.10/site-packages/airflow/example_dags/example_branch_labels.py
[2023-09-29T07:43:31.708+0000] {processor.py:839} INFO - DAG(s) dict_keys(['example_branch_labels']) retrieved from /home/ubuntu/airflow_venv/lib/python3.10/site-packages/airflow/example_dags/example_branch_labels.py
[2023-09-29T07:43:31.732+0000] {logging_mixin.py:151} INFO - [2023-09-29T07:43:31.731+0000] {dag.py:2915} INFO - Sync 1 DAGs
[2023-09-29T07:43:31.759+0000] {logging_mixin.py:151} INFO - [2023-09-29T07:43:31.758+0000] {dag.py:3696} INFO - Setting next_dagrun for example_branch_labels to 2023-09-28T00:00:00+00:00, run_after=2023-09-29T00:00:00+00:00
[2023-09-29T07:43:31.782+0000] {processor.py:179} INFO - Processing /home/ubuntu/airflow_venv/lib/python3.10/site-packages/airflow/example_dags/example_branch_labels.py took 0.093 seconds
[2023-09-29T07:44:26.015+0000] {processor.py:157} INFO - Started process (PID=1271) to work on /home/ubuntu/airflow_venv/lib/python3.10/site-packages/airflow/example_dags/example_branch_labels.py
[2023-09-29T07:44:26.016+0000] {processor.py:829} INFO - Processing file /home/ubuntu/airflow_venv/lib/python3.10/site-packages/airflow/example_dags/example_branch_labels.py for tasks to queue
[2023-09-29T07:44:26.016+0000] {logging_mixin.py:151} INFO - [2023-09-29T07:44:26.016+0000] {dagbag.py:539} INFO - Filling up the DagBag from /home/ubuntu/airflow_venv/lib/python3.10/site-packages/airflow/example_dags/example_branch_labels.py
[2023-09-29T07:44:26.024+0000] {processor.py:839} INFO - DAG(s) dict_keys(['example_branch_labels']) retrieved from /home/ubuntu/airflow_venv/lib/python3.10/site-packages/airflow/example_dags/example_branch_labels.py
[2023-09-29T07:44:26.042+0000] {logging_mixin.py:151} INFO - [2023-09-29T07:44:26.041+0000] {dag.py:2915} INFO - Sync 1 DAGs
[2023-09-29T07:44:26.243+0000] {logging_mixin.py:151} INFO - [2023-09-29T07:44:26.243+0000] {dag.py:3696} INFO - Setting next_dagrun for example_branch_labels to 2023-09-28T00:00:00+00:00, run_after=2023-09-29T00:00:00+00:00
[2023-09-29T07:44:26.267+0000] {processor.py:179} INFO - Processing /home/ubuntu/airflow_venv/lib/python3.10/site-packages/airflow/example_dags/example_branch_labels.py took 0.255 seconds
[2023-09-29T07:55:26.619+0000] {processor.py:157} INFO - Started process (PID=1347) to work on /home/ubuntu/airflow_venv/lib/python3.10/site-packages/airflow/example_dags/example_branch_labels.py
[2023-09-29T07:55:26.621+0000] {processor.py:829} INFO - Processing file /home/ubuntu/airflow_venv/lib/python3.10/site-packages/airflow/example_dags/example_branch_labels.py for tasks to queue
[2023-09-29T07:55:26.622+0000] {logging_mixin.py:151} INFO - [2023-09-29T07:55:26.621+0000] {dagbag.py:539} INFO - Filling up the DagBag from /home/ubuntu/airflow_venv/lib/python3.10/site-packages/airflow/example_dags/example_branch_labels.py
[2023-09-29T07:55:26.630+0000] {processor.py:839} INFO - DAG(s) dict_keys(['example_branch_labels']) retrieved from /home/ubuntu/airflow_venv/lib/python3.10/site-packages/airflow/example_dags/example_branch_labels.py
[2023-09-29T07:55:26.653+0000] {logging_mixin.py:151} INFO - [2023-09-29T07:55:26.652+0000] {dag.py:2915} INFO - Sync 1 DAGs
[2023-09-29T07:55:26.682+0000] {logging_mixin.py:151} INFO - [2023-09-29T07:55:26.682+0000] {dag.py:3696} INFO - Setting next_dagrun for example_branch_labels to 2023-09-28T00:00:00+00:00, run_after=2023-09-29T00:00:00+00:00
[2023-09-29T07:55:26.717+0000] {processor.py:179} INFO - Processing /home/ubuntu/airflow_venv/lib/python3.10/site-packages/airflow/example_dags/example_branch_labels.py took 0.102 seconds
[2023-09-29T07:56:24.266+0000] {processor.py:157} INFO - Started process (PID=1401) to work on /home/ubuntu/airflow_venv/lib/python3.10/site-packages/airflow/example_dags/example_branch_labels.py
[2023-09-29T07:56:24.267+0000] {processor.py:829} INFO - Processing file /home/ubuntu/airflow_venv/lib/python3.10/site-packages/airflow/example_dags/example_branch_labels.py for tasks to queue
[2023-09-29T07:56:24.268+0000] {logging_mixin.py:151} INFO - [2023-09-29T07:56:24.267+0000] {dagbag.py:539} INFO - Filling up the DagBag from /home/ubuntu/airflow_venv/lib/python3.10/site-packages/airflow/example_dags/example_branch_labels.py
[2023-09-29T07:56:24.276+0000] {processor.py:839} INFO - DAG(s) dict_keys(['example_branch_labels']) retrieved from /home/ubuntu/airflow_venv/lib/python3.10/site-packages/airflow/example_dags/example_branch_labels.py
[2023-09-29T07:56:24.295+0000] {logging_mixin.py:151} INFO - [2023-09-29T07:56:24.295+0000] {dag.py:2915} INFO - Sync 1 DAGs
[2023-09-29T07:56:24.469+0000] {logging_mixin.py:151} INFO - [2023-09-29T07:56:24.469+0000] {dag.py:3696} INFO - Setting next_dagrun for example_branch_labels to 2023-09-28T00:00:00+00:00, run_after=2023-09-29T00:00:00+00:00
[2023-09-29T07:56:24.489+0000] {processor.py:179} INFO - Processing /home/ubuntu/airflow_venv/lib/python3.10/site-packages/airflow/example_dags/example_branch_labels.py took 0.227 seconds
[2023-09-29T07:57:20.378+0000] {processor.py:157} INFO - Started process (PID=1449) to work on /home/ubuntu/airflow_venv/lib/python3.10/site-packages/airflow/example_dags/example_branch_labels.py
[2023-09-29T07:57:20.379+0000] {processor.py:829} INFO - Processing file /home/ubuntu/airflow_venv/lib/python3.10/site-packages/airflow/example_dags/example_branch_labels.py for tasks to queue
[2023-09-29T07:57:20.380+0000] {logging_mixin.py:151} INFO - [2023-09-29T07:57:20.379+0000] {dagbag.py:539} INFO - Filling up the DagBag from /home/ubuntu/airflow_venv/lib/python3.10/site-packages/airflow/example_dags/example_branch_labels.py
[2023-09-29T07:57:20.565+0000] {processor.py:839} INFO - DAG(s) dict_keys(['example_branch_labels']) retrieved from /home/ubuntu/airflow_venv/lib/python3.10/site-packages/airflow/example_dags/example_branch_labels.py
[2023-09-29T07:57:20.602+0000] {logging_mixin.py:151} INFO - [2023-09-29T07:57:20.602+0000] {dag.py:2915} INFO - Sync 1 DAGs
[2023-09-29T07:57:20.640+0000] {logging_mixin.py:151} INFO - [2023-09-29T07:57:20.639+0000] {dag.py:3696} INFO - Setting next_dagrun for example_branch_labels to 2023-09-28T00:00:00+00:00, run_after=2023-09-29T00:00:00+00:00
[2023-09-29T07:57:20.672+0000] {processor.py:179} INFO - Processing /home/ubuntu/airflow_venv/lib/python3.10/site-packages/airflow/example_dags/example_branch_labels.py took 0.301 seconds
[2023-09-29T07:58:21.211+0000] {processor.py:157} INFO - Started process (PID=1510) to work on /home/ubuntu/airflow_venv/lib/python3.10/site-packages/airflow/example_dags/example_branch_labels.py
[2023-09-29T07:58:21.215+0000] {processor.py:829} INFO - Processing file /home/ubuntu/airflow_venv/lib/python3.10/site-packages/airflow/example_dags/example_branch_labels.py for tasks to queue
[2023-09-29T07:58:21.216+0000] {logging_mixin.py:151} INFO - [2023-09-29T07:58:21.215+0000] {dagbag.py:539} INFO - Filling up the DagBag from /home/ubuntu/airflow_venv/lib/python3.10/site-packages/airflow/example_dags/example_branch_labels.py
[2023-09-29T07:58:21.239+0000] {processor.py:839} INFO - DAG(s) dict_keys(['example_branch_labels']) retrieved from /home/ubuntu/airflow_venv/lib/python3.10/site-packages/airflow/example_dags/example_branch_labels.py
[2023-09-29T07:58:21.275+0000] {logging_mixin.py:151} INFO - [2023-09-29T07:58:21.274+0000] {dag.py:2915} INFO - Sync 1 DAGs
[2023-09-29T07:58:21.335+0000] {logging_mixin.py:151} INFO - [2023-09-29T07:58:21.335+0000] {dag.py:3696} INFO - Setting next_dagrun for example_branch_labels to 2023-09-28T00:00:00+00:00, run_after=2023-09-29T00:00:00+00:00
[2023-09-29T07:58:21.363+0000] {processor.py:179} INFO - Processing /home/ubuntu/airflow_venv/lib/python3.10/site-packages/airflow/example_dags/example_branch_labels.py took 0.158 seconds
[2023-09-29T07:59:10.514+0000] {processor.py:157} INFO - Started process (PID=1566) to work on /home/ubuntu/airflow_venv/lib/python3.10/site-packages/airflow/example_dags/example_branch_labels.py
[2023-09-29T07:59:10.515+0000] {processor.py:829} INFO - Processing file /home/ubuntu/airflow_venv/lib/python3.10/site-packages/airflow/example_dags/example_branch_labels.py for tasks to queue
[2023-09-29T07:59:10.516+0000] {logging_mixin.py:151} INFO - [2023-09-29T07:59:10.515+0000] {dagbag.py:539} INFO - Filling up the DagBag from /home/ubuntu/airflow_venv/lib/python3.10/site-packages/airflow/example_dags/example_branch_labels.py
[2023-09-29T07:59:10.524+0000] {processor.py:839} INFO - DAG(s) dict_keys(['example_branch_labels']) retrieved from /home/ubuntu/airflow_venv/lib/python3.10/site-packages/airflow/example_dags/example_branch_labels.py
[2023-09-29T07:59:10.559+0000] {logging_mixin.py:151} INFO - [2023-09-29T07:59:10.558+0000] {dag.py:2915} INFO - Sync 1 DAGs
[2023-09-29T07:59:10.586+0000] {logging_mixin.py:151} INFO - [2023-09-29T07:59:10.586+0000] {dag.py:3696} INFO - Setting next_dagrun for example_branch_labels to 2023-09-28T00:00:00+00:00, run_after=2023-09-29T00:00:00+00:00
[2023-09-29T07:59:10.609+0000] {processor.py:179} INFO - Processing /home/ubuntu/airflow_venv/lib/python3.10/site-packages/airflow/example_dags/example_branch_labels.py took 0.100 seconds
[2023-09-29T08:00:06.304+0000] {processor.py:157} INFO - Started process (PID=1624) to work on /home/ubuntu/airflow_venv/lib/python3.10/site-packages/airflow/example_dags/example_branch_labels.py
[2023-09-29T08:00:06.305+0000] {processor.py:829} INFO - Processing file /home/ubuntu/airflow_venv/lib/python3.10/site-packages/airflow/example_dags/example_branch_labels.py for tasks to queue
[2023-09-29T08:00:06.306+0000] {logging_mixin.py:151} INFO - [2023-09-29T08:00:06.306+0000] {dagbag.py:539} INFO - Filling up the DagBag from /home/ubuntu/airflow_venv/lib/python3.10/site-packages/airflow/example_dags/example_branch_labels.py
[2023-09-29T08:00:06.319+0000] {processor.py:839} INFO - DAG(s) dict_keys(['example_branch_labels']) retrieved from /home/ubuntu/airflow_venv/lib/python3.10/site-packages/airflow/example_dags/example_branch_labels.py
[2023-09-29T08:00:06.343+0000] {logging_mixin.py:151} INFO - [2023-09-29T08:00:06.343+0000] {dag.py:2915} INFO - Sync 1 DAGs
[2023-09-29T08:00:06.371+0000] {logging_mixin.py:151} INFO - [2023-09-29T08:00:06.371+0000] {dag.py:3696} INFO - Setting next_dagrun for example_branch_labels to 2023-09-28T00:00:00+00:00, run_after=2023-09-29T00:00:00+00:00
[2023-09-29T08:00:06.397+0000] {processor.py:179} INFO - Processing /home/ubuntu/airflow_venv/lib/python3.10/site-packages/airflow/example_dags/example_branch_labels.py took 0.097 seconds
[2023-09-29T08:01:08.584+0000] {processor.py:157} INFO - Started process (PID=1684) to work on /home/ubuntu/airflow_venv/lib/python3.10/site-packages/airflow/example_dags/example_branch_labels.py
[2023-09-29T08:01:08.585+0000] {processor.py:829} INFO - Processing file /home/ubuntu/airflow_venv/lib/python3.10/site-packages/airflow/example_dags/example_branch_labels.py for tasks to queue
[2023-09-29T08:01:08.586+0000] {logging_mixin.py:151} INFO - [2023-09-29T08:01:08.586+0000] {dagbag.py:539} INFO - Filling up the DagBag from /home/ubuntu/airflow_venv/lib/python3.10/site-packages/airflow/example_dags/example_branch_labels.py
[2023-09-29T08:01:08.594+0000] {processor.py:839} INFO - DAG(s) dict_keys(['example_branch_labels']) retrieved from /home/ubuntu/airflow_venv/lib/python3.10/site-packages/airflow/example_dags/example_branch_labels.py
[2023-09-29T08:01:08.610+0000] {logging_mixin.py:151} INFO - [2023-09-29T08:01:08.610+0000] {dag.py:2915} INFO - Sync 1 DAGs
[2023-09-29T08:01:08.629+0000] {logging_mixin.py:151} INFO - [2023-09-29T08:01:08.629+0000] {dag.py:3696} INFO - Setting next_dagrun for example_branch_labels to 2023-09-28T00:00:00+00:00, run_after=2023-09-29T00:00:00+00:00
[2023-09-29T08:01:08.653+0000] {processor.py:179} INFO - Processing /home/ubuntu/airflow_venv/lib/python3.10/site-packages/airflow/example_dags/example_branch_labels.py took 0.072 seconds
[2023-09-29T08:02:07.593+0000] {processor.py:157} INFO - Started process (PID=1743) to work on /home/ubuntu/airflow_venv/lib/python3.10/site-packages/airflow/example_dags/example_branch_labels.py
[2023-09-29T08:02:07.594+0000] {processor.py:829} INFO - Processing file /home/ubuntu/airflow_venv/lib/python3.10/site-packages/airflow/example_dags/example_branch_labels.py for tasks to queue
[2023-09-29T08:02:07.594+0000] {logging_mixin.py:151} INFO - [2023-09-29T08:02:07.594+0000] {dagbag.py:539} INFO - Filling up the DagBag from /home/ubuntu/airflow_venv/lib/python3.10/site-packages/airflow/example_dags/example_branch_labels.py
[2023-09-29T08:02:07.602+0000] {processor.py:839} INFO - DAG(s) dict_keys(['example_branch_labels']) retrieved from /home/ubuntu/airflow_venv/lib/python3.10/site-packages/airflow/example_dags/example_branch_labels.py
[2023-09-29T08:02:07.619+0000] {logging_mixin.py:151} INFO - [2023-09-29T08:02:07.619+0000] {dag.py:2915} INFO - Sync 1 DAGs
[2023-09-29T08:02:07.639+0000] {logging_mixin.py:151} INFO - [2023-09-29T08:02:07.639+0000] {dag.py:3696} INFO - Setting next_dagrun for example_branch_labels to 2023-09-28T00:00:00+00:00, run_after=2023-09-29T00:00:00+00:00
[2023-09-29T08:02:07.668+0000] {processor.py:179} INFO - Processing /home/ubuntu/airflow_venv/lib/python3.10/site-packages/airflow/example_dags/example_branch_labels.py took 0.078 seconds
[2023-09-29T08:03:01.025+0000] {processor.py:157} INFO - Started process (PID=1798) to work on /home/ubuntu/airflow_venv/lib/python3.10/site-packages/airflow/example_dags/example_branch_labels.py
[2023-09-29T08:03:01.026+0000] {processor.py:829} INFO - Processing file /home/ubuntu/airflow_venv/lib/python3.10/site-packages/airflow/example_dags/example_branch_labels.py for tasks to queue
[2023-09-29T08:03:01.027+0000] {logging_mixin.py:151} INFO - [2023-09-29T08:03:01.027+0000] {dagbag.py:539} INFO - Filling up the DagBag from /home/ubuntu/airflow_venv/lib/python3.10/site-packages/airflow/example_dags/example_branch_labels.py
[2023-09-29T08:03:01.035+0000] {processor.py:839} INFO - DAG(s) dict_keys(['example_branch_labels']) retrieved from /home/ubuntu/airflow_venv/lib/python3.10/site-packages/airflow/example_dags/example_branch_labels.py
[2023-09-29T08:03:01.059+0000] {logging_mixin.py:151} INFO - [2023-09-29T08:03:01.059+0000] {dag.py:2915} INFO - Sync 1 DAGs
[2023-09-29T08:03:01.098+0000] {logging_mixin.py:151} INFO - [2023-09-29T08:03:01.098+0000] {dag.py:3696} INFO - Setting next_dagrun for example_branch_labels to 2023-09-28T00:00:00+00:00, run_after=2023-09-29T00:00:00+00:00
[2023-09-29T08:03:01.144+0000] {processor.py:179} INFO - Processing /home/ubuntu/airflow_venv/lib/python3.10/site-packages/airflow/example_dags/example_branch_labels.py took 0.123 seconds
[2023-09-29T08:03:53.341+0000] {processor.py:157} INFO - Started process (PID=1851) to work on /home/ubuntu/airflow_venv/lib/python3.10/site-packages/airflow/example_dags/example_branch_labels.py
[2023-09-29T08:03:53.342+0000] {processor.py:829} INFO - Processing file /home/ubuntu/airflow_venv/lib/python3.10/site-packages/airflow/example_dags/example_branch_labels.py for tasks to queue
[2023-09-29T08:03:53.343+0000] {logging_mixin.py:151} INFO - [2023-09-29T08:03:53.343+0000] {dagbag.py:539} INFO - Filling up the DagBag from /home/ubuntu/airflow_venv/lib/python3.10/site-packages/airflow/example_dags/example_branch_labels.py
[2023-09-29T08:03:53.352+0000] {processor.py:839} INFO - DAG(s) dict_keys(['example_branch_labels']) retrieved from /home/ubuntu/airflow_venv/lib/python3.10/site-packages/airflow/example_dags/example_branch_labels.py
[2023-09-29T08:03:53.372+0000] {logging_mixin.py:151} INFO - [2023-09-29T08:03:53.372+0000] {dag.py:2915} INFO - Sync 1 DAGs
[2023-09-29T08:03:53.394+0000] {logging_mixin.py:151} INFO - [2023-09-29T08:03:53.394+0000] {dag.py:3696} INFO - Setting next_dagrun for example_branch_labels to 2023-09-28T00:00:00+00:00, run_after=2023-09-29T00:00:00+00:00
[2023-09-29T08:03:53.419+0000] {processor.py:179} INFO - Processing /home/ubuntu/airflow_venv/lib/python3.10/site-packages/airflow/example_dags/example_branch_labels.py took 0.081 seconds
[2023-09-29T08:04:46.233+0000] {processor.py:157} INFO - Started process (PID=1907) to work on /home/ubuntu/airflow_venv/lib/python3.10/site-packages/airflow/example_dags/example_branch_labels.py
[2023-09-29T08:04:46.245+0000] {processor.py:829} INFO - Processing file /home/ubuntu/airflow_venv/lib/python3.10/site-packages/airflow/example_dags/example_branch_labels.py for tasks to queue
[2023-09-29T08:04:46.245+0000] {logging_mixin.py:151} INFO - [2023-09-29T08:04:46.245+0000] {dagbag.py:539} INFO - Filling up the DagBag from /home/ubuntu/airflow_venv/lib/python3.10/site-packages/airflow/example_dags/example_branch_labels.py
[2023-09-29T08:04:46.265+0000] {processor.py:839} INFO - DAG(s) dict_keys(['example_branch_labels']) retrieved from /home/ubuntu/airflow_venv/lib/python3.10/site-packages/airflow/example_dags/example_branch_labels.py
[2023-09-29T08:04:46.288+0000] {logging_mixin.py:151} INFO - [2023-09-29T08:04:46.288+0000] {dag.py:2915} INFO - Sync 1 DAGs
[2023-09-29T08:04:46.307+0000] {logging_mixin.py:151} INFO - [2023-09-29T08:04:46.307+0000] {dag.py:3696} INFO - Setting next_dagrun for example_branch_labels to 2023-09-28T00:00:00+00:00, run_after=2023-09-29T00:00:00+00:00
[2023-09-29T08:04:46.327+0000] {processor.py:179} INFO - Processing /home/ubuntu/airflow_venv/lib/python3.10/site-packages/airflow/example_dags/example_branch_labels.py took 0.097 seconds
[2023-09-29T08:05:35.530+0000] {processor.py:157} INFO - Started process (PID=1957) to work on /home/ubuntu/airflow_venv/lib/python3.10/site-packages/airflow/example_dags/example_branch_labels.py
[2023-09-29T08:05:35.531+0000] {processor.py:829} INFO - Processing file /home/ubuntu/airflow_venv/lib/python3.10/site-packages/airflow/example_dags/example_branch_labels.py for tasks to queue
[2023-09-29T08:05:35.532+0000] {logging_mixin.py:151} INFO - [2023-09-29T08:05:35.532+0000] {dagbag.py:539} INFO - Filling up the DagBag from /home/ubuntu/airflow_venv/lib/python3.10/site-packages/airflow/example_dags/example_branch_labels.py
[2023-09-29T08:05:35.539+0000] {processor.py:839} INFO - DAG(s) dict_keys(['example_branch_labels']) retrieved from /home/ubuntu/airflow_venv/lib/python3.10/site-packages/airflow/example_dags/example_branch_labels.py
[2023-09-29T08:05:35.559+0000] {logging_mixin.py:151} INFO - [2023-09-29T08:05:35.559+0000] {dag.py:2915} INFO - Sync 1 DAGs
[2023-09-29T08:05:35.592+0000] {logging_mixin.py:151} INFO - [2023-09-29T08:05:35.591+0000] {dag.py:3696} INFO - Setting next_dagrun for example_branch_labels to 2023-09-28T00:00:00+00:00, run_after=2023-09-29T00:00:00+00:00
[2023-09-29T08:05:35.613+0000] {processor.py:179} INFO - Processing /home/ubuntu/airflow_venv/lib/python3.10/site-packages/airflow/example_dags/example_branch_labels.py took 0.086 seconds
[2023-09-29T08:06:30.939+0000] {processor.py:157} INFO - Started process (PID=2013) to work on /home/ubuntu/airflow_venv/lib/python3.10/site-packages/airflow/example_dags/example_branch_labels.py
[2023-09-29T08:06:30.940+0000] {processor.py:829} INFO - Processing file /home/ubuntu/airflow_venv/lib/python3.10/site-packages/airflow/example_dags/example_branch_labels.py for tasks to queue
[2023-09-29T08:06:30.941+0000] {logging_mixin.py:151} INFO - [2023-09-29T08:06:30.941+0000] {dagbag.py:539} INFO - Filling up the DagBag from /home/ubuntu/airflow_venv/lib/python3.10/site-packages/airflow/example_dags/example_branch_labels.py
[2023-09-29T08:06:30.949+0000] {processor.py:839} INFO - DAG(s) dict_keys(['example_branch_labels']) retrieved from /home/ubuntu/airflow_venv/lib/python3.10/site-packages/airflow/example_dags/example_branch_labels.py
[2023-09-29T08:06:30.967+0000] {logging_mixin.py:151} INFO - [2023-09-29T08:06:30.967+0000] {dag.py:2915} INFO - Sync 1 DAGs
[2023-09-29T08:06:30.987+0000] {logging_mixin.py:151} INFO - [2023-09-29T08:06:30.987+0000] {dag.py:3696} INFO - Setting next_dagrun for example_branch_labels to 2023-09-28T00:00:00+00:00, run_after=2023-09-29T00:00:00+00:00
[2023-09-29T08:06:31.009+0000] {processor.py:179} INFO - Processing /home/ubuntu/airflow_venv/lib/python3.10/site-packages/airflow/example_dags/example_branch_labels.py took 0.073 seconds
[2023-09-29T08:07:17.498+0000] {processor.py:157} INFO - Started process (PID=2063) to work on /home/ubuntu/airflow_venv/lib/python3.10/site-packages/airflow/example_dags/example_branch_labels.py
[2023-09-29T08:07:17.499+0000] {processor.py:829} INFO - Processing file /home/ubuntu/airflow_venv/lib/python3.10/site-packages/airflow/example_dags/example_branch_labels.py for tasks to queue
[2023-09-29T08:07:17.500+0000] {logging_mixin.py:151} INFO - [2023-09-29T08:07:17.500+0000] {dagbag.py:539} INFO - Filling up the DagBag from /home/ubuntu/airflow_venv/lib/python3.10/site-packages/airflow/example_dags/example_branch_labels.py
[2023-09-29T08:07:17.507+0000] {processor.py:839} INFO - DAG(s) dict_keys(['example_branch_labels']) retrieved from /home/ubuntu/airflow_venv/lib/python3.10/site-packages/airflow/example_dags/example_branch_labels.py
[2023-09-29T08:07:17.524+0000] {logging_mixin.py:151} INFO - [2023-09-29T08:07:17.524+0000] {dag.py:2915} INFO - Sync 1 DAGs
[2023-09-29T08:07:17.545+0000] {logging_mixin.py:151} INFO - [2023-09-29T08:07:17.544+0000] {dag.py:3696} INFO - Setting next_dagrun for example_branch_labels to 2023-09-28T00:00:00+00:00, run_after=2023-09-29T00:00:00+00:00
[2023-09-29T08:07:17.565+0000] {processor.py:179} INFO - Processing /home/ubuntu/airflow_venv/lib/python3.10/site-packages/airflow/example_dags/example_branch_labels.py took 0.069 seconds
[2023-09-29T08:08:08.282+0000] {processor.py:157} INFO - Started process (PID=2325) to work on /home/ubuntu/airflow_venv/lib/python3.10/site-packages/airflow/example_dags/example_branch_labels.py
[2023-09-29T08:08:08.283+0000] {processor.py:829} INFO - Processing file /home/ubuntu/airflow_venv/lib/python3.10/site-packages/airflow/example_dags/example_branch_labels.py for tasks to queue
[2023-09-29T08:08:08.283+0000] {logging_mixin.py:151} INFO - [2023-09-29T08:08:08.283+0000] {dagbag.py:539} INFO - Filling up the DagBag from /home/ubuntu/airflow_venv/lib/python3.10/site-packages/airflow/example_dags/example_branch_labels.py
[2023-09-29T08:08:08.291+0000] {processor.py:839} INFO - DAG(s) dict_keys(['example_branch_labels']) retrieved from /home/ubuntu/airflow_venv/lib/python3.10/site-packages/airflow/example_dags/example_branch_labels.py
[2023-09-29T08:08:08.316+0000] {logging_mixin.py:151} INFO - [2023-09-29T08:08:08.315+0000] {dag.py:2915} INFO - Sync 1 DAGs
[2023-09-29T08:08:08.335+0000] {logging_mixin.py:151} INFO - [2023-09-29T08:08:08.335+0000] {dag.py:3696} INFO - Setting next_dagrun for example_branch_labels to 2023-09-28T00:00:00+00:00, run_after=2023-09-29T00:00:00+00:00
[2023-09-29T08:08:08.355+0000] {processor.py:179} INFO - Processing /home/ubuntu/airflow_venv/lib/python3.10/site-packages/airflow/example_dags/example_branch_labels.py took 0.076 seconds
[2023-09-29T08:09:01.997+0000] {processor.py:157} INFO - Started process (PID=2379) to work on /home/ubuntu/airflow_venv/lib/python3.10/site-packages/airflow/example_dags/example_branch_labels.py
[2023-09-29T08:09:01.999+0000] {processor.py:829} INFO - Processing file /home/ubuntu/airflow_venv/lib/python3.10/site-packages/airflow/example_dags/example_branch_labels.py for tasks to queue
[2023-09-29T08:09:01.999+0000] {logging_mixin.py:151} INFO - [2023-09-29T08:09:01.999+0000] {dagbag.py:539} INFO - Filling up the DagBag from /home/ubuntu/airflow_venv/lib/python3.10/site-packages/airflow/example_dags/example_branch_labels.py
[2023-09-29T08:09:02.009+0000] {processor.py:839} INFO - DAG(s) dict_keys(['example_branch_labels']) retrieved from /home/ubuntu/airflow_venv/lib/python3.10/site-packages/airflow/example_dags/example_branch_labels.py
[2023-09-29T08:09:02.039+0000] {logging_mixin.py:151} INFO - [2023-09-29T08:09:02.038+0000] {dag.py:2915} INFO - Sync 1 DAGs
[2023-09-29T08:09:02.073+0000] {logging_mixin.py:151} INFO - [2023-09-29T08:09:02.072+0000] {dag.py:3696} INFO - Setting next_dagrun for example_branch_labels to 2023-09-28T00:00:00+00:00, run_after=2023-09-29T00:00:00+00:00
[2023-09-29T08:09:02.097+0000] {processor.py:179} INFO - Processing /home/ubuntu/airflow_venv/lib/python3.10/site-packages/airflow/example_dags/example_branch_labels.py took 0.107 seconds
[2023-09-29T09:27:25.210+0000] {processor.py:157} INFO - Started process (PID=1350) to work on /home/ubuntu/airflow_venv/lib/python3.10/site-packages/airflow/example_dags/example_branch_labels.py
[2023-09-29T09:27:25.212+0000] {processor.py:829} INFO - Processing file /home/ubuntu/airflow_venv/lib/python3.10/site-packages/airflow/example_dags/example_branch_labels.py for tasks to queue
[2023-09-29T09:27:25.213+0000] {logging_mixin.py:151} INFO - [2023-09-29T09:27:25.212+0000] {dagbag.py:539} INFO - Filling up the DagBag from /home/ubuntu/airflow_venv/lib/python3.10/site-packages/airflow/example_dags/example_branch_labels.py
[2023-09-29T09:27:25.224+0000] {processor.py:839} INFO - DAG(s) dict_keys(['example_branch_labels']) retrieved from /home/ubuntu/airflow_venv/lib/python3.10/site-packages/airflow/example_dags/example_branch_labels.py
[2023-09-29T09:27:25.247+0000] {logging_mixin.py:151} INFO - [2023-09-29T09:27:25.247+0000] {dag.py:2915} INFO - Sync 1 DAGs
[2023-09-29T09:27:25.270+0000] {logging_mixin.py:151} INFO - [2023-09-29T09:27:25.270+0000] {dag.py:3696} INFO - Setting next_dagrun for example_branch_labels to 2023-09-28T00:00:00+00:00, run_after=2023-09-29T00:00:00+00:00
[2023-09-29T09:27:25.295+0000] {processor.py:179} INFO - Processing /home/ubuntu/airflow_venv/lib/python3.10/site-packages/airflow/example_dags/example_branch_labels.py took 0.088 seconds
[2023-09-29T09:28:26.534+0000] {processor.py:157} INFO - Started process (PID=1408) to work on /home/ubuntu/airflow_venv/lib/python3.10/site-packages/airflow/example_dags/example_branch_labels.py
[2023-09-29T09:28:26.536+0000] {processor.py:829} INFO - Processing file /home/ubuntu/airflow_venv/lib/python3.10/site-packages/airflow/example_dags/example_branch_labels.py for tasks to queue
[2023-09-29T09:28:26.537+0000] {logging_mixin.py:151} INFO - [2023-09-29T09:28:26.537+0000] {dagbag.py:539} INFO - Filling up the DagBag from /home/ubuntu/airflow_venv/lib/python3.10/site-packages/airflow/example_dags/example_branch_labels.py
[2023-09-29T09:28:26.546+0000] {processor.py:839} INFO - DAG(s) dict_keys(['example_branch_labels']) retrieved from /home/ubuntu/airflow_venv/lib/python3.10/site-packages/airflow/example_dags/example_branch_labels.py
[2023-09-29T09:28:26.564+0000] {logging_mixin.py:151} INFO - [2023-09-29T09:28:26.564+0000] {dag.py:2915} INFO - Sync 1 DAGs
[2023-09-29T09:28:26.800+0000] {logging_mixin.py:151} INFO - [2023-09-29T09:28:26.800+0000] {dag.py:3696} INFO - Setting next_dagrun for example_branch_labels to 2023-09-28T00:00:00+00:00, run_after=2023-09-29T00:00:00+00:00
[2023-09-29T09:28:26.819+0000] {processor.py:179} INFO - Processing /home/ubuntu/airflow_venv/lib/python3.10/site-packages/airflow/example_dags/example_branch_labels.py took 0.291 seconds
[2023-09-29T09:29:21.799+0000] {processor.py:157} INFO - Started process (PID=1457) to work on /home/ubuntu/airflow_venv/lib/python3.10/site-packages/airflow/example_dags/example_branch_labels.py
[2023-09-29T09:29:21.800+0000] {processor.py:829} INFO - Processing file /home/ubuntu/airflow_venv/lib/python3.10/site-packages/airflow/example_dags/example_branch_labels.py for tasks to queue
[2023-09-29T09:29:21.801+0000] {logging_mixin.py:151} INFO - [2023-09-29T09:29:21.801+0000] {dagbag.py:539} INFO - Filling up the DagBag from /home/ubuntu/airflow_venv/lib/python3.10/site-packages/airflow/example_dags/example_branch_labels.py
[2023-09-29T09:29:21.978+0000] {processor.py:839} INFO - DAG(s) dict_keys(['example_branch_labels']) retrieved from /home/ubuntu/airflow_venv/lib/python3.10/site-packages/airflow/example_dags/example_branch_labels.py
[2023-09-29T09:29:21.996+0000] {logging_mixin.py:151} INFO - [2023-09-29T09:29:21.995+0000] {dag.py:2915} INFO - Sync 1 DAGs
[2023-09-29T09:29:22.038+0000] {logging_mixin.py:151} INFO - [2023-09-29T09:29:22.038+0000] {dag.py:3696} INFO - Setting next_dagrun for example_branch_labels to 2023-09-28T00:00:00+00:00, run_after=2023-09-29T00:00:00+00:00
[2023-09-29T09:29:22.061+0000] {processor.py:179} INFO - Processing /home/ubuntu/airflow_venv/lib/python3.10/site-packages/airflow/example_dags/example_branch_labels.py took 0.266 seconds
[2023-09-29T09:32:15.084+0000] {processor.py:157} INFO - Started process (PID=2273) to work on /home/ubuntu/airflow_venv/lib/python3.10/site-packages/airflow/example_dags/example_branch_labels.py
[2023-09-29T09:32:15.086+0000] {processor.py:829} INFO - Processing file /home/ubuntu/airflow_venv/lib/python3.10/site-packages/airflow/example_dags/example_branch_labels.py for tasks to queue
[2023-09-29T09:32:15.087+0000] {logging_mixin.py:151} INFO - [2023-09-29T09:32:15.086+0000] {dagbag.py:539} INFO - Filling up the DagBag from /home/ubuntu/airflow_venv/lib/python3.10/site-packages/airflow/example_dags/example_branch_labels.py
[2023-09-29T09:32:15.097+0000] {processor.py:839} INFO - DAG(s) dict_keys(['example_branch_labels']) retrieved from /home/ubuntu/airflow_venv/lib/python3.10/site-packages/airflow/example_dags/example_branch_labels.py
[2023-09-29T09:32:15.127+0000] {logging_mixin.py:151} INFO - [2023-09-29T09:32:15.126+0000] {dag.py:2915} INFO - Sync 1 DAGs
[2023-09-29T09:32:15.183+0000] {logging_mixin.py:151} INFO - [2023-09-29T09:32:15.179+0000] {dag.py:3696} INFO - Setting next_dagrun for example_branch_labels to 2023-09-28T00:00:00+00:00, run_after=2023-09-29T00:00:00+00:00
[2023-09-29T09:32:15.274+0000] {processor.py:179} INFO - Processing /home/ubuntu/airflow_venv/lib/python3.10/site-packages/airflow/example_dags/example_branch_labels.py took 0.196 seconds
[2023-09-29T09:33:21.160+0000] {processor.py:157} INFO - Started process (PID=2343) to work on /home/ubuntu/airflow_venv/lib/python3.10/site-packages/airflow/example_dags/example_branch_labels.py
[2023-09-29T09:33:21.161+0000] {processor.py:829} INFO - Processing file /home/ubuntu/airflow_venv/lib/python3.10/site-packages/airflow/example_dags/example_branch_labels.py for tasks to queue
[2023-09-29T09:33:21.162+0000] {logging_mixin.py:151} INFO - [2023-09-29T09:33:21.162+0000] {dagbag.py:539} INFO - Filling up the DagBag from /home/ubuntu/airflow_venv/lib/python3.10/site-packages/airflow/example_dags/example_branch_labels.py
[2023-09-29T09:33:21.170+0000] {processor.py:839} INFO - DAG(s) dict_keys(['example_branch_labels']) retrieved from /home/ubuntu/airflow_venv/lib/python3.10/site-packages/airflow/example_dags/example_branch_labels.py
[2023-09-29T09:33:21.194+0000] {logging_mixin.py:151} INFO - [2023-09-29T09:33:21.194+0000] {dag.py:2915} INFO - Sync 1 DAGs
[2023-09-29T09:33:21.398+0000] {logging_mixin.py:151} INFO - [2023-09-29T09:33:21.398+0000] {dag.py:3696} INFO - Setting next_dagrun for example_branch_labels to 2023-09-28T00:00:00+00:00, run_after=2023-09-29T00:00:00+00:00
[2023-09-29T09:33:21.425+0000] {processor.py:179} INFO - Processing /home/ubuntu/airflow_venv/lib/python3.10/site-packages/airflow/example_dags/example_branch_labels.py took 0.268 seconds
[2023-09-29T09:52:20.413+0000] {processor.py:157} INFO - Started process (PID=3491) to work on /home/ubuntu/airflow_venv/lib/python3.10/site-packages/airflow/example_dags/example_branch_labels.py
[2023-09-29T09:52:20.414+0000] {processor.py:829} INFO - Processing file /home/ubuntu/airflow_venv/lib/python3.10/site-packages/airflow/example_dags/example_branch_labels.py for tasks to queue
[2023-09-29T09:52:20.416+0000] {logging_mixin.py:151} INFO - [2023-09-29T09:52:20.415+0000] {dagbag.py:539} INFO - Filling up the DagBag from /home/ubuntu/airflow_venv/lib/python3.10/site-packages/airflow/example_dags/example_branch_labels.py
[2023-09-29T09:52:20.432+0000] {processor.py:839} INFO - DAG(s) dict_keys(['example_branch_labels']) retrieved from /home/ubuntu/airflow_venv/lib/python3.10/site-packages/airflow/example_dags/example_branch_labels.py
[2023-09-29T09:52:20.471+0000] {logging_mixin.py:151} INFO - [2023-09-29T09:52:20.471+0000] {dag.py:2915} INFO - Sync 1 DAGs
[2023-09-29T09:52:20.498+0000] {logging_mixin.py:151} INFO - [2023-09-29T09:52:20.498+0000] {dag.py:3696} INFO - Setting next_dagrun for example_branch_labels to 2023-09-28T00:00:00+00:00, run_after=2023-09-29T00:00:00+00:00
[2023-09-29T09:52:20.522+0000] {processor.py:179} INFO - Processing /home/ubuntu/airflow_venv/lib/python3.10/site-packages/airflow/example_dags/example_branch_labels.py took 0.113 seconds
[2023-09-29T09:53:14.133+0000] {processor.py:157} INFO - Started process (PID=3540) to work on /home/ubuntu/airflow_venv/lib/python3.10/site-packages/airflow/example_dags/example_branch_labels.py
[2023-09-29T09:53:14.138+0000] {processor.py:829} INFO - Processing file /home/ubuntu/airflow_venv/lib/python3.10/site-packages/airflow/example_dags/example_branch_labels.py for tasks to queue
[2023-09-29T09:53:14.140+0000] {logging_mixin.py:151} INFO - [2023-09-29T09:53:14.139+0000] {dagbag.py:539} INFO - Filling up the DagBag from /home/ubuntu/airflow_venv/lib/python3.10/site-packages/airflow/example_dags/example_branch_labels.py
[2023-09-29T09:53:14.162+0000] {processor.py:839} INFO - DAG(s) dict_keys(['example_branch_labels']) retrieved from /home/ubuntu/airflow_venv/lib/python3.10/site-packages/airflow/example_dags/example_branch_labels.py
[2023-09-29T09:53:14.181+0000] {logging_mixin.py:151} INFO - [2023-09-29T09:53:14.181+0000] {dag.py:2915} INFO - Sync 1 DAGs
[2023-09-29T09:53:14.414+0000] {logging_mixin.py:151} INFO - [2023-09-29T09:53:14.414+0000] {dag.py:3696} INFO - Setting next_dagrun for example_branch_labels to 2023-09-28T00:00:00+00:00, run_after=2023-09-29T00:00:00+00:00
[2023-09-29T09:53:14.436+0000] {processor.py:179} INFO - Processing /home/ubuntu/airflow_venv/lib/python3.10/site-packages/airflow/example_dags/example_branch_labels.py took 0.307 seconds
[2023-09-29T09:54:25.746+0000] {processor.py:157} INFO - Started process (PID=3605) to work on /home/ubuntu/airflow_venv/lib/python3.10/site-packages/airflow/example_dags/example_branch_labels.py
[2023-09-29T09:54:25.748+0000] {processor.py:829} INFO - Processing file /home/ubuntu/airflow_venv/lib/python3.10/site-packages/airflow/example_dags/example_branch_labels.py for tasks to queue
[2023-09-29T09:54:25.749+0000] {logging_mixin.py:151} INFO - [2023-09-29T09:54:25.748+0000] {dagbag.py:539} INFO - Filling up the DagBag from /home/ubuntu/airflow_venv/lib/python3.10/site-packages/airflow/example_dags/example_branch_labels.py
[2023-09-29T09:54:25.759+0000] {processor.py:839} INFO - DAG(s) dict_keys(['example_branch_labels']) retrieved from /home/ubuntu/airflow_venv/lib/python3.10/site-packages/airflow/example_dags/example_branch_labels.py
[2023-09-29T09:54:25.784+0000] {logging_mixin.py:151} INFO - [2023-09-29T09:54:25.784+0000] {dag.py:2915} INFO - Sync 1 DAGs
[2023-09-29T09:54:25.806+0000] {logging_mixin.py:151} INFO - [2023-09-29T09:54:25.806+0000] {dag.py:3696} INFO - Setting next_dagrun for example_branch_labels to 2023-09-28T00:00:00+00:00, run_after=2023-09-29T00:00:00+00:00
[2023-09-29T09:54:25.830+0000] {processor.py:179} INFO - Processing /home/ubuntu/airflow_venv/lib/python3.10/site-packages/airflow/example_dags/example_branch_labels.py took 0.087 seconds
[2023-09-29T09:56:26.743+0000] {processor.py:157} INFO - Started process (PID=4129) to work on /home/ubuntu/airflow_venv/lib/python3.10/site-packages/airflow/example_dags/example_branch_labels.py
[2023-09-29T09:56:26.744+0000] {processor.py:829} INFO - Processing file /home/ubuntu/airflow_venv/lib/python3.10/site-packages/airflow/example_dags/example_branch_labels.py for tasks to queue
[2023-09-29T09:56:26.745+0000] {logging_mixin.py:151} INFO - [2023-09-29T09:56:26.745+0000] {dagbag.py:539} INFO - Filling up the DagBag from /home/ubuntu/airflow_venv/lib/python3.10/site-packages/airflow/example_dags/example_branch_labels.py
[2023-09-29T09:56:26.754+0000] {processor.py:839} INFO - DAG(s) dict_keys(['example_branch_labels']) retrieved from /home/ubuntu/airflow_venv/lib/python3.10/site-packages/airflow/example_dags/example_branch_labels.py
[2023-09-29T09:56:26.775+0000] {logging_mixin.py:151} INFO - [2023-09-29T09:56:26.775+0000] {dag.py:2915} INFO - Sync 1 DAGs
[2023-09-29T09:56:26.795+0000] {logging_mixin.py:151} INFO - [2023-09-29T09:56:26.795+0000] {dag.py:3696} INFO - Setting next_dagrun for example_branch_labels to 2023-09-28T00:00:00+00:00, run_after=2023-09-29T00:00:00+00:00
[2023-09-29T09:56:26.816+0000] {processor.py:179} INFO - Processing /home/ubuntu/airflow_venv/lib/python3.10/site-packages/airflow/example_dags/example_branch_labels.py took 0.076 seconds
[2023-09-29T09:57:27.812+0000] {processor.py:157} INFO - Started process (PID=4187) to work on /home/ubuntu/airflow_venv/lib/python3.10/site-packages/airflow/example_dags/example_branch_labels.py
[2023-09-29T09:57:27.814+0000] {processor.py:829} INFO - Processing file /home/ubuntu/airflow_venv/lib/python3.10/site-packages/airflow/example_dags/example_branch_labels.py for tasks to queue
[2023-09-29T09:57:27.815+0000] {logging_mixin.py:151} INFO - [2023-09-29T09:57:27.815+0000] {dagbag.py:539} INFO - Filling up the DagBag from /home/ubuntu/airflow_venv/lib/python3.10/site-packages/airflow/example_dags/example_branch_labels.py
[2023-09-29T09:57:27.826+0000] {processor.py:839} INFO - DAG(s) dict_keys(['example_branch_labels']) retrieved from /home/ubuntu/airflow_venv/lib/python3.10/site-packages/airflow/example_dags/example_branch_labels.py
[2023-09-29T09:57:27.849+0000] {logging_mixin.py:151} INFO - [2023-09-29T09:57:27.849+0000] {dag.py:2915} INFO - Sync 1 DAGs
[2023-09-29T09:57:28.067+0000] {logging_mixin.py:151} INFO - [2023-09-29T09:57:28.067+0000] {dag.py:3696} INFO - Setting next_dagrun for example_branch_labels to 2023-09-28T00:00:00+00:00, run_after=2023-09-29T00:00:00+00:00
[2023-09-29T09:57:28.099+0000] {processor.py:179} INFO - Processing /home/ubuntu/airflow_venv/lib/python3.10/site-packages/airflow/example_dags/example_branch_labels.py took 0.291 seconds
[2023-09-29T09:58:22.512+0000] {processor.py:157} INFO - Started process (PID=4247) to work on /home/ubuntu/airflow_venv/lib/python3.10/site-packages/airflow/example_dags/example_branch_labels.py
[2023-09-29T09:58:22.513+0000] {processor.py:829} INFO - Processing file /home/ubuntu/airflow_venv/lib/python3.10/site-packages/airflow/example_dags/example_branch_labels.py for tasks to queue
[2023-09-29T09:58:22.514+0000] {logging_mixin.py:151} INFO - [2023-09-29T09:58:22.513+0000] {dagbag.py:539} INFO - Filling up the DagBag from /home/ubuntu/airflow_venv/lib/python3.10/site-packages/airflow/example_dags/example_branch_labels.py
[2023-09-29T09:58:22.525+0000] {processor.py:839} INFO - DAG(s) dict_keys(['example_branch_labels']) retrieved from /home/ubuntu/airflow_venv/lib/python3.10/site-packages/airflow/example_dags/example_branch_labels.py
[2023-09-29T09:58:22.545+0000] {logging_mixin.py:151} INFO - [2023-09-29T09:58:22.545+0000] {dag.py:2915} INFO - Sync 1 DAGs
[2023-09-29T09:58:22.569+0000] {logging_mixin.py:151} INFO - [2023-09-29T09:58:22.568+0000] {dag.py:3696} INFO - Setting next_dagrun for example_branch_labels to 2023-09-28T00:00:00+00:00, run_after=2023-09-29T00:00:00+00:00
[2023-09-29T09:58:22.589+0000] {processor.py:179} INFO - Processing /home/ubuntu/airflow_venv/lib/python3.10/site-packages/airflow/example_dags/example_branch_labels.py took 0.080 seconds
