[2023-09-29T07:22:42.145+0000] {processor.py:157} INFO - Started process (PID=12211) to work on /home/ubuntu/airflow_venv/lib/python3.10/site-packages/airflow/example_dags/example_dynamic_task_mapping_with_no_taskflow_operators.py
[2023-09-29T07:22:42.146+0000] {processor.py:829} INFO - Processing file /home/ubuntu/airflow_venv/lib/python3.10/site-packages/airflow/example_dags/example_dynamic_task_mapping_with_no_taskflow_operators.py for tasks to queue
[2023-09-29T07:22:42.147+0000] {logging_mixin.py:151} INFO - [2023-09-29T07:22:42.146+0000] {dagbag.py:539} INFO - Filling up the DagBag from /home/ubuntu/airflow_venv/lib/python3.10/site-packages/airflow/example_dags/example_dynamic_task_mapping_with_no_taskflow_operators.py
[2023-09-29T07:22:42.163+0000] {processor.py:839} INFO - DAG(s) dict_keys(['example_dynamic_task_mapping_with_no_taskflow_operators']) retrieved from /home/ubuntu/airflow_venv/lib/python3.10/site-packages/airflow/example_dags/example_dynamic_task_mapping_with_no_taskflow_operators.py
[2023-09-29T07:22:42.181+0000] {logging_mixin.py:151} INFO - [2023-09-29T07:22:42.181+0000] {dag.py:2915} INFO - Sync 1 DAGs
[2023-09-29T07:22:42.203+0000] {logging_mixin.py:151} INFO - [2023-09-29T07:22:42.203+0000] {dag.py:3696} INFO - Setting next_dagrun for example_dynamic_task_mapping_with_no_taskflow_operators to 2023-09-28T07:22:42.203026+00:00, run_after=2023-09-29T07:22:42.203026+00:00
[2023-09-29T07:22:42.228+0000] {processor.py:179} INFO - Processing /home/ubuntu/airflow_venv/lib/python3.10/site-packages/airflow/example_dags/example_dynamic_task_mapping_with_no_taskflow_operators.py took 0.089 seconds
[2023-09-29T07:27:50.312+0000] {processor.py:157} INFO - Started process (PID=12839) to work on /home/ubuntu/airflow_venv/lib/python3.10/site-packages/airflow/example_dags/example_dynamic_task_mapping_with_no_taskflow_operators.py
[2023-09-29T07:27:50.314+0000] {processor.py:829} INFO - Processing file /home/ubuntu/airflow_venv/lib/python3.10/site-packages/airflow/example_dags/example_dynamic_task_mapping_with_no_taskflow_operators.py for tasks to queue
[2023-09-29T07:27:50.316+0000] {logging_mixin.py:151} INFO - [2023-09-29T07:27:50.315+0000] {dagbag.py:539} INFO - Filling up the DagBag from /home/ubuntu/airflow_venv/lib/python3.10/site-packages/airflow/example_dags/example_dynamic_task_mapping_with_no_taskflow_operators.py
[2023-09-29T07:27:50.328+0000] {processor.py:839} INFO - DAG(s) dict_keys(['example_dynamic_task_mapping_with_no_taskflow_operators']) retrieved from /home/ubuntu/airflow_venv/lib/python3.10/site-packages/airflow/example_dags/example_dynamic_task_mapping_with_no_taskflow_operators.py
[2023-09-29T07:27:50.569+0000] {logging_mixin.py:151} INFO - [2023-09-29T07:27:50.569+0000] {dag.py:2915} INFO - Sync 1 DAGs
[2023-09-29T07:27:50.594+0000] {logging_mixin.py:151} INFO - [2023-09-29T07:27:50.594+0000] {dag.py:3696} INFO - Setting next_dagrun for example_dynamic_task_mapping_with_no_taskflow_operators to 2023-09-28T07:27:50.594125+00:00, run_after=2023-09-29T07:27:50.594125+00:00
[2023-09-29T07:27:50.676+0000] {processor.py:179} INFO - Processing /home/ubuntu/airflow_venv/lib/python3.10/site-packages/airflow/example_dags/example_dynamic_task_mapping_with_no_taskflow_operators.py took 0.377 seconds
[2023-09-29T07:28:50.145+0000] {processor.py:157} INFO - Started process (PID=12896) to work on /home/ubuntu/airflow_venv/lib/python3.10/site-packages/airflow/example_dags/example_dynamic_task_mapping_with_no_taskflow_operators.py
[2023-09-29T07:28:50.146+0000] {processor.py:829} INFO - Processing file /home/ubuntu/airflow_venv/lib/python3.10/site-packages/airflow/example_dags/example_dynamic_task_mapping_with_no_taskflow_operators.py for tasks to queue
[2023-09-29T07:28:50.148+0000] {logging_mixin.py:151} INFO - [2023-09-29T07:28:50.147+0000] {dagbag.py:539} INFO - Filling up the DagBag from /home/ubuntu/airflow_venv/lib/python3.10/site-packages/airflow/example_dags/example_dynamic_task_mapping_with_no_taskflow_operators.py
[2023-09-29T07:28:50.157+0000] {processor.py:839} INFO - DAG(s) dict_keys(['example_dynamic_task_mapping_with_no_taskflow_operators']) retrieved from /home/ubuntu/airflow_venv/lib/python3.10/site-packages/airflow/example_dags/example_dynamic_task_mapping_with_no_taskflow_operators.py
[2023-09-29T07:28:50.176+0000] {logging_mixin.py:151} INFO - [2023-09-29T07:28:50.176+0000] {dag.py:2915} INFO - Sync 1 DAGs
[2023-09-29T07:28:50.197+0000] {logging_mixin.py:151} INFO - [2023-09-29T07:28:50.197+0000] {dag.py:3696} INFO - Setting next_dagrun for example_dynamic_task_mapping_with_no_taskflow_operators to 2023-09-28T07:28:50.197068+00:00, run_after=2023-09-29T07:28:50.197068+00:00
[2023-09-29T07:28:50.217+0000] {processor.py:179} INFO - Processing /home/ubuntu/airflow_venv/lib/python3.10/site-packages/airflow/example_dags/example_dynamic_task_mapping_with_no_taskflow_operators.py took 0.077 seconds
[2023-09-29T07:29:44.610+0000] {processor.py:157} INFO - Started process (PID=12951) to work on /home/ubuntu/airflow_venv/lib/python3.10/site-packages/airflow/example_dags/example_dynamic_task_mapping_with_no_taskflow_operators.py
[2023-09-29T07:29:44.612+0000] {processor.py:829} INFO - Processing file /home/ubuntu/airflow_venv/lib/python3.10/site-packages/airflow/example_dags/example_dynamic_task_mapping_with_no_taskflow_operators.py for tasks to queue
[2023-09-29T07:29:44.613+0000] {logging_mixin.py:151} INFO - [2023-09-29T07:29:44.612+0000] {dagbag.py:539} INFO - Filling up the DagBag from /home/ubuntu/airflow_venv/lib/python3.10/site-packages/airflow/example_dags/example_dynamic_task_mapping_with_no_taskflow_operators.py
[2023-09-29T07:29:44.622+0000] {processor.py:839} INFO - DAG(s) dict_keys(['example_dynamic_task_mapping_with_no_taskflow_operators']) retrieved from /home/ubuntu/airflow_venv/lib/python3.10/site-packages/airflow/example_dags/example_dynamic_task_mapping_with_no_taskflow_operators.py
[2023-09-29T07:29:44.647+0000] {logging_mixin.py:151} INFO - [2023-09-29T07:29:44.646+0000] {dag.py:2915} INFO - Sync 1 DAGs
[2023-09-29T07:29:44.673+0000] {logging_mixin.py:151} INFO - [2023-09-29T07:29:44.673+0000] {dag.py:3696} INFO - Setting next_dagrun for example_dynamic_task_mapping_with_no_taskflow_operators to 2023-09-28T07:29:44.673307+00:00, run_after=2023-09-29T07:29:44.673307+00:00
[2023-09-29T07:29:44.699+0000] {processor.py:179} INFO - Processing /home/ubuntu/airflow_venv/lib/python3.10/site-packages/airflow/example_dags/example_dynamic_task_mapping_with_no_taskflow_operators.py took 0.095 seconds
[2023-09-29T07:30:33.700+0000] {processor.py:157} INFO - Started process (PID=13000) to work on /home/ubuntu/airflow_venv/lib/python3.10/site-packages/airflow/example_dags/example_dynamic_task_mapping_with_no_taskflow_operators.py
[2023-09-29T07:30:33.701+0000] {processor.py:829} INFO - Processing file /home/ubuntu/airflow_venv/lib/python3.10/site-packages/airflow/example_dags/example_dynamic_task_mapping_with_no_taskflow_operators.py for tasks to queue
[2023-09-29T07:30:33.702+0000] {logging_mixin.py:151} INFO - [2023-09-29T07:30:33.702+0000] {dagbag.py:539} INFO - Filling up the DagBag from /home/ubuntu/airflow_venv/lib/python3.10/site-packages/airflow/example_dags/example_dynamic_task_mapping_with_no_taskflow_operators.py
[2023-09-29T07:30:33.710+0000] {processor.py:839} INFO - DAG(s) dict_keys(['example_dynamic_task_mapping_with_no_taskflow_operators']) retrieved from /home/ubuntu/airflow_venv/lib/python3.10/site-packages/airflow/example_dags/example_dynamic_task_mapping_with_no_taskflow_operators.py
[2023-09-29T07:30:33.724+0000] {logging_mixin.py:151} INFO - [2023-09-29T07:30:33.724+0000] {dag.py:2915} INFO - Sync 1 DAGs
[2023-09-29T07:30:33.742+0000] {logging_mixin.py:151} INFO - [2023-09-29T07:30:33.742+0000] {dag.py:3696} INFO - Setting next_dagrun for example_dynamic_task_mapping_with_no_taskflow_operators to 2023-09-28T07:30:33.742169+00:00, run_after=2023-09-29T07:30:33.742169+00:00
[2023-09-29T07:30:33.762+0000] {processor.py:179} INFO - Processing /home/ubuntu/airflow_venv/lib/python3.10/site-packages/airflow/example_dags/example_dynamic_task_mapping_with_no_taskflow_operators.py took 0.065 seconds
[2023-09-29T07:31:26.535+0000] {processor.py:157} INFO - Started process (PID=13073) to work on /home/ubuntu/airflow_venv/lib/python3.10/site-packages/airflow/example_dags/example_dynamic_task_mapping_with_no_taskflow_operators.py
[2023-09-29T07:31:26.536+0000] {processor.py:829} INFO - Processing file /home/ubuntu/airflow_venv/lib/python3.10/site-packages/airflow/example_dags/example_dynamic_task_mapping_with_no_taskflow_operators.py for tasks to queue
[2023-09-29T07:31:26.538+0000] {logging_mixin.py:151} INFO - [2023-09-29T07:31:26.537+0000] {dagbag.py:539} INFO - Filling up the DagBag from /home/ubuntu/airflow_venv/lib/python3.10/site-packages/airflow/example_dags/example_dynamic_task_mapping_with_no_taskflow_operators.py
[2023-09-29T07:31:26.545+0000] {processor.py:839} INFO - DAG(s) dict_keys(['example_dynamic_task_mapping_with_no_taskflow_operators']) retrieved from /home/ubuntu/airflow_venv/lib/python3.10/site-packages/airflow/example_dags/example_dynamic_task_mapping_with_no_taskflow_operators.py
[2023-09-29T07:31:26.561+0000] {logging_mixin.py:151} INFO - [2023-09-29T07:31:26.560+0000] {dag.py:2915} INFO - Sync 1 DAGs
[2023-09-29T07:31:26.579+0000] {logging_mixin.py:151} INFO - [2023-09-29T07:31:26.579+0000] {dag.py:3696} INFO - Setting next_dagrun for example_dynamic_task_mapping_with_no_taskflow_operators to 2023-09-28T07:31:26.579113+00:00, run_after=2023-09-29T07:31:26.579113+00:00
[2023-09-29T07:31:26.598+0000] {processor.py:179} INFO - Processing /home/ubuntu/airflow_venv/lib/python3.10/site-packages/airflow/example_dags/example_dynamic_task_mapping_with_no_taskflow_operators.py took 0.067 seconds
[2023-09-29T07:43:33.408+0000] {processor.py:157} INFO - Started process (PID=1225) to work on /home/ubuntu/airflow_venv/lib/python3.10/site-packages/airflow/example_dags/example_dynamic_task_mapping_with_no_taskflow_operators.py
[2023-09-29T07:43:33.409+0000] {processor.py:829} INFO - Processing file /home/ubuntu/airflow_venv/lib/python3.10/site-packages/airflow/example_dags/example_dynamic_task_mapping_with_no_taskflow_operators.py for tasks to queue
[2023-09-29T07:43:33.410+0000] {logging_mixin.py:151} INFO - [2023-09-29T07:43:33.410+0000] {dagbag.py:539} INFO - Filling up the DagBag from /home/ubuntu/airflow_venv/lib/python3.10/site-packages/airflow/example_dags/example_dynamic_task_mapping_with_no_taskflow_operators.py
[2023-09-29T07:43:33.417+0000] {processor.py:839} INFO - DAG(s) dict_keys(['example_dynamic_task_mapping_with_no_taskflow_operators']) retrieved from /home/ubuntu/airflow_venv/lib/python3.10/site-packages/airflow/example_dags/example_dynamic_task_mapping_with_no_taskflow_operators.py
[2023-09-29T07:43:33.434+0000] {logging_mixin.py:151} INFO - [2023-09-29T07:43:33.434+0000] {dag.py:2915} INFO - Sync 1 DAGs
[2023-09-29T07:43:33.453+0000] {logging_mixin.py:151} INFO - [2023-09-29T07:43:33.453+0000] {dag.py:3696} INFO - Setting next_dagrun for example_dynamic_task_mapping_with_no_taskflow_operators to 2023-09-28T07:43:33.453549+00:00, run_after=2023-09-29T07:43:33.453549+00:00
[2023-09-29T07:43:33.474+0000] {processor.py:179} INFO - Processing /home/ubuntu/airflow_venv/lib/python3.10/site-packages/airflow/example_dags/example_dynamic_task_mapping_with_no_taskflow_operators.py took 0.069 seconds
[2023-09-29T07:44:27.839+0000] {processor.py:157} INFO - Started process (PID=1273) to work on /home/ubuntu/airflow_venv/lib/python3.10/site-packages/airflow/example_dags/example_dynamic_task_mapping_with_no_taskflow_operators.py
[2023-09-29T07:44:27.841+0000] {processor.py:829} INFO - Processing file /home/ubuntu/airflow_venv/lib/python3.10/site-packages/airflow/example_dags/example_dynamic_task_mapping_with_no_taskflow_operators.py for tasks to queue
[2023-09-29T07:44:27.842+0000] {logging_mixin.py:151} INFO - [2023-09-29T07:44:27.841+0000] {dagbag.py:539} INFO - Filling up the DagBag from /home/ubuntu/airflow_venv/lib/python3.10/site-packages/airflow/example_dags/example_dynamic_task_mapping_with_no_taskflow_operators.py
[2023-09-29T07:44:27.852+0000] {processor.py:839} INFO - DAG(s) dict_keys(['example_dynamic_task_mapping_with_no_taskflow_operators']) retrieved from /home/ubuntu/airflow_venv/lib/python3.10/site-packages/airflow/example_dags/example_dynamic_task_mapping_with_no_taskflow_operators.py
[2023-09-29T07:44:27.875+0000] {logging_mixin.py:151} INFO - [2023-09-29T07:44:27.874+0000] {dag.py:2915} INFO - Sync 1 DAGs
[2023-09-29T07:44:28.117+0000] {logging_mixin.py:151} INFO - [2023-09-29T07:44:28.116+0000] {dag.py:3696} INFO - Setting next_dagrun for example_dynamic_task_mapping_with_no_taskflow_operators to 2023-09-28T07:44:28.116344+00:00, run_after=2023-09-29T07:44:28.116344+00:00
[2023-09-29T07:44:28.148+0000] {processor.py:179} INFO - Processing /home/ubuntu/airflow_venv/lib/python3.10/site-packages/airflow/example_dags/example_dynamic_task_mapping_with_no_taskflow_operators.py took 0.313 seconds
[2023-09-29T07:55:29.025+0000] {processor.py:157} INFO - Started process (PID=1349) to work on /home/ubuntu/airflow_venv/lib/python3.10/site-packages/airflow/example_dags/example_dynamic_task_mapping_with_no_taskflow_operators.py
[2023-09-29T07:55:29.026+0000] {processor.py:829} INFO - Processing file /home/ubuntu/airflow_venv/lib/python3.10/site-packages/airflow/example_dags/example_dynamic_task_mapping_with_no_taskflow_operators.py for tasks to queue
[2023-09-29T07:55:29.027+0000] {logging_mixin.py:151} INFO - [2023-09-29T07:55:29.027+0000] {dagbag.py:539} INFO - Filling up the DagBag from /home/ubuntu/airflow_venv/lib/python3.10/site-packages/airflow/example_dags/example_dynamic_task_mapping_with_no_taskflow_operators.py
[2023-09-29T07:55:29.043+0000] {processor.py:839} INFO - DAG(s) dict_keys(['example_dynamic_task_mapping_with_no_taskflow_operators']) retrieved from /home/ubuntu/airflow_venv/lib/python3.10/site-packages/airflow/example_dags/example_dynamic_task_mapping_with_no_taskflow_operators.py
[2023-09-29T07:55:29.062+0000] {logging_mixin.py:151} INFO - [2023-09-29T07:55:29.061+0000] {dag.py:2915} INFO - Sync 1 DAGs
[2023-09-29T07:55:29.082+0000] {logging_mixin.py:151} INFO - [2023-09-29T07:55:29.082+0000] {dag.py:3696} INFO - Setting next_dagrun for example_dynamic_task_mapping_with_no_taskflow_operators to 2023-09-28T07:55:29.082094+00:00, run_after=2023-09-29T07:55:29.082094+00:00
[2023-09-29T07:55:29.103+0000] {processor.py:179} INFO - Processing /home/ubuntu/airflow_venv/lib/python3.10/site-packages/airflow/example_dags/example_dynamic_task_mapping_with_no_taskflow_operators.py took 0.087 seconds
[2023-09-29T07:56:26.957+0000] {processor.py:157} INFO - Started process (PID=1403) to work on /home/ubuntu/airflow_venv/lib/python3.10/site-packages/airflow/example_dags/example_dynamic_task_mapping_with_no_taskflow_operators.py
[2023-09-29T07:56:26.958+0000] {processor.py:829} INFO - Processing file /home/ubuntu/airflow_venv/lib/python3.10/site-packages/airflow/example_dags/example_dynamic_task_mapping_with_no_taskflow_operators.py for tasks to queue
[2023-09-29T07:56:26.959+0000] {logging_mixin.py:151} INFO - [2023-09-29T07:56:26.959+0000] {dagbag.py:539} INFO - Filling up the DagBag from /home/ubuntu/airflow_venv/lib/python3.10/site-packages/airflow/example_dags/example_dynamic_task_mapping_with_no_taskflow_operators.py
[2023-09-29T07:56:26.970+0000] {processor.py:839} INFO - DAG(s) dict_keys(['example_dynamic_task_mapping_with_no_taskflow_operators']) retrieved from /home/ubuntu/airflow_venv/lib/python3.10/site-packages/airflow/example_dags/example_dynamic_task_mapping_with_no_taskflow_operators.py
[2023-09-29T07:56:26.986+0000] {logging_mixin.py:151} INFO - [2023-09-29T07:56:26.985+0000] {dag.py:2915} INFO - Sync 1 DAGs
[2023-09-29T07:56:27.165+0000] {logging_mixin.py:151} INFO - [2023-09-29T07:56:27.165+0000] {dag.py:3696} INFO - Setting next_dagrun for example_dynamic_task_mapping_with_no_taskflow_operators to 2023-09-28T07:56:27.164563+00:00, run_after=2023-09-29T07:56:27.164563+00:00
[2023-09-29T07:56:27.185+0000] {processor.py:179} INFO - Processing /home/ubuntu/airflow_venv/lib/python3.10/site-packages/airflow/example_dags/example_dynamic_task_mapping_with_no_taskflow_operators.py took 0.232 seconds
[2023-09-29T07:57:22.844+0000] {processor.py:157} INFO - Started process (PID=1451) to work on /home/ubuntu/airflow_venv/lib/python3.10/site-packages/airflow/example_dags/example_dynamic_task_mapping_with_no_taskflow_operators.py
[2023-09-29T07:57:22.845+0000] {processor.py:829} INFO - Processing file /home/ubuntu/airflow_venv/lib/python3.10/site-packages/airflow/example_dags/example_dynamic_task_mapping_with_no_taskflow_operators.py for tasks to queue
[2023-09-29T07:57:22.846+0000] {logging_mixin.py:151} INFO - [2023-09-29T07:57:22.846+0000] {dagbag.py:539} INFO - Filling up the DagBag from /home/ubuntu/airflow_venv/lib/python3.10/site-packages/airflow/example_dags/example_dynamic_task_mapping_with_no_taskflow_operators.py
[2023-09-29T07:57:22.854+0000] {processor.py:839} INFO - DAG(s) dict_keys(['example_dynamic_task_mapping_with_no_taskflow_operators']) retrieved from /home/ubuntu/airflow_venv/lib/python3.10/site-packages/airflow/example_dags/example_dynamic_task_mapping_with_no_taskflow_operators.py
[2023-09-29T07:57:22.869+0000] {logging_mixin.py:151} INFO - [2023-09-29T07:57:22.869+0000] {dag.py:2915} INFO - Sync 1 DAGs
[2023-09-29T07:57:22.887+0000] {logging_mixin.py:151} INFO - [2023-09-29T07:57:22.887+0000] {dag.py:3696} INFO - Setting next_dagrun for example_dynamic_task_mapping_with_no_taskflow_operators to 2023-09-28T07:57:22.887418+00:00, run_after=2023-09-29T07:57:22.887418+00:00
[2023-09-29T07:57:22.909+0000] {processor.py:179} INFO - Processing /home/ubuntu/airflow_venv/lib/python3.10/site-packages/airflow/example_dags/example_dynamic_task_mapping_with_no_taskflow_operators.py took 0.068 seconds
[2023-09-29T07:58:22.818+0000] {processor.py:157} INFO - Started process (PID=1512) to work on /home/ubuntu/airflow_venv/lib/python3.10/site-packages/airflow/example_dags/example_dynamic_task_mapping_with_no_taskflow_operators.py
[2023-09-29T07:58:22.819+0000] {processor.py:829} INFO - Processing file /home/ubuntu/airflow_venv/lib/python3.10/site-packages/airflow/example_dags/example_dynamic_task_mapping_with_no_taskflow_operators.py for tasks to queue
[2023-09-29T07:58:22.820+0000] {logging_mixin.py:151} INFO - [2023-09-29T07:58:22.820+0000] {dagbag.py:539} INFO - Filling up the DagBag from /home/ubuntu/airflow_venv/lib/python3.10/site-packages/airflow/example_dags/example_dynamic_task_mapping_with_no_taskflow_operators.py
[2023-09-29T07:58:22.830+0000] {processor.py:839} INFO - DAG(s) dict_keys(['example_dynamic_task_mapping_with_no_taskflow_operators']) retrieved from /home/ubuntu/airflow_venv/lib/python3.10/site-packages/airflow/example_dags/example_dynamic_task_mapping_with_no_taskflow_operators.py
[2023-09-29T07:58:22.846+0000] {logging_mixin.py:151} INFO - [2023-09-29T07:58:22.845+0000] {dag.py:2915} INFO - Sync 1 DAGs
[2023-09-29T07:58:22.866+0000] {logging_mixin.py:151} INFO - [2023-09-29T07:58:22.866+0000] {dag.py:3696} INFO - Setting next_dagrun for example_dynamic_task_mapping_with_no_taskflow_operators to 2023-09-28T07:58:22.866241+00:00, run_after=2023-09-29T07:58:22.866241+00:00
[2023-09-29T07:58:22.887+0000] {processor.py:179} INFO - Processing /home/ubuntu/airflow_venv/lib/python3.10/site-packages/airflow/example_dags/example_dynamic_task_mapping_with_no_taskflow_operators.py took 0.073 seconds
[2023-09-29T07:59:12.896+0000] {processor.py:157} INFO - Started process (PID=1568) to work on /home/ubuntu/airflow_venv/lib/python3.10/site-packages/airflow/example_dags/example_dynamic_task_mapping_with_no_taskflow_operators.py
[2023-09-29T07:59:12.897+0000] {processor.py:829} INFO - Processing file /home/ubuntu/airflow_venv/lib/python3.10/site-packages/airflow/example_dags/example_dynamic_task_mapping_with_no_taskflow_operators.py for tasks to queue
[2023-09-29T07:59:12.898+0000] {logging_mixin.py:151} INFO - [2023-09-29T07:59:12.898+0000] {dagbag.py:539} INFO - Filling up the DagBag from /home/ubuntu/airflow_venv/lib/python3.10/site-packages/airflow/example_dags/example_dynamic_task_mapping_with_no_taskflow_operators.py
[2023-09-29T07:59:12.909+0000] {processor.py:839} INFO - DAG(s) dict_keys(['example_dynamic_task_mapping_with_no_taskflow_operators']) retrieved from /home/ubuntu/airflow_venv/lib/python3.10/site-packages/airflow/example_dags/example_dynamic_task_mapping_with_no_taskflow_operators.py
[2023-09-29T07:59:12.929+0000] {logging_mixin.py:151} INFO - [2023-09-29T07:59:12.928+0000] {dag.py:2915} INFO - Sync 1 DAGs
[2023-09-29T07:59:12.956+0000] {logging_mixin.py:151} INFO - [2023-09-29T07:59:12.955+0000] {dag.py:3696} INFO - Setting next_dagrun for example_dynamic_task_mapping_with_no_taskflow_operators to 2023-09-28T07:59:12.954914+00:00, run_after=2023-09-29T07:59:12.954914+00:00
[2023-09-29T07:59:12.975+0000] {processor.py:179} INFO - Processing /home/ubuntu/airflow_venv/lib/python3.10/site-packages/airflow/example_dags/example_dynamic_task_mapping_with_no_taskflow_operators.py took 0.083 seconds
[2023-09-29T08:00:08.790+0000] {processor.py:157} INFO - Started process (PID=1626) to work on /home/ubuntu/airflow_venv/lib/python3.10/site-packages/airflow/example_dags/example_dynamic_task_mapping_with_no_taskflow_operators.py
[2023-09-29T08:00:08.792+0000] {processor.py:829} INFO - Processing file /home/ubuntu/airflow_venv/lib/python3.10/site-packages/airflow/example_dags/example_dynamic_task_mapping_with_no_taskflow_operators.py for tasks to queue
[2023-09-29T08:00:08.793+0000] {logging_mixin.py:151} INFO - [2023-09-29T08:00:08.792+0000] {dagbag.py:539} INFO - Filling up the DagBag from /home/ubuntu/airflow_venv/lib/python3.10/site-packages/airflow/example_dags/example_dynamic_task_mapping_with_no_taskflow_operators.py
[2023-09-29T08:00:08.804+0000] {processor.py:839} INFO - DAG(s) dict_keys(['example_dynamic_task_mapping_with_no_taskflow_operators']) retrieved from /home/ubuntu/airflow_venv/lib/python3.10/site-packages/airflow/example_dags/example_dynamic_task_mapping_with_no_taskflow_operators.py
[2023-09-29T08:00:08.826+0000] {logging_mixin.py:151} INFO - [2023-09-29T08:00:08.826+0000] {dag.py:2915} INFO - Sync 1 DAGs
[2023-09-29T08:00:08.857+0000] {logging_mixin.py:151} INFO - [2023-09-29T08:00:08.856+0000] {dag.py:3696} INFO - Setting next_dagrun for example_dynamic_task_mapping_with_no_taskflow_operators to 2023-09-28T08:00:08.856426+00:00, run_after=2023-09-29T08:00:08.856426+00:00
[2023-09-29T08:00:08.881+0000] {processor.py:179} INFO - Processing /home/ubuntu/airflow_venv/lib/python3.10/site-packages/airflow/example_dags/example_dynamic_task_mapping_with_no_taskflow_operators.py took 0.095 seconds
[2023-09-29T08:01:11.156+0000] {processor.py:157} INFO - Started process (PID=1686) to work on /home/ubuntu/airflow_venv/lib/python3.10/site-packages/airflow/example_dags/example_dynamic_task_mapping_with_no_taskflow_operators.py
[2023-09-29T08:01:11.159+0000] {processor.py:829} INFO - Processing file /home/ubuntu/airflow_venv/lib/python3.10/site-packages/airflow/example_dags/example_dynamic_task_mapping_with_no_taskflow_operators.py for tasks to queue
[2023-09-29T08:01:11.161+0000] {logging_mixin.py:151} INFO - [2023-09-29T08:01:11.160+0000] {dagbag.py:539} INFO - Filling up the DagBag from /home/ubuntu/airflow_venv/lib/python3.10/site-packages/airflow/example_dags/example_dynamic_task_mapping_with_no_taskflow_operators.py
[2023-09-29T08:01:11.182+0000] {processor.py:839} INFO - DAG(s) dict_keys(['example_dynamic_task_mapping_with_no_taskflow_operators']) retrieved from /home/ubuntu/airflow_venv/lib/python3.10/site-packages/airflow/example_dags/example_dynamic_task_mapping_with_no_taskflow_operators.py
[2023-09-29T08:01:11.218+0000] {logging_mixin.py:151} INFO - [2023-09-29T08:01:11.218+0000] {dag.py:2915} INFO - Sync 1 DAGs
[2023-09-29T08:01:11.267+0000] {logging_mixin.py:151} INFO - [2023-09-29T08:01:11.267+0000] {dag.py:3696} INFO - Setting next_dagrun for example_dynamic_task_mapping_with_no_taskflow_operators to 2023-09-28T08:01:11.267006+00:00, run_after=2023-09-29T08:01:11.267006+00:00
[2023-09-29T08:01:11.304+0000] {processor.py:179} INFO - Processing /home/ubuntu/airflow_venv/lib/python3.10/site-packages/airflow/example_dags/example_dynamic_task_mapping_with_no_taskflow_operators.py took 0.152 seconds
[2023-09-29T08:02:09.989+0000] {processor.py:157} INFO - Started process (PID=1745) to work on /home/ubuntu/airflow_venv/lib/python3.10/site-packages/airflow/example_dags/example_dynamic_task_mapping_with_no_taskflow_operators.py
[2023-09-29T08:02:09.990+0000] {processor.py:829} INFO - Processing file /home/ubuntu/airflow_venv/lib/python3.10/site-packages/airflow/example_dags/example_dynamic_task_mapping_with_no_taskflow_operators.py for tasks to queue
[2023-09-29T08:02:09.991+0000] {logging_mixin.py:151} INFO - [2023-09-29T08:02:09.990+0000] {dagbag.py:539} INFO - Filling up the DagBag from /home/ubuntu/airflow_venv/lib/python3.10/site-packages/airflow/example_dags/example_dynamic_task_mapping_with_no_taskflow_operators.py
[2023-09-29T08:02:09.999+0000] {processor.py:839} INFO - DAG(s) dict_keys(['example_dynamic_task_mapping_with_no_taskflow_operators']) retrieved from /home/ubuntu/airflow_venv/lib/python3.10/site-packages/airflow/example_dags/example_dynamic_task_mapping_with_no_taskflow_operators.py
[2023-09-29T08:02:10.016+0000] {logging_mixin.py:151} INFO - [2023-09-29T08:02:10.016+0000] {dag.py:2915} INFO - Sync 1 DAGs
[2023-09-29T08:02:10.035+0000] {logging_mixin.py:151} INFO - [2023-09-29T08:02:10.035+0000] {dag.py:3696} INFO - Setting next_dagrun for example_dynamic_task_mapping_with_no_taskflow_operators to 2023-09-28T08:02:10.035269+00:00, run_after=2023-09-29T08:02:10.035269+00:00
[2023-09-29T08:02:10.058+0000] {processor.py:179} INFO - Processing /home/ubuntu/airflow_venv/lib/python3.10/site-packages/airflow/example_dags/example_dynamic_task_mapping_with_no_taskflow_operators.py took 0.073 seconds
[2023-09-29T08:03:03.367+0000] {processor.py:157} INFO - Started process (PID=1800) to work on /home/ubuntu/airflow_venv/lib/python3.10/site-packages/airflow/example_dags/example_dynamic_task_mapping_with_no_taskflow_operators.py
[2023-09-29T08:03:03.368+0000] {processor.py:829} INFO - Processing file /home/ubuntu/airflow_venv/lib/python3.10/site-packages/airflow/example_dags/example_dynamic_task_mapping_with_no_taskflow_operators.py for tasks to queue
[2023-09-29T08:03:03.369+0000] {logging_mixin.py:151} INFO - [2023-09-29T08:03:03.368+0000] {dagbag.py:539} INFO - Filling up the DagBag from /home/ubuntu/airflow_venv/lib/python3.10/site-packages/airflow/example_dags/example_dynamic_task_mapping_with_no_taskflow_operators.py
[2023-09-29T08:03:03.377+0000] {processor.py:839} INFO - DAG(s) dict_keys(['example_dynamic_task_mapping_with_no_taskflow_operators']) retrieved from /home/ubuntu/airflow_venv/lib/python3.10/site-packages/airflow/example_dags/example_dynamic_task_mapping_with_no_taskflow_operators.py
[2023-09-29T08:03:03.398+0000] {logging_mixin.py:151} INFO - [2023-09-29T08:03:03.397+0000] {dag.py:2915} INFO - Sync 1 DAGs
[2023-09-29T08:03:03.431+0000] {logging_mixin.py:151} INFO - [2023-09-29T08:03:03.431+0000] {dag.py:3696} INFO - Setting next_dagrun for example_dynamic_task_mapping_with_no_taskflow_operators to 2023-09-28T08:03:03.430872+00:00, run_after=2023-09-29T08:03:03.430872+00:00
[2023-09-29T08:03:03.455+0000] {processor.py:179} INFO - Processing /home/ubuntu/airflow_venv/lib/python3.10/site-packages/airflow/example_dags/example_dynamic_task_mapping_with_no_taskflow_operators.py took 0.091 seconds
[2023-09-29T08:03:55.420+0000] {processor.py:157} INFO - Started process (PID=1853) to work on /home/ubuntu/airflow_venv/lib/python3.10/site-packages/airflow/example_dags/example_dynamic_task_mapping_with_no_taskflow_operators.py
[2023-09-29T08:03:55.422+0000] {processor.py:829} INFO - Processing file /home/ubuntu/airflow_venv/lib/python3.10/site-packages/airflow/example_dags/example_dynamic_task_mapping_with_no_taskflow_operators.py for tasks to queue
[2023-09-29T08:03:55.423+0000] {logging_mixin.py:151} INFO - [2023-09-29T08:03:55.422+0000] {dagbag.py:539} INFO - Filling up the DagBag from /home/ubuntu/airflow_venv/lib/python3.10/site-packages/airflow/example_dags/example_dynamic_task_mapping_with_no_taskflow_operators.py
[2023-09-29T08:03:55.431+0000] {processor.py:839} INFO - DAG(s) dict_keys(['example_dynamic_task_mapping_with_no_taskflow_operators']) retrieved from /home/ubuntu/airflow_venv/lib/python3.10/site-packages/airflow/example_dags/example_dynamic_task_mapping_with_no_taskflow_operators.py
[2023-09-29T08:03:55.447+0000] {logging_mixin.py:151} INFO - [2023-09-29T08:03:55.447+0000] {dag.py:2915} INFO - Sync 1 DAGs
[2023-09-29T08:03:55.479+0000] {logging_mixin.py:151} INFO - [2023-09-29T08:03:55.479+0000] {dag.py:3696} INFO - Setting next_dagrun for example_dynamic_task_mapping_with_no_taskflow_operators to 2023-09-28T08:03:55.479099+00:00, run_after=2023-09-29T08:03:55.479099+00:00
[2023-09-29T08:03:55.508+0000] {processor.py:179} INFO - Processing /home/ubuntu/airflow_venv/lib/python3.10/site-packages/airflow/example_dags/example_dynamic_task_mapping_with_no_taskflow_operators.py took 0.091 seconds
[2023-09-29T08:04:48.520+0000] {processor.py:157} INFO - Started process (PID=1909) to work on /home/ubuntu/airflow_venv/lib/python3.10/site-packages/airflow/example_dags/example_dynamic_task_mapping_with_no_taskflow_operators.py
[2023-09-29T08:04:48.522+0000] {processor.py:829} INFO - Processing file /home/ubuntu/airflow_venv/lib/python3.10/site-packages/airflow/example_dags/example_dynamic_task_mapping_with_no_taskflow_operators.py for tasks to queue
[2023-09-29T08:04:48.522+0000] {logging_mixin.py:151} INFO - [2023-09-29T08:04:48.522+0000] {dagbag.py:539} INFO - Filling up the DagBag from /home/ubuntu/airflow_venv/lib/python3.10/site-packages/airflow/example_dags/example_dynamic_task_mapping_with_no_taskflow_operators.py
[2023-09-29T08:04:48.530+0000] {processor.py:839} INFO - DAG(s) dict_keys(['example_dynamic_task_mapping_with_no_taskflow_operators']) retrieved from /home/ubuntu/airflow_venv/lib/python3.10/site-packages/airflow/example_dags/example_dynamic_task_mapping_with_no_taskflow_operators.py
[2023-09-29T08:04:48.544+0000] {logging_mixin.py:151} INFO - [2023-09-29T08:04:48.544+0000] {dag.py:2915} INFO - Sync 1 DAGs
[2023-09-29T08:04:48.562+0000] {logging_mixin.py:151} INFO - [2023-09-29T08:04:48.562+0000] {dag.py:3696} INFO - Setting next_dagrun for example_dynamic_task_mapping_with_no_taskflow_operators to 2023-09-28T08:04:48.562159+00:00, run_after=2023-09-29T08:04:48.562159+00:00
[2023-09-29T08:04:48.583+0000] {processor.py:179} INFO - Processing /home/ubuntu/airflow_venv/lib/python3.10/site-packages/airflow/example_dags/example_dynamic_task_mapping_with_no_taskflow_operators.py took 0.066 seconds
[2023-09-29T08:05:37.007+0000] {processor.py:157} INFO - Started process (PID=1959) to work on /home/ubuntu/airflow_venv/lib/python3.10/site-packages/airflow/example_dags/example_dynamic_task_mapping_with_no_taskflow_operators.py
[2023-09-29T08:05:37.008+0000] {processor.py:829} INFO - Processing file /home/ubuntu/airflow_venv/lib/python3.10/site-packages/airflow/example_dags/example_dynamic_task_mapping_with_no_taskflow_operators.py for tasks to queue
[2023-09-29T08:05:37.009+0000] {logging_mixin.py:151} INFO - [2023-09-29T08:05:37.008+0000] {dagbag.py:539} INFO - Filling up the DagBag from /home/ubuntu/airflow_venv/lib/python3.10/site-packages/airflow/example_dags/example_dynamic_task_mapping_with_no_taskflow_operators.py
[2023-09-29T08:05:37.016+0000] {processor.py:839} INFO - DAG(s) dict_keys(['example_dynamic_task_mapping_with_no_taskflow_operators']) retrieved from /home/ubuntu/airflow_venv/lib/python3.10/site-packages/airflow/example_dags/example_dynamic_task_mapping_with_no_taskflow_operators.py
[2023-09-29T08:05:37.032+0000] {logging_mixin.py:151} INFO - [2023-09-29T08:05:37.031+0000] {dag.py:2915} INFO - Sync 1 DAGs
[2023-09-29T08:05:37.052+0000] {logging_mixin.py:151} INFO - [2023-09-29T08:05:37.051+0000] {dag.py:3696} INFO - Setting next_dagrun for example_dynamic_task_mapping_with_no_taskflow_operators to 2023-09-28T08:05:37.051608+00:00, run_after=2023-09-29T08:05:37.051608+00:00
[2023-09-29T08:05:37.075+0000] {processor.py:179} INFO - Processing /home/ubuntu/airflow_venv/lib/python3.10/site-packages/airflow/example_dags/example_dynamic_task_mapping_with_no_taskflow_operators.py took 0.071 seconds
[2023-09-29T08:06:32.366+0000] {processor.py:157} INFO - Started process (PID=2015) to work on /home/ubuntu/airflow_venv/lib/python3.10/site-packages/airflow/example_dags/example_dynamic_task_mapping_with_no_taskflow_operators.py
[2023-09-29T08:06:32.367+0000] {processor.py:829} INFO - Processing file /home/ubuntu/airflow_venv/lib/python3.10/site-packages/airflow/example_dags/example_dynamic_task_mapping_with_no_taskflow_operators.py for tasks to queue
[2023-09-29T08:06:32.372+0000] {logging_mixin.py:151} INFO - [2023-09-29T08:06:32.369+0000] {dagbag.py:539} INFO - Filling up the DagBag from /home/ubuntu/airflow_venv/lib/python3.10/site-packages/airflow/example_dags/example_dynamic_task_mapping_with_no_taskflow_operators.py
[2023-09-29T08:06:32.382+0000] {processor.py:839} INFO - DAG(s) dict_keys(['example_dynamic_task_mapping_with_no_taskflow_operators']) retrieved from /home/ubuntu/airflow_venv/lib/python3.10/site-packages/airflow/example_dags/example_dynamic_task_mapping_with_no_taskflow_operators.py
[2023-09-29T08:06:32.396+0000] {logging_mixin.py:151} INFO - [2023-09-29T08:06:32.396+0000] {dag.py:2915} INFO - Sync 1 DAGs
[2023-09-29T08:06:32.415+0000] {logging_mixin.py:151} INFO - [2023-09-29T08:06:32.415+0000] {dag.py:3696} INFO - Setting next_dagrun for example_dynamic_task_mapping_with_no_taskflow_operators to 2023-09-28T08:06:32.415439+00:00, run_after=2023-09-29T08:06:32.415439+00:00
[2023-09-29T08:06:32.440+0000] {processor.py:179} INFO - Processing /home/ubuntu/airflow_venv/lib/python3.10/site-packages/airflow/example_dags/example_dynamic_task_mapping_with_no_taskflow_operators.py took 0.079 seconds
[2023-09-29T08:07:19.904+0000] {processor.py:157} INFO - Started process (PID=2065) to work on /home/ubuntu/airflow_venv/lib/python3.10/site-packages/airflow/example_dags/example_dynamic_task_mapping_with_no_taskflow_operators.py
[2023-09-29T08:07:19.906+0000] {processor.py:829} INFO - Processing file /home/ubuntu/airflow_venv/lib/python3.10/site-packages/airflow/example_dags/example_dynamic_task_mapping_with_no_taskflow_operators.py for tasks to queue
[2023-09-29T08:07:19.906+0000] {logging_mixin.py:151} INFO - [2023-09-29T08:07:19.906+0000] {dagbag.py:539} INFO - Filling up the DagBag from /home/ubuntu/airflow_venv/lib/python3.10/site-packages/airflow/example_dags/example_dynamic_task_mapping_with_no_taskflow_operators.py
[2023-09-29T08:07:19.915+0000] {processor.py:839} INFO - DAG(s) dict_keys(['example_dynamic_task_mapping_with_no_taskflow_operators']) retrieved from /home/ubuntu/airflow_venv/lib/python3.10/site-packages/airflow/example_dags/example_dynamic_task_mapping_with_no_taskflow_operators.py
[2023-09-29T08:07:19.931+0000] {logging_mixin.py:151} INFO - [2023-09-29T08:07:19.931+0000] {dag.py:2915} INFO - Sync 1 DAGs
[2023-09-29T08:07:19.952+0000] {logging_mixin.py:151} INFO - [2023-09-29T08:07:19.952+0000] {dag.py:3696} INFO - Setting next_dagrun for example_dynamic_task_mapping_with_no_taskflow_operators to 2023-09-28T08:07:19.951993+00:00, run_after=2023-09-29T08:07:19.951993+00:00
[2023-09-29T08:07:19.974+0000] {processor.py:179} INFO - Processing /home/ubuntu/airflow_venv/lib/python3.10/site-packages/airflow/example_dags/example_dynamic_task_mapping_with_no_taskflow_operators.py took 0.076 seconds
[2023-09-29T08:08:10.671+0000] {processor.py:157} INFO - Started process (PID=2327) to work on /home/ubuntu/airflow_venv/lib/python3.10/site-packages/airflow/example_dags/example_dynamic_task_mapping_with_no_taskflow_operators.py
[2023-09-29T08:08:10.673+0000] {processor.py:829} INFO - Processing file /home/ubuntu/airflow_venv/lib/python3.10/site-packages/airflow/example_dags/example_dynamic_task_mapping_with_no_taskflow_operators.py for tasks to queue
[2023-09-29T08:08:10.673+0000] {logging_mixin.py:151} INFO - [2023-09-29T08:08:10.673+0000] {dagbag.py:539} INFO - Filling up the DagBag from /home/ubuntu/airflow_venv/lib/python3.10/site-packages/airflow/example_dags/example_dynamic_task_mapping_with_no_taskflow_operators.py
[2023-09-29T08:08:10.682+0000] {processor.py:839} INFO - DAG(s) dict_keys(['example_dynamic_task_mapping_with_no_taskflow_operators']) retrieved from /home/ubuntu/airflow_venv/lib/python3.10/site-packages/airflow/example_dags/example_dynamic_task_mapping_with_no_taskflow_operators.py
[2023-09-29T08:08:10.698+0000] {logging_mixin.py:151} INFO - [2023-09-29T08:08:10.697+0000] {dag.py:2915} INFO - Sync 1 DAGs
[2023-09-29T08:08:10.718+0000] {logging_mixin.py:151} INFO - [2023-09-29T08:08:10.717+0000] {dag.py:3696} INFO - Setting next_dagrun for example_dynamic_task_mapping_with_no_taskflow_operators to 2023-09-28T08:08:10.717614+00:00, run_after=2023-09-29T08:08:10.717614+00:00
[2023-09-29T08:08:10.739+0000] {processor.py:179} INFO - Processing /home/ubuntu/airflow_venv/lib/python3.10/site-packages/airflow/example_dags/example_dynamic_task_mapping_with_no_taskflow_operators.py took 0.072 seconds
[2023-09-29T08:09:03.628+0000] {processor.py:157} INFO - Started process (PID=2384) to work on /home/ubuntu/airflow_venv/lib/python3.10/site-packages/airflow/example_dags/example_dynamic_task_mapping_with_no_taskflow_operators.py
[2023-09-29T08:09:03.630+0000] {processor.py:829} INFO - Processing file /home/ubuntu/airflow_venv/lib/python3.10/site-packages/airflow/example_dags/example_dynamic_task_mapping_with_no_taskflow_operators.py for tasks to queue
[2023-09-29T08:09:03.630+0000] {logging_mixin.py:151} INFO - [2023-09-29T08:09:03.630+0000] {dagbag.py:539} INFO - Filling up the DagBag from /home/ubuntu/airflow_venv/lib/python3.10/site-packages/airflow/example_dags/example_dynamic_task_mapping_with_no_taskflow_operators.py
[2023-09-29T08:09:03.638+0000] {processor.py:839} INFO - DAG(s) dict_keys(['example_dynamic_task_mapping_with_no_taskflow_operators']) retrieved from /home/ubuntu/airflow_venv/lib/python3.10/site-packages/airflow/example_dags/example_dynamic_task_mapping_with_no_taskflow_operators.py
[2023-09-29T08:09:03.658+0000] {logging_mixin.py:151} INFO - [2023-09-29T08:09:03.657+0000] {dag.py:2915} INFO - Sync 1 DAGs
[2023-09-29T08:09:03.678+0000] {logging_mixin.py:151} INFO - [2023-09-29T08:09:03.678+0000] {dag.py:3696} INFO - Setting next_dagrun for example_dynamic_task_mapping_with_no_taskflow_operators to 2023-09-28T08:09:03.677809+00:00, run_after=2023-09-29T08:09:03.677809+00:00
[2023-09-29T08:09:03.699+0000] {processor.py:179} INFO - Processing /home/ubuntu/airflow_venv/lib/python3.10/site-packages/airflow/example_dags/example_dynamic_task_mapping_with_no_taskflow_operators.py took 0.073 seconds
