[2023-09-29T07:22:40.878+0000] {processor.py:157} INFO - Started process (PID=12210) to work on /home/ubuntu/airflow_venv/lib/python3.10/site-packages/airflow/example_dags/example_complex.py
[2023-09-29T07:22:40.879+0000] {processor.py:829} INFO - Processing file /home/ubuntu/airflow_venv/lib/python3.10/site-packages/airflow/example_dags/example_complex.py for tasks to queue
[2023-09-29T07:22:40.880+0000] {logging_mixin.py:151} INFO - [2023-09-29T07:22:40.880+0000] {dagbag.py:539} INFO - Filling up the DagBag from /home/ubuntu/airflow_venv/lib/python3.10/site-packages/airflow/example_dags/example_complex.py
[2023-09-29T07:22:40.894+0000] {processor.py:839} INFO - DAG(s) dict_keys(['example_complex']) retrieved from /home/ubuntu/airflow_venv/lib/python3.10/site-packages/airflow/example_dags/example_complex.py
[2023-09-29T07:22:40.932+0000] {logging_mixin.py:151} INFO - [2023-09-29T07:22:40.932+0000] {dag.py:2915} INFO - Sync 1 DAGs
[2023-09-29T07:22:40.945+0000] {logging_mixin.py:151} INFO - [2023-09-29T07:22:40.945+0000] {dag.py:3696} INFO - Setting next_dagrun for example_complex to None, run_after=None
[2023-09-29T07:22:41.005+0000] {processor.py:179} INFO - Processing /home/ubuntu/airflow_venv/lib/python3.10/site-packages/airflow/example_dags/example_complex.py took 0.130 seconds
[2023-09-29T07:27:47.222+0000] {processor.py:157} INFO - Started process (PID=12822) to work on /home/ubuntu/airflow_venv/lib/python3.10/site-packages/airflow/example_dags/example_complex.py
[2023-09-29T07:27:47.233+0000] {processor.py:829} INFO - Processing file /home/ubuntu/airflow_venv/lib/python3.10/site-packages/airflow/example_dags/example_complex.py for tasks to queue
[2023-09-29T07:27:47.244+0000] {logging_mixin.py:151} INFO - [2023-09-29T07:27:47.234+0000] {dagbag.py:539} INFO - Filling up the DagBag from /home/ubuntu/airflow_venv/lib/python3.10/site-packages/airflow/example_dags/example_complex.py
[2023-09-29T07:27:47.275+0000] {processor.py:839} INFO - DAG(s) dict_keys(['example_complex']) retrieved from /home/ubuntu/airflow_venv/lib/python3.10/site-packages/airflow/example_dags/example_complex.py
[2023-09-29T07:27:48.937+0000] {logging_mixin.py:151} INFO - [2023-09-29T07:27:48.935+0000] {dag.py:2915} INFO - Sync 1 DAGs
[2023-09-29T07:27:48.987+0000] {logging_mixin.py:151} INFO - [2023-09-29T07:27:48.987+0000] {dag.py:3696} INFO - Setting next_dagrun for example_complex to None, run_after=None
[2023-09-29T07:27:49.119+0000] {processor.py:179} INFO - Processing /home/ubuntu/airflow_venv/lib/python3.10/site-packages/airflow/example_dags/example_complex.py took 1.903 seconds
[2023-09-29T07:28:49.004+0000] {processor.py:157} INFO - Started process (PID=12895) to work on /home/ubuntu/airflow_venv/lib/python3.10/site-packages/airflow/example_dags/example_complex.py
[2023-09-29T07:28:49.005+0000] {processor.py:829} INFO - Processing file /home/ubuntu/airflow_venv/lib/python3.10/site-packages/airflow/example_dags/example_complex.py for tasks to queue
[2023-09-29T07:28:49.006+0000] {logging_mixin.py:151} INFO - [2023-09-29T07:28:49.006+0000] {dagbag.py:539} INFO - Filling up the DagBag from /home/ubuntu/airflow_venv/lib/python3.10/site-packages/airflow/example_dags/example_complex.py
[2023-09-29T07:28:49.017+0000] {processor.py:839} INFO - DAG(s) dict_keys(['example_complex']) retrieved from /home/ubuntu/airflow_venv/lib/python3.10/site-packages/airflow/example_dags/example_complex.py
[2023-09-29T07:28:49.045+0000] {logging_mixin.py:151} INFO - [2023-09-29T07:28:49.044+0000] {dag.py:2915} INFO - Sync 1 DAGs
[2023-09-29T07:28:49.055+0000] {logging_mixin.py:151} INFO - [2023-09-29T07:28:49.055+0000] {dag.py:3696} INFO - Setting next_dagrun for example_complex to None, run_after=None
[2023-09-29T07:28:49.081+0000] {processor.py:179} INFO - Processing /home/ubuntu/airflow_venv/lib/python3.10/site-packages/airflow/example_dags/example_complex.py took 0.080 seconds
[2023-09-29T07:29:36.737+0000] {processor.py:157} INFO - Started process (PID=12943) to work on /home/ubuntu/airflow_venv/lib/python3.10/site-packages/airflow/example_dags/example_complex.py
[2023-09-29T07:29:36.741+0000] {processor.py:829} INFO - Processing file /home/ubuntu/airflow_venv/lib/python3.10/site-packages/airflow/example_dags/example_complex.py for tasks to queue
[2023-09-29T07:29:36.742+0000] {logging_mixin.py:151} INFO - [2023-09-29T07:29:36.741+0000] {dagbag.py:539} INFO - Filling up the DagBag from /home/ubuntu/airflow_venv/lib/python3.10/site-packages/airflow/example_dags/example_complex.py
[2023-09-29T07:29:36.754+0000] {processor.py:839} INFO - DAG(s) dict_keys(['example_complex']) retrieved from /home/ubuntu/airflow_venv/lib/python3.10/site-packages/airflow/example_dags/example_complex.py
[2023-09-29T07:29:36.781+0000] {logging_mixin.py:151} INFO - [2023-09-29T07:29:36.781+0000] {dag.py:2915} INFO - Sync 1 DAGs
[2023-09-29T07:29:36.792+0000] {logging_mixin.py:151} INFO - [2023-09-29T07:29:36.792+0000] {dag.py:3696} INFO - Setting next_dagrun for example_complex to None, run_after=None
[2023-09-29T07:29:36.816+0000] {processor.py:179} INFO - Processing /home/ubuntu/airflow_venv/lib/python3.10/site-packages/airflow/example_dags/example_complex.py took 0.084 seconds
[2023-09-29T07:30:32.565+0000] {processor.py:157} INFO - Started process (PID=12999) to work on /home/ubuntu/airflow_venv/lib/python3.10/site-packages/airflow/example_dags/example_complex.py
[2023-09-29T07:30:32.566+0000] {processor.py:829} INFO - Processing file /home/ubuntu/airflow_venv/lib/python3.10/site-packages/airflow/example_dags/example_complex.py for tasks to queue
[2023-09-29T07:30:32.567+0000] {logging_mixin.py:151} INFO - [2023-09-29T07:30:32.567+0000] {dagbag.py:539} INFO - Filling up the DagBag from /home/ubuntu/airflow_venv/lib/python3.10/site-packages/airflow/example_dags/example_complex.py
[2023-09-29T07:30:32.579+0000] {processor.py:839} INFO - DAG(s) dict_keys(['example_complex']) retrieved from /home/ubuntu/airflow_venv/lib/python3.10/site-packages/airflow/example_dags/example_complex.py
[2023-09-29T07:30:32.607+0000] {logging_mixin.py:151} INFO - [2023-09-29T07:30:32.607+0000] {dag.py:2915} INFO - Sync 1 DAGs
[2023-09-29T07:30:32.619+0000] {logging_mixin.py:151} INFO - [2023-09-29T07:30:32.618+0000] {dag.py:3696} INFO - Setting next_dagrun for example_complex to None, run_after=None
[2023-09-29T07:30:32.640+0000] {processor.py:179} INFO - Processing /home/ubuntu/airflow_venv/lib/python3.10/site-packages/airflow/example_dags/example_complex.py took 0.079 seconds
[2023-09-29T07:31:26.043+0000] {processor.py:157} INFO - Started process (PID=13072) to work on /home/ubuntu/airflow_venv/lib/python3.10/site-packages/airflow/example_dags/example_complex.py
[2023-09-29T07:31:26.049+0000] {processor.py:829} INFO - Processing file /home/ubuntu/airflow_venv/lib/python3.10/site-packages/airflow/example_dags/example_complex.py for tasks to queue
[2023-09-29T07:31:26.050+0000] {logging_mixin.py:151} INFO - [2023-09-29T07:31:26.050+0000] {dagbag.py:539} INFO - Filling up the DagBag from /home/ubuntu/airflow_venv/lib/python3.10/site-packages/airflow/example_dags/example_complex.py
[2023-09-29T07:31:26.071+0000] {processor.py:839} INFO - DAG(s) dict_keys(['example_complex']) retrieved from /home/ubuntu/airflow_venv/lib/python3.10/site-packages/airflow/example_dags/example_complex.py
[2023-09-29T07:31:26.099+0000] {logging_mixin.py:151} INFO - [2023-09-29T07:31:26.099+0000] {dag.py:2915} INFO - Sync 1 DAGs
[2023-09-29T07:31:26.110+0000] {logging_mixin.py:151} INFO - [2023-09-29T07:31:26.110+0000] {dag.py:3696} INFO - Setting next_dagrun for example_complex to None, run_after=None
[2023-09-29T07:31:26.132+0000] {processor.py:179} INFO - Processing /home/ubuntu/airflow_venv/lib/python3.10/site-packages/airflow/example_dags/example_complex.py took 0.094 seconds
[2023-09-29T07:43:32.259+0000] {processor.py:157} INFO - Started process (PID=1224) to work on /home/ubuntu/airflow_venv/lib/python3.10/site-packages/airflow/example_dags/example_complex.py
[2023-09-29T07:43:32.260+0000] {processor.py:829} INFO - Processing file /home/ubuntu/airflow_venv/lib/python3.10/site-packages/airflow/example_dags/example_complex.py for tasks to queue
[2023-09-29T07:43:32.261+0000] {logging_mixin.py:151} INFO - [2023-09-29T07:43:32.261+0000] {dagbag.py:539} INFO - Filling up the DagBag from /home/ubuntu/airflow_venv/lib/python3.10/site-packages/airflow/example_dags/example_complex.py
[2023-09-29T07:43:32.274+0000] {processor.py:839} INFO - DAG(s) dict_keys(['example_complex']) retrieved from /home/ubuntu/airflow_venv/lib/python3.10/site-packages/airflow/example_dags/example_complex.py
[2023-09-29T07:43:32.305+0000] {logging_mixin.py:151} INFO - [2023-09-29T07:43:32.304+0000] {dag.py:2915} INFO - Sync 1 DAGs
[2023-09-29T07:43:32.317+0000] {logging_mixin.py:151} INFO - [2023-09-29T07:43:32.316+0000] {dag.py:3696} INFO - Setting next_dagrun for example_complex to None, run_after=None
[2023-09-29T07:43:32.341+0000] {processor.py:179} INFO - Processing /home/ubuntu/airflow_venv/lib/python3.10/site-packages/airflow/example_dags/example_complex.py took 0.086 seconds
[2023-09-29T07:44:27.381+0000] {processor.py:157} INFO - Started process (PID=1272) to work on /home/ubuntu/airflow_venv/lib/python3.10/site-packages/airflow/example_dags/example_complex.py
[2023-09-29T07:44:27.383+0000] {processor.py:829} INFO - Processing file /home/ubuntu/airflow_venv/lib/python3.10/site-packages/airflow/example_dags/example_complex.py for tasks to queue
[2023-09-29T07:44:27.384+0000] {logging_mixin.py:151} INFO - [2023-09-29T07:44:27.383+0000] {dagbag.py:539} INFO - Filling up the DagBag from /home/ubuntu/airflow_venv/lib/python3.10/site-packages/airflow/example_dags/example_complex.py
[2023-09-29T07:44:27.414+0000] {processor.py:839} INFO - DAG(s) dict_keys(['example_complex']) retrieved from /home/ubuntu/airflow_venv/lib/python3.10/site-packages/airflow/example_dags/example_complex.py
[2023-09-29T07:44:27.460+0000] {logging_mixin.py:151} INFO - [2023-09-29T07:44:27.460+0000] {dag.py:2915} INFO - Sync 1 DAGs
[2023-09-29T07:44:27.695+0000] {logging_mixin.py:151} INFO - [2023-09-29T07:44:27.694+0000] {dag.py:3696} INFO - Setting next_dagrun for example_complex to None, run_after=None
[2023-09-29T07:44:27.749+0000] {processor.py:179} INFO - Processing /home/ubuntu/airflow_venv/lib/python3.10/site-packages/airflow/example_dags/example_complex.py took 0.378 seconds
[2023-09-29T07:55:27.874+0000] {processor.py:157} INFO - Started process (PID=1348) to work on /home/ubuntu/airflow_venv/lib/python3.10/site-packages/airflow/example_dags/example_complex.py
[2023-09-29T07:55:27.875+0000] {processor.py:829} INFO - Processing file /home/ubuntu/airflow_venv/lib/python3.10/site-packages/airflow/example_dags/example_complex.py for tasks to queue
[2023-09-29T07:55:27.875+0000] {logging_mixin.py:151} INFO - [2023-09-29T07:55:27.875+0000] {dagbag.py:539} INFO - Filling up the DagBag from /home/ubuntu/airflow_venv/lib/python3.10/site-packages/airflow/example_dags/example_complex.py
[2023-09-29T07:55:27.890+0000] {processor.py:839} INFO - DAG(s) dict_keys(['example_complex']) retrieved from /home/ubuntu/airflow_venv/lib/python3.10/site-packages/airflow/example_dags/example_complex.py
[2023-09-29T07:55:27.920+0000] {logging_mixin.py:151} INFO - [2023-09-29T07:55:27.920+0000] {dag.py:2915} INFO - Sync 1 DAGs
[2023-09-29T07:55:27.932+0000] {logging_mixin.py:151} INFO - [2023-09-29T07:55:27.932+0000] {dag.py:3696} INFO - Setting next_dagrun for example_complex to None, run_after=None
[2023-09-29T07:55:27.955+0000] {processor.py:179} INFO - Processing /home/ubuntu/airflow_venv/lib/python3.10/site-packages/airflow/example_dags/example_complex.py took 0.084 seconds
[2023-09-29T07:56:25.615+0000] {processor.py:157} INFO - Started process (PID=1402) to work on /home/ubuntu/airflow_venv/lib/python3.10/site-packages/airflow/example_dags/example_complex.py
[2023-09-29T07:56:25.616+0000] {processor.py:829} INFO - Processing file /home/ubuntu/airflow_venv/lib/python3.10/site-packages/airflow/example_dags/example_complex.py for tasks to queue
[2023-09-29T07:56:25.617+0000] {logging_mixin.py:151} INFO - [2023-09-29T07:56:25.617+0000] {dagbag.py:539} INFO - Filling up the DagBag from /home/ubuntu/airflow_venv/lib/python3.10/site-packages/airflow/example_dags/example_complex.py
[2023-09-29T07:56:25.628+0000] {processor.py:839} INFO - DAG(s) dict_keys(['example_complex']) retrieved from /home/ubuntu/airflow_venv/lib/python3.10/site-packages/airflow/example_dags/example_complex.py
[2023-09-29T07:56:25.653+0000] {logging_mixin.py:151} INFO - [2023-09-29T07:56:25.652+0000] {dag.py:2915} INFO - Sync 1 DAGs
[2023-09-29T07:56:25.809+0000] {logging_mixin.py:151} INFO - [2023-09-29T07:56:25.809+0000] {dag.py:3696} INFO - Setting next_dagrun for example_complex to None, run_after=None
[2023-09-29T07:56:25.834+0000] {processor.py:179} INFO - Processing /home/ubuntu/airflow_venv/lib/python3.10/site-packages/airflow/example_dags/example_complex.py took 0.223 seconds
[2023-09-29T07:57:21.969+0000] {processor.py:157} INFO - Started process (PID=1450) to work on /home/ubuntu/airflow_venv/lib/python3.10/site-packages/airflow/example_dags/example_complex.py
[2023-09-29T07:57:21.970+0000] {processor.py:829} INFO - Processing file /home/ubuntu/airflow_venv/lib/python3.10/site-packages/airflow/example_dags/example_complex.py for tasks to queue
[2023-09-29T07:57:21.970+0000] {logging_mixin.py:151} INFO - [2023-09-29T07:57:21.970+0000] {dagbag.py:539} INFO - Filling up the DagBag from /home/ubuntu/airflow_venv/lib/python3.10/site-packages/airflow/example_dags/example_complex.py
[2023-09-29T07:57:21.981+0000] {processor.py:839} INFO - DAG(s) dict_keys(['example_complex']) retrieved from /home/ubuntu/airflow_venv/lib/python3.10/site-packages/airflow/example_dags/example_complex.py
[2023-09-29T07:57:22.005+0000] {logging_mixin.py:151} INFO - [2023-09-29T07:57:22.005+0000] {dag.py:2915} INFO - Sync 1 DAGs
[2023-09-29T07:57:22.016+0000] {logging_mixin.py:151} INFO - [2023-09-29T07:57:22.015+0000] {dag.py:3696} INFO - Setting next_dagrun for example_complex to None, run_after=None
[2023-09-29T07:57:22.036+0000] {processor.py:179} INFO - Processing /home/ubuntu/airflow_venv/lib/python3.10/site-packages/airflow/example_dags/example_complex.py took 0.071 seconds
[2023-09-29T07:58:22.474+0000] {processor.py:157} INFO - Started process (PID=1511) to work on /home/ubuntu/airflow_venv/lib/python3.10/site-packages/airflow/example_dags/example_complex.py
[2023-09-29T07:58:22.476+0000] {processor.py:829} INFO - Processing file /home/ubuntu/airflow_venv/lib/python3.10/site-packages/airflow/example_dags/example_complex.py for tasks to queue
[2023-09-29T07:58:22.479+0000] {logging_mixin.py:151} INFO - [2023-09-29T07:58:22.478+0000] {dagbag.py:539} INFO - Filling up the DagBag from /home/ubuntu/airflow_venv/lib/python3.10/site-packages/airflow/example_dags/example_complex.py
[2023-09-29T07:58:22.498+0000] {processor.py:839} INFO - DAG(s) dict_keys(['example_complex']) retrieved from /home/ubuntu/airflow_venv/lib/python3.10/site-packages/airflow/example_dags/example_complex.py
[2023-09-29T07:58:22.547+0000] {logging_mixin.py:151} INFO - [2023-09-29T07:58:22.547+0000] {dag.py:2915} INFO - Sync 1 DAGs
[2023-09-29T07:58:22.561+0000] {logging_mixin.py:151} INFO - [2023-09-29T07:58:22.560+0000] {dag.py:3696} INFO - Setting next_dagrun for example_complex to None, run_after=None
[2023-09-29T07:58:22.587+0000] {processor.py:179} INFO - Processing /home/ubuntu/airflow_venv/lib/python3.10/site-packages/airflow/example_dags/example_complex.py took 0.121 seconds
[2023-09-29T07:59:11.752+0000] {processor.py:157} INFO - Started process (PID=1567) to work on /home/ubuntu/airflow_venv/lib/python3.10/site-packages/airflow/example_dags/example_complex.py
[2023-09-29T07:59:11.754+0000] {processor.py:829} INFO - Processing file /home/ubuntu/airflow_venv/lib/python3.10/site-packages/airflow/example_dags/example_complex.py for tasks to queue
[2023-09-29T07:59:11.755+0000] {logging_mixin.py:151} INFO - [2023-09-29T07:59:11.755+0000] {dagbag.py:539} INFO - Filling up the DagBag from /home/ubuntu/airflow_venv/lib/python3.10/site-packages/airflow/example_dags/example_complex.py
[2023-09-29T07:59:11.766+0000] {processor.py:839} INFO - DAG(s) dict_keys(['example_complex']) retrieved from /home/ubuntu/airflow_venv/lib/python3.10/site-packages/airflow/example_dags/example_complex.py
[2023-09-29T07:59:11.793+0000] {logging_mixin.py:151} INFO - [2023-09-29T07:59:11.793+0000] {dag.py:2915} INFO - Sync 1 DAGs
[2023-09-29T07:59:11.806+0000] {logging_mixin.py:151} INFO - [2023-09-29T07:59:11.806+0000] {dag.py:3696} INFO - Setting next_dagrun for example_complex to None, run_after=None
[2023-09-29T07:59:11.829+0000] {processor.py:179} INFO - Processing /home/ubuntu/airflow_venv/lib/python3.10/site-packages/airflow/example_dags/example_complex.py took 0.080 seconds
[2023-09-29T08:00:07.528+0000] {processor.py:157} INFO - Started process (PID=1625) to work on /home/ubuntu/airflow_venv/lib/python3.10/site-packages/airflow/example_dags/example_complex.py
[2023-09-29T08:00:07.530+0000] {processor.py:829} INFO - Processing file /home/ubuntu/airflow_venv/lib/python3.10/site-packages/airflow/example_dags/example_complex.py for tasks to queue
[2023-09-29T08:00:07.532+0000] {logging_mixin.py:151} INFO - [2023-09-29T08:00:07.530+0000] {dagbag.py:539} INFO - Filling up the DagBag from /home/ubuntu/airflow_venv/lib/python3.10/site-packages/airflow/example_dags/example_complex.py
[2023-09-29T08:00:07.555+0000] {processor.py:839} INFO - DAG(s) dict_keys(['example_complex']) retrieved from /home/ubuntu/airflow_venv/lib/python3.10/site-packages/airflow/example_dags/example_complex.py
[2023-09-29T08:00:07.608+0000] {logging_mixin.py:151} INFO - [2023-09-29T08:00:07.608+0000] {dag.py:2915} INFO - Sync 1 DAGs
[2023-09-29T08:00:07.623+0000] {logging_mixin.py:151} INFO - [2023-09-29T08:00:07.622+0000] {dag.py:3696} INFO - Setting next_dagrun for example_complex to None, run_after=None
[2023-09-29T08:00:07.649+0000] {processor.py:179} INFO - Processing /home/ubuntu/airflow_venv/lib/python3.10/site-packages/airflow/example_dags/example_complex.py took 0.125 seconds
[2023-09-29T08:01:09.785+0000] {processor.py:157} INFO - Started process (PID=1685) to work on /home/ubuntu/airflow_venv/lib/python3.10/site-packages/airflow/example_dags/example_complex.py
[2023-09-29T08:01:09.786+0000] {processor.py:829} INFO - Processing file /home/ubuntu/airflow_venv/lib/python3.10/site-packages/airflow/example_dags/example_complex.py for tasks to queue
[2023-09-29T08:01:09.787+0000] {logging_mixin.py:151} INFO - [2023-09-29T08:01:09.786+0000] {dagbag.py:539} INFO - Filling up the DagBag from /home/ubuntu/airflow_venv/lib/python3.10/site-packages/airflow/example_dags/example_complex.py
[2023-09-29T08:01:09.815+0000] {processor.py:839} INFO - DAG(s) dict_keys(['example_complex']) retrieved from /home/ubuntu/airflow_venv/lib/python3.10/site-packages/airflow/example_dags/example_complex.py
[2023-09-29T08:01:09.880+0000] {logging_mixin.py:151} INFO - [2023-09-29T08:01:09.876+0000] {dag.py:2915} INFO - Sync 1 DAGs
[2023-09-29T08:01:09.890+0000] {logging_mixin.py:151} INFO - [2023-09-29T08:01:09.890+0000] {dag.py:3696} INFO - Setting next_dagrun for example_complex to None, run_after=None
[2023-09-29T08:01:09.972+0000] {processor.py:179} INFO - Processing /home/ubuntu/airflow_venv/lib/python3.10/site-packages/airflow/example_dags/example_complex.py took 0.193 seconds
[2023-09-29T08:02:08.745+0000] {processor.py:157} INFO - Started process (PID=1744) to work on /home/ubuntu/airflow_venv/lib/python3.10/site-packages/airflow/example_dags/example_complex.py
[2023-09-29T08:02:08.748+0000] {processor.py:829} INFO - Processing file /home/ubuntu/airflow_venv/lib/python3.10/site-packages/airflow/example_dags/example_complex.py for tasks to queue
[2023-09-29T08:02:08.749+0000] {logging_mixin.py:151} INFO - [2023-09-29T08:02:08.748+0000] {dagbag.py:539} INFO - Filling up the DagBag from /home/ubuntu/airflow_venv/lib/python3.10/site-packages/airflow/example_dags/example_complex.py
[2023-09-29T08:02:08.761+0000] {processor.py:839} INFO - DAG(s) dict_keys(['example_complex']) retrieved from /home/ubuntu/airflow_venv/lib/python3.10/site-packages/airflow/example_dags/example_complex.py
[2023-09-29T08:02:08.795+0000] {logging_mixin.py:151} INFO - [2023-09-29T08:02:08.795+0000] {dag.py:2915} INFO - Sync 1 DAGs
[2023-09-29T08:02:08.808+0000] {logging_mixin.py:151} INFO - [2023-09-29T08:02:08.808+0000] {dag.py:3696} INFO - Setting next_dagrun for example_complex to None, run_after=None
[2023-09-29T08:02:08.837+0000] {processor.py:179} INFO - Processing /home/ubuntu/airflow_venv/lib/python3.10/site-packages/airflow/example_dags/example_complex.py took 0.099 seconds
[2023-09-29T08:03:02.281+0000] {processor.py:157} INFO - Started process (PID=1799) to work on /home/ubuntu/airflow_venv/lib/python3.10/site-packages/airflow/example_dags/example_complex.py
[2023-09-29T08:03:02.282+0000] {processor.py:829} INFO - Processing file /home/ubuntu/airflow_venv/lib/python3.10/site-packages/airflow/example_dags/example_complex.py for tasks to queue
[2023-09-29T08:03:02.283+0000] {logging_mixin.py:151} INFO - [2023-09-29T08:03:02.282+0000] {dagbag.py:539} INFO - Filling up the DagBag from /home/ubuntu/airflow_venv/lib/python3.10/site-packages/airflow/example_dags/example_complex.py
[2023-09-29T08:03:02.294+0000] {processor.py:839} INFO - DAG(s) dict_keys(['example_complex']) retrieved from /home/ubuntu/airflow_venv/lib/python3.10/site-packages/airflow/example_dags/example_complex.py
[2023-09-29T08:03:02.323+0000] {logging_mixin.py:151} INFO - [2023-09-29T08:03:02.320+0000] {dag.py:2915} INFO - Sync 1 DAGs
[2023-09-29T08:03:02.336+0000] {logging_mixin.py:151} INFO - [2023-09-29T08:03:02.336+0000] {dag.py:3696} INFO - Setting next_dagrun for example_complex to None, run_after=None
[2023-09-29T08:03:02.359+0000] {processor.py:179} INFO - Processing /home/ubuntu/airflow_venv/lib/python3.10/site-packages/airflow/example_dags/example_complex.py took 0.081 seconds
[2023-09-29T08:03:54.255+0000] {processor.py:157} INFO - Started process (PID=1852) to work on /home/ubuntu/airflow_venv/lib/python3.10/site-packages/airflow/example_dags/example_complex.py
[2023-09-29T08:03:54.256+0000] {processor.py:829} INFO - Processing file /home/ubuntu/airflow_venv/lib/python3.10/site-packages/airflow/example_dags/example_complex.py for tasks to queue
[2023-09-29T08:03:54.257+0000] {logging_mixin.py:151} INFO - [2023-09-29T08:03:54.256+0000] {dagbag.py:539} INFO - Filling up the DagBag from /home/ubuntu/airflow_venv/lib/python3.10/site-packages/airflow/example_dags/example_complex.py
[2023-09-29T08:03:54.268+0000] {processor.py:839} INFO - DAG(s) dict_keys(['example_complex']) retrieved from /home/ubuntu/airflow_venv/lib/python3.10/site-packages/airflow/example_dags/example_complex.py
[2023-09-29T08:03:54.295+0000] {logging_mixin.py:151} INFO - [2023-09-29T08:03:54.295+0000] {dag.py:2915} INFO - Sync 1 DAGs
[2023-09-29T08:03:54.308+0000] {logging_mixin.py:151} INFO - [2023-09-29T08:03:54.307+0000] {dag.py:3696} INFO - Setting next_dagrun for example_complex to None, run_after=None
[2023-09-29T08:03:54.334+0000] {processor.py:179} INFO - Processing /home/ubuntu/airflow_venv/lib/python3.10/site-packages/airflow/example_dags/example_complex.py took 0.083 seconds
[2023-09-29T08:04:47.384+0000] {processor.py:157} INFO - Started process (PID=1908) to work on /home/ubuntu/airflow_venv/lib/python3.10/site-packages/airflow/example_dags/example_complex.py
[2023-09-29T08:04:47.385+0000] {processor.py:829} INFO - Processing file /home/ubuntu/airflow_venv/lib/python3.10/site-packages/airflow/example_dags/example_complex.py for tasks to queue
[2023-09-29T08:04:47.386+0000] {logging_mixin.py:151} INFO - [2023-09-29T08:04:47.385+0000] {dagbag.py:539} INFO - Filling up the DagBag from /home/ubuntu/airflow_venv/lib/python3.10/site-packages/airflow/example_dags/example_complex.py
[2023-09-29T08:04:47.396+0000] {processor.py:839} INFO - DAG(s) dict_keys(['example_complex']) retrieved from /home/ubuntu/airflow_venv/lib/python3.10/site-packages/airflow/example_dags/example_complex.py
[2023-09-29T08:04:47.420+0000] {logging_mixin.py:151} INFO - [2023-09-29T08:04:47.419+0000] {dag.py:2915} INFO - Sync 1 DAGs
[2023-09-29T08:04:47.430+0000] {logging_mixin.py:151} INFO - [2023-09-29T08:04:47.430+0000] {dag.py:3696} INFO - Setting next_dagrun for example_complex to None, run_after=None
[2023-09-29T08:04:47.452+0000] {processor.py:179} INFO - Processing /home/ubuntu/airflow_venv/lib/python3.10/site-packages/airflow/example_dags/example_complex.py took 0.071 seconds
[2023-09-29T08:05:35.852+0000] {processor.py:157} INFO - Started process (PID=1958) to work on /home/ubuntu/airflow_venv/lib/python3.10/site-packages/airflow/example_dags/example_complex.py
[2023-09-29T08:05:35.853+0000] {processor.py:829} INFO - Processing file /home/ubuntu/airflow_venv/lib/python3.10/site-packages/airflow/example_dags/example_complex.py for tasks to queue
[2023-09-29T08:05:35.854+0000] {logging_mixin.py:151} INFO - [2023-09-29T08:05:35.853+0000] {dagbag.py:539} INFO - Filling up the DagBag from /home/ubuntu/airflow_venv/lib/python3.10/site-packages/airflow/example_dags/example_complex.py
[2023-09-29T08:05:35.866+0000] {processor.py:839} INFO - DAG(s) dict_keys(['example_complex']) retrieved from /home/ubuntu/airflow_venv/lib/python3.10/site-packages/airflow/example_dags/example_complex.py
[2023-09-29T08:05:35.892+0000] {logging_mixin.py:151} INFO - [2023-09-29T08:05:35.892+0000] {dag.py:2915} INFO - Sync 1 DAGs
[2023-09-29T08:05:35.903+0000] {logging_mixin.py:151} INFO - [2023-09-29T08:05:35.902+0000] {dag.py:3696} INFO - Setting next_dagrun for example_complex to None, run_after=None
[2023-09-29T08:05:35.924+0000] {processor.py:179} INFO - Processing /home/ubuntu/airflow_venv/lib/python3.10/site-packages/airflow/example_dags/example_complex.py took 0.076 seconds
[2023-09-29T08:06:31.216+0000] {processor.py:157} INFO - Started process (PID=2014) to work on /home/ubuntu/airflow_venv/lib/python3.10/site-packages/airflow/example_dags/example_complex.py
[2023-09-29T08:06:31.217+0000] {processor.py:829} INFO - Processing file /home/ubuntu/airflow_venv/lib/python3.10/site-packages/airflow/example_dags/example_complex.py for tasks to queue
[2023-09-29T08:06:31.218+0000] {logging_mixin.py:151} INFO - [2023-09-29T08:06:31.218+0000] {dagbag.py:539} INFO - Filling up the DagBag from /home/ubuntu/airflow_venv/lib/python3.10/site-packages/airflow/example_dags/example_complex.py
[2023-09-29T08:06:31.230+0000] {processor.py:839} INFO - DAG(s) dict_keys(['example_complex']) retrieved from /home/ubuntu/airflow_venv/lib/python3.10/site-packages/airflow/example_dags/example_complex.py
[2023-09-29T08:06:31.261+0000] {logging_mixin.py:151} INFO - [2023-09-29T08:06:31.261+0000] {dag.py:2915} INFO - Sync 1 DAGs
[2023-09-29T08:06:31.274+0000] {logging_mixin.py:151} INFO - [2023-09-29T08:06:31.274+0000] {dag.py:3696} INFO - Setting next_dagrun for example_complex to None, run_after=None
[2023-09-29T08:06:31.304+0000] {processor.py:179} INFO - Processing /home/ubuntu/airflow_venv/lib/python3.10/site-packages/airflow/example_dags/example_complex.py took 0.092 seconds
[2023-09-29T08:07:18.665+0000] {processor.py:157} INFO - Started process (PID=2064) to work on /home/ubuntu/airflow_venv/lib/python3.10/site-packages/airflow/example_dags/example_complex.py
[2023-09-29T08:07:18.668+0000] {processor.py:829} INFO - Processing file /home/ubuntu/airflow_venv/lib/python3.10/site-packages/airflow/example_dags/example_complex.py for tasks to queue
[2023-09-29T08:07:18.669+0000] {logging_mixin.py:151} INFO - [2023-09-29T08:07:18.668+0000] {dagbag.py:539} INFO - Filling up the DagBag from /home/ubuntu/airflow_venv/lib/python3.10/site-packages/airflow/example_dags/example_complex.py
[2023-09-29T08:07:18.686+0000] {processor.py:839} INFO - DAG(s) dict_keys(['example_complex']) retrieved from /home/ubuntu/airflow_venv/lib/python3.10/site-packages/airflow/example_dags/example_complex.py
[2023-09-29T08:07:18.748+0000] {logging_mixin.py:151} INFO - [2023-09-29T08:07:18.743+0000] {dag.py:2915} INFO - Sync 1 DAGs
[2023-09-29T08:07:18.771+0000] {logging_mixin.py:151} INFO - [2023-09-29T08:07:18.771+0000] {dag.py:3696} INFO - Setting next_dagrun for example_complex to None, run_after=None
[2023-09-29T08:07:18.811+0000] {processor.py:179} INFO - Processing /home/ubuntu/airflow_venv/lib/python3.10/site-packages/airflow/example_dags/example_complex.py took 0.155 seconds
[2023-09-29T08:08:09.437+0000] {processor.py:157} INFO - Started process (PID=2326) to work on /home/ubuntu/airflow_venv/lib/python3.10/site-packages/airflow/example_dags/example_complex.py
[2023-09-29T08:08:09.438+0000] {processor.py:829} INFO - Processing file /home/ubuntu/airflow_venv/lib/python3.10/site-packages/airflow/example_dags/example_complex.py for tasks to queue
[2023-09-29T08:08:09.439+0000] {logging_mixin.py:151} INFO - [2023-09-29T08:08:09.438+0000] {dagbag.py:539} INFO - Filling up the DagBag from /home/ubuntu/airflow_venv/lib/python3.10/site-packages/airflow/example_dags/example_complex.py
[2023-09-29T08:08:09.462+0000] {processor.py:839} INFO - DAG(s) dict_keys(['example_complex']) retrieved from /home/ubuntu/airflow_venv/lib/python3.10/site-packages/airflow/example_dags/example_complex.py
[2023-09-29T08:08:09.508+0000] {logging_mixin.py:151} INFO - [2023-09-29T08:08:09.508+0000] {dag.py:2915} INFO - Sync 1 DAGs
[2023-09-29T08:08:09.520+0000] {logging_mixin.py:151} INFO - [2023-09-29T08:08:09.520+0000] {dag.py:3696} INFO - Setting next_dagrun for example_complex to None, run_after=None
[2023-09-29T08:08:09.544+0000] {processor.py:179} INFO - Processing /home/ubuntu/airflow_venv/lib/python3.10/site-packages/airflow/example_dags/example_complex.py took 0.115 seconds
[2023-09-29T08:09:03.243+0000] {processor.py:157} INFO - Started process (PID=2380) to work on /home/ubuntu/airflow_venv/lib/python3.10/site-packages/airflow/example_dags/example_complex.py
[2023-09-29T08:09:03.245+0000] {processor.py:829} INFO - Processing file /home/ubuntu/airflow_venv/lib/python3.10/site-packages/airflow/example_dags/example_complex.py for tasks to queue
[2023-09-29T08:09:03.249+0000] {logging_mixin.py:151} INFO - [2023-09-29T08:09:03.248+0000] {dagbag.py:539} INFO - Filling up the DagBag from /home/ubuntu/airflow_venv/lib/python3.10/site-packages/airflow/example_dags/example_complex.py
[2023-09-29T08:09:03.261+0000] {processor.py:839} INFO - DAG(s) dict_keys(['example_complex']) retrieved from /home/ubuntu/airflow_venv/lib/python3.10/site-packages/airflow/example_dags/example_complex.py
[2023-09-29T08:09:03.292+0000] {logging_mixin.py:151} INFO - [2023-09-29T08:09:03.292+0000] {dag.py:2915} INFO - Sync 1 DAGs
[2023-09-29T08:09:03.311+0000] {logging_mixin.py:151} INFO - [2023-09-29T08:09:03.310+0000] {dag.py:3696} INFO - Setting next_dagrun for example_complex to None, run_after=None
[2023-09-29T08:09:03.342+0000] {processor.py:179} INFO - Processing /home/ubuntu/airflow_venv/lib/python3.10/site-packages/airflow/example_dags/example_complex.py took 0.108 seconds
