[2023-09-29T07:22:18.908+0000] {processor.py:157} INFO - Started process (PID=12186) to work on /home/ubuntu/airflow_venv/lib/python3.10/site-packages/airflow/example_dags/example_trigger_controller_dag.py
[2023-09-29T07:22:18.909+0000] {processor.py:829} INFO - Processing file /home/ubuntu/airflow_venv/lib/python3.10/site-packages/airflow/example_dags/example_trigger_controller_dag.py for tasks to queue
[2023-09-29T07:22:18.910+0000] {logging_mixin.py:151} INFO - [2023-09-29T07:22:18.909+0000] {dagbag.py:539} INFO - Filling up the DagBag from /home/ubuntu/airflow_venv/lib/python3.10/site-packages/airflow/example_dags/example_trigger_controller_dag.py
[2023-09-29T07:22:18.916+0000] {processor.py:839} INFO - DAG(s) dict_keys(['example_trigger_controller_dag']) retrieved from /home/ubuntu/airflow_venv/lib/python3.10/site-packages/airflow/example_dags/example_trigger_controller_dag.py
[2023-09-29T07:22:18.924+0000] {logging_mixin.py:151} INFO - [2023-09-29T07:22:18.924+0000] {dag.py:2915} INFO - Sync 1 DAGs
[2023-09-29T07:22:18.945+0000] {logging_mixin.py:151} INFO - [2023-09-29T07:22:18.945+0000] {dag.py:3696} INFO - Setting next_dagrun for example_trigger_controller_dag to 2021-01-01T00:00:00+00:00, run_after=2021-01-01T00:00:00+00:00
[2023-09-29T07:22:18.968+0000] {processor.py:179} INFO - Processing /home/ubuntu/airflow_venv/lib/python3.10/site-packages/airflow/example_dags/example_trigger_controller_dag.py took 0.064 seconds
[2023-09-29T07:23:05.370+0000] {processor.py:157} INFO - Started process (PID=12234) to work on /home/ubuntu/airflow_venv/lib/python3.10/site-packages/airflow/example_dags/example_trigger_controller_dag.py
[2023-09-29T07:23:05.373+0000] {processor.py:829} INFO - Processing file /home/ubuntu/airflow_venv/lib/python3.10/site-packages/airflow/example_dags/example_trigger_controller_dag.py for tasks to queue
[2023-09-29T07:23:05.375+0000] {logging_mixin.py:151} INFO - [2023-09-29T07:23:05.374+0000] {dagbag.py:539} INFO - Filling up the DagBag from /home/ubuntu/airflow_venv/lib/python3.10/site-packages/airflow/example_dags/example_trigger_controller_dag.py
[2023-09-29T07:23:05.384+0000] {processor.py:839} INFO - DAG(s) dict_keys(['example_trigger_controller_dag']) retrieved from /home/ubuntu/airflow_venv/lib/python3.10/site-packages/airflow/example_dags/example_trigger_controller_dag.py
[2023-09-29T07:23:05.406+0000] {logging_mixin.py:151} INFO - [2023-09-29T07:23:05.406+0000] {dag.py:2915} INFO - Sync 1 DAGs
[2023-09-29T07:23:05.444+0000] {logging_mixin.py:151} INFO - [2023-09-29T07:23:05.444+0000] {dag.py:3696} INFO - Setting next_dagrun for example_trigger_controller_dag to 2021-01-01T00:00:00+00:00, run_after=2021-01-01T00:00:00+00:00
[2023-09-29T07:23:05.636+0000] {processor.py:179} INFO - Processing /home/ubuntu/airflow_venv/lib/python3.10/site-packages/airflow/example_dags/example_trigger_controller_dag.py took 0.273 seconds
[2023-09-29T07:28:13.790+0000] {processor.py:157} INFO - Started process (PID=12859) to work on /home/ubuntu/airflow_venv/lib/python3.10/site-packages/airflow/example_dags/example_trigger_controller_dag.py
[2023-09-29T07:28:13.792+0000] {processor.py:829} INFO - Processing file /home/ubuntu/airflow_venv/lib/python3.10/site-packages/airflow/example_dags/example_trigger_controller_dag.py for tasks to queue
[2023-09-29T07:28:13.793+0000] {logging_mixin.py:151} INFO - [2023-09-29T07:28:13.792+0000] {dagbag.py:539} INFO - Filling up the DagBag from /home/ubuntu/airflow_venv/lib/python3.10/site-packages/airflow/example_dags/example_trigger_controller_dag.py
[2023-09-29T07:28:13.799+0000] {processor.py:839} INFO - DAG(s) dict_keys(['example_trigger_controller_dag']) retrieved from /home/ubuntu/airflow_venv/lib/python3.10/site-packages/airflow/example_dags/example_trigger_controller_dag.py
[2023-09-29T07:28:13.973+0000] {logging_mixin.py:151} INFO - [2023-09-29T07:28:13.973+0000] {dag.py:2915} INFO - Sync 1 DAGs
[2023-09-29T07:28:13.990+0000] {logging_mixin.py:151} INFO - [2023-09-29T07:28:13.990+0000] {dag.py:3696} INFO - Setting next_dagrun for example_trigger_controller_dag to 2021-01-01T00:00:00+00:00, run_after=2021-01-01T00:00:00+00:00
[2023-09-29T07:28:14.010+0000] {processor.py:179} INFO - Processing /home/ubuntu/airflow_venv/lib/python3.10/site-packages/airflow/example_dags/example_trigger_controller_dag.py took 0.224 seconds
[2023-09-29T07:29:03.180+0000] {processor.py:157} INFO - Started process (PID=12909) to work on /home/ubuntu/airflow_venv/lib/python3.10/site-packages/airflow/example_dags/example_trigger_controller_dag.py
[2023-09-29T07:29:03.181+0000] {processor.py:829} INFO - Processing file /home/ubuntu/airflow_venv/lib/python3.10/site-packages/airflow/example_dags/example_trigger_controller_dag.py for tasks to queue
[2023-09-29T07:29:03.183+0000] {logging_mixin.py:151} INFO - [2023-09-29T07:29:03.182+0000] {dagbag.py:539} INFO - Filling up the DagBag from /home/ubuntu/airflow_venv/lib/python3.10/site-packages/airflow/example_dags/example_trigger_controller_dag.py
[2023-09-29T07:29:03.189+0000] {processor.py:839} INFO - DAG(s) dict_keys(['example_trigger_controller_dag']) retrieved from /home/ubuntu/airflow_venv/lib/python3.10/site-packages/airflow/example_dags/example_trigger_controller_dag.py
[2023-09-29T07:29:03.209+0000] {logging_mixin.py:151} INFO - [2023-09-29T07:29:03.209+0000] {dag.py:2915} INFO - Sync 1 DAGs
[2023-09-29T07:29:03.231+0000] {logging_mixin.py:151} INFO - [2023-09-29T07:29:03.231+0000] {dag.py:3696} INFO - Setting next_dagrun for example_trigger_controller_dag to 2021-01-01T00:00:00+00:00, run_after=2021-01-01T00:00:00+00:00
[2023-09-29T07:29:03.261+0000] {processor.py:179} INFO - Processing /home/ubuntu/airflow_venv/lib/python3.10/site-packages/airflow/example_dags/example_trigger_controller_dag.py took 0.086 seconds
[2023-09-29T07:29:40.288+0000] {processor.py:157} INFO - Started process (PID=12946) to work on /home/ubuntu/airflow_venv/lib/python3.10/site-packages/airflow/example_dags/example_trigger_controller_dag.py
[2023-09-29T07:29:40.289+0000] {processor.py:829} INFO - Processing file /home/ubuntu/airflow_venv/lib/python3.10/site-packages/airflow/example_dags/example_trigger_controller_dag.py for tasks to queue
[2023-09-29T07:29:40.290+0000] {logging_mixin.py:151} INFO - [2023-09-29T07:29:40.289+0000] {dagbag.py:539} INFO - Filling up the DagBag from /home/ubuntu/airflow_venv/lib/python3.10/site-packages/airflow/example_dags/example_trigger_controller_dag.py
[2023-09-29T07:29:40.296+0000] {processor.py:839} INFO - DAG(s) dict_keys(['example_trigger_controller_dag']) retrieved from /home/ubuntu/airflow_venv/lib/python3.10/site-packages/airflow/example_dags/example_trigger_controller_dag.py
[2023-09-29T07:29:40.313+0000] {logging_mixin.py:151} INFO - [2023-09-29T07:29:40.313+0000] {dag.py:2915} INFO - Sync 1 DAGs
[2023-09-29T07:29:40.332+0000] {logging_mixin.py:151} INFO - [2023-09-29T07:29:40.332+0000] {dag.py:3696} INFO - Setting next_dagrun for example_trigger_controller_dag to 2021-01-01T00:00:00+00:00, run_after=2021-01-01T00:00:00+00:00
[2023-09-29T07:29:40.354+0000] {processor.py:179} INFO - Processing /home/ubuntu/airflow_venv/lib/python3.10/site-packages/airflow/example_dags/example_trigger_controller_dag.py took 0.070 seconds
[2023-09-29T07:30:18.867+0000] {processor.py:157} INFO - Started process (PID=12986) to work on /home/ubuntu/airflow_venv/lib/python3.10/site-packages/airflow/example_dags/example_trigger_controller_dag.py
[2023-09-29T07:30:18.868+0000] {processor.py:829} INFO - Processing file /home/ubuntu/airflow_venv/lib/python3.10/site-packages/airflow/example_dags/example_trigger_controller_dag.py for tasks to queue
[2023-09-29T07:30:18.869+0000] {logging_mixin.py:151} INFO - [2023-09-29T07:30:18.869+0000] {dagbag.py:539} INFO - Filling up the DagBag from /home/ubuntu/airflow_venv/lib/python3.10/site-packages/airflow/example_dags/example_trigger_controller_dag.py
[2023-09-29T07:30:18.877+0000] {processor.py:839} INFO - DAG(s) dict_keys(['example_trigger_controller_dag']) retrieved from /home/ubuntu/airflow_venv/lib/python3.10/site-packages/airflow/example_dags/example_trigger_controller_dag.py
[2023-09-29T07:30:18.895+0000] {logging_mixin.py:151} INFO - [2023-09-29T07:30:18.895+0000] {dag.py:2915} INFO - Sync 1 DAGs
[2023-09-29T07:30:18.915+0000] {logging_mixin.py:151} INFO - [2023-09-29T07:30:18.914+0000] {dag.py:3696} INFO - Setting next_dagrun for example_trigger_controller_dag to 2021-01-01T00:00:00+00:00, run_after=2021-01-01T00:00:00+00:00
[2023-09-29T07:30:18.940+0000] {processor.py:179} INFO - Processing /home/ubuntu/airflow_venv/lib/python3.10/site-packages/airflow/example_dags/example_trigger_controller_dag.py took 0.076 seconds
[2023-09-29T07:30:56.080+0000] {processor.py:157} INFO - Started process (PID=13027) to work on /home/ubuntu/airflow_venv/lib/python3.10/site-packages/airflow/example_dags/example_trigger_controller_dag.py
[2023-09-29T07:30:56.081+0000] {processor.py:829} INFO - Processing file /home/ubuntu/airflow_venv/lib/python3.10/site-packages/airflow/example_dags/example_trigger_controller_dag.py for tasks to queue
[2023-09-29T07:30:56.082+0000] {logging_mixin.py:151} INFO - [2023-09-29T07:30:56.082+0000] {dagbag.py:539} INFO - Filling up the DagBag from /home/ubuntu/airflow_venv/lib/python3.10/site-packages/airflow/example_dags/example_trigger_controller_dag.py
[2023-09-29T07:30:56.093+0000] {processor.py:839} INFO - DAG(s) dict_keys(['example_trigger_controller_dag']) retrieved from /home/ubuntu/airflow_venv/lib/python3.10/site-packages/airflow/example_dags/example_trigger_controller_dag.py
[2023-09-29T07:30:56.113+0000] {logging_mixin.py:151} INFO - [2023-09-29T07:30:56.112+0000] {dag.py:2915} INFO - Sync 1 DAGs
[2023-09-29T07:30:56.139+0000] {logging_mixin.py:151} INFO - [2023-09-29T07:30:56.138+0000] {dag.py:3696} INFO - Setting next_dagrun for example_trigger_controller_dag to 2021-01-01T00:00:00+00:00, run_after=2021-01-01T00:00:00+00:00
[2023-09-29T07:30:56.162+0000] {processor.py:179} INFO - Processing /home/ubuntu/airflow_venv/lib/python3.10/site-packages/airflow/example_dags/example_trigger_controller_dag.py took 0.088 seconds
[2023-09-29T07:31:32.347+0000] {processor.py:157} INFO - Started process (PID=13100) to work on /home/ubuntu/airflow_venv/lib/python3.10/site-packages/airflow/example_dags/example_trigger_controller_dag.py
[2023-09-29T07:31:32.348+0000] {processor.py:829} INFO - Processing file /home/ubuntu/airflow_venv/lib/python3.10/site-packages/airflow/example_dags/example_trigger_controller_dag.py for tasks to queue
[2023-09-29T07:31:32.349+0000] {logging_mixin.py:151} INFO - [2023-09-29T07:31:32.349+0000] {dagbag.py:539} INFO - Filling up the DagBag from /home/ubuntu/airflow_venv/lib/python3.10/site-packages/airflow/example_dags/example_trigger_controller_dag.py
[2023-09-29T07:31:32.356+0000] {processor.py:839} INFO - DAG(s) dict_keys(['example_trigger_controller_dag']) retrieved from /home/ubuntu/airflow_venv/lib/python3.10/site-packages/airflow/example_dags/example_trigger_controller_dag.py
[2023-09-29T07:31:32.378+0000] {logging_mixin.py:151} INFO - [2023-09-29T07:31:32.378+0000] {dag.py:2915} INFO - Sync 1 DAGs
[2023-09-29T07:31:32.409+0000] {logging_mixin.py:151} INFO - [2023-09-29T07:31:32.408+0000] {dag.py:3696} INFO - Setting next_dagrun for example_trigger_controller_dag to 2021-01-01T00:00:00+00:00, run_after=2021-01-01T00:00:00+00:00
[2023-09-29T07:31:32.443+0000] {processor.py:179} INFO - Processing /home/ubuntu/airflow_venv/lib/python3.10/site-packages/airflow/example_dags/example_trigger_controller_dag.py took 0.099 seconds
[2023-09-29T07:43:10.067+0000] {processor.py:157} INFO - Started process (PID=1200) to work on /home/ubuntu/airflow_venv/lib/python3.10/site-packages/airflow/example_dags/example_trigger_controller_dag.py
[2023-09-29T07:43:10.069+0000] {processor.py:829} INFO - Processing file /home/ubuntu/airflow_venv/lib/python3.10/site-packages/airflow/example_dags/example_trigger_controller_dag.py for tasks to queue
[2023-09-29T07:43:10.070+0000] {logging_mixin.py:151} INFO - [2023-09-29T07:43:10.070+0000] {dagbag.py:539} INFO - Filling up the DagBag from /home/ubuntu/airflow_venv/lib/python3.10/site-packages/airflow/example_dags/example_trigger_controller_dag.py
[2023-09-29T07:43:10.077+0000] {processor.py:839} INFO - DAG(s) dict_keys(['example_trigger_controller_dag']) retrieved from /home/ubuntu/airflow_venv/lib/python3.10/site-packages/airflow/example_dags/example_trigger_controller_dag.py
[2023-09-29T07:43:10.085+0000] {logging_mixin.py:151} INFO - [2023-09-29T07:43:10.084+0000] {dag.py:2915} INFO - Sync 1 DAGs
[2023-09-29T07:43:10.104+0000] {logging_mixin.py:151} INFO - [2023-09-29T07:43:10.104+0000] {dag.py:3696} INFO - Setting next_dagrun for example_trigger_controller_dag to 2021-01-01T00:00:00+00:00, run_after=2021-01-01T00:00:00+00:00
[2023-09-29T07:43:10.126+0000] {processor.py:179} INFO - Processing /home/ubuntu/airflow_venv/lib/python3.10/site-packages/airflow/example_dags/example_trigger_controller_dag.py took 0.062 seconds
[2023-09-29T07:43:57.145+0000] {processor.py:157} INFO - Started process (PID=1248) to work on /home/ubuntu/airflow_venv/lib/python3.10/site-packages/airflow/example_dags/example_trigger_controller_dag.py
[2023-09-29T07:43:57.146+0000] {processor.py:829} INFO - Processing file /home/ubuntu/airflow_venv/lib/python3.10/site-packages/airflow/example_dags/example_trigger_controller_dag.py for tasks to queue
[2023-09-29T07:43:57.147+0000] {logging_mixin.py:151} INFO - [2023-09-29T07:43:57.147+0000] {dagbag.py:539} INFO - Filling up the DagBag from /home/ubuntu/airflow_venv/lib/python3.10/site-packages/airflow/example_dags/example_trigger_controller_dag.py
[2023-09-29T07:43:57.152+0000] {processor.py:839} INFO - DAG(s) dict_keys(['example_trigger_controller_dag']) retrieved from /home/ubuntu/airflow_venv/lib/python3.10/site-packages/airflow/example_dags/example_trigger_controller_dag.py
[2023-09-29T07:43:57.170+0000] {logging_mixin.py:151} INFO - [2023-09-29T07:43:57.170+0000] {dag.py:2915} INFO - Sync 1 DAGs
[2023-09-29T07:43:57.191+0000] {logging_mixin.py:151} INFO - [2023-09-29T07:43:57.191+0000] {dag.py:3696} INFO - Setting next_dagrun for example_trigger_controller_dag to 2021-01-01T00:00:00+00:00, run_after=2021-01-01T00:00:00+00:00
[2023-09-29T07:43:57.385+0000] {processor.py:179} INFO - Processing /home/ubuntu/airflow_venv/lib/python3.10/site-packages/airflow/example_dags/example_trigger_controller_dag.py took 0.243 seconds
[2023-09-29T07:44:41.901+0000] {processor.py:157} INFO - Started process (PID=1287) to work on /home/ubuntu/airflow_venv/lib/python3.10/site-packages/airflow/example_dags/example_trigger_controller_dag.py
[2023-09-29T07:44:41.902+0000] {processor.py:829} INFO - Processing file /home/ubuntu/airflow_venv/lib/python3.10/site-packages/airflow/example_dags/example_trigger_controller_dag.py for tasks to queue
[2023-09-29T07:44:41.903+0000] {logging_mixin.py:151} INFO - [2023-09-29T07:44:41.903+0000] {dagbag.py:539} INFO - Filling up the DagBag from /home/ubuntu/airflow_venv/lib/python3.10/site-packages/airflow/example_dags/example_trigger_controller_dag.py
[2023-09-29T07:44:41.908+0000] {processor.py:839} INFO - DAG(s) dict_keys(['example_trigger_controller_dag']) retrieved from /home/ubuntu/airflow_venv/lib/python3.10/site-packages/airflow/example_dags/example_trigger_controller_dag.py
[2023-09-29T07:44:41.923+0000] {logging_mixin.py:151} INFO - [2023-09-29T07:44:41.923+0000] {dag.py:2915} INFO - Sync 1 DAGs
[2023-09-29T07:44:42.077+0000] {logging_mixin.py:151} INFO - [2023-09-29T07:44:42.077+0000] {dag.py:3696} INFO - Setting next_dagrun for example_trigger_controller_dag to 2021-01-01T00:00:00+00:00, run_after=2021-01-01T00:00:00+00:00
[2023-09-29T07:44:42.096+0000] {processor.py:179} INFO - Processing /home/ubuntu/airflow_venv/lib/python3.10/site-packages/airflow/example_dags/example_trigger_controller_dag.py took 0.198 seconds
[2023-09-29T07:55:04.373+0000] {processor.py:157} INFO - Started process (PID=1324) to work on /home/ubuntu/airflow_venv/lib/python3.10/site-packages/airflow/example_dags/example_trigger_controller_dag.py
[2023-09-29T07:55:04.374+0000] {processor.py:829} INFO - Processing file /home/ubuntu/airflow_venv/lib/python3.10/site-packages/airflow/example_dags/example_trigger_controller_dag.py for tasks to queue
[2023-09-29T07:55:04.375+0000] {logging_mixin.py:151} INFO - [2023-09-29T07:55:04.374+0000] {dagbag.py:539} INFO - Filling up the DagBag from /home/ubuntu/airflow_venv/lib/python3.10/site-packages/airflow/example_dags/example_trigger_controller_dag.py
[2023-09-29T07:55:04.382+0000] {processor.py:839} INFO - DAG(s) dict_keys(['example_trigger_controller_dag']) retrieved from /home/ubuntu/airflow_venv/lib/python3.10/site-packages/airflow/example_dags/example_trigger_controller_dag.py
[2023-09-29T07:55:04.396+0000] {logging_mixin.py:151} INFO - [2023-09-29T07:55:04.392+0000] {dag.py:2915} INFO - Sync 1 DAGs
[2023-09-29T07:55:04.423+0000] {logging_mixin.py:151} INFO - [2023-09-29T07:55:04.422+0000] {dag.py:3696} INFO - Setting next_dagrun for example_trigger_controller_dag to 2021-01-01T00:00:00+00:00, run_after=2021-01-01T00:00:00+00:00
[2023-09-29T07:55:04.451+0000] {processor.py:179} INFO - Processing /home/ubuntu/airflow_venv/lib/python3.10/site-packages/airflow/example_dags/example_trigger_controller_dag.py took 0.081 seconds
[2023-09-29T07:55:55.956+0000] {processor.py:157} INFO - Started process (PID=1378) to work on /home/ubuntu/airflow_venv/lib/python3.10/site-packages/airflow/example_dags/example_trigger_controller_dag.py
[2023-09-29T07:55:55.957+0000] {processor.py:829} INFO - Processing file /home/ubuntu/airflow_venv/lib/python3.10/site-packages/airflow/example_dags/example_trigger_controller_dag.py for tasks to queue
[2023-09-29T07:55:55.958+0000] {logging_mixin.py:151} INFO - [2023-09-29T07:55:55.958+0000] {dagbag.py:539} INFO - Filling up the DagBag from /home/ubuntu/airflow_venv/lib/python3.10/site-packages/airflow/example_dags/example_trigger_controller_dag.py
[2023-09-29T07:55:55.963+0000] {processor.py:839} INFO - DAG(s) dict_keys(['example_trigger_controller_dag']) retrieved from /home/ubuntu/airflow_venv/lib/python3.10/site-packages/airflow/example_dags/example_trigger_controller_dag.py
[2023-09-29T07:55:55.983+0000] {logging_mixin.py:151} INFO - [2023-09-29T07:55:55.983+0000] {dag.py:2915} INFO - Sync 1 DAGs
[2023-09-29T07:55:56.001+0000] {logging_mixin.py:151} INFO - [2023-09-29T07:55:56.001+0000] {dag.py:3696} INFO - Setting next_dagrun for example_trigger_controller_dag to 2021-01-01T00:00:00+00:00, run_after=2021-01-01T00:00:00+00:00
[2023-09-29T07:55:56.024+0000] {processor.py:179} INFO - Processing /home/ubuntu/airflow_venv/lib/python3.10/site-packages/airflow/example_dags/example_trigger_controller_dag.py took 0.071 seconds
[2023-09-29T07:56:44.780+0000] {processor.py:157} INFO - Started process (PID=1420) to work on /home/ubuntu/airflow_venv/lib/python3.10/site-packages/airflow/example_dags/example_trigger_controller_dag.py
[2023-09-29T07:56:44.781+0000] {processor.py:829} INFO - Processing file /home/ubuntu/airflow_venv/lib/python3.10/site-packages/airflow/example_dags/example_trigger_controller_dag.py for tasks to queue
[2023-09-29T07:56:44.782+0000] {logging_mixin.py:151} INFO - [2023-09-29T07:56:44.781+0000] {dagbag.py:539} INFO - Filling up the DagBag from /home/ubuntu/airflow_venv/lib/python3.10/site-packages/airflow/example_dags/example_trigger_controller_dag.py
[2023-09-29T07:56:44.786+0000] {processor.py:839} INFO - DAG(s) dict_keys(['example_trigger_controller_dag']) retrieved from /home/ubuntu/airflow_venv/lib/python3.10/site-packages/airflow/example_dags/example_trigger_controller_dag.py
[2023-09-29T07:56:44.803+0000] {logging_mixin.py:151} INFO - [2023-09-29T07:56:44.803+0000] {dag.py:2915} INFO - Sync 1 DAGs
[2023-09-29T07:56:44.986+0000] {logging_mixin.py:151} INFO - [2023-09-29T07:56:44.985+0000] {dag.py:3696} INFO - Setting next_dagrun for example_trigger_controller_dag to 2021-01-01T00:00:00+00:00, run_after=2021-01-01T00:00:00+00:00
[2023-09-29T07:56:45.008+0000] {processor.py:179} INFO - Processing /home/ubuntu/airflow_venv/lib/python3.10/site-packages/airflow/example_dags/example_trigger_controller_dag.py took 0.231 seconds
[2023-09-29T07:57:37.992+0000] {processor.py:157} INFO - Started process (PID=1467) to work on /home/ubuntu/airflow_venv/lib/python3.10/site-packages/airflow/example_dags/example_trigger_controller_dag.py
[2023-09-29T07:57:38.012+0000] {processor.py:829} INFO - Processing file /home/ubuntu/airflow_venv/lib/python3.10/site-packages/airflow/example_dags/example_trigger_controller_dag.py for tasks to queue
[2023-09-29T07:57:38.013+0000] {logging_mixin.py:151} INFO - [2023-09-29T07:57:38.013+0000] {dagbag.py:539} INFO - Filling up the DagBag from /home/ubuntu/airflow_venv/lib/python3.10/site-packages/airflow/example_dags/example_trigger_controller_dag.py
[2023-09-29T07:57:38.031+0000] {processor.py:839} INFO - DAG(s) dict_keys(['example_trigger_controller_dag']) retrieved from /home/ubuntu/airflow_venv/lib/python3.10/site-packages/airflow/example_dags/example_trigger_controller_dag.py
[2023-09-29T07:57:38.071+0000] {logging_mixin.py:151} INFO - [2023-09-29T07:57:38.070+0000] {dag.py:2915} INFO - Sync 1 DAGs
[2023-09-29T07:57:38.092+0000] {logging_mixin.py:151} INFO - [2023-09-29T07:57:38.092+0000] {dag.py:3696} INFO - Setting next_dagrun for example_trigger_controller_dag to 2021-01-01T00:00:00+00:00, run_after=2021-01-01T00:00:00+00:00
[2023-09-29T07:57:38.114+0000] {processor.py:179} INFO - Processing /home/ubuntu/airflow_venv/lib/python3.10/site-packages/airflow/example_dags/example_trigger_controller_dag.py took 0.126 seconds
[2023-09-29T07:58:19.962+0000] {processor.py:157} INFO - Started process (PID=1509) to work on /home/ubuntu/airflow_venv/lib/python3.10/site-packages/airflow/example_dags/example_trigger_controller_dag.py
[2023-09-29T07:58:19.963+0000] {processor.py:829} INFO - Processing file /home/ubuntu/airflow_venv/lib/python3.10/site-packages/airflow/example_dags/example_trigger_controller_dag.py for tasks to queue
[2023-09-29T07:58:19.964+0000] {logging_mixin.py:151} INFO - [2023-09-29T07:58:19.964+0000] {dagbag.py:539} INFO - Filling up the DagBag from /home/ubuntu/airflow_venv/lib/python3.10/site-packages/airflow/example_dags/example_trigger_controller_dag.py
[2023-09-29T07:58:19.969+0000] {processor.py:839} INFO - DAG(s) dict_keys(['example_trigger_controller_dag']) retrieved from /home/ubuntu/airflow_venv/lib/python3.10/site-packages/airflow/example_dags/example_trigger_controller_dag.py
[2023-09-29T07:58:20.019+0000] {logging_mixin.py:151} INFO - [2023-09-29T07:58:20.018+0000] {dag.py:2915} INFO - Sync 1 DAGs
[2023-09-29T07:58:20.058+0000] {logging_mixin.py:151} INFO - [2023-09-29T07:58:20.058+0000] {dag.py:3696} INFO - Setting next_dagrun for example_trigger_controller_dag to 2021-01-01T00:00:00+00:00, run_after=2021-01-01T00:00:00+00:00
[2023-09-29T07:58:20.079+0000] {processor.py:179} INFO - Processing /home/ubuntu/airflow_venv/lib/python3.10/site-packages/airflow/example_dags/example_trigger_controller_dag.py took 0.119 seconds
[2023-09-29T07:59:06.461+0000] {processor.py:157} INFO - Started process (PID=1561) to work on /home/ubuntu/airflow_venv/lib/python3.10/site-packages/airflow/example_dags/example_trigger_controller_dag.py
[2023-09-29T07:59:06.462+0000] {processor.py:829} INFO - Processing file /home/ubuntu/airflow_venv/lib/python3.10/site-packages/airflow/example_dags/example_trigger_controller_dag.py for tasks to queue
[2023-09-29T07:59:06.464+0000] {logging_mixin.py:151} INFO - [2023-09-29T07:59:06.463+0000] {dagbag.py:539} INFO - Filling up the DagBag from /home/ubuntu/airflow_venv/lib/python3.10/site-packages/airflow/example_dags/example_trigger_controller_dag.py
[2023-09-29T07:59:06.477+0000] {processor.py:839} INFO - DAG(s) dict_keys(['example_trigger_controller_dag']) retrieved from /home/ubuntu/airflow_venv/lib/python3.10/site-packages/airflow/example_dags/example_trigger_controller_dag.py
[2023-09-29T07:59:06.532+0000] {logging_mixin.py:151} INFO - [2023-09-29T07:59:06.532+0000] {dag.py:2915} INFO - Sync 1 DAGs
[2023-09-29T07:59:06.569+0000] {logging_mixin.py:151} INFO - [2023-09-29T07:59:06.569+0000] {dag.py:3696} INFO - Setting next_dagrun for example_trigger_controller_dag to 2021-01-01T00:00:00+00:00, run_after=2021-01-01T00:00:00+00:00
[2023-09-29T07:59:06.610+0000] {processor.py:179} INFO - Processing /home/ubuntu/airflow_venv/lib/python3.10/site-packages/airflow/example_dags/example_trigger_controller_dag.py took 0.158 seconds
[2023-09-29T07:59:57.381+0000] {processor.py:157} INFO - Started process (PID=1616) to work on /home/ubuntu/airflow_venv/lib/python3.10/site-packages/airflow/example_dags/example_trigger_controller_dag.py
[2023-09-29T07:59:57.382+0000] {processor.py:829} INFO - Processing file /home/ubuntu/airflow_venv/lib/python3.10/site-packages/airflow/example_dags/example_trigger_controller_dag.py for tasks to queue
[2023-09-29T07:59:57.383+0000] {logging_mixin.py:151} INFO - [2023-09-29T07:59:57.383+0000] {dagbag.py:539} INFO - Filling up the DagBag from /home/ubuntu/airflow_venv/lib/python3.10/site-packages/airflow/example_dags/example_trigger_controller_dag.py
[2023-09-29T07:59:57.388+0000] {processor.py:839} INFO - DAG(s) dict_keys(['example_trigger_controller_dag']) retrieved from /home/ubuntu/airflow_venv/lib/python3.10/site-packages/airflow/example_dags/example_trigger_controller_dag.py
[2023-09-29T07:59:57.404+0000] {logging_mixin.py:151} INFO - [2023-09-29T07:59:57.403+0000] {dag.py:2915} INFO - Sync 1 DAGs
[2023-09-29T07:59:57.421+0000] {logging_mixin.py:151} INFO - [2023-09-29T07:59:57.421+0000] {dag.py:3696} INFO - Setting next_dagrun for example_trigger_controller_dag to 2021-01-01T00:00:00+00:00, run_after=2021-01-01T00:00:00+00:00
[2023-09-29T07:59:57.444+0000] {processor.py:179} INFO - Processing /home/ubuntu/airflow_venv/lib/python3.10/site-packages/airflow/example_dags/example_trigger_controller_dag.py took 0.065 seconds
[2023-09-29T08:00:51.305+0000] {processor.py:157} INFO - Started process (PID=1667) to work on /home/ubuntu/airflow_venv/lib/python3.10/site-packages/airflow/example_dags/example_trigger_controller_dag.py
[2023-09-29T08:00:51.306+0000] {processor.py:829} INFO - Processing file /home/ubuntu/airflow_venv/lib/python3.10/site-packages/airflow/example_dags/example_trigger_controller_dag.py for tasks to queue
[2023-09-29T08:00:51.307+0000] {logging_mixin.py:151} INFO - [2023-09-29T08:00:51.307+0000] {dagbag.py:539} INFO - Filling up the DagBag from /home/ubuntu/airflow_venv/lib/python3.10/site-packages/airflow/example_dags/example_trigger_controller_dag.py
[2023-09-29T08:00:51.314+0000] {processor.py:839} INFO - DAG(s) dict_keys(['example_trigger_controller_dag']) retrieved from /home/ubuntu/airflow_venv/lib/python3.10/site-packages/airflow/example_dags/example_trigger_controller_dag.py
[2023-09-29T08:00:51.331+0000] {logging_mixin.py:151} INFO - [2023-09-29T08:00:51.331+0000] {dag.py:2915} INFO - Sync 1 DAGs
[2023-09-29T08:00:51.349+0000] {logging_mixin.py:151} INFO - [2023-09-29T08:00:51.349+0000] {dag.py:3696} INFO - Setting next_dagrun for example_trigger_controller_dag to 2021-01-01T00:00:00+00:00, run_after=2021-01-01T00:00:00+00:00
[2023-09-29T08:00:51.370+0000] {processor.py:179} INFO - Processing /home/ubuntu/airflow_venv/lib/python3.10/site-packages/airflow/example_dags/example_trigger_controller_dag.py took 0.077 seconds
[2023-09-29T08:01:40.690+0000] {processor.py:157} INFO - Started process (PID=1716) to work on /home/ubuntu/airflow_venv/lib/python3.10/site-packages/airflow/example_dags/example_trigger_controller_dag.py
[2023-09-29T08:01:40.692+0000] {processor.py:829} INFO - Processing file /home/ubuntu/airflow_venv/lib/python3.10/site-packages/airflow/example_dags/example_trigger_controller_dag.py for tasks to queue
[2023-09-29T08:01:40.693+0000] {logging_mixin.py:151} INFO - [2023-09-29T08:01:40.692+0000] {dagbag.py:539} INFO - Filling up the DagBag from /home/ubuntu/airflow_venv/lib/python3.10/site-packages/airflow/example_dags/example_trigger_controller_dag.py
[2023-09-29T08:01:40.698+0000] {processor.py:839} INFO - DAG(s) dict_keys(['example_trigger_controller_dag']) retrieved from /home/ubuntu/airflow_venv/lib/python3.10/site-packages/airflow/example_dags/example_trigger_controller_dag.py
[2023-09-29T08:01:40.714+0000] {logging_mixin.py:151} INFO - [2023-09-29T08:01:40.714+0000] {dag.py:2915} INFO - Sync 1 DAGs
[2023-09-29T08:01:40.735+0000] {logging_mixin.py:151} INFO - [2023-09-29T08:01:40.735+0000] {dag.py:3696} INFO - Setting next_dagrun for example_trigger_controller_dag to 2021-01-01T00:00:00+00:00, run_after=2021-01-01T00:00:00+00:00
[2023-09-29T08:01:40.757+0000] {processor.py:179} INFO - Processing /home/ubuntu/airflow_venv/lib/python3.10/site-packages/airflow/example_dags/example_trigger_controller_dag.py took 0.070 seconds
[2023-09-29T08:02:18.939+0000] {processor.py:157} INFO - Started process (PID=1755) to work on /home/ubuntu/airflow_venv/lib/python3.10/site-packages/airflow/example_dags/example_trigger_controller_dag.py
[2023-09-29T08:02:18.940+0000] {processor.py:829} INFO - Processing file /home/ubuntu/airflow_venv/lib/python3.10/site-packages/airflow/example_dags/example_trigger_controller_dag.py for tasks to queue
[2023-09-29T08:02:18.941+0000] {logging_mixin.py:151} INFO - [2023-09-29T08:02:18.940+0000] {dagbag.py:539} INFO - Filling up the DagBag from /home/ubuntu/airflow_venv/lib/python3.10/site-packages/airflow/example_dags/example_trigger_controller_dag.py
[2023-09-29T08:02:18.948+0000] {processor.py:839} INFO - DAG(s) dict_keys(['example_trigger_controller_dag']) retrieved from /home/ubuntu/airflow_venv/lib/python3.10/site-packages/airflow/example_dags/example_trigger_controller_dag.py
[2023-09-29T08:02:18.966+0000] {logging_mixin.py:151} INFO - [2023-09-29T08:02:18.966+0000] {dag.py:2915} INFO - Sync 1 DAGs
[2023-09-29T08:02:18.986+0000] {logging_mixin.py:151} INFO - [2023-09-29T08:02:18.986+0000] {dag.py:3696} INFO - Setting next_dagrun for example_trigger_controller_dag to 2021-01-01T00:00:00+00:00, run_after=2021-01-01T00:00:00+00:00
[2023-09-29T08:02:19.007+0000] {processor.py:179} INFO - Processing /home/ubuntu/airflow_venv/lib/python3.10/site-packages/airflow/example_dags/example_trigger_controller_dag.py took 0.072 seconds
[2023-09-29T08:02:56.697+0000] {processor.py:157} INFO - Started process (PID=1793) to work on /home/ubuntu/airflow_venv/lib/python3.10/site-packages/airflow/example_dags/example_trigger_controller_dag.py
[2023-09-29T08:02:56.698+0000] {processor.py:829} INFO - Processing file /home/ubuntu/airflow_venv/lib/python3.10/site-packages/airflow/example_dags/example_trigger_controller_dag.py for tasks to queue
[2023-09-29T08:02:56.699+0000] {logging_mixin.py:151} INFO - [2023-09-29T08:02:56.698+0000] {dagbag.py:539} INFO - Filling up the DagBag from /home/ubuntu/airflow_venv/lib/python3.10/site-packages/airflow/example_dags/example_trigger_controller_dag.py
[2023-09-29T08:02:56.703+0000] {processor.py:839} INFO - DAG(s) dict_keys(['example_trigger_controller_dag']) retrieved from /home/ubuntu/airflow_venv/lib/python3.10/site-packages/airflow/example_dags/example_trigger_controller_dag.py
[2023-09-29T08:02:56.718+0000] {logging_mixin.py:151} INFO - [2023-09-29T08:02:56.718+0000] {dag.py:2915} INFO - Sync 1 DAGs
[2023-09-29T08:02:56.736+0000] {logging_mixin.py:151} INFO - [2023-09-29T08:02:56.736+0000] {dag.py:3696} INFO - Setting next_dagrun for example_trigger_controller_dag to 2021-01-01T00:00:00+00:00, run_after=2021-01-01T00:00:00+00:00
[2023-09-29T08:02:56.756+0000] {processor.py:179} INFO - Processing /home/ubuntu/airflow_venv/lib/python3.10/site-packages/airflow/example_dags/example_trigger_controller_dag.py took 0.062 seconds
[2023-09-29T08:03:48.702+0000] {processor.py:157} INFO - Started process (PID=1846) to work on /home/ubuntu/airflow_venv/lib/python3.10/site-packages/airflow/example_dags/example_trigger_controller_dag.py
[2023-09-29T08:03:48.703+0000] {processor.py:829} INFO - Processing file /home/ubuntu/airflow_venv/lib/python3.10/site-packages/airflow/example_dags/example_trigger_controller_dag.py for tasks to queue
[2023-09-29T08:03:48.708+0000] {logging_mixin.py:151} INFO - [2023-09-29T08:03:48.704+0000] {dagbag.py:539} INFO - Filling up the DagBag from /home/ubuntu/airflow_venv/lib/python3.10/site-packages/airflow/example_dags/example_trigger_controller_dag.py
[2023-09-29T08:03:48.716+0000] {processor.py:839} INFO - DAG(s) dict_keys(['example_trigger_controller_dag']) retrieved from /home/ubuntu/airflow_venv/lib/python3.10/site-packages/airflow/example_dags/example_trigger_controller_dag.py
[2023-09-29T08:03:48.741+0000] {logging_mixin.py:151} INFO - [2023-09-29T08:03:48.741+0000] {dag.py:2915} INFO - Sync 1 DAGs
[2023-09-29T08:03:48.761+0000] {logging_mixin.py:151} INFO - [2023-09-29T08:03:48.760+0000] {dag.py:3696} INFO - Setting next_dagrun for example_trigger_controller_dag to 2021-01-01T00:00:00+00:00, run_after=2021-01-01T00:00:00+00:00
[2023-09-29T08:03:48.781+0000] {processor.py:179} INFO - Processing /home/ubuntu/airflow_venv/lib/python3.10/site-packages/airflow/example_dags/example_trigger_controller_dag.py took 0.082 seconds
[2023-09-29T08:04:41.067+0000] {processor.py:157} INFO - Started process (PID=1901) to work on /home/ubuntu/airflow_venv/lib/python3.10/site-packages/airflow/example_dags/example_trigger_controller_dag.py
[2023-09-29T08:04:41.069+0000] {processor.py:829} INFO - Processing file /home/ubuntu/airflow_venv/lib/python3.10/site-packages/airflow/example_dags/example_trigger_controller_dag.py for tasks to queue
[2023-09-29T08:04:41.069+0000] {logging_mixin.py:151} INFO - [2023-09-29T08:04:41.069+0000] {dagbag.py:539} INFO - Filling up the DagBag from /home/ubuntu/airflow_venv/lib/python3.10/site-packages/airflow/example_dags/example_trigger_controller_dag.py
[2023-09-29T08:04:41.074+0000] {processor.py:839} INFO - DAG(s) dict_keys(['example_trigger_controller_dag']) retrieved from /home/ubuntu/airflow_venv/lib/python3.10/site-packages/airflow/example_dags/example_trigger_controller_dag.py
[2023-09-29T08:04:41.091+0000] {logging_mixin.py:151} INFO - [2023-09-29T08:04:41.091+0000] {dag.py:2915} INFO - Sync 1 DAGs
[2023-09-29T08:04:41.112+0000] {logging_mixin.py:151} INFO - [2023-09-29T08:04:41.112+0000] {dag.py:3696} INFO - Setting next_dagrun for example_trigger_controller_dag to 2021-01-01T00:00:00+00:00, run_after=2021-01-01T00:00:00+00:00
[2023-09-29T08:04:41.141+0000] {processor.py:179} INFO - Processing /home/ubuntu/airflow_venv/lib/python3.10/site-packages/airflow/example_dags/example_trigger_controller_dag.py took 0.077 seconds
[2023-09-29T08:05:29.123+0000] {processor.py:157} INFO - Started process (PID=1951) to work on /home/ubuntu/airflow_venv/lib/python3.10/site-packages/airflow/example_dags/example_trigger_controller_dag.py
[2023-09-29T08:05:29.124+0000] {processor.py:829} INFO - Processing file /home/ubuntu/airflow_venv/lib/python3.10/site-packages/airflow/example_dags/example_trigger_controller_dag.py for tasks to queue
[2023-09-29T08:05:29.126+0000] {logging_mixin.py:151} INFO - [2023-09-29T08:05:29.126+0000] {dagbag.py:539} INFO - Filling up the DagBag from /home/ubuntu/airflow_venv/lib/python3.10/site-packages/airflow/example_dags/example_trigger_controller_dag.py
[2023-09-29T08:05:29.136+0000] {processor.py:839} INFO - DAG(s) dict_keys(['example_trigger_controller_dag']) retrieved from /home/ubuntu/airflow_venv/lib/python3.10/site-packages/airflow/example_dags/example_trigger_controller_dag.py
[2023-09-29T08:05:29.180+0000] {logging_mixin.py:151} INFO - [2023-09-29T08:05:29.179+0000] {dag.py:2915} INFO - Sync 1 DAGs
[2023-09-29T08:05:29.206+0000] {logging_mixin.py:151} INFO - [2023-09-29T08:05:29.206+0000] {dag.py:3696} INFO - Setting next_dagrun for example_trigger_controller_dag to 2021-01-01T00:00:00+00:00, run_after=2021-01-01T00:00:00+00:00
[2023-09-29T08:05:29.231+0000] {processor.py:179} INFO - Processing /home/ubuntu/airflow_venv/lib/python3.10/site-packages/airflow/example_dags/example_trigger_controller_dag.py took 0.120 seconds
[2023-09-29T08:06:07.343+0000] {processor.py:157} INFO - Started process (PID=1988) to work on /home/ubuntu/airflow_venv/lib/python3.10/site-packages/airflow/example_dags/example_trigger_controller_dag.py
[2023-09-29T08:06:07.344+0000] {processor.py:829} INFO - Processing file /home/ubuntu/airflow_venv/lib/python3.10/site-packages/airflow/example_dags/example_trigger_controller_dag.py for tasks to queue
[2023-09-29T08:06:07.345+0000] {logging_mixin.py:151} INFO - [2023-09-29T08:06:07.345+0000] {dagbag.py:539} INFO - Filling up the DagBag from /home/ubuntu/airflow_venv/lib/python3.10/site-packages/airflow/example_dags/example_trigger_controller_dag.py
[2023-09-29T08:06:07.350+0000] {processor.py:839} INFO - DAG(s) dict_keys(['example_trigger_controller_dag']) retrieved from /home/ubuntu/airflow_venv/lib/python3.10/site-packages/airflow/example_dags/example_trigger_controller_dag.py
[2023-09-29T08:06:07.369+0000] {logging_mixin.py:151} INFO - [2023-09-29T08:06:07.369+0000] {dag.py:2915} INFO - Sync 1 DAGs
[2023-09-29T08:06:07.399+0000] {logging_mixin.py:151} INFO - [2023-09-29T08:06:07.399+0000] {dag.py:3696} INFO - Setting next_dagrun for example_trigger_controller_dag to 2021-01-01T00:00:00+00:00, run_after=2021-01-01T00:00:00+00:00
[2023-09-29T08:06:07.424+0000] {processor.py:179} INFO - Processing /home/ubuntu/airflow_venv/lib/python3.10/site-packages/airflow/example_dags/example_trigger_controller_dag.py took 0.083 seconds
[2023-09-29T08:06:43.562+0000] {processor.py:157} INFO - Started process (PID=2026) to work on /home/ubuntu/airflow_venv/lib/python3.10/site-packages/airflow/example_dags/example_trigger_controller_dag.py
[2023-09-29T08:06:43.565+0000] {processor.py:829} INFO - Processing file /home/ubuntu/airflow_venv/lib/python3.10/site-packages/airflow/example_dags/example_trigger_controller_dag.py for tasks to queue
[2023-09-29T08:06:43.566+0000] {logging_mixin.py:151} INFO - [2023-09-29T08:06:43.566+0000] {dagbag.py:539} INFO - Filling up the DagBag from /home/ubuntu/airflow_venv/lib/python3.10/site-packages/airflow/example_dags/example_trigger_controller_dag.py
[2023-09-29T08:06:43.575+0000] {processor.py:839} INFO - DAG(s) dict_keys(['example_trigger_controller_dag']) retrieved from /home/ubuntu/airflow_venv/lib/python3.10/site-packages/airflow/example_dags/example_trigger_controller_dag.py
[2023-09-29T08:06:43.605+0000] {logging_mixin.py:151} INFO - [2023-09-29T08:06:43.605+0000] {dag.py:2915} INFO - Sync 1 DAGs
[2023-09-29T08:06:43.623+0000] {logging_mixin.py:151} INFO - [2023-09-29T08:06:43.623+0000] {dag.py:3696} INFO - Setting next_dagrun for example_trigger_controller_dag to 2021-01-01T00:00:00+00:00, run_after=2021-01-01T00:00:00+00:00
[2023-09-29T08:06:43.643+0000] {processor.py:179} INFO - Processing /home/ubuntu/airflow_venv/lib/python3.10/site-packages/airflow/example_dags/example_trigger_controller_dag.py took 0.095 seconds
[2023-09-29T08:07:31.593+0000] {processor.py:157} INFO - Started process (PID=2287) to work on /home/ubuntu/airflow_venv/lib/python3.10/site-packages/airflow/example_dags/example_trigger_controller_dag.py
[2023-09-29T08:07:31.594+0000] {processor.py:829} INFO - Processing file /home/ubuntu/airflow_venv/lib/python3.10/site-packages/airflow/example_dags/example_trigger_controller_dag.py for tasks to queue
[2023-09-29T08:07:31.597+0000] {logging_mixin.py:151} INFO - [2023-09-29T08:07:31.596+0000] {dagbag.py:539} INFO - Filling up the DagBag from /home/ubuntu/airflow_venv/lib/python3.10/site-packages/airflow/example_dags/example_trigger_controller_dag.py
[2023-09-29T08:07:31.603+0000] {processor.py:839} INFO - DAG(s) dict_keys(['example_trigger_controller_dag']) retrieved from /home/ubuntu/airflow_venv/lib/python3.10/site-packages/airflow/example_dags/example_trigger_controller_dag.py
[2023-09-29T08:07:31.620+0000] {logging_mixin.py:151} INFO - [2023-09-29T08:07:31.619+0000] {dag.py:2915} INFO - Sync 1 DAGs
[2023-09-29T08:07:31.639+0000] {logging_mixin.py:151} INFO - [2023-09-29T08:07:31.638+0000] {dag.py:3696} INFO - Setting next_dagrun for example_trigger_controller_dag to 2021-01-01T00:00:00+00:00, run_after=2021-01-01T00:00:00+00:00
[2023-09-29T08:07:31.658+0000] {processor.py:179} INFO - Processing /home/ubuntu/airflow_venv/lib/python3.10/site-packages/airflow/example_dags/example_trigger_controller_dag.py took 0.069 seconds
[2023-09-29T08:08:22.988+0000] {processor.py:157} INFO - Started process (PID=2339) to work on /home/ubuntu/airflow_venv/lib/python3.10/site-packages/airflow/example_dags/example_trigger_controller_dag.py
[2023-09-29T08:08:22.989+0000] {processor.py:829} INFO - Processing file /home/ubuntu/airflow_venv/lib/python3.10/site-packages/airflow/example_dags/example_trigger_controller_dag.py for tasks to queue
[2023-09-29T08:08:22.990+0000] {logging_mixin.py:151} INFO - [2023-09-29T08:08:22.990+0000] {dagbag.py:539} INFO - Filling up the DagBag from /home/ubuntu/airflow_venv/lib/python3.10/site-packages/airflow/example_dags/example_trigger_controller_dag.py
[2023-09-29T08:08:22.995+0000] {processor.py:839} INFO - DAG(s) dict_keys(['example_trigger_controller_dag']) retrieved from /home/ubuntu/airflow_venv/lib/python3.10/site-packages/airflow/example_dags/example_trigger_controller_dag.py
[2023-09-29T08:08:23.013+0000] {logging_mixin.py:151} INFO - [2023-09-29T08:08:23.013+0000] {dag.py:2915} INFO - Sync 1 DAGs
[2023-09-29T08:08:23.031+0000] {logging_mixin.py:151} INFO - [2023-09-29T08:08:23.031+0000] {dag.py:3696} INFO - Setting next_dagrun for example_trigger_controller_dag to 2021-01-01T00:00:00+00:00, run_after=2021-01-01T00:00:00+00:00
[2023-09-29T08:08:23.051+0000] {processor.py:179} INFO - Processing /home/ubuntu/airflow_venv/lib/python3.10/site-packages/airflow/example_dags/example_trigger_controller_dag.py took 0.065 seconds
[2023-09-29T08:09:14.918+0000] {processor.py:157} INFO - Started process (PID=2395) to work on /home/ubuntu/airflow_venv/lib/python3.10/site-packages/airflow/example_dags/example_trigger_controller_dag.py
[2023-09-29T08:09:14.919+0000] {processor.py:829} INFO - Processing file /home/ubuntu/airflow_venv/lib/python3.10/site-packages/airflow/example_dags/example_trigger_controller_dag.py for tasks to queue
[2023-09-29T08:09:14.920+0000] {logging_mixin.py:151} INFO - [2023-09-29T08:09:14.920+0000] {dagbag.py:539} INFO - Filling up the DagBag from /home/ubuntu/airflow_venv/lib/python3.10/site-packages/airflow/example_dags/example_trigger_controller_dag.py
[2023-09-29T08:09:14.926+0000] {processor.py:839} INFO - DAG(s) dict_keys(['example_trigger_controller_dag']) retrieved from /home/ubuntu/airflow_venv/lib/python3.10/site-packages/airflow/example_dags/example_trigger_controller_dag.py
[2023-09-29T08:09:14.948+0000] {logging_mixin.py:151} INFO - [2023-09-29T08:09:14.947+0000] {dag.py:2915} INFO - Sync 1 DAGs
[2023-09-29T08:09:14.967+0000] {logging_mixin.py:151} INFO - [2023-09-29T08:09:14.967+0000] {dag.py:3696} INFO - Setting next_dagrun for example_trigger_controller_dag to 2021-01-01T00:00:00+00:00, run_after=2021-01-01T00:00:00+00:00
[2023-09-29T08:09:14.991+0000] {processor.py:179} INFO - Processing /home/ubuntu/airflow_venv/lib/python3.10/site-packages/airflow/example_dags/example_trigger_controller_dag.py took 0.077 seconds
[2023-09-29T09:25:09.845+0000] {processor.py:157} INFO - Started process (PID=3282) to work on /home/ubuntu/airflow_venv/lib/python3.10/site-packages/airflow/example_dags/example_trigger_controller_dag.py
[2023-09-29T09:25:09.850+0000] {processor.py:829} INFO - Processing file /home/ubuntu/airflow_venv/lib/python3.10/site-packages/airflow/example_dags/example_trigger_controller_dag.py for tasks to queue
[2023-09-29T09:25:09.851+0000] {logging_mixin.py:151} INFO - [2023-09-29T09:25:09.851+0000] {dagbag.py:539} INFO - Filling up the DagBag from /home/ubuntu/airflow_venv/lib/python3.10/site-packages/airflow/example_dags/example_trigger_controller_dag.py
[2023-09-29T09:25:09.865+0000] {processor.py:839} INFO - DAG(s) dict_keys(['example_trigger_controller_dag']) retrieved from /home/ubuntu/airflow_venv/lib/python3.10/site-packages/airflow/example_dags/example_trigger_controller_dag.py
[2023-09-29T09:25:09.886+0000] {logging_mixin.py:151} INFO - [2023-09-29T09:25:09.886+0000] {dag.py:2915} INFO - Sync 1 DAGs
[2023-09-29T09:25:09.907+0000] {logging_mixin.py:151} INFO - [2023-09-29T09:25:09.907+0000] {dag.py:3696} INFO - Setting next_dagrun for example_trigger_controller_dag to 2021-01-01T00:00:00+00:00, run_after=2021-01-01T00:00:00+00:00
[2023-09-29T09:25:09.928+0000] {processor.py:179} INFO - Processing /home/ubuntu/airflow_venv/lib/python3.10/site-packages/airflow/example_dags/example_trigger_controller_dag.py took 0.086 seconds
[2023-09-29T09:27:01.984+0000] {processor.py:157} INFO - Started process (PID=1327) to work on /home/ubuntu/airflow_venv/lib/python3.10/site-packages/airflow/example_dags/example_trigger_controller_dag.py
[2023-09-29T09:27:01.989+0000] {processor.py:829} INFO - Processing file /home/ubuntu/airflow_venv/lib/python3.10/site-packages/airflow/example_dags/example_trigger_controller_dag.py for tasks to queue
[2023-09-29T09:27:01.993+0000] {logging_mixin.py:151} INFO - [2023-09-29T09:27:01.992+0000] {dagbag.py:539} INFO - Filling up the DagBag from /home/ubuntu/airflow_venv/lib/python3.10/site-packages/airflow/example_dags/example_trigger_controller_dag.py
[2023-09-29T09:27:02.017+0000] {processor.py:839} INFO - DAG(s) dict_keys(['example_trigger_controller_dag']) retrieved from /home/ubuntu/airflow_venv/lib/python3.10/site-packages/airflow/example_dags/example_trigger_controller_dag.py
[2023-09-29T09:27:02.029+0000] {logging_mixin.py:151} INFO - [2023-09-29T09:27:02.029+0000] {dag.py:2915} INFO - Sync 1 DAGs
[2023-09-29T09:27:02.063+0000] {logging_mixin.py:151} INFO - [2023-09-29T09:27:02.063+0000] {dag.py:3696} INFO - Setting next_dagrun for example_trigger_controller_dag to 2021-01-01T00:00:00+00:00, run_after=2021-01-01T00:00:00+00:00
[2023-09-29T09:27:02.099+0000] {processor.py:179} INFO - Processing /home/ubuntu/airflow_venv/lib/python3.10/site-packages/airflow/example_dags/example_trigger_controller_dag.py took 0.124 seconds
[2023-09-29T09:27:58.829+0000] {processor.py:157} INFO - Started process (PID=1385) to work on /home/ubuntu/airflow_venv/lib/python3.10/site-packages/airflow/example_dags/example_trigger_controller_dag.py
[2023-09-29T09:27:58.831+0000] {processor.py:829} INFO - Processing file /home/ubuntu/airflow_venv/lib/python3.10/site-packages/airflow/example_dags/example_trigger_controller_dag.py for tasks to queue
[2023-09-29T09:27:58.832+0000] {logging_mixin.py:151} INFO - [2023-09-29T09:27:58.831+0000] {dagbag.py:539} INFO - Filling up the DagBag from /home/ubuntu/airflow_venv/lib/python3.10/site-packages/airflow/example_dags/example_trigger_controller_dag.py
[2023-09-29T09:27:58.838+0000] {processor.py:839} INFO - DAG(s) dict_keys(['example_trigger_controller_dag']) retrieved from /home/ubuntu/airflow_venv/lib/python3.10/site-packages/airflow/example_dags/example_trigger_controller_dag.py
[2023-09-29T09:27:58.854+0000] {logging_mixin.py:151} INFO - [2023-09-29T09:27:58.854+0000] {dag.py:2915} INFO - Sync 1 DAGs
[2023-09-29T09:27:58.872+0000] {logging_mixin.py:151} INFO - [2023-09-29T09:27:58.872+0000] {dag.py:3696} INFO - Setting next_dagrun for example_trigger_controller_dag to 2021-01-01T00:00:00+00:00, run_after=2021-01-01T00:00:00+00:00
[2023-09-29T09:27:59.045+0000] {processor.py:179} INFO - Processing /home/ubuntu/airflow_venv/lib/python3.10/site-packages/airflow/example_dags/example_trigger_controller_dag.py took 0.219 seconds
[2023-09-29T09:28:50.392+0000] {processor.py:157} INFO - Started process (PID=1432) to work on /home/ubuntu/airflow_venv/lib/python3.10/site-packages/airflow/example_dags/example_trigger_controller_dag.py
[2023-09-29T09:28:50.394+0000] {processor.py:829} INFO - Processing file /home/ubuntu/airflow_venv/lib/python3.10/site-packages/airflow/example_dags/example_trigger_controller_dag.py for tasks to queue
[2023-09-29T09:28:50.394+0000] {logging_mixin.py:151} INFO - [2023-09-29T09:28:50.394+0000] {dagbag.py:539} INFO - Filling up the DagBag from /home/ubuntu/airflow_venv/lib/python3.10/site-packages/airflow/example_dags/example_trigger_controller_dag.py
[2023-09-29T09:28:50.401+0000] {processor.py:839} INFO - DAG(s) dict_keys(['example_trigger_controller_dag']) retrieved from /home/ubuntu/airflow_venv/lib/python3.10/site-packages/airflow/example_dags/example_trigger_controller_dag.py
[2023-09-29T09:28:50.429+0000] {logging_mixin.py:151} INFO - [2023-09-29T09:28:50.429+0000] {dag.py:2915} INFO - Sync 1 DAGs
[2023-09-29T09:28:50.613+0000] {logging_mixin.py:151} INFO - [2023-09-29T09:28:50.613+0000] {dag.py:3696} INFO - Setting next_dagrun for example_trigger_controller_dag to 2021-01-01T00:00:00+00:00, run_after=2021-01-01T00:00:00+00:00
[2023-09-29T09:28:50.637+0000] {processor.py:179} INFO - Processing /home/ubuntu/airflow_venv/lib/python3.10/site-packages/airflow/example_dags/example_trigger_controller_dag.py took 0.248 seconds
[2023-09-29T09:29:39.709+0000] {processor.py:157} INFO - Started process (PID=1477) to work on /home/ubuntu/airflow_venv/lib/python3.10/site-packages/airflow/example_dags/example_trigger_controller_dag.py
[2023-09-29T09:29:39.712+0000] {processor.py:829} INFO - Processing file /home/ubuntu/airflow_venv/lib/python3.10/site-packages/airflow/example_dags/example_trigger_controller_dag.py for tasks to queue
[2023-09-29T09:29:39.713+0000] {logging_mixin.py:151} INFO - [2023-09-29T09:29:39.712+0000] {dagbag.py:539} INFO - Filling up the DagBag from /home/ubuntu/airflow_venv/lib/python3.10/site-packages/airflow/example_dags/example_trigger_controller_dag.py
[2023-09-29T09:29:39.719+0000] {processor.py:839} INFO - DAG(s) dict_keys(['example_trigger_controller_dag']) retrieved from /home/ubuntu/airflow_venv/lib/python3.10/site-packages/airflow/example_dags/example_trigger_controller_dag.py
[2023-09-29T09:29:39.739+0000] {logging_mixin.py:151} INFO - [2023-09-29T09:29:39.739+0000] {dag.py:2915} INFO - Sync 1 DAGs
[2023-09-29T09:29:39.768+0000] {logging_mixin.py:151} INFO - [2023-09-29T09:29:39.768+0000] {dag.py:3696} INFO - Setting next_dagrun for example_trigger_controller_dag to 2021-01-01T00:00:00+00:00, run_after=2021-01-01T00:00:00+00:00
[2023-09-29T09:29:39.797+0000] {processor.py:179} INFO - Processing /home/ubuntu/airflow_venv/lib/python3.10/site-packages/airflow/example_dags/example_trigger_controller_dag.py took 0.098 seconds
[2023-09-29T09:31:53.060+0000] {processor.py:157} INFO - Started process (PID=2250) to work on /home/ubuntu/airflow_venv/lib/python3.10/site-packages/airflow/example_dags/example_trigger_controller_dag.py
[2023-09-29T09:31:53.062+0000] {processor.py:829} INFO - Processing file /home/ubuntu/airflow_venv/lib/python3.10/site-packages/airflow/example_dags/example_trigger_controller_dag.py for tasks to queue
[2023-09-29T09:31:53.063+0000] {logging_mixin.py:151} INFO - [2023-09-29T09:31:53.062+0000] {dagbag.py:539} INFO - Filling up the DagBag from /home/ubuntu/airflow_venv/lib/python3.10/site-packages/airflow/example_dags/example_trigger_controller_dag.py
[2023-09-29T09:31:53.070+0000] {processor.py:839} INFO - DAG(s) dict_keys(['example_trigger_controller_dag']) retrieved from /home/ubuntu/airflow_venv/lib/python3.10/site-packages/airflow/example_dags/example_trigger_controller_dag.py
[2023-09-29T09:31:53.078+0000] {logging_mixin.py:151} INFO - [2023-09-29T09:31:53.078+0000] {dag.py:2915} INFO - Sync 1 DAGs
[2023-09-29T09:31:53.098+0000] {logging_mixin.py:151} INFO - [2023-09-29T09:31:53.098+0000] {dag.py:3696} INFO - Setting next_dagrun for example_trigger_controller_dag to 2021-01-01T00:00:00+00:00, run_after=2021-01-01T00:00:00+00:00
[2023-09-29T09:31:53.121+0000] {processor.py:179} INFO - Processing /home/ubuntu/airflow_venv/lib/python3.10/site-packages/airflow/example_dags/example_trigger_controller_dag.py took 0.064 seconds
[2023-09-29T09:32:49.025+0000] {processor.py:157} INFO - Started process (PID=2312) to work on /home/ubuntu/airflow_venv/lib/python3.10/site-packages/airflow/example_dags/example_trigger_controller_dag.py
[2023-09-29T09:32:49.026+0000] {processor.py:829} INFO - Processing file /home/ubuntu/airflow_venv/lib/python3.10/site-packages/airflow/example_dags/example_trigger_controller_dag.py for tasks to queue
[2023-09-29T09:32:49.027+0000] {logging_mixin.py:151} INFO - [2023-09-29T09:32:49.027+0000] {dagbag.py:539} INFO - Filling up the DagBag from /home/ubuntu/airflow_venv/lib/python3.10/site-packages/airflow/example_dags/example_trigger_controller_dag.py
[2023-09-29T09:32:49.032+0000] {processor.py:839} INFO - DAG(s) dict_keys(['example_trigger_controller_dag']) retrieved from /home/ubuntu/airflow_venv/lib/python3.10/site-packages/airflow/example_dags/example_trigger_controller_dag.py
[2023-09-29T09:32:49.054+0000] {logging_mixin.py:151} INFO - [2023-09-29T09:32:49.054+0000] {dag.py:2915} INFO - Sync 1 DAGs
[2023-09-29T09:32:49.076+0000] {logging_mixin.py:151} INFO - [2023-09-29T09:32:49.076+0000] {dag.py:3696} INFO - Setting next_dagrun for example_trigger_controller_dag to 2021-01-01T00:00:00+00:00, run_after=2021-01-01T00:00:00+00:00
[2023-09-29T09:32:49.259+0000] {processor.py:179} INFO - Processing /home/ubuntu/airflow_venv/lib/python3.10/site-packages/airflow/example_dags/example_trigger_controller_dag.py took 0.237 seconds
[2023-09-29T09:51:57.429+0000] {processor.py:157} INFO - Started process (PID=3462) to work on /home/ubuntu/airflow_venv/lib/python3.10/site-packages/airflow/example_dags/example_trigger_controller_dag.py
[2023-09-29T09:51:57.430+0000] {processor.py:829} INFO - Processing file /home/ubuntu/airflow_venv/lib/python3.10/site-packages/airflow/example_dags/example_trigger_controller_dag.py for tasks to queue
[2023-09-29T09:51:57.431+0000] {logging_mixin.py:151} INFO - [2023-09-29T09:51:57.431+0000] {dagbag.py:539} INFO - Filling up the DagBag from /home/ubuntu/airflow_venv/lib/python3.10/site-packages/airflow/example_dags/example_trigger_controller_dag.py
[2023-09-29T09:51:57.438+0000] {processor.py:839} INFO - DAG(s) dict_keys(['example_trigger_controller_dag']) retrieved from /home/ubuntu/airflow_venv/lib/python3.10/site-packages/airflow/example_dags/example_trigger_controller_dag.py
[2023-09-29T09:51:57.445+0000] {logging_mixin.py:151} INFO - [2023-09-29T09:51:57.445+0000] {dag.py:2915} INFO - Sync 1 DAGs
[2023-09-29T09:51:57.464+0000] {logging_mixin.py:151} INFO - [2023-09-29T09:51:57.464+0000] {dag.py:3696} INFO - Setting next_dagrun for example_trigger_controller_dag to 2021-01-01T00:00:00+00:00, run_after=2021-01-01T00:00:00+00:00
[2023-09-29T09:51:57.486+0000] {processor.py:179} INFO - Processing /home/ubuntu/airflow_venv/lib/python3.10/site-packages/airflow/example_dags/example_trigger_controller_dag.py took 0.060 seconds
[2023-09-29T09:52:45.505+0000] {processor.py:157} INFO - Started process (PID=3517) to work on /home/ubuntu/airflow_venv/lib/python3.10/site-packages/airflow/example_dags/example_trigger_controller_dag.py
[2023-09-29T09:52:45.506+0000] {processor.py:829} INFO - Processing file /home/ubuntu/airflow_venv/lib/python3.10/site-packages/airflow/example_dags/example_trigger_controller_dag.py for tasks to queue
[2023-09-29T09:52:45.507+0000] {logging_mixin.py:151} INFO - [2023-09-29T09:52:45.507+0000] {dagbag.py:539} INFO - Filling up the DagBag from /home/ubuntu/airflow_venv/lib/python3.10/site-packages/airflow/example_dags/example_trigger_controller_dag.py
[2023-09-29T09:52:45.512+0000] {processor.py:839} INFO - DAG(s) dict_keys(['example_trigger_controller_dag']) retrieved from /home/ubuntu/airflow_venv/lib/python3.10/site-packages/airflow/example_dags/example_trigger_controller_dag.py
[2023-09-29T09:52:45.529+0000] {logging_mixin.py:151} INFO - [2023-09-29T09:52:45.529+0000] {dag.py:2915} INFO - Sync 1 DAGs
[2023-09-29T09:52:45.547+0000] {logging_mixin.py:151} INFO - [2023-09-29T09:52:45.547+0000] {dag.py:3696} INFO - Setting next_dagrun for example_trigger_controller_dag to 2021-01-01T00:00:00+00:00, run_after=2021-01-01T00:00:00+00:00
[2023-09-29T09:52:45.708+0000] {processor.py:179} INFO - Processing /home/ubuntu/airflow_venv/lib/python3.10/site-packages/airflow/example_dags/example_trigger_controller_dag.py took 0.206 seconds
[2023-09-29T09:53:31.416+0000] {processor.py:157} INFO - Started process (PID=3557) to work on /home/ubuntu/airflow_venv/lib/python3.10/site-packages/airflow/example_dags/example_trigger_controller_dag.py
[2023-09-29T09:53:31.417+0000] {processor.py:829} INFO - Processing file /home/ubuntu/airflow_venv/lib/python3.10/site-packages/airflow/example_dags/example_trigger_controller_dag.py for tasks to queue
[2023-09-29T09:53:31.418+0000] {logging_mixin.py:151} INFO - [2023-09-29T09:53:31.417+0000] {dagbag.py:539} INFO - Filling up the DagBag from /home/ubuntu/airflow_venv/lib/python3.10/site-packages/airflow/example_dags/example_trigger_controller_dag.py
[2023-09-29T09:53:31.426+0000] {processor.py:839} INFO - DAG(s) dict_keys(['example_trigger_controller_dag']) retrieved from /home/ubuntu/airflow_venv/lib/python3.10/site-packages/airflow/example_dags/example_trigger_controller_dag.py
[2023-09-29T09:53:31.446+0000] {logging_mixin.py:151} INFO - [2023-09-29T09:53:31.445+0000] {dag.py:2915} INFO - Sync 1 DAGs
[2023-09-29T09:53:31.647+0000] {logging_mixin.py:151} INFO - [2023-09-29T09:53:31.646+0000] {dag.py:3696} INFO - Setting next_dagrun for example_trigger_controller_dag to 2021-01-01T00:00:00+00:00, run_after=2021-01-01T00:00:00+00:00
[2023-09-29T09:53:31.668+0000] {processor.py:179} INFO - Processing /home/ubuntu/airflow_venv/lib/python3.10/site-packages/airflow/example_dags/example_trigger_controller_dag.py took 0.257 seconds
[2023-09-29T09:56:03.039+0000] {processor.py:157} INFO - Started process (PID=4105) to work on /home/ubuntu/airflow_venv/lib/python3.10/site-packages/airflow/example_dags/example_trigger_controller_dag.py
[2023-09-29T09:56:03.043+0000] {processor.py:829} INFO - Processing file /home/ubuntu/airflow_venv/lib/python3.10/site-packages/airflow/example_dags/example_trigger_controller_dag.py for tasks to queue
[2023-09-29T09:56:03.045+0000] {logging_mixin.py:151} INFO - [2023-09-29T09:56:03.044+0000] {dagbag.py:539} INFO - Filling up the DagBag from /home/ubuntu/airflow_venv/lib/python3.10/site-packages/airflow/example_dags/example_trigger_controller_dag.py
[2023-09-29T09:56:03.054+0000] {processor.py:839} INFO - DAG(s) dict_keys(['example_trigger_controller_dag']) retrieved from /home/ubuntu/airflow_venv/lib/python3.10/site-packages/airflow/example_dags/example_trigger_controller_dag.py
[2023-09-29T09:56:03.070+0000] {logging_mixin.py:151} INFO - [2023-09-29T09:56:03.070+0000] {dag.py:2915} INFO - Sync 1 DAGs
[2023-09-29T09:56:03.106+0000] {logging_mixin.py:151} INFO - [2023-09-29T09:56:03.106+0000] {dag.py:3696} INFO - Setting next_dagrun for example_trigger_controller_dag to 2021-01-01T00:00:00+00:00, run_after=2021-01-01T00:00:00+00:00
[2023-09-29T09:56:03.135+0000] {processor.py:179} INFO - Processing /home/ubuntu/airflow_venv/lib/python3.10/site-packages/airflow/example_dags/example_trigger_controller_dag.py took 0.103 seconds
[2023-09-29T09:57:01.667+0000] {processor.py:157} INFO - Started process (PID=4164) to work on /home/ubuntu/airflow_venv/lib/python3.10/site-packages/airflow/example_dags/example_trigger_controller_dag.py
[2023-09-29T09:57:01.668+0000] {processor.py:829} INFO - Processing file /home/ubuntu/airflow_venv/lib/python3.10/site-packages/airflow/example_dags/example_trigger_controller_dag.py for tasks to queue
[2023-09-29T09:57:01.669+0000] {logging_mixin.py:151} INFO - [2023-09-29T09:57:01.668+0000] {dagbag.py:539} INFO - Filling up the DagBag from /home/ubuntu/airflow_venv/lib/python3.10/site-packages/airflow/example_dags/example_trigger_controller_dag.py
[2023-09-29T09:57:01.674+0000] {processor.py:839} INFO - DAG(s) dict_keys(['example_trigger_controller_dag']) retrieved from /home/ubuntu/airflow_venv/lib/python3.10/site-packages/airflow/example_dags/example_trigger_controller_dag.py
[2023-09-29T09:57:01.695+0000] {logging_mixin.py:151} INFO - [2023-09-29T09:57:01.694+0000] {dag.py:2915} INFO - Sync 1 DAGs
[2023-09-29T09:57:01.716+0000] {logging_mixin.py:151} INFO - [2023-09-29T09:57:01.716+0000] {dag.py:3696} INFO - Setting next_dagrun for example_trigger_controller_dag to 2021-01-01T00:00:00+00:00, run_after=2021-01-01T00:00:00+00:00
[2023-09-29T09:57:01.913+0000] {processor.py:179} INFO - Processing /home/ubuntu/airflow_venv/lib/python3.10/site-packages/airflow/example_dags/example_trigger_controller_dag.py took 0.250 seconds
[2023-09-29T09:57:54.914+0000] {processor.py:157} INFO - Started process (PID=4218) to work on /home/ubuntu/airflow_venv/lib/python3.10/site-packages/airflow/example_dags/example_trigger_controller_dag.py
[2023-09-29T09:57:54.916+0000] {processor.py:829} INFO - Processing file /home/ubuntu/airflow_venv/lib/python3.10/site-packages/airflow/example_dags/example_trigger_controller_dag.py for tasks to queue
[2023-09-29T09:57:54.916+0000] {logging_mixin.py:151} INFO - [2023-09-29T09:57:54.916+0000] {dagbag.py:539} INFO - Filling up the DagBag from /home/ubuntu/airflow_venv/lib/python3.10/site-packages/airflow/example_dags/example_trigger_controller_dag.py
[2023-09-29T09:57:54.921+0000] {processor.py:839} INFO - DAG(s) dict_keys(['example_trigger_controller_dag']) retrieved from /home/ubuntu/airflow_venv/lib/python3.10/site-packages/airflow/example_dags/example_trigger_controller_dag.py
[2023-09-29T09:57:55.098+0000] {logging_mixin.py:151} INFO - [2023-09-29T09:57:55.097+0000] {dag.py:2915} INFO - Sync 1 DAGs
[2023-09-29T09:57:55.114+0000] {logging_mixin.py:151} INFO - [2023-09-29T09:57:55.113+0000] {dag.py:3696} INFO - Setting next_dagrun for example_trigger_controller_dag to 2021-01-01T00:00:00+00:00, run_after=2021-01-01T00:00:00+00:00
[2023-09-29T09:57:55.131+0000] {processor.py:179} INFO - Processing /home/ubuntu/airflow_venv/lib/python3.10/site-packages/airflow/example_dags/example_trigger_controller_dag.py took 0.220 seconds
[2023-09-29T09:58:45.633+0000] {processor.py:157} INFO - Started process (PID=4271) to work on /home/ubuntu/airflow_venv/lib/python3.10/site-packages/airflow/example_dags/example_trigger_controller_dag.py
[2023-09-29T09:58:45.634+0000] {processor.py:829} INFO - Processing file /home/ubuntu/airflow_venv/lib/python3.10/site-packages/airflow/example_dags/example_trigger_controller_dag.py for tasks to queue
[2023-09-29T09:58:45.635+0000] {logging_mixin.py:151} INFO - [2023-09-29T09:58:45.635+0000] {dagbag.py:539} INFO - Filling up the DagBag from /home/ubuntu/airflow_venv/lib/python3.10/site-packages/airflow/example_dags/example_trigger_controller_dag.py
[2023-09-29T09:58:45.641+0000] {processor.py:839} INFO - DAG(s) dict_keys(['example_trigger_controller_dag']) retrieved from /home/ubuntu/airflow_venv/lib/python3.10/site-packages/airflow/example_dags/example_trigger_controller_dag.py
[2023-09-29T09:58:45.662+0000] {logging_mixin.py:151} INFO - [2023-09-29T09:58:45.662+0000] {dag.py:2915} INFO - Sync 1 DAGs
[2023-09-29T09:58:45.686+0000] {logging_mixin.py:151} INFO - [2023-09-29T09:58:45.686+0000] {dag.py:3696} INFO - Setting next_dagrun for example_trigger_controller_dag to 2021-01-01T00:00:00+00:00, run_after=2021-01-01T00:00:00+00:00
[2023-09-29T09:58:45.711+0000] {processor.py:179} INFO - Processing /home/ubuntu/airflow_venv/lib/python3.10/site-packages/airflow/example_dags/example_trigger_controller_dag.py took 0.082 seconds
