[2023-09-29T07:22:21.190+0000] {processor.py:157} INFO - Started process (PID=12188) to work on /home/ubuntu/airflow_venv/lib/python3.10/site-packages/airflow/example_dags/example_params_ui_tutorial.py
[2023-09-29T07:22:21.191+0000] {processor.py:829} INFO - Processing file /home/ubuntu/airflow_venv/lib/python3.10/site-packages/airflow/example_dags/example_params_ui_tutorial.py for tasks to queue
[2023-09-29T07:22:21.192+0000] {logging_mixin.py:151} INFO - [2023-09-29T07:22:21.192+0000] {dagbag.py:539} INFO - Filling up the DagBag from /home/ubuntu/airflow_venv/lib/python3.10/site-packages/airflow/example_dags/example_params_ui_tutorial.py
[2023-09-29T07:22:21.222+0000] {processor.py:839} INFO - DAG(s) dict_keys(['example_params_ui_tutorial']) retrieved from /home/ubuntu/airflow_venv/lib/python3.10/site-packages/airflow/example_dags/example_params_ui_tutorial.py
[2023-09-29T07:22:21.230+0000] {logging_mixin.py:151} INFO - [2023-09-29T07:22:21.230+0000] {dag.py:2915} INFO - Sync 1 DAGs
[2023-09-29T07:22:21.245+0000] {logging_mixin.py:151} INFO - [2023-09-29T07:22:21.245+0000] {dag.py:3696} INFO - Setting next_dagrun for example_params_ui_tutorial to None, run_after=None
[2023-09-29T07:22:21.267+0000] {processor.py:179} INFO - Processing /home/ubuntu/airflow_venv/lib/python3.10/site-packages/airflow/example_dags/example_params_ui_tutorial.py took 0.079 seconds
[2023-09-29T07:23:07.600+0000] {processor.py:157} INFO - Started process (PID=12236) to work on /home/ubuntu/airflow_venv/lib/python3.10/site-packages/airflow/example_dags/example_params_ui_tutorial.py
[2023-09-29T07:23:07.601+0000] {processor.py:829} INFO - Processing file /home/ubuntu/airflow_venv/lib/python3.10/site-packages/airflow/example_dags/example_params_ui_tutorial.py for tasks to queue
[2023-09-29T07:23:07.602+0000] {logging_mixin.py:151} INFO - [2023-09-29T07:23:07.602+0000] {dagbag.py:539} INFO - Filling up the DagBag from /home/ubuntu/airflow_venv/lib/python3.10/site-packages/airflow/example_dags/example_params_ui_tutorial.py
[2023-09-29T07:23:07.633+0000] {processor.py:839} INFO - DAG(s) dict_keys(['example_params_ui_tutorial']) retrieved from /home/ubuntu/airflow_venv/lib/python3.10/site-packages/airflow/example_dags/example_params_ui_tutorial.py
[2023-09-29T07:23:07.703+0000] {logging_mixin.py:151} INFO - [2023-09-29T07:23:07.703+0000] {dag.py:2915} INFO - Sync 1 DAGs
[2023-09-29T07:23:07.718+0000] {logging_mixin.py:151} INFO - [2023-09-29T07:23:07.718+0000] {dag.py:3696} INFO - Setting next_dagrun for example_params_ui_tutorial to None, run_after=None
[2023-09-29T07:23:07.880+0000] {processor.py:179} INFO - Processing /home/ubuntu/airflow_venv/lib/python3.10/site-packages/airflow/example_dags/example_params_ui_tutorial.py took 0.283 seconds
[2023-09-29T07:28:16.633+0000] {processor.py:157} INFO - Started process (PID=12862) to work on /home/ubuntu/airflow_venv/lib/python3.10/site-packages/airflow/example_dags/example_params_ui_tutorial.py
[2023-09-29T07:28:16.635+0000] {processor.py:829} INFO - Processing file /home/ubuntu/airflow_venv/lib/python3.10/site-packages/airflow/example_dags/example_params_ui_tutorial.py for tasks to queue
[2023-09-29T07:28:16.636+0000] {logging_mixin.py:151} INFO - [2023-09-29T07:28:16.635+0000] {dagbag.py:539} INFO - Filling up the DagBag from /home/ubuntu/airflow_venv/lib/python3.10/site-packages/airflow/example_dags/example_params_ui_tutorial.py
[2023-09-29T07:28:16.817+0000] {processor.py:839} INFO - DAG(s) dict_keys(['example_params_ui_tutorial']) retrieved from /home/ubuntu/airflow_venv/lib/python3.10/site-packages/airflow/example_dags/example_params_ui_tutorial.py
[2023-09-29T07:28:16.857+0000] {logging_mixin.py:151} INFO - [2023-09-29T07:28:16.856+0000] {dag.py:2915} INFO - Sync 1 DAGs
[2023-09-29T07:28:16.866+0000] {logging_mixin.py:151} INFO - [2023-09-29T07:28:16.865+0000] {dag.py:3696} INFO - Setting next_dagrun for example_params_ui_tutorial to None, run_after=None
[2023-09-29T07:28:16.901+0000] {processor.py:179} INFO - Processing /home/ubuntu/airflow_venv/lib/python3.10/site-packages/airflow/example_dags/example_params_ui_tutorial.py took 0.270 seconds
[2023-09-29T07:29:04.653+0000] {processor.py:157} INFO - Started process (PID=12911) to work on /home/ubuntu/airflow_venv/lib/python3.10/site-packages/airflow/example_dags/example_params_ui_tutorial.py
[2023-09-29T07:29:04.655+0000] {processor.py:829} INFO - Processing file /home/ubuntu/airflow_venv/lib/python3.10/site-packages/airflow/example_dags/example_params_ui_tutorial.py for tasks to queue
[2023-09-29T07:29:04.656+0000] {logging_mixin.py:151} INFO - [2023-09-29T07:29:04.656+0000] {dagbag.py:539} INFO - Filling up the DagBag from /home/ubuntu/airflow_venv/lib/python3.10/site-packages/airflow/example_dags/example_params_ui_tutorial.py
[2023-09-29T07:29:04.700+0000] {processor.py:839} INFO - DAG(s) dict_keys(['example_params_ui_tutorial']) retrieved from /home/ubuntu/airflow_venv/lib/python3.10/site-packages/airflow/example_dags/example_params_ui_tutorial.py
[2023-09-29T07:29:04.751+0000] {logging_mixin.py:151} INFO - [2023-09-29T07:29:04.751+0000] {dag.py:2915} INFO - Sync 1 DAGs
[2023-09-29T07:29:04.763+0000] {logging_mixin.py:151} INFO - [2023-09-29T07:29:04.762+0000] {dag.py:3696} INFO - Setting next_dagrun for example_params_ui_tutorial to None, run_after=None
[2023-09-29T07:29:04.783+0000] {processor.py:179} INFO - Processing /home/ubuntu/airflow_venv/lib/python3.10/site-packages/airflow/example_dags/example_params_ui_tutorial.py took 0.138 seconds
[2023-09-29T07:29:42.265+0000] {processor.py:157} INFO - Started process (PID=12948) to work on /home/ubuntu/airflow_venv/lib/python3.10/site-packages/airflow/example_dags/example_params_ui_tutorial.py
[2023-09-29T07:29:42.266+0000] {processor.py:829} INFO - Processing file /home/ubuntu/airflow_venv/lib/python3.10/site-packages/airflow/example_dags/example_params_ui_tutorial.py for tasks to queue
[2023-09-29T07:29:42.267+0000] {logging_mixin.py:151} INFO - [2023-09-29T07:29:42.267+0000] {dagbag.py:539} INFO - Filling up the DagBag from /home/ubuntu/airflow_venv/lib/python3.10/site-packages/airflow/example_dags/example_params_ui_tutorial.py
[2023-09-29T07:29:42.295+0000] {processor.py:839} INFO - DAG(s) dict_keys(['example_params_ui_tutorial']) retrieved from /home/ubuntu/airflow_venv/lib/python3.10/site-packages/airflow/example_dags/example_params_ui_tutorial.py
[2023-09-29T07:29:42.337+0000] {logging_mixin.py:151} INFO - [2023-09-29T07:29:42.337+0000] {dag.py:2915} INFO - Sync 1 DAGs
[2023-09-29T07:29:42.349+0000] {logging_mixin.py:151} INFO - [2023-09-29T07:29:42.349+0000] {dag.py:3696} INFO - Setting next_dagrun for example_params_ui_tutorial to None, run_after=None
[2023-09-29T07:29:42.370+0000] {processor.py:179} INFO - Processing /home/ubuntu/airflow_venv/lib/python3.10/site-packages/airflow/example_dags/example_params_ui_tutorial.py took 0.108 seconds
[2023-09-29T07:30:21.265+0000] {processor.py:157} INFO - Started process (PID=12988) to work on /home/ubuntu/airflow_venv/lib/python3.10/site-packages/airflow/example_dags/example_params_ui_tutorial.py
[2023-09-29T07:30:21.267+0000] {processor.py:829} INFO - Processing file /home/ubuntu/airflow_venv/lib/python3.10/site-packages/airflow/example_dags/example_params_ui_tutorial.py for tasks to queue
[2023-09-29T07:30:21.268+0000] {logging_mixin.py:151} INFO - [2023-09-29T07:30:21.267+0000] {dagbag.py:539} INFO - Filling up the DagBag from /home/ubuntu/airflow_venv/lib/python3.10/site-packages/airflow/example_dags/example_params_ui_tutorial.py
[2023-09-29T07:30:21.304+0000] {processor.py:839} INFO - DAG(s) dict_keys(['example_params_ui_tutorial']) retrieved from /home/ubuntu/airflow_venv/lib/python3.10/site-packages/airflow/example_dags/example_params_ui_tutorial.py
[2023-09-29T07:30:21.351+0000] {logging_mixin.py:151} INFO - [2023-09-29T07:30:21.350+0000] {dag.py:2915} INFO - Sync 1 DAGs
[2023-09-29T07:30:21.362+0000] {logging_mixin.py:151} INFO - [2023-09-29T07:30:21.362+0000] {dag.py:3696} INFO - Setting next_dagrun for example_params_ui_tutorial to None, run_after=None
[2023-09-29T07:30:21.387+0000] {processor.py:179} INFO - Processing /home/ubuntu/airflow_venv/lib/python3.10/site-packages/airflow/example_dags/example_params_ui_tutorial.py took 0.124 seconds
[2023-09-29T07:30:58.478+0000] {processor.py:157} INFO - Started process (PID=13029) to work on /home/ubuntu/airflow_venv/lib/python3.10/site-packages/airflow/example_dags/example_params_ui_tutorial.py
[2023-09-29T07:30:58.479+0000] {processor.py:829} INFO - Processing file /home/ubuntu/airflow_venv/lib/python3.10/site-packages/airflow/example_dags/example_params_ui_tutorial.py for tasks to queue
[2023-09-29T07:30:58.480+0000] {logging_mixin.py:151} INFO - [2023-09-29T07:30:58.479+0000] {dagbag.py:539} INFO - Filling up the DagBag from /home/ubuntu/airflow_venv/lib/python3.10/site-packages/airflow/example_dags/example_params_ui_tutorial.py
[2023-09-29T07:30:58.510+0000] {processor.py:839} INFO - DAG(s) dict_keys(['example_params_ui_tutorial']) retrieved from /home/ubuntu/airflow_venv/lib/python3.10/site-packages/airflow/example_dags/example_params_ui_tutorial.py
[2023-09-29T07:30:58.557+0000] {logging_mixin.py:151} INFO - [2023-09-29T07:30:58.557+0000] {dag.py:2915} INFO - Sync 1 DAGs
[2023-09-29T07:30:58.571+0000] {logging_mixin.py:151} INFO - [2023-09-29T07:30:58.570+0000] {dag.py:3696} INFO - Setting next_dagrun for example_params_ui_tutorial to None, run_after=None
[2023-09-29T07:30:58.606+0000] {processor.py:179} INFO - Processing /home/ubuntu/airflow_venv/lib/python3.10/site-packages/airflow/example_dags/example_params_ui_tutorial.py took 0.132 seconds
[2023-09-29T07:43:11.602+0000] {processor.py:157} INFO - Started process (PID=1202) to work on /home/ubuntu/airflow_venv/lib/python3.10/site-packages/airflow/example_dags/example_params_ui_tutorial.py
[2023-09-29T07:43:11.603+0000] {processor.py:829} INFO - Processing file /home/ubuntu/airflow_venv/lib/python3.10/site-packages/airflow/example_dags/example_params_ui_tutorial.py for tasks to queue
[2023-09-29T07:43:11.604+0000] {logging_mixin.py:151} INFO - [2023-09-29T07:43:11.603+0000] {dagbag.py:539} INFO - Filling up the DagBag from /home/ubuntu/airflow_venv/lib/python3.10/site-packages/airflow/example_dags/example_params_ui_tutorial.py
[2023-09-29T07:43:11.634+0000] {processor.py:839} INFO - DAG(s) dict_keys(['example_params_ui_tutorial']) retrieved from /home/ubuntu/airflow_venv/lib/python3.10/site-packages/airflow/example_dags/example_params_ui_tutorial.py
[2023-09-29T07:43:11.642+0000] {logging_mixin.py:151} INFO - [2023-09-29T07:43:11.642+0000] {dag.py:2915} INFO - Sync 1 DAGs
[2023-09-29T07:43:11.657+0000] {logging_mixin.py:151} INFO - [2023-09-29T07:43:11.656+0000] {dag.py:3696} INFO - Setting next_dagrun for example_params_ui_tutorial to None, run_after=None
[2023-09-29T07:43:11.677+0000] {processor.py:179} INFO - Processing /home/ubuntu/airflow_venv/lib/python3.10/site-packages/airflow/example_dags/example_params_ui_tutorial.py took 0.079 seconds
[2023-09-29T07:43:59.567+0000] {processor.py:157} INFO - Started process (PID=1250) to work on /home/ubuntu/airflow_venv/lib/python3.10/site-packages/airflow/example_dags/example_params_ui_tutorial.py
[2023-09-29T07:43:59.568+0000] {processor.py:829} INFO - Processing file /home/ubuntu/airflow_venv/lib/python3.10/site-packages/airflow/example_dags/example_params_ui_tutorial.py for tasks to queue
[2023-09-29T07:43:59.569+0000] {logging_mixin.py:151} INFO - [2023-09-29T07:43:59.568+0000] {dagbag.py:539} INFO - Filling up the DagBag from /home/ubuntu/airflow_venv/lib/python3.10/site-packages/airflow/example_dags/example_params_ui_tutorial.py
[2023-09-29T07:43:59.597+0000] {processor.py:839} INFO - DAG(s) dict_keys(['example_params_ui_tutorial']) retrieved from /home/ubuntu/airflow_venv/lib/python3.10/site-packages/airflow/example_dags/example_params_ui_tutorial.py
[2023-09-29T07:43:59.642+0000] {logging_mixin.py:151} INFO - [2023-09-29T07:43:59.642+0000] {dag.py:2915} INFO - Sync 1 DAGs
[2023-09-29T07:43:59.654+0000] {logging_mixin.py:151} INFO - [2023-09-29T07:43:59.654+0000] {dag.py:3696} INFO - Setting next_dagrun for example_params_ui_tutorial to None, run_after=None
[2023-09-29T07:43:59.822+0000] {processor.py:179} INFO - Processing /home/ubuntu/airflow_venv/lib/python3.10/site-packages/airflow/example_dags/example_params_ui_tutorial.py took 0.259 seconds
[2023-09-29T07:44:55.226+0000] {processor.py:157} INFO - Started process (PID=1298) to work on /home/ubuntu/airflow_venv/lib/python3.10/site-packages/airflow/example_dags/example_params_ui_tutorial.py
[2023-09-29T07:44:55.227+0000] {processor.py:829} INFO - Processing file /home/ubuntu/airflow_venv/lib/python3.10/site-packages/airflow/example_dags/example_params_ui_tutorial.py for tasks to queue
[2023-09-29T07:44:55.228+0000] {logging_mixin.py:151} INFO - [2023-09-29T07:44:55.228+0000] {dagbag.py:539} INFO - Filling up the DagBag from /home/ubuntu/airflow_venv/lib/python3.10/site-packages/airflow/example_dags/example_params_ui_tutorial.py
[2023-09-29T07:44:55.266+0000] {processor.py:839} INFO - DAG(s) dict_keys(['example_params_ui_tutorial']) retrieved from /home/ubuntu/airflow_venv/lib/python3.10/site-packages/airflow/example_dags/example_params_ui_tutorial.py
[2023-09-29T07:44:55.483+0000] {logging_mixin.py:151} INFO - [2023-09-29T07:44:55.482+0000] {dag.py:2915} INFO - Sync 1 DAGs
[2023-09-29T07:44:55.494+0000] {logging_mixin.py:151} INFO - [2023-09-29T07:44:55.494+0000] {dag.py:3696} INFO - Setting next_dagrun for example_params_ui_tutorial to None, run_after=None
[2023-09-29T07:44:55.527+0000] {processor.py:179} INFO - Processing /home/ubuntu/airflow_venv/lib/python3.10/site-packages/airflow/example_dags/example_params_ui_tutorial.py took 0.305 seconds
[2023-09-29T07:55:05.804+0000] {processor.py:157} INFO - Started process (PID=1326) to work on /home/ubuntu/airflow_venv/lib/python3.10/site-packages/airflow/example_dags/example_params_ui_tutorial.py
[2023-09-29T07:55:05.805+0000] {processor.py:829} INFO - Processing file /home/ubuntu/airflow_venv/lib/python3.10/site-packages/airflow/example_dags/example_params_ui_tutorial.py for tasks to queue
[2023-09-29T07:55:05.806+0000] {logging_mixin.py:151} INFO - [2023-09-29T07:55:05.806+0000] {dagbag.py:539} INFO - Filling up the DagBag from /home/ubuntu/airflow_venv/lib/python3.10/site-packages/airflow/example_dags/example_params_ui_tutorial.py
[2023-09-29T07:55:05.842+0000] {processor.py:839} INFO - DAG(s) dict_keys(['example_params_ui_tutorial']) retrieved from /home/ubuntu/airflow_venv/lib/python3.10/site-packages/airflow/example_dags/example_params_ui_tutorial.py
[2023-09-29T07:55:05.855+0000] {logging_mixin.py:151} INFO - [2023-09-29T07:55:05.854+0000] {dag.py:2915} INFO - Sync 1 DAGs
[2023-09-29T07:55:05.901+0000] {logging_mixin.py:151} INFO - [2023-09-29T07:55:05.901+0000] {dag.py:3696} INFO - Setting next_dagrun for example_params_ui_tutorial to None, run_after=None
[2023-09-29T07:55:05.931+0000] {processor.py:179} INFO - Processing /home/ubuntu/airflow_venv/lib/python3.10/site-packages/airflow/example_dags/example_params_ui_tutorial.py took 0.130 seconds
[2023-09-29T07:55:58.452+0000] {processor.py:157} INFO - Started process (PID=1380) to work on /home/ubuntu/airflow_venv/lib/python3.10/site-packages/airflow/example_dags/example_params_ui_tutorial.py
[2023-09-29T07:55:58.453+0000] {processor.py:829} INFO - Processing file /home/ubuntu/airflow_venv/lib/python3.10/site-packages/airflow/example_dags/example_params_ui_tutorial.py for tasks to queue
[2023-09-29T07:55:58.454+0000] {logging_mixin.py:151} INFO - [2023-09-29T07:55:58.454+0000] {dagbag.py:539} INFO - Filling up the DagBag from /home/ubuntu/airflow_venv/lib/python3.10/site-packages/airflow/example_dags/example_params_ui_tutorial.py
[2023-09-29T07:55:58.480+0000] {processor.py:839} INFO - DAG(s) dict_keys(['example_params_ui_tutorial']) retrieved from /home/ubuntu/airflow_venv/lib/python3.10/site-packages/airflow/example_dags/example_params_ui_tutorial.py
[2023-09-29T07:55:58.520+0000] {logging_mixin.py:151} INFO - [2023-09-29T07:55:58.520+0000] {dag.py:2915} INFO - Sync 1 DAGs
[2023-09-29T07:55:58.530+0000] {logging_mixin.py:151} INFO - [2023-09-29T07:55:58.530+0000] {dag.py:3696} INFO - Setting next_dagrun for example_params_ui_tutorial to None, run_after=None
[2023-09-29T07:55:58.715+0000] {processor.py:179} INFO - Processing /home/ubuntu/airflow_venv/lib/python3.10/site-packages/airflow/example_dags/example_params_ui_tutorial.py took 0.266 seconds
[2023-09-29T07:56:47.462+0000] {processor.py:157} INFO - Started process (PID=1422) to work on /home/ubuntu/airflow_venv/lib/python3.10/site-packages/airflow/example_dags/example_params_ui_tutorial.py
[2023-09-29T07:56:47.463+0000] {processor.py:829} INFO - Processing file /home/ubuntu/airflow_venv/lib/python3.10/site-packages/airflow/example_dags/example_params_ui_tutorial.py for tasks to queue
[2023-09-29T07:56:47.464+0000] {logging_mixin.py:151} INFO - [2023-09-29T07:56:47.463+0000] {dagbag.py:539} INFO - Filling up the DagBag from /home/ubuntu/airflow_venv/lib/python3.10/site-packages/airflow/example_dags/example_params_ui_tutorial.py
[2023-09-29T07:56:47.491+0000] {processor.py:839} INFO - DAG(s) dict_keys(['example_params_ui_tutorial']) retrieved from /home/ubuntu/airflow_venv/lib/python3.10/site-packages/airflow/example_dags/example_params_ui_tutorial.py
[2023-09-29T07:56:47.674+0000] {logging_mixin.py:151} INFO - [2023-09-29T07:56:47.674+0000] {dag.py:2915} INFO - Sync 1 DAGs
[2023-09-29T07:56:47.683+0000] {logging_mixin.py:151} INFO - [2023-09-29T07:56:47.683+0000] {dag.py:3696} INFO - Setting next_dagrun for example_params_ui_tutorial to None, run_after=None
[2023-09-29T07:56:47.703+0000] {processor.py:179} INFO - Processing /home/ubuntu/airflow_venv/lib/python3.10/site-packages/airflow/example_dags/example_params_ui_tutorial.py took 0.244 seconds
[2023-09-29T07:57:40.397+0000] {processor.py:157} INFO - Started process (PID=1469) to work on /home/ubuntu/airflow_venv/lib/python3.10/site-packages/airflow/example_dags/example_params_ui_tutorial.py
[2023-09-29T07:57:40.398+0000] {processor.py:829} INFO - Processing file /home/ubuntu/airflow_venv/lib/python3.10/site-packages/airflow/example_dags/example_params_ui_tutorial.py for tasks to queue
[2023-09-29T07:57:40.399+0000] {logging_mixin.py:151} INFO - [2023-09-29T07:57:40.398+0000] {dagbag.py:539} INFO - Filling up the DagBag from /home/ubuntu/airflow_venv/lib/python3.10/site-packages/airflow/example_dags/example_params_ui_tutorial.py
[2023-09-29T07:57:40.452+0000] {processor.py:839} INFO - DAG(s) dict_keys(['example_params_ui_tutorial']) retrieved from /home/ubuntu/airflow_venv/lib/python3.10/site-packages/airflow/example_dags/example_params_ui_tutorial.py
[2023-09-29T07:57:40.510+0000] {logging_mixin.py:151} INFO - [2023-09-29T07:57:40.510+0000] {dag.py:2915} INFO - Sync 1 DAGs
[2023-09-29T07:57:40.527+0000] {logging_mixin.py:151} INFO - [2023-09-29T07:57:40.527+0000] {dag.py:3696} INFO - Setting next_dagrun for example_params_ui_tutorial to None, run_after=None
[2023-09-29T07:57:40.554+0000] {processor.py:179} INFO - Processing /home/ubuntu/airflow_venv/lib/python3.10/site-packages/airflow/example_dags/example_params_ui_tutorial.py took 0.165 seconds
[2023-09-29T07:58:27.280+0000] {processor.py:157} INFO - Started process (PID=1517) to work on /home/ubuntu/airflow_venv/lib/python3.10/site-packages/airflow/example_dags/example_params_ui_tutorial.py
[2023-09-29T07:58:27.282+0000] {processor.py:829} INFO - Processing file /home/ubuntu/airflow_venv/lib/python3.10/site-packages/airflow/example_dags/example_params_ui_tutorial.py for tasks to queue
[2023-09-29T07:58:27.283+0000] {logging_mixin.py:151} INFO - [2023-09-29T07:58:27.283+0000] {dagbag.py:539} INFO - Filling up the DagBag from /home/ubuntu/airflow_venv/lib/python3.10/site-packages/airflow/example_dags/example_params_ui_tutorial.py
[2023-09-29T07:58:27.317+0000] {processor.py:839} INFO - DAG(s) dict_keys(['example_params_ui_tutorial']) retrieved from /home/ubuntu/airflow_venv/lib/python3.10/site-packages/airflow/example_dags/example_params_ui_tutorial.py
[2023-09-29T07:58:27.360+0000] {logging_mixin.py:151} INFO - [2023-09-29T07:58:27.360+0000] {dag.py:2915} INFO - Sync 1 DAGs
[2023-09-29T07:58:27.371+0000] {logging_mixin.py:151} INFO - [2023-09-29T07:58:27.371+0000] {dag.py:3696} INFO - Setting next_dagrun for example_params_ui_tutorial to None, run_after=None
[2023-09-29T07:58:27.394+0000] {processor.py:179} INFO - Processing /home/ubuntu/airflow_venv/lib/python3.10/site-packages/airflow/example_dags/example_params_ui_tutorial.py took 0.119 seconds
[2023-09-29T07:59:07.869+0000] {processor.py:157} INFO - Started process (PID=1563) to work on /home/ubuntu/airflow_venv/lib/python3.10/site-packages/airflow/example_dags/example_params_ui_tutorial.py
[2023-09-29T07:59:07.870+0000] {processor.py:829} INFO - Processing file /home/ubuntu/airflow_venv/lib/python3.10/site-packages/airflow/example_dags/example_params_ui_tutorial.py for tasks to queue
[2023-09-29T07:59:07.871+0000] {logging_mixin.py:151} INFO - [2023-09-29T07:59:07.871+0000] {dagbag.py:539} INFO - Filling up the DagBag from /home/ubuntu/airflow_venv/lib/python3.10/site-packages/airflow/example_dags/example_params_ui_tutorial.py
[2023-09-29T07:59:07.905+0000] {processor.py:839} INFO - DAG(s) dict_keys(['example_params_ui_tutorial']) retrieved from /home/ubuntu/airflow_venv/lib/python3.10/site-packages/airflow/example_dags/example_params_ui_tutorial.py
[2023-09-29T07:59:07.963+0000] {logging_mixin.py:151} INFO - [2023-09-29T07:59:07.963+0000] {dag.py:2915} INFO - Sync 1 DAGs
[2023-09-29T07:59:07.978+0000] {logging_mixin.py:151} INFO - [2023-09-29T07:59:07.977+0000] {dag.py:3696} INFO - Setting next_dagrun for example_params_ui_tutorial to None, run_after=None
[2023-09-29T07:59:08.005+0000] {processor.py:179} INFO - Processing /home/ubuntu/airflow_venv/lib/python3.10/site-packages/airflow/example_dags/example_params_ui_tutorial.py took 0.141 seconds
[2023-09-29T07:59:59.767+0000] {processor.py:157} INFO - Started process (PID=1618) to work on /home/ubuntu/airflow_venv/lib/python3.10/site-packages/airflow/example_dags/example_params_ui_tutorial.py
[2023-09-29T07:59:59.769+0000] {processor.py:829} INFO - Processing file /home/ubuntu/airflow_venv/lib/python3.10/site-packages/airflow/example_dags/example_params_ui_tutorial.py for tasks to queue
[2023-09-29T07:59:59.770+0000] {logging_mixin.py:151} INFO - [2023-09-29T07:59:59.769+0000] {dagbag.py:539} INFO - Filling up the DagBag from /home/ubuntu/airflow_venv/lib/python3.10/site-packages/airflow/example_dags/example_params_ui_tutorial.py
[2023-09-29T07:59:59.801+0000] {processor.py:839} INFO - DAG(s) dict_keys(['example_params_ui_tutorial']) retrieved from /home/ubuntu/airflow_venv/lib/python3.10/site-packages/airflow/example_dags/example_params_ui_tutorial.py
[2023-09-29T07:59:59.850+0000] {logging_mixin.py:151} INFO - [2023-09-29T07:59:59.849+0000] {dag.py:2915} INFO - Sync 1 DAGs
[2023-09-29T07:59:59.861+0000] {logging_mixin.py:151} INFO - [2023-09-29T07:59:59.861+0000] {dag.py:3696} INFO - Setting next_dagrun for example_params_ui_tutorial to None, run_after=None
[2023-09-29T07:59:59.909+0000] {processor.py:179} INFO - Processing /home/ubuntu/airflow_venv/lib/python3.10/site-packages/airflow/example_dags/example_params_ui_tutorial.py took 0.145 seconds
[2023-09-29T08:00:52.820+0000] {processor.py:157} INFO - Started process (PID=1669) to work on /home/ubuntu/airflow_venv/lib/python3.10/site-packages/airflow/example_dags/example_params_ui_tutorial.py
[2023-09-29T08:00:52.822+0000] {processor.py:829} INFO - Processing file /home/ubuntu/airflow_venv/lib/python3.10/site-packages/airflow/example_dags/example_params_ui_tutorial.py for tasks to queue
[2023-09-29T08:00:52.823+0000] {logging_mixin.py:151} INFO - [2023-09-29T08:00:52.822+0000] {dagbag.py:539} INFO - Filling up the DagBag from /home/ubuntu/airflow_venv/lib/python3.10/site-packages/airflow/example_dags/example_params_ui_tutorial.py
[2023-09-29T08:00:52.863+0000] {processor.py:839} INFO - DAG(s) dict_keys(['example_params_ui_tutorial']) retrieved from /home/ubuntu/airflow_venv/lib/python3.10/site-packages/airflow/example_dags/example_params_ui_tutorial.py
[2023-09-29T08:00:52.915+0000] {logging_mixin.py:151} INFO - [2023-09-29T08:00:52.914+0000] {dag.py:2915} INFO - Sync 1 DAGs
[2023-09-29T08:00:52.930+0000] {logging_mixin.py:151} INFO - [2023-09-29T08:00:52.930+0000] {dag.py:3696} INFO - Setting next_dagrun for example_params_ui_tutorial to None, run_after=None
[2023-09-29T08:00:52.965+0000] {processor.py:179} INFO - Processing /home/ubuntu/airflow_venv/lib/python3.10/site-packages/airflow/example_dags/example_params_ui_tutorial.py took 0.148 seconds
[2023-09-29T08:01:42.710+0000] {processor.py:157} INFO - Started process (PID=1718) to work on /home/ubuntu/airflow_venv/lib/python3.10/site-packages/airflow/example_dags/example_params_ui_tutorial.py
[2023-09-29T08:01:42.711+0000] {processor.py:829} INFO - Processing file /home/ubuntu/airflow_venv/lib/python3.10/site-packages/airflow/example_dags/example_params_ui_tutorial.py for tasks to queue
[2023-09-29T08:01:42.712+0000] {logging_mixin.py:151} INFO - [2023-09-29T08:01:42.712+0000] {dagbag.py:539} INFO - Filling up the DagBag from /home/ubuntu/airflow_venv/lib/python3.10/site-packages/airflow/example_dags/example_params_ui_tutorial.py
[2023-09-29T08:01:42.742+0000] {processor.py:839} INFO - DAG(s) dict_keys(['example_params_ui_tutorial']) retrieved from /home/ubuntu/airflow_venv/lib/python3.10/site-packages/airflow/example_dags/example_params_ui_tutorial.py
[2023-09-29T08:01:42.795+0000] {logging_mixin.py:151} INFO - [2023-09-29T08:01:42.794+0000] {dag.py:2915} INFO - Sync 1 DAGs
[2023-09-29T08:01:42.807+0000] {logging_mixin.py:151} INFO - [2023-09-29T08:01:42.807+0000] {dag.py:3696} INFO - Setting next_dagrun for example_params_ui_tutorial to None, run_after=None
[2023-09-29T08:01:42.828+0000] {processor.py:179} INFO - Processing /home/ubuntu/airflow_venv/lib/python3.10/site-packages/airflow/example_dags/example_params_ui_tutorial.py took 0.121 seconds
[2023-09-29T08:02:20.659+0000] {processor.py:157} INFO - Started process (PID=1757) to work on /home/ubuntu/airflow_venv/lib/python3.10/site-packages/airflow/example_dags/example_params_ui_tutorial.py
[2023-09-29T08:02:20.660+0000] {processor.py:829} INFO - Processing file /home/ubuntu/airflow_venv/lib/python3.10/site-packages/airflow/example_dags/example_params_ui_tutorial.py for tasks to queue
[2023-09-29T08:02:20.661+0000] {logging_mixin.py:151} INFO - [2023-09-29T08:02:20.661+0000] {dagbag.py:539} INFO - Filling up the DagBag from /home/ubuntu/airflow_venv/lib/python3.10/site-packages/airflow/example_dags/example_params_ui_tutorial.py
[2023-09-29T08:02:20.689+0000] {processor.py:839} INFO - DAG(s) dict_keys(['example_params_ui_tutorial']) retrieved from /home/ubuntu/airflow_venv/lib/python3.10/site-packages/airflow/example_dags/example_params_ui_tutorial.py
[2023-09-29T08:02:20.737+0000] {logging_mixin.py:151} INFO - [2023-09-29T08:02:20.737+0000] {dag.py:2915} INFO - Sync 1 DAGs
[2023-09-29T08:02:20.752+0000] {logging_mixin.py:151} INFO - [2023-09-29T08:02:20.751+0000] {dag.py:3696} INFO - Setting next_dagrun for example_params_ui_tutorial to None, run_after=None
[2023-09-29T08:02:20.772+0000] {processor.py:179} INFO - Processing /home/ubuntu/airflow_venv/lib/python3.10/site-packages/airflow/example_dags/example_params_ui_tutorial.py took 0.117 seconds
[2023-09-29T08:02:58.338+0000] {processor.py:157} INFO - Started process (PID=1795) to work on /home/ubuntu/airflow_venv/lib/python3.10/site-packages/airflow/example_dags/example_params_ui_tutorial.py
[2023-09-29T08:02:58.339+0000] {processor.py:829} INFO - Processing file /home/ubuntu/airflow_venv/lib/python3.10/site-packages/airflow/example_dags/example_params_ui_tutorial.py for tasks to queue
[2023-09-29T08:02:58.340+0000] {logging_mixin.py:151} INFO - [2023-09-29T08:02:58.340+0000] {dagbag.py:539} INFO - Filling up the DagBag from /home/ubuntu/airflow_venv/lib/python3.10/site-packages/airflow/example_dags/example_params_ui_tutorial.py
[2023-09-29T08:02:58.368+0000] {processor.py:839} INFO - DAG(s) dict_keys(['example_params_ui_tutorial']) retrieved from /home/ubuntu/airflow_venv/lib/python3.10/site-packages/airflow/example_dags/example_params_ui_tutorial.py
[2023-09-29T08:02:58.412+0000] {logging_mixin.py:151} INFO - [2023-09-29T08:02:58.411+0000] {dag.py:2915} INFO - Sync 1 DAGs
[2023-09-29T08:02:58.423+0000] {logging_mixin.py:151} INFO - [2023-09-29T08:02:58.423+0000] {dag.py:3696} INFO - Setting next_dagrun for example_params_ui_tutorial to None, run_after=None
[2023-09-29T08:02:58.449+0000] {processor.py:179} INFO - Processing /home/ubuntu/airflow_venv/lib/python3.10/site-packages/airflow/example_dags/example_params_ui_tutorial.py took 0.114 seconds
[2023-09-29T08:03:50.410+0000] {processor.py:157} INFO - Started process (PID=1848) to work on /home/ubuntu/airflow_venv/lib/python3.10/site-packages/airflow/example_dags/example_params_ui_tutorial.py
[2023-09-29T08:03:50.414+0000] {processor.py:829} INFO - Processing file /home/ubuntu/airflow_venv/lib/python3.10/site-packages/airflow/example_dags/example_params_ui_tutorial.py for tasks to queue
[2023-09-29T08:03:50.416+0000] {logging_mixin.py:151} INFO - [2023-09-29T08:03:50.415+0000] {dagbag.py:539} INFO - Filling up the DagBag from /home/ubuntu/airflow_venv/lib/python3.10/site-packages/airflow/example_dags/example_params_ui_tutorial.py
[2023-09-29T08:03:50.455+0000] {processor.py:839} INFO - DAG(s) dict_keys(['example_params_ui_tutorial']) retrieved from /home/ubuntu/airflow_venv/lib/python3.10/site-packages/airflow/example_dags/example_params_ui_tutorial.py
[2023-09-29T08:03:50.516+0000] {logging_mixin.py:151} INFO - [2023-09-29T08:03:50.516+0000] {dag.py:2915} INFO - Sync 1 DAGs
[2023-09-29T08:03:50.531+0000] {logging_mixin.py:151} INFO - [2023-09-29T08:03:50.530+0000] {dag.py:3696} INFO - Setting next_dagrun for example_params_ui_tutorial to None, run_after=None
[2023-09-29T08:03:50.553+0000] {processor.py:179} INFO - Processing /home/ubuntu/airflow_venv/lib/python3.10/site-packages/airflow/example_dags/example_params_ui_tutorial.py took 0.147 seconds
[2023-09-29T08:04:43.479+0000] {processor.py:157} INFO - Started process (PID=1903) to work on /home/ubuntu/airflow_venv/lib/python3.10/site-packages/airflow/example_dags/example_params_ui_tutorial.py
[2023-09-29T08:04:43.480+0000] {processor.py:829} INFO - Processing file /home/ubuntu/airflow_venv/lib/python3.10/site-packages/airflow/example_dags/example_params_ui_tutorial.py for tasks to queue
[2023-09-29T08:04:43.481+0000] {logging_mixin.py:151} INFO - [2023-09-29T08:04:43.480+0000] {dagbag.py:539} INFO - Filling up the DagBag from /home/ubuntu/airflow_venv/lib/python3.10/site-packages/airflow/example_dags/example_params_ui_tutorial.py
[2023-09-29T08:04:43.513+0000] {processor.py:839} INFO - DAG(s) dict_keys(['example_params_ui_tutorial']) retrieved from /home/ubuntu/airflow_venv/lib/python3.10/site-packages/airflow/example_dags/example_params_ui_tutorial.py
[2023-09-29T08:04:43.563+0000] {logging_mixin.py:151} INFO - [2023-09-29T08:04:43.563+0000] {dag.py:2915} INFO - Sync 1 DAGs
[2023-09-29T08:04:43.577+0000] {logging_mixin.py:151} INFO - [2023-09-29T08:04:43.577+0000] {dag.py:3696} INFO - Setting next_dagrun for example_params_ui_tutorial to None, run_after=None
[2023-09-29T08:04:43.600+0000] {processor.py:179} INFO - Processing /home/ubuntu/airflow_venv/lib/python3.10/site-packages/airflow/example_dags/example_params_ui_tutorial.py took 0.125 seconds
[2023-09-29T08:05:31.669+0000] {processor.py:157} INFO - Started process (PID=1953) to work on /home/ubuntu/airflow_venv/lib/python3.10/site-packages/airflow/example_dags/example_params_ui_tutorial.py
[2023-09-29T08:05:31.670+0000] {processor.py:829} INFO - Processing file /home/ubuntu/airflow_venv/lib/python3.10/site-packages/airflow/example_dags/example_params_ui_tutorial.py for tasks to queue
[2023-09-29T08:05:31.670+0000] {logging_mixin.py:151} INFO - [2023-09-29T08:05:31.670+0000] {dagbag.py:539} INFO - Filling up the DagBag from /home/ubuntu/airflow_venv/lib/python3.10/site-packages/airflow/example_dags/example_params_ui_tutorial.py
[2023-09-29T08:05:31.702+0000] {processor.py:839} INFO - DAG(s) dict_keys(['example_params_ui_tutorial']) retrieved from /home/ubuntu/airflow_venv/lib/python3.10/site-packages/airflow/example_dags/example_params_ui_tutorial.py
[2023-09-29T08:05:31.746+0000] {logging_mixin.py:151} INFO - [2023-09-29T08:05:31.746+0000] {dag.py:2915} INFO - Sync 1 DAGs
[2023-09-29T08:05:31.759+0000] {logging_mixin.py:151} INFO - [2023-09-29T08:05:31.759+0000] {dag.py:3696} INFO - Setting next_dagrun for example_params_ui_tutorial to None, run_after=None
[2023-09-29T08:05:31.783+0000] {processor.py:179} INFO - Processing /home/ubuntu/airflow_venv/lib/python3.10/site-packages/airflow/example_dags/example_params_ui_tutorial.py took 0.118 seconds
[2023-09-29T08:06:09.057+0000] {processor.py:157} INFO - Started process (PID=1990) to work on /home/ubuntu/airflow_venv/lib/python3.10/site-packages/airflow/example_dags/example_params_ui_tutorial.py
[2023-09-29T08:06:09.058+0000] {processor.py:829} INFO - Processing file /home/ubuntu/airflow_venv/lib/python3.10/site-packages/airflow/example_dags/example_params_ui_tutorial.py for tasks to queue
[2023-09-29T08:06:09.059+0000] {logging_mixin.py:151} INFO - [2023-09-29T08:06:09.059+0000] {dagbag.py:539} INFO - Filling up the DagBag from /home/ubuntu/airflow_venv/lib/python3.10/site-packages/airflow/example_dags/example_params_ui_tutorial.py
[2023-09-29T08:06:09.087+0000] {processor.py:839} INFO - DAG(s) dict_keys(['example_params_ui_tutorial']) retrieved from /home/ubuntu/airflow_venv/lib/python3.10/site-packages/airflow/example_dags/example_params_ui_tutorial.py
[2023-09-29T08:06:09.129+0000] {logging_mixin.py:151} INFO - [2023-09-29T08:06:09.129+0000] {dag.py:2915} INFO - Sync 1 DAGs
[2023-09-29T08:06:09.140+0000] {logging_mixin.py:151} INFO - [2023-09-29T08:06:09.140+0000] {dag.py:3696} INFO - Setting next_dagrun for example_params_ui_tutorial to None, run_after=None
[2023-09-29T08:06:09.161+0000] {processor.py:179} INFO - Processing /home/ubuntu/airflow_venv/lib/python3.10/site-packages/airflow/example_dags/example_params_ui_tutorial.py took 0.107 seconds
[2023-09-29T08:06:57.018+0000] {processor.py:157} INFO - Started process (PID=2041) to work on /home/ubuntu/airflow_venv/lib/python3.10/site-packages/airflow/example_dags/example_params_ui_tutorial.py
[2023-09-29T08:06:57.019+0000] {processor.py:829} INFO - Processing file /home/ubuntu/airflow_venv/lib/python3.10/site-packages/airflow/example_dags/example_params_ui_tutorial.py for tasks to queue
[2023-09-29T08:06:57.020+0000] {logging_mixin.py:151} INFO - [2023-09-29T08:06:57.019+0000] {dagbag.py:539} INFO - Filling up the DagBag from /home/ubuntu/airflow_venv/lib/python3.10/site-packages/airflow/example_dags/example_params_ui_tutorial.py
[2023-09-29T08:06:57.047+0000] {processor.py:839} INFO - DAG(s) dict_keys(['example_params_ui_tutorial']) retrieved from /home/ubuntu/airflow_venv/lib/python3.10/site-packages/airflow/example_dags/example_params_ui_tutorial.py
[2023-09-29T08:06:57.087+0000] {logging_mixin.py:151} INFO - [2023-09-29T08:06:57.086+0000] {dag.py:2915} INFO - Sync 1 DAGs
[2023-09-29T08:06:57.101+0000] {logging_mixin.py:151} INFO - [2023-09-29T08:06:57.101+0000] {dag.py:3696} INFO - Setting next_dagrun for example_params_ui_tutorial to None, run_after=None
[2023-09-29T08:06:57.121+0000] {processor.py:179} INFO - Processing /home/ubuntu/airflow_venv/lib/python3.10/site-packages/airflow/example_dags/example_params_ui_tutorial.py took 0.106 seconds
[2023-09-29T08:07:47.062+0000] {processor.py:157} INFO - Started process (PID=2303) to work on /home/ubuntu/airflow_venv/lib/python3.10/site-packages/airflow/example_dags/example_params_ui_tutorial.py
[2023-09-29T08:07:47.064+0000] {processor.py:829} INFO - Processing file /home/ubuntu/airflow_venv/lib/python3.10/site-packages/airflow/example_dags/example_params_ui_tutorial.py for tasks to queue
[2023-09-29T08:07:47.064+0000] {logging_mixin.py:151} INFO - [2023-09-29T08:07:47.064+0000] {dagbag.py:539} INFO - Filling up the DagBag from /home/ubuntu/airflow_venv/lib/python3.10/site-packages/airflow/example_dags/example_params_ui_tutorial.py
[2023-09-29T08:07:47.090+0000] {processor.py:839} INFO - DAG(s) dict_keys(['example_params_ui_tutorial']) retrieved from /home/ubuntu/airflow_venv/lib/python3.10/site-packages/airflow/example_dags/example_params_ui_tutorial.py
[2023-09-29T08:07:47.138+0000] {logging_mixin.py:151} INFO - [2023-09-29T08:07:47.137+0000] {dag.py:2915} INFO - Sync 1 DAGs
[2023-09-29T08:07:47.148+0000] {logging_mixin.py:151} INFO - [2023-09-29T08:07:47.148+0000] {dag.py:3696} INFO - Setting next_dagrun for example_params_ui_tutorial to None, run_after=None
[2023-09-29T08:07:47.168+0000] {processor.py:179} INFO - Processing /home/ubuntu/airflow_venv/lib/python3.10/site-packages/airflow/example_dags/example_params_ui_tutorial.py took 0.109 seconds
[2023-09-29T08:08:24.489+0000] {processor.py:157} INFO - Started process (PID=2341) to work on /home/ubuntu/airflow_venv/lib/python3.10/site-packages/airflow/example_dags/example_params_ui_tutorial.py
[2023-09-29T08:08:24.490+0000] {processor.py:829} INFO - Processing file /home/ubuntu/airflow_venv/lib/python3.10/site-packages/airflow/example_dags/example_params_ui_tutorial.py for tasks to queue
[2023-09-29T08:08:24.490+0000] {logging_mixin.py:151} INFO - [2023-09-29T08:08:24.490+0000] {dagbag.py:539} INFO - Filling up the DagBag from /home/ubuntu/airflow_venv/lib/python3.10/site-packages/airflow/example_dags/example_params_ui_tutorial.py
[2023-09-29T08:08:24.517+0000] {processor.py:839} INFO - DAG(s) dict_keys(['example_params_ui_tutorial']) retrieved from /home/ubuntu/airflow_venv/lib/python3.10/site-packages/airflow/example_dags/example_params_ui_tutorial.py
[2023-09-29T08:08:24.555+0000] {logging_mixin.py:151} INFO - [2023-09-29T08:08:24.555+0000] {dag.py:2915} INFO - Sync 1 DAGs
[2023-09-29T08:08:24.565+0000] {logging_mixin.py:151} INFO - [2023-09-29T08:08:24.565+0000] {dag.py:3696} INFO - Setting next_dagrun for example_params_ui_tutorial to None, run_after=None
[2023-09-29T08:08:24.584+0000] {processor.py:179} INFO - Processing /home/ubuntu/airflow_venv/lib/python3.10/site-packages/airflow/example_dags/example_params_ui_tutorial.py took 0.099 seconds
[2023-09-29T08:09:16.456+0000] {processor.py:157} INFO - Started process (PID=2397) to work on /home/ubuntu/airflow_venv/lib/python3.10/site-packages/airflow/example_dags/example_params_ui_tutorial.py
[2023-09-29T08:09:16.457+0000] {processor.py:829} INFO - Processing file /home/ubuntu/airflow_venv/lib/python3.10/site-packages/airflow/example_dags/example_params_ui_tutorial.py for tasks to queue
[2023-09-29T08:09:16.458+0000] {logging_mixin.py:151} INFO - [2023-09-29T08:09:16.458+0000] {dagbag.py:539} INFO - Filling up the DagBag from /home/ubuntu/airflow_venv/lib/python3.10/site-packages/airflow/example_dags/example_params_ui_tutorial.py
[2023-09-29T08:09:16.496+0000] {processor.py:839} INFO - DAG(s) dict_keys(['example_params_ui_tutorial']) retrieved from /home/ubuntu/airflow_venv/lib/python3.10/site-packages/airflow/example_dags/example_params_ui_tutorial.py
[2023-09-29T08:09:16.588+0000] {logging_mixin.py:151} INFO - [2023-09-29T08:09:16.587+0000] {dag.py:2915} INFO - Sync 1 DAGs
[2023-09-29T08:09:16.604+0000] {logging_mixin.py:151} INFO - [2023-09-29T08:09:16.604+0000] {dag.py:3696} INFO - Setting next_dagrun for example_params_ui_tutorial to None, run_after=None
[2023-09-29T08:09:16.684+0000] {processor.py:179} INFO - Processing /home/ubuntu/airflow_venv/lib/python3.10/site-packages/airflow/example_dags/example_params_ui_tutorial.py took 0.231 seconds
[2023-09-29T09:25:11.885+0000] {processor.py:157} INFO - Started process (PID=3284) to work on /home/ubuntu/airflow_venv/lib/python3.10/site-packages/airflow/example_dags/example_params_ui_tutorial.py
[2023-09-29T09:25:11.888+0000] {processor.py:829} INFO - Processing file /home/ubuntu/airflow_venv/lib/python3.10/site-packages/airflow/example_dags/example_params_ui_tutorial.py for tasks to queue
[2023-09-29T09:25:11.889+0000] {logging_mixin.py:151} INFO - [2023-09-29T09:25:11.888+0000] {dagbag.py:539} INFO - Filling up the DagBag from /home/ubuntu/airflow_venv/lib/python3.10/site-packages/airflow/example_dags/example_params_ui_tutorial.py
[2023-09-29T09:25:11.923+0000] {processor.py:839} INFO - DAG(s) dict_keys(['example_params_ui_tutorial']) retrieved from /home/ubuntu/airflow_venv/lib/python3.10/site-packages/airflow/example_dags/example_params_ui_tutorial.py
[2023-09-29T09:25:11.975+0000] {logging_mixin.py:151} INFO - [2023-09-29T09:25:11.975+0000] {dag.py:2915} INFO - Sync 1 DAGs
[2023-09-29T09:25:11.990+0000] {logging_mixin.py:151} INFO - [2023-09-29T09:25:11.989+0000] {dag.py:3696} INFO - Setting next_dagrun for example_params_ui_tutorial to None, run_after=None
[2023-09-29T09:25:12.017+0000] {processor.py:179} INFO - Processing /home/ubuntu/airflow_venv/lib/python3.10/site-packages/airflow/example_dags/example_params_ui_tutorial.py took 0.135 seconds
[2023-09-29T09:27:04.512+0000] {processor.py:157} INFO - Started process (PID=1329) to work on /home/ubuntu/airflow_venv/lib/python3.10/site-packages/airflow/example_dags/example_params_ui_tutorial.py
[2023-09-29T09:27:04.515+0000] {processor.py:829} INFO - Processing file /home/ubuntu/airflow_venv/lib/python3.10/site-packages/airflow/example_dags/example_params_ui_tutorial.py for tasks to queue
[2023-09-29T09:27:04.516+0000] {logging_mixin.py:151} INFO - [2023-09-29T09:27:04.516+0000] {dagbag.py:539} INFO - Filling up the DagBag from /home/ubuntu/airflow_venv/lib/python3.10/site-packages/airflow/example_dags/example_params_ui_tutorial.py
[2023-09-29T09:27:04.558+0000] {processor.py:839} INFO - DAG(s) dict_keys(['example_params_ui_tutorial']) retrieved from /home/ubuntu/airflow_venv/lib/python3.10/site-packages/airflow/example_dags/example_params_ui_tutorial.py
[2023-09-29T09:27:04.566+0000] {logging_mixin.py:151} INFO - [2023-09-29T09:27:04.566+0000] {dag.py:2915} INFO - Sync 1 DAGs
[2023-09-29T09:27:04.581+0000] {logging_mixin.py:151} INFO - [2023-09-29T09:27:04.581+0000] {dag.py:3696} INFO - Setting next_dagrun for example_params_ui_tutorial to None, run_after=None
[2023-09-29T09:27:04.604+0000] {processor.py:179} INFO - Processing /home/ubuntu/airflow_venv/lib/python3.10/site-packages/airflow/example_dags/example_params_ui_tutorial.py took 0.109 seconds
[2023-09-29T09:28:01.636+0000] {processor.py:157} INFO - Started process (PID=1387) to work on /home/ubuntu/airflow_venv/lib/python3.10/site-packages/airflow/example_dags/example_params_ui_tutorial.py
[2023-09-29T09:28:01.637+0000] {processor.py:829} INFO - Processing file /home/ubuntu/airflow_venv/lib/python3.10/site-packages/airflow/example_dags/example_params_ui_tutorial.py for tasks to queue
[2023-09-29T09:28:01.638+0000] {logging_mixin.py:151} INFO - [2023-09-29T09:28:01.638+0000] {dagbag.py:539} INFO - Filling up the DagBag from /home/ubuntu/airflow_venv/lib/python3.10/site-packages/airflow/example_dags/example_params_ui_tutorial.py
[2023-09-29T09:28:01.684+0000] {processor.py:839} INFO - DAG(s) dict_keys(['example_params_ui_tutorial']) retrieved from /home/ubuntu/airflow_venv/lib/python3.10/site-packages/airflow/example_dags/example_params_ui_tutorial.py
[2023-09-29T09:28:01.745+0000] {logging_mixin.py:151} INFO - [2023-09-29T09:28:01.745+0000] {dag.py:2915} INFO - Sync 1 DAGs
[2023-09-29T09:28:01.759+0000] {logging_mixin.py:151} INFO - [2023-09-29T09:28:01.759+0000] {dag.py:3696} INFO - Setting next_dagrun for example_params_ui_tutorial to None, run_after=None
[2023-09-29T09:28:01.949+0000] {processor.py:179} INFO - Processing /home/ubuntu/airflow_venv/lib/python3.10/site-packages/airflow/example_dags/example_params_ui_tutorial.py took 0.318 seconds
[2023-09-29T09:28:52.766+0000] {processor.py:157} INFO - Started process (PID=1434) to work on /home/ubuntu/airflow_venv/lib/python3.10/site-packages/airflow/example_dags/example_params_ui_tutorial.py
[2023-09-29T09:28:52.768+0000] {processor.py:829} INFO - Processing file /home/ubuntu/airflow_venv/lib/python3.10/site-packages/airflow/example_dags/example_params_ui_tutorial.py for tasks to queue
[2023-09-29T09:28:52.770+0000] {logging_mixin.py:151} INFO - [2023-09-29T09:28:52.769+0000] {dagbag.py:539} INFO - Filling up the DagBag from /home/ubuntu/airflow_venv/lib/python3.10/site-packages/airflow/example_dags/example_params_ui_tutorial.py
[2023-09-29T09:28:52.823+0000] {processor.py:839} INFO - DAG(s) dict_keys(['example_params_ui_tutorial']) retrieved from /home/ubuntu/airflow_venv/lib/python3.10/site-packages/airflow/example_dags/example_params_ui_tutorial.py
[2023-09-29T09:28:53.018+0000] {logging_mixin.py:151} INFO - [2023-09-29T09:28:53.018+0000] {dag.py:2915} INFO - Sync 1 DAGs
[2023-09-29T09:28:53.028+0000] {logging_mixin.py:151} INFO - [2023-09-29T09:28:53.027+0000] {dag.py:3696} INFO - Setting next_dagrun for example_params_ui_tutorial to None, run_after=None
[2023-09-29T09:28:53.047+0000] {processor.py:179} INFO - Processing /home/ubuntu/airflow_venv/lib/python3.10/site-packages/airflow/example_dags/example_params_ui_tutorial.py took 0.294 seconds
[2023-09-29T09:29:41.828+0000] {processor.py:157} INFO - Started process (PID=1479) to work on /home/ubuntu/airflow_venv/lib/python3.10/site-packages/airflow/example_dags/example_params_ui_tutorial.py
[2023-09-29T09:29:41.829+0000] {processor.py:829} INFO - Processing file /home/ubuntu/airflow_venv/lib/python3.10/site-packages/airflow/example_dags/example_params_ui_tutorial.py for tasks to queue
[2023-09-29T09:29:41.830+0000] {logging_mixin.py:151} INFO - [2023-09-29T09:29:41.830+0000] {dagbag.py:539} INFO - Filling up the DagBag from /home/ubuntu/airflow_venv/lib/python3.10/site-packages/airflow/example_dags/example_params_ui_tutorial.py
[2023-09-29T09:29:41.904+0000] {processor.py:839} INFO - DAG(s) dict_keys(['example_params_ui_tutorial']) retrieved from /home/ubuntu/airflow_venv/lib/python3.10/site-packages/airflow/example_dags/example_params_ui_tutorial.py
[2023-09-29T09:29:41.953+0000] {logging_mixin.py:151} INFO - [2023-09-29T09:29:41.953+0000] {dag.py:2915} INFO - Sync 1 DAGs
[2023-09-29T09:29:41.966+0000] {logging_mixin.py:151} INFO - [2023-09-29T09:29:41.966+0000] {dag.py:3696} INFO - Setting next_dagrun for example_params_ui_tutorial to None, run_after=None
[2023-09-29T09:29:42.005+0000] {processor.py:179} INFO - Processing /home/ubuntu/airflow_venv/lib/python3.10/site-packages/airflow/example_dags/example_params_ui_tutorial.py took 0.182 seconds
[2023-09-29T09:31:54.586+0000] {processor.py:157} INFO - Started process (PID=2252) to work on /home/ubuntu/airflow_venv/lib/python3.10/site-packages/airflow/example_dags/example_params_ui_tutorial.py
[2023-09-29T09:31:54.589+0000] {processor.py:829} INFO - Processing file /home/ubuntu/airflow_venv/lib/python3.10/site-packages/airflow/example_dags/example_params_ui_tutorial.py for tasks to queue
[2023-09-29T09:31:54.590+0000] {logging_mixin.py:151} INFO - [2023-09-29T09:31:54.589+0000] {dagbag.py:539} INFO - Filling up the DagBag from /home/ubuntu/airflow_venv/lib/python3.10/site-packages/airflow/example_dags/example_params_ui_tutorial.py
[2023-09-29T09:31:54.627+0000] {processor.py:839} INFO - DAG(s) dict_keys(['example_params_ui_tutorial']) retrieved from /home/ubuntu/airflow_venv/lib/python3.10/site-packages/airflow/example_dags/example_params_ui_tutorial.py
[2023-09-29T09:31:54.638+0000] {logging_mixin.py:151} INFO - [2023-09-29T09:31:54.637+0000] {dag.py:2915} INFO - Sync 1 DAGs
[2023-09-29T09:31:54.653+0000] {logging_mixin.py:151} INFO - [2023-09-29T09:31:54.653+0000] {dag.py:3696} INFO - Setting next_dagrun for example_params_ui_tutorial to None, run_after=None
[2023-09-29T09:31:54.674+0000] {processor.py:179} INFO - Processing /home/ubuntu/airflow_venv/lib/python3.10/site-packages/airflow/example_dags/example_params_ui_tutorial.py took 0.092 seconds
[2023-09-29T09:32:51.849+0000] {processor.py:157} INFO - Started process (PID=2314) to work on /home/ubuntu/airflow_venv/lib/python3.10/site-packages/airflow/example_dags/example_params_ui_tutorial.py
[2023-09-29T09:32:51.853+0000] {processor.py:829} INFO - Processing file /home/ubuntu/airflow_venv/lib/python3.10/site-packages/airflow/example_dags/example_params_ui_tutorial.py for tasks to queue
[2023-09-29T09:32:51.854+0000] {logging_mixin.py:151} INFO - [2023-09-29T09:32:51.854+0000] {dagbag.py:539} INFO - Filling up the DagBag from /home/ubuntu/airflow_venv/lib/python3.10/site-packages/airflow/example_dags/example_params_ui_tutorial.py
[2023-09-29T09:32:51.914+0000] {processor.py:839} INFO - DAG(s) dict_keys(['example_params_ui_tutorial']) retrieved from /home/ubuntu/airflow_venv/lib/python3.10/site-packages/airflow/example_dags/example_params_ui_tutorial.py
[2023-09-29T09:32:51.974+0000] {logging_mixin.py:151} INFO - [2023-09-29T09:32:51.973+0000] {dag.py:2915} INFO - Sync 1 DAGs
[2023-09-29T09:32:51.986+0000] {logging_mixin.py:151} INFO - [2023-09-29T09:32:51.986+0000] {dag.py:3696} INFO - Setting next_dagrun for example_params_ui_tutorial to None, run_after=None
[2023-09-29T09:32:52.163+0000] {processor.py:179} INFO - Processing /home/ubuntu/airflow_venv/lib/python3.10/site-packages/airflow/example_dags/example_params_ui_tutorial.py took 0.319 seconds
[2023-09-29T09:51:59.712+0000] {processor.py:157} INFO - Started process (PID=3464) to work on /home/ubuntu/airflow_venv/lib/python3.10/site-packages/airflow/example_dags/example_params_ui_tutorial.py
[2023-09-29T09:51:59.713+0000] {processor.py:829} INFO - Processing file /home/ubuntu/airflow_venv/lib/python3.10/site-packages/airflow/example_dags/example_params_ui_tutorial.py for tasks to queue
[2023-09-29T09:51:59.714+0000] {logging_mixin.py:151} INFO - [2023-09-29T09:51:59.714+0000] {dagbag.py:539} INFO - Filling up the DagBag from /home/ubuntu/airflow_venv/lib/python3.10/site-packages/airflow/example_dags/example_params_ui_tutorial.py
[2023-09-29T09:51:59.745+0000] {processor.py:839} INFO - DAG(s) dict_keys(['example_params_ui_tutorial']) retrieved from /home/ubuntu/airflow_venv/lib/python3.10/site-packages/airflow/example_dags/example_params_ui_tutorial.py
[2023-09-29T09:51:59.752+0000] {logging_mixin.py:151} INFO - [2023-09-29T09:51:59.752+0000] {dag.py:2915} INFO - Sync 1 DAGs
[2023-09-29T09:51:59.766+0000] {logging_mixin.py:151} INFO - [2023-09-29T09:51:59.766+0000] {dag.py:3696} INFO - Setting next_dagrun for example_params_ui_tutorial to None, run_after=None
[2023-09-29T09:51:59.788+0000] {processor.py:179} INFO - Processing /home/ubuntu/airflow_venv/lib/python3.10/site-packages/airflow/example_dags/example_params_ui_tutorial.py took 0.080 seconds
[2023-09-29T09:52:47.378+0000] {processor.py:157} INFO - Started process (PID=3519) to work on /home/ubuntu/airflow_venv/lib/python3.10/site-packages/airflow/example_dags/example_params_ui_tutorial.py
[2023-09-29T09:52:47.379+0000] {processor.py:829} INFO - Processing file /home/ubuntu/airflow_venv/lib/python3.10/site-packages/airflow/example_dags/example_params_ui_tutorial.py for tasks to queue
[2023-09-29T09:52:47.380+0000] {logging_mixin.py:151} INFO - [2023-09-29T09:52:47.380+0000] {dagbag.py:539} INFO - Filling up the DagBag from /home/ubuntu/airflow_venv/lib/python3.10/site-packages/airflow/example_dags/example_params_ui_tutorial.py
[2023-09-29T09:52:47.409+0000] {processor.py:839} INFO - DAG(s) dict_keys(['example_params_ui_tutorial']) retrieved from /home/ubuntu/airflow_venv/lib/python3.10/site-packages/airflow/example_dags/example_params_ui_tutorial.py
[2023-09-29T09:52:47.468+0000] {logging_mixin.py:151} INFO - [2023-09-29T09:52:47.468+0000] {dag.py:2915} INFO - Sync 1 DAGs
[2023-09-29T09:52:47.481+0000] {logging_mixin.py:151} INFO - [2023-09-29T09:52:47.481+0000] {dag.py:3696} INFO - Setting next_dagrun for example_params_ui_tutorial to None, run_after=None
[2023-09-29T09:52:47.647+0000] {processor.py:179} INFO - Processing /home/ubuntu/airflow_venv/lib/python3.10/site-packages/airflow/example_dags/example_params_ui_tutorial.py took 0.272 seconds
[2023-09-29T09:53:34.110+0000] {processor.py:157} INFO - Started process (PID=3559) to work on /home/ubuntu/airflow_venv/lib/python3.10/site-packages/airflow/example_dags/example_params_ui_tutorial.py
[2023-09-29T09:53:34.111+0000] {processor.py:829} INFO - Processing file /home/ubuntu/airflow_venv/lib/python3.10/site-packages/airflow/example_dags/example_params_ui_tutorial.py for tasks to queue
[2023-09-29T09:53:34.112+0000] {logging_mixin.py:151} INFO - [2023-09-29T09:53:34.112+0000] {dagbag.py:539} INFO - Filling up the DagBag from /home/ubuntu/airflow_venv/lib/python3.10/site-packages/airflow/example_dags/example_params_ui_tutorial.py
[2023-09-29T09:53:34.146+0000] {processor.py:839} INFO - DAG(s) dict_keys(['example_params_ui_tutorial']) retrieved from /home/ubuntu/airflow_venv/lib/python3.10/site-packages/airflow/example_dags/example_params_ui_tutorial.py
[2023-09-29T09:53:34.362+0000] {logging_mixin.py:151} INFO - [2023-09-29T09:53:34.362+0000] {dag.py:2915} INFO - Sync 1 DAGs
[2023-09-29T09:53:34.372+0000] {logging_mixin.py:151} INFO - [2023-09-29T09:53:34.372+0000] {dag.py:3696} INFO - Setting next_dagrun for example_params_ui_tutorial to None, run_after=None
[2023-09-29T09:53:34.419+0000] {processor.py:179} INFO - Processing /home/ubuntu/airflow_venv/lib/python3.10/site-packages/airflow/example_dags/example_params_ui_tutorial.py took 0.312 seconds
[2023-09-29T09:56:05.438+0000] {processor.py:157} INFO - Started process (PID=4107) to work on /home/ubuntu/airflow_venv/lib/python3.10/site-packages/airflow/example_dags/example_params_ui_tutorial.py
[2023-09-29T09:56:05.439+0000] {processor.py:829} INFO - Processing file /home/ubuntu/airflow_venv/lib/python3.10/site-packages/airflow/example_dags/example_params_ui_tutorial.py for tasks to queue
[2023-09-29T09:56:05.440+0000] {logging_mixin.py:151} INFO - [2023-09-29T09:56:05.439+0000] {dagbag.py:539} INFO - Filling up the DagBag from /home/ubuntu/airflow_venv/lib/python3.10/site-packages/airflow/example_dags/example_params_ui_tutorial.py
[2023-09-29T09:56:05.467+0000] {processor.py:839} INFO - DAG(s) dict_keys(['example_params_ui_tutorial']) retrieved from /home/ubuntu/airflow_venv/lib/python3.10/site-packages/airflow/example_dags/example_params_ui_tutorial.py
[2023-09-29T09:56:05.474+0000] {logging_mixin.py:151} INFO - [2023-09-29T09:56:05.474+0000] {dag.py:2915} INFO - Sync 1 DAGs
[2023-09-29T09:56:05.490+0000] {logging_mixin.py:151} INFO - [2023-09-29T09:56:05.490+0000] {dag.py:3696} INFO - Setting next_dagrun for example_params_ui_tutorial to None, run_after=None
[2023-09-29T09:56:05.512+0000] {processor.py:179} INFO - Processing /home/ubuntu/airflow_venv/lib/python3.10/site-packages/airflow/example_dags/example_params_ui_tutorial.py took 0.077 seconds
[2023-09-29T09:57:03.146+0000] {processor.py:157} INFO - Started process (PID=4166) to work on /home/ubuntu/airflow_venv/lib/python3.10/site-packages/airflow/example_dags/example_params_ui_tutorial.py
[2023-09-29T09:57:03.148+0000] {processor.py:829} INFO - Processing file /home/ubuntu/airflow_venv/lib/python3.10/site-packages/airflow/example_dags/example_params_ui_tutorial.py for tasks to queue
[2023-09-29T09:57:03.149+0000] {logging_mixin.py:151} INFO - [2023-09-29T09:57:03.148+0000] {dagbag.py:539} INFO - Filling up the DagBag from /home/ubuntu/airflow_venv/lib/python3.10/site-packages/airflow/example_dags/example_params_ui_tutorial.py
[2023-09-29T09:57:03.181+0000] {processor.py:839} INFO - DAG(s) dict_keys(['example_params_ui_tutorial']) retrieved from /home/ubuntu/airflow_venv/lib/python3.10/site-packages/airflow/example_dags/example_params_ui_tutorial.py
[2023-09-29T09:57:03.227+0000] {logging_mixin.py:151} INFO - [2023-09-29T09:57:03.227+0000] {dag.py:2915} INFO - Sync 1 DAGs
[2023-09-29T09:57:03.253+0000] {logging_mixin.py:151} INFO - [2023-09-29T09:57:03.253+0000] {dag.py:3696} INFO - Setting next_dagrun for example_params_ui_tutorial to None, run_after=None
[2023-09-29T09:57:03.457+0000] {processor.py:179} INFO - Processing /home/ubuntu/airflow_venv/lib/python3.10/site-packages/airflow/example_dags/example_params_ui_tutorial.py took 0.332 seconds
[2023-09-29T09:57:57.209+0000] {processor.py:157} INFO - Started process (PID=4226) to work on /home/ubuntu/airflow_venv/lib/python3.10/site-packages/airflow/example_dags/example_params_ui_tutorial.py
[2023-09-29T09:57:57.210+0000] {processor.py:829} INFO - Processing file /home/ubuntu/airflow_venv/lib/python3.10/site-packages/airflow/example_dags/example_params_ui_tutorial.py for tasks to queue
[2023-09-29T09:57:57.210+0000] {logging_mixin.py:151} INFO - [2023-09-29T09:57:57.210+0000] {dagbag.py:539} INFO - Filling up the DagBag from /home/ubuntu/airflow_venv/lib/python3.10/site-packages/airflow/example_dags/example_params_ui_tutorial.py
[2023-09-29T09:57:57.385+0000] {processor.py:839} INFO - DAG(s) dict_keys(['example_params_ui_tutorial']) retrieved from /home/ubuntu/airflow_venv/lib/python3.10/site-packages/airflow/example_dags/example_params_ui_tutorial.py
[2023-09-29T09:57:57.420+0000] {logging_mixin.py:151} INFO - [2023-09-29T09:57:57.419+0000] {dag.py:2915} INFO - Sync 1 DAGs
[2023-09-29T09:57:57.428+0000] {logging_mixin.py:151} INFO - [2023-09-29T09:57:57.428+0000] {dag.py:3696} INFO - Setting next_dagrun for example_params_ui_tutorial to None, run_after=None
[2023-09-29T09:57:57.450+0000] {processor.py:179} INFO - Processing /home/ubuntu/airflow_venv/lib/python3.10/site-packages/airflow/example_dags/example_params_ui_tutorial.py took 0.244 seconds
[2023-09-29T09:58:47.448+0000] {processor.py:157} INFO - Started process (PID=4273) to work on /home/ubuntu/airflow_venv/lib/python3.10/site-packages/airflow/example_dags/example_params_ui_tutorial.py
[2023-09-29T09:58:47.451+0000] {processor.py:829} INFO - Processing file /home/ubuntu/airflow_venv/lib/python3.10/site-packages/airflow/example_dags/example_params_ui_tutorial.py for tasks to queue
[2023-09-29T09:58:47.454+0000] {logging_mixin.py:151} INFO - [2023-09-29T09:58:47.452+0000] {dagbag.py:539} INFO - Filling up the DagBag from /home/ubuntu/airflow_venv/lib/python3.10/site-packages/airflow/example_dags/example_params_ui_tutorial.py
[2023-09-29T09:58:47.550+0000] {processor.py:839} INFO - DAG(s) dict_keys(['example_params_ui_tutorial']) retrieved from /home/ubuntu/airflow_venv/lib/python3.10/site-packages/airflow/example_dags/example_params_ui_tutorial.py
[2023-09-29T09:58:47.617+0000] {logging_mixin.py:151} INFO - [2023-09-29T09:58:47.617+0000] {dag.py:2915} INFO - Sync 1 DAGs
[2023-09-29T09:58:47.633+0000] {logging_mixin.py:151} INFO - [2023-09-29T09:58:47.633+0000] {dag.py:3696} INFO - Setting next_dagrun for example_params_ui_tutorial to None, run_after=None
[2023-09-29T09:58:47.658+0000] {processor.py:179} INFO - Processing /home/ubuntu/airflow_venv/lib/python3.10/site-packages/airflow/example_dags/example_params_ui_tutorial.py took 0.220 seconds
