[2023-09-29T07:22:51.184+0000] {processor.py:157} INFO - Started process (PID=12220) to work on /home/ubuntu/airflow_venv/lib/python3.10/site-packages/airflow/example_dags/example_branch_day_of_week_operator.py
[2023-09-29T07:22:51.185+0000] {processor.py:829} INFO - Processing file /home/ubuntu/airflow_venv/lib/python3.10/site-packages/airflow/example_dags/example_branch_day_of_week_operator.py for tasks to queue
[2023-09-29T07:22:51.186+0000] {logging_mixin.py:151} INFO - [2023-09-29T07:22:51.186+0000] {dagbag.py:539} INFO - Filling up the DagBag from /home/ubuntu/airflow_venv/lib/python3.10/site-packages/airflow/example_dags/example_branch_day_of_week_operator.py
[2023-09-29T07:22:51.193+0000] {processor.py:839} INFO - DAG(s) dict_keys(['example_weekday_branch_operator']) retrieved from /home/ubuntu/airflow_venv/lib/python3.10/site-packages/airflow/example_dags/example_branch_day_of_week_operator.py
[2023-09-29T07:22:51.215+0000] {logging_mixin.py:151} INFO - [2023-09-29T07:22:51.215+0000] {dag.py:2915} INFO - Sync 1 DAGs
[2023-09-29T07:22:51.234+0000] {logging_mixin.py:151} INFO - [2023-09-29T07:22:51.233+0000] {dag.py:3696} INFO - Setting next_dagrun for example_weekday_branch_operator to 2023-09-28T00:00:00+00:00, run_after=2023-09-29T00:00:00+00:00
[2023-09-29T07:22:51.253+0000] {processor.py:179} INFO - Processing /home/ubuntu/airflow_venv/lib/python3.10/site-packages/airflow/example_dags/example_branch_day_of_week_operator.py took 0.071 seconds
[2023-09-29T07:28:02.217+0000] {processor.py:157} INFO - Started process (PID=12848) to work on /home/ubuntu/airflow_venv/lib/python3.10/site-packages/airflow/example_dags/example_branch_day_of_week_operator.py
[2023-09-29T07:28:02.219+0000] {processor.py:829} INFO - Processing file /home/ubuntu/airflow_venv/lib/python3.10/site-packages/airflow/example_dags/example_branch_day_of_week_operator.py for tasks to queue
[2023-09-29T07:28:02.220+0000] {logging_mixin.py:151} INFO - [2023-09-29T07:28:02.220+0000] {dagbag.py:539} INFO - Filling up the DagBag from /home/ubuntu/airflow_venv/lib/python3.10/site-packages/airflow/example_dags/example_branch_day_of_week_operator.py
[2023-09-29T07:28:02.229+0000] {processor.py:839} INFO - DAG(s) dict_keys(['example_weekday_branch_operator']) retrieved from /home/ubuntu/airflow_venv/lib/python3.10/site-packages/airflow/example_dags/example_branch_day_of_week_operator.py
[2023-09-29T07:28:02.434+0000] {logging_mixin.py:151} INFO - [2023-09-29T07:28:02.434+0000] {dag.py:2915} INFO - Sync 1 DAGs
[2023-09-29T07:28:02.454+0000] {logging_mixin.py:151} INFO - [2023-09-29T07:28:02.454+0000] {dag.py:3696} INFO - Setting next_dagrun for example_weekday_branch_operator to 2023-09-28T00:00:00+00:00, run_after=2023-09-29T00:00:00+00:00
[2023-09-29T07:28:02.477+0000] {processor.py:179} INFO - Processing /home/ubuntu/airflow_venv/lib/python3.10/site-packages/airflow/example_dags/example_branch_day_of_week_operator.py took 0.263 seconds
[2023-09-29T07:28:59.167+0000] {processor.py:157} INFO - Started process (PID=12905) to work on /home/ubuntu/airflow_venv/lib/python3.10/site-packages/airflow/example_dags/example_branch_day_of_week_operator.py
[2023-09-29T07:28:59.168+0000] {processor.py:829} INFO - Processing file /home/ubuntu/airflow_venv/lib/python3.10/site-packages/airflow/example_dags/example_branch_day_of_week_operator.py for tasks to queue
[2023-09-29T07:28:59.169+0000] {logging_mixin.py:151} INFO - [2023-09-29T07:28:59.168+0000] {dagbag.py:539} INFO - Filling up the DagBag from /home/ubuntu/airflow_venv/lib/python3.10/site-packages/airflow/example_dags/example_branch_day_of_week_operator.py
[2023-09-29T07:28:59.178+0000] {processor.py:839} INFO - DAG(s) dict_keys(['example_weekday_branch_operator']) retrieved from /home/ubuntu/airflow_venv/lib/python3.10/site-packages/airflow/example_dags/example_branch_day_of_week_operator.py
[2023-09-29T07:28:59.198+0000] {logging_mixin.py:151} INFO - [2023-09-29T07:28:59.197+0000] {dag.py:2915} INFO - Sync 1 DAGs
[2023-09-29T07:28:59.219+0000] {logging_mixin.py:151} INFO - [2023-09-29T07:28:59.218+0000] {dag.py:3696} INFO - Setting next_dagrun for example_weekday_branch_operator to 2023-09-28T00:00:00+00:00, run_after=2023-09-29T00:00:00+00:00
[2023-09-29T07:28:59.239+0000] {processor.py:179} INFO - Processing /home/ubuntu/airflow_venv/lib/python3.10/site-packages/airflow/example_dags/example_branch_day_of_week_operator.py took 0.076 seconds
[2023-09-29T07:29:54.492+0000] {processor.py:157} INFO - Started process (PID=12960) to work on /home/ubuntu/airflow_venv/lib/python3.10/site-packages/airflow/example_dags/example_branch_day_of_week_operator.py
[2023-09-29T07:29:54.495+0000] {processor.py:829} INFO - Processing file /home/ubuntu/airflow_venv/lib/python3.10/site-packages/airflow/example_dags/example_branch_day_of_week_operator.py for tasks to queue
[2023-09-29T07:29:54.497+0000] {logging_mixin.py:151} INFO - [2023-09-29T07:29:54.497+0000] {dagbag.py:539} INFO - Filling up the DagBag from /home/ubuntu/airflow_venv/lib/python3.10/site-packages/airflow/example_dags/example_branch_day_of_week_operator.py
[2023-09-29T07:29:54.511+0000] {processor.py:839} INFO - DAG(s) dict_keys(['example_weekday_branch_operator']) retrieved from /home/ubuntu/airflow_venv/lib/python3.10/site-packages/airflow/example_dags/example_branch_day_of_week_operator.py
[2023-09-29T07:29:54.539+0000] {logging_mixin.py:151} INFO - [2023-09-29T07:29:54.538+0000] {dag.py:2915} INFO - Sync 1 DAGs
[2023-09-29T07:29:54.562+0000] {logging_mixin.py:151} INFO - [2023-09-29T07:29:54.562+0000] {dag.py:3696} INFO - Setting next_dagrun for example_weekday_branch_operator to 2023-09-28T00:00:00+00:00, run_after=2023-09-29T00:00:00+00:00
[2023-09-29T07:29:54.586+0000] {processor.py:179} INFO - Processing /home/ubuntu/airflow_venv/lib/python3.10/site-packages/airflow/example_dags/example_branch_day_of_week_operator.py took 0.102 seconds
[2023-09-29T07:30:49.935+0000] {processor.py:157} INFO - Started process (PID=13021) to work on /home/ubuntu/airflow_venv/lib/python3.10/site-packages/airflow/example_dags/example_branch_day_of_week_operator.py
[2023-09-29T07:30:49.936+0000] {processor.py:829} INFO - Processing file /home/ubuntu/airflow_venv/lib/python3.10/site-packages/airflow/example_dags/example_branch_day_of_week_operator.py for tasks to queue
[2023-09-29T07:30:49.937+0000] {logging_mixin.py:151} INFO - [2023-09-29T07:30:49.937+0000] {dagbag.py:539} INFO - Filling up the DagBag from /home/ubuntu/airflow_venv/lib/python3.10/site-packages/airflow/example_dags/example_branch_day_of_week_operator.py
[2023-09-29T07:30:49.945+0000] {processor.py:839} INFO - DAG(s) dict_keys(['example_weekday_branch_operator']) retrieved from /home/ubuntu/airflow_venv/lib/python3.10/site-packages/airflow/example_dags/example_branch_day_of_week_operator.py
[2023-09-29T07:30:49.965+0000] {logging_mixin.py:151} INFO - [2023-09-29T07:30:49.965+0000] {dag.py:2915} INFO - Sync 1 DAGs
[2023-09-29T07:30:49.988+0000] {logging_mixin.py:151} INFO - [2023-09-29T07:30:49.987+0000] {dag.py:3696} INFO - Setting next_dagrun for example_weekday_branch_operator to 2023-09-28T00:00:00+00:00, run_after=2023-09-29T00:00:00+00:00
[2023-09-29T07:30:50.013+0000] {processor.py:179} INFO - Processing /home/ubuntu/airflow_venv/lib/python3.10/site-packages/airflow/example_dags/example_branch_day_of_week_operator.py took 0.082 seconds
[2023-09-29T07:43:42.823+0000] {processor.py:157} INFO - Started process (PID=1234) to work on /home/ubuntu/airflow_venv/lib/python3.10/site-packages/airflow/example_dags/example_branch_day_of_week_operator.py
[2023-09-29T07:43:42.824+0000] {processor.py:829} INFO - Processing file /home/ubuntu/airflow_venv/lib/python3.10/site-packages/airflow/example_dags/example_branch_day_of_week_operator.py for tasks to queue
[2023-09-29T07:43:42.825+0000] {logging_mixin.py:151} INFO - [2023-09-29T07:43:42.824+0000] {dagbag.py:539} INFO - Filling up the DagBag from /home/ubuntu/airflow_venv/lib/python3.10/site-packages/airflow/example_dags/example_branch_day_of_week_operator.py
[2023-09-29T07:43:42.832+0000] {processor.py:839} INFO - DAG(s) dict_keys(['example_weekday_branch_operator']) retrieved from /home/ubuntu/airflow_venv/lib/python3.10/site-packages/airflow/example_dags/example_branch_day_of_week_operator.py
[2023-09-29T07:43:42.849+0000] {logging_mixin.py:151} INFO - [2023-09-29T07:43:42.849+0000] {dag.py:2915} INFO - Sync 1 DAGs
[2023-09-29T07:43:42.869+0000] {logging_mixin.py:151} INFO - [2023-09-29T07:43:42.868+0000] {dag.py:3696} INFO - Setting next_dagrun for example_weekday_branch_operator to 2023-09-28T00:00:00+00:00, run_after=2023-09-29T00:00:00+00:00
[2023-09-29T07:43:42.888+0000] {processor.py:179} INFO - Processing /home/ubuntu/airflow_venv/lib/python3.10/site-packages/airflow/example_dags/example_branch_day_of_week_operator.py took 0.068 seconds
[2023-09-29T07:44:52.538+0000] {processor.py:157} INFO - Started process (PID=1296) to work on /home/ubuntu/airflow_venv/lib/python3.10/site-packages/airflow/example_dags/example_branch_day_of_week_operator.py
[2023-09-29T07:44:52.539+0000] {processor.py:829} INFO - Processing file /home/ubuntu/airflow_venv/lib/python3.10/site-packages/airflow/example_dags/example_branch_day_of_week_operator.py for tasks to queue
[2023-09-29T07:44:52.540+0000] {logging_mixin.py:151} INFO - [2023-09-29T07:44:52.540+0000] {dagbag.py:539} INFO - Filling up the DagBag from /home/ubuntu/airflow_venv/lib/python3.10/site-packages/airflow/example_dags/example_branch_day_of_week_operator.py
[2023-09-29T07:44:52.549+0000] {processor.py:839} INFO - DAG(s) dict_keys(['example_weekday_branch_operator']) retrieved from /home/ubuntu/airflow_venv/lib/python3.10/site-packages/airflow/example_dags/example_branch_day_of_week_operator.py
[2023-09-29T07:44:52.569+0000] {logging_mixin.py:151} INFO - [2023-09-29T07:44:52.569+0000] {dag.py:2915} INFO - Sync 1 DAGs
[2023-09-29T07:44:52.779+0000] {logging_mixin.py:151} INFO - [2023-09-29T07:44:52.778+0000] {dag.py:3696} INFO - Setting next_dagrun for example_weekday_branch_operator to 2023-09-28T00:00:00+00:00, run_after=2023-09-29T00:00:00+00:00
[2023-09-29T07:44:52.798+0000] {processor.py:179} INFO - Processing /home/ubuntu/airflow_venv/lib/python3.10/site-packages/airflow/example_dags/example_branch_day_of_week_operator.py took 0.263 seconds
[2023-09-29T07:55:38.171+0000] {processor.py:157} INFO - Started process (PID=1358) to work on /home/ubuntu/airflow_venv/lib/python3.10/site-packages/airflow/example_dags/example_branch_day_of_week_operator.py
[2023-09-29T07:55:38.173+0000] {processor.py:829} INFO - Processing file /home/ubuntu/airflow_venv/lib/python3.10/site-packages/airflow/example_dags/example_branch_day_of_week_operator.py for tasks to queue
[2023-09-29T07:55:38.174+0000] {logging_mixin.py:151} INFO - [2023-09-29T07:55:38.173+0000] {dagbag.py:539} INFO - Filling up the DagBag from /home/ubuntu/airflow_venv/lib/python3.10/site-packages/airflow/example_dags/example_branch_day_of_week_operator.py
[2023-09-29T07:55:38.181+0000] {processor.py:839} INFO - DAG(s) dict_keys(['example_weekday_branch_operator']) retrieved from /home/ubuntu/airflow_venv/lib/python3.10/site-packages/airflow/example_dags/example_branch_day_of_week_operator.py
[2023-09-29T07:55:38.205+0000] {logging_mixin.py:151} INFO - [2023-09-29T07:55:38.205+0000] {dag.py:2915} INFO - Sync 1 DAGs
[2023-09-29T07:55:38.227+0000] {logging_mixin.py:151} INFO - [2023-09-29T07:55:38.227+0000] {dag.py:3696} INFO - Setting next_dagrun for example_weekday_branch_operator to 2023-09-28T00:00:00+00:00, run_after=2023-09-29T00:00:00+00:00
[2023-09-29T07:55:38.255+0000] {processor.py:179} INFO - Processing /home/ubuntu/airflow_venv/lib/python3.10/site-packages/airflow/example_dags/example_branch_day_of_week_operator.py took 0.087 seconds
[2023-09-29T07:56:57.781+0000] {processor.py:157} INFO - Started process (PID=1430) to work on /home/ubuntu/airflow_venv/lib/python3.10/site-packages/airflow/example_dags/example_branch_day_of_week_operator.py
[2023-09-29T07:56:57.782+0000] {processor.py:829} INFO - Processing file /home/ubuntu/airflow_venv/lib/python3.10/site-packages/airflow/example_dags/example_branch_day_of_week_operator.py for tasks to queue
[2023-09-29T07:56:57.783+0000] {logging_mixin.py:151} INFO - [2023-09-29T07:56:57.782+0000] {dagbag.py:539} INFO - Filling up the DagBag from /home/ubuntu/airflow_venv/lib/python3.10/site-packages/airflow/example_dags/example_branch_day_of_week_operator.py
[2023-09-29T07:56:57.791+0000] {processor.py:839} INFO - DAG(s) dict_keys(['example_weekday_branch_operator']) retrieved from /home/ubuntu/airflow_venv/lib/python3.10/site-packages/airflow/example_dags/example_branch_day_of_week_operator.py
[2023-09-29T07:56:57.996+0000] {logging_mixin.py:151} INFO - [2023-09-29T07:56:57.996+0000] {dag.py:2915} INFO - Sync 1 DAGs
[2023-09-29T07:56:58.024+0000] {logging_mixin.py:151} INFO - [2023-09-29T07:56:58.023+0000] {dag.py:3696} INFO - Setting next_dagrun for example_weekday_branch_operator to 2023-09-28T00:00:00+00:00, run_after=2023-09-29T00:00:00+00:00
[2023-09-29T07:56:58.048+0000] {processor.py:179} INFO - Processing /home/ubuntu/airflow_venv/lib/python3.10/site-packages/airflow/example_dags/example_branch_day_of_week_operator.py took 0.270 seconds
[2023-09-29T07:58:06.692+0000] {processor.py:157} INFO - Started process (PID=1495) to work on /home/ubuntu/airflow_venv/lib/python3.10/site-packages/airflow/example_dags/example_branch_day_of_week_operator.py
[2023-09-29T07:58:06.694+0000] {processor.py:829} INFO - Processing file /home/ubuntu/airflow_venv/lib/python3.10/site-packages/airflow/example_dags/example_branch_day_of_week_operator.py for tasks to queue
[2023-09-29T07:58:06.694+0000] {logging_mixin.py:151} INFO - [2023-09-29T07:58:06.694+0000] {dagbag.py:539} INFO - Filling up the DagBag from /home/ubuntu/airflow_venv/lib/python3.10/site-packages/airflow/example_dags/example_branch_day_of_week_operator.py
[2023-09-29T07:58:06.702+0000] {processor.py:839} INFO - DAG(s) dict_keys(['example_weekday_branch_operator']) retrieved from /home/ubuntu/airflow_venv/lib/python3.10/site-packages/airflow/example_dags/example_branch_day_of_week_operator.py
[2023-09-29T07:58:06.732+0000] {logging_mixin.py:151} INFO - [2023-09-29T07:58:06.731+0000] {dag.py:2915} INFO - Sync 1 DAGs
[2023-09-29T07:58:06.758+0000] {logging_mixin.py:151} INFO - [2023-09-29T07:58:06.758+0000] {dag.py:3696} INFO - Setting next_dagrun for example_weekday_branch_operator to 2023-09-28T00:00:00+00:00, run_after=2023-09-29T00:00:00+00:00
[2023-09-29T07:58:06.778+0000] {processor.py:179} INFO - Processing /home/ubuntu/airflow_venv/lib/python3.10/site-packages/airflow/example_dags/example_branch_day_of_week_operator.py took 0.089 seconds
[2023-09-29T07:58:57.718+0000] {processor.py:157} INFO - Started process (PID=1550) to work on /home/ubuntu/airflow_venv/lib/python3.10/site-packages/airflow/example_dags/example_branch_day_of_week_operator.py
[2023-09-29T07:58:57.720+0000] {processor.py:829} INFO - Processing file /home/ubuntu/airflow_venv/lib/python3.10/site-packages/airflow/example_dags/example_branch_day_of_week_operator.py for tasks to queue
[2023-09-29T07:58:57.721+0000] {logging_mixin.py:151} INFO - [2023-09-29T07:58:57.720+0000] {dagbag.py:539} INFO - Filling up the DagBag from /home/ubuntu/airflow_venv/lib/python3.10/site-packages/airflow/example_dags/example_branch_day_of_week_operator.py
[2023-09-29T07:58:57.729+0000] {processor.py:839} INFO - DAG(s) dict_keys(['example_weekday_branch_operator']) retrieved from /home/ubuntu/airflow_venv/lib/python3.10/site-packages/airflow/example_dags/example_branch_day_of_week_operator.py
[2023-09-29T07:58:57.748+0000] {logging_mixin.py:151} INFO - [2023-09-29T07:58:57.747+0000] {dag.py:2915} INFO - Sync 1 DAGs
[2023-09-29T07:58:57.768+0000] {logging_mixin.py:151} INFO - [2023-09-29T07:58:57.768+0000] {dag.py:3696} INFO - Setting next_dagrun for example_weekday_branch_operator to 2023-09-28T00:00:00+00:00, run_after=2023-09-29T00:00:00+00:00
[2023-09-29T07:58:57.789+0000] {processor.py:179} INFO - Processing /home/ubuntu/airflow_venv/lib/python3.10/site-packages/airflow/example_dags/example_branch_day_of_week_operator.py took 0.075 seconds
[2023-09-29T07:59:51.407+0000] {processor.py:157} INFO - Started process (PID=1609) to work on /home/ubuntu/airflow_venv/lib/python3.10/site-packages/airflow/example_dags/example_branch_day_of_week_operator.py
[2023-09-29T07:59:51.409+0000] {processor.py:829} INFO - Processing file /home/ubuntu/airflow_venv/lib/python3.10/site-packages/airflow/example_dags/example_branch_day_of_week_operator.py for tasks to queue
[2023-09-29T07:59:51.410+0000] {logging_mixin.py:151} INFO - [2023-09-29T07:59:51.409+0000] {dagbag.py:539} INFO - Filling up the DagBag from /home/ubuntu/airflow_venv/lib/python3.10/site-packages/airflow/example_dags/example_branch_day_of_week_operator.py
[2023-09-29T07:59:51.418+0000] {processor.py:839} INFO - DAG(s) dict_keys(['example_weekday_branch_operator']) retrieved from /home/ubuntu/airflow_venv/lib/python3.10/site-packages/airflow/example_dags/example_branch_day_of_week_operator.py
[2023-09-29T07:59:51.447+0000] {logging_mixin.py:151} INFO - [2023-09-29T07:59:51.447+0000] {dag.py:2915} INFO - Sync 1 DAGs
[2023-09-29T07:59:51.471+0000] {logging_mixin.py:151} INFO - [2023-09-29T07:59:51.471+0000] {dag.py:3696} INFO - Setting next_dagrun for example_weekday_branch_operator to 2023-09-28T00:00:00+00:00, run_after=2023-09-29T00:00:00+00:00
[2023-09-29T07:59:51.494+0000] {processor.py:179} INFO - Processing /home/ubuntu/airflow_venv/lib/python3.10/site-packages/airflow/example_dags/example_branch_day_of_week_operator.py took 0.094 seconds
[2023-09-29T08:01:15.971+0000] {processor.py:157} INFO - Started process (PID=1690) to work on /home/ubuntu/airflow_venv/lib/python3.10/site-packages/airflow/example_dags/example_branch_day_of_week_operator.py
[2023-09-29T08:01:15.973+0000] {processor.py:829} INFO - Processing file /home/ubuntu/airflow_venv/lib/python3.10/site-packages/airflow/example_dags/example_branch_day_of_week_operator.py for tasks to queue
[2023-09-29T08:01:15.973+0000] {logging_mixin.py:151} INFO - [2023-09-29T08:01:15.973+0000] {dagbag.py:539} INFO - Filling up the DagBag from /home/ubuntu/airflow_venv/lib/python3.10/site-packages/airflow/example_dags/example_branch_day_of_week_operator.py
[2023-09-29T08:01:15.982+0000] {processor.py:839} INFO - DAG(s) dict_keys(['example_weekday_branch_operator']) retrieved from /home/ubuntu/airflow_venv/lib/python3.10/site-packages/airflow/example_dags/example_branch_day_of_week_operator.py
[2023-09-29T08:01:16.005+0000] {logging_mixin.py:151} INFO - [2023-09-29T08:01:16.004+0000] {dag.py:2915} INFO - Sync 1 DAGs
[2023-09-29T08:01:16.029+0000] {logging_mixin.py:151} INFO - [2023-09-29T08:01:16.029+0000] {dag.py:3696} INFO - Setting next_dagrun for example_weekday_branch_operator to 2023-09-28T00:00:00+00:00, run_after=2023-09-29T00:00:00+00:00
[2023-09-29T08:01:16.051+0000] {processor.py:179} INFO - Processing /home/ubuntu/airflow_venv/lib/python3.10/site-packages/airflow/example_dags/example_branch_day_of_week_operator.py took 0.085 seconds
[2023-09-29T08:02:13.120+0000] {processor.py:157} INFO - Started process (PID=1749) to work on /home/ubuntu/airflow_venv/lib/python3.10/site-packages/airflow/example_dags/example_branch_day_of_week_operator.py
[2023-09-29T08:02:13.121+0000] {processor.py:829} INFO - Processing file /home/ubuntu/airflow_venv/lib/python3.10/site-packages/airflow/example_dags/example_branch_day_of_week_operator.py for tasks to queue
[2023-09-29T08:02:13.122+0000] {logging_mixin.py:151} INFO - [2023-09-29T08:02:13.122+0000] {dagbag.py:539} INFO - Filling up the DagBag from /home/ubuntu/airflow_venv/lib/python3.10/site-packages/airflow/example_dags/example_branch_day_of_week_operator.py
[2023-09-29T08:02:13.130+0000] {processor.py:839} INFO - DAG(s) dict_keys(['example_weekday_branch_operator']) retrieved from /home/ubuntu/airflow_venv/lib/python3.10/site-packages/airflow/example_dags/example_branch_day_of_week_operator.py
[2023-09-29T08:02:13.148+0000] {logging_mixin.py:151} INFO - [2023-09-29T08:02:13.148+0000] {dag.py:2915} INFO - Sync 1 DAGs
[2023-09-29T08:02:13.171+0000] {logging_mixin.py:151} INFO - [2023-09-29T08:02:13.170+0000] {dag.py:3696} INFO - Setting next_dagrun for example_weekday_branch_operator to 2023-09-28T00:00:00+00:00, run_after=2023-09-29T00:00:00+00:00
[2023-09-29T08:02:13.194+0000] {processor.py:179} INFO - Processing /home/ubuntu/airflow_venv/lib/python3.10/site-packages/airflow/example_dags/example_branch_day_of_week_operator.py took 0.077 seconds
[2023-09-29T08:03:07.440+0000] {processor.py:157} INFO - Started process (PID=1804) to work on /home/ubuntu/airflow_venv/lib/python3.10/site-packages/airflow/example_dags/example_branch_day_of_week_operator.py
[2023-09-29T08:03:07.441+0000] {processor.py:829} INFO - Processing file /home/ubuntu/airflow_venv/lib/python3.10/site-packages/airflow/example_dags/example_branch_day_of_week_operator.py for tasks to queue
[2023-09-29T08:03:07.442+0000] {logging_mixin.py:151} INFO - [2023-09-29T08:03:07.442+0000] {dagbag.py:539} INFO - Filling up the DagBag from /home/ubuntu/airflow_venv/lib/python3.10/site-packages/airflow/example_dags/example_branch_day_of_week_operator.py
[2023-09-29T08:03:07.450+0000] {processor.py:839} INFO - DAG(s) dict_keys(['example_weekday_branch_operator']) retrieved from /home/ubuntu/airflow_venv/lib/python3.10/site-packages/airflow/example_dags/example_branch_day_of_week_operator.py
[2023-09-29T08:03:07.484+0000] {logging_mixin.py:151} INFO - [2023-09-29T08:03:07.484+0000] {dag.py:2915} INFO - Sync 1 DAGs
[2023-09-29T08:03:07.531+0000] {logging_mixin.py:151} INFO - [2023-09-29T08:03:07.531+0000] {dag.py:3696} INFO - Setting next_dagrun for example_weekday_branch_operator to 2023-09-28T00:00:00+00:00, run_after=2023-09-29T00:00:00+00:00
[2023-09-29T08:03:07.560+0000] {processor.py:179} INFO - Processing /home/ubuntu/airflow_venv/lib/python3.10/site-packages/airflow/example_dags/example_branch_day_of_week_operator.py took 0.122 seconds
[2023-09-29T08:03:59.238+0000] {processor.py:157} INFO - Started process (PID=1857) to work on /home/ubuntu/airflow_venv/lib/python3.10/site-packages/airflow/example_dags/example_branch_day_of_week_operator.py
[2023-09-29T08:03:59.239+0000] {processor.py:829} INFO - Processing file /home/ubuntu/airflow_venv/lib/python3.10/site-packages/airflow/example_dags/example_branch_day_of_week_operator.py for tasks to queue
[2023-09-29T08:03:59.240+0000] {logging_mixin.py:151} INFO - [2023-09-29T08:03:59.239+0000] {dagbag.py:539} INFO - Filling up the DagBag from /home/ubuntu/airflow_venv/lib/python3.10/site-packages/airflow/example_dags/example_branch_day_of_week_operator.py
[2023-09-29T08:03:59.247+0000] {processor.py:839} INFO - DAG(s) dict_keys(['example_weekday_branch_operator']) retrieved from /home/ubuntu/airflow_venv/lib/python3.10/site-packages/airflow/example_dags/example_branch_day_of_week_operator.py
[2023-09-29T08:03:59.264+0000] {logging_mixin.py:151} INFO - [2023-09-29T08:03:59.264+0000] {dag.py:2915} INFO - Sync 1 DAGs
[2023-09-29T08:03:59.282+0000] {logging_mixin.py:151} INFO - [2023-09-29T08:03:59.282+0000] {dag.py:3696} INFO - Setting next_dagrun for example_weekday_branch_operator to 2023-09-28T00:00:00+00:00, run_after=2023-09-29T00:00:00+00:00
[2023-09-29T08:03:59.302+0000] {processor.py:179} INFO - Processing /home/ubuntu/airflow_venv/lib/python3.10/site-packages/airflow/example_dags/example_branch_day_of_week_operator.py took 0.067 seconds
[2023-09-29T08:04:51.607+0000] {processor.py:157} INFO - Started process (PID=1913) to work on /home/ubuntu/airflow_venv/lib/python3.10/site-packages/airflow/example_dags/example_branch_day_of_week_operator.py
[2023-09-29T08:04:51.608+0000] {processor.py:829} INFO - Processing file /home/ubuntu/airflow_venv/lib/python3.10/site-packages/airflow/example_dags/example_branch_day_of_week_operator.py for tasks to queue
[2023-09-29T08:04:51.609+0000] {logging_mixin.py:151} INFO - [2023-09-29T08:04:51.608+0000] {dagbag.py:539} INFO - Filling up the DagBag from /home/ubuntu/airflow_venv/lib/python3.10/site-packages/airflow/example_dags/example_branch_day_of_week_operator.py
[2023-09-29T08:04:51.617+0000] {processor.py:839} INFO - DAG(s) dict_keys(['example_weekday_branch_operator']) retrieved from /home/ubuntu/airflow_venv/lib/python3.10/site-packages/airflow/example_dags/example_branch_day_of_week_operator.py
[2023-09-29T08:04:51.637+0000] {logging_mixin.py:151} INFO - [2023-09-29T08:04:51.637+0000] {dag.py:2915} INFO - Sync 1 DAGs
[2023-09-29T08:04:51.660+0000] {logging_mixin.py:151} INFO - [2023-09-29T08:04:51.660+0000] {dag.py:3696} INFO - Setting next_dagrun for example_weekday_branch_operator to 2023-09-28T00:00:00+00:00, run_after=2023-09-29T00:00:00+00:00
[2023-09-29T08:04:51.687+0000] {processor.py:179} INFO - Processing /home/ubuntu/airflow_venv/lib/python3.10/site-packages/airflow/example_dags/example_branch_day_of_week_operator.py took 0.084 seconds
[2023-09-29T08:05:41.823+0000] {processor.py:157} INFO - Started process (PID=1963) to work on /home/ubuntu/airflow_venv/lib/python3.10/site-packages/airflow/example_dags/example_branch_day_of_week_operator.py
[2023-09-29T08:05:41.824+0000] {processor.py:829} INFO - Processing file /home/ubuntu/airflow_venv/lib/python3.10/site-packages/airflow/example_dags/example_branch_day_of_week_operator.py for tasks to queue
[2023-09-29T08:05:41.825+0000] {logging_mixin.py:151} INFO - [2023-09-29T08:05:41.825+0000] {dagbag.py:539} INFO - Filling up the DagBag from /home/ubuntu/airflow_venv/lib/python3.10/site-packages/airflow/example_dags/example_branch_day_of_week_operator.py
[2023-09-29T08:05:41.834+0000] {processor.py:839} INFO - DAG(s) dict_keys(['example_weekday_branch_operator']) retrieved from /home/ubuntu/airflow_venv/lib/python3.10/site-packages/airflow/example_dags/example_branch_day_of_week_operator.py
[2023-09-29T08:05:41.855+0000] {logging_mixin.py:151} INFO - [2023-09-29T08:05:41.855+0000] {dag.py:2915} INFO - Sync 1 DAGs
[2023-09-29T08:05:41.880+0000] {logging_mixin.py:151} INFO - [2023-09-29T08:05:41.879+0000] {dag.py:3696} INFO - Setting next_dagrun for example_weekday_branch_operator to 2023-09-28T00:00:00+00:00, run_after=2023-09-29T00:00:00+00:00
[2023-09-29T08:05:41.904+0000] {processor.py:179} INFO - Processing /home/ubuntu/airflow_venv/lib/python3.10/site-packages/airflow/example_dags/example_branch_day_of_week_operator.py took 0.085 seconds
[2023-09-29T08:06:36.089+0000] {processor.py:157} INFO - Started process (PID=2019) to work on /home/ubuntu/airflow_venv/lib/python3.10/site-packages/airflow/example_dags/example_branch_day_of_week_operator.py
[2023-09-29T08:06:36.090+0000] {processor.py:829} INFO - Processing file /home/ubuntu/airflow_venv/lib/python3.10/site-packages/airflow/example_dags/example_branch_day_of_week_operator.py for tasks to queue
[2023-09-29T08:06:36.091+0000] {logging_mixin.py:151} INFO - [2023-09-29T08:06:36.091+0000] {dagbag.py:539} INFO - Filling up the DagBag from /home/ubuntu/airflow_venv/lib/python3.10/site-packages/airflow/example_dags/example_branch_day_of_week_operator.py
[2023-09-29T08:06:36.099+0000] {processor.py:839} INFO - DAG(s) dict_keys(['example_weekday_branch_operator']) retrieved from /home/ubuntu/airflow_venv/lib/python3.10/site-packages/airflow/example_dags/example_branch_day_of_week_operator.py
[2023-09-29T08:06:36.116+0000] {logging_mixin.py:151} INFO - [2023-09-29T08:06:36.116+0000] {dag.py:2915} INFO - Sync 1 DAGs
[2023-09-29T08:06:36.135+0000] {logging_mixin.py:151} INFO - [2023-09-29T08:06:36.134+0000] {dag.py:3696} INFO - Setting next_dagrun for example_weekday_branch_operator to 2023-09-28T00:00:00+00:00, run_after=2023-09-29T00:00:00+00:00
[2023-09-29T08:06:36.154+0000] {processor.py:179} INFO - Processing /home/ubuntu/airflow_venv/lib/python3.10/site-packages/airflow/example_dags/example_branch_day_of_week_operator.py took 0.068 seconds
[2023-09-29T08:07:23.600+0000] {processor.py:157} INFO - Started process (PID=2069) to work on /home/ubuntu/airflow_venv/lib/python3.10/site-packages/airflow/example_dags/example_branch_day_of_week_operator.py
[2023-09-29T08:07:23.603+0000] {processor.py:829} INFO - Processing file /home/ubuntu/airflow_venv/lib/python3.10/site-packages/airflow/example_dags/example_branch_day_of_week_operator.py for tasks to queue
[2023-09-29T08:07:23.605+0000] {logging_mixin.py:151} INFO - [2023-09-29T08:07:23.604+0000] {dagbag.py:539} INFO - Filling up the DagBag from /home/ubuntu/airflow_venv/lib/python3.10/site-packages/airflow/example_dags/example_branch_day_of_week_operator.py
[2023-09-29T08:07:23.628+0000] {processor.py:839} INFO - DAG(s) dict_keys(['example_weekday_branch_operator']) retrieved from /home/ubuntu/airflow_venv/lib/python3.10/site-packages/airflow/example_dags/example_branch_day_of_week_operator.py
[2023-09-29T08:07:23.666+0000] {logging_mixin.py:151} INFO - [2023-09-29T08:07:23.665+0000] {dag.py:2915} INFO - Sync 1 DAGs
[2023-09-29T08:07:23.704+0000] {logging_mixin.py:151} INFO - [2023-09-29T08:07:23.704+0000] {dag.py:3696} INFO - Setting next_dagrun for example_weekday_branch_operator to 2023-09-28T00:00:00+00:00, run_after=2023-09-29T00:00:00+00:00
[2023-09-29T08:07:23.742+0000] {processor.py:179} INFO - Processing /home/ubuntu/airflow_venv/lib/python3.10/site-packages/airflow/example_dags/example_branch_day_of_week_operator.py took 0.156 seconds
[2023-09-29T08:08:15.454+0000] {processor.py:157} INFO - Started process (PID=2331) to work on /home/ubuntu/airflow_venv/lib/python3.10/site-packages/airflow/example_dags/example_branch_day_of_week_operator.py
[2023-09-29T08:08:15.456+0000] {processor.py:829} INFO - Processing file /home/ubuntu/airflow_venv/lib/python3.10/site-packages/airflow/example_dags/example_branch_day_of_week_operator.py for tasks to queue
[2023-09-29T08:08:15.458+0000] {logging_mixin.py:151} INFO - [2023-09-29T08:08:15.457+0000] {dagbag.py:539} INFO - Filling up the DagBag from /home/ubuntu/airflow_venv/lib/python3.10/site-packages/airflow/example_dags/example_branch_day_of_week_operator.py
[2023-09-29T08:08:15.475+0000] {processor.py:839} INFO - DAG(s) dict_keys(['example_weekday_branch_operator']) retrieved from /home/ubuntu/airflow_venv/lib/python3.10/site-packages/airflow/example_dags/example_branch_day_of_week_operator.py
[2023-09-29T08:08:15.517+0000] {logging_mixin.py:151} INFO - [2023-09-29T08:08:15.517+0000] {dag.py:2915} INFO - Sync 1 DAGs
[2023-09-29T08:08:15.561+0000] {logging_mixin.py:151} INFO - [2023-09-29T08:08:15.560+0000] {dag.py:3696} INFO - Setting next_dagrun for example_weekday_branch_operator to 2023-09-28T00:00:00+00:00, run_after=2023-09-29T00:00:00+00:00
[2023-09-29T08:08:15.587+0000] {processor.py:179} INFO - Processing /home/ubuntu/airflow_venv/lib/python3.10/site-packages/airflow/example_dags/example_branch_day_of_week_operator.py took 0.144 seconds
[2023-09-29T08:09:08.309+0000] {processor.py:157} INFO - Started process (PID=2388) to work on /home/ubuntu/airflow_venv/lib/python3.10/site-packages/airflow/example_dags/example_branch_day_of_week_operator.py
[2023-09-29T08:09:08.310+0000] {processor.py:829} INFO - Processing file /home/ubuntu/airflow_venv/lib/python3.10/site-packages/airflow/example_dags/example_branch_day_of_week_operator.py for tasks to queue
[2023-09-29T08:09:08.311+0000] {logging_mixin.py:151} INFO - [2023-09-29T08:09:08.310+0000] {dagbag.py:539} INFO - Filling up the DagBag from /home/ubuntu/airflow_venv/lib/python3.10/site-packages/airflow/example_dags/example_branch_day_of_week_operator.py
[2023-09-29T08:09:08.319+0000] {processor.py:839} INFO - DAG(s) dict_keys(['example_weekday_branch_operator']) retrieved from /home/ubuntu/airflow_venv/lib/python3.10/site-packages/airflow/example_dags/example_branch_day_of_week_operator.py
[2023-09-29T08:09:08.338+0000] {logging_mixin.py:151} INFO - [2023-09-29T08:09:08.338+0000] {dag.py:2915} INFO - Sync 1 DAGs
[2023-09-29T08:09:08.359+0000] {logging_mixin.py:151} INFO - [2023-09-29T08:09:08.359+0000] {dag.py:3696} INFO - Setting next_dagrun for example_weekday_branch_operator to 2023-09-28T00:00:00+00:00, run_after=2023-09-29T00:00:00+00:00
[2023-09-29T08:09:08.388+0000] {processor.py:179} INFO - Processing /home/ubuntu/airflow_venv/lib/python3.10/site-packages/airflow/example_dags/example_branch_day_of_week_operator.py took 0.082 seconds
