[2023-09-29T07:22:43.282+0000] {processor.py:157} INFO - Started process (PID=12212) to work on /home/ubuntu/airflow_venv/lib/python3.10/site-packages/airflow/example_dags/example_branch_python_dop_operator_3.py
[2023-09-29T07:22:43.283+0000] {processor.py:829} INFO - Processing file /home/ubuntu/airflow_venv/lib/python3.10/site-packages/airflow/example_dags/example_branch_python_dop_operator_3.py for tasks to queue
[2023-09-29T07:22:43.284+0000] {logging_mixin.py:151} INFO - [2023-09-29T07:22:43.283+0000] {dagbag.py:539} INFO - Filling up the DagBag from /home/ubuntu/airflow_venv/lib/python3.10/site-packages/airflow/example_dags/example_branch_python_dop_operator_3.py
[2023-09-29T07:22:43.293+0000] {processor.py:839} INFO - DAG(s) dict_keys(['example_branch_dop_operator_v3']) retrieved from /home/ubuntu/airflow_venv/lib/python3.10/site-packages/airflow/example_dags/example_branch_python_dop_operator_3.py
[2023-09-29T07:22:43.312+0000] {logging_mixin.py:151} INFO - [2023-09-29T07:22:43.312+0000] {dag.py:2915} INFO - Sync 1 DAGs
[2023-09-29T07:22:43.335+0000] {logging_mixin.py:151} INFO - [2023-09-29T07:22:43.335+0000] {dag.py:3696} INFO - Setting next_dagrun for example_branch_dop_operator_v3 to 2023-09-29T07:21:00+00:00, run_after=2023-09-29T07:22:00+00:00
[2023-09-29T07:22:43.360+0000] {processor.py:179} INFO - Processing /home/ubuntu/airflow_venv/lib/python3.10/site-packages/airflow/example_dags/example_branch_python_dop_operator_3.py took 0.082 seconds
[2023-09-29T07:27:51.764+0000] {processor.py:157} INFO - Started process (PID=12840) to work on /home/ubuntu/airflow_venv/lib/python3.10/site-packages/airflow/example_dags/example_branch_python_dop_operator_3.py
[2023-09-29T07:27:51.765+0000] {processor.py:829} INFO - Processing file /home/ubuntu/airflow_venv/lib/python3.10/site-packages/airflow/example_dags/example_branch_python_dop_operator_3.py for tasks to queue
[2023-09-29T07:27:51.766+0000] {logging_mixin.py:151} INFO - [2023-09-29T07:27:51.766+0000] {dagbag.py:539} INFO - Filling up the DagBag from /home/ubuntu/airflow_venv/lib/python3.10/site-packages/airflow/example_dags/example_branch_python_dop_operator_3.py
[2023-09-29T07:27:51.779+0000] {processor.py:839} INFO - DAG(s) dict_keys(['example_branch_dop_operator_v3']) retrieved from /home/ubuntu/airflow_venv/lib/python3.10/site-packages/airflow/example_dags/example_branch_python_dop_operator_3.py
[2023-09-29T07:27:51.989+0000] {logging_mixin.py:151} INFO - [2023-09-29T07:27:51.988+0000] {dag.py:2915} INFO - Sync 1 DAGs
[2023-09-29T07:27:52.021+0000] {logging_mixin.py:151} INFO - [2023-09-29T07:27:52.021+0000] {dag.py:3696} INFO - Setting next_dagrun for example_branch_dop_operator_v3 to 2023-09-29T07:26:00+00:00, run_after=2023-09-29T07:27:00+00:00
[2023-09-29T07:27:52.059+0000] {processor.py:179} INFO - Processing /home/ubuntu/airflow_venv/lib/python3.10/site-packages/airflow/example_dags/example_branch_python_dop_operator_3.py took 0.299 seconds
[2023-09-29T07:28:51.296+0000] {processor.py:157} INFO - Started process (PID=12897) to work on /home/ubuntu/airflow_venv/lib/python3.10/site-packages/airflow/example_dags/example_branch_python_dop_operator_3.py
[2023-09-29T07:28:51.297+0000] {processor.py:829} INFO - Processing file /home/ubuntu/airflow_venv/lib/python3.10/site-packages/airflow/example_dags/example_branch_python_dop_operator_3.py for tasks to queue
[2023-09-29T07:28:51.298+0000] {logging_mixin.py:151} INFO - [2023-09-29T07:28:51.298+0000] {dagbag.py:539} INFO - Filling up the DagBag from /home/ubuntu/airflow_venv/lib/python3.10/site-packages/airflow/example_dags/example_branch_python_dop_operator_3.py
[2023-09-29T07:28:51.313+0000] {processor.py:839} INFO - DAG(s) dict_keys(['example_branch_dop_operator_v3']) retrieved from /home/ubuntu/airflow_venv/lib/python3.10/site-packages/airflow/example_dags/example_branch_python_dop_operator_3.py
[2023-09-29T07:28:51.338+0000] {logging_mixin.py:151} INFO - [2023-09-29T07:28:51.338+0000] {dag.py:2915} INFO - Sync 1 DAGs
[2023-09-29T07:28:51.362+0000] {logging_mixin.py:151} INFO - [2023-09-29T07:28:51.362+0000] {dag.py:3696} INFO - Setting next_dagrun for example_branch_dop_operator_v3 to 2023-09-29T07:27:00+00:00, run_after=2023-09-29T07:28:00+00:00
[2023-09-29T07:28:51.385+0000] {processor.py:179} INFO - Processing /home/ubuntu/airflow_venv/lib/python3.10/site-packages/airflow/example_dags/example_branch_python_dop_operator_3.py took 0.093 seconds
[2023-09-29T07:29:45.870+0000] {processor.py:157} INFO - Started process (PID=12952) to work on /home/ubuntu/airflow_venv/lib/python3.10/site-packages/airflow/example_dags/example_branch_python_dop_operator_3.py
[2023-09-29T07:29:45.872+0000] {processor.py:829} INFO - Processing file /home/ubuntu/airflow_venv/lib/python3.10/site-packages/airflow/example_dags/example_branch_python_dop_operator_3.py for tasks to queue
[2023-09-29T07:29:45.873+0000] {logging_mixin.py:151} INFO - [2023-09-29T07:29:45.873+0000] {dagbag.py:539} INFO - Filling up the DagBag from /home/ubuntu/airflow_venv/lib/python3.10/site-packages/airflow/example_dags/example_branch_python_dop_operator_3.py
[2023-09-29T07:29:45.895+0000] {processor.py:839} INFO - DAG(s) dict_keys(['example_branch_dop_operator_v3']) retrieved from /home/ubuntu/airflow_venv/lib/python3.10/site-packages/airflow/example_dags/example_branch_python_dop_operator_3.py
[2023-09-29T07:29:45.924+0000] {logging_mixin.py:151} INFO - [2023-09-29T07:29:45.923+0000] {dag.py:2915} INFO - Sync 1 DAGs
[2023-09-29T07:29:45.958+0000] {logging_mixin.py:151} INFO - [2023-09-29T07:29:45.958+0000] {dag.py:3696} INFO - Setting next_dagrun for example_branch_dop_operator_v3 to 2023-09-29T07:28:00+00:00, run_after=2023-09-29T07:29:00+00:00
[2023-09-29T07:29:45.985+0000] {processor.py:179} INFO - Processing /home/ubuntu/airflow_venv/lib/python3.10/site-packages/airflow/example_dags/example_branch_python_dop_operator_3.py took 0.126 seconds
[2023-09-29T07:30:42.509+0000] {processor.py:157} INFO - Started process (PID=13012) to work on /home/ubuntu/airflow_venv/lib/python3.10/site-packages/airflow/example_dags/example_branch_python_dop_operator_3.py
[2023-09-29T07:30:42.510+0000] {processor.py:829} INFO - Processing file /home/ubuntu/airflow_venv/lib/python3.10/site-packages/airflow/example_dags/example_branch_python_dop_operator_3.py for tasks to queue
[2023-09-29T07:30:42.511+0000] {logging_mixin.py:151} INFO - [2023-09-29T07:30:42.510+0000] {dagbag.py:539} INFO - Filling up the DagBag from /home/ubuntu/airflow_venv/lib/python3.10/site-packages/airflow/example_dags/example_branch_python_dop_operator_3.py
[2023-09-29T07:30:42.521+0000] {processor.py:839} INFO - DAG(s) dict_keys(['example_branch_dop_operator_v3']) retrieved from /home/ubuntu/airflow_venv/lib/python3.10/site-packages/airflow/example_dags/example_branch_python_dop_operator_3.py
[2023-09-29T07:30:42.540+0000] {logging_mixin.py:151} INFO - [2023-09-29T07:30:42.540+0000] {dag.py:2915} INFO - Sync 1 DAGs
[2023-09-29T07:30:42.573+0000] {logging_mixin.py:151} INFO - [2023-09-29T07:30:42.573+0000] {dag.py:3696} INFO - Setting next_dagrun for example_branch_dop_operator_v3 to 2023-09-29T07:29:00+00:00, run_after=2023-09-29T07:30:00+00:00
[2023-09-29T07:30:42.603+0000] {processor.py:179} INFO - Processing /home/ubuntu/airflow_venv/lib/python3.10/site-packages/airflow/example_dags/example_branch_python_dop_operator_3.py took 0.098 seconds
[2023-09-29T07:31:36.100+0000] {processor.py:157} INFO - Started process (PID=13117) to work on /home/ubuntu/airflow_venv/lib/python3.10/site-packages/airflow/example_dags/example_branch_python_dop_operator_3.py
[2023-09-29T07:31:36.107+0000] {processor.py:829} INFO - Processing file /home/ubuntu/airflow_venv/lib/python3.10/site-packages/airflow/example_dags/example_branch_python_dop_operator_3.py for tasks to queue
[2023-09-29T07:31:36.117+0000] {logging_mixin.py:151} INFO - [2023-09-29T07:31:36.108+0000] {dagbag.py:539} INFO - Filling up the DagBag from /home/ubuntu/airflow_venv/lib/python3.10/site-packages/airflow/example_dags/example_branch_python_dop_operator_3.py
[2023-09-29T07:31:36.154+0000] {processor.py:839} INFO - DAG(s) dict_keys(['example_branch_dop_operator_v3']) retrieved from /home/ubuntu/airflow_venv/lib/python3.10/site-packages/airflow/example_dags/example_branch_python_dop_operator_3.py
[2023-09-29T07:31:36.352+0000] {logging_mixin.py:151} INFO - [2023-09-29T07:31:36.344+0000] {dag.py:2915} INFO - Sync 1 DAGs
[2023-09-29T07:31:57.069+0000] {logging_mixin.py:151} INFO - [2023-09-29T07:31:51.019+0000] {dag.py:3696} INFO - Setting next_dagrun for example_branch_dop_operator_v3 to 2023-09-29T07:30:00+00:00, run_after=2023-09-29T07:31:00+00:00
[2023-09-29T07:34:21.570+0000] {processor.py:179} INFO - Processing /home/ubuntu/airflow_venv/lib/python3.10/site-packages/airflow/example_dags/example_branch_python_dop_operator_3.py took 165.476 seconds
[2023-09-29T07:43:34.570+0000] {processor.py:157} INFO - Started process (PID=1226) to work on /home/ubuntu/airflow_venv/lib/python3.10/site-packages/airflow/example_dags/example_branch_python_dop_operator_3.py
[2023-09-29T07:43:34.572+0000] {processor.py:829} INFO - Processing file /home/ubuntu/airflow_venv/lib/python3.10/site-packages/airflow/example_dags/example_branch_python_dop_operator_3.py for tasks to queue
[2023-09-29T07:43:34.572+0000] {logging_mixin.py:151} INFO - [2023-09-29T07:43:34.572+0000] {dagbag.py:539} INFO - Filling up the DagBag from /home/ubuntu/airflow_venv/lib/python3.10/site-packages/airflow/example_dags/example_branch_python_dop_operator_3.py
[2023-09-29T07:43:34.583+0000] {processor.py:839} INFO - DAG(s) dict_keys(['example_branch_dop_operator_v3']) retrieved from /home/ubuntu/airflow_venv/lib/python3.10/site-packages/airflow/example_dags/example_branch_python_dop_operator_3.py
[2023-09-29T07:43:34.602+0000] {logging_mixin.py:151} INFO - [2023-09-29T07:43:34.602+0000] {dag.py:2915} INFO - Sync 1 DAGs
[2023-09-29T07:43:34.631+0000] {logging_mixin.py:151} INFO - [2023-09-29T07:43:34.631+0000] {dag.py:3696} INFO - Setting next_dagrun for example_branch_dop_operator_v3 to 2023-09-29T07:42:00+00:00, run_after=2023-09-29T07:43:00+00:00
[2023-09-29T07:43:34.653+0000] {processor.py:179} INFO - Processing /home/ubuntu/airflow_venv/lib/python3.10/site-packages/airflow/example_dags/example_branch_python_dop_operator_3.py took 0.086 seconds
[2023-09-29T07:44:28.301+0000] {processor.py:157} INFO - Started process (PID=1274) to work on /home/ubuntu/airflow_venv/lib/python3.10/site-packages/airflow/example_dags/example_branch_python_dop_operator_3.py
[2023-09-29T07:44:28.302+0000] {processor.py:829} INFO - Processing file /home/ubuntu/airflow_venv/lib/python3.10/site-packages/airflow/example_dags/example_branch_python_dop_operator_3.py for tasks to queue
[2023-09-29T07:44:28.303+0000] {logging_mixin.py:151} INFO - [2023-09-29T07:44:28.303+0000] {dagbag.py:539} INFO - Filling up the DagBag from /home/ubuntu/airflow_venv/lib/python3.10/site-packages/airflow/example_dags/example_branch_python_dop_operator_3.py
[2023-09-29T07:44:28.317+0000] {processor.py:839} INFO - DAG(s) dict_keys(['example_branch_dop_operator_v3']) retrieved from /home/ubuntu/airflow_venv/lib/python3.10/site-packages/airflow/example_dags/example_branch_python_dop_operator_3.py
[2023-09-29T07:44:28.347+0000] {logging_mixin.py:151} INFO - [2023-09-29T07:44:28.346+0000] {dag.py:2915} INFO - Sync 1 DAGs
[2023-09-29T07:44:28.592+0000] {logging_mixin.py:151} INFO - [2023-09-29T07:44:28.592+0000] {dag.py:3696} INFO - Setting next_dagrun for example_branch_dop_operator_v3 to 2023-09-29T07:43:00+00:00, run_after=2023-09-29T07:44:00+00:00
[2023-09-29T07:44:28.613+0000] {processor.py:179} INFO - Processing /home/ubuntu/airflow_venv/lib/python3.10/site-packages/airflow/example_dags/example_branch_python_dop_operator_3.py took 0.316 seconds
[2023-09-29T07:55:30.153+0000] {processor.py:157} INFO - Started process (PID=1350) to work on /home/ubuntu/airflow_venv/lib/python3.10/site-packages/airflow/example_dags/example_branch_python_dop_operator_3.py
[2023-09-29T07:55:30.155+0000] {processor.py:829} INFO - Processing file /home/ubuntu/airflow_venv/lib/python3.10/site-packages/airflow/example_dags/example_branch_python_dop_operator_3.py for tasks to queue
[2023-09-29T07:55:30.155+0000] {logging_mixin.py:151} INFO - [2023-09-29T07:55:30.155+0000] {dagbag.py:539} INFO - Filling up the DagBag from /home/ubuntu/airflow_venv/lib/python3.10/site-packages/airflow/example_dags/example_branch_python_dop_operator_3.py
[2023-09-29T07:55:30.164+0000] {processor.py:839} INFO - DAG(s) dict_keys(['example_branch_dop_operator_v3']) retrieved from /home/ubuntu/airflow_venv/lib/python3.10/site-packages/airflow/example_dags/example_branch_python_dop_operator_3.py
[2023-09-29T07:55:30.188+0000] {logging_mixin.py:151} INFO - [2023-09-29T07:55:30.182+0000] {dag.py:2915} INFO - Sync 1 DAGs
[2023-09-29T07:55:30.235+0000] {logging_mixin.py:151} INFO - [2023-09-29T07:55:30.235+0000] {dag.py:3696} INFO - Setting next_dagrun for example_branch_dop_operator_v3 to 2023-09-29T07:54:00+00:00, run_after=2023-09-29T07:55:00+00:00
[2023-09-29T07:55:30.261+0000] {processor.py:179} INFO - Processing /home/ubuntu/airflow_venv/lib/python3.10/site-packages/airflow/example_dags/example_branch_python_dop_operator_3.py took 0.111 seconds
[2023-09-29T07:56:27.309+0000] {processor.py:157} INFO - Started process (PID=1404) to work on /home/ubuntu/airflow_venv/lib/python3.10/site-packages/airflow/example_dags/example_branch_python_dop_operator_3.py
[2023-09-29T07:56:27.310+0000] {processor.py:829} INFO - Processing file /home/ubuntu/airflow_venv/lib/python3.10/site-packages/airflow/example_dags/example_branch_python_dop_operator_3.py for tasks to queue
[2023-09-29T07:56:27.311+0000] {logging_mixin.py:151} INFO - [2023-09-29T07:56:27.311+0000] {dagbag.py:539} INFO - Filling up the DagBag from /home/ubuntu/airflow_venv/lib/python3.10/site-packages/airflow/example_dags/example_branch_python_dop_operator_3.py
[2023-09-29T07:56:27.320+0000] {processor.py:839} INFO - DAG(s) dict_keys(['example_branch_dop_operator_v3']) retrieved from /home/ubuntu/airflow_venv/lib/python3.10/site-packages/airflow/example_dags/example_branch_python_dop_operator_3.py
[2023-09-29T07:56:27.339+0000] {logging_mixin.py:151} INFO - [2023-09-29T07:56:27.339+0000] {dag.py:2915} INFO - Sync 1 DAGs
[2023-09-29T07:56:27.553+0000] {logging_mixin.py:151} INFO - [2023-09-29T07:56:27.553+0000] {dag.py:3696} INFO - Setting next_dagrun for example_branch_dop_operator_v3 to 2023-09-29T07:55:00+00:00, run_after=2023-09-29T07:56:00+00:00
[2023-09-29T07:56:27.573+0000] {processor.py:179} INFO - Processing /home/ubuntu/airflow_venv/lib/python3.10/site-packages/airflow/example_dags/example_branch_python_dop_operator_3.py took 0.267 seconds
[2023-09-29T07:57:23.995+0000] {processor.py:157} INFO - Started process (PID=1452) to work on /home/ubuntu/airflow_venv/lib/python3.10/site-packages/airflow/example_dags/example_branch_python_dop_operator_3.py
[2023-09-29T07:57:23.996+0000] {processor.py:829} INFO - Processing file /home/ubuntu/airflow_venv/lib/python3.10/site-packages/airflow/example_dags/example_branch_python_dop_operator_3.py for tasks to queue
[2023-09-29T07:57:23.997+0000] {logging_mixin.py:151} INFO - [2023-09-29T07:57:23.997+0000] {dagbag.py:539} INFO - Filling up the DagBag from /home/ubuntu/airflow_venv/lib/python3.10/site-packages/airflow/example_dags/example_branch_python_dop_operator_3.py
[2023-09-29T07:57:24.006+0000] {processor.py:839} INFO - DAG(s) dict_keys(['example_branch_dop_operator_v3']) retrieved from /home/ubuntu/airflow_venv/lib/python3.10/site-packages/airflow/example_dags/example_branch_python_dop_operator_3.py
[2023-09-29T07:57:24.034+0000] {logging_mixin.py:151} INFO - [2023-09-29T07:57:24.034+0000] {dag.py:2915} INFO - Sync 1 DAGs
[2023-09-29T07:57:24.057+0000] {logging_mixin.py:151} INFO - [2023-09-29T07:57:24.057+0000] {dag.py:3696} INFO - Setting next_dagrun for example_branch_dop_operator_v3 to 2023-09-29T07:56:00+00:00, run_after=2023-09-29T07:57:00+00:00
[2023-09-29T07:57:24.079+0000] {processor.py:179} INFO - Processing /home/ubuntu/airflow_venv/lib/python3.10/site-packages/airflow/example_dags/example_branch_python_dop_operator_3.py took 0.088 seconds
[2023-09-29T07:58:23.633+0000] {processor.py:157} INFO - Started process (PID=1513) to work on /home/ubuntu/airflow_venv/lib/python3.10/site-packages/airflow/example_dags/example_branch_python_dop_operator_3.py
[2023-09-29T07:58:23.635+0000] {processor.py:829} INFO - Processing file /home/ubuntu/airflow_venv/lib/python3.10/site-packages/airflow/example_dags/example_branch_python_dop_operator_3.py for tasks to queue
[2023-09-29T07:58:23.636+0000] {logging_mixin.py:151} INFO - [2023-09-29T07:58:23.635+0000] {dagbag.py:539} INFO - Filling up the DagBag from /home/ubuntu/airflow_venv/lib/python3.10/site-packages/airflow/example_dags/example_branch_python_dop_operator_3.py
[2023-09-29T07:58:23.645+0000] {processor.py:839} INFO - DAG(s) dict_keys(['example_branch_dop_operator_v3']) retrieved from /home/ubuntu/airflow_venv/lib/python3.10/site-packages/airflow/example_dags/example_branch_python_dop_operator_3.py
[2023-09-29T07:58:23.663+0000] {logging_mixin.py:151} INFO - [2023-09-29T07:58:23.662+0000] {dag.py:2915} INFO - Sync 1 DAGs
[2023-09-29T07:58:23.686+0000] {logging_mixin.py:151} INFO - [2023-09-29T07:58:23.685+0000] {dag.py:3696} INFO - Setting next_dagrun for example_branch_dop_operator_v3 to 2023-09-29T07:57:00+00:00, run_after=2023-09-29T07:58:00+00:00
[2023-09-29T07:58:23.708+0000] {processor.py:179} INFO - Processing /home/ubuntu/airflow_venv/lib/python3.10/site-packages/airflow/example_dags/example_branch_python_dop_operator_3.py took 0.080 seconds
[2023-09-29T07:59:14.039+0000] {processor.py:157} INFO - Started process (PID=1569) to work on /home/ubuntu/airflow_venv/lib/python3.10/site-packages/airflow/example_dags/example_branch_python_dop_operator_3.py
[2023-09-29T07:59:14.040+0000] {processor.py:829} INFO - Processing file /home/ubuntu/airflow_venv/lib/python3.10/site-packages/airflow/example_dags/example_branch_python_dop_operator_3.py for tasks to queue
[2023-09-29T07:59:14.041+0000] {logging_mixin.py:151} INFO - [2023-09-29T07:59:14.041+0000] {dagbag.py:539} INFO - Filling up the DagBag from /home/ubuntu/airflow_venv/lib/python3.10/site-packages/airflow/example_dags/example_branch_python_dop_operator_3.py
[2023-09-29T07:59:14.051+0000] {processor.py:839} INFO - DAG(s) dict_keys(['example_branch_dop_operator_v3']) retrieved from /home/ubuntu/airflow_venv/lib/python3.10/site-packages/airflow/example_dags/example_branch_python_dop_operator_3.py
[2023-09-29T07:59:14.071+0000] {logging_mixin.py:151} INFO - [2023-09-29T07:59:14.071+0000] {dag.py:2915} INFO - Sync 1 DAGs
[2023-09-29T07:59:14.096+0000] {logging_mixin.py:151} INFO - [2023-09-29T07:59:14.096+0000] {dag.py:3696} INFO - Setting next_dagrun for example_branch_dop_operator_v3 to 2023-09-29T07:58:00+00:00, run_after=2023-09-29T07:59:00+00:00
[2023-09-29T07:59:14.131+0000] {processor.py:179} INFO - Processing /home/ubuntu/airflow_venv/lib/python3.10/site-packages/airflow/example_dags/example_branch_python_dop_operator_3.py took 0.095 seconds
[2023-09-29T08:00:09.635+0000] {processor.py:157} INFO - Started process (PID=1627) to work on /home/ubuntu/airflow_venv/lib/python3.10/site-packages/airflow/example_dags/example_branch_python_dop_operator_3.py
[2023-09-29T08:00:09.643+0000] {processor.py:829} INFO - Processing file /home/ubuntu/airflow_venv/lib/python3.10/site-packages/airflow/example_dags/example_branch_python_dop_operator_3.py for tasks to queue
[2023-09-29T08:00:09.649+0000] {logging_mixin.py:151} INFO - [2023-09-29T08:00:09.644+0000] {dagbag.py:539} INFO - Filling up the DagBag from /home/ubuntu/airflow_venv/lib/python3.10/site-packages/airflow/example_dags/example_branch_python_dop_operator_3.py
[2023-09-29T08:00:09.663+0000] {processor.py:839} INFO - DAG(s) dict_keys(['example_branch_dop_operator_v3']) retrieved from /home/ubuntu/airflow_venv/lib/python3.10/site-packages/airflow/example_dags/example_branch_python_dop_operator_3.py
[2023-09-29T08:00:09.680+0000] {logging_mixin.py:151} INFO - [2023-09-29T08:00:09.679+0000] {dag.py:2915} INFO - Sync 1 DAGs
[2023-09-29T08:00:09.702+0000] {logging_mixin.py:151} INFO - [2023-09-29T08:00:09.702+0000] {dag.py:3696} INFO - Setting next_dagrun for example_branch_dop_operator_v3 to 2023-09-29T07:59:00+00:00, run_after=2023-09-29T08:00:00+00:00
[2023-09-29T08:00:09.723+0000] {processor.py:179} INFO - Processing /home/ubuntu/airflow_venv/lib/python3.10/site-packages/airflow/example_dags/example_branch_python_dop_operator_3.py took 0.093 seconds
[2023-09-29T08:01:12.403+0000] {processor.py:157} INFO - Started process (PID=1687) to work on /home/ubuntu/airflow_venv/lib/python3.10/site-packages/airflow/example_dags/example_branch_python_dop_operator_3.py
[2023-09-29T08:01:12.407+0000] {processor.py:829} INFO - Processing file /home/ubuntu/airflow_venv/lib/python3.10/site-packages/airflow/example_dags/example_branch_python_dop_operator_3.py for tasks to queue
[2023-09-29T08:01:12.410+0000] {logging_mixin.py:151} INFO - [2023-09-29T08:01:12.409+0000] {dagbag.py:539} INFO - Filling up the DagBag from /home/ubuntu/airflow_venv/lib/python3.10/site-packages/airflow/example_dags/example_branch_python_dop_operator_3.py
[2023-09-29T08:01:12.431+0000] {processor.py:839} INFO - DAG(s) dict_keys(['example_branch_dop_operator_v3']) retrieved from /home/ubuntu/airflow_venv/lib/python3.10/site-packages/airflow/example_dags/example_branch_python_dop_operator_3.py
[2023-09-29T08:01:12.460+0000] {logging_mixin.py:151} INFO - [2023-09-29T08:01:12.460+0000] {dag.py:2915} INFO - Sync 1 DAGs
[2023-09-29T08:01:12.523+0000] {logging_mixin.py:151} INFO - [2023-09-29T08:01:12.523+0000] {dag.py:3696} INFO - Setting next_dagrun for example_branch_dop_operator_v3 to 2023-09-29T08:00:00+00:00, run_after=2023-09-29T08:01:00+00:00
[2023-09-29T08:01:12.589+0000] {processor.py:179} INFO - Processing /home/ubuntu/airflow_venv/lib/python3.10/site-packages/airflow/example_dags/example_branch_python_dop_operator_3.py took 0.196 seconds
[2023-09-29T08:02:10.449+0000] {processor.py:157} INFO - Started process (PID=1746) to work on /home/ubuntu/airflow_venv/lib/python3.10/site-packages/airflow/example_dags/example_branch_python_dop_operator_3.py
[2023-09-29T08:02:10.450+0000] {processor.py:829} INFO - Processing file /home/ubuntu/airflow_venv/lib/python3.10/site-packages/airflow/example_dags/example_branch_python_dop_operator_3.py for tasks to queue
[2023-09-29T08:02:10.452+0000] {logging_mixin.py:151} INFO - [2023-09-29T08:02:10.451+0000] {dagbag.py:539} INFO - Filling up the DagBag from /home/ubuntu/airflow_venv/lib/python3.10/site-packages/airflow/example_dags/example_branch_python_dop_operator_3.py
[2023-09-29T08:02:10.461+0000] {processor.py:839} INFO - DAG(s) dict_keys(['example_branch_dop_operator_v3']) retrieved from /home/ubuntu/airflow_venv/lib/python3.10/site-packages/airflow/example_dags/example_branch_python_dop_operator_3.py
[2023-09-29T08:02:10.478+0000] {logging_mixin.py:151} INFO - [2023-09-29T08:02:10.478+0000] {dag.py:2915} INFO - Sync 1 DAGs
[2023-09-29T08:02:10.503+0000] {logging_mixin.py:151} INFO - [2023-09-29T08:02:10.502+0000] {dag.py:3696} INFO - Setting next_dagrun for example_branch_dop_operator_v3 to 2023-09-29T08:01:00+00:00, run_after=2023-09-29T08:02:00+00:00
[2023-09-29T08:02:10.525+0000] {processor.py:179} INFO - Processing /home/ubuntu/airflow_venv/lib/python3.10/site-packages/airflow/example_dags/example_branch_python_dop_operator_3.py took 0.079 seconds
[2023-09-29T08:03:04.509+0000] {processor.py:157} INFO - Started process (PID=1801) to work on /home/ubuntu/airflow_venv/lib/python3.10/site-packages/airflow/example_dags/example_branch_python_dop_operator_3.py
[2023-09-29T08:03:04.510+0000] {processor.py:829} INFO - Processing file /home/ubuntu/airflow_venv/lib/python3.10/site-packages/airflow/example_dags/example_branch_python_dop_operator_3.py for tasks to queue
[2023-09-29T08:03:04.511+0000] {logging_mixin.py:151} INFO - [2023-09-29T08:03:04.511+0000] {dagbag.py:539} INFO - Filling up the DagBag from /home/ubuntu/airflow_venv/lib/python3.10/site-packages/airflow/example_dags/example_branch_python_dop_operator_3.py
[2023-09-29T08:03:04.520+0000] {processor.py:839} INFO - DAG(s) dict_keys(['example_branch_dop_operator_v3']) retrieved from /home/ubuntu/airflow_venv/lib/python3.10/site-packages/airflow/example_dags/example_branch_python_dop_operator_3.py
[2023-09-29T08:03:04.535+0000] {logging_mixin.py:151} INFO - [2023-09-29T08:03:04.535+0000] {dag.py:2915} INFO - Sync 1 DAGs
[2023-09-29T08:03:04.557+0000] {logging_mixin.py:151} INFO - [2023-09-29T08:03:04.557+0000] {dag.py:3696} INFO - Setting next_dagrun for example_branch_dop_operator_v3 to 2023-09-29T08:02:00+00:00, run_after=2023-09-29T08:03:00+00:00
[2023-09-29T08:03:04.582+0000] {processor.py:179} INFO - Processing /home/ubuntu/airflow_venv/lib/python3.10/site-packages/airflow/example_dags/example_branch_python_dop_operator_3.py took 0.075 seconds
[2023-09-29T08:03:56.583+0000] {processor.py:157} INFO - Started process (PID=1854) to work on /home/ubuntu/airflow_venv/lib/python3.10/site-packages/airflow/example_dags/example_branch_python_dop_operator_3.py
[2023-09-29T08:03:56.592+0000] {processor.py:829} INFO - Processing file /home/ubuntu/airflow_venv/lib/python3.10/site-packages/airflow/example_dags/example_branch_python_dop_operator_3.py for tasks to queue
[2023-09-29T08:03:56.593+0000] {logging_mixin.py:151} INFO - [2023-09-29T08:03:56.593+0000] {dagbag.py:539} INFO - Filling up the DagBag from /home/ubuntu/airflow_venv/lib/python3.10/site-packages/airflow/example_dags/example_branch_python_dop_operator_3.py
[2023-09-29T08:03:56.616+0000] {processor.py:839} INFO - DAG(s) dict_keys(['example_branch_dop_operator_v3']) retrieved from /home/ubuntu/airflow_venv/lib/python3.10/site-packages/airflow/example_dags/example_branch_python_dop_operator_3.py
[2023-09-29T08:03:56.653+0000] {logging_mixin.py:151} INFO - [2023-09-29T08:03:56.652+0000] {dag.py:2915} INFO - Sync 1 DAGs
[2023-09-29T08:03:56.708+0000] {logging_mixin.py:151} INFO - [2023-09-29T08:03:56.708+0000] {dag.py:3696} INFO - Setting next_dagrun for example_branch_dop_operator_v3 to 2023-09-29T08:02:00+00:00, run_after=2023-09-29T08:03:00+00:00
[2023-09-29T08:03:56.756+0000] {processor.py:179} INFO - Processing /home/ubuntu/airflow_venv/lib/python3.10/site-packages/airflow/example_dags/example_branch_python_dop_operator_3.py took 0.177 seconds
[2023-09-29T08:04:49.671+0000] {processor.py:157} INFO - Started process (PID=1910) to work on /home/ubuntu/airflow_venv/lib/python3.10/site-packages/airflow/example_dags/example_branch_python_dop_operator_3.py
[2023-09-29T08:04:49.673+0000] {processor.py:829} INFO - Processing file /home/ubuntu/airflow_venv/lib/python3.10/site-packages/airflow/example_dags/example_branch_python_dop_operator_3.py for tasks to queue
[2023-09-29T08:04:49.673+0000] {logging_mixin.py:151} INFO - [2023-09-29T08:04:49.673+0000] {dagbag.py:539} INFO - Filling up the DagBag from /home/ubuntu/airflow_venv/lib/python3.10/site-packages/airflow/example_dags/example_branch_python_dop_operator_3.py
[2023-09-29T08:04:49.683+0000] {processor.py:839} INFO - DAG(s) dict_keys(['example_branch_dop_operator_v3']) retrieved from /home/ubuntu/airflow_venv/lib/python3.10/site-packages/airflow/example_dags/example_branch_python_dop_operator_3.py
[2023-09-29T08:04:49.703+0000] {logging_mixin.py:151} INFO - [2023-09-29T08:04:49.703+0000] {dag.py:2915} INFO - Sync 1 DAGs
[2023-09-29T08:04:49.728+0000] {logging_mixin.py:151} INFO - [2023-09-29T08:04:49.728+0000] {dag.py:3696} INFO - Setting next_dagrun for example_branch_dop_operator_v3 to 2023-09-29T08:03:00+00:00, run_after=2023-09-29T08:04:00+00:00
[2023-09-29T08:04:49.747+0000] {processor.py:179} INFO - Processing /home/ubuntu/airflow_venv/lib/python3.10/site-packages/airflow/example_dags/example_branch_python_dop_operator_3.py took 0.088 seconds
[2023-09-29T08:05:38.161+0000] {processor.py:157} INFO - Started process (PID=1960) to work on /home/ubuntu/airflow_venv/lib/python3.10/site-packages/airflow/example_dags/example_branch_python_dop_operator_3.py
[2023-09-29T08:05:38.162+0000] {processor.py:829} INFO - Processing file /home/ubuntu/airflow_venv/lib/python3.10/site-packages/airflow/example_dags/example_branch_python_dop_operator_3.py for tasks to queue
[2023-09-29T08:05:38.164+0000] {logging_mixin.py:151} INFO - [2023-09-29T08:05:38.163+0000] {dagbag.py:539} INFO - Filling up the DagBag from /home/ubuntu/airflow_venv/lib/python3.10/site-packages/airflow/example_dags/example_branch_python_dop_operator_3.py
[2023-09-29T08:05:38.188+0000] {processor.py:839} INFO - DAG(s) dict_keys(['example_branch_dop_operator_v3']) retrieved from /home/ubuntu/airflow_venv/lib/python3.10/site-packages/airflow/example_dags/example_branch_python_dop_operator_3.py
[2023-09-29T08:05:38.212+0000] {logging_mixin.py:151} INFO - [2023-09-29T08:05:38.212+0000] {dag.py:2915} INFO - Sync 1 DAGs
[2023-09-29T08:05:38.258+0000] {logging_mixin.py:151} INFO - [2023-09-29T08:05:38.258+0000] {dag.py:3696} INFO - Setting next_dagrun for example_branch_dop_operator_v3 to 2023-09-29T08:04:00+00:00, run_after=2023-09-29T08:05:00+00:00
[2023-09-29T08:05:38.299+0000] {processor.py:179} INFO - Processing /home/ubuntu/airflow_venv/lib/python3.10/site-packages/airflow/example_dags/example_branch_python_dop_operator_3.py took 0.149 seconds
[2023-09-29T08:06:33.506+0000] {processor.py:157} INFO - Started process (PID=2016) to work on /home/ubuntu/airflow_venv/lib/python3.10/site-packages/airflow/example_dags/example_branch_python_dop_operator_3.py
[2023-09-29T08:06:33.509+0000] {processor.py:829} INFO - Processing file /home/ubuntu/airflow_venv/lib/python3.10/site-packages/airflow/example_dags/example_branch_python_dop_operator_3.py for tasks to queue
[2023-09-29T08:06:33.510+0000] {logging_mixin.py:151} INFO - [2023-09-29T08:06:33.510+0000] {dagbag.py:539} INFO - Filling up the DagBag from /home/ubuntu/airflow_venv/lib/python3.10/site-packages/airflow/example_dags/example_branch_python_dop_operator_3.py
[2023-09-29T08:06:33.520+0000] {processor.py:839} INFO - DAG(s) dict_keys(['example_branch_dop_operator_v3']) retrieved from /home/ubuntu/airflow_venv/lib/python3.10/site-packages/airflow/example_dags/example_branch_python_dop_operator_3.py
[2023-09-29T08:06:33.548+0000] {logging_mixin.py:151} INFO - [2023-09-29T08:06:33.548+0000] {dag.py:2915} INFO - Sync 1 DAGs
[2023-09-29T08:06:33.572+0000] {logging_mixin.py:151} INFO - [2023-09-29T08:06:33.571+0000] {dag.py:3696} INFO - Setting next_dagrun for example_branch_dop_operator_v3 to 2023-09-29T08:05:00+00:00, run_after=2023-09-29T08:06:00+00:00
[2023-09-29T08:06:33.593+0000] {processor.py:179} INFO - Processing /home/ubuntu/airflow_venv/lib/python3.10/site-packages/airflow/example_dags/example_branch_python_dop_operator_3.py took 0.091 seconds
[2023-09-29T08:07:21.037+0000] {processor.py:157} INFO - Started process (PID=2066) to work on /home/ubuntu/airflow_venv/lib/python3.10/site-packages/airflow/example_dags/example_branch_python_dop_operator_3.py
[2023-09-29T08:07:21.038+0000] {processor.py:829} INFO - Processing file /home/ubuntu/airflow_venv/lib/python3.10/site-packages/airflow/example_dags/example_branch_python_dop_operator_3.py for tasks to queue
[2023-09-29T08:07:21.039+0000] {logging_mixin.py:151} INFO - [2023-09-29T08:07:21.039+0000] {dagbag.py:539} INFO - Filling up the DagBag from /home/ubuntu/airflow_venv/lib/python3.10/site-packages/airflow/example_dags/example_branch_python_dop_operator_3.py
[2023-09-29T08:07:21.048+0000] {processor.py:839} INFO - DAG(s) dict_keys(['example_branch_dop_operator_v3']) retrieved from /home/ubuntu/airflow_venv/lib/python3.10/site-packages/airflow/example_dags/example_branch_python_dop_operator_3.py
[2023-09-29T08:07:21.063+0000] {logging_mixin.py:151} INFO - [2023-09-29T08:07:21.063+0000] {dag.py:2915} INFO - Sync 1 DAGs
[2023-09-29T08:07:21.090+0000] {logging_mixin.py:151} INFO - [2023-09-29T08:07:21.090+0000] {dag.py:3696} INFO - Setting next_dagrun for example_branch_dop_operator_v3 to 2023-09-29T08:06:00+00:00, run_after=2023-09-29T08:07:00+00:00
[2023-09-29T08:07:21.110+0000] {processor.py:179} INFO - Processing /home/ubuntu/airflow_venv/lib/python3.10/site-packages/airflow/example_dags/example_branch_python_dop_operator_3.py took 0.076 seconds
[2023-09-29T08:08:11.830+0000] {processor.py:157} INFO - Started process (PID=2328) to work on /home/ubuntu/airflow_venv/lib/python3.10/site-packages/airflow/example_dags/example_branch_python_dop_operator_3.py
[2023-09-29T08:08:11.833+0000] {processor.py:829} INFO - Processing file /home/ubuntu/airflow_venv/lib/python3.10/site-packages/airflow/example_dags/example_branch_python_dop_operator_3.py for tasks to queue
[2023-09-29T08:08:11.834+0000] {logging_mixin.py:151} INFO - [2023-09-29T08:08:11.833+0000] {dagbag.py:539} INFO - Filling up the DagBag from /home/ubuntu/airflow_venv/lib/python3.10/site-packages/airflow/example_dags/example_branch_python_dop_operator_3.py
[2023-09-29T08:08:11.848+0000] {processor.py:839} INFO - DAG(s) dict_keys(['example_branch_dop_operator_v3']) retrieved from /home/ubuntu/airflow_venv/lib/python3.10/site-packages/airflow/example_dags/example_branch_python_dop_operator_3.py
[2023-09-29T08:08:11.892+0000] {logging_mixin.py:151} INFO - [2023-09-29T08:08:11.892+0000] {dag.py:2915} INFO - Sync 1 DAGs
[2023-09-29T08:08:11.916+0000] {logging_mixin.py:151} INFO - [2023-09-29T08:08:11.916+0000] {dag.py:3696} INFO - Setting next_dagrun for example_branch_dop_operator_v3 to 2023-09-29T08:07:00+00:00, run_after=2023-09-29T08:08:00+00:00
[2023-09-29T08:08:11.937+0000] {processor.py:179} INFO - Processing /home/ubuntu/airflow_venv/lib/python3.10/site-packages/airflow/example_dags/example_branch_python_dop_operator_3.py took 0.113 seconds
[2023-09-29T08:09:04.776+0000] {processor.py:157} INFO - Started process (PID=2385) to work on /home/ubuntu/airflow_venv/lib/python3.10/site-packages/airflow/example_dags/example_branch_python_dop_operator_3.py
[2023-09-29T08:09:04.777+0000] {processor.py:829} INFO - Processing file /home/ubuntu/airflow_venv/lib/python3.10/site-packages/airflow/example_dags/example_branch_python_dop_operator_3.py for tasks to queue
[2023-09-29T08:09:04.779+0000] {logging_mixin.py:151} INFO - [2023-09-29T08:09:04.778+0000] {dagbag.py:539} INFO - Filling up the DagBag from /home/ubuntu/airflow_venv/lib/python3.10/site-packages/airflow/example_dags/example_branch_python_dop_operator_3.py
[2023-09-29T08:09:04.794+0000] {processor.py:839} INFO - DAG(s) dict_keys(['example_branch_dop_operator_v3']) retrieved from /home/ubuntu/airflow_venv/lib/python3.10/site-packages/airflow/example_dags/example_branch_python_dop_operator_3.py
[2023-09-29T08:09:04.818+0000] {logging_mixin.py:151} INFO - [2023-09-29T08:09:04.817+0000] {dag.py:2915} INFO - Sync 1 DAGs
[2023-09-29T08:09:04.851+0000] {logging_mixin.py:151} INFO - [2023-09-29T08:09:04.851+0000] {dag.py:3696} INFO - Setting next_dagrun for example_branch_dop_operator_v3 to 2023-09-29T08:08:00+00:00, run_after=2023-09-29T08:09:00+00:00
[2023-09-29T08:09:04.874+0000] {processor.py:179} INFO - Processing /home/ubuntu/airflow_venv/lib/python3.10/site-packages/airflow/example_dags/example_branch_python_dop_operator_3.py took 0.101 seconds
[2023-09-29T09:27:27.835+0000] {processor.py:157} INFO - Started process (PID=1353) to work on /home/ubuntu/airflow_venv/lib/python3.10/site-packages/airflow/example_dags/example_branch_python_dop_operator_3.py
[2023-09-29T09:27:27.836+0000] {processor.py:829} INFO - Processing file /home/ubuntu/airflow_venv/lib/python3.10/site-packages/airflow/example_dags/example_branch_python_dop_operator_3.py for tasks to queue
[2023-09-29T09:27:27.837+0000] {logging_mixin.py:151} INFO - [2023-09-29T09:27:27.837+0000] {dagbag.py:539} INFO - Filling up the DagBag from /home/ubuntu/airflow_venv/lib/python3.10/site-packages/airflow/example_dags/example_branch_python_dop_operator_3.py
[2023-09-29T09:27:27.847+0000] {processor.py:839} INFO - DAG(s) dict_keys(['example_branch_dop_operator_v3']) retrieved from /home/ubuntu/airflow_venv/lib/python3.10/site-packages/airflow/example_dags/example_branch_python_dop_operator_3.py
[2023-09-29T09:27:27.869+0000] {logging_mixin.py:151} INFO - [2023-09-29T09:27:27.869+0000] {dag.py:2915} INFO - Sync 1 DAGs
[2023-09-29T09:27:27.903+0000] {logging_mixin.py:151} INFO - [2023-09-29T09:27:27.903+0000] {dag.py:3696} INFO - Setting next_dagrun for example_branch_dop_operator_v3 to 2023-09-29T09:26:00+00:00, run_after=2023-09-29T09:27:00+00:00
[2023-09-29T09:27:27.929+0000] {processor.py:179} INFO - Processing /home/ubuntu/airflow_venv/lib/python3.10/site-packages/airflow/example_dags/example_branch_python_dop_operator_3.py took 0.098 seconds
[2023-09-29T09:28:29.635+0000] {processor.py:157} INFO - Started process (PID=1411) to work on /home/ubuntu/airflow_venv/lib/python3.10/site-packages/airflow/example_dags/example_branch_python_dop_operator_3.py
[2023-09-29T09:28:29.636+0000] {processor.py:829} INFO - Processing file /home/ubuntu/airflow_venv/lib/python3.10/site-packages/airflow/example_dags/example_branch_python_dop_operator_3.py for tasks to queue
[2023-09-29T09:28:29.637+0000] {logging_mixin.py:151} INFO - [2023-09-29T09:28:29.637+0000] {dagbag.py:539} INFO - Filling up the DagBag from /home/ubuntu/airflow_venv/lib/python3.10/site-packages/airflow/example_dags/example_branch_python_dop_operator_3.py
[2023-09-29T09:28:29.658+0000] {processor.py:839} INFO - DAG(s) dict_keys(['example_branch_dop_operator_v3']) retrieved from /home/ubuntu/airflow_venv/lib/python3.10/site-packages/airflow/example_dags/example_branch_python_dop_operator_3.py
[2023-09-29T09:28:29.676+0000] {logging_mixin.py:151} INFO - [2023-09-29T09:28:29.676+0000] {dag.py:2915} INFO - Sync 1 DAGs
[2023-09-29T09:28:29.851+0000] {logging_mixin.py:151} INFO - [2023-09-29T09:28:29.851+0000] {dag.py:3696} INFO - Setting next_dagrun for example_branch_dop_operator_v3 to 2023-09-29T09:27:00+00:00, run_after=2023-09-29T09:28:00+00:00
[2023-09-29T09:28:29.870+0000] {processor.py:179} INFO - Processing /home/ubuntu/airflow_venv/lib/python3.10/site-packages/airflow/example_dags/example_branch_python_dop_operator_3.py took 0.244 seconds
[2023-09-29T09:29:24.857+0000] {processor.py:157} INFO - Started process (PID=1460) to work on /home/ubuntu/airflow_venv/lib/python3.10/site-packages/airflow/example_dags/example_branch_python_dop_operator_3.py
[2023-09-29T09:29:24.858+0000] {processor.py:829} INFO - Processing file /home/ubuntu/airflow_venv/lib/python3.10/site-packages/airflow/example_dags/example_branch_python_dop_operator_3.py for tasks to queue
[2023-09-29T09:29:24.859+0000] {logging_mixin.py:151} INFO - [2023-09-29T09:29:24.858+0000] {dagbag.py:539} INFO - Filling up the DagBag from /home/ubuntu/airflow_venv/lib/python3.10/site-packages/airflow/example_dags/example_branch_python_dop_operator_3.py
[2023-09-29T09:29:24.871+0000] {processor.py:839} INFO - DAG(s) dict_keys(['example_branch_dop_operator_v3']) retrieved from /home/ubuntu/airflow_venv/lib/python3.10/site-packages/airflow/example_dags/example_branch_python_dop_operator_3.py
[2023-09-29T09:29:24.910+0000] {logging_mixin.py:151} INFO - [2023-09-29T09:29:24.910+0000] {dag.py:2915} INFO - Sync 1 DAGs
[2023-09-29T09:29:24.954+0000] {logging_mixin.py:151} INFO - [2023-09-29T09:29:24.954+0000] {dag.py:3696} INFO - Setting next_dagrun for example_branch_dop_operator_v3 to 2023-09-29T09:28:00+00:00, run_after=2023-09-29T09:29:00+00:00
[2023-09-29T09:29:24.980+0000] {processor.py:179} INFO - Processing /home/ubuntu/airflow_venv/lib/python3.10/site-packages/airflow/example_dags/example_branch_python_dop_operator_3.py took 0.128 seconds
[2023-09-29T09:32:18.022+0000] {processor.py:157} INFO - Started process (PID=2276) to work on /home/ubuntu/airflow_venv/lib/python3.10/site-packages/airflow/example_dags/example_branch_python_dop_operator_3.py
[2023-09-29T09:32:18.023+0000] {processor.py:829} INFO - Processing file /home/ubuntu/airflow_venv/lib/python3.10/site-packages/airflow/example_dags/example_branch_python_dop_operator_3.py for tasks to queue
[2023-09-29T09:32:18.024+0000] {logging_mixin.py:151} INFO - [2023-09-29T09:32:18.024+0000] {dagbag.py:539} INFO - Filling up the DagBag from /home/ubuntu/airflow_venv/lib/python3.10/site-packages/airflow/example_dags/example_branch_python_dop_operator_3.py
[2023-09-29T09:32:18.042+0000] {processor.py:839} INFO - DAG(s) dict_keys(['example_branch_dop_operator_v3']) retrieved from /home/ubuntu/airflow_venv/lib/python3.10/site-packages/airflow/example_dags/example_branch_python_dop_operator_3.py
[2023-09-29T09:32:18.082+0000] {logging_mixin.py:151} INFO - [2023-09-29T09:32:18.082+0000] {dag.py:2915} INFO - Sync 1 DAGs
[2023-09-29T09:32:18.115+0000] {logging_mixin.py:151} INFO - [2023-09-29T09:32:18.115+0000] {dag.py:3696} INFO - Setting next_dagrun for example_branch_dop_operator_v3 to 2023-09-29T09:31:00+00:00, run_after=2023-09-29T09:32:00+00:00
[2023-09-29T09:32:18.137+0000] {processor.py:179} INFO - Processing /home/ubuntu/airflow_venv/lib/python3.10/site-packages/airflow/example_dags/example_branch_python_dop_operator_3.py took 0.118 seconds
[2023-09-29T09:52:23.410+0000] {processor.py:157} INFO - Started process (PID=3494) to work on /home/ubuntu/airflow_venv/lib/python3.10/site-packages/airflow/example_dags/example_branch_python_dop_operator_3.py
[2023-09-29T09:52:23.411+0000] {processor.py:829} INFO - Processing file /home/ubuntu/airflow_venv/lib/python3.10/site-packages/airflow/example_dags/example_branch_python_dop_operator_3.py for tasks to queue
[2023-09-29T09:52:23.412+0000] {logging_mixin.py:151} INFO - [2023-09-29T09:52:23.412+0000] {dagbag.py:539} INFO - Filling up the DagBag from /home/ubuntu/airflow_venv/lib/python3.10/site-packages/airflow/example_dags/example_branch_python_dop_operator_3.py
[2023-09-29T09:52:23.427+0000] {processor.py:839} INFO - DAG(s) dict_keys(['example_branch_dop_operator_v3']) retrieved from /home/ubuntu/airflow_venv/lib/python3.10/site-packages/airflow/example_dags/example_branch_python_dop_operator_3.py
[2023-09-29T09:52:23.448+0000] {logging_mixin.py:151} INFO - [2023-09-29T09:52:23.448+0000] {dag.py:2915} INFO - Sync 1 DAGs
[2023-09-29T09:52:23.479+0000] {logging_mixin.py:151} INFO - [2023-09-29T09:52:23.479+0000] {dag.py:3696} INFO - Setting next_dagrun for example_branch_dop_operator_v3 to 2023-09-29T09:51:00+00:00, run_after=2023-09-29T09:52:00+00:00
[2023-09-29T09:52:23.522+0000] {processor.py:179} INFO - Processing /home/ubuntu/airflow_venv/lib/python3.10/site-packages/airflow/example_dags/example_branch_python_dop_operator_3.py took 0.116 seconds
[2023-09-29T09:53:16.457+0000] {processor.py:157} INFO - Started process (PID=3543) to work on /home/ubuntu/airflow_venv/lib/python3.10/site-packages/airflow/example_dags/example_branch_python_dop_operator_3.py
[2023-09-29T09:53:16.458+0000] {processor.py:829} INFO - Processing file /home/ubuntu/airflow_venv/lib/python3.10/site-packages/airflow/example_dags/example_branch_python_dop_operator_3.py for tasks to queue
[2023-09-29T09:53:16.459+0000] {logging_mixin.py:151} INFO - [2023-09-29T09:53:16.458+0000] {dagbag.py:539} INFO - Filling up the DagBag from /home/ubuntu/airflow_venv/lib/python3.10/site-packages/airflow/example_dags/example_branch_python_dop_operator_3.py
[2023-09-29T09:53:16.469+0000] {processor.py:839} INFO - DAG(s) dict_keys(['example_branch_dop_operator_v3']) retrieved from /home/ubuntu/airflow_venv/lib/python3.10/site-packages/airflow/example_dags/example_branch_python_dop_operator_3.py
[2023-09-29T09:53:16.486+0000] {logging_mixin.py:151} INFO - [2023-09-29T09:53:16.486+0000] {dag.py:2915} INFO - Sync 1 DAGs
[2023-09-29T09:53:16.665+0000] {logging_mixin.py:151} INFO - [2023-09-29T09:53:16.665+0000] {dag.py:3696} INFO - Setting next_dagrun for example_branch_dop_operator_v3 to 2023-09-29T09:52:00+00:00, run_after=2023-09-29T09:53:00+00:00
[2023-09-29T09:53:16.686+0000] {processor.py:179} INFO - Processing /home/ubuntu/airflow_venv/lib/python3.10/site-packages/airflow/example_dags/example_branch_python_dop_operator_3.py took 0.231 seconds
[2023-09-29T09:54:28.599+0000] {processor.py:157} INFO - Started process (PID=3608) to work on /home/ubuntu/airflow_venv/lib/python3.10/site-packages/airflow/example_dags/example_branch_python_dop_operator_3.py
[2023-09-29T09:54:28.601+0000] {processor.py:829} INFO - Processing file /home/ubuntu/airflow_venv/lib/python3.10/site-packages/airflow/example_dags/example_branch_python_dop_operator_3.py for tasks to queue
[2023-09-29T09:54:28.602+0000] {logging_mixin.py:151} INFO - [2023-09-29T09:54:28.601+0000] {dagbag.py:539} INFO - Filling up the DagBag from /home/ubuntu/airflow_venv/lib/python3.10/site-packages/airflow/example_dags/example_branch_python_dop_operator_3.py
[2023-09-29T09:54:28.611+0000] {processor.py:839} INFO - DAG(s) dict_keys(['example_branch_dop_operator_v3']) retrieved from /home/ubuntu/airflow_venv/lib/python3.10/site-packages/airflow/example_dags/example_branch_python_dop_operator_3.py
[2023-09-29T09:54:28.628+0000] {logging_mixin.py:151} INFO - [2023-09-29T09:54:28.628+0000] {dag.py:2915} INFO - Sync 1 DAGs
[2023-09-29T09:54:28.651+0000] {logging_mixin.py:151} INFO - [2023-09-29T09:54:28.651+0000] {dag.py:3696} INFO - Setting next_dagrun for example_branch_dop_operator_v3 to 2023-09-29T09:53:00+00:00, run_after=2023-09-29T09:54:00+00:00
[2023-09-29T09:54:28.677+0000] {processor.py:179} INFO - Processing /home/ubuntu/airflow_venv/lib/python3.10/site-packages/airflow/example_dags/example_branch_python_dop_operator_3.py took 0.081 seconds
[2023-09-29T09:56:30.318+0000] {processor.py:157} INFO - Started process (PID=4132) to work on /home/ubuntu/airflow_venv/lib/python3.10/site-packages/airflow/example_dags/example_branch_python_dop_operator_3.py
[2023-09-29T09:56:30.320+0000] {processor.py:829} INFO - Processing file /home/ubuntu/airflow_venv/lib/python3.10/site-packages/airflow/example_dags/example_branch_python_dop_operator_3.py for tasks to queue
[2023-09-29T09:56:30.321+0000] {logging_mixin.py:151} INFO - [2023-09-29T09:56:30.321+0000] {dagbag.py:539} INFO - Filling up the DagBag from /home/ubuntu/airflow_venv/lib/python3.10/site-packages/airflow/example_dags/example_branch_python_dop_operator_3.py
[2023-09-29T09:56:30.334+0000] {processor.py:839} INFO - DAG(s) dict_keys(['example_branch_dop_operator_v3']) retrieved from /home/ubuntu/airflow_venv/lib/python3.10/site-packages/airflow/example_dags/example_branch_python_dop_operator_3.py
[2023-09-29T09:56:30.371+0000] {logging_mixin.py:151} INFO - [2023-09-29T09:56:30.370+0000] {dag.py:2915} INFO - Sync 1 DAGs
[2023-09-29T09:56:30.411+0000] {logging_mixin.py:151} INFO - [2023-09-29T09:56:30.411+0000] {dag.py:3696} INFO - Setting next_dagrun for example_branch_dop_operator_v3 to 2023-09-29T09:55:00+00:00, run_after=2023-09-29T09:56:00+00:00
[2023-09-29T09:56:30.452+0000] {processor.py:179} INFO - Processing /home/ubuntu/airflow_venv/lib/python3.10/site-packages/airflow/example_dags/example_branch_python_dop_operator_3.py took 0.139 seconds
[2023-09-29T09:57:31.802+0000] {processor.py:157} INFO - Started process (PID=4190) to work on /home/ubuntu/airflow_venv/lib/python3.10/site-packages/airflow/example_dags/example_branch_python_dop_operator_3.py
[2023-09-29T09:57:31.808+0000] {processor.py:829} INFO - Processing file /home/ubuntu/airflow_venv/lib/python3.10/site-packages/airflow/example_dags/example_branch_python_dop_operator_3.py for tasks to queue
[2023-09-29T09:57:31.809+0000] {logging_mixin.py:151} INFO - [2023-09-29T09:57:31.809+0000] {dagbag.py:539} INFO - Filling up the DagBag from /home/ubuntu/airflow_venv/lib/python3.10/site-packages/airflow/example_dags/example_branch_python_dop_operator_3.py
[2023-09-29T09:57:31.821+0000] {processor.py:839} INFO - DAG(s) dict_keys(['example_branch_dop_operator_v3']) retrieved from /home/ubuntu/airflow_venv/lib/python3.10/site-packages/airflow/example_dags/example_branch_python_dop_operator_3.py
[2023-09-29T09:57:31.838+0000] {logging_mixin.py:151} INFO - [2023-09-29T09:57:31.837+0000] {dag.py:2915} INFO - Sync 1 DAGs
[2023-09-29T09:57:32.008+0000] {logging_mixin.py:151} INFO - [2023-09-29T09:57:32.007+0000] {dag.py:3696} INFO - Setting next_dagrun for example_branch_dop_operator_v3 to 2023-09-29T09:56:00+00:00, run_after=2023-09-29T09:57:00+00:00
[2023-09-29T09:57:32.038+0000] {processor.py:179} INFO - Processing /home/ubuntu/airflow_venv/lib/python3.10/site-packages/airflow/example_dags/example_branch_python_dop_operator_3.py took 0.238 seconds
[2023-09-29T09:58:25.882+0000] {processor.py:157} INFO - Started process (PID=4250) to work on /home/ubuntu/airflow_venv/lib/python3.10/site-packages/airflow/example_dags/example_branch_python_dop_operator_3.py
[2023-09-29T09:58:25.884+0000] {processor.py:829} INFO - Processing file /home/ubuntu/airflow_venv/lib/python3.10/site-packages/airflow/example_dags/example_branch_python_dop_operator_3.py for tasks to queue
[2023-09-29T09:58:25.885+0000] {logging_mixin.py:151} INFO - [2023-09-29T09:58:25.884+0000] {dagbag.py:539} INFO - Filling up the DagBag from /home/ubuntu/airflow_venv/lib/python3.10/site-packages/airflow/example_dags/example_branch_python_dop_operator_3.py
[2023-09-29T09:58:25.895+0000] {processor.py:839} INFO - DAG(s) dict_keys(['example_branch_dop_operator_v3']) retrieved from /home/ubuntu/airflow_venv/lib/python3.10/site-packages/airflow/example_dags/example_branch_python_dop_operator_3.py
[2023-09-29T09:58:25.914+0000] {logging_mixin.py:151} INFO - [2023-09-29T09:58:25.914+0000] {dag.py:2915} INFO - Sync 1 DAGs
[2023-09-29T09:58:25.941+0000] {logging_mixin.py:151} INFO - [2023-09-29T09:58:25.941+0000] {dag.py:3696} INFO - Setting next_dagrun for example_branch_dop_operator_v3 to 2023-09-29T09:57:00+00:00, run_after=2023-09-29T09:58:00+00:00
[2023-09-29T09:58:25.964+0000] {processor.py:179} INFO - Processing /home/ubuntu/airflow_venv/lib/python3.10/site-packages/airflow/example_dags/example_branch_python_dop_operator_3.py took 0.085 seconds
