[2023-09-29T07:22:36.870+0000] {processor.py:157} INFO - Started process (PID=12205) to work on /home/ubuntu/airflow_venv/lib/python3.10/site-packages/airflow/example_dags/example_branch_operator_decorator.py
[2023-09-29T07:22:36.871+0000] {processor.py:829} INFO - Processing file /home/ubuntu/airflow_venv/lib/python3.10/site-packages/airflow/example_dags/example_branch_operator_decorator.py for tasks to queue
[2023-09-29T07:22:36.872+0000] {logging_mixin.py:151} INFO - [2023-09-29T07:22:36.872+0000] {dagbag.py:539} INFO - Filling up the DagBag from /home/ubuntu/airflow_venv/lib/python3.10/site-packages/airflow/example_dags/example_branch_operator_decorator.py
[2023-09-29T07:22:36.883+0000] {processor.py:839} INFO - DAG(s) dict_keys(['example_branch_python_operator_decorator']) retrieved from /home/ubuntu/airflow_venv/lib/python3.10/site-packages/airflow/example_dags/example_branch_operator_decorator.py
[2023-09-29T07:22:36.903+0000] {logging_mixin.py:151} INFO - [2023-09-29T07:22:36.903+0000] {dag.py:2915} INFO - Sync 1 DAGs
[2023-09-29T07:22:36.922+0000] {logging_mixin.py:151} INFO - [2023-09-29T07:22:36.922+0000] {dag.py:3696} INFO - Setting next_dagrun for example_branch_python_operator_decorator to 2023-09-28T00:00:00+00:00, run_after=2023-09-29T00:00:00+00:00
[2023-09-29T07:22:36.943+0000] {processor.py:179} INFO - Processing /home/ubuntu/airflow_venv/lib/python3.10/site-packages/airflow/example_dags/example_branch_operator_decorator.py took 0.076 seconds
[2023-09-29T07:23:28.800+0000] {processor.py:157} INFO - Started process (PID=12398) to work on /home/ubuntu/airflow_venv/lib/python3.10/site-packages/airflow/example_dags/example_branch_operator_decorator.py
[2023-09-29T07:23:28.801+0000] {processor.py:829} INFO - Processing file /home/ubuntu/airflow_venv/lib/python3.10/site-packages/airflow/example_dags/example_branch_operator_decorator.py for tasks to queue
[2023-09-29T07:23:28.802+0000] {logging_mixin.py:151} INFO - [2023-09-29T07:23:28.802+0000] {dagbag.py:539} INFO - Filling up the DagBag from /home/ubuntu/airflow_venv/lib/python3.10/site-packages/airflow/example_dags/example_branch_operator_decorator.py
[2023-09-29T07:23:28.815+0000] {processor.py:839} INFO - DAG(s) dict_keys(['example_branch_python_operator_decorator']) retrieved from /home/ubuntu/airflow_venv/lib/python3.10/site-packages/airflow/example_dags/example_branch_operator_decorator.py
[2023-09-29T07:23:28.838+0000] {logging_mixin.py:151} INFO - [2023-09-29T07:23:28.838+0000] {dag.py:2915} INFO - Sync 1 DAGs
[2023-09-29T07:23:29.079+0000] {logging_mixin.py:151} INFO - [2023-09-29T07:23:29.078+0000] {dag.py:3696} INFO - Setting next_dagrun for example_branch_python_operator_decorator to 2023-09-28T00:00:00+00:00, run_after=2023-09-29T00:00:00+00:00
[2023-09-29T07:23:29.105+0000] {processor.py:179} INFO - Processing /home/ubuntu/airflow_venv/lib/python3.10/site-packages/airflow/example_dags/example_branch_operator_decorator.py took 0.308 seconds
[2023-09-29T07:28:35.324+0000] {processor.py:157} INFO - Started process (PID=12880) to work on /home/ubuntu/airflow_venv/lib/python3.10/site-packages/airflow/example_dags/example_branch_operator_decorator.py
[2023-09-29T07:28:35.326+0000] {processor.py:829} INFO - Processing file /home/ubuntu/airflow_venv/lib/python3.10/site-packages/airflow/example_dags/example_branch_operator_decorator.py for tasks to queue
[2023-09-29T07:28:35.328+0000] {logging_mixin.py:151} INFO - [2023-09-29T07:28:35.327+0000] {dagbag.py:539} INFO - Filling up the DagBag from /home/ubuntu/airflow_venv/lib/python3.10/site-packages/airflow/example_dags/example_branch_operator_decorator.py
[2023-09-29T07:28:35.352+0000] {processor.py:839} INFO - DAG(s) dict_keys(['example_branch_python_operator_decorator']) retrieved from /home/ubuntu/airflow_venv/lib/python3.10/site-packages/airflow/example_dags/example_branch_operator_decorator.py
[2023-09-29T07:28:35.378+0000] {logging_mixin.py:151} INFO - [2023-09-29T07:28:35.378+0000] {dag.py:2915} INFO - Sync 1 DAGs
[2023-09-29T07:28:35.413+0000] {logging_mixin.py:151} INFO - [2023-09-29T07:28:35.413+0000] {dag.py:3696} INFO - Setting next_dagrun for example_branch_python_operator_decorator to 2023-09-28T00:00:00+00:00, run_after=2023-09-29T00:00:00+00:00
[2023-09-29T07:28:35.437+0000] {processor.py:179} INFO - Processing /home/ubuntu/airflow_venv/lib/python3.10/site-packages/airflow/example_dags/example_branch_operator_decorator.py took 0.119 seconds
[2023-09-29T07:29:31.971+0000] {processor.py:157} INFO - Started process (PID=12938) to work on /home/ubuntu/airflow_venv/lib/python3.10/site-packages/airflow/example_dags/example_branch_operator_decorator.py
[2023-09-29T07:29:31.972+0000] {processor.py:829} INFO - Processing file /home/ubuntu/airflow_venv/lib/python3.10/site-packages/airflow/example_dags/example_branch_operator_decorator.py for tasks to queue
[2023-09-29T07:29:31.973+0000] {logging_mixin.py:151} INFO - [2023-09-29T07:29:31.973+0000] {dagbag.py:539} INFO - Filling up the DagBag from /home/ubuntu/airflow_venv/lib/python3.10/site-packages/airflow/example_dags/example_branch_operator_decorator.py
[2023-09-29T07:29:31.984+0000] {processor.py:839} INFO - DAG(s) dict_keys(['example_branch_python_operator_decorator']) retrieved from /home/ubuntu/airflow_venv/lib/python3.10/site-packages/airflow/example_dags/example_branch_operator_decorator.py
[2023-09-29T07:29:32.006+0000] {logging_mixin.py:151} INFO - [2023-09-29T07:29:32.005+0000] {dag.py:2915} INFO - Sync 1 DAGs
[2023-09-29T07:29:32.026+0000] {logging_mixin.py:151} INFO - [2023-09-29T07:29:32.026+0000] {dag.py:3696} INFO - Setting next_dagrun for example_branch_python_operator_decorator to 2023-09-28T00:00:00+00:00, run_after=2023-09-29T00:00:00+00:00
[2023-09-29T07:29:32.047+0000] {processor.py:179} INFO - Processing /home/ubuntu/airflow_venv/lib/python3.10/site-packages/airflow/example_dags/example_branch_operator_decorator.py took 0.079 seconds
[2023-09-29T07:30:26.671+0000] {processor.py:157} INFO - Started process (PID=12994) to work on /home/ubuntu/airflow_venv/lib/python3.10/site-packages/airflow/example_dags/example_branch_operator_decorator.py
[2023-09-29T07:30:26.673+0000] {processor.py:829} INFO - Processing file /home/ubuntu/airflow_venv/lib/python3.10/site-packages/airflow/example_dags/example_branch_operator_decorator.py for tasks to queue
[2023-09-29T07:30:26.674+0000] {logging_mixin.py:151} INFO - [2023-09-29T07:30:26.673+0000] {dagbag.py:539} INFO - Filling up the DagBag from /home/ubuntu/airflow_venv/lib/python3.10/site-packages/airflow/example_dags/example_branch_operator_decorator.py
[2023-09-29T07:30:26.688+0000] {processor.py:839} INFO - DAG(s) dict_keys(['example_branch_python_operator_decorator']) retrieved from /home/ubuntu/airflow_venv/lib/python3.10/site-packages/airflow/example_dags/example_branch_operator_decorator.py
[2023-09-29T07:30:26.714+0000] {logging_mixin.py:151} INFO - [2023-09-29T07:30:26.713+0000] {dag.py:2915} INFO - Sync 1 DAGs
[2023-09-29T07:30:26.739+0000] {logging_mixin.py:151} INFO - [2023-09-29T07:30:26.739+0000] {dag.py:3696} INFO - Setting next_dagrun for example_branch_python_operator_decorator to 2023-09-28T00:00:00+00:00, run_after=2023-09-29T00:00:00+00:00
[2023-09-29T07:30:26.766+0000] {processor.py:179} INFO - Processing /home/ubuntu/airflow_venv/lib/python3.10/site-packages/airflow/example_dags/example_branch_operator_decorator.py took 0.102 seconds
[2023-09-29T07:31:20.891+0000] {processor.py:157} INFO - Started process (PID=13055) to work on /home/ubuntu/airflow_venv/lib/python3.10/site-packages/airflow/example_dags/example_branch_operator_decorator.py
[2023-09-29T07:31:20.892+0000] {processor.py:829} INFO - Processing file /home/ubuntu/airflow_venv/lib/python3.10/site-packages/airflow/example_dags/example_branch_operator_decorator.py for tasks to queue
[2023-09-29T07:31:20.893+0000] {logging_mixin.py:151} INFO - [2023-09-29T07:31:20.893+0000] {dagbag.py:539} INFO - Filling up the DagBag from /home/ubuntu/airflow_venv/lib/python3.10/site-packages/airflow/example_dags/example_branch_operator_decorator.py
[2023-09-29T07:31:20.905+0000] {processor.py:839} INFO - DAG(s) dict_keys(['example_branch_python_operator_decorator']) retrieved from /home/ubuntu/airflow_venv/lib/python3.10/site-packages/airflow/example_dags/example_branch_operator_decorator.py
[2023-09-29T07:31:20.928+0000] {logging_mixin.py:151} INFO - [2023-09-29T07:31:20.927+0000] {dag.py:2915} INFO - Sync 1 DAGs
[2023-09-29T07:31:20.950+0000] {logging_mixin.py:151} INFO - [2023-09-29T07:31:20.949+0000] {dag.py:3696} INFO - Setting next_dagrun for example_branch_python_operator_decorator to 2023-09-28T00:00:00+00:00, run_after=2023-09-29T00:00:00+00:00
[2023-09-29T07:31:20.974+0000] {processor.py:179} INFO - Processing /home/ubuntu/airflow_venv/lib/python3.10/site-packages/airflow/example_dags/example_branch_operator_decorator.py took 0.086 seconds
[2023-09-29T07:43:27.100+0000] {processor.py:157} INFO - Started process (PID=1219) to work on /home/ubuntu/airflow_venv/lib/python3.10/site-packages/airflow/example_dags/example_branch_operator_decorator.py
[2023-09-29T07:43:27.101+0000] {processor.py:829} INFO - Processing file /home/ubuntu/airflow_venv/lib/python3.10/site-packages/airflow/example_dags/example_branch_operator_decorator.py for tasks to queue
[2023-09-29T07:43:27.102+0000] {logging_mixin.py:151} INFO - [2023-09-29T07:43:27.101+0000] {dagbag.py:539} INFO - Filling up the DagBag from /home/ubuntu/airflow_venv/lib/python3.10/site-packages/airflow/example_dags/example_branch_operator_decorator.py
[2023-09-29T07:43:27.114+0000] {processor.py:839} INFO - DAG(s) dict_keys(['example_branch_python_operator_decorator']) retrieved from /home/ubuntu/airflow_venv/lib/python3.10/site-packages/airflow/example_dags/example_branch_operator_decorator.py
[2023-09-29T07:43:27.136+0000] {logging_mixin.py:151} INFO - [2023-09-29T07:43:27.135+0000] {dag.py:2915} INFO - Sync 1 DAGs
[2023-09-29T07:43:27.168+0000] {logging_mixin.py:151} INFO - [2023-09-29T07:43:27.168+0000] {dag.py:3696} INFO - Setting next_dagrun for example_branch_python_operator_decorator to 2023-09-28T00:00:00+00:00, run_after=2023-09-29T00:00:00+00:00
[2023-09-29T07:43:27.191+0000] {processor.py:179} INFO - Processing /home/ubuntu/airflow_venv/lib/python3.10/site-packages/airflow/example_dags/example_branch_operator_decorator.py took 0.094 seconds
[2023-09-29T07:44:20.659+0000] {processor.py:157} INFO - Started process (PID=1267) to work on /home/ubuntu/airflow_venv/lib/python3.10/site-packages/airflow/example_dags/example_branch_operator_decorator.py
[2023-09-29T07:44:20.660+0000] {processor.py:829} INFO - Processing file /home/ubuntu/airflow_venv/lib/python3.10/site-packages/airflow/example_dags/example_branch_operator_decorator.py for tasks to queue
[2023-09-29T07:44:20.661+0000] {logging_mixin.py:151} INFO - [2023-09-29T07:44:20.660+0000] {dagbag.py:539} INFO - Filling up the DagBag from /home/ubuntu/airflow_venv/lib/python3.10/site-packages/airflow/example_dags/example_branch_operator_decorator.py
[2023-09-29T07:44:20.672+0000] {processor.py:839} INFO - DAG(s) dict_keys(['example_branch_python_operator_decorator']) retrieved from /home/ubuntu/airflow_venv/lib/python3.10/site-packages/airflow/example_dags/example_branch_operator_decorator.py
[2023-09-29T07:44:20.692+0000] {logging_mixin.py:151} INFO - [2023-09-29T07:44:20.691+0000] {dag.py:2915} INFO - Sync 1 DAGs
[2023-09-29T07:44:20.871+0000] {logging_mixin.py:151} INFO - [2023-09-29T07:44:20.870+0000] {dag.py:3696} INFO - Setting next_dagrun for example_branch_python_operator_decorator to 2023-09-28T00:00:00+00:00, run_after=2023-09-29T00:00:00+00:00
[2023-09-29T07:44:20.889+0000] {processor.py:179} INFO - Processing /home/ubuntu/airflow_venv/lib/python3.10/site-packages/airflow/example_dags/example_branch_operator_decorator.py took 0.235 seconds
[2023-09-29T07:45:17.355+0000] {processor.py:157} INFO - Started process (PID=1640) to work on /home/ubuntu/airflow_venv/lib/python3.10/site-packages/airflow/example_dags/example_branch_operator_decorator.py
[2023-09-29T07:45:17.356+0000] {processor.py:829} INFO - Processing file /home/ubuntu/airflow_venv/lib/python3.10/site-packages/airflow/example_dags/example_branch_operator_decorator.py for tasks to queue
[2023-09-29T07:45:17.358+0000] {logging_mixin.py:151} INFO - [2023-09-29T07:45:17.357+0000] {dagbag.py:539} INFO - Filling up the DagBag from /home/ubuntu/airflow_venv/lib/python3.10/site-packages/airflow/example_dags/example_branch_operator_decorator.py
[2023-09-29T07:45:17.593+0000] {processor.py:839} INFO - DAG(s) dict_keys(['example_branch_python_operator_decorator']) retrieved from /home/ubuntu/airflow_venv/lib/python3.10/site-packages/airflow/example_dags/example_branch_operator_decorator.py
[2023-09-29T07:45:17.627+0000] {logging_mixin.py:151} INFO - [2023-09-29T07:45:17.627+0000] {dag.py:2915} INFO - Sync 1 DAGs
[2023-09-29T07:45:17.685+0000] {logging_mixin.py:151} INFO - [2023-09-29T07:45:17.684+0000] {dag.py:3696} INFO - Setting next_dagrun for example_branch_python_operator_decorator to 2023-09-28T00:00:00+00:00, run_after=2023-09-29T00:00:00+00:00
[2023-09-29T07:45:17.734+0000] {processor.py:179} INFO - Processing /home/ubuntu/airflow_venv/lib/python3.10/site-packages/airflow/example_dags/example_branch_operator_decorator.py took 0.385 seconds
[2023-09-29T07:55:22.627+0000] {processor.py:157} INFO - Started process (PID=1343) to work on /home/ubuntu/airflow_venv/lib/python3.10/site-packages/airflow/example_dags/example_branch_operator_decorator.py
[2023-09-29T07:55:22.628+0000] {processor.py:829} INFO - Processing file /home/ubuntu/airflow_venv/lib/python3.10/site-packages/airflow/example_dags/example_branch_operator_decorator.py for tasks to queue
[2023-09-29T07:55:22.629+0000] {logging_mixin.py:151} INFO - [2023-09-29T07:55:22.629+0000] {dagbag.py:539} INFO - Filling up the DagBag from /home/ubuntu/airflow_venv/lib/python3.10/site-packages/airflow/example_dags/example_branch_operator_decorator.py
[2023-09-29T07:55:22.639+0000] {processor.py:839} INFO - DAG(s) dict_keys(['example_branch_python_operator_decorator']) retrieved from /home/ubuntu/airflow_venv/lib/python3.10/site-packages/airflow/example_dags/example_branch_operator_decorator.py
[2023-09-29T07:55:22.660+0000] {logging_mixin.py:151} INFO - [2023-09-29T07:55:22.660+0000] {dag.py:2915} INFO - Sync 1 DAGs
[2023-09-29T07:55:22.680+0000] {logging_mixin.py:151} INFO - [2023-09-29T07:55:22.680+0000] {dag.py:3696} INFO - Setting next_dagrun for example_branch_python_operator_decorator to 2023-09-28T00:00:00+00:00, run_after=2023-09-29T00:00:00+00:00
[2023-09-29T07:55:22.700+0000] {processor.py:179} INFO - Processing /home/ubuntu/airflow_venv/lib/python3.10/site-packages/airflow/example_dags/example_branch_operator_decorator.py took 0.076 seconds
[2023-09-29T07:56:20.642+0000] {processor.py:157} INFO - Started process (PID=1397) to work on /home/ubuntu/airflow_venv/lib/python3.10/site-packages/airflow/example_dags/example_branch_operator_decorator.py
[2023-09-29T07:56:20.653+0000] {processor.py:829} INFO - Processing file /home/ubuntu/airflow_venv/lib/python3.10/site-packages/airflow/example_dags/example_branch_operator_decorator.py for tasks to queue
[2023-09-29T07:56:20.654+0000] {logging_mixin.py:151} INFO - [2023-09-29T07:56:20.653+0000] {dagbag.py:539} INFO - Filling up the DagBag from /home/ubuntu/airflow_venv/lib/python3.10/site-packages/airflow/example_dags/example_branch_operator_decorator.py
[2023-09-29T07:56:20.676+0000] {processor.py:839} INFO - DAG(s) dict_keys(['example_branch_python_operator_decorator']) retrieved from /home/ubuntu/airflow_venv/lib/python3.10/site-packages/airflow/example_dags/example_branch_operator_decorator.py
[2023-09-29T07:56:20.704+0000] {logging_mixin.py:151} INFO - [2023-09-29T07:56:20.704+0000] {dag.py:2915} INFO - Sync 1 DAGs
[2023-09-29T07:56:20.877+0000] {logging_mixin.py:151} INFO - [2023-09-29T07:56:20.877+0000] {dag.py:3696} INFO - Setting next_dagrun for example_branch_python_operator_decorator to 2023-09-28T00:00:00+00:00, run_after=2023-09-29T00:00:00+00:00
[2023-09-29T07:56:20.911+0000] {processor.py:179} INFO - Processing /home/ubuntu/airflow_venv/lib/python3.10/site-packages/airflow/example_dags/example_branch_operator_decorator.py took 0.272 seconds
[2023-09-29T07:57:14.919+0000] {processor.py:157} INFO - Started process (PID=1445) to work on /home/ubuntu/airflow_venv/lib/python3.10/site-packages/airflow/example_dags/example_branch_operator_decorator.py
[2023-09-29T07:57:14.921+0000] {processor.py:829} INFO - Processing file /home/ubuntu/airflow_venv/lib/python3.10/site-packages/airflow/example_dags/example_branch_operator_decorator.py for tasks to queue
[2023-09-29T07:57:14.921+0000] {logging_mixin.py:151} INFO - [2023-09-29T07:57:14.921+0000] {dagbag.py:539} INFO - Filling up the DagBag from /home/ubuntu/airflow_venv/lib/python3.10/site-packages/airflow/example_dags/example_branch_operator_decorator.py
[2023-09-29T07:57:15.123+0000] {processor.py:839} INFO - DAG(s) dict_keys(['example_branch_python_operator_decorator']) retrieved from /home/ubuntu/airflow_venv/lib/python3.10/site-packages/airflow/example_dags/example_branch_operator_decorator.py
[2023-09-29T07:57:15.138+0000] {logging_mixin.py:151} INFO - [2023-09-29T07:57:15.138+0000] {dag.py:2915} INFO - Sync 1 DAGs
[2023-09-29T07:57:15.187+0000] {logging_mixin.py:151} INFO - [2023-09-29T07:57:15.187+0000] {dag.py:3696} INFO - Setting next_dagrun for example_branch_python_operator_decorator to 2023-09-28T00:00:00+00:00, run_after=2023-09-29T00:00:00+00:00
[2023-09-29T07:57:15.230+0000] {processor.py:179} INFO - Processing /home/ubuntu/airflow_venv/lib/python3.10/site-packages/airflow/example_dags/example_branch_operator_decorator.py took 0.313 seconds
[2023-09-29T07:58:01.994+0000] {processor.py:157} INFO - Started process (PID=1491) to work on /home/ubuntu/airflow_venv/lib/python3.10/site-packages/airflow/example_dags/example_branch_operator_decorator.py
[2023-09-29T07:58:01.996+0000] {processor.py:829} INFO - Processing file /home/ubuntu/airflow_venv/lib/python3.10/site-packages/airflow/example_dags/example_branch_operator_decorator.py for tasks to queue
[2023-09-29T07:58:01.997+0000] {logging_mixin.py:151} INFO - [2023-09-29T07:58:01.996+0000] {dagbag.py:539} INFO - Filling up the DagBag from /home/ubuntu/airflow_venv/lib/python3.10/site-packages/airflow/example_dags/example_branch_operator_decorator.py
[2023-09-29T07:58:02.008+0000] {processor.py:839} INFO - DAG(s) dict_keys(['example_branch_python_operator_decorator']) retrieved from /home/ubuntu/airflow_venv/lib/python3.10/site-packages/airflow/example_dags/example_branch_operator_decorator.py
[2023-09-29T07:58:02.032+0000] {logging_mixin.py:151} INFO - [2023-09-29T07:58:02.032+0000] {dag.py:2915} INFO - Sync 1 DAGs
[2023-09-29T07:58:02.064+0000] {logging_mixin.py:151} INFO - [2023-09-29T07:58:02.063+0000] {dag.py:3696} INFO - Setting next_dagrun for example_branch_python_operator_decorator to 2023-09-28T00:00:00+00:00, run_after=2023-09-29T00:00:00+00:00
[2023-09-29T07:58:02.090+0000] {processor.py:179} INFO - Processing /home/ubuntu/airflow_venv/lib/python3.10/site-packages/airflow/example_dags/example_branch_operator_decorator.py took 0.101 seconds
[2023-09-29T07:58:53.760+0000] {processor.py:157} INFO - Started process (PID=1544) to work on /home/ubuntu/airflow_venv/lib/python3.10/site-packages/airflow/example_dags/example_branch_operator_decorator.py
[2023-09-29T07:58:53.761+0000] {processor.py:829} INFO - Processing file /home/ubuntu/airflow_venv/lib/python3.10/site-packages/airflow/example_dags/example_branch_operator_decorator.py for tasks to queue
[2023-09-29T07:58:53.762+0000] {logging_mixin.py:151} INFO - [2023-09-29T07:58:53.761+0000] {dagbag.py:539} INFO - Filling up the DagBag from /home/ubuntu/airflow_venv/lib/python3.10/site-packages/airflow/example_dags/example_branch_operator_decorator.py
[2023-09-29T07:58:53.772+0000] {processor.py:839} INFO - DAG(s) dict_keys(['example_branch_python_operator_decorator']) retrieved from /home/ubuntu/airflow_venv/lib/python3.10/site-packages/airflow/example_dags/example_branch_operator_decorator.py
[2023-09-29T07:58:53.792+0000] {logging_mixin.py:151} INFO - [2023-09-29T07:58:53.792+0000] {dag.py:2915} INFO - Sync 1 DAGs
[2023-09-29T07:58:53.818+0000] {logging_mixin.py:151} INFO - [2023-09-29T07:58:53.817+0000] {dag.py:3696} INFO - Setting next_dagrun for example_branch_python_operator_decorator to 2023-09-28T00:00:00+00:00, run_after=2023-09-29T00:00:00+00:00
[2023-09-29T07:58:53.850+0000] {processor.py:179} INFO - Processing /home/ubuntu/airflow_venv/lib/python3.10/site-packages/airflow/example_dags/example_branch_operator_decorator.py took 0.093 seconds
[2023-09-29T07:59:47.234+0000] {processor.py:157} INFO - Started process (PID=1605) to work on /home/ubuntu/airflow_venv/lib/python3.10/site-packages/airflow/example_dags/example_branch_operator_decorator.py
[2023-09-29T07:59:47.235+0000] {processor.py:829} INFO - Processing file /home/ubuntu/airflow_venv/lib/python3.10/site-packages/airflow/example_dags/example_branch_operator_decorator.py for tasks to queue
[2023-09-29T07:59:47.237+0000] {logging_mixin.py:151} INFO - [2023-09-29T07:59:47.236+0000] {dagbag.py:539} INFO - Filling up the DagBag from /home/ubuntu/airflow_venv/lib/python3.10/site-packages/airflow/example_dags/example_branch_operator_decorator.py
[2023-09-29T07:59:47.249+0000] {processor.py:839} INFO - DAG(s) dict_keys(['example_branch_python_operator_decorator']) retrieved from /home/ubuntu/airflow_venv/lib/python3.10/site-packages/airflow/example_dags/example_branch_operator_decorator.py
[2023-09-29T07:59:47.269+0000] {logging_mixin.py:151} INFO - [2023-09-29T07:59:47.269+0000] {dag.py:2915} INFO - Sync 1 DAGs
[2023-09-29T07:59:47.294+0000] {logging_mixin.py:151} INFO - [2023-09-29T07:59:47.293+0000] {dag.py:3696} INFO - Setting next_dagrun for example_branch_python_operator_decorator to 2023-09-28T00:00:00+00:00, run_after=2023-09-29T00:00:00+00:00
[2023-09-29T07:59:47.320+0000] {processor.py:179} INFO - Processing /home/ubuntu/airflow_venv/lib/python3.10/site-packages/airflow/example_dags/example_branch_operator_decorator.py took 0.090 seconds
[2023-09-29T08:01:04.584+0000] {processor.py:157} INFO - Started process (PID=1680) to work on /home/ubuntu/airflow_venv/lib/python3.10/site-packages/airflow/example_dags/example_branch_operator_decorator.py
[2023-09-29T08:01:04.586+0000] {processor.py:829} INFO - Processing file /home/ubuntu/airflow_venv/lib/python3.10/site-packages/airflow/example_dags/example_branch_operator_decorator.py for tasks to queue
[2023-09-29T08:01:04.587+0000] {logging_mixin.py:151} INFO - [2023-09-29T08:01:04.587+0000] {dagbag.py:539} INFO - Filling up the DagBag from /home/ubuntu/airflow_venv/lib/python3.10/site-packages/airflow/example_dags/example_branch_operator_decorator.py
[2023-09-29T08:01:04.600+0000] {processor.py:839} INFO - DAG(s) dict_keys(['example_branch_python_operator_decorator']) retrieved from /home/ubuntu/airflow_venv/lib/python3.10/site-packages/airflow/example_dags/example_branch_operator_decorator.py
[2023-09-29T08:01:04.621+0000] {logging_mixin.py:151} INFO - [2023-09-29T08:01:04.621+0000] {dag.py:2915} INFO - Sync 1 DAGs
[2023-09-29T08:01:04.643+0000] {logging_mixin.py:151} INFO - [2023-09-29T08:01:04.643+0000] {dag.py:3696} INFO - Setting next_dagrun for example_branch_python_operator_decorator to 2023-09-28T00:00:00+00:00, run_after=2023-09-29T00:00:00+00:00
[2023-09-29T08:01:04.665+0000] {processor.py:179} INFO - Processing /home/ubuntu/airflow_venv/lib/python3.10/site-packages/airflow/example_dags/example_branch_operator_decorator.py took 0.084 seconds
[2023-09-29T08:01:54.300+0000] {processor.py:157} INFO - Started process (PID=1729) to work on /home/ubuntu/airflow_venv/lib/python3.10/site-packages/airflow/example_dags/example_branch_operator_decorator.py
[2023-09-29T08:01:54.301+0000] {processor.py:829} INFO - Processing file /home/ubuntu/airflow_venv/lib/python3.10/site-packages/airflow/example_dags/example_branch_operator_decorator.py for tasks to queue
[2023-09-29T08:01:54.302+0000] {logging_mixin.py:151} INFO - [2023-09-29T08:01:54.302+0000] {dagbag.py:539} INFO - Filling up the DagBag from /home/ubuntu/airflow_venv/lib/python3.10/site-packages/airflow/example_dags/example_branch_operator_decorator.py
[2023-09-29T08:01:54.313+0000] {processor.py:839} INFO - DAG(s) dict_keys(['example_branch_python_operator_decorator']) retrieved from /home/ubuntu/airflow_venv/lib/python3.10/site-packages/airflow/example_dags/example_branch_operator_decorator.py
[2023-09-29T08:01:54.338+0000] {logging_mixin.py:151} INFO - [2023-09-29T08:01:54.337+0000] {dag.py:2915} INFO - Sync 1 DAGs
[2023-09-29T08:01:54.360+0000] {logging_mixin.py:151} INFO - [2023-09-29T08:01:54.360+0000] {dag.py:3696} INFO - Setting next_dagrun for example_branch_python_operator_decorator to 2023-09-28T00:00:00+00:00, run_after=2023-09-29T00:00:00+00:00
[2023-09-29T08:01:54.381+0000] {processor.py:179} INFO - Processing /home/ubuntu/airflow_venv/lib/python3.10/site-packages/airflow/example_dags/example_branch_operator_decorator.py took 0.085 seconds
[2023-09-29T08:02:49.150+0000] {processor.py:157} INFO - Started process (PID=1786) to work on /home/ubuntu/airflow_venv/lib/python3.10/site-packages/airflow/example_dags/example_branch_operator_decorator.py
[2023-09-29T08:02:49.151+0000] {processor.py:829} INFO - Processing file /home/ubuntu/airflow_venv/lib/python3.10/site-packages/airflow/example_dags/example_branch_operator_decorator.py for tasks to queue
[2023-09-29T08:02:49.152+0000] {logging_mixin.py:151} INFO - [2023-09-29T08:02:49.152+0000] {dagbag.py:539} INFO - Filling up the DagBag from /home/ubuntu/airflow_venv/lib/python3.10/site-packages/airflow/example_dags/example_branch_operator_decorator.py
[2023-09-29T08:02:49.163+0000] {processor.py:839} INFO - DAG(s) dict_keys(['example_branch_python_operator_decorator']) retrieved from /home/ubuntu/airflow_venv/lib/python3.10/site-packages/airflow/example_dags/example_branch_operator_decorator.py
[2023-09-29T08:02:49.183+0000] {logging_mixin.py:151} INFO - [2023-09-29T08:02:49.183+0000] {dag.py:2915} INFO - Sync 1 DAGs
[2023-09-29T08:02:49.208+0000] {logging_mixin.py:151} INFO - [2023-09-29T08:02:49.207+0000] {dag.py:3696} INFO - Setting next_dagrun for example_branch_python_operator_decorator to 2023-09-28T00:00:00+00:00, run_after=2023-09-29T00:00:00+00:00
[2023-09-29T08:02:49.234+0000] {processor.py:179} INFO - Processing /home/ubuntu/airflow_venv/lib/python3.10/site-packages/airflow/example_dags/example_branch_operator_decorator.py took 0.087 seconds
[2023-09-29T08:03:40.130+0000] {processor.py:157} INFO - Started process (PID=1838) to work on /home/ubuntu/airflow_venv/lib/python3.10/site-packages/airflow/example_dags/example_branch_operator_decorator.py
[2023-09-29T08:03:40.131+0000] {processor.py:829} INFO - Processing file /home/ubuntu/airflow_venv/lib/python3.10/site-packages/airflow/example_dags/example_branch_operator_decorator.py for tasks to queue
[2023-09-29T08:03:40.133+0000] {logging_mixin.py:151} INFO - [2023-09-29T08:03:40.132+0000] {dagbag.py:539} INFO - Filling up the DagBag from /home/ubuntu/airflow_venv/lib/python3.10/site-packages/airflow/example_dags/example_branch_operator_decorator.py
[2023-09-29T08:03:40.146+0000] {processor.py:839} INFO - DAG(s) dict_keys(['example_branch_python_operator_decorator']) retrieved from /home/ubuntu/airflow_venv/lib/python3.10/site-packages/airflow/example_dags/example_branch_operator_decorator.py
[2023-09-29T08:03:40.169+0000] {logging_mixin.py:151} INFO - [2023-09-29T08:03:40.168+0000] {dag.py:2915} INFO - Sync 1 DAGs
[2023-09-29T08:03:40.191+0000] {logging_mixin.py:151} INFO - [2023-09-29T08:03:40.191+0000] {dag.py:3696} INFO - Setting next_dagrun for example_branch_python_operator_decorator to 2023-09-28T00:00:00+00:00, run_after=2023-09-29T00:00:00+00:00
[2023-09-29T08:03:40.213+0000] {processor.py:179} INFO - Processing /home/ubuntu/airflow_venv/lib/python3.10/site-packages/airflow/example_dags/example_branch_operator_decorator.py took 0.087 seconds
[2023-09-29T08:04:33.182+0000] {processor.py:157} INFO - Started process (PID=1892) to work on /home/ubuntu/airflow_venv/lib/python3.10/site-packages/airflow/example_dags/example_branch_operator_decorator.py
[2023-09-29T08:04:33.184+0000] {processor.py:829} INFO - Processing file /home/ubuntu/airflow_venv/lib/python3.10/site-packages/airflow/example_dags/example_branch_operator_decorator.py for tasks to queue
[2023-09-29T08:04:33.185+0000] {logging_mixin.py:151} INFO - [2023-09-29T08:04:33.185+0000] {dagbag.py:539} INFO - Filling up the DagBag from /home/ubuntu/airflow_venv/lib/python3.10/site-packages/airflow/example_dags/example_branch_operator_decorator.py
[2023-09-29T08:04:33.202+0000] {processor.py:839} INFO - DAG(s) dict_keys(['example_branch_python_operator_decorator']) retrieved from /home/ubuntu/airflow_venv/lib/python3.10/site-packages/airflow/example_dags/example_branch_operator_decorator.py
[2023-09-29T08:04:33.240+0000] {logging_mixin.py:151} INFO - [2023-09-29T08:04:33.240+0000] {dag.py:2915} INFO - Sync 1 DAGs
[2023-09-29T08:04:33.281+0000] {logging_mixin.py:151} INFO - [2023-09-29T08:04:33.280+0000] {dag.py:3696} INFO - Setting next_dagrun for example_branch_python_operator_decorator to 2023-09-28T00:00:00+00:00, run_after=2023-09-29T00:00:00+00:00
[2023-09-29T08:04:33.306+0000] {processor.py:179} INFO - Processing /home/ubuntu/airflow_venv/lib/python3.10/site-packages/airflow/example_dags/example_branch_operator_decorator.py took 0.127 seconds
[2023-09-29T08:05:22.214+0000] {processor.py:157} INFO - Started process (PID=1944) to work on /home/ubuntu/airflow_venv/lib/python3.10/site-packages/airflow/example_dags/example_branch_operator_decorator.py
[2023-09-29T08:05:22.216+0000] {processor.py:829} INFO - Processing file /home/ubuntu/airflow_venv/lib/python3.10/site-packages/airflow/example_dags/example_branch_operator_decorator.py for tasks to queue
[2023-09-29T08:05:22.217+0000] {logging_mixin.py:151} INFO - [2023-09-29T08:05:22.216+0000] {dagbag.py:539} INFO - Filling up the DagBag from /home/ubuntu/airflow_venv/lib/python3.10/site-packages/airflow/example_dags/example_branch_operator_decorator.py
[2023-09-29T08:05:22.237+0000] {processor.py:839} INFO - DAG(s) dict_keys(['example_branch_python_operator_decorator']) retrieved from /home/ubuntu/airflow_venv/lib/python3.10/site-packages/airflow/example_dags/example_branch_operator_decorator.py
[2023-09-29T08:05:22.266+0000] {logging_mixin.py:151} INFO - [2023-09-29T08:05:22.266+0000] {dag.py:2915} INFO - Sync 1 DAGs
[2023-09-29T08:05:22.304+0000] {logging_mixin.py:151} INFO - [2023-09-29T08:05:22.304+0000] {dag.py:3696} INFO - Setting next_dagrun for example_branch_python_operator_decorator to 2023-09-28T00:00:00+00:00, run_after=2023-09-29T00:00:00+00:00
[2023-09-29T08:05:22.344+0000] {processor.py:179} INFO - Processing /home/ubuntu/airflow_venv/lib/python3.10/site-packages/airflow/example_dags/example_branch_operator_decorator.py took 0.135 seconds
[2023-09-29T08:06:17.497+0000] {processor.py:157} INFO - Started process (PID=1999) to work on /home/ubuntu/airflow_venv/lib/python3.10/site-packages/airflow/example_dags/example_branch_operator_decorator.py
[2023-09-29T08:06:17.499+0000] {processor.py:829} INFO - Processing file /home/ubuntu/airflow_venv/lib/python3.10/site-packages/airflow/example_dags/example_branch_operator_decorator.py for tasks to queue
[2023-09-29T08:06:17.500+0000] {logging_mixin.py:151} INFO - [2023-09-29T08:06:17.499+0000] {dagbag.py:539} INFO - Filling up the DagBag from /home/ubuntu/airflow_venv/lib/python3.10/site-packages/airflow/example_dags/example_branch_operator_decorator.py
[2023-09-29T08:06:17.514+0000] {processor.py:839} INFO - DAG(s) dict_keys(['example_branch_python_operator_decorator']) retrieved from /home/ubuntu/airflow_venv/lib/python3.10/site-packages/airflow/example_dags/example_branch_operator_decorator.py
[2023-09-29T08:06:17.543+0000] {logging_mixin.py:151} INFO - [2023-09-29T08:06:17.543+0000] {dag.py:2915} INFO - Sync 1 DAGs
[2023-09-29T08:06:17.564+0000] {logging_mixin.py:151} INFO - [2023-09-29T08:06:17.564+0000] {dag.py:3696} INFO - Setting next_dagrun for example_branch_python_operator_decorator to 2023-09-28T00:00:00+00:00, run_after=2023-09-29T00:00:00+00:00
[2023-09-29T08:06:17.584+0000] {processor.py:179} INFO - Processing /home/ubuntu/airflow_venv/lib/python3.10/site-packages/airflow/example_dags/example_branch_operator_decorator.py took 0.093 seconds
[2023-09-29T08:07:07.002+0000] {processor.py:157} INFO - Started process (PID=2050) to work on /home/ubuntu/airflow_venv/lib/python3.10/site-packages/airflow/example_dags/example_branch_operator_decorator.py
[2023-09-29T08:07:07.003+0000] {processor.py:829} INFO - Processing file /home/ubuntu/airflow_venv/lib/python3.10/site-packages/airflow/example_dags/example_branch_operator_decorator.py for tasks to queue
[2023-09-29T08:07:07.004+0000] {logging_mixin.py:151} INFO - [2023-09-29T08:07:07.004+0000] {dagbag.py:539} INFO - Filling up the DagBag from /home/ubuntu/airflow_venv/lib/python3.10/site-packages/airflow/example_dags/example_branch_operator_decorator.py
[2023-09-29T08:07:07.017+0000] {processor.py:839} INFO - DAG(s) dict_keys(['example_branch_python_operator_decorator']) retrieved from /home/ubuntu/airflow_venv/lib/python3.10/site-packages/airflow/example_dags/example_branch_operator_decorator.py
[2023-09-29T08:07:07.045+0000] {logging_mixin.py:151} INFO - [2023-09-29T08:07:07.045+0000] {dag.py:2915} INFO - Sync 1 DAGs
[2023-09-29T08:07:07.069+0000] {logging_mixin.py:151} INFO - [2023-09-29T08:07:07.069+0000] {dag.py:3696} INFO - Setting next_dagrun for example_branch_python_operator_decorator to 2023-09-28T00:00:00+00:00, run_after=2023-09-29T00:00:00+00:00
[2023-09-29T08:07:07.093+0000] {processor.py:179} INFO - Processing /home/ubuntu/airflow_venv/lib/python3.10/site-packages/airflow/example_dags/example_branch_operator_decorator.py took 0.094 seconds
[2023-09-29T08:07:56.496+0000] {processor.py:157} INFO - Started process (PID=2312) to work on /home/ubuntu/airflow_venv/lib/python3.10/site-packages/airflow/example_dags/example_branch_operator_decorator.py
[2023-09-29T08:07:56.498+0000] {processor.py:829} INFO - Processing file /home/ubuntu/airflow_venv/lib/python3.10/site-packages/airflow/example_dags/example_branch_operator_decorator.py for tasks to queue
[2023-09-29T08:07:56.499+0000] {logging_mixin.py:151} INFO - [2023-09-29T08:07:56.498+0000] {dagbag.py:539} INFO - Filling up the DagBag from /home/ubuntu/airflow_venv/lib/python3.10/site-packages/airflow/example_dags/example_branch_operator_decorator.py
[2023-09-29T08:07:56.508+0000] {processor.py:839} INFO - DAG(s) dict_keys(['example_branch_python_operator_decorator']) retrieved from /home/ubuntu/airflow_venv/lib/python3.10/site-packages/airflow/example_dags/example_branch_operator_decorator.py
[2023-09-29T08:07:56.526+0000] {logging_mixin.py:151} INFO - [2023-09-29T08:07:56.526+0000] {dag.py:2915} INFO - Sync 1 DAGs
[2023-09-29T08:07:56.550+0000] {logging_mixin.py:151} INFO - [2023-09-29T08:07:56.544+0000] {dag.py:3696} INFO - Setting next_dagrun for example_branch_python_operator_decorator to 2023-09-28T00:00:00+00:00, run_after=2023-09-29T00:00:00+00:00
[2023-09-29T08:07:56.571+0000] {processor.py:179} INFO - Processing /home/ubuntu/airflow_venv/lib/python3.10/site-packages/airflow/example_dags/example_branch_operator_decorator.py took 0.078 seconds
[2023-09-29T08:08:49.386+0000] {processor.py:157} INFO - Started process (PID=2367) to work on /home/ubuntu/airflow_venv/lib/python3.10/site-packages/airflow/example_dags/example_branch_operator_decorator.py
[2023-09-29T08:08:49.387+0000] {processor.py:829} INFO - Processing file /home/ubuntu/airflow_venv/lib/python3.10/site-packages/airflow/example_dags/example_branch_operator_decorator.py for tasks to queue
[2023-09-29T08:08:49.388+0000] {logging_mixin.py:151} INFO - [2023-09-29T08:08:49.388+0000] {dagbag.py:539} INFO - Filling up the DagBag from /home/ubuntu/airflow_venv/lib/python3.10/site-packages/airflow/example_dags/example_branch_operator_decorator.py
[2023-09-29T08:08:49.400+0000] {processor.py:839} INFO - DAG(s) dict_keys(['example_branch_python_operator_decorator']) retrieved from /home/ubuntu/airflow_venv/lib/python3.10/site-packages/airflow/example_dags/example_branch_operator_decorator.py
[2023-09-29T08:08:49.422+0000] {logging_mixin.py:151} INFO - [2023-09-29T08:08:49.421+0000] {dag.py:2915} INFO - Sync 1 DAGs
[2023-09-29T08:08:49.446+0000] {logging_mixin.py:151} INFO - [2023-09-29T08:08:49.446+0000] {dag.py:3696} INFO - Setting next_dagrun for example_branch_python_operator_decorator to 2023-09-28T00:00:00+00:00, run_after=2023-09-29T00:00:00+00:00
[2023-09-29T08:08:49.469+0000] {processor.py:179} INFO - Processing /home/ubuntu/airflow_venv/lib/python3.10/site-packages/airflow/example_dags/example_branch_operator_decorator.py took 0.087 seconds
[2023-09-29T09:27:20.386+0000] {processor.py:157} INFO - Started process (PID=1346) to work on /home/ubuntu/airflow_venv/lib/python3.10/site-packages/airflow/example_dags/example_branch_operator_decorator.py
[2023-09-29T09:27:20.388+0000] {processor.py:829} INFO - Processing file /home/ubuntu/airflow_venv/lib/python3.10/site-packages/airflow/example_dags/example_branch_operator_decorator.py for tasks to queue
[2023-09-29T09:27:20.388+0000] {logging_mixin.py:151} INFO - [2023-09-29T09:27:20.388+0000] {dagbag.py:539} INFO - Filling up the DagBag from /home/ubuntu/airflow_venv/lib/python3.10/site-packages/airflow/example_dags/example_branch_operator_decorator.py
[2023-09-29T09:27:20.398+0000] {processor.py:839} INFO - DAG(s) dict_keys(['example_branch_python_operator_decorator']) retrieved from /home/ubuntu/airflow_venv/lib/python3.10/site-packages/airflow/example_dags/example_branch_operator_decorator.py
[2023-09-29T09:27:20.419+0000] {logging_mixin.py:151} INFO - [2023-09-29T09:27:20.419+0000] {dag.py:2915} INFO - Sync 1 DAGs
[2023-09-29T09:27:20.455+0000] {logging_mixin.py:151} INFO - [2023-09-29T09:27:20.455+0000] {dag.py:3696} INFO - Setting next_dagrun for example_branch_python_operator_decorator to 2023-09-28T00:00:00+00:00, run_after=2023-09-29T00:00:00+00:00
[2023-09-29T09:27:20.476+0000] {processor.py:179} INFO - Processing /home/ubuntu/airflow_venv/lib/python3.10/site-packages/airflow/example_dags/example_branch_operator_decorator.py took 0.093 seconds
[2023-09-29T09:28:21.475+0000] {processor.py:157} INFO - Started process (PID=1404) to work on /home/ubuntu/airflow_venv/lib/python3.10/site-packages/airflow/example_dags/example_branch_operator_decorator.py
[2023-09-29T09:28:21.477+0000] {processor.py:829} INFO - Processing file /home/ubuntu/airflow_venv/lib/python3.10/site-packages/airflow/example_dags/example_branch_operator_decorator.py for tasks to queue
[2023-09-29T09:28:21.478+0000] {logging_mixin.py:151} INFO - [2023-09-29T09:28:21.477+0000] {dagbag.py:539} INFO - Filling up the DagBag from /home/ubuntu/airflow_venv/lib/python3.10/site-packages/airflow/example_dags/example_branch_operator_decorator.py
[2023-09-29T09:28:21.499+0000] {processor.py:839} INFO - DAG(s) dict_keys(['example_branch_python_operator_decorator']) retrieved from /home/ubuntu/airflow_venv/lib/python3.10/site-packages/airflow/example_dags/example_branch_operator_decorator.py
[2023-09-29T09:28:21.532+0000] {logging_mixin.py:151} INFO - [2023-09-29T09:28:21.532+0000] {dag.py:2915} INFO - Sync 1 DAGs
[2023-09-29T09:28:21.768+0000] {logging_mixin.py:151} INFO - [2023-09-29T09:28:21.768+0000] {dag.py:3696} INFO - Setting next_dagrun for example_branch_python_operator_decorator to 2023-09-28T00:00:00+00:00, run_after=2023-09-29T00:00:00+00:00
[2023-09-29T09:28:21.801+0000] {processor.py:179} INFO - Processing /home/ubuntu/airflow_venv/lib/python3.10/site-packages/airflow/example_dags/example_branch_operator_decorator.py took 0.330 seconds
[2023-09-29T09:29:16.796+0000] {processor.py:157} INFO - Started process (PID=1453) to work on /home/ubuntu/airflow_venv/lib/python3.10/site-packages/airflow/example_dags/example_branch_operator_decorator.py
[2023-09-29T09:29:16.797+0000] {processor.py:829} INFO - Processing file /home/ubuntu/airflow_venv/lib/python3.10/site-packages/airflow/example_dags/example_branch_operator_decorator.py for tasks to queue
[2023-09-29T09:29:16.798+0000] {logging_mixin.py:151} INFO - [2023-09-29T09:29:16.797+0000] {dagbag.py:539} INFO - Filling up the DagBag from /home/ubuntu/airflow_venv/lib/python3.10/site-packages/airflow/example_dags/example_branch_operator_decorator.py
[2023-09-29T09:29:17.023+0000] {processor.py:839} INFO - DAG(s) dict_keys(['example_branch_python_operator_decorator']) retrieved from /home/ubuntu/airflow_venv/lib/python3.10/site-packages/airflow/example_dags/example_branch_operator_decorator.py
[2023-09-29T09:29:17.035+0000] {logging_mixin.py:151} INFO - [2023-09-29T09:29:17.035+0000] {dag.py:2915} INFO - Sync 1 DAGs
[2023-09-29T09:29:17.053+0000] {logging_mixin.py:151} INFO - [2023-09-29T09:29:17.053+0000] {dag.py:3696} INFO - Setting next_dagrun for example_branch_python_operator_decorator to 2023-09-28T00:00:00+00:00, run_after=2023-09-29T00:00:00+00:00
[2023-09-29T09:29:17.077+0000] {processor.py:179} INFO - Processing /home/ubuntu/airflow_venv/lib/python3.10/site-packages/airflow/example_dags/example_branch_operator_decorator.py took 0.285 seconds
[2023-09-29T09:30:04.085+0000] {processor.py:157} INFO - Started process (PID=1955) to work on /home/ubuntu/airflow_venv/lib/python3.10/site-packages/airflow/example_dags/example_branch_operator_decorator.py
[2023-09-29T09:30:04.088+0000] {processor.py:829} INFO - Processing file /home/ubuntu/airflow_venv/lib/python3.10/site-packages/airflow/example_dags/example_branch_operator_decorator.py for tasks to queue
[2023-09-29T09:30:04.093+0000] {logging_mixin.py:151} INFO - [2023-09-29T09:30:04.090+0000] {dagbag.py:539} INFO - Filling up the DagBag from /home/ubuntu/airflow_venv/lib/python3.10/site-packages/airflow/example_dags/example_branch_operator_decorator.py
[2023-09-29T09:30:04.123+0000] {processor.py:839} INFO - DAG(s) dict_keys(['example_branch_python_operator_decorator']) retrieved from /home/ubuntu/airflow_venv/lib/python3.10/site-packages/airflow/example_dags/example_branch_operator_decorator.py
[2023-09-29T09:30:04.191+0000] {logging_mixin.py:151} INFO - [2023-09-29T09:30:04.191+0000] {dag.py:2915} INFO - Sync 1 DAGs
[2023-09-29T09:30:04.223+0000] {logging_mixin.py:151} INFO - [2023-09-29T09:30:04.223+0000] {dag.py:3696} INFO - Setting next_dagrun for example_branch_python_operator_decorator to 2023-09-28T00:00:00+00:00, run_after=2023-09-29T00:00:00+00:00
[2023-09-29T09:30:04.260+0000] {processor.py:179} INFO - Processing /home/ubuntu/airflow_venv/lib/python3.10/site-packages/airflow/example_dags/example_branch_operator_decorator.py took 0.184 seconds
[2023-09-29T09:32:10.265+0000] {processor.py:157} INFO - Started process (PID=2269) to work on /home/ubuntu/airflow_venv/lib/python3.10/site-packages/airflow/example_dags/example_branch_operator_decorator.py
[2023-09-29T09:32:10.267+0000] {processor.py:829} INFO - Processing file /home/ubuntu/airflow_venv/lib/python3.10/site-packages/airflow/example_dags/example_branch_operator_decorator.py for tasks to queue
[2023-09-29T09:32:10.268+0000] {logging_mixin.py:151} INFO - [2023-09-29T09:32:10.268+0000] {dagbag.py:539} INFO - Filling up the DagBag from /home/ubuntu/airflow_venv/lib/python3.10/site-packages/airflow/example_dags/example_branch_operator_decorator.py
[2023-09-29T09:32:10.283+0000] {processor.py:839} INFO - DAG(s) dict_keys(['example_branch_python_operator_decorator']) retrieved from /home/ubuntu/airflow_venv/lib/python3.10/site-packages/airflow/example_dags/example_branch_operator_decorator.py
[2023-09-29T09:32:10.309+0000] {logging_mixin.py:151} INFO - [2023-09-29T09:32:10.309+0000] {dag.py:2915} INFO - Sync 1 DAGs
[2023-09-29T09:32:10.341+0000] {logging_mixin.py:151} INFO - [2023-09-29T09:32:10.340+0000] {dag.py:3696} INFO - Setting next_dagrun for example_branch_python_operator_decorator to 2023-09-28T00:00:00+00:00, run_after=2023-09-29T00:00:00+00:00
[2023-09-29T09:32:10.368+0000] {processor.py:179} INFO - Processing /home/ubuntu/airflow_venv/lib/python3.10/site-packages/airflow/example_dags/example_branch_operator_decorator.py took 0.108 seconds
[2023-09-29T09:33:16.006+0000] {processor.py:157} INFO - Started process (PID=2339) to work on /home/ubuntu/airflow_venv/lib/python3.10/site-packages/airflow/example_dags/example_branch_operator_decorator.py
[2023-09-29T09:33:16.007+0000] {processor.py:829} INFO - Processing file /home/ubuntu/airflow_venv/lib/python3.10/site-packages/airflow/example_dags/example_branch_operator_decorator.py for tasks to queue
[2023-09-29T09:33:16.008+0000] {logging_mixin.py:151} INFO - [2023-09-29T09:33:16.007+0000] {dagbag.py:539} INFO - Filling up the DagBag from /home/ubuntu/airflow_venv/lib/python3.10/site-packages/airflow/example_dags/example_branch_operator_decorator.py
[2023-09-29T09:33:16.019+0000] {processor.py:839} INFO - DAG(s) dict_keys(['example_branch_python_operator_decorator']) retrieved from /home/ubuntu/airflow_venv/lib/python3.10/site-packages/airflow/example_dags/example_branch_operator_decorator.py
[2023-09-29T09:33:16.061+0000] {logging_mixin.py:151} INFO - [2023-09-29T09:33:16.060+0000] {dag.py:2915} INFO - Sync 1 DAGs
[2023-09-29T09:33:16.230+0000] {logging_mixin.py:151} INFO - [2023-09-29T09:33:16.230+0000] {dag.py:3696} INFO - Setting next_dagrun for example_branch_python_operator_decorator to 2023-09-28T00:00:00+00:00, run_after=2023-09-29T00:00:00+00:00
[2023-09-29T09:33:16.249+0000] {processor.py:179} INFO - Processing /home/ubuntu/airflow_venv/lib/python3.10/site-packages/airflow/example_dags/example_branch_operator_decorator.py took 0.247 seconds
[2023-09-29T09:52:15.841+0000] {processor.py:157} INFO - Started process (PID=3487) to work on /home/ubuntu/airflow_venv/lib/python3.10/site-packages/airflow/example_dags/example_branch_operator_decorator.py
[2023-09-29T09:52:15.842+0000] {processor.py:829} INFO - Processing file /home/ubuntu/airflow_venv/lib/python3.10/site-packages/airflow/example_dags/example_branch_operator_decorator.py for tasks to queue
[2023-09-29T09:52:15.842+0000] {logging_mixin.py:151} INFO - [2023-09-29T09:52:15.842+0000] {dagbag.py:539} INFO - Filling up the DagBag from /home/ubuntu/airflow_venv/lib/python3.10/site-packages/airflow/example_dags/example_branch_operator_decorator.py
[2023-09-29T09:52:15.852+0000] {processor.py:839} INFO - DAG(s) dict_keys(['example_branch_python_operator_decorator']) retrieved from /home/ubuntu/airflow_venv/lib/python3.10/site-packages/airflow/example_dags/example_branch_operator_decorator.py
[2023-09-29T09:52:15.871+0000] {logging_mixin.py:151} INFO - [2023-09-29T09:52:15.871+0000] {dag.py:2915} INFO - Sync 1 DAGs
[2023-09-29T09:52:15.890+0000] {logging_mixin.py:151} INFO - [2023-09-29T09:52:15.890+0000] {dag.py:3696} INFO - Setting next_dagrun for example_branch_python_operator_decorator to 2023-09-28T00:00:00+00:00, run_after=2023-09-29T00:00:00+00:00
[2023-09-29T09:52:15.908+0000] {processor.py:179} INFO - Processing /home/ubuntu/airflow_venv/lib/python3.10/site-packages/airflow/example_dags/example_branch_operator_decorator.py took 0.070 seconds
[2023-09-29T09:53:08.776+0000] {processor.py:157} INFO - Started process (PID=3536) to work on /home/ubuntu/airflow_venv/lib/python3.10/site-packages/airflow/example_dags/example_branch_operator_decorator.py
[2023-09-29T09:53:08.779+0000] {processor.py:829} INFO - Processing file /home/ubuntu/airflow_venv/lib/python3.10/site-packages/airflow/example_dags/example_branch_operator_decorator.py for tasks to queue
[2023-09-29T09:53:08.780+0000] {logging_mixin.py:151} INFO - [2023-09-29T09:53:08.779+0000] {dagbag.py:539} INFO - Filling up the DagBag from /home/ubuntu/airflow_venv/lib/python3.10/site-packages/airflow/example_dags/example_branch_operator_decorator.py
[2023-09-29T09:53:08.795+0000] {processor.py:839} INFO - DAG(s) dict_keys(['example_branch_python_operator_decorator']) retrieved from /home/ubuntu/airflow_venv/lib/python3.10/site-packages/airflow/example_dags/example_branch_operator_decorator.py
[2023-09-29T09:53:08.812+0000] {logging_mixin.py:151} INFO - [2023-09-29T09:53:08.812+0000] {dag.py:2915} INFO - Sync 1 DAGs
[2023-09-29T09:53:08.985+0000] {logging_mixin.py:151} INFO - [2023-09-29T09:53:08.984+0000] {dag.py:3696} INFO - Setting next_dagrun for example_branch_python_operator_decorator to 2023-09-28T00:00:00+00:00, run_after=2023-09-29T00:00:00+00:00
[2023-09-29T09:53:09.008+0000] {processor.py:179} INFO - Processing /home/ubuntu/airflow_venv/lib/python3.10/site-packages/airflow/example_dags/example_branch_operator_decorator.py took 0.235 seconds
[2023-09-29T09:54:21.242+0000] {processor.py:157} INFO - Started process (PID=3601) to work on /home/ubuntu/airflow_venv/lib/python3.10/site-packages/airflow/example_dags/example_branch_operator_decorator.py
[2023-09-29T09:54:21.244+0000] {processor.py:829} INFO - Processing file /home/ubuntu/airflow_venv/lib/python3.10/site-packages/airflow/example_dags/example_branch_operator_decorator.py for tasks to queue
[2023-09-29T09:54:21.245+0000] {logging_mixin.py:151} INFO - [2023-09-29T09:54:21.244+0000] {dagbag.py:539} INFO - Filling up the DagBag from /home/ubuntu/airflow_venv/lib/python3.10/site-packages/airflow/example_dags/example_branch_operator_decorator.py
[2023-09-29T09:54:21.255+0000] {processor.py:839} INFO - DAG(s) dict_keys(['example_branch_python_operator_decorator']) retrieved from /home/ubuntu/airflow_venv/lib/python3.10/site-packages/airflow/example_dags/example_branch_operator_decorator.py
[2023-09-29T09:54:21.277+0000] {logging_mixin.py:151} INFO - [2023-09-29T09:54:21.277+0000] {dag.py:2915} INFO - Sync 1 DAGs
[2023-09-29T09:54:21.297+0000] {logging_mixin.py:151} INFO - [2023-09-29T09:54:21.296+0000] {dag.py:3696} INFO - Setting next_dagrun for example_branch_python_operator_decorator to 2023-09-28T00:00:00+00:00, run_after=2023-09-29T00:00:00+00:00
[2023-09-29T09:54:21.316+0000] {processor.py:179} INFO - Processing /home/ubuntu/airflow_venv/lib/python3.10/site-packages/airflow/example_dags/example_branch_operator_decorator.py took 0.078 seconds
[2023-09-29T09:56:22.749+0000] {processor.py:157} INFO - Started process (PID=4125) to work on /home/ubuntu/airflow_venv/lib/python3.10/site-packages/airflow/example_dags/example_branch_operator_decorator.py
[2023-09-29T09:56:22.751+0000] {processor.py:829} INFO - Processing file /home/ubuntu/airflow_venv/lib/python3.10/site-packages/airflow/example_dags/example_branch_operator_decorator.py for tasks to queue
[2023-09-29T09:56:22.752+0000] {logging_mixin.py:151} INFO - [2023-09-29T09:56:22.751+0000] {dagbag.py:539} INFO - Filling up the DagBag from /home/ubuntu/airflow_venv/lib/python3.10/site-packages/airflow/example_dags/example_branch_operator_decorator.py
[2023-09-29T09:56:22.763+0000] {processor.py:839} INFO - DAG(s) dict_keys(['example_branch_python_operator_decorator']) retrieved from /home/ubuntu/airflow_venv/lib/python3.10/site-packages/airflow/example_dags/example_branch_operator_decorator.py
[2023-09-29T09:56:22.789+0000] {logging_mixin.py:151} INFO - [2023-09-29T09:56:22.788+0000] {dag.py:2915} INFO - Sync 1 DAGs
[2023-09-29T09:56:22.812+0000] {logging_mixin.py:151} INFO - [2023-09-29T09:56:22.812+0000] {dag.py:3696} INFO - Setting next_dagrun for example_branch_python_operator_decorator to 2023-09-28T00:00:00+00:00, run_after=2023-09-29T00:00:00+00:00
[2023-09-29T09:56:22.837+0000] {processor.py:179} INFO - Processing /home/ubuntu/airflow_venv/lib/python3.10/site-packages/airflow/example_dags/example_branch_operator_decorator.py took 0.091 seconds
[2023-09-29T09:57:22.486+0000] {processor.py:157} INFO - Started process (PID=4183) to work on /home/ubuntu/airflow_venv/lib/python3.10/site-packages/airflow/example_dags/example_branch_operator_decorator.py
[2023-09-29T09:57:22.487+0000] {processor.py:829} INFO - Processing file /home/ubuntu/airflow_venv/lib/python3.10/site-packages/airflow/example_dags/example_branch_operator_decorator.py for tasks to queue
[2023-09-29T09:57:22.488+0000] {logging_mixin.py:151} INFO - [2023-09-29T09:57:22.488+0000] {dagbag.py:539} INFO - Filling up the DagBag from /home/ubuntu/airflow_venv/lib/python3.10/site-packages/airflow/example_dags/example_branch_operator_decorator.py
[2023-09-29T09:57:22.503+0000] {processor.py:839} INFO - DAG(s) dict_keys(['example_branch_python_operator_decorator']) retrieved from /home/ubuntu/airflow_venv/lib/python3.10/site-packages/airflow/example_dags/example_branch_operator_decorator.py
[2023-09-29T09:57:22.524+0000] {logging_mixin.py:151} INFO - [2023-09-29T09:57:22.524+0000] {dag.py:2915} INFO - Sync 1 DAGs
[2023-09-29T09:57:22.691+0000] {logging_mixin.py:151} INFO - [2023-09-29T09:57:22.691+0000] {dag.py:3696} INFO - Setting next_dagrun for example_branch_python_operator_decorator to 2023-09-28T00:00:00+00:00, run_after=2023-09-29T00:00:00+00:00
[2023-09-29T09:57:22.711+0000] {processor.py:179} INFO - Processing /home/ubuntu/airflow_venv/lib/python3.10/site-packages/airflow/example_dags/example_branch_operator_decorator.py took 0.229 seconds
[2023-09-29T09:58:18.510+0000] {processor.py:157} INFO - Started process (PID=4243) to work on /home/ubuntu/airflow_venv/lib/python3.10/site-packages/airflow/example_dags/example_branch_operator_decorator.py
[2023-09-29T09:58:18.511+0000] {processor.py:829} INFO - Processing file /home/ubuntu/airflow_venv/lib/python3.10/site-packages/airflow/example_dags/example_branch_operator_decorator.py for tasks to queue
[2023-09-29T09:58:18.512+0000] {logging_mixin.py:151} INFO - [2023-09-29T09:58:18.512+0000] {dagbag.py:539} INFO - Filling up the DagBag from /home/ubuntu/airflow_venv/lib/python3.10/site-packages/airflow/example_dags/example_branch_operator_decorator.py
[2023-09-29T09:58:18.522+0000] {processor.py:839} INFO - DAG(s) dict_keys(['example_branch_python_operator_decorator']) retrieved from /home/ubuntu/airflow_venv/lib/python3.10/site-packages/airflow/example_dags/example_branch_operator_decorator.py
[2023-09-29T09:58:18.540+0000] {logging_mixin.py:151} INFO - [2023-09-29T09:58:18.540+0000] {dag.py:2915} INFO - Sync 1 DAGs
[2023-09-29T09:58:18.559+0000] {logging_mixin.py:151} INFO - [2023-09-29T09:58:18.559+0000] {dag.py:3696} INFO - Setting next_dagrun for example_branch_python_operator_decorator to 2023-09-28T00:00:00+00:00, run_after=2023-09-29T00:00:00+00:00
[2023-09-29T09:58:18.578+0000] {processor.py:179} INFO - Processing /home/ubuntu/airflow_venv/lib/python3.10/site-packages/airflow/example_dags/example_branch_operator_decorator.py took 0.071 seconds
