[2023-09-29T07:22:22.598+0000] {processor.py:157} INFO - Started process (PID=12190) to work on /home/ubuntu/airflow_venv/lib/python3.10/site-packages/airflow/example_dags/example_task_group_decorator.py
[2023-09-29T07:22:22.599+0000] {processor.py:829} INFO - Processing file /home/ubuntu/airflow_venv/lib/python3.10/site-packages/airflow/example_dags/example_task_group_decorator.py for tasks to queue
[2023-09-29T07:22:22.600+0000] {logging_mixin.py:151} INFO - [2023-09-29T07:22:22.600+0000] {dagbag.py:539} INFO - Filling up the DagBag from /home/ubuntu/airflow_venv/lib/python3.10/site-packages/airflow/example_dags/example_task_group_decorator.py
[2023-09-29T07:22:22.614+0000] {processor.py:839} INFO - DAG(s) dict_keys(['example_task_group_decorator']) retrieved from /home/ubuntu/airflow_venv/lib/python3.10/site-packages/airflow/example_dags/example_task_group_decorator.py
[2023-09-29T07:22:22.622+0000] {logging_mixin.py:151} INFO - [2023-09-29T07:22:22.622+0000] {dag.py:2915} INFO - Sync 1 DAGs
[2023-09-29T07:22:22.643+0000] {logging_mixin.py:151} INFO - [2023-09-29T07:22:22.642+0000] {dag.py:3696} INFO - Setting next_dagrun for example_task_group_decorator to 2023-09-28T07:22:22.642582+00:00, run_after=2023-09-29T07:22:22.642582+00:00
[2023-09-29T07:22:22.665+0000] {processor.py:179} INFO - Processing /home/ubuntu/airflow_venv/lib/python3.10/site-packages/airflow/example_dags/example_task_group_decorator.py took 0.069 seconds
[2023-09-29T07:23:08.897+0000] {processor.py:157} INFO - Started process (PID=12238) to work on /home/ubuntu/airflow_venv/lib/python3.10/site-packages/airflow/example_dags/example_task_group_decorator.py
[2023-09-29T07:23:08.898+0000] {processor.py:829} INFO - Processing file /home/ubuntu/airflow_venv/lib/python3.10/site-packages/airflow/example_dags/example_task_group_decorator.py for tasks to queue
[2023-09-29T07:23:08.899+0000] {logging_mixin.py:151} INFO - [2023-09-29T07:23:08.899+0000] {dagbag.py:539} INFO - Filling up the DagBag from /home/ubuntu/airflow_venv/lib/python3.10/site-packages/airflow/example_dags/example_task_group_decorator.py
[2023-09-29T07:23:08.921+0000] {processor.py:839} INFO - DAG(s) dict_keys(['example_task_group_decorator']) retrieved from /home/ubuntu/airflow_venv/lib/python3.10/site-packages/airflow/example_dags/example_task_group_decorator.py
[2023-09-29T07:23:08.971+0000] {logging_mixin.py:151} INFO - [2023-09-29T07:23:08.971+0000] {dag.py:2915} INFO - Sync 1 DAGs
[2023-09-29T07:23:09.231+0000] {logging_mixin.py:151} INFO - [2023-09-29T07:23:09.231+0000] {dag.py:3696} INFO - Setting next_dagrun for example_task_group_decorator to 2023-09-28T07:23:09.231163+00:00, run_after=2023-09-29T07:23:09.231163+00:00
[2023-09-29T07:23:09.266+0000] {processor.py:179} INFO - Processing /home/ubuntu/airflow_venv/lib/python3.10/site-packages/airflow/example_dags/example_task_group_decorator.py took 0.373 seconds
[2023-09-29T07:28:19.456+0000] {processor.py:157} INFO - Started process (PID=12865) to work on /home/ubuntu/airflow_venv/lib/python3.10/site-packages/airflow/example_dags/example_task_group_decorator.py
[2023-09-29T07:28:19.460+0000] {processor.py:829} INFO - Processing file /home/ubuntu/airflow_venv/lib/python3.10/site-packages/airflow/example_dags/example_task_group_decorator.py for tasks to queue
[2023-09-29T07:28:19.461+0000] {logging_mixin.py:151} INFO - [2023-09-29T07:28:19.461+0000] {dagbag.py:539} INFO - Filling up the DagBag from /home/ubuntu/airflow_venv/lib/python3.10/site-packages/airflow/example_dags/example_task_group_decorator.py
[2023-09-29T07:28:19.706+0000] {processor.py:839} INFO - DAG(s) dict_keys(['example_task_group_decorator']) retrieved from /home/ubuntu/airflow_venv/lib/python3.10/site-packages/airflow/example_dags/example_task_group_decorator.py
[2023-09-29T07:28:19.721+0000] {logging_mixin.py:151} INFO - [2023-09-29T07:28:19.721+0000] {dag.py:2915} INFO - Sync 1 DAGs
[2023-09-29T07:28:19.737+0000] {logging_mixin.py:151} INFO - [2023-09-29T07:28:19.737+0000] {dag.py:3696} INFO - Setting next_dagrun for example_task_group_decorator to 2023-09-28T07:28:19.737183+00:00, run_after=2023-09-29T07:28:19.737183+00:00
[2023-09-29T07:28:19.756+0000] {processor.py:179} INFO - Processing /home/ubuntu/airflow_venv/lib/python3.10/site-packages/airflow/example_dags/example_task_group_decorator.py took 0.307 seconds
[2023-09-29T07:29:07.033+0000] {processor.py:157} INFO - Started process (PID=12913) to work on /home/ubuntu/airflow_venv/lib/python3.10/site-packages/airflow/example_dags/example_task_group_decorator.py
[2023-09-29T07:29:07.034+0000] {processor.py:829} INFO - Processing file /home/ubuntu/airflow_venv/lib/python3.10/site-packages/airflow/example_dags/example_task_group_decorator.py for tasks to queue
[2023-09-29T07:29:07.035+0000] {logging_mixin.py:151} INFO - [2023-09-29T07:29:07.034+0000] {dagbag.py:539} INFO - Filling up the DagBag from /home/ubuntu/airflow_venv/lib/python3.10/site-packages/airflow/example_dags/example_task_group_decorator.py
[2023-09-29T07:29:07.050+0000] {processor.py:839} INFO - DAG(s) dict_keys(['example_task_group_decorator']) retrieved from /home/ubuntu/airflow_venv/lib/python3.10/site-packages/airflow/example_dags/example_task_group_decorator.py
[2023-09-29T07:29:07.069+0000] {logging_mixin.py:151} INFO - [2023-09-29T07:29:07.069+0000] {dag.py:2915} INFO - Sync 1 DAGs
[2023-09-29T07:29:07.089+0000] {logging_mixin.py:151} INFO - [2023-09-29T07:29:07.089+0000] {dag.py:3696} INFO - Setting next_dagrun for example_task_group_decorator to 2023-09-28T07:29:07.088844+00:00, run_after=2023-09-29T07:29:07.088844+00:00
[2023-09-29T07:29:07.109+0000] {processor.py:179} INFO - Processing /home/ubuntu/airflow_venv/lib/python3.10/site-packages/airflow/example_dags/example_task_group_decorator.py took 0.080 seconds
[2023-09-29T07:29:43.590+0000] {processor.py:157} INFO - Started process (PID=12950) to work on /home/ubuntu/airflow_venv/lib/python3.10/site-packages/airflow/example_dags/example_task_group_decorator.py
[2023-09-29T07:29:43.591+0000] {processor.py:829} INFO - Processing file /home/ubuntu/airflow_venv/lib/python3.10/site-packages/airflow/example_dags/example_task_group_decorator.py for tasks to queue
[2023-09-29T07:29:43.593+0000] {logging_mixin.py:151} INFO - [2023-09-29T07:29:43.593+0000] {dagbag.py:539} INFO - Filling up the DagBag from /home/ubuntu/airflow_venv/lib/python3.10/site-packages/airflow/example_dags/example_task_group_decorator.py
[2023-09-29T07:29:43.609+0000] {processor.py:839} INFO - DAG(s) dict_keys(['example_task_group_decorator']) retrieved from /home/ubuntu/airflow_venv/lib/python3.10/site-packages/airflow/example_dags/example_task_group_decorator.py
[2023-09-29T07:29:43.628+0000] {logging_mixin.py:151} INFO - [2023-09-29T07:29:43.628+0000] {dag.py:2915} INFO - Sync 1 DAGs
[2023-09-29T07:29:43.646+0000] {logging_mixin.py:151} INFO - [2023-09-29T07:29:43.646+0000] {dag.py:3696} INFO - Setting next_dagrun for example_task_group_decorator to 2023-09-28T07:29:43.646093+00:00, run_after=2023-09-29T07:29:43.646093+00:00
[2023-09-29T07:29:43.672+0000] {processor.py:179} INFO - Processing /home/ubuntu/airflow_venv/lib/python3.10/site-packages/airflow/example_dags/example_task_group_decorator.py took 0.093 seconds
[2023-09-29T07:30:23.646+0000] {processor.py:157} INFO - Started process (PID=12990) to work on /home/ubuntu/airflow_venv/lib/python3.10/site-packages/airflow/example_dags/example_task_group_decorator.py
[2023-09-29T07:30:23.647+0000] {processor.py:829} INFO - Processing file /home/ubuntu/airflow_venv/lib/python3.10/site-packages/airflow/example_dags/example_task_group_decorator.py for tasks to queue
[2023-09-29T07:30:23.648+0000] {logging_mixin.py:151} INFO - [2023-09-29T07:30:23.647+0000] {dagbag.py:539} INFO - Filling up the DagBag from /home/ubuntu/airflow_venv/lib/python3.10/site-packages/airflow/example_dags/example_task_group_decorator.py
[2023-09-29T07:30:23.662+0000] {processor.py:839} INFO - DAG(s) dict_keys(['example_task_group_decorator']) retrieved from /home/ubuntu/airflow_venv/lib/python3.10/site-packages/airflow/example_dags/example_task_group_decorator.py
[2023-09-29T07:30:23.681+0000] {logging_mixin.py:151} INFO - [2023-09-29T07:30:23.680+0000] {dag.py:2915} INFO - Sync 1 DAGs
[2023-09-29T07:30:23.699+0000] {logging_mixin.py:151} INFO - [2023-09-29T07:30:23.699+0000] {dag.py:3696} INFO - Setting next_dagrun for example_task_group_decorator to 2023-09-28T07:30:23.699070+00:00, run_after=2023-09-29T07:30:23.699070+00:00
[2023-09-29T07:30:23.718+0000] {processor.py:179} INFO - Processing /home/ubuntu/airflow_venv/lib/python3.10/site-packages/airflow/example_dags/example_task_group_decorator.py took 0.076 seconds
[2023-09-29T07:31:16.379+0000] {processor.py:157} INFO - Started process (PID=13048) to work on /home/ubuntu/airflow_venv/lib/python3.10/site-packages/airflow/example_dags/example_task_group_decorator.py
[2023-09-29T07:31:16.380+0000] {processor.py:829} INFO - Processing file /home/ubuntu/airflow_venv/lib/python3.10/site-packages/airflow/example_dags/example_task_group_decorator.py for tasks to queue
[2023-09-29T07:31:16.381+0000] {logging_mixin.py:151} INFO - [2023-09-29T07:31:16.381+0000] {dagbag.py:539} INFO - Filling up the DagBag from /home/ubuntu/airflow_venv/lib/python3.10/site-packages/airflow/example_dags/example_task_group_decorator.py
[2023-09-29T07:31:16.397+0000] {processor.py:839} INFO - DAG(s) dict_keys(['example_task_group_decorator']) retrieved from /home/ubuntu/airflow_venv/lib/python3.10/site-packages/airflow/example_dags/example_task_group_decorator.py
[2023-09-29T07:31:16.418+0000] {logging_mixin.py:151} INFO - [2023-09-29T07:31:16.418+0000] {dag.py:2915} INFO - Sync 1 DAGs
[2023-09-29T07:31:16.445+0000] {logging_mixin.py:151} INFO - [2023-09-29T07:31:16.445+0000] {dag.py:3696} INFO - Setting next_dagrun for example_task_group_decorator to 2023-09-28T07:31:16.444813+00:00, run_after=2023-09-29T07:31:16.444813+00:00
[2023-09-29T07:31:16.465+0000] {processor.py:179} INFO - Processing /home/ubuntu/airflow_venv/lib/python3.10/site-packages/airflow/example_dags/example_task_group_decorator.py took 0.089 seconds
[2023-09-29T07:43:12.928+0000] {processor.py:157} INFO - Started process (PID=1204) to work on /home/ubuntu/airflow_venv/lib/python3.10/site-packages/airflow/example_dags/example_task_group_decorator.py
[2023-09-29T07:43:12.929+0000] {processor.py:829} INFO - Processing file /home/ubuntu/airflow_venv/lib/python3.10/site-packages/airflow/example_dags/example_task_group_decorator.py for tasks to queue
[2023-09-29T07:43:12.930+0000] {logging_mixin.py:151} INFO - [2023-09-29T07:43:12.930+0000] {dagbag.py:539} INFO - Filling up the DagBag from /home/ubuntu/airflow_venv/lib/python3.10/site-packages/airflow/example_dags/example_task_group_decorator.py
[2023-09-29T07:43:12.947+0000] {processor.py:839} INFO - DAG(s) dict_keys(['example_task_group_decorator']) retrieved from /home/ubuntu/airflow_venv/lib/python3.10/site-packages/airflow/example_dags/example_task_group_decorator.py
[2023-09-29T07:43:12.956+0000] {logging_mixin.py:151} INFO - [2023-09-29T07:43:12.956+0000] {dag.py:2915} INFO - Sync 1 DAGs
[2023-09-29T07:43:12.978+0000] {logging_mixin.py:151} INFO - [2023-09-29T07:43:12.978+0000] {dag.py:3696} INFO - Setting next_dagrun for example_task_group_decorator to 2023-09-28T07:43:12.977915+00:00, run_after=2023-09-29T07:43:12.977915+00:00
[2023-09-29T07:43:12.999+0000] {processor.py:179} INFO - Processing /home/ubuntu/airflow_venv/lib/python3.10/site-packages/airflow/example_dags/example_task_group_decorator.py took 0.074 seconds
[2023-09-29T07:44:02.356+0000] {processor.py:157} INFO - Started process (PID=1252) to work on /home/ubuntu/airflow_venv/lib/python3.10/site-packages/airflow/example_dags/example_task_group_decorator.py
[2023-09-29T07:44:02.358+0000] {processor.py:829} INFO - Processing file /home/ubuntu/airflow_venv/lib/python3.10/site-packages/airflow/example_dags/example_task_group_decorator.py for tasks to queue
[2023-09-29T07:44:02.359+0000] {logging_mixin.py:151} INFO - [2023-09-29T07:44:02.359+0000] {dagbag.py:539} INFO - Filling up the DagBag from /home/ubuntu/airflow_venv/lib/python3.10/site-packages/airflow/example_dags/example_task_group_decorator.py
[2023-09-29T07:44:02.377+0000] {processor.py:839} INFO - DAG(s) dict_keys(['example_task_group_decorator']) retrieved from /home/ubuntu/airflow_venv/lib/python3.10/site-packages/airflow/example_dags/example_task_group_decorator.py
[2023-09-29T07:44:02.400+0000] {logging_mixin.py:151} INFO - [2023-09-29T07:44:02.399+0000] {dag.py:2915} INFO - Sync 1 DAGs
[2023-09-29T07:44:02.423+0000] {logging_mixin.py:151} INFO - [2023-09-29T07:44:02.423+0000] {dag.py:3696} INFO - Setting next_dagrun for example_task_group_decorator to 2023-09-28T07:44:02.423250+00:00, run_after=2023-09-29T07:44:02.423250+00:00
[2023-09-29T07:44:02.616+0000] {processor.py:179} INFO - Processing /home/ubuntu/airflow_venv/lib/python3.10/site-packages/airflow/example_dags/example_task_group_decorator.py took 0.262 seconds
[2023-09-29T07:44:57.912+0000] {processor.py:157} INFO - Started process (PID=1300) to work on /home/ubuntu/airflow_venv/lib/python3.10/site-packages/airflow/example_dags/example_task_group_decorator.py
[2023-09-29T07:44:57.913+0000] {processor.py:829} INFO - Processing file /home/ubuntu/airflow_venv/lib/python3.10/site-packages/airflow/example_dags/example_task_group_decorator.py for tasks to queue
[2023-09-29T07:44:57.913+0000] {logging_mixin.py:151} INFO - [2023-09-29T07:44:57.913+0000] {dagbag.py:539} INFO - Filling up the DagBag from /home/ubuntu/airflow_venv/lib/python3.10/site-packages/airflow/example_dags/example_task_group_decorator.py
[2023-09-29T07:44:57.929+0000] {processor.py:839} INFO - DAG(s) dict_keys(['example_task_group_decorator']) retrieved from /home/ubuntu/airflow_venv/lib/python3.10/site-packages/airflow/example_dags/example_task_group_decorator.py
[2023-09-29T07:44:58.108+0000] {logging_mixin.py:151} INFO - [2023-09-29T07:44:58.108+0000] {dag.py:2915} INFO - Sync 1 DAGs
[2023-09-29T07:44:58.124+0000] {logging_mixin.py:151} INFO - [2023-09-29T07:44:58.123+0000] {dag.py:3696} INFO - Setting next_dagrun for example_task_group_decorator to 2023-09-28T07:44:58.123658+00:00, run_after=2023-09-29T07:44:58.123658+00:00
[2023-09-29T07:44:58.143+0000] {processor.py:179} INFO - Processing /home/ubuntu/airflow_venv/lib/python3.10/site-packages/airflow/example_dags/example_task_group_decorator.py took 0.234 seconds
[2023-09-29T07:55:08.278+0000] {processor.py:157} INFO - Started process (PID=1328) to work on /home/ubuntu/airflow_venv/lib/python3.10/site-packages/airflow/example_dags/example_task_group_decorator.py
[2023-09-29T07:55:08.279+0000] {processor.py:829} INFO - Processing file /home/ubuntu/airflow_venv/lib/python3.10/site-packages/airflow/example_dags/example_task_group_decorator.py for tasks to queue
[2023-09-29T07:55:08.281+0000] {logging_mixin.py:151} INFO - [2023-09-29T07:55:08.280+0000] {dagbag.py:539} INFO - Filling up the DagBag from /home/ubuntu/airflow_venv/lib/python3.10/site-packages/airflow/example_dags/example_task_group_decorator.py
[2023-09-29T07:55:08.302+0000] {processor.py:839} INFO - DAG(s) dict_keys(['example_task_group_decorator']) retrieved from /home/ubuntu/airflow_venv/lib/python3.10/site-packages/airflow/example_dags/example_task_group_decorator.py
[2023-09-29T07:55:08.310+0000] {logging_mixin.py:151} INFO - [2023-09-29T07:55:08.309+0000] {dag.py:2915} INFO - Sync 1 DAGs
[2023-09-29T07:55:08.331+0000] {logging_mixin.py:151} INFO - [2023-09-29T07:55:08.331+0000] {dag.py:3696} INFO - Setting next_dagrun for example_task_group_decorator to 2023-09-28T07:55:08.331325+00:00, run_after=2023-09-29T07:55:08.331325+00:00
[2023-09-29T07:55:08.351+0000] {processor.py:179} INFO - Processing /home/ubuntu/airflow_venv/lib/python3.10/site-packages/airflow/example_dags/example_task_group_decorator.py took 0.079 seconds
[2023-09-29T07:56:01.114+0000] {processor.py:157} INFO - Started process (PID=1382) to work on /home/ubuntu/airflow_venv/lib/python3.10/site-packages/airflow/example_dags/example_task_group_decorator.py
[2023-09-29T07:56:01.115+0000] {processor.py:829} INFO - Processing file /home/ubuntu/airflow_venv/lib/python3.10/site-packages/airflow/example_dags/example_task_group_decorator.py for tasks to queue
[2023-09-29T07:56:01.115+0000] {logging_mixin.py:151} INFO - [2023-09-29T07:56:01.115+0000] {dagbag.py:539} INFO - Filling up the DagBag from /home/ubuntu/airflow_venv/lib/python3.10/site-packages/airflow/example_dags/example_task_group_decorator.py
[2023-09-29T07:56:01.130+0000] {processor.py:839} INFO - DAG(s) dict_keys(['example_task_group_decorator']) retrieved from /home/ubuntu/airflow_venv/lib/python3.10/site-packages/airflow/example_dags/example_task_group_decorator.py
[2023-09-29T07:56:01.148+0000] {logging_mixin.py:151} INFO - [2023-09-29T07:56:01.148+0000] {dag.py:2915} INFO - Sync 1 DAGs
[2023-09-29T07:56:01.168+0000] {logging_mixin.py:151} INFO - [2023-09-29T07:56:01.168+0000] {dag.py:3696} INFO - Setting next_dagrun for example_task_group_decorator to 2023-09-28T07:56:01.168095+00:00, run_after=2023-09-29T07:56:01.168095+00:00
[2023-09-29T07:56:01.354+0000] {processor.py:179} INFO - Processing /home/ubuntu/airflow_venv/lib/python3.10/site-packages/airflow/example_dags/example_task_group_decorator.py took 0.244 seconds
[2023-09-29T07:56:49.989+0000] {processor.py:157} INFO - Started process (PID=1424) to work on /home/ubuntu/airflow_venv/lib/python3.10/site-packages/airflow/example_dags/example_task_group_decorator.py
[2023-09-29T07:56:49.990+0000] {processor.py:829} INFO - Processing file /home/ubuntu/airflow_venv/lib/python3.10/site-packages/airflow/example_dags/example_task_group_decorator.py for tasks to queue
[2023-09-29T07:56:49.994+0000] {logging_mixin.py:151} INFO - [2023-09-29T07:56:49.991+0000] {dagbag.py:539} INFO - Filling up the DagBag from /home/ubuntu/airflow_venv/lib/python3.10/site-packages/airflow/example_dags/example_task_group_decorator.py
[2023-09-29T07:56:50.023+0000] {processor.py:839} INFO - DAG(s) dict_keys(['example_task_group_decorator']) retrieved from /home/ubuntu/airflow_venv/lib/python3.10/site-packages/airflow/example_dags/example_task_group_decorator.py
[2023-09-29T07:56:50.201+0000] {logging_mixin.py:151} INFO - [2023-09-29T07:56:50.201+0000] {dag.py:2915} INFO - Sync 1 DAGs
[2023-09-29T07:56:50.221+0000] {logging_mixin.py:151} INFO - [2023-09-29T07:56:50.221+0000] {dag.py:3696} INFO - Setting next_dagrun for example_task_group_decorator to 2023-09-28T07:56:50.221333+00:00, run_after=2023-09-29T07:56:50.221333+00:00
[2023-09-29T07:56:50.241+0000] {processor.py:179} INFO - Processing /home/ubuntu/airflow_venv/lib/python3.10/site-packages/airflow/example_dags/example_task_group_decorator.py took 0.256 seconds
[2023-09-29T07:57:42.430+0000] {processor.py:157} INFO - Started process (PID=1471) to work on /home/ubuntu/airflow_venv/lib/python3.10/site-packages/airflow/example_dags/example_task_group_decorator.py
[2023-09-29T07:57:42.432+0000] {processor.py:829} INFO - Processing file /home/ubuntu/airflow_venv/lib/python3.10/site-packages/airflow/example_dags/example_task_group_decorator.py for tasks to queue
[2023-09-29T07:57:42.433+0000] {logging_mixin.py:151} INFO - [2023-09-29T07:57:42.433+0000] {dagbag.py:539} INFO - Filling up the DagBag from /home/ubuntu/airflow_venv/lib/python3.10/site-packages/airflow/example_dags/example_task_group_decorator.py
[2023-09-29T07:57:42.449+0000] {processor.py:839} INFO - DAG(s) dict_keys(['example_task_group_decorator']) retrieved from /home/ubuntu/airflow_venv/lib/python3.10/site-packages/airflow/example_dags/example_task_group_decorator.py
[2023-09-29T07:57:42.468+0000] {logging_mixin.py:151} INFO - [2023-09-29T07:57:42.468+0000] {dag.py:2915} INFO - Sync 1 DAGs
[2023-09-29T07:57:42.487+0000] {logging_mixin.py:151} INFO - [2023-09-29T07:57:42.487+0000] {dag.py:3696} INFO - Setting next_dagrun for example_task_group_decorator to 2023-09-28T07:57:42.486914+00:00, run_after=2023-09-29T07:57:42.486914+00:00
[2023-09-29T07:57:42.509+0000] {processor.py:179} INFO - Processing /home/ubuntu/airflow_venv/lib/python3.10/site-packages/airflow/example_dags/example_task_group_decorator.py took 0.083 seconds
[2023-09-29T07:58:29.139+0000] {processor.py:157} INFO - Started process (PID=1519) to work on /home/ubuntu/airflow_venv/lib/python3.10/site-packages/airflow/example_dags/example_task_group_decorator.py
[2023-09-29T07:58:29.146+0000] {processor.py:829} INFO - Processing file /home/ubuntu/airflow_venv/lib/python3.10/site-packages/airflow/example_dags/example_task_group_decorator.py for tasks to queue
[2023-09-29T07:58:29.150+0000] {logging_mixin.py:151} INFO - [2023-09-29T07:58:29.150+0000] {dagbag.py:539} INFO - Filling up the DagBag from /home/ubuntu/airflow_venv/lib/python3.10/site-packages/airflow/example_dags/example_task_group_decorator.py
[2023-09-29T07:58:29.190+0000] {processor.py:839} INFO - DAG(s) dict_keys(['example_task_group_decorator']) retrieved from /home/ubuntu/airflow_venv/lib/python3.10/site-packages/airflow/example_dags/example_task_group_decorator.py
[2023-09-29T07:58:29.247+0000] {logging_mixin.py:151} INFO - [2023-09-29T07:58:29.247+0000] {dag.py:2915} INFO - Sync 1 DAGs
[2023-09-29T07:58:29.271+0000] {logging_mixin.py:151} INFO - [2023-09-29T07:58:29.271+0000] {dag.py:3696} INFO - Setting next_dagrun for example_task_group_decorator to 2023-09-28T07:58:29.271074+00:00, run_after=2023-09-29T07:58:29.271074+00:00
[2023-09-29T07:58:29.293+0000] {processor.py:179} INFO - Processing /home/ubuntu/airflow_venv/lib/python3.10/site-packages/airflow/example_dags/example_task_group_decorator.py took 0.158 seconds
[2023-09-29T07:59:09.303+0000] {processor.py:157} INFO - Started process (PID=1565) to work on /home/ubuntu/airflow_venv/lib/python3.10/site-packages/airflow/example_dags/example_task_group_decorator.py
[2023-09-29T07:59:09.305+0000] {processor.py:829} INFO - Processing file /home/ubuntu/airflow_venv/lib/python3.10/site-packages/airflow/example_dags/example_task_group_decorator.py for tasks to queue
[2023-09-29T07:59:09.305+0000] {logging_mixin.py:151} INFO - [2023-09-29T07:59:09.305+0000] {dagbag.py:539} INFO - Filling up the DagBag from /home/ubuntu/airflow_venv/lib/python3.10/site-packages/airflow/example_dags/example_task_group_decorator.py
[2023-09-29T07:59:09.322+0000] {processor.py:839} INFO - DAG(s) dict_keys(['example_task_group_decorator']) retrieved from /home/ubuntu/airflow_venv/lib/python3.10/site-packages/airflow/example_dags/example_task_group_decorator.py
[2023-09-29T07:59:09.342+0000] {logging_mixin.py:151} INFO - [2023-09-29T07:59:09.341+0000] {dag.py:2915} INFO - Sync 1 DAGs
[2023-09-29T07:59:09.362+0000] {logging_mixin.py:151} INFO - [2023-09-29T07:59:09.361+0000] {dag.py:3696} INFO - Setting next_dagrun for example_task_group_decorator to 2023-09-28T07:59:09.361607+00:00, run_after=2023-09-29T07:59:09.361607+00:00
[2023-09-29T07:59:09.386+0000] {processor.py:179} INFO - Processing /home/ubuntu/airflow_venv/lib/python3.10/site-packages/airflow/example_dags/example_task_group_decorator.py took 0.086 seconds
[2023-09-29T08:00:02.314+0000] {processor.py:157} INFO - Started process (PID=1620) to work on /home/ubuntu/airflow_venv/lib/python3.10/site-packages/airflow/example_dags/example_task_group_decorator.py
[2023-09-29T08:00:02.317+0000] {processor.py:829} INFO - Processing file /home/ubuntu/airflow_venv/lib/python3.10/site-packages/airflow/example_dags/example_task_group_decorator.py for tasks to queue
[2023-09-29T08:00:02.318+0000] {logging_mixin.py:151} INFO - [2023-09-29T08:00:02.318+0000] {dagbag.py:539} INFO - Filling up the DagBag from /home/ubuntu/airflow_venv/lib/python3.10/site-packages/airflow/example_dags/example_task_group_decorator.py
[2023-09-29T08:00:02.364+0000] {processor.py:839} INFO - DAG(s) dict_keys(['example_task_group_decorator']) retrieved from /home/ubuntu/airflow_venv/lib/python3.10/site-packages/airflow/example_dags/example_task_group_decorator.py
[2023-09-29T08:00:02.392+0000] {logging_mixin.py:151} INFO - [2023-09-29T08:00:02.391+0000] {dag.py:2915} INFO - Sync 1 DAGs
[2023-09-29T08:00:02.437+0000] {logging_mixin.py:151} INFO - [2023-09-29T08:00:02.436+0000] {dag.py:3696} INFO - Setting next_dagrun for example_task_group_decorator to 2023-09-28T08:00:02.436468+00:00, run_after=2023-09-29T08:00:02.436468+00:00
[2023-09-29T08:00:02.491+0000] {processor.py:179} INFO - Processing /home/ubuntu/airflow_venv/lib/python3.10/site-packages/airflow/example_dags/example_task_group_decorator.py took 0.184 seconds
[2023-09-29T08:00:55.226+0000] {processor.py:157} INFO - Started process (PID=1671) to work on /home/ubuntu/airflow_venv/lib/python3.10/site-packages/airflow/example_dags/example_task_group_decorator.py
[2023-09-29T08:00:55.228+0000] {processor.py:829} INFO - Processing file /home/ubuntu/airflow_venv/lib/python3.10/site-packages/airflow/example_dags/example_task_group_decorator.py for tasks to queue
[2023-09-29T08:00:55.229+0000] {logging_mixin.py:151} INFO - [2023-09-29T08:00:55.229+0000] {dagbag.py:539} INFO - Filling up the DagBag from /home/ubuntu/airflow_venv/lib/python3.10/site-packages/airflow/example_dags/example_task_group_decorator.py
[2023-09-29T08:00:55.257+0000] {processor.py:839} INFO - DAG(s) dict_keys(['example_task_group_decorator']) retrieved from /home/ubuntu/airflow_venv/lib/python3.10/site-packages/airflow/example_dags/example_task_group_decorator.py
[2023-09-29T08:00:55.289+0000] {logging_mixin.py:151} INFO - [2023-09-29T08:00:55.289+0000] {dag.py:2915} INFO - Sync 1 DAGs
[2023-09-29T08:00:55.310+0000] {logging_mixin.py:151} INFO - [2023-09-29T08:00:55.310+0000] {dag.py:3696} INFO - Setting next_dagrun for example_task_group_decorator to 2023-09-28T08:00:55.310179+00:00, run_after=2023-09-29T08:00:55.310179+00:00
[2023-09-29T08:00:55.334+0000] {processor.py:179} INFO - Processing /home/ubuntu/airflow_venv/lib/python3.10/site-packages/airflow/example_dags/example_task_group_decorator.py took 0.115 seconds
[2023-09-29T08:01:44.689+0000] {processor.py:157} INFO - Started process (PID=1720) to work on /home/ubuntu/airflow_venv/lib/python3.10/site-packages/airflow/example_dags/example_task_group_decorator.py
[2023-09-29T08:01:44.690+0000] {processor.py:829} INFO - Processing file /home/ubuntu/airflow_venv/lib/python3.10/site-packages/airflow/example_dags/example_task_group_decorator.py for tasks to queue
[2023-09-29T08:01:44.691+0000] {logging_mixin.py:151} INFO - [2023-09-29T08:01:44.691+0000] {dagbag.py:539} INFO - Filling up the DagBag from /home/ubuntu/airflow_venv/lib/python3.10/site-packages/airflow/example_dags/example_task_group_decorator.py
[2023-09-29T08:01:44.707+0000] {processor.py:839} INFO - DAG(s) dict_keys(['example_task_group_decorator']) retrieved from /home/ubuntu/airflow_venv/lib/python3.10/site-packages/airflow/example_dags/example_task_group_decorator.py
[2023-09-29T08:01:44.728+0000] {logging_mixin.py:151} INFO - [2023-09-29T08:01:44.728+0000] {dag.py:2915} INFO - Sync 1 DAGs
[2023-09-29T08:01:44.746+0000] {logging_mixin.py:151} INFO - [2023-09-29T08:01:44.746+0000] {dag.py:3696} INFO - Setting next_dagrun for example_task_group_decorator to 2023-09-28T08:01:44.746393+00:00, run_after=2023-09-29T08:01:44.746393+00:00
[2023-09-29T08:01:44.766+0000] {processor.py:179} INFO - Processing /home/ubuntu/airflow_venv/lib/python3.10/site-packages/airflow/example_dags/example_task_group_decorator.py took 0.080 seconds
[2023-09-29T08:02:22.647+0000] {processor.py:157} INFO - Started process (PID=1759) to work on /home/ubuntu/airflow_venv/lib/python3.10/site-packages/airflow/example_dags/example_task_group_decorator.py
[2023-09-29T08:02:22.649+0000] {processor.py:829} INFO - Processing file /home/ubuntu/airflow_venv/lib/python3.10/site-packages/airflow/example_dags/example_task_group_decorator.py for tasks to queue
[2023-09-29T08:02:22.650+0000] {logging_mixin.py:151} INFO - [2023-09-29T08:02:22.649+0000] {dagbag.py:539} INFO - Filling up the DagBag from /home/ubuntu/airflow_venv/lib/python3.10/site-packages/airflow/example_dags/example_task_group_decorator.py
[2023-09-29T08:02:22.668+0000] {processor.py:839} INFO - DAG(s) dict_keys(['example_task_group_decorator']) retrieved from /home/ubuntu/airflow_venv/lib/python3.10/site-packages/airflow/example_dags/example_task_group_decorator.py
[2023-09-29T08:02:22.691+0000] {logging_mixin.py:151} INFO - [2023-09-29T08:02:22.691+0000] {dag.py:2915} INFO - Sync 1 DAGs
[2023-09-29T08:02:22.719+0000] {logging_mixin.py:151} INFO - [2023-09-29T08:02:22.718+0000] {dag.py:3696} INFO - Setting next_dagrun for example_task_group_decorator to 2023-09-28T08:02:22.718592+00:00, run_after=2023-09-29T08:02:22.718592+00:00
[2023-09-29T08:02:22.752+0000] {processor.py:179} INFO - Processing /home/ubuntu/airflow_venv/lib/python3.10/site-packages/airflow/example_dags/example_task_group_decorator.py took 0.108 seconds
[2023-09-29T08:03:14.910+0000] {processor.py:157} INFO - Started process (PID=1812) to work on /home/ubuntu/airflow_venv/lib/python3.10/site-packages/airflow/example_dags/example_task_group_decorator.py
[2023-09-29T08:03:14.911+0000] {processor.py:829} INFO - Processing file /home/ubuntu/airflow_venv/lib/python3.10/site-packages/airflow/example_dags/example_task_group_decorator.py for tasks to queue
[2023-09-29T08:03:14.912+0000] {logging_mixin.py:151} INFO - [2023-09-29T08:03:14.912+0000] {dagbag.py:539} INFO - Filling up the DagBag from /home/ubuntu/airflow_venv/lib/python3.10/site-packages/airflow/example_dags/example_task_group_decorator.py
[2023-09-29T08:03:14.927+0000] {processor.py:839} INFO - DAG(s) dict_keys(['example_task_group_decorator']) retrieved from /home/ubuntu/airflow_venv/lib/python3.10/site-packages/airflow/example_dags/example_task_group_decorator.py
[2023-09-29T08:03:14.947+0000] {logging_mixin.py:151} INFO - [2023-09-29T08:03:14.946+0000] {dag.py:2915} INFO - Sync 1 DAGs
[2023-09-29T08:03:14.965+0000] {logging_mixin.py:151} INFO - [2023-09-29T08:03:14.965+0000] {dag.py:3696} INFO - Setting next_dagrun for example_task_group_decorator to 2023-09-28T08:03:14.965377+00:00, run_after=2023-09-29T08:03:14.965377+00:00
[2023-09-29T08:03:14.985+0000] {processor.py:179} INFO - Processing /home/ubuntu/airflow_venv/lib/python3.10/site-packages/airflow/example_dags/example_task_group_decorator.py took 0.078 seconds
[2023-09-29T08:04:06.901+0000] {processor.py:157} INFO - Started process (PID=1867) to work on /home/ubuntu/airflow_venv/lib/python3.10/site-packages/airflow/example_dags/example_task_group_decorator.py
[2023-09-29T08:04:06.902+0000] {processor.py:829} INFO - Processing file /home/ubuntu/airflow_venv/lib/python3.10/site-packages/airflow/example_dags/example_task_group_decorator.py for tasks to queue
[2023-09-29T08:04:06.903+0000] {logging_mixin.py:151} INFO - [2023-09-29T08:04:06.903+0000] {dagbag.py:539} INFO - Filling up the DagBag from /home/ubuntu/airflow_venv/lib/python3.10/site-packages/airflow/example_dags/example_task_group_decorator.py
[2023-09-29T08:04:06.919+0000] {processor.py:839} INFO - DAG(s) dict_keys(['example_task_group_decorator']) retrieved from /home/ubuntu/airflow_venv/lib/python3.10/site-packages/airflow/example_dags/example_task_group_decorator.py
[2023-09-29T08:04:06.948+0000] {logging_mixin.py:151} INFO - [2023-09-29T08:04:06.946+0000] {dag.py:2915} INFO - Sync 1 DAGs
[2023-09-29T08:04:06.993+0000] {logging_mixin.py:151} INFO - [2023-09-29T08:04:06.993+0000] {dag.py:3696} INFO - Setting next_dagrun for example_task_group_decorator to 2023-09-28T08:04:06.993533+00:00, run_after=2023-09-29T08:04:06.993533+00:00
[2023-09-29T08:04:07.021+0000] {processor.py:179} INFO - Processing /home/ubuntu/airflow_venv/lib/python3.10/site-packages/airflow/example_dags/example_task_group_decorator.py took 0.124 seconds
[2023-09-29T08:04:57.830+0000] {processor.py:157} INFO - Started process (PID=1920) to work on /home/ubuntu/airflow_venv/lib/python3.10/site-packages/airflow/example_dags/example_task_group_decorator.py
[2023-09-29T08:04:57.831+0000] {processor.py:829} INFO - Processing file /home/ubuntu/airflow_venv/lib/python3.10/site-packages/airflow/example_dags/example_task_group_decorator.py for tasks to queue
[2023-09-29T08:04:57.831+0000] {logging_mixin.py:151} INFO - [2023-09-29T08:04:57.831+0000] {dagbag.py:539} INFO - Filling up the DagBag from /home/ubuntu/airflow_venv/lib/python3.10/site-packages/airflow/example_dags/example_task_group_decorator.py
[2023-09-29T08:04:57.846+0000] {processor.py:839} INFO - DAG(s) dict_keys(['example_task_group_decorator']) retrieved from /home/ubuntu/airflow_venv/lib/python3.10/site-packages/airflow/example_dags/example_task_group_decorator.py
[2023-09-29T08:04:57.865+0000] {logging_mixin.py:151} INFO - [2023-09-29T08:04:57.864+0000] {dag.py:2915} INFO - Sync 1 DAGs
[2023-09-29T08:04:57.882+0000] {logging_mixin.py:151} INFO - [2023-09-29T08:04:57.882+0000] {dag.py:3696} INFO - Setting next_dagrun for example_task_group_decorator to 2023-09-28T08:04:57.882503+00:00, run_after=2023-09-29T08:04:57.882503+00:00
[2023-09-29T08:04:57.902+0000] {processor.py:179} INFO - Processing /home/ubuntu/airflow_venv/lib/python3.10/site-packages/airflow/example_dags/example_task_group_decorator.py took 0.075 seconds
[2023-09-29T08:05:49.841+0000] {processor.py:157} INFO - Started process (PID=1972) to work on /home/ubuntu/airflow_venv/lib/python3.10/site-packages/airflow/example_dags/example_task_group_decorator.py
[2023-09-29T08:05:49.842+0000] {processor.py:829} INFO - Processing file /home/ubuntu/airflow_venv/lib/python3.10/site-packages/airflow/example_dags/example_task_group_decorator.py for tasks to queue
[2023-09-29T08:05:49.843+0000] {logging_mixin.py:151} INFO - [2023-09-29T08:05:49.842+0000] {dagbag.py:539} INFO - Filling up the DagBag from /home/ubuntu/airflow_venv/lib/python3.10/site-packages/airflow/example_dags/example_task_group_decorator.py
[2023-09-29T08:05:49.858+0000] {processor.py:839} INFO - DAG(s) dict_keys(['example_task_group_decorator']) retrieved from /home/ubuntu/airflow_venv/lib/python3.10/site-packages/airflow/example_dags/example_task_group_decorator.py
[2023-09-29T08:05:49.877+0000] {logging_mixin.py:151} INFO - [2023-09-29T08:05:49.877+0000] {dag.py:2915} INFO - Sync 1 DAGs
[2023-09-29T08:05:49.896+0000] {logging_mixin.py:151} INFO - [2023-09-29T08:05:49.896+0000] {dag.py:3696} INFO - Setting next_dagrun for example_task_group_decorator to 2023-09-28T08:05:49.895801+00:00, run_after=2023-09-29T08:05:49.895801+00:00
[2023-09-29T08:05:49.915+0000] {processor.py:179} INFO - Processing /home/ubuntu/airflow_venv/lib/python3.10/site-packages/airflow/example_dags/example_task_group_decorator.py took 0.077 seconds
[2023-09-29T08:06:27.632+0000] {processor.py:157} INFO - Started process (PID=2010) to work on /home/ubuntu/airflow_venv/lib/python3.10/site-packages/airflow/example_dags/example_task_group_decorator.py
[2023-09-29T08:06:27.633+0000] {processor.py:829} INFO - Processing file /home/ubuntu/airflow_venv/lib/python3.10/site-packages/airflow/example_dags/example_task_group_decorator.py for tasks to queue
[2023-09-29T08:06:27.634+0000] {logging_mixin.py:151} INFO - [2023-09-29T08:06:27.634+0000] {dagbag.py:539} INFO - Filling up the DagBag from /home/ubuntu/airflow_venv/lib/python3.10/site-packages/airflow/example_dags/example_task_group_decorator.py
[2023-09-29T08:06:27.651+0000] {processor.py:839} INFO - DAG(s) dict_keys(['example_task_group_decorator']) retrieved from /home/ubuntu/airflow_venv/lib/python3.10/site-packages/airflow/example_dags/example_task_group_decorator.py
[2023-09-29T08:06:27.670+0000] {logging_mixin.py:151} INFO - [2023-09-29T08:06:27.670+0000] {dag.py:2915} INFO - Sync 1 DAGs
[2023-09-29T08:06:27.689+0000] {logging_mixin.py:151} INFO - [2023-09-29T08:06:27.689+0000] {dag.py:3696} INFO - Setting next_dagrun for example_task_group_decorator to 2023-09-28T08:06:27.689047+00:00, run_after=2023-09-29T08:06:27.689047+00:00
[2023-09-29T08:06:27.714+0000] {processor.py:179} INFO - Processing /home/ubuntu/airflow_venv/lib/python3.10/site-packages/airflow/example_dags/example_task_group_decorator.py took 0.085 seconds
[2023-09-29T08:07:15.892+0000] {processor.py:157} INFO - Started process (PID=2060) to work on /home/ubuntu/airflow_venv/lib/python3.10/site-packages/airflow/example_dags/example_task_group_decorator.py
[2023-09-29T08:07:15.893+0000] {processor.py:829} INFO - Processing file /home/ubuntu/airflow_venv/lib/python3.10/site-packages/airflow/example_dags/example_task_group_decorator.py for tasks to queue
[2023-09-29T08:07:15.893+0000] {logging_mixin.py:151} INFO - [2023-09-29T08:07:15.893+0000] {dagbag.py:539} INFO - Filling up the DagBag from /home/ubuntu/airflow_venv/lib/python3.10/site-packages/airflow/example_dags/example_task_group_decorator.py
[2023-09-29T08:07:15.909+0000] {processor.py:839} INFO - DAG(s) dict_keys(['example_task_group_decorator']) retrieved from /home/ubuntu/airflow_venv/lib/python3.10/site-packages/airflow/example_dags/example_task_group_decorator.py
[2023-09-29T08:07:15.934+0000] {logging_mixin.py:151} INFO - [2023-09-29T08:07:15.934+0000] {dag.py:2915} INFO - Sync 1 DAGs
[2023-09-29T08:07:15.966+0000] {logging_mixin.py:151} INFO - [2023-09-29T08:07:15.965+0000] {dag.py:3696} INFO - Setting next_dagrun for example_task_group_decorator to 2023-09-28T08:07:15.965555+00:00, run_after=2023-09-29T08:07:15.965555+00:00
[2023-09-29T08:07:15.989+0000] {processor.py:179} INFO - Processing /home/ubuntu/airflow_venv/lib/python3.10/site-packages/airflow/example_dags/example_task_group_decorator.py took 0.101 seconds
[2023-09-29T08:08:06.197+0000] {processor.py:157} INFO - Started process (PID=2322) to work on /home/ubuntu/airflow_venv/lib/python3.10/site-packages/airflow/example_dags/example_task_group_decorator.py
[2023-09-29T08:08:06.198+0000] {processor.py:829} INFO - Processing file /home/ubuntu/airflow_venv/lib/python3.10/site-packages/airflow/example_dags/example_task_group_decorator.py for tasks to queue
[2023-09-29T08:08:06.199+0000] {logging_mixin.py:151} INFO - [2023-09-29T08:08:06.199+0000] {dagbag.py:539} INFO - Filling up the DagBag from /home/ubuntu/airflow_venv/lib/python3.10/site-packages/airflow/example_dags/example_task_group_decorator.py
[2023-09-29T08:08:06.220+0000] {processor.py:839} INFO - DAG(s) dict_keys(['example_task_group_decorator']) retrieved from /home/ubuntu/airflow_venv/lib/python3.10/site-packages/airflow/example_dags/example_task_group_decorator.py
[2023-09-29T08:08:06.241+0000] {logging_mixin.py:151} INFO - [2023-09-29T08:08:06.240+0000] {dag.py:2915} INFO - Sync 1 DAGs
[2023-09-29T08:08:06.264+0000] {logging_mixin.py:151} INFO - [2023-09-29T08:08:06.264+0000] {dag.py:3696} INFO - Setting next_dagrun for example_task_group_decorator to 2023-09-28T08:08:06.264333+00:00, run_after=2023-09-29T08:08:06.264333+00:00
[2023-09-29T08:08:06.284+0000] {processor.py:179} INFO - Processing /home/ubuntu/airflow_venv/lib/python3.10/site-packages/airflow/example_dags/example_task_group_decorator.py took 0.095 seconds
[2023-09-29T08:08:59.119+0000] {processor.py:157} INFO - Started process (PID=2376) to work on /home/ubuntu/airflow_venv/lib/python3.10/site-packages/airflow/example_dags/example_task_group_decorator.py
[2023-09-29T08:08:59.121+0000] {processor.py:829} INFO - Processing file /home/ubuntu/airflow_venv/lib/python3.10/site-packages/airflow/example_dags/example_task_group_decorator.py for tasks to queue
[2023-09-29T08:08:59.122+0000] {logging_mixin.py:151} INFO - [2023-09-29T08:08:59.122+0000] {dagbag.py:539} INFO - Filling up the DagBag from /home/ubuntu/airflow_venv/lib/python3.10/site-packages/airflow/example_dags/example_task_group_decorator.py
[2023-09-29T08:08:59.161+0000] {processor.py:839} INFO - DAG(s) dict_keys(['example_task_group_decorator']) retrieved from /home/ubuntu/airflow_venv/lib/python3.10/site-packages/airflow/example_dags/example_task_group_decorator.py
[2023-09-29T08:08:59.195+0000] {logging_mixin.py:151} INFO - [2023-09-29T08:08:59.195+0000] {dag.py:2915} INFO - Sync 1 DAGs
[2023-09-29T08:08:59.226+0000] {logging_mixin.py:151} INFO - [2023-09-29T08:08:59.225+0000] {dag.py:3696} INFO - Setting next_dagrun for example_task_group_decorator to 2023-09-28T08:08:59.225473+00:00, run_after=2023-09-29T08:08:59.225473+00:00
[2023-09-29T08:08:59.248+0000] {processor.py:179} INFO - Processing /home/ubuntu/airflow_venv/lib/python3.10/site-packages/airflow/example_dags/example_task_group_decorator.py took 0.135 seconds
