[2023-09-29T07:22:47.272+0000] {processor.py:157} INFO - Started process (PID=12216) to work on /home/ubuntu/airflow_venv/lib/python3.10/site-packages/airflow/example_dags/example_external_task_marker_dag.py
[2023-09-29T07:22:47.273+0000] {processor.py:829} INFO - Processing file /home/ubuntu/airflow_venv/lib/python3.10/site-packages/airflow/example_dags/example_external_task_marker_dag.py for tasks to queue
[2023-09-29T07:22:47.274+0000] {logging_mixin.py:151} INFO - [2023-09-29T07:22:47.274+0000] {dagbag.py:539} INFO - Filling up the DagBag from /home/ubuntu/airflow_venv/lib/python3.10/site-packages/airflow/example_dags/example_external_task_marker_dag.py
[2023-09-29T07:22:47.290+0000] {processor.py:839} INFO - DAG(s) dict_keys(['example_external_task_marker_child', 'example_external_task_marker_parent']) retrieved from /home/ubuntu/airflow_venv/lib/python3.10/site-packages/airflow/example_dags/example_external_task_marker_dag.py
[2023-09-29T07:22:47.329+0000] {logging_mixin.py:151} INFO - [2023-09-29T07:22:47.329+0000] {dag.py:2915} INFO - Sync 2 DAGs
[2023-09-29T07:22:47.347+0000] {logging_mixin.py:151} INFO - [2023-09-29T07:22:47.347+0000] {dag.py:3696} INFO - Setting next_dagrun for example_external_task_marker_child to None, run_after=None
[2023-09-29T07:22:47.350+0000] {logging_mixin.py:151} INFO - [2023-09-29T07:22:47.350+0000] {dag.py:3696} INFO - Setting next_dagrun for example_external_task_marker_parent to None, run_after=None
[2023-09-29T07:22:47.368+0000] {processor.py:179} INFO - Processing /home/ubuntu/airflow_venv/lib/python3.10/site-packages/airflow/example_dags/example_external_task_marker_dag.py took 0.100 seconds
[2023-09-29T07:27:57.099+0000] {processor.py:157} INFO - Started process (PID=12844) to work on /home/ubuntu/airflow_venv/lib/python3.10/site-packages/airflow/example_dags/example_external_task_marker_dag.py
[2023-09-29T07:27:57.101+0000] {processor.py:829} INFO - Processing file /home/ubuntu/airflow_venv/lib/python3.10/site-packages/airflow/example_dags/example_external_task_marker_dag.py for tasks to queue
[2023-09-29T07:27:57.102+0000] {logging_mixin.py:151} INFO - [2023-09-29T07:27:57.102+0000] {dagbag.py:539} INFO - Filling up the DagBag from /home/ubuntu/airflow_venv/lib/python3.10/site-packages/airflow/example_dags/example_external_task_marker_dag.py
[2023-09-29T07:27:57.110+0000] {processor.py:839} INFO - DAG(s) dict_keys(['example_external_task_marker_child', 'example_external_task_marker_parent']) retrieved from /home/ubuntu/airflow_venv/lib/python3.10/site-packages/airflow/example_dags/example_external_task_marker_dag.py
[2023-09-29T07:27:57.277+0000] {logging_mixin.py:151} INFO - [2023-09-29T07:27:57.277+0000] {dag.py:2915} INFO - Sync 2 DAGs
[2023-09-29T07:27:57.286+0000] {logging_mixin.py:151} INFO - [2023-09-29T07:27:57.286+0000] {dag.py:3696} INFO - Setting next_dagrun for example_external_task_marker_child to None, run_after=None
[2023-09-29T07:27:57.289+0000] {logging_mixin.py:151} INFO - [2023-09-29T07:27:57.289+0000] {dag.py:3696} INFO - Setting next_dagrun for example_external_task_marker_parent to None, run_after=None
[2023-09-29T07:27:57.306+0000] {processor.py:179} INFO - Processing /home/ubuntu/airflow_venv/lib/python3.10/site-packages/airflow/example_dags/example_external_task_marker_dag.py took 0.211 seconds
[2023-09-29T07:28:54.367+0000] {processor.py:157} INFO - Started process (PID=12901) to work on /home/ubuntu/airflow_venv/lib/python3.10/site-packages/airflow/example_dags/example_external_task_marker_dag.py
[2023-09-29T07:28:54.368+0000] {processor.py:829} INFO - Processing file /home/ubuntu/airflow_venv/lib/python3.10/site-packages/airflow/example_dags/example_external_task_marker_dag.py for tasks to queue
[2023-09-29T07:28:54.369+0000] {logging_mixin.py:151} INFO - [2023-09-29T07:28:54.369+0000] {dagbag.py:539} INFO - Filling up the DagBag from /home/ubuntu/airflow_venv/lib/python3.10/site-packages/airflow/example_dags/example_external_task_marker_dag.py
[2023-09-29T07:28:54.375+0000] {processor.py:839} INFO - DAG(s) dict_keys(['example_external_task_marker_parent', 'example_external_task_marker_child']) retrieved from /home/ubuntu/airflow_venv/lib/python3.10/site-packages/airflow/example_dags/example_external_task_marker_dag.py
[2023-09-29T07:28:54.394+0000] {logging_mixin.py:151} INFO - [2023-09-29T07:28:54.394+0000] {dag.py:2915} INFO - Sync 2 DAGs
[2023-09-29T07:28:54.405+0000] {logging_mixin.py:151} INFO - [2023-09-29T07:28:54.405+0000] {dag.py:3696} INFO - Setting next_dagrun for example_external_task_marker_child to None, run_after=None
[2023-09-29T07:28:54.408+0000] {logging_mixin.py:151} INFO - [2023-09-29T07:28:54.408+0000] {dag.py:3696} INFO - Setting next_dagrun for example_external_task_marker_parent to None, run_after=None
[2023-09-29T07:28:54.427+0000] {processor.py:179} INFO - Processing /home/ubuntu/airflow_venv/lib/python3.10/site-packages/airflow/example_dags/example_external_task_marker_dag.py took 0.063 seconds
[2023-09-29T07:29:50.579+0000] {processor.py:157} INFO - Started process (PID=12956) to work on /home/ubuntu/airflow_venv/lib/python3.10/site-packages/airflow/example_dags/example_external_task_marker_dag.py
[2023-09-29T07:29:50.581+0000] {processor.py:829} INFO - Processing file /home/ubuntu/airflow_venv/lib/python3.10/site-packages/airflow/example_dags/example_external_task_marker_dag.py for tasks to queue
[2023-09-29T07:29:50.582+0000] {logging_mixin.py:151} INFO - [2023-09-29T07:29:50.582+0000] {dagbag.py:539} INFO - Filling up the DagBag from /home/ubuntu/airflow_venv/lib/python3.10/site-packages/airflow/example_dags/example_external_task_marker_dag.py
[2023-09-29T07:29:50.588+0000] {processor.py:839} INFO - DAG(s) dict_keys(['example_external_task_marker_parent', 'example_external_task_marker_child']) retrieved from /home/ubuntu/airflow_venv/lib/python3.10/site-packages/airflow/example_dags/example_external_task_marker_dag.py
[2023-09-29T07:29:50.631+0000] {logging_mixin.py:151} INFO - [2023-09-29T07:29:50.631+0000] {dag.py:2915} INFO - Sync 2 DAGs
[2023-09-29T07:29:50.646+0000] {logging_mixin.py:151} INFO - [2023-09-29T07:29:50.646+0000] {dag.py:3696} INFO - Setting next_dagrun for example_external_task_marker_child to None, run_after=None
[2023-09-29T07:29:50.651+0000] {logging_mixin.py:151} INFO - [2023-09-29T07:29:50.650+0000] {dag.py:3696} INFO - Setting next_dagrun for example_external_task_marker_parent to None, run_after=None
[2023-09-29T07:29:50.695+0000] {processor.py:179} INFO - Processing /home/ubuntu/airflow_venv/lib/python3.10/site-packages/airflow/example_dags/example_external_task_marker_dag.py took 0.128 seconds
[2023-09-29T07:30:45.826+0000] {processor.py:157} INFO - Started process (PID=13017) to work on /home/ubuntu/airflow_venv/lib/python3.10/site-packages/airflow/example_dags/example_external_task_marker_dag.py
[2023-09-29T07:30:45.828+0000] {processor.py:829} INFO - Processing file /home/ubuntu/airflow_venv/lib/python3.10/site-packages/airflow/example_dags/example_external_task_marker_dag.py for tasks to queue
[2023-09-29T07:30:45.829+0000] {logging_mixin.py:151} INFO - [2023-09-29T07:30:45.829+0000] {dagbag.py:539} INFO - Filling up the DagBag from /home/ubuntu/airflow_venv/lib/python3.10/site-packages/airflow/example_dags/example_external_task_marker_dag.py
[2023-09-29T07:30:45.838+0000] {processor.py:839} INFO - DAG(s) dict_keys(['example_external_task_marker_parent', 'example_external_task_marker_child']) retrieved from /home/ubuntu/airflow_venv/lib/python3.10/site-packages/airflow/example_dags/example_external_task_marker_dag.py
[2023-09-29T07:30:45.867+0000] {logging_mixin.py:151} INFO - [2023-09-29T07:30:45.867+0000] {dag.py:2915} INFO - Sync 2 DAGs
[2023-09-29T07:30:45.884+0000] {logging_mixin.py:151} INFO - [2023-09-29T07:30:45.883+0000] {dag.py:3696} INFO - Setting next_dagrun for example_external_task_marker_child to None, run_after=None
[2023-09-29T07:30:45.888+0000] {logging_mixin.py:151} INFO - [2023-09-29T07:30:45.888+0000] {dag.py:3696} INFO - Setting next_dagrun for example_external_task_marker_parent to None, run_after=None
[2023-09-29T07:30:45.925+0000] {processor.py:179} INFO - Processing /home/ubuntu/airflow_venv/lib/python3.10/site-packages/airflow/example_dags/example_external_task_marker_dag.py took 0.103 seconds
[2023-09-29T07:43:38.826+0000] {processor.py:157} INFO - Started process (PID=1230) to work on /home/ubuntu/airflow_venv/lib/python3.10/site-packages/airflow/example_dags/example_external_task_marker_dag.py
[2023-09-29T07:43:38.827+0000] {processor.py:829} INFO - Processing file /home/ubuntu/airflow_venv/lib/python3.10/site-packages/airflow/example_dags/example_external_task_marker_dag.py for tasks to queue
[2023-09-29T07:43:38.828+0000] {logging_mixin.py:151} INFO - [2023-09-29T07:43:38.828+0000] {dagbag.py:539} INFO - Filling up the DagBag from /home/ubuntu/airflow_venv/lib/python3.10/site-packages/airflow/example_dags/example_external_task_marker_dag.py
[2023-09-29T07:43:38.835+0000] {processor.py:839} INFO - DAG(s) dict_keys(['example_external_task_marker_parent', 'example_external_task_marker_child']) retrieved from /home/ubuntu/airflow_venv/lib/python3.10/site-packages/airflow/example_dags/example_external_task_marker_dag.py
[2023-09-29T07:43:38.858+0000] {logging_mixin.py:151} INFO - [2023-09-29T07:43:38.857+0000] {dag.py:2915} INFO - Sync 2 DAGs
[2023-09-29T07:43:38.869+0000] {logging_mixin.py:151} INFO - [2023-09-29T07:43:38.869+0000] {dag.py:3696} INFO - Setting next_dagrun for example_external_task_marker_child to None, run_after=None
[2023-09-29T07:43:38.874+0000] {logging_mixin.py:151} INFO - [2023-09-29T07:43:38.873+0000] {dag.py:3696} INFO - Setting next_dagrun for example_external_task_marker_parent to None, run_after=None
[2023-09-29T07:43:38.898+0000] {processor.py:179} INFO - Processing /home/ubuntu/airflow_venv/lib/python3.10/site-packages/airflow/example_dags/example_external_task_marker_dag.py took 0.075 seconds
[2023-09-29T07:44:48.524+0000] {processor.py:157} INFO - Started process (PID=1292) to work on /home/ubuntu/airflow_venv/lib/python3.10/site-packages/airflow/example_dags/example_external_task_marker_dag.py
[2023-09-29T07:44:48.525+0000] {processor.py:829} INFO - Processing file /home/ubuntu/airflow_venv/lib/python3.10/site-packages/airflow/example_dags/example_external_task_marker_dag.py for tasks to queue
[2023-09-29T07:44:48.526+0000] {logging_mixin.py:151} INFO - [2023-09-29T07:44:48.526+0000] {dagbag.py:539} INFO - Filling up the DagBag from /home/ubuntu/airflow_venv/lib/python3.10/site-packages/airflow/example_dags/example_external_task_marker_dag.py
[2023-09-29T07:44:48.533+0000] {processor.py:839} INFO - DAG(s) dict_keys(['example_external_task_marker_child', 'example_external_task_marker_parent']) retrieved from /home/ubuntu/airflow_venv/lib/python3.10/site-packages/airflow/example_dags/example_external_task_marker_dag.py
[2023-09-29T07:44:48.556+0000] {logging_mixin.py:151} INFO - [2023-09-29T07:44:48.555+0000] {dag.py:2915} INFO - Sync 2 DAGs
[2023-09-29T07:44:48.709+0000] {logging_mixin.py:151} INFO - [2023-09-29T07:44:48.709+0000] {dag.py:3696} INFO - Setting next_dagrun for example_external_task_marker_child to None, run_after=None
[2023-09-29T07:44:48.712+0000] {logging_mixin.py:151} INFO - [2023-09-29T07:44:48.712+0000] {dag.py:3696} INFO - Setting next_dagrun for example_external_task_marker_parent to None, run_after=None
[2023-09-29T07:44:48.729+0000] {processor.py:179} INFO - Processing /home/ubuntu/airflow_venv/lib/python3.10/site-packages/airflow/example_dags/example_external_task_marker_dag.py took 0.209 seconds
[2023-09-29T07:55:34.413+0000] {processor.py:157} INFO - Started process (PID=1354) to work on /home/ubuntu/airflow_venv/lib/python3.10/site-packages/airflow/example_dags/example_external_task_marker_dag.py
[2023-09-29T07:55:34.414+0000] {processor.py:829} INFO - Processing file /home/ubuntu/airflow_venv/lib/python3.10/site-packages/airflow/example_dags/example_external_task_marker_dag.py for tasks to queue
[2023-09-29T07:55:34.415+0000] {logging_mixin.py:151} INFO - [2023-09-29T07:55:34.415+0000] {dagbag.py:539} INFO - Filling up the DagBag from /home/ubuntu/airflow_venv/lib/python3.10/site-packages/airflow/example_dags/example_external_task_marker_dag.py
[2023-09-29T07:55:34.425+0000] {processor.py:839} INFO - DAG(s) dict_keys(['example_external_task_marker_parent', 'example_external_task_marker_child']) retrieved from /home/ubuntu/airflow_venv/lib/python3.10/site-packages/airflow/example_dags/example_external_task_marker_dag.py
[2023-09-29T07:55:34.447+0000] {logging_mixin.py:151} INFO - [2023-09-29T07:55:34.447+0000] {dag.py:2915} INFO - Sync 2 DAGs
[2023-09-29T07:55:34.461+0000] {logging_mixin.py:151} INFO - [2023-09-29T07:55:34.461+0000] {dag.py:3696} INFO - Setting next_dagrun for example_external_task_marker_child to None, run_after=None
[2023-09-29T07:55:34.465+0000] {logging_mixin.py:151} INFO - [2023-09-29T07:55:34.465+0000] {dag.py:3696} INFO - Setting next_dagrun for example_external_task_marker_parent to None, run_after=None
[2023-09-29T07:55:34.495+0000] {processor.py:179} INFO - Processing /home/ubuntu/airflow_venv/lib/python3.10/site-packages/airflow/example_dags/example_external_task_marker_dag.py took 0.086 seconds
[2023-09-29T07:56:52.167+0000] {processor.py:157} INFO - Started process (PID=1426) to work on /home/ubuntu/airflow_venv/lib/python3.10/site-packages/airflow/example_dags/example_external_task_marker_dag.py
[2023-09-29T07:56:52.170+0000] {processor.py:829} INFO - Processing file /home/ubuntu/airflow_venv/lib/python3.10/site-packages/airflow/example_dags/example_external_task_marker_dag.py for tasks to queue
[2023-09-29T07:56:52.171+0000] {logging_mixin.py:151} INFO - [2023-09-29T07:56:52.170+0000] {dagbag.py:539} INFO - Filling up the DagBag from /home/ubuntu/airflow_venv/lib/python3.10/site-packages/airflow/example_dags/example_external_task_marker_dag.py
[2023-09-29T07:56:52.182+0000] {processor.py:839} INFO - DAG(s) dict_keys(['example_external_task_marker_child', 'example_external_task_marker_parent']) retrieved from /home/ubuntu/airflow_venv/lib/python3.10/site-packages/airflow/example_dags/example_external_task_marker_dag.py
[2023-09-29T07:56:52.369+0000] {logging_mixin.py:151} INFO - [2023-09-29T07:56:52.369+0000] {dag.py:2915} INFO - Sync 2 DAGs
[2023-09-29T07:56:52.380+0000] {logging_mixin.py:151} INFO - [2023-09-29T07:56:52.379+0000] {dag.py:3696} INFO - Setting next_dagrun for example_external_task_marker_child to None, run_after=None
[2023-09-29T07:56:52.382+0000] {logging_mixin.py:151} INFO - [2023-09-29T07:56:52.382+0000] {dag.py:3696} INFO - Setting next_dagrun for example_external_task_marker_parent to None, run_after=None
[2023-09-29T07:56:52.406+0000] {processor.py:179} INFO - Processing /home/ubuntu/airflow_venv/lib/python3.10/site-packages/airflow/example_dags/example_external_task_marker_dag.py took 0.251 seconds
[2023-09-29T07:57:45.333+0000] {processor.py:157} INFO - Started process (PID=1474) to work on /home/ubuntu/airflow_venv/lib/python3.10/site-packages/airflow/example_dags/example_external_task_marker_dag.py
[2023-09-29T07:57:45.334+0000] {processor.py:829} INFO - Processing file /home/ubuntu/airflow_venv/lib/python3.10/site-packages/airflow/example_dags/example_external_task_marker_dag.py for tasks to queue
[2023-09-29T07:57:45.335+0000] {logging_mixin.py:151} INFO - [2023-09-29T07:57:45.335+0000] {dagbag.py:539} INFO - Filling up the DagBag from /home/ubuntu/airflow_venv/lib/python3.10/site-packages/airflow/example_dags/example_external_task_marker_dag.py
[2023-09-29T07:57:45.343+0000] {processor.py:839} INFO - DAG(s) dict_keys(['example_external_task_marker_parent', 'example_external_task_marker_child']) retrieved from /home/ubuntu/airflow_venv/lib/python3.10/site-packages/airflow/example_dags/example_external_task_marker_dag.py
[2023-09-29T07:57:45.380+0000] {logging_mixin.py:151} INFO - [2023-09-29T07:57:45.380+0000] {dag.py:2915} INFO - Sync 2 DAGs
[2023-09-29T07:57:45.391+0000] {logging_mixin.py:151} INFO - [2023-09-29T07:57:45.391+0000] {dag.py:3696} INFO - Setting next_dagrun for example_external_task_marker_child to None, run_after=None
[2023-09-29T07:57:45.394+0000] {logging_mixin.py:151} INFO - [2023-09-29T07:57:45.394+0000] {dag.py:3696} INFO - Setting next_dagrun for example_external_task_marker_parent to None, run_after=None
[2023-09-29T07:57:45.414+0000] {processor.py:179} INFO - Processing /home/ubuntu/airflow_venv/lib/python3.10/site-packages/airflow/example_dags/example_external_task_marker_dag.py took 0.084 seconds
[2023-09-29T07:58:38.772+0000] {processor.py:157} INFO - Started process (PID=1529) to work on /home/ubuntu/airflow_venv/lib/python3.10/site-packages/airflow/example_dags/example_external_task_marker_dag.py
[2023-09-29T07:58:38.773+0000] {processor.py:829} INFO - Processing file /home/ubuntu/airflow_venv/lib/python3.10/site-packages/airflow/example_dags/example_external_task_marker_dag.py for tasks to queue
[2023-09-29T07:58:38.774+0000] {logging_mixin.py:151} INFO - [2023-09-29T07:58:38.773+0000] {dagbag.py:539} INFO - Filling up the DagBag from /home/ubuntu/airflow_venv/lib/python3.10/site-packages/airflow/example_dags/example_external_task_marker_dag.py
[2023-09-29T07:58:38.780+0000] {processor.py:839} INFO - DAG(s) dict_keys(['example_external_task_marker_child', 'example_external_task_marker_parent']) retrieved from /home/ubuntu/airflow_venv/lib/python3.10/site-packages/airflow/example_dags/example_external_task_marker_dag.py
[2023-09-29T07:58:38.800+0000] {logging_mixin.py:151} INFO - [2023-09-29T07:58:38.800+0000] {dag.py:2915} INFO - Sync 2 DAGs
[2023-09-29T07:58:38.811+0000] {logging_mixin.py:151} INFO - [2023-09-29T07:58:38.810+0000] {dag.py:3696} INFO - Setting next_dagrun for example_external_task_marker_child to None, run_after=None
[2023-09-29T07:58:38.813+0000] {logging_mixin.py:151} INFO - [2023-09-29T07:58:38.813+0000] {dag.py:3696} INFO - Setting next_dagrun for example_external_task_marker_parent to None, run_after=None
[2023-09-29T07:58:38.833+0000] {processor.py:179} INFO - Processing /home/ubuntu/airflow_venv/lib/python3.10/site-packages/airflow/example_dags/example_external_task_marker_dag.py took 0.064 seconds
[2023-09-29T07:59:30.064+0000] {processor.py:157} INFO - Started process (PID=1585) to work on /home/ubuntu/airflow_venv/lib/python3.10/site-packages/airflow/example_dags/example_external_task_marker_dag.py
[2023-09-29T07:59:30.067+0000] {processor.py:829} INFO - Processing file /home/ubuntu/airflow_venv/lib/python3.10/site-packages/airflow/example_dags/example_external_task_marker_dag.py for tasks to queue
[2023-09-29T07:59:30.068+0000] {logging_mixin.py:151} INFO - [2023-09-29T07:59:30.067+0000] {dagbag.py:539} INFO - Filling up the DagBag from /home/ubuntu/airflow_venv/lib/python3.10/site-packages/airflow/example_dags/example_external_task_marker_dag.py
[2023-09-29T07:59:30.078+0000] {processor.py:839} INFO - DAG(s) dict_keys(['example_external_task_marker_parent', 'example_external_task_marker_child']) retrieved from /home/ubuntu/airflow_venv/lib/python3.10/site-packages/airflow/example_dags/example_external_task_marker_dag.py
[2023-09-29T07:59:30.113+0000] {logging_mixin.py:151} INFO - [2023-09-29T07:59:30.113+0000] {dag.py:2915} INFO - Sync 2 DAGs
[2023-09-29T07:59:30.132+0000] {logging_mixin.py:151} INFO - [2023-09-29T07:59:30.131+0000] {dag.py:3696} INFO - Setting next_dagrun for example_external_task_marker_child to None, run_after=None
[2023-09-29T07:59:30.135+0000] {logging_mixin.py:151} INFO - [2023-09-29T07:59:30.134+0000] {dag.py:3696} INFO - Setting next_dagrun for example_external_task_marker_parent to None, run_after=None
[2023-09-29T07:59:30.159+0000] {processor.py:179} INFO - Processing /home/ubuntu/airflow_venv/lib/python3.10/site-packages/airflow/example_dags/example_external_task_marker_dag.py took 0.100 seconds
[2023-09-29T08:00:40.899+0000] {processor.py:157} INFO - Started process (PID=1656) to work on /home/ubuntu/airflow_venv/lib/python3.10/site-packages/airflow/example_dags/example_external_task_marker_dag.py
[2023-09-29T08:00:40.900+0000] {processor.py:829} INFO - Processing file /home/ubuntu/airflow_venv/lib/python3.10/site-packages/airflow/example_dags/example_external_task_marker_dag.py for tasks to queue
[2023-09-29T08:00:40.902+0000] {logging_mixin.py:151} INFO - [2023-09-29T08:00:40.901+0000] {dagbag.py:539} INFO - Filling up the DagBag from /home/ubuntu/airflow_venv/lib/python3.10/site-packages/airflow/example_dags/example_external_task_marker_dag.py
[2023-09-29T08:00:40.911+0000] {processor.py:839} INFO - DAG(s) dict_keys(['example_external_task_marker_child', 'example_external_task_marker_parent']) retrieved from /home/ubuntu/airflow_venv/lib/python3.10/site-packages/airflow/example_dags/example_external_task_marker_dag.py
[2023-09-29T08:00:40.943+0000] {logging_mixin.py:151} INFO - [2023-09-29T08:00:40.943+0000] {dag.py:2915} INFO - Sync 2 DAGs
[2023-09-29T08:00:40.960+0000] {logging_mixin.py:151} INFO - [2023-09-29T08:00:40.960+0000] {dag.py:3696} INFO - Setting next_dagrun for example_external_task_marker_child to None, run_after=None
[2023-09-29T08:00:40.966+0000] {logging_mixin.py:151} INFO - [2023-09-29T08:00:40.965+0000] {dag.py:3696} INFO - Setting next_dagrun for example_external_task_marker_parent to None, run_after=None
[2023-09-29T08:00:40.989+0000] {processor.py:179} INFO - Processing /home/ubuntu/airflow_venv/lib/python3.10/site-packages/airflow/example_dags/example_external_task_marker_dag.py took 0.095 seconds
[2023-09-29T08:01:33.913+0000] {processor.py:157} INFO - Started process (PID=1708) to work on /home/ubuntu/airflow_venv/lib/python3.10/site-packages/airflow/example_dags/example_external_task_marker_dag.py
[2023-09-29T08:01:33.914+0000] {processor.py:829} INFO - Processing file /home/ubuntu/airflow_venv/lib/python3.10/site-packages/airflow/example_dags/example_external_task_marker_dag.py for tasks to queue
[2023-09-29T08:01:33.915+0000] {logging_mixin.py:151} INFO - [2023-09-29T08:01:33.915+0000] {dagbag.py:539} INFO - Filling up the DagBag from /home/ubuntu/airflow_venv/lib/python3.10/site-packages/airflow/example_dags/example_external_task_marker_dag.py
[2023-09-29T08:01:33.923+0000] {processor.py:839} INFO - DAG(s) dict_keys(['example_external_task_marker_parent', 'example_external_task_marker_child']) retrieved from /home/ubuntu/airflow_venv/lib/python3.10/site-packages/airflow/example_dags/example_external_task_marker_dag.py
[2023-09-29T08:01:33.945+0000] {logging_mixin.py:151} INFO - [2023-09-29T08:01:33.944+0000] {dag.py:2915} INFO - Sync 2 DAGs
[2023-09-29T08:01:33.959+0000] {logging_mixin.py:151} INFO - [2023-09-29T08:01:33.958+0000] {dag.py:3696} INFO - Setting next_dagrun for example_external_task_marker_child to None, run_after=None
[2023-09-29T08:01:33.962+0000] {logging_mixin.py:151} INFO - [2023-09-29T08:01:33.962+0000] {dag.py:3696} INFO - Setting next_dagrun for example_external_task_marker_parent to None, run_after=None
[2023-09-29T08:01:33.981+0000] {processor.py:179} INFO - Processing /home/ubuntu/airflow_venv/lib/python3.10/site-packages/airflow/example_dags/example_external_task_marker_dag.py took 0.072 seconds
[2023-09-29T08:02:30.757+0000] {processor.py:157} INFO - Started process (PID=1766) to work on /home/ubuntu/airflow_venv/lib/python3.10/site-packages/airflow/example_dags/example_external_task_marker_dag.py
[2023-09-29T08:02:30.759+0000] {processor.py:829} INFO - Processing file /home/ubuntu/airflow_venv/lib/python3.10/site-packages/airflow/example_dags/example_external_task_marker_dag.py for tasks to queue
[2023-09-29T08:02:30.760+0000] {logging_mixin.py:151} INFO - [2023-09-29T08:02:30.759+0000] {dagbag.py:539} INFO - Filling up the DagBag from /home/ubuntu/airflow_venv/lib/python3.10/site-packages/airflow/example_dags/example_external_task_marker_dag.py
[2023-09-29T08:02:30.769+0000] {processor.py:839} INFO - DAG(s) dict_keys(['example_external_task_marker_child', 'example_external_task_marker_parent']) retrieved from /home/ubuntu/airflow_venv/lib/python3.10/site-packages/airflow/example_dags/example_external_task_marker_dag.py
[2023-09-29T08:02:30.802+0000] {logging_mixin.py:151} INFO - [2023-09-29T08:02:30.801+0000] {dag.py:2915} INFO - Sync 2 DAGs
[2023-09-29T08:02:30.822+0000] {logging_mixin.py:151} INFO - [2023-09-29T08:02:30.821+0000] {dag.py:3696} INFO - Setting next_dagrun for example_external_task_marker_child to None, run_after=None
[2023-09-29T08:02:30.825+0000] {logging_mixin.py:151} INFO - [2023-09-29T08:02:30.825+0000] {dag.py:3696} INFO - Setting next_dagrun for example_external_task_marker_parent to None, run_after=None
[2023-09-29T08:02:30.862+0000] {processor.py:179} INFO - Processing /home/ubuntu/airflow_venv/lib/python3.10/site-packages/airflow/example_dags/example_external_task_marker_dag.py took 0.110 seconds
[2023-09-29T08:03:22.563+0000] {processor.py:157} INFO - Started process (PID=1819) to work on /home/ubuntu/airflow_venv/lib/python3.10/site-packages/airflow/example_dags/example_external_task_marker_dag.py
[2023-09-29T08:03:22.565+0000] {processor.py:829} INFO - Processing file /home/ubuntu/airflow_venv/lib/python3.10/site-packages/airflow/example_dags/example_external_task_marker_dag.py for tasks to queue
[2023-09-29T08:03:22.566+0000] {logging_mixin.py:151} INFO - [2023-09-29T08:03:22.565+0000] {dagbag.py:539} INFO - Filling up the DagBag from /home/ubuntu/airflow_venv/lib/python3.10/site-packages/airflow/example_dags/example_external_task_marker_dag.py
[2023-09-29T08:03:22.588+0000] {processor.py:839} INFO - DAG(s) dict_keys(['example_external_task_marker_child', 'example_external_task_marker_parent']) retrieved from /home/ubuntu/airflow_venv/lib/python3.10/site-packages/airflow/example_dags/example_external_task_marker_dag.py
[2023-09-29T08:03:22.609+0000] {logging_mixin.py:151} INFO - [2023-09-29T08:03:22.609+0000] {dag.py:2915} INFO - Sync 2 DAGs
[2023-09-29T08:03:22.624+0000] {logging_mixin.py:151} INFO - [2023-09-29T08:03:22.624+0000] {dag.py:3696} INFO - Setting next_dagrun for example_external_task_marker_child to None, run_after=None
[2023-09-29T08:03:22.628+0000] {logging_mixin.py:151} INFO - [2023-09-29T08:03:22.628+0000] {dag.py:3696} INFO - Setting next_dagrun for example_external_task_marker_parent to None, run_after=None
[2023-09-29T08:03:22.649+0000] {processor.py:179} INFO - Processing /home/ubuntu/airflow_venv/lib/python3.10/site-packages/airflow/example_dags/example_external_task_marker_dag.py took 0.097 seconds
[2023-09-29T08:04:14.387+0000] {processor.py:157} INFO - Started process (PID=1874) to work on /home/ubuntu/airflow_venv/lib/python3.10/site-packages/airflow/example_dags/example_external_task_marker_dag.py
[2023-09-29T08:04:14.392+0000] {processor.py:829} INFO - Processing file /home/ubuntu/airflow_venv/lib/python3.10/site-packages/airflow/example_dags/example_external_task_marker_dag.py for tasks to queue
[2023-09-29T08:04:14.393+0000] {logging_mixin.py:151} INFO - [2023-09-29T08:04:14.392+0000] {dagbag.py:539} INFO - Filling up the DagBag from /home/ubuntu/airflow_venv/lib/python3.10/site-packages/airflow/example_dags/example_external_task_marker_dag.py
[2023-09-29T08:04:14.403+0000] {processor.py:839} INFO - DAG(s) dict_keys(['example_external_task_marker_parent', 'example_external_task_marker_child']) retrieved from /home/ubuntu/airflow_venv/lib/python3.10/site-packages/airflow/example_dags/example_external_task_marker_dag.py
[2023-09-29T08:04:14.432+0000] {logging_mixin.py:151} INFO - [2023-09-29T08:04:14.431+0000] {dag.py:2915} INFO - Sync 2 DAGs
[2023-09-29T08:04:14.452+0000] {logging_mixin.py:151} INFO - [2023-09-29T08:04:14.451+0000] {dag.py:3696} INFO - Setting next_dagrun for example_external_task_marker_child to None, run_after=None
[2023-09-29T08:04:14.457+0000] {logging_mixin.py:151} INFO - [2023-09-29T08:04:14.457+0000] {dag.py:3696} INFO - Setting next_dagrun for example_external_task_marker_parent to None, run_after=None
[2023-09-29T08:04:14.489+0000] {processor.py:179} INFO - Processing /home/ubuntu/airflow_venv/lib/python3.10/site-packages/airflow/example_dags/example_external_task_marker_dag.py took 0.108 seconds
[2023-09-29T08:05:05.315+0000] {processor.py:157} INFO - Started process (PID=1927) to work on /home/ubuntu/airflow_venv/lib/python3.10/site-packages/airflow/example_dags/example_external_task_marker_dag.py
[2023-09-29T08:05:05.316+0000] {processor.py:829} INFO - Processing file /home/ubuntu/airflow_venv/lib/python3.10/site-packages/airflow/example_dags/example_external_task_marker_dag.py for tasks to queue
[2023-09-29T08:05:05.317+0000] {logging_mixin.py:151} INFO - [2023-09-29T08:05:05.317+0000] {dagbag.py:539} INFO - Filling up the DagBag from /home/ubuntu/airflow_venv/lib/python3.10/site-packages/airflow/example_dags/example_external_task_marker_dag.py
[2023-09-29T08:05:05.324+0000] {processor.py:839} INFO - DAG(s) dict_keys(['example_external_task_marker_parent', 'example_external_task_marker_child']) retrieved from /home/ubuntu/airflow_venv/lib/python3.10/site-packages/airflow/example_dags/example_external_task_marker_dag.py
[2023-09-29T08:05:05.348+0000] {logging_mixin.py:151} INFO - [2023-09-29T08:05:05.348+0000] {dag.py:2915} INFO - Sync 2 DAGs
[2023-09-29T08:05:05.360+0000] {logging_mixin.py:151} INFO - [2023-09-29T08:05:05.360+0000] {dag.py:3696} INFO - Setting next_dagrun for example_external_task_marker_child to None, run_after=None
[2023-09-29T08:05:05.363+0000] {logging_mixin.py:151} INFO - [2023-09-29T08:05:05.363+0000] {dag.py:3696} INFO - Setting next_dagrun for example_external_task_marker_parent to None, run_after=None
[2023-09-29T08:05:05.382+0000] {processor.py:179} INFO - Processing /home/ubuntu/airflow_venv/lib/python3.10/site-packages/airflow/example_dags/example_external_task_marker_dag.py took 0.070 seconds
[2023-09-29T08:05:57.308+0000] {processor.py:157} INFO - Started process (PID=1979) to work on /home/ubuntu/airflow_venv/lib/python3.10/site-packages/airflow/example_dags/example_external_task_marker_dag.py
[2023-09-29T08:05:57.311+0000] {processor.py:829} INFO - Processing file /home/ubuntu/airflow_venv/lib/python3.10/site-packages/airflow/example_dags/example_external_task_marker_dag.py for tasks to queue
[2023-09-29T08:05:57.315+0000] {logging_mixin.py:151} INFO - [2023-09-29T08:05:57.315+0000] {dagbag.py:539} INFO - Filling up the DagBag from /home/ubuntu/airflow_venv/lib/python3.10/site-packages/airflow/example_dags/example_external_task_marker_dag.py
[2023-09-29T08:05:57.321+0000] {processor.py:839} INFO - DAG(s) dict_keys(['example_external_task_marker_parent', 'example_external_task_marker_child']) retrieved from /home/ubuntu/airflow_venv/lib/python3.10/site-packages/airflow/example_dags/example_external_task_marker_dag.py
[2023-09-29T08:05:57.347+0000] {logging_mixin.py:151} INFO - [2023-09-29T08:05:57.347+0000] {dag.py:2915} INFO - Sync 2 DAGs
[2023-09-29T08:05:57.368+0000] {logging_mixin.py:151} INFO - [2023-09-29T08:05:57.368+0000] {dag.py:3696} INFO - Setting next_dagrun for example_external_task_marker_child to None, run_after=None
[2023-09-29T08:05:57.375+0000] {logging_mixin.py:151} INFO - [2023-09-29T08:05:57.375+0000] {dag.py:3696} INFO - Setting next_dagrun for example_external_task_marker_parent to None, run_after=None
[2023-09-29T08:05:57.406+0000] {processor.py:179} INFO - Processing /home/ubuntu/airflow_venv/lib/python3.10/site-packages/airflow/example_dags/example_external_task_marker_dag.py took 0.107 seconds
[2023-09-29T08:06:50.302+0000] {processor.py:157} INFO - Started process (PID=2033) to work on /home/ubuntu/airflow_venv/lib/python3.10/site-packages/airflow/example_dags/example_external_task_marker_dag.py
[2023-09-29T08:06:50.303+0000] {processor.py:829} INFO - Processing file /home/ubuntu/airflow_venv/lib/python3.10/site-packages/airflow/example_dags/example_external_task_marker_dag.py for tasks to queue
[2023-09-29T08:06:50.304+0000] {logging_mixin.py:151} INFO - [2023-09-29T08:06:50.304+0000] {dagbag.py:539} INFO - Filling up the DagBag from /home/ubuntu/airflow_venv/lib/python3.10/site-packages/airflow/example_dags/example_external_task_marker_dag.py
[2023-09-29T08:06:50.310+0000] {processor.py:839} INFO - DAG(s) dict_keys(['example_external_task_marker_child', 'example_external_task_marker_parent']) retrieved from /home/ubuntu/airflow_venv/lib/python3.10/site-packages/airflow/example_dags/example_external_task_marker_dag.py
[2023-09-29T08:06:50.331+0000] {logging_mixin.py:151} INFO - [2023-09-29T08:06:50.331+0000] {dag.py:2915} INFO - Sync 2 DAGs
[2023-09-29T08:06:50.342+0000] {logging_mixin.py:151} INFO - [2023-09-29T08:06:50.342+0000] {dag.py:3696} INFO - Setting next_dagrun for example_external_task_marker_child to None, run_after=None
[2023-09-29T08:06:50.344+0000] {logging_mixin.py:151} INFO - [2023-09-29T08:06:50.344+0000] {dag.py:3696} INFO - Setting next_dagrun for example_external_task_marker_parent to None, run_after=None
[2023-09-29T08:06:50.362+0000] {processor.py:179} INFO - Processing /home/ubuntu/airflow_venv/lib/python3.10/site-packages/airflow/example_dags/example_external_task_marker_dag.py took 0.064 seconds
[2023-09-29T08:07:38.993+0000] {processor.py:157} INFO - Started process (PID=2294) to work on /home/ubuntu/airflow_venv/lib/python3.10/site-packages/airflow/example_dags/example_external_task_marker_dag.py
[2023-09-29T08:07:38.994+0000] {processor.py:829} INFO - Processing file /home/ubuntu/airflow_venv/lib/python3.10/site-packages/airflow/example_dags/example_external_task_marker_dag.py for tasks to queue
[2023-09-29T08:07:38.995+0000] {logging_mixin.py:151} INFO - [2023-09-29T08:07:38.995+0000] {dagbag.py:539} INFO - Filling up the DagBag from /home/ubuntu/airflow_venv/lib/python3.10/site-packages/airflow/example_dags/example_external_task_marker_dag.py
[2023-09-29T08:07:39.002+0000] {processor.py:839} INFO - DAG(s) dict_keys(['example_external_task_marker_child', 'example_external_task_marker_parent']) retrieved from /home/ubuntu/airflow_venv/lib/python3.10/site-packages/airflow/example_dags/example_external_task_marker_dag.py
[2023-09-29T08:07:39.026+0000] {logging_mixin.py:151} INFO - [2023-09-29T08:07:39.026+0000] {dag.py:2915} INFO - Sync 2 DAGs
[2023-09-29T08:07:39.041+0000] {logging_mixin.py:151} INFO - [2023-09-29T08:07:39.041+0000] {dag.py:3696} INFO - Setting next_dagrun for example_external_task_marker_child to None, run_after=None
[2023-09-29T08:07:39.047+0000] {logging_mixin.py:151} INFO - [2023-09-29T08:07:39.047+0000] {dag.py:3696} INFO - Setting next_dagrun for example_external_task_marker_parent to None, run_after=None
[2023-09-29T08:07:39.070+0000] {processor.py:179} INFO - Processing /home/ubuntu/airflow_venv/lib/python3.10/site-packages/airflow/example_dags/example_external_task_marker_dag.py took 0.081 seconds
[2023-09-29T08:08:32.132+0000] {processor.py:157} INFO - Started process (PID=2348) to work on /home/ubuntu/airflow_venv/lib/python3.10/site-packages/airflow/example_dags/example_external_task_marker_dag.py
[2023-09-29T08:08:32.134+0000] {processor.py:829} INFO - Processing file /home/ubuntu/airflow_venv/lib/python3.10/site-packages/airflow/example_dags/example_external_task_marker_dag.py for tasks to queue
[2023-09-29T08:08:32.134+0000] {logging_mixin.py:151} INFO - [2023-09-29T08:08:32.134+0000] {dagbag.py:539} INFO - Filling up the DagBag from /home/ubuntu/airflow_venv/lib/python3.10/site-packages/airflow/example_dags/example_external_task_marker_dag.py
[2023-09-29T08:08:32.141+0000] {processor.py:839} INFO - DAG(s) dict_keys(['example_external_task_marker_child', 'example_external_task_marker_parent']) retrieved from /home/ubuntu/airflow_venv/lib/python3.10/site-packages/airflow/example_dags/example_external_task_marker_dag.py
[2023-09-29T08:08:32.162+0000] {logging_mixin.py:151} INFO - [2023-09-29T08:08:32.161+0000] {dag.py:2915} INFO - Sync 2 DAGs
[2023-09-29T08:08:32.172+0000] {logging_mixin.py:151} INFO - [2023-09-29T08:08:32.172+0000] {dag.py:3696} INFO - Setting next_dagrun for example_external_task_marker_child to None, run_after=None
[2023-09-29T08:08:32.175+0000] {logging_mixin.py:151} INFO - [2023-09-29T08:08:32.175+0000] {dag.py:3696} INFO - Setting next_dagrun for example_external_task_marker_parent to None, run_after=None
[2023-09-29T08:08:32.191+0000] {processor.py:179} INFO - Processing /home/ubuntu/airflow_venv/lib/python3.10/site-packages/airflow/example_dags/example_external_task_marker_dag.py took 0.063 seconds
[2023-09-29T08:09:23.913+0000] {processor.py:157} INFO - Started process (PID=2406) to work on /home/ubuntu/airflow_venv/lib/python3.10/site-packages/airflow/example_dags/example_external_task_marker_dag.py
[2023-09-29T08:09:23.915+0000] {processor.py:829} INFO - Processing file /home/ubuntu/airflow_venv/lib/python3.10/site-packages/airflow/example_dags/example_external_task_marker_dag.py for tasks to queue
[2023-09-29T08:09:23.916+0000] {logging_mixin.py:151} INFO - [2023-09-29T08:09:23.915+0000] {dagbag.py:539} INFO - Filling up the DagBag from /home/ubuntu/airflow_venv/lib/python3.10/site-packages/airflow/example_dags/example_external_task_marker_dag.py
[2023-09-29T08:09:23.932+0000] {processor.py:839} INFO - DAG(s) dict_keys(['example_external_task_marker_parent', 'example_external_task_marker_child']) retrieved from /home/ubuntu/airflow_venv/lib/python3.10/site-packages/airflow/example_dags/example_external_task_marker_dag.py
[2023-09-29T08:09:23.986+0000] {logging_mixin.py:151} INFO - [2023-09-29T08:09:23.986+0000] {dag.py:2915} INFO - Sync 2 DAGs
[2023-09-29T08:09:24.003+0000] {logging_mixin.py:151} INFO - [2023-09-29T08:09:24.003+0000] {dag.py:3696} INFO - Setting next_dagrun for example_external_task_marker_child to None, run_after=None
[2023-09-29T08:09:24.007+0000] {logging_mixin.py:151} INFO - [2023-09-29T08:09:24.006+0000] {dag.py:3696} INFO - Setting next_dagrun for example_external_task_marker_parent to None, run_after=None
[2023-09-29T08:09:24.028+0000] {processor.py:179} INFO - Processing /home/ubuntu/airflow_venv/lib/python3.10/site-packages/airflow/example_dags/example_external_task_marker_dag.py took 0.123 seconds
