[2023-09-29T07:22:38.379+0000] {processor.py:157} INFO - Started process (PID=12208) to work on /home/ubuntu/airflow_venv/lib/python3.10/site-packages/airflow/example_dags/example_branch_operator.py
[2023-09-29T07:22:38.379+0000] {processor.py:829} INFO - Processing file /home/ubuntu/airflow_venv/lib/python3.10/site-packages/airflow/example_dags/example_branch_operator.py for tasks to queue
[2023-09-29T07:22:38.383+0000] {logging_mixin.py:151} INFO - [2023-09-29T07:22:38.383+0000] {dagbag.py:539} INFO - Filling up the DagBag from /home/ubuntu/airflow_venv/lib/python3.10/site-packages/airflow/example_dags/example_branch_operator.py
[2023-09-29T07:22:38.400+0000] {processor.py:839} INFO - DAG(s) dict_keys(['example_branch_operator']) retrieved from /home/ubuntu/airflow_venv/lib/python3.10/site-packages/airflow/example_dags/example_branch_operator.py
[2023-09-29T07:22:38.433+0000] {logging_mixin.py:151} INFO - [2023-09-29T07:22:38.433+0000] {dag.py:2915} INFO - Sync 1 DAGs
[2023-09-29T07:22:38.455+0000] {logging_mixin.py:151} INFO - [2023-09-29T07:22:38.454+0000] {dag.py:3696} INFO - Setting next_dagrun for example_branch_operator to 2023-09-28T00:00:00+00:00, run_after=2023-09-29T00:00:00+00:00
[2023-09-29T07:22:38.475+0000] {processor.py:179} INFO - Processing /home/ubuntu/airflow_venv/lib/python3.10/site-packages/airflow/example_dags/example_branch_operator.py took 0.101 seconds
[2023-09-29T07:23:31.629+0000] {processor.py:157} INFO - Started process (PID=12401) to work on /home/ubuntu/airflow_venv/lib/python3.10/site-packages/airflow/example_dags/example_branch_operator.py
[2023-09-29T07:23:31.630+0000] {processor.py:829} INFO - Processing file /home/ubuntu/airflow_venv/lib/python3.10/site-packages/airflow/example_dags/example_branch_operator.py for tasks to queue
[2023-09-29T07:23:31.631+0000] {logging_mixin.py:151} INFO - [2023-09-29T07:23:31.631+0000] {dagbag.py:539} INFO - Filling up the DagBag from /home/ubuntu/airflow_venv/lib/python3.10/site-packages/airflow/example_dags/example_branch_operator.py
[2023-09-29T07:23:31.641+0000] {processor.py:839} INFO - DAG(s) dict_keys(['example_branch_operator']) retrieved from /home/ubuntu/airflow_venv/lib/python3.10/site-packages/airflow/example_dags/example_branch_operator.py
[2023-09-29T07:23:31.662+0000] {logging_mixin.py:151} INFO - [2023-09-29T07:23:31.661+0000] {dag.py:2915} INFO - Sync 1 DAGs
[2023-09-29T07:23:31.851+0000] {logging_mixin.py:151} INFO - [2023-09-29T07:23:31.851+0000] {dag.py:3696} INFO - Setting next_dagrun for example_branch_operator to 2023-09-28T00:00:00+00:00, run_after=2023-09-29T00:00:00+00:00
[2023-09-29T07:23:31.876+0000] {processor.py:179} INFO - Processing /home/ubuntu/airflow_venv/lib/python3.10/site-packages/airflow/example_dags/example_branch_operator.py took 0.251 seconds
[2023-09-29T07:28:38.696+0000] {processor.py:157} INFO - Started process (PID=12883) to work on /home/ubuntu/airflow_venv/lib/python3.10/site-packages/airflow/example_dags/example_branch_operator.py
[2023-09-29T07:28:38.697+0000] {processor.py:829} INFO - Processing file /home/ubuntu/airflow_venv/lib/python3.10/site-packages/airflow/example_dags/example_branch_operator.py for tasks to queue
[2023-09-29T07:28:38.698+0000] {logging_mixin.py:151} INFO - [2023-09-29T07:28:38.698+0000] {dagbag.py:539} INFO - Filling up the DagBag from /home/ubuntu/airflow_venv/lib/python3.10/site-packages/airflow/example_dags/example_branch_operator.py
[2023-09-29T07:28:38.708+0000] {processor.py:839} INFO - DAG(s) dict_keys(['example_branch_operator']) retrieved from /home/ubuntu/airflow_venv/lib/python3.10/site-packages/airflow/example_dags/example_branch_operator.py
[2023-09-29T07:28:38.729+0000] {logging_mixin.py:151} INFO - [2023-09-29T07:28:38.728+0000] {dag.py:2915} INFO - Sync 1 DAGs
[2023-09-29T07:28:38.750+0000] {logging_mixin.py:151} INFO - [2023-09-29T07:28:38.750+0000] {dag.py:3696} INFO - Setting next_dagrun for example_branch_operator to 2023-09-28T00:00:00+00:00, run_after=2023-09-29T00:00:00+00:00
[2023-09-29T07:28:38.769+0000] {processor.py:179} INFO - Processing /home/ubuntu/airflow_venv/lib/python3.10/site-packages/airflow/example_dags/example_branch_operator.py took 0.076 seconds
[2023-09-29T07:29:34.350+0000] {processor.py:157} INFO - Started process (PID=12941) to work on /home/ubuntu/airflow_venv/lib/python3.10/site-packages/airflow/example_dags/example_branch_operator.py
[2023-09-29T07:29:34.351+0000] {processor.py:829} INFO - Processing file /home/ubuntu/airflow_venv/lib/python3.10/site-packages/airflow/example_dags/example_branch_operator.py for tasks to queue
[2023-09-29T07:29:34.353+0000] {logging_mixin.py:151} INFO - [2023-09-29T07:29:34.352+0000] {dagbag.py:539} INFO - Filling up the DagBag from /home/ubuntu/airflow_venv/lib/python3.10/site-packages/airflow/example_dags/example_branch_operator.py
[2023-09-29T07:29:34.364+0000] {processor.py:839} INFO - DAG(s) dict_keys(['example_branch_operator']) retrieved from /home/ubuntu/airflow_venv/lib/python3.10/site-packages/airflow/example_dags/example_branch_operator.py
[2023-09-29T07:29:34.387+0000] {logging_mixin.py:151} INFO - [2023-09-29T07:29:34.387+0000] {dag.py:2915} INFO - Sync 1 DAGs
[2023-09-29T07:29:34.433+0000] {logging_mixin.py:151} INFO - [2023-09-29T07:29:34.433+0000] {dag.py:3696} INFO - Setting next_dagrun for example_branch_operator to 2023-09-28T00:00:00+00:00, run_after=2023-09-29T00:00:00+00:00
[2023-09-29T07:29:34.458+0000] {processor.py:179} INFO - Processing /home/ubuntu/airflow_venv/lib/python3.10/site-packages/airflow/example_dags/example_branch_operator.py took 0.114 seconds
[2023-09-29T07:30:30.260+0000] {processor.py:157} INFO - Started process (PID=12997) to work on /home/ubuntu/airflow_venv/lib/python3.10/site-packages/airflow/example_dags/example_branch_operator.py
[2023-09-29T07:30:30.262+0000] {processor.py:829} INFO - Processing file /home/ubuntu/airflow_venv/lib/python3.10/site-packages/airflow/example_dags/example_branch_operator.py for tasks to queue
[2023-09-29T07:30:30.263+0000] {logging_mixin.py:151} INFO - [2023-09-29T07:30:30.262+0000] {dagbag.py:539} INFO - Filling up the DagBag from /home/ubuntu/airflow_venv/lib/python3.10/site-packages/airflow/example_dags/example_branch_operator.py
[2023-09-29T07:30:30.273+0000] {processor.py:839} INFO - DAG(s) dict_keys(['example_branch_operator']) retrieved from /home/ubuntu/airflow_venv/lib/python3.10/site-packages/airflow/example_dags/example_branch_operator.py
[2023-09-29T07:30:30.294+0000] {logging_mixin.py:151} INFO - [2023-09-29T07:30:30.294+0000] {dag.py:2915} INFO - Sync 1 DAGs
[2023-09-29T07:30:30.315+0000] {logging_mixin.py:151} INFO - [2023-09-29T07:30:30.315+0000] {dag.py:3696} INFO - Setting next_dagrun for example_branch_operator to 2023-09-28T00:00:00+00:00, run_after=2023-09-29T00:00:00+00:00
[2023-09-29T07:30:30.340+0000] {processor.py:179} INFO - Processing /home/ubuntu/airflow_venv/lib/python3.10/site-packages/airflow/example_dags/example_branch_operator.py took 0.083 seconds
[2023-09-29T07:31:24.331+0000] {processor.py:157} INFO - Started process (PID=13061) to work on /home/ubuntu/airflow_venv/lib/python3.10/site-packages/airflow/example_dags/example_branch_operator.py
[2023-09-29T07:31:24.332+0000] {processor.py:829} INFO - Processing file /home/ubuntu/airflow_venv/lib/python3.10/site-packages/airflow/example_dags/example_branch_operator.py for tasks to queue
[2023-09-29T07:31:24.333+0000] {logging_mixin.py:151} INFO - [2023-09-29T07:31:24.333+0000] {dagbag.py:539} INFO - Filling up the DagBag from /home/ubuntu/airflow_venv/lib/python3.10/site-packages/airflow/example_dags/example_branch_operator.py
[2023-09-29T07:31:24.348+0000] {processor.py:839} INFO - DAG(s) dict_keys(['example_branch_operator']) retrieved from /home/ubuntu/airflow_venv/lib/python3.10/site-packages/airflow/example_dags/example_branch_operator.py
[2023-09-29T07:31:24.367+0000] {logging_mixin.py:151} INFO - [2023-09-29T07:31:24.367+0000] {dag.py:2915} INFO - Sync 1 DAGs
[2023-09-29T07:31:24.389+0000] {logging_mixin.py:151} INFO - [2023-09-29T07:31:24.389+0000] {dag.py:3696} INFO - Setting next_dagrun for example_branch_operator to 2023-09-28T00:00:00+00:00, run_after=2023-09-29T00:00:00+00:00
[2023-09-29T07:31:24.414+0000] {processor.py:179} INFO - Processing /home/ubuntu/airflow_venv/lib/python3.10/site-packages/airflow/example_dags/example_branch_operator.py took 0.086 seconds
[2023-09-29T07:43:30.550+0000] {processor.py:157} INFO - Started process (PID=1222) to work on /home/ubuntu/airflow_venv/lib/python3.10/site-packages/airflow/example_dags/example_branch_operator.py
[2023-09-29T07:43:30.551+0000] {processor.py:829} INFO - Processing file /home/ubuntu/airflow_venv/lib/python3.10/site-packages/airflow/example_dags/example_branch_operator.py for tasks to queue
[2023-09-29T07:43:30.552+0000] {logging_mixin.py:151} INFO - [2023-09-29T07:43:30.552+0000] {dagbag.py:539} INFO - Filling up the DagBag from /home/ubuntu/airflow_venv/lib/python3.10/site-packages/airflow/example_dags/example_branch_operator.py
[2023-09-29T07:43:30.562+0000] {processor.py:839} INFO - DAG(s) dict_keys(['example_branch_operator']) retrieved from /home/ubuntu/airflow_venv/lib/python3.10/site-packages/airflow/example_dags/example_branch_operator.py
[2023-09-29T07:43:30.585+0000] {logging_mixin.py:151} INFO - [2023-09-29T07:43:30.585+0000] {dag.py:2915} INFO - Sync 1 DAGs
[2023-09-29T07:43:30.606+0000] {logging_mixin.py:151} INFO - [2023-09-29T07:43:30.606+0000] {dag.py:3696} INFO - Setting next_dagrun for example_branch_operator to 2023-09-28T00:00:00+00:00, run_after=2023-09-29T00:00:00+00:00
[2023-09-29T07:43:30.627+0000] {processor.py:179} INFO - Processing /home/ubuntu/airflow_venv/lib/python3.10/site-packages/airflow/example_dags/example_branch_operator.py took 0.080 seconds
[2023-09-29T07:44:24.669+0000] {processor.py:157} INFO - Started process (PID=1270) to work on /home/ubuntu/airflow_venv/lib/python3.10/site-packages/airflow/example_dags/example_branch_operator.py
[2023-09-29T07:44:24.671+0000] {processor.py:829} INFO - Processing file /home/ubuntu/airflow_venv/lib/python3.10/site-packages/airflow/example_dags/example_branch_operator.py for tasks to queue
[2023-09-29T07:44:24.672+0000] {logging_mixin.py:151} INFO - [2023-09-29T07:44:24.671+0000] {dagbag.py:539} INFO - Filling up the DagBag from /home/ubuntu/airflow_venv/lib/python3.10/site-packages/airflow/example_dags/example_branch_operator.py
[2023-09-29T07:44:24.682+0000] {processor.py:839} INFO - DAG(s) dict_keys(['example_branch_operator']) retrieved from /home/ubuntu/airflow_venv/lib/python3.10/site-packages/airflow/example_dags/example_branch_operator.py
[2023-09-29T07:44:24.701+0000] {logging_mixin.py:151} INFO - [2023-09-29T07:44:24.701+0000] {dag.py:2915} INFO - Sync 1 DAGs
[2023-09-29T07:44:24.888+0000] {logging_mixin.py:151} INFO - [2023-09-29T07:44:24.888+0000] {dag.py:3696} INFO - Setting next_dagrun for example_branch_operator to 2023-09-28T00:00:00+00:00, run_after=2023-09-29T00:00:00+00:00
[2023-09-29T07:44:24.911+0000] {processor.py:179} INFO - Processing /home/ubuntu/airflow_venv/lib/python3.10/site-packages/airflow/example_dags/example_branch_operator.py took 0.245 seconds
[2023-09-29T07:45:20.030+0000] {processor.py:157} INFO - Started process (PID=1655) to work on /home/ubuntu/airflow_venv/lib/python3.10/site-packages/airflow/example_dags/example_branch_operator.py
[2023-09-29T07:45:20.032+0000] {processor.py:829} INFO - Processing file /home/ubuntu/airflow_venv/lib/python3.10/site-packages/airflow/example_dags/example_branch_operator.py for tasks to queue
[2023-09-29T07:45:20.033+0000] {logging_mixin.py:151} INFO - [2023-09-29T07:45:20.032+0000] {dagbag.py:539} INFO - Filling up the DagBag from /home/ubuntu/airflow_venv/lib/python3.10/site-packages/airflow/example_dags/example_branch_operator.py
[2023-09-29T07:45:20.255+0000] {processor.py:839} INFO - DAG(s) dict_keys(['example_branch_operator']) retrieved from /home/ubuntu/airflow_venv/lib/python3.10/site-packages/airflow/example_dags/example_branch_operator.py
[2023-09-29T07:45:20.274+0000] {logging_mixin.py:151} INFO - [2023-09-29T07:45:20.273+0000] {dag.py:2915} INFO - Sync 1 DAGs
[2023-09-29T07:45:20.304+0000] {logging_mixin.py:151} INFO - [2023-09-29T07:45:20.304+0000] {dag.py:3696} INFO - Setting next_dagrun for example_branch_operator to 2023-09-28T00:00:00+00:00, run_after=2023-09-29T00:00:00+00:00
[2023-09-29T07:45:20.352+0000] {processor.py:179} INFO - Processing /home/ubuntu/airflow_venv/lib/python3.10/site-packages/airflow/example_dags/example_branch_operator.py took 0.326 seconds
[2023-09-29T07:55:26.097+0000] {processor.py:157} INFO - Started process (PID=1346) to work on /home/ubuntu/airflow_venv/lib/python3.10/site-packages/airflow/example_dags/example_branch_operator.py
[2023-09-29T07:55:26.099+0000] {processor.py:829} INFO - Processing file /home/ubuntu/airflow_venv/lib/python3.10/site-packages/airflow/example_dags/example_branch_operator.py for tasks to queue
[2023-09-29T07:55:26.100+0000] {logging_mixin.py:151} INFO - [2023-09-29T07:55:26.099+0000] {dagbag.py:539} INFO - Filling up the DagBag from /home/ubuntu/airflow_venv/lib/python3.10/site-packages/airflow/example_dags/example_branch_operator.py
[2023-09-29T07:55:26.111+0000] {processor.py:839} INFO - DAG(s) dict_keys(['example_branch_operator']) retrieved from /home/ubuntu/airflow_venv/lib/python3.10/site-packages/airflow/example_dags/example_branch_operator.py
[2023-09-29T07:55:26.138+0000] {logging_mixin.py:151} INFO - [2023-09-29T07:55:26.138+0000] {dag.py:2915} INFO - Sync 1 DAGs
[2023-09-29T07:55:26.166+0000] {logging_mixin.py:151} INFO - [2023-09-29T07:55:26.165+0000] {dag.py:3696} INFO - Setting next_dagrun for example_branch_operator to 2023-09-28T00:00:00+00:00, run_after=2023-09-29T00:00:00+00:00
[2023-09-29T07:55:26.188+0000] {processor.py:179} INFO - Processing /home/ubuntu/airflow_venv/lib/python3.10/site-packages/airflow/example_dags/example_branch_operator.py took 0.094 seconds
[2023-09-29T07:56:22.918+0000] {processor.py:157} INFO - Started process (PID=1400) to work on /home/ubuntu/airflow_venv/lib/python3.10/site-packages/airflow/example_dags/example_branch_operator.py
[2023-09-29T07:56:22.919+0000] {processor.py:829} INFO - Processing file /home/ubuntu/airflow_venv/lib/python3.10/site-packages/airflow/example_dags/example_branch_operator.py for tasks to queue
[2023-09-29T07:56:22.920+0000] {logging_mixin.py:151} INFO - [2023-09-29T07:56:22.920+0000] {dagbag.py:539} INFO - Filling up the DagBag from /home/ubuntu/airflow_venv/lib/python3.10/site-packages/airflow/example_dags/example_branch_operator.py
[2023-09-29T07:56:22.929+0000] {processor.py:839} INFO - DAG(s) dict_keys(['example_branch_operator']) retrieved from /home/ubuntu/airflow_venv/lib/python3.10/site-packages/airflow/example_dags/example_branch_operator.py
[2023-09-29T07:56:22.946+0000] {logging_mixin.py:151} INFO - [2023-09-29T07:56:22.946+0000] {dag.py:2915} INFO - Sync 1 DAGs
[2023-09-29T07:56:23.120+0000] {logging_mixin.py:151} INFO - [2023-09-29T07:56:23.120+0000] {dag.py:3696} INFO - Setting next_dagrun for example_branch_operator to 2023-09-28T00:00:00+00:00, run_after=2023-09-29T00:00:00+00:00
[2023-09-29T07:56:23.139+0000] {processor.py:179} INFO - Processing /home/ubuntu/airflow_venv/lib/python3.10/site-packages/airflow/example_dags/example_branch_operator.py took 0.224 seconds
[2023-09-29T07:57:19.059+0000] {processor.py:157} INFO - Started process (PID=1448) to work on /home/ubuntu/airflow_venv/lib/python3.10/site-packages/airflow/example_dags/example_branch_operator.py
[2023-09-29T07:57:19.060+0000] {processor.py:829} INFO - Processing file /home/ubuntu/airflow_venv/lib/python3.10/site-packages/airflow/example_dags/example_branch_operator.py for tasks to queue
[2023-09-29T07:57:19.061+0000] {logging_mixin.py:151} INFO - [2023-09-29T07:57:19.061+0000] {dagbag.py:539} INFO - Filling up the DagBag from /home/ubuntu/airflow_venv/lib/python3.10/site-packages/airflow/example_dags/example_branch_operator.py
[2023-09-29T07:57:19.238+0000] {processor.py:839} INFO - DAG(s) dict_keys(['example_branch_operator']) retrieved from /home/ubuntu/airflow_venv/lib/python3.10/site-packages/airflow/example_dags/example_branch_operator.py
[2023-09-29T07:57:19.251+0000] {logging_mixin.py:151} INFO - [2023-09-29T07:57:19.250+0000] {dag.py:2915} INFO - Sync 1 DAGs
[2023-09-29T07:57:19.270+0000] {logging_mixin.py:151} INFO - [2023-09-29T07:57:19.269+0000] {dag.py:3696} INFO - Setting next_dagrun for example_branch_operator to 2023-09-28T00:00:00+00:00, run_after=2023-09-29T00:00:00+00:00
[2023-09-29T07:57:19.291+0000] {processor.py:179} INFO - Processing /home/ubuntu/airflow_venv/lib/python3.10/site-packages/airflow/example_dags/example_branch_operator.py took 0.239 seconds
[2023-09-29T07:58:05.550+0000] {processor.py:157} INFO - Started process (PID=1494) to work on /home/ubuntu/airflow_venv/lib/python3.10/site-packages/airflow/example_dags/example_branch_operator.py
[2023-09-29T07:58:05.552+0000] {processor.py:829} INFO - Processing file /home/ubuntu/airflow_venv/lib/python3.10/site-packages/airflow/example_dags/example_branch_operator.py for tasks to queue
[2023-09-29T07:58:05.553+0000] {logging_mixin.py:151} INFO - [2023-09-29T07:58:05.552+0000] {dagbag.py:539} INFO - Filling up the DagBag from /home/ubuntu/airflow_venv/lib/python3.10/site-packages/airflow/example_dags/example_branch_operator.py
[2023-09-29T07:58:05.567+0000] {processor.py:839} INFO - DAG(s) dict_keys(['example_branch_operator']) retrieved from /home/ubuntu/airflow_venv/lib/python3.10/site-packages/airflow/example_dags/example_branch_operator.py
[2023-09-29T07:58:05.590+0000] {logging_mixin.py:151} INFO - [2023-09-29T07:58:05.590+0000] {dag.py:2915} INFO - Sync 1 DAGs
[2023-09-29T07:58:05.614+0000] {logging_mixin.py:151} INFO - [2023-09-29T07:58:05.614+0000] {dag.py:3696} INFO - Setting next_dagrun for example_branch_operator to 2023-09-28T00:00:00+00:00, run_after=2023-09-29T00:00:00+00:00
[2023-09-29T07:58:05.636+0000] {processor.py:179} INFO - Processing /home/ubuntu/airflow_venv/lib/python3.10/site-packages/airflow/example_dags/example_branch_operator.py took 0.094 seconds
[2023-09-29T07:58:56.560+0000] {processor.py:157} INFO - Started process (PID=1549) to work on /home/ubuntu/airflow_venv/lib/python3.10/site-packages/airflow/example_dags/example_branch_operator.py
[2023-09-29T07:58:56.561+0000] {processor.py:829} INFO - Processing file /home/ubuntu/airflow_venv/lib/python3.10/site-packages/airflow/example_dags/example_branch_operator.py for tasks to queue
[2023-09-29T07:58:56.565+0000] {logging_mixin.py:151} INFO - [2023-09-29T07:58:56.561+0000] {dagbag.py:539} INFO - Filling up the DagBag from /home/ubuntu/airflow_venv/lib/python3.10/site-packages/airflow/example_dags/example_branch_operator.py
[2023-09-29T07:58:56.576+0000] {processor.py:839} INFO - DAG(s) dict_keys(['example_branch_operator']) retrieved from /home/ubuntu/airflow_venv/lib/python3.10/site-packages/airflow/example_dags/example_branch_operator.py
[2023-09-29T07:58:56.595+0000] {logging_mixin.py:151} INFO - [2023-09-29T07:58:56.595+0000] {dag.py:2915} INFO - Sync 1 DAGs
[2023-09-29T07:58:56.616+0000] {logging_mixin.py:151} INFO - [2023-09-29T07:58:56.616+0000] {dag.py:3696} INFO - Setting next_dagrun for example_branch_operator to 2023-09-28T00:00:00+00:00, run_after=2023-09-29T00:00:00+00:00
[2023-09-29T07:58:56.637+0000] {processor.py:179} INFO - Processing /home/ubuntu/airflow_venv/lib/python3.10/site-packages/airflow/example_dags/example_branch_operator.py took 0.080 seconds
[2023-09-29T07:59:50.672+0000] {processor.py:157} INFO - Started process (PID=1608) to work on /home/ubuntu/airflow_venv/lib/python3.10/site-packages/airflow/example_dags/example_branch_operator.py
[2023-09-29T07:59:50.673+0000] {processor.py:829} INFO - Processing file /home/ubuntu/airflow_venv/lib/python3.10/site-packages/airflow/example_dags/example_branch_operator.py for tasks to queue
[2023-09-29T07:59:50.676+0000] {logging_mixin.py:151} INFO - [2023-09-29T07:59:50.676+0000] {dagbag.py:539} INFO - Filling up the DagBag from /home/ubuntu/airflow_venv/lib/python3.10/site-packages/airflow/example_dags/example_branch_operator.py
[2023-09-29T07:59:50.699+0000] {processor.py:839} INFO - DAG(s) dict_keys(['example_branch_operator']) retrieved from /home/ubuntu/airflow_venv/lib/python3.10/site-packages/airflow/example_dags/example_branch_operator.py
[2023-09-29T07:59:50.733+0000] {logging_mixin.py:151} INFO - [2023-09-29T07:59:50.733+0000] {dag.py:2915} INFO - Sync 1 DAGs
[2023-09-29T07:59:50.791+0000] {logging_mixin.py:151} INFO - [2023-09-29T07:59:50.791+0000] {dag.py:3696} INFO - Setting next_dagrun for example_branch_operator to 2023-09-28T00:00:00+00:00, run_after=2023-09-29T00:00:00+00:00
[2023-09-29T07:59:50.833+0000] {processor.py:179} INFO - Processing /home/ubuntu/airflow_venv/lib/python3.10/site-packages/airflow/example_dags/example_branch_operator.py took 0.171 seconds
[2023-09-29T08:01:08.006+0000] {processor.py:157} INFO - Started process (PID=1683) to work on /home/ubuntu/airflow_venv/lib/python3.10/site-packages/airflow/example_dags/example_branch_operator.py
[2023-09-29T08:01:08.008+0000] {processor.py:829} INFO - Processing file /home/ubuntu/airflow_venv/lib/python3.10/site-packages/airflow/example_dags/example_branch_operator.py for tasks to queue
[2023-09-29T08:01:08.009+0000] {logging_mixin.py:151} INFO - [2023-09-29T08:01:08.008+0000] {dagbag.py:539} INFO - Filling up the DagBag from /home/ubuntu/airflow_venv/lib/python3.10/site-packages/airflow/example_dags/example_branch_operator.py
[2023-09-29T08:01:08.019+0000] {processor.py:839} INFO - DAG(s) dict_keys(['example_branch_operator']) retrieved from /home/ubuntu/airflow_venv/lib/python3.10/site-packages/airflow/example_dags/example_branch_operator.py
[2023-09-29T08:01:08.039+0000] {logging_mixin.py:151} INFO - [2023-09-29T08:01:08.039+0000] {dag.py:2915} INFO - Sync 1 DAGs
[2023-09-29T08:01:08.062+0000] {logging_mixin.py:151} INFO - [2023-09-29T08:01:08.062+0000] {dag.py:3696} INFO - Setting next_dagrun for example_branch_operator to 2023-09-28T00:00:00+00:00, run_after=2023-09-29T00:00:00+00:00
[2023-09-29T08:01:08.087+0000] {processor.py:179} INFO - Processing /home/ubuntu/airflow_venv/lib/python3.10/site-packages/airflow/example_dags/example_branch_operator.py took 0.084 seconds
[2023-09-29T08:02:06.449+0000] {processor.py:157} INFO - Started process (PID=1742) to work on /home/ubuntu/airflow_venv/lib/python3.10/site-packages/airflow/example_dags/example_branch_operator.py
[2023-09-29T08:02:06.451+0000] {processor.py:829} INFO - Processing file /home/ubuntu/airflow_venv/lib/python3.10/site-packages/airflow/example_dags/example_branch_operator.py for tasks to queue
[2023-09-29T08:02:06.451+0000] {logging_mixin.py:151} INFO - [2023-09-29T08:02:06.451+0000] {dagbag.py:539} INFO - Filling up the DagBag from /home/ubuntu/airflow_venv/lib/python3.10/site-packages/airflow/example_dags/example_branch_operator.py
[2023-09-29T08:02:06.461+0000] {processor.py:839} INFO - DAG(s) dict_keys(['example_branch_operator']) retrieved from /home/ubuntu/airflow_venv/lib/python3.10/site-packages/airflow/example_dags/example_branch_operator.py
[2023-09-29T08:02:06.480+0000] {logging_mixin.py:151} INFO - [2023-09-29T08:02:06.480+0000] {dag.py:2915} INFO - Sync 1 DAGs
[2023-09-29T08:02:06.499+0000] {logging_mixin.py:151} INFO - [2023-09-29T08:02:06.499+0000] {dag.py:3696} INFO - Setting next_dagrun for example_branch_operator to 2023-09-28T00:00:00+00:00, run_after=2023-09-29T00:00:00+00:00
[2023-09-29T08:02:06.530+0000] {processor.py:179} INFO - Processing /home/ubuntu/airflow_venv/lib/python3.10/site-packages/airflow/example_dags/example_branch_operator.py took 0.084 seconds
[2023-09-29T08:02:59.787+0000] {processor.py:157} INFO - Started process (PID=1797) to work on /home/ubuntu/airflow_venv/lib/python3.10/site-packages/airflow/example_dags/example_branch_operator.py
[2023-09-29T08:02:59.788+0000] {processor.py:829} INFO - Processing file /home/ubuntu/airflow_venv/lib/python3.10/site-packages/airflow/example_dags/example_branch_operator.py for tasks to queue
[2023-09-29T08:02:59.793+0000] {logging_mixin.py:151} INFO - [2023-09-29T08:02:59.792+0000] {dagbag.py:539} INFO - Filling up the DagBag from /home/ubuntu/airflow_venv/lib/python3.10/site-packages/airflow/example_dags/example_branch_operator.py
[2023-09-29T08:02:59.810+0000] {processor.py:839} INFO - DAG(s) dict_keys(['example_branch_operator']) retrieved from /home/ubuntu/airflow_venv/lib/python3.10/site-packages/airflow/example_dags/example_branch_operator.py
[2023-09-29T08:02:59.845+0000] {logging_mixin.py:151} INFO - [2023-09-29T08:02:59.844+0000] {dag.py:2915} INFO - Sync 1 DAGs
[2023-09-29T08:02:59.897+0000] {logging_mixin.py:151} INFO - [2023-09-29T08:02:59.897+0000] {dag.py:3696} INFO - Setting next_dagrun for example_branch_operator to 2023-09-28T00:00:00+00:00, run_after=2023-09-29T00:00:00+00:00
[2023-09-29T08:02:59.922+0000] {processor.py:179} INFO - Processing /home/ubuntu/airflow_venv/lib/python3.10/site-packages/airflow/example_dags/example_branch_operator.py took 0.147 seconds
[2023-09-29T08:03:52.192+0000] {processor.py:157} INFO - Started process (PID=1850) to work on /home/ubuntu/airflow_venv/lib/python3.10/site-packages/airflow/example_dags/example_branch_operator.py
[2023-09-29T08:03:52.193+0000] {processor.py:829} INFO - Processing file /home/ubuntu/airflow_venv/lib/python3.10/site-packages/airflow/example_dags/example_branch_operator.py for tasks to queue
[2023-09-29T08:03:52.194+0000] {logging_mixin.py:151} INFO - [2023-09-29T08:03:52.194+0000] {dagbag.py:539} INFO - Filling up the DagBag from /home/ubuntu/airflow_venv/lib/python3.10/site-packages/airflow/example_dags/example_branch_operator.py
[2023-09-29T08:03:52.203+0000] {processor.py:839} INFO - DAG(s) dict_keys(['example_branch_operator']) retrieved from /home/ubuntu/airflow_venv/lib/python3.10/site-packages/airflow/example_dags/example_branch_operator.py
[2023-09-29T08:03:52.223+0000] {logging_mixin.py:151} INFO - [2023-09-29T08:03:52.223+0000] {dag.py:2915} INFO - Sync 1 DAGs
[2023-09-29T08:03:52.244+0000] {logging_mixin.py:151} INFO - [2023-09-29T08:03:52.244+0000] {dag.py:3696} INFO - Setting next_dagrun for example_branch_operator to 2023-09-28T00:00:00+00:00, run_after=2023-09-29T00:00:00+00:00
[2023-09-29T08:03:52.266+0000] {processor.py:179} INFO - Processing /home/ubuntu/airflow_venv/lib/python3.10/site-packages/airflow/example_dags/example_branch_operator.py took 0.077 seconds
[2023-09-29T08:04:46.066+0000] {processor.py:157} INFO - Started process (PID=1906) to work on /home/ubuntu/airflow_venv/lib/python3.10/site-packages/airflow/example_dags/example_branch_operator.py
[2023-09-29T08:04:46.068+0000] {processor.py:829} INFO - Processing file /home/ubuntu/airflow_venv/lib/python3.10/site-packages/airflow/example_dags/example_branch_operator.py for tasks to queue
[2023-09-29T08:04:46.068+0000] {logging_mixin.py:151} INFO - [2023-09-29T08:04:46.068+0000] {dagbag.py:539} INFO - Filling up the DagBag from /home/ubuntu/airflow_venv/lib/python3.10/site-packages/airflow/example_dags/example_branch_operator.py
[2023-09-29T08:04:46.078+0000] {processor.py:839} INFO - DAG(s) dict_keys(['example_branch_operator']) retrieved from /home/ubuntu/airflow_venv/lib/python3.10/site-packages/airflow/example_dags/example_branch_operator.py
[2023-09-29T08:04:46.097+0000] {logging_mixin.py:151} INFO - [2023-09-29T08:04:46.096+0000] {dag.py:2915} INFO - Sync 1 DAGs
[2023-09-29T08:04:46.117+0000] {logging_mixin.py:151} INFO - [2023-09-29T08:04:46.116+0000] {dag.py:3696} INFO - Setting next_dagrun for example_branch_operator to 2023-09-28T00:00:00+00:00, run_after=2023-09-29T00:00:00+00:00
[2023-09-29T08:04:46.137+0000] {processor.py:179} INFO - Processing /home/ubuntu/airflow_venv/lib/python3.10/site-packages/airflow/example_dags/example_branch_operator.py took 0.073 seconds
[2023-09-29T08:05:34.388+0000] {processor.py:157} INFO - Started process (PID=1956) to work on /home/ubuntu/airflow_venv/lib/python3.10/site-packages/airflow/example_dags/example_branch_operator.py
[2023-09-29T08:05:34.389+0000] {processor.py:829} INFO - Processing file /home/ubuntu/airflow_venv/lib/python3.10/site-packages/airflow/example_dags/example_branch_operator.py for tasks to queue
[2023-09-29T08:05:34.390+0000] {logging_mixin.py:151} INFO - [2023-09-29T08:05:34.390+0000] {dagbag.py:539} INFO - Filling up the DagBag from /home/ubuntu/airflow_venv/lib/python3.10/site-packages/airflow/example_dags/example_branch_operator.py
[2023-09-29T08:05:34.399+0000] {processor.py:839} INFO - DAG(s) dict_keys(['example_branch_operator']) retrieved from /home/ubuntu/airflow_venv/lib/python3.10/site-packages/airflow/example_dags/example_branch_operator.py
[2023-09-29T08:05:34.419+0000] {logging_mixin.py:151} INFO - [2023-09-29T08:05:34.419+0000] {dag.py:2915} INFO - Sync 1 DAGs
[2023-09-29T08:05:34.439+0000] {logging_mixin.py:151} INFO - [2023-09-29T08:05:34.438+0000] {dag.py:3696} INFO - Setting next_dagrun for example_branch_operator to 2023-09-28T00:00:00+00:00, run_after=2023-09-29T00:00:00+00:00
[2023-09-29T08:05:34.462+0000] {processor.py:179} INFO - Processing /home/ubuntu/airflow_venv/lib/python3.10/site-packages/airflow/example_dags/example_branch_operator.py took 0.077 seconds
[2023-09-29T08:06:29.782+0000] {processor.py:157} INFO - Started process (PID=2012) to work on /home/ubuntu/airflow_venv/lib/python3.10/site-packages/airflow/example_dags/example_branch_operator.py
[2023-09-29T08:06:29.784+0000] {processor.py:829} INFO - Processing file /home/ubuntu/airflow_venv/lib/python3.10/site-packages/airflow/example_dags/example_branch_operator.py for tasks to queue
[2023-09-29T08:06:29.785+0000] {logging_mixin.py:151} INFO - [2023-09-29T08:06:29.784+0000] {dagbag.py:539} INFO - Filling up the DagBag from /home/ubuntu/airflow_venv/lib/python3.10/site-packages/airflow/example_dags/example_branch_operator.py
[2023-09-29T08:06:29.795+0000] {processor.py:839} INFO - DAG(s) dict_keys(['example_branch_operator']) retrieved from /home/ubuntu/airflow_venv/lib/python3.10/site-packages/airflow/example_dags/example_branch_operator.py
[2023-09-29T08:06:29.816+0000] {logging_mixin.py:151} INFO - [2023-09-29T08:06:29.816+0000] {dag.py:2915} INFO - Sync 1 DAGs
[2023-09-29T08:06:29.837+0000] {logging_mixin.py:151} INFO - [2023-09-29T08:06:29.837+0000] {dag.py:3696} INFO - Setting next_dagrun for example_branch_operator to 2023-09-28T00:00:00+00:00, run_after=2023-09-29T00:00:00+00:00
[2023-09-29T08:06:29.858+0000] {processor.py:179} INFO - Processing /home/ubuntu/airflow_venv/lib/python3.10/site-packages/airflow/example_dags/example_branch_operator.py took 0.079 seconds
[2023-09-29T08:07:16.769+0000] {processor.py:157} INFO - Started process (PID=2062) to work on /home/ubuntu/airflow_venv/lib/python3.10/site-packages/airflow/example_dags/example_branch_operator.py
[2023-09-29T08:07:16.770+0000] {processor.py:829} INFO - Processing file /home/ubuntu/airflow_venv/lib/python3.10/site-packages/airflow/example_dags/example_branch_operator.py for tasks to queue
[2023-09-29T08:07:16.770+0000] {logging_mixin.py:151} INFO - [2023-09-29T08:07:16.770+0000] {dagbag.py:539} INFO - Filling up the DagBag from /home/ubuntu/airflow_venv/lib/python3.10/site-packages/airflow/example_dags/example_branch_operator.py
[2023-09-29T08:07:16.779+0000] {processor.py:839} INFO - DAG(s) dict_keys(['example_branch_operator']) retrieved from /home/ubuntu/airflow_venv/lib/python3.10/site-packages/airflow/example_dags/example_branch_operator.py
[2023-09-29T08:07:16.798+0000] {logging_mixin.py:151} INFO - [2023-09-29T08:07:16.797+0000] {dag.py:2915} INFO - Sync 1 DAGs
[2023-09-29T08:07:16.817+0000] {logging_mixin.py:151} INFO - [2023-09-29T08:07:16.817+0000] {dag.py:3696} INFO - Setting next_dagrun for example_branch_operator to 2023-09-28T00:00:00+00:00, run_after=2023-09-29T00:00:00+00:00
[2023-09-29T08:07:16.839+0000] {processor.py:179} INFO - Processing /home/ubuntu/airflow_venv/lib/python3.10/site-packages/airflow/example_dags/example_branch_operator.py took 0.074 seconds
[2023-09-29T08:08:07.894+0000] {processor.py:157} INFO - Started process (PID=2324) to work on /home/ubuntu/airflow_venv/lib/python3.10/site-packages/airflow/example_dags/example_branch_operator.py
[2023-09-29T08:08:07.896+0000] {processor.py:829} INFO - Processing file /home/ubuntu/airflow_venv/lib/python3.10/site-packages/airflow/example_dags/example_branch_operator.py for tasks to queue
[2023-09-29T08:08:07.897+0000] {logging_mixin.py:151} INFO - [2023-09-29T08:08:07.897+0000] {dagbag.py:539} INFO - Filling up the DagBag from /home/ubuntu/airflow_venv/lib/python3.10/site-packages/airflow/example_dags/example_branch_operator.py
[2023-09-29T08:08:07.907+0000] {processor.py:839} INFO - DAG(s) dict_keys(['example_branch_operator']) retrieved from /home/ubuntu/airflow_venv/lib/python3.10/site-packages/airflow/example_dags/example_branch_operator.py
[2023-09-29T08:08:07.927+0000] {logging_mixin.py:151} INFO - [2023-09-29T08:08:07.927+0000] {dag.py:2915} INFO - Sync 1 DAGs
[2023-09-29T08:08:07.948+0000] {logging_mixin.py:151} INFO - [2023-09-29T08:08:07.947+0000] {dag.py:3696} INFO - Setting next_dagrun for example_branch_operator to 2023-09-28T00:00:00+00:00, run_after=2023-09-29T00:00:00+00:00
[2023-09-29T08:08:07.968+0000] {processor.py:179} INFO - Processing /home/ubuntu/airflow_venv/lib/python3.10/site-packages/airflow/example_dags/example_branch_operator.py took 0.077 seconds
[2023-09-29T08:09:00.844+0000] {processor.py:157} INFO - Started process (PID=2378) to work on /home/ubuntu/airflow_venv/lib/python3.10/site-packages/airflow/example_dags/example_branch_operator.py
[2023-09-29T08:09:00.846+0000] {processor.py:829} INFO - Processing file /home/ubuntu/airflow_venv/lib/python3.10/site-packages/airflow/example_dags/example_branch_operator.py for tasks to queue
[2023-09-29T08:09:00.846+0000] {logging_mixin.py:151} INFO - [2023-09-29T08:09:00.846+0000] {dagbag.py:539} INFO - Filling up the DagBag from /home/ubuntu/airflow_venv/lib/python3.10/site-packages/airflow/example_dags/example_branch_operator.py
[2023-09-29T08:09:00.856+0000] {processor.py:839} INFO - DAG(s) dict_keys(['example_branch_operator']) retrieved from /home/ubuntu/airflow_venv/lib/python3.10/site-packages/airflow/example_dags/example_branch_operator.py
[2023-09-29T08:09:00.890+0000] {logging_mixin.py:151} INFO - [2023-09-29T08:09:00.890+0000] {dag.py:2915} INFO - Sync 1 DAGs
[2023-09-29T08:09:00.912+0000] {logging_mixin.py:151} INFO - [2023-09-29T08:09:00.911+0000] {dag.py:3696} INFO - Setting next_dagrun for example_branch_operator to 2023-09-28T00:00:00+00:00, run_after=2023-09-29T00:00:00+00:00
[2023-09-29T08:09:00.932+0000] {processor.py:179} INFO - Processing /home/ubuntu/airflow_venv/lib/python3.10/site-packages/airflow/example_dags/example_branch_operator.py took 0.091 seconds
