[2023-09-29T07:22:27.740+0000] {processor.py:157} INFO - Started process (PID=12196) to work on /home/ubuntu/airflow_venv/lib/python3.10/site-packages/airflow/example_dags/example_time_delta_sensor_async.py
[2023-09-29T07:22:27.741+0000] {processor.py:829} INFO - Processing file /home/ubuntu/airflow_venv/lib/python3.10/site-packages/airflow/example_dags/example_time_delta_sensor_async.py for tasks to queue
[2023-09-29T07:22:27.742+0000] {logging_mixin.py:151} INFO - [2023-09-29T07:22:27.741+0000] {dagbag.py:539} INFO - Filling up the DagBag from /home/ubuntu/airflow_venv/lib/python3.10/site-packages/airflow/example_dags/example_time_delta_sensor_async.py
[2023-09-29T07:22:27.746+0000] {processor.py:839} INFO - DAG(s) dict_keys(['example_time_delta_sensor_async']) retrieved from /home/ubuntu/airflow_venv/lib/python3.10/site-packages/airflow/example_dags/example_time_delta_sensor_async.py
[2023-09-29T07:22:27.756+0000] {logging_mixin.py:151} INFO - [2023-09-29T07:22:27.755+0000] {dag.py:2915} INFO - Sync 1 DAGs
[2023-09-29T07:22:27.775+0000] {logging_mixin.py:151} INFO - [2023-09-29T07:22:27.775+0000] {dag.py:3696} INFO - Setting next_dagrun for example_time_delta_sensor_async to None, run_after=None
[2023-09-29T07:22:27.812+0000] {processor.py:179} INFO - Processing /home/ubuntu/airflow_venv/lib/python3.10/site-packages/airflow/example_dags/example_time_delta_sensor_async.py took 0.076 seconds
[2023-09-29T07:23:17.059+0000] {processor.py:157} INFO - Started process (PID=12245) to work on /home/ubuntu/airflow_venv/lib/python3.10/site-packages/airflow/example_dags/example_time_delta_sensor_async.py
[2023-09-29T07:23:17.060+0000] {processor.py:829} INFO - Processing file /home/ubuntu/airflow_venv/lib/python3.10/site-packages/airflow/example_dags/example_time_delta_sensor_async.py for tasks to queue
[2023-09-29T07:23:17.061+0000] {logging_mixin.py:151} INFO - [2023-09-29T07:23:17.061+0000] {dagbag.py:539} INFO - Filling up the DagBag from /home/ubuntu/airflow_venv/lib/python3.10/site-packages/airflow/example_dags/example_time_delta_sensor_async.py
[2023-09-29T07:23:17.065+0000] {processor.py:839} INFO - DAG(s) dict_keys(['example_time_delta_sensor_async']) retrieved from /home/ubuntu/airflow_venv/lib/python3.10/site-packages/airflow/example_dags/example_time_delta_sensor_async.py
[2023-09-29T07:23:17.083+0000] {logging_mixin.py:151} INFO - [2023-09-29T07:23:17.083+0000] {dag.py:2915} INFO - Sync 1 DAGs
[2023-09-29T07:23:17.094+0000] {logging_mixin.py:151} INFO - [2023-09-29T07:23:17.094+0000] {dag.py:3696} INFO - Setting next_dagrun for example_time_delta_sensor_async to None, run_after=None
[2023-09-29T07:23:17.269+0000] {processor.py:179} INFO - Processing /home/ubuntu/airflow_venv/lib/python3.10/site-packages/airflow/example_dags/example_time_delta_sensor_async.py took 0.213 seconds
[2023-09-29T07:28:25.996+0000] {processor.py:157} INFO - Started process (PID=12871) to work on /home/ubuntu/airflow_venv/lib/python3.10/site-packages/airflow/example_dags/example_time_delta_sensor_async.py
[2023-09-29T07:28:25.997+0000] {processor.py:829} INFO - Processing file /home/ubuntu/airflow_venv/lib/python3.10/site-packages/airflow/example_dags/example_time_delta_sensor_async.py for tasks to queue
[2023-09-29T07:28:25.998+0000] {logging_mixin.py:151} INFO - [2023-09-29T07:28:25.998+0000] {dagbag.py:539} INFO - Filling up the DagBag from /home/ubuntu/airflow_venv/lib/python3.10/site-packages/airflow/example_dags/example_time_delta_sensor_async.py
[2023-09-29T07:28:26.007+0000] {processor.py:839} INFO - DAG(s) dict_keys(['example_time_delta_sensor_async']) retrieved from /home/ubuntu/airflow_venv/lib/python3.10/site-packages/airflow/example_dags/example_time_delta_sensor_async.py
[2023-09-29T07:28:26.043+0000] {logging_mixin.py:151} INFO - [2023-09-29T07:28:26.043+0000] {dag.py:2915} INFO - Sync 1 DAGs
[2023-09-29T07:28:26.060+0000] {logging_mixin.py:151} INFO - [2023-09-29T07:28:26.060+0000] {dag.py:3696} INFO - Setting next_dagrun for example_time_delta_sensor_async to None, run_after=None
[2023-09-29T07:28:26.079+0000] {processor.py:179} INFO - Processing /home/ubuntu/airflow_venv/lib/python3.10/site-packages/airflow/example_dags/example_time_delta_sensor_async.py took 0.086 seconds
[2023-09-29T07:29:13.168+0000] {processor.py:157} INFO - Started process (PID=12919) to work on /home/ubuntu/airflow_venv/lib/python3.10/site-packages/airflow/example_dags/example_time_delta_sensor_async.py
[2023-09-29T07:29:13.169+0000] {processor.py:829} INFO - Processing file /home/ubuntu/airflow_venv/lib/python3.10/site-packages/airflow/example_dags/example_time_delta_sensor_async.py for tasks to queue
[2023-09-29T07:29:13.170+0000] {logging_mixin.py:151} INFO - [2023-09-29T07:29:13.169+0000] {dagbag.py:539} INFO - Filling up the DagBag from /home/ubuntu/airflow_venv/lib/python3.10/site-packages/airflow/example_dags/example_time_delta_sensor_async.py
[2023-09-29T07:29:13.175+0000] {processor.py:839} INFO - DAG(s) dict_keys(['example_time_delta_sensor_async']) retrieved from /home/ubuntu/airflow_venv/lib/python3.10/site-packages/airflow/example_dags/example_time_delta_sensor_async.py
[2023-09-29T07:29:13.194+0000] {logging_mixin.py:151} INFO - [2023-09-29T07:29:13.194+0000] {dag.py:2915} INFO - Sync 1 DAGs
[2023-09-29T07:29:13.206+0000] {logging_mixin.py:151} INFO - [2023-09-29T07:29:13.206+0000] {dag.py:3696} INFO - Setting next_dagrun for example_time_delta_sensor_async to None, run_after=None
[2023-09-29T07:29:13.232+0000] {processor.py:179} INFO - Processing /home/ubuntu/airflow_venv/lib/python3.10/site-packages/airflow/example_dags/example_time_delta_sensor_async.py took 0.068 seconds
[2023-09-29T07:30:08.558+0000] {processor.py:157} INFO - Started process (PID=12976) to work on /home/ubuntu/airflow_venv/lib/python3.10/site-packages/airflow/example_dags/example_time_delta_sensor_async.py
[2023-09-29T07:30:08.560+0000] {processor.py:829} INFO - Processing file /home/ubuntu/airflow_venv/lib/python3.10/site-packages/airflow/example_dags/example_time_delta_sensor_async.py for tasks to queue
[2023-09-29T07:30:08.561+0000] {logging_mixin.py:151} INFO - [2023-09-29T07:30:08.561+0000] {dagbag.py:539} INFO - Filling up the DagBag from /home/ubuntu/airflow_venv/lib/python3.10/site-packages/airflow/example_dags/example_time_delta_sensor_async.py
[2023-09-29T07:30:08.568+0000] {processor.py:839} INFO - DAG(s) dict_keys(['example_time_delta_sensor_async']) retrieved from /home/ubuntu/airflow_venv/lib/python3.10/site-packages/airflow/example_dags/example_time_delta_sensor_async.py
[2023-09-29T07:30:08.638+0000] {logging_mixin.py:151} INFO - [2023-09-29T07:30:08.637+0000] {dag.py:2915} INFO - Sync 1 DAGs
[2023-09-29T07:30:08.662+0000] {logging_mixin.py:151} INFO - [2023-09-29T07:30:08.662+0000] {dag.py:3696} INFO - Setting next_dagrun for example_time_delta_sensor_async to None, run_after=None
[2023-09-29T07:30:08.694+0000] {processor.py:179} INFO - Processing /home/ubuntu/airflow_venv/lib/python3.10/site-packages/airflow/example_dags/example_time_delta_sensor_async.py took 0.141 seconds
[2023-09-29T07:31:03.809+0000] {processor.py:157} INFO - Started process (PID=13034) to work on /home/ubuntu/airflow_venv/lib/python3.10/site-packages/airflow/example_dags/example_time_delta_sensor_async.py
[2023-09-29T07:31:03.810+0000] {processor.py:829} INFO - Processing file /home/ubuntu/airflow_venv/lib/python3.10/site-packages/airflow/example_dags/example_time_delta_sensor_async.py for tasks to queue
[2023-09-29T07:31:03.811+0000] {logging_mixin.py:151} INFO - [2023-09-29T07:31:03.811+0000] {dagbag.py:539} INFO - Filling up the DagBag from /home/ubuntu/airflow_venv/lib/python3.10/site-packages/airflow/example_dags/example_time_delta_sensor_async.py
[2023-09-29T07:31:03.816+0000] {processor.py:839} INFO - DAG(s) dict_keys(['example_time_delta_sensor_async']) retrieved from /home/ubuntu/airflow_venv/lib/python3.10/site-packages/airflow/example_dags/example_time_delta_sensor_async.py
[2023-09-29T07:31:03.833+0000] {logging_mixin.py:151} INFO - [2023-09-29T07:31:03.833+0000] {dag.py:2915} INFO - Sync 1 DAGs
[2023-09-29T07:31:03.843+0000] {logging_mixin.py:151} INFO - [2023-09-29T07:31:03.843+0000] {dag.py:3696} INFO - Setting next_dagrun for example_time_delta_sensor_async to None, run_after=None
[2023-09-29T07:31:03.864+0000] {processor.py:179} INFO - Processing /home/ubuntu/airflow_venv/lib/python3.10/site-packages/airflow/example_dags/example_time_delta_sensor_async.py took 0.058 seconds
[2023-09-29T07:43:19.089+0000] {processor.py:157} INFO - Started process (PID=1210) to work on /home/ubuntu/airflow_venv/lib/python3.10/site-packages/airflow/example_dags/example_time_delta_sensor_async.py
[2023-09-29T07:43:19.091+0000] {processor.py:829} INFO - Processing file /home/ubuntu/airflow_venv/lib/python3.10/site-packages/airflow/example_dags/example_time_delta_sensor_async.py for tasks to queue
[2023-09-29T07:43:19.092+0000] {logging_mixin.py:151} INFO - [2023-09-29T07:43:19.091+0000] {dagbag.py:539} INFO - Filling up the DagBag from /home/ubuntu/airflow_venv/lib/python3.10/site-packages/airflow/example_dags/example_time_delta_sensor_async.py
[2023-09-29T07:43:19.097+0000] {processor.py:839} INFO - DAG(s) dict_keys(['example_time_delta_sensor_async']) retrieved from /home/ubuntu/airflow_venv/lib/python3.10/site-packages/airflow/example_dags/example_time_delta_sensor_async.py
[2023-09-29T07:43:19.106+0000] {logging_mixin.py:151} INFO - [2023-09-29T07:43:19.105+0000] {dag.py:2915} INFO - Sync 1 DAGs
[2023-09-29T07:43:19.120+0000] {logging_mixin.py:151} INFO - [2023-09-29T07:43:19.120+0000] {dag.py:3696} INFO - Setting next_dagrun for example_time_delta_sensor_async to None, run_after=None
[2023-09-29T07:43:19.140+0000] {processor.py:179} INFO - Processing /home/ubuntu/airflow_venv/lib/python3.10/site-packages/airflow/example_dags/example_time_delta_sensor_async.py took 0.054 seconds
[2023-09-29T07:44:10.197+0000] {processor.py:157} INFO - Started process (PID=1258) to work on /home/ubuntu/airflow_venv/lib/python3.10/site-packages/airflow/example_dags/example_time_delta_sensor_async.py
[2023-09-29T07:44:10.199+0000] {processor.py:829} INFO - Processing file /home/ubuntu/airflow_venv/lib/python3.10/site-packages/airflow/example_dags/example_time_delta_sensor_async.py for tasks to queue
[2023-09-29T07:44:10.200+0000] {logging_mixin.py:151} INFO - [2023-09-29T07:44:10.199+0000] {dagbag.py:539} INFO - Filling up the DagBag from /home/ubuntu/airflow_venv/lib/python3.10/site-packages/airflow/example_dags/example_time_delta_sensor_async.py
[2023-09-29T07:44:10.206+0000] {processor.py:839} INFO - DAG(s) dict_keys(['example_time_delta_sensor_async']) retrieved from /home/ubuntu/airflow_venv/lib/python3.10/site-packages/airflow/example_dags/example_time_delta_sensor_async.py
[2023-09-29T07:44:10.230+0000] {logging_mixin.py:151} INFO - [2023-09-29T07:44:10.229+0000] {dag.py:2915} INFO - Sync 1 DAGs
[2023-09-29T07:44:10.251+0000] {logging_mixin.py:151} INFO - [2023-09-29T07:44:10.250+0000] {dag.py:3696} INFO - Setting next_dagrun for example_time_delta_sensor_async to None, run_after=None
[2023-09-29T07:44:10.298+0000] {processor.py:179} INFO - Processing /home/ubuntu/airflow_venv/lib/python3.10/site-packages/airflow/example_dags/example_time_delta_sensor_async.py took 0.105 seconds
[2023-09-29T07:45:04.634+0000] {processor.py:157} INFO - Started process (PID=1308) to work on /home/ubuntu/airflow_venv/lib/python3.10/site-packages/airflow/example_dags/example_time_delta_sensor_async.py
[2023-09-29T07:45:04.638+0000] {processor.py:829} INFO - Processing file /home/ubuntu/airflow_venv/lib/python3.10/site-packages/airflow/example_dags/example_time_delta_sensor_async.py for tasks to queue
[2023-09-29T07:45:04.639+0000] {logging_mixin.py:151} INFO - [2023-09-29T07:45:04.639+0000] {dagbag.py:539} INFO - Filling up the DagBag from /home/ubuntu/airflow_venv/lib/python3.10/site-packages/airflow/example_dags/example_time_delta_sensor_async.py
[2023-09-29T07:45:04.650+0000] {processor.py:839} INFO - DAG(s) dict_keys(['example_time_delta_sensor_async']) retrieved from /home/ubuntu/airflow_venv/lib/python3.10/site-packages/airflow/example_dags/example_time_delta_sensor_async.py
[2023-09-29T07:45:04.827+0000] {logging_mixin.py:151} INFO - [2023-09-29T07:45:04.826+0000] {dag.py:2915} INFO - Sync 1 DAGs
[2023-09-29T07:45:04.836+0000] {logging_mixin.py:151} INFO - [2023-09-29T07:45:04.836+0000] {dag.py:3696} INFO - Setting next_dagrun for example_time_delta_sensor_async to None, run_after=None
[2023-09-29T07:45:04.858+0000] {processor.py:179} INFO - Processing /home/ubuntu/airflow_venv/lib/python3.10/site-packages/airflow/example_dags/example_time_delta_sensor_async.py took 0.231 seconds
[2023-09-29T07:55:14.501+0000] {processor.py:157} INFO - Started process (PID=1334) to work on /home/ubuntu/airflow_venv/lib/python3.10/site-packages/airflow/example_dags/example_time_delta_sensor_async.py
[2023-09-29T07:55:14.502+0000] {processor.py:829} INFO - Processing file /home/ubuntu/airflow_venv/lib/python3.10/site-packages/airflow/example_dags/example_time_delta_sensor_async.py for tasks to queue
[2023-09-29T07:55:14.503+0000] {logging_mixin.py:151} INFO - [2023-09-29T07:55:14.503+0000] {dagbag.py:539} INFO - Filling up the DagBag from /home/ubuntu/airflow_venv/lib/python3.10/site-packages/airflow/example_dags/example_time_delta_sensor_async.py
[2023-09-29T07:55:14.509+0000] {processor.py:839} INFO - DAG(s) dict_keys(['example_time_delta_sensor_async']) retrieved from /home/ubuntu/airflow_venv/lib/python3.10/site-packages/airflow/example_dags/example_time_delta_sensor_async.py
[2023-09-29T07:55:14.520+0000] {logging_mixin.py:151} INFO - [2023-09-29T07:55:14.520+0000] {dag.py:2915} INFO - Sync 1 DAGs
[2023-09-29T07:55:14.540+0000] {logging_mixin.py:151} INFO - [2023-09-29T07:55:14.540+0000] {dag.py:3696} INFO - Setting next_dagrun for example_time_delta_sensor_async to None, run_after=None
[2023-09-29T07:55:14.567+0000] {processor.py:179} INFO - Processing /home/ubuntu/airflow_venv/lib/python3.10/site-packages/airflow/example_dags/example_time_delta_sensor_async.py took 0.070 seconds
[2023-09-29T07:56:08.932+0000] {processor.py:157} INFO - Started process (PID=1388) to work on /home/ubuntu/airflow_venv/lib/python3.10/site-packages/airflow/example_dags/example_time_delta_sensor_async.py
[2023-09-29T07:56:08.933+0000] {processor.py:829} INFO - Processing file /home/ubuntu/airflow_venv/lib/python3.10/site-packages/airflow/example_dags/example_time_delta_sensor_async.py for tasks to queue
[2023-09-29T07:56:08.934+0000] {logging_mixin.py:151} INFO - [2023-09-29T07:56:08.934+0000] {dagbag.py:539} INFO - Filling up the DagBag from /home/ubuntu/airflow_venv/lib/python3.10/site-packages/airflow/example_dags/example_time_delta_sensor_async.py
[2023-09-29T07:56:08.939+0000] {processor.py:839} INFO - DAG(s) dict_keys(['example_time_delta_sensor_async']) retrieved from /home/ubuntu/airflow_venv/lib/python3.10/site-packages/airflow/example_dags/example_time_delta_sensor_async.py
[2023-09-29T07:56:08.956+0000] {logging_mixin.py:151} INFO - [2023-09-29T07:56:08.956+0000] {dag.py:2915} INFO - Sync 1 DAGs
[2023-09-29T07:56:08.975+0000] {logging_mixin.py:151} INFO - [2023-09-29T07:56:08.974+0000] {dag.py:3696} INFO - Setting next_dagrun for example_time_delta_sensor_async to None, run_after=None
[2023-09-29T07:56:08.998+0000] {processor.py:179} INFO - Processing /home/ubuntu/airflow_venv/lib/python3.10/site-packages/airflow/example_dags/example_time_delta_sensor_async.py took 0.068 seconds
[2023-09-29T07:57:05.550+0000] {processor.py:157} INFO - Started process (PID=1436) to work on /home/ubuntu/airflow_venv/lib/python3.10/site-packages/airflow/example_dags/example_time_delta_sensor_async.py
[2023-09-29T07:57:05.551+0000] {processor.py:829} INFO - Processing file /home/ubuntu/airflow_venv/lib/python3.10/site-packages/airflow/example_dags/example_time_delta_sensor_async.py for tasks to queue
[2023-09-29T07:57:05.552+0000] {logging_mixin.py:151} INFO - [2023-09-29T07:57:05.552+0000] {dagbag.py:539} INFO - Filling up the DagBag from /home/ubuntu/airflow_venv/lib/python3.10/site-packages/airflow/example_dags/example_time_delta_sensor_async.py
[2023-09-29T07:57:05.558+0000] {processor.py:839} INFO - DAG(s) dict_keys(['example_time_delta_sensor_async']) retrieved from /home/ubuntu/airflow_venv/lib/python3.10/site-packages/airflow/example_dags/example_time_delta_sensor_async.py
[2023-09-29T07:57:05.727+0000] {logging_mixin.py:151} INFO - [2023-09-29T07:57:05.727+0000] {dag.py:2915} INFO - Sync 1 DAGs
[2023-09-29T07:57:05.737+0000] {logging_mixin.py:151} INFO - [2023-09-29T07:57:05.737+0000] {dag.py:3696} INFO - Setting next_dagrun for example_time_delta_sensor_async to None, run_after=None
[2023-09-29T07:57:05.758+0000] {processor.py:179} INFO - Processing /home/ubuntu/airflow_venv/lib/python3.10/site-packages/airflow/example_dags/example_time_delta_sensor_async.py took 0.212 seconds
[2023-09-29T07:57:53.235+0000] {processor.py:157} INFO - Started process (PID=1482) to work on /home/ubuntu/airflow_venv/lib/python3.10/site-packages/airflow/example_dags/example_time_delta_sensor_async.py
[2023-09-29T07:57:53.236+0000] {processor.py:829} INFO - Processing file /home/ubuntu/airflow_venv/lib/python3.10/site-packages/airflow/example_dags/example_time_delta_sensor_async.py for tasks to queue
[2023-09-29T07:57:53.237+0000] {logging_mixin.py:151} INFO - [2023-09-29T07:57:53.237+0000] {dagbag.py:539} INFO - Filling up the DagBag from /home/ubuntu/airflow_venv/lib/python3.10/site-packages/airflow/example_dags/example_time_delta_sensor_async.py
[2023-09-29T07:57:53.242+0000] {processor.py:839} INFO - DAG(s) dict_keys(['example_time_delta_sensor_async']) retrieved from /home/ubuntu/airflow_venv/lib/python3.10/site-packages/airflow/example_dags/example_time_delta_sensor_async.py
[2023-09-29T07:57:53.260+0000] {logging_mixin.py:151} INFO - [2023-09-29T07:57:53.260+0000] {dag.py:2915} INFO - Sync 1 DAGs
[2023-09-29T07:57:53.271+0000] {logging_mixin.py:151} INFO - [2023-09-29T07:57:53.271+0000] {dag.py:3696} INFO - Setting next_dagrun for example_time_delta_sensor_async to None, run_after=None
[2023-09-29T07:57:53.293+0000] {processor.py:179} INFO - Processing /home/ubuntu/airflow_venv/lib/python3.10/site-packages/airflow/example_dags/example_time_delta_sensor_async.py took 0.062 seconds
[2023-09-29T07:58:35.506+0000] {processor.py:157} INFO - Started process (PID=1525) to work on /home/ubuntu/airflow_venv/lib/python3.10/site-packages/airflow/example_dags/example_time_delta_sensor_async.py
[2023-09-29T07:58:35.507+0000] {processor.py:829} INFO - Processing file /home/ubuntu/airflow_venv/lib/python3.10/site-packages/airflow/example_dags/example_time_delta_sensor_async.py for tasks to queue
[2023-09-29T07:58:35.508+0000] {logging_mixin.py:151} INFO - [2023-09-29T07:58:35.508+0000] {dagbag.py:539} INFO - Filling up the DagBag from /home/ubuntu/airflow_venv/lib/python3.10/site-packages/airflow/example_dags/example_time_delta_sensor_async.py
[2023-09-29T07:58:35.513+0000] {processor.py:839} INFO - DAG(s) dict_keys(['example_time_delta_sensor_async']) retrieved from /home/ubuntu/airflow_venv/lib/python3.10/site-packages/airflow/example_dags/example_time_delta_sensor_async.py
[2023-09-29T07:58:35.529+0000] {logging_mixin.py:151} INFO - [2023-09-29T07:58:35.528+0000] {dag.py:2915} INFO - Sync 1 DAGs
[2023-09-29T07:58:35.539+0000] {logging_mixin.py:151} INFO - [2023-09-29T07:58:35.539+0000] {dag.py:3696} INFO - Setting next_dagrun for example_time_delta_sensor_async to None, run_after=None
[2023-09-29T07:58:35.559+0000] {processor.py:179} INFO - Processing /home/ubuntu/airflow_venv/lib/python3.10/site-packages/airflow/example_dags/example_time_delta_sensor_async.py took 0.056 seconds
[2023-09-29T07:59:26.057+0000] {processor.py:157} INFO - Started process (PID=1581) to work on /home/ubuntu/airflow_venv/lib/python3.10/site-packages/airflow/example_dags/example_time_delta_sensor_async.py
[2023-09-29T07:59:26.058+0000] {processor.py:829} INFO - Processing file /home/ubuntu/airflow_venv/lib/python3.10/site-packages/airflow/example_dags/example_time_delta_sensor_async.py for tasks to queue
[2023-09-29T07:59:26.059+0000] {logging_mixin.py:151} INFO - [2023-09-29T07:59:26.059+0000] {dagbag.py:539} INFO - Filling up the DagBag from /home/ubuntu/airflow_venv/lib/python3.10/site-packages/airflow/example_dags/example_time_delta_sensor_async.py
[2023-09-29T07:59:26.064+0000] {processor.py:839} INFO - DAG(s) dict_keys(['example_time_delta_sensor_async']) retrieved from /home/ubuntu/airflow_venv/lib/python3.10/site-packages/airflow/example_dags/example_time_delta_sensor_async.py
[2023-09-29T07:59:26.080+0000] {logging_mixin.py:151} INFO - [2023-09-29T07:59:26.080+0000] {dag.py:2915} INFO - Sync 1 DAGs
[2023-09-29T07:59:26.091+0000] {logging_mixin.py:151} INFO - [2023-09-29T07:59:26.090+0000] {dag.py:3696} INFO - Setting next_dagrun for example_time_delta_sensor_async to None, run_after=None
[2023-09-29T07:59:26.111+0000] {processor.py:179} INFO - Processing /home/ubuntu/airflow_venv/lib/python3.10/site-packages/airflow/example_dags/example_time_delta_sensor_async.py took 0.057 seconds
[2023-09-29T08:00:35.657+0000] {processor.py:157} INFO - Started process (PID=1651) to work on /home/ubuntu/airflow_venv/lib/python3.10/site-packages/airflow/example_dags/example_time_delta_sensor_async.py
[2023-09-29T08:00:35.659+0000] {processor.py:829} INFO - Processing file /home/ubuntu/airflow_venv/lib/python3.10/site-packages/airflow/example_dags/example_time_delta_sensor_async.py for tasks to queue
[2023-09-29T08:00:35.664+0000] {logging_mixin.py:151} INFO - [2023-09-29T08:00:35.663+0000] {dagbag.py:539} INFO - Filling up the DagBag from /home/ubuntu/airflow_venv/lib/python3.10/site-packages/airflow/example_dags/example_time_delta_sensor_async.py
[2023-09-29T08:00:35.671+0000] {processor.py:839} INFO - DAG(s) dict_keys(['example_time_delta_sensor_async']) retrieved from /home/ubuntu/airflow_venv/lib/python3.10/site-packages/airflow/example_dags/example_time_delta_sensor_async.py
[2023-09-29T08:00:35.698+0000] {logging_mixin.py:151} INFO - [2023-09-29T08:00:35.698+0000] {dag.py:2915} INFO - Sync 1 DAGs
[2023-09-29T08:00:35.713+0000] {logging_mixin.py:151} INFO - [2023-09-29T08:00:35.712+0000] {dag.py:3696} INFO - Setting next_dagrun for example_time_delta_sensor_async to None, run_after=None
[2023-09-29T08:00:35.739+0000] {processor.py:179} INFO - Processing /home/ubuntu/airflow_venv/lib/python3.10/site-packages/airflow/example_dags/example_time_delta_sensor_async.py took 0.091 seconds
[2023-09-29T08:01:28.714+0000] {processor.py:157} INFO - Started process (PID=1703) to work on /home/ubuntu/airflow_venv/lib/python3.10/site-packages/airflow/example_dags/example_time_delta_sensor_async.py
[2023-09-29T08:01:28.725+0000] {processor.py:829} INFO - Processing file /home/ubuntu/airflow_venv/lib/python3.10/site-packages/airflow/example_dags/example_time_delta_sensor_async.py for tasks to queue
[2023-09-29T08:01:28.726+0000] {logging_mixin.py:151} INFO - [2023-09-29T08:01:28.726+0000] {dagbag.py:539} INFO - Filling up the DagBag from /home/ubuntu/airflow_venv/lib/python3.10/site-packages/airflow/example_dags/example_time_delta_sensor_async.py
[2023-09-29T08:01:28.743+0000] {processor.py:839} INFO - DAG(s) dict_keys(['example_time_delta_sensor_async']) retrieved from /home/ubuntu/airflow_venv/lib/python3.10/site-packages/airflow/example_dags/example_time_delta_sensor_async.py
[2023-09-29T08:01:28.771+0000] {logging_mixin.py:151} INFO - [2023-09-29T08:01:28.771+0000] {dag.py:2915} INFO - Sync 1 DAGs
[2023-09-29T08:01:28.783+0000] {logging_mixin.py:151} INFO - [2023-09-29T08:01:28.783+0000] {dag.py:3696} INFO - Setting next_dagrun for example_time_delta_sensor_async to None, run_after=None
[2023-09-29T08:01:28.804+0000] {processor.py:179} INFO - Processing /home/ubuntu/airflow_venv/lib/python3.10/site-packages/airflow/example_dags/example_time_delta_sensor_async.py took 0.093 seconds
[2023-09-29T08:02:25.149+0000] {processor.py:157} INFO - Started process (PID=1761) to work on /home/ubuntu/airflow_venv/lib/python3.10/site-packages/airflow/example_dags/example_time_delta_sensor_async.py
[2023-09-29T08:02:25.151+0000] {processor.py:829} INFO - Processing file /home/ubuntu/airflow_venv/lib/python3.10/site-packages/airflow/example_dags/example_time_delta_sensor_async.py for tasks to queue
[2023-09-29T08:02:25.151+0000] {logging_mixin.py:151} INFO - [2023-09-29T08:02:25.151+0000] {dagbag.py:539} INFO - Filling up the DagBag from /home/ubuntu/airflow_venv/lib/python3.10/site-packages/airflow/example_dags/example_time_delta_sensor_async.py
[2023-09-29T08:02:25.156+0000] {processor.py:839} INFO - DAG(s) dict_keys(['example_time_delta_sensor_async']) retrieved from /home/ubuntu/airflow_venv/lib/python3.10/site-packages/airflow/example_dags/example_time_delta_sensor_async.py
[2023-09-29T08:02:25.173+0000] {logging_mixin.py:151} INFO - [2023-09-29T08:02:25.172+0000] {dag.py:2915} INFO - Sync 1 DAGs
[2023-09-29T08:02:25.183+0000] {logging_mixin.py:151} INFO - [2023-09-29T08:02:25.183+0000] {dag.py:3696} INFO - Setting next_dagrun for example_time_delta_sensor_async to None, run_after=None
[2023-09-29T08:02:25.207+0000] {processor.py:179} INFO - Processing /home/ubuntu/airflow_venv/lib/python3.10/site-packages/airflow/example_dags/example_time_delta_sensor_async.py took 0.061 seconds
[2023-09-29T08:03:17.193+0000] {processor.py:157} INFO - Started process (PID=1814) to work on /home/ubuntu/airflow_venv/lib/python3.10/site-packages/airflow/example_dags/example_time_delta_sensor_async.py
[2023-09-29T08:03:17.195+0000] {processor.py:829} INFO - Processing file /home/ubuntu/airflow_venv/lib/python3.10/site-packages/airflow/example_dags/example_time_delta_sensor_async.py for tasks to queue
[2023-09-29T08:03:17.196+0000] {logging_mixin.py:151} INFO - [2023-09-29T08:03:17.196+0000] {dagbag.py:539} INFO - Filling up the DagBag from /home/ubuntu/airflow_venv/lib/python3.10/site-packages/airflow/example_dags/example_time_delta_sensor_async.py
[2023-09-29T08:03:17.203+0000] {processor.py:839} INFO - DAG(s) dict_keys(['example_time_delta_sensor_async']) retrieved from /home/ubuntu/airflow_venv/lib/python3.10/site-packages/airflow/example_dags/example_time_delta_sensor_async.py
[2023-09-29T08:03:17.234+0000] {logging_mixin.py:151} INFO - [2023-09-29T08:03:17.234+0000] {dag.py:2915} INFO - Sync 1 DAGs
[2023-09-29T08:03:17.256+0000] {logging_mixin.py:151} INFO - [2023-09-29T08:03:17.256+0000] {dag.py:3696} INFO - Setting next_dagrun for example_time_delta_sensor_async to None, run_after=None
[2023-09-29T08:03:17.283+0000] {processor.py:179} INFO - Processing /home/ubuntu/airflow_venv/lib/python3.10/site-packages/airflow/example_dags/example_time_delta_sensor_async.py took 0.095 seconds
[2023-09-29T08:04:09.291+0000] {processor.py:157} INFO - Started process (PID=1869) to work on /home/ubuntu/airflow_venv/lib/python3.10/site-packages/airflow/example_dags/example_time_delta_sensor_async.py
[2023-09-29T08:04:09.304+0000] {processor.py:829} INFO - Processing file /home/ubuntu/airflow_venv/lib/python3.10/site-packages/airflow/example_dags/example_time_delta_sensor_async.py for tasks to queue
[2023-09-29T08:04:09.305+0000] {logging_mixin.py:151} INFO - [2023-09-29T08:04:09.305+0000] {dagbag.py:539} INFO - Filling up the DagBag from /home/ubuntu/airflow_venv/lib/python3.10/site-packages/airflow/example_dags/example_time_delta_sensor_async.py
[2023-09-29T08:04:09.310+0000] {processor.py:839} INFO - DAG(s) dict_keys(['example_time_delta_sensor_async']) retrieved from /home/ubuntu/airflow_venv/lib/python3.10/site-packages/airflow/example_dags/example_time_delta_sensor_async.py
[2023-09-29T08:04:09.331+0000] {logging_mixin.py:151} INFO - [2023-09-29T08:04:09.331+0000] {dag.py:2915} INFO - Sync 1 DAGs
[2023-09-29T08:04:09.351+0000] {logging_mixin.py:151} INFO - [2023-09-29T08:04:09.351+0000] {dag.py:3696} INFO - Setting next_dagrun for example_time_delta_sensor_async to None, run_after=None
[2023-09-29T08:04:09.381+0000] {processor.py:179} INFO - Processing /home/ubuntu/airflow_venv/lib/python3.10/site-packages/airflow/example_dags/example_time_delta_sensor_async.py took 0.095 seconds
[2023-09-29T08:04:59.864+0000] {processor.py:157} INFO - Started process (PID=1922) to work on /home/ubuntu/airflow_venv/lib/python3.10/site-packages/airflow/example_dags/example_time_delta_sensor_async.py
[2023-09-29T08:04:59.866+0000] {processor.py:829} INFO - Processing file /home/ubuntu/airflow_venv/lib/python3.10/site-packages/airflow/example_dags/example_time_delta_sensor_async.py for tasks to queue
[2023-09-29T08:04:59.866+0000] {logging_mixin.py:151} INFO - [2023-09-29T08:04:59.866+0000] {dagbag.py:539} INFO - Filling up the DagBag from /home/ubuntu/airflow_venv/lib/python3.10/site-packages/airflow/example_dags/example_time_delta_sensor_async.py
[2023-09-29T08:04:59.872+0000] {processor.py:839} INFO - DAG(s) dict_keys(['example_time_delta_sensor_async']) retrieved from /home/ubuntu/airflow_venv/lib/python3.10/site-packages/airflow/example_dags/example_time_delta_sensor_async.py
[2023-09-29T08:04:59.889+0000] {logging_mixin.py:151} INFO - [2023-09-29T08:04:59.889+0000] {dag.py:2915} INFO - Sync 1 DAGs
[2023-09-29T08:04:59.900+0000] {logging_mixin.py:151} INFO - [2023-09-29T08:04:59.900+0000] {dag.py:3696} INFO - Setting next_dagrun for example_time_delta_sensor_async to None, run_after=None
[2023-09-29T08:04:59.926+0000] {processor.py:179} INFO - Processing /home/ubuntu/airflow_venv/lib/python3.10/site-packages/airflow/example_dags/example_time_delta_sensor_async.py took 0.065 seconds
[2023-09-29T08:05:52.231+0000] {processor.py:157} INFO - Started process (PID=1974) to work on /home/ubuntu/airflow_venv/lib/python3.10/site-packages/airflow/example_dags/example_time_delta_sensor_async.py
[2023-09-29T08:05:52.232+0000] {processor.py:829} INFO - Processing file /home/ubuntu/airflow_venv/lib/python3.10/site-packages/airflow/example_dags/example_time_delta_sensor_async.py for tasks to queue
[2023-09-29T08:05:52.233+0000] {logging_mixin.py:151} INFO - [2023-09-29T08:05:52.233+0000] {dagbag.py:539} INFO - Filling up the DagBag from /home/ubuntu/airflow_venv/lib/python3.10/site-packages/airflow/example_dags/example_time_delta_sensor_async.py
[2023-09-29T08:05:52.241+0000] {processor.py:839} INFO - DAG(s) dict_keys(['example_time_delta_sensor_async']) retrieved from /home/ubuntu/airflow_venv/lib/python3.10/site-packages/airflow/example_dags/example_time_delta_sensor_async.py
[2023-09-29T08:05:52.273+0000] {logging_mixin.py:151} INFO - [2023-09-29T08:05:52.273+0000] {dag.py:2915} INFO - Sync 1 DAGs
[2023-09-29T08:05:52.284+0000] {logging_mixin.py:151} INFO - [2023-09-29T08:05:52.284+0000] {dag.py:3696} INFO - Setting next_dagrun for example_time_delta_sensor_async to None, run_after=None
[2023-09-29T08:05:52.309+0000] {processor.py:179} INFO - Processing /home/ubuntu/airflow_venv/lib/python3.10/site-packages/airflow/example_dags/example_time_delta_sensor_async.py took 0.080 seconds
[2023-09-29T08:06:45.242+0000] {processor.py:157} INFO - Started process (PID=2028) to work on /home/ubuntu/airflow_venv/lib/python3.10/site-packages/airflow/example_dags/example_time_delta_sensor_async.py
[2023-09-29T08:06:45.243+0000] {processor.py:829} INFO - Processing file /home/ubuntu/airflow_venv/lib/python3.10/site-packages/airflow/example_dags/example_time_delta_sensor_async.py for tasks to queue
[2023-09-29T08:06:45.244+0000] {logging_mixin.py:151} INFO - [2023-09-29T08:06:45.244+0000] {dagbag.py:539} INFO - Filling up the DagBag from /home/ubuntu/airflow_venv/lib/python3.10/site-packages/airflow/example_dags/example_time_delta_sensor_async.py
[2023-09-29T08:06:45.249+0000] {processor.py:839} INFO - DAG(s) dict_keys(['example_time_delta_sensor_async']) retrieved from /home/ubuntu/airflow_venv/lib/python3.10/site-packages/airflow/example_dags/example_time_delta_sensor_async.py
[2023-09-29T08:06:45.268+0000] {logging_mixin.py:151} INFO - [2023-09-29T08:06:45.267+0000] {dag.py:2915} INFO - Sync 1 DAGs
[2023-09-29T08:06:45.279+0000] {logging_mixin.py:151} INFO - [2023-09-29T08:06:45.279+0000] {dag.py:3696} INFO - Setting next_dagrun for example_time_delta_sensor_async to None, run_after=None
[2023-09-29T08:06:45.299+0000] {processor.py:179} INFO - Processing /home/ubuntu/airflow_venv/lib/python3.10/site-packages/airflow/example_dags/example_time_delta_sensor_async.py took 0.060 seconds
[2023-09-29T08:07:33.063+0000] {processor.py:157} INFO - Started process (PID=2289) to work on /home/ubuntu/airflow_venv/lib/python3.10/site-packages/airflow/example_dags/example_time_delta_sensor_async.py
[2023-09-29T08:07:33.064+0000] {processor.py:829} INFO - Processing file /home/ubuntu/airflow_venv/lib/python3.10/site-packages/airflow/example_dags/example_time_delta_sensor_async.py for tasks to queue
[2023-09-29T08:07:33.065+0000] {logging_mixin.py:151} INFO - [2023-09-29T08:07:33.065+0000] {dagbag.py:539} INFO - Filling up the DagBag from /home/ubuntu/airflow_venv/lib/python3.10/site-packages/airflow/example_dags/example_time_delta_sensor_async.py
[2023-09-29T08:07:33.070+0000] {processor.py:839} INFO - DAG(s) dict_keys(['example_time_delta_sensor_async']) retrieved from /home/ubuntu/airflow_venv/lib/python3.10/site-packages/airflow/example_dags/example_time_delta_sensor_async.py
[2023-09-29T08:07:33.086+0000] {logging_mixin.py:151} INFO - [2023-09-29T08:07:33.086+0000] {dag.py:2915} INFO - Sync 1 DAGs
[2023-09-29T08:07:33.097+0000] {logging_mixin.py:151} INFO - [2023-09-29T08:07:33.097+0000] {dag.py:3696} INFO - Setting next_dagrun for example_time_delta_sensor_async to None, run_after=None
[2023-09-29T08:07:33.119+0000] {processor.py:179} INFO - Processing /home/ubuntu/airflow_venv/lib/python3.10/site-packages/airflow/example_dags/example_time_delta_sensor_async.py took 0.059 seconds
[2023-09-29T08:08:26.891+0000] {processor.py:157} INFO - Started process (PID=2343) to work on /home/ubuntu/airflow_venv/lib/python3.10/site-packages/airflow/example_dags/example_time_delta_sensor_async.py
[2023-09-29T08:08:26.892+0000] {processor.py:829} INFO - Processing file /home/ubuntu/airflow_venv/lib/python3.10/site-packages/airflow/example_dags/example_time_delta_sensor_async.py for tasks to queue
[2023-09-29T08:08:26.893+0000] {logging_mixin.py:151} INFO - [2023-09-29T08:08:26.893+0000] {dagbag.py:539} INFO - Filling up the DagBag from /home/ubuntu/airflow_venv/lib/python3.10/site-packages/airflow/example_dags/example_time_delta_sensor_async.py
[2023-09-29T08:08:26.899+0000] {processor.py:839} INFO - DAG(s) dict_keys(['example_time_delta_sensor_async']) retrieved from /home/ubuntu/airflow_venv/lib/python3.10/site-packages/airflow/example_dags/example_time_delta_sensor_async.py
[2023-09-29T08:08:26.927+0000] {logging_mixin.py:151} INFO - [2023-09-29T08:08:26.926+0000] {dag.py:2915} INFO - Sync 1 DAGs
[2023-09-29T08:08:26.939+0000] {logging_mixin.py:151} INFO - [2023-09-29T08:08:26.939+0000] {dag.py:3696} INFO - Setting next_dagrun for example_time_delta_sensor_async to None, run_after=None
[2023-09-29T08:08:26.961+0000] {processor.py:179} INFO - Processing /home/ubuntu/airflow_venv/lib/python3.10/site-packages/airflow/example_dags/example_time_delta_sensor_async.py took 0.073 seconds
[2023-09-29T08:09:18.774+0000] {processor.py:157} INFO - Started process (PID=2399) to work on /home/ubuntu/airflow_venv/lib/python3.10/site-packages/airflow/example_dags/example_time_delta_sensor_async.py
[2023-09-29T08:09:18.776+0000] {processor.py:829} INFO - Processing file /home/ubuntu/airflow_venv/lib/python3.10/site-packages/airflow/example_dags/example_time_delta_sensor_async.py for tasks to queue
[2023-09-29T08:09:18.776+0000] {logging_mixin.py:151} INFO - [2023-09-29T08:09:18.776+0000] {dagbag.py:539} INFO - Filling up the DagBag from /home/ubuntu/airflow_venv/lib/python3.10/site-packages/airflow/example_dags/example_time_delta_sensor_async.py
[2023-09-29T08:09:18.781+0000] {processor.py:839} INFO - DAG(s) dict_keys(['example_time_delta_sensor_async']) retrieved from /home/ubuntu/airflow_venv/lib/python3.10/site-packages/airflow/example_dags/example_time_delta_sensor_async.py
[2023-09-29T08:09:18.797+0000] {logging_mixin.py:151} INFO - [2023-09-29T08:09:18.797+0000] {dag.py:2915} INFO - Sync 1 DAGs
[2023-09-29T08:09:18.808+0000] {logging_mixin.py:151} INFO - [2023-09-29T08:09:18.807+0000] {dag.py:3696} INFO - Setting next_dagrun for example_time_delta_sensor_async to None, run_after=None
[2023-09-29T08:09:18.828+0000] {processor.py:179} INFO - Processing /home/ubuntu/airflow_venv/lib/python3.10/site-packages/airflow/example_dags/example_time_delta_sensor_async.py took 0.056 seconds
