[2023-09-29T07:22:30.339+0000] {processor.py:157} INFO - Started process (PID=12199) to work on /home/ubuntu/airflow_venv/lib/python3.10/site-packages/airflow/example_dags/example_setup_teardown.py
[2023-09-29T07:22:30.339+0000] {processor.py:829} INFO - Processing file /home/ubuntu/airflow_venv/lib/python3.10/site-packages/airflow/example_dags/example_setup_teardown.py for tasks to queue
[2023-09-29T07:22:30.340+0000] {logging_mixin.py:151} INFO - [2023-09-29T07:22:30.340+0000] {dagbag.py:539} INFO - Filling up the DagBag from /home/ubuntu/airflow_venv/lib/python3.10/site-packages/airflow/example_dags/example_setup_teardown.py
[2023-09-29T07:22:30.349+0000] {processor.py:839} INFO - DAG(s) dict_keys(['example_setup_teardown']) retrieved from /home/ubuntu/airflow_venv/lib/python3.10/site-packages/airflow/example_dags/example_setup_teardown.py
[2023-09-29T07:22:30.362+0000] {logging_mixin.py:151} INFO - [2023-09-29T07:22:30.361+0000] {dag.py:2915} INFO - Sync 1 DAGs
[2023-09-29T07:22:30.383+0000] {logging_mixin.py:151} INFO - [2023-09-29T07:22:30.383+0000] {dag.py:3696} INFO - Setting next_dagrun for example_setup_teardown to 2023-09-28T07:22:30.383222+00:00, run_after=2023-09-29T07:22:30.383222+00:00
[2023-09-29T07:22:30.410+0000] {processor.py:179} INFO - Processing /home/ubuntu/airflow_venv/lib/python3.10/site-packages/airflow/example_dags/example_setup_teardown.py took 0.074 seconds
[2023-09-29T07:23:20.775+0000] {processor.py:157} INFO - Started process (PID=12367) to work on /home/ubuntu/airflow_venv/lib/python3.10/site-packages/airflow/example_dags/example_setup_teardown.py
[2023-09-29T07:23:20.777+0000] {processor.py:829} INFO - Processing file /home/ubuntu/airflow_venv/lib/python3.10/site-packages/airflow/example_dags/example_setup_teardown.py for tasks to queue
[2023-09-29T07:23:20.784+0000] {logging_mixin.py:151} INFO - [2023-09-29T07:23:20.783+0000] {dagbag.py:539} INFO - Filling up the DagBag from /home/ubuntu/airflow_venv/lib/python3.10/site-packages/airflow/example_dags/example_setup_teardown.py
[2023-09-29T07:23:20.820+0000] {processor.py:839} INFO - DAG(s) dict_keys(['example_setup_teardown']) retrieved from /home/ubuntu/airflow_venv/lib/python3.10/site-packages/airflow/example_dags/example_setup_teardown.py
[2023-09-29T07:23:20.868+0000] {logging_mixin.py:151} INFO - [2023-09-29T07:23:20.868+0000] {dag.py:2915} INFO - Sync 1 DAGs
[2023-09-29T07:23:21.272+0000] {logging_mixin.py:151} INFO - [2023-09-29T07:23:21.272+0000] {dag.py:3696} INFO - Setting next_dagrun for example_setup_teardown to 2023-09-28T07:23:21.271939+00:00, run_after=2023-09-29T07:23:21.271939+00:00
[2023-09-29T07:23:21.292+0000] {processor.py:179} INFO - Processing /home/ubuntu/airflow_venv/lib/python3.10/site-packages/airflow/example_dags/example_setup_teardown.py took 0.521 seconds
[2023-09-29T07:28:28.929+0000] {processor.py:157} INFO - Started process (PID=12874) to work on /home/ubuntu/airflow_venv/lib/python3.10/site-packages/airflow/example_dags/example_setup_teardown.py
[2023-09-29T07:28:28.931+0000] {processor.py:829} INFO - Processing file /home/ubuntu/airflow_venv/lib/python3.10/site-packages/airflow/example_dags/example_setup_teardown.py for tasks to queue
[2023-09-29T07:28:28.932+0000] {logging_mixin.py:151} INFO - [2023-09-29T07:28:28.931+0000] {dagbag.py:539} INFO - Filling up the DagBag from /home/ubuntu/airflow_venv/lib/python3.10/site-packages/airflow/example_dags/example_setup_teardown.py
[2023-09-29T07:28:28.941+0000] {processor.py:839} INFO - DAG(s) dict_keys(['example_setup_teardown']) retrieved from /home/ubuntu/airflow_venv/lib/python3.10/site-packages/airflow/example_dags/example_setup_teardown.py
[2023-09-29T07:28:28.958+0000] {logging_mixin.py:151} INFO - [2023-09-29T07:28:28.958+0000] {dag.py:2915} INFO - Sync 1 DAGs
[2023-09-29T07:28:28.978+0000] {logging_mixin.py:151} INFO - [2023-09-29T07:28:28.978+0000] {dag.py:3696} INFO - Setting next_dagrun for example_setup_teardown to 2023-09-28T07:28:28.978430+00:00, run_after=2023-09-29T07:28:28.978430+00:00
[2023-09-29T07:28:29.003+0000] {processor.py:179} INFO - Processing /home/ubuntu/airflow_venv/lib/python3.10/site-packages/airflow/example_dags/example_setup_teardown.py took 0.077 seconds
[2023-09-29T07:29:16.072+0000] {processor.py:157} INFO - Started process (PID=12922) to work on /home/ubuntu/airflow_venv/lib/python3.10/site-packages/airflow/example_dags/example_setup_teardown.py
[2023-09-29T07:29:16.073+0000] {processor.py:829} INFO - Processing file /home/ubuntu/airflow_venv/lib/python3.10/site-packages/airflow/example_dags/example_setup_teardown.py for tasks to queue
[2023-09-29T07:29:16.074+0000] {logging_mixin.py:151} INFO - [2023-09-29T07:29:16.074+0000] {dagbag.py:539} INFO - Filling up the DagBag from /home/ubuntu/airflow_venv/lib/python3.10/site-packages/airflow/example_dags/example_setup_teardown.py
[2023-09-29T07:29:16.085+0000] {processor.py:839} INFO - DAG(s) dict_keys(['example_setup_teardown']) retrieved from /home/ubuntu/airflow_venv/lib/python3.10/site-packages/airflow/example_dags/example_setup_teardown.py
[2023-09-29T07:29:16.106+0000] {logging_mixin.py:151} INFO - [2023-09-29T07:29:16.106+0000] {dag.py:2915} INFO - Sync 1 DAGs
[2023-09-29T07:29:16.135+0000] {logging_mixin.py:151} INFO - [2023-09-29T07:29:16.134+0000] {dag.py:3696} INFO - Setting next_dagrun for example_setup_teardown to 2023-09-28T07:29:16.134401+00:00, run_after=2023-09-29T07:29:16.134401+00:00
[2023-09-29T07:29:16.162+0000] {processor.py:179} INFO - Processing /home/ubuntu/airflow_venv/lib/python3.10/site-packages/airflow/example_dags/example_setup_teardown.py took 0.094 seconds
[2023-09-29T07:30:12.345+0000] {processor.py:157} INFO - Started process (PID=12979) to work on /home/ubuntu/airflow_venv/lib/python3.10/site-packages/airflow/example_dags/example_setup_teardown.py
[2023-09-29T07:30:12.346+0000] {processor.py:829} INFO - Processing file /home/ubuntu/airflow_venv/lib/python3.10/site-packages/airflow/example_dags/example_setup_teardown.py for tasks to queue
[2023-09-29T07:30:12.348+0000] {logging_mixin.py:151} INFO - [2023-09-29T07:30:12.347+0000] {dagbag.py:539} INFO - Filling up the DagBag from /home/ubuntu/airflow_venv/lib/python3.10/site-packages/airflow/example_dags/example_setup_teardown.py
[2023-09-29T07:30:12.358+0000] {processor.py:839} INFO - DAG(s) dict_keys(['example_setup_teardown']) retrieved from /home/ubuntu/airflow_venv/lib/python3.10/site-packages/airflow/example_dags/example_setup_teardown.py
[2023-09-29T07:30:12.380+0000] {logging_mixin.py:151} INFO - [2023-09-29T07:30:12.379+0000] {dag.py:2915} INFO - Sync 1 DAGs
[2023-09-29T07:30:12.407+0000] {logging_mixin.py:151} INFO - [2023-09-29T07:30:12.407+0000] {dag.py:3696} INFO - Setting next_dagrun for example_setup_teardown to 2023-09-28T07:30:12.406787+00:00, run_after=2023-09-29T07:30:12.406787+00:00
[2023-09-29T07:30:12.447+0000] {processor.py:179} INFO - Processing /home/ubuntu/airflow_venv/lib/python3.10/site-packages/airflow/example_dags/example_setup_teardown.py took 0.106 seconds
[2023-09-29T07:31:06.235+0000] {processor.py:157} INFO - Started process (PID=13037) to work on /home/ubuntu/airflow_venv/lib/python3.10/site-packages/airflow/example_dags/example_setup_teardown.py
[2023-09-29T07:31:06.237+0000] {processor.py:829} INFO - Processing file /home/ubuntu/airflow_venv/lib/python3.10/site-packages/airflow/example_dags/example_setup_teardown.py for tasks to queue
[2023-09-29T07:31:06.238+0000] {logging_mixin.py:151} INFO - [2023-09-29T07:31:06.237+0000] {dagbag.py:539} INFO - Filling up the DagBag from /home/ubuntu/airflow_venv/lib/python3.10/site-packages/airflow/example_dags/example_setup_teardown.py
[2023-09-29T07:31:06.246+0000] {processor.py:839} INFO - DAG(s) dict_keys(['example_setup_teardown']) retrieved from /home/ubuntu/airflow_venv/lib/python3.10/site-packages/airflow/example_dags/example_setup_teardown.py
[2023-09-29T07:31:06.262+0000] {logging_mixin.py:151} INFO - [2023-09-29T07:31:06.262+0000] {dag.py:2915} INFO - Sync 1 DAGs
[2023-09-29T07:31:06.280+0000] {logging_mixin.py:151} INFO - [2023-09-29T07:31:06.280+0000] {dag.py:3696} INFO - Setting next_dagrun for example_setup_teardown to 2023-09-28T07:31:06.280086+00:00, run_after=2023-09-29T07:31:06.280086+00:00
[2023-09-29T07:31:06.300+0000] {processor.py:179} INFO - Processing /home/ubuntu/airflow_venv/lib/python3.10/site-packages/airflow/example_dags/example_setup_teardown.py took 0.068 seconds
[2023-09-29T07:43:21.951+0000] {processor.py:157} INFO - Started process (PID=1213) to work on /home/ubuntu/airflow_venv/lib/python3.10/site-packages/airflow/example_dags/example_setup_teardown.py
[2023-09-29T07:43:21.952+0000] {processor.py:829} INFO - Processing file /home/ubuntu/airflow_venv/lib/python3.10/site-packages/airflow/example_dags/example_setup_teardown.py for tasks to queue
[2023-09-29T07:43:21.953+0000] {logging_mixin.py:151} INFO - [2023-09-29T07:43:21.952+0000] {dagbag.py:539} INFO - Filling up the DagBag from /home/ubuntu/airflow_venv/lib/python3.10/site-packages/airflow/example_dags/example_setup_teardown.py
[2023-09-29T07:43:21.961+0000] {processor.py:839} INFO - DAG(s) dict_keys(['example_setup_teardown']) retrieved from /home/ubuntu/airflow_venv/lib/python3.10/site-packages/airflow/example_dags/example_setup_teardown.py
[2023-09-29T07:43:21.979+0000] {logging_mixin.py:151} INFO - [2023-09-29T07:43:21.979+0000] {dag.py:2915} INFO - Sync 1 DAGs
[2023-09-29T07:43:21.999+0000] {logging_mixin.py:151} INFO - [2023-09-29T07:43:21.999+0000] {dag.py:3696} INFO - Setting next_dagrun for example_setup_teardown to 2023-09-28T07:43:21.999022+00:00, run_after=2023-09-29T07:43:21.999022+00:00
[2023-09-29T07:43:22.024+0000] {processor.py:179} INFO - Processing /home/ubuntu/airflow_venv/lib/python3.10/site-packages/airflow/example_dags/example_setup_teardown.py took 0.076 seconds
[2023-09-29T07:44:13.835+0000] {processor.py:157} INFO - Started process (PID=1261) to work on /home/ubuntu/airflow_venv/lib/python3.10/site-packages/airflow/example_dags/example_setup_teardown.py
[2023-09-29T07:44:13.836+0000] {processor.py:829} INFO - Processing file /home/ubuntu/airflow_venv/lib/python3.10/site-packages/airflow/example_dags/example_setup_teardown.py for tasks to queue
[2023-09-29T07:44:13.836+0000] {logging_mixin.py:151} INFO - [2023-09-29T07:44:13.836+0000] {dagbag.py:539} INFO - Filling up the DagBag from /home/ubuntu/airflow_venv/lib/python3.10/site-packages/airflow/example_dags/example_setup_teardown.py
[2023-09-29T07:44:13.844+0000] {processor.py:839} INFO - DAG(s) dict_keys(['example_setup_teardown']) retrieved from /home/ubuntu/airflow_venv/lib/python3.10/site-packages/airflow/example_dags/example_setup_teardown.py
[2023-09-29T07:44:13.861+0000] {logging_mixin.py:151} INFO - [2023-09-29T07:44:13.861+0000] {dag.py:2915} INFO - Sync 1 DAGs
[2023-09-29T07:44:14.026+0000] {logging_mixin.py:151} INFO - [2023-09-29T07:44:14.026+0000] {dag.py:3696} INFO - Setting next_dagrun for example_setup_teardown to 2023-09-28T07:44:14.026143+00:00, run_after=2023-09-29T07:44:14.026143+00:00
[2023-09-29T07:44:14.045+0000] {processor.py:179} INFO - Processing /home/ubuntu/airflow_venv/lib/python3.10/site-packages/airflow/example_dags/example_setup_teardown.py took 0.214 seconds
[2023-09-29T07:45:08.638+0000] {processor.py:157} INFO - Started process (PID=1311) to work on /home/ubuntu/airflow_venv/lib/python3.10/site-packages/airflow/example_dags/example_setup_teardown.py
[2023-09-29T07:45:08.639+0000] {processor.py:829} INFO - Processing file /home/ubuntu/airflow_venv/lib/python3.10/site-packages/airflow/example_dags/example_setup_teardown.py for tasks to queue
[2023-09-29T07:45:08.641+0000] {logging_mixin.py:151} INFO - [2023-09-29T07:45:08.640+0000] {dagbag.py:539} INFO - Filling up the DagBag from /home/ubuntu/airflow_venv/lib/python3.10/site-packages/airflow/example_dags/example_setup_teardown.py
[2023-09-29T07:45:08.822+0000] {processor.py:839} INFO - DAG(s) dict_keys(['example_setup_teardown']) retrieved from /home/ubuntu/airflow_venv/lib/python3.10/site-packages/airflow/example_dags/example_setup_teardown.py
[2023-09-29T07:45:08.835+0000] {logging_mixin.py:151} INFO - [2023-09-29T07:45:08.835+0000] {dag.py:2915} INFO - Sync 1 DAGs
[2023-09-29T07:45:08.859+0000] {logging_mixin.py:151} INFO - [2023-09-29T07:45:08.858+0000] {dag.py:3696} INFO - Setting next_dagrun for example_setup_teardown to 2023-09-28T07:45:08.858584+00:00, run_after=2023-09-29T07:45:08.858584+00:00
[2023-09-29T07:45:08.878+0000] {processor.py:179} INFO - Processing /home/ubuntu/airflow_venv/lib/python3.10/site-packages/airflow/example_dags/example_setup_teardown.py took 0.244 seconds
[2023-09-29T07:55:17.370+0000] {processor.py:157} INFO - Started process (PID=1337) to work on /home/ubuntu/airflow_venv/lib/python3.10/site-packages/airflow/example_dags/example_setup_teardown.py
[2023-09-29T07:55:17.372+0000] {processor.py:829} INFO - Processing file /home/ubuntu/airflow_venv/lib/python3.10/site-packages/airflow/example_dags/example_setup_teardown.py for tasks to queue
[2023-09-29T07:55:17.372+0000] {logging_mixin.py:151} INFO - [2023-09-29T07:55:17.372+0000] {dagbag.py:539} INFO - Filling up the DagBag from /home/ubuntu/airflow_venv/lib/python3.10/site-packages/airflow/example_dags/example_setup_teardown.py
[2023-09-29T07:55:17.386+0000] {processor.py:839} INFO - DAG(s) dict_keys(['example_setup_teardown']) retrieved from /home/ubuntu/airflow_venv/lib/python3.10/site-packages/airflow/example_dags/example_setup_teardown.py
[2023-09-29T07:55:17.420+0000] {logging_mixin.py:151} INFO - [2023-09-29T07:55:17.419+0000] {dag.py:2915} INFO - Sync 1 DAGs
[2023-09-29T07:55:17.450+0000] {logging_mixin.py:151} INFO - [2023-09-29T07:55:17.450+0000] {dag.py:3696} INFO - Setting next_dagrun for example_setup_teardown to 2023-09-28T07:55:17.450279+00:00, run_after=2023-09-29T07:55:17.450279+00:00
[2023-09-29T07:55:17.472+0000] {processor.py:179} INFO - Processing /home/ubuntu/airflow_venv/lib/python3.10/site-packages/airflow/example_dags/example_setup_teardown.py took 0.107 seconds
[2023-09-29T07:56:12.450+0000] {processor.py:157} INFO - Started process (PID=1391) to work on /home/ubuntu/airflow_venv/lib/python3.10/site-packages/airflow/example_dags/example_setup_teardown.py
[2023-09-29T07:56:12.451+0000] {processor.py:829} INFO - Processing file /home/ubuntu/airflow_venv/lib/python3.10/site-packages/airflow/example_dags/example_setup_teardown.py for tasks to queue
[2023-09-29T07:56:12.452+0000] {logging_mixin.py:151} INFO - [2023-09-29T07:56:12.452+0000] {dagbag.py:539} INFO - Filling up the DagBag from /home/ubuntu/airflow_venv/lib/python3.10/site-packages/airflow/example_dags/example_setup_teardown.py
[2023-09-29T07:56:12.462+0000] {processor.py:839} INFO - DAG(s) dict_keys(['example_setup_teardown']) retrieved from /home/ubuntu/airflow_venv/lib/python3.10/site-packages/airflow/example_dags/example_setup_teardown.py
[2023-09-29T07:56:12.478+0000] {logging_mixin.py:151} INFO - [2023-09-29T07:56:12.478+0000] {dag.py:2915} INFO - Sync 1 DAGs
[2023-09-29T07:56:12.698+0000] {logging_mixin.py:151} INFO - [2023-09-29T07:56:12.697+0000] {dag.py:3696} INFO - Setting next_dagrun for example_setup_teardown to 2023-09-28T07:56:12.697702+00:00, run_after=2023-09-29T07:56:12.697702+00:00
[2023-09-29T07:56:12.751+0000] {processor.py:179} INFO - Processing /home/ubuntu/airflow_venv/lib/python3.10/site-packages/airflow/example_dags/example_setup_teardown.py took 0.306 seconds
[2023-09-29T07:57:08.845+0000] {processor.py:157} INFO - Started process (PID=1439) to work on /home/ubuntu/airflow_venv/lib/python3.10/site-packages/airflow/example_dags/example_setup_teardown.py
[2023-09-29T07:57:08.846+0000] {processor.py:829} INFO - Processing file /home/ubuntu/airflow_venv/lib/python3.10/site-packages/airflow/example_dags/example_setup_teardown.py for tasks to queue
[2023-09-29T07:57:08.847+0000] {logging_mixin.py:151} INFO - [2023-09-29T07:57:08.847+0000] {dagbag.py:539} INFO - Filling up the DagBag from /home/ubuntu/airflow_venv/lib/python3.10/site-packages/airflow/example_dags/example_setup_teardown.py
[2023-09-29T07:57:08.854+0000] {processor.py:839} INFO - DAG(s) dict_keys(['example_setup_teardown']) retrieved from /home/ubuntu/airflow_venv/lib/python3.10/site-packages/airflow/example_dags/example_setup_teardown.py
[2023-09-29T07:57:09.012+0000] {logging_mixin.py:151} INFO - [2023-09-29T07:57:09.011+0000] {dag.py:2915} INFO - Sync 1 DAGs
[2023-09-29T07:57:09.034+0000] {logging_mixin.py:151} INFO - [2023-09-29T07:57:09.034+0000] {dag.py:3696} INFO - Setting next_dagrun for example_setup_teardown to 2023-09-28T07:57:09.034204+00:00, run_after=2023-09-29T07:57:09.034204+00:00
[2023-09-29T07:57:09.056+0000] {processor.py:179} INFO - Processing /home/ubuntu/airflow_venv/lib/python3.10/site-packages/airflow/example_dags/example_setup_teardown.py took 0.214 seconds
[2023-09-29T07:57:56.625+0000] {processor.py:157} INFO - Started process (PID=1485) to work on /home/ubuntu/airflow_venv/lib/python3.10/site-packages/airflow/example_dags/example_setup_teardown.py
[2023-09-29T07:57:56.627+0000] {processor.py:829} INFO - Processing file /home/ubuntu/airflow_venv/lib/python3.10/site-packages/airflow/example_dags/example_setup_teardown.py for tasks to queue
[2023-09-29T07:57:56.627+0000] {logging_mixin.py:151} INFO - [2023-09-29T07:57:56.627+0000] {dagbag.py:539} INFO - Filling up the DagBag from /home/ubuntu/airflow_venv/lib/python3.10/site-packages/airflow/example_dags/example_setup_teardown.py
[2023-09-29T07:57:56.637+0000] {processor.py:839} INFO - DAG(s) dict_keys(['example_setup_teardown']) retrieved from /home/ubuntu/airflow_venv/lib/python3.10/site-packages/airflow/example_dags/example_setup_teardown.py
[2023-09-29T07:57:56.653+0000] {logging_mixin.py:151} INFO - [2023-09-29T07:57:56.653+0000] {dag.py:2915} INFO - Sync 1 DAGs
[2023-09-29T07:57:56.674+0000] {logging_mixin.py:151} INFO - [2023-09-29T07:57:56.673+0000] {dag.py:3696} INFO - Setting next_dagrun for example_setup_teardown to 2023-09-28T07:57:56.673571+00:00, run_after=2023-09-29T07:57:56.673571+00:00
[2023-09-29T07:57:56.694+0000] {processor.py:179} INFO - Processing /home/ubuntu/airflow_venv/lib/python3.10/site-packages/airflow/example_dags/example_setup_teardown.py took 0.072 seconds
[2023-09-29T07:58:48.610+0000] {processor.py:157} INFO - Started process (PID=1538) to work on /home/ubuntu/airflow_venv/lib/python3.10/site-packages/airflow/example_dags/example_setup_teardown.py
[2023-09-29T07:58:48.611+0000] {processor.py:829} INFO - Processing file /home/ubuntu/airflow_venv/lib/python3.10/site-packages/airflow/example_dags/example_setup_teardown.py for tasks to queue
[2023-09-29T07:58:48.612+0000] {logging_mixin.py:151} INFO - [2023-09-29T07:58:48.612+0000] {dagbag.py:539} INFO - Filling up the DagBag from /home/ubuntu/airflow_venv/lib/python3.10/site-packages/airflow/example_dags/example_setup_teardown.py
[2023-09-29T07:58:48.622+0000] {processor.py:839} INFO - DAG(s) dict_keys(['example_setup_teardown']) retrieved from /home/ubuntu/airflow_venv/lib/python3.10/site-packages/airflow/example_dags/example_setup_teardown.py
[2023-09-29T07:58:48.638+0000] {logging_mixin.py:151} INFO - [2023-09-29T07:58:48.638+0000] {dag.py:2915} INFO - Sync 1 DAGs
[2023-09-29T07:58:48.658+0000] {logging_mixin.py:151} INFO - [2023-09-29T07:58:48.658+0000] {dag.py:3696} INFO - Setting next_dagrun for example_setup_teardown to 2023-09-28T07:58:48.657954+00:00, run_after=2023-09-29T07:58:48.657954+00:00
[2023-09-29T07:58:48.688+0000] {processor.py:179} INFO - Processing /home/ubuntu/airflow_venv/lib/python3.10/site-packages/airflow/example_dags/example_setup_teardown.py took 0.081 seconds
[2023-09-29T07:59:41.513+0000] {processor.py:157} INFO - Started process (PID=1599) to work on /home/ubuntu/airflow_venv/lib/python3.10/site-packages/airflow/example_dags/example_setup_teardown.py
[2023-09-29T07:59:41.514+0000] {processor.py:829} INFO - Processing file /home/ubuntu/airflow_venv/lib/python3.10/site-packages/airflow/example_dags/example_setup_teardown.py for tasks to queue
[2023-09-29T07:59:41.515+0000] {logging_mixin.py:151} INFO - [2023-09-29T07:59:41.514+0000] {dagbag.py:539} INFO - Filling up the DagBag from /home/ubuntu/airflow_venv/lib/python3.10/site-packages/airflow/example_dags/example_setup_teardown.py
[2023-09-29T07:59:41.522+0000] {processor.py:839} INFO - DAG(s) dict_keys(['example_setup_teardown']) retrieved from /home/ubuntu/airflow_venv/lib/python3.10/site-packages/airflow/example_dags/example_setup_teardown.py
[2023-09-29T07:59:41.540+0000] {logging_mixin.py:151} INFO - [2023-09-29T07:59:41.540+0000] {dag.py:2915} INFO - Sync 1 DAGs
[2023-09-29T07:59:41.559+0000] {logging_mixin.py:151} INFO - [2023-09-29T07:59:41.559+0000] {dag.py:3696} INFO - Setting next_dagrun for example_setup_teardown to 2023-09-28T07:59:41.558860+00:00, run_after=2023-09-29T07:59:41.558860+00:00
[2023-09-29T07:59:41.580+0000] {processor.py:179} INFO - Processing /home/ubuntu/airflow_venv/lib/python3.10/site-packages/airflow/example_dags/example_setup_teardown.py took 0.071 seconds
[2023-09-29T08:00:38.519+0000] {processor.py:157} INFO - Started process (PID=1654) to work on /home/ubuntu/airflow_venv/lib/python3.10/site-packages/airflow/example_dags/example_setup_teardown.py
[2023-09-29T08:00:38.520+0000] {processor.py:829} INFO - Processing file /home/ubuntu/airflow_venv/lib/python3.10/site-packages/airflow/example_dags/example_setup_teardown.py for tasks to queue
[2023-09-29T08:00:38.521+0000] {logging_mixin.py:151} INFO - [2023-09-29T08:00:38.521+0000] {dagbag.py:539} INFO - Filling up the DagBag from /home/ubuntu/airflow_venv/lib/python3.10/site-packages/airflow/example_dags/example_setup_teardown.py
[2023-09-29T08:00:38.542+0000] {processor.py:839} INFO - DAG(s) dict_keys(['example_setup_teardown']) retrieved from /home/ubuntu/airflow_venv/lib/python3.10/site-packages/airflow/example_dags/example_setup_teardown.py
[2023-09-29T08:00:38.575+0000] {logging_mixin.py:151} INFO - [2023-09-29T08:00:38.575+0000] {dag.py:2915} INFO - Sync 1 DAGs
[2023-09-29T08:00:38.620+0000] {logging_mixin.py:151} INFO - [2023-09-29T08:00:38.619+0000] {dag.py:3696} INFO - Setting next_dagrun for example_setup_teardown to 2023-09-28T08:00:38.619660+00:00, run_after=2023-09-29T08:00:38.619660+00:00
[2023-09-29T08:00:38.681+0000] {processor.py:179} INFO - Processing /home/ubuntu/airflow_venv/lib/python3.10/site-packages/airflow/example_dags/example_setup_teardown.py took 0.167 seconds
[2023-09-29T08:01:31.517+0000] {processor.py:157} INFO - Started process (PID=1706) to work on /home/ubuntu/airflow_venv/lib/python3.10/site-packages/airflow/example_dags/example_setup_teardown.py
[2023-09-29T08:01:31.518+0000] {processor.py:829} INFO - Processing file /home/ubuntu/airflow_venv/lib/python3.10/site-packages/airflow/example_dags/example_setup_teardown.py for tasks to queue
[2023-09-29T08:01:31.519+0000] {logging_mixin.py:151} INFO - [2023-09-29T08:01:31.519+0000] {dagbag.py:539} INFO - Filling up the DagBag from /home/ubuntu/airflow_venv/lib/python3.10/site-packages/airflow/example_dags/example_setup_teardown.py
[2023-09-29T08:01:31.529+0000] {processor.py:839} INFO - DAG(s) dict_keys(['example_setup_teardown']) retrieved from /home/ubuntu/airflow_venv/lib/python3.10/site-packages/airflow/example_dags/example_setup_teardown.py
[2023-09-29T08:01:31.548+0000] {logging_mixin.py:151} INFO - [2023-09-29T08:01:31.548+0000] {dag.py:2915} INFO - Sync 1 DAGs
[2023-09-29T08:01:31.572+0000] {logging_mixin.py:151} INFO - [2023-09-29T08:01:31.572+0000] {dag.py:3696} INFO - Setting next_dagrun for example_setup_teardown to 2023-09-28T08:01:31.572269+00:00, run_after=2023-09-29T08:01:31.572269+00:00
[2023-09-29T08:01:31.604+0000] {processor.py:179} INFO - Processing /home/ubuntu/airflow_venv/lib/python3.10/site-packages/airflow/example_dags/example_setup_teardown.py took 0.091 seconds
[2023-09-29T08:02:28.214+0000] {processor.py:157} INFO - Started process (PID=1764) to work on /home/ubuntu/airflow_venv/lib/python3.10/site-packages/airflow/example_dags/example_setup_teardown.py
[2023-09-29T08:02:28.215+0000] {processor.py:829} INFO - Processing file /home/ubuntu/airflow_venv/lib/python3.10/site-packages/airflow/example_dags/example_setup_teardown.py for tasks to queue
[2023-09-29T08:02:28.216+0000] {logging_mixin.py:151} INFO - [2023-09-29T08:02:28.216+0000] {dagbag.py:539} INFO - Filling up the DagBag from /home/ubuntu/airflow_venv/lib/python3.10/site-packages/airflow/example_dags/example_setup_teardown.py
[2023-09-29T08:02:28.239+0000] {processor.py:839} INFO - DAG(s) dict_keys(['example_setup_teardown']) retrieved from /home/ubuntu/airflow_venv/lib/python3.10/site-packages/airflow/example_dags/example_setup_teardown.py
[2023-09-29T08:02:28.277+0000] {logging_mixin.py:151} INFO - [2023-09-29T08:02:28.277+0000] {dag.py:2915} INFO - Sync 1 DAGs
[2023-09-29T08:02:28.302+0000] {logging_mixin.py:151} INFO - [2023-09-29T08:02:28.302+0000] {dag.py:3696} INFO - Setting next_dagrun for example_setup_teardown to 2023-09-28T08:02:28.302150+00:00, run_after=2023-09-29T08:02:28.302150+00:00
[2023-09-29T08:02:28.329+0000] {processor.py:179} INFO - Processing /home/ubuntu/airflow_venv/lib/python3.10/site-packages/airflow/example_dags/example_setup_teardown.py took 0.123 seconds
[2023-09-29T08:03:20.153+0000] {processor.py:157} INFO - Started process (PID=1817) to work on /home/ubuntu/airflow_venv/lib/python3.10/site-packages/airflow/example_dags/example_setup_teardown.py
[2023-09-29T08:03:20.154+0000] {processor.py:829} INFO - Processing file /home/ubuntu/airflow_venv/lib/python3.10/site-packages/airflow/example_dags/example_setup_teardown.py for tasks to queue
[2023-09-29T08:03:20.155+0000] {logging_mixin.py:151} INFO - [2023-09-29T08:03:20.155+0000] {dagbag.py:539} INFO - Filling up the DagBag from /home/ubuntu/airflow_venv/lib/python3.10/site-packages/airflow/example_dags/example_setup_teardown.py
[2023-09-29T08:03:20.165+0000] {processor.py:839} INFO - DAG(s) dict_keys(['example_setup_teardown']) retrieved from /home/ubuntu/airflow_venv/lib/python3.10/site-packages/airflow/example_dags/example_setup_teardown.py
[2023-09-29T08:03:20.184+0000] {logging_mixin.py:151} INFO - [2023-09-29T08:03:20.183+0000] {dag.py:2915} INFO - Sync 1 DAGs
[2023-09-29T08:03:20.207+0000] {logging_mixin.py:151} INFO - [2023-09-29T08:03:20.207+0000] {dag.py:3696} INFO - Setting next_dagrun for example_setup_teardown to 2023-09-28T08:03:20.206989+00:00, run_after=2023-09-29T08:03:20.206989+00:00
[2023-09-29T08:03:20.232+0000] {processor.py:179} INFO - Processing /home/ubuntu/airflow_venv/lib/python3.10/site-packages/airflow/example_dags/example_setup_teardown.py took 0.082 seconds
[2023-09-29T08:04:12.052+0000] {processor.py:157} INFO - Started process (PID=1872) to work on /home/ubuntu/airflow_venv/lib/python3.10/site-packages/airflow/example_dags/example_setup_teardown.py
[2023-09-29T08:04:12.053+0000] {processor.py:829} INFO - Processing file /home/ubuntu/airflow_venv/lib/python3.10/site-packages/airflow/example_dags/example_setup_teardown.py for tasks to queue
[2023-09-29T08:04:12.054+0000] {logging_mixin.py:151} INFO - [2023-09-29T08:04:12.054+0000] {dagbag.py:539} INFO - Filling up the DagBag from /home/ubuntu/airflow_venv/lib/python3.10/site-packages/airflow/example_dags/example_setup_teardown.py
[2023-09-29T08:04:12.064+0000] {processor.py:839} INFO - DAG(s) dict_keys(['example_setup_teardown']) retrieved from /home/ubuntu/airflow_venv/lib/python3.10/site-packages/airflow/example_dags/example_setup_teardown.py
[2023-09-29T08:04:12.090+0000] {logging_mixin.py:151} INFO - [2023-09-29T08:04:12.090+0000] {dag.py:2915} INFO - Sync 1 DAGs
[2023-09-29T08:04:12.112+0000] {logging_mixin.py:151} INFO - [2023-09-29T08:04:12.112+0000] {dag.py:3696} INFO - Setting next_dagrun for example_setup_teardown to 2023-09-28T08:04:12.111940+00:00, run_after=2023-09-29T08:04:12.111940+00:00
[2023-09-29T08:04:12.135+0000] {processor.py:179} INFO - Processing /home/ubuntu/airflow_venv/lib/python3.10/site-packages/airflow/example_dags/example_setup_teardown.py took 0.087 seconds
[2023-09-29T08:05:03.119+0000] {processor.py:157} INFO - Started process (PID=1925) to work on /home/ubuntu/airflow_venv/lib/python3.10/site-packages/airflow/example_dags/example_setup_teardown.py
[2023-09-29T08:05:03.121+0000] {processor.py:829} INFO - Processing file /home/ubuntu/airflow_venv/lib/python3.10/site-packages/airflow/example_dags/example_setup_teardown.py for tasks to queue
[2023-09-29T08:05:03.121+0000] {logging_mixin.py:151} INFO - [2023-09-29T08:05:03.121+0000] {dagbag.py:539} INFO - Filling up the DagBag from /home/ubuntu/airflow_venv/lib/python3.10/site-packages/airflow/example_dags/example_setup_teardown.py
[2023-09-29T08:05:03.132+0000] {processor.py:839} INFO - DAG(s) dict_keys(['example_setup_teardown']) retrieved from /home/ubuntu/airflow_venv/lib/python3.10/site-packages/airflow/example_dags/example_setup_teardown.py
[2023-09-29T08:05:03.150+0000] {logging_mixin.py:151} INFO - [2023-09-29T08:05:03.150+0000] {dag.py:2915} INFO - Sync 1 DAGs
[2023-09-29T08:05:03.179+0000] {logging_mixin.py:151} INFO - [2023-09-29T08:05:03.178+0000] {dag.py:3696} INFO - Setting next_dagrun for example_setup_teardown to 2023-09-28T08:05:03.178660+00:00, run_after=2023-09-29T08:05:03.178660+00:00
[2023-09-29T08:05:03.205+0000] {processor.py:179} INFO - Processing /home/ubuntu/airflow_venv/lib/python3.10/site-packages/airflow/example_dags/example_setup_teardown.py took 0.088 seconds
[2023-09-29T08:05:54.897+0000] {processor.py:157} INFO - Started process (PID=1977) to work on /home/ubuntu/airflow_venv/lib/python3.10/site-packages/airflow/example_dags/example_setup_teardown.py
[2023-09-29T08:05:54.898+0000] {processor.py:829} INFO - Processing file /home/ubuntu/airflow_venv/lib/python3.10/site-packages/airflow/example_dags/example_setup_teardown.py for tasks to queue
[2023-09-29T08:05:54.899+0000] {logging_mixin.py:151} INFO - [2023-09-29T08:05:54.899+0000] {dagbag.py:539} INFO - Filling up the DagBag from /home/ubuntu/airflow_venv/lib/python3.10/site-packages/airflow/example_dags/example_setup_teardown.py
[2023-09-29T08:05:54.913+0000] {processor.py:839} INFO - DAG(s) dict_keys(['example_setup_teardown']) retrieved from /home/ubuntu/airflow_venv/lib/python3.10/site-packages/airflow/example_dags/example_setup_teardown.py
[2023-09-29T08:05:54.945+0000] {logging_mixin.py:151} INFO - [2023-09-29T08:05:54.945+0000] {dag.py:2915} INFO - Sync 1 DAGs
[2023-09-29T08:05:54.984+0000] {logging_mixin.py:151} INFO - [2023-09-29T08:05:54.984+0000] {dag.py:3696} INFO - Setting next_dagrun for example_setup_teardown to 2023-09-28T08:05:54.983948+00:00, run_after=2023-09-29T08:05:54.983948+00:00
[2023-09-29T08:05:55.020+0000] {processor.py:179} INFO - Processing /home/ubuntu/airflow_venv/lib/python3.10/site-packages/airflow/example_dags/example_setup_teardown.py took 0.127 seconds
[2023-09-29T08:06:48.020+0000] {processor.py:157} INFO - Started process (PID=2031) to work on /home/ubuntu/airflow_venv/lib/python3.10/site-packages/airflow/example_dags/example_setup_teardown.py
[2023-09-29T08:06:48.022+0000] {processor.py:829} INFO - Processing file /home/ubuntu/airflow_venv/lib/python3.10/site-packages/airflow/example_dags/example_setup_teardown.py for tasks to queue
[2023-09-29T08:06:48.023+0000] {logging_mixin.py:151} INFO - [2023-09-29T08:06:48.022+0000] {dagbag.py:539} INFO - Filling up the DagBag from /home/ubuntu/airflow_venv/lib/python3.10/site-packages/airflow/example_dags/example_setup_teardown.py
[2023-09-29T08:06:48.031+0000] {processor.py:839} INFO - DAG(s) dict_keys(['example_setup_teardown']) retrieved from /home/ubuntu/airflow_venv/lib/python3.10/site-packages/airflow/example_dags/example_setup_teardown.py
[2023-09-29T08:06:48.049+0000] {logging_mixin.py:151} INFO - [2023-09-29T08:06:48.049+0000] {dag.py:2915} INFO - Sync 1 DAGs
[2023-09-29T08:06:48.069+0000] {logging_mixin.py:151} INFO - [2023-09-29T08:06:48.068+0000] {dag.py:3696} INFO - Setting next_dagrun for example_setup_teardown to 2023-09-28T08:06:48.068580+00:00, run_after=2023-09-29T08:06:48.068580+00:00
[2023-09-29T08:06:48.091+0000] {processor.py:179} INFO - Processing /home/ubuntu/airflow_venv/lib/python3.10/site-packages/airflow/example_dags/example_setup_teardown.py took 0.074 seconds
[2023-09-29T08:07:36.589+0000] {processor.py:157} INFO - Started process (PID=2292) to work on /home/ubuntu/airflow_venv/lib/python3.10/site-packages/airflow/example_dags/example_setup_teardown.py
[2023-09-29T08:07:36.590+0000] {processor.py:829} INFO - Processing file /home/ubuntu/airflow_venv/lib/python3.10/site-packages/airflow/example_dags/example_setup_teardown.py for tasks to queue
[2023-09-29T08:07:36.591+0000] {logging_mixin.py:151} INFO - [2023-09-29T08:07:36.591+0000] {dagbag.py:539} INFO - Filling up the DagBag from /home/ubuntu/airflow_venv/lib/python3.10/site-packages/airflow/example_dags/example_setup_teardown.py
[2023-09-29T08:07:36.602+0000] {processor.py:839} INFO - DAG(s) dict_keys(['example_setup_teardown']) retrieved from /home/ubuntu/airflow_venv/lib/python3.10/site-packages/airflow/example_dags/example_setup_teardown.py
[2023-09-29T08:07:36.619+0000] {logging_mixin.py:151} INFO - [2023-09-29T08:07:36.619+0000] {dag.py:2915} INFO - Sync 1 DAGs
[2023-09-29T08:07:36.638+0000] {logging_mixin.py:151} INFO - [2023-09-29T08:07:36.638+0000] {dag.py:3696} INFO - Setting next_dagrun for example_setup_teardown to 2023-09-28T08:07:36.638489+00:00, run_after=2023-09-29T08:07:36.638489+00:00
[2023-09-29T08:07:36.660+0000] {processor.py:179} INFO - Processing /home/ubuntu/airflow_venv/lib/python3.10/site-packages/airflow/example_dags/example_setup_teardown.py took 0.074 seconds
[2023-09-29T08:08:29.648+0000] {processor.py:157} INFO - Started process (PID=2346) to work on /home/ubuntu/airflow_venv/lib/python3.10/site-packages/airflow/example_dags/example_setup_teardown.py
[2023-09-29T08:08:29.651+0000] {processor.py:829} INFO - Processing file /home/ubuntu/airflow_venv/lib/python3.10/site-packages/airflow/example_dags/example_setup_teardown.py for tasks to queue
[2023-09-29T08:08:29.652+0000] {logging_mixin.py:151} INFO - [2023-09-29T08:08:29.651+0000] {dagbag.py:539} INFO - Filling up the DagBag from /home/ubuntu/airflow_venv/lib/python3.10/site-packages/airflow/example_dags/example_setup_teardown.py
[2023-09-29T08:08:29.676+0000] {processor.py:839} INFO - DAG(s) dict_keys(['example_setup_teardown']) retrieved from /home/ubuntu/airflow_venv/lib/python3.10/site-packages/airflow/example_dags/example_setup_teardown.py
[2023-09-29T08:08:29.698+0000] {logging_mixin.py:151} INFO - [2023-09-29T08:08:29.698+0000] {dag.py:2915} INFO - Sync 1 DAGs
[2023-09-29T08:08:29.717+0000] {logging_mixin.py:151} INFO - [2023-09-29T08:08:29.716+0000] {dag.py:3696} INFO - Setting next_dagrun for example_setup_teardown to 2023-09-28T08:08:29.716704+00:00, run_after=2023-09-29T08:08:29.716704+00:00
[2023-09-29T08:08:29.738+0000] {processor.py:179} INFO - Processing /home/ubuntu/airflow_venv/lib/python3.10/site-packages/airflow/example_dags/example_setup_teardown.py took 0.099 seconds
[2023-09-29T08:09:21.607+0000] {processor.py:157} INFO - Started process (PID=2402) to work on /home/ubuntu/airflow_venv/lib/python3.10/site-packages/airflow/example_dags/example_setup_teardown.py
[2023-09-29T08:09:21.608+0000] {processor.py:829} INFO - Processing file /home/ubuntu/airflow_venv/lib/python3.10/site-packages/airflow/example_dags/example_setup_teardown.py for tasks to queue
[2023-09-29T08:09:21.609+0000] {logging_mixin.py:151} INFO - [2023-09-29T08:09:21.608+0000] {dagbag.py:539} INFO - Filling up the DagBag from /home/ubuntu/airflow_venv/lib/python3.10/site-packages/airflow/example_dags/example_setup_teardown.py
[2023-09-29T08:09:21.617+0000] {processor.py:839} INFO - DAG(s) dict_keys(['example_setup_teardown']) retrieved from /home/ubuntu/airflow_venv/lib/python3.10/site-packages/airflow/example_dags/example_setup_teardown.py
[2023-09-29T08:09:21.633+0000] {logging_mixin.py:151} INFO - [2023-09-29T08:09:21.632+0000] {dag.py:2915} INFO - Sync 1 DAGs
[2023-09-29T08:09:21.651+0000] {logging_mixin.py:151} INFO - [2023-09-29T08:09:21.651+0000] {dag.py:3696} INFO - Setting next_dagrun for example_setup_teardown to 2023-09-28T08:09:21.650847+00:00, run_after=2023-09-29T08:09:21.650847+00:00
[2023-09-29T08:09:21.672+0000] {processor.py:179} INFO - Processing /home/ubuntu/airflow_venv/lib/python3.10/site-packages/airflow/example_dags/example_setup_teardown.py took 0.068 seconds
[2023-09-29T09:27:15.130+0000] {processor.py:157} INFO - Started process (PID=1340) to work on /home/ubuntu/airflow_venv/lib/python3.10/site-packages/airflow/example_dags/example_setup_teardown.py
[2023-09-29T09:27:15.131+0000] {processor.py:829} INFO - Processing file /home/ubuntu/airflow_venv/lib/python3.10/site-packages/airflow/example_dags/example_setup_teardown.py for tasks to queue
[2023-09-29T09:27:15.132+0000] {logging_mixin.py:151} INFO - [2023-09-29T09:27:15.132+0000] {dagbag.py:539} INFO - Filling up the DagBag from /home/ubuntu/airflow_venv/lib/python3.10/site-packages/airflow/example_dags/example_setup_teardown.py
[2023-09-29T09:27:15.140+0000] {processor.py:839} INFO - DAG(s) dict_keys(['example_setup_teardown']) retrieved from /home/ubuntu/airflow_venv/lib/python3.10/site-packages/airflow/example_dags/example_setup_teardown.py
[2023-09-29T09:27:15.158+0000] {logging_mixin.py:151} INFO - [2023-09-29T09:27:15.157+0000] {dag.py:2915} INFO - Sync 1 DAGs
[2023-09-29T09:27:15.183+0000] {logging_mixin.py:151} INFO - [2023-09-29T09:27:15.183+0000] {dag.py:3696} INFO - Setting next_dagrun for example_setup_teardown to 2023-09-28T09:27:15.182773+00:00, run_after=2023-09-29T09:27:15.182773+00:00
[2023-09-29T09:27:15.233+0000] {processor.py:179} INFO - Processing /home/ubuntu/airflow_venv/lib/python3.10/site-packages/airflow/example_dags/example_setup_teardown.py took 0.106 seconds
[2023-09-29T09:28:14.766+0000] {processor.py:157} INFO - Started process (PID=1398) to work on /home/ubuntu/airflow_venv/lib/python3.10/site-packages/airflow/example_dags/example_setup_teardown.py
[2023-09-29T09:28:14.767+0000] {processor.py:829} INFO - Processing file /home/ubuntu/airflow_venv/lib/python3.10/site-packages/airflow/example_dags/example_setup_teardown.py for tasks to queue
[2023-09-29T09:28:14.768+0000] {logging_mixin.py:151} INFO - [2023-09-29T09:28:14.768+0000] {dagbag.py:539} INFO - Filling up the DagBag from /home/ubuntu/airflow_venv/lib/python3.10/site-packages/airflow/example_dags/example_setup_teardown.py
[2023-09-29T09:28:14.776+0000] {processor.py:839} INFO - DAG(s) dict_keys(['example_setup_teardown']) retrieved from /home/ubuntu/airflow_venv/lib/python3.10/site-packages/airflow/example_dags/example_setup_teardown.py
[2023-09-29T09:28:14.791+0000] {logging_mixin.py:151} INFO - [2023-09-29T09:28:14.791+0000] {dag.py:2915} INFO - Sync 1 DAGs
[2023-09-29T09:28:14.983+0000] {logging_mixin.py:151} INFO - [2023-09-29T09:28:14.983+0000] {dag.py:3696} INFO - Setting next_dagrun for example_setup_teardown to 2023-09-28T09:28:14.983103+00:00, run_after=2023-09-29T09:28:14.983103+00:00
[2023-09-29T09:28:15.006+0000] {processor.py:179} INFO - Processing /home/ubuntu/airflow_venv/lib/python3.10/site-packages/airflow/example_dags/example_setup_teardown.py took 0.244 seconds
[2023-09-29T09:29:09.149+0000] {processor.py:157} INFO - Started process (PID=1447) to work on /home/ubuntu/airflow_venv/lib/python3.10/site-packages/airflow/example_dags/example_setup_teardown.py
[2023-09-29T09:29:09.150+0000] {processor.py:829} INFO - Processing file /home/ubuntu/airflow_venv/lib/python3.10/site-packages/airflow/example_dags/example_setup_teardown.py for tasks to queue
[2023-09-29T09:29:09.151+0000] {logging_mixin.py:151} INFO - [2023-09-29T09:29:09.151+0000] {dagbag.py:539} INFO - Filling up the DagBag from /home/ubuntu/airflow_venv/lib/python3.10/site-packages/airflow/example_dags/example_setup_teardown.py
[2023-09-29T09:29:09.310+0000] {processor.py:839} INFO - DAG(s) dict_keys(['example_setup_teardown']) retrieved from /home/ubuntu/airflow_venv/lib/python3.10/site-packages/airflow/example_dags/example_setup_teardown.py
[2023-09-29T09:29:09.323+0000] {logging_mixin.py:151} INFO - [2023-09-29T09:29:09.322+0000] {dag.py:2915} INFO - Sync 1 DAGs
[2023-09-29T09:29:09.339+0000] {logging_mixin.py:151} INFO - [2023-09-29T09:29:09.339+0000] {dag.py:3696} INFO - Setting next_dagrun for example_setup_teardown to 2023-09-28T09:29:09.338965+00:00, run_after=2023-09-29T09:29:09.338965+00:00
[2023-09-29T09:29:09.358+0000] {processor.py:179} INFO - Processing /home/ubuntu/airflow_venv/lib/python3.10/site-packages/airflow/example_dags/example_setup_teardown.py took 0.212 seconds
[2023-09-29T09:29:57.169+0000] {processor.py:157} INFO - Started process (PID=1855) to work on /home/ubuntu/airflow_venv/lib/python3.10/site-packages/airflow/example_dags/example_setup_teardown.py
[2023-09-29T09:29:57.170+0000] {processor.py:829} INFO - Processing file /home/ubuntu/airflow_venv/lib/python3.10/site-packages/airflow/example_dags/example_setup_teardown.py for tasks to queue
[2023-09-29T09:29:57.172+0000] {logging_mixin.py:151} INFO - [2023-09-29T09:29:57.171+0000] {dagbag.py:539} INFO - Filling up the DagBag from /home/ubuntu/airflow_venv/lib/python3.10/site-packages/airflow/example_dags/example_setup_teardown.py
[2023-09-29T09:29:57.181+0000] {processor.py:839} INFO - DAG(s) dict_keys(['example_setup_teardown']) retrieved from /home/ubuntu/airflow_venv/lib/python3.10/site-packages/airflow/example_dags/example_setup_teardown.py
[2023-09-29T09:29:57.204+0000] {logging_mixin.py:151} INFO - [2023-09-29T09:29:57.204+0000] {dag.py:2915} INFO - Sync 1 DAGs
[2023-09-29T09:29:57.236+0000] {logging_mixin.py:151} INFO - [2023-09-29T09:29:57.236+0000] {dag.py:3696} INFO - Setting next_dagrun for example_setup_teardown to 2023-09-28T09:29:57.236097+00:00, run_after=2023-09-29T09:29:57.236097+00:00
[2023-09-29T09:29:57.262+0000] {processor.py:179} INFO - Processing /home/ubuntu/airflow_venv/lib/python3.10/site-packages/airflow/example_dags/example_setup_teardown.py took 0.096 seconds
[2023-09-29T09:32:04.836+0000] {processor.py:157} INFO - Started process (PID=2263) to work on /home/ubuntu/airflow_venv/lib/python3.10/site-packages/airflow/example_dags/example_setup_teardown.py
[2023-09-29T09:32:04.838+0000] {processor.py:829} INFO - Processing file /home/ubuntu/airflow_venv/lib/python3.10/site-packages/airflow/example_dags/example_setup_teardown.py for tasks to queue
[2023-09-29T09:32:04.839+0000] {logging_mixin.py:151} INFO - [2023-09-29T09:32:04.839+0000] {dagbag.py:539} INFO - Filling up the DagBag from /home/ubuntu/airflow_venv/lib/python3.10/site-packages/airflow/example_dags/example_setup_teardown.py
[2023-09-29T09:32:04.847+0000] {processor.py:839} INFO - DAG(s) dict_keys(['example_setup_teardown']) retrieved from /home/ubuntu/airflow_venv/lib/python3.10/site-packages/airflow/example_dags/example_setup_teardown.py
[2023-09-29T09:32:04.866+0000] {logging_mixin.py:151} INFO - [2023-09-29T09:32:04.866+0000] {dag.py:2915} INFO - Sync 1 DAGs
[2023-09-29T09:32:04.886+0000] {logging_mixin.py:151} INFO - [2023-09-29T09:32:04.885+0000] {dag.py:3696} INFO - Setting next_dagrun for example_setup_teardown to 2023-09-28T09:32:04.885614+00:00, run_after=2023-09-29T09:32:04.885614+00:00
[2023-09-29T09:32:04.908+0000] {processor.py:179} INFO - Processing /home/ubuntu/airflow_venv/lib/python3.10/site-packages/airflow/example_dags/example_setup_teardown.py took 0.075 seconds
[2023-09-29T09:33:04.988+0000] {processor.py:157} INFO - Started process (PID=2329) to work on /home/ubuntu/airflow_venv/lib/python3.10/site-packages/airflow/example_dags/example_setup_teardown.py
[2023-09-29T09:33:04.991+0000] {processor.py:829} INFO - Processing file /home/ubuntu/airflow_venv/lib/python3.10/site-packages/airflow/example_dags/example_setup_teardown.py for tasks to queue
[2023-09-29T09:33:04.992+0000] {logging_mixin.py:151} INFO - [2023-09-29T09:33:04.991+0000] {dagbag.py:539} INFO - Filling up the DagBag from /home/ubuntu/airflow_venv/lib/python3.10/site-packages/airflow/example_dags/example_setup_teardown.py
[2023-09-29T09:33:05.011+0000] {processor.py:839} INFO - DAG(s) dict_keys(['example_setup_teardown']) retrieved from /home/ubuntu/airflow_venv/lib/python3.10/site-packages/airflow/example_dags/example_setup_teardown.py
[2023-09-29T09:33:05.028+0000] {logging_mixin.py:151} INFO - [2023-09-29T09:33:05.028+0000] {dag.py:2915} INFO - Sync 1 DAGs
[2023-09-29T09:33:05.219+0000] {logging_mixin.py:151} INFO - [2023-09-29T09:33:05.219+0000] {dag.py:3696} INFO - Setting next_dagrun for example_setup_teardown to 2023-09-28T09:33:05.219279+00:00, run_after=2023-09-29T09:33:05.219279+00:00
[2023-09-29T09:33:05.242+0000] {processor.py:179} INFO - Processing /home/ubuntu/airflow_venv/lib/python3.10/site-packages/airflow/example_dags/example_setup_teardown.py took 0.260 seconds
[2023-09-29T09:52:10.222+0000] {processor.py:157} INFO - Started process (PID=3481) to work on /home/ubuntu/airflow_venv/lib/python3.10/site-packages/airflow/example_dags/example_setup_teardown.py
[2023-09-29T09:52:10.223+0000] {processor.py:829} INFO - Processing file /home/ubuntu/airflow_venv/lib/python3.10/site-packages/airflow/example_dags/example_setup_teardown.py for tasks to queue
[2023-09-29T09:52:10.224+0000] {logging_mixin.py:151} INFO - [2023-09-29T09:52:10.224+0000] {dagbag.py:539} INFO - Filling up the DagBag from /home/ubuntu/airflow_venv/lib/python3.10/site-packages/airflow/example_dags/example_setup_teardown.py
[2023-09-29T09:52:10.233+0000] {processor.py:839} INFO - DAG(s) dict_keys(['example_setup_teardown']) retrieved from /home/ubuntu/airflow_venv/lib/python3.10/site-packages/airflow/example_dags/example_setup_teardown.py
[2023-09-29T09:52:10.254+0000] {logging_mixin.py:151} INFO - [2023-09-29T09:52:10.254+0000] {dag.py:2915} INFO - Sync 1 DAGs
[2023-09-29T09:52:10.276+0000] {logging_mixin.py:151} INFO - [2023-09-29T09:52:10.276+0000] {dag.py:3696} INFO - Setting next_dagrun for example_setup_teardown to 2023-09-28T09:52:10.275828+00:00, run_after=2023-09-29T09:52:10.275828+00:00
[2023-09-29T09:52:10.298+0000] {processor.py:179} INFO - Processing /home/ubuntu/airflow_venv/lib/python3.10/site-packages/airflow/example_dags/example_setup_teardown.py took 0.080 seconds
[2023-09-29T09:53:00.735+0000] {processor.py:157} INFO - Started process (PID=3530) to work on /home/ubuntu/airflow_venv/lib/python3.10/site-packages/airflow/example_dags/example_setup_teardown.py
[2023-09-29T09:53:00.737+0000] {processor.py:829} INFO - Processing file /home/ubuntu/airflow_venv/lib/python3.10/site-packages/airflow/example_dags/example_setup_teardown.py for tasks to queue
[2023-09-29T09:53:00.737+0000] {logging_mixin.py:151} INFO - [2023-09-29T09:53:00.737+0000] {dagbag.py:539} INFO - Filling up the DagBag from /home/ubuntu/airflow_venv/lib/python3.10/site-packages/airflow/example_dags/example_setup_teardown.py
[2023-09-29T09:53:00.745+0000] {processor.py:839} INFO - DAG(s) dict_keys(['example_setup_teardown']) retrieved from /home/ubuntu/airflow_venv/lib/python3.10/site-packages/airflow/example_dags/example_setup_teardown.py
[2023-09-29T09:53:00.761+0000] {logging_mixin.py:151} INFO - [2023-09-29T09:53:00.761+0000] {dag.py:2915} INFO - Sync 1 DAGs
[2023-09-29T09:53:00.925+0000] {logging_mixin.py:151} INFO - [2023-09-29T09:53:00.925+0000] {dag.py:3696} INFO - Setting next_dagrun for example_setup_teardown to 2023-09-28T09:53:00.924902+00:00, run_after=2023-09-29T09:53:00.924902+00:00
[2023-09-29T09:53:00.945+0000] {processor.py:179} INFO - Processing /home/ubuntu/airflow_venv/lib/python3.10/site-packages/airflow/example_dags/example_setup_teardown.py took 0.213 seconds
[2023-09-29T09:54:15.451+0000] {processor.py:157} INFO - Started process (PID=3595) to work on /home/ubuntu/airflow_venv/lib/python3.10/site-packages/airflow/example_dags/example_setup_teardown.py
[2023-09-29T09:54:15.453+0000] {processor.py:829} INFO - Processing file /home/ubuntu/airflow_venv/lib/python3.10/site-packages/airflow/example_dags/example_setup_teardown.py for tasks to queue
[2023-09-29T09:54:15.454+0000] {logging_mixin.py:151} INFO - [2023-09-29T09:54:15.453+0000] {dagbag.py:539} INFO - Filling up the DagBag from /home/ubuntu/airflow_venv/lib/python3.10/site-packages/airflow/example_dags/example_setup_teardown.py
[2023-09-29T09:54:15.463+0000] {processor.py:839} INFO - DAG(s) dict_keys(['example_setup_teardown']) retrieved from /home/ubuntu/airflow_venv/lib/python3.10/site-packages/airflow/example_dags/example_setup_teardown.py
[2023-09-29T09:54:15.488+0000] {logging_mixin.py:151} INFO - [2023-09-29T09:54:15.488+0000] {dag.py:2915} INFO - Sync 1 DAGs
[2023-09-29T09:54:15.519+0000] {logging_mixin.py:151} INFO - [2023-09-29T09:54:15.519+0000] {dag.py:3696} INFO - Setting next_dagrun for example_setup_teardown to 2023-09-28T09:54:15.518683+00:00, run_after=2023-09-29T09:54:15.518683+00:00
[2023-09-29T09:54:15.548+0000] {processor.py:179} INFO - Processing /home/ubuntu/airflow_venv/lib/python3.10/site-packages/airflow/example_dags/example_setup_teardown.py took 0.100 seconds
[2023-09-29T09:56:16.203+0000] {processor.py:157} INFO - Started process (PID=4119) to work on /home/ubuntu/airflow_venv/lib/python3.10/site-packages/airflow/example_dags/example_setup_teardown.py
[2023-09-29T09:56:16.212+0000] {processor.py:829} INFO - Processing file /home/ubuntu/airflow_venv/lib/python3.10/site-packages/airflow/example_dags/example_setup_teardown.py for tasks to queue
[2023-09-29T09:56:16.214+0000] {logging_mixin.py:151} INFO - [2023-09-29T09:56:16.213+0000] {dagbag.py:539} INFO - Filling up the DagBag from /home/ubuntu/airflow_venv/lib/python3.10/site-packages/airflow/example_dags/example_setup_teardown.py
[2023-09-29T09:56:16.233+0000] {processor.py:839} INFO - DAG(s) dict_keys(['example_setup_teardown']) retrieved from /home/ubuntu/airflow_venv/lib/python3.10/site-packages/airflow/example_dags/example_setup_teardown.py
[2023-09-29T09:56:16.272+0000] {logging_mixin.py:151} INFO - [2023-09-29T09:56:16.272+0000] {dag.py:2915} INFO - Sync 1 DAGs
[2023-09-29T09:56:16.294+0000] {logging_mixin.py:151} INFO - [2023-09-29T09:56:16.294+0000] {dag.py:3696} INFO - Setting next_dagrun for example_setup_teardown to 2023-09-28T09:56:16.294298+00:00, run_after=2023-09-29T09:56:16.294298+00:00
[2023-09-29T09:56:16.317+0000] {processor.py:179} INFO - Processing /home/ubuntu/airflow_venv/lib/python3.10/site-packages/airflow/example_dags/example_setup_teardown.py took 0.124 seconds
[2023-09-29T09:57:14.936+0000] {processor.py:157} INFO - Started process (PID=4177) to work on /home/ubuntu/airflow_venv/lib/python3.10/site-packages/airflow/example_dags/example_setup_teardown.py
[2023-09-29T09:57:14.939+0000] {processor.py:829} INFO - Processing file /home/ubuntu/airflow_venv/lib/python3.10/site-packages/airflow/example_dags/example_setup_teardown.py for tasks to queue
[2023-09-29T09:57:14.942+0000] {logging_mixin.py:151} INFO - [2023-09-29T09:57:14.940+0000] {dagbag.py:539} INFO - Filling up the DagBag from /home/ubuntu/airflow_venv/lib/python3.10/site-packages/airflow/example_dags/example_setup_teardown.py
[2023-09-29T09:57:14.956+0000] {processor.py:839} INFO - DAG(s) dict_keys(['example_setup_teardown']) retrieved from /home/ubuntu/airflow_venv/lib/python3.10/site-packages/airflow/example_dags/example_setup_teardown.py
[2023-09-29T09:57:14.985+0000] {logging_mixin.py:151} INFO - [2023-09-29T09:57:14.985+0000] {dag.py:2915} INFO - Sync 1 DAGs
[2023-09-29T09:57:15.193+0000] {logging_mixin.py:151} INFO - [2023-09-29T09:57:15.192+0000] {dag.py:3696} INFO - Setting next_dagrun for example_setup_teardown to 2023-09-28T09:57:15.192098+00:00, run_after=2023-09-29T09:57:15.192098+00:00
[2023-09-29T09:57:15.216+0000] {processor.py:179} INFO - Processing /home/ubuntu/airflow_venv/lib/python3.10/site-packages/airflow/example_dags/example_setup_teardown.py took 0.289 seconds
[2023-09-29T09:58:11.916+0000] {processor.py:157} INFO - Started process (PID=4237) to work on /home/ubuntu/airflow_venv/lib/python3.10/site-packages/airflow/example_dags/example_setup_teardown.py
[2023-09-29T09:58:11.917+0000] {processor.py:829} INFO - Processing file /home/ubuntu/airflow_venv/lib/python3.10/site-packages/airflow/example_dags/example_setup_teardown.py for tasks to queue
[2023-09-29T09:58:11.918+0000] {logging_mixin.py:151} INFO - [2023-09-29T09:58:11.917+0000] {dagbag.py:539} INFO - Filling up the DagBag from /home/ubuntu/airflow_venv/lib/python3.10/site-packages/airflow/example_dags/example_setup_teardown.py
[2023-09-29T09:58:12.069+0000] {processor.py:839} INFO - DAG(s) dict_keys(['example_setup_teardown']) retrieved from /home/ubuntu/airflow_venv/lib/python3.10/site-packages/airflow/example_dags/example_setup_teardown.py
[2023-09-29T09:58:12.080+0000] {logging_mixin.py:151} INFO - [2023-09-29T09:58:12.080+0000] {dag.py:2915} INFO - Sync 1 DAGs
[2023-09-29T09:58:12.096+0000] {logging_mixin.py:151} INFO - [2023-09-29T09:58:12.096+0000] {dag.py:3696} INFO - Setting next_dagrun for example_setup_teardown to 2023-09-28T09:58:12.096463+00:00, run_after=2023-09-29T09:58:12.096463+00:00
[2023-09-29T09:58:12.115+0000] {processor.py:179} INFO - Processing /home/ubuntu/airflow_venv/lib/python3.10/site-packages/airflow/example_dags/example_setup_teardown.py took 0.202 seconds
