[2023-09-29T07:22:32.622+0000] {processor.py:157} INFO - Started process (PID=12201) to work on /home/ubuntu/airflow_venv/lib/python3.10/site-packages/airflow/example_dags/example_short_circuit_operator.py
[2023-09-29T07:22:32.623+0000] {processor.py:829} INFO - Processing file /home/ubuntu/airflow_venv/lib/python3.10/site-packages/airflow/example_dags/example_short_circuit_operator.py for tasks to queue
[2023-09-29T07:22:32.624+0000] {logging_mixin.py:151} INFO - [2023-09-29T07:22:32.624+0000] {dagbag.py:539} INFO - Filling up the DagBag from /home/ubuntu/airflow_venv/lib/python3.10/site-packages/airflow/example_dags/example_short_circuit_operator.py
[2023-09-29T07:22:32.632+0000] {processor.py:839} INFO - DAG(s) dict_keys(['example_short_circuit_operator']) retrieved from /home/ubuntu/airflow_venv/lib/python3.10/site-packages/airflow/example_dags/example_short_circuit_operator.py
[2023-09-29T07:22:32.654+0000] {logging_mixin.py:151} INFO - [2023-09-29T07:22:32.654+0000] {dag.py:2915} INFO - Sync 1 DAGs
[2023-09-29T07:22:32.672+0000] {logging_mixin.py:151} INFO - [2023-09-29T07:22:32.672+0000] {dag.py:3696} INFO - Setting next_dagrun for example_short_circuit_operator to 2023-09-28T07:22:32.672184+00:00, run_after=2023-09-29T07:22:32.672184+00:00
[2023-09-29T07:22:32.702+0000] {processor.py:179} INFO - Processing /home/ubuntu/airflow_venv/lib/python3.10/site-packages/airflow/example_dags/example_short_circuit_operator.py took 0.082 seconds
[2023-09-29T07:23:23.500+0000] {processor.py:157} INFO - Started process (PID=12386) to work on /home/ubuntu/airflow_venv/lib/python3.10/site-packages/airflow/example_dags/example_short_circuit_operator.py
[2023-09-29T07:23:23.506+0000] {processor.py:829} INFO - Processing file /home/ubuntu/airflow_venv/lib/python3.10/site-packages/airflow/example_dags/example_short_circuit_operator.py for tasks to queue
[2023-09-29T07:23:23.507+0000] {logging_mixin.py:151} INFO - [2023-09-29T07:23:23.506+0000] {dagbag.py:539} INFO - Filling up the DagBag from /home/ubuntu/airflow_venv/lib/python3.10/site-packages/airflow/example_dags/example_short_circuit_operator.py
[2023-09-29T07:23:23.518+0000] {processor.py:839} INFO - DAG(s) dict_keys(['example_short_circuit_operator']) retrieved from /home/ubuntu/airflow_venv/lib/python3.10/site-packages/airflow/example_dags/example_short_circuit_operator.py
[2023-09-29T07:23:23.539+0000] {logging_mixin.py:151} INFO - [2023-09-29T07:23:23.539+0000] {dag.py:2915} INFO - Sync 1 DAGs
[2023-09-29T07:23:23.718+0000] {logging_mixin.py:151} INFO - [2023-09-29T07:23:23.717+0000] {dag.py:3696} INFO - Setting next_dagrun for example_short_circuit_operator to 2023-09-28T07:23:23.716623+00:00, run_after=2023-09-29T07:23:23.716623+00:00
[2023-09-29T07:23:23.762+0000] {processor.py:179} INFO - Processing /home/ubuntu/airflow_venv/lib/python3.10/site-packages/airflow/example_dags/example_short_circuit_operator.py took 0.269 seconds
[2023-09-29T07:28:31.149+0000] {processor.py:157} INFO - Started process (PID=12876) to work on /home/ubuntu/airflow_venv/lib/python3.10/site-packages/airflow/example_dags/example_short_circuit_operator.py
[2023-09-29T07:28:31.151+0000] {processor.py:829} INFO - Processing file /home/ubuntu/airflow_venv/lib/python3.10/site-packages/airflow/example_dags/example_short_circuit_operator.py for tasks to queue
[2023-09-29T07:28:31.152+0000] {logging_mixin.py:151} INFO - [2023-09-29T07:28:31.151+0000] {dagbag.py:539} INFO - Filling up the DagBag from /home/ubuntu/airflow_venv/lib/python3.10/site-packages/airflow/example_dags/example_short_circuit_operator.py
[2023-09-29T07:28:31.167+0000] {processor.py:839} INFO - DAG(s) dict_keys(['example_short_circuit_operator']) retrieved from /home/ubuntu/airflow_venv/lib/python3.10/site-packages/airflow/example_dags/example_short_circuit_operator.py
[2023-09-29T07:28:31.199+0000] {logging_mixin.py:151} INFO - [2023-09-29T07:28:31.199+0000] {dag.py:2915} INFO - Sync 1 DAGs
[2023-09-29T07:28:31.225+0000] {logging_mixin.py:151} INFO - [2023-09-29T07:28:31.225+0000] {dag.py:3696} INFO - Setting next_dagrun for example_short_circuit_operator to 2023-09-28T07:28:31.224983+00:00, run_after=2023-09-29T07:28:31.224983+00:00
[2023-09-29T07:28:31.251+0000] {processor.py:179} INFO - Processing /home/ubuntu/airflow_venv/lib/python3.10/site-packages/airflow/example_dags/example_short_circuit_operator.py took 0.106 seconds
[2023-09-29T07:29:18.485+0000] {processor.py:157} INFO - Started process (PID=12924) to work on /home/ubuntu/airflow_venv/lib/python3.10/site-packages/airflow/example_dags/example_short_circuit_operator.py
[2023-09-29T07:29:18.487+0000] {processor.py:829} INFO - Processing file /home/ubuntu/airflow_venv/lib/python3.10/site-packages/airflow/example_dags/example_short_circuit_operator.py for tasks to queue
[2023-09-29T07:29:18.491+0000] {logging_mixin.py:151} INFO - [2023-09-29T07:29:18.491+0000] {dagbag.py:539} INFO - Filling up the DagBag from /home/ubuntu/airflow_venv/lib/python3.10/site-packages/airflow/example_dags/example_short_circuit_operator.py
[2023-09-29T07:29:18.500+0000] {processor.py:839} INFO - DAG(s) dict_keys(['example_short_circuit_operator']) retrieved from /home/ubuntu/airflow_venv/lib/python3.10/site-packages/airflow/example_dags/example_short_circuit_operator.py
[2023-09-29T07:29:18.521+0000] {logging_mixin.py:151} INFO - [2023-09-29T07:29:18.521+0000] {dag.py:2915} INFO - Sync 1 DAGs
[2023-09-29T07:29:18.545+0000] {logging_mixin.py:151} INFO - [2023-09-29T07:29:18.545+0000] {dag.py:3696} INFO - Setting next_dagrun for example_short_circuit_operator to 2023-09-28T07:29:18.544868+00:00, run_after=2023-09-29T07:29:18.544868+00:00
[2023-09-29T07:29:18.569+0000] {processor.py:179} INFO - Processing /home/ubuntu/airflow_venv/lib/python3.10/site-packages/airflow/example_dags/example_short_circuit_operator.py took 0.088 seconds
[2023-09-29T07:30:13.899+0000] {processor.py:157} INFO - Started process (PID=12981) to work on /home/ubuntu/airflow_venv/lib/python3.10/site-packages/airflow/example_dags/example_short_circuit_operator.py
[2023-09-29T07:30:13.901+0000] {processor.py:829} INFO - Processing file /home/ubuntu/airflow_venv/lib/python3.10/site-packages/airflow/example_dags/example_short_circuit_operator.py for tasks to queue
[2023-09-29T07:30:13.902+0000] {logging_mixin.py:151} INFO - [2023-09-29T07:30:13.901+0000] {dagbag.py:539} INFO - Filling up the DagBag from /home/ubuntu/airflow_venv/lib/python3.10/site-packages/airflow/example_dags/example_short_circuit_operator.py
[2023-09-29T07:30:13.920+0000] {processor.py:839} INFO - DAG(s) dict_keys(['example_short_circuit_operator']) retrieved from /home/ubuntu/airflow_venv/lib/python3.10/site-packages/airflow/example_dags/example_short_circuit_operator.py
[2023-09-29T07:30:13.946+0000] {logging_mixin.py:151} INFO - [2023-09-29T07:30:13.946+0000] {dag.py:2915} INFO - Sync 1 DAGs
[2023-09-29T07:30:13.969+0000] {logging_mixin.py:151} INFO - [2023-09-29T07:30:13.969+0000] {dag.py:3696} INFO - Setting next_dagrun for example_short_circuit_operator to 2023-09-28T07:30:13.969437+00:00, run_after=2023-09-29T07:30:13.969437+00:00
[2023-09-29T07:30:14.010+0000] {processor.py:179} INFO - Processing /home/ubuntu/airflow_venv/lib/python3.10/site-packages/airflow/example_dags/example_short_circuit_operator.py took 0.116 seconds
[2023-09-29T07:31:08.532+0000] {processor.py:157} INFO - Started process (PID=13039) to work on /home/ubuntu/airflow_venv/lib/python3.10/site-packages/airflow/example_dags/example_short_circuit_operator.py
[2023-09-29T07:31:08.533+0000] {processor.py:829} INFO - Processing file /home/ubuntu/airflow_venv/lib/python3.10/site-packages/airflow/example_dags/example_short_circuit_operator.py for tasks to queue
[2023-09-29T07:31:08.534+0000] {logging_mixin.py:151} INFO - [2023-09-29T07:31:08.534+0000] {dagbag.py:539} INFO - Filling up the DagBag from /home/ubuntu/airflow_venv/lib/python3.10/site-packages/airflow/example_dags/example_short_circuit_operator.py
[2023-09-29T07:31:08.547+0000] {processor.py:839} INFO - DAG(s) dict_keys(['example_short_circuit_operator']) retrieved from /home/ubuntu/airflow_venv/lib/python3.10/site-packages/airflow/example_dags/example_short_circuit_operator.py
[2023-09-29T07:31:08.588+0000] {logging_mixin.py:151} INFO - [2023-09-29T07:31:08.587+0000] {dag.py:2915} INFO - Sync 1 DAGs
[2023-09-29T07:31:08.641+0000] {logging_mixin.py:151} INFO - [2023-09-29T07:31:08.641+0000] {dag.py:3696} INFO - Setting next_dagrun for example_short_circuit_operator to 2023-09-28T07:31:08.641177+00:00, run_after=2023-09-29T07:31:08.641177+00:00
[2023-09-29T07:31:08.684+0000] {processor.py:179} INFO - Processing /home/ubuntu/airflow_venv/lib/python3.10/site-packages/airflow/example_dags/example_short_circuit_operator.py took 0.167 seconds
[2023-09-29T07:43:24.246+0000] {processor.py:157} INFO - Started process (PID=1215) to work on /home/ubuntu/airflow_venv/lib/python3.10/site-packages/airflow/example_dags/example_short_circuit_operator.py
[2023-09-29T07:43:24.247+0000] {processor.py:829} INFO - Processing file /home/ubuntu/airflow_venv/lib/python3.10/site-packages/airflow/example_dags/example_short_circuit_operator.py for tasks to queue
[2023-09-29T07:43:24.248+0000] {logging_mixin.py:151} INFO - [2023-09-29T07:43:24.248+0000] {dagbag.py:539} INFO - Filling up the DagBag from /home/ubuntu/airflow_venv/lib/python3.10/site-packages/airflow/example_dags/example_short_circuit_operator.py
[2023-09-29T07:43:24.258+0000] {processor.py:839} INFO - DAG(s) dict_keys(['example_short_circuit_operator']) retrieved from /home/ubuntu/airflow_venv/lib/python3.10/site-packages/airflow/example_dags/example_short_circuit_operator.py
[2023-09-29T07:43:24.281+0000] {logging_mixin.py:151} INFO - [2023-09-29T07:43:24.281+0000] {dag.py:2915} INFO - Sync 1 DAGs
[2023-09-29T07:43:24.303+0000] {logging_mixin.py:151} INFO - [2023-09-29T07:43:24.302+0000] {dag.py:3696} INFO - Setting next_dagrun for example_short_circuit_operator to 2023-09-28T07:43:24.302731+00:00, run_after=2023-09-29T07:43:24.302731+00:00
[2023-09-29T07:43:24.336+0000] {processor.py:179} INFO - Processing /home/ubuntu/airflow_venv/lib/python3.10/site-packages/airflow/example_dags/example_short_circuit_operator.py took 0.093 seconds
[2023-09-29T07:44:15.579+0000] {processor.py:157} INFO - Started process (PID=1263) to work on /home/ubuntu/airflow_venv/lib/python3.10/site-packages/airflow/example_dags/example_short_circuit_operator.py
[2023-09-29T07:44:15.580+0000] {processor.py:829} INFO - Processing file /home/ubuntu/airflow_venv/lib/python3.10/site-packages/airflow/example_dags/example_short_circuit_operator.py for tasks to queue
[2023-09-29T07:44:15.581+0000] {logging_mixin.py:151} INFO - [2023-09-29T07:44:15.581+0000] {dagbag.py:539} INFO - Filling up the DagBag from /home/ubuntu/airflow_venv/lib/python3.10/site-packages/airflow/example_dags/example_short_circuit_operator.py
[2023-09-29T07:44:15.591+0000] {processor.py:839} INFO - DAG(s) dict_keys(['example_short_circuit_operator']) retrieved from /home/ubuntu/airflow_venv/lib/python3.10/site-packages/airflow/example_dags/example_short_circuit_operator.py
[2023-09-29T07:44:15.609+0000] {logging_mixin.py:151} INFO - [2023-09-29T07:44:15.609+0000] {dag.py:2915} INFO - Sync 1 DAGs
[2023-09-29T07:44:15.633+0000] {logging_mixin.py:151} INFO - [2023-09-29T07:44:15.633+0000] {dag.py:3696} INFO - Setting next_dagrun for example_short_circuit_operator to 2023-09-28T07:44:15.633190+00:00, run_after=2023-09-29T07:44:15.633190+00:00
[2023-09-29T07:44:15.818+0000] {processor.py:179} INFO - Processing /home/ubuntu/airflow_venv/lib/python3.10/site-packages/airflow/example_dags/example_short_circuit_operator.py took 0.243 seconds
[2023-09-29T07:45:11.027+0000] {processor.py:157} INFO - Started process (PID=1521) to work on /home/ubuntu/airflow_venv/lib/python3.10/site-packages/airflow/example_dags/example_short_circuit_operator.py
[2023-09-29T07:45:11.029+0000] {processor.py:829} INFO - Processing file /home/ubuntu/airflow_venv/lib/python3.10/site-packages/airflow/example_dags/example_short_circuit_operator.py for tasks to queue
[2023-09-29T07:45:11.030+0000] {logging_mixin.py:151} INFO - [2023-09-29T07:45:11.029+0000] {dagbag.py:539} INFO - Filling up the DagBag from /home/ubuntu/airflow_venv/lib/python3.10/site-packages/airflow/example_dags/example_short_circuit_operator.py
[2023-09-29T07:45:11.041+0000] {processor.py:839} INFO - DAG(s) dict_keys(['example_short_circuit_operator']) retrieved from /home/ubuntu/airflow_venv/lib/python3.10/site-packages/airflow/example_dags/example_short_circuit_operator.py
[2023-09-29T07:45:11.300+0000] {logging_mixin.py:151} INFO - [2023-09-29T07:45:11.300+0000] {dag.py:2915} INFO - Sync 1 DAGs
[2023-09-29T07:45:11.341+0000] {logging_mixin.py:151} INFO - [2023-09-29T07:45:11.340+0000] {dag.py:3696} INFO - Setting next_dagrun for example_short_circuit_operator to 2023-09-28T07:45:11.340592+00:00, run_after=2023-09-29T07:45:11.340592+00:00
[2023-09-29T07:45:11.390+0000] {processor.py:179} INFO - Processing /home/ubuntu/airflow_venv/lib/python3.10/site-packages/airflow/example_dags/example_short_circuit_operator.py took 0.366 seconds
[2023-09-29T07:55:19.746+0000] {processor.py:157} INFO - Started process (PID=1339) to work on /home/ubuntu/airflow_venv/lib/python3.10/site-packages/airflow/example_dags/example_short_circuit_operator.py
[2023-09-29T07:55:19.748+0000] {processor.py:829} INFO - Processing file /home/ubuntu/airflow_venv/lib/python3.10/site-packages/airflow/example_dags/example_short_circuit_operator.py for tasks to queue
[2023-09-29T07:55:19.748+0000] {logging_mixin.py:151} INFO - [2023-09-29T07:55:19.748+0000] {dagbag.py:539} INFO - Filling up the DagBag from /home/ubuntu/airflow_venv/lib/python3.10/site-packages/airflow/example_dags/example_short_circuit_operator.py
[2023-09-29T07:55:19.758+0000] {processor.py:839} INFO - DAG(s) dict_keys(['example_short_circuit_operator']) retrieved from /home/ubuntu/airflow_venv/lib/python3.10/site-packages/airflow/example_dags/example_short_circuit_operator.py
[2023-09-29T07:55:19.802+0000] {logging_mixin.py:151} INFO - [2023-09-29T07:55:19.801+0000] {dag.py:2915} INFO - Sync 1 DAGs
[2023-09-29T07:55:19.830+0000] {logging_mixin.py:151} INFO - [2023-09-29T07:55:19.830+0000] {dag.py:3696} INFO - Setting next_dagrun for example_short_circuit_operator to 2023-09-28T07:55:19.829916+00:00, run_after=2023-09-29T07:55:19.829916+00:00
[2023-09-29T07:55:19.855+0000] {processor.py:179} INFO - Processing /home/ubuntu/airflow_venv/lib/python3.10/site-packages/airflow/example_dags/example_short_circuit_operator.py took 0.112 seconds
[2023-09-29T07:56:15.266+0000] {processor.py:157} INFO - Started process (PID=1393) to work on /home/ubuntu/airflow_venv/lib/python3.10/site-packages/airflow/example_dags/example_short_circuit_operator.py
[2023-09-29T07:56:15.267+0000] {processor.py:829} INFO - Processing file /home/ubuntu/airflow_venv/lib/python3.10/site-packages/airflow/example_dags/example_short_circuit_operator.py for tasks to queue
[2023-09-29T07:56:15.268+0000] {logging_mixin.py:151} INFO - [2023-09-29T07:56:15.268+0000] {dagbag.py:539} INFO - Filling up the DagBag from /home/ubuntu/airflow_venv/lib/python3.10/site-packages/airflow/example_dags/example_short_circuit_operator.py
[2023-09-29T07:56:15.278+0000] {processor.py:839} INFO - DAG(s) dict_keys(['example_short_circuit_operator']) retrieved from /home/ubuntu/airflow_venv/lib/python3.10/site-packages/airflow/example_dags/example_short_circuit_operator.py
[2023-09-29T07:56:15.299+0000] {logging_mixin.py:151} INFO - [2023-09-29T07:56:15.298+0000] {dag.py:2915} INFO - Sync 1 DAGs
[2023-09-29T07:56:15.336+0000] {logging_mixin.py:151} INFO - [2023-09-29T07:56:15.336+0000] {dag.py:3696} INFO - Setting next_dagrun for example_short_circuit_operator to 2023-09-28T07:56:15.336290+00:00, run_after=2023-09-29T07:56:15.336290+00:00
[2023-09-29T07:56:15.531+0000] {processor.py:179} INFO - Processing /home/ubuntu/airflow_venv/lib/python3.10/site-packages/airflow/example_dags/example_short_circuit_operator.py took 0.270 seconds
[2023-09-29T07:57:10.908+0000] {processor.py:157} INFO - Started process (PID=1441) to work on /home/ubuntu/airflow_venv/lib/python3.10/site-packages/airflow/example_dags/example_short_circuit_operator.py
[2023-09-29T07:57:10.909+0000] {processor.py:829} INFO - Processing file /home/ubuntu/airflow_venv/lib/python3.10/site-packages/airflow/example_dags/example_short_circuit_operator.py for tasks to queue
[2023-09-29T07:57:10.910+0000] {logging_mixin.py:151} INFO - [2023-09-29T07:57:10.910+0000] {dagbag.py:539} INFO - Filling up the DagBag from /home/ubuntu/airflow_venv/lib/python3.10/site-packages/airflow/example_dags/example_short_circuit_operator.py
[2023-09-29T07:57:10.918+0000] {processor.py:839} INFO - DAG(s) dict_keys(['example_short_circuit_operator']) retrieved from /home/ubuntu/airflow_venv/lib/python3.10/site-packages/airflow/example_dags/example_short_circuit_operator.py
[2023-09-29T07:57:11.072+0000] {logging_mixin.py:151} INFO - [2023-09-29T07:57:11.072+0000] {dag.py:2915} INFO - Sync 1 DAGs
[2023-09-29T07:57:11.087+0000] {logging_mixin.py:151} INFO - [2023-09-29T07:57:11.087+0000] {dag.py:3696} INFO - Setting next_dagrun for example_short_circuit_operator to 2023-09-28T07:57:11.087549+00:00, run_after=2023-09-29T07:57:11.087549+00:00
[2023-09-29T07:57:11.107+0000] {processor.py:179} INFO - Processing /home/ubuntu/airflow_venv/lib/python3.10/site-packages/airflow/example_dags/example_short_circuit_operator.py took 0.202 seconds
[2023-09-29T07:57:57.992+0000] {processor.py:157} INFO - Started process (PID=1487) to work on /home/ubuntu/airflow_venv/lib/python3.10/site-packages/airflow/example_dags/example_short_circuit_operator.py
[2023-09-29T07:57:57.994+0000] {processor.py:829} INFO - Processing file /home/ubuntu/airflow_venv/lib/python3.10/site-packages/airflow/example_dags/example_short_circuit_operator.py for tasks to queue
[2023-09-29T07:57:57.995+0000] {logging_mixin.py:151} INFO - [2023-09-29T07:57:57.994+0000] {dagbag.py:539} INFO - Filling up the DagBag from /home/ubuntu/airflow_venv/lib/python3.10/site-packages/airflow/example_dags/example_short_circuit_operator.py
[2023-09-29T07:57:58.012+0000] {processor.py:839} INFO - DAG(s) dict_keys(['example_short_circuit_operator']) retrieved from /home/ubuntu/airflow_venv/lib/python3.10/site-packages/airflow/example_dags/example_short_circuit_operator.py
[2023-09-29T07:57:58.036+0000] {logging_mixin.py:151} INFO - [2023-09-29T07:57:58.036+0000] {dag.py:2915} INFO - Sync 1 DAGs
[2023-09-29T07:57:58.057+0000] {logging_mixin.py:151} INFO - [2023-09-29T07:57:58.057+0000] {dag.py:3696} INFO - Setting next_dagrun for example_short_circuit_operator to 2023-09-28T07:57:58.057513+00:00, run_after=2023-09-29T07:57:58.057513+00:00
[2023-09-29T07:57:58.079+0000] {processor.py:179} INFO - Processing /home/ubuntu/airflow_venv/lib/python3.10/site-packages/airflow/example_dags/example_short_circuit_operator.py took 0.090 seconds
[2023-09-29T07:58:50.919+0000] {processor.py:157} INFO - Started process (PID=1540) to work on /home/ubuntu/airflow_venv/lib/python3.10/site-packages/airflow/example_dags/example_short_circuit_operator.py
[2023-09-29T07:58:50.920+0000] {processor.py:829} INFO - Processing file /home/ubuntu/airflow_venv/lib/python3.10/site-packages/airflow/example_dags/example_short_circuit_operator.py for tasks to queue
[2023-09-29T07:58:50.921+0000] {logging_mixin.py:151} INFO - [2023-09-29T07:58:50.921+0000] {dagbag.py:539} INFO - Filling up the DagBag from /home/ubuntu/airflow_venv/lib/python3.10/site-packages/airflow/example_dags/example_short_circuit_operator.py
[2023-09-29T07:58:50.941+0000] {processor.py:839} INFO - DAG(s) dict_keys(['example_short_circuit_operator']) retrieved from /home/ubuntu/airflow_venv/lib/python3.10/site-packages/airflow/example_dags/example_short_circuit_operator.py
[2023-09-29T07:58:50.966+0000] {logging_mixin.py:151} INFO - [2023-09-29T07:58:50.966+0000] {dag.py:2915} INFO - Sync 1 DAGs
[2023-09-29T07:58:50.984+0000] {logging_mixin.py:151} INFO - [2023-09-29T07:58:50.984+0000] {dag.py:3696} INFO - Setting next_dagrun for example_short_circuit_operator to 2023-09-28T07:58:50.984221+00:00, run_after=2023-09-29T07:58:50.984221+00:00
[2023-09-29T07:58:51.004+0000] {processor.py:179} INFO - Processing /home/ubuntu/airflow_venv/lib/python3.10/site-packages/airflow/example_dags/example_short_circuit_operator.py took 0.088 seconds
[2023-09-29T07:59:43.808+0000] {processor.py:157} INFO - Started process (PID=1601) to work on /home/ubuntu/airflow_venv/lib/python3.10/site-packages/airflow/example_dags/example_short_circuit_operator.py
[2023-09-29T07:59:43.810+0000] {processor.py:829} INFO - Processing file /home/ubuntu/airflow_venv/lib/python3.10/site-packages/airflow/example_dags/example_short_circuit_operator.py for tasks to queue
[2023-09-29T07:59:43.811+0000] {logging_mixin.py:151} INFO - [2023-09-29T07:59:43.810+0000] {dagbag.py:539} INFO - Filling up the DagBag from /home/ubuntu/airflow_venv/lib/python3.10/site-packages/airflow/example_dags/example_short_circuit_operator.py
[2023-09-29T07:59:43.820+0000] {processor.py:839} INFO - DAG(s) dict_keys(['example_short_circuit_operator']) retrieved from /home/ubuntu/airflow_venv/lib/python3.10/site-packages/airflow/example_dags/example_short_circuit_operator.py
[2023-09-29T07:59:43.840+0000] {logging_mixin.py:151} INFO - [2023-09-29T07:59:43.840+0000] {dag.py:2915} INFO - Sync 1 DAGs
[2023-09-29T07:59:43.859+0000] {logging_mixin.py:151} INFO - [2023-09-29T07:59:43.858+0000] {dag.py:3696} INFO - Setting next_dagrun for example_short_circuit_operator to 2023-09-28T07:59:43.858472+00:00, run_after=2023-09-29T07:59:43.858472+00:00
[2023-09-29T07:59:43.886+0000] {processor.py:179} INFO - Processing /home/ubuntu/airflow_venv/lib/python3.10/site-packages/airflow/example_dags/example_short_circuit_operator.py took 0.081 seconds
[2023-09-29T08:01:00.476+0000] {processor.py:157} INFO - Started process (PID=1676) to work on /home/ubuntu/airflow_venv/lib/python3.10/site-packages/airflow/example_dags/example_short_circuit_operator.py
[2023-09-29T08:01:00.478+0000] {processor.py:829} INFO - Processing file /home/ubuntu/airflow_venv/lib/python3.10/site-packages/airflow/example_dags/example_short_circuit_operator.py for tasks to queue
[2023-09-29T08:01:00.479+0000] {logging_mixin.py:151} INFO - [2023-09-29T08:01:00.478+0000] {dagbag.py:539} INFO - Filling up the DagBag from /home/ubuntu/airflow_venv/lib/python3.10/site-packages/airflow/example_dags/example_short_circuit_operator.py
[2023-09-29T08:01:00.502+0000] {processor.py:839} INFO - DAG(s) dict_keys(['example_short_circuit_operator']) retrieved from /home/ubuntu/airflow_venv/lib/python3.10/site-packages/airflow/example_dags/example_short_circuit_operator.py
[2023-09-29T08:01:00.544+0000] {logging_mixin.py:151} INFO - [2023-09-29T08:01:00.544+0000] {dag.py:2915} INFO - Sync 1 DAGs
[2023-09-29T08:01:00.572+0000] {logging_mixin.py:151} INFO - [2023-09-29T08:01:00.571+0000] {dag.py:3696} INFO - Setting next_dagrun for example_short_circuit_operator to 2023-09-28T08:01:00.571732+00:00, run_after=2023-09-29T08:01:00.571732+00:00
[2023-09-29T08:01:00.604+0000] {processor.py:179} INFO - Processing /home/ubuntu/airflow_venv/lib/python3.10/site-packages/airflow/example_dags/example_short_circuit_operator.py took 0.131 seconds
[2023-09-29T08:01:49.846+0000] {processor.py:157} INFO - Started process (PID=1725) to work on /home/ubuntu/airflow_venv/lib/python3.10/site-packages/airflow/example_dags/example_short_circuit_operator.py
[2023-09-29T08:01:49.847+0000] {processor.py:829} INFO - Processing file /home/ubuntu/airflow_venv/lib/python3.10/site-packages/airflow/example_dags/example_short_circuit_operator.py for tasks to queue
[2023-09-29T08:01:49.848+0000] {logging_mixin.py:151} INFO - [2023-09-29T08:01:49.848+0000] {dagbag.py:539} INFO - Filling up the DagBag from /home/ubuntu/airflow_venv/lib/python3.10/site-packages/airflow/example_dags/example_short_circuit_operator.py
[2023-09-29T08:01:49.856+0000] {processor.py:839} INFO - DAG(s) dict_keys(['example_short_circuit_operator']) retrieved from /home/ubuntu/airflow_venv/lib/python3.10/site-packages/airflow/example_dags/example_short_circuit_operator.py
[2023-09-29T08:01:49.873+0000] {logging_mixin.py:151} INFO - [2023-09-29T08:01:49.873+0000] {dag.py:2915} INFO - Sync 1 DAGs
[2023-09-29T08:01:49.893+0000] {logging_mixin.py:151} INFO - [2023-09-29T08:01:49.892+0000] {dag.py:3696} INFO - Setting next_dagrun for example_short_circuit_operator to 2023-09-28T08:01:49.892743+00:00, run_after=2023-09-29T08:01:49.892743+00:00
[2023-09-29T08:01:49.912+0000] {processor.py:179} INFO - Processing /home/ubuntu/airflow_venv/lib/python3.10/site-packages/airflow/example_dags/example_short_circuit_operator.py took 0.069 seconds
[2023-09-29T08:02:44.637+0000] {processor.py:157} INFO - Started process (PID=1782) to work on /home/ubuntu/airflow_venv/lib/python3.10/site-packages/airflow/example_dags/example_short_circuit_operator.py
[2023-09-29T08:02:44.639+0000] {processor.py:829} INFO - Processing file /home/ubuntu/airflow_venv/lib/python3.10/site-packages/airflow/example_dags/example_short_circuit_operator.py for tasks to queue
[2023-09-29T08:02:44.640+0000] {logging_mixin.py:151} INFO - [2023-09-29T08:02:44.639+0000] {dagbag.py:539} INFO - Filling up the DagBag from /home/ubuntu/airflow_venv/lib/python3.10/site-packages/airflow/example_dags/example_short_circuit_operator.py
[2023-09-29T08:02:44.651+0000] {processor.py:839} INFO - DAG(s) dict_keys(['example_short_circuit_operator']) retrieved from /home/ubuntu/airflow_venv/lib/python3.10/site-packages/airflow/example_dags/example_short_circuit_operator.py
[2023-09-29T08:02:44.675+0000] {logging_mixin.py:151} INFO - [2023-09-29T08:02:44.675+0000] {dag.py:2915} INFO - Sync 1 DAGs
[2023-09-29T08:02:44.701+0000] {logging_mixin.py:151} INFO - [2023-09-29T08:02:44.700+0000] {dag.py:3696} INFO - Setting next_dagrun for example_short_circuit_operator to 2023-09-28T08:02:44.700461+00:00, run_after=2023-09-29T08:02:44.700461+00:00
[2023-09-29T08:02:44.729+0000] {processor.py:179} INFO - Processing /home/ubuntu/airflow_venv/lib/python3.10/site-packages/airflow/example_dags/example_short_circuit_operator.py took 0.097 seconds
[2023-09-29T08:03:36.315+0000] {processor.py:157} INFO - Started process (PID=1834) to work on /home/ubuntu/airflow_venv/lib/python3.10/site-packages/airflow/example_dags/example_short_circuit_operator.py
[2023-09-29T08:03:36.317+0000] {processor.py:829} INFO - Processing file /home/ubuntu/airflow_venv/lib/python3.10/site-packages/airflow/example_dags/example_short_circuit_operator.py for tasks to queue
[2023-09-29T08:03:36.318+0000] {logging_mixin.py:151} INFO - [2023-09-29T08:03:36.318+0000] {dagbag.py:539} INFO - Filling up the DagBag from /home/ubuntu/airflow_venv/lib/python3.10/site-packages/airflow/example_dags/example_short_circuit_operator.py
[2023-09-29T08:03:36.328+0000] {processor.py:839} INFO - DAG(s) dict_keys(['example_short_circuit_operator']) retrieved from /home/ubuntu/airflow_venv/lib/python3.10/site-packages/airflow/example_dags/example_short_circuit_operator.py
[2023-09-29T08:03:36.346+0000] {logging_mixin.py:151} INFO - [2023-09-29T08:03:36.346+0000] {dag.py:2915} INFO - Sync 1 DAGs
[2023-09-29T08:03:36.372+0000] {logging_mixin.py:151} INFO - [2023-09-29T08:03:36.371+0000] {dag.py:3696} INFO - Setting next_dagrun for example_short_circuit_operator to 2023-09-28T08:03:36.370834+00:00, run_after=2023-09-29T08:03:36.370834+00:00
[2023-09-29T08:03:36.400+0000] {processor.py:179} INFO - Processing /home/ubuntu/airflow_venv/lib/python3.10/site-packages/airflow/example_dags/example_short_circuit_operator.py took 0.088 seconds
[2023-09-29T08:04:29.148+0000] {processor.py:157} INFO - Started process (PID=1888) to work on /home/ubuntu/airflow_venv/lib/python3.10/site-packages/airflow/example_dags/example_short_circuit_operator.py
[2023-09-29T08:04:29.149+0000] {processor.py:829} INFO - Processing file /home/ubuntu/airflow_venv/lib/python3.10/site-packages/airflow/example_dags/example_short_circuit_operator.py for tasks to queue
[2023-09-29T08:04:29.150+0000] {logging_mixin.py:151} INFO - [2023-09-29T08:04:29.150+0000] {dagbag.py:539} INFO - Filling up the DagBag from /home/ubuntu/airflow_venv/lib/python3.10/site-packages/airflow/example_dags/example_short_circuit_operator.py
[2023-09-29T08:04:29.160+0000] {processor.py:839} INFO - DAG(s) dict_keys(['example_short_circuit_operator']) retrieved from /home/ubuntu/airflow_venv/lib/python3.10/site-packages/airflow/example_dags/example_short_circuit_operator.py
[2023-09-29T08:04:29.179+0000] {logging_mixin.py:151} INFO - [2023-09-29T08:04:29.179+0000] {dag.py:2915} INFO - Sync 1 DAGs
[2023-09-29T08:04:29.200+0000] {logging_mixin.py:151} INFO - [2023-09-29T08:04:29.199+0000] {dag.py:3696} INFO - Setting next_dagrun for example_short_circuit_operator to 2023-09-28T08:04:29.199635+00:00, run_after=2023-09-29T08:04:29.199635+00:00
[2023-09-29T08:04:29.232+0000] {processor.py:179} INFO - Processing /home/ubuntu/airflow_venv/lib/python3.10/site-packages/airflow/example_dags/example_short_circuit_operator.py took 0.088 seconds
[2023-09-29T08:05:17.424+0000] {processor.py:157} INFO - Started process (PID=1940) to work on /home/ubuntu/airflow_venv/lib/python3.10/site-packages/airflow/example_dags/example_short_circuit_operator.py
[2023-09-29T08:05:17.425+0000] {processor.py:829} INFO - Processing file /home/ubuntu/airflow_venv/lib/python3.10/site-packages/airflow/example_dags/example_short_circuit_operator.py for tasks to queue
[2023-09-29T08:05:17.426+0000] {logging_mixin.py:151} INFO - [2023-09-29T08:05:17.426+0000] {dagbag.py:539} INFO - Filling up the DagBag from /home/ubuntu/airflow_venv/lib/python3.10/site-packages/airflow/example_dags/example_short_circuit_operator.py
[2023-09-29T08:05:17.437+0000] {processor.py:839} INFO - DAG(s) dict_keys(['example_short_circuit_operator']) retrieved from /home/ubuntu/airflow_venv/lib/python3.10/site-packages/airflow/example_dags/example_short_circuit_operator.py
[2023-09-29T08:05:17.467+0000] {logging_mixin.py:151} INFO - [2023-09-29T08:05:17.467+0000] {dag.py:2915} INFO - Sync 1 DAGs
[2023-09-29T08:05:17.499+0000] {logging_mixin.py:151} INFO - [2023-09-29T08:05:17.499+0000] {dag.py:3696} INFO - Setting next_dagrun for example_short_circuit_operator to 2023-09-28T08:05:17.498962+00:00, run_after=2023-09-29T08:05:17.498962+00:00
[2023-09-29T08:05:17.525+0000] {processor.py:179} INFO - Processing /home/ubuntu/airflow_venv/lib/python3.10/site-packages/airflow/example_dags/example_short_circuit_operator.py took 0.104 seconds
[2023-09-29T08:06:14.319+0000] {processor.py:157} INFO - Started process (PID=1995) to work on /home/ubuntu/airflow_venv/lib/python3.10/site-packages/airflow/example_dags/example_short_circuit_operator.py
[2023-09-29T08:06:14.324+0000] {processor.py:829} INFO - Processing file /home/ubuntu/airflow_venv/lib/python3.10/site-packages/airflow/example_dags/example_short_circuit_operator.py for tasks to queue
[2023-09-29T08:06:14.326+0000] {logging_mixin.py:151} INFO - [2023-09-29T08:06:14.324+0000] {dagbag.py:539} INFO - Filling up the DagBag from /home/ubuntu/airflow_venv/lib/python3.10/site-packages/airflow/example_dags/example_short_circuit_operator.py
[2023-09-29T08:06:14.337+0000] {processor.py:839} INFO - DAG(s) dict_keys(['example_short_circuit_operator']) retrieved from /home/ubuntu/airflow_venv/lib/python3.10/site-packages/airflow/example_dags/example_short_circuit_operator.py
[2023-09-29T08:06:14.358+0000] {logging_mixin.py:151} INFO - [2023-09-29T08:06:14.357+0000] {dag.py:2915} INFO - Sync 1 DAGs
[2023-09-29T08:06:14.378+0000] {logging_mixin.py:151} INFO - [2023-09-29T08:06:14.378+0000] {dag.py:3696} INFO - Setting next_dagrun for example_short_circuit_operator to 2023-09-28T08:06:14.378113+00:00, run_after=2023-09-29T08:06:14.378113+00:00
[2023-09-29T08:06:14.401+0000] {processor.py:179} INFO - Processing /home/ubuntu/airflow_venv/lib/python3.10/site-packages/airflow/example_dags/example_short_circuit_operator.py took 0.091 seconds
[2023-09-29T08:07:02.772+0000] {processor.py:157} INFO - Started process (PID=2046) to work on /home/ubuntu/airflow_venv/lib/python3.10/site-packages/airflow/example_dags/example_short_circuit_operator.py
[2023-09-29T08:07:02.773+0000] {processor.py:829} INFO - Processing file /home/ubuntu/airflow_venv/lib/python3.10/site-packages/airflow/example_dags/example_short_circuit_operator.py for tasks to queue
[2023-09-29T08:07:02.774+0000] {logging_mixin.py:151} INFO - [2023-09-29T08:07:02.774+0000] {dagbag.py:539} INFO - Filling up the DagBag from /home/ubuntu/airflow_venv/lib/python3.10/site-packages/airflow/example_dags/example_short_circuit_operator.py
[2023-09-29T08:07:02.788+0000] {processor.py:839} INFO - DAG(s) dict_keys(['example_short_circuit_operator']) retrieved from /home/ubuntu/airflow_venv/lib/python3.10/site-packages/airflow/example_dags/example_short_circuit_operator.py
[2023-09-29T08:07:02.811+0000] {logging_mixin.py:151} INFO - [2023-09-29T08:07:02.811+0000] {dag.py:2915} INFO - Sync 1 DAGs
[2023-09-29T08:07:02.836+0000] {logging_mixin.py:151} INFO - [2023-09-29T08:07:02.836+0000] {dag.py:3696} INFO - Setting next_dagrun for example_short_circuit_operator to 2023-09-28T08:07:02.836208+00:00, run_after=2023-09-29T08:07:02.836208+00:00
[2023-09-29T08:07:02.865+0000] {processor.py:179} INFO - Processing /home/ubuntu/airflow_venv/lib/python3.10/site-packages/airflow/example_dags/example_short_circuit_operator.py took 0.097 seconds
[2023-09-29T08:07:52.056+0000] {processor.py:157} INFO - Started process (PID=2308) to work on /home/ubuntu/airflow_venv/lib/python3.10/site-packages/airflow/example_dags/example_short_circuit_operator.py
[2023-09-29T08:07:52.058+0000] {processor.py:829} INFO - Processing file /home/ubuntu/airflow_venv/lib/python3.10/site-packages/airflow/example_dags/example_short_circuit_operator.py for tasks to queue
[2023-09-29T08:07:52.058+0000] {logging_mixin.py:151} INFO - [2023-09-29T08:07:52.058+0000] {dagbag.py:539} INFO - Filling up the DagBag from /home/ubuntu/airflow_venv/lib/python3.10/site-packages/airflow/example_dags/example_short_circuit_operator.py
[2023-09-29T08:07:52.068+0000] {processor.py:839} INFO - DAG(s) dict_keys(['example_short_circuit_operator']) retrieved from /home/ubuntu/airflow_venv/lib/python3.10/site-packages/airflow/example_dags/example_short_circuit_operator.py
[2023-09-29T08:07:52.088+0000] {logging_mixin.py:151} INFO - [2023-09-29T08:07:52.088+0000] {dag.py:2915} INFO - Sync 1 DAGs
[2023-09-29T08:07:52.109+0000] {logging_mixin.py:151} INFO - [2023-09-29T08:07:52.109+0000] {dag.py:3696} INFO - Setting next_dagrun for example_short_circuit_operator to 2023-09-28T08:07:52.109228+00:00, run_after=2023-09-29T08:07:52.109228+00:00
[2023-09-29T08:07:52.132+0000] {processor.py:179} INFO - Processing /home/ubuntu/airflow_venv/lib/python3.10/site-packages/airflow/example_dags/example_short_circuit_operator.py took 0.080 seconds
[2023-09-29T08:08:46.535+0000] {processor.py:157} INFO - Started process (PID=2363) to work on /home/ubuntu/airflow_venv/lib/python3.10/site-packages/airflow/example_dags/example_short_circuit_operator.py
[2023-09-29T08:08:46.536+0000] {processor.py:829} INFO - Processing file /home/ubuntu/airflow_venv/lib/python3.10/site-packages/airflow/example_dags/example_short_circuit_operator.py for tasks to queue
[2023-09-29T08:08:46.537+0000] {logging_mixin.py:151} INFO - [2023-09-29T08:08:46.537+0000] {dagbag.py:539} INFO - Filling up the DagBag from /home/ubuntu/airflow_venv/lib/python3.10/site-packages/airflow/example_dags/example_short_circuit_operator.py
[2023-09-29T08:08:46.547+0000] {processor.py:839} INFO - DAG(s) dict_keys(['example_short_circuit_operator']) retrieved from /home/ubuntu/airflow_venv/lib/python3.10/site-packages/airflow/example_dags/example_short_circuit_operator.py
[2023-09-29T08:08:46.565+0000] {logging_mixin.py:151} INFO - [2023-09-29T08:08:46.564+0000] {dag.py:2915} INFO - Sync 1 DAGs
[2023-09-29T08:08:46.585+0000] {logging_mixin.py:151} INFO - [2023-09-29T08:08:46.585+0000] {dag.py:3696} INFO - Setting next_dagrun for example_short_circuit_operator to 2023-09-28T08:08:46.585127+00:00, run_after=2023-09-29T08:08:46.585127+00:00
[2023-09-29T08:08:46.605+0000] {processor.py:179} INFO - Processing /home/ubuntu/airflow_venv/lib/python3.10/site-packages/airflow/example_dags/example_short_circuit_operator.py took 0.073 seconds
