[2023-09-29T07:22:35.628+0000] {processor.py:157} INFO - Started process (PID=12204) to work on /home/ubuntu/airflow_venv/lib/python3.10/site-packages/airflow/example_dags/example_datasets.py
[2023-09-29T07:22:35.634+0000] {processor.py:829} INFO - Processing file /home/ubuntu/airflow_venv/lib/python3.10/site-packages/airflow/example_dags/example_datasets.py for tasks to queue
[2023-09-29T07:22:35.634+0000] {logging_mixin.py:151} INFO - [2023-09-29T07:22:35.634+0000] {dagbag.py:539} INFO - Filling up the DagBag from /home/ubuntu/airflow_venv/lib/python3.10/site-packages/airflow/example_dags/example_datasets.py
[2023-09-29T07:22:35.649+0000] {processor.py:839} INFO - DAG(s) dict_keys(['dataset_consumes_1', 'dataset_consumes_1_never_scheduled', 'dataset_consumes_unknown_never_scheduled', 'dataset_consumes_1_and_2', 'dataset_produces_1', 'dataset_produces_2']) retrieved from /home/ubuntu/airflow_venv/lib/python3.10/site-packages/airflow/example_dags/example_datasets.py
[2023-09-29T07:22:35.705+0000] {logging_mixin.py:151} INFO - [2023-09-29T07:22:35.705+0000] {dag.py:2915} INFO - Sync 6 DAGs
[2023-09-29T07:22:35.736+0000] {logging_mixin.py:151} INFO - [2023-09-29T07:22:35.736+0000] {dag.py:3696} INFO - Setting next_dagrun for dataset_consumes_1 to None, run_after=None
[2023-09-29T07:22:35.739+0000] {logging_mixin.py:151} INFO - [2023-09-29T07:22:35.739+0000] {dag.py:3696} INFO - Setting next_dagrun for dataset_consumes_1_and_2 to None, run_after=None
[2023-09-29T07:22:35.740+0000] {logging_mixin.py:151} INFO - [2023-09-29T07:22:35.740+0000] {dag.py:3696} INFO - Setting next_dagrun for dataset_consumes_1_never_scheduled to None, run_after=None
[2023-09-29T07:22:35.742+0000] {logging_mixin.py:151} INFO - [2023-09-29T07:22:35.742+0000] {dag.py:3696} INFO - Setting next_dagrun for dataset_consumes_unknown_never_scheduled to None, run_after=None
[2023-09-29T07:22:35.745+0000] {logging_mixin.py:151} INFO - [2023-09-29T07:22:35.744+0000] {dag.py:3696} INFO - Setting next_dagrun for dataset_produces_1 to 2023-09-28T00:00:00+00:00, run_after=2023-09-29T00:00:00+00:00
[2023-09-29T07:22:35.746+0000] {logging_mixin.py:151} INFO - [2023-09-29T07:22:35.746+0000] {dag.py:3696} INFO - Setting next_dagrun for dataset_produces_2 to None, run_after=None
[2023-09-29T07:22:35.781+0000] {processor.py:179} INFO - Processing /home/ubuntu/airflow_venv/lib/python3.10/site-packages/airflow/example_dags/example_datasets.py took 0.156 seconds
[2023-09-29T07:23:27.447+0000] {processor.py:157} INFO - Started process (PID=12397) to work on /home/ubuntu/airflow_venv/lib/python3.10/site-packages/airflow/example_dags/example_datasets.py
[2023-09-29T07:23:27.449+0000] {processor.py:829} INFO - Processing file /home/ubuntu/airflow_venv/lib/python3.10/site-packages/airflow/example_dags/example_datasets.py for tasks to queue
[2023-09-29T07:23:27.450+0000] {logging_mixin.py:151} INFO - [2023-09-29T07:23:27.449+0000] {dagbag.py:539} INFO - Filling up the DagBag from /home/ubuntu/airflow_venv/lib/python3.10/site-packages/airflow/example_dags/example_datasets.py
[2023-09-29T07:23:27.461+0000] {processor.py:839} INFO - DAG(s) dict_keys(['dataset_produces_1', 'dataset_consumes_1', 'dataset_consumes_1_never_scheduled', 'dataset_consumes_unknown_never_scheduled', 'dataset_produces_2', 'dataset_consumes_1_and_2']) retrieved from /home/ubuntu/airflow_venv/lib/python3.10/site-packages/airflow/example_dags/example_datasets.py
[2023-09-29T07:23:27.495+0000] {logging_mixin.py:151} INFO - [2023-09-29T07:23:27.495+0000] {dag.py:2915} INFO - Sync 6 DAGs
[2023-09-29T07:23:27.676+0000] {logging_mixin.py:151} INFO - [2023-09-29T07:23:27.675+0000] {dag.py:3696} INFO - Setting next_dagrun for dataset_consumes_1 to None, run_after=None
[2023-09-29T07:23:27.678+0000] {logging_mixin.py:151} INFO - [2023-09-29T07:23:27.678+0000] {dag.py:3696} INFO - Setting next_dagrun for dataset_consumes_1_and_2 to None, run_after=None
[2023-09-29T07:23:27.679+0000] {logging_mixin.py:151} INFO - [2023-09-29T07:23:27.679+0000] {dag.py:3696} INFO - Setting next_dagrun for dataset_consumes_1_never_scheduled to None, run_after=None
[2023-09-29T07:23:27.680+0000] {logging_mixin.py:151} INFO - [2023-09-29T07:23:27.680+0000] {dag.py:3696} INFO - Setting next_dagrun for dataset_consumes_unknown_never_scheduled to None, run_after=None
[2023-09-29T07:23:27.682+0000] {logging_mixin.py:151} INFO - [2023-09-29T07:23:27.682+0000] {dag.py:3696} INFO - Setting next_dagrun for dataset_produces_1 to 2023-09-28T00:00:00+00:00, run_after=2023-09-29T00:00:00+00:00
[2023-09-29T07:23:27.683+0000] {logging_mixin.py:151} INFO - [2023-09-29T07:23:27.683+0000] {dag.py:3696} INFO - Setting next_dagrun for dataset_produces_2 to None, run_after=None
[2023-09-29T07:23:27.715+0000] {processor.py:179} INFO - Processing /home/ubuntu/airflow_venv/lib/python3.10/site-packages/airflow/example_dags/example_datasets.py took 0.271 seconds
[2023-09-29T07:28:34.081+0000] {processor.py:157} INFO - Started process (PID=12879) to work on /home/ubuntu/airflow_venv/lib/python3.10/site-packages/airflow/example_dags/example_datasets.py
[2023-09-29T07:28:34.084+0000] {processor.py:829} INFO - Processing file /home/ubuntu/airflow_venv/lib/python3.10/site-packages/airflow/example_dags/example_datasets.py for tasks to queue
[2023-09-29T07:28:34.086+0000] {logging_mixin.py:151} INFO - [2023-09-29T07:28:34.085+0000] {dagbag.py:539} INFO - Filling up the DagBag from /home/ubuntu/airflow_venv/lib/python3.10/site-packages/airflow/example_dags/example_datasets.py
[2023-09-29T07:28:34.108+0000] {processor.py:839} INFO - DAG(s) dict_keys(['dataset_consumes_1_never_scheduled', 'dataset_produces_1', 'dataset_consumes_1_and_2', 'dataset_consumes_1', 'dataset_consumes_unknown_never_scheduled', 'dataset_produces_2']) retrieved from /home/ubuntu/airflow_venv/lib/python3.10/site-packages/airflow/example_dags/example_datasets.py
[2023-09-29T07:28:34.160+0000] {logging_mixin.py:151} INFO - [2023-09-29T07:28:34.160+0000] {dag.py:2915} INFO - Sync 6 DAGs
[2023-09-29T07:28:34.186+0000] {logging_mixin.py:151} INFO - [2023-09-29T07:28:34.186+0000] {dag.py:3696} INFO - Setting next_dagrun for dataset_consumes_1 to None, run_after=None
[2023-09-29T07:28:34.190+0000] {logging_mixin.py:151} INFO - [2023-09-29T07:28:34.189+0000] {dag.py:3696} INFO - Setting next_dagrun for dataset_consumes_1_and_2 to None, run_after=None
[2023-09-29T07:28:34.191+0000] {logging_mixin.py:151} INFO - [2023-09-29T07:28:34.191+0000] {dag.py:3696} INFO - Setting next_dagrun for dataset_consumes_1_never_scheduled to None, run_after=None
[2023-09-29T07:28:34.195+0000] {logging_mixin.py:151} INFO - [2023-09-29T07:28:34.195+0000] {dag.py:3696} INFO - Setting next_dagrun for dataset_consumes_unknown_never_scheduled to None, run_after=None
[2023-09-29T07:28:34.200+0000] {logging_mixin.py:151} INFO - [2023-09-29T07:28:34.199+0000] {dag.py:3696} INFO - Setting next_dagrun for dataset_produces_1 to 2023-09-28T00:00:00+00:00, run_after=2023-09-29T00:00:00+00:00
[2023-09-29T07:28:34.203+0000] {logging_mixin.py:151} INFO - [2023-09-29T07:28:34.203+0000] {dag.py:3696} INFO - Setting next_dagrun for dataset_produces_2 to None, run_after=None
[2023-09-29T07:28:34.235+0000] {processor.py:179} INFO - Processing /home/ubuntu/airflow_venv/lib/python3.10/site-packages/airflow/example_dags/example_datasets.py took 0.161 seconds
[2023-09-29T07:29:30.829+0000] {processor.py:157} INFO - Started process (PID=12937) to work on /home/ubuntu/airflow_venv/lib/python3.10/site-packages/airflow/example_dags/example_datasets.py
[2023-09-29T07:29:30.831+0000] {processor.py:829} INFO - Processing file /home/ubuntu/airflow_venv/lib/python3.10/site-packages/airflow/example_dags/example_datasets.py for tasks to queue
[2023-09-29T07:29:30.832+0000] {logging_mixin.py:151} INFO - [2023-09-29T07:29:30.831+0000] {dagbag.py:539} INFO - Filling up the DagBag from /home/ubuntu/airflow_venv/lib/python3.10/site-packages/airflow/example_dags/example_datasets.py
[2023-09-29T07:29:30.841+0000] {processor.py:839} INFO - DAG(s) dict_keys(['dataset_consumes_1', 'dataset_produces_1', 'dataset_consumes_unknown_never_scheduled', 'dataset_consumes_1_never_scheduled', 'dataset_consumes_1_and_2', 'dataset_produces_2']) retrieved from /home/ubuntu/airflow_venv/lib/python3.10/site-packages/airflow/example_dags/example_datasets.py
[2023-09-29T07:29:30.868+0000] {logging_mixin.py:151} INFO - [2023-09-29T07:29:30.868+0000] {dag.py:2915} INFO - Sync 6 DAGs
[2023-09-29T07:29:30.887+0000] {logging_mixin.py:151} INFO - [2023-09-29T07:29:30.887+0000] {dag.py:3696} INFO - Setting next_dagrun for dataset_consumes_1 to None, run_after=None
[2023-09-29T07:29:30.890+0000] {logging_mixin.py:151} INFO - [2023-09-29T07:29:30.889+0000] {dag.py:3696} INFO - Setting next_dagrun for dataset_consumes_1_and_2 to None, run_after=None
[2023-09-29T07:29:30.891+0000] {logging_mixin.py:151} INFO - [2023-09-29T07:29:30.890+0000] {dag.py:3696} INFO - Setting next_dagrun for dataset_consumes_1_never_scheduled to None, run_after=None
[2023-09-29T07:29:30.891+0000] {logging_mixin.py:151} INFO - [2023-09-29T07:29:30.891+0000] {dag.py:3696} INFO - Setting next_dagrun for dataset_consumes_unknown_never_scheduled to None, run_after=None
[2023-09-29T07:29:30.894+0000] {logging_mixin.py:151} INFO - [2023-09-29T07:29:30.894+0000] {dag.py:3696} INFO - Setting next_dagrun for dataset_produces_1 to 2023-09-28T00:00:00+00:00, run_after=2023-09-29T00:00:00+00:00
[2023-09-29T07:29:30.895+0000] {logging_mixin.py:151} INFO - [2023-09-29T07:29:30.894+0000] {dag.py:3696} INFO - Setting next_dagrun for dataset_produces_2 to None, run_after=None
[2023-09-29T07:29:30.921+0000] {processor.py:179} INFO - Processing /home/ubuntu/airflow_venv/lib/python3.10/site-packages/airflow/example_dags/example_datasets.py took 0.095 seconds
[2023-09-29T07:30:25.416+0000] {processor.py:157} INFO - Started process (PID=12993) to work on /home/ubuntu/airflow_venv/lib/python3.10/site-packages/airflow/example_dags/example_datasets.py
[2023-09-29T07:30:25.418+0000] {processor.py:829} INFO - Processing file /home/ubuntu/airflow_venv/lib/python3.10/site-packages/airflow/example_dags/example_datasets.py for tasks to queue
[2023-09-29T07:30:25.419+0000] {logging_mixin.py:151} INFO - [2023-09-29T07:30:25.419+0000] {dagbag.py:539} INFO - Filling up the DagBag from /home/ubuntu/airflow_venv/lib/python3.10/site-packages/airflow/example_dags/example_datasets.py
[2023-09-29T07:30:25.429+0000] {processor.py:839} INFO - DAG(s) dict_keys(['dataset_consumes_1_and_2', 'dataset_consumes_1', 'dataset_consumes_1_never_scheduled', 'dataset_consumes_unknown_never_scheduled', 'dataset_produces_2', 'dataset_produces_1']) retrieved from /home/ubuntu/airflow_venv/lib/python3.10/site-packages/airflow/example_dags/example_datasets.py
[2023-09-29T07:30:25.456+0000] {logging_mixin.py:151} INFO - [2023-09-29T07:30:25.455+0000] {dag.py:2915} INFO - Sync 6 DAGs
[2023-09-29T07:30:25.487+0000] {logging_mixin.py:151} INFO - [2023-09-29T07:30:25.487+0000] {dag.py:3696} INFO - Setting next_dagrun for dataset_consumes_1 to None, run_after=None
[2023-09-29T07:30:25.491+0000] {logging_mixin.py:151} INFO - [2023-09-29T07:30:25.491+0000] {dag.py:3696} INFO - Setting next_dagrun for dataset_consumes_1_and_2 to None, run_after=None
[2023-09-29T07:30:25.492+0000] {logging_mixin.py:151} INFO - [2023-09-29T07:30:25.492+0000] {dag.py:3696} INFO - Setting next_dagrun for dataset_consumes_1_never_scheduled to None, run_after=None
[2023-09-29T07:30:25.493+0000] {logging_mixin.py:151} INFO - [2023-09-29T07:30:25.493+0000] {dag.py:3696} INFO - Setting next_dagrun for dataset_consumes_unknown_never_scheduled to None, run_after=None
[2023-09-29T07:30:25.495+0000] {logging_mixin.py:151} INFO - [2023-09-29T07:30:25.495+0000] {dag.py:3696} INFO - Setting next_dagrun for dataset_produces_1 to 2023-09-28T00:00:00+00:00, run_after=2023-09-29T00:00:00+00:00
[2023-09-29T07:30:25.496+0000] {logging_mixin.py:151} INFO - [2023-09-29T07:30:25.496+0000] {dag.py:3696} INFO - Setting next_dagrun for dataset_produces_2 to None, run_after=None
[2023-09-29T07:30:25.525+0000] {processor.py:179} INFO - Processing /home/ubuntu/airflow_venv/lib/python3.10/site-packages/airflow/example_dags/example_datasets.py took 0.112 seconds
[2023-09-29T07:31:19.813+0000] {processor.py:157} INFO - Started process (PID=13054) to work on /home/ubuntu/airflow_venv/lib/python3.10/site-packages/airflow/example_dags/example_datasets.py
[2023-09-29T07:31:19.814+0000] {processor.py:829} INFO - Processing file /home/ubuntu/airflow_venv/lib/python3.10/site-packages/airflow/example_dags/example_datasets.py for tasks to queue
[2023-09-29T07:31:19.814+0000] {logging_mixin.py:151} INFO - [2023-09-29T07:31:19.814+0000] {dagbag.py:539} INFO - Filling up the DagBag from /home/ubuntu/airflow_venv/lib/python3.10/site-packages/airflow/example_dags/example_datasets.py
[2023-09-29T07:31:19.824+0000] {processor.py:839} INFO - DAG(s) dict_keys(['dataset_consumes_1_and_2', 'dataset_produces_2', 'dataset_consumes_1', 'dataset_consumes_unknown_never_scheduled', 'dataset_consumes_1_never_scheduled', 'dataset_produces_1']) retrieved from /home/ubuntu/airflow_venv/lib/python3.10/site-packages/airflow/example_dags/example_datasets.py
[2023-09-29T07:31:19.863+0000] {logging_mixin.py:151} INFO - [2023-09-29T07:31:19.862+0000] {dag.py:2915} INFO - Sync 6 DAGs
[2023-09-29T07:31:19.883+0000] {logging_mixin.py:151} INFO - [2023-09-29T07:31:19.883+0000] {dag.py:3696} INFO - Setting next_dagrun for dataset_consumes_1 to None, run_after=None
[2023-09-29T07:31:19.886+0000] {logging_mixin.py:151} INFO - [2023-09-29T07:31:19.886+0000] {dag.py:3696} INFO - Setting next_dagrun for dataset_consumes_1_and_2 to None, run_after=None
[2023-09-29T07:31:19.887+0000] {logging_mixin.py:151} INFO - [2023-09-29T07:31:19.887+0000] {dag.py:3696} INFO - Setting next_dagrun for dataset_consumes_1_never_scheduled to None, run_after=None
[2023-09-29T07:31:19.888+0000] {logging_mixin.py:151} INFO - [2023-09-29T07:31:19.888+0000] {dag.py:3696} INFO - Setting next_dagrun for dataset_consumes_unknown_never_scheduled to None, run_after=None
[2023-09-29T07:31:19.891+0000] {logging_mixin.py:151} INFO - [2023-09-29T07:31:19.891+0000] {dag.py:3696} INFO - Setting next_dagrun for dataset_produces_1 to 2023-09-28T00:00:00+00:00, run_after=2023-09-29T00:00:00+00:00
[2023-09-29T07:31:19.892+0000] {logging_mixin.py:151} INFO - [2023-09-29T07:31:19.892+0000] {dag.py:3696} INFO - Setting next_dagrun for dataset_produces_2 to None, run_after=None
[2023-09-29T07:31:19.930+0000] {processor.py:179} INFO - Processing /home/ubuntu/airflow_venv/lib/python3.10/site-packages/airflow/example_dags/example_datasets.py took 0.121 seconds
[2023-09-29T07:43:26.749+0000] {processor.py:157} INFO - Started process (PID=1218) to work on /home/ubuntu/airflow_venv/lib/python3.10/site-packages/airflow/example_dags/example_datasets.py
[2023-09-29T07:43:26.750+0000] {processor.py:829} INFO - Processing file /home/ubuntu/airflow_venv/lib/python3.10/site-packages/airflow/example_dags/example_datasets.py for tasks to queue
[2023-09-29T07:43:26.751+0000] {logging_mixin.py:151} INFO - [2023-09-29T07:43:26.751+0000] {dagbag.py:539} INFO - Filling up the DagBag from /home/ubuntu/airflow_venv/lib/python3.10/site-packages/airflow/example_dags/example_datasets.py
[2023-09-29T07:43:26.760+0000] {processor.py:839} INFO - DAG(s) dict_keys(['dataset_consumes_1', 'dataset_produces_1', 'dataset_consumes_unknown_never_scheduled', 'dataset_consumes_1_and_2', 'dataset_produces_2', 'dataset_consumes_1_never_scheduled']) retrieved from /home/ubuntu/airflow_venv/lib/python3.10/site-packages/airflow/example_dags/example_datasets.py
[2023-09-29T07:43:26.798+0000] {logging_mixin.py:151} INFO - [2023-09-29T07:43:26.798+0000] {dag.py:2915} INFO - Sync 6 DAGs
[2023-09-29T07:43:26.822+0000] {logging_mixin.py:151} INFO - [2023-09-29T07:43:26.822+0000] {dag.py:3696} INFO - Setting next_dagrun for dataset_consumes_1 to None, run_after=None
[2023-09-29T07:43:26.826+0000] {logging_mixin.py:151} INFO - [2023-09-29T07:43:26.825+0000] {dag.py:3696} INFO - Setting next_dagrun for dataset_consumes_1_and_2 to None, run_after=None
[2023-09-29T07:43:26.827+0000] {logging_mixin.py:151} INFO - [2023-09-29T07:43:26.827+0000] {dag.py:3696} INFO - Setting next_dagrun for dataset_consumes_1_never_scheduled to None, run_after=None
[2023-09-29T07:43:26.828+0000] {logging_mixin.py:151} INFO - [2023-09-29T07:43:26.828+0000] {dag.py:3696} INFO - Setting next_dagrun for dataset_consumes_unknown_never_scheduled to None, run_after=None
[2023-09-29T07:43:26.831+0000] {logging_mixin.py:151} INFO - [2023-09-29T07:43:26.831+0000] {dag.py:3696} INFO - Setting next_dagrun for dataset_produces_1 to 2023-09-28T00:00:00+00:00, run_after=2023-09-29T00:00:00+00:00
[2023-09-29T07:43:26.833+0000] {logging_mixin.py:151} INFO - [2023-09-29T07:43:26.833+0000] {dag.py:3696} INFO - Setting next_dagrun for dataset_produces_2 to None, run_after=None
[2023-09-29T07:43:26.866+0000] {processor.py:179} INFO - Processing /home/ubuntu/airflow_venv/lib/python3.10/site-packages/airflow/example_dags/example_datasets.py took 0.120 seconds
[2023-09-29T07:44:19.299+0000] {processor.py:157} INFO - Started process (PID=1266) to work on /home/ubuntu/airflow_venv/lib/python3.10/site-packages/airflow/example_dags/example_datasets.py
[2023-09-29T07:44:19.300+0000] {processor.py:829} INFO - Processing file /home/ubuntu/airflow_venv/lib/python3.10/site-packages/airflow/example_dags/example_datasets.py for tasks to queue
[2023-09-29T07:44:19.301+0000] {logging_mixin.py:151} INFO - [2023-09-29T07:44:19.300+0000] {dagbag.py:539} INFO - Filling up the DagBag from /home/ubuntu/airflow_venv/lib/python3.10/site-packages/airflow/example_dags/example_datasets.py
[2023-09-29T07:44:19.310+0000] {processor.py:839} INFO - DAG(s) dict_keys(['dataset_consumes_unknown_never_scheduled', 'dataset_consumes_1_never_scheduled', 'dataset_produces_2', 'dataset_consumes_1', 'dataset_consumes_1_and_2', 'dataset_produces_1']) retrieved from /home/ubuntu/airflow_venv/lib/python3.10/site-packages/airflow/example_dags/example_datasets.py
[2023-09-29T07:44:19.337+0000] {logging_mixin.py:151} INFO - [2023-09-29T07:44:19.337+0000] {dag.py:2915} INFO - Sync 6 DAGs
[2023-09-29T07:44:19.540+0000] {logging_mixin.py:151} INFO - [2023-09-29T07:44:19.540+0000] {dag.py:3696} INFO - Setting next_dagrun for dataset_consumes_1 to None, run_after=None
[2023-09-29T07:44:19.543+0000] {logging_mixin.py:151} INFO - [2023-09-29T07:44:19.542+0000] {dag.py:3696} INFO - Setting next_dagrun for dataset_consumes_1_and_2 to None, run_after=None
[2023-09-29T07:44:19.544+0000] {logging_mixin.py:151} INFO - [2023-09-29T07:44:19.544+0000] {dag.py:3696} INFO - Setting next_dagrun for dataset_consumes_1_never_scheduled to None, run_after=None
[2023-09-29T07:44:19.545+0000] {logging_mixin.py:151} INFO - [2023-09-29T07:44:19.545+0000] {dag.py:3696} INFO - Setting next_dagrun for dataset_consumes_unknown_never_scheduled to None, run_after=None
[2023-09-29T07:44:19.549+0000] {logging_mixin.py:151} INFO - [2023-09-29T07:44:19.549+0000] {dag.py:3696} INFO - Setting next_dagrun for dataset_produces_1 to 2023-09-28T00:00:00+00:00, run_after=2023-09-29T00:00:00+00:00
[2023-09-29T07:44:19.551+0000] {logging_mixin.py:151} INFO - [2023-09-29T07:44:19.550+0000] {dag.py:3696} INFO - Setting next_dagrun for dataset_produces_2 to None, run_after=None
[2023-09-29T07:44:19.583+0000] {processor.py:179} INFO - Processing /home/ubuntu/airflow_venv/lib/python3.10/site-packages/airflow/example_dags/example_datasets.py took 0.287 seconds
[2023-09-29T07:45:15.545+0000] {processor.py:157} INFO - Started process (PID=1618) to work on /home/ubuntu/airflow_venv/lib/python3.10/site-packages/airflow/example_dags/example_datasets.py
[2023-09-29T07:45:15.547+0000] {processor.py:829} INFO - Processing file /home/ubuntu/airflow_venv/lib/python3.10/site-packages/airflow/example_dags/example_datasets.py for tasks to queue
[2023-09-29T07:45:15.548+0000] {logging_mixin.py:151} INFO - [2023-09-29T07:45:15.548+0000] {dagbag.py:539} INFO - Filling up the DagBag from /home/ubuntu/airflow_venv/lib/python3.10/site-packages/airflow/example_dags/example_datasets.py
[2023-09-29T07:45:15.892+0000] {processor.py:839} INFO - DAG(s) dict_keys(['dataset_produces_2', 'dataset_consumes_unknown_never_scheduled', 'dataset_produces_1', 'dataset_consumes_1_and_2', 'dataset_consumes_1_never_scheduled', 'dataset_consumes_1']) retrieved from /home/ubuntu/airflow_venv/lib/python3.10/site-packages/airflow/example_dags/example_datasets.py
[2023-09-29T07:45:15.960+0000] {logging_mixin.py:151} INFO - [2023-09-29T07:45:15.960+0000] {dag.py:2915} INFO - Sync 6 DAGs
[2023-09-29T07:45:16.029+0000] {logging_mixin.py:151} INFO - [2023-09-29T07:45:16.029+0000] {dag.py:3696} INFO - Setting next_dagrun for dataset_consumes_1 to None, run_after=None
[2023-09-29T07:45:16.048+0000] {logging_mixin.py:151} INFO - [2023-09-29T07:45:16.033+0000] {dag.py:3696} INFO - Setting next_dagrun for dataset_consumes_1_and_2 to None, run_after=None
[2023-09-29T07:45:16.050+0000] {logging_mixin.py:151} INFO - [2023-09-29T07:45:16.050+0000] {dag.py:3696} INFO - Setting next_dagrun for dataset_consumes_1_never_scheduled to None, run_after=None
[2023-09-29T07:45:16.052+0000] {logging_mixin.py:151} INFO - [2023-09-29T07:45:16.052+0000] {dag.py:3696} INFO - Setting next_dagrun for dataset_consumes_unknown_never_scheduled to None, run_after=None
[2023-09-29T07:45:16.055+0000] {logging_mixin.py:151} INFO - [2023-09-29T07:45:16.055+0000] {dag.py:3696} INFO - Setting next_dagrun for dataset_produces_1 to 2023-09-28T00:00:00+00:00, run_after=2023-09-29T00:00:00+00:00
[2023-09-29T07:45:16.056+0000] {logging_mixin.py:151} INFO - [2023-09-29T07:45:16.056+0000] {dag.py:3696} INFO - Setting next_dagrun for dataset_produces_2 to None, run_after=None
[2023-09-29T07:45:16.198+0000] {processor.py:179} INFO - Processing /home/ubuntu/airflow_venv/lib/python3.10/site-packages/airflow/example_dags/example_datasets.py took 0.657 seconds
[2023-09-29T07:55:21.362+0000] {processor.py:157} INFO - Started process (PID=1342) to work on /home/ubuntu/airflow_venv/lib/python3.10/site-packages/airflow/example_dags/example_datasets.py
[2023-09-29T07:55:21.363+0000] {processor.py:829} INFO - Processing file /home/ubuntu/airflow_venv/lib/python3.10/site-packages/airflow/example_dags/example_datasets.py for tasks to queue
[2023-09-29T07:55:21.364+0000] {logging_mixin.py:151} INFO - [2023-09-29T07:55:21.364+0000] {dagbag.py:539} INFO - Filling up the DagBag from /home/ubuntu/airflow_venv/lib/python3.10/site-packages/airflow/example_dags/example_datasets.py
[2023-09-29T07:55:21.373+0000] {processor.py:839} INFO - DAG(s) dict_keys(['dataset_consumes_1_and_2', 'dataset_consumes_1_never_scheduled', 'dataset_consumes_1', 'dataset_produces_1', 'dataset_consumes_unknown_never_scheduled', 'dataset_produces_2']) retrieved from /home/ubuntu/airflow_venv/lib/python3.10/site-packages/airflow/example_dags/example_datasets.py
[2023-09-29T07:55:21.403+0000] {logging_mixin.py:151} INFO - [2023-09-29T07:55:21.402+0000] {dag.py:2915} INFO - Sync 6 DAGs
[2023-09-29T07:55:21.422+0000] {logging_mixin.py:151} INFO - [2023-09-29T07:55:21.422+0000] {dag.py:3696} INFO - Setting next_dagrun for dataset_consumes_1 to None, run_after=None
[2023-09-29T07:55:21.425+0000] {logging_mixin.py:151} INFO - [2023-09-29T07:55:21.424+0000] {dag.py:3696} INFO - Setting next_dagrun for dataset_consumes_1_and_2 to None, run_after=None
[2023-09-29T07:55:21.425+0000] {logging_mixin.py:151} INFO - [2023-09-29T07:55:21.425+0000] {dag.py:3696} INFO - Setting next_dagrun for dataset_consumes_1_never_scheduled to None, run_after=None
[2023-09-29T07:55:21.426+0000] {logging_mixin.py:151} INFO - [2023-09-29T07:55:21.426+0000] {dag.py:3696} INFO - Setting next_dagrun for dataset_consumes_unknown_never_scheduled to None, run_after=None
[2023-09-29T07:55:21.429+0000] {logging_mixin.py:151} INFO - [2023-09-29T07:55:21.428+0000] {dag.py:3696} INFO - Setting next_dagrun for dataset_produces_1 to 2023-09-28T00:00:00+00:00, run_after=2023-09-29T00:00:00+00:00
[2023-09-29T07:55:21.430+0000] {logging_mixin.py:151} INFO - [2023-09-29T07:55:21.430+0000] {dag.py:3696} INFO - Setting next_dagrun for dataset_produces_2 to None, run_after=None
[2023-09-29T07:55:21.458+0000] {processor.py:179} INFO - Processing /home/ubuntu/airflow_venv/lib/python3.10/site-packages/airflow/example_dags/example_datasets.py took 0.099 seconds
[2023-09-29T07:56:19.300+0000] {processor.py:157} INFO - Started process (PID=1396) to work on /home/ubuntu/airflow_venv/lib/python3.10/site-packages/airflow/example_dags/example_datasets.py
[2023-09-29T07:56:19.301+0000] {processor.py:829} INFO - Processing file /home/ubuntu/airflow_venv/lib/python3.10/site-packages/airflow/example_dags/example_datasets.py for tasks to queue
[2023-09-29T07:56:19.302+0000] {logging_mixin.py:151} INFO - [2023-09-29T07:56:19.301+0000] {dagbag.py:539} INFO - Filling up the DagBag from /home/ubuntu/airflow_venv/lib/python3.10/site-packages/airflow/example_dags/example_datasets.py
[2023-09-29T07:56:19.311+0000] {processor.py:839} INFO - DAG(s) dict_keys(['dataset_consumes_unknown_never_scheduled', 'dataset_consumes_1', 'dataset_consumes_1_and_2', 'dataset_produces_1', 'dataset_consumes_1_never_scheduled', 'dataset_produces_2']) retrieved from /home/ubuntu/airflow_venv/lib/python3.10/site-packages/airflow/example_dags/example_datasets.py
[2023-09-29T07:56:19.337+0000] {logging_mixin.py:151} INFO - [2023-09-29T07:56:19.337+0000] {dag.py:2915} INFO - Sync 6 DAGs
[2023-09-29T07:56:19.504+0000] {logging_mixin.py:151} INFO - [2023-09-29T07:56:19.504+0000] {dag.py:3696} INFO - Setting next_dagrun for dataset_consumes_1 to None, run_after=None
[2023-09-29T07:56:19.507+0000] {logging_mixin.py:151} INFO - [2023-09-29T07:56:19.507+0000] {dag.py:3696} INFO - Setting next_dagrun for dataset_consumes_1_and_2 to None, run_after=None
[2023-09-29T07:56:19.508+0000] {logging_mixin.py:151} INFO - [2023-09-29T07:56:19.508+0000] {dag.py:3696} INFO - Setting next_dagrun for dataset_consumes_1_never_scheduled to None, run_after=None
[2023-09-29T07:56:19.509+0000] {logging_mixin.py:151} INFO - [2023-09-29T07:56:19.509+0000] {dag.py:3696} INFO - Setting next_dagrun for dataset_consumes_unknown_never_scheduled to None, run_after=None
[2023-09-29T07:56:19.512+0000] {logging_mixin.py:151} INFO - [2023-09-29T07:56:19.512+0000] {dag.py:3696} INFO - Setting next_dagrun for dataset_produces_1 to 2023-09-28T00:00:00+00:00, run_after=2023-09-29T00:00:00+00:00
[2023-09-29T07:56:19.513+0000] {logging_mixin.py:151} INFO - [2023-09-29T07:56:19.513+0000] {dag.py:3696} INFO - Setting next_dagrun for dataset_produces_2 to None, run_after=None
[2023-09-29T07:56:19.541+0000] {processor.py:179} INFO - Processing /home/ubuntu/airflow_venv/lib/python3.10/site-packages/airflow/example_dags/example_datasets.py took 0.244 seconds
[2023-09-29T07:57:14.545+0000] {processor.py:157} INFO - Started process (PID=1444) to work on /home/ubuntu/airflow_venv/lib/python3.10/site-packages/airflow/example_dags/example_datasets.py
[2023-09-29T07:57:14.546+0000] {processor.py:829} INFO - Processing file /home/ubuntu/airflow_venv/lib/python3.10/site-packages/airflow/example_dags/example_datasets.py for tasks to queue
[2023-09-29T07:57:14.547+0000] {logging_mixin.py:151} INFO - [2023-09-29T07:57:14.547+0000] {dagbag.py:539} INFO - Filling up the DagBag from /home/ubuntu/airflow_venv/lib/python3.10/site-packages/airflow/example_dags/example_datasets.py
[2023-09-29T07:57:14.721+0000] {processor.py:839} INFO - DAG(s) dict_keys(['dataset_consumes_unknown_never_scheduled', 'dataset_consumes_1_never_scheduled', 'dataset_produces_1', 'dataset_consumes_1', 'dataset_produces_2', 'dataset_consumes_1_and_2']) retrieved from /home/ubuntu/airflow_venv/lib/python3.10/site-packages/airflow/example_dags/example_datasets.py
[2023-09-29T07:57:14.743+0000] {logging_mixin.py:151} INFO - [2023-09-29T07:57:14.743+0000] {dag.py:2915} INFO - Sync 6 DAGs
[2023-09-29T07:57:14.762+0000] {logging_mixin.py:151} INFO - [2023-09-29T07:57:14.762+0000] {dag.py:3696} INFO - Setting next_dagrun for dataset_consumes_1 to None, run_after=None
[2023-09-29T07:57:14.765+0000] {logging_mixin.py:151} INFO - [2023-09-29T07:57:14.765+0000] {dag.py:3696} INFO - Setting next_dagrun for dataset_consumes_1_and_2 to None, run_after=None
[2023-09-29T07:57:14.766+0000] {logging_mixin.py:151} INFO - [2023-09-29T07:57:14.766+0000] {dag.py:3696} INFO - Setting next_dagrun for dataset_consumes_1_never_scheduled to None, run_after=None
[2023-09-29T07:57:14.767+0000] {logging_mixin.py:151} INFO - [2023-09-29T07:57:14.767+0000] {dag.py:3696} INFO - Setting next_dagrun for dataset_consumes_unknown_never_scheduled to None, run_after=None
[2023-09-29T07:57:14.769+0000] {logging_mixin.py:151} INFO - [2023-09-29T07:57:14.769+0000] {dag.py:3696} INFO - Setting next_dagrun for dataset_produces_1 to 2023-09-28T00:00:00+00:00, run_after=2023-09-29T00:00:00+00:00
[2023-09-29T07:57:14.770+0000] {logging_mixin.py:151} INFO - [2023-09-29T07:57:14.770+0000] {dag.py:3696} INFO - Setting next_dagrun for dataset_produces_2 to None, run_after=None
[2023-09-29T07:57:14.816+0000] {processor.py:179} INFO - Processing /home/ubuntu/airflow_venv/lib/python3.10/site-packages/airflow/example_dags/example_datasets.py took 0.274 seconds
[2023-09-29T07:58:01.421+0000] {processor.py:157} INFO - Started process (PID=1490) to work on /home/ubuntu/airflow_venv/lib/python3.10/site-packages/airflow/example_dags/example_datasets.py
[2023-09-29T07:58:01.423+0000] {processor.py:829} INFO - Processing file /home/ubuntu/airflow_venv/lib/python3.10/site-packages/airflow/example_dags/example_datasets.py for tasks to queue
[2023-09-29T07:58:01.425+0000] {logging_mixin.py:151} INFO - [2023-09-29T07:58:01.425+0000] {dagbag.py:539} INFO - Filling up the DagBag from /home/ubuntu/airflow_venv/lib/python3.10/site-packages/airflow/example_dags/example_datasets.py
[2023-09-29T07:58:01.439+0000] {processor.py:839} INFO - DAG(s) dict_keys(['dataset_produces_1', 'dataset_consumes_1_and_2', 'dataset_produces_2', 'dataset_consumes_1_never_scheduled', 'dataset_consumes_unknown_never_scheduled', 'dataset_consumes_1']) retrieved from /home/ubuntu/airflow_venv/lib/python3.10/site-packages/airflow/example_dags/example_datasets.py
[2023-09-29T07:58:01.473+0000] {logging_mixin.py:151} INFO - [2023-09-29T07:58:01.473+0000] {dag.py:2915} INFO - Sync 6 DAGs
[2023-09-29T07:58:01.499+0000] {logging_mixin.py:151} INFO - [2023-09-29T07:58:01.499+0000] {dag.py:3696} INFO - Setting next_dagrun for dataset_consumes_1 to None, run_after=None
[2023-09-29T07:58:01.503+0000] {logging_mixin.py:151} INFO - [2023-09-29T07:58:01.503+0000] {dag.py:3696} INFO - Setting next_dagrun for dataset_consumes_1_and_2 to None, run_after=None
[2023-09-29T07:58:01.504+0000] {logging_mixin.py:151} INFO - [2023-09-29T07:58:01.504+0000] {dag.py:3696} INFO - Setting next_dagrun for dataset_consumes_1_never_scheduled to None, run_after=None
[2023-09-29T07:58:01.505+0000] {logging_mixin.py:151} INFO - [2023-09-29T07:58:01.505+0000] {dag.py:3696} INFO - Setting next_dagrun for dataset_consumes_unknown_never_scheduled to None, run_after=None
[2023-09-29T07:58:01.507+0000] {logging_mixin.py:151} INFO - [2023-09-29T07:58:01.507+0000] {dag.py:3696} INFO - Setting next_dagrun for dataset_produces_1 to 2023-09-28T00:00:00+00:00, run_after=2023-09-29T00:00:00+00:00
[2023-09-29T07:58:01.508+0000] {logging_mixin.py:151} INFO - [2023-09-29T07:58:01.508+0000] {dag.py:3696} INFO - Setting next_dagrun for dataset_produces_2 to None, run_after=None
[2023-09-29T07:58:01.534+0000] {processor.py:179} INFO - Processing /home/ubuntu/airflow_venv/lib/python3.10/site-packages/airflow/example_dags/example_datasets.py took 0.117 seconds
[2023-09-29T07:58:53.451+0000] {processor.py:157} INFO - Started process (PID=1543) to work on /home/ubuntu/airflow_venv/lib/python3.10/site-packages/airflow/example_dags/example_datasets.py
[2023-09-29T07:58:53.453+0000] {processor.py:829} INFO - Processing file /home/ubuntu/airflow_venv/lib/python3.10/site-packages/airflow/example_dags/example_datasets.py for tasks to queue
[2023-09-29T07:58:53.453+0000] {logging_mixin.py:151} INFO - [2023-09-29T07:58:53.453+0000] {dagbag.py:539} INFO - Filling up the DagBag from /home/ubuntu/airflow_venv/lib/python3.10/site-packages/airflow/example_dags/example_datasets.py
[2023-09-29T07:58:53.462+0000] {processor.py:839} INFO - DAG(s) dict_keys(['dataset_produces_2', 'dataset_consumes_unknown_never_scheduled', 'dataset_produces_1', 'dataset_consumes_1_never_scheduled', 'dataset_consumes_1', 'dataset_consumes_1_and_2']) retrieved from /home/ubuntu/airflow_venv/lib/python3.10/site-packages/airflow/example_dags/example_datasets.py
[2023-09-29T07:58:53.488+0000] {logging_mixin.py:151} INFO - [2023-09-29T07:58:53.488+0000] {dag.py:2915} INFO - Sync 6 DAGs
[2023-09-29T07:58:53.509+0000] {logging_mixin.py:151} INFO - [2023-09-29T07:58:53.508+0000] {dag.py:3696} INFO - Setting next_dagrun for dataset_consumes_1 to None, run_after=None
[2023-09-29T07:58:53.512+0000] {logging_mixin.py:151} INFO - [2023-09-29T07:58:53.512+0000] {dag.py:3696} INFO - Setting next_dagrun for dataset_consumes_1_and_2 to None, run_after=None
[2023-09-29T07:58:53.514+0000] {logging_mixin.py:151} INFO - [2023-09-29T07:58:53.513+0000] {dag.py:3696} INFO - Setting next_dagrun for dataset_consumes_1_never_scheduled to None, run_after=None
[2023-09-29T07:58:53.515+0000] {logging_mixin.py:151} INFO - [2023-09-29T07:58:53.515+0000] {dag.py:3696} INFO - Setting next_dagrun for dataset_consumes_unknown_never_scheduled to None, run_after=None
[2023-09-29T07:58:53.518+0000] {logging_mixin.py:151} INFO - [2023-09-29T07:58:53.517+0000] {dag.py:3696} INFO - Setting next_dagrun for dataset_produces_1 to 2023-09-28T00:00:00+00:00, run_after=2023-09-29T00:00:00+00:00
[2023-09-29T07:58:53.518+0000] {logging_mixin.py:151} INFO - [2023-09-29T07:58:53.518+0000] {dag.py:3696} INFO - Setting next_dagrun for dataset_produces_2 to None, run_after=None
[2023-09-29T07:58:53.568+0000] {processor.py:179} INFO - Processing /home/ubuntu/airflow_venv/lib/python3.10/site-packages/airflow/example_dags/example_datasets.py took 0.120 seconds
[2023-09-29T07:59:46.662+0000] {processor.py:157} INFO - Started process (PID=1604) to work on /home/ubuntu/airflow_venv/lib/python3.10/site-packages/airflow/example_dags/example_datasets.py
[2023-09-29T07:59:46.663+0000] {processor.py:829} INFO - Processing file /home/ubuntu/airflow_venv/lib/python3.10/site-packages/airflow/example_dags/example_datasets.py for tasks to queue
[2023-09-29T07:59:46.664+0000] {logging_mixin.py:151} INFO - [2023-09-29T07:59:46.663+0000] {dagbag.py:539} INFO - Filling up the DagBag from /home/ubuntu/airflow_venv/lib/python3.10/site-packages/airflow/example_dags/example_datasets.py
[2023-09-29T07:59:46.674+0000] {processor.py:839} INFO - DAG(s) dict_keys(['dataset_consumes_1', 'dataset_consumes_unknown_never_scheduled', 'dataset_produces_1', 'dataset_consumes_1_never_scheduled', 'dataset_produces_2', 'dataset_consumes_1_and_2']) retrieved from /home/ubuntu/airflow_venv/lib/python3.10/site-packages/airflow/example_dags/example_datasets.py
[2023-09-29T07:59:46.702+0000] {logging_mixin.py:151} INFO - [2023-09-29T07:59:46.702+0000] {dag.py:2915} INFO - Sync 6 DAGs
[2023-09-29T07:59:46.729+0000] {logging_mixin.py:151} INFO - [2023-09-29T07:59:46.729+0000] {dag.py:3696} INFO - Setting next_dagrun for dataset_consumes_1 to None, run_after=None
[2023-09-29T07:59:46.732+0000] {logging_mixin.py:151} INFO - [2023-09-29T07:59:46.732+0000] {dag.py:3696} INFO - Setting next_dagrun for dataset_consumes_1_and_2 to None, run_after=None
[2023-09-29T07:59:46.733+0000] {logging_mixin.py:151} INFO - [2023-09-29T07:59:46.733+0000] {dag.py:3696} INFO - Setting next_dagrun for dataset_consumes_1_never_scheduled to None, run_after=None
[2023-09-29T07:59:46.734+0000] {logging_mixin.py:151} INFO - [2023-09-29T07:59:46.734+0000] {dag.py:3696} INFO - Setting next_dagrun for dataset_consumes_unknown_never_scheduled to None, run_after=None
[2023-09-29T07:59:46.736+0000] {logging_mixin.py:151} INFO - [2023-09-29T07:59:46.736+0000] {dag.py:3696} INFO - Setting next_dagrun for dataset_produces_1 to 2023-09-28T00:00:00+00:00, run_after=2023-09-29T00:00:00+00:00
[2023-09-29T07:59:46.737+0000] {logging_mixin.py:151} INFO - [2023-09-29T07:59:46.737+0000] {dag.py:3696} INFO - Setting next_dagrun for dataset_produces_2 to None, run_after=None
[2023-09-29T07:59:46.779+0000] {processor.py:179} INFO - Processing /home/ubuntu/airflow_venv/lib/python3.10/site-packages/airflow/example_dags/example_datasets.py took 0.121 seconds
[2023-09-29T08:01:03.330+0000] {processor.py:157} INFO - Started process (PID=1679) to work on /home/ubuntu/airflow_venv/lib/python3.10/site-packages/airflow/example_dags/example_datasets.py
[2023-09-29T08:01:03.332+0000] {processor.py:829} INFO - Processing file /home/ubuntu/airflow_venv/lib/python3.10/site-packages/airflow/example_dags/example_datasets.py for tasks to queue
[2023-09-29T08:01:03.333+0000] {logging_mixin.py:151} INFO - [2023-09-29T08:01:03.333+0000] {dagbag.py:539} INFO - Filling up the DagBag from /home/ubuntu/airflow_venv/lib/python3.10/site-packages/airflow/example_dags/example_datasets.py
[2023-09-29T08:01:03.344+0000] {processor.py:839} INFO - DAG(s) dict_keys(['dataset_produces_2', 'dataset_consumes_1', 'dataset_consumes_1_and_2', 'dataset_consumes_1_never_scheduled', 'dataset_produces_1', 'dataset_consumes_unknown_never_scheduled']) retrieved from /home/ubuntu/airflow_venv/lib/python3.10/site-packages/airflow/example_dags/example_datasets.py
[2023-09-29T08:01:03.375+0000] {logging_mixin.py:151} INFO - [2023-09-29T08:01:03.374+0000] {dag.py:2915} INFO - Sync 6 DAGs
[2023-09-29T08:01:03.397+0000] {logging_mixin.py:151} INFO - [2023-09-29T08:01:03.396+0000] {dag.py:3696} INFO - Setting next_dagrun for dataset_consumes_1 to None, run_after=None
[2023-09-29T08:01:03.400+0000] {logging_mixin.py:151} INFO - [2023-09-29T08:01:03.400+0000] {dag.py:3696} INFO - Setting next_dagrun for dataset_consumes_1_and_2 to None, run_after=None
[2023-09-29T08:01:03.401+0000] {logging_mixin.py:151} INFO - [2023-09-29T08:01:03.401+0000] {dag.py:3696} INFO - Setting next_dagrun for dataset_consumes_1_never_scheduled to None, run_after=None
[2023-09-29T08:01:03.402+0000] {logging_mixin.py:151} INFO - [2023-09-29T08:01:03.401+0000] {dag.py:3696} INFO - Setting next_dagrun for dataset_consumes_unknown_never_scheduled to None, run_after=None
[2023-09-29T08:01:03.404+0000] {logging_mixin.py:151} INFO - [2023-09-29T08:01:03.404+0000] {dag.py:3696} INFO - Setting next_dagrun for dataset_produces_1 to 2023-09-28T00:00:00+00:00, run_after=2023-09-29T00:00:00+00:00
[2023-09-29T08:01:03.405+0000] {logging_mixin.py:151} INFO - [2023-09-29T08:01:03.405+0000] {dag.py:3696} INFO - Setting next_dagrun for dataset_produces_2 to None, run_after=None
[2023-09-29T08:01:03.442+0000] {processor.py:179} INFO - Processing /home/ubuntu/airflow_venv/lib/python3.10/site-packages/airflow/example_dags/example_datasets.py took 0.115 seconds
[2023-09-29T08:01:53.046+0000] {processor.py:157} INFO - Started process (PID=1728) to work on /home/ubuntu/airflow_venv/lib/python3.10/site-packages/airflow/example_dags/example_datasets.py
[2023-09-29T08:01:53.047+0000] {processor.py:829} INFO - Processing file /home/ubuntu/airflow_venv/lib/python3.10/site-packages/airflow/example_dags/example_datasets.py for tasks to queue
[2023-09-29T08:01:53.047+0000] {logging_mixin.py:151} INFO - [2023-09-29T08:01:53.047+0000] {dagbag.py:539} INFO - Filling up the DagBag from /home/ubuntu/airflow_venv/lib/python3.10/site-packages/airflow/example_dags/example_datasets.py
[2023-09-29T08:01:53.057+0000] {processor.py:839} INFO - DAG(s) dict_keys(['dataset_consumes_1_never_scheduled', 'dataset_produces_2', 'dataset_consumes_unknown_never_scheduled', 'dataset_consumes_1', 'dataset_produces_1', 'dataset_consumes_1_and_2']) retrieved from /home/ubuntu/airflow_venv/lib/python3.10/site-packages/airflow/example_dags/example_datasets.py
[2023-09-29T08:01:53.102+0000] {logging_mixin.py:151} INFO - [2023-09-29T08:01:53.101+0000] {dag.py:2915} INFO - Sync 6 DAGs
[2023-09-29T08:01:53.120+0000] {logging_mixin.py:151} INFO - [2023-09-29T08:01:53.120+0000] {dag.py:3696} INFO - Setting next_dagrun for dataset_consumes_1 to None, run_after=None
[2023-09-29T08:01:53.123+0000] {logging_mixin.py:151} INFO - [2023-09-29T08:01:53.122+0000] {dag.py:3696} INFO - Setting next_dagrun for dataset_consumes_1_and_2 to None, run_after=None
[2023-09-29T08:01:53.123+0000] {logging_mixin.py:151} INFO - [2023-09-29T08:01:53.123+0000] {dag.py:3696} INFO - Setting next_dagrun for dataset_consumes_1_never_scheduled to None, run_after=None
[2023-09-29T08:01:53.124+0000] {logging_mixin.py:151} INFO - [2023-09-29T08:01:53.124+0000] {dag.py:3696} INFO - Setting next_dagrun for dataset_consumes_unknown_never_scheduled to None, run_after=None
[2023-09-29T08:01:53.126+0000] {logging_mixin.py:151} INFO - [2023-09-29T08:01:53.126+0000] {dag.py:3696} INFO - Setting next_dagrun for dataset_produces_1 to 2023-09-28T00:00:00+00:00, run_after=2023-09-29T00:00:00+00:00
[2023-09-29T08:01:53.127+0000] {logging_mixin.py:151} INFO - [2023-09-29T08:01:53.127+0000] {dag.py:3696} INFO - Setting next_dagrun for dataset_produces_2 to None, run_after=None
[2023-09-29T08:01:53.157+0000] {processor.py:179} INFO - Processing /home/ubuntu/airflow_venv/lib/python3.10/site-packages/airflow/example_dags/example_datasets.py took 0.115 seconds
[2023-09-29T08:02:47.926+0000] {processor.py:157} INFO - Started process (PID=1785) to work on /home/ubuntu/airflow_venv/lib/python3.10/site-packages/airflow/example_dags/example_datasets.py
[2023-09-29T08:02:47.932+0000] {processor.py:829} INFO - Processing file /home/ubuntu/airflow_venv/lib/python3.10/site-packages/airflow/example_dags/example_datasets.py for tasks to queue
[2023-09-29T08:02:47.935+0000] {logging_mixin.py:151} INFO - [2023-09-29T08:02:47.934+0000] {dagbag.py:539} INFO - Filling up the DagBag from /home/ubuntu/airflow_venv/lib/python3.10/site-packages/airflow/example_dags/example_datasets.py
[2023-09-29T08:02:47.958+0000] {processor.py:839} INFO - DAG(s) dict_keys(['dataset_consumes_1_never_scheduled', 'dataset_produces_2', 'dataset_consumes_unknown_never_scheduled', 'dataset_consumes_1', 'dataset_produces_1', 'dataset_consumes_1_and_2']) retrieved from /home/ubuntu/airflow_venv/lib/python3.10/site-packages/airflow/example_dags/example_datasets.py
[2023-09-29T08:02:47.991+0000] {logging_mixin.py:151} INFO - [2023-09-29T08:02:47.991+0000] {dag.py:2915} INFO - Sync 6 DAGs
[2023-09-29T08:02:48.013+0000] {logging_mixin.py:151} INFO - [2023-09-29T08:02:48.013+0000] {dag.py:3696} INFO - Setting next_dagrun for dataset_consumes_1 to None, run_after=None
[2023-09-29T08:02:48.017+0000] {logging_mixin.py:151} INFO - [2023-09-29T08:02:48.017+0000] {dag.py:3696} INFO - Setting next_dagrun for dataset_consumes_1_and_2 to None, run_after=None
[2023-09-29T08:02:48.018+0000] {logging_mixin.py:151} INFO - [2023-09-29T08:02:48.018+0000] {dag.py:3696} INFO - Setting next_dagrun for dataset_consumes_1_never_scheduled to None, run_after=None
[2023-09-29T08:02:48.018+0000] {logging_mixin.py:151} INFO - [2023-09-29T08:02:48.018+0000] {dag.py:3696} INFO - Setting next_dagrun for dataset_consumes_unknown_never_scheduled to None, run_after=None
[2023-09-29T08:02:48.021+0000] {logging_mixin.py:151} INFO - [2023-09-29T08:02:48.021+0000] {dag.py:3696} INFO - Setting next_dagrun for dataset_produces_1 to 2023-09-28T00:00:00+00:00, run_after=2023-09-29T00:00:00+00:00
[2023-09-29T08:02:48.022+0000] {logging_mixin.py:151} INFO - [2023-09-29T08:02:48.022+0000] {dag.py:3696} INFO - Setting next_dagrun for dataset_produces_2 to None, run_after=None
[2023-09-29T08:02:48.051+0000] {processor.py:179} INFO - Processing /home/ubuntu/airflow_venv/lib/python3.10/site-packages/airflow/example_dags/example_datasets.py took 0.136 seconds
[2023-09-29T08:03:38.872+0000] {processor.py:157} INFO - Started process (PID=1837) to work on /home/ubuntu/airflow_venv/lib/python3.10/site-packages/airflow/example_dags/example_datasets.py
[2023-09-29T08:03:38.873+0000] {processor.py:829} INFO - Processing file /home/ubuntu/airflow_venv/lib/python3.10/site-packages/airflow/example_dags/example_datasets.py for tasks to queue
[2023-09-29T08:03:38.874+0000] {logging_mixin.py:151} INFO - [2023-09-29T08:03:38.874+0000] {dagbag.py:539} INFO - Filling up the DagBag from /home/ubuntu/airflow_venv/lib/python3.10/site-packages/airflow/example_dags/example_datasets.py
[2023-09-29T08:03:38.888+0000] {processor.py:839} INFO - DAG(s) dict_keys(['dataset_consumes_1', 'dataset_produces_2', 'dataset_consumes_unknown_never_scheduled', 'dataset_consumes_1_never_scheduled', 'dataset_produces_1', 'dataset_consumes_1_and_2']) retrieved from /home/ubuntu/airflow_venv/lib/python3.10/site-packages/airflow/example_dags/example_datasets.py
[2023-09-29T08:03:38.919+0000] {logging_mixin.py:151} INFO - [2023-09-29T08:03:38.919+0000] {dag.py:2915} INFO - Sync 6 DAGs
[2023-09-29T08:03:38.958+0000] {logging_mixin.py:151} INFO - [2023-09-29T08:03:38.957+0000] {dag.py:3696} INFO - Setting next_dagrun for dataset_consumes_1 to None, run_after=None
[2023-09-29T08:03:38.961+0000] {logging_mixin.py:151} INFO - [2023-09-29T08:03:38.961+0000] {dag.py:3696} INFO - Setting next_dagrun for dataset_consumes_1_and_2 to None, run_after=None
[2023-09-29T08:03:38.963+0000] {logging_mixin.py:151} INFO - [2023-09-29T08:03:38.963+0000] {dag.py:3696} INFO - Setting next_dagrun for dataset_consumes_1_never_scheduled to None, run_after=None
[2023-09-29T08:03:38.964+0000] {logging_mixin.py:151} INFO - [2023-09-29T08:03:38.964+0000] {dag.py:3696} INFO - Setting next_dagrun for dataset_consumes_unknown_never_scheduled to None, run_after=None
[2023-09-29T08:03:38.967+0000] {logging_mixin.py:151} INFO - [2023-09-29T08:03:38.967+0000] {dag.py:3696} INFO - Setting next_dagrun for dataset_produces_1 to 2023-09-28T00:00:00+00:00, run_after=2023-09-29T00:00:00+00:00
[2023-09-29T08:03:38.968+0000] {logging_mixin.py:151} INFO - [2023-09-29T08:03:38.968+0000] {dag.py:3696} INFO - Setting next_dagrun for dataset_produces_2 to None, run_after=None
[2023-09-29T08:03:39.002+0000] {processor.py:179} INFO - Processing /home/ubuntu/airflow_venv/lib/python3.10/site-packages/airflow/example_dags/example_datasets.py took 0.134 seconds
[2023-09-29T08:04:31.934+0000] {processor.py:157} INFO - Started process (PID=1891) to work on /home/ubuntu/airflow_venv/lib/python3.10/site-packages/airflow/example_dags/example_datasets.py
[2023-09-29T08:04:31.936+0000] {processor.py:829} INFO - Processing file /home/ubuntu/airflow_venv/lib/python3.10/site-packages/airflow/example_dags/example_datasets.py for tasks to queue
[2023-09-29T08:04:31.938+0000] {logging_mixin.py:151} INFO - [2023-09-29T08:04:31.937+0000] {dagbag.py:539} INFO - Filling up the DagBag from /home/ubuntu/airflow_venv/lib/python3.10/site-packages/airflow/example_dags/example_datasets.py
[2023-09-29T08:04:31.951+0000] {processor.py:839} INFO - DAG(s) dict_keys(['dataset_consumes_unknown_never_scheduled', 'dataset_consumes_1', 'dataset_consumes_1_and_2', 'dataset_produces_1', 'dataset_produces_2', 'dataset_consumes_1_never_scheduled']) retrieved from /home/ubuntu/airflow_venv/lib/python3.10/site-packages/airflow/example_dags/example_datasets.py
[2023-09-29T08:04:31.983+0000] {logging_mixin.py:151} INFO - [2023-09-29T08:04:31.983+0000] {dag.py:2915} INFO - Sync 6 DAGs
[2023-09-29T08:04:32.008+0000] {logging_mixin.py:151} INFO - [2023-09-29T08:04:32.008+0000] {dag.py:3696} INFO - Setting next_dagrun for dataset_consumes_1 to None, run_after=None
[2023-09-29T08:04:32.012+0000] {logging_mixin.py:151} INFO - [2023-09-29T08:04:32.012+0000] {dag.py:3696} INFO - Setting next_dagrun for dataset_consumes_1_and_2 to None, run_after=None
[2023-09-29T08:04:32.013+0000] {logging_mixin.py:151} INFO - [2023-09-29T08:04:32.013+0000] {dag.py:3696} INFO - Setting next_dagrun for dataset_consumes_1_never_scheduled to None, run_after=None
[2023-09-29T08:04:32.014+0000] {logging_mixin.py:151} INFO - [2023-09-29T08:04:32.014+0000] {dag.py:3696} INFO - Setting next_dagrun for dataset_consumes_unknown_never_scheduled to None, run_after=None
[2023-09-29T08:04:32.017+0000] {logging_mixin.py:151} INFO - [2023-09-29T08:04:32.017+0000] {dag.py:3696} INFO - Setting next_dagrun for dataset_produces_1 to 2023-09-28T00:00:00+00:00, run_after=2023-09-29T00:00:00+00:00
[2023-09-29T08:04:32.018+0000] {logging_mixin.py:151} INFO - [2023-09-29T08:04:32.018+0000] {dag.py:3696} INFO - Setting next_dagrun for dataset_produces_2 to None, run_after=None
[2023-09-29T08:04:32.060+0000] {processor.py:179} INFO - Processing /home/ubuntu/airflow_venv/lib/python3.10/site-packages/airflow/example_dags/example_datasets.py took 0.132 seconds
[2023-09-29T08:05:20.971+0000] {processor.py:157} INFO - Started process (PID=1943) to work on /home/ubuntu/airflow_venv/lib/python3.10/site-packages/airflow/example_dags/example_datasets.py
[2023-09-29T08:05:20.976+0000] {processor.py:829} INFO - Processing file /home/ubuntu/airflow_venv/lib/python3.10/site-packages/airflow/example_dags/example_datasets.py for tasks to queue
[2023-09-29T08:05:20.979+0000] {logging_mixin.py:151} INFO - [2023-09-29T08:05:20.977+0000] {dagbag.py:539} INFO - Filling up the DagBag from /home/ubuntu/airflow_venv/lib/python3.10/site-packages/airflow/example_dags/example_datasets.py
[2023-09-29T08:05:20.992+0000] {processor.py:839} INFO - DAG(s) dict_keys(['dataset_consumes_1', 'dataset_consumes_unknown_never_scheduled', 'dataset_produces_1', 'dataset_consumes_1_never_scheduled', 'dataset_consumes_1_and_2', 'dataset_produces_2']) retrieved from /home/ubuntu/airflow_venv/lib/python3.10/site-packages/airflow/example_dags/example_datasets.py
[2023-09-29T08:05:21.033+0000] {logging_mixin.py:151} INFO - [2023-09-29T08:05:21.033+0000] {dag.py:2915} INFO - Sync 6 DAGs
[2023-09-29T08:05:21.055+0000] {logging_mixin.py:151} INFO - [2023-09-29T08:05:21.055+0000] {dag.py:3696} INFO - Setting next_dagrun for dataset_consumes_1 to None, run_after=None
[2023-09-29T08:05:21.059+0000] {logging_mixin.py:151} INFO - [2023-09-29T08:05:21.059+0000] {dag.py:3696} INFO - Setting next_dagrun for dataset_consumes_1_and_2 to None, run_after=None
[2023-09-29T08:05:21.060+0000] {logging_mixin.py:151} INFO - [2023-09-29T08:05:21.060+0000] {dag.py:3696} INFO - Setting next_dagrun for dataset_consumes_1_never_scheduled to None, run_after=None
[2023-09-29T08:05:21.061+0000] {logging_mixin.py:151} INFO - [2023-09-29T08:05:21.061+0000] {dag.py:3696} INFO - Setting next_dagrun for dataset_consumes_unknown_never_scheduled to None, run_after=None
[2023-09-29T08:05:21.063+0000] {logging_mixin.py:151} INFO - [2023-09-29T08:05:21.063+0000] {dag.py:3696} INFO - Setting next_dagrun for dataset_produces_1 to 2023-09-28T00:00:00+00:00, run_after=2023-09-29T00:00:00+00:00
[2023-09-29T08:05:21.064+0000] {logging_mixin.py:151} INFO - [2023-09-29T08:05:21.064+0000] {dag.py:3696} INFO - Setting next_dagrun for dataset_produces_2 to None, run_after=None
[2023-09-29T08:05:21.099+0000] {processor.py:179} INFO - Processing /home/ubuntu/airflow_venv/lib/python3.10/site-packages/airflow/example_dags/example_datasets.py took 0.131 seconds
[2023-09-29T08:06:16.341+0000] {processor.py:157} INFO - Started process (PID=1998) to work on /home/ubuntu/airflow_venv/lib/python3.10/site-packages/airflow/example_dags/example_datasets.py
[2023-09-29T08:06:16.342+0000] {processor.py:829} INFO - Processing file /home/ubuntu/airflow_venv/lib/python3.10/site-packages/airflow/example_dags/example_datasets.py for tasks to queue
[2023-09-29T08:06:16.343+0000] {logging_mixin.py:151} INFO - [2023-09-29T08:06:16.342+0000] {dagbag.py:539} INFO - Filling up the DagBag from /home/ubuntu/airflow_venv/lib/python3.10/site-packages/airflow/example_dags/example_datasets.py
[2023-09-29T08:06:16.353+0000] {processor.py:839} INFO - DAG(s) dict_keys(['dataset_consumes_1_and_2', 'dataset_produces_1', 'dataset_consumes_unknown_never_scheduled', 'dataset_consumes_1', 'dataset_produces_2', 'dataset_consumes_1_never_scheduled']) retrieved from /home/ubuntu/airflow_venv/lib/python3.10/site-packages/airflow/example_dags/example_datasets.py
[2023-09-29T08:06:16.379+0000] {logging_mixin.py:151} INFO - [2023-09-29T08:06:16.379+0000] {dag.py:2915} INFO - Sync 6 DAGs
[2023-09-29T08:06:16.397+0000] {logging_mixin.py:151} INFO - [2023-09-29T08:06:16.397+0000] {dag.py:3696} INFO - Setting next_dagrun for dataset_consumes_1 to None, run_after=None
[2023-09-29T08:06:16.400+0000] {logging_mixin.py:151} INFO - [2023-09-29T08:06:16.400+0000] {dag.py:3696} INFO - Setting next_dagrun for dataset_consumes_1_and_2 to None, run_after=None
[2023-09-29T08:06:16.401+0000] {logging_mixin.py:151} INFO - [2023-09-29T08:06:16.401+0000] {dag.py:3696} INFO - Setting next_dagrun for dataset_consumes_1_never_scheduled to None, run_after=None
[2023-09-29T08:06:16.402+0000] {logging_mixin.py:151} INFO - [2023-09-29T08:06:16.401+0000] {dag.py:3696} INFO - Setting next_dagrun for dataset_consumes_unknown_never_scheduled to None, run_after=None
[2023-09-29T08:06:16.404+0000] {logging_mixin.py:151} INFO - [2023-09-29T08:06:16.404+0000] {dag.py:3696} INFO - Setting next_dagrun for dataset_produces_1 to 2023-09-28T00:00:00+00:00, run_after=2023-09-29T00:00:00+00:00
[2023-09-29T08:06:16.405+0000] {logging_mixin.py:151} INFO - [2023-09-29T08:06:16.404+0000] {dag.py:3696} INFO - Setting next_dagrun for dataset_produces_2 to None, run_after=None
[2023-09-29T08:06:16.431+0000] {processor.py:179} INFO - Processing /home/ubuntu/airflow_venv/lib/python3.10/site-packages/airflow/example_dags/example_datasets.py took 0.094 seconds
[2023-09-29T08:07:05.756+0000] {processor.py:157} INFO - Started process (PID=2049) to work on /home/ubuntu/airflow_venv/lib/python3.10/site-packages/airflow/example_dags/example_datasets.py
[2023-09-29T08:07:05.757+0000] {processor.py:829} INFO - Processing file /home/ubuntu/airflow_venv/lib/python3.10/site-packages/airflow/example_dags/example_datasets.py for tasks to queue
[2023-09-29T08:07:05.758+0000] {logging_mixin.py:151} INFO - [2023-09-29T08:07:05.758+0000] {dagbag.py:539} INFO - Filling up the DagBag from /home/ubuntu/airflow_venv/lib/python3.10/site-packages/airflow/example_dags/example_datasets.py
[2023-09-29T08:07:05.768+0000] {processor.py:839} INFO - DAG(s) dict_keys(['dataset_produces_1', 'dataset_consumes_1_never_scheduled', 'dataset_consumes_1', 'dataset_consumes_1_and_2', 'dataset_produces_2', 'dataset_consumes_unknown_never_scheduled']) retrieved from /home/ubuntu/airflow_venv/lib/python3.10/site-packages/airflow/example_dags/example_datasets.py
[2023-09-29T08:07:05.795+0000] {logging_mixin.py:151} INFO - [2023-09-29T08:07:05.795+0000] {dag.py:2915} INFO - Sync 6 DAGs
[2023-09-29T08:07:05.814+0000] {logging_mixin.py:151} INFO - [2023-09-29T08:07:05.814+0000] {dag.py:3696} INFO - Setting next_dagrun for dataset_consumes_1 to None, run_after=None
[2023-09-29T08:07:05.819+0000] {logging_mixin.py:151} INFO - [2023-09-29T08:07:05.819+0000] {dag.py:3696} INFO - Setting next_dagrun for dataset_consumes_1_and_2 to None, run_after=None
[2023-09-29T08:07:05.820+0000] {logging_mixin.py:151} INFO - [2023-09-29T08:07:05.820+0000] {dag.py:3696} INFO - Setting next_dagrun for dataset_consumes_1_never_scheduled to None, run_after=None
[2023-09-29T08:07:05.821+0000] {logging_mixin.py:151} INFO - [2023-09-29T08:07:05.821+0000] {dag.py:3696} INFO - Setting next_dagrun for dataset_consumes_unknown_never_scheduled to None, run_after=None
[2023-09-29T08:07:05.823+0000] {logging_mixin.py:151} INFO - [2023-09-29T08:07:05.823+0000] {dag.py:3696} INFO - Setting next_dagrun for dataset_produces_1 to 2023-09-28T00:00:00+00:00, run_after=2023-09-29T00:00:00+00:00
[2023-09-29T08:07:05.824+0000] {logging_mixin.py:151} INFO - [2023-09-29T08:07:05.824+0000] {dag.py:3696} INFO - Setting next_dagrun for dataset_produces_2 to None, run_after=None
[2023-09-29T08:07:05.881+0000] {processor.py:179} INFO - Processing /home/ubuntu/airflow_venv/lib/python3.10/site-packages/airflow/example_dags/example_datasets.py took 0.128 seconds
[2023-09-29T08:07:55.259+0000] {processor.py:157} INFO - Started process (PID=2311) to work on /home/ubuntu/airflow_venv/lib/python3.10/site-packages/airflow/example_dags/example_datasets.py
[2023-09-29T08:07:55.262+0000] {processor.py:829} INFO - Processing file /home/ubuntu/airflow_venv/lib/python3.10/site-packages/airflow/example_dags/example_datasets.py for tasks to queue
[2023-09-29T08:07:55.262+0000] {logging_mixin.py:151} INFO - [2023-09-29T08:07:55.262+0000] {dagbag.py:539} INFO - Filling up the DagBag from /home/ubuntu/airflow_venv/lib/python3.10/site-packages/airflow/example_dags/example_datasets.py
[2023-09-29T08:07:55.279+0000] {processor.py:839} INFO - DAG(s) dict_keys(['dataset_produces_1', 'dataset_consumes_1_and_2', 'dataset_consumes_1', 'dataset_consumes_unknown_never_scheduled', 'dataset_consumes_1_never_scheduled', 'dataset_produces_2']) retrieved from /home/ubuntu/airflow_venv/lib/python3.10/site-packages/airflow/example_dags/example_datasets.py
[2023-09-29T08:07:55.313+0000] {logging_mixin.py:151} INFO - [2023-09-29T08:07:55.312+0000] {dag.py:2915} INFO - Sync 6 DAGs
[2023-09-29T08:07:55.335+0000] {logging_mixin.py:151} INFO - [2023-09-29T08:07:55.335+0000] {dag.py:3696} INFO - Setting next_dagrun for dataset_consumes_1 to None, run_after=None
[2023-09-29T08:07:55.339+0000] {logging_mixin.py:151} INFO - [2023-09-29T08:07:55.339+0000] {dag.py:3696} INFO - Setting next_dagrun for dataset_consumes_1_and_2 to None, run_after=None
[2023-09-29T08:07:55.340+0000] {logging_mixin.py:151} INFO - [2023-09-29T08:07:55.340+0000] {dag.py:3696} INFO - Setting next_dagrun for dataset_consumes_1_never_scheduled to None, run_after=None
[2023-09-29T08:07:55.341+0000] {logging_mixin.py:151} INFO - [2023-09-29T08:07:55.341+0000] {dag.py:3696} INFO - Setting next_dagrun for dataset_consumes_unknown_never_scheduled to None, run_after=None
[2023-09-29T08:07:55.343+0000] {logging_mixin.py:151} INFO - [2023-09-29T08:07:55.343+0000] {dag.py:3696} INFO - Setting next_dagrun for dataset_produces_1 to 2023-09-28T00:00:00+00:00, run_after=2023-09-29T00:00:00+00:00
[2023-09-29T08:07:55.344+0000] {logging_mixin.py:151} INFO - [2023-09-29T08:07:55.344+0000] {dag.py:3696} INFO - Setting next_dagrun for dataset_produces_2 to None, run_after=None
[2023-09-29T08:07:55.375+0000] {processor.py:179} INFO - Processing /home/ubuntu/airflow_venv/lib/python3.10/site-packages/airflow/example_dags/example_datasets.py took 0.123 seconds
[2023-09-29T08:08:49.095+0000] {processor.py:157} INFO - Started process (PID=2366) to work on /home/ubuntu/airflow_venv/lib/python3.10/site-packages/airflow/example_dags/example_datasets.py
[2023-09-29T08:08:49.096+0000] {processor.py:829} INFO - Processing file /home/ubuntu/airflow_venv/lib/python3.10/site-packages/airflow/example_dags/example_datasets.py for tasks to queue
[2023-09-29T08:08:49.097+0000] {logging_mixin.py:151} INFO - [2023-09-29T08:08:49.097+0000] {dagbag.py:539} INFO - Filling up the DagBag from /home/ubuntu/airflow_venv/lib/python3.10/site-packages/airflow/example_dags/example_datasets.py
[2023-09-29T08:08:49.107+0000] {processor.py:839} INFO - DAG(s) dict_keys(['dataset_produces_1', 'dataset_consumes_1_and_2', 'dataset_consumes_1_never_scheduled', 'dataset_consumes_unknown_never_scheduled', 'dataset_consumes_1', 'dataset_produces_2']) retrieved from /home/ubuntu/airflow_venv/lib/python3.10/site-packages/airflow/example_dags/example_datasets.py
[2023-09-29T08:08:49.136+0000] {logging_mixin.py:151} INFO - [2023-09-29T08:08:49.135+0000] {dag.py:2915} INFO - Sync 6 DAGs
[2023-09-29T08:08:49.156+0000] {logging_mixin.py:151} INFO - [2023-09-29T08:08:49.156+0000] {dag.py:3696} INFO - Setting next_dagrun for dataset_consumes_1 to None, run_after=None
[2023-09-29T08:08:49.159+0000] {logging_mixin.py:151} INFO - [2023-09-29T08:08:49.159+0000] {dag.py:3696} INFO - Setting next_dagrun for dataset_consumes_1_and_2 to None, run_after=None
[2023-09-29T08:08:49.160+0000] {logging_mixin.py:151} INFO - [2023-09-29T08:08:49.160+0000] {dag.py:3696} INFO - Setting next_dagrun for dataset_consumes_1_never_scheduled to None, run_after=None
[2023-09-29T08:08:49.161+0000] {logging_mixin.py:151} INFO - [2023-09-29T08:08:49.160+0000] {dag.py:3696} INFO - Setting next_dagrun for dataset_consumes_unknown_never_scheduled to None, run_after=None
[2023-09-29T08:08:49.163+0000] {logging_mixin.py:151} INFO - [2023-09-29T08:08:49.163+0000] {dag.py:3696} INFO - Setting next_dagrun for dataset_produces_1 to 2023-09-28T00:00:00+00:00, run_after=2023-09-29T00:00:00+00:00
[2023-09-29T08:08:49.163+0000] {logging_mixin.py:151} INFO - [2023-09-29T08:08:49.163+0000] {dag.py:3696} INFO - Setting next_dagrun for dataset_produces_2 to None, run_after=None
[2023-09-29T08:08:49.202+0000] {processor.py:179} INFO - Processing /home/ubuntu/airflow_venv/lib/python3.10/site-packages/airflow/example_dags/example_datasets.py took 0.110 seconds
[2023-09-29T09:27:19.940+0000] {processor.py:157} INFO - Started process (PID=1345) to work on /home/ubuntu/airflow_venv/lib/python3.10/site-packages/airflow/example_dags/example_datasets.py
[2023-09-29T09:27:19.942+0000] {processor.py:829} INFO - Processing file /home/ubuntu/airflow_venv/lib/python3.10/site-packages/airflow/example_dags/example_datasets.py for tasks to queue
[2023-09-29T09:27:19.943+0000] {logging_mixin.py:151} INFO - [2023-09-29T09:27:19.942+0000] {dagbag.py:539} INFO - Filling up the DagBag from /home/ubuntu/airflow_venv/lib/python3.10/site-packages/airflow/example_dags/example_datasets.py
[2023-09-29T09:27:19.954+0000] {processor.py:839} INFO - DAG(s) dict_keys(['dataset_consumes_1', 'dataset_consumes_1_and_2', 'dataset_produces_1', 'dataset_consumes_1_never_scheduled', 'dataset_produces_2', 'dataset_consumes_unknown_never_scheduled']) retrieved from /home/ubuntu/airflow_venv/lib/python3.10/site-packages/airflow/example_dags/example_datasets.py
[2023-09-29T09:27:19.984+0000] {logging_mixin.py:151} INFO - [2023-09-29T09:27:19.984+0000] {dag.py:2915} INFO - Sync 6 DAGs
[2023-09-29T09:27:20.003+0000] {logging_mixin.py:151} INFO - [2023-09-29T09:27:20.003+0000] {dag.py:3696} INFO - Setting next_dagrun for dataset_consumes_1 to None, run_after=None
[2023-09-29T09:27:20.017+0000] {logging_mixin.py:151} INFO - [2023-09-29T09:27:20.006+0000] {dag.py:3696} INFO - Setting next_dagrun for dataset_consumes_1_and_2 to None, run_after=None
[2023-09-29T09:27:20.022+0000] {logging_mixin.py:151} INFO - [2023-09-29T09:27:20.022+0000] {dag.py:3696} INFO - Setting next_dagrun for dataset_consumes_1_never_scheduled to None, run_after=None
[2023-09-29T09:27:20.024+0000] {logging_mixin.py:151} INFO - [2023-09-29T09:27:20.024+0000] {dag.py:3696} INFO - Setting next_dagrun for dataset_consumes_unknown_never_scheduled to None, run_after=None
[2023-09-29T09:27:20.030+0000] {logging_mixin.py:151} INFO - [2023-09-29T09:27:20.030+0000] {dag.py:3696} INFO - Setting next_dagrun for dataset_produces_1 to 2023-09-28T00:00:00+00:00, run_after=2023-09-29T00:00:00+00:00
[2023-09-29T09:27:20.031+0000] {logging_mixin.py:151} INFO - [2023-09-29T09:27:20.031+0000] {dag.py:3696} INFO - Setting next_dagrun for dataset_produces_2 to None, run_after=None
[2023-09-29T09:27:20.067+0000] {processor.py:179} INFO - Processing /home/ubuntu/airflow_venv/lib/python3.10/site-packages/airflow/example_dags/example_datasets.py took 0.130 seconds
[2023-09-29T09:28:20.567+0000] {processor.py:157} INFO - Started process (PID=1403) to work on /home/ubuntu/airflow_venv/lib/python3.10/site-packages/airflow/example_dags/example_datasets.py
[2023-09-29T09:28:20.569+0000] {processor.py:829} INFO - Processing file /home/ubuntu/airflow_venv/lib/python3.10/site-packages/airflow/example_dags/example_datasets.py for tasks to queue
[2023-09-29T09:28:20.570+0000] {logging_mixin.py:151} INFO - [2023-09-29T09:28:20.569+0000] {dagbag.py:539} INFO - Filling up the DagBag from /home/ubuntu/airflow_venv/lib/python3.10/site-packages/airflow/example_dags/example_datasets.py
[2023-09-29T09:28:20.584+0000] {processor.py:839} INFO - DAG(s) dict_keys(['dataset_consumes_unknown_never_scheduled', 'dataset_produces_2', 'dataset_consumes_1_never_scheduled', 'dataset_produces_1', 'dataset_consumes_1', 'dataset_consumes_1_and_2']) retrieved from /home/ubuntu/airflow_venv/lib/python3.10/site-packages/airflow/example_dags/example_datasets.py
[2023-09-29T09:28:20.616+0000] {logging_mixin.py:151} INFO - [2023-09-29T09:28:20.616+0000] {dag.py:2915} INFO - Sync 6 DAGs
[2023-09-29T09:28:20.805+0000] {logging_mixin.py:151} INFO - [2023-09-29T09:28:20.805+0000] {dag.py:3696} INFO - Setting next_dagrun for dataset_consumes_1 to None, run_after=None
[2023-09-29T09:28:20.809+0000] {logging_mixin.py:151} INFO - [2023-09-29T09:28:20.809+0000] {dag.py:3696} INFO - Setting next_dagrun for dataset_consumes_1_and_2 to None, run_after=None
[2023-09-29T09:28:20.811+0000] {logging_mixin.py:151} INFO - [2023-09-29T09:28:20.811+0000] {dag.py:3696} INFO - Setting next_dagrun for dataset_consumes_1_never_scheduled to None, run_after=None
[2023-09-29T09:28:20.821+0000] {logging_mixin.py:151} INFO - [2023-09-29T09:28:20.820+0000] {dag.py:3696} INFO - Setting next_dagrun for dataset_consumes_unknown_never_scheduled to None, run_after=None
[2023-09-29T09:28:20.824+0000] {logging_mixin.py:151} INFO - [2023-09-29T09:28:20.824+0000] {dag.py:3696} INFO - Setting next_dagrun for dataset_produces_1 to 2023-09-28T00:00:00+00:00, run_after=2023-09-29T00:00:00+00:00
[2023-09-29T09:28:20.826+0000] {logging_mixin.py:151} INFO - [2023-09-29T09:28:20.826+0000] {dag.py:3696} INFO - Setting next_dagrun for dataset_produces_2 to None, run_after=None
[2023-09-29T09:28:20.869+0000] {processor.py:179} INFO - Processing /home/ubuntu/airflow_venv/lib/python3.10/site-packages/airflow/example_dags/example_datasets.py took 0.308 seconds
[2023-09-29T09:29:15.852+0000] {processor.py:157} INFO - Started process (PID=1452) to work on /home/ubuntu/airflow_venv/lib/python3.10/site-packages/airflow/example_dags/example_datasets.py
[2023-09-29T09:29:15.853+0000] {processor.py:829} INFO - Processing file /home/ubuntu/airflow_venv/lib/python3.10/site-packages/airflow/example_dags/example_datasets.py for tasks to queue
[2023-09-29T09:29:15.854+0000] {logging_mixin.py:151} INFO - [2023-09-29T09:29:15.854+0000] {dagbag.py:539} INFO - Filling up the DagBag from /home/ubuntu/airflow_venv/lib/python3.10/site-packages/airflow/example_dags/example_datasets.py
[2023-09-29T09:29:16.025+0000] {processor.py:839} INFO - DAG(s) dict_keys(['dataset_consumes_1', 'dataset_produces_2', 'dataset_produces_1', 'dataset_consumes_1_and_2', 'dataset_consumes_unknown_never_scheduled', 'dataset_consumes_1_never_scheduled']) retrieved from /home/ubuntu/airflow_venv/lib/python3.10/site-packages/airflow/example_dags/example_datasets.py
[2023-09-29T09:29:16.045+0000] {logging_mixin.py:151} INFO - [2023-09-29T09:29:16.045+0000] {dag.py:2915} INFO - Sync 6 DAGs
[2023-09-29T09:29:16.061+0000] {logging_mixin.py:151} INFO - [2023-09-29T09:29:16.060+0000] {dag.py:3696} INFO - Setting next_dagrun for dataset_consumes_1 to None, run_after=None
[2023-09-29T09:29:16.063+0000] {logging_mixin.py:151} INFO - [2023-09-29T09:29:16.063+0000] {dag.py:3696} INFO - Setting next_dagrun for dataset_consumes_1_and_2 to None, run_after=None
[2023-09-29T09:29:16.064+0000] {logging_mixin.py:151} INFO - [2023-09-29T09:29:16.064+0000] {dag.py:3696} INFO - Setting next_dagrun for dataset_consumes_1_never_scheduled to None, run_after=None
[2023-09-29T09:29:16.065+0000] {logging_mixin.py:151} INFO - [2023-09-29T09:29:16.064+0000] {dag.py:3696} INFO - Setting next_dagrun for dataset_consumes_unknown_never_scheduled to None, run_after=None
[2023-09-29T09:29:16.067+0000] {logging_mixin.py:151} INFO - [2023-09-29T09:29:16.066+0000] {dag.py:3696} INFO - Setting next_dagrun for dataset_produces_1 to 2023-09-28T00:00:00+00:00, run_after=2023-09-29T00:00:00+00:00
[2023-09-29T09:29:16.067+0000] {logging_mixin.py:151} INFO - [2023-09-29T09:29:16.067+0000] {dag.py:3696} INFO - Setting next_dagrun for dataset_produces_2 to None, run_after=None
[2023-09-29T09:29:16.091+0000] {processor.py:179} INFO - Processing /home/ubuntu/airflow_venv/lib/python3.10/site-packages/airflow/example_dags/example_datasets.py took 0.255 seconds
[2023-09-29T09:30:02.579+0000] {processor.py:157} INFO - Started process (PID=1946) to work on /home/ubuntu/airflow_venv/lib/python3.10/site-packages/airflow/example_dags/example_datasets.py
[2023-09-29T09:30:02.597+0000] {processor.py:829} INFO - Processing file /home/ubuntu/airflow_venv/lib/python3.10/site-packages/airflow/example_dags/example_datasets.py for tasks to queue
[2023-09-29T09:30:02.599+0000] {logging_mixin.py:151} INFO - [2023-09-29T09:30:02.598+0000] {dagbag.py:539} INFO - Filling up the DagBag from /home/ubuntu/airflow_venv/lib/python3.10/site-packages/airflow/example_dags/example_datasets.py
[2023-09-29T09:30:02.624+0000] {processor.py:839} INFO - DAG(s) dict_keys(['dataset_produces_1', 'dataset_produces_2', 'dataset_consumes_1_and_2', 'dataset_consumes_unknown_never_scheduled', 'dataset_consumes_1', 'dataset_consumes_1_never_scheduled']) retrieved from /home/ubuntu/airflow_venv/lib/python3.10/site-packages/airflow/example_dags/example_datasets.py
[2023-09-29T09:30:02.714+0000] {logging_mixin.py:151} INFO - [2023-09-29T09:30:02.714+0000] {dag.py:2915} INFO - Sync 6 DAGs
[2023-09-29T09:30:02.776+0000] {logging_mixin.py:151} INFO - [2023-09-29T09:30:02.776+0000] {dag.py:3696} INFO - Setting next_dagrun for dataset_consumes_1 to None, run_after=None
[2023-09-29T09:30:02.780+0000] {logging_mixin.py:151} INFO - [2023-09-29T09:30:02.780+0000] {dag.py:3696} INFO - Setting next_dagrun for dataset_consumes_1_and_2 to None, run_after=None
[2023-09-29T09:30:02.781+0000] {logging_mixin.py:151} INFO - [2023-09-29T09:30:02.781+0000] {dag.py:3696} INFO - Setting next_dagrun for dataset_consumes_1_never_scheduled to None, run_after=None
[2023-09-29T09:30:02.782+0000] {logging_mixin.py:151} INFO - [2023-09-29T09:30:02.782+0000] {dag.py:3696} INFO - Setting next_dagrun for dataset_consumes_unknown_never_scheduled to None, run_after=None
[2023-09-29T09:30:02.788+0000] {logging_mixin.py:151} INFO - [2023-09-29T09:30:02.788+0000] {dag.py:3696} INFO - Setting next_dagrun for dataset_produces_1 to 2023-09-28T00:00:00+00:00, run_after=2023-09-29T00:00:00+00:00
[2023-09-29T09:30:02.790+0000] {logging_mixin.py:151} INFO - [2023-09-29T09:30:02.790+0000] {dag.py:3696} INFO - Setting next_dagrun for dataset_produces_2 to None, run_after=None
[2023-09-29T09:30:02.868+0000] {processor.py:179} INFO - Processing /home/ubuntu/airflow_venv/lib/python3.10/site-packages/airflow/example_dags/example_datasets.py took 0.295 seconds
[2023-09-29T09:32:09.733+0000] {processor.py:157} INFO - Started process (PID=2268) to work on /home/ubuntu/airflow_venv/lib/python3.10/site-packages/airflow/example_dags/example_datasets.py
[2023-09-29T09:32:09.735+0000] {processor.py:829} INFO - Processing file /home/ubuntu/airflow_venv/lib/python3.10/site-packages/airflow/example_dags/example_datasets.py for tasks to queue
[2023-09-29T09:32:09.736+0000] {logging_mixin.py:151} INFO - [2023-09-29T09:32:09.735+0000] {dagbag.py:539} INFO - Filling up the DagBag from /home/ubuntu/airflow_venv/lib/python3.10/site-packages/airflow/example_dags/example_datasets.py
[2023-09-29T09:32:09.746+0000] {processor.py:839} INFO - DAG(s) dict_keys(['dataset_consumes_1_and_2', 'dataset_produces_1', 'dataset_produces_2', 'dataset_consumes_1', 'dataset_consumes_unknown_never_scheduled', 'dataset_consumes_1_never_scheduled']) retrieved from /home/ubuntu/airflow_venv/lib/python3.10/site-packages/airflow/example_dags/example_datasets.py
[2023-09-29T09:32:09.789+0000] {logging_mixin.py:151} INFO - [2023-09-29T09:32:09.789+0000] {dag.py:2915} INFO - Sync 6 DAGs
[2023-09-29T09:32:09.846+0000] {logging_mixin.py:151} INFO - [2023-09-29T09:32:09.846+0000] {dag.py:3696} INFO - Setting next_dagrun for dataset_consumes_1 to None, run_after=None
[2023-09-29T09:32:09.851+0000] {logging_mixin.py:151} INFO - [2023-09-29T09:32:09.850+0000] {dag.py:3696} INFO - Setting next_dagrun for dataset_consumes_1_and_2 to None, run_after=None
[2023-09-29T09:32:09.852+0000] {logging_mixin.py:151} INFO - [2023-09-29T09:32:09.852+0000] {dag.py:3696} INFO - Setting next_dagrun for dataset_consumes_1_never_scheduled to None, run_after=None
[2023-09-29T09:32:09.853+0000] {logging_mixin.py:151} INFO - [2023-09-29T09:32:09.853+0000] {dag.py:3696} INFO - Setting next_dagrun for dataset_consumes_unknown_never_scheduled to None, run_after=None
[2023-09-29T09:32:09.856+0000] {logging_mixin.py:151} INFO - [2023-09-29T09:32:09.856+0000] {dag.py:3696} INFO - Setting next_dagrun for dataset_produces_1 to 2023-09-28T00:00:00+00:00, run_after=2023-09-29T00:00:00+00:00
[2023-09-29T09:32:09.858+0000] {logging_mixin.py:151} INFO - [2023-09-29T09:32:09.857+0000] {dag.py:3696} INFO - Setting next_dagrun for dataset_produces_2 to None, run_after=None
[2023-09-29T09:32:09.895+0000] {processor.py:179} INFO - Processing /home/ubuntu/airflow_venv/lib/python3.10/site-packages/airflow/example_dags/example_datasets.py took 0.165 seconds
[2023-09-29T09:33:14.545+0000] {processor.py:157} INFO - Started process (PID=2338) to work on /home/ubuntu/airflow_venv/lib/python3.10/site-packages/airflow/example_dags/example_datasets.py
[2023-09-29T09:33:14.546+0000] {processor.py:829} INFO - Processing file /home/ubuntu/airflow_venv/lib/python3.10/site-packages/airflow/example_dags/example_datasets.py for tasks to queue
[2023-09-29T09:33:14.548+0000] {logging_mixin.py:151} INFO - [2023-09-29T09:33:14.548+0000] {dagbag.py:539} INFO - Filling up the DagBag from /home/ubuntu/airflow_venv/lib/python3.10/site-packages/airflow/example_dags/example_datasets.py
[2023-09-29T09:33:14.564+0000] {processor.py:839} INFO - DAG(s) dict_keys(['dataset_produces_1', 'dataset_consumes_1_never_scheduled', 'dataset_consumes_1', 'dataset_consumes_unknown_never_scheduled', 'dataset_consumes_1_and_2', 'dataset_produces_2']) retrieved from /home/ubuntu/airflow_venv/lib/python3.10/site-packages/airflow/example_dags/example_datasets.py
[2023-09-29T09:33:14.619+0000] {logging_mixin.py:151} INFO - [2023-09-29T09:33:14.619+0000] {dag.py:2915} INFO - Sync 6 DAGs
[2023-09-29T09:33:14.845+0000] {logging_mixin.py:151} INFO - [2023-09-29T09:33:14.844+0000] {dag.py:3696} INFO - Setting next_dagrun for dataset_consumes_1 to None, run_after=None
[2023-09-29T09:33:14.853+0000] {logging_mixin.py:151} INFO - [2023-09-29T09:33:14.853+0000] {dag.py:3696} INFO - Setting next_dagrun for dataset_consumes_1_and_2 to None, run_after=None
[2023-09-29T09:33:14.855+0000] {logging_mixin.py:151} INFO - [2023-09-29T09:33:14.854+0000] {dag.py:3696} INFO - Setting next_dagrun for dataset_consumes_1_never_scheduled to None, run_after=None
[2023-09-29T09:33:14.858+0000] {logging_mixin.py:151} INFO - [2023-09-29T09:33:14.855+0000] {dag.py:3696} INFO - Setting next_dagrun for dataset_consumes_unknown_never_scheduled to None, run_after=None
[2023-09-29T09:33:14.862+0000] {logging_mixin.py:151} INFO - [2023-09-29T09:33:14.862+0000] {dag.py:3696} INFO - Setting next_dagrun for dataset_produces_1 to 2023-09-28T00:00:00+00:00, run_after=2023-09-29T00:00:00+00:00
[2023-09-29T09:33:14.865+0000] {logging_mixin.py:151} INFO - [2023-09-29T09:33:14.865+0000] {dag.py:3696} INFO - Setting next_dagrun for dataset_produces_2 to None, run_after=None
[2023-09-29T09:33:14.925+0000] {processor.py:179} INFO - Processing /home/ubuntu/airflow_venv/lib/python3.10/site-packages/airflow/example_dags/example_datasets.py took 0.384 seconds
[2023-09-29T09:52:15.106+0000] {processor.py:157} INFO - Started process (PID=3486) to work on /home/ubuntu/airflow_venv/lib/python3.10/site-packages/airflow/example_dags/example_datasets.py
[2023-09-29T09:52:15.108+0000] {processor.py:829} INFO - Processing file /home/ubuntu/airflow_venv/lib/python3.10/site-packages/airflow/example_dags/example_datasets.py for tasks to queue
[2023-09-29T09:52:15.109+0000] {logging_mixin.py:151} INFO - [2023-09-29T09:52:15.108+0000] {dagbag.py:539} INFO - Filling up the DagBag from /home/ubuntu/airflow_venv/lib/python3.10/site-packages/airflow/example_dags/example_datasets.py
[2023-09-29T09:52:15.121+0000] {processor.py:839} INFO - DAG(s) dict_keys(['dataset_consumes_unknown_never_scheduled', 'dataset_produces_1', 'dataset_produces_2', 'dataset_consumes_1_and_2', 'dataset_consumes_1', 'dataset_consumes_1_never_scheduled']) retrieved from /home/ubuntu/airflow_venv/lib/python3.10/site-packages/airflow/example_dags/example_datasets.py
[2023-09-29T09:52:15.167+0000] {logging_mixin.py:151} INFO - [2023-09-29T09:52:15.167+0000] {dag.py:2915} INFO - Sync 6 DAGs
[2023-09-29T09:52:15.186+0000] {logging_mixin.py:151} INFO - [2023-09-29T09:52:15.186+0000] {dag.py:3696} INFO - Setting next_dagrun for dataset_consumes_1 to None, run_after=None
[2023-09-29T09:52:15.188+0000] {logging_mixin.py:151} INFO - [2023-09-29T09:52:15.188+0000] {dag.py:3696} INFO - Setting next_dagrun for dataset_consumes_1_and_2 to None, run_after=None
[2023-09-29T09:52:15.189+0000] {logging_mixin.py:151} INFO - [2023-09-29T09:52:15.189+0000] {dag.py:3696} INFO - Setting next_dagrun for dataset_consumes_1_never_scheduled to None, run_after=None
[2023-09-29T09:52:15.190+0000] {logging_mixin.py:151} INFO - [2023-09-29T09:52:15.190+0000] {dag.py:3696} INFO - Setting next_dagrun for dataset_consumes_unknown_never_scheduled to None, run_after=None
[2023-09-29T09:52:15.192+0000] {logging_mixin.py:151} INFO - [2023-09-29T09:52:15.192+0000] {dag.py:3696} INFO - Setting next_dagrun for dataset_produces_1 to 2023-09-28T00:00:00+00:00, run_after=2023-09-29T00:00:00+00:00
[2023-09-29T09:52:15.193+0000] {logging_mixin.py:151} INFO - [2023-09-29T09:52:15.193+0000] {dag.py:3696} INFO - Setting next_dagrun for dataset_produces_2 to None, run_after=None
[2023-09-29T09:52:15.221+0000] {processor.py:179} INFO - Processing /home/ubuntu/airflow_venv/lib/python3.10/site-packages/airflow/example_dags/example_datasets.py took 0.122 seconds
[2023-09-29T09:53:07.461+0000] {processor.py:157} INFO - Started process (PID=3535) to work on /home/ubuntu/airflow_venv/lib/python3.10/site-packages/airflow/example_dags/example_datasets.py
[2023-09-29T09:53:07.468+0000] {processor.py:829} INFO - Processing file /home/ubuntu/airflow_venv/lib/python3.10/site-packages/airflow/example_dags/example_datasets.py for tasks to queue
[2023-09-29T09:53:07.469+0000] {logging_mixin.py:151} INFO - [2023-09-29T09:53:07.468+0000] {dagbag.py:539} INFO - Filling up the DagBag from /home/ubuntu/airflow_venv/lib/python3.10/site-packages/airflow/example_dags/example_datasets.py
[2023-09-29T09:53:07.503+0000] {processor.py:839} INFO - DAG(s) dict_keys(['dataset_produces_2', 'dataset_produces_1', 'dataset_consumes_1_never_scheduled', 'dataset_consumes_1_and_2', 'dataset_consumes_1', 'dataset_consumes_unknown_never_scheduled']) retrieved from /home/ubuntu/airflow_venv/lib/python3.10/site-packages/airflow/example_dags/example_datasets.py
[2023-09-29T09:53:07.529+0000] {logging_mixin.py:151} INFO - [2023-09-29T09:53:07.528+0000] {dag.py:2915} INFO - Sync 6 DAGs
[2023-09-29T09:53:07.685+0000] {logging_mixin.py:151} INFO - [2023-09-29T09:53:07.684+0000] {dag.py:3696} INFO - Setting next_dagrun for dataset_consumes_1 to None, run_after=None
[2023-09-29T09:53:07.687+0000] {logging_mixin.py:151} INFO - [2023-09-29T09:53:07.687+0000] {dag.py:3696} INFO - Setting next_dagrun for dataset_consumes_1_and_2 to None, run_after=None
[2023-09-29T09:53:07.688+0000] {logging_mixin.py:151} INFO - [2023-09-29T09:53:07.688+0000] {dag.py:3696} INFO - Setting next_dagrun for dataset_consumes_1_never_scheduled to None, run_after=None
[2023-09-29T09:53:07.689+0000] {logging_mixin.py:151} INFO - [2023-09-29T09:53:07.689+0000] {dag.py:3696} INFO - Setting next_dagrun for dataset_consumes_unknown_never_scheduled to None, run_after=None
[2023-09-29T09:53:07.691+0000] {logging_mixin.py:151} INFO - [2023-09-29T09:53:07.691+0000] {dag.py:3696} INFO - Setting next_dagrun for dataset_produces_1 to 2023-09-28T00:00:00+00:00, run_after=2023-09-29T00:00:00+00:00
[2023-09-29T09:53:07.691+0000] {logging_mixin.py:151} INFO - [2023-09-29T09:53:07.691+0000] {dag.py:3696} INFO - Setting next_dagrun for dataset_produces_2 to None, run_after=None
[2023-09-29T09:53:07.717+0000] {processor.py:179} INFO - Processing /home/ubuntu/airflow_venv/lib/python3.10/site-packages/airflow/example_dags/example_datasets.py took 0.259 seconds
[2023-09-29T09:54:19.996+0000] {processor.py:157} INFO - Started process (PID=3600) to work on /home/ubuntu/airflow_venv/lib/python3.10/site-packages/airflow/example_dags/example_datasets.py
[2023-09-29T09:54:19.997+0000] {processor.py:829} INFO - Processing file /home/ubuntu/airflow_venv/lib/python3.10/site-packages/airflow/example_dags/example_datasets.py for tasks to queue
[2023-09-29T09:54:19.998+0000] {logging_mixin.py:151} INFO - [2023-09-29T09:54:19.998+0000] {dagbag.py:539} INFO - Filling up the DagBag from /home/ubuntu/airflow_venv/lib/python3.10/site-packages/airflow/example_dags/example_datasets.py
[2023-09-29T09:54:20.019+0000] {processor.py:839} INFO - DAG(s) dict_keys(['dataset_consumes_1', 'dataset_produces_1', 'dataset_produces_2', 'dataset_consumes_1_never_scheduled', 'dataset_consumes_1_and_2', 'dataset_consumes_unknown_never_scheduled']) retrieved from /home/ubuntu/airflow_venv/lib/python3.10/site-packages/airflow/example_dags/example_datasets.py
[2023-09-29T09:54:20.062+0000] {logging_mixin.py:151} INFO - [2023-09-29T09:54:20.062+0000] {dag.py:2915} INFO - Sync 6 DAGs
[2023-09-29T09:54:20.082+0000] {logging_mixin.py:151} INFO - [2023-09-29T09:54:20.082+0000] {dag.py:3696} INFO - Setting next_dagrun for dataset_consumes_1 to None, run_after=None
[2023-09-29T09:54:20.085+0000] {logging_mixin.py:151} INFO - [2023-09-29T09:54:20.085+0000] {dag.py:3696} INFO - Setting next_dagrun for dataset_consumes_1_and_2 to None, run_after=None
[2023-09-29T09:54:20.086+0000] {logging_mixin.py:151} INFO - [2023-09-29T09:54:20.086+0000] {dag.py:3696} INFO - Setting next_dagrun for dataset_consumes_1_never_scheduled to None, run_after=None
[2023-09-29T09:54:20.087+0000] {logging_mixin.py:151} INFO - [2023-09-29T09:54:20.087+0000] {dag.py:3696} INFO - Setting next_dagrun for dataset_consumes_unknown_never_scheduled to None, run_after=None
[2023-09-29T09:54:20.089+0000] {logging_mixin.py:151} INFO - [2023-09-29T09:54:20.089+0000] {dag.py:3696} INFO - Setting next_dagrun for dataset_produces_1 to 2023-09-28T00:00:00+00:00, run_after=2023-09-29T00:00:00+00:00
[2023-09-29T09:54:20.090+0000] {logging_mixin.py:151} INFO - [2023-09-29T09:54:20.090+0000] {dag.py:3696} INFO - Setting next_dagrun for dataset_produces_2 to None, run_after=None
[2023-09-29T09:54:20.130+0000] {processor.py:179} INFO - Processing /home/ubuntu/airflow_venv/lib/python3.10/site-packages/airflow/example_dags/example_datasets.py took 0.138 seconds
[2023-09-29T09:56:21.474+0000] {processor.py:157} INFO - Started process (PID=4124) to work on /home/ubuntu/airflow_venv/lib/python3.10/site-packages/airflow/example_dags/example_datasets.py
[2023-09-29T09:56:21.475+0000] {processor.py:829} INFO - Processing file /home/ubuntu/airflow_venv/lib/python3.10/site-packages/airflow/example_dags/example_datasets.py for tasks to queue
[2023-09-29T09:56:21.476+0000] {logging_mixin.py:151} INFO - [2023-09-29T09:56:21.475+0000] {dagbag.py:539} INFO - Filling up the DagBag from /home/ubuntu/airflow_venv/lib/python3.10/site-packages/airflow/example_dags/example_datasets.py
[2023-09-29T09:56:21.487+0000] {processor.py:839} INFO - DAG(s) dict_keys(['dataset_consumes_unknown_never_scheduled', 'dataset_consumes_1_never_scheduled', 'dataset_consumes_1', 'dataset_consumes_1_and_2', 'dataset_produces_1', 'dataset_produces_2']) retrieved from /home/ubuntu/airflow_venv/lib/python3.10/site-packages/airflow/example_dags/example_datasets.py
[2023-09-29T09:56:21.522+0000] {logging_mixin.py:151} INFO - [2023-09-29T09:56:21.522+0000] {dag.py:2915} INFO - Sync 6 DAGs
[2023-09-29T09:56:21.548+0000] {logging_mixin.py:151} INFO - [2023-09-29T09:56:21.548+0000] {dag.py:3696} INFO - Setting next_dagrun for dataset_consumes_1 to None, run_after=None
[2023-09-29T09:56:21.571+0000] {logging_mixin.py:151} INFO - [2023-09-29T09:56:21.571+0000] {dag.py:3696} INFO - Setting next_dagrun for dataset_consumes_1_and_2 to None, run_after=None
[2023-09-29T09:56:21.572+0000] {logging_mixin.py:151} INFO - [2023-09-29T09:56:21.572+0000] {dag.py:3696} INFO - Setting next_dagrun for dataset_consumes_1_never_scheduled to None, run_after=None
[2023-09-29T09:56:21.573+0000] {logging_mixin.py:151} INFO - [2023-09-29T09:56:21.573+0000] {dag.py:3696} INFO - Setting next_dagrun for dataset_consumes_unknown_never_scheduled to None, run_after=None
[2023-09-29T09:56:21.576+0000] {logging_mixin.py:151} INFO - [2023-09-29T09:56:21.575+0000] {dag.py:3696} INFO - Setting next_dagrun for dataset_produces_1 to 2023-09-28T00:00:00+00:00, run_after=2023-09-29T00:00:00+00:00
[2023-09-29T09:56:21.577+0000] {logging_mixin.py:151} INFO - [2023-09-29T09:56:21.577+0000] {dag.py:3696} INFO - Setting next_dagrun for dataset_produces_2 to None, run_after=None
[2023-09-29T09:56:21.646+0000] {processor.py:179} INFO - Processing /home/ubuntu/airflow_venv/lib/python3.10/site-packages/airflow/example_dags/example_datasets.py took 0.176 seconds
[2023-09-29T09:57:21.119+0000] {processor.py:157} INFO - Started process (PID=4182) to work on /home/ubuntu/airflow_venv/lib/python3.10/site-packages/airflow/example_dags/example_datasets.py
[2023-09-29T09:57:21.128+0000] {processor.py:829} INFO - Processing file /home/ubuntu/airflow_venv/lib/python3.10/site-packages/airflow/example_dags/example_datasets.py for tasks to queue
[2023-09-29T09:57:21.129+0000] {logging_mixin.py:151} INFO - [2023-09-29T09:57:21.129+0000] {dagbag.py:539} INFO - Filling up the DagBag from /home/ubuntu/airflow_venv/lib/python3.10/site-packages/airflow/example_dags/example_datasets.py
[2023-09-29T09:57:21.139+0000] {processor.py:839} INFO - DAG(s) dict_keys(['dataset_consumes_1_never_scheduled', 'dataset_produces_1', 'dataset_consumes_1', 'dataset_consumes_1_and_2', 'dataset_consumes_unknown_never_scheduled', 'dataset_produces_2']) retrieved from /home/ubuntu/airflow_venv/lib/python3.10/site-packages/airflow/example_dags/example_datasets.py
[2023-09-29T09:57:21.172+0000] {logging_mixin.py:151} INFO - [2023-09-29T09:57:21.172+0000] {dag.py:2915} INFO - Sync 6 DAGs
[2023-09-29T09:57:21.331+0000] {logging_mixin.py:151} INFO - [2023-09-29T09:57:21.331+0000] {dag.py:3696} INFO - Setting next_dagrun for dataset_consumes_1 to None, run_after=None
[2023-09-29T09:57:21.334+0000] {logging_mixin.py:151} INFO - [2023-09-29T09:57:21.334+0000] {dag.py:3696} INFO - Setting next_dagrun for dataset_consumes_1_and_2 to None, run_after=None
[2023-09-29T09:57:21.335+0000] {logging_mixin.py:151} INFO - [2023-09-29T09:57:21.335+0000] {dag.py:3696} INFO - Setting next_dagrun for dataset_consumes_1_never_scheduled to None, run_after=None
[2023-09-29T09:57:21.336+0000] {logging_mixin.py:151} INFO - [2023-09-29T09:57:21.335+0000] {dag.py:3696} INFO - Setting next_dagrun for dataset_consumes_unknown_never_scheduled to None, run_after=None
[2023-09-29T09:57:21.338+0000] {logging_mixin.py:151} INFO - [2023-09-29T09:57:21.337+0000] {dag.py:3696} INFO - Setting next_dagrun for dataset_produces_1 to 2023-09-28T00:00:00+00:00, run_after=2023-09-29T00:00:00+00:00
[2023-09-29T09:57:21.338+0000] {logging_mixin.py:151} INFO - [2023-09-29T09:57:21.338+0000] {dag.py:3696} INFO - Setting next_dagrun for dataset_produces_2 to None, run_after=None
[2023-09-29T09:57:21.365+0000] {processor.py:179} INFO - Processing /home/ubuntu/airflow_venv/lib/python3.10/site-packages/airflow/example_dags/example_datasets.py took 0.248 seconds
[2023-09-29T09:58:17.265+0000] {processor.py:157} INFO - Started process (PID=4242) to work on /home/ubuntu/airflow_venv/lib/python3.10/site-packages/airflow/example_dags/example_datasets.py
[2023-09-29T09:58:17.266+0000] {processor.py:829} INFO - Processing file /home/ubuntu/airflow_venv/lib/python3.10/site-packages/airflow/example_dags/example_datasets.py for tasks to queue
[2023-09-29T09:58:17.267+0000] {logging_mixin.py:151} INFO - [2023-09-29T09:58:17.267+0000] {dagbag.py:539} INFO - Filling up the DagBag from /home/ubuntu/airflow_venv/lib/python3.10/site-packages/airflow/example_dags/example_datasets.py
[2023-09-29T09:58:17.276+0000] {processor.py:839} INFO - DAG(s) dict_keys(['dataset_produces_1', 'dataset_consumes_1_never_scheduled', 'dataset_consumes_1_and_2', 'dataset_consumes_1', 'dataset_produces_2', 'dataset_consumes_unknown_never_scheduled']) retrieved from /home/ubuntu/airflow_venv/lib/python3.10/site-packages/airflow/example_dags/example_datasets.py
[2023-09-29T09:58:17.303+0000] {logging_mixin.py:151} INFO - [2023-09-29T09:58:17.302+0000] {dag.py:2915} INFO - Sync 6 DAGs
[2023-09-29T09:58:17.325+0000] {logging_mixin.py:151} INFO - [2023-09-29T09:58:17.324+0000] {dag.py:3696} INFO - Setting next_dagrun for dataset_consumes_1 to None, run_after=None
[2023-09-29T09:58:17.329+0000] {logging_mixin.py:151} INFO - [2023-09-29T09:58:17.328+0000] {dag.py:3696} INFO - Setting next_dagrun for dataset_consumes_1_and_2 to None, run_after=None
[2023-09-29T09:58:17.330+0000] {logging_mixin.py:151} INFO - [2023-09-29T09:58:17.330+0000] {dag.py:3696} INFO - Setting next_dagrun for dataset_consumes_1_never_scheduled to None, run_after=None
[2023-09-29T09:58:17.331+0000] {logging_mixin.py:151} INFO - [2023-09-29T09:58:17.330+0000] {dag.py:3696} INFO - Setting next_dagrun for dataset_consumes_unknown_never_scheduled to None, run_after=None
[2023-09-29T09:58:17.333+0000] {logging_mixin.py:151} INFO - [2023-09-29T09:58:17.333+0000] {dag.py:3696} INFO - Setting next_dagrun for dataset_produces_1 to 2023-09-28T00:00:00+00:00, run_after=2023-09-29T00:00:00+00:00
[2023-09-29T09:58:17.333+0000] {logging_mixin.py:151} INFO - [2023-09-29T09:58:17.333+0000] {dag.py:3696} INFO - Setting next_dagrun for dataset_produces_2 to None, run_after=None
[2023-09-29T09:58:17.361+0000] {processor.py:179} INFO - Processing /home/ubuntu/airflow_venv/lib/python3.10/site-packages/airflow/example_dags/example_datasets.py took 0.099 seconds
