[2023-09-29T07:22:33.200+0000] {processor.py:157} INFO - Started process (PID=12202) to work on /home/ubuntu/airflow_venv/lib/python3.10/site-packages/airflow/example_dags/example_sensors.py
[2023-09-29T07:22:33.201+0000] {processor.py:829} INFO - Processing file /home/ubuntu/airflow_venv/lib/python3.10/site-packages/airflow/example_dags/example_sensors.py for tasks to queue
[2023-09-29T07:22:33.201+0000] {logging_mixin.py:151} INFO - [2023-09-29T07:22:33.201+0000] {dagbag.py:539} INFO - Filling up the DagBag from /home/ubuntu/airflow_venv/lib/python3.10/site-packages/airflow/example_dags/example_sensors.py
[2023-09-29T07:22:33.211+0000] {processor.py:839} INFO - DAG(s) dict_keys(['example_sensors']) retrieved from /home/ubuntu/airflow_venv/lib/python3.10/site-packages/airflow/example_dags/example_sensors.py
[2023-09-29T07:22:33.237+0000] {logging_mixin.py:151} INFO - [2023-09-29T07:22:33.237+0000] {dag.py:2915} INFO - Sync 1 DAGs
[2023-09-29T07:22:33.249+0000] {logging_mixin.py:151} INFO - [2023-09-29T07:22:33.249+0000] {dag.py:3696} INFO - Setting next_dagrun for example_sensors to None, run_after=None
[2023-09-29T07:22:33.271+0000] {processor.py:179} INFO - Processing /home/ubuntu/airflow_venv/lib/python3.10/site-packages/airflow/example_dags/example_sensors.py took 0.077 seconds
[2023-09-29T07:23:24.751+0000] {processor.py:157} INFO - Started process (PID=12395) to work on /home/ubuntu/airflow_venv/lib/python3.10/site-packages/airflow/example_dags/example_sensors.py
[2023-09-29T07:23:24.753+0000] {processor.py:829} INFO - Processing file /home/ubuntu/airflow_venv/lib/python3.10/site-packages/airflow/example_dags/example_sensors.py for tasks to queue
[2023-09-29T07:23:24.754+0000] {logging_mixin.py:151} INFO - [2023-09-29T07:23:24.754+0000] {dagbag.py:539} INFO - Filling up the DagBag from /home/ubuntu/airflow_venv/lib/python3.10/site-packages/airflow/example_dags/example_sensors.py
[2023-09-29T07:23:24.768+0000] {processor.py:839} INFO - DAG(s) dict_keys(['example_sensors']) retrieved from /home/ubuntu/airflow_venv/lib/python3.10/site-packages/airflow/example_dags/example_sensors.py
[2023-09-29T07:23:24.801+0000] {logging_mixin.py:151} INFO - [2023-09-29T07:23:24.801+0000] {dag.py:2915} INFO - Sync 1 DAGs
[2023-09-29T07:23:25.011+0000] {logging_mixin.py:151} INFO - [2023-09-29T07:23:25.011+0000] {dag.py:3696} INFO - Setting next_dagrun for example_sensors to None, run_after=None
[2023-09-29T07:23:25.029+0000] {processor.py:179} INFO - Processing /home/ubuntu/airflow_venv/lib/python3.10/site-packages/airflow/example_dags/example_sensors.py took 0.282 seconds
[2023-09-29T07:28:32.400+0000] {processor.py:157} INFO - Started process (PID=12877) to work on /home/ubuntu/airflow_venv/lib/python3.10/site-packages/airflow/example_dags/example_sensors.py
[2023-09-29T07:28:32.402+0000] {processor.py:829} INFO - Processing file /home/ubuntu/airflow_venv/lib/python3.10/site-packages/airflow/example_dags/example_sensors.py for tasks to queue
[2023-09-29T07:28:32.403+0000] {logging_mixin.py:151} INFO - [2023-09-29T07:28:32.402+0000] {dagbag.py:539} INFO - Filling up the DagBag from /home/ubuntu/airflow_venv/lib/python3.10/site-packages/airflow/example_dags/example_sensors.py
[2023-09-29T07:28:32.415+0000] {processor.py:839} INFO - DAG(s) dict_keys(['example_sensors']) retrieved from /home/ubuntu/airflow_venv/lib/python3.10/site-packages/airflow/example_dags/example_sensors.py
[2023-09-29T07:28:32.435+0000] {logging_mixin.py:151} INFO - [2023-09-29T07:28:32.435+0000] {dag.py:2915} INFO - Sync 1 DAGs
[2023-09-29T07:28:32.446+0000] {logging_mixin.py:151} INFO - [2023-09-29T07:28:32.446+0000] {dag.py:3696} INFO - Setting next_dagrun for example_sensors to None, run_after=None
[2023-09-29T07:28:32.465+0000] {processor.py:179} INFO - Processing /home/ubuntu/airflow_venv/lib/python3.10/site-packages/airflow/example_dags/example_sensors.py took 0.068 seconds
[2023-09-29T07:29:28.348+0000] {processor.py:157} INFO - Started process (PID=12935) to work on /home/ubuntu/airflow_venv/lib/python3.10/site-packages/airflow/example_dags/example_sensors.py
[2023-09-29T07:29:28.354+0000] {processor.py:829} INFO - Processing file /home/ubuntu/airflow_venv/lib/python3.10/site-packages/airflow/example_dags/example_sensors.py for tasks to queue
[2023-09-29T07:29:28.359+0000] {logging_mixin.py:151} INFO - [2023-09-29T07:29:28.355+0000] {dagbag.py:539} INFO - Filling up the DagBag from /home/ubuntu/airflow_venv/lib/python3.10/site-packages/airflow/example_dags/example_sensors.py
[2023-09-29T07:29:28.382+0000] {processor.py:839} INFO - DAG(s) dict_keys(['example_sensors']) retrieved from /home/ubuntu/airflow_venv/lib/python3.10/site-packages/airflow/example_dags/example_sensors.py
[2023-09-29T07:29:28.407+0000] {logging_mixin.py:151} INFO - [2023-09-29T07:29:28.407+0000] {dag.py:2915} INFO - Sync 1 DAGs
[2023-09-29T07:29:28.420+0000] {logging_mixin.py:151} INFO - [2023-09-29T07:29:28.420+0000] {dag.py:3696} INFO - Setting next_dagrun for example_sensors to None, run_after=None
[2023-09-29T07:29:28.443+0000] {processor.py:179} INFO - Processing /home/ubuntu/airflow_venv/lib/python3.10/site-packages/airflow/example_dags/example_sensors.py took 0.104 seconds
[2023-09-29T07:30:24.038+0000] {processor.py:157} INFO - Started process (PID=12991) to work on /home/ubuntu/airflow_venv/lib/python3.10/site-packages/airflow/example_dags/example_sensors.py
[2023-09-29T07:30:24.039+0000] {processor.py:829} INFO - Processing file /home/ubuntu/airflow_venv/lib/python3.10/site-packages/airflow/example_dags/example_sensors.py for tasks to queue
[2023-09-29T07:30:24.040+0000] {logging_mixin.py:151} INFO - [2023-09-29T07:30:24.039+0000] {dagbag.py:539} INFO - Filling up the DagBag from /home/ubuntu/airflow_venv/lib/python3.10/site-packages/airflow/example_dags/example_sensors.py
[2023-09-29T07:30:24.050+0000] {processor.py:839} INFO - DAG(s) dict_keys(['example_sensors']) retrieved from /home/ubuntu/airflow_venv/lib/python3.10/site-packages/airflow/example_dags/example_sensors.py
[2023-09-29T07:30:24.070+0000] {logging_mixin.py:151} INFO - [2023-09-29T07:30:24.069+0000] {dag.py:2915} INFO - Sync 1 DAGs
[2023-09-29T07:30:24.080+0000] {logging_mixin.py:151} INFO - [2023-09-29T07:30:24.080+0000] {dag.py:3696} INFO - Setting next_dagrun for example_sensors to None, run_after=None
[2023-09-29T07:30:24.101+0000] {processor.py:179} INFO - Processing /home/ubuntu/airflow_venv/lib/python3.10/site-packages/airflow/example_dags/example_sensors.py took 0.079 seconds
[2023-09-29T07:31:17.529+0000] {processor.py:157} INFO - Started process (PID=13052) to work on /home/ubuntu/airflow_venv/lib/python3.10/site-packages/airflow/example_dags/example_sensors.py
[2023-09-29T07:31:17.530+0000] {processor.py:829} INFO - Processing file /home/ubuntu/airflow_venv/lib/python3.10/site-packages/airflow/example_dags/example_sensors.py for tasks to queue
[2023-09-29T07:31:17.531+0000] {logging_mixin.py:151} INFO - [2023-09-29T07:31:17.531+0000] {dagbag.py:539} INFO - Filling up the DagBag from /home/ubuntu/airflow_venv/lib/python3.10/site-packages/airflow/example_dags/example_sensors.py
[2023-09-29T07:31:17.541+0000] {processor.py:839} INFO - DAG(s) dict_keys(['example_sensors']) retrieved from /home/ubuntu/airflow_venv/lib/python3.10/site-packages/airflow/example_dags/example_sensors.py
[2023-09-29T07:31:17.564+0000] {logging_mixin.py:151} INFO - [2023-09-29T07:31:17.564+0000] {dag.py:2915} INFO - Sync 1 DAGs
[2023-09-29T07:31:17.575+0000] {logging_mixin.py:151} INFO - [2023-09-29T07:31:17.575+0000] {dag.py:3696} INFO - Setting next_dagrun for example_sensors to None, run_after=None
[2023-09-29T07:31:17.597+0000] {processor.py:179} INFO - Processing /home/ubuntu/airflow_venv/lib/python3.10/site-packages/airflow/example_dags/example_sensors.py took 0.072 seconds
[2023-09-29T07:43:25.410+0000] {processor.py:157} INFO - Started process (PID=1216) to work on /home/ubuntu/airflow_venv/lib/python3.10/site-packages/airflow/example_dags/example_sensors.py
[2023-09-29T07:43:25.411+0000] {processor.py:829} INFO - Processing file /home/ubuntu/airflow_venv/lib/python3.10/site-packages/airflow/example_dags/example_sensors.py for tasks to queue
[2023-09-29T07:43:25.412+0000] {logging_mixin.py:151} INFO - [2023-09-29T07:43:25.411+0000] {dagbag.py:539} INFO - Filling up the DagBag from /home/ubuntu/airflow_venv/lib/python3.10/site-packages/airflow/example_dags/example_sensors.py
[2023-09-29T07:43:25.423+0000] {processor.py:839} INFO - DAG(s) dict_keys(['example_sensors']) retrieved from /home/ubuntu/airflow_venv/lib/python3.10/site-packages/airflow/example_dags/example_sensors.py
[2023-09-29T07:43:25.446+0000] {logging_mixin.py:151} INFO - [2023-09-29T07:43:25.446+0000] {dag.py:2915} INFO - Sync 1 DAGs
[2023-09-29T07:43:25.458+0000] {logging_mixin.py:151} INFO - [2023-09-29T07:43:25.458+0000] {dag.py:3696} INFO - Setting next_dagrun for example_sensors to None, run_after=None
[2023-09-29T07:43:25.479+0000] {processor.py:179} INFO - Processing /home/ubuntu/airflow_venv/lib/python3.10/site-packages/airflow/example_dags/example_sensors.py took 0.073 seconds
[2023-09-29T07:44:16.922+0000] {processor.py:157} INFO - Started process (PID=1264) to work on /home/ubuntu/airflow_venv/lib/python3.10/site-packages/airflow/example_dags/example_sensors.py
[2023-09-29T07:44:16.923+0000] {processor.py:829} INFO - Processing file /home/ubuntu/airflow_venv/lib/python3.10/site-packages/airflow/example_dags/example_sensors.py for tasks to queue
[2023-09-29T07:44:16.924+0000] {logging_mixin.py:151} INFO - [2023-09-29T07:44:16.924+0000] {dagbag.py:539} INFO - Filling up the DagBag from /home/ubuntu/airflow_venv/lib/python3.10/site-packages/airflow/example_dags/example_sensors.py
[2023-09-29T07:44:16.937+0000] {processor.py:839} INFO - DAG(s) dict_keys(['example_sensors']) retrieved from /home/ubuntu/airflow_venv/lib/python3.10/site-packages/airflow/example_dags/example_sensors.py
[2023-09-29T07:44:16.959+0000] {logging_mixin.py:151} INFO - [2023-09-29T07:44:16.959+0000] {dag.py:2915} INFO - Sync 1 DAGs
[2023-09-29T07:44:17.142+0000] {logging_mixin.py:151} INFO - [2023-09-29T07:44:17.142+0000] {dag.py:3696} INFO - Setting next_dagrun for example_sensors to None, run_after=None
[2023-09-29T07:44:17.167+0000] {processor.py:179} INFO - Processing /home/ubuntu/airflow_venv/lib/python3.10/site-packages/airflow/example_dags/example_sensors.py took 0.249 seconds
[2023-09-29T07:45:12.508+0000] {processor.py:157} INFO - Started process (PID=1555) to work on /home/ubuntu/airflow_venv/lib/python3.10/site-packages/airflow/example_dags/example_sensors.py
[2023-09-29T07:45:12.518+0000] {processor.py:829} INFO - Processing file /home/ubuntu/airflow_venv/lib/python3.10/site-packages/airflow/example_dags/example_sensors.py for tasks to queue
[2023-09-29T07:45:12.525+0000] {logging_mixin.py:151} INFO - [2023-09-29T07:45:12.524+0000] {dagbag.py:539} INFO - Filling up the DagBag from /home/ubuntu/airflow_venv/lib/python3.10/site-packages/airflow/example_dags/example_sensors.py
[2023-09-29T07:45:12.723+0000] {processor.py:839} INFO - DAG(s) dict_keys(['example_sensors']) retrieved from /home/ubuntu/airflow_venv/lib/python3.10/site-packages/airflow/example_dags/example_sensors.py
[2023-09-29T07:45:12.745+0000] {logging_mixin.py:151} INFO - [2023-09-29T07:45:12.745+0000] {dag.py:2915} INFO - Sync 1 DAGs
[2023-09-29T07:45:12.758+0000] {logging_mixin.py:151} INFO - [2023-09-29T07:45:12.758+0000] {dag.py:3696} INFO - Setting next_dagrun for example_sensors to None, run_after=None
[2023-09-29T07:45:12.803+0000] {processor.py:179} INFO - Processing /home/ubuntu/airflow_venv/lib/python3.10/site-packages/airflow/example_dags/example_sensors.py took 0.299 seconds
[2023-09-29T07:55:21.000+0000] {processor.py:157} INFO - Started process (PID=1340) to work on /home/ubuntu/airflow_venv/lib/python3.10/site-packages/airflow/example_dags/example_sensors.py
[2023-09-29T07:55:21.001+0000] {processor.py:829} INFO - Processing file /home/ubuntu/airflow_venv/lib/python3.10/site-packages/airflow/example_dags/example_sensors.py for tasks to queue
[2023-09-29T07:55:21.002+0000] {logging_mixin.py:151} INFO - [2023-09-29T07:55:21.002+0000] {dagbag.py:539} INFO - Filling up the DagBag from /home/ubuntu/airflow_venv/lib/python3.10/site-packages/airflow/example_dags/example_sensors.py
[2023-09-29T07:55:21.014+0000] {processor.py:839} INFO - DAG(s) dict_keys(['example_sensors']) retrieved from /home/ubuntu/airflow_venv/lib/python3.10/site-packages/airflow/example_dags/example_sensors.py
[2023-09-29T07:55:21.038+0000] {logging_mixin.py:151} INFO - [2023-09-29T07:55:21.037+0000] {dag.py:2915} INFO - Sync 1 DAGs
[2023-09-29T07:55:21.063+0000] {logging_mixin.py:151} INFO - [2023-09-29T07:55:21.063+0000] {dag.py:3696} INFO - Setting next_dagrun for example_sensors to None, run_after=None
[2023-09-29T07:55:21.089+0000] {processor.py:179} INFO - Processing /home/ubuntu/airflow_venv/lib/python3.10/site-packages/airflow/example_dags/example_sensors.py took 0.093 seconds
[2023-09-29T07:56:16.610+0000] {processor.py:157} INFO - Started process (PID=1394) to work on /home/ubuntu/airflow_venv/lib/python3.10/site-packages/airflow/example_dags/example_sensors.py
[2023-09-29T07:56:16.611+0000] {processor.py:829} INFO - Processing file /home/ubuntu/airflow_venv/lib/python3.10/site-packages/airflow/example_dags/example_sensors.py for tasks to queue
[2023-09-29T07:56:16.612+0000] {logging_mixin.py:151} INFO - [2023-09-29T07:56:16.611+0000] {dagbag.py:539} INFO - Filling up the DagBag from /home/ubuntu/airflow_venv/lib/python3.10/site-packages/airflow/example_dags/example_sensors.py
[2023-09-29T07:56:16.621+0000] {processor.py:839} INFO - DAG(s) dict_keys(['example_sensors']) retrieved from /home/ubuntu/airflow_venv/lib/python3.10/site-packages/airflow/example_dags/example_sensors.py
[2023-09-29T07:56:16.641+0000] {logging_mixin.py:151} INFO - [2023-09-29T07:56:16.641+0000] {dag.py:2915} INFO - Sync 1 DAGs
[2023-09-29T07:56:16.797+0000] {logging_mixin.py:151} INFO - [2023-09-29T07:56:16.797+0000] {dag.py:3696} INFO - Setting next_dagrun for example_sensors to None, run_after=None
[2023-09-29T07:56:16.820+0000] {processor.py:179} INFO - Processing /home/ubuntu/airflow_venv/lib/python3.10/site-packages/airflow/example_dags/example_sensors.py took 0.213 seconds
[2023-09-29T07:57:12.273+0000] {processor.py:157} INFO - Started process (PID=1442) to work on /home/ubuntu/airflow_venv/lib/python3.10/site-packages/airflow/example_dags/example_sensors.py
[2023-09-29T07:57:12.274+0000] {processor.py:829} INFO - Processing file /home/ubuntu/airflow_venv/lib/python3.10/site-packages/airflow/example_dags/example_sensors.py for tasks to queue
[2023-09-29T07:57:12.275+0000] {logging_mixin.py:151} INFO - [2023-09-29T07:57:12.275+0000] {dagbag.py:539} INFO - Filling up the DagBag from /home/ubuntu/airflow_venv/lib/python3.10/site-packages/airflow/example_dags/example_sensors.py
[2023-09-29T07:57:12.423+0000] {processor.py:839} INFO - DAG(s) dict_keys(['example_sensors']) retrieved from /home/ubuntu/airflow_venv/lib/python3.10/site-packages/airflow/example_dags/example_sensors.py
[2023-09-29T07:57:12.438+0000] {logging_mixin.py:151} INFO - [2023-09-29T07:57:12.437+0000] {dag.py:2915} INFO - Sync 1 DAGs
[2023-09-29T07:57:12.446+0000] {logging_mixin.py:151} INFO - [2023-09-29T07:57:12.446+0000] {dag.py:3696} INFO - Setting next_dagrun for example_sensors to None, run_after=None
[2023-09-29T07:57:12.467+0000] {processor.py:179} INFO - Processing /home/ubuntu/airflow_venv/lib/python3.10/site-packages/airflow/example_dags/example_sensors.py took 0.197 seconds
[2023-09-29T07:57:59.134+0000] {processor.py:157} INFO - Started process (PID=1488) to work on /home/ubuntu/airflow_venv/lib/python3.10/site-packages/airflow/example_dags/example_sensors.py
[2023-09-29T07:57:59.135+0000] {processor.py:829} INFO - Processing file /home/ubuntu/airflow_venv/lib/python3.10/site-packages/airflow/example_dags/example_sensors.py for tasks to queue
[2023-09-29T07:57:59.136+0000] {logging_mixin.py:151} INFO - [2023-09-29T07:57:59.136+0000] {dagbag.py:539} INFO - Filling up the DagBag from /home/ubuntu/airflow_venv/lib/python3.10/site-packages/airflow/example_dags/example_sensors.py
[2023-09-29T07:57:59.148+0000] {processor.py:839} INFO - DAG(s) dict_keys(['example_sensors']) retrieved from /home/ubuntu/airflow_venv/lib/python3.10/site-packages/airflow/example_dags/example_sensors.py
[2023-09-29T07:57:59.170+0000] {logging_mixin.py:151} INFO - [2023-09-29T07:57:59.169+0000] {dag.py:2915} INFO - Sync 1 DAGs
[2023-09-29T07:57:59.183+0000] {logging_mixin.py:151} INFO - [2023-09-29T07:57:59.183+0000] {dag.py:3696} INFO - Setting next_dagrun for example_sensors to None, run_after=None
[2023-09-29T07:57:59.204+0000] {processor.py:179} INFO - Processing /home/ubuntu/airflow_venv/lib/python3.10/site-packages/airflow/example_dags/example_sensors.py took 0.074 seconds
[2023-09-29T07:58:51.146+0000] {processor.py:157} INFO - Started process (PID=1541) to work on /home/ubuntu/airflow_venv/lib/python3.10/site-packages/airflow/example_dags/example_sensors.py
[2023-09-29T07:58:51.147+0000] {processor.py:829} INFO - Processing file /home/ubuntu/airflow_venv/lib/python3.10/site-packages/airflow/example_dags/example_sensors.py for tasks to queue
[2023-09-29T07:58:51.148+0000] {logging_mixin.py:151} INFO - [2023-09-29T07:58:51.147+0000] {dagbag.py:539} INFO - Filling up the DagBag from /home/ubuntu/airflow_venv/lib/python3.10/site-packages/airflow/example_dags/example_sensors.py
[2023-09-29T07:58:51.165+0000] {processor.py:839} INFO - DAG(s) dict_keys(['example_sensors']) retrieved from /home/ubuntu/airflow_venv/lib/python3.10/site-packages/airflow/example_dags/example_sensors.py
[2023-09-29T07:58:51.193+0000] {logging_mixin.py:151} INFO - [2023-09-29T07:58:51.193+0000] {dag.py:2915} INFO - Sync 1 DAGs
[2023-09-29T07:58:51.205+0000] {logging_mixin.py:151} INFO - [2023-09-29T07:58:51.205+0000] {dag.py:3696} INFO - Setting next_dagrun for example_sensors to None, run_after=None
[2023-09-29T07:58:51.234+0000] {processor.py:179} INFO - Processing /home/ubuntu/airflow_venv/lib/python3.10/site-packages/airflow/example_dags/example_sensors.py took 0.091 seconds
[2023-09-29T07:59:44.947+0000] {processor.py:157} INFO - Started process (PID=1602) to work on /home/ubuntu/airflow_venv/lib/python3.10/site-packages/airflow/example_dags/example_sensors.py
[2023-09-29T07:59:44.948+0000] {processor.py:829} INFO - Processing file /home/ubuntu/airflow_venv/lib/python3.10/site-packages/airflow/example_dags/example_sensors.py for tasks to queue
[2023-09-29T07:59:44.949+0000] {logging_mixin.py:151} INFO - [2023-09-29T07:59:44.949+0000] {dagbag.py:539} INFO - Filling up the DagBag from /home/ubuntu/airflow_venv/lib/python3.10/site-packages/airflow/example_dags/example_sensors.py
[2023-09-29T07:59:44.962+0000] {processor.py:839} INFO - DAG(s) dict_keys(['example_sensors']) retrieved from /home/ubuntu/airflow_venv/lib/python3.10/site-packages/airflow/example_dags/example_sensors.py
[2023-09-29T07:59:44.987+0000] {logging_mixin.py:151} INFO - [2023-09-29T07:59:44.986+0000] {dag.py:2915} INFO - Sync 1 DAGs
[2023-09-29T07:59:45.001+0000] {logging_mixin.py:151} INFO - [2023-09-29T07:59:45.001+0000] {dag.py:3696} INFO - Setting next_dagrun for example_sensors to None, run_after=None
[2023-09-29T07:59:45.023+0000] {processor.py:179} INFO - Processing /home/ubuntu/airflow_venv/lib/python3.10/site-packages/airflow/example_dags/example_sensors.py took 0.079 seconds
[2023-09-29T08:01:01.206+0000] {processor.py:157} INFO - Started process (PID=1677) to work on /home/ubuntu/airflow_venv/lib/python3.10/site-packages/airflow/example_dags/example_sensors.py
[2023-09-29T08:01:01.208+0000] {processor.py:829} INFO - Processing file /home/ubuntu/airflow_venv/lib/python3.10/site-packages/airflow/example_dags/example_sensors.py for tasks to queue
[2023-09-29T08:01:01.210+0000] {logging_mixin.py:151} INFO - [2023-09-29T08:01:01.209+0000] {dagbag.py:539} INFO - Filling up the DagBag from /home/ubuntu/airflow_venv/lib/python3.10/site-packages/airflow/example_dags/example_sensors.py
[2023-09-29T08:01:01.223+0000] {processor.py:839} INFO - DAG(s) dict_keys(['example_sensors']) retrieved from /home/ubuntu/airflow_venv/lib/python3.10/site-packages/airflow/example_dags/example_sensors.py
[2023-09-29T08:01:01.246+0000] {logging_mixin.py:151} INFO - [2023-09-29T08:01:01.246+0000] {dag.py:2915} INFO - Sync 1 DAGs
[2023-09-29T08:01:01.260+0000] {logging_mixin.py:151} INFO - [2023-09-29T08:01:01.260+0000] {dag.py:3696} INFO - Setting next_dagrun for example_sensors to None, run_after=None
[2023-09-29T08:01:01.295+0000] {processor.py:179} INFO - Processing /home/ubuntu/airflow_venv/lib/python3.10/site-packages/airflow/example_dags/example_sensors.py took 0.093 seconds
[2023-09-29T08:01:50.993+0000] {processor.py:157} INFO - Started process (PID=1726) to work on /home/ubuntu/airflow_venv/lib/python3.10/site-packages/airflow/example_dags/example_sensors.py
[2023-09-29T08:01:50.994+0000] {processor.py:829} INFO - Processing file /home/ubuntu/airflow_venv/lib/python3.10/site-packages/airflow/example_dags/example_sensors.py for tasks to queue
[2023-09-29T08:01:50.995+0000] {logging_mixin.py:151} INFO - [2023-09-29T08:01:50.994+0000] {dagbag.py:539} INFO - Filling up the DagBag from /home/ubuntu/airflow_venv/lib/python3.10/site-packages/airflow/example_dags/example_sensors.py
[2023-09-29T08:01:51.005+0000] {processor.py:839} INFO - DAG(s) dict_keys(['example_sensors']) retrieved from /home/ubuntu/airflow_venv/lib/python3.10/site-packages/airflow/example_dags/example_sensors.py
[2023-09-29T08:01:51.024+0000] {logging_mixin.py:151} INFO - [2023-09-29T08:01:51.024+0000] {dag.py:2915} INFO - Sync 1 DAGs
[2023-09-29T08:01:51.034+0000] {logging_mixin.py:151} INFO - [2023-09-29T08:01:51.034+0000] {dag.py:3696} INFO - Setting next_dagrun for example_sensors to None, run_after=None
[2023-09-29T08:01:51.055+0000] {processor.py:179} INFO - Processing /home/ubuntu/airflow_venv/lib/python3.10/site-packages/airflow/example_dags/example_sensors.py took 0.065 seconds
[2023-09-29T08:02:45.873+0000] {processor.py:157} INFO - Started process (PID=1783) to work on /home/ubuntu/airflow_venv/lib/python3.10/site-packages/airflow/example_dags/example_sensors.py
[2023-09-29T08:02:45.875+0000] {processor.py:829} INFO - Processing file /home/ubuntu/airflow_venv/lib/python3.10/site-packages/airflow/example_dags/example_sensors.py for tasks to queue
[2023-09-29T08:02:45.876+0000] {logging_mixin.py:151} INFO - [2023-09-29T08:02:45.875+0000] {dagbag.py:539} INFO - Filling up the DagBag from /home/ubuntu/airflow_venv/lib/python3.10/site-packages/airflow/example_dags/example_sensors.py
[2023-09-29T08:02:45.888+0000] {processor.py:839} INFO - DAG(s) dict_keys(['example_sensors']) retrieved from /home/ubuntu/airflow_venv/lib/python3.10/site-packages/airflow/example_dags/example_sensors.py
[2023-09-29T08:02:45.913+0000] {logging_mixin.py:151} INFO - [2023-09-29T08:02:45.913+0000] {dag.py:2915} INFO - Sync 1 DAGs
[2023-09-29T08:02:45.931+0000] {logging_mixin.py:151} INFO - [2023-09-29T08:02:45.930+0000] {dag.py:3696} INFO - Setting next_dagrun for example_sensors to None, run_after=None
[2023-09-29T08:02:45.988+0000] {processor.py:179} INFO - Processing /home/ubuntu/airflow_venv/lib/python3.10/site-packages/airflow/example_dags/example_sensors.py took 0.118 seconds
[2023-09-29T08:03:37.481+0000] {processor.py:157} INFO - Started process (PID=1835) to work on /home/ubuntu/airflow_venv/lib/python3.10/site-packages/airflow/example_dags/example_sensors.py
[2023-09-29T08:03:37.483+0000] {processor.py:829} INFO - Processing file /home/ubuntu/airflow_venv/lib/python3.10/site-packages/airflow/example_dags/example_sensors.py for tasks to queue
[2023-09-29T08:03:37.486+0000] {logging_mixin.py:151} INFO - [2023-09-29T08:03:37.485+0000] {dagbag.py:539} INFO - Filling up the DagBag from /home/ubuntu/airflow_venv/lib/python3.10/site-packages/airflow/example_dags/example_sensors.py
[2023-09-29T08:03:37.510+0000] {processor.py:839} INFO - DAG(s) dict_keys(['example_sensors']) retrieved from /home/ubuntu/airflow_venv/lib/python3.10/site-packages/airflow/example_dags/example_sensors.py
[2023-09-29T08:03:37.544+0000] {logging_mixin.py:151} INFO - [2023-09-29T08:03:37.544+0000] {dag.py:2915} INFO - Sync 1 DAGs
[2023-09-29T08:03:37.557+0000] {logging_mixin.py:151} INFO - [2023-09-29T08:03:37.557+0000] {dag.py:3696} INFO - Setting next_dagrun for example_sensors to None, run_after=None
[2023-09-29T08:03:37.582+0000] {processor.py:179} INFO - Processing /home/ubuntu/airflow_venv/lib/python3.10/site-packages/airflow/example_dags/example_sensors.py took 0.109 seconds
[2023-09-29T08:04:29.631+0000] {processor.py:157} INFO - Started process (PID=1889) to work on /home/ubuntu/airflow_venv/lib/python3.10/site-packages/airflow/example_dags/example_sensors.py
[2023-09-29T08:04:29.632+0000] {processor.py:829} INFO - Processing file /home/ubuntu/airflow_venv/lib/python3.10/site-packages/airflow/example_dags/example_sensors.py for tasks to queue
[2023-09-29T08:04:29.633+0000] {logging_mixin.py:151} INFO - [2023-09-29T08:04:29.632+0000] {dagbag.py:539} INFO - Filling up the DagBag from /home/ubuntu/airflow_venv/lib/python3.10/site-packages/airflow/example_dags/example_sensors.py
[2023-09-29T08:04:29.643+0000] {processor.py:839} INFO - DAG(s) dict_keys(['example_sensors']) retrieved from /home/ubuntu/airflow_venv/lib/python3.10/site-packages/airflow/example_dags/example_sensors.py
[2023-09-29T08:04:29.663+0000] {logging_mixin.py:151} INFO - [2023-09-29T08:04:29.663+0000] {dag.py:2915} INFO - Sync 1 DAGs
[2023-09-29T08:04:29.674+0000] {logging_mixin.py:151} INFO - [2023-09-29T08:04:29.674+0000] {dag.py:3696} INFO - Setting next_dagrun for example_sensors to None, run_after=None
[2023-09-29T08:04:29.696+0000] {processor.py:179} INFO - Processing /home/ubuntu/airflow_venv/lib/python3.10/site-packages/airflow/example_dags/example_sensors.py took 0.070 seconds
[2023-09-29T08:05:18.677+0000] {processor.py:157} INFO - Started process (PID=1941) to work on /home/ubuntu/airflow_venv/lib/python3.10/site-packages/airflow/example_dags/example_sensors.py
[2023-09-29T08:05:18.678+0000] {processor.py:829} INFO - Processing file /home/ubuntu/airflow_venv/lib/python3.10/site-packages/airflow/example_dags/example_sensors.py for tasks to queue
[2023-09-29T08:05:18.679+0000] {logging_mixin.py:151} INFO - [2023-09-29T08:05:18.679+0000] {dagbag.py:539} INFO - Filling up the DagBag from /home/ubuntu/airflow_venv/lib/python3.10/site-packages/airflow/example_dags/example_sensors.py
[2023-09-29T08:05:18.690+0000] {processor.py:839} INFO - DAG(s) dict_keys(['example_sensors']) retrieved from /home/ubuntu/airflow_venv/lib/python3.10/site-packages/airflow/example_dags/example_sensors.py
[2023-09-29T08:05:18.710+0000] {logging_mixin.py:151} INFO - [2023-09-29T08:05:18.710+0000] {dag.py:2915} INFO - Sync 1 DAGs
[2023-09-29T08:05:18.723+0000] {logging_mixin.py:151} INFO - [2023-09-29T08:05:18.722+0000] {dag.py:3696} INFO - Setting next_dagrun for example_sensors to None, run_after=None
[2023-09-29T08:05:18.742+0000] {processor.py:179} INFO - Processing /home/ubuntu/airflow_venv/lib/python3.10/site-packages/airflow/example_dags/example_sensors.py took 0.068 seconds
[2023-09-29T08:06:15.462+0000] {processor.py:157} INFO - Started process (PID=1996) to work on /home/ubuntu/airflow_venv/lib/python3.10/site-packages/airflow/example_dags/example_sensors.py
[2023-09-29T08:06:15.464+0000] {processor.py:829} INFO - Processing file /home/ubuntu/airflow_venv/lib/python3.10/site-packages/airflow/example_dags/example_sensors.py for tasks to queue
[2023-09-29T08:06:15.464+0000] {logging_mixin.py:151} INFO - [2023-09-29T08:06:15.464+0000] {dagbag.py:539} INFO - Filling up the DagBag from /home/ubuntu/airflow_venv/lib/python3.10/site-packages/airflow/example_dags/example_sensors.py
[2023-09-29T08:06:15.474+0000] {processor.py:839} INFO - DAG(s) dict_keys(['example_sensors']) retrieved from /home/ubuntu/airflow_venv/lib/python3.10/site-packages/airflow/example_dags/example_sensors.py
[2023-09-29T08:06:15.494+0000] {logging_mixin.py:151} INFO - [2023-09-29T08:06:15.493+0000] {dag.py:2915} INFO - Sync 1 DAGs
[2023-09-29T08:06:15.504+0000] {logging_mixin.py:151} INFO - [2023-09-29T08:06:15.504+0000] {dag.py:3696} INFO - Setting next_dagrun for example_sensors to None, run_after=None
[2023-09-29T08:06:15.524+0000] {processor.py:179} INFO - Processing /home/ubuntu/airflow_venv/lib/python3.10/site-packages/airflow/example_dags/example_sensors.py took 0.064 seconds
[2023-09-29T08:07:03.950+0000] {processor.py:157} INFO - Started process (PID=2047) to work on /home/ubuntu/airflow_venv/lib/python3.10/site-packages/airflow/example_dags/example_sensors.py
[2023-09-29T08:07:03.952+0000] {processor.py:829} INFO - Processing file /home/ubuntu/airflow_venv/lib/python3.10/site-packages/airflow/example_dags/example_sensors.py for tasks to queue
[2023-09-29T08:07:03.953+0000] {logging_mixin.py:151} INFO - [2023-09-29T08:07:03.953+0000] {dagbag.py:539} INFO - Filling up the DagBag from /home/ubuntu/airflow_venv/lib/python3.10/site-packages/airflow/example_dags/example_sensors.py
[2023-09-29T08:07:03.975+0000] {processor.py:839} INFO - DAG(s) dict_keys(['example_sensors']) retrieved from /home/ubuntu/airflow_venv/lib/python3.10/site-packages/airflow/example_dags/example_sensors.py
[2023-09-29T08:07:04.014+0000] {logging_mixin.py:151} INFO - [2023-09-29T08:07:04.014+0000] {dag.py:2915} INFO - Sync 1 DAGs
[2023-09-29T08:07:04.035+0000] {logging_mixin.py:151} INFO - [2023-09-29T08:07:04.035+0000] {dag.py:3696} INFO - Setting next_dagrun for example_sensors to None, run_after=None
[2023-09-29T08:07:04.060+0000] {processor.py:179} INFO - Processing /home/ubuntu/airflow_venv/lib/python3.10/site-packages/airflow/example_dags/example_sensors.py took 0.119 seconds
[2023-09-29T08:07:52.870+0000] {processor.py:157} INFO - Started process (PID=2309) to work on /home/ubuntu/airflow_venv/lib/python3.10/site-packages/airflow/example_dags/example_sensors.py
[2023-09-29T08:07:52.871+0000] {processor.py:829} INFO - Processing file /home/ubuntu/airflow_venv/lib/python3.10/site-packages/airflow/example_dags/example_sensors.py for tasks to queue
[2023-09-29T08:07:52.872+0000] {logging_mixin.py:151} INFO - [2023-09-29T08:07:52.872+0000] {dagbag.py:539} INFO - Filling up the DagBag from /home/ubuntu/airflow_venv/lib/python3.10/site-packages/airflow/example_dags/example_sensors.py
[2023-09-29T08:07:52.883+0000] {processor.py:839} INFO - DAG(s) dict_keys(['example_sensors']) retrieved from /home/ubuntu/airflow_venv/lib/python3.10/site-packages/airflow/example_dags/example_sensors.py
[2023-09-29T08:07:52.907+0000] {logging_mixin.py:151} INFO - [2023-09-29T08:07:52.906+0000] {dag.py:2915} INFO - Sync 1 DAGs
[2023-09-29T08:07:52.919+0000] {logging_mixin.py:151} INFO - [2023-09-29T08:07:52.919+0000] {dag.py:3696} INFO - Setting next_dagrun for example_sensors to None, run_after=None
[2023-09-29T08:07:52.942+0000] {processor.py:179} INFO - Processing /home/ubuntu/airflow_venv/lib/python3.10/site-packages/airflow/example_dags/example_sensors.py took 0.076 seconds
[2023-09-29T08:08:47.682+0000] {processor.py:157} INFO - Started process (PID=2364) to work on /home/ubuntu/airflow_venv/lib/python3.10/site-packages/airflow/example_dags/example_sensors.py
[2023-09-29T08:08:47.684+0000] {processor.py:829} INFO - Processing file /home/ubuntu/airflow_venv/lib/python3.10/site-packages/airflow/example_dags/example_sensors.py for tasks to queue
[2023-09-29T08:08:47.684+0000] {logging_mixin.py:151} INFO - [2023-09-29T08:08:47.684+0000] {dagbag.py:539} INFO - Filling up the DagBag from /home/ubuntu/airflow_venv/lib/python3.10/site-packages/airflow/example_dags/example_sensors.py
[2023-09-29T08:08:47.695+0000] {processor.py:839} INFO - DAG(s) dict_keys(['example_sensors']) retrieved from /home/ubuntu/airflow_venv/lib/python3.10/site-packages/airflow/example_dags/example_sensors.py
[2023-09-29T08:08:47.715+0000] {logging_mixin.py:151} INFO - [2023-09-29T08:08:47.715+0000] {dag.py:2915} INFO - Sync 1 DAGs
[2023-09-29T08:08:47.726+0000] {logging_mixin.py:151} INFO - [2023-09-29T08:08:47.726+0000] {dag.py:3696} INFO - Setting next_dagrun for example_sensors to None, run_after=None
[2023-09-29T08:08:47.750+0000] {processor.py:179} INFO - Processing /home/ubuntu/airflow_venv/lib/python3.10/site-packages/airflow/example_dags/example_sensors.py took 0.071 seconds
[2023-09-29T09:27:18.678+0000] {processor.py:157} INFO - Started process (PID=1343) to work on /home/ubuntu/airflow_venv/lib/python3.10/site-packages/airflow/example_dags/example_sensors.py
[2023-09-29T09:27:18.680+0000] {processor.py:829} INFO - Processing file /home/ubuntu/airflow_venv/lib/python3.10/site-packages/airflow/example_dags/example_sensors.py for tasks to queue
[2023-09-29T09:27:18.680+0000] {logging_mixin.py:151} INFO - [2023-09-29T09:27:18.680+0000] {dagbag.py:539} INFO - Filling up the DagBag from /home/ubuntu/airflow_venv/lib/python3.10/site-packages/airflow/example_dags/example_sensors.py
[2023-09-29T09:27:18.690+0000] {processor.py:839} INFO - DAG(s) dict_keys(['example_sensors']) retrieved from /home/ubuntu/airflow_venv/lib/python3.10/site-packages/airflow/example_dags/example_sensors.py
[2023-09-29T09:27:18.712+0000] {logging_mixin.py:151} INFO - [2023-09-29T09:27:18.712+0000] {dag.py:2915} INFO - Sync 1 DAGs
[2023-09-29T09:27:18.726+0000] {logging_mixin.py:151} INFO - [2023-09-29T09:27:18.726+0000] {dag.py:3696} INFO - Setting next_dagrun for example_sensors to None, run_after=None
[2023-09-29T09:27:18.751+0000] {processor.py:179} INFO - Processing /home/ubuntu/airflow_venv/lib/python3.10/site-packages/airflow/example_dags/example_sensors.py took 0.076 seconds
[2023-09-29T09:28:18.813+0000] {processor.py:157} INFO - Started process (PID=1401) to work on /home/ubuntu/airflow_venv/lib/python3.10/site-packages/airflow/example_dags/example_sensors.py
[2023-09-29T09:28:18.814+0000] {processor.py:829} INFO - Processing file /home/ubuntu/airflow_venv/lib/python3.10/site-packages/airflow/example_dags/example_sensors.py for tasks to queue
[2023-09-29T09:28:18.815+0000] {logging_mixin.py:151} INFO - [2023-09-29T09:28:18.815+0000] {dagbag.py:539} INFO - Filling up the DagBag from /home/ubuntu/airflow_venv/lib/python3.10/site-packages/airflow/example_dags/example_sensors.py
[2023-09-29T09:28:18.827+0000] {processor.py:839} INFO - DAG(s) dict_keys(['example_sensors']) retrieved from /home/ubuntu/airflow_venv/lib/python3.10/site-packages/airflow/example_dags/example_sensors.py
[2023-09-29T09:28:18.849+0000] {logging_mixin.py:151} INFO - [2023-09-29T09:28:18.848+0000] {dag.py:2915} INFO - Sync 1 DAGs
[2023-09-29T09:28:19.019+0000] {logging_mixin.py:151} INFO - [2023-09-29T09:28:19.019+0000] {dag.py:3696} INFO - Setting next_dagrun for example_sensors to None, run_after=None
[2023-09-29T09:28:19.042+0000] {processor.py:179} INFO - Processing /home/ubuntu/airflow_venv/lib/python3.10/site-packages/airflow/example_dags/example_sensors.py took 0.232 seconds
[2023-09-29T09:29:13.113+0000] {processor.py:157} INFO - Started process (PID=1450) to work on /home/ubuntu/airflow_venv/lib/python3.10/site-packages/airflow/example_dags/example_sensors.py
[2023-09-29T09:29:13.114+0000] {processor.py:829} INFO - Processing file /home/ubuntu/airflow_venv/lib/python3.10/site-packages/airflow/example_dags/example_sensors.py for tasks to queue
[2023-09-29T09:29:13.114+0000] {logging_mixin.py:151} INFO - [2023-09-29T09:29:13.114+0000] {dagbag.py:539} INFO - Filling up the DagBag from /home/ubuntu/airflow_venv/lib/python3.10/site-packages/airflow/example_dags/example_sensors.py
[2023-09-29T09:29:13.267+0000] {processor.py:839} INFO - DAG(s) dict_keys(['example_sensors']) retrieved from /home/ubuntu/airflow_venv/lib/python3.10/site-packages/airflow/example_dags/example_sensors.py
[2023-09-29T09:29:13.282+0000] {logging_mixin.py:151} INFO - [2023-09-29T09:29:13.281+0000] {dag.py:2915} INFO - Sync 1 DAGs
[2023-09-29T09:29:13.290+0000] {logging_mixin.py:151} INFO - [2023-09-29T09:29:13.290+0000] {dag.py:3696} INFO - Setting next_dagrun for example_sensors to None, run_after=None
[2023-09-29T09:29:13.310+0000] {processor.py:179} INFO - Processing /home/ubuntu/airflow_venv/lib/python3.10/site-packages/airflow/example_dags/example_sensors.py took 0.202 seconds
[2023-09-29T09:30:00.710+0000] {processor.py:157} INFO - Started process (PID=1906) to work on /home/ubuntu/airflow_venv/lib/python3.10/site-packages/airflow/example_dags/example_sensors.py
[2023-09-29T09:30:00.745+0000] {processor.py:829} INFO - Processing file /home/ubuntu/airflow_venv/lib/python3.10/site-packages/airflow/example_dags/example_sensors.py for tasks to queue
[2023-09-29T09:30:00.747+0000] {logging_mixin.py:151} INFO - [2023-09-29T09:30:00.746+0000] {dagbag.py:539} INFO - Filling up the DagBag from /home/ubuntu/airflow_venv/lib/python3.10/site-packages/airflow/example_dags/example_sensors.py
[2023-09-29T09:30:00.778+0000] {processor.py:839} INFO - DAG(s) dict_keys(['example_sensors']) retrieved from /home/ubuntu/airflow_venv/lib/python3.10/site-packages/airflow/example_dags/example_sensors.py
[2023-09-29T09:30:00.906+0000] {logging_mixin.py:151} INFO - [2023-09-29T09:30:00.892+0000] {dag.py:2915} INFO - Sync 1 DAGs
[2023-09-29T09:30:00.928+0000] {logging_mixin.py:151} INFO - [2023-09-29T09:30:00.928+0000] {dag.py:3696} INFO - Setting next_dagrun for example_sensors to None, run_after=None
[2023-09-29T09:30:00.963+0000] {processor.py:179} INFO - Processing /home/ubuntu/airflow_venv/lib/python3.10/site-packages/airflow/example_dags/example_sensors.py took 0.258 seconds
[2023-09-29T09:32:07.414+0000] {processor.py:157} INFO - Started process (PID=2266) to work on /home/ubuntu/airflow_venv/lib/python3.10/site-packages/airflow/example_dags/example_sensors.py
[2023-09-29T09:32:07.416+0000] {processor.py:829} INFO - Processing file /home/ubuntu/airflow_venv/lib/python3.10/site-packages/airflow/example_dags/example_sensors.py for tasks to queue
[2023-09-29T09:32:07.417+0000] {logging_mixin.py:151} INFO - [2023-09-29T09:32:07.417+0000] {dagbag.py:539} INFO - Filling up the DagBag from /home/ubuntu/airflow_venv/lib/python3.10/site-packages/airflow/example_dags/example_sensors.py
[2023-09-29T09:32:07.431+0000] {processor.py:839} INFO - DAG(s) dict_keys(['example_sensors']) retrieved from /home/ubuntu/airflow_venv/lib/python3.10/site-packages/airflow/example_dags/example_sensors.py
[2023-09-29T09:32:07.462+0000] {logging_mixin.py:151} INFO - [2023-09-29T09:32:07.462+0000] {dag.py:2915} INFO - Sync 1 DAGs
[2023-09-29T09:32:07.477+0000] {logging_mixin.py:151} INFO - [2023-09-29T09:32:07.477+0000] {dag.py:3696} INFO - Setting next_dagrun for example_sensors to None, run_after=None
[2023-09-29T09:32:07.508+0000] {processor.py:179} INFO - Processing /home/ubuntu/airflow_venv/lib/python3.10/site-packages/airflow/example_dags/example_sensors.py took 0.098 seconds
[2023-09-29T09:33:09.117+0000] {processor.py:157} INFO - Started process (PID=2332) to work on /home/ubuntu/airflow_venv/lib/python3.10/site-packages/airflow/example_dags/example_sensors.py
[2023-09-29T09:33:09.119+0000] {processor.py:829} INFO - Processing file /home/ubuntu/airflow_venv/lib/python3.10/site-packages/airflow/example_dags/example_sensors.py for tasks to queue
[2023-09-29T09:33:09.120+0000] {logging_mixin.py:151} INFO - [2023-09-29T09:33:09.120+0000] {dagbag.py:539} INFO - Filling up the DagBag from /home/ubuntu/airflow_venv/lib/python3.10/site-packages/airflow/example_dags/example_sensors.py
[2023-09-29T09:33:09.150+0000] {processor.py:839} INFO - DAG(s) dict_keys(['example_sensors']) retrieved from /home/ubuntu/airflow_venv/lib/python3.10/site-packages/airflow/example_dags/example_sensors.py
[2023-09-29T09:33:09.175+0000] {logging_mixin.py:151} INFO - [2023-09-29T09:33:09.175+0000] {dag.py:2915} INFO - Sync 1 DAGs
[2023-09-29T09:33:09.393+0000] {logging_mixin.py:151} INFO - [2023-09-29T09:33:09.393+0000] {dag.py:3696} INFO - Setting next_dagrun for example_sensors to None, run_after=None
[2023-09-29T09:33:09.412+0000] {processor.py:179} INFO - Processing /home/ubuntu/airflow_venv/lib/python3.10/site-packages/airflow/example_dags/example_sensors.py took 0.305 seconds
[2023-09-29T09:52:13.082+0000] {processor.py:157} INFO - Started process (PID=3484) to work on /home/ubuntu/airflow_venv/lib/python3.10/site-packages/airflow/example_dags/example_sensors.py
[2023-09-29T09:52:13.083+0000] {processor.py:829} INFO - Processing file /home/ubuntu/airflow_venv/lib/python3.10/site-packages/airflow/example_dags/example_sensors.py for tasks to queue
[2023-09-29T09:52:13.084+0000] {logging_mixin.py:151} INFO - [2023-09-29T09:52:13.084+0000] {dagbag.py:539} INFO - Filling up the DagBag from /home/ubuntu/airflow_venv/lib/python3.10/site-packages/airflow/example_dags/example_sensors.py
[2023-09-29T09:52:13.094+0000] {processor.py:839} INFO - DAG(s) dict_keys(['example_sensors']) retrieved from /home/ubuntu/airflow_venv/lib/python3.10/site-packages/airflow/example_dags/example_sensors.py
[2023-09-29T09:52:13.116+0000] {logging_mixin.py:151} INFO - [2023-09-29T09:52:13.116+0000] {dag.py:2915} INFO - Sync 1 DAGs
[2023-09-29T09:52:13.127+0000] {logging_mixin.py:151} INFO - [2023-09-29T09:52:13.126+0000] {dag.py:3696} INFO - Setting next_dagrun for example_sensors to None, run_after=None
[2023-09-29T09:52:13.147+0000] {processor.py:179} INFO - Processing /home/ubuntu/airflow_venv/lib/python3.10/site-packages/airflow/example_dags/example_sensors.py took 0.069 seconds
[2023-09-29T09:53:04.776+0000] {processor.py:157} INFO - Started process (PID=3533) to work on /home/ubuntu/airflow_venv/lib/python3.10/site-packages/airflow/example_dags/example_sensors.py
[2023-09-29T09:53:04.777+0000] {processor.py:829} INFO - Processing file /home/ubuntu/airflow_venv/lib/python3.10/site-packages/airflow/example_dags/example_sensors.py for tasks to queue
[2023-09-29T09:53:04.778+0000] {logging_mixin.py:151} INFO - [2023-09-29T09:53:04.777+0000] {dagbag.py:539} INFO - Filling up the DagBag from /home/ubuntu/airflow_venv/lib/python3.10/site-packages/airflow/example_dags/example_sensors.py
[2023-09-29T09:53:04.788+0000] {processor.py:839} INFO - DAG(s) dict_keys(['example_sensors']) retrieved from /home/ubuntu/airflow_venv/lib/python3.10/site-packages/airflow/example_dags/example_sensors.py
[2023-09-29T09:53:04.809+0000] {logging_mixin.py:151} INFO - [2023-09-29T09:53:04.809+0000] {dag.py:2915} INFO - Sync 1 DAGs
[2023-09-29T09:53:04.968+0000] {logging_mixin.py:151} INFO - [2023-09-29T09:53:04.968+0000] {dag.py:3696} INFO - Setting next_dagrun for example_sensors to None, run_after=None
[2023-09-29T09:53:04.988+0000] {processor.py:179} INFO - Processing /home/ubuntu/airflow_venv/lib/python3.10/site-packages/airflow/example_dags/example_sensors.py took 0.217 seconds
[2023-09-29T09:54:18.196+0000] {processor.py:157} INFO - Started process (PID=3598) to work on /home/ubuntu/airflow_venv/lib/python3.10/site-packages/airflow/example_dags/example_sensors.py
[2023-09-29T09:54:18.198+0000] {processor.py:829} INFO - Processing file /home/ubuntu/airflow_venv/lib/python3.10/site-packages/airflow/example_dags/example_sensors.py for tasks to queue
[2023-09-29T09:54:18.199+0000] {logging_mixin.py:151} INFO - [2023-09-29T09:54:18.198+0000] {dagbag.py:539} INFO - Filling up the DagBag from /home/ubuntu/airflow_venv/lib/python3.10/site-packages/airflow/example_dags/example_sensors.py
[2023-09-29T09:54:18.210+0000] {processor.py:839} INFO - DAG(s) dict_keys(['example_sensors']) retrieved from /home/ubuntu/airflow_venv/lib/python3.10/site-packages/airflow/example_dags/example_sensors.py
[2023-09-29T09:54:18.234+0000] {logging_mixin.py:151} INFO - [2023-09-29T09:54:18.234+0000] {dag.py:2915} INFO - Sync 1 DAGs
[2023-09-29T09:54:18.245+0000] {logging_mixin.py:151} INFO - [2023-09-29T09:54:18.245+0000] {dag.py:3696} INFO - Setting next_dagrun for example_sensors to None, run_after=None
[2023-09-29T09:54:18.269+0000] {processor.py:179} INFO - Processing /home/ubuntu/airflow_venv/lib/python3.10/site-packages/airflow/example_dags/example_sensors.py took 0.078 seconds
[2023-09-29T09:56:19.766+0000] {processor.py:157} INFO - Started process (PID=4122) to work on /home/ubuntu/airflow_venv/lib/python3.10/site-packages/airflow/example_dags/example_sensors.py
[2023-09-29T09:56:19.768+0000] {processor.py:829} INFO - Processing file /home/ubuntu/airflow_venv/lib/python3.10/site-packages/airflow/example_dags/example_sensors.py for tasks to queue
[2023-09-29T09:56:19.769+0000] {logging_mixin.py:151} INFO - [2023-09-29T09:56:19.769+0000] {dagbag.py:539} INFO - Filling up the DagBag from /home/ubuntu/airflow_venv/lib/python3.10/site-packages/airflow/example_dags/example_sensors.py
[2023-09-29T09:56:19.781+0000] {processor.py:839} INFO - DAG(s) dict_keys(['example_sensors']) retrieved from /home/ubuntu/airflow_venv/lib/python3.10/site-packages/airflow/example_dags/example_sensors.py
[2023-09-29T09:56:19.807+0000] {logging_mixin.py:151} INFO - [2023-09-29T09:56:19.807+0000] {dag.py:2915} INFO - Sync 1 DAGs
[2023-09-29T09:56:19.821+0000] {logging_mixin.py:151} INFO - [2023-09-29T09:56:19.821+0000] {dag.py:3696} INFO - Setting next_dagrun for example_sensors to None, run_after=None
[2023-09-29T09:56:19.845+0000] {processor.py:179} INFO - Processing /home/ubuntu/airflow_venv/lib/python3.10/site-packages/airflow/example_dags/example_sensors.py took 0.082 seconds
[2023-09-29T09:57:18.420+0000] {processor.py:157} INFO - Started process (PID=4180) to work on /home/ubuntu/airflow_venv/lib/python3.10/site-packages/airflow/example_dags/example_sensors.py
[2023-09-29T09:57:18.422+0000] {processor.py:829} INFO - Processing file /home/ubuntu/airflow_venv/lib/python3.10/site-packages/airflow/example_dags/example_sensors.py for tasks to queue
[2023-09-29T09:57:18.422+0000] {logging_mixin.py:151} INFO - [2023-09-29T09:57:18.422+0000] {dagbag.py:539} INFO - Filling up the DagBag from /home/ubuntu/airflow_venv/lib/python3.10/site-packages/airflow/example_dags/example_sensors.py
[2023-09-29T09:57:18.441+0000] {processor.py:839} INFO - DAG(s) dict_keys(['example_sensors']) retrieved from /home/ubuntu/airflow_venv/lib/python3.10/site-packages/airflow/example_dags/example_sensors.py
[2023-09-29T09:57:18.463+0000] {logging_mixin.py:151} INFO - [2023-09-29T09:57:18.463+0000] {dag.py:2915} INFO - Sync 1 DAGs
[2023-09-29T09:57:18.635+0000] {logging_mixin.py:151} INFO - [2023-09-29T09:57:18.635+0000] {dag.py:3696} INFO - Setting next_dagrun for example_sensors to None, run_after=None
[2023-09-29T09:57:18.655+0000] {processor.py:179} INFO - Processing /home/ubuntu/airflow_venv/lib/python3.10/site-packages/airflow/example_dags/example_sensors.py took 0.240 seconds
[2023-09-29T09:58:15.796+0000] {processor.py:157} INFO - Started process (PID=4240) to work on /home/ubuntu/airflow_venv/lib/python3.10/site-packages/airflow/example_dags/example_sensors.py
[2023-09-29T09:58:15.798+0000] {processor.py:829} INFO - Processing file /home/ubuntu/airflow_venv/lib/python3.10/site-packages/airflow/example_dags/example_sensors.py for tasks to queue
[2023-09-29T09:58:15.799+0000] {logging_mixin.py:151} INFO - [2023-09-29T09:58:15.799+0000] {dagbag.py:539} INFO - Filling up the DagBag from /home/ubuntu/airflow_venv/lib/python3.10/site-packages/airflow/example_dags/example_sensors.py
[2023-09-29T09:58:15.811+0000] {processor.py:839} INFO - DAG(s) dict_keys(['example_sensors']) retrieved from /home/ubuntu/airflow_venv/lib/python3.10/site-packages/airflow/example_dags/example_sensors.py
[2023-09-29T09:58:15.841+0000] {logging_mixin.py:151} INFO - [2023-09-29T09:58:15.840+0000] {dag.py:2915} INFO - Sync 1 DAGs
[2023-09-29T09:58:15.856+0000] {logging_mixin.py:151} INFO - [2023-09-29T09:58:15.855+0000] {dag.py:3696} INFO - Setting next_dagrun for example_sensors to None, run_after=None
[2023-09-29T09:58:15.883+0000] {processor.py:179} INFO - Processing /home/ubuntu/airflow_venv/lib/python3.10/site-packages/airflow/example_dags/example_sensors.py took 0.091 seconds
