[2023-09-29T07:22:50.045+0000] {processor.py:157} INFO - Started process (PID=12219) to work on /home/ubuntu/airflow_venv/lib/python3.10/site-packages/airflow/example_dags/example_bash_operator.py
[2023-09-29T07:22:50.046+0000] {processor.py:829} INFO - Processing file /home/ubuntu/airflow_venv/lib/python3.10/site-packages/airflow/example_dags/example_bash_operator.py for tasks to queue
[2023-09-29T07:22:50.047+0000] {logging_mixin.py:151} INFO - [2023-09-29T07:22:50.047+0000] {dagbag.py:539} INFO - Filling up the DagBag from /home/ubuntu/airflow_venv/lib/python3.10/site-packages/airflow/example_dags/example_bash_operator.py
[2023-09-29T07:22:50.060+0000] {processor.py:839} INFO - DAG(s) dict_keys(['example_bash_operator']) retrieved from /home/ubuntu/airflow_venv/lib/python3.10/site-packages/airflow/example_dags/example_bash_operator.py
[2023-09-29T07:22:50.082+0000] {logging_mixin.py:151} INFO - [2023-09-29T07:22:50.082+0000] {dag.py:2915} INFO - Sync 1 DAGs
[2023-09-29T07:22:50.105+0000] {logging_mixin.py:151} INFO - [2023-09-29T07:22:50.105+0000] {dag.py:3696} INFO - Setting next_dagrun for example_bash_operator to 2023-09-28T00:00:00+00:00, run_after=2023-09-29T00:00:00+00:00
[2023-09-29T07:22:50.125+0000] {processor.py:179} INFO - Processing /home/ubuntu/airflow_venv/lib/python3.10/site-packages/airflow/example_dags/example_bash_operator.py took 0.083 seconds
[2023-09-29T07:28:00.970+0000] {processor.py:157} INFO - Started process (PID=12847) to work on /home/ubuntu/airflow_venv/lib/python3.10/site-packages/airflow/example_dags/example_bash_operator.py
[2023-09-29T07:28:00.971+0000] {processor.py:829} INFO - Processing file /home/ubuntu/airflow_venv/lib/python3.10/site-packages/airflow/example_dags/example_bash_operator.py for tasks to queue
[2023-09-29T07:28:00.972+0000] {logging_mixin.py:151} INFO - [2023-09-29T07:28:00.972+0000] {dagbag.py:539} INFO - Filling up the DagBag from /home/ubuntu/airflow_venv/lib/python3.10/site-packages/airflow/example_dags/example_bash_operator.py
[2023-09-29T07:28:00.983+0000] {processor.py:839} INFO - DAG(s) dict_keys(['example_bash_operator']) retrieved from /home/ubuntu/airflow_venv/lib/python3.10/site-packages/airflow/example_dags/example_bash_operator.py
[2023-09-29T07:28:01.160+0000] {logging_mixin.py:151} INFO - [2023-09-29T07:28:01.159+0000] {dag.py:2915} INFO - Sync 1 DAGs
[2023-09-29T07:28:01.177+0000] {logging_mixin.py:151} INFO - [2023-09-29T07:28:01.177+0000] {dag.py:3696} INFO - Setting next_dagrun for example_bash_operator to 2023-09-28T00:00:00+00:00, run_after=2023-09-29T00:00:00+00:00
[2023-09-29T07:28:01.197+0000] {processor.py:179} INFO - Processing /home/ubuntu/airflow_venv/lib/python3.10/site-packages/airflow/example_dags/example_bash_operator.py took 0.230 seconds
[2023-09-29T07:28:58.025+0000] {processor.py:157} INFO - Started process (PID=12904) to work on /home/ubuntu/airflow_venv/lib/python3.10/site-packages/airflow/example_dags/example_bash_operator.py
[2023-09-29T07:28:58.026+0000] {processor.py:829} INFO - Processing file /home/ubuntu/airflow_venv/lib/python3.10/site-packages/airflow/example_dags/example_bash_operator.py for tasks to queue
[2023-09-29T07:28:58.027+0000] {logging_mixin.py:151} INFO - [2023-09-29T07:28:58.027+0000] {dagbag.py:539} INFO - Filling up the DagBag from /home/ubuntu/airflow_venv/lib/python3.10/site-packages/airflow/example_dags/example_bash_operator.py
[2023-09-29T07:28:58.039+0000] {processor.py:839} INFO - DAG(s) dict_keys(['example_bash_operator']) retrieved from /home/ubuntu/airflow_venv/lib/python3.10/site-packages/airflow/example_dags/example_bash_operator.py
[2023-09-29T07:28:58.062+0000] {logging_mixin.py:151} INFO - [2023-09-29T07:28:58.062+0000] {dag.py:2915} INFO - Sync 1 DAGs
[2023-09-29T07:28:58.082+0000] {logging_mixin.py:151} INFO - [2023-09-29T07:28:58.082+0000] {dag.py:3696} INFO - Setting next_dagrun for example_bash_operator to 2023-09-28T00:00:00+00:00, run_after=2023-09-29T00:00:00+00:00
[2023-09-29T07:28:58.104+0000] {processor.py:179} INFO - Processing /home/ubuntu/airflow_venv/lib/python3.10/site-packages/airflow/example_dags/example_bash_operator.py took 0.081 seconds
[2023-09-29T07:29:53.325+0000] {processor.py:157} INFO - Started process (PID=12959) to work on /home/ubuntu/airflow_venv/lib/python3.10/site-packages/airflow/example_dags/example_bash_operator.py
[2023-09-29T07:29:53.326+0000] {processor.py:829} INFO - Processing file /home/ubuntu/airflow_venv/lib/python3.10/site-packages/airflow/example_dags/example_bash_operator.py for tasks to queue
[2023-09-29T07:29:53.327+0000] {logging_mixin.py:151} INFO - [2023-09-29T07:29:53.327+0000] {dagbag.py:539} INFO - Filling up the DagBag from /home/ubuntu/airflow_venv/lib/python3.10/site-packages/airflow/example_dags/example_bash_operator.py
[2023-09-29T07:29:53.341+0000] {processor.py:839} INFO - DAG(s) dict_keys(['example_bash_operator']) retrieved from /home/ubuntu/airflow_venv/lib/python3.10/site-packages/airflow/example_dags/example_bash_operator.py
[2023-09-29T07:29:53.369+0000] {logging_mixin.py:151} INFO - [2023-09-29T07:29:53.369+0000] {dag.py:2915} INFO - Sync 1 DAGs
[2023-09-29T07:29:53.391+0000] {logging_mixin.py:151} INFO - [2023-09-29T07:29:53.391+0000] {dag.py:3696} INFO - Setting next_dagrun for example_bash_operator to 2023-09-28T00:00:00+00:00, run_after=2023-09-29T00:00:00+00:00
[2023-09-29T07:29:53.414+0000] {processor.py:179} INFO - Processing /home/ubuntu/airflow_venv/lib/python3.10/site-packages/airflow/example_dags/example_bash_operator.py took 0.092 seconds
[2023-09-29T07:30:49.460+0000] {processor.py:157} INFO - Started process (PID=13020) to work on /home/ubuntu/airflow_venv/lib/python3.10/site-packages/airflow/example_dags/example_bash_operator.py
[2023-09-29T07:30:49.461+0000] {processor.py:829} INFO - Processing file /home/ubuntu/airflow_venv/lib/python3.10/site-packages/airflow/example_dags/example_bash_operator.py for tasks to queue
[2023-09-29T07:30:49.462+0000] {logging_mixin.py:151} INFO - [2023-09-29T07:30:49.462+0000] {dagbag.py:539} INFO - Filling up the DagBag from /home/ubuntu/airflow_venv/lib/python3.10/site-packages/airflow/example_dags/example_bash_operator.py
[2023-09-29T07:30:49.474+0000] {processor.py:839} INFO - DAG(s) dict_keys(['example_bash_operator']) retrieved from /home/ubuntu/airflow_venv/lib/python3.10/site-packages/airflow/example_dags/example_bash_operator.py
[2023-09-29T07:30:49.498+0000] {logging_mixin.py:151} INFO - [2023-09-29T07:30:49.498+0000] {dag.py:2915} INFO - Sync 1 DAGs
[2023-09-29T07:30:49.520+0000] {logging_mixin.py:151} INFO - [2023-09-29T07:30:49.520+0000] {dag.py:3696} INFO - Setting next_dagrun for example_bash_operator to 2023-09-28T00:00:00+00:00, run_after=2023-09-29T00:00:00+00:00
[2023-09-29T07:30:49.542+0000] {processor.py:179} INFO - Processing /home/ubuntu/airflow_venv/lib/python3.10/site-packages/airflow/example_dags/example_bash_operator.py took 0.086 seconds
[2023-09-29T07:43:41.995+0000] {processor.py:157} INFO - Started process (PID=1233) to work on /home/ubuntu/airflow_venv/lib/python3.10/site-packages/airflow/example_dags/example_bash_operator.py
[2023-09-29T07:43:41.996+0000] {processor.py:829} INFO - Processing file /home/ubuntu/airflow_venv/lib/python3.10/site-packages/airflow/example_dags/example_bash_operator.py for tasks to queue
[2023-09-29T07:43:41.997+0000] {logging_mixin.py:151} INFO - [2023-09-29T07:43:41.997+0000] {dagbag.py:539} INFO - Filling up the DagBag from /home/ubuntu/airflow_venv/lib/python3.10/site-packages/airflow/example_dags/example_bash_operator.py
[2023-09-29T07:43:42.007+0000] {processor.py:839} INFO - DAG(s) dict_keys(['example_bash_operator']) retrieved from /home/ubuntu/airflow_venv/lib/python3.10/site-packages/airflow/example_dags/example_bash_operator.py
[2023-09-29T07:43:42.029+0000] {logging_mixin.py:151} INFO - [2023-09-29T07:43:42.029+0000] {dag.py:2915} INFO - Sync 1 DAGs
[2023-09-29T07:43:42.048+0000] {logging_mixin.py:151} INFO - [2023-09-29T07:43:42.048+0000] {dag.py:3696} INFO - Setting next_dagrun for example_bash_operator to 2023-09-28T00:00:00+00:00, run_after=2023-09-29T00:00:00+00:00
[2023-09-29T07:43:42.077+0000] {processor.py:179} INFO - Processing /home/ubuntu/airflow_venv/lib/python3.10/site-packages/airflow/example_dags/example_bash_operator.py took 0.085 seconds
[2023-09-29T07:44:51.186+0000] {processor.py:157} INFO - Started process (PID=1295) to work on /home/ubuntu/airflow_venv/lib/python3.10/site-packages/airflow/example_dags/example_bash_operator.py
[2023-09-29T07:44:51.187+0000] {processor.py:829} INFO - Processing file /home/ubuntu/airflow_venv/lib/python3.10/site-packages/airflow/example_dags/example_bash_operator.py for tasks to queue
[2023-09-29T07:44:51.188+0000] {logging_mixin.py:151} INFO - [2023-09-29T07:44:51.187+0000] {dagbag.py:539} INFO - Filling up the DagBag from /home/ubuntu/airflow_venv/lib/python3.10/site-packages/airflow/example_dags/example_bash_operator.py
[2023-09-29T07:44:51.200+0000] {processor.py:839} INFO - DAG(s) dict_keys(['example_bash_operator']) retrieved from /home/ubuntu/airflow_venv/lib/python3.10/site-packages/airflow/example_dags/example_bash_operator.py
[2023-09-29T07:44:51.381+0000] {logging_mixin.py:151} INFO - [2023-09-29T07:44:51.381+0000] {dag.py:2915} INFO - Sync 1 DAGs
[2023-09-29T07:44:51.401+0000] {logging_mixin.py:151} INFO - [2023-09-29T07:44:51.401+0000] {dag.py:3696} INFO - Setting next_dagrun for example_bash_operator to 2023-09-28T00:00:00+00:00, run_after=2023-09-29T00:00:00+00:00
[2023-09-29T07:44:51.423+0000] {processor.py:179} INFO - Processing /home/ubuntu/airflow_venv/lib/python3.10/site-packages/airflow/example_dags/example_bash_operator.py took 0.242 seconds
[2023-09-29T07:55:37.016+0000] {processor.py:157} INFO - Started process (PID=1357) to work on /home/ubuntu/airflow_venv/lib/python3.10/site-packages/airflow/example_dags/example_bash_operator.py
[2023-09-29T07:55:37.017+0000] {processor.py:829} INFO - Processing file /home/ubuntu/airflow_venv/lib/python3.10/site-packages/airflow/example_dags/example_bash_operator.py for tasks to queue
[2023-09-29T07:55:37.018+0000] {logging_mixin.py:151} INFO - [2023-09-29T07:55:37.017+0000] {dagbag.py:539} INFO - Filling up the DagBag from /home/ubuntu/airflow_venv/lib/python3.10/site-packages/airflow/example_dags/example_bash_operator.py
[2023-09-29T07:55:37.029+0000] {processor.py:839} INFO - DAG(s) dict_keys(['example_bash_operator']) retrieved from /home/ubuntu/airflow_venv/lib/python3.10/site-packages/airflow/example_dags/example_bash_operator.py
[2023-09-29T07:55:37.053+0000] {logging_mixin.py:151} INFO - [2023-09-29T07:55:37.053+0000] {dag.py:2915} INFO - Sync 1 DAGs
[2023-09-29T07:55:37.073+0000] {logging_mixin.py:151} INFO - [2023-09-29T07:55:37.073+0000] {dag.py:3696} INFO - Setting next_dagrun for example_bash_operator to 2023-09-28T00:00:00+00:00, run_after=2023-09-29T00:00:00+00:00
[2023-09-29T07:55:37.100+0000] {processor.py:179} INFO - Processing /home/ubuntu/airflow_venv/lib/python3.10/site-packages/airflow/example_dags/example_bash_operator.py took 0.088 seconds
[2023-09-29T07:56:56.419+0000] {processor.py:157} INFO - Started process (PID=1429) to work on /home/ubuntu/airflow_venv/lib/python3.10/site-packages/airflow/example_dags/example_bash_operator.py
[2023-09-29T07:56:56.420+0000] {processor.py:829} INFO - Processing file /home/ubuntu/airflow_venv/lib/python3.10/site-packages/airflow/example_dags/example_bash_operator.py for tasks to queue
[2023-09-29T07:56:56.421+0000] {logging_mixin.py:151} INFO - [2023-09-29T07:56:56.420+0000] {dagbag.py:539} INFO - Filling up the DagBag from /home/ubuntu/airflow_venv/lib/python3.10/site-packages/airflow/example_dags/example_bash_operator.py
[2023-09-29T07:56:56.432+0000] {processor.py:839} INFO - DAG(s) dict_keys(['example_bash_operator']) retrieved from /home/ubuntu/airflow_venv/lib/python3.10/site-packages/airflow/example_dags/example_bash_operator.py
[2023-09-29T07:56:56.592+0000] {logging_mixin.py:151} INFO - [2023-09-29T07:56:56.592+0000] {dag.py:2915} INFO - Sync 1 DAGs
[2023-09-29T07:56:56.609+0000] {logging_mixin.py:151} INFO - [2023-09-29T07:56:56.609+0000] {dag.py:3696} INFO - Setting next_dagrun for example_bash_operator to 2023-09-28T00:00:00+00:00, run_after=2023-09-29T00:00:00+00:00
[2023-09-29T07:56:56.630+0000] {processor.py:179} INFO - Processing /home/ubuntu/airflow_venv/lib/python3.10/site-packages/airflow/example_dags/example_bash_operator.py took 0.215 seconds
[2023-09-29T07:57:48.931+0000] {processor.py:157} INFO - Started process (PID=1477) to work on /home/ubuntu/airflow_venv/lib/python3.10/site-packages/airflow/example_dags/example_bash_operator.py
[2023-09-29T07:57:48.933+0000] {processor.py:829} INFO - Processing file /home/ubuntu/airflow_venv/lib/python3.10/site-packages/airflow/example_dags/example_bash_operator.py for tasks to queue
[2023-09-29T07:57:48.934+0000] {logging_mixin.py:151} INFO - [2023-09-29T07:57:48.933+0000] {dagbag.py:539} INFO - Filling up the DagBag from /home/ubuntu/airflow_venv/lib/python3.10/site-packages/airflow/example_dags/example_bash_operator.py
[2023-09-29T07:57:48.945+0000] {processor.py:839} INFO - DAG(s) dict_keys(['example_bash_operator']) retrieved from /home/ubuntu/airflow_venv/lib/python3.10/site-packages/airflow/example_dags/example_bash_operator.py
[2023-09-29T07:57:48.969+0000] {logging_mixin.py:151} INFO - [2023-09-29T07:57:48.969+0000] {dag.py:2915} INFO - Sync 1 DAGs
[2023-09-29T07:57:48.991+0000] {logging_mixin.py:151} INFO - [2023-09-29T07:57:48.991+0000] {dag.py:3696} INFO - Setting next_dagrun for example_bash_operator to 2023-09-28T00:00:00+00:00, run_after=2023-09-29T00:00:00+00:00
[2023-09-29T07:57:49.013+0000] {processor.py:179} INFO - Processing /home/ubuntu/airflow_venv/lib/python3.10/site-packages/airflow/example_dags/example_bash_operator.py took 0.084 seconds
[2023-09-29T07:58:42.305+0000] {processor.py:157} INFO - Started process (PID=1532) to work on /home/ubuntu/airflow_venv/lib/python3.10/site-packages/airflow/example_dags/example_bash_operator.py
[2023-09-29T07:58:42.306+0000] {processor.py:829} INFO - Processing file /home/ubuntu/airflow_venv/lib/python3.10/site-packages/airflow/example_dags/example_bash_operator.py for tasks to queue
[2023-09-29T07:58:42.307+0000] {logging_mixin.py:151} INFO - [2023-09-29T07:58:42.306+0000] {dagbag.py:539} INFO - Filling up the DagBag from /home/ubuntu/airflow_venv/lib/python3.10/site-packages/airflow/example_dags/example_bash_operator.py
[2023-09-29T07:58:42.317+0000] {processor.py:839} INFO - DAG(s) dict_keys(['example_bash_operator']) retrieved from /home/ubuntu/airflow_venv/lib/python3.10/site-packages/airflow/example_dags/example_bash_operator.py
[2023-09-29T07:58:42.340+0000] {logging_mixin.py:151} INFO - [2023-09-29T07:58:42.340+0000] {dag.py:2915} INFO - Sync 1 DAGs
[2023-09-29T07:58:42.359+0000] {logging_mixin.py:151} INFO - [2023-09-29T07:58:42.359+0000] {dag.py:3696} INFO - Setting next_dagrun for example_bash_operator to 2023-09-28T00:00:00+00:00, run_after=2023-09-29T00:00:00+00:00
[2023-09-29T07:58:42.377+0000] {processor.py:179} INFO - Processing /home/ubuntu/airflow_venv/lib/python3.10/site-packages/airflow/example_dags/example_bash_operator.py took 0.075 seconds
[2023-09-29T07:59:33.832+0000] {processor.py:157} INFO - Started process (PID=1588) to work on /home/ubuntu/airflow_venv/lib/python3.10/site-packages/airflow/example_dags/example_bash_operator.py
[2023-09-29T07:59:33.833+0000] {processor.py:829} INFO - Processing file /home/ubuntu/airflow_venv/lib/python3.10/site-packages/airflow/example_dags/example_bash_operator.py for tasks to queue
[2023-09-29T07:59:33.834+0000] {logging_mixin.py:151} INFO - [2023-09-29T07:59:33.834+0000] {dagbag.py:539} INFO - Filling up the DagBag from /home/ubuntu/airflow_venv/lib/python3.10/site-packages/airflow/example_dags/example_bash_operator.py
[2023-09-29T07:59:33.846+0000] {processor.py:839} INFO - DAG(s) dict_keys(['example_bash_operator']) retrieved from /home/ubuntu/airflow_venv/lib/python3.10/site-packages/airflow/example_dags/example_bash_operator.py
[2023-09-29T07:59:33.871+0000] {logging_mixin.py:151} INFO - [2023-09-29T07:59:33.870+0000] {dag.py:2915} INFO - Sync 1 DAGs
[2023-09-29T07:59:33.895+0000] {logging_mixin.py:151} INFO - [2023-09-29T07:59:33.895+0000] {dag.py:3696} INFO - Setting next_dagrun for example_bash_operator to 2023-09-28T00:00:00+00:00, run_after=2023-09-29T00:00:00+00:00
[2023-09-29T07:59:33.918+0000] {processor.py:179} INFO - Processing /home/ubuntu/airflow_venv/lib/python3.10/site-packages/airflow/example_dags/example_bash_operator.py took 0.089 seconds
[2023-09-29T08:00:43.664+0000] {processor.py:157} INFO - Started process (PID=1659) to work on /home/ubuntu/airflow_venv/lib/python3.10/site-packages/airflow/example_dags/example_bash_operator.py
[2023-09-29T08:00:43.666+0000] {processor.py:829} INFO - Processing file /home/ubuntu/airflow_venv/lib/python3.10/site-packages/airflow/example_dags/example_bash_operator.py for tasks to queue
[2023-09-29T08:00:43.667+0000] {logging_mixin.py:151} INFO - [2023-09-29T08:00:43.666+0000] {dagbag.py:539} INFO - Filling up the DagBag from /home/ubuntu/airflow_venv/lib/python3.10/site-packages/airflow/example_dags/example_bash_operator.py
[2023-09-29T08:00:43.704+0000] {processor.py:839} INFO - DAG(s) dict_keys(['example_bash_operator']) retrieved from /home/ubuntu/airflow_venv/lib/python3.10/site-packages/airflow/example_dags/example_bash_operator.py
[2023-09-29T08:00:43.760+0000] {logging_mixin.py:151} INFO - [2023-09-29T08:00:43.760+0000] {dag.py:2915} INFO - Sync 1 DAGs
[2023-09-29T08:00:43.814+0000] {logging_mixin.py:151} INFO - [2023-09-29T08:00:43.814+0000] {dag.py:3696} INFO - Setting next_dagrun for example_bash_operator to 2023-09-28T00:00:00+00:00, run_after=2023-09-29T00:00:00+00:00
[2023-09-29T08:00:43.866+0000] {processor.py:179} INFO - Processing /home/ubuntu/airflow_venv/lib/python3.10/site-packages/airflow/example_dags/example_bash_operator.py took 0.207 seconds
[2023-09-29T08:01:36.799+0000] {processor.py:157} INFO - Started process (PID=1712) to work on /home/ubuntu/airflow_venv/lib/python3.10/site-packages/airflow/example_dags/example_bash_operator.py
[2023-09-29T08:01:36.800+0000] {processor.py:829} INFO - Processing file /home/ubuntu/airflow_venv/lib/python3.10/site-packages/airflow/example_dags/example_bash_operator.py for tasks to queue
[2023-09-29T08:01:36.801+0000] {logging_mixin.py:151} INFO - [2023-09-29T08:01:36.801+0000] {dagbag.py:539} INFO - Filling up the DagBag from /home/ubuntu/airflow_venv/lib/python3.10/site-packages/airflow/example_dags/example_bash_operator.py
[2023-09-29T08:01:36.815+0000] {processor.py:839} INFO - DAG(s) dict_keys(['example_bash_operator']) retrieved from /home/ubuntu/airflow_venv/lib/python3.10/site-packages/airflow/example_dags/example_bash_operator.py
[2023-09-29T08:01:36.840+0000] {logging_mixin.py:151} INFO - [2023-09-29T08:01:36.840+0000] {dag.py:2915} INFO - Sync 1 DAGs
[2023-09-29T08:01:36.871+0000] {logging_mixin.py:151} INFO - [2023-09-29T08:01:36.870+0000] {dag.py:3696} INFO - Setting next_dagrun for example_bash_operator to 2023-09-28T00:00:00+00:00, run_after=2023-09-29T00:00:00+00:00
[2023-09-29T08:01:36.897+0000] {processor.py:179} INFO - Processing /home/ubuntu/airflow_venv/lib/python3.10/site-packages/airflow/example_dags/example_bash_operator.py took 0.100 seconds
[2023-09-29T08:02:32.889+0000] {processor.py:157} INFO - Started process (PID=1769) to work on /home/ubuntu/airflow_venv/lib/python3.10/site-packages/airflow/example_dags/example_bash_operator.py
[2023-09-29T08:02:32.891+0000] {processor.py:829} INFO - Processing file /home/ubuntu/airflow_venv/lib/python3.10/site-packages/airflow/example_dags/example_bash_operator.py for tasks to queue
[2023-09-29T08:02:32.892+0000] {logging_mixin.py:151} INFO - [2023-09-29T08:02:32.891+0000] {dagbag.py:539} INFO - Filling up the DagBag from /home/ubuntu/airflow_venv/lib/python3.10/site-packages/airflow/example_dags/example_bash_operator.py
[2023-09-29T08:02:32.905+0000] {processor.py:839} INFO - DAG(s) dict_keys(['example_bash_operator']) retrieved from /home/ubuntu/airflow_venv/lib/python3.10/site-packages/airflow/example_dags/example_bash_operator.py
[2023-09-29T08:02:32.928+0000] {logging_mixin.py:151} INFO - [2023-09-29T08:02:32.927+0000] {dag.py:2915} INFO - Sync 1 DAGs
[2023-09-29T08:02:32.947+0000] {logging_mixin.py:151} INFO - [2023-09-29T08:02:32.947+0000] {dag.py:3696} INFO - Setting next_dagrun for example_bash_operator to 2023-09-28T00:00:00+00:00, run_after=2023-09-29T00:00:00+00:00
[2023-09-29T08:02:32.967+0000] {processor.py:179} INFO - Processing /home/ubuntu/airflow_venv/lib/python3.10/site-packages/airflow/example_dags/example_bash_operator.py took 0.081 seconds
[2023-09-29T08:03:24.914+0000] {processor.py:157} INFO - Started process (PID=1822) to work on /home/ubuntu/airflow_venv/lib/python3.10/site-packages/airflow/example_dags/example_bash_operator.py
[2023-09-29T08:03:24.916+0000] {processor.py:829} INFO - Processing file /home/ubuntu/airflow_venv/lib/python3.10/site-packages/airflow/example_dags/example_bash_operator.py for tasks to queue
[2023-09-29T08:03:24.917+0000] {logging_mixin.py:151} INFO - [2023-09-29T08:03:24.916+0000] {dagbag.py:539} INFO - Filling up the DagBag from /home/ubuntu/airflow_venv/lib/python3.10/site-packages/airflow/example_dags/example_bash_operator.py
[2023-09-29T08:03:24.936+0000] {processor.py:839} INFO - DAG(s) dict_keys(['example_bash_operator']) retrieved from /home/ubuntu/airflow_venv/lib/python3.10/site-packages/airflow/example_dags/example_bash_operator.py
[2023-09-29T08:03:24.989+0000] {logging_mixin.py:151} INFO - [2023-09-29T08:03:24.988+0000] {dag.py:2915} INFO - Sync 1 DAGs
[2023-09-29T08:03:25.010+0000] {logging_mixin.py:151} INFO - [2023-09-29T08:03:25.010+0000] {dag.py:3696} INFO - Setting next_dagrun for example_bash_operator to 2023-09-28T00:00:00+00:00, run_after=2023-09-29T00:00:00+00:00
[2023-09-29T08:03:25.032+0000] {processor.py:179} INFO - Processing /home/ubuntu/airflow_venv/lib/python3.10/site-packages/airflow/example_dags/example_bash_operator.py took 0.121 seconds
[2023-09-29T08:04:17.433+0000] {processor.py:157} INFO - Started process (PID=1877) to work on /home/ubuntu/airflow_venv/lib/python3.10/site-packages/airflow/example_dags/example_bash_operator.py
[2023-09-29T08:04:17.435+0000] {processor.py:829} INFO - Processing file /home/ubuntu/airflow_venv/lib/python3.10/site-packages/airflow/example_dags/example_bash_operator.py for tasks to queue
[2023-09-29T08:04:17.437+0000] {logging_mixin.py:151} INFO - [2023-09-29T08:04:17.436+0000] {dagbag.py:539} INFO - Filling up the DagBag from /home/ubuntu/airflow_venv/lib/python3.10/site-packages/airflow/example_dags/example_bash_operator.py
[2023-09-29T08:04:17.457+0000] {processor.py:839} INFO - DAG(s) dict_keys(['example_bash_operator']) retrieved from /home/ubuntu/airflow_venv/lib/python3.10/site-packages/airflow/example_dags/example_bash_operator.py
[2023-09-29T08:04:17.491+0000] {logging_mixin.py:151} INFO - [2023-09-29T08:04:17.491+0000] {dag.py:2915} INFO - Sync 1 DAGs
[2023-09-29T08:04:17.512+0000] {logging_mixin.py:151} INFO - [2023-09-29T08:04:17.512+0000] {dag.py:3696} INFO - Setting next_dagrun for example_bash_operator to 2023-09-28T00:00:00+00:00, run_after=2023-09-29T00:00:00+00:00
[2023-09-29T08:04:17.535+0000] {processor.py:179} INFO - Processing /home/ubuntu/airflow_venv/lib/python3.10/site-packages/airflow/example_dags/example_bash_operator.py took 0.108 seconds
[2023-09-29T08:05:08.334+0000] {processor.py:157} INFO - Started process (PID=1930) to work on /home/ubuntu/airflow_venv/lib/python3.10/site-packages/airflow/example_dags/example_bash_operator.py
[2023-09-29T08:05:08.338+0000] {processor.py:829} INFO - Processing file /home/ubuntu/airflow_venv/lib/python3.10/site-packages/airflow/example_dags/example_bash_operator.py for tasks to queue
[2023-09-29T08:05:08.342+0000] {logging_mixin.py:151} INFO - [2023-09-29T08:05:08.342+0000] {dagbag.py:539} INFO - Filling up the DagBag from /home/ubuntu/airflow_venv/lib/python3.10/site-packages/airflow/example_dags/example_bash_operator.py
[2023-09-29T08:05:08.364+0000] {processor.py:839} INFO - DAG(s) dict_keys(['example_bash_operator']) retrieved from /home/ubuntu/airflow_venv/lib/python3.10/site-packages/airflow/example_dags/example_bash_operator.py
[2023-09-29T08:05:08.399+0000] {logging_mixin.py:151} INFO - [2023-09-29T08:05:08.399+0000] {dag.py:2915} INFO - Sync 1 DAGs
[2023-09-29T08:05:08.424+0000] {logging_mixin.py:151} INFO - [2023-09-29T08:05:08.423+0000] {dag.py:3696} INFO - Setting next_dagrun for example_bash_operator to 2023-09-28T00:00:00+00:00, run_after=2023-09-29T00:00:00+00:00
[2023-09-29T08:05:08.450+0000] {processor.py:179} INFO - Processing /home/ubuntu/airflow_venv/lib/python3.10/site-packages/airflow/example_dags/example_bash_operator.py took 0.129 seconds
[2023-09-29T08:06:00.835+0000] {processor.py:157} INFO - Started process (PID=1982) to work on /home/ubuntu/airflow_venv/lib/python3.10/site-packages/airflow/example_dags/example_bash_operator.py
[2023-09-29T08:06:00.839+0000] {processor.py:829} INFO - Processing file /home/ubuntu/airflow_venv/lib/python3.10/site-packages/airflow/example_dags/example_bash_operator.py for tasks to queue
[2023-09-29T08:06:00.840+0000] {logging_mixin.py:151} INFO - [2023-09-29T08:06:00.840+0000] {dagbag.py:539} INFO - Filling up the DagBag from /home/ubuntu/airflow_venv/lib/python3.10/site-packages/airflow/example_dags/example_bash_operator.py
[2023-09-29T08:06:00.869+0000] {processor.py:839} INFO - DAG(s) dict_keys(['example_bash_operator']) retrieved from /home/ubuntu/airflow_venv/lib/python3.10/site-packages/airflow/example_dags/example_bash_operator.py
[2023-09-29T08:06:00.896+0000] {logging_mixin.py:151} INFO - [2023-09-29T08:06:00.896+0000] {dag.py:2915} INFO - Sync 1 DAGs
[2023-09-29T08:06:00.917+0000] {logging_mixin.py:151} INFO - [2023-09-29T08:06:00.917+0000] {dag.py:3696} INFO - Setting next_dagrun for example_bash_operator to 2023-09-28T00:00:00+00:00, run_after=2023-09-29T00:00:00+00:00
[2023-09-29T08:06:00.936+0000] {processor.py:179} INFO - Processing /home/ubuntu/airflow_venv/lib/python3.10/site-packages/airflow/example_dags/example_bash_operator.py took 0.107 seconds
[2023-09-29T08:06:52.726+0000] {processor.py:157} INFO - Started process (PID=2036) to work on /home/ubuntu/airflow_venv/lib/python3.10/site-packages/airflow/example_dags/example_bash_operator.py
[2023-09-29T08:06:52.727+0000] {processor.py:829} INFO - Processing file /home/ubuntu/airflow_venv/lib/python3.10/site-packages/airflow/example_dags/example_bash_operator.py for tasks to queue
[2023-09-29T08:06:52.728+0000] {logging_mixin.py:151} INFO - [2023-09-29T08:06:52.727+0000] {dagbag.py:539} INFO - Filling up the DagBag from /home/ubuntu/airflow_venv/lib/python3.10/site-packages/airflow/example_dags/example_bash_operator.py
[2023-09-29T08:06:52.739+0000] {processor.py:839} INFO - DAG(s) dict_keys(['example_bash_operator']) retrieved from /home/ubuntu/airflow_venv/lib/python3.10/site-packages/airflow/example_dags/example_bash_operator.py
[2023-09-29T08:06:52.763+0000] {logging_mixin.py:151} INFO - [2023-09-29T08:06:52.763+0000] {dag.py:2915} INFO - Sync 1 DAGs
[2023-09-29T08:06:52.788+0000] {logging_mixin.py:151} INFO - [2023-09-29T08:06:52.788+0000] {dag.py:3696} INFO - Setting next_dagrun for example_bash_operator to 2023-09-28T00:00:00+00:00, run_after=2023-09-29T00:00:00+00:00
[2023-09-29T08:06:52.813+0000] {processor.py:179} INFO - Processing /home/ubuntu/airflow_venv/lib/python3.10/site-packages/airflow/example_dags/example_bash_operator.py took 0.091 seconds
[2023-09-29T08:07:41.748+0000] {processor.py:157} INFO - Started process (PID=2297) to work on /home/ubuntu/airflow_venv/lib/python3.10/site-packages/airflow/example_dags/example_bash_operator.py
[2023-09-29T08:07:41.749+0000] {processor.py:829} INFO - Processing file /home/ubuntu/airflow_venv/lib/python3.10/site-packages/airflow/example_dags/example_bash_operator.py for tasks to queue
[2023-09-29T08:07:41.750+0000] {logging_mixin.py:151} INFO - [2023-09-29T08:07:41.750+0000] {dagbag.py:539} INFO - Filling up the DagBag from /home/ubuntu/airflow_venv/lib/python3.10/site-packages/airflow/example_dags/example_bash_operator.py
[2023-09-29T08:07:41.763+0000] {processor.py:839} INFO - DAG(s) dict_keys(['example_bash_operator']) retrieved from /home/ubuntu/airflow_venv/lib/python3.10/site-packages/airflow/example_dags/example_bash_operator.py
[2023-09-29T08:07:41.793+0000] {logging_mixin.py:151} INFO - [2023-09-29T08:07:41.792+0000] {dag.py:2915} INFO - Sync 1 DAGs
[2023-09-29T08:07:41.814+0000] {logging_mixin.py:151} INFO - [2023-09-29T08:07:41.814+0000] {dag.py:3696} INFO - Setting next_dagrun for example_bash_operator to 2023-09-28T00:00:00+00:00, run_after=2023-09-29T00:00:00+00:00
[2023-09-29T08:07:41.835+0000] {processor.py:179} INFO - Processing /home/ubuntu/airflow_venv/lib/python3.10/site-packages/airflow/example_dags/example_bash_operator.py took 0.090 seconds
[2023-09-29T08:08:34.801+0000] {processor.py:157} INFO - Started process (PID=2351) to work on /home/ubuntu/airflow_venv/lib/python3.10/site-packages/airflow/example_dags/example_bash_operator.py
[2023-09-29T08:08:34.802+0000] {processor.py:829} INFO - Processing file /home/ubuntu/airflow_venv/lib/python3.10/site-packages/airflow/example_dags/example_bash_operator.py for tasks to queue
[2023-09-29T08:08:34.803+0000] {logging_mixin.py:151} INFO - [2023-09-29T08:08:34.803+0000] {dagbag.py:539} INFO - Filling up the DagBag from /home/ubuntu/airflow_venv/lib/python3.10/site-packages/airflow/example_dags/example_bash_operator.py
[2023-09-29T08:08:34.814+0000] {processor.py:839} INFO - DAG(s) dict_keys(['example_bash_operator']) retrieved from /home/ubuntu/airflow_venv/lib/python3.10/site-packages/airflow/example_dags/example_bash_operator.py
[2023-09-29T08:08:34.838+0000] {logging_mixin.py:151} INFO - [2023-09-29T08:08:34.838+0000] {dag.py:2915} INFO - Sync 1 DAGs
[2023-09-29T08:08:34.856+0000] {logging_mixin.py:151} INFO - [2023-09-29T08:08:34.856+0000] {dag.py:3696} INFO - Setting next_dagrun for example_bash_operator to 2023-09-28T00:00:00+00:00, run_after=2023-09-29T00:00:00+00:00
[2023-09-29T08:08:34.877+0000] {processor.py:179} INFO - Processing /home/ubuntu/airflow_venv/lib/python3.10/site-packages/airflow/example_dags/example_bash_operator.py took 0.079 seconds
[2023-09-29T08:09:26.983+0000] {processor.py:157} INFO - Started process (PID=2551) to work on /home/ubuntu/airflow_venv/lib/python3.10/site-packages/airflow/example_dags/example_bash_operator.py
[2023-09-29T08:09:26.986+0000] {processor.py:829} INFO - Processing file /home/ubuntu/airflow_venv/lib/python3.10/site-packages/airflow/example_dags/example_bash_operator.py for tasks to queue
[2023-09-29T08:09:26.990+0000] {logging_mixin.py:151} INFO - [2023-09-29T08:09:26.986+0000] {dagbag.py:539} INFO - Filling up the DagBag from /home/ubuntu/airflow_venv/lib/python3.10/site-packages/airflow/example_dags/example_bash_operator.py
[2023-09-29T08:09:27.022+0000] {processor.py:839} INFO - DAG(s) dict_keys(['example_bash_operator']) retrieved from /home/ubuntu/airflow_venv/lib/python3.10/site-packages/airflow/example_dags/example_bash_operator.py
[2023-09-29T08:09:27.125+0000] {logging_mixin.py:151} INFO - [2023-09-29T08:09:27.125+0000] {dag.py:2915} INFO - Sync 1 DAGs
[2023-09-29T08:09:27.212+0000] {logging_mixin.py:151} INFO - [2023-09-29T08:09:27.212+0000] {dag.py:3696} INFO - Setting next_dagrun for example_bash_operator to 2023-09-28T00:00:00+00:00, run_after=2023-09-29T00:00:00+00:00
[2023-09-29T08:09:27.271+0000] {processor.py:179} INFO - Processing /home/ubuntu/airflow_venv/lib/python3.10/site-packages/airflow/example_dags/example_bash_operator.py took 0.295 seconds
