[2023-09-29T07:22:11.153+0000] {processor.py:157} INFO - Started process (PID=12177) to work on /home/ubuntu/airflow_venv/lib/python3.10/site-packages/airflow/example_dags/tutorial_taskflow_api_virtualenv.py
[2023-09-29T07:22:11.153+0000] {processor.py:829} INFO - Processing file /home/ubuntu/airflow_venv/lib/python3.10/site-packages/airflow/example_dags/tutorial_taskflow_api_virtualenv.py for tasks to queue
[2023-09-29T07:22:11.154+0000] {logging_mixin.py:151} INFO - [2023-09-29T07:22:11.154+0000] {dagbag.py:539} INFO - Filling up the DagBag from /home/ubuntu/airflow_venv/lib/python3.10/site-packages/airflow/example_dags/tutorial_taskflow_api_virtualenv.py
[2023-09-29T07:22:11.163+0000] {processor.py:839} INFO - DAG(s) dict_keys(['tutorial_taskflow_api_virtualenv']) retrieved from /home/ubuntu/airflow_venv/lib/python3.10/site-packages/airflow/example_dags/tutorial_taskflow_api_virtualenv.py
[2023-09-29T07:22:11.171+0000] {logging_mixin.py:151} INFO - [2023-09-29T07:22:11.170+0000] {dag.py:2915} INFO - Sync 1 DAGs
[2023-09-29T07:22:11.182+0000] {logging_mixin.py:151} INFO - [2023-09-29T07:22:11.182+0000] {dag.py:3696} INFO - Setting next_dagrun for tutorial_taskflow_api_virtualenv to None, run_after=None
[2023-09-29T07:22:11.201+0000] {processor.py:179} INFO - Processing /home/ubuntu/airflow_venv/lib/python3.10/site-packages/airflow/example_dags/tutorial_taskflow_api_virtualenv.py took 0.052 seconds
[2023-09-29T07:22:56.423+0000] {processor.py:157} INFO - Started process (PID=12225) to work on /home/ubuntu/airflow_venv/lib/python3.10/site-packages/airflow/example_dags/tutorial_taskflow_api_virtualenv.py
[2023-09-29T07:22:56.424+0000] {processor.py:829} INFO - Processing file /home/ubuntu/airflow_venv/lib/python3.10/site-packages/airflow/example_dags/tutorial_taskflow_api_virtualenv.py for tasks to queue
[2023-09-29T07:22:56.425+0000] {logging_mixin.py:151} INFO - [2023-09-29T07:22:56.425+0000] {dagbag.py:539} INFO - Filling up the DagBag from /home/ubuntu/airflow_venv/lib/python3.10/site-packages/airflow/example_dags/tutorial_taskflow_api_virtualenv.py
[2023-09-29T07:22:56.432+0000] {processor.py:839} INFO - DAG(s) dict_keys(['tutorial_taskflow_api_virtualenv']) retrieved from /home/ubuntu/airflow_venv/lib/python3.10/site-packages/airflow/example_dags/tutorial_taskflow_api_virtualenv.py
[2023-09-29T07:22:56.453+0000] {logging_mixin.py:151} INFO - [2023-09-29T07:22:56.453+0000] {dag.py:2915} INFO - Sync 1 DAGs
[2023-09-29T07:22:56.469+0000] {logging_mixin.py:151} INFO - [2023-09-29T07:22:56.469+0000] {dag.py:3696} INFO - Setting next_dagrun for tutorial_taskflow_api_virtualenv to None, run_after=None
[2023-09-29T07:22:56.492+0000] {processor.py:179} INFO - Processing /home/ubuntu/airflow_venv/lib/python3.10/site-packages/airflow/example_dags/tutorial_taskflow_api_virtualenv.py took 0.071 seconds
[2023-09-29T07:23:38.615+0000] {processor.py:157} INFO - Started process (PID=12553) to work on /home/ubuntu/airflow_venv/lib/python3.10/site-packages/airflow/example_dags/tutorial_taskflow_api_virtualenv.py
[2023-09-29T07:23:38.622+0000] {processor.py:829} INFO - Processing file /home/ubuntu/airflow_venv/lib/python3.10/site-packages/airflow/example_dags/tutorial_taskflow_api_virtualenv.py for tasks to queue
[2023-09-29T07:23:38.624+0000] {logging_mixin.py:151} INFO - [2023-09-29T07:23:38.623+0000] {dagbag.py:539} INFO - Filling up the DagBag from /home/ubuntu/airflow_venv/lib/python3.10/site-packages/airflow/example_dags/tutorial_taskflow_api_virtualenv.py
[2023-09-29T07:23:38.664+0000] {processor.py:839} INFO - DAG(s) dict_keys(['tutorial_taskflow_api_virtualenv']) retrieved from /home/ubuntu/airflow_venv/lib/python3.10/site-packages/airflow/example_dags/tutorial_taskflow_api_virtualenv.py
[2023-09-29T07:23:38.758+0000] {logging_mixin.py:151} INFO - [2023-09-29T07:23:38.757+0000] {dag.py:2915} INFO - Sync 1 DAGs
[2023-09-29T07:23:39.219+0000] {logging_mixin.py:151} INFO - [2023-09-29T07:23:39.213+0000] {dag.py:3696} INFO - Setting next_dagrun for tutorial_taskflow_api_virtualenv to None, run_after=None
[2023-09-29T07:23:39.295+0000] {processor.py:179} INFO - Processing /home/ubuntu/airflow_venv/lib/python3.10/site-packages/airflow/example_dags/tutorial_taskflow_api_virtualenv.py took 0.693 seconds
[2023-09-29T07:28:09.210+0000] {processor.py:157} INFO - Started process (PID=12853) to work on /home/ubuntu/airflow_venv/lib/python3.10/site-packages/airflow/example_dags/tutorial_taskflow_api_virtualenv.py
[2023-09-29T07:28:09.215+0000] {processor.py:829} INFO - Processing file /home/ubuntu/airflow_venv/lib/python3.10/site-packages/airflow/example_dags/tutorial_taskflow_api_virtualenv.py for tasks to queue
[2023-09-29T07:28:09.219+0000] {logging_mixin.py:151} INFO - [2023-09-29T07:28:09.218+0000] {dagbag.py:539} INFO - Filling up the DagBag from /home/ubuntu/airflow_venv/lib/python3.10/site-packages/airflow/example_dags/tutorial_taskflow_api_virtualenv.py
[2023-09-29T07:28:09.237+0000] {processor.py:839} INFO - DAG(s) dict_keys(['tutorial_taskflow_api_virtualenv']) retrieved from /home/ubuntu/airflow_venv/lib/python3.10/site-packages/airflow/example_dags/tutorial_taskflow_api_virtualenv.py
[2023-09-29T07:28:09.450+0000] {logging_mixin.py:151} INFO - [2023-09-29T07:28:09.450+0000] {dag.py:2915} INFO - Sync 1 DAGs
[2023-09-29T07:28:09.461+0000] {logging_mixin.py:151} INFO - [2023-09-29T07:28:09.461+0000] {dag.py:3696} INFO - Setting next_dagrun for tutorial_taskflow_api_virtualenv to None, run_after=None
[2023-09-29T07:28:09.485+0000] {processor.py:179} INFO - Processing /home/ubuntu/airflow_venv/lib/python3.10/site-packages/airflow/example_dags/tutorial_taskflow_api_virtualenv.py took 0.285 seconds
[2023-09-29T07:28:42.931+0000] {processor.py:157} INFO - Started process (PID=12888) to work on /home/ubuntu/airflow_venv/lib/python3.10/site-packages/airflow/example_dags/tutorial_taskflow_api_virtualenv.py
[2023-09-29T07:28:42.932+0000] {processor.py:829} INFO - Processing file /home/ubuntu/airflow_venv/lib/python3.10/site-packages/airflow/example_dags/tutorial_taskflow_api_virtualenv.py for tasks to queue
[2023-09-29T07:28:42.933+0000] {logging_mixin.py:151} INFO - [2023-09-29T07:28:42.933+0000] {dagbag.py:539} INFO - Filling up the DagBag from /home/ubuntu/airflow_venv/lib/python3.10/site-packages/airflow/example_dags/tutorial_taskflow_api_virtualenv.py
[2023-09-29T07:28:42.940+0000] {processor.py:839} INFO - DAG(s) dict_keys(['tutorial_taskflow_api_virtualenv']) retrieved from /home/ubuntu/airflow_venv/lib/python3.10/site-packages/airflow/example_dags/tutorial_taskflow_api_virtualenv.py
[2023-09-29T07:28:42.960+0000] {logging_mixin.py:151} INFO - [2023-09-29T07:28:42.960+0000] {dag.py:2915} INFO - Sync 1 DAGs
[2023-09-29T07:28:42.975+0000] {logging_mixin.py:151} INFO - [2023-09-29T07:28:42.975+0000] {dag.py:3696} INFO - Setting next_dagrun for tutorial_taskflow_api_virtualenv to None, run_after=None
[2023-09-29T07:28:43.000+0000] {processor.py:179} INFO - Processing /home/ubuntu/airflow_venv/lib/python3.10/site-packages/airflow/example_dags/tutorial_taskflow_api_virtualenv.py took 0.073 seconds
[2023-09-29T07:29:22.469+0000] {processor.py:157} INFO - Started process (PID=12928) to work on /home/ubuntu/airflow_venv/lib/python3.10/site-packages/airflow/example_dags/tutorial_taskflow_api_virtualenv.py
[2023-09-29T07:29:22.471+0000] {processor.py:829} INFO - Processing file /home/ubuntu/airflow_venv/lib/python3.10/site-packages/airflow/example_dags/tutorial_taskflow_api_virtualenv.py for tasks to queue
[2023-09-29T07:29:22.472+0000] {logging_mixin.py:151} INFO - [2023-09-29T07:29:22.471+0000] {dagbag.py:539} INFO - Filling up the DagBag from /home/ubuntu/airflow_venv/lib/python3.10/site-packages/airflow/example_dags/tutorial_taskflow_api_virtualenv.py
[2023-09-29T07:29:22.481+0000] {processor.py:839} INFO - DAG(s) dict_keys(['tutorial_taskflow_api_virtualenv']) retrieved from /home/ubuntu/airflow_venv/lib/python3.10/site-packages/airflow/example_dags/tutorial_taskflow_api_virtualenv.py
[2023-09-29T07:29:22.502+0000] {logging_mixin.py:151} INFO - [2023-09-29T07:29:22.502+0000] {dag.py:2915} INFO - Sync 1 DAGs
[2023-09-29T07:29:22.518+0000] {logging_mixin.py:151} INFO - [2023-09-29T07:29:22.517+0000] {dag.py:3696} INFO - Setting next_dagrun for tutorial_taskflow_api_virtualenv to None, run_after=None
[2023-09-29T07:29:22.544+0000] {processor.py:179} INFO - Processing /home/ubuntu/airflow_venv/lib/python3.10/site-packages/airflow/example_dags/tutorial_taskflow_api_virtualenv.py took 0.079 seconds
[2023-09-29T07:29:58.730+0000] {processor.py:157} INFO - Started process (PID=12966) to work on /home/ubuntu/airflow_venv/lib/python3.10/site-packages/airflow/example_dags/tutorial_taskflow_api_virtualenv.py
[2023-09-29T07:29:58.731+0000] {processor.py:829} INFO - Processing file /home/ubuntu/airflow_venv/lib/python3.10/site-packages/airflow/example_dags/tutorial_taskflow_api_virtualenv.py for tasks to queue
[2023-09-29T07:29:58.732+0000] {logging_mixin.py:151} INFO - [2023-09-29T07:29:58.732+0000] {dagbag.py:539} INFO - Filling up the DagBag from /home/ubuntu/airflow_venv/lib/python3.10/site-packages/airflow/example_dags/tutorial_taskflow_api_virtualenv.py
[2023-09-29T07:29:58.741+0000] {processor.py:839} INFO - DAG(s) dict_keys(['tutorial_taskflow_api_virtualenv']) retrieved from /home/ubuntu/airflow_venv/lib/python3.10/site-packages/airflow/example_dags/tutorial_taskflow_api_virtualenv.py
[2023-09-29T07:29:58.765+0000] {logging_mixin.py:151} INFO - [2023-09-29T07:29:58.764+0000] {dag.py:2915} INFO - Sync 1 DAGs
[2023-09-29T07:29:58.780+0000] {logging_mixin.py:151} INFO - [2023-09-29T07:29:58.780+0000] {dag.py:3696} INFO - Setting next_dagrun for tutorial_taskflow_api_virtualenv to None, run_after=None
[2023-09-29T07:29:58.810+0000] {processor.py:179} INFO - Processing /home/ubuntu/airflow_venv/lib/python3.10/site-packages/airflow/example_dags/tutorial_taskflow_api_virtualenv.py took 0.084 seconds
[2023-09-29T07:30:36.821+0000] {processor.py:157} INFO - Started process (PID=13004) to work on /home/ubuntu/airflow_venv/lib/python3.10/site-packages/airflow/example_dags/tutorial_taskflow_api_virtualenv.py
[2023-09-29T07:30:36.822+0000] {processor.py:829} INFO - Processing file /home/ubuntu/airflow_venv/lib/python3.10/site-packages/airflow/example_dags/tutorial_taskflow_api_virtualenv.py for tasks to queue
[2023-09-29T07:30:36.823+0000] {logging_mixin.py:151} INFO - [2023-09-29T07:30:36.822+0000] {dagbag.py:539} INFO - Filling up the DagBag from /home/ubuntu/airflow_venv/lib/python3.10/site-packages/airflow/example_dags/tutorial_taskflow_api_virtualenv.py
[2023-09-29T07:30:36.830+0000] {processor.py:839} INFO - DAG(s) dict_keys(['tutorial_taskflow_api_virtualenv']) retrieved from /home/ubuntu/airflow_venv/lib/python3.10/site-packages/airflow/example_dags/tutorial_taskflow_api_virtualenv.py
[2023-09-29T07:30:36.846+0000] {logging_mixin.py:151} INFO - [2023-09-29T07:30:36.846+0000] {dag.py:2915} INFO - Sync 1 DAGs
[2023-09-29T07:30:36.859+0000] {logging_mixin.py:151} INFO - [2023-09-29T07:30:36.859+0000] {dag.py:3696} INFO - Setting next_dagrun for tutorial_taskflow_api_virtualenv to None, run_after=None
[2023-09-29T07:30:36.882+0000] {processor.py:179} INFO - Processing /home/ubuntu/airflow_venv/lib/python3.10/site-packages/airflow/example_dags/tutorial_taskflow_api_virtualenv.py took 0.064 seconds
[2023-09-29T07:31:12.873+0000] {processor.py:157} INFO - Started process (PID=13043) to work on /home/ubuntu/airflow_venv/lib/python3.10/site-packages/airflow/example_dags/tutorial_taskflow_api_virtualenv.py
[2023-09-29T07:31:12.874+0000] {processor.py:829} INFO - Processing file /home/ubuntu/airflow_venv/lib/python3.10/site-packages/airflow/example_dags/tutorial_taskflow_api_virtualenv.py for tasks to queue
[2023-09-29T07:31:12.875+0000] {logging_mixin.py:151} INFO - [2023-09-29T07:31:12.874+0000] {dagbag.py:539} INFO - Filling up the DagBag from /home/ubuntu/airflow_venv/lib/python3.10/site-packages/airflow/example_dags/tutorial_taskflow_api_virtualenv.py
[2023-09-29T07:31:12.882+0000] {processor.py:839} INFO - DAG(s) dict_keys(['tutorial_taskflow_api_virtualenv']) retrieved from /home/ubuntu/airflow_venv/lib/python3.10/site-packages/airflow/example_dags/tutorial_taskflow_api_virtualenv.py
[2023-09-29T07:31:12.900+0000] {logging_mixin.py:151} INFO - [2023-09-29T07:31:12.900+0000] {dag.py:2915} INFO - Sync 1 DAGs
[2023-09-29T07:31:12.918+0000] {logging_mixin.py:151} INFO - [2023-09-29T07:31:12.918+0000] {dag.py:3696} INFO - Setting next_dagrun for tutorial_taskflow_api_virtualenv to None, run_after=None
[2023-09-29T07:31:12.952+0000] {processor.py:179} INFO - Processing /home/ubuntu/airflow_venv/lib/python3.10/site-packages/airflow/example_dags/tutorial_taskflow_api_virtualenv.py took 0.083 seconds
[2023-09-29T07:43:00.309+0000] {processor.py:157} INFO - Started process (PID=1187) to work on /home/ubuntu/airflow_venv/lib/python3.10/site-packages/airflow/example_dags/tutorial_taskflow_api_virtualenv.py
[2023-09-29T07:43:00.310+0000] {processor.py:829} INFO - Processing file /home/ubuntu/airflow_venv/lib/python3.10/site-packages/airflow/example_dags/tutorial_taskflow_api_virtualenv.py for tasks to queue
[2023-09-29T07:43:00.312+0000] {logging_mixin.py:151} INFO - [2023-09-29T07:43:00.311+0000] {dagbag.py:539} INFO - Filling up the DagBag from /home/ubuntu/airflow_venv/lib/python3.10/site-packages/airflow/example_dags/tutorial_taskflow_api_virtualenv.py
[2023-09-29T07:43:00.327+0000] {processor.py:839} INFO - DAG(s) dict_keys(['tutorial_taskflow_api_virtualenv']) retrieved from /home/ubuntu/airflow_venv/lib/python3.10/site-packages/airflow/example_dags/tutorial_taskflow_api_virtualenv.py
[2023-09-29T07:43:00.338+0000] {logging_mixin.py:151} INFO - [2023-09-29T07:43:00.338+0000] {dag.py:2915} INFO - Sync 1 DAGs
[2023-09-29T07:43:00.360+0000] {logging_mixin.py:151} INFO - [2023-09-29T07:43:00.359+0000] {dag.py:3696} INFO - Setting next_dagrun for tutorial_taskflow_api_virtualenv to None, run_after=None
[2023-09-29T07:43:00.390+0000] {processor.py:179} INFO - Processing /home/ubuntu/airflow_venv/lib/python3.10/site-packages/airflow/example_dags/tutorial_taskflow_api_virtualenv.py took 0.088 seconds
[2023-09-29T07:43:47.969+0000] {processor.py:157} INFO - Started process (PID=1239) to work on /home/ubuntu/airflow_venv/lib/python3.10/site-packages/airflow/example_dags/tutorial_taskflow_api_virtualenv.py
[2023-09-29T07:43:47.970+0000] {processor.py:829} INFO - Processing file /home/ubuntu/airflow_venv/lib/python3.10/site-packages/airflow/example_dags/tutorial_taskflow_api_virtualenv.py for tasks to queue
[2023-09-29T07:43:47.971+0000] {logging_mixin.py:151} INFO - [2023-09-29T07:43:47.970+0000] {dagbag.py:539} INFO - Filling up the DagBag from /home/ubuntu/airflow_venv/lib/python3.10/site-packages/airflow/example_dags/tutorial_taskflow_api_virtualenv.py
[2023-09-29T07:43:47.980+0000] {processor.py:839} INFO - DAG(s) dict_keys(['tutorial_taskflow_api_virtualenv']) retrieved from /home/ubuntu/airflow_venv/lib/python3.10/site-packages/airflow/example_dags/tutorial_taskflow_api_virtualenv.py
[2023-09-29T07:43:47.999+0000] {logging_mixin.py:151} INFO - [2023-09-29T07:43:47.999+0000] {dag.py:2915} INFO - Sync 1 DAGs
[2023-09-29T07:43:48.012+0000] {logging_mixin.py:151} INFO - [2023-09-29T07:43:48.011+0000] {dag.py:3696} INFO - Setting next_dagrun for tutorial_taskflow_api_virtualenv to None, run_after=None
[2023-09-29T07:43:48.038+0000] {processor.py:179} INFO - Processing /home/ubuntu/airflow_venv/lib/python3.10/site-packages/airflow/example_dags/tutorial_taskflow_api_virtualenv.py took 0.072 seconds
[2023-09-29T07:44:32.716+0000] {processor.py:157} INFO - Started process (PID=1278) to work on /home/ubuntu/airflow_venv/lib/python3.10/site-packages/airflow/example_dags/tutorial_taskflow_api_virtualenv.py
[2023-09-29T07:44:32.717+0000] {processor.py:829} INFO - Processing file /home/ubuntu/airflow_venv/lib/python3.10/site-packages/airflow/example_dags/tutorial_taskflow_api_virtualenv.py for tasks to queue
[2023-09-29T07:44:32.718+0000] {logging_mixin.py:151} INFO - [2023-09-29T07:44:32.717+0000] {dagbag.py:539} INFO - Filling up the DagBag from /home/ubuntu/airflow_venv/lib/python3.10/site-packages/airflow/example_dags/tutorial_taskflow_api_virtualenv.py
[2023-09-29T07:44:32.725+0000] {processor.py:839} INFO - DAG(s) dict_keys(['tutorial_taskflow_api_virtualenv']) retrieved from /home/ubuntu/airflow_venv/lib/python3.10/site-packages/airflow/example_dags/tutorial_taskflow_api_virtualenv.py
[2023-09-29T07:44:32.754+0000] {logging_mixin.py:151} INFO - [2023-09-29T07:44:32.754+0000] {dag.py:2915} INFO - Sync 1 DAGs
[2023-09-29T07:44:32.933+0000] {logging_mixin.py:151} INFO - [2023-09-29T07:44:32.933+0000] {dag.py:3696} INFO - Setting next_dagrun for tutorial_taskflow_api_virtualenv to None, run_after=None
[2023-09-29T07:44:33.013+0000] {processor.py:179} INFO - Processing /home/ubuntu/airflow_venv/lib/python3.10/site-packages/airflow/example_dags/tutorial_taskflow_api_virtualenv.py took 0.301 seconds
[2023-09-29T07:45:24.862+0000] {processor.py:157} INFO - Started process (PID=1687) to work on /home/ubuntu/airflow_venv/lib/python3.10/site-packages/airflow/example_dags/tutorial_taskflow_api_virtualenv.py
[2023-09-29T07:45:24.864+0000] {processor.py:829} INFO - Processing file /home/ubuntu/airflow_venv/lib/python3.10/site-packages/airflow/example_dags/tutorial_taskflow_api_virtualenv.py for tasks to queue
[2023-09-29T07:45:24.865+0000] {logging_mixin.py:151} INFO - [2023-09-29T07:45:24.865+0000] {dagbag.py:539} INFO - Filling up the DagBag from /home/ubuntu/airflow_venv/lib/python3.10/site-packages/airflow/example_dags/tutorial_taskflow_api_virtualenv.py
[2023-09-29T07:45:25.203+0000] {processor.py:839} INFO - DAG(s) dict_keys(['tutorial_taskflow_api_virtualenv']) retrieved from /home/ubuntu/airflow_venv/lib/python3.10/site-packages/airflow/example_dags/tutorial_taskflow_api_virtualenv.py
[2023-09-29T07:45:25.244+0000] {logging_mixin.py:151} INFO - [2023-09-29T07:45:25.244+0000] {dag.py:2915} INFO - Sync 1 DAGs
[2023-09-29T07:45:25.262+0000] {logging_mixin.py:151} INFO - [2023-09-29T07:45:25.261+0000] {dag.py:3696} INFO - Setting next_dagrun for tutorial_taskflow_api_virtualenv to None, run_after=None
[2023-09-29T07:45:25.304+0000] {processor.py:179} INFO - Processing /home/ubuntu/airflow_venv/lib/python3.10/site-packages/airflow/example_dags/tutorial_taskflow_api_virtualenv.py took 0.448 seconds
[2023-09-29T07:54:54.504+0000] {processor.py:157} INFO - Started process (PID=1311) to work on /home/ubuntu/airflow_venv/lib/python3.10/site-packages/airflow/example_dags/tutorial_taskflow_api_virtualenv.py
[2023-09-29T07:54:54.506+0000] {processor.py:829} INFO - Processing file /home/ubuntu/airflow_venv/lib/python3.10/site-packages/airflow/example_dags/tutorial_taskflow_api_virtualenv.py for tasks to queue
[2023-09-29T07:54:54.509+0000] {logging_mixin.py:151} INFO - [2023-09-29T07:54:54.508+0000] {dagbag.py:539} INFO - Filling up the DagBag from /home/ubuntu/airflow_venv/lib/python3.10/site-packages/airflow/example_dags/tutorial_taskflow_api_virtualenv.py
[2023-09-29T07:54:54.526+0000] {processor.py:839} INFO - DAG(s) dict_keys(['tutorial_taskflow_api_virtualenv']) retrieved from /home/ubuntu/airflow_venv/lib/python3.10/site-packages/airflow/example_dags/tutorial_taskflow_api_virtualenv.py
[2023-09-29T07:54:54.538+0000] {logging_mixin.py:151} INFO - [2023-09-29T07:54:54.538+0000] {dag.py:2915} INFO - Sync 1 DAGs
[2023-09-29T07:54:54.566+0000] {logging_mixin.py:151} INFO - [2023-09-29T07:54:54.566+0000] {dag.py:3696} INFO - Setting next_dagrun for tutorial_taskflow_api_virtualenv to None, run_after=None
[2023-09-29T07:54:54.595+0000] {processor.py:179} INFO - Processing /home/ubuntu/airflow_venv/lib/python3.10/site-packages/airflow/example_dags/tutorial_taskflow_api_virtualenv.py took 0.096 seconds
[2023-09-29T07:55:45.841+0000] {processor.py:157} INFO - Started process (PID=1366) to work on /home/ubuntu/airflow_venv/lib/python3.10/site-packages/airflow/example_dags/tutorial_taskflow_api_virtualenv.py
[2023-09-29T07:55:45.843+0000] {processor.py:829} INFO - Processing file /home/ubuntu/airflow_venv/lib/python3.10/site-packages/airflow/example_dags/tutorial_taskflow_api_virtualenv.py for tasks to queue
[2023-09-29T07:55:45.844+0000] {logging_mixin.py:151} INFO - [2023-09-29T07:55:45.843+0000] {dagbag.py:539} INFO - Filling up the DagBag from /home/ubuntu/airflow_venv/lib/python3.10/site-packages/airflow/example_dags/tutorial_taskflow_api_virtualenv.py
[2023-09-29T07:55:45.851+0000] {processor.py:839} INFO - DAG(s) dict_keys(['tutorial_taskflow_api_virtualenv']) retrieved from /home/ubuntu/airflow_venv/lib/python3.10/site-packages/airflow/example_dags/tutorial_taskflow_api_virtualenv.py
[2023-09-29T07:55:45.867+0000] {logging_mixin.py:151} INFO - [2023-09-29T07:55:45.867+0000] {dag.py:2915} INFO - Sync 1 DAGs
[2023-09-29T07:55:45.877+0000] {logging_mixin.py:151} INFO - [2023-09-29T07:55:45.877+0000] {dag.py:3696} INFO - Setting next_dagrun for tutorial_taskflow_api_virtualenv to None, run_after=None
[2023-09-29T07:55:45.898+0000] {processor.py:179} INFO - Processing /home/ubuntu/airflow_venv/lib/python3.10/site-packages/airflow/example_dags/tutorial_taskflow_api_virtualenv.py took 0.060 seconds
[2023-09-29T07:56:35.966+0000] {processor.py:157} INFO - Started process (PID=1411) to work on /home/ubuntu/airflow_venv/lib/python3.10/site-packages/airflow/example_dags/tutorial_taskflow_api_virtualenv.py
[2023-09-29T07:56:35.967+0000] {processor.py:829} INFO - Processing file /home/ubuntu/airflow_venv/lib/python3.10/site-packages/airflow/example_dags/tutorial_taskflow_api_virtualenv.py for tasks to queue
[2023-09-29T07:56:35.968+0000] {logging_mixin.py:151} INFO - [2023-09-29T07:56:35.968+0000] {dagbag.py:539} INFO - Filling up the DagBag from /home/ubuntu/airflow_venv/lib/python3.10/site-packages/airflow/example_dags/tutorial_taskflow_api_virtualenv.py
[2023-09-29T07:56:35.976+0000] {processor.py:839} INFO - DAG(s) dict_keys(['tutorial_taskflow_api_virtualenv']) retrieved from /home/ubuntu/airflow_venv/lib/python3.10/site-packages/airflow/example_dags/tutorial_taskflow_api_virtualenv.py
[2023-09-29T07:56:35.994+0000] {logging_mixin.py:151} INFO - [2023-09-29T07:56:35.994+0000] {dag.py:2915} INFO - Sync 1 DAGs
[2023-09-29T07:56:36.193+0000] {logging_mixin.py:151} INFO - [2023-09-29T07:56:36.192+0000] {dag.py:3696} INFO - Setting next_dagrun for tutorial_taskflow_api_virtualenv to None, run_after=None
[2023-09-29T07:56:36.217+0000] {processor.py:179} INFO - Processing /home/ubuntu/airflow_venv/lib/python3.10/site-packages/airflow/example_dags/tutorial_taskflow_api_virtualenv.py took 0.255 seconds
[2023-09-29T07:57:30.418+0000] {processor.py:157} INFO - Started process (PID=1458) to work on /home/ubuntu/airflow_venv/lib/python3.10/site-packages/airflow/example_dags/tutorial_taskflow_api_virtualenv.py
[2023-09-29T07:57:30.420+0000] {processor.py:829} INFO - Processing file /home/ubuntu/airflow_venv/lib/python3.10/site-packages/airflow/example_dags/tutorial_taskflow_api_virtualenv.py for tasks to queue
[2023-09-29T07:57:30.420+0000] {logging_mixin.py:151} INFO - [2023-09-29T07:57:30.420+0000] {dagbag.py:539} INFO - Filling up the DagBag from /home/ubuntu/airflow_venv/lib/python3.10/site-packages/airflow/example_dags/tutorial_taskflow_api_virtualenv.py
[2023-09-29T07:57:30.431+0000] {processor.py:839} INFO - DAG(s) dict_keys(['tutorial_taskflow_api_virtualenv']) retrieved from /home/ubuntu/airflow_venv/lib/python3.10/site-packages/airflow/example_dags/tutorial_taskflow_api_virtualenv.py
[2023-09-29T07:57:30.448+0000] {logging_mixin.py:151} INFO - [2023-09-29T07:57:30.447+0000] {dag.py:2915} INFO - Sync 1 DAGs
[2023-09-29T07:57:30.458+0000] {logging_mixin.py:151} INFO - [2023-09-29T07:57:30.458+0000] {dag.py:3696} INFO - Setting next_dagrun for tutorial_taskflow_api_virtualenv to None, run_after=None
[2023-09-29T07:57:30.479+0000] {processor.py:179} INFO - Processing /home/ubuntu/airflow_venv/lib/python3.10/site-packages/airflow/example_dags/tutorial_taskflow_api_virtualenv.py took 0.064 seconds
[2023-09-29T07:58:11.904+0000] {processor.py:157} INFO - Started process (PID=1500) to work on /home/ubuntu/airflow_venv/lib/python3.10/site-packages/airflow/example_dags/tutorial_taskflow_api_virtualenv.py
[2023-09-29T07:58:11.904+0000] {processor.py:829} INFO - Processing file /home/ubuntu/airflow_venv/lib/python3.10/site-packages/airflow/example_dags/tutorial_taskflow_api_virtualenv.py for tasks to queue
[2023-09-29T07:58:11.905+0000] {logging_mixin.py:151} INFO - [2023-09-29T07:58:11.905+0000] {dagbag.py:539} INFO - Filling up the DagBag from /home/ubuntu/airflow_venv/lib/python3.10/site-packages/airflow/example_dags/tutorial_taskflow_api_virtualenv.py
[2023-09-29T07:58:11.912+0000] {processor.py:839} INFO - DAG(s) dict_keys(['tutorial_taskflow_api_virtualenv']) retrieved from /home/ubuntu/airflow_venv/lib/python3.10/site-packages/airflow/example_dags/tutorial_taskflow_api_virtualenv.py
[2023-09-29T07:58:11.931+0000] {logging_mixin.py:151} INFO - [2023-09-29T07:58:11.931+0000] {dag.py:2915} INFO - Sync 1 DAGs
[2023-09-29T07:58:11.950+0000] {logging_mixin.py:151} INFO - [2023-09-29T07:58:11.950+0000] {dag.py:3696} INFO - Setting next_dagrun for tutorial_taskflow_api_virtualenv to None, run_after=None
[2023-09-29T07:58:11.976+0000] {processor.py:179} INFO - Processing /home/ubuntu/airflow_venv/lib/python3.10/site-packages/airflow/example_dags/tutorial_taskflow_api_virtualenv.py took 0.075 seconds
[2023-09-29T07:58:46.416+0000] {processor.py:157} INFO - Started process (PID=1536) to work on /home/ubuntu/airflow_venv/lib/python3.10/site-packages/airflow/example_dags/tutorial_taskflow_api_virtualenv.py
[2023-09-29T07:58:46.417+0000] {processor.py:829} INFO - Processing file /home/ubuntu/airflow_venv/lib/python3.10/site-packages/airflow/example_dags/tutorial_taskflow_api_virtualenv.py for tasks to queue
[2023-09-29T07:58:46.417+0000] {logging_mixin.py:151} INFO - [2023-09-29T07:58:46.417+0000] {dagbag.py:539} INFO - Filling up the DagBag from /home/ubuntu/airflow_venv/lib/python3.10/site-packages/airflow/example_dags/tutorial_taskflow_api_virtualenv.py
[2023-09-29T07:58:46.425+0000] {processor.py:839} INFO - DAG(s) dict_keys(['tutorial_taskflow_api_virtualenv']) retrieved from /home/ubuntu/airflow_venv/lib/python3.10/site-packages/airflow/example_dags/tutorial_taskflow_api_virtualenv.py
[2023-09-29T07:58:46.440+0000] {logging_mixin.py:151} INFO - [2023-09-29T07:58:46.440+0000] {dag.py:2915} INFO - Sync 1 DAGs
[2023-09-29T07:58:46.451+0000] {logging_mixin.py:151} INFO - [2023-09-29T07:58:46.451+0000] {dag.py:3696} INFO - Setting next_dagrun for tutorial_taskflow_api_virtualenv to None, run_after=None
[2023-09-29T07:58:46.472+0000] {processor.py:179} INFO - Processing /home/ubuntu/airflow_venv/lib/python3.10/site-packages/airflow/example_dags/tutorial_taskflow_api_virtualenv.py took 0.059 seconds
[2023-09-29T07:59:19.649+0000] {processor.py:157} INFO - Started process (PID=1575) to work on /home/ubuntu/airflow_venv/lib/python3.10/site-packages/airflow/example_dags/tutorial_taskflow_api_virtualenv.py
[2023-09-29T07:59:19.650+0000] {processor.py:829} INFO - Processing file /home/ubuntu/airflow_venv/lib/python3.10/site-packages/airflow/example_dags/tutorial_taskflow_api_virtualenv.py for tasks to queue
[2023-09-29T07:59:19.650+0000] {logging_mixin.py:151} INFO - [2023-09-29T07:59:19.650+0000] {dagbag.py:539} INFO - Filling up the DagBag from /home/ubuntu/airflow_venv/lib/python3.10/site-packages/airflow/example_dags/tutorial_taskflow_api_virtualenv.py
[2023-09-29T07:59:19.658+0000] {processor.py:839} INFO - DAG(s) dict_keys(['tutorial_taskflow_api_virtualenv']) retrieved from /home/ubuntu/airflow_venv/lib/python3.10/site-packages/airflow/example_dags/tutorial_taskflow_api_virtualenv.py
[2023-09-29T07:59:19.676+0000] {logging_mixin.py:151} INFO - [2023-09-29T07:59:19.676+0000] {dag.py:2915} INFO - Sync 1 DAGs
[2023-09-29T07:59:19.692+0000] {logging_mixin.py:151} INFO - [2023-09-29T07:59:19.692+0000] {dag.py:3696} INFO - Setting next_dagrun for tutorial_taskflow_api_virtualenv to None, run_after=None
[2023-09-29T07:59:19.714+0000] {processor.py:179} INFO - Processing /home/ubuntu/airflow_venv/lib/python3.10/site-packages/airflow/example_dags/tutorial_taskflow_api_virtualenv.py took 0.071 seconds
[2023-09-29T07:59:55.917+0000] {processor.py:157} INFO - Started process (PID=1614) to work on /home/ubuntu/airflow_venv/lib/python3.10/site-packages/airflow/example_dags/tutorial_taskflow_api_virtualenv.py
[2023-09-29T07:59:55.918+0000] {processor.py:829} INFO - Processing file /home/ubuntu/airflow_venv/lib/python3.10/site-packages/airflow/example_dags/tutorial_taskflow_api_virtualenv.py for tasks to queue
[2023-09-29T07:59:55.919+0000] {logging_mixin.py:151} INFO - [2023-09-29T07:59:55.919+0000] {dagbag.py:539} INFO - Filling up the DagBag from /home/ubuntu/airflow_venv/lib/python3.10/site-packages/airflow/example_dags/tutorial_taskflow_api_virtualenv.py
[2023-09-29T07:59:55.926+0000] {processor.py:839} INFO - DAG(s) dict_keys(['tutorial_taskflow_api_virtualenv']) retrieved from /home/ubuntu/airflow_venv/lib/python3.10/site-packages/airflow/example_dags/tutorial_taskflow_api_virtualenv.py
[2023-09-29T07:59:55.946+0000] {logging_mixin.py:151} INFO - [2023-09-29T07:59:55.945+0000] {dag.py:2915} INFO - Sync 1 DAGs
[2023-09-29T07:59:55.956+0000] {logging_mixin.py:151} INFO - [2023-09-29T07:59:55.956+0000] {dag.py:3696} INFO - Setting next_dagrun for tutorial_taskflow_api_virtualenv to None, run_after=None
[2023-09-29T07:59:55.980+0000] {processor.py:179} INFO - Processing /home/ubuntu/airflow_venv/lib/python3.10/site-packages/airflow/example_dags/tutorial_taskflow_api_virtualenv.py took 0.067 seconds
[2023-09-29T08:00:47.655+0000] {processor.py:157} INFO - Started process (PID=1663) to work on /home/ubuntu/airflow_venv/lib/python3.10/site-packages/airflow/example_dags/tutorial_taskflow_api_virtualenv.py
[2023-09-29T08:00:47.656+0000] {processor.py:829} INFO - Processing file /home/ubuntu/airflow_venv/lib/python3.10/site-packages/airflow/example_dags/tutorial_taskflow_api_virtualenv.py for tasks to queue
[2023-09-29T08:00:47.657+0000] {logging_mixin.py:151} INFO - [2023-09-29T08:00:47.656+0000] {dagbag.py:539} INFO - Filling up the DagBag from /home/ubuntu/airflow_venv/lib/python3.10/site-packages/airflow/example_dags/tutorial_taskflow_api_virtualenv.py
[2023-09-29T08:00:47.665+0000] {processor.py:839} INFO - DAG(s) dict_keys(['tutorial_taskflow_api_virtualenv']) retrieved from /home/ubuntu/airflow_venv/lib/python3.10/site-packages/airflow/example_dags/tutorial_taskflow_api_virtualenv.py
[2023-09-29T08:00:47.683+0000] {logging_mixin.py:151} INFO - [2023-09-29T08:00:47.682+0000] {dag.py:2915} INFO - Sync 1 DAGs
[2023-09-29T08:00:47.696+0000] {logging_mixin.py:151} INFO - [2023-09-29T08:00:47.696+0000] {dag.py:3696} INFO - Setting next_dagrun for tutorial_taskflow_api_virtualenv to None, run_after=None
[2023-09-29T08:00:47.719+0000] {processor.py:179} INFO - Processing /home/ubuntu/airflow_venv/lib/python3.10/site-packages/airflow/example_dags/tutorial_taskflow_api_virtualenv.py took 0.068 seconds
[2023-09-29T08:01:21.227+0000] {processor.py:157} INFO - Started process (PID=1695) to work on /home/ubuntu/airflow_venv/lib/python3.10/site-packages/airflow/example_dags/tutorial_taskflow_api_virtualenv.py
[2023-09-29T08:01:21.229+0000] {processor.py:829} INFO - Processing file /home/ubuntu/airflow_venv/lib/python3.10/site-packages/airflow/example_dags/tutorial_taskflow_api_virtualenv.py for tasks to queue
[2023-09-29T08:01:21.230+0000] {logging_mixin.py:151} INFO - [2023-09-29T08:01:21.229+0000] {dagbag.py:539} INFO - Filling up the DagBag from /home/ubuntu/airflow_venv/lib/python3.10/site-packages/airflow/example_dags/tutorial_taskflow_api_virtualenv.py
[2023-09-29T08:01:21.239+0000] {processor.py:839} INFO - DAG(s) dict_keys(['tutorial_taskflow_api_virtualenv']) retrieved from /home/ubuntu/airflow_venv/lib/python3.10/site-packages/airflow/example_dags/tutorial_taskflow_api_virtualenv.py
[2023-09-29T08:01:21.260+0000] {logging_mixin.py:151} INFO - [2023-09-29T08:01:21.260+0000] {dag.py:2915} INFO - Sync 1 DAGs
[2023-09-29T08:01:21.271+0000] {logging_mixin.py:151} INFO - [2023-09-29T08:01:21.271+0000] {dag.py:3696} INFO - Setting next_dagrun for tutorial_taskflow_api_virtualenv to None, run_after=None
[2023-09-29T08:01:21.298+0000] {processor.py:179} INFO - Processing /home/ubuntu/airflow_venv/lib/python3.10/site-packages/airflow/example_dags/tutorial_taskflow_api_virtualenv.py took 0.075 seconds
[2023-09-29T08:02:00.141+0000] {processor.py:157} INFO - Started process (PID=1735) to work on /home/ubuntu/airflow_venv/lib/python3.10/site-packages/airflow/example_dags/tutorial_taskflow_api_virtualenv.py
[2023-09-29T08:02:00.142+0000] {processor.py:829} INFO - Processing file /home/ubuntu/airflow_venv/lib/python3.10/site-packages/airflow/example_dags/tutorial_taskflow_api_virtualenv.py for tasks to queue
[2023-09-29T08:02:00.143+0000] {logging_mixin.py:151} INFO - [2023-09-29T08:02:00.143+0000] {dagbag.py:539} INFO - Filling up the DagBag from /home/ubuntu/airflow_venv/lib/python3.10/site-packages/airflow/example_dags/tutorial_taskflow_api_virtualenv.py
[2023-09-29T08:02:00.150+0000] {processor.py:839} INFO - DAG(s) dict_keys(['tutorial_taskflow_api_virtualenv']) retrieved from /home/ubuntu/airflow_venv/lib/python3.10/site-packages/airflow/example_dags/tutorial_taskflow_api_virtualenv.py
[2023-09-29T08:02:00.168+0000] {logging_mixin.py:151} INFO - [2023-09-29T08:02:00.167+0000] {dag.py:2915} INFO - Sync 1 DAGs
[2023-09-29T08:02:00.179+0000] {logging_mixin.py:151} INFO - [2023-09-29T08:02:00.178+0000] {dag.py:3696} INFO - Setting next_dagrun for tutorial_taskflow_api_virtualenv to None, run_after=None
[2023-09-29T08:02:00.202+0000] {processor.py:179} INFO - Processing /home/ubuntu/airflow_venv/lib/python3.10/site-packages/airflow/example_dags/tutorial_taskflow_api_virtualenv.py took 0.065 seconds
[2023-09-29T08:02:37.489+0000] {processor.py:157} INFO - Started process (PID=1773) to work on /home/ubuntu/airflow_venv/lib/python3.10/site-packages/airflow/example_dags/tutorial_taskflow_api_virtualenv.py
[2023-09-29T08:02:37.490+0000] {processor.py:829} INFO - Processing file /home/ubuntu/airflow_venv/lib/python3.10/site-packages/airflow/example_dags/tutorial_taskflow_api_virtualenv.py for tasks to queue
[2023-09-29T08:02:37.490+0000] {logging_mixin.py:151} INFO - [2023-09-29T08:02:37.490+0000] {dagbag.py:539} INFO - Filling up the DagBag from /home/ubuntu/airflow_venv/lib/python3.10/site-packages/airflow/example_dags/tutorial_taskflow_api_virtualenv.py
[2023-09-29T08:02:37.497+0000] {processor.py:839} INFO - DAG(s) dict_keys(['tutorial_taskflow_api_virtualenv']) retrieved from /home/ubuntu/airflow_venv/lib/python3.10/site-packages/airflow/example_dags/tutorial_taskflow_api_virtualenv.py
[2023-09-29T08:02:37.514+0000] {logging_mixin.py:151} INFO - [2023-09-29T08:02:37.514+0000] {dag.py:2915} INFO - Sync 1 DAGs
[2023-09-29T08:02:37.524+0000] {logging_mixin.py:151} INFO - [2023-09-29T08:02:37.524+0000] {dag.py:3696} INFO - Setting next_dagrun for tutorial_taskflow_api_virtualenv to None, run_after=None
[2023-09-29T08:02:37.549+0000] {processor.py:179} INFO - Processing /home/ubuntu/airflow_venv/lib/python3.10/site-packages/airflow/example_dags/tutorial_taskflow_api_virtualenv.py took 0.064 seconds
[2023-09-29T08:03:12.692+0000] {processor.py:157} INFO - Started process (PID=1809) to work on /home/ubuntu/airflow_venv/lib/python3.10/site-packages/airflow/example_dags/tutorial_taskflow_api_virtualenv.py
[2023-09-29T08:03:12.693+0000] {processor.py:829} INFO - Processing file /home/ubuntu/airflow_venv/lib/python3.10/site-packages/airflow/example_dags/tutorial_taskflow_api_virtualenv.py for tasks to queue
[2023-09-29T08:03:12.695+0000] {logging_mixin.py:151} INFO - [2023-09-29T08:03:12.694+0000] {dagbag.py:539} INFO - Filling up the DagBag from /home/ubuntu/airflow_venv/lib/python3.10/site-packages/airflow/example_dags/tutorial_taskflow_api_virtualenv.py
[2023-09-29T08:03:12.702+0000] {processor.py:839} INFO - DAG(s) dict_keys(['tutorial_taskflow_api_virtualenv']) retrieved from /home/ubuntu/airflow_venv/lib/python3.10/site-packages/airflow/example_dags/tutorial_taskflow_api_virtualenv.py
[2023-09-29T08:03:12.718+0000] {logging_mixin.py:151} INFO - [2023-09-29T08:03:12.717+0000] {dag.py:2915} INFO - Sync 1 DAGs
[2023-09-29T08:03:12.734+0000] {logging_mixin.py:151} INFO - [2023-09-29T08:03:12.734+0000] {dag.py:3696} INFO - Setting next_dagrun for tutorial_taskflow_api_virtualenv to None, run_after=None
[2023-09-29T08:03:12.761+0000] {processor.py:179} INFO - Processing /home/ubuntu/airflow_venv/lib/python3.10/site-packages/airflow/example_dags/tutorial_taskflow_api_virtualenv.py took 0.071 seconds
[2023-09-29T08:03:46.416+0000] {processor.py:157} INFO - Started process (PID=1844) to work on /home/ubuntu/airflow_venv/lib/python3.10/site-packages/airflow/example_dags/tutorial_taskflow_api_virtualenv.py
[2023-09-29T08:03:46.417+0000] {processor.py:829} INFO - Processing file /home/ubuntu/airflow_venv/lib/python3.10/site-packages/airflow/example_dags/tutorial_taskflow_api_virtualenv.py for tasks to queue
[2023-09-29T08:03:46.418+0000] {logging_mixin.py:151} INFO - [2023-09-29T08:03:46.418+0000] {dagbag.py:539} INFO - Filling up the DagBag from /home/ubuntu/airflow_venv/lib/python3.10/site-packages/airflow/example_dags/tutorial_taskflow_api_virtualenv.py
[2023-09-29T08:03:46.425+0000] {processor.py:839} INFO - DAG(s) dict_keys(['tutorial_taskflow_api_virtualenv']) retrieved from /home/ubuntu/airflow_venv/lib/python3.10/site-packages/airflow/example_dags/tutorial_taskflow_api_virtualenv.py
[2023-09-29T08:03:46.443+0000] {logging_mixin.py:151} INFO - [2023-09-29T08:03:46.442+0000] {dag.py:2915} INFO - Sync 1 DAGs
[2023-09-29T08:03:46.454+0000] {logging_mixin.py:151} INFO - [2023-09-29T08:03:46.454+0000] {dag.py:3696} INFO - Setting next_dagrun for tutorial_taskflow_api_virtualenv to None, run_after=None
[2023-09-29T08:03:46.485+0000] {processor.py:179} INFO - Processing /home/ubuntu/airflow_venv/lib/python3.10/site-packages/airflow/example_dags/tutorial_taskflow_api_virtualenv.py took 0.072 seconds
[2023-09-29T08:04:21.563+0000] {processor.py:157} INFO - Started process (PID=1881) to work on /home/ubuntu/airflow_venv/lib/python3.10/site-packages/airflow/example_dags/tutorial_taskflow_api_virtualenv.py
[2023-09-29T08:04:21.565+0000] {processor.py:829} INFO - Processing file /home/ubuntu/airflow_venv/lib/python3.10/site-packages/airflow/example_dags/tutorial_taskflow_api_virtualenv.py for tasks to queue
[2023-09-29T08:04:21.566+0000] {logging_mixin.py:151} INFO - [2023-09-29T08:04:21.565+0000] {dagbag.py:539} INFO - Filling up the DagBag from /home/ubuntu/airflow_venv/lib/python3.10/site-packages/airflow/example_dags/tutorial_taskflow_api_virtualenv.py
[2023-09-29T08:04:21.573+0000] {processor.py:839} INFO - DAG(s) dict_keys(['tutorial_taskflow_api_virtualenv']) retrieved from /home/ubuntu/airflow_venv/lib/python3.10/site-packages/airflow/example_dags/tutorial_taskflow_api_virtualenv.py
[2023-09-29T08:04:21.589+0000] {logging_mixin.py:151} INFO - [2023-09-29T08:04:21.589+0000] {dag.py:2915} INFO - Sync 1 DAGs
[2023-09-29T08:04:21.601+0000] {logging_mixin.py:151} INFO - [2023-09-29T08:04:21.601+0000] {dag.py:3696} INFO - Setting next_dagrun for tutorial_taskflow_api_virtualenv to None, run_after=None
[2023-09-29T08:04:21.622+0000] {processor.py:179} INFO - Processing /home/ubuntu/airflow_venv/lib/python3.10/site-packages/airflow/example_dags/tutorial_taskflow_api_virtualenv.py took 0.063 seconds
[2023-09-29T08:04:56.314+0000] {processor.py:157} INFO - Started process (PID=1918) to work on /home/ubuntu/airflow_venv/lib/python3.10/site-packages/airflow/example_dags/tutorial_taskflow_api_virtualenv.py
[2023-09-29T08:04:56.315+0000] {processor.py:829} INFO - Processing file /home/ubuntu/airflow_venv/lib/python3.10/site-packages/airflow/example_dags/tutorial_taskflow_api_virtualenv.py for tasks to queue
[2023-09-29T08:04:56.316+0000] {logging_mixin.py:151} INFO - [2023-09-29T08:04:56.315+0000] {dagbag.py:539} INFO - Filling up the DagBag from /home/ubuntu/airflow_venv/lib/python3.10/site-packages/airflow/example_dags/tutorial_taskflow_api_virtualenv.py
[2023-09-29T08:04:56.324+0000] {processor.py:839} INFO - DAG(s) dict_keys(['tutorial_taskflow_api_virtualenv']) retrieved from /home/ubuntu/airflow_venv/lib/python3.10/site-packages/airflow/example_dags/tutorial_taskflow_api_virtualenv.py
[2023-09-29T08:04:56.342+0000] {logging_mixin.py:151} INFO - [2023-09-29T08:04:56.341+0000] {dag.py:2915} INFO - Sync 1 DAGs
[2023-09-29T08:04:56.365+0000] {logging_mixin.py:151} INFO - [2023-09-29T08:04:56.360+0000] {dag.py:3696} INFO - Setting next_dagrun for tutorial_taskflow_api_virtualenv to None, run_after=None
[2023-09-29T08:04:56.401+0000] {processor.py:179} INFO - Processing /home/ubuntu/airflow_venv/lib/python3.10/site-packages/airflow/example_dags/tutorial_taskflow_api_virtualenv.py took 0.091 seconds
[2023-09-29T08:05:44.619+0000] {processor.py:157} INFO - Started process (PID=1966) to work on /home/ubuntu/airflow_venv/lib/python3.10/site-packages/airflow/example_dags/tutorial_taskflow_api_virtualenv.py
[2023-09-29T08:05:44.621+0000] {processor.py:829} INFO - Processing file /home/ubuntu/airflow_venv/lib/python3.10/site-packages/airflow/example_dags/tutorial_taskflow_api_virtualenv.py for tasks to queue
[2023-09-29T08:05:44.623+0000] {logging_mixin.py:151} INFO - [2023-09-29T08:05:44.622+0000] {dagbag.py:539} INFO - Filling up the DagBag from /home/ubuntu/airflow_venv/lib/python3.10/site-packages/airflow/example_dags/tutorial_taskflow_api_virtualenv.py
[2023-09-29T08:05:44.649+0000] {processor.py:839} INFO - DAG(s) dict_keys(['tutorial_taskflow_api_virtualenv']) retrieved from /home/ubuntu/airflow_venv/lib/python3.10/site-packages/airflow/example_dags/tutorial_taskflow_api_virtualenv.py
[2023-09-29T08:05:44.686+0000] {logging_mixin.py:151} INFO - [2023-09-29T08:05:44.686+0000] {dag.py:2915} INFO - Sync 1 DAGs
[2023-09-29T08:05:44.720+0000] {logging_mixin.py:151} INFO - [2023-09-29T08:05:44.719+0000] {dag.py:3696} INFO - Setting next_dagrun for tutorial_taskflow_api_virtualenv to None, run_after=None
[2023-09-29T08:05:44.766+0000] {processor.py:179} INFO - Processing /home/ubuntu/airflow_venv/lib/python3.10/site-packages/airflow/example_dags/tutorial_taskflow_api_virtualenv.py took 0.158 seconds
[2023-09-29T08:06:21.785+0000] {processor.py:157} INFO - Started process (PID=2003) to work on /home/ubuntu/airflow_venv/lib/python3.10/site-packages/airflow/example_dags/tutorial_taskflow_api_virtualenv.py
[2023-09-29T08:06:21.787+0000] {processor.py:829} INFO - Processing file /home/ubuntu/airflow_venv/lib/python3.10/site-packages/airflow/example_dags/tutorial_taskflow_api_virtualenv.py for tasks to queue
[2023-09-29T08:06:21.788+0000] {logging_mixin.py:151} INFO - [2023-09-29T08:06:21.787+0000] {dagbag.py:539} INFO - Filling up the DagBag from /home/ubuntu/airflow_venv/lib/python3.10/site-packages/airflow/example_dags/tutorial_taskflow_api_virtualenv.py
[2023-09-29T08:06:21.795+0000] {processor.py:839} INFO - DAG(s) dict_keys(['tutorial_taskflow_api_virtualenv']) retrieved from /home/ubuntu/airflow_venv/lib/python3.10/site-packages/airflow/example_dags/tutorial_taskflow_api_virtualenv.py
[2023-09-29T08:06:21.812+0000] {logging_mixin.py:151} INFO - [2023-09-29T08:06:21.812+0000] {dag.py:2915} INFO - Sync 1 DAGs
[2023-09-29T08:06:21.824+0000] {logging_mixin.py:151} INFO - [2023-09-29T08:06:21.824+0000] {dag.py:3696} INFO - Setting next_dagrun for tutorial_taskflow_api_virtualenv to None, run_after=None
[2023-09-29T08:06:21.846+0000] {processor.py:179} INFO - Processing /home/ubuntu/airflow_venv/lib/python3.10/site-packages/airflow/example_dags/tutorial_taskflow_api_virtualenv.py took 0.065 seconds
[2023-09-29T08:06:55.115+0000] {processor.py:157} INFO - Started process (PID=2038) to work on /home/ubuntu/airflow_venv/lib/python3.10/site-packages/airflow/example_dags/tutorial_taskflow_api_virtualenv.py
[2023-09-29T08:06:55.116+0000] {processor.py:829} INFO - Processing file /home/ubuntu/airflow_venv/lib/python3.10/site-packages/airflow/example_dags/tutorial_taskflow_api_virtualenv.py for tasks to queue
[2023-09-29T08:06:55.117+0000] {logging_mixin.py:151} INFO - [2023-09-29T08:06:55.116+0000] {dagbag.py:539} INFO - Filling up the DagBag from /home/ubuntu/airflow_venv/lib/python3.10/site-packages/airflow/example_dags/tutorial_taskflow_api_virtualenv.py
[2023-09-29T08:06:55.125+0000] {processor.py:839} INFO - DAG(s) dict_keys(['tutorial_taskflow_api_virtualenv']) retrieved from /home/ubuntu/airflow_venv/lib/python3.10/site-packages/airflow/example_dags/tutorial_taskflow_api_virtualenv.py
[2023-09-29T08:06:55.146+0000] {logging_mixin.py:151} INFO - [2023-09-29T08:06:55.146+0000] {dag.py:2915} INFO - Sync 1 DAGs
[2023-09-29T08:06:55.163+0000] {logging_mixin.py:151} INFO - [2023-09-29T08:06:55.163+0000] {dag.py:3696} INFO - Setting next_dagrun for tutorial_taskflow_api_virtualenv to None, run_after=None
[2023-09-29T08:06:55.183+0000] {processor.py:179} INFO - Processing /home/ubuntu/airflow_venv/lib/python3.10/site-packages/airflow/example_dags/tutorial_taskflow_api_virtualenv.py took 0.072 seconds
[2023-09-29T08:07:26.443+0000] {processor.py:157} INFO - Started process (PID=2072) to work on /home/ubuntu/airflow_venv/lib/python3.10/site-packages/airflow/example_dags/tutorial_taskflow_api_virtualenv.py
[2023-09-29T08:07:26.444+0000] {processor.py:829} INFO - Processing file /home/ubuntu/airflow_venv/lib/python3.10/site-packages/airflow/example_dags/tutorial_taskflow_api_virtualenv.py for tasks to queue
[2023-09-29T08:07:26.445+0000] {logging_mixin.py:151} INFO - [2023-09-29T08:07:26.444+0000] {dagbag.py:539} INFO - Filling up the DagBag from /home/ubuntu/airflow_venv/lib/python3.10/site-packages/airflow/example_dags/tutorial_taskflow_api_virtualenv.py
[2023-09-29T08:07:26.452+0000] {processor.py:839} INFO - DAG(s) dict_keys(['tutorial_taskflow_api_virtualenv']) retrieved from /home/ubuntu/airflow_venv/lib/python3.10/site-packages/airflow/example_dags/tutorial_taskflow_api_virtualenv.py
[2023-09-29T08:07:26.467+0000] {logging_mixin.py:151} INFO - [2023-09-29T08:07:26.467+0000] {dag.py:2915} INFO - Sync 1 DAGs
[2023-09-29T08:07:26.478+0000] {logging_mixin.py:151} INFO - [2023-09-29T08:07:26.478+0000] {dag.py:3696} INFO - Setting next_dagrun for tutorial_taskflow_api_virtualenv to None, run_after=None
[2023-09-29T08:07:26.499+0000] {processor.py:179} INFO - Processing /home/ubuntu/airflow_venv/lib/python3.10/site-packages/airflow/example_dags/tutorial_taskflow_api_virtualenv.py took 0.059 seconds
[2023-09-29T08:08:00.436+0000] {processor.py:157} INFO - Started process (PID=2316) to work on /home/ubuntu/airflow_venv/lib/python3.10/site-packages/airflow/example_dags/tutorial_taskflow_api_virtualenv.py
[2023-09-29T08:08:00.438+0000] {processor.py:829} INFO - Processing file /home/ubuntu/airflow_venv/lib/python3.10/site-packages/airflow/example_dags/tutorial_taskflow_api_virtualenv.py for tasks to queue
[2023-09-29T08:08:00.438+0000] {logging_mixin.py:151} INFO - [2023-09-29T08:08:00.438+0000] {dagbag.py:539} INFO - Filling up the DagBag from /home/ubuntu/airflow_venv/lib/python3.10/site-packages/airflow/example_dags/tutorial_taskflow_api_virtualenv.py
[2023-09-29T08:08:00.446+0000] {processor.py:839} INFO - DAG(s) dict_keys(['tutorial_taskflow_api_virtualenv']) retrieved from /home/ubuntu/airflow_venv/lib/python3.10/site-packages/airflow/example_dags/tutorial_taskflow_api_virtualenv.py
[2023-09-29T08:08:00.462+0000] {logging_mixin.py:151} INFO - [2023-09-29T08:08:00.462+0000] {dag.py:2915} INFO - Sync 1 DAGs
[2023-09-29T08:08:00.474+0000] {logging_mixin.py:151} INFO - [2023-09-29T08:08:00.474+0000] {dag.py:3696} INFO - Setting next_dagrun for tutorial_taskflow_api_virtualenv to None, run_after=None
[2023-09-29T08:08:00.496+0000] {processor.py:179} INFO - Processing /home/ubuntu/airflow_venv/lib/python3.10/site-packages/airflow/example_dags/tutorial_taskflow_api_virtualenv.py took 0.063 seconds
[2023-09-29T08:08:37.184+0000] {processor.py:157} INFO - Started process (PID=2353) to work on /home/ubuntu/airflow_venv/lib/python3.10/site-packages/airflow/example_dags/tutorial_taskflow_api_virtualenv.py
[2023-09-29T08:08:37.185+0000] {processor.py:829} INFO - Processing file /home/ubuntu/airflow_venv/lib/python3.10/site-packages/airflow/example_dags/tutorial_taskflow_api_virtualenv.py for tasks to queue
[2023-09-29T08:08:37.186+0000] {logging_mixin.py:151} INFO - [2023-09-29T08:08:37.186+0000] {dagbag.py:539} INFO - Filling up the DagBag from /home/ubuntu/airflow_venv/lib/python3.10/site-packages/airflow/example_dags/tutorial_taskflow_api_virtualenv.py
[2023-09-29T08:08:37.195+0000] {processor.py:839} INFO - DAG(s) dict_keys(['tutorial_taskflow_api_virtualenv']) retrieved from /home/ubuntu/airflow_venv/lib/python3.10/site-packages/airflow/example_dags/tutorial_taskflow_api_virtualenv.py
[2023-09-29T08:08:37.214+0000] {logging_mixin.py:151} INFO - [2023-09-29T08:08:37.213+0000] {dag.py:2915} INFO - Sync 1 DAGs
[2023-09-29T08:08:37.226+0000] {logging_mixin.py:151} INFO - [2023-09-29T08:08:37.226+0000] {dag.py:3696} INFO - Setting next_dagrun for tutorial_taskflow_api_virtualenv to None, run_after=None
[2023-09-29T08:08:37.253+0000] {processor.py:179} INFO - Processing /home/ubuntu/airflow_venv/lib/python3.10/site-packages/airflow/example_dags/tutorial_taskflow_api_virtualenv.py took 0.072 seconds
[2023-09-29T08:09:11.179+0000] {processor.py:157} INFO - Started process (PID=2391) to work on /home/ubuntu/airflow_venv/lib/python3.10/site-packages/airflow/example_dags/tutorial_taskflow_api_virtualenv.py
[2023-09-29T08:09:11.180+0000] {processor.py:829} INFO - Processing file /home/ubuntu/airflow_venv/lib/python3.10/site-packages/airflow/example_dags/tutorial_taskflow_api_virtualenv.py for tasks to queue
[2023-09-29T08:09:11.181+0000] {logging_mixin.py:151} INFO - [2023-09-29T08:09:11.181+0000] {dagbag.py:539} INFO - Filling up the DagBag from /home/ubuntu/airflow_venv/lib/python3.10/site-packages/airflow/example_dags/tutorial_taskflow_api_virtualenv.py
[2023-09-29T08:09:11.188+0000] {processor.py:839} INFO - DAG(s) dict_keys(['tutorial_taskflow_api_virtualenv']) retrieved from /home/ubuntu/airflow_venv/lib/python3.10/site-packages/airflow/example_dags/tutorial_taskflow_api_virtualenv.py
[2023-09-29T08:09:11.204+0000] {logging_mixin.py:151} INFO - [2023-09-29T08:09:11.204+0000] {dag.py:2915} INFO - Sync 1 DAGs
[2023-09-29T08:09:11.216+0000] {logging_mixin.py:151} INFO - [2023-09-29T08:09:11.215+0000] {dag.py:3696} INFO - Setting next_dagrun for tutorial_taskflow_api_virtualenv to None, run_after=None
[2023-09-29T08:09:11.235+0000] {processor.py:179} INFO - Processing /home/ubuntu/airflow_venv/lib/python3.10/site-packages/airflow/example_dags/tutorial_taskflow_api_virtualenv.py took 0.059 seconds
