[2023-09-29T07:22:10.011+0000] {processor.py:157} INFO - Started process (PID=12176) to work on /home/ubuntu/airflow_venv/lib/python3.10/site-packages/airflow/example_dags/tutorial_dag.py
[2023-09-29T07:22:10.011+0000] {processor.py:829} INFO - Processing file /home/ubuntu/airflow_venv/lib/python3.10/site-packages/airflow/example_dags/tutorial_dag.py for tasks to queue
[2023-09-29T07:22:10.012+0000] {logging_mixin.py:151} INFO - [2023-09-29T07:22:10.012+0000] {dagbag.py:539} INFO - Filling up the DagBag from /home/ubuntu/airflow_venv/lib/python3.10/site-packages/airflow/example_dags/tutorial_dag.py
[2023-09-29T07:22:10.020+0000] {processor.py:839} INFO - DAG(s) dict_keys(['tutorial_dag']) retrieved from /home/ubuntu/airflow_venv/lib/python3.10/site-packages/airflow/example_dags/tutorial_dag.py
[2023-09-29T07:22:10.028+0000] {logging_mixin.py:151} INFO - [2023-09-29T07:22:10.028+0000] {dag.py:2915} INFO - Sync 1 DAGs
[2023-09-29T07:22:10.042+0000] {logging_mixin.py:151} INFO - [2023-09-29T07:22:10.042+0000] {dag.py:3696} INFO - Setting next_dagrun for tutorial_dag to None, run_after=None
[2023-09-29T07:22:10.062+0000] {processor.py:179} INFO - Processing /home/ubuntu/airflow_venv/lib/python3.10/site-packages/airflow/example_dags/tutorial_dag.py took 0.055 seconds
[2023-09-29T07:22:55.185+0000] {processor.py:157} INFO - Started process (PID=12224) to work on /home/ubuntu/airflow_venv/lib/python3.10/site-packages/airflow/example_dags/tutorial_dag.py
[2023-09-29T07:22:55.196+0000] {processor.py:829} INFO - Processing file /home/ubuntu/airflow_venv/lib/python3.10/site-packages/airflow/example_dags/tutorial_dag.py for tasks to queue
[2023-09-29T07:22:55.197+0000] {logging_mixin.py:151} INFO - [2023-09-29T07:22:55.197+0000] {dagbag.py:539} INFO - Filling up the DagBag from /home/ubuntu/airflow_venv/lib/python3.10/site-packages/airflow/example_dags/tutorial_dag.py
[2023-09-29T07:22:55.206+0000] {processor.py:839} INFO - DAG(s) dict_keys(['tutorial_dag']) retrieved from /home/ubuntu/airflow_venv/lib/python3.10/site-packages/airflow/example_dags/tutorial_dag.py
[2023-09-29T07:22:55.239+0000] {logging_mixin.py:151} INFO - [2023-09-29T07:22:55.239+0000] {dag.py:2915} INFO - Sync 1 DAGs
[2023-09-29T07:22:55.264+0000] {logging_mixin.py:151} INFO - [2023-09-29T07:22:55.264+0000] {dag.py:3696} INFO - Setting next_dagrun for tutorial_dag to None, run_after=None
[2023-09-29T07:22:55.287+0000] {processor.py:179} INFO - Processing /home/ubuntu/airflow_venv/lib/python3.10/site-packages/airflow/example_dags/tutorial_dag.py took 0.105 seconds
[2023-09-29T07:23:36.813+0000] {processor.py:157} INFO - Started process (PID=12528) to work on /home/ubuntu/airflow_venv/lib/python3.10/site-packages/airflow/example_dags/tutorial_dag.py
[2023-09-29T07:23:36.816+0000] {processor.py:829} INFO - Processing file /home/ubuntu/airflow_venv/lib/python3.10/site-packages/airflow/example_dags/tutorial_dag.py for tasks to queue
[2023-09-29T07:23:36.817+0000] {logging_mixin.py:151} INFO - [2023-09-29T07:23:36.816+0000] {dagbag.py:539} INFO - Filling up the DagBag from /home/ubuntu/airflow_venv/lib/python3.10/site-packages/airflow/example_dags/tutorial_dag.py
[2023-09-29T07:23:36.829+0000] {processor.py:839} INFO - DAG(s) dict_keys(['tutorial_dag']) retrieved from /home/ubuntu/airflow_venv/lib/python3.10/site-packages/airflow/example_dags/tutorial_dag.py
[2023-09-29T07:23:36.883+0000] {logging_mixin.py:151} INFO - [2023-09-29T07:23:36.883+0000] {dag.py:2915} INFO - Sync 1 DAGs
[2023-09-29T07:23:37.258+0000] {logging_mixin.py:151} INFO - [2023-09-29T07:23:37.257+0000] {dag.py:3696} INFO - Setting next_dagrun for tutorial_dag to None, run_after=None
[2023-09-29T07:23:37.344+0000] {processor.py:179} INFO - Processing /home/ubuntu/airflow_venv/lib/python3.10/site-packages/airflow/example_dags/tutorial_dag.py took 0.534 seconds
[2023-09-29T07:28:07.758+0000] {processor.py:157} INFO - Started process (PID=12852) to work on /home/ubuntu/airflow_venv/lib/python3.10/site-packages/airflow/example_dags/tutorial_dag.py
[2023-09-29T07:28:07.760+0000] {processor.py:829} INFO - Processing file /home/ubuntu/airflow_venv/lib/python3.10/site-packages/airflow/example_dags/tutorial_dag.py for tasks to queue
[2023-09-29T07:28:07.761+0000] {logging_mixin.py:151} INFO - [2023-09-29T07:28:07.761+0000] {dagbag.py:539} INFO - Filling up the DagBag from /home/ubuntu/airflow_venv/lib/python3.10/site-packages/airflow/example_dags/tutorial_dag.py
[2023-09-29T07:28:07.772+0000] {processor.py:839} INFO - DAG(s) dict_keys(['tutorial_dag']) retrieved from /home/ubuntu/airflow_venv/lib/python3.10/site-packages/airflow/example_dags/tutorial_dag.py
[2023-09-29T07:28:08.023+0000] {logging_mixin.py:151} INFO - [2023-09-29T07:28:08.022+0000] {dag.py:2915} INFO - Sync 1 DAGs
[2023-09-29T07:28:08.047+0000] {logging_mixin.py:151} INFO - [2023-09-29T07:28:08.047+0000] {dag.py:3696} INFO - Setting next_dagrun for tutorial_dag to None, run_after=None
[2023-09-29T07:28:08.085+0000] {processor.py:179} INFO - Processing /home/ubuntu/airflow_venv/lib/python3.10/site-packages/airflow/example_dags/tutorial_dag.py took 0.331 seconds
[2023-09-29T07:28:42.296+0000] {processor.py:157} INFO - Started process (PID=12887) to work on /home/ubuntu/airflow_venv/lib/python3.10/site-packages/airflow/example_dags/tutorial_dag.py
[2023-09-29T07:28:42.297+0000] {processor.py:829} INFO - Processing file /home/ubuntu/airflow_venv/lib/python3.10/site-packages/airflow/example_dags/tutorial_dag.py for tasks to queue
[2023-09-29T07:28:42.298+0000] {logging_mixin.py:151} INFO - [2023-09-29T07:28:42.298+0000] {dagbag.py:539} INFO - Filling up the DagBag from /home/ubuntu/airflow_venv/lib/python3.10/site-packages/airflow/example_dags/tutorial_dag.py
[2023-09-29T07:28:42.304+0000] {processor.py:839} INFO - DAG(s) dict_keys(['tutorial_dag']) retrieved from /home/ubuntu/airflow_venv/lib/python3.10/site-packages/airflow/example_dags/tutorial_dag.py
[2023-09-29T07:28:42.324+0000] {logging_mixin.py:151} INFO - [2023-09-29T07:28:42.324+0000] {dag.py:2915} INFO - Sync 1 DAGs
[2023-09-29T07:28:42.336+0000] {logging_mixin.py:151} INFO - [2023-09-29T07:28:42.336+0000] {dag.py:3696} INFO - Setting next_dagrun for tutorial_dag to None, run_after=None
[2023-09-29T07:28:42.357+0000] {processor.py:179} INFO - Processing /home/ubuntu/airflow_venv/lib/python3.10/site-packages/airflow/example_dags/tutorial_dag.py took 0.064 seconds
[2023-09-29T07:29:22.111+0000] {processor.py:157} INFO - Started process (PID=12927) to work on /home/ubuntu/airflow_venv/lib/python3.10/site-packages/airflow/example_dags/tutorial_dag.py
[2023-09-29T07:29:22.112+0000] {processor.py:829} INFO - Processing file /home/ubuntu/airflow_venv/lib/python3.10/site-packages/airflow/example_dags/tutorial_dag.py for tasks to queue
[2023-09-29T07:29:22.113+0000] {logging_mixin.py:151} INFO - [2023-09-29T07:29:22.113+0000] {dagbag.py:539} INFO - Filling up the DagBag from /home/ubuntu/airflow_venv/lib/python3.10/site-packages/airflow/example_dags/tutorial_dag.py
[2023-09-29T07:29:22.121+0000] {processor.py:839} INFO - DAG(s) dict_keys(['tutorial_dag']) retrieved from /home/ubuntu/airflow_venv/lib/python3.10/site-packages/airflow/example_dags/tutorial_dag.py
[2023-09-29T07:29:22.143+0000] {logging_mixin.py:151} INFO - [2023-09-29T07:29:22.142+0000] {dag.py:2915} INFO - Sync 1 DAGs
[2023-09-29T07:29:22.156+0000] {logging_mixin.py:151} INFO - [2023-09-29T07:29:22.156+0000] {dag.py:3696} INFO - Setting next_dagrun for tutorial_dag to None, run_after=None
[2023-09-29T07:29:22.188+0000] {processor.py:179} INFO - Processing /home/ubuntu/airflow_venv/lib/python3.10/site-packages/airflow/example_dags/tutorial_dag.py took 0.080 seconds
[2023-09-29T07:29:58.397+0000] {processor.py:157} INFO - Started process (PID=12965) to work on /home/ubuntu/airflow_venv/lib/python3.10/site-packages/airflow/example_dags/tutorial_dag.py
[2023-09-29T07:29:58.398+0000] {processor.py:829} INFO - Processing file /home/ubuntu/airflow_venv/lib/python3.10/site-packages/airflow/example_dags/tutorial_dag.py for tasks to queue
[2023-09-29T07:29:58.399+0000] {logging_mixin.py:151} INFO - [2023-09-29T07:29:58.398+0000] {dagbag.py:539} INFO - Filling up the DagBag from /home/ubuntu/airflow_venv/lib/python3.10/site-packages/airflow/example_dags/tutorial_dag.py
[2023-09-29T07:29:58.405+0000] {processor.py:839} INFO - DAG(s) dict_keys(['tutorial_dag']) retrieved from /home/ubuntu/airflow_venv/lib/python3.10/site-packages/airflow/example_dags/tutorial_dag.py
[2023-09-29T07:29:58.421+0000] {logging_mixin.py:151} INFO - [2023-09-29T07:29:58.420+0000] {dag.py:2915} INFO - Sync 1 DAGs
[2023-09-29T07:29:58.432+0000] {logging_mixin.py:151} INFO - [2023-09-29T07:29:58.432+0000] {dag.py:3696} INFO - Setting next_dagrun for tutorial_dag to None, run_after=None
[2023-09-29T07:29:58.456+0000] {processor.py:179} INFO - Processing /home/ubuntu/airflow_venv/lib/python3.10/site-packages/airflow/example_dags/tutorial_dag.py took 0.063 seconds
[2023-09-29T07:30:35.674+0000] {processor.py:157} INFO - Started process (PID=13003) to work on /home/ubuntu/airflow_venv/lib/python3.10/site-packages/airflow/example_dags/tutorial_dag.py
[2023-09-29T07:30:35.680+0000] {processor.py:829} INFO - Processing file /home/ubuntu/airflow_venv/lib/python3.10/site-packages/airflow/example_dags/tutorial_dag.py for tasks to queue
[2023-09-29T07:30:35.681+0000] {logging_mixin.py:151} INFO - [2023-09-29T07:30:35.681+0000] {dagbag.py:539} INFO - Filling up the DagBag from /home/ubuntu/airflow_venv/lib/python3.10/site-packages/airflow/example_dags/tutorial_dag.py
[2023-09-29T07:30:35.689+0000] {processor.py:839} INFO - DAG(s) dict_keys(['tutorial_dag']) retrieved from /home/ubuntu/airflow_venv/lib/python3.10/site-packages/airflow/example_dags/tutorial_dag.py
[2023-09-29T07:30:35.724+0000] {logging_mixin.py:151} INFO - [2023-09-29T07:30:35.724+0000] {dag.py:2915} INFO - Sync 1 DAGs
[2023-09-29T07:30:35.741+0000] {logging_mixin.py:151} INFO - [2023-09-29T07:30:35.740+0000] {dag.py:3696} INFO - Setting next_dagrun for tutorial_dag to None, run_after=None
[2023-09-29T07:30:35.764+0000] {processor.py:179} INFO - Processing /home/ubuntu/airflow_venv/lib/python3.10/site-packages/airflow/example_dags/tutorial_dag.py took 0.095 seconds
[2023-09-29T07:31:11.734+0000] {processor.py:157} INFO - Started process (PID=13042) to work on /home/ubuntu/airflow_venv/lib/python3.10/site-packages/airflow/example_dags/tutorial_dag.py
[2023-09-29T07:31:11.735+0000] {processor.py:829} INFO - Processing file /home/ubuntu/airflow_venv/lib/python3.10/site-packages/airflow/example_dags/tutorial_dag.py for tasks to queue
[2023-09-29T07:31:11.736+0000] {logging_mixin.py:151} INFO - [2023-09-29T07:31:11.736+0000] {dagbag.py:539} INFO - Filling up the DagBag from /home/ubuntu/airflow_venv/lib/python3.10/site-packages/airflow/example_dags/tutorial_dag.py
[2023-09-29T07:31:11.741+0000] {processor.py:839} INFO - DAG(s) dict_keys(['tutorial_dag']) retrieved from /home/ubuntu/airflow_venv/lib/python3.10/site-packages/airflow/example_dags/tutorial_dag.py
[2023-09-29T07:31:11.758+0000] {logging_mixin.py:151} INFO - [2023-09-29T07:31:11.757+0000] {dag.py:2915} INFO - Sync 1 DAGs
[2023-09-29T07:31:11.769+0000] {logging_mixin.py:151} INFO - [2023-09-29T07:31:11.768+0000] {dag.py:3696} INFO - Setting next_dagrun for tutorial_dag to None, run_after=None
[2023-09-29T07:31:11.788+0000] {processor.py:179} INFO - Processing /home/ubuntu/airflow_venv/lib/python3.10/site-packages/airflow/example_dags/tutorial_dag.py took 0.057 seconds
[2023-09-29T07:42:59.151+0000] {processor.py:157} INFO - Started process (PID=1186) to work on /home/ubuntu/airflow_venv/lib/python3.10/site-packages/airflow/example_dags/tutorial_dag.py
[2023-09-29T07:42:59.153+0000] {processor.py:829} INFO - Processing file /home/ubuntu/airflow_venv/lib/python3.10/site-packages/airflow/example_dags/tutorial_dag.py for tasks to queue
[2023-09-29T07:42:59.154+0000] {logging_mixin.py:151} INFO - [2023-09-29T07:42:59.153+0000] {dagbag.py:539} INFO - Filling up the DagBag from /home/ubuntu/airflow_venv/lib/python3.10/site-packages/airflow/example_dags/tutorial_dag.py
[2023-09-29T07:42:59.164+0000] {processor.py:839} INFO - DAG(s) dict_keys(['tutorial_dag']) retrieved from /home/ubuntu/airflow_venv/lib/python3.10/site-packages/airflow/example_dags/tutorial_dag.py
[2023-09-29T07:42:59.174+0000] {logging_mixin.py:151} INFO - [2023-09-29T07:42:59.173+0000] {dag.py:2915} INFO - Sync 1 DAGs
[2023-09-29T07:42:59.195+0000] {logging_mixin.py:151} INFO - [2023-09-29T07:42:59.195+0000] {dag.py:3696} INFO - Setting next_dagrun for tutorial_dag to None, run_after=None
[2023-09-29T07:42:59.223+0000] {processor.py:179} INFO - Processing /home/ubuntu/airflow_venv/lib/python3.10/site-packages/airflow/example_dags/tutorial_dag.py took 0.076 seconds
[2023-09-29T07:43:47.127+0000] {processor.py:157} INFO - Started process (PID=1238) to work on /home/ubuntu/airflow_venv/lib/python3.10/site-packages/airflow/example_dags/tutorial_dag.py
[2023-09-29T07:43:47.130+0000] {processor.py:829} INFO - Processing file /home/ubuntu/airflow_venv/lib/python3.10/site-packages/airflow/example_dags/tutorial_dag.py for tasks to queue
[2023-09-29T07:43:47.131+0000] {logging_mixin.py:151} INFO - [2023-09-29T07:43:47.131+0000] {dagbag.py:539} INFO - Filling up the DagBag from /home/ubuntu/airflow_venv/lib/python3.10/site-packages/airflow/example_dags/tutorial_dag.py
[2023-09-29T07:43:47.139+0000] {processor.py:839} INFO - DAG(s) dict_keys(['tutorial_dag']) retrieved from /home/ubuntu/airflow_venv/lib/python3.10/site-packages/airflow/example_dags/tutorial_dag.py
[2023-09-29T07:43:47.158+0000] {logging_mixin.py:151} INFO - [2023-09-29T07:43:47.158+0000] {dag.py:2915} INFO - Sync 1 DAGs
[2023-09-29T07:43:47.168+0000] {logging_mixin.py:151} INFO - [2023-09-29T07:43:47.168+0000] {dag.py:3696} INFO - Setting next_dagrun for tutorial_dag to None, run_after=None
[2023-09-29T07:43:47.188+0000] {processor.py:179} INFO - Processing /home/ubuntu/airflow_venv/lib/python3.10/site-packages/airflow/example_dags/tutorial_dag.py took 0.068 seconds
[2023-09-29T07:44:31.375+0000] {processor.py:157} INFO - Started process (PID=1277) to work on /home/ubuntu/airflow_venv/lib/python3.10/site-packages/airflow/example_dags/tutorial_dag.py
[2023-09-29T07:44:31.376+0000] {processor.py:829} INFO - Processing file /home/ubuntu/airflow_venv/lib/python3.10/site-packages/airflow/example_dags/tutorial_dag.py for tasks to queue
[2023-09-29T07:44:31.377+0000] {logging_mixin.py:151} INFO - [2023-09-29T07:44:31.377+0000] {dagbag.py:539} INFO - Filling up the DagBag from /home/ubuntu/airflow_venv/lib/python3.10/site-packages/airflow/example_dags/tutorial_dag.py
[2023-09-29T07:44:31.383+0000] {processor.py:839} INFO - DAG(s) dict_keys(['tutorial_dag']) retrieved from /home/ubuntu/airflow_venv/lib/python3.10/site-packages/airflow/example_dags/tutorial_dag.py
[2023-09-29T07:44:31.401+0000] {logging_mixin.py:151} INFO - [2023-09-29T07:44:31.401+0000] {dag.py:2915} INFO - Sync 1 DAGs
[2023-09-29T07:44:31.424+0000] {logging_mixin.py:151} INFO - [2023-09-29T07:44:31.424+0000] {dag.py:3696} INFO - Setting next_dagrun for tutorial_dag to None, run_after=None
[2023-09-29T07:44:31.599+0000] {processor.py:179} INFO - Processing /home/ubuntu/airflow_venv/lib/python3.10/site-packages/airflow/example_dags/tutorial_dag.py took 0.227 seconds
[2023-09-29T07:45:23.391+0000] {processor.py:157} INFO - Started process (PID=1673) to work on /home/ubuntu/airflow_venv/lib/python3.10/site-packages/airflow/example_dags/tutorial_dag.py
[2023-09-29T07:45:23.393+0000] {processor.py:829} INFO - Processing file /home/ubuntu/airflow_venv/lib/python3.10/site-packages/airflow/example_dags/tutorial_dag.py for tasks to queue
[2023-09-29T07:45:23.395+0000] {logging_mixin.py:151} INFO - [2023-09-29T07:45:23.394+0000] {dagbag.py:539} INFO - Filling up the DagBag from /home/ubuntu/airflow_venv/lib/python3.10/site-packages/airflow/example_dags/tutorial_dag.py
[2023-09-29T07:45:23.621+0000] {processor.py:839} INFO - DAG(s) dict_keys(['tutorial_dag']) retrieved from /home/ubuntu/airflow_venv/lib/python3.10/site-packages/airflow/example_dags/tutorial_dag.py
[2023-09-29T07:45:23.639+0000] {logging_mixin.py:151} INFO - [2023-09-29T07:45:23.639+0000] {dag.py:2915} INFO - Sync 1 DAGs
[2023-09-29T07:45:23.657+0000] {logging_mixin.py:151} INFO - [2023-09-29T07:45:23.656+0000] {dag.py:3696} INFO - Setting next_dagrun for tutorial_dag to None, run_after=None
[2023-09-29T07:45:23.688+0000] {processor.py:179} INFO - Processing /home/ubuntu/airflow_venv/lib/python3.10/site-packages/airflow/example_dags/tutorial_dag.py took 0.301 seconds
[2023-09-29T07:54:53.241+0000] {processor.py:157} INFO - Started process (PID=1310) to work on /home/ubuntu/airflow_venv/lib/python3.10/site-packages/airflow/example_dags/tutorial_dag.py
[2023-09-29T07:54:53.244+0000] {processor.py:829} INFO - Processing file /home/ubuntu/airflow_venv/lib/python3.10/site-packages/airflow/example_dags/tutorial_dag.py for tasks to queue
[2023-09-29T07:54:53.245+0000] {logging_mixin.py:151} INFO - [2023-09-29T07:54:53.245+0000] {dagbag.py:539} INFO - Filling up the DagBag from /home/ubuntu/airflow_venv/lib/python3.10/site-packages/airflow/example_dags/tutorial_dag.py
[2023-09-29T07:54:53.261+0000] {processor.py:839} INFO - DAG(s) dict_keys(['tutorial_dag']) retrieved from /home/ubuntu/airflow_venv/lib/python3.10/site-packages/airflow/example_dags/tutorial_dag.py
[2023-09-29T07:54:53.273+0000] {logging_mixin.py:151} INFO - [2023-09-29T07:54:53.272+0000] {dag.py:2915} INFO - Sync 1 DAGs
[2023-09-29T07:54:53.290+0000] {logging_mixin.py:151} INFO - [2023-09-29T07:54:53.290+0000] {dag.py:3696} INFO - Setting next_dagrun for tutorial_dag to None, run_after=None
[2023-09-29T07:54:53.344+0000] {processor.py:179} INFO - Processing /home/ubuntu/airflow_venv/lib/python3.10/site-packages/airflow/example_dags/tutorial_dag.py took 0.107 seconds
[2023-09-29T07:55:42.172+0000] {processor.py:157} INFO - Started process (PID=1362) to work on /home/ubuntu/airflow_venv/lib/python3.10/site-packages/airflow/example_dags/tutorial_dag.py
[2023-09-29T07:55:42.173+0000] {processor.py:829} INFO - Processing file /home/ubuntu/airflow_venv/lib/python3.10/site-packages/airflow/example_dags/tutorial_dag.py for tasks to queue
[2023-09-29T07:55:42.174+0000] {logging_mixin.py:151} INFO - [2023-09-29T07:55:42.173+0000] {dagbag.py:539} INFO - Filling up the DagBag from /home/ubuntu/airflow_venv/lib/python3.10/site-packages/airflow/example_dags/tutorial_dag.py
[2023-09-29T07:55:42.179+0000] {processor.py:839} INFO - DAG(s) dict_keys(['tutorial_dag']) retrieved from /home/ubuntu/airflow_venv/lib/python3.10/site-packages/airflow/example_dags/tutorial_dag.py
[2023-09-29T07:55:42.198+0000] {logging_mixin.py:151} INFO - [2023-09-29T07:55:42.198+0000] {dag.py:2915} INFO - Sync 1 DAGs
[2023-09-29T07:55:42.211+0000] {logging_mixin.py:151} INFO - [2023-09-29T07:55:42.210+0000] {dag.py:3696} INFO - Setting next_dagrun for tutorial_dag to None, run_after=None
[2023-09-29T07:55:42.230+0000] {processor.py:179} INFO - Processing /home/ubuntu/airflow_venv/lib/python3.10/site-packages/airflow/example_dags/tutorial_dag.py took 0.061 seconds
[2023-09-29T07:56:34.622+0000] {processor.py:157} INFO - Started process (PID=1410) to work on /home/ubuntu/airflow_venv/lib/python3.10/site-packages/airflow/example_dags/tutorial_dag.py
[2023-09-29T07:56:34.624+0000] {processor.py:829} INFO - Processing file /home/ubuntu/airflow_venv/lib/python3.10/site-packages/airflow/example_dags/tutorial_dag.py for tasks to queue
[2023-09-29T07:56:34.624+0000] {logging_mixin.py:151} INFO - [2023-09-29T07:56:34.624+0000] {dagbag.py:539} INFO - Filling up the DagBag from /home/ubuntu/airflow_venv/lib/python3.10/site-packages/airflow/example_dags/tutorial_dag.py
[2023-09-29T07:56:34.630+0000] {processor.py:839} INFO - DAG(s) dict_keys(['tutorial_dag']) retrieved from /home/ubuntu/airflow_venv/lib/python3.10/site-packages/airflow/example_dags/tutorial_dag.py
[2023-09-29T07:56:34.649+0000] {logging_mixin.py:151} INFO - [2023-09-29T07:56:34.648+0000] {dag.py:2915} INFO - Sync 1 DAGs
[2023-09-29T07:56:34.818+0000] {logging_mixin.py:151} INFO - [2023-09-29T07:56:34.818+0000] {dag.py:3696} INFO - Setting next_dagrun for tutorial_dag to None, run_after=None
[2023-09-29T07:56:34.843+0000] {processor.py:179} INFO - Processing /home/ubuntu/airflow_venv/lib/python3.10/site-packages/airflow/example_dags/tutorial_dag.py took 0.224 seconds
[2023-09-29T07:57:29.277+0000] {processor.py:157} INFO - Started process (PID=1457) to work on /home/ubuntu/airflow_venv/lib/python3.10/site-packages/airflow/example_dags/tutorial_dag.py
[2023-09-29T07:57:29.281+0000] {processor.py:829} INFO - Processing file /home/ubuntu/airflow_venv/lib/python3.10/site-packages/airflow/example_dags/tutorial_dag.py for tasks to queue
[2023-09-29T07:57:29.282+0000] {logging_mixin.py:151} INFO - [2023-09-29T07:57:29.282+0000] {dagbag.py:539} INFO - Filling up the DagBag from /home/ubuntu/airflow_venv/lib/python3.10/site-packages/airflow/example_dags/tutorial_dag.py
[2023-09-29T07:57:29.287+0000] {processor.py:839} INFO - DAG(s) dict_keys(['tutorial_dag']) retrieved from /home/ubuntu/airflow_venv/lib/python3.10/site-packages/airflow/example_dags/tutorial_dag.py
[2023-09-29T07:57:29.304+0000] {logging_mixin.py:151} INFO - [2023-09-29T07:57:29.304+0000] {dag.py:2915} INFO - Sync 1 DAGs
[2023-09-29T07:57:29.314+0000] {logging_mixin.py:151} INFO - [2023-09-29T07:57:29.314+0000] {dag.py:3696} INFO - Setting next_dagrun for tutorial_dag to None, run_after=None
[2023-09-29T07:57:29.335+0000] {processor.py:179} INFO - Processing /home/ubuntu/airflow_venv/lib/python3.10/site-packages/airflow/example_dags/tutorial_dag.py took 0.061 seconds
[2023-09-29T07:58:10.766+0000] {processor.py:157} INFO - Started process (PID=1499) to work on /home/ubuntu/airflow_venv/lib/python3.10/site-packages/airflow/example_dags/tutorial_dag.py
[2023-09-29T07:58:10.767+0000] {processor.py:829} INFO - Processing file /home/ubuntu/airflow_venv/lib/python3.10/site-packages/airflow/example_dags/tutorial_dag.py for tasks to queue
[2023-09-29T07:58:10.771+0000] {logging_mixin.py:151} INFO - [2023-09-29T07:58:10.768+0000] {dagbag.py:539} INFO - Filling up the DagBag from /home/ubuntu/airflow_venv/lib/python3.10/site-packages/airflow/example_dags/tutorial_dag.py
[2023-09-29T07:58:10.779+0000] {processor.py:839} INFO - DAG(s) dict_keys(['tutorial_dag']) retrieved from /home/ubuntu/airflow_venv/lib/python3.10/site-packages/airflow/example_dags/tutorial_dag.py
[2023-09-29T07:58:10.797+0000] {logging_mixin.py:151} INFO - [2023-09-29T07:58:10.797+0000] {dag.py:2915} INFO - Sync 1 DAGs
[2023-09-29T07:58:10.810+0000] {logging_mixin.py:151} INFO - [2023-09-29T07:58:10.810+0000] {dag.py:3696} INFO - Setting next_dagrun for tutorial_dag to None, run_after=None
[2023-09-29T07:58:10.831+0000] {processor.py:179} INFO - Processing /home/ubuntu/airflow_venv/lib/python3.10/site-packages/airflow/example_dags/tutorial_dag.py took 0.068 seconds
[2023-09-29T07:58:45.774+0000] {processor.py:157} INFO - Started process (PID=1535) to work on /home/ubuntu/airflow_venv/lib/python3.10/site-packages/airflow/example_dags/tutorial_dag.py
[2023-09-29T07:58:45.776+0000] {processor.py:829} INFO - Processing file /home/ubuntu/airflow_venv/lib/python3.10/site-packages/airflow/example_dags/tutorial_dag.py for tasks to queue
[2023-09-29T07:58:45.777+0000] {logging_mixin.py:151} INFO - [2023-09-29T07:58:45.776+0000] {dagbag.py:539} INFO - Filling up the DagBag from /home/ubuntu/airflow_venv/lib/python3.10/site-packages/airflow/example_dags/tutorial_dag.py
[2023-09-29T07:58:45.784+0000] {processor.py:839} INFO - DAG(s) dict_keys(['tutorial_dag']) retrieved from /home/ubuntu/airflow_venv/lib/python3.10/site-packages/airflow/example_dags/tutorial_dag.py
[2023-09-29T07:58:45.804+0000] {logging_mixin.py:151} INFO - [2023-09-29T07:58:45.804+0000] {dag.py:2915} INFO - Sync 1 DAGs
[2023-09-29T07:58:45.825+0000] {logging_mixin.py:151} INFO - [2023-09-29T07:58:45.825+0000] {dag.py:3696} INFO - Setting next_dagrun for tutorial_dag to None, run_after=None
[2023-09-29T07:58:45.849+0000] {processor.py:179} INFO - Processing /home/ubuntu/airflow_venv/lib/python3.10/site-packages/airflow/example_dags/tutorial_dag.py took 0.079 seconds
[2023-09-29T07:59:19.085+0000] {processor.py:157} INFO - Started process (PID=1574) to work on /home/ubuntu/airflow_venv/lib/python3.10/site-packages/airflow/example_dags/tutorial_dag.py
[2023-09-29T07:59:19.085+0000] {processor.py:829} INFO - Processing file /home/ubuntu/airflow_venv/lib/python3.10/site-packages/airflow/example_dags/tutorial_dag.py for tasks to queue
[2023-09-29T07:59:19.086+0000] {logging_mixin.py:151} INFO - [2023-09-29T07:59:19.086+0000] {dagbag.py:539} INFO - Filling up the DagBag from /home/ubuntu/airflow_venv/lib/python3.10/site-packages/airflow/example_dags/tutorial_dag.py
[2023-09-29T07:59:19.092+0000] {processor.py:839} INFO - DAG(s) dict_keys(['tutorial_dag']) retrieved from /home/ubuntu/airflow_venv/lib/python3.10/site-packages/airflow/example_dags/tutorial_dag.py
[2023-09-29T07:59:19.111+0000] {logging_mixin.py:151} INFO - [2023-09-29T07:59:19.110+0000] {dag.py:2915} INFO - Sync 1 DAGs
[2023-09-29T07:59:19.121+0000] {logging_mixin.py:151} INFO - [2023-09-29T07:59:19.120+0000] {dag.py:3696} INFO - Setting next_dagrun for tutorial_dag to None, run_after=None
[2023-09-29T07:59:19.140+0000] {processor.py:179} INFO - Processing /home/ubuntu/airflow_venv/lib/python3.10/site-packages/airflow/example_dags/tutorial_dag.py took 0.059 seconds
[2023-09-29T07:59:55.656+0000] {processor.py:157} INFO - Started process (PID=1613) to work on /home/ubuntu/airflow_venv/lib/python3.10/site-packages/airflow/example_dags/tutorial_dag.py
[2023-09-29T07:59:55.658+0000] {processor.py:829} INFO - Processing file /home/ubuntu/airflow_venv/lib/python3.10/site-packages/airflow/example_dags/tutorial_dag.py for tasks to queue
[2023-09-29T07:59:55.660+0000] {logging_mixin.py:151} INFO - [2023-09-29T07:59:55.659+0000] {dagbag.py:539} INFO - Filling up the DagBag from /home/ubuntu/airflow_venv/lib/python3.10/site-packages/airflow/example_dags/tutorial_dag.py
[2023-09-29T07:59:55.668+0000] {processor.py:839} INFO - DAG(s) dict_keys(['tutorial_dag']) retrieved from /home/ubuntu/airflow_venv/lib/python3.10/site-packages/airflow/example_dags/tutorial_dag.py
[2023-09-29T07:59:55.697+0000] {logging_mixin.py:151} INFO - [2023-09-29T07:59:55.697+0000] {dag.py:2915} INFO - Sync 1 DAGs
[2023-09-29T07:59:55.709+0000] {logging_mixin.py:151} INFO - [2023-09-29T07:59:55.709+0000] {dag.py:3696} INFO - Setting next_dagrun for tutorial_dag to None, run_after=None
[2023-09-29T07:59:55.734+0000] {processor.py:179} INFO - Processing /home/ubuntu/airflow_venv/lib/python3.10/site-packages/airflow/example_dags/tutorial_dag.py took 0.083 seconds
[2023-09-29T08:00:47.298+0000] {processor.py:157} INFO - Started process (PID=1662) to work on /home/ubuntu/airflow_venv/lib/python3.10/site-packages/airflow/example_dags/tutorial_dag.py
[2023-09-29T08:00:47.299+0000] {processor.py:829} INFO - Processing file /home/ubuntu/airflow_venv/lib/python3.10/site-packages/airflow/example_dags/tutorial_dag.py for tasks to queue
[2023-09-29T08:00:47.300+0000] {logging_mixin.py:151} INFO - [2023-09-29T08:00:47.300+0000] {dagbag.py:539} INFO - Filling up the DagBag from /home/ubuntu/airflow_venv/lib/python3.10/site-packages/airflow/example_dags/tutorial_dag.py
[2023-09-29T08:00:47.306+0000] {processor.py:839} INFO - DAG(s) dict_keys(['tutorial_dag']) retrieved from /home/ubuntu/airflow_venv/lib/python3.10/site-packages/airflow/example_dags/tutorial_dag.py
[2023-09-29T08:00:47.322+0000] {logging_mixin.py:151} INFO - [2023-09-29T08:00:47.322+0000] {dag.py:2915} INFO - Sync 1 DAGs
[2023-09-29T08:00:47.333+0000] {logging_mixin.py:151} INFO - [2023-09-29T08:00:47.333+0000] {dag.py:3696} INFO - Setting next_dagrun for tutorial_dag to None, run_after=None
[2023-09-29T08:00:47.355+0000] {processor.py:179} INFO - Processing /home/ubuntu/airflow_venv/lib/python3.10/site-packages/airflow/example_dags/tutorial_dag.py took 0.060 seconds
[2023-09-29T08:01:19.973+0000] {processor.py:157} INFO - Started process (PID=1694) to work on /home/ubuntu/airflow_venv/lib/python3.10/site-packages/airflow/example_dags/tutorial_dag.py
[2023-09-29T08:01:19.974+0000] {processor.py:829} INFO - Processing file /home/ubuntu/airflow_venv/lib/python3.10/site-packages/airflow/example_dags/tutorial_dag.py for tasks to queue
[2023-09-29T08:01:19.975+0000] {logging_mixin.py:151} INFO - [2023-09-29T08:01:19.975+0000] {dagbag.py:539} INFO - Filling up the DagBag from /home/ubuntu/airflow_venv/lib/python3.10/site-packages/airflow/example_dags/tutorial_dag.py
[2023-09-29T08:01:19.996+0000] {processor.py:839} INFO - DAG(s) dict_keys(['tutorial_dag']) retrieved from /home/ubuntu/airflow_venv/lib/python3.10/site-packages/airflow/example_dags/tutorial_dag.py
[2023-09-29T08:01:20.045+0000] {logging_mixin.py:151} INFO - [2023-09-29T08:01:20.044+0000] {dag.py:2915} INFO - Sync 1 DAGs
[2023-09-29T08:01:20.077+0000] {logging_mixin.py:151} INFO - [2023-09-29T08:01:20.077+0000] {dag.py:3696} INFO - Setting next_dagrun for tutorial_dag to None, run_after=None
[2023-09-29T08:01:20.147+0000] {processor.py:179} INFO - Processing /home/ubuntu/airflow_venv/lib/python3.10/site-packages/airflow/example_dags/tutorial_dag.py took 0.181 seconds
[2023-09-29T08:01:59.119+0000] {processor.py:157} INFO - Started process (PID=1734) to work on /home/ubuntu/airflow_venv/lib/python3.10/site-packages/airflow/example_dags/tutorial_dag.py
[2023-09-29T08:01:59.120+0000] {processor.py:829} INFO - Processing file /home/ubuntu/airflow_venv/lib/python3.10/site-packages/airflow/example_dags/tutorial_dag.py for tasks to queue
[2023-09-29T08:01:59.121+0000] {logging_mixin.py:151} INFO - [2023-09-29T08:01:59.121+0000] {dagbag.py:539} INFO - Filling up the DagBag from /home/ubuntu/airflow_venv/lib/python3.10/site-packages/airflow/example_dags/tutorial_dag.py
[2023-09-29T08:01:59.127+0000] {processor.py:839} INFO - DAG(s) dict_keys(['tutorial_dag']) retrieved from /home/ubuntu/airflow_venv/lib/python3.10/site-packages/airflow/example_dags/tutorial_dag.py
[2023-09-29T08:01:59.144+0000] {logging_mixin.py:151} INFO - [2023-09-29T08:01:59.144+0000] {dag.py:2915} INFO - Sync 1 DAGs
[2023-09-29T08:01:59.156+0000] {logging_mixin.py:151} INFO - [2023-09-29T08:01:59.156+0000] {dag.py:3696} INFO - Setting next_dagrun for tutorial_dag to None, run_after=None
[2023-09-29T08:01:59.177+0000] {processor.py:179} INFO - Processing /home/ubuntu/airflow_venv/lib/python3.10/site-packages/airflow/example_dags/tutorial_dag.py took 0.061 seconds
[2023-09-29T08:02:36.321+0000] {processor.py:157} INFO - Started process (PID=1772) to work on /home/ubuntu/airflow_venv/lib/python3.10/site-packages/airflow/example_dags/tutorial_dag.py
[2023-09-29T08:02:36.323+0000] {processor.py:829} INFO - Processing file /home/ubuntu/airflow_venv/lib/python3.10/site-packages/airflow/example_dags/tutorial_dag.py for tasks to queue
[2023-09-29T08:02:36.324+0000] {logging_mixin.py:151} INFO - [2023-09-29T08:02:36.324+0000] {dagbag.py:539} INFO - Filling up the DagBag from /home/ubuntu/airflow_venv/lib/python3.10/site-packages/airflow/example_dags/tutorial_dag.py
[2023-09-29T08:02:36.332+0000] {processor.py:839} INFO - DAG(s) dict_keys(['tutorial_dag']) retrieved from /home/ubuntu/airflow_venv/lib/python3.10/site-packages/airflow/example_dags/tutorial_dag.py
[2023-09-29T08:02:36.359+0000] {logging_mixin.py:151} INFO - [2023-09-29T08:02:36.359+0000] {dag.py:2915} INFO - Sync 1 DAGs
[2023-09-29T08:02:36.371+0000] {logging_mixin.py:151} INFO - [2023-09-29T08:02:36.370+0000] {dag.py:3696} INFO - Setting next_dagrun for tutorial_dag to None, run_after=None
[2023-09-29T08:02:36.390+0000] {processor.py:179} INFO - Processing /home/ubuntu/airflow_venv/lib/python3.10/site-packages/airflow/example_dags/tutorial_dag.py took 0.072 seconds
[2023-09-29T08:03:12.482+0000] {processor.py:157} INFO - Started process (PID=1808) to work on /home/ubuntu/airflow_venv/lib/python3.10/site-packages/airflow/example_dags/tutorial_dag.py
[2023-09-29T08:03:12.483+0000] {processor.py:829} INFO - Processing file /home/ubuntu/airflow_venv/lib/python3.10/site-packages/airflow/example_dags/tutorial_dag.py for tasks to queue
[2023-09-29T08:03:12.484+0000] {logging_mixin.py:151} INFO - [2023-09-29T08:03:12.483+0000] {dagbag.py:539} INFO - Filling up the DagBag from /home/ubuntu/airflow_venv/lib/python3.10/site-packages/airflow/example_dags/tutorial_dag.py
[2023-09-29T08:03:12.491+0000] {processor.py:839} INFO - DAG(s) dict_keys(['tutorial_dag']) retrieved from /home/ubuntu/airflow_venv/lib/python3.10/site-packages/airflow/example_dags/tutorial_dag.py
[2023-09-29T08:03:12.509+0000] {logging_mixin.py:151} INFO - [2023-09-29T08:03:12.509+0000] {dag.py:2915} INFO - Sync 1 DAGs
[2023-09-29T08:03:12.522+0000] {logging_mixin.py:151} INFO - [2023-09-29T08:03:12.522+0000] {dag.py:3696} INFO - Setting next_dagrun for tutorial_dag to None, run_after=None
[2023-09-29T08:03:12.549+0000] {processor.py:179} INFO - Processing /home/ubuntu/airflow_venv/lib/python3.10/site-packages/airflow/example_dags/tutorial_dag.py took 0.072 seconds
[2023-09-29T08:03:45.270+0000] {processor.py:157} INFO - Started process (PID=1843) to work on /home/ubuntu/airflow_venv/lib/python3.10/site-packages/airflow/example_dags/tutorial_dag.py
[2023-09-29T08:03:45.271+0000] {processor.py:829} INFO - Processing file /home/ubuntu/airflow_venv/lib/python3.10/site-packages/airflow/example_dags/tutorial_dag.py for tasks to queue
[2023-09-29T08:03:45.272+0000] {logging_mixin.py:151} INFO - [2023-09-29T08:03:45.272+0000] {dagbag.py:539} INFO - Filling up the DagBag from /home/ubuntu/airflow_venv/lib/python3.10/site-packages/airflow/example_dags/tutorial_dag.py
[2023-09-29T08:03:45.279+0000] {processor.py:839} INFO - DAG(s) dict_keys(['tutorial_dag']) retrieved from /home/ubuntu/airflow_venv/lib/python3.10/site-packages/airflow/example_dags/tutorial_dag.py
[2023-09-29T08:03:45.306+0000] {logging_mixin.py:151} INFO - [2023-09-29T08:03:45.306+0000] {dag.py:2915} INFO - Sync 1 DAGs
[2023-09-29T08:03:45.318+0000] {logging_mixin.py:151} INFO - [2023-09-29T08:03:45.318+0000] {dag.py:3696} INFO - Setting next_dagrun for tutorial_dag to None, run_after=None
[2023-09-29T08:03:45.345+0000] {processor.py:179} INFO - Processing /home/ubuntu/airflow_venv/lib/python3.10/site-packages/airflow/example_dags/tutorial_dag.py took 0.081 seconds
[2023-09-29T08:04:20.295+0000] {processor.py:157} INFO - Started process (PID=1880) to work on /home/ubuntu/airflow_venv/lib/python3.10/site-packages/airflow/example_dags/tutorial_dag.py
[2023-09-29T08:04:20.298+0000] {processor.py:829} INFO - Processing file /home/ubuntu/airflow_venv/lib/python3.10/site-packages/airflow/example_dags/tutorial_dag.py for tasks to queue
[2023-09-29T08:04:20.300+0000] {logging_mixin.py:151} INFO - [2023-09-29T08:04:20.299+0000] {dagbag.py:539} INFO - Filling up the DagBag from /home/ubuntu/airflow_venv/lib/python3.10/site-packages/airflow/example_dags/tutorial_dag.py
[2023-09-29T08:04:20.315+0000] {processor.py:839} INFO - DAG(s) dict_keys(['tutorial_dag']) retrieved from /home/ubuntu/airflow_venv/lib/python3.10/site-packages/airflow/example_dags/tutorial_dag.py
[2023-09-29T08:04:20.344+0000] {logging_mixin.py:151} INFO - [2023-09-29T08:04:20.344+0000] {dag.py:2915} INFO - Sync 1 DAGs
[2023-09-29T08:04:20.365+0000] {logging_mixin.py:151} INFO - [2023-09-29T08:04:20.363+0000] {dag.py:3696} INFO - Setting next_dagrun for tutorial_dag to None, run_after=None
[2023-09-29T08:04:20.408+0000] {processor.py:179} INFO - Processing /home/ubuntu/airflow_venv/lib/python3.10/site-packages/airflow/example_dags/tutorial_dag.py took 0.125 seconds
[2023-09-29T08:04:55.068+0000] {processor.py:157} INFO - Started process (PID=1917) to work on /home/ubuntu/airflow_venv/lib/python3.10/site-packages/airflow/example_dags/tutorial_dag.py
[2023-09-29T08:04:55.069+0000] {processor.py:829} INFO - Processing file /home/ubuntu/airflow_venv/lib/python3.10/site-packages/airflow/example_dags/tutorial_dag.py for tasks to queue
[2023-09-29T08:04:55.070+0000] {logging_mixin.py:151} INFO - [2023-09-29T08:04:55.070+0000] {dagbag.py:539} INFO - Filling up the DagBag from /home/ubuntu/airflow_venv/lib/python3.10/site-packages/airflow/example_dags/tutorial_dag.py
[2023-09-29T08:04:55.077+0000] {processor.py:839} INFO - DAG(s) dict_keys(['tutorial_dag']) retrieved from /home/ubuntu/airflow_venv/lib/python3.10/site-packages/airflow/example_dags/tutorial_dag.py
[2023-09-29T08:04:55.100+0000] {logging_mixin.py:151} INFO - [2023-09-29T08:04:55.100+0000] {dag.py:2915} INFO - Sync 1 DAGs
[2023-09-29T08:04:55.139+0000] {logging_mixin.py:151} INFO - [2023-09-29T08:04:55.136+0000] {dag.py:3696} INFO - Setting next_dagrun for tutorial_dag to None, run_after=None
[2023-09-29T08:04:55.186+0000] {processor.py:179} INFO - Processing /home/ubuntu/airflow_venv/lib/python3.10/site-packages/airflow/example_dags/tutorial_dag.py took 0.121 seconds
[2023-09-29T08:05:43.438+0000] {processor.py:157} INFO - Started process (PID=1965) to work on /home/ubuntu/airflow_venv/lib/python3.10/site-packages/airflow/example_dags/tutorial_dag.py
[2023-09-29T08:05:43.439+0000] {processor.py:829} INFO - Processing file /home/ubuntu/airflow_venv/lib/python3.10/site-packages/airflow/example_dags/tutorial_dag.py for tasks to queue
[2023-09-29T08:05:43.441+0000] {logging_mixin.py:151} INFO - [2023-09-29T08:05:43.440+0000] {dagbag.py:539} INFO - Filling up the DagBag from /home/ubuntu/airflow_venv/lib/python3.10/site-packages/airflow/example_dags/tutorial_dag.py
[2023-09-29T08:05:43.447+0000] {processor.py:839} INFO - DAG(s) dict_keys(['tutorial_dag']) retrieved from /home/ubuntu/airflow_venv/lib/python3.10/site-packages/airflow/example_dags/tutorial_dag.py
[2023-09-29T08:05:43.471+0000] {logging_mixin.py:151} INFO - [2023-09-29T08:05:43.471+0000] {dag.py:2915} INFO - Sync 1 DAGs
[2023-09-29T08:05:43.490+0000] {logging_mixin.py:151} INFO - [2023-09-29T08:05:43.489+0000] {dag.py:3696} INFO - Setting next_dagrun for tutorial_dag to None, run_after=None
[2023-09-29T08:05:43.517+0000] {processor.py:179} INFO - Processing /home/ubuntu/airflow_venv/lib/python3.10/site-packages/airflow/example_dags/tutorial_dag.py took 0.084 seconds
[2023-09-29T08:06:20.643+0000] {processor.py:157} INFO - Started process (PID=2002) to work on /home/ubuntu/airflow_venv/lib/python3.10/site-packages/airflow/example_dags/tutorial_dag.py
[2023-09-29T08:06:20.644+0000] {processor.py:829} INFO - Processing file /home/ubuntu/airflow_venv/lib/python3.10/site-packages/airflow/example_dags/tutorial_dag.py for tasks to queue
[2023-09-29T08:06:20.645+0000] {logging_mixin.py:151} INFO - [2023-09-29T08:06:20.645+0000] {dagbag.py:539} INFO - Filling up the DagBag from /home/ubuntu/airflow_venv/lib/python3.10/site-packages/airflow/example_dags/tutorial_dag.py
[2023-09-29T08:06:20.654+0000] {processor.py:839} INFO - DAG(s) dict_keys(['tutorial_dag']) retrieved from /home/ubuntu/airflow_venv/lib/python3.10/site-packages/airflow/example_dags/tutorial_dag.py
[2023-09-29T08:06:20.671+0000] {logging_mixin.py:151} INFO - [2023-09-29T08:06:20.671+0000] {dag.py:2915} INFO - Sync 1 DAGs
[2023-09-29T08:06:20.684+0000] {logging_mixin.py:151} INFO - [2023-09-29T08:06:20.684+0000] {dag.py:3696} INFO - Setting next_dagrun for tutorial_dag to None, run_after=None
[2023-09-29T08:06:20.714+0000] {processor.py:179} INFO - Processing /home/ubuntu/airflow_venv/lib/python3.10/site-packages/airflow/example_dags/tutorial_dag.py took 0.075 seconds
[2023-09-29T08:06:53.894+0000] {processor.py:157} INFO - Started process (PID=2037) to work on /home/ubuntu/airflow_venv/lib/python3.10/site-packages/airflow/example_dags/tutorial_dag.py
[2023-09-29T08:06:53.895+0000] {processor.py:829} INFO - Processing file /home/ubuntu/airflow_venv/lib/python3.10/site-packages/airflow/example_dags/tutorial_dag.py for tasks to queue
[2023-09-29T08:06:53.896+0000] {logging_mixin.py:151} INFO - [2023-09-29T08:06:53.895+0000] {dagbag.py:539} INFO - Filling up the DagBag from /home/ubuntu/airflow_venv/lib/python3.10/site-packages/airflow/example_dags/tutorial_dag.py
[2023-09-29T08:06:53.914+0000] {processor.py:839} INFO - DAG(s) dict_keys(['tutorial_dag']) retrieved from /home/ubuntu/airflow_venv/lib/python3.10/site-packages/airflow/example_dags/tutorial_dag.py
[2023-09-29T08:06:53.941+0000] {logging_mixin.py:151} INFO - [2023-09-29T08:06:53.941+0000] {dag.py:2915} INFO - Sync 1 DAGs
[2023-09-29T08:06:53.979+0000] {logging_mixin.py:151} INFO - [2023-09-29T08:06:53.978+0000] {dag.py:3696} INFO - Setting next_dagrun for tutorial_dag to None, run_after=None
[2023-09-29T08:06:54.017+0000] {processor.py:179} INFO - Processing /home/ubuntu/airflow_venv/lib/python3.10/site-packages/airflow/example_dags/tutorial_dag.py took 0.139 seconds
[2023-09-29T08:07:25.985+0000] {processor.py:157} INFO - Started process (PID=2071) to work on /home/ubuntu/airflow_venv/lib/python3.10/site-packages/airflow/example_dags/tutorial_dag.py
[2023-09-29T08:07:25.986+0000] {processor.py:829} INFO - Processing file /home/ubuntu/airflow_venv/lib/python3.10/site-packages/airflow/example_dags/tutorial_dag.py for tasks to queue
[2023-09-29T08:07:25.986+0000] {logging_mixin.py:151} INFO - [2023-09-29T08:07:25.986+0000] {dagbag.py:539} INFO - Filling up the DagBag from /home/ubuntu/airflow_venv/lib/python3.10/site-packages/airflow/example_dags/tutorial_dag.py
[2023-09-29T08:07:25.992+0000] {processor.py:839} INFO - DAG(s) dict_keys(['tutorial_dag']) retrieved from /home/ubuntu/airflow_venv/lib/python3.10/site-packages/airflow/example_dags/tutorial_dag.py
[2023-09-29T08:07:26.009+0000] {logging_mixin.py:151} INFO - [2023-09-29T08:07:26.008+0000] {dag.py:2915} INFO - Sync 1 DAGs
[2023-09-29T08:07:26.019+0000] {logging_mixin.py:151} INFO - [2023-09-29T08:07:26.019+0000] {dag.py:3696} INFO - Setting next_dagrun for tutorial_dag to None, run_after=None
[2023-09-29T08:07:26.041+0000] {processor.py:179} INFO - Processing /home/ubuntu/airflow_venv/lib/python3.10/site-packages/airflow/example_dags/tutorial_dag.py took 0.059 seconds
[2023-09-29T08:07:59.282+0000] {processor.py:157} INFO - Started process (PID=2315) to work on /home/ubuntu/airflow_venv/lib/python3.10/site-packages/airflow/example_dags/tutorial_dag.py
[2023-09-29T08:07:59.284+0000] {processor.py:829} INFO - Processing file /home/ubuntu/airflow_venv/lib/python3.10/site-packages/airflow/example_dags/tutorial_dag.py for tasks to queue
[2023-09-29T08:07:59.285+0000] {logging_mixin.py:151} INFO - [2023-09-29T08:07:59.284+0000] {dagbag.py:539} INFO - Filling up the DagBag from /home/ubuntu/airflow_venv/lib/python3.10/site-packages/airflow/example_dags/tutorial_dag.py
[2023-09-29T08:07:59.291+0000] {processor.py:839} INFO - DAG(s) dict_keys(['tutorial_dag']) retrieved from /home/ubuntu/airflow_venv/lib/python3.10/site-packages/airflow/example_dags/tutorial_dag.py
[2023-09-29T08:07:59.309+0000] {logging_mixin.py:151} INFO - [2023-09-29T08:07:59.309+0000] {dag.py:2915} INFO - Sync 1 DAGs
[2023-09-29T08:07:59.322+0000] {logging_mixin.py:151} INFO - [2023-09-29T08:07:59.321+0000] {dag.py:3696} INFO - Setting next_dagrun for tutorial_dag to None, run_after=None
[2023-09-29T08:07:59.343+0000] {processor.py:179} INFO - Processing /home/ubuntu/airflow_venv/lib/python3.10/site-packages/airflow/example_dags/tutorial_dag.py took 0.064 seconds
[2023-09-29T08:08:35.949+0000] {processor.py:157} INFO - Started process (PID=2352) to work on /home/ubuntu/airflow_venv/lib/python3.10/site-packages/airflow/example_dags/tutorial_dag.py
[2023-09-29T08:08:35.950+0000] {processor.py:829} INFO - Processing file /home/ubuntu/airflow_venv/lib/python3.10/site-packages/airflow/example_dags/tutorial_dag.py for tasks to queue
[2023-09-29T08:08:35.953+0000] {logging_mixin.py:151} INFO - [2023-09-29T08:08:35.951+0000] {dagbag.py:539} INFO - Filling up the DagBag from /home/ubuntu/airflow_venv/lib/python3.10/site-packages/airflow/example_dags/tutorial_dag.py
[2023-09-29T08:08:35.961+0000] {processor.py:839} INFO - DAG(s) dict_keys(['tutorial_dag']) retrieved from /home/ubuntu/airflow_venv/lib/python3.10/site-packages/airflow/example_dags/tutorial_dag.py
[2023-09-29T08:08:35.993+0000] {logging_mixin.py:151} INFO - [2023-09-29T08:08:35.993+0000] {dag.py:2915} INFO - Sync 1 DAGs
[2023-09-29T08:08:36.018+0000] {logging_mixin.py:151} INFO - [2023-09-29T08:08:36.018+0000] {dag.py:3696} INFO - Setting next_dagrun for tutorial_dag to None, run_after=None
[2023-09-29T08:08:36.050+0000] {processor.py:179} INFO - Processing /home/ubuntu/airflow_venv/lib/python3.10/site-packages/airflow/example_dags/tutorial_dag.py took 0.105 seconds
[2023-09-29T08:09:10.028+0000] {processor.py:157} INFO - Started process (PID=2390) to work on /home/ubuntu/airflow_venv/lib/python3.10/site-packages/airflow/example_dags/tutorial_dag.py
[2023-09-29T08:09:10.029+0000] {processor.py:829} INFO - Processing file /home/ubuntu/airflow_venv/lib/python3.10/site-packages/airflow/example_dags/tutorial_dag.py for tasks to queue
[2023-09-29T08:09:10.030+0000] {logging_mixin.py:151} INFO - [2023-09-29T08:09:10.029+0000] {dagbag.py:539} INFO - Filling up the DagBag from /home/ubuntu/airflow_venv/lib/python3.10/site-packages/airflow/example_dags/tutorial_dag.py
[2023-09-29T08:09:10.035+0000] {processor.py:839} INFO - DAG(s) dict_keys(['tutorial_dag']) retrieved from /home/ubuntu/airflow_venv/lib/python3.10/site-packages/airflow/example_dags/tutorial_dag.py
[2023-09-29T08:09:10.052+0000] {logging_mixin.py:151} INFO - [2023-09-29T08:09:10.052+0000] {dag.py:2915} INFO - Sync 1 DAGs
[2023-09-29T08:09:10.064+0000] {logging_mixin.py:151} INFO - [2023-09-29T08:09:10.063+0000] {dag.py:3696} INFO - Setting next_dagrun for tutorial_dag to None, run_after=None
[2023-09-29T08:09:10.086+0000] {processor.py:179} INFO - Processing /home/ubuntu/airflow_venv/lib/python3.10/site-packages/airflow/example_dags/tutorial_dag.py took 0.061 seconds
[2023-09-29T09:24:59.843+0000] {processor.py:157} INFO - Started process (PID=3272) to work on /home/ubuntu/airflow_venv/lib/python3.10/site-packages/airflow/example_dags/tutorial_dag.py
[2023-09-29T09:24:59.844+0000] {processor.py:829} INFO - Processing file /home/ubuntu/airflow_venv/lib/python3.10/site-packages/airflow/example_dags/tutorial_dag.py for tasks to queue
[2023-09-29T09:24:59.845+0000] {logging_mixin.py:151} INFO - [2023-09-29T09:24:59.845+0000] {dagbag.py:539} INFO - Filling up the DagBag from /home/ubuntu/airflow_venv/lib/python3.10/site-packages/airflow/example_dags/tutorial_dag.py
[2023-09-29T09:24:59.853+0000] {processor.py:839} INFO - DAG(s) dict_keys(['tutorial_dag']) retrieved from /home/ubuntu/airflow_venv/lib/python3.10/site-packages/airflow/example_dags/tutorial_dag.py
[2023-09-29T09:24:59.873+0000] {logging_mixin.py:151} INFO - [2023-09-29T09:24:59.873+0000] {dag.py:2915} INFO - Sync 1 DAGs
[2023-09-29T09:24:59.884+0000] {logging_mixin.py:151} INFO - [2023-09-29T09:24:59.884+0000] {dag.py:3696} INFO - Setting next_dagrun for tutorial_dag to None, run_after=None
[2023-09-29T09:24:59.907+0000] {processor.py:179} INFO - Processing /home/ubuntu/airflow_venv/lib/python3.10/site-packages/airflow/example_dags/tutorial_dag.py took 0.068 seconds
[2023-09-29T09:26:52.793+0000] {processor.py:157} INFO - Started process (PID=1313) to work on /home/ubuntu/airflow_venv/lib/python3.10/site-packages/airflow/example_dags/tutorial_dag.py
[2023-09-29T09:26:52.796+0000] {processor.py:829} INFO - Processing file /home/ubuntu/airflow_venv/lib/python3.10/site-packages/airflow/example_dags/tutorial_dag.py for tasks to queue
[2023-09-29T09:26:52.804+0000] {logging_mixin.py:151} INFO - [2023-09-29T09:26:52.796+0000] {dagbag.py:539} INFO - Filling up the DagBag from /home/ubuntu/airflow_venv/lib/python3.10/site-packages/airflow/example_dags/tutorial_dag.py
[2023-09-29T09:26:52.825+0000] {processor.py:839} INFO - DAG(s) dict_keys(['tutorial_dag']) retrieved from /home/ubuntu/airflow_venv/lib/python3.10/site-packages/airflow/example_dags/tutorial_dag.py
[2023-09-29T09:26:52.842+0000] {logging_mixin.py:151} INFO - [2023-09-29T09:26:52.841+0000] {dag.py:2915} INFO - Sync 1 DAGs
[2023-09-29T09:26:52.859+0000] {logging_mixin.py:151} INFO - [2023-09-29T09:26:52.858+0000] {dag.py:3696} INFO - Setting next_dagrun for tutorial_dag to None, run_after=None
[2023-09-29T09:26:52.895+0000] {processor.py:179} INFO - Processing /home/ubuntu/airflow_venv/lib/python3.10/site-packages/airflow/example_dags/tutorial_dag.py took 0.105 seconds
[2023-09-29T09:27:43.761+0000] {processor.py:157} INFO - Started process (PID=1369) to work on /home/ubuntu/airflow_venv/lib/python3.10/site-packages/airflow/example_dags/tutorial_dag.py
[2023-09-29T09:27:43.762+0000] {processor.py:829} INFO - Processing file /home/ubuntu/airflow_venv/lib/python3.10/site-packages/airflow/example_dags/tutorial_dag.py for tasks to queue
[2023-09-29T09:27:43.763+0000] {logging_mixin.py:151} INFO - [2023-09-29T09:27:43.763+0000] {dagbag.py:539} INFO - Filling up the DagBag from /home/ubuntu/airflow_venv/lib/python3.10/site-packages/airflow/example_dags/tutorial_dag.py
[2023-09-29T09:27:43.768+0000] {processor.py:839} INFO - DAG(s) dict_keys(['tutorial_dag']) retrieved from /home/ubuntu/airflow_venv/lib/python3.10/site-packages/airflow/example_dags/tutorial_dag.py
[2023-09-29T09:27:43.785+0000] {logging_mixin.py:151} INFO - [2023-09-29T09:27:43.785+0000] {dag.py:2915} INFO - Sync 1 DAGs
[2023-09-29T09:27:43.796+0000] {logging_mixin.py:151} INFO - [2023-09-29T09:27:43.796+0000] {dag.py:3696} INFO - Setting next_dagrun for tutorial_dag to None, run_after=None
[2023-09-29T09:27:43.817+0000] {processor.py:179} INFO - Processing /home/ubuntu/airflow_venv/lib/python3.10/site-packages/airflow/example_dags/tutorial_dag.py took 0.059 seconds
[2023-09-29T09:28:41.771+0000] {processor.py:157} INFO - Started process (PID=1422) to work on /home/ubuntu/airflow_venv/lib/python3.10/site-packages/airflow/example_dags/tutorial_dag.py
[2023-09-29T09:28:41.773+0000] {processor.py:829} INFO - Processing file /home/ubuntu/airflow_venv/lib/python3.10/site-packages/airflow/example_dags/tutorial_dag.py for tasks to queue
[2023-09-29T09:28:41.774+0000] {logging_mixin.py:151} INFO - [2023-09-29T09:28:41.773+0000] {dagbag.py:539} INFO - Filling up the DagBag from /home/ubuntu/airflow_venv/lib/python3.10/site-packages/airflow/example_dags/tutorial_dag.py
[2023-09-29T09:28:41.781+0000] {processor.py:839} INFO - DAG(s) dict_keys(['tutorial_dag']) retrieved from /home/ubuntu/airflow_venv/lib/python3.10/site-packages/airflow/example_dags/tutorial_dag.py
[2023-09-29T09:28:41.799+0000] {logging_mixin.py:151} INFO - [2023-09-29T09:28:41.798+0000] {dag.py:2915} INFO - Sync 1 DAGs
[2023-09-29T09:28:41.970+0000] {logging_mixin.py:151} INFO - [2023-09-29T09:28:41.970+0000] {dag.py:3696} INFO - Setting next_dagrun for tutorial_dag to None, run_after=None
[2023-09-29T09:28:41.999+0000] {processor.py:179} INFO - Processing /home/ubuntu/airflow_venv/lib/python3.10/site-packages/airflow/example_dags/tutorial_dag.py took 0.231 seconds
[2023-09-29T09:29:31.385+0000] {processor.py:157} INFO - Started process (PID=1467) to work on /home/ubuntu/airflow_venv/lib/python3.10/site-packages/airflow/example_dags/tutorial_dag.py
[2023-09-29T09:29:31.386+0000] {processor.py:829} INFO - Processing file /home/ubuntu/airflow_venv/lib/python3.10/site-packages/airflow/example_dags/tutorial_dag.py for tasks to queue
[2023-09-29T09:29:31.386+0000] {logging_mixin.py:151} INFO - [2023-09-29T09:29:31.386+0000] {dagbag.py:539} INFO - Filling up the DagBag from /home/ubuntu/airflow_venv/lib/python3.10/site-packages/airflow/example_dags/tutorial_dag.py
[2023-09-29T09:29:31.392+0000] {processor.py:839} INFO - DAG(s) dict_keys(['tutorial_dag']) retrieved from /home/ubuntu/airflow_venv/lib/python3.10/site-packages/airflow/example_dags/tutorial_dag.py
[2023-09-29T09:29:31.410+0000] {logging_mixin.py:151} INFO - [2023-09-29T09:29:31.410+0000] {dag.py:2915} INFO - Sync 1 DAGs
[2023-09-29T09:29:31.421+0000] {logging_mixin.py:151} INFO - [2023-09-29T09:29:31.421+0000] {dag.py:3696} INFO - Setting next_dagrun for tutorial_dag to None, run_after=None
[2023-09-29T09:29:31.442+0000] {processor.py:179} INFO - Processing /home/ubuntu/airflow_venv/lib/python3.10/site-packages/airflow/example_dags/tutorial_dag.py took 0.061 seconds
[2023-09-29T09:31:42.653+0000] {processor.py:157} INFO - Started process (PID=2236) to work on /home/ubuntu/airflow_venv/lib/python3.10/site-packages/airflow/example_dags/tutorial_dag.py
[2023-09-29T09:31:42.655+0000] {processor.py:829} INFO - Processing file /home/ubuntu/airflow_venv/lib/python3.10/site-packages/airflow/example_dags/tutorial_dag.py for tasks to queue
[2023-09-29T09:31:42.656+0000] {logging_mixin.py:151} INFO - [2023-09-29T09:31:42.656+0000] {dagbag.py:539} INFO - Filling up the DagBag from /home/ubuntu/airflow_venv/lib/python3.10/site-packages/airflow/example_dags/tutorial_dag.py
[2023-09-29T09:31:42.667+0000] {processor.py:839} INFO - DAG(s) dict_keys(['tutorial_dag']) retrieved from /home/ubuntu/airflow_venv/lib/python3.10/site-packages/airflow/example_dags/tutorial_dag.py
[2023-09-29T09:31:42.678+0000] {logging_mixin.py:151} INFO - [2023-09-29T09:31:42.677+0000] {dag.py:2915} INFO - Sync 1 DAGs
[2023-09-29T09:31:42.695+0000] {logging_mixin.py:151} INFO - [2023-09-29T09:31:42.695+0000] {dag.py:3696} INFO - Setting next_dagrun for tutorial_dag to None, run_after=None
[2023-09-29T09:31:42.722+0000] {processor.py:179} INFO - Processing /home/ubuntu/airflow_venv/lib/python3.10/site-packages/airflow/example_dags/tutorial_dag.py took 0.073 seconds
[2023-09-29T09:32:39.589+0000] {processor.py:157} INFO - Started process (PID=2298) to work on /home/ubuntu/airflow_venv/lib/python3.10/site-packages/airflow/example_dags/tutorial_dag.py
[2023-09-29T09:32:39.590+0000] {processor.py:829} INFO - Processing file /home/ubuntu/airflow_venv/lib/python3.10/site-packages/airflow/example_dags/tutorial_dag.py for tasks to queue
[2023-09-29T09:32:39.591+0000] {logging_mixin.py:151} INFO - [2023-09-29T09:32:39.590+0000] {dagbag.py:539} INFO - Filling up the DagBag from /home/ubuntu/airflow_venv/lib/python3.10/site-packages/airflow/example_dags/tutorial_dag.py
[2023-09-29T09:32:39.596+0000] {processor.py:839} INFO - DAG(s) dict_keys(['tutorial_dag']) retrieved from /home/ubuntu/airflow_venv/lib/python3.10/site-packages/airflow/example_dags/tutorial_dag.py
[2023-09-29T09:32:39.616+0000] {logging_mixin.py:151} INFO - [2023-09-29T09:32:39.616+0000] {dag.py:2915} INFO - Sync 1 DAGs
[2023-09-29T09:32:39.631+0000] {logging_mixin.py:151} INFO - [2023-09-29T09:32:39.631+0000] {dag.py:3696} INFO - Setting next_dagrun for tutorial_dag to None, run_after=None
[2023-09-29T09:32:39.652+0000] {processor.py:179} INFO - Processing /home/ubuntu/airflow_venv/lib/python3.10/site-packages/airflow/example_dags/tutorial_dag.py took 0.067 seconds
[2023-09-29T09:33:12.614+0000] {processor.py:157} INFO - Started process (PID=2336) to work on /home/ubuntu/airflow_venv/lib/python3.10/site-packages/airflow/example_dags/tutorial_dag.py
[2023-09-29T09:33:12.615+0000] {processor.py:829} INFO - Processing file /home/ubuntu/airflow_venv/lib/python3.10/site-packages/airflow/example_dags/tutorial_dag.py for tasks to queue
[2023-09-29T09:33:12.616+0000] {logging_mixin.py:151} INFO - [2023-09-29T09:33:12.615+0000] {dagbag.py:539} INFO - Filling up the DagBag from /home/ubuntu/airflow_venv/lib/python3.10/site-packages/airflow/example_dags/tutorial_dag.py
[2023-09-29T09:33:12.621+0000] {processor.py:839} INFO - DAG(s) dict_keys(['tutorial_dag']) retrieved from /home/ubuntu/airflow_venv/lib/python3.10/site-packages/airflow/example_dags/tutorial_dag.py
[2023-09-29T09:33:12.640+0000] {logging_mixin.py:151} INFO - [2023-09-29T09:33:12.640+0000] {dag.py:2915} INFO - Sync 1 DAGs
[2023-09-29T09:33:12.652+0000] {logging_mixin.py:151} INFO - [2023-09-29T09:33:12.652+0000] {dag.py:3696} INFO - Setting next_dagrun for tutorial_dag to None, run_after=None
[2023-09-29T09:33:12.835+0000] {processor.py:179} INFO - Processing /home/ubuntu/airflow_venv/lib/python3.10/site-packages/airflow/example_dags/tutorial_dag.py took 0.224 seconds
[2023-09-29T09:51:48.085+0000] {processor.py:157} INFO - Started process (PID=3448) to work on /home/ubuntu/airflow_venv/lib/python3.10/site-packages/airflow/example_dags/tutorial_dag.py
[2023-09-29T09:51:48.086+0000] {processor.py:829} INFO - Processing file /home/ubuntu/airflow_venv/lib/python3.10/site-packages/airflow/example_dags/tutorial_dag.py for tasks to queue
[2023-09-29T09:51:48.087+0000] {logging_mixin.py:151} INFO - [2023-09-29T09:51:48.087+0000] {dagbag.py:539} INFO - Filling up the DagBag from /home/ubuntu/airflow_venv/lib/python3.10/site-packages/airflow/example_dags/tutorial_dag.py
[2023-09-29T09:51:48.097+0000] {processor.py:839} INFO - DAG(s) dict_keys(['tutorial_dag']) retrieved from /home/ubuntu/airflow_venv/lib/python3.10/site-packages/airflow/example_dags/tutorial_dag.py
[2023-09-29T09:51:48.107+0000] {logging_mixin.py:151} INFO - [2023-09-29T09:51:48.107+0000] {dag.py:2915} INFO - Sync 1 DAGs
[2023-09-29T09:51:48.124+0000] {logging_mixin.py:151} INFO - [2023-09-29T09:51:48.124+0000] {dag.py:3696} INFO - Setting next_dagrun for tutorial_dag to None, run_after=None
[2023-09-29T09:51:48.151+0000] {processor.py:179} INFO - Processing /home/ubuntu/airflow_venv/lib/python3.10/site-packages/airflow/example_dags/tutorial_dag.py took 0.070 seconds
[2023-09-29T09:52:36.565+0000] {processor.py:157} INFO - Started process (PID=3507) to work on /home/ubuntu/airflow_venv/lib/python3.10/site-packages/airflow/example_dags/tutorial_dag.py
[2023-09-29T09:52:36.566+0000] {processor.py:829} INFO - Processing file /home/ubuntu/airflow_venv/lib/python3.10/site-packages/airflow/example_dags/tutorial_dag.py for tasks to queue
[2023-09-29T09:52:36.567+0000] {logging_mixin.py:151} INFO - [2023-09-29T09:52:36.566+0000] {dagbag.py:539} INFO - Filling up the DagBag from /home/ubuntu/airflow_venv/lib/python3.10/site-packages/airflow/example_dags/tutorial_dag.py
[2023-09-29T09:52:36.572+0000] {processor.py:839} INFO - DAG(s) dict_keys(['tutorial_dag']) retrieved from /home/ubuntu/airflow_venv/lib/python3.10/site-packages/airflow/example_dags/tutorial_dag.py
[2023-09-29T09:52:36.590+0000] {logging_mixin.py:151} INFO - [2023-09-29T09:52:36.590+0000] {dag.py:2915} INFO - Sync 1 DAGs
[2023-09-29T09:52:36.606+0000] {logging_mixin.py:151} INFO - [2023-09-29T09:52:36.605+0000] {dag.py:3696} INFO - Setting next_dagrun for tutorial_dag to None, run_after=None
[2023-09-29T09:52:36.628+0000] {processor.py:179} INFO - Processing /home/ubuntu/airflow_venv/lib/python3.10/site-packages/airflow/example_dags/tutorial_dag.py took 0.066 seconds
[2023-09-29T09:53:20.823+0000] {processor.py:157} INFO - Started process (PID=3547) to work on /home/ubuntu/airflow_venv/lib/python3.10/site-packages/airflow/example_dags/tutorial_dag.py
[2023-09-29T09:53:20.824+0000] {processor.py:829} INFO - Processing file /home/ubuntu/airflow_venv/lib/python3.10/site-packages/airflow/example_dags/tutorial_dag.py for tasks to queue
[2023-09-29T09:53:20.825+0000] {logging_mixin.py:151} INFO - [2023-09-29T09:53:20.824+0000] {dagbag.py:539} INFO - Filling up the DagBag from /home/ubuntu/airflow_venv/lib/python3.10/site-packages/airflow/example_dags/tutorial_dag.py
[2023-09-29T09:53:20.831+0000] {processor.py:839} INFO - DAG(s) dict_keys(['tutorial_dag']) retrieved from /home/ubuntu/airflow_venv/lib/python3.10/site-packages/airflow/example_dags/tutorial_dag.py
[2023-09-29T09:53:20.858+0000] {logging_mixin.py:151} INFO - [2023-09-29T09:53:20.858+0000] {dag.py:2915} INFO - Sync 1 DAGs
[2023-09-29T09:53:20.870+0000] {logging_mixin.py:151} INFO - [2023-09-29T09:53:20.870+0000] {dag.py:3696} INFO - Setting next_dagrun for tutorial_dag to None, run_after=None
[2023-09-29T09:53:21.032+0000] {processor.py:179} INFO - Processing /home/ubuntu/airflow_venv/lib/python3.10/site-packages/airflow/example_dags/tutorial_dag.py took 0.213 seconds
[2023-09-29T09:53:58.355+0000] {processor.py:157} INFO - Started process (PID=3581) to work on /home/ubuntu/airflow_venv/lib/python3.10/site-packages/airflow/example_dags/tutorial_dag.py
[2023-09-29T09:53:58.357+0000] {processor.py:829} INFO - Processing file /home/ubuntu/airflow_venv/lib/python3.10/site-packages/airflow/example_dags/tutorial_dag.py for tasks to queue
[2023-09-29T09:53:58.357+0000] {logging_mixin.py:151} INFO - [2023-09-29T09:53:58.357+0000] {dagbag.py:539} INFO - Filling up the DagBag from /home/ubuntu/airflow_venv/lib/python3.10/site-packages/airflow/example_dags/tutorial_dag.py
[2023-09-29T09:53:58.363+0000] {processor.py:839} INFO - DAG(s) dict_keys(['tutorial_dag']) retrieved from /home/ubuntu/airflow_venv/lib/python3.10/site-packages/airflow/example_dags/tutorial_dag.py
[2023-09-29T09:53:58.526+0000] {logging_mixin.py:151} INFO - [2023-09-29T09:53:58.526+0000] {dag.py:2915} INFO - Sync 1 DAGs
[2023-09-29T09:53:58.535+0000] {logging_mixin.py:151} INFO - [2023-09-29T09:53:58.535+0000] {dag.py:3696} INFO - Setting next_dagrun for tutorial_dag to None, run_after=None
[2023-09-29T09:53:58.554+0000] {processor.py:179} INFO - Processing /home/ubuntu/airflow_venv/lib/python3.10/site-packages/airflow/example_dags/tutorial_dag.py took 0.202 seconds
[2023-09-29T09:55:53.533+0000] {processor.py:157} INFO - Started process (PID=4091) to work on /home/ubuntu/airflow_venv/lib/python3.10/site-packages/airflow/example_dags/tutorial_dag.py
[2023-09-29T09:55:53.534+0000] {processor.py:829} INFO - Processing file /home/ubuntu/airflow_venv/lib/python3.10/site-packages/airflow/example_dags/tutorial_dag.py for tasks to queue
[2023-09-29T09:55:53.536+0000] {logging_mixin.py:151} INFO - [2023-09-29T09:55:53.535+0000] {dagbag.py:539} INFO - Filling up the DagBag from /home/ubuntu/airflow_venv/lib/python3.10/site-packages/airflow/example_dags/tutorial_dag.py
[2023-09-29T09:55:53.548+0000] {processor.py:839} INFO - DAG(s) dict_keys(['tutorial_dag']) retrieved from /home/ubuntu/airflow_venv/lib/python3.10/site-packages/airflow/example_dags/tutorial_dag.py
[2023-09-29T09:55:53.559+0000] {logging_mixin.py:151} INFO - [2023-09-29T09:55:53.559+0000] {dag.py:2915} INFO - Sync 1 DAGs
[2023-09-29T09:55:53.578+0000] {logging_mixin.py:151} INFO - [2023-09-29T09:55:53.578+0000] {dag.py:3696} INFO - Setting next_dagrun for tutorial_dag to None, run_after=None
[2023-09-29T09:55:53.608+0000] {processor.py:179} INFO - Processing /home/ubuntu/airflow_venv/lib/python3.10/site-packages/airflow/example_dags/tutorial_dag.py took 0.079 seconds
[2023-09-29T09:56:52.806+0000] {processor.py:157} INFO - Started process (PID=4154) to work on /home/ubuntu/airflow_venv/lib/python3.10/site-packages/airflow/example_dags/tutorial_dag.py
[2023-09-29T09:56:52.808+0000] {processor.py:829} INFO - Processing file /home/ubuntu/airflow_venv/lib/python3.10/site-packages/airflow/example_dags/tutorial_dag.py for tasks to queue
[2023-09-29T09:56:52.809+0000] {logging_mixin.py:151} INFO - [2023-09-29T09:56:52.808+0000] {dagbag.py:539} INFO - Filling up the DagBag from /home/ubuntu/airflow_venv/lib/python3.10/site-packages/airflow/example_dags/tutorial_dag.py
[2023-09-29T09:56:52.815+0000] {processor.py:839} INFO - DAG(s) dict_keys(['tutorial_dag']) retrieved from /home/ubuntu/airflow_venv/lib/python3.10/site-packages/airflow/example_dags/tutorial_dag.py
[2023-09-29T09:56:52.832+0000] {logging_mixin.py:151} INFO - [2023-09-29T09:56:52.832+0000] {dag.py:2915} INFO - Sync 1 DAGs
[2023-09-29T09:56:52.843+0000] {logging_mixin.py:151} INFO - [2023-09-29T09:56:52.843+0000] {dag.py:3696} INFO - Setting next_dagrun for tutorial_dag to None, run_after=None
[2023-09-29T09:56:52.875+0000] {processor.py:179} INFO - Processing /home/ubuntu/airflow_venv/lib/python3.10/site-packages/airflow/example_dags/tutorial_dag.py took 0.072 seconds
[2023-09-29T09:57:45.038+0000] {processor.py:157} INFO - Started process (PID=4208) to work on /home/ubuntu/airflow_venv/lib/python3.10/site-packages/airflow/example_dags/tutorial_dag.py
[2023-09-29T09:57:45.039+0000] {processor.py:829} INFO - Processing file /home/ubuntu/airflow_venv/lib/python3.10/site-packages/airflow/example_dags/tutorial_dag.py for tasks to queue
[2023-09-29T09:57:45.040+0000] {logging_mixin.py:151} INFO - [2023-09-29T09:57:45.039+0000] {dagbag.py:539} INFO - Filling up the DagBag from /home/ubuntu/airflow_venv/lib/python3.10/site-packages/airflow/example_dags/tutorial_dag.py
[2023-09-29T09:57:45.045+0000] {processor.py:839} INFO - DAG(s) dict_keys(['tutorial_dag']) retrieved from /home/ubuntu/airflow_venv/lib/python3.10/site-packages/airflow/example_dags/tutorial_dag.py
[2023-09-29T09:57:45.062+0000] {logging_mixin.py:151} INFO - [2023-09-29T09:57:45.061+0000] {dag.py:2915} INFO - Sync 1 DAGs
[2023-09-29T09:57:45.248+0000] {logging_mixin.py:151} INFO - [2023-09-29T09:57:45.248+0000] {dag.py:3696} INFO - Setting next_dagrun for tutorial_dag to None, run_after=None
[2023-09-29T09:57:45.270+0000] {processor.py:179} INFO - Processing /home/ubuntu/airflow_venv/lib/python3.10/site-packages/airflow/example_dags/tutorial_dag.py took 0.236 seconds
[2023-09-29T09:58:36.031+0000] {processor.py:157} INFO - Started process (PID=4261) to work on /home/ubuntu/airflow_venv/lib/python3.10/site-packages/airflow/example_dags/tutorial_dag.py
[2023-09-29T09:58:36.032+0000] {processor.py:829} INFO - Processing file /home/ubuntu/airflow_venv/lib/python3.10/site-packages/airflow/example_dags/tutorial_dag.py for tasks to queue
[2023-09-29T09:58:36.033+0000] {logging_mixin.py:151} INFO - [2023-09-29T09:58:36.032+0000] {dagbag.py:539} INFO - Filling up the DagBag from /home/ubuntu/airflow_venv/lib/python3.10/site-packages/airflow/example_dags/tutorial_dag.py
[2023-09-29T09:58:36.040+0000] {processor.py:839} INFO - DAG(s) dict_keys(['tutorial_dag']) retrieved from /home/ubuntu/airflow_venv/lib/python3.10/site-packages/airflow/example_dags/tutorial_dag.py
[2023-09-29T09:58:36.058+0000] {logging_mixin.py:151} INFO - [2023-09-29T09:58:36.058+0000] {dag.py:2915} INFO - Sync 1 DAGs
[2023-09-29T09:58:36.071+0000] {logging_mixin.py:151} INFO - [2023-09-29T09:58:36.071+0000] {dag.py:3696} INFO - Setting next_dagrun for tutorial_dag to None, run_after=None
[2023-09-29T09:58:36.099+0000] {processor.py:179} INFO - Processing /home/ubuntu/airflow_venv/lib/python3.10/site-packages/airflow/example_dags/tutorial_dag.py took 0.072 seconds
