[2023-09-29T07:22:12.599+0000] {processor.py:157} INFO - Started process (PID=12179) to work on /home/ubuntu/airflow_venv/lib/python3.10/site-packages/airflow/example_dags/tutorial.py
[2023-09-29T07:22:12.599+0000] {processor.py:829} INFO - Processing file /home/ubuntu/airflow_venv/lib/python3.10/site-packages/airflow/example_dags/tutorial.py for tasks to queue
[2023-09-29T07:22:12.600+0000] {logging_mixin.py:151} INFO - [2023-09-29T07:22:12.600+0000] {dagbag.py:539} INFO - Filling up the DagBag from /home/ubuntu/airflow_venv/lib/python3.10/site-packages/airflow/example_dags/tutorial.py
[2023-09-29T07:22:12.609+0000] {processor.py:839} INFO - DAG(s) dict_keys(['tutorial']) retrieved from /home/ubuntu/airflow_venv/lib/python3.10/site-packages/airflow/example_dags/tutorial.py
[2023-09-29T07:22:12.617+0000] {logging_mixin.py:151} INFO - [2023-09-29T07:22:12.617+0000] {dag.py:2915} INFO - Sync 1 DAGs
[2023-09-29T07:22:12.637+0000] {logging_mixin.py:151} INFO - [2023-09-29T07:22:12.637+0000] {dag.py:3696} INFO - Setting next_dagrun for tutorial to 2023-09-28T07:22:12.636779+00:00, run_after=2023-09-29T07:22:12.636779+00:00
[2023-09-29T07:22:12.658+0000] {processor.py:179} INFO - Processing /home/ubuntu/airflow_venv/lib/python3.10/site-packages/airflow/example_dags/tutorial.py took 0.063 seconds
[2023-09-29T07:22:58.653+0000] {processor.py:157} INFO - Started process (PID=12227) to work on /home/ubuntu/airflow_venv/lib/python3.10/site-packages/airflow/example_dags/tutorial.py
[2023-09-29T07:22:58.656+0000] {processor.py:829} INFO - Processing file /home/ubuntu/airflow_venv/lib/python3.10/site-packages/airflow/example_dags/tutorial.py for tasks to queue
[2023-09-29T07:22:58.659+0000] {logging_mixin.py:151} INFO - [2023-09-29T07:22:58.657+0000] {dagbag.py:539} INFO - Filling up the DagBag from /home/ubuntu/airflow_venv/lib/python3.10/site-packages/airflow/example_dags/tutorial.py
[2023-09-29T07:22:58.674+0000] {processor.py:839} INFO - DAG(s) dict_keys(['tutorial']) retrieved from /home/ubuntu/airflow_venv/lib/python3.10/site-packages/airflow/example_dags/tutorial.py
[2023-09-29T07:22:58.701+0000] {logging_mixin.py:151} INFO - [2023-09-29T07:22:58.701+0000] {dag.py:2915} INFO - Sync 1 DAGs
[2023-09-29T07:22:58.738+0000] {logging_mixin.py:151} INFO - [2023-09-29T07:22:58.738+0000] {dag.py:3696} INFO - Setting next_dagrun for tutorial to 2023-09-28T07:22:58.738025+00:00, run_after=2023-09-29T07:22:58.738025+00:00
[2023-09-29T07:22:58.767+0000] {processor.py:179} INFO - Processing /home/ubuntu/airflow_venv/lib/python3.10/site-packages/airflow/example_dags/tutorial.py took 0.119 seconds
[2023-09-29T07:23:42.002+0000] {processor.py:157} INFO - Started process (PID=12607) to work on /home/ubuntu/airflow_venv/lib/python3.10/site-packages/airflow/example_dags/tutorial.py
[2023-09-29T07:23:42.004+0000] {processor.py:829} INFO - Processing file /home/ubuntu/airflow_venv/lib/python3.10/site-packages/airflow/example_dags/tutorial.py for tasks to queue
[2023-09-29T07:23:42.005+0000] {logging_mixin.py:151} INFO - [2023-09-29T07:23:42.004+0000] {dagbag.py:539} INFO - Filling up the DagBag from /home/ubuntu/airflow_venv/lib/python3.10/site-packages/airflow/example_dags/tutorial.py
[2023-09-29T07:23:42.017+0000] {processor.py:839} INFO - DAG(s) dict_keys(['tutorial']) retrieved from /home/ubuntu/airflow_venv/lib/python3.10/site-packages/airflow/example_dags/tutorial.py
[2023-09-29T07:23:42.044+0000] {logging_mixin.py:151} INFO - [2023-09-29T07:23:42.044+0000] {dag.py:2915} INFO - Sync 1 DAGs
[2023-09-29T07:23:42.382+0000] {logging_mixin.py:151} INFO - [2023-09-29T07:23:42.376+0000] {dag.py:3696} INFO - Setting next_dagrun for tutorial to 2023-09-28T07:23:42.374303+00:00, run_after=2023-09-29T07:23:42.374303+00:00
[2023-09-29T07:23:42.430+0000] {processor.py:179} INFO - Processing /home/ubuntu/airflow_venv/lib/python3.10/site-packages/airflow/example_dags/tutorial.py took 0.432 seconds
[2023-09-29T07:28:11.623+0000] {processor.py:157} INFO - Started process (PID=12855) to work on /home/ubuntu/airflow_venv/lib/python3.10/site-packages/airflow/example_dags/tutorial.py
[2023-09-29T07:28:11.626+0000] {processor.py:829} INFO - Processing file /home/ubuntu/airflow_venv/lib/python3.10/site-packages/airflow/example_dags/tutorial.py for tasks to queue
[2023-09-29T07:28:11.629+0000] {logging_mixin.py:151} INFO - [2023-09-29T07:28:11.628+0000] {dagbag.py:539} INFO - Filling up the DagBag from /home/ubuntu/airflow_venv/lib/python3.10/site-packages/airflow/example_dags/tutorial.py
[2023-09-29T07:28:11.645+0000] {processor.py:839} INFO - DAG(s) dict_keys(['tutorial']) retrieved from /home/ubuntu/airflow_venv/lib/python3.10/site-packages/airflow/example_dags/tutorial.py
[2023-09-29T07:28:11.824+0000] {logging_mixin.py:151} INFO - [2023-09-29T07:28:11.824+0000] {dag.py:2915} INFO - Sync 1 DAGs
[2023-09-29T07:28:11.842+0000] {logging_mixin.py:151} INFO - [2023-09-29T07:28:11.842+0000] {dag.py:3696} INFO - Setting next_dagrun for tutorial to 2023-09-28T07:28:11.842558+00:00, run_after=2023-09-29T07:28:11.842558+00:00
[2023-09-29T07:28:11.878+0000] {processor.py:179} INFO - Processing /home/ubuntu/airflow_venv/lib/python3.10/site-packages/airflow/example_dags/tutorial.py took 0.265 seconds
[2023-09-29T07:29:01.470+0000] {processor.py:157} INFO - Started process (PID=12907) to work on /home/ubuntu/airflow_venv/lib/python3.10/site-packages/airflow/example_dags/tutorial.py
[2023-09-29T07:29:01.472+0000] {processor.py:829} INFO - Processing file /home/ubuntu/airflow_venv/lib/python3.10/site-packages/airflow/example_dags/tutorial.py for tasks to queue
[2023-09-29T07:29:01.473+0000] {logging_mixin.py:151} INFO - [2023-09-29T07:29:01.472+0000] {dagbag.py:539} INFO - Filling up the DagBag from /home/ubuntu/airflow_venv/lib/python3.10/site-packages/airflow/example_dags/tutorial.py
[2023-09-29T07:29:01.482+0000] {processor.py:839} INFO - DAG(s) dict_keys(['tutorial']) retrieved from /home/ubuntu/airflow_venv/lib/python3.10/site-packages/airflow/example_dags/tutorial.py
[2023-09-29T07:29:01.502+0000] {logging_mixin.py:151} INFO - [2023-09-29T07:29:01.501+0000] {dag.py:2915} INFO - Sync 1 DAGs
[2023-09-29T07:29:01.524+0000] {logging_mixin.py:151} INFO - [2023-09-29T07:29:01.523+0000] {dag.py:3696} INFO - Setting next_dagrun for tutorial to 2023-09-28T07:29:01.523573+00:00, run_after=2023-09-29T07:29:01.523573+00:00
[2023-09-29T07:29:01.548+0000] {processor.py:179} INFO - Processing /home/ubuntu/airflow_venv/lib/python3.10/site-packages/airflow/example_dags/tutorial.py took 0.082 seconds
[2023-09-29T07:29:37.878+0000] {processor.py:157} INFO - Started process (PID=12944) to work on /home/ubuntu/airflow_venv/lib/python3.10/site-packages/airflow/example_dags/tutorial.py
[2023-09-29T07:29:37.879+0000] {processor.py:829} INFO - Processing file /home/ubuntu/airflow_venv/lib/python3.10/site-packages/airflow/example_dags/tutorial.py for tasks to queue
[2023-09-29T07:29:37.880+0000] {logging_mixin.py:151} INFO - [2023-09-29T07:29:37.879+0000] {dagbag.py:539} INFO - Filling up the DagBag from /home/ubuntu/airflow_venv/lib/python3.10/site-packages/airflow/example_dags/tutorial.py
[2023-09-29T07:29:37.888+0000] {processor.py:839} INFO - DAG(s) dict_keys(['tutorial']) retrieved from /home/ubuntu/airflow_venv/lib/python3.10/site-packages/airflow/example_dags/tutorial.py
[2023-09-29T07:29:37.914+0000] {logging_mixin.py:151} INFO - [2023-09-29T07:29:37.914+0000] {dag.py:2915} INFO - Sync 1 DAGs
[2023-09-29T07:29:37.941+0000] {logging_mixin.py:151} INFO - [2023-09-29T07:29:37.940+0000] {dag.py:3696} INFO - Setting next_dagrun for tutorial to 2023-09-28T07:29:37.940712+00:00, run_after=2023-09-29T07:29:37.940712+00:00
[2023-09-29T07:29:37.962+0000] {processor.py:179} INFO - Processing /home/ubuntu/airflow_venv/lib/python3.10/site-packages/airflow/example_dags/tutorial.py took 0.089 seconds
[2023-09-29T07:30:15.180+0000] {processor.py:157} INFO - Started process (PID=12982) to work on /home/ubuntu/airflow_venv/lib/python3.10/site-packages/airflow/example_dags/tutorial.py
[2023-09-29T07:30:15.182+0000] {processor.py:829} INFO - Processing file /home/ubuntu/airflow_venv/lib/python3.10/site-packages/airflow/example_dags/tutorial.py for tasks to queue
[2023-09-29T07:30:15.184+0000] {logging_mixin.py:151} INFO - [2023-09-29T07:30:15.183+0000] {dagbag.py:539} INFO - Filling up the DagBag from /home/ubuntu/airflow_venv/lib/python3.10/site-packages/airflow/example_dags/tutorial.py
[2023-09-29T07:30:15.196+0000] {processor.py:839} INFO - DAG(s) dict_keys(['tutorial']) retrieved from /home/ubuntu/airflow_venv/lib/python3.10/site-packages/airflow/example_dags/tutorial.py
[2023-09-29T07:30:15.235+0000] {logging_mixin.py:151} INFO - [2023-09-29T07:30:15.234+0000] {dag.py:2915} INFO - Sync 1 DAGs
[2023-09-29T07:30:15.270+0000] {logging_mixin.py:151} INFO - [2023-09-29T07:30:15.270+0000] {dag.py:3696} INFO - Setting next_dagrun for tutorial to 2023-09-28T07:30:15.270204+00:00, run_after=2023-09-29T07:30:15.270204+00:00
[2023-09-29T07:30:15.309+0000] {processor.py:179} INFO - Processing /home/ubuntu/airflow_venv/lib/python3.10/site-packages/airflow/example_dags/tutorial.py took 0.138 seconds
[2023-09-29T07:30:52.338+0000] {processor.py:157} INFO - Started process (PID=13023) to work on /home/ubuntu/airflow_venv/lib/python3.10/site-packages/airflow/example_dags/tutorial.py
[2023-09-29T07:30:52.340+0000] {processor.py:829} INFO - Processing file /home/ubuntu/airflow_venv/lib/python3.10/site-packages/airflow/example_dags/tutorial.py for tasks to queue
[2023-09-29T07:30:52.341+0000] {logging_mixin.py:151} INFO - [2023-09-29T07:30:52.341+0000] {dagbag.py:539} INFO - Filling up the DagBag from /home/ubuntu/airflow_venv/lib/python3.10/site-packages/airflow/example_dags/tutorial.py
[2023-09-29T07:30:52.350+0000] {processor.py:839} INFO - DAG(s) dict_keys(['tutorial']) retrieved from /home/ubuntu/airflow_venv/lib/python3.10/site-packages/airflow/example_dags/tutorial.py
[2023-09-29T07:30:52.371+0000] {logging_mixin.py:151} INFO - [2023-09-29T07:30:52.371+0000] {dag.py:2915} INFO - Sync 1 DAGs
[2023-09-29T07:30:52.402+0000] {logging_mixin.py:151} INFO - [2023-09-29T07:30:52.402+0000] {dag.py:3696} INFO - Setting next_dagrun for tutorial to 2023-09-28T07:30:52.402539+00:00, run_after=2023-09-29T07:30:52.402539+00:00
[2023-09-29T07:30:52.438+0000] {processor.py:179} INFO - Processing /home/ubuntu/airflow_venv/lib/python3.10/site-packages/airflow/example_dags/tutorial.py took 0.104 seconds
[2023-09-29T07:31:27.682+0000] {processor.py:157} INFO - Started process (PID=13089) to work on /home/ubuntu/airflow_venv/lib/python3.10/site-packages/airflow/example_dags/tutorial.py
[2023-09-29T07:31:27.684+0000] {processor.py:829} INFO - Processing file /home/ubuntu/airflow_venv/lib/python3.10/site-packages/airflow/example_dags/tutorial.py for tasks to queue
[2023-09-29T07:31:27.687+0000] {logging_mixin.py:151} INFO - [2023-09-29T07:31:27.687+0000] {dagbag.py:539} INFO - Filling up the DagBag from /home/ubuntu/airflow_venv/lib/python3.10/site-packages/airflow/example_dags/tutorial.py
[2023-09-29T07:31:27.713+0000] {processor.py:839} INFO - DAG(s) dict_keys(['tutorial']) retrieved from /home/ubuntu/airflow_venv/lib/python3.10/site-packages/airflow/example_dags/tutorial.py
[2023-09-29T07:31:27.735+0000] {logging_mixin.py:151} INFO - [2023-09-29T07:31:27.735+0000] {dag.py:2915} INFO - Sync 1 DAGs
[2023-09-29T07:31:27.764+0000] {logging_mixin.py:151} INFO - [2023-09-29T07:31:27.764+0000] {dag.py:3696} INFO - Setting next_dagrun for tutorial to 2023-09-28T07:31:27.763820+00:00, run_after=2023-09-29T07:31:27.763820+00:00
[2023-09-29T07:31:27.795+0000] {processor.py:179} INFO - Processing /home/ubuntu/airflow_venv/lib/python3.10/site-packages/airflow/example_dags/tutorial.py took 0.122 seconds
[2023-09-29T07:43:02.615+0000] {processor.py:157} INFO - Started process (PID=1193) to work on /home/ubuntu/airflow_venv/lib/python3.10/site-packages/airflow/example_dags/tutorial.py
[2023-09-29T07:43:02.616+0000] {processor.py:829} INFO - Processing file /home/ubuntu/airflow_venv/lib/python3.10/site-packages/airflow/example_dags/tutorial.py for tasks to queue
[2023-09-29T07:43:02.617+0000] {logging_mixin.py:151} INFO - [2023-09-29T07:43:02.617+0000] {dagbag.py:539} INFO - Filling up the DagBag from /home/ubuntu/airflow_venv/lib/python3.10/site-packages/airflow/example_dags/tutorial.py
[2023-09-29T07:43:02.639+0000] {processor.py:839} INFO - DAG(s) dict_keys(['tutorial']) retrieved from /home/ubuntu/airflow_venv/lib/python3.10/site-packages/airflow/example_dags/tutorial.py
[2023-09-29T07:43:02.658+0000] {logging_mixin.py:151} INFO - [2023-09-29T07:43:02.658+0000] {dag.py:2915} INFO - Sync 1 DAGs
[2023-09-29T07:43:02.703+0000] {logging_mixin.py:151} INFO - [2023-09-29T07:43:02.701+0000] {dag.py:3696} INFO - Setting next_dagrun for tutorial to 2023-09-28T07:43:02.701099+00:00, run_after=2023-09-29T07:43:02.701099+00:00
[2023-09-29T07:43:02.754+0000] {processor.py:179} INFO - Processing /home/ubuntu/airflow_venv/lib/python3.10/site-packages/airflow/example_dags/tutorial.py took 0.145 seconds
[2023-09-29T07:43:50.267+0000] {processor.py:157} INFO - Started process (PID=1241) to work on /home/ubuntu/airflow_venv/lib/python3.10/site-packages/airflow/example_dags/tutorial.py
[2023-09-29T07:43:50.268+0000] {processor.py:829} INFO - Processing file /home/ubuntu/airflow_venv/lib/python3.10/site-packages/airflow/example_dags/tutorial.py for tasks to queue
[2023-09-29T07:43:50.269+0000] {logging_mixin.py:151} INFO - [2023-09-29T07:43:50.268+0000] {dagbag.py:539} INFO - Filling up the DagBag from /home/ubuntu/airflow_venv/lib/python3.10/site-packages/airflow/example_dags/tutorial.py
[2023-09-29T07:43:50.276+0000] {processor.py:839} INFO - DAG(s) dict_keys(['tutorial']) retrieved from /home/ubuntu/airflow_venv/lib/python3.10/site-packages/airflow/example_dags/tutorial.py
[2023-09-29T07:43:50.292+0000] {logging_mixin.py:151} INFO - [2023-09-29T07:43:50.292+0000] {dag.py:2915} INFO - Sync 1 DAGs
[2023-09-29T07:43:50.312+0000] {logging_mixin.py:151} INFO - [2023-09-29T07:43:50.312+0000] {dag.py:3696} INFO - Setting next_dagrun for tutorial to 2023-09-28T07:43:50.312102+00:00, run_after=2023-09-29T07:43:50.312102+00:00
[2023-09-29T07:43:50.342+0000] {processor.py:179} INFO - Processing /home/ubuntu/airflow_venv/lib/python3.10/site-packages/airflow/example_dags/tutorial.py took 0.078 seconds
[2023-09-29T07:44:35.397+0000] {processor.py:157} INFO - Started process (PID=1280) to work on /home/ubuntu/airflow_venv/lib/python3.10/site-packages/airflow/example_dags/tutorial.py
[2023-09-29T07:44:35.398+0000] {processor.py:829} INFO - Processing file /home/ubuntu/airflow_venv/lib/python3.10/site-packages/airflow/example_dags/tutorial.py for tasks to queue
[2023-09-29T07:44:35.398+0000] {logging_mixin.py:151} INFO - [2023-09-29T07:44:35.398+0000] {dagbag.py:539} INFO - Filling up the DagBag from /home/ubuntu/airflow_venv/lib/python3.10/site-packages/airflow/example_dags/tutorial.py
[2023-09-29T07:44:35.405+0000] {processor.py:839} INFO - DAG(s) dict_keys(['tutorial']) retrieved from /home/ubuntu/airflow_venv/lib/python3.10/site-packages/airflow/example_dags/tutorial.py
[2023-09-29T07:44:35.421+0000] {logging_mixin.py:151} INFO - [2023-09-29T07:44:35.421+0000] {dag.py:2915} INFO - Sync 1 DAGs
[2023-09-29T07:44:35.593+0000] {logging_mixin.py:151} INFO - [2023-09-29T07:44:35.593+0000] {dag.py:3696} INFO - Setting next_dagrun for tutorial to 2023-09-28T07:44:35.593011+00:00, run_after=2023-09-29T07:44:35.593011+00:00
[2023-09-29T07:44:35.613+0000] {processor.py:179} INFO - Processing /home/ubuntu/airflow_venv/lib/python3.10/site-packages/airflow/example_dags/tutorial.py took 0.220 seconds
[2023-09-29T07:45:28.591+0000] {processor.py:157} INFO - Started process (PID=1699) to work on /home/ubuntu/airflow_venv/lib/python3.10/site-packages/airflow/example_dags/tutorial.py
[2023-09-29T07:45:28.593+0000] {processor.py:829} INFO - Processing file /home/ubuntu/airflow_venv/lib/python3.10/site-packages/airflow/example_dags/tutorial.py for tasks to queue
[2023-09-29T07:45:28.594+0000] {logging_mixin.py:151} INFO - [2023-09-29T07:45:28.594+0000] {dagbag.py:539} INFO - Filling up the DagBag from /home/ubuntu/airflow_venv/lib/python3.10/site-packages/airflow/example_dags/tutorial.py
[2023-09-29T07:47:22.047+0000] {logging_mixin.py:151} INFO - [2023-09-29T07:47:05.035+0000] {timeout.py:68} ERROR - Process timed out, PID: 1699
[2023-09-29T07:47:48.868+0000] {logging_mixin.py:151} WARNING - Exception ignored in: <function WeakKeyDictionary.__init__.<locals>.remove at 0x7f7e86acc040>
[2023-09-29T07:47:49.015+0000] {logging_mixin.py:151} WARNING - Traceback (most recent call last):
[2023-09-29T07:47:49.015+0000] {logging_mixin.py:151} WARNING -   File "/usr/lib/python3.10/weakref.py", line 370, in remove
[2023-09-29T07:47:49.050+0000] {logging_mixin.py:151} WARNING -     def remove(k, selfref=ref(self)):
[2023-09-29T07:47:49.051+0000] {logging_mixin.py:151} WARNING -   File "/home/ubuntu/airflow_venv/lib/python3.10/site-packages/airflow/utils/timeout.py", line 69, in handle_timeout
[2023-09-29T07:47:49.095+0000] {logging_mixin.py:151} WARNING -     raise AirflowTaskTimeout(self.error_message)
[2023-09-29T07:47:49.104+0000] {logging_mixin.py:151} WARNING - airflow.exceptions.AirflowTaskTimeout: DagBag import timeout for /home/ubuntu/airflow_venv/lib/python3.10/site-packages/airflow/example_dags/tutorial.py after 30.0s.
Please take a look at these docs to improve your DAG import time:
* https://airflow.apache.org/docs/apache-airflow/2.7.1/best-practices.html#top-level-python-code
* https://airflow.apache.org/docs/apache-airflow/2.7.1/best-practices.html#reducing-dag-complexity, PID: 1699
[2023-09-29T07:47:49.220+0000] {processor.py:839} INFO - DAG(s) dict_keys(['tutorial']) retrieved from /home/ubuntu/airflow_venv/lib/python3.10/site-packages/airflow/example_dags/tutorial.py
[2023-09-29T07:47:49.645+0000] {logging_mixin.py:151} INFO - [2023-09-29T07:47:49.645+0000] {dag.py:2915} INFO - Sync 1 DAGs
[2023-09-29T07:47:49.897+0000] {logging_mixin.py:151} INFO - [2023-09-29T07:47:49.897+0000] {dag.py:3696} INFO - Setting next_dagrun for tutorial to 2023-09-28T07:47:49.897408+00:00, run_after=2023-09-29T07:47:49.897408+00:00
[2023-09-29T07:47:50.180+0000] {processor.py:179} INFO - Processing /home/ubuntu/airflow_venv/lib/python3.10/site-packages/airflow/example_dags/tutorial.py took 141.593 seconds
[2023-09-29T07:54:56.921+0000] {processor.py:157} INFO - Started process (PID=1317) to work on /home/ubuntu/airflow_venv/lib/python3.10/site-packages/airflow/example_dags/tutorial.py
[2023-09-29T07:54:56.923+0000] {processor.py:829} INFO - Processing file /home/ubuntu/airflow_venv/lib/python3.10/site-packages/airflow/example_dags/tutorial.py for tasks to queue
[2023-09-29T07:54:56.923+0000] {logging_mixin.py:151} INFO - [2023-09-29T07:54:56.923+0000] {dagbag.py:539} INFO - Filling up the DagBag from /home/ubuntu/airflow_venv/lib/python3.10/site-packages/airflow/example_dags/tutorial.py
[2023-09-29T07:54:56.935+0000] {processor.py:839} INFO - DAG(s) dict_keys(['tutorial']) retrieved from /home/ubuntu/airflow_venv/lib/python3.10/site-packages/airflow/example_dags/tutorial.py
[2023-09-29T07:54:56.950+0000] {logging_mixin.py:151} INFO - [2023-09-29T07:54:56.949+0000] {dag.py:2915} INFO - Sync 1 DAGs
[2023-09-29T07:54:56.979+0000] {logging_mixin.py:151} INFO - [2023-09-29T07:54:56.979+0000] {dag.py:3696} INFO - Setting next_dagrun for tutorial to 2023-09-28T07:54:56.978965+00:00, run_after=2023-09-29T07:54:56.978965+00:00
[2023-09-29T07:54:57.009+0000] {processor.py:179} INFO - Processing /home/ubuntu/airflow_venv/lib/python3.10/site-packages/airflow/example_dags/tutorial.py took 0.099 seconds
[2023-09-29T07:55:50.801+0000] {processor.py:157} INFO - Started process (PID=1371) to work on /home/ubuntu/airflow_venv/lib/python3.10/site-packages/airflow/example_dags/tutorial.py
[2023-09-29T07:55:50.802+0000] {processor.py:829} INFO - Processing file /home/ubuntu/airflow_venv/lib/python3.10/site-packages/airflow/example_dags/tutorial.py for tasks to queue
[2023-09-29T07:55:50.803+0000] {logging_mixin.py:151} INFO - [2023-09-29T07:55:50.802+0000] {dagbag.py:539} INFO - Filling up the DagBag from /home/ubuntu/airflow_venv/lib/python3.10/site-packages/airflow/example_dags/tutorial.py
[2023-09-29T07:55:50.810+0000] {processor.py:839} INFO - DAG(s) dict_keys(['tutorial']) retrieved from /home/ubuntu/airflow_venv/lib/python3.10/site-packages/airflow/example_dags/tutorial.py
[2023-09-29T07:55:50.826+0000] {logging_mixin.py:151} INFO - [2023-09-29T07:55:50.825+0000] {dag.py:2915} INFO - Sync 1 DAGs
[2023-09-29T07:55:50.844+0000] {logging_mixin.py:151} INFO - [2023-09-29T07:55:50.844+0000] {dag.py:3696} INFO - Setting next_dagrun for tutorial to 2023-09-28T07:55:50.844313+00:00, run_after=2023-09-29T07:55:50.844313+00:00
[2023-09-29T07:55:50.867+0000] {processor.py:179} INFO - Processing /home/ubuntu/airflow_venv/lib/python3.10/site-packages/airflow/example_dags/tutorial.py took 0.069 seconds
[2023-09-29T07:56:38.012+0000] {processor.py:157} INFO - Started process (PID=1413) to work on /home/ubuntu/airflow_venv/lib/python3.10/site-packages/airflow/example_dags/tutorial.py
[2023-09-29T07:56:38.013+0000] {processor.py:829} INFO - Processing file /home/ubuntu/airflow_venv/lib/python3.10/site-packages/airflow/example_dags/tutorial.py for tasks to queue
[2023-09-29T07:56:38.014+0000] {logging_mixin.py:151} INFO - [2023-09-29T07:56:38.013+0000] {dagbag.py:539} INFO - Filling up the DagBag from /home/ubuntu/airflow_venv/lib/python3.10/site-packages/airflow/example_dags/tutorial.py
[2023-09-29T07:56:38.021+0000] {processor.py:839} INFO - DAG(s) dict_keys(['tutorial']) retrieved from /home/ubuntu/airflow_venv/lib/python3.10/site-packages/airflow/example_dags/tutorial.py
[2023-09-29T07:56:38.044+0000] {logging_mixin.py:151} INFO - [2023-09-29T07:56:38.044+0000] {dag.py:2915} INFO - Sync 1 DAGs
[2023-09-29T07:56:38.289+0000] {logging_mixin.py:151} INFO - [2023-09-29T07:56:38.289+0000] {dag.py:3696} INFO - Setting next_dagrun for tutorial to 2023-09-28T07:56:38.289500+00:00, run_after=2023-09-29T07:56:38.289500+00:00
[2023-09-29T07:56:38.312+0000] {processor.py:179} INFO - Processing /home/ubuntu/airflow_venv/lib/python3.10/site-packages/airflow/example_dags/tutorial.py took 0.304 seconds
[2023-09-29T07:57:32.129+0000] {processor.py:157} INFO - Started process (PID=1460) to work on /home/ubuntu/airflow_venv/lib/python3.10/site-packages/airflow/example_dags/tutorial.py
[2023-09-29T07:57:32.130+0000] {processor.py:829} INFO - Processing file /home/ubuntu/airflow_venv/lib/python3.10/site-packages/airflow/example_dags/tutorial.py for tasks to queue
[2023-09-29T07:57:32.130+0000] {logging_mixin.py:151} INFO - [2023-09-29T07:57:32.130+0000] {dagbag.py:539} INFO - Filling up the DagBag from /home/ubuntu/airflow_venv/lib/python3.10/site-packages/airflow/example_dags/tutorial.py
[2023-09-29T07:57:32.164+0000] {processor.py:839} INFO - DAG(s) dict_keys(['tutorial']) retrieved from /home/ubuntu/airflow_venv/lib/python3.10/site-packages/airflow/example_dags/tutorial.py
[2023-09-29T07:57:32.179+0000] {logging_mixin.py:151} INFO - [2023-09-29T07:57:32.178+0000] {dag.py:2915} INFO - Sync 1 DAGs
[2023-09-29T07:57:32.196+0000] {logging_mixin.py:151} INFO - [2023-09-29T07:57:32.196+0000] {dag.py:3696} INFO - Setting next_dagrun for tutorial to 2023-09-28T07:57:32.195871+00:00, run_after=2023-09-29T07:57:32.195871+00:00
[2023-09-29T07:57:32.231+0000] {processor.py:179} INFO - Processing /home/ubuntu/airflow_venv/lib/python3.10/site-packages/airflow/example_dags/tutorial.py took 0.109 seconds
[2023-09-29T07:58:13.671+0000] {processor.py:157} INFO - Started process (PID=1502) to work on /home/ubuntu/airflow_venv/lib/python3.10/site-packages/airflow/example_dags/tutorial.py
[2023-09-29T07:58:13.672+0000] {processor.py:829} INFO - Processing file /home/ubuntu/airflow_venv/lib/python3.10/site-packages/airflow/example_dags/tutorial.py for tasks to queue
[2023-09-29T07:58:13.673+0000] {logging_mixin.py:151} INFO - [2023-09-29T07:58:13.673+0000] {dagbag.py:539} INFO - Filling up the DagBag from /home/ubuntu/airflow_venv/lib/python3.10/site-packages/airflow/example_dags/tutorial.py
[2023-09-29T07:58:13.680+0000] {processor.py:839} INFO - DAG(s) dict_keys(['tutorial']) retrieved from /home/ubuntu/airflow_venv/lib/python3.10/site-packages/airflow/example_dags/tutorial.py
[2023-09-29T07:58:13.696+0000] {logging_mixin.py:151} INFO - [2023-09-29T07:58:13.695+0000] {dag.py:2915} INFO - Sync 1 DAGs
[2023-09-29T07:58:13.715+0000] {logging_mixin.py:151} INFO - [2023-09-29T07:58:13.714+0000] {dag.py:3696} INFO - Setting next_dagrun for tutorial to 2023-09-28T07:58:13.714736+00:00, run_after=2023-09-29T07:58:13.714736+00:00
[2023-09-29T07:58:13.762+0000] {processor.py:179} INFO - Processing /home/ubuntu/airflow_venv/lib/python3.10/site-packages/airflow/example_dags/tutorial.py took 0.094 seconds
[2023-09-29T07:59:00.131+0000] {processor.py:157} INFO - Started process (PID=1552) to work on /home/ubuntu/airflow_venv/lib/python3.10/site-packages/airflow/example_dags/tutorial.py
[2023-09-29T07:59:00.132+0000] {processor.py:829} INFO - Processing file /home/ubuntu/airflow_venv/lib/python3.10/site-packages/airflow/example_dags/tutorial.py for tasks to queue
[2023-09-29T07:59:00.133+0000] {logging_mixin.py:151} INFO - [2023-09-29T07:59:00.133+0000] {dagbag.py:539} INFO - Filling up the DagBag from /home/ubuntu/airflow_venv/lib/python3.10/site-packages/airflow/example_dags/tutorial.py
[2023-09-29T07:59:00.142+0000] {processor.py:839} INFO - DAG(s) dict_keys(['tutorial']) retrieved from /home/ubuntu/airflow_venv/lib/python3.10/site-packages/airflow/example_dags/tutorial.py
[2023-09-29T07:59:00.159+0000] {logging_mixin.py:151} INFO - [2023-09-29T07:59:00.159+0000] {dag.py:2915} INFO - Sync 1 DAGs
[2023-09-29T07:59:00.179+0000] {logging_mixin.py:151} INFO - [2023-09-29T07:59:00.179+0000] {dag.py:3696} INFO - Setting next_dagrun for tutorial to 2023-09-28T07:59:00.179487+00:00, run_after=2023-09-29T07:59:00.179487+00:00
[2023-09-29T07:59:00.200+0000] {processor.py:179} INFO - Processing /home/ubuntu/airflow_venv/lib/python3.10/site-packages/airflow/example_dags/tutorial.py took 0.072 seconds
[2023-09-29T07:59:36.363+0000] {processor.py:157} INFO - Started process (PID=1593) to work on /home/ubuntu/airflow_venv/lib/python3.10/site-packages/airflow/example_dags/tutorial.py
[2023-09-29T07:59:36.364+0000] {processor.py:829} INFO - Processing file /home/ubuntu/airflow_venv/lib/python3.10/site-packages/airflow/example_dags/tutorial.py for tasks to queue
[2023-09-29T07:59:36.366+0000] {logging_mixin.py:151} INFO - [2023-09-29T07:59:36.365+0000] {dagbag.py:539} INFO - Filling up the DagBag from /home/ubuntu/airflow_venv/lib/python3.10/site-packages/airflow/example_dags/tutorial.py
[2023-09-29T07:59:36.374+0000] {processor.py:839} INFO - DAG(s) dict_keys(['tutorial']) retrieved from /home/ubuntu/airflow_venv/lib/python3.10/site-packages/airflow/example_dags/tutorial.py
[2023-09-29T07:59:36.392+0000] {logging_mixin.py:151} INFO - [2023-09-29T07:59:36.392+0000] {dag.py:2915} INFO - Sync 1 DAGs
[2023-09-29T07:59:36.412+0000] {logging_mixin.py:151} INFO - [2023-09-29T07:59:36.412+0000] {dag.py:3696} INFO - Setting next_dagrun for tutorial to 2023-09-28T07:59:36.412141+00:00, run_after=2023-09-29T07:59:36.412141+00:00
[2023-09-29T07:59:36.434+0000] {processor.py:179} INFO - Processing /home/ubuntu/airflow_venv/lib/python3.10/site-packages/airflow/example_dags/tutorial.py took 0.075 seconds
[2023-09-29T08:00:13.971+0000] {processor.py:157} INFO - Started process (PID=1631) to work on /home/ubuntu/airflow_venv/lib/python3.10/site-packages/airflow/example_dags/tutorial.py
[2023-09-29T08:00:13.975+0000] {processor.py:829} INFO - Processing file /home/ubuntu/airflow_venv/lib/python3.10/site-packages/airflow/example_dags/tutorial.py for tasks to queue
[2023-09-29T08:00:13.976+0000] {logging_mixin.py:151} INFO - [2023-09-29T08:00:13.976+0000] {dagbag.py:539} INFO - Filling up the DagBag from /home/ubuntu/airflow_venv/lib/python3.10/site-packages/airflow/example_dags/tutorial.py
[2023-09-29T08:00:14.002+0000] {processor.py:839} INFO - DAG(s) dict_keys(['tutorial']) retrieved from /home/ubuntu/airflow_venv/lib/python3.10/site-packages/airflow/example_dags/tutorial.py
[2023-09-29T08:00:14.033+0000] {logging_mixin.py:151} INFO - [2023-09-29T08:00:14.033+0000] {dag.py:2915} INFO - Sync 1 DAGs
[2023-09-29T08:00:14.077+0000] {logging_mixin.py:151} INFO - [2023-09-29T08:00:14.076+0000] {dag.py:3696} INFO - Setting next_dagrun for tutorial to 2023-09-28T08:00:14.076224+00:00, run_after=2023-09-29T08:00:14.076224+00:00
[2023-09-29T08:00:14.115+0000] {processor.py:179} INFO - Processing /home/ubuntu/airflow_venv/lib/python3.10/site-packages/airflow/example_dags/tutorial.py took 0.147 seconds
[2023-09-29T08:00:49.969+0000] {processor.py:157} INFO - Started process (PID=1665) to work on /home/ubuntu/airflow_venv/lib/python3.10/site-packages/airflow/example_dags/tutorial.py
[2023-09-29T08:00:49.970+0000] {processor.py:829} INFO - Processing file /home/ubuntu/airflow_venv/lib/python3.10/site-packages/airflow/example_dags/tutorial.py for tasks to queue
[2023-09-29T08:00:49.971+0000] {logging_mixin.py:151} INFO - [2023-09-29T08:00:49.970+0000] {dagbag.py:539} INFO - Filling up the DagBag from /home/ubuntu/airflow_venv/lib/python3.10/site-packages/airflow/example_dags/tutorial.py
[2023-09-29T08:00:49.983+0000] {processor.py:839} INFO - DAG(s) dict_keys(['tutorial']) retrieved from /home/ubuntu/airflow_venv/lib/python3.10/site-packages/airflow/example_dags/tutorial.py
[2023-09-29T08:00:50.020+0000] {logging_mixin.py:151} INFO - [2023-09-29T08:00:50.020+0000] {dag.py:2915} INFO - Sync 1 DAGs
[2023-09-29T08:00:50.039+0000] {logging_mixin.py:151} INFO - [2023-09-29T08:00:50.039+0000] {dag.py:3696} INFO - Setting next_dagrun for tutorial to 2023-09-28T08:00:50.039450+00:00, run_after=2023-09-29T08:00:50.039450+00:00
[2023-09-29T08:00:50.061+0000] {processor.py:179} INFO - Processing /home/ubuntu/airflow_venv/lib/python3.10/site-packages/airflow/example_dags/tutorial.py took 0.100 seconds
[2023-09-29T08:01:39.298+0000] {processor.py:157} INFO - Started process (PID=1714) to work on /home/ubuntu/airflow_venv/lib/python3.10/site-packages/airflow/example_dags/tutorial.py
[2023-09-29T08:01:39.299+0000] {processor.py:829} INFO - Processing file /home/ubuntu/airflow_venv/lib/python3.10/site-packages/airflow/example_dags/tutorial.py for tasks to queue
[2023-09-29T08:01:39.300+0000] {logging_mixin.py:151} INFO - [2023-09-29T08:01:39.299+0000] {dagbag.py:539} INFO - Filling up the DagBag from /home/ubuntu/airflow_venv/lib/python3.10/site-packages/airflow/example_dags/tutorial.py
[2023-09-29T08:01:39.307+0000] {processor.py:839} INFO - DAG(s) dict_keys(['tutorial']) retrieved from /home/ubuntu/airflow_venv/lib/python3.10/site-packages/airflow/example_dags/tutorial.py
[2023-09-29T08:01:39.324+0000] {logging_mixin.py:151} INFO - [2023-09-29T08:01:39.324+0000] {dag.py:2915} INFO - Sync 1 DAGs
[2023-09-29T08:01:39.343+0000] {logging_mixin.py:151} INFO - [2023-09-29T08:01:39.343+0000] {dag.py:3696} INFO - Setting next_dagrun for tutorial to 2023-09-28T08:01:39.343291+00:00, run_after=2023-09-29T08:01:39.343291+00:00
[2023-09-29T08:01:39.363+0000] {processor.py:179} INFO - Processing /home/ubuntu/airflow_venv/lib/python3.10/site-packages/airflow/example_dags/tutorial.py took 0.068 seconds
[2023-09-29T08:02:16.655+0000] {processor.py:157} INFO - Started process (PID=1753) to work on /home/ubuntu/airflow_venv/lib/python3.10/site-packages/airflow/example_dags/tutorial.py
[2023-09-29T08:02:16.660+0000] {processor.py:829} INFO - Processing file /home/ubuntu/airflow_venv/lib/python3.10/site-packages/airflow/example_dags/tutorial.py for tasks to queue
[2023-09-29T08:02:16.661+0000] {logging_mixin.py:151} INFO - [2023-09-29T08:02:16.660+0000] {dagbag.py:539} INFO - Filling up the DagBag from /home/ubuntu/airflow_venv/lib/python3.10/site-packages/airflow/example_dags/tutorial.py
[2023-09-29T08:02:16.669+0000] {processor.py:839} INFO - DAG(s) dict_keys(['tutorial']) retrieved from /home/ubuntu/airflow_venv/lib/python3.10/site-packages/airflow/example_dags/tutorial.py
[2023-09-29T08:02:16.688+0000] {logging_mixin.py:151} INFO - [2023-09-29T08:02:16.687+0000] {dag.py:2915} INFO - Sync 1 DAGs
[2023-09-29T08:02:16.715+0000] {logging_mixin.py:151} INFO - [2023-09-29T08:02:16.715+0000] {dag.py:3696} INFO - Setting next_dagrun for tutorial to 2023-09-28T08:02:16.714716+00:00, run_after=2023-09-29T08:02:16.714716+00:00
[2023-09-29T08:02:16.736+0000] {processor.py:179} INFO - Processing /home/ubuntu/airflow_venv/lib/python3.10/site-packages/airflow/example_dags/tutorial.py took 0.084 seconds
[2023-09-29T08:02:53.214+0000] {processor.py:157} INFO - Started process (PID=1790) to work on /home/ubuntu/airflow_venv/lib/python3.10/site-packages/airflow/example_dags/tutorial.py
[2023-09-29T08:02:53.215+0000] {processor.py:829} INFO - Processing file /home/ubuntu/airflow_venv/lib/python3.10/site-packages/airflow/example_dags/tutorial.py for tasks to queue
[2023-09-29T08:02:53.216+0000] {logging_mixin.py:151} INFO - [2023-09-29T08:02:53.216+0000] {dagbag.py:539} INFO - Filling up the DagBag from /home/ubuntu/airflow_venv/lib/python3.10/site-packages/airflow/example_dags/tutorial.py
[2023-09-29T08:02:53.223+0000] {processor.py:839} INFO - DAG(s) dict_keys(['tutorial']) retrieved from /home/ubuntu/airflow_venv/lib/python3.10/site-packages/airflow/example_dags/tutorial.py
[2023-09-29T08:02:53.239+0000] {logging_mixin.py:151} INFO - [2023-09-29T08:02:53.239+0000] {dag.py:2915} INFO - Sync 1 DAGs
[2023-09-29T08:02:53.257+0000] {logging_mixin.py:151} INFO - [2023-09-29T08:02:53.257+0000] {dag.py:3696} INFO - Setting next_dagrun for tutorial to 2023-09-28T08:02:53.257413+00:00, run_after=2023-09-29T08:02:53.257413+00:00
[2023-09-29T08:02:53.280+0000] {processor.py:179} INFO - Processing /home/ubuntu/airflow_venv/lib/python3.10/site-packages/airflow/example_dags/tutorial.py took 0.069 seconds
[2023-09-29T08:03:27.298+0000] {processor.py:157} INFO - Started process (PID=1824) to work on /home/ubuntu/airflow_venv/lib/python3.10/site-packages/airflow/example_dags/tutorial.py
[2023-09-29T08:03:27.299+0000] {processor.py:829} INFO - Processing file /home/ubuntu/airflow_venv/lib/python3.10/site-packages/airflow/example_dags/tutorial.py for tasks to queue
[2023-09-29T08:03:27.300+0000] {logging_mixin.py:151} INFO - [2023-09-29T08:03:27.300+0000] {dagbag.py:539} INFO - Filling up the DagBag from /home/ubuntu/airflow_venv/lib/python3.10/site-packages/airflow/example_dags/tutorial.py
[2023-09-29T08:03:27.308+0000] {processor.py:839} INFO - DAG(s) dict_keys(['tutorial']) retrieved from /home/ubuntu/airflow_venv/lib/python3.10/site-packages/airflow/example_dags/tutorial.py
[2023-09-29T08:03:27.327+0000] {logging_mixin.py:151} INFO - [2023-09-29T08:03:27.327+0000] {dag.py:2915} INFO - Sync 1 DAGs
[2023-09-29T08:03:27.348+0000] {logging_mixin.py:151} INFO - [2023-09-29T08:03:27.348+0000] {dag.py:3696} INFO - Setting next_dagrun for tutorial to 2023-09-28T08:03:27.348284+00:00, run_after=2023-09-29T08:03:27.348284+00:00
[2023-09-29T08:03:27.369+0000] {processor.py:179} INFO - Processing /home/ubuntu/airflow_venv/lib/python3.10/site-packages/airflow/example_dags/tutorial.py took 0.074 seconds
[2023-09-29T08:04:01.742+0000] {processor.py:157} INFO - Started process (PID=1860) to work on /home/ubuntu/airflow_venv/lib/python3.10/site-packages/airflow/example_dags/tutorial.py
[2023-09-29T08:04:01.743+0000] {processor.py:829} INFO - Processing file /home/ubuntu/airflow_venv/lib/python3.10/site-packages/airflow/example_dags/tutorial.py for tasks to queue
[2023-09-29T08:04:01.744+0000] {logging_mixin.py:151} INFO - [2023-09-29T08:04:01.743+0000] {dagbag.py:539} INFO - Filling up the DagBag from /home/ubuntu/airflow_venv/lib/python3.10/site-packages/airflow/example_dags/tutorial.py
[2023-09-29T08:04:01.756+0000] {processor.py:839} INFO - DAG(s) dict_keys(['tutorial']) retrieved from /home/ubuntu/airflow_venv/lib/python3.10/site-packages/airflow/example_dags/tutorial.py
[2023-09-29T08:04:01.787+0000] {logging_mixin.py:151} INFO - [2023-09-29T08:04:01.787+0000] {dag.py:2915} INFO - Sync 1 DAGs
[2023-09-29T08:04:01.817+0000] {logging_mixin.py:151} INFO - [2023-09-29T08:04:01.816+0000] {dag.py:3696} INFO - Setting next_dagrun for tutorial to 2023-09-28T08:04:01.816446+00:00, run_after=2023-09-29T08:04:01.816446+00:00
[2023-09-29T08:04:01.851+0000] {processor.py:179} INFO - Processing /home/ubuntu/airflow_venv/lib/python3.10/site-packages/airflow/example_dags/tutorial.py took 0.116 seconds
[2023-09-29T08:04:37.070+0000] {processor.py:157} INFO - Started process (PID=1896) to work on /home/ubuntu/airflow_venv/lib/python3.10/site-packages/airflow/example_dags/tutorial.py
[2023-09-29T08:04:37.071+0000] {processor.py:829} INFO - Processing file /home/ubuntu/airflow_venv/lib/python3.10/site-packages/airflow/example_dags/tutorial.py for tasks to queue
[2023-09-29T08:04:37.072+0000] {logging_mixin.py:151} INFO - [2023-09-29T08:04:37.071+0000] {dagbag.py:539} INFO - Filling up the DagBag from /home/ubuntu/airflow_venv/lib/python3.10/site-packages/airflow/example_dags/tutorial.py
[2023-09-29T08:04:37.080+0000] {processor.py:839} INFO - DAG(s) dict_keys(['tutorial']) retrieved from /home/ubuntu/airflow_venv/lib/python3.10/site-packages/airflow/example_dags/tutorial.py
[2023-09-29T08:04:37.098+0000] {logging_mixin.py:151} INFO - [2023-09-29T08:04:37.098+0000] {dag.py:2915} INFO - Sync 1 DAGs
[2023-09-29T08:04:37.119+0000] {logging_mixin.py:151} INFO - [2023-09-29T08:04:37.119+0000] {dag.py:3696} INFO - Setting next_dagrun for tutorial to 2023-09-28T08:04:37.119241+00:00, run_after=2023-09-29T08:04:37.119241+00:00
[2023-09-29T08:04:37.140+0000] {processor.py:179} INFO - Processing /home/ubuntu/airflow_venv/lib/python3.10/site-packages/airflow/example_dags/tutorial.py took 0.073 seconds
[2023-09-29T08:05:10.819+0000] {processor.py:157} INFO - Started process (PID=1932) to work on /home/ubuntu/airflow_venv/lib/python3.10/site-packages/airflow/example_dags/tutorial.py
[2023-09-29T08:05:10.821+0000] {processor.py:829} INFO - Processing file /home/ubuntu/airflow_venv/lib/python3.10/site-packages/airflow/example_dags/tutorial.py for tasks to queue
[2023-09-29T08:05:10.826+0000] {logging_mixin.py:151} INFO - [2023-09-29T08:05:10.825+0000] {dagbag.py:539} INFO - Filling up the DagBag from /home/ubuntu/airflow_venv/lib/python3.10/site-packages/airflow/example_dags/tutorial.py
[2023-09-29T08:05:10.837+0000] {processor.py:839} INFO - DAG(s) dict_keys(['tutorial']) retrieved from /home/ubuntu/airflow_venv/lib/python3.10/site-packages/airflow/example_dags/tutorial.py
[2023-09-29T08:05:10.860+0000] {logging_mixin.py:151} INFO - [2023-09-29T08:05:10.859+0000] {dag.py:2915} INFO - Sync 1 DAGs
[2023-09-29T08:05:10.881+0000] {logging_mixin.py:151} INFO - [2023-09-29T08:05:10.880+0000] {dag.py:3696} INFO - Setting next_dagrun for tutorial to 2023-09-28T08:05:10.880463+00:00, run_after=2023-09-29T08:05:10.880463+00:00
[2023-09-29T08:05:10.904+0000] {processor.py:179} INFO - Processing /home/ubuntu/airflow_venv/lib/python3.10/site-packages/airflow/example_dags/tutorial.py took 0.088 seconds
[2023-09-29T08:05:46.001+0000] {processor.py:157} INFO - Started process (PID=1968) to work on /home/ubuntu/airflow_venv/lib/python3.10/site-packages/airflow/example_dags/tutorial.py
[2023-09-29T08:05:46.004+0000] {processor.py:829} INFO - Processing file /home/ubuntu/airflow_venv/lib/python3.10/site-packages/airflow/example_dags/tutorial.py for tasks to queue
[2023-09-29T08:05:46.007+0000] {logging_mixin.py:151} INFO - [2023-09-29T08:05:46.005+0000] {dagbag.py:539} INFO - Filling up the DagBag from /home/ubuntu/airflow_venv/lib/python3.10/site-packages/airflow/example_dags/tutorial.py
[2023-09-29T08:05:46.021+0000] {processor.py:839} INFO - DAG(s) dict_keys(['tutorial']) retrieved from /home/ubuntu/airflow_venv/lib/python3.10/site-packages/airflow/example_dags/tutorial.py
[2023-09-29T08:05:46.037+0000] {logging_mixin.py:151} INFO - [2023-09-29T08:05:46.037+0000] {dag.py:2915} INFO - Sync 1 DAGs
[2023-09-29T08:05:46.056+0000] {logging_mixin.py:151} INFO - [2023-09-29T08:05:46.056+0000] {dag.py:3696} INFO - Setting next_dagrun for tutorial to 2023-09-28T08:05:46.056015+00:00, run_after=2023-09-29T08:05:46.056015+00:00
[2023-09-29T08:05:46.082+0000] {processor.py:179} INFO - Processing /home/ubuntu/airflow_venv/lib/python3.10/site-packages/airflow/example_dags/tutorial.py took 0.088 seconds
[2023-09-29T08:06:24.089+0000] {processor.py:157} INFO - Started process (PID=2005) to work on /home/ubuntu/airflow_venv/lib/python3.10/site-packages/airflow/example_dags/tutorial.py
[2023-09-29T08:06:24.092+0000] {processor.py:829} INFO - Processing file /home/ubuntu/airflow_venv/lib/python3.10/site-packages/airflow/example_dags/tutorial.py for tasks to queue
[2023-09-29T08:06:24.096+0000] {logging_mixin.py:151} INFO - [2023-09-29T08:06:24.096+0000] {dagbag.py:539} INFO - Filling up the DagBag from /home/ubuntu/airflow_venv/lib/python3.10/site-packages/airflow/example_dags/tutorial.py
[2023-09-29T08:06:24.114+0000] {processor.py:839} INFO - DAG(s) dict_keys(['tutorial']) retrieved from /home/ubuntu/airflow_venv/lib/python3.10/site-packages/airflow/example_dags/tutorial.py
[2023-09-29T08:06:24.131+0000] {logging_mixin.py:151} INFO - [2023-09-29T08:06:24.131+0000] {dag.py:2915} INFO - Sync 1 DAGs
[2023-09-29T08:06:24.151+0000] {logging_mixin.py:151} INFO - [2023-09-29T08:06:24.150+0000] {dag.py:3696} INFO - Setting next_dagrun for tutorial to 2023-09-28T08:06:24.150709+00:00, run_after=2023-09-29T08:06:24.150709+00:00
[2023-09-29T08:06:24.172+0000] {processor.py:179} INFO - Processing /home/ubuntu/airflow_venv/lib/python3.10/site-packages/airflow/example_dags/tutorial.py took 0.092 seconds
[2023-09-29T08:07:11.002+0000] {processor.py:157} INFO - Started process (PID=2055) to work on /home/ubuntu/airflow_venv/lib/python3.10/site-packages/airflow/example_dags/tutorial.py
[2023-09-29T08:07:11.004+0000] {processor.py:829} INFO - Processing file /home/ubuntu/airflow_venv/lib/python3.10/site-packages/airflow/example_dags/tutorial.py for tasks to queue
[2023-09-29T08:07:11.004+0000] {logging_mixin.py:151} INFO - [2023-09-29T08:07:11.004+0000] {dagbag.py:539} INFO - Filling up the DagBag from /home/ubuntu/airflow_venv/lib/python3.10/site-packages/airflow/example_dags/tutorial.py
[2023-09-29T08:07:11.012+0000] {processor.py:839} INFO - DAG(s) dict_keys(['tutorial']) retrieved from /home/ubuntu/airflow_venv/lib/python3.10/site-packages/airflow/example_dags/tutorial.py
[2023-09-29T08:07:11.028+0000] {logging_mixin.py:151} INFO - [2023-09-29T08:07:11.028+0000] {dag.py:2915} INFO - Sync 1 DAGs
[2023-09-29T08:07:11.049+0000] {logging_mixin.py:151} INFO - [2023-09-29T08:07:11.049+0000] {dag.py:3696} INFO - Setting next_dagrun for tutorial to 2023-09-28T08:07:11.049030+00:00, run_after=2023-09-29T08:07:11.049030+00:00
[2023-09-29T08:07:11.073+0000] {processor.py:179} INFO - Processing /home/ubuntu/airflow_venv/lib/python3.10/site-packages/airflow/example_dags/tutorial.py took 0.074 seconds
[2023-09-29T08:07:45.196+0000] {processor.py:157} INFO - Started process (PID=2300) to work on /home/ubuntu/airflow_venv/lib/python3.10/site-packages/airflow/example_dags/tutorial.py
[2023-09-29T08:07:45.197+0000] {processor.py:829} INFO - Processing file /home/ubuntu/airflow_venv/lib/python3.10/site-packages/airflow/example_dags/tutorial.py for tasks to queue
[2023-09-29T08:07:45.203+0000] {logging_mixin.py:151} INFO - [2023-09-29T08:07:45.203+0000] {dagbag.py:539} INFO - Filling up the DagBag from /home/ubuntu/airflow_venv/lib/python3.10/site-packages/airflow/example_dags/tutorial.py
[2023-09-29T08:07:45.214+0000] {processor.py:839} INFO - DAG(s) dict_keys(['tutorial']) retrieved from /home/ubuntu/airflow_venv/lib/python3.10/site-packages/airflow/example_dags/tutorial.py
[2023-09-29T08:07:45.232+0000] {logging_mixin.py:151} INFO - [2023-09-29T08:07:45.231+0000] {dag.py:2915} INFO - Sync 1 DAGs
[2023-09-29T08:07:45.251+0000] {logging_mixin.py:151} INFO - [2023-09-29T08:07:45.251+0000] {dag.py:3696} INFO - Setting next_dagrun for tutorial to 2023-09-28T08:07:45.250979+00:00, run_after=2023-09-29T08:07:45.250979+00:00
[2023-09-29T08:07:45.271+0000] {processor.py:179} INFO - Processing /home/ubuntu/airflow_venv/lib/python3.10/site-packages/airflow/example_dags/tutorial.py took 0.078 seconds
[2023-09-29T08:08:18.424+0000] {processor.py:157} INFO - Started process (PID=2335) to work on /home/ubuntu/airflow_venv/lib/python3.10/site-packages/airflow/example_dags/tutorial.py
[2023-09-29T08:08:18.425+0000] {processor.py:829} INFO - Processing file /home/ubuntu/airflow_venv/lib/python3.10/site-packages/airflow/example_dags/tutorial.py for tasks to queue
[2023-09-29T08:08:18.426+0000] {logging_mixin.py:151} INFO - [2023-09-29T08:08:18.426+0000] {dagbag.py:539} INFO - Filling up the DagBag from /home/ubuntu/airflow_venv/lib/python3.10/site-packages/airflow/example_dags/tutorial.py
[2023-09-29T08:08:18.433+0000] {processor.py:839} INFO - DAG(s) dict_keys(['tutorial']) retrieved from /home/ubuntu/airflow_venv/lib/python3.10/site-packages/airflow/example_dags/tutorial.py
[2023-09-29T08:08:18.450+0000] {logging_mixin.py:151} INFO - [2023-09-29T08:08:18.450+0000] {dag.py:2915} INFO - Sync 1 DAGs
[2023-09-29T08:08:18.470+0000] {logging_mixin.py:151} INFO - [2023-09-29T08:08:18.470+0000] {dag.py:3696} INFO - Setting next_dagrun for tutorial to 2023-09-28T08:08:18.470015+00:00, run_after=2023-09-29T08:08:18.470015+00:00
[2023-09-29T08:08:18.495+0000] {processor.py:179} INFO - Processing /home/ubuntu/airflow_venv/lib/python3.10/site-packages/airflow/example_dags/tutorial.py took 0.075 seconds
[2023-09-29T08:08:54.539+0000] {processor.py:157} INFO - Started process (PID=2372) to work on /home/ubuntu/airflow_venv/lib/python3.10/site-packages/airflow/example_dags/tutorial.py
[2023-09-29T08:08:54.540+0000] {processor.py:829} INFO - Processing file /home/ubuntu/airflow_venv/lib/python3.10/site-packages/airflow/example_dags/tutorial.py for tasks to queue
[2023-09-29T08:08:54.540+0000] {logging_mixin.py:151} INFO - [2023-09-29T08:08:54.540+0000] {dagbag.py:539} INFO - Filling up the DagBag from /home/ubuntu/airflow_venv/lib/python3.10/site-packages/airflow/example_dags/tutorial.py
[2023-09-29T08:08:54.549+0000] {processor.py:839} INFO - DAG(s) dict_keys(['tutorial']) retrieved from /home/ubuntu/airflow_venv/lib/python3.10/site-packages/airflow/example_dags/tutorial.py
[2023-09-29T08:08:54.564+0000] {logging_mixin.py:151} INFO - [2023-09-29T08:08:54.564+0000] {dag.py:2915} INFO - Sync 1 DAGs
[2023-09-29T08:08:54.583+0000] {logging_mixin.py:151} INFO - [2023-09-29T08:08:54.583+0000] {dag.py:3696} INFO - Setting next_dagrun for tutorial to 2023-09-28T08:08:54.582961+00:00, run_after=2023-09-29T08:08:54.582961+00:00
[2023-09-29T08:08:54.603+0000] {processor.py:179} INFO - Processing /home/ubuntu/airflow_venv/lib/python3.10/site-packages/airflow/example_dags/tutorial.py took 0.068 seconds
[2023-09-29T08:09:30.955+0000] {processor.py:157} INFO - Started process (PID=2607) to work on /home/ubuntu/airflow_venv/lib/python3.10/site-packages/airflow/example_dags/tutorial.py
[2023-09-29T08:09:30.960+0000] {processor.py:829} INFO - Processing file /home/ubuntu/airflow_venv/lib/python3.10/site-packages/airflow/example_dags/tutorial.py for tasks to queue
[2023-09-29T08:09:30.961+0000] {logging_mixin.py:151} INFO - [2023-09-29T08:09:30.961+0000] {dagbag.py:539} INFO - Filling up the DagBag from /home/ubuntu/airflow_venv/lib/python3.10/site-packages/airflow/example_dags/tutorial.py
[2023-09-29T08:09:31.000+0000] {processor.py:839} INFO - DAG(s) dict_keys(['tutorial']) retrieved from /home/ubuntu/airflow_venv/lib/python3.10/site-packages/airflow/example_dags/tutorial.py
[2023-09-29T08:09:31.074+0000] {logging_mixin.py:151} INFO - [2023-09-29T08:09:31.073+0000] {dag.py:2915} INFO - Sync 1 DAGs
[2023-09-29T08:09:31.186+0000] {logging_mixin.py:151} INFO - [2023-09-29T08:09:31.185+0000] {dag.py:3696} INFO - Setting next_dagrun for tutorial to 2023-09-28T08:09:31.184571+00:00, run_after=2023-09-29T08:09:31.184571+00:00
[2023-09-29T08:09:31.248+0000] {processor.py:179} INFO - Processing /home/ubuntu/airflow_venv/lib/python3.10/site-packages/airflow/example_dags/tutorial.py took 0.299 seconds
