[2023-09-28T09:26:24.134+0000] {processor.py:157} INFO - Started process (PID=51038) to work on /home/ubuntu/airflow/dags/weather_dag.py
[2023-09-28T09:26:24.135+0000] {processor.py:829} INFO - Processing file /home/ubuntu/airflow/dags/weather_dag.py for tasks to queue
[2023-09-28T09:26:24.136+0000] {logging_mixin.py:151} INFO - [2023-09-28T09:26:24.135+0000] {dagbag.py:539} INFO - Filling up the DagBag from /home/ubuntu/airflow/dags/weather_dag.py
[2023-09-28T09:26:24.167+0000] {processor.py:839} INFO - DAG(s) dict_keys(['weather_dag']) retrieved from /home/ubuntu/airflow/dags/weather_dag.py
[2023-09-28T09:26:24.184+0000] {logging_mixin.py:151} INFO - [2023-09-28T09:26:24.183+0000] {dag.py:2915} INFO - Sync 1 DAGs
[2023-09-28T09:26:24.215+0000] {logging_mixin.py:151} INFO - [2023-09-28T09:26:24.215+0000] {dag.py:3696} INFO - Setting next_dagrun for weather_dag to 2023-09-27T00:00:00+00:00, run_after=2023-09-28T00:00:00+00:00
[2023-09-28T09:26:24.243+0000] {processor.py:179} INFO - Processing /home/ubuntu/airflow/dags/weather_dag.py took 0.113 seconds
[2023-09-28T09:27:51.958+0000] {processor.py:157} INFO - Started process (PID=51113) to work on /home/ubuntu/airflow/dags/weather_dag.py
[2023-09-28T09:27:51.960+0000] {processor.py:829} INFO - Processing file /home/ubuntu/airflow/dags/weather_dag.py for tasks to queue
[2023-09-28T09:27:51.961+0000] {logging_mixin.py:151} INFO - [2023-09-28T09:27:51.960+0000] {dagbag.py:539} INFO - Filling up the DagBag from /home/ubuntu/airflow/dags/weather_dag.py
[2023-09-28T09:27:51.984+0000] {processor.py:839} INFO - DAG(s) dict_keys(['weather_dag']) retrieved from /home/ubuntu/airflow/dags/weather_dag.py
[2023-09-28T09:27:52.003+0000] {logging_mixin.py:151} INFO - [2023-09-28T09:27:52.003+0000] {dag.py:2915} INFO - Sync 1 DAGs
[2023-09-28T09:27:52.033+0000] {logging_mixin.py:151} INFO - [2023-09-28T09:27:52.033+0000] {dag.py:3696} INFO - Setting next_dagrun for weather_dag to 2023-09-28T00:00:00+00:00, run_after=2023-09-29T00:00:00+00:00
[2023-09-28T09:27:52.061+0000] {processor.py:179} INFO - Processing /home/ubuntu/airflow/dags/weather_dag.py took 0.106 seconds
[2023-09-28T10:46:52.734+0000] {processor.py:157} INFO - Started process (PID=1221) to work on /home/ubuntu/airflow/dags/weather_dag.py
[2023-09-28T10:46:52.735+0000] {processor.py:829} INFO - Processing file /home/ubuntu/airflow/dags/weather_dag.py for tasks to queue
[2023-09-28T10:46:52.737+0000] {logging_mixin.py:151} INFO - [2023-09-28T10:46:52.736+0000] {dagbag.py:539} INFO - Filling up the DagBag from /home/ubuntu/airflow/dags/weather_dag.py
[2023-09-28T10:46:52.760+0000] {processor.py:839} INFO - DAG(s) dict_keys(['weather_dag']) retrieved from /home/ubuntu/airflow/dags/weather_dag.py
[2023-09-28T10:46:52.771+0000] {logging_mixin.py:151} INFO - [2023-09-28T10:46:52.771+0000] {dag.py:2915} INFO - Sync 1 DAGs
[2023-09-28T10:46:52.811+0000] {logging_mixin.py:151} INFO - [2023-09-28T10:46:52.811+0000] {dag.py:3696} INFO - Setting next_dagrun for weather_dag to 2023-09-28T00:00:00+00:00, run_after=2023-09-29T00:00:00+00:00
[2023-09-28T10:46:52.852+0000] {processor.py:179} INFO - Processing /home/ubuntu/airflow/dags/weather_dag.py took 0.122 seconds
[2023-09-28T10:47:43.121+0000] {processor.py:157} INFO - Started process (PID=1488) to work on /home/ubuntu/airflow/dags/weather_dag.py
[2023-09-28T10:47:43.122+0000] {processor.py:829} INFO - Processing file /home/ubuntu/airflow/dags/weather_dag.py for tasks to queue
[2023-09-28T10:47:43.123+0000] {logging_mixin.py:151} INFO - [2023-09-28T10:47:43.122+0000] {dagbag.py:539} INFO - Filling up the DagBag from /home/ubuntu/airflow/dags/weather_dag.py
[2023-09-28T10:47:43.134+0000] {processor.py:839} INFO - DAG(s) dict_keys(['weather_dag']) retrieved from /home/ubuntu/airflow/dags/weather_dag.py
[2023-09-28T10:47:43.150+0000] {logging_mixin.py:151} INFO - [2023-09-28T10:47:43.149+0000] {dag.py:2915} INFO - Sync 1 DAGs
[2023-09-28T10:47:43.172+0000] {logging_mixin.py:151} INFO - [2023-09-28T10:47:43.171+0000] {dag.py:3696} INFO - Setting next_dagrun for weather_dag to 2023-09-28T00:00:00+00:00, run_after=2023-09-29T00:00:00+00:00
[2023-09-28T10:47:43.193+0000] {processor.py:179} INFO - Processing /home/ubuntu/airflow/dags/weather_dag.py took 0.075 seconds
[2023-09-28T10:48:25.691+0000] {processor.py:157} INFO - Started process (PID=1527) to work on /home/ubuntu/airflow/dags/weather_dag.py
[2023-09-28T10:48:25.692+0000] {processor.py:829} INFO - Processing file /home/ubuntu/airflow/dags/weather_dag.py for tasks to queue
[2023-09-28T10:48:25.693+0000] {logging_mixin.py:151} INFO - [2023-09-28T10:48:25.693+0000] {dagbag.py:539} INFO - Filling up the DagBag from /home/ubuntu/airflow/dags/weather_dag.py
[2023-09-28T10:48:25.703+0000] {processor.py:839} INFO - DAG(s) dict_keys(['weather_dag']) retrieved from /home/ubuntu/airflow/dags/weather_dag.py
[2023-09-28T10:48:25.717+0000] {logging_mixin.py:151} INFO - [2023-09-28T10:48:25.717+0000] {dag.py:2915} INFO - Sync 1 DAGs
[2023-09-28T10:48:25.885+0000] {logging_mixin.py:151} INFO - [2023-09-28T10:48:25.884+0000] {dag.py:3696} INFO - Setting next_dagrun for weather_dag to 2023-09-28T00:00:00+00:00, run_after=2023-09-29T00:00:00+00:00
[2023-09-28T10:48:25.904+0000] {processor.py:179} INFO - Processing /home/ubuntu/airflow/dags/weather_dag.py took 0.215 seconds
[2023-09-28T10:49:18.552+0000] {processor.py:157} INFO - Started process (PID=1574) to work on /home/ubuntu/airflow/dags/weather_dag.py
[2023-09-28T10:49:18.554+0000] {processor.py:829} INFO - Processing file /home/ubuntu/airflow/dags/weather_dag.py for tasks to queue
[2023-09-28T10:49:18.555+0000] {logging_mixin.py:151} INFO - [2023-09-28T10:49:18.554+0000] {dagbag.py:539} INFO - Filling up the DagBag from /home/ubuntu/airflow/dags/weather_dag.py
[2023-09-28T10:49:18.566+0000] {processor.py:839} INFO - DAG(s) dict_keys(['weather_dag']) retrieved from /home/ubuntu/airflow/dags/weather_dag.py
[2023-09-28T10:49:18.728+0000] {logging_mixin.py:151} INFO - [2023-09-28T10:49:18.728+0000] {dag.py:2915} INFO - Sync 1 DAGs
[2023-09-28T10:49:18.755+0000] {logging_mixin.py:151} INFO - [2023-09-28T10:49:18.755+0000] {dag.py:3696} INFO - Setting next_dagrun for weather_dag to 2023-09-28T00:00:00+00:00, run_after=2023-09-29T00:00:00+00:00
[2023-09-28T10:49:18.774+0000] {processor.py:179} INFO - Processing /home/ubuntu/airflow/dags/weather_dag.py took 0.227 seconds
[2023-09-28T11:05:18.909+0000] {processor.py:157} INFO - Started process (PID=2162) to work on /home/ubuntu/airflow/dags/weather_dag.py
[2023-09-28T11:05:18.910+0000] {processor.py:829} INFO - Processing file /home/ubuntu/airflow/dags/weather_dag.py for tasks to queue
[2023-09-28T11:05:18.912+0000] {logging_mixin.py:151} INFO - [2023-09-28T11:05:18.911+0000] {dagbag.py:539} INFO - Filling up the DagBag from /home/ubuntu/airflow/dags/weather_dag.py
[2023-09-28T11:05:18.972+0000] {processor.py:839} INFO - DAG(s) dict_keys(['weather_dag']) retrieved from /home/ubuntu/airflow/dags/weather_dag.py
[2023-09-28T11:05:19.006+0000] {logging_mixin.py:151} INFO - [2023-09-28T11:05:19.006+0000] {dag.py:2915} INFO - Sync 1 DAGs
[2023-09-28T11:05:19.029+0000] {logging_mixin.py:151} INFO - [2023-09-28T11:05:19.029+0000] {dag.py:3696} INFO - Setting next_dagrun for weather_dag to 2023-09-28T00:00:00+00:00, run_after=2023-09-29T00:00:00+00:00
[2023-09-28T11:05:19.054+0000] {processor.py:179} INFO - Processing /home/ubuntu/airflow/dags/weather_dag.py took 0.149 seconds
[2023-09-28T11:06:07.871+0000] {processor.py:157} INFO - Started process (PID=2213) to work on /home/ubuntu/airflow/dags/weather_dag.py
[2023-09-28T11:06:07.872+0000] {processor.py:829} INFO - Processing file /home/ubuntu/airflow/dags/weather_dag.py for tasks to queue
[2023-09-28T11:06:07.873+0000] {logging_mixin.py:151} INFO - [2023-09-28T11:06:07.873+0000] {dagbag.py:539} INFO - Filling up the DagBag from /home/ubuntu/airflow/dags/weather_dag.py
[2023-09-28T11:06:07.883+0000] {processor.py:839} INFO - DAG(s) dict_keys(['weather_dag']) retrieved from /home/ubuntu/airflow/dags/weather_dag.py
[2023-09-28T11:06:07.906+0000] {logging_mixin.py:151} INFO - [2023-09-28T11:06:07.906+0000] {dag.py:2915} INFO - Sync 1 DAGs
[2023-09-28T11:06:07.934+0000] {logging_mixin.py:151} INFO - [2023-09-28T11:06:07.933+0000] {dag.py:3696} INFO - Setting next_dagrun for weather_dag to 2023-09-28T00:00:00+00:00, run_after=2023-09-29T00:00:00+00:00
[2023-09-28T11:06:07.959+0000] {processor.py:179} INFO - Processing /home/ubuntu/airflow/dags/weather_dag.py took 0.091 seconds
[2023-09-28T15:00:24.933+0000] {processor.py:157} INFO - Started process (PID=1773) to work on /home/ubuntu/airflow/dags/weather_dag.py
[2023-09-28T15:00:24.934+0000] {processor.py:829} INFO - Processing file /home/ubuntu/airflow/dags/weather_dag.py for tasks to queue
[2023-09-28T15:00:24.935+0000] {logging_mixin.py:151} INFO - [2023-09-28T15:00:24.935+0000] {dagbag.py:539} INFO - Filling up the DagBag from /home/ubuntu/airflow/dags/weather_dag.py
[2023-09-28T15:00:24.955+0000] {processor.py:839} INFO - DAG(s) dict_keys(['weather_dag']) retrieved from /home/ubuntu/airflow/dags/weather_dag.py
[2023-09-28T15:00:24.964+0000] {logging_mixin.py:151} INFO - [2023-09-28T15:00:24.963+0000] {dag.py:2915} INFO - Sync 1 DAGs
[2023-09-28T15:00:24.996+0000] {logging_mixin.py:151} INFO - [2023-09-28T15:00:24.996+0000] {dag.py:3696} INFO - Setting next_dagrun for weather_dag to 2023-09-28T00:00:00+00:00, run_after=2023-09-29T00:00:00+00:00
[2023-09-28T15:00:25.022+0000] {processor.py:179} INFO - Processing /home/ubuntu/airflow/dags/weather_dag.py took 0.093 seconds
[2023-09-28T15:01:12.414+0000] {processor.py:157} INFO - Started process (PID=1826) to work on /home/ubuntu/airflow/dags/weather_dag.py
[2023-09-28T15:01:12.420+0000] {processor.py:829} INFO - Processing file /home/ubuntu/airflow/dags/weather_dag.py for tasks to queue
[2023-09-28T15:01:12.420+0000] {logging_mixin.py:151} INFO - [2023-09-28T15:01:12.420+0000] {dagbag.py:539} INFO - Filling up the DagBag from /home/ubuntu/airflow/dags/weather_dag.py
[2023-09-28T15:01:12.438+0000] {processor.py:839} INFO - DAG(s) dict_keys(['weather_dag']) retrieved from /home/ubuntu/airflow/dags/weather_dag.py
[2023-09-28T15:01:12.452+0000] {logging_mixin.py:151} INFO - [2023-09-28T15:01:12.452+0000] {dag.py:2915} INFO - Sync 1 DAGs
[2023-09-28T15:01:12.474+0000] {logging_mixin.py:151} INFO - [2023-09-28T15:01:12.473+0000] {dag.py:3696} INFO - Setting next_dagrun for weather_dag to 2023-09-28T00:00:00+00:00, run_after=2023-09-29T00:00:00+00:00
[2023-09-28T15:01:12.493+0000] {processor.py:179} INFO - Processing /home/ubuntu/airflow/dags/weather_dag.py took 0.094 seconds
[2023-09-28T15:01:52.839+0000] {processor.py:157} INFO - Started process (PID=1863) to work on /home/ubuntu/airflow/dags/weather_dag.py
[2023-09-28T15:01:52.840+0000] {processor.py:829} INFO - Processing file /home/ubuntu/airflow/dags/weather_dag.py for tasks to queue
[2023-09-28T15:01:52.841+0000] {logging_mixin.py:151} INFO - [2023-09-28T15:01:52.841+0000] {dagbag.py:539} INFO - Filling up the DagBag from /home/ubuntu/airflow/dags/weather_dag.py
[2023-09-28T15:01:52.850+0000] {processor.py:839} INFO - DAG(s) dict_keys(['weather_dag']) retrieved from /home/ubuntu/airflow/dags/weather_dag.py
[2023-09-28T15:01:52.864+0000] {logging_mixin.py:151} INFO - [2023-09-28T15:01:52.864+0000] {dag.py:2915} INFO - Sync 1 DAGs
[2023-09-28T15:01:53.029+0000] {logging_mixin.py:151} INFO - [2023-09-28T15:01:53.029+0000] {dag.py:3696} INFO - Setting next_dagrun for weather_dag to 2023-09-28T00:00:00+00:00, run_after=2023-09-29T00:00:00+00:00
[2023-09-28T15:01:53.048+0000] {processor.py:179} INFO - Processing /home/ubuntu/airflow/dags/weather_dag.py took 0.212 seconds
[2023-09-28T15:17:27.760+0000] {processor.py:157} INFO - Started process (PID=2999) to work on /home/ubuntu/airflow/dags/weather_dag.py
[2023-09-28T15:17:27.813+0000] {processor.py:829} INFO - Processing file /home/ubuntu/airflow/dags/weather_dag.py for tasks to queue
[2023-09-28T15:17:27.841+0000] {logging_mixin.py:151} INFO - [2023-09-28T15:17:27.815+0000] {dagbag.py:539} INFO - Filling up the DagBag from /home/ubuntu/airflow/dags/weather_dag.py
[2023-09-28T15:17:27.982+0000] {processor.py:839} INFO - DAG(s) dict_keys(['weather_dag']) retrieved from /home/ubuntu/airflow/dags/weather_dag.py
[2023-09-28T15:17:28.047+0000] {logging_mixin.py:151} INFO - [2023-09-28T15:17:28.046+0000] {dag.py:2915} INFO - Sync 1 DAGs
[2023-09-28T15:17:28.077+0000] {logging_mixin.py:151} INFO - [2023-09-28T15:17:28.076+0000] {dag.py:3696} INFO - Setting next_dagrun for weather_dag to 2023-09-28T00:00:00+00:00, run_after=2023-09-29T00:00:00+00:00
[2023-09-28T15:17:28.107+0000] {processor.py:179} INFO - Processing /home/ubuntu/airflow/dags/weather_dag.py took 0.358 seconds
[2023-09-28T15:18:16.649+0000] {processor.py:157} INFO - Started process (PID=3246) to work on /home/ubuntu/airflow/dags/weather_dag.py
[2023-09-28T15:18:16.651+0000] {processor.py:829} INFO - Processing file /home/ubuntu/airflow/dags/weather_dag.py for tasks to queue
[2023-09-28T15:18:16.652+0000] {logging_mixin.py:151} INFO - [2023-09-28T15:18:16.652+0000] {dagbag.py:539} INFO - Filling up the DagBag from /home/ubuntu/airflow/dags/weather_dag.py
[2023-09-28T15:18:16.668+0000] {processor.py:839} INFO - DAG(s) dict_keys(['weather_dag']) retrieved from /home/ubuntu/airflow/dags/weather_dag.py
[2023-09-28T15:18:16.693+0000] {logging_mixin.py:151} INFO - [2023-09-28T15:18:16.693+0000] {dag.py:2915} INFO - Sync 1 DAGs
[2023-09-28T15:18:16.731+0000] {logging_mixin.py:151} INFO - [2023-09-28T15:18:16.730+0000] {dag.py:3696} INFO - Setting next_dagrun for weather_dag to 2023-09-28T00:00:00+00:00, run_after=2023-09-29T00:00:00+00:00
[2023-09-28T15:18:16.754+0000] {processor.py:179} INFO - Processing /home/ubuntu/airflow/dags/weather_dag.py took 0.111 seconds
[2023-09-28T15:23:28.609+0000] {processor.py:157} INFO - Started process (PID=3408) to work on /home/ubuntu/airflow/dags/weather_dag.py
[2023-09-28T15:23:28.610+0000] {processor.py:829} INFO - Processing file /home/ubuntu/airflow/dags/weather_dag.py for tasks to queue
[2023-09-28T15:23:28.611+0000] {logging_mixin.py:151} INFO - [2023-09-28T15:23:28.611+0000] {dagbag.py:539} INFO - Filling up the DagBag from /home/ubuntu/airflow/dags/weather_dag.py
[2023-09-28T15:23:28.625+0000] {processor.py:839} INFO - DAG(s) dict_keys(['weather_dag']) retrieved from /home/ubuntu/airflow/dags/weather_dag.py
[2023-09-28T15:23:28.632+0000] {logging_mixin.py:151} INFO - [2023-09-28T15:23:28.632+0000] {dag.py:2915} INFO - Sync 1 DAGs
[2023-09-28T15:23:28.653+0000] {logging_mixin.py:151} INFO - [2023-09-28T15:23:28.653+0000] {dag.py:3696} INFO - Setting next_dagrun for weather_dag to 2023-09-28T00:00:00+00:00, run_after=2023-09-29T00:00:00+00:00
[2023-09-28T15:23:28.672+0000] {processor.py:179} INFO - Processing /home/ubuntu/airflow/dags/weather_dag.py took 0.065 seconds
[2023-09-28T15:24:15.948+0000] {processor.py:157} INFO - Started process (PID=3461) to work on /home/ubuntu/airflow/dags/weather_dag.py
[2023-09-28T15:24:15.950+0000] {processor.py:829} INFO - Processing file /home/ubuntu/airflow/dags/weather_dag.py for tasks to queue
[2023-09-28T15:24:15.951+0000] {logging_mixin.py:151} INFO - [2023-09-28T15:24:15.950+0000] {dagbag.py:539} INFO - Filling up the DagBag from /home/ubuntu/airflow/dags/weather_dag.py
[2023-09-28T15:24:15.960+0000] {processor.py:839} INFO - DAG(s) dict_keys(['weather_dag']) retrieved from /home/ubuntu/airflow/dags/weather_dag.py
[2023-09-28T15:24:15.979+0000] {logging_mixin.py:151} INFO - [2023-09-28T15:24:15.979+0000] {dag.py:2915} INFO - Sync 1 DAGs
[2023-09-28T15:24:16.001+0000] {logging_mixin.py:151} INFO - [2023-09-28T15:24:16.001+0000] {dag.py:3696} INFO - Setting next_dagrun for weather_dag to 2023-09-28T00:00:00+00:00, run_after=2023-09-29T00:00:00+00:00
[2023-09-28T15:24:16.020+0000] {processor.py:179} INFO - Processing /home/ubuntu/airflow/dags/weather_dag.py took 0.074 seconds
[2023-09-28T15:24:54.073+0000] {processor.py:157} INFO - Started process (PID=3496) to work on /home/ubuntu/airflow/dags/weather_dag.py
[2023-09-28T15:24:54.074+0000] {processor.py:829} INFO - Processing file /home/ubuntu/airflow/dags/weather_dag.py for tasks to queue
[2023-09-28T15:24:54.075+0000] {logging_mixin.py:151} INFO - [2023-09-28T15:24:54.075+0000] {dagbag.py:539} INFO - Filling up the DagBag from /home/ubuntu/airflow/dags/weather_dag.py
[2023-09-28T15:24:54.085+0000] {processor.py:839} INFO - DAG(s) dict_keys(['weather_dag']) retrieved from /home/ubuntu/airflow/dags/weather_dag.py
[2023-09-28T15:24:54.101+0000] {logging_mixin.py:151} INFO - [2023-09-28T15:24:54.100+0000] {dag.py:2915} INFO - Sync 1 DAGs
[2023-09-28T15:24:54.137+0000] {logging_mixin.py:151} INFO - [2023-09-28T15:24:54.137+0000] {dag.py:3696} INFO - Setting next_dagrun for weather_dag to 2023-09-28T00:00:00+00:00, run_after=2023-09-29T00:00:00+00:00
[2023-09-28T15:24:54.314+0000] {processor.py:179} INFO - Processing /home/ubuntu/airflow/dags/weather_dag.py took 0.244 seconds
[2023-09-28T15:25:41.100+0000] {processor.py:157} INFO - Started process (PID=3564) to work on /home/ubuntu/airflow/dags/weather_dag.py
[2023-09-28T15:25:41.102+0000] {processor.py:829} INFO - Processing file /home/ubuntu/airflow/dags/weather_dag.py for tasks to queue
[2023-09-28T15:25:41.103+0000] {logging_mixin.py:151} INFO - [2023-09-28T15:25:41.103+0000] {dagbag.py:539} INFO - Filling up the DagBag from /home/ubuntu/airflow/dags/weather_dag.py
[2023-09-28T15:25:41.115+0000] {processor.py:839} INFO - DAG(s) dict_keys(['weather_dag']) retrieved from /home/ubuntu/airflow/dags/weather_dag.py
[2023-09-28T15:25:41.135+0000] {logging_mixin.py:151} INFO - [2023-09-28T15:25:41.135+0000] {dag.py:2915} INFO - Sync 1 DAGs
[2023-09-28T15:25:41.299+0000] {logging_mixin.py:151} INFO - [2023-09-28T15:25:41.298+0000] {dag.py:3696} INFO - Setting next_dagrun for weather_dag to 2023-09-28T00:00:00+00:00, run_after=2023-09-29T00:00:00+00:00
[2023-09-28T15:25:41.321+0000] {processor.py:179} INFO - Processing /home/ubuntu/airflow/dags/weather_dag.py took 0.224 seconds
[2023-09-28T15:33:55.509+0000] {processor.py:157} INFO - Started process (PID=3814) to work on /home/ubuntu/airflow/dags/weather_dag.py
[2023-09-28T15:33:55.518+0000] {processor.py:829} INFO - Processing file /home/ubuntu/airflow/dags/weather_dag.py for tasks to queue
[2023-09-28T15:33:55.522+0000] {logging_mixin.py:151} INFO - [2023-09-28T15:33:55.519+0000] {dagbag.py:539} INFO - Filling up the DagBag from /home/ubuntu/airflow/dags/weather_dag.py
[2023-09-28T15:33:55.547+0000] {processor.py:839} INFO - DAG(s) dict_keys(['weather_dag']) retrieved from /home/ubuntu/airflow/dags/weather_dag.py
[2023-09-28T15:34:08.453+0000] {logging_mixin.py:151} INFO - [2023-09-28T15:34:04.875+0000] {dag.py:2915} INFO - Sync 1 DAGs
[2023-09-28T15:36:07.108+0000] {logging_mixin.py:151} INFO - [2023-09-28T15:36:07.053+0000] {dag.py:3696} INFO - Setting next_dagrun for weather_dag to 2023-09-28T00:00:00+00:00, run_after=2023-09-29T00:00:00+00:00
[2023-09-28T15:36:07.483+0000] {processor.py:179} INFO - Processing /home/ubuntu/airflow/dags/weather_dag.py took 131.983 seconds
